2022-09-16 06:52:41
20220916 075032.107 INFO             PET0 !!!!!!!!!!!!!!!!!!!!!!!!!!!!!!!!!!!!!!!!!!!!!!!!!!!!!!
20220916 075032.107 INFO             PET0 !!! THE ESMF_LOG IS SET TO OUTPUT ALL LOG MESSAGES !!!
20220916 075032.107 INFO             PET0 !!!     THIS MAY CAUSE SLOWDOWN IN PERFORMANCE     !!!
20220916 075032.107 INFO             PET0 !!! FOR PRODUCTION RUNS, USE:                      !!!
20220916 075032.107 INFO             PET0 !!!                   ESMF_LOGKIND_Multi_On_Error  !!!
20220916 075032.107 INFO             PET0 !!!!!!!!!!!!!!!!!!!!!!!!!!!!!!!!!!!!!!!!!!!!!!!!!!!!!!
20220916 075032.107 INFO             PET0 Running with ESMF Version   : v8.3.1b05-3-gfc7bbb169a
20220916 075032.107 INFO             PET0 ESMF library build date/time: "Sep 16 2022" "06:47:29"
20220916 075032.107 INFO             PET0 ESMF library build location : /glade/scratch/dunlap/esmf-testing/intel_18.0.5_openmpi_O_patch_8.3.1/esmf
20220916 075032.107 INFO             PET0 ESMF_COMM                   : openmpi
20220916 075032.107 INFO             PET0 ESMF_MOAB                   : enabled
20220916 075032.107 INFO             PET0 ESMF_LAPACK                 : enabled
20220916 075032.107 INFO             PET0 ESMF_NETCDF                 : enabled
20220916 075032.108 INFO             PET0 ESMF_PNETCDF                : disabled
20220916 075032.108 INFO             PET0 ESMF_PIO                    : enabled
20220916 075032.108 INFO             PET0 ESMF_YAMLCPP                : enabled
20220916 075032.109 INFO             PET0  NUMBER_OF_PROCESSORS           4
20220916 075032.109 INFO             PET0  PASS  Example ESMF_VMScatterVMGatherEx, ESMF_VMScatterVMGatherEx.F90, line 120
20220916 075032.109 INFO             PET0 Finalizing ESMF
20220916 075032.108 INFO             PET1 !!!!!!!!!!!!!!!!!!!!!!!!!!!!!!!!!!!!!!!!!!!!!!!!!!!!!!
20220916 075032.108 INFO             PET1 !!! THE ESMF_LOG IS SET TO OUTPUT ALL LOG MESSAGES !!!
20220916 075032.108 INFO             PET1 !!!     THIS MAY CAUSE SLOWDOWN IN PERFORMANCE     !!!
20220916 075032.108 INFO             PET1 !!! FOR PRODUCTION RUNS, USE:                      !!!
20220916 075032.108 INFO             PET1 !!!                   ESMF_LOGKIND_Multi_On_Error  !!!
20220916 075032.108 INFO             PET1 !!!!!!!!!!!!!!!!!!!!!!!!!!!!!!!!!!!!!!!!!!!!!!!!!!!!!!
20220916 075032.108 INFO             PET1 Running with ESMF Version   : v8.3.1b05-3-gfc7bbb169a
20220916 075032.108 INFO             PET1 ESMF library build date/time: "Sep 16 2022" "06:47:29"
20220916 075032.108 INFO             PET1 ESMF library build location : /glade/scratch/dunlap/esmf-testing/intel_18.0.5_openmpi_O_patch_8.3.1/esmf
20220916 075032.108 INFO             PET1 ESMF_COMM                   : openmpi
20220916 075032.108 INFO             PET1 ESMF_MOAB                   : enabled
20220916 075032.108 INFO             PET1 ESMF_LAPACK                 : enabled
20220916 075032.108 INFO             PET1 ESMF_NETCDF                 : enabled
20220916 075032.108 INFO             PET1 ESMF_PNETCDF                : disabled
20220916 075032.108 INFO             PET1 ESMF_PIO                    : enabled
20220916 075032.108 INFO             PET1 ESMF_YAMLCPP                : enabled
20220916 075032.109 INFO             PET1  NUMBER_OF_PROCESSORS           4
20220916 075032.109 INFO             PET1  PASS  Example ESMF_VMScatterVMGatherEx, ESMF_VMScatterVMGatherEx.F90, line 120
20220916 075032.109 INFO             PET1 Finalizing ESMF
20220916 075032.107 INFO             PET2 !!!!!!!!!!!!!!!!!!!!!!!!!!!!!!!!!!!!!!!!!!!!!!!!!!!!!!
20220916 075032.107 INFO             PET2 !!! THE ESMF_LOG IS SET TO OUTPUT ALL LOG MESSAGES !!!
20220916 075032.107 INFO             PET2 !!!     THIS MAY CAUSE SLOWDOWN IN PERFORMANCE     !!!
20220916 075032.107 INFO             PET2 !!! FOR PRODUCTION RUNS, USE:                      !!!
20220916 075032.107 INFO             PET2 !!!                   ESMF_LOGKIND_Multi_On_Error  !!!
20220916 075032.107 INFO             PET2 !!!!!!!!!!!!!!!!!!!!!!!!!!!!!!!!!!!!!!!!!!!!!!!!!!!!!!
20220916 075032.107 INFO             PET2 Running with ESMF Version   : v8.3.1b05-3-gfc7bbb169a
20220916 075032.107 INFO             PET2 ESMF library build date/time: "Sep 16 2022" "06:47:29"
20220916 075032.107 INFO             PET2 ESMF library build location : /glade/scratch/dunlap/esmf-testing/intel_18.0.5_openmpi_O_patch_8.3.1/esmf
20220916 075032.107 INFO             PET2 ESMF_COMM                   : openmpi
20220916 075032.107 INFO             PET2 ESMF_MOAB                   : enabled
20220916 075032.107 INFO             PET2 ESMF_LAPACK                 : enabled
20220916 075032.107 INFO             PET2 ESMF_NETCDF                 : enabled
20220916 075032.107 INFO             PET2 ESMF_PNETCDF                : disabled
20220916 075032.107 INFO             PET2 ESMF_PIO                    : enabled
20220916 075032.107 INFO             PET2 ESMF_YAMLCPP                : enabled
20220916 075032.109 INFO             PET2  NUMBER_OF_PROCESSORS           4
20220916 075032.109 INFO             PET2  PASS  Example ESMF_VMScatterVMGatherEx, ESMF_VMScatterVMGatherEx.F90, line 120
20220916 075032.109 INFO             PET2 Finalizing ESMF
20220916 075032.108 INFO             PET3 !!!!!!!!!!!!!!!!!!!!!!!!!!!!!!!!!!!!!!!!!!!!!!!!!!!!!!
20220916 075032.108 INFO             PET3 !!! THE ESMF_LOG IS SET TO OUTPUT ALL LOG MESSAGES !!!
20220916 075032.108 INFO             PET3 !!!     THIS MAY CAUSE SLOWDOWN IN PERFORMANCE     !!!
20220916 075032.108 INFO             PET3 !!! FOR PRODUCTION RUNS, USE:                      !!!
20220916 075032.108 INFO             PET3 !!!                   ESMF_LOGKIND_Multi_On_Error  !!!
20220916 075032.108 INFO             PET3 !!!!!!!!!!!!!!!!!!!!!!!!!!!!!!!!!!!!!!!!!!!!!!!!!!!!!!
20220916 075032.108 INFO             PET3 Running with ESMF Version   : v8.3.1b05-3-gfc7bbb169a
20220916 075032.108 INFO             PET3 ESMF library build date/time: "Sep 16 2022" "06:47:29"
20220916 075032.108 INFO             PET3 ESMF library build location : /glade/scratch/dunlap/esmf-testing/intel_18.0.5_openmpi_O_patch_8.3.1/esmf
20220916 075032.108 INFO             PET3 ESMF_COMM                   : openmpi
20220916 075032.108 INFO             PET3 ESMF_MOAB                   : enabled
20220916 075032.108 INFO             PET3 ESMF_LAPACK                 : enabled
20220916 075032.108 INFO             PET3 ESMF_NETCDF                 : enabled
20220916 075032.108 INFO             PET3 ESMF_PNETCDF                : disabled
20220916 075032.108 INFO             PET3 ESMF_PIO                    : enabled
20220916 075032.108 INFO             PET3 ESMF_YAMLCPP                : enabled
20220916 075032.109 INFO             PET3  NUMBER_OF_PROCESSORS           4
20220916 075032.109 INFO             PET3  PASS  Example ESMF_VMScatterVMGatherEx, ESMF_VMScatterVMGatherEx.F90, line 120
20220916 075032.109 INFO             PET3 Finalizing ESMF
