2022-07-31 02:28:57
20220731 030116.718 INFO             PET0 !!!!!!!!!!!!!!!!!!!!!!!!!!!!!!!!!!!!!!!!!!!!!!!!!!!!!!
20220731 030116.718 INFO             PET0 !!! THE ESMF_LOG IS SET TO OUTPUT ALL LOG MESSAGES !!!
20220731 030116.718 INFO             PET0 !!!     THIS MAY CAUSE SLOWDOWN IN PERFORMANCE     !!!
20220731 030116.718 INFO             PET0 !!! FOR PRODUCTION RUNS, USE:                      !!!
20220731 030116.718 INFO             PET0 !!!                   ESMF_LOGKIND_Multi_On_Error  !!!
20220731 030116.718 INFO             PET0 !!!!!!!!!!!!!!!!!!!!!!!!!!!!!!!!!!!!!!!!!!!!!!!!!!!!!!
20220731 030116.718 INFO             PET0 Running with ESMF Version   : v8.4.0b08
20220731 030116.718 INFO             PET0 ESMF library build date/time: "Jul 31 2022" "02:26:02"
20220731 030116.718 INFO             PET0 ESMF library build location : /glade/scratch/dunlap/esmf-testing/gfortran_7.4.0_openmpi_g_develop/esmf
20220731 030116.718 INFO             PET0 ESMF_COMM                   : openmpi
20220731 030116.718 INFO             PET0 ESMF_MOAB                   : enabled
20220731 030116.718 INFO             PET0 ESMF_LAPACK                 : enabled
20220731 030116.718 INFO             PET0 ESMF_NETCDF                 : enabled
20220731 030116.718 INFO             PET0 ESMF_PNETCDF                : disabled
20220731 030116.718 INFO             PET0 ESMF_PIO                    : enabled
20220731 030116.718 INFO             PET0 ESMF_YAMLCPP                : enabled
20220731 030116.719 INFO             PET0  NUMBER_OF_PROCESSORS           1
20220731 030116.719 INFO             PET0  PASS  Example ESMF_TimeEx, ESMF_TimeEx.F90, line 141
20220731 030116.719 INFO             PET0 Finalizing ESMF
