2022-08-10 10:41:26
20220810 115733.725 INFO             PET0 !!!!!!!!!!!!!!!!!!!!!!!!!!!!!!!!!!!!!!!!!!!!!!!!!!!!!!
20220810 115733.725 INFO             PET0 !!! THE ESMF_LOG IS SET TO OUTPUT ALL LOG MESSAGES !!!
20220810 115733.725 INFO             PET0 !!!     THIS MAY CAUSE SLOWDOWN IN PERFORMANCE     !!!
20220810 115733.725 INFO             PET0 !!! FOR PRODUCTION RUNS, USE:                      !!!
20220810 115733.725 INFO             PET0 !!!                   ESMF_LOGKIND_Multi_On_Error  !!!
20220810 115733.725 INFO             PET0 !!!!!!!!!!!!!!!!!!!!!!!!!!!!!!!!!!!!!!!!!!!!!!!!!!!!!!
20220810 115733.725 INFO             PET0 Running with ESMF Version   : v8.4.0b09
20220810 115733.725 INFO             PET0 ESMF library build date/time: "Aug 10 2022" "10:38:21"
20220810 115733.725 INFO             PET0 ESMF library build location : /glade/scratch/dunlap/esmf-testing/nvhpc_22.2_mpt_g_develop/esmf
20220810 115733.725 INFO             PET0 ESMF_COMM                   : mpt
20220810 115733.725 INFO             PET0 ESMF_MOAB                   : enabled
20220810 115733.725 INFO             PET0 ESMF_LAPACK                 : enabled
20220810 115733.725 INFO             PET0 ESMF_NETCDF                 : enabled
20220810 115733.725 INFO             PET0 ESMF_PNETCDF                : disabled
20220810 115733.725 INFO             PET0 ESMF_PIO                    : enabled
20220810 115733.725 INFO             PET0 ESMF_YAMLCPP                : enabled
20220810 115733.725 INFO             PET0  NUMBER_OF_PROCESSORS            1
20220810 115733.725 INFO             PET0  PASS  Example ESMF_TimeIntervalEx, ESMF_TimeIntervalEx.F90, line 176
20220810 115733.725 INFO             PET0 Finalizing ESMF
