2022-08-07 01:24:28
20220807 014221.063 INFO             PET0 !!!!!!!!!!!!!!!!!!!!!!!!!!!!!!!!!!!!!!!!!!!!!!!!!!!!!!
20220807 014221.063 INFO             PET0 !!! THE ESMF_LOG IS SET TO OUTPUT ALL LOG MESSAGES !!!
20220807 014221.063 INFO             PET0 !!!     THIS MAY CAUSE SLOWDOWN IN PERFORMANCE     !!!
20220807 014221.063 INFO             PET0 !!! FOR PRODUCTION RUNS, USE:                      !!!
20220807 014221.063 INFO             PET0 !!!                   ESMF_LOGKIND_Multi_On_Error  !!!
20220807 014221.063 INFO             PET0 !!!!!!!!!!!!!!!!!!!!!!!!!!!!!!!!!!!!!!!!!!!!!!!!!!!!!!
20220807 014221.063 INFO             PET0 Running with ESMF Version   : v8.3.0b17-30-g0de4558e1e
20220807 014221.063 INFO             PET0 ESMF library build date/time: "Aug  7 2022" "01:23:18"
20220807 014221.063 INFO             PET0 ESMF library build location : /discover/nobackup/projects/sbu/mpotts/esmf-test/gfortran_8.3.0_mpt_O_feature_large-messages/esmf
20220807 014221.063 INFO             PET0 ESMF_COMM                   : mpt
20220807 014221.063 INFO             PET0 ESMF_MOAB                   : enabled
20220807 014221.063 INFO             PET0 ESMF_LAPACK                 : enabled
20220807 014221.063 INFO             PET0 ESMF_NETCDF                 : disabled
20220807 014221.063 INFO             PET0 ESMF_PNETCDF                : disabled
20220807 014221.063 INFO             PET0 ESMF_PIO                    : disabled
20220807 014221.063 INFO             PET0 ESMF_YAMLCPP                : enabled
20220807 014221.064 DEBUG            PET0 VMK::recv():4898, size=100 in 1 chunks
20220807 014221.064 DEBUG            PET0 VMK::send():4407, size=100 in 1 chunks
20220807 014221.064 DEBUG            PET0 VMK::send():4407, size=100 in 1 chunks
20220807 014221.064 DEBUG            PET0 VMK::send():4407, size=100 in 1 chunks
20220807 014221.064 DEBUG            PET0 VMK::recv():4898, size=400 in 1 chunks
20220807 014221.064 DEBUG            PET0 VMK::send():4407, size=400 in 1 chunks
20220807 014221.064 DEBUG            PET0 VMK::send():4407, size=400 in 1 chunks
20220807 014221.064 DEBUG            PET0 VMK::send():4407, size=400 in 1 chunks
20220807 014221.064 DEBUG            PET0 VMK::recv():4898, size=200 in 1 chunks
20220807 014221.064 DEBUG            PET0 VMK::send():4407, size=200 in 1 chunks
20220807 014221.064 DEBUG            PET0 VMK::send():4407, size=200 in 1 chunks
20220807 014221.064 DEBUG            PET0 VMK::send():4407, size=200 in 1 chunks
20220807 014221.064 DEBUG            PET0 VMK::recv():4898, size=100 in 1 chunks
20220807 014221.064 DEBUG            PET0 VMK::send():4407, size=100 in 1 chunks
20220807 014221.064 DEBUG            PET0 VMK::send():4407, size=100 in 1 chunks
20220807 014221.064 DEBUG            PET0 VMK::send():4407, size=100 in 1 chunks
20220807 014221.064 DEBUG            PET0 VMK::recv():4898, size=400 in 1 chunks
20220807 014221.064 DEBUG            PET0 VMK::send():4407, size=400 in 1 chunks
20220807 014221.064 DEBUG            PET0 VMK::send():4407, size=400 in 1 chunks
20220807 014221.064 DEBUG            PET0 VMK::send():4407, size=400 in 1 chunks
20220807 014221.064 DEBUG            PET0 VMK::recv():4898, size=200 in 1 chunks
20220807 014221.064 DEBUG            PET0 VMK::recv():4898, size=200 in 1 chunks
20220807 014221.064 DEBUG            PET0 VMK::recv():4898, size=500 in 1 chunks
20220807 014221.064 DEBUG            PET0 VMK::send():4407, size=500 in 1 chunks
20220807 014221.064 DEBUG            PET0 VMK::recv():4898, size=4 in 1 chunks
20220807 014221.064 DEBUG            PET0 VMK::send():4407, size=500 in 1 chunks
20220807 014221.064 DEBUG            PET0 VMK::recv():4898, size=4 in 1 chunks
20220807 014221.064 DEBUG            PET0 VMK::send():4407, size=500 in 1 chunks
20220807 014221.064 DEBUG            PET0 VMK::recv():4898, size=4 in 1 chunks
20220807 014221.064 DEBUG            PET0 VMK::send():4407, size=4 in 1 chunks
20220807 014221.064 DEBUG            PET0 VMK::recv():4898, size=1100 in 1 chunks
20220807 014221.064 DEBUG            PET0 VMK::recv():4898, size=1100 in 1 chunks
20220807 014221.064 DEBUG            PET0 VMK::recv():4898, size=1100 in 1 chunks
20220807 014221.064 DEBUG            PET0 VMK::send():4407, size=1100 in 1 chunks
20220807 014221.064 DEBUG            PET0 VMK::recv():4898, size=500 in 1 chunks
20220807 014221.064 DEBUG            PET0 VMK::recv():4898, size=500 in 1 chunks
20220807 014221.064 DEBUG            PET0 VMK::send():4407, size=4 in 1 chunks
20220807 014221.064 DEBUG            PET0 VMK::send():4407, size=4 in 1 chunks
20220807 014221.064 DEBUG            PET0 VMK::send():4407, size=1100 in 1 chunks
20220807 014221.064 DEBUG            PET0 VMK::send():4407, size=1100 in 1 chunks
20220807 014221.064 DEBUG            PET0 VMK::send():4407, size=240 in 1 chunks
20220807 014221.064 DEBUG            PET0 VMK::send():4407, size=160 in 1 chunks
20220807 014221.064 DEBUG            PET0 VMK::send():4407, size=240 in 1 chunks
20220807 014221.064 DEBUG            PET0 VMK::send():4407, size=160 in 1 chunks
20220807 014221.064 DEBUG            PET0 VMK::send():4407, size=240 in 1 chunks
20220807 014221.064 DEBUG            PET0 VMK::send():4407, size=160 in 1 chunks
20220807 014221.064 DEBUG            PET0 VMK::send():4407, size=240 in 1 chunks
20220807 014221.064 DEBUG            PET0 VMK::send():4407, size=160 in 1 chunks
20220807 014221.065 DEBUG            PET0 VMK::send():4407, size=240 in 1 chunks
20220807 014221.065 DEBUG            PET0 VMK::send():4407, size=160 in 1 chunks
20220807 014221.065 DEBUG            PET0 VMK::send():4407, size=240 in 1 chunks
20220807 014221.065 DEBUG            PET0 VMK::send():4407, size=160 in 1 chunks
20220807 014221.065 DEBUG            PET0 VMK::send():4407, size=240 in 1 chunks
20220807 014221.065 DEBUG            PET0 VMK::send():4407, size=160 in 1 chunks
20220807 014221.065 DEBUG            PET0 VMK::send():4407, size=240 in 1 chunks
20220807 014221.065 DEBUG            PET0 VMK::send():4407, size=160 in 1 chunks
20220807 014221.065 DEBUG            PET0 VMK::send():4407, size=240 in 1 chunks
20220807 014221.065 DEBUG            PET0 VMK::send():4407, size=160 in 1 chunks
20220807 014221.065 DEBUG            PET0 VMK::send():4407, size=240 in 1 chunks
20220807 014221.065 DEBUG            PET0 VMK::send():4407, size=160 in 1 chunks
20220807 014221.065 DEBUG            PET0 VMK::send():4407, size=240 in 1 chunks
20220807 014221.065 DEBUG            PET0 VMK::send():4407, size=160 in 1 chunks
20220807 014221.065 DEBUG            PET0 VMK::send():4407, size=240 in 1 chunks
20220807 014221.065 DEBUG            PET0 VMK::send():4407, size=160 in 1 chunks
20220807 014221.065 DEBUG            PET0 VMK::send():4407, size=240 in 1 chunks
20220807 014221.065 DEBUG            PET0 VMK::send():4407, size=160 in 1 chunks
20220807 014221.065 DEBUG            PET0 VMK::send():4407, size=240 in 1 chunks
20220807 014221.065 DEBUG            PET0 VMK::send():4407, size=160 in 1 chunks
20220807 014221.065 DEBUG            PET0 VMK::send():4407, size=240 in 1 chunks
20220807 014221.065 DEBUG            PET0 VMK::send():4407, size=160 in 1 chunks
20220807 014221.065 DEBUG            PET0 VMK::send():4407, size=240 in 1 chunks
20220807 014221.065 DEBUG            PET0 VMK::send():4407, size=160 in 1 chunks
20220807 014221.065 DEBUG            PET0 VMK::send():4407, size=240 in 1 chunks
20220807 014221.065 DEBUG            PET0 VMK::send():4407, size=160 in 1 chunks
20220807 014221.065 DEBUG            PET0 VMK::send():4407, size=240 in 1 chunks
20220807 014221.065 DEBUG            PET0 VMK::send():4407, size=160 in 1 chunks
20220807 014221.065 DEBUG            PET0 VMK::send():4407, size=240 in 1 chunks
20220807 014221.065 DEBUG            PET0 VMK::send():4407, size=160 in 1 chunks
20220807 014221.065 DEBUG            PET0 VMK::send():4407, size=240 in 1 chunks
20220807 014221.065 DEBUG            PET0 VMK::send():4407, size=160 in 1 chunks
20220807 014221.065 DEBUG            PET0 VMK::send():4407, size=240 in 1 chunks
20220807 014221.065 DEBUG            PET0 VMK::send():4407, size=160 in 1 chunks
20220807 014221.065 DEBUG            PET0 VMK::send():4407, size=240 in 1 chunks
20220807 014221.065 DEBUG            PET0 VMK::send():4407, size=160 in 1 chunks
20220807 014221.065 DEBUG            PET0 VMK::send():4407, size=240 in 1 chunks
20220807 014221.065 DEBUG            PET0 VMK::send():4407, size=160 in 1 chunks
20220807 014221.065 DEBUG            PET0 VMK::send():4407, size=240 in 1 chunks
20220807 014221.065 DEBUG            PET0 VMK::send():4407, size=160 in 1 chunks
20220807 014221.065 DEBUG            PET0 VMK::send():4407, size=240 in 1 chunks
20220807 014221.065 DEBUG            PET0 VMK::send():4407, size=160 in 1 chunks
20220807 014221.065 DEBUG            PET0 VMK::send():4407, size=240 in 1 chunks
20220807 014221.065 DEBUG            PET0 VMK::send():4407, size=160 in 1 chunks
20220807 014221.065 DEBUG            PET0 VMK::send():4407, size=240 in 1 chunks
20220807 014221.065 DEBUG            PET0 VMK::send():4407, size=160 in 1 chunks
20220807 014221.065 DEBUG            PET0 VMK::send():4407, size=240 in 1 chunks
20220807 014221.065 DEBUG            PET0 VMK::send():4407, size=160 in 1 chunks
20220807 014221.065 DEBUG            PET0 VMK::send():4407, size=240 in 1 chunks
20220807 014221.065 DEBUG            PET0 VMK::send():4407, size=160 in 1 chunks
20220807 014221.065 DEBUG            PET0 VMK::send():4407, size=240 in 1 chunks
20220807 014221.065 DEBUG            PET0 VMK::send():4407, size=160 in 1 chunks
20220807 014221.065 DEBUG            PET0 VMK::send():4407, size=240 in 1 chunks
20220807 014221.065 DEBUG            PET0 VMK::send():4407, size=160 in 1 chunks
20220807 014221.065 DEBUG            PET0 epochBuffer:4353 non-blocking send to dst=2 firstFlag=1 msg size=240
20220807 014221.065 DEBUG            PET0 epochBuffer:4063 ready to clear outstanding comm
20220807 014221.065 DEBUG            PET0 epochBuffer:4376 non-blocking send write complete, current stream size=252
20220807 014221.065 DEBUG            PET0 epochBuffer:4353 non-blocking send to dst=2 firstFlag=0 msg size=160
20220807 014221.065 DEBUG            PET0 epochBuffer:4376 non-blocking send write complete, current stream size=424
20220807 014221.065 DEBUG            PET0 epochBuffer:3868 unacknowledged sends to dst=2: 0
20220807 014221.065 DEBUG            PET0 epochBuffer:3920 ready to post non-blocking send: dst=2 size=424 buffer=0x16e11e0
20220807 014221.065 DEBUG            PET0 epochBuffer:3971 time in non-blocking send: 1.03563e-06 seconds
20220807 014221.065 DEBUG            PET0 epochBuffer:3987 unacknowledged sends to dst=2: 1
20220807 014221.065 INFO             PET0  NUMBER_OF_PROCESSORS           4
20220807 014221.065 INFO             PET0  PASS  Example ESMF_RHandleVMEpochEx, ESMF_RHandleVMEpochEx.F90, line 247
20220807 014221.065 INFO             PET0 Finalizing ESMF
20220807 014221.065 DEBUG            PET0 epochFinal
20220807 014221.065 DEBUG            PET0 epochBuffer:3817 ready to clear outstanding comm: dst=2 size=0 buffer=0x16e11e0
20220807 014221.065 DEBUG            PET0 epochBuffer:4063 ready to clear outstanding comm
20220807 014221.065 DEBUG            PET0 epochBuffer:4091 posting MPI_Wait()
20220807 014221.065 DEBUG            PET0 epochBuffer:4100 time in MPI_Wait(): 8.41916e-07 seconds
20220807 014221.065 DEBUG            PET0 epochBuffer:3827 drain unacknowledged sends to dst=2: 1
20220807 014221.062 INFO             PET1 !!!!!!!!!!!!!!!!!!!!!!!!!!!!!!!!!!!!!!!!!!!!!!!!!!!!!!
20220807 014221.063 INFO             PET1 !!! THE ESMF_LOG IS SET TO OUTPUT ALL LOG MESSAGES !!!
20220807 014221.063 INFO             PET1 !!!     THIS MAY CAUSE SLOWDOWN IN PERFORMANCE     !!!
20220807 014221.063 INFO             PET1 !!! FOR PRODUCTION RUNS, USE:                      !!!
20220807 014221.063 INFO             PET1 !!!                   ESMF_LOGKIND_Multi_On_Error  !!!
20220807 014221.063 INFO             PET1 !!!!!!!!!!!!!!!!!!!!!!!!!!!!!!!!!!!!!!!!!!!!!!!!!!!!!!
20220807 014221.063 INFO             PET1 Running with ESMF Version   : v8.3.0b17-30-g0de4558e1e
20220807 014221.063 INFO             PET1 ESMF library build date/time: "Aug  7 2022" "01:23:18"
20220807 014221.063 INFO             PET1 ESMF library build location : /discover/nobackup/projects/sbu/mpotts/esmf-test/gfortran_8.3.0_mpt_O_feature_large-messages/esmf
20220807 014221.063 INFO             PET1 ESMF_COMM                   : mpt
20220807 014221.063 INFO             PET1 ESMF_MOAB                   : enabled
20220807 014221.063 INFO             PET1 ESMF_LAPACK                 : enabled
20220807 014221.063 INFO             PET1 ESMF_NETCDF                 : disabled
20220807 014221.063 INFO             PET1 ESMF_PNETCDF                : disabled
20220807 014221.063 INFO             PET1 ESMF_PIO                    : disabled
20220807 014221.063 INFO             PET1 ESMF_YAMLCPP                : enabled
20220807 014221.064 DEBUG            PET1 VMK::recv():4898, size=100 in 1 chunks
20220807 014221.064 DEBUG            PET1 VMK::send():4407, size=100 in 1 chunks
20220807 014221.064 DEBUG            PET1 VMK::send():4407, size=100 in 1 chunks
20220807 014221.064 DEBUG            PET1 VMK::send():4407, size=100 in 1 chunks
20220807 014221.064 DEBUG            PET1 VMK::recv():4898, size=400 in 1 chunks
20220807 014221.064 DEBUG            PET1 VMK::send():4407, size=400 in 1 chunks
20220807 014221.064 DEBUG            PET1 VMK::send():4407, size=400 in 1 chunks
20220807 014221.064 DEBUG            PET1 VMK::send():4407, size=400 in 1 chunks
20220807 014221.064 DEBUG            PET1 VMK::recv():4898, size=200 in 1 chunks
20220807 014221.064 DEBUG            PET1 VMK::send():4407, size=200 in 1 chunks
20220807 014221.064 DEBUG            PET1 VMK::send():4407, size=200 in 1 chunks
20220807 014221.064 DEBUG            PET1 VMK::send():4407, size=200 in 1 chunks
20220807 014221.064 DEBUG            PET1 VMK::recv():4898, size=100 in 1 chunks
20220807 014221.064 DEBUG            PET1 VMK::send():4407, size=100 in 1 chunks
20220807 014221.064 DEBUG            PET1 VMK::send():4407, size=100 in 1 chunks
20220807 014221.064 DEBUG            PET1 VMK::send():4407, size=100 in 1 chunks
20220807 014221.064 DEBUG            PET1 VMK::recv():4898, size=400 in 1 chunks
20220807 014221.064 DEBUG            PET1 VMK::send():4407, size=400 in 1 chunks
20220807 014221.064 DEBUG            PET1 VMK::send():4407, size=400 in 1 chunks
20220807 014221.064 DEBUG            PET1 VMK::send():4407, size=400 in 1 chunks
20220807 014221.064 DEBUG            PET1 VMK::recv():4898, size=200 in 1 chunks
20220807 014221.064 DEBUG            PET1 VMK::recv():4898, size=200 in 1 chunks
20220807 014221.064 DEBUG            PET1 VMK::recv():4898, size=500 in 1 chunks
20220807 014221.064 DEBUG            PET1 VMK::send():4407, size=500 in 1 chunks
20220807 014221.064 DEBUG            PET1 VMK::recv():4898, size=4 in 1 chunks
20220807 014221.064 DEBUG            PET1 VMK::send():4407, size=500 in 1 chunks
20220807 014221.064 DEBUG            PET1 VMK::recv():4898, size=4 in 1 chunks
20220807 014221.064 DEBUG            PET1 VMK::send():4407, size=500 in 1 chunks
20220807 014221.064 DEBUG            PET1 VMK::recv():4898, size=4 in 1 chunks
20220807 014221.064 DEBUG            PET1 VMK::send():4407, size=4 in 1 chunks
20220807 014221.064 DEBUG            PET1 VMK::recv():4898, size=1100 in 1 chunks
20220807 014221.064 DEBUG            PET1 VMK::recv():4898, size=1100 in 1 chunks
20220807 014221.064 DEBUG            PET1 VMK::recv():4898, size=1100 in 1 chunks
20220807 014221.064 DEBUG            PET1 VMK::send():4407, size=1100 in 1 chunks
20220807 014221.064 DEBUG            PET1 VMK::recv():4898, size=500 in 1 chunks
20220807 014221.064 DEBUG            PET1 VMK::recv():4898, size=500 in 1 chunks
20220807 014221.064 DEBUG            PET1 VMK::send():4407, size=4 in 1 chunks
20220807 014221.064 DEBUG            PET1 VMK::send():4407, size=4 in 1 chunks
20220807 014221.064 DEBUG            PET1 VMK::send():4407, size=1100 in 1 chunks
20220807 014221.064 DEBUG            PET1 VMK::send():4407, size=1100 in 1 chunks
20220807 014221.064 DEBUG            PET1 VMK::send():4407, size=240 in 1 chunks
20220807 014221.064 DEBUG            PET1 VMK::send():4407, size=160 in 1 chunks
20220807 014221.064 DEBUG            PET1 VMK::send():4407, size=240 in 1 chunks
20220807 014221.064 DEBUG            PET1 VMK::send():4407, size=160 in 1 chunks
20220807 014221.064 DEBUG            PET1 VMK::send():4407, size=240 in 1 chunks
20220807 014221.064 DEBUG            PET1 VMK::send():4407, size=160 in 1 chunks
20220807 014221.064 DEBUG            PET1 VMK::send():4407, size=240 in 1 chunks
20220807 014221.064 DEBUG            PET1 VMK::send():4407, size=160 in 1 chunks
20220807 014221.065 DEBUG            PET1 VMK::send():4407, size=240 in 1 chunks
20220807 014221.065 DEBUG            PET1 VMK::send():4407, size=160 in 1 chunks
20220807 014221.065 DEBUG            PET1 VMK::send():4407, size=240 in 1 chunks
20220807 014221.065 DEBUG            PET1 VMK::send():4407, size=160 in 1 chunks
20220807 014221.065 DEBUG            PET1 VMK::send():4407, size=240 in 1 chunks
20220807 014221.065 DEBUG            PET1 VMK::send():4407, size=160 in 1 chunks
20220807 014221.065 DEBUG            PET1 VMK::send():4407, size=240 in 1 chunks
20220807 014221.065 DEBUG            PET1 VMK::send():4407, size=160 in 1 chunks
20220807 014221.065 DEBUG            PET1 VMK::send():4407, size=240 in 1 chunks
20220807 014221.065 DEBUG            PET1 VMK::send():4407, size=160 in 1 chunks
20220807 014221.065 DEBUG            PET1 VMK::send():4407, size=240 in 1 chunks
20220807 014221.065 DEBUG            PET1 VMK::send():4407, size=160 in 1 chunks
20220807 014221.065 DEBUG            PET1 VMK::send():4407, size=240 in 1 chunks
20220807 014221.065 DEBUG            PET1 VMK::send():4407, size=160 in 1 chunks
20220807 014221.065 DEBUG            PET1 VMK::send():4407, size=240 in 1 chunks
20220807 014221.065 DEBUG            PET1 VMK::send():4407, size=160 in 1 chunks
20220807 014221.065 DEBUG            PET1 VMK::send():4407, size=240 in 1 chunks
20220807 014221.065 DEBUG            PET1 VMK::send():4407, size=160 in 1 chunks
20220807 014221.065 DEBUG            PET1 VMK::send():4407, size=240 in 1 chunks
20220807 014221.065 DEBUG            PET1 VMK::send():4407, size=160 in 1 chunks
20220807 014221.065 DEBUG            PET1 VMK::send():4407, size=240 in 1 chunks
20220807 014221.065 DEBUG            PET1 VMK::send():4407, size=160 in 1 chunks
20220807 014221.065 DEBUG            PET1 VMK::send():4407, size=240 in 1 chunks
20220807 014221.065 DEBUG            PET1 VMK::send():4407, size=160 in 1 chunks
20220807 014221.065 DEBUG            PET1 VMK::send():4407, size=240 in 1 chunks
20220807 014221.065 DEBUG            PET1 VMK::send():4407, size=160 in 1 chunks
20220807 014221.065 DEBUG            PET1 VMK::send():4407, size=240 in 1 chunks
20220807 014221.065 DEBUG            PET1 VMK::send():4407, size=160 in 1 chunks
20220807 014221.065 DEBUG            PET1 VMK::send():4407, size=240 in 1 chunks
20220807 014221.065 DEBUG            PET1 VMK::send():4407, size=160 in 1 chunks
20220807 014221.065 DEBUG            PET1 VMK::send():4407, size=240 in 1 chunks
20220807 014221.065 DEBUG            PET1 VMK::send():4407, size=160 in 1 chunks
20220807 014221.065 DEBUG            PET1 VMK::send():4407, size=240 in 1 chunks
20220807 014221.065 DEBUG            PET1 VMK::send():4407, size=160 in 1 chunks
20220807 014221.065 DEBUG            PET1 VMK::send():4407, size=240 in 1 chunks
20220807 014221.065 DEBUG            PET1 VMK::send():4407, size=160 in 1 chunks
20220807 014221.065 DEBUG            PET1 VMK::send():4407, size=240 in 1 chunks
20220807 014221.065 DEBUG            PET1 VMK::send():4407, size=160 in 1 chunks
20220807 014221.065 DEBUG            PET1 VMK::send():4407, size=240 in 1 chunks
20220807 014221.065 DEBUG            PET1 VMK::send():4407, size=160 in 1 chunks
20220807 014221.065 DEBUG            PET1 VMK::send():4407, size=240 in 1 chunks
20220807 014221.065 DEBUG            PET1 VMK::send():4407, size=160 in 1 chunks
20220807 014221.065 DEBUG            PET1 VMK::send():4407, size=240 in 1 chunks
20220807 014221.065 DEBUG            PET1 VMK::send():4407, size=160 in 1 chunks
20220807 014221.065 DEBUG            PET1 VMK::send():4407, size=240 in 1 chunks
20220807 014221.065 DEBUG            PET1 VMK::send():4407, size=160 in 1 chunks
20220807 014221.065 DEBUG            PET1 VMK::send():4407, size=240 in 1 chunks
20220807 014221.065 DEBUG            PET1 VMK::send():4407, size=160 in 1 chunks
20220807 014221.065 DEBUG            PET1 VMK::send():4407, size=240 in 1 chunks
20220807 014221.065 DEBUG            PET1 VMK::send():4407, size=160 in 1 chunks
20220807 014221.065 DEBUG            PET1 VMK::send():4407, size=240 in 1 chunks
20220807 014221.065 DEBUG            PET1 VMK::send():4407, size=160 in 1 chunks
20220807 014221.065 DEBUG            PET1 VMK::send():4407, size=240 in 1 chunks
20220807 014221.065 DEBUG            PET1 VMK::send():4407, size=160 in 1 chunks
20220807 014221.065 DEBUG            PET1 epochBuffer:4353 non-blocking send to dst=3 firstFlag=1 msg size=240
20220807 014221.065 DEBUG            PET1 epochBuffer:4063 ready to clear outstanding comm
20220807 014221.065 DEBUG            PET1 epochBuffer:4376 non-blocking send write complete, current stream size=252
20220807 014221.065 DEBUG            PET1 epochBuffer:4353 non-blocking send to dst=3 firstFlag=0 msg size=160
20220807 014221.065 DEBUG            PET1 epochBuffer:4376 non-blocking send write complete, current stream size=424
20220807 014221.065 DEBUG            PET1 epochBuffer:3868 unacknowledged sends to dst=3: 0
20220807 014221.065 DEBUG            PET1 epochBuffer:3920 ready to post non-blocking send: dst=3 size=424 buffer=0x16e1270
20220807 014221.065 DEBUG            PET1 epochBuffer:3971 time in non-blocking send: 1.14739e-06 seconds
20220807 014221.065 DEBUG            PET1 epochBuffer:3987 unacknowledged sends to dst=3: 1
20220807 014221.065 INFO             PET1  NUMBER_OF_PROCESSORS           4
20220807 014221.065 INFO             PET1  PASS  Example ESMF_RHandleVMEpochEx, ESMF_RHandleVMEpochEx.F90, line 247
20220807 014221.065 INFO             PET1 Finalizing ESMF
20220807 014221.065 DEBUG            PET1 epochFinal
20220807 014221.065 DEBUG            PET1 epochBuffer:3817 ready to clear outstanding comm: dst=3 size=0 buffer=0x16e1270
20220807 014221.065 DEBUG            PET1 epochBuffer:4063 ready to clear outstanding comm
20220807 014221.065 DEBUG            PET1 epochBuffer:4091 posting MPI_Wait()
20220807 014221.065 DEBUG            PET1 epochBuffer:4100 time in MPI_Wait(): 9.574e-07 seconds
20220807 014221.065 DEBUG            PET1 epochBuffer:3827 drain unacknowledged sends to dst=3: 1
20220807 014221.063 INFO             PET2 !!!!!!!!!!!!!!!!!!!!!!!!!!!!!!!!!!!!!!!!!!!!!!!!!!!!!!
20220807 014221.063 INFO             PET2 !!! THE ESMF_LOG IS SET TO OUTPUT ALL LOG MESSAGES !!!
20220807 014221.063 INFO             PET2 !!!     THIS MAY CAUSE SLOWDOWN IN PERFORMANCE     !!!
20220807 014221.063 INFO             PET2 !!! FOR PRODUCTION RUNS, USE:                      !!!
20220807 014221.063 INFO             PET2 !!!                   ESMF_LOGKIND_Multi_On_Error  !!!
20220807 014221.063 INFO             PET2 !!!!!!!!!!!!!!!!!!!!!!!!!!!!!!!!!!!!!!!!!!!!!!!!!!!!!!
20220807 014221.063 INFO             PET2 Running with ESMF Version   : v8.3.0b17-30-g0de4558e1e
20220807 014221.063 INFO             PET2 ESMF library build date/time: "Aug  7 2022" "01:23:18"
20220807 014221.063 INFO             PET2 ESMF library build location : /discover/nobackup/projects/sbu/mpotts/esmf-test/gfortran_8.3.0_mpt_O_feature_large-messages/esmf
20220807 014221.063 INFO             PET2 ESMF_COMM                   : mpt
20220807 014221.063 INFO             PET2 ESMF_MOAB                   : enabled
20220807 014221.063 INFO             PET2 ESMF_LAPACK                 : enabled
20220807 014221.063 INFO             PET2 ESMF_NETCDF                 : disabled
20220807 014221.063 INFO             PET2 ESMF_PNETCDF                : disabled
20220807 014221.063 INFO             PET2 ESMF_PIO                    : disabled
20220807 014221.063 INFO             PET2 ESMF_YAMLCPP                : enabled
20220807 014221.064 DEBUG            PET2 VMK::recv():4898, size=100 in 1 chunks
20220807 014221.064 DEBUG            PET2 VMK::recv():4898, size=100 in 1 chunks
20220807 014221.064 DEBUG            PET2 VMK::recv():4898, size=400 in 1 chunks
20220807 014221.064 DEBUG            PET2 VMK::recv():4898, size=400 in 1 chunks
20220807 014221.064 DEBUG            PET2 VMK::recv():4898, size=200 in 1 chunks
20220807 014221.064 DEBUG            PET2 VMK::recv():4898, size=200 in 1 chunks
20220807 014221.064 DEBUG            PET2 VMK::recv():4898, size=100 in 1 chunks
20220807 014221.064 DEBUG            PET2 VMK::recv():4898, size=100 in 1 chunks
20220807 014221.064 DEBUG            PET2 VMK::recv():4898, size=400 in 1 chunks
20220807 014221.064 DEBUG            PET2 VMK::recv():4898, size=400 in 1 chunks
20220807 014221.064 DEBUG            PET2 VMK::recv():4898, size=200 in 1 chunks
20220807 014221.064 DEBUG            PET2 VMK::send():4407, size=200 in 1 chunks
20220807 014221.064 DEBUG            PET2 VMK::send():4407, size=200 in 1 chunks
20220807 014221.064 DEBUG            PET2 VMK::send():4407, size=200 in 1 chunks
20220807 014221.064 DEBUG            PET2 VMK::recv():4898, size=500 in 1 chunks
20220807 014221.064 DEBUG            PET2 VMK::recv():4898, size=500 in 1 chunks
20220807 014221.064 DEBUG            PET2 VMK::send():4407, size=4 in 1 chunks
20220807 014221.064 DEBUG            PET2 VMK::send():4407, size=4 in 1 chunks
20220807 014221.064 DEBUG            PET2 VMK::send():4407, size=1100 in 1 chunks
20220807 014221.064 DEBUG            PET2 VMK::send():4407, size=1100 in 1 chunks
20220807 014221.064 DEBUG            PET2 VMK::recv():4898, size=500 in 1 chunks
20220807 014221.064 DEBUG            PET2 VMK::send():4407, size=500 in 1 chunks
20220807 014221.064 DEBUG            PET2 VMK::recv():4898, size=4 in 1 chunks
20220807 014221.064 DEBUG            PET2 VMK::send():4407, size=500 in 1 chunks
20220807 014221.064 DEBUG            PET2 VMK::recv():4898, size=4 in 1 chunks
20220807 014221.064 DEBUG            PET2 VMK::send():4407, size=500 in 1 chunks
20220807 014221.064 DEBUG            PET2 VMK::recv():4898, size=4 in 1 chunks
20220807 014221.064 DEBUG            PET2 VMK::send():4407, size=4 in 1 chunks
20220807 014221.064 DEBUG            PET2 VMK::recv():4898, size=1100 in 1 chunks
20220807 014221.064 DEBUG            PET2 VMK::recv():4898, size=1100 in 1 chunks
20220807 014221.064 DEBUG            PET2 VMK::recv():4898, size=1100 in 1 chunks
20220807 014221.064 DEBUG            PET2 VMK::send():4407, size=1100 in 1 chunks
20220807 014221.064 DEBUG            PET2 VMK::recv():4898, size=240 in 1 chunks
20220807 014221.064 DEBUG            PET2 VMK::recv():4898, size=160 in 1 chunks
20220807 014221.064 DEBUG            PET2 VMK::recv():4898, size=240 in 1 chunks
20220807 014221.064 DEBUG            PET2 VMK::recv():4898, size=160 in 1 chunks
20220807 014221.064 DEBUG            PET2 VMK::recv():4898, size=240 in 1 chunks
20220807 014221.064 DEBUG            PET2 VMK::recv():4898, size=160 in 1 chunks
20220807 014221.064 DEBUG            PET2 VMK::recv():4898, size=240 in 1 chunks
20220807 014221.064 DEBUG            PET2 VMK::recv():4898, size=160 in 1 chunks
20220807 014221.065 DEBUG            PET2 VMK::recv():4898, size=240 in 1 chunks
20220807 014221.065 DEBUG            PET2 VMK::recv():4898, size=160 in 1 chunks
20220807 014221.065 DEBUG            PET2 VMK::recv():4898, size=240 in 1 chunks
20220807 014221.065 DEBUG            PET2 VMK::recv():4898, size=160 in 1 chunks
20220807 014221.065 DEBUG            PET2 VMK::recv():4898, size=240 in 1 chunks
20220807 014221.065 DEBUG            PET2 VMK::recv():4898, size=160 in 1 chunks
20220807 014221.065 DEBUG            PET2 VMK::recv():4898, size=240 in 1 chunks
20220807 014221.065 DEBUG            PET2 VMK::recv():4898, size=160 in 1 chunks
20220807 014221.065 DEBUG            PET2 VMK::recv():4898, size=240 in 1 chunks
20220807 014221.065 DEBUG            PET2 VMK::recv():4898, size=160 in 1 chunks
20220807 014221.065 DEBUG            PET2 VMK::recv():4898, size=240 in 1 chunks
20220807 014221.065 DEBUG            PET2 VMK::recv():4898, size=160 in 1 chunks
20220807 014221.065 DEBUG            PET2 VMK::recv():4898, size=240 in 1 chunks
20220807 014221.065 DEBUG            PET2 VMK::recv():4898, size=160 in 1 chunks
20220807 014221.065 DEBUG            PET2 VMK::recv():4898, size=240 in 1 chunks
20220807 014221.065 DEBUG            PET2 VMK::recv():4898, size=160 in 1 chunks
20220807 014221.065 DEBUG            PET2 VMK::recv():4898, size=240 in 1 chunks
20220807 014221.065 DEBUG            PET2 VMK::recv():4898, size=160 in 1 chunks
20220807 014221.065 DEBUG            PET2 VMK::recv():4898, size=240 in 1 chunks
20220807 014221.065 DEBUG            PET2 VMK::recv():4898, size=160 in 1 chunks
20220807 014221.065 DEBUG            PET2 VMK::recv():4898, size=240 in 1 chunks
20220807 014221.065 DEBUG            PET2 VMK::recv():4898, size=160 in 1 chunks
20220807 014221.065 DEBUG            PET2 VMK::recv():4898, size=240 in 1 chunks
20220807 014221.065 DEBUG            PET2 VMK::recv():4898, size=160 in 1 chunks
20220807 014221.065 DEBUG            PET2 VMK::recv():4898, size=240 in 1 chunks
20220807 014221.065 DEBUG            PET2 VMK::recv():4898, size=160 in 1 chunks
20220807 014221.065 DEBUG            PET2 VMK::recv():4898, size=240 in 1 chunks
20220807 014221.065 DEBUG            PET2 VMK::recv():4898, size=160 in 1 chunks
20220807 014221.065 DEBUG            PET2 VMK::recv():4898, size=240 in 1 chunks
20220807 014221.065 DEBUG            PET2 VMK::recv():4898, size=160 in 1 chunks
20220807 014221.065 DEBUG            PET2 VMK::recv():4898, size=240 in 1 chunks
20220807 014221.065 DEBUG            PET2 VMK::recv():4898, size=160 in 1 chunks
20220807 014221.065 DEBUG            PET2 VMK::recv():4898, size=240 in 1 chunks
20220807 014221.065 DEBUG            PET2 VMK::recv():4898, size=160 in 1 chunks
20220807 014221.065 DEBUG            PET2 VMK::recv():4898, size=240 in 1 chunks
20220807 014221.065 DEBUG            PET2 VMK::recv():4898, size=160 in 1 chunks
20220807 014221.065 DEBUG            PET2 VMK::recv():4898, size=240 in 1 chunks
20220807 014221.065 DEBUG            PET2 VMK::recv():4898, size=160 in 1 chunks
20220807 014221.065 DEBUG            PET2 VMK::recv():4898, size=240 in 1 chunks
20220807 014221.065 DEBUG            PET2 VMK::recv():4898, size=160 in 1 chunks
20220807 014221.065 DEBUG            PET2 VMK::recv():4898, size=240 in 1 chunks
20220807 014221.065 DEBUG            PET2 VMK::recv():4898, size=160 in 1 chunks
20220807 014221.065 DEBUG            PET2 VMK::recv():4898, size=240 in 1 chunks
20220807 014221.065 DEBUG            PET2 VMK::recv():4898, size=160 in 1 chunks
20220807 014221.065 DEBUG            PET2 VMK::recv():4898, size=240 in 1 chunks
20220807 014221.065 DEBUG            PET2 VMK::recv():4898, size=160 in 1 chunks
20220807 014221.065 DEBUG            PET2 VMK::recv():4898, size=240 in 1 chunks
20220807 014221.065 DEBUG            PET2 VMK::recv():4898, size=160 in 1 chunks
20220807 014221.065 DEBUG            PET2 VMK::recv():4898, size=240 in 1 chunks
20220807 014221.065 DEBUG            PET2 VMK::recv():4898, size=160 in 1 chunks
20220807 014221.065 DEBUG            PET2 VMK::recv():4898, size=240 in 1 chunks
20220807 014221.065 DEBUG            PET2 VMK::recv():4898, size=160 in 1 chunks
20220807 014221.065 DEBUG            PET2 VMK::recv():4898, size=240 in 1 chunks
20220807 014221.065 DEBUG            PET2 VMK::recv():4898, size=160 in 1 chunks
20220807 014221.065 DEBUG            PET2 epochBuffer:4765 non-blocking recv firstFlag=1 size=240
20220807 014221.065 DEBUG            PET2 epochBuffer:4778 ready to probe: src=0
20220807 014221.065 DEBUG            PET2 epochBuffer:4813 time in blocking probe: 5.39757e-05 seconds
20220807 014221.065 DEBUG            PET2 epochBuffer:4817 incoming message of size=424
20220807 014221.065 DEBUG            PET2 epochBuffer:4830 ready to post blocking recv: src=0 size=424 streamBuffer=0x16e0bd0
20220807 014221.065 DEBUG            PET2 epochBuffer:4849 time in blocking recv: 8.86619e-06 seconds
20220807 014221.065 DEBUG            PET2 epochBuffer:4863 processing recv chunk: buffer=0x16e0bd0 chunkSize=240 chunkTag=0
20220807 014221.065 DEBUG            PET2 epochBuffer:4765 non-blocking recv firstFlag=0 size=160
20220807 014221.065 DEBUG            PET2 epochBuffer:4863 processing recv chunk: buffer=0x16e0ccc chunkSize=160 chunkTag=0
20220807 014221.065 INFO             PET2  NUMBER_OF_PROCESSORS           4
20220807 014221.065 INFO             PET2  PASS  Example ESMF_RHandleVMEpochEx, ESMF_RHandleVMEpochEx.F90, line 247
20220807 014221.065 INFO             PET2 Finalizing ESMF
20220807 014221.066 DEBUG            PET2 epochFinal
20220807 014221.063 INFO             PET3 !!!!!!!!!!!!!!!!!!!!!!!!!!!!!!!!!!!!!!!!!!!!!!!!!!!!!!
20220807 014221.063 INFO             PET3 !!! THE ESMF_LOG IS SET TO OUTPUT ALL LOG MESSAGES !!!
20220807 014221.063 INFO             PET3 !!!     THIS MAY CAUSE SLOWDOWN IN PERFORMANCE     !!!
20220807 014221.063 INFO             PET3 !!! FOR PRODUCTION RUNS, USE:                      !!!
20220807 014221.063 INFO             PET3 !!!                   ESMF_LOGKIND_Multi_On_Error  !!!
20220807 014221.063 INFO             PET3 !!!!!!!!!!!!!!!!!!!!!!!!!!!!!!!!!!!!!!!!!!!!!!!!!!!!!!
20220807 014221.063 INFO             PET3 Running with ESMF Version   : v8.3.0b17-30-g0de4558e1e
20220807 014221.063 INFO             PET3 ESMF library build date/time: "Aug  7 2022" "01:23:18"
20220807 014221.063 INFO             PET3 ESMF library build location : /discover/nobackup/projects/sbu/mpotts/esmf-test/gfortran_8.3.0_mpt_O_feature_large-messages/esmf
20220807 014221.063 INFO             PET3 ESMF_COMM                   : mpt
20220807 014221.063 INFO             PET3 ESMF_MOAB                   : enabled
20220807 014221.063 INFO             PET3 ESMF_LAPACK                 : enabled
20220807 014221.063 INFO             PET3 ESMF_NETCDF                 : disabled
20220807 014221.063 INFO             PET3 ESMF_PNETCDF                : disabled
20220807 014221.063 INFO             PET3 ESMF_PIO                    : disabled
20220807 014221.063 INFO             PET3 ESMF_YAMLCPP                : enabled
20220807 014221.064 DEBUG            PET3 VMK::recv():4898, size=100 in 1 chunks
20220807 014221.064 DEBUG            PET3 VMK::recv():4898, size=100 in 1 chunks
20220807 014221.064 DEBUG            PET3 VMK::recv():4898, size=400 in 1 chunks
20220807 014221.064 DEBUG            PET3 VMK::recv():4898, size=400 in 1 chunks
20220807 014221.064 DEBUG            PET3 VMK::recv():4898, size=200 in 1 chunks
20220807 014221.064 DEBUG            PET3 VMK::recv():4898, size=200 in 1 chunks
20220807 014221.064 DEBUG            PET3 VMK::recv():4898, size=100 in 1 chunks
20220807 014221.064 DEBUG            PET3 VMK::recv():4898, size=100 in 1 chunks
20220807 014221.064 DEBUG            PET3 VMK::recv():4898, size=400 in 1 chunks
20220807 014221.064 DEBUG            PET3 VMK::recv():4898, size=400 in 1 chunks
20220807 014221.064 DEBUG            PET3 VMK::recv():4898, size=200 in 1 chunks
20220807 014221.064 DEBUG            PET3 VMK::send():4407, size=200 in 1 chunks
20220807 014221.064 DEBUG            PET3 VMK::send():4407, size=200 in 1 chunks
20220807 014221.064 DEBUG            PET3 VMK::send():4407, size=200 in 1 chunks
20220807 014221.064 DEBUG            PET3 VMK::recv():4898, size=500 in 1 chunks
20220807 014221.064 DEBUG            PET3 VMK::recv():4898, size=500 in 1 chunks
20220807 014221.064 DEBUG            PET3 VMK::send():4407, size=4 in 1 chunks
20220807 014221.064 DEBUG            PET3 VMK::send():4407, size=4 in 1 chunks
20220807 014221.064 DEBUG            PET3 VMK::send():4407, size=1100 in 1 chunks
20220807 014221.064 DEBUG            PET3 VMK::send():4407, size=1100 in 1 chunks
20220807 014221.064 DEBUG            PET3 VMK::recv():4898, size=500 in 1 chunks
20220807 014221.064 DEBUG            PET3 VMK::send():4407, size=500 in 1 chunks
20220807 014221.064 DEBUG            PET3 VMK::recv():4898, size=4 in 1 chunks
20220807 014221.064 DEBUG            PET3 VMK::send():4407, size=500 in 1 chunks
20220807 014221.064 DEBUG            PET3 VMK::recv():4898, size=4 in 1 chunks
20220807 014221.064 DEBUG            PET3 VMK::send():4407, size=500 in 1 chunks
20220807 014221.064 DEBUG            PET3 VMK::recv():4898, size=4 in 1 chunks
20220807 014221.064 DEBUG            PET3 VMK::send():4407, size=4 in 1 chunks
20220807 014221.064 DEBUG            PET3 VMK::recv():4898, size=1100 in 1 chunks
20220807 014221.064 DEBUG            PET3 VMK::recv():4898, size=1100 in 1 chunks
20220807 014221.064 DEBUG            PET3 VMK::recv():4898, size=1100 in 1 chunks
20220807 014221.064 DEBUG            PET3 VMK::send():4407, size=1100 in 1 chunks
20220807 014221.064 DEBUG            PET3 VMK::recv():4898, size=240 in 1 chunks
20220807 014221.064 DEBUG            PET3 VMK::recv():4898, size=160 in 1 chunks
20220807 014221.064 DEBUG            PET3 VMK::recv():4898, size=240 in 1 chunks
20220807 014221.064 DEBUG            PET3 VMK::recv():4898, size=160 in 1 chunks
20220807 014221.064 DEBUG            PET3 VMK::recv():4898, size=240 in 1 chunks
20220807 014221.064 DEBUG            PET3 VMK::recv():4898, size=160 in 1 chunks
20220807 014221.064 DEBUG            PET3 VMK::recv():4898, size=240 in 1 chunks
20220807 014221.064 DEBUG            PET3 VMK::recv():4898, size=160 in 1 chunks
20220807 014221.065 DEBUG            PET3 VMK::recv():4898, size=240 in 1 chunks
20220807 014221.065 DEBUG            PET3 VMK::recv():4898, size=160 in 1 chunks
20220807 014221.065 DEBUG            PET3 VMK::recv():4898, size=240 in 1 chunks
20220807 014221.065 DEBUG            PET3 VMK::recv():4898, size=160 in 1 chunks
20220807 014221.065 DEBUG            PET3 VMK::recv():4898, size=240 in 1 chunks
20220807 014221.065 DEBUG            PET3 VMK::recv():4898, size=160 in 1 chunks
20220807 014221.065 DEBUG            PET3 VMK::recv():4898, size=240 in 1 chunks
20220807 014221.065 DEBUG            PET3 VMK::recv():4898, size=160 in 1 chunks
20220807 014221.065 DEBUG            PET3 VMK::recv():4898, size=240 in 1 chunks
20220807 014221.065 DEBUG            PET3 VMK::recv():4898, size=160 in 1 chunks
20220807 014221.065 DEBUG            PET3 VMK::recv():4898, size=240 in 1 chunks
20220807 014221.065 DEBUG            PET3 VMK::recv():4898, size=160 in 1 chunks
20220807 014221.065 DEBUG            PET3 VMK::recv():4898, size=240 in 1 chunks
20220807 014221.065 DEBUG            PET3 VMK::recv():4898, size=160 in 1 chunks
20220807 014221.065 DEBUG            PET3 VMK::recv():4898, size=240 in 1 chunks
20220807 014221.065 DEBUG            PET3 VMK::recv():4898, size=160 in 1 chunks
20220807 014221.065 DEBUG            PET3 VMK::recv():4898, size=240 in 1 chunks
20220807 014221.065 DEBUG            PET3 VMK::recv():4898, size=160 in 1 chunks
20220807 014221.065 DEBUG            PET3 VMK::recv():4898, size=240 in 1 chunks
20220807 014221.065 DEBUG            PET3 VMK::recv():4898, size=160 in 1 chunks
20220807 014221.065 DEBUG            PET3 VMK::recv():4898, size=240 in 1 chunks
20220807 014221.065 DEBUG            PET3 VMK::recv():4898, size=160 in 1 chunks
20220807 014221.065 DEBUG            PET3 VMK::recv():4898, size=240 in 1 chunks
20220807 014221.065 DEBUG            PET3 VMK::recv():4898, size=160 in 1 chunks
20220807 014221.065 DEBUG            PET3 VMK::recv():4898, size=240 in 1 chunks
20220807 014221.065 DEBUG            PET3 VMK::recv():4898, size=160 in 1 chunks
20220807 014221.065 DEBUG            PET3 VMK::recv():4898, size=240 in 1 chunks
20220807 014221.065 DEBUG            PET3 VMK::recv():4898, size=160 in 1 chunks
20220807 014221.065 DEBUG            PET3 VMK::recv():4898, size=240 in 1 chunks
20220807 014221.065 DEBUG            PET3 VMK::recv():4898, size=160 in 1 chunks
20220807 014221.065 DEBUG            PET3 VMK::recv():4898, size=240 in 1 chunks
20220807 014221.065 DEBUG            PET3 VMK::recv():4898, size=160 in 1 chunks
20220807 014221.065 DEBUG            PET3 VMK::recv():4898, size=240 in 1 chunks
20220807 014221.065 DEBUG            PET3 VMK::recv():4898, size=160 in 1 chunks
20220807 014221.065 DEBUG            PET3 VMK::recv():4898, size=240 in 1 chunks
20220807 014221.065 DEBUG            PET3 VMK::recv():4898, size=160 in 1 chunks
20220807 014221.065 DEBUG            PET3 VMK::recv():4898, size=240 in 1 chunks
20220807 014221.065 DEBUG            PET3 VMK::recv():4898, size=160 in 1 chunks
20220807 014221.065 DEBUG            PET3 VMK::recv():4898, size=240 in 1 chunks
20220807 014221.065 DEBUG            PET3 VMK::recv():4898, size=160 in 1 chunks
20220807 014221.065 DEBUG            PET3 VMK::recv():4898, size=240 in 1 chunks
20220807 014221.065 DEBUG            PET3 VMK::recv():4898, size=160 in 1 chunks
20220807 014221.065 DEBUG            PET3 VMK::recv():4898, size=240 in 1 chunks
20220807 014221.065 DEBUG            PET3 VMK::recv():4898, size=160 in 1 chunks
20220807 014221.065 DEBUG            PET3 VMK::recv():4898, size=240 in 1 chunks
20220807 014221.065 DEBUG            PET3 VMK::recv():4898, size=160 in 1 chunks
20220807 014221.065 DEBUG            PET3 VMK::recv():4898, size=240 in 1 chunks
20220807 014221.065 DEBUG            PET3 VMK::recv():4898, size=160 in 1 chunks
20220807 014221.065 DEBUG            PET3 VMK::recv():4898, size=240 in 1 chunks
20220807 014221.065 DEBUG            PET3 VMK::recv():4898, size=160 in 1 chunks
20220807 014221.065 DEBUG            PET3 VMK::recv():4898, size=240 in 1 chunks
20220807 014221.065 DEBUG            PET3 VMK::recv():4898, size=160 in 1 chunks
20220807 014221.065 DEBUG            PET3 VMK::recv():4898, size=240 in 1 chunks
20220807 014221.065 DEBUG            PET3 VMK::recv():4898, size=160 in 1 chunks
20220807 014221.065 DEBUG            PET3 epochBuffer:4765 non-blocking recv firstFlag=1 size=240
20220807 014221.065 DEBUG            PET3 epochBuffer:4778 ready to probe: src=1
20220807 014221.065 DEBUG            PET3 epochBuffer:4813 time in blocking probe: 5.6047e-05 seconds
20220807 014221.065 DEBUG            PET3 epochBuffer:4817 incoming message of size=424
20220807 014221.065 DEBUG            PET3 epochBuffer:4830 ready to post blocking recv: src=1 size=424 streamBuffer=0x16de920
20220807 014221.065 DEBUG            PET3 epochBuffer:4849 time in blocking recv: 1.07847e-05 seconds
20220807 014221.065 DEBUG            PET3 epochBuffer:4863 processing recv chunk: buffer=0x16de920 chunkSize=240 chunkTag=0
20220807 014221.065 DEBUG            PET3 epochBuffer:4765 non-blocking recv firstFlag=0 size=160
20220807 014221.065 DEBUG            PET3 epochBuffer:4863 processing recv chunk: buffer=0x16dea1c chunkSize=160 chunkTag=0
20220807 014221.065 INFO             PET3  NUMBER_OF_PROCESSORS           4
20220807 014221.065 INFO             PET3  PASS  Example ESMF_RHandleVMEpochEx, ESMF_RHandleVMEpochEx.F90, line 247
20220807 014221.065 INFO             PET3 Finalizing ESMF
20220807 014221.066 DEBUG            PET3 epochFinal
