2022-08-07 07:41:28
20220807 083740.885 INFO             PET0 !!!!!!!!!!!!!!!!!!!!!!!!!!!!!!!!!!!!!!!!!!!!!!!!!!!!!!
20220807 083740.885 INFO             PET0 !!! THE ESMF_LOG IS SET TO OUTPUT ALL LOG MESSAGES !!!
20220807 083740.885 INFO             PET0 !!!     THIS MAY CAUSE SLOWDOWN IN PERFORMANCE     !!!
20220807 083740.885 INFO             PET0 !!! FOR PRODUCTION RUNS, USE:                      !!!
20220807 083740.885 INFO             PET0 !!!                   ESMF_LOGKIND_Multi_On_Error  !!!
20220807 083740.885 INFO             PET0 !!!!!!!!!!!!!!!!!!!!!!!!!!!!!!!!!!!!!!!!!!!!!!!!!!!!!!
20220807 083740.885 INFO             PET0 Running with ESMF Version   : v8.3.0b17-30-g0de4558e1e
20220807 083740.885 INFO             PET0 ESMF library build date/time: "Aug  7 2022" "07:36:02"
20220807 083740.885 INFO             PET0 ESMF library build location : /glade/scratch/dunlap/esmf-testing/intel_18.0.5_mpiuni_g_feature_large-messages/esmf
20220807 083740.885 INFO             PET0 ESMF_COMM                   : mpiuni
20220807 083740.885 INFO             PET0 ESMF_MOAB                   : enabled
20220807 083740.885 INFO             PET0 ESMF_LAPACK                 : enabled
20220807 083740.885 INFO             PET0 ESMF_NETCDF                 : enabled
20220807 083740.885 INFO             PET0 ESMF_PNETCDF                : disabled
20220807 083740.885 INFO             PET0 ESMF_PIO                    : disabled
20220807 083740.885 INFO             PET0 ESMF_YAMLCPP                : enabled
20220807 083740.990 DEBUG            PET0 VMK::recv():4970, size=4608 using MPIUNI channel via memcpy() in one chunk
20220807 083740.990 DEBUG            PET0 VMK::send():4482, size=4608 using MPIUNI channel via memcpy() in one chunk
20220807 083740.990 DEBUG            PET0 VMK::recv():4970, size=4608 using MPIUNI channel via memcpy() in one chunk
20220807 083740.990 DEBUG            PET0 VMK::send():4482, size=4608 using MPIUNI channel via memcpy() in one chunk
20220807 083740.990 DEBUG            PET0 VMK::recv():4970, size=4608 using MPIUNI channel via memcpy() in one chunk
20220807 083740.990 DEBUG            PET0 VMK::send():4482, size=4608 using MPIUNI channel via memcpy() in one chunk
20220807 083740.990 DEBUG            PET0 VMK::recv():4970, size=4608 using MPIUNI channel via memcpy() in one chunk
20220807 083740.990 DEBUG            PET0 VMK::send():4482, size=4608 using MPIUNI channel via memcpy() in one chunk
20220807 083740.990 DEBUG            PET0 VMK::recv():4970, size=4608 using MPIUNI channel via memcpy() in one chunk
20220807 083740.990 DEBUG            PET0 VMK::send():4482, size=4608 using MPIUNI channel via memcpy() in one chunk
20220807 083740.991 DEBUG            PET0 VMK::recv():4970, size=4608 using MPIUNI channel via memcpy() in one chunk
20220807 083740.991 DEBUG            PET0 VMK::send():4482, size=4608 using MPIUNI channel via memcpy() in one chunk
20220807 083740.991 DEBUG            PET0 VMK::recv():4970, size=4608 using MPIUNI channel via memcpy() in one chunk
20220807 083740.991 DEBUG            PET0 VMK::send():4482, size=4608 using MPIUNI channel via memcpy() in one chunk
20220807 083740.991 DEBUG            PET0 VMK::recv():4970, size=4608 using MPIUNI channel via memcpy() in one chunk
20220807 083740.991 DEBUG            PET0 VMK::send():4482, size=4608 using MPIUNI channel via memcpy() in one chunk
20220807 083740.991 DEBUG            PET0 VMK::recv():4970, size=4608 using MPIUNI channel via memcpy() in one chunk
20220807 083740.991 DEBUG            PET0 VMK::send():4482, size=4608 using MPIUNI channel via memcpy() in one chunk
20220807 083740.991 DEBUG            PET0 VMK::recv():4970, size=4608 using MPIUNI channel via memcpy() in one chunk
20220807 083740.991 DEBUG            PET0 VMK::send():4482, size=4608 using MPIUNI channel via memcpy() in one chunk
20220807 083740.994 DEBUG            PET0 VMK::recv():4970, size=18432 using MPIUNI channel via memcpy() in one chunk
20220807 083740.994 DEBUG            PET0 VMK::send():4482, size=18432 using MPIUNI channel via memcpy() in one chunk
20220807 083740.994 DEBUG            PET0 VMK::recv():4970, size=18432 using MPIUNI channel via memcpy() in one chunk
20220807 083740.994 DEBUG            PET0 VMK::send():4482, size=18432 using MPIUNI channel via memcpy() in one chunk
20220807 083740.994 DEBUG            PET0 VMK::recv():4970, size=18432 using MPIUNI channel via memcpy() in one chunk
20220807 083740.994 DEBUG            PET0 VMK::send():4482, size=18432 using MPIUNI channel via memcpy() in one chunk
20220807 083740.994 DEBUG            PET0 VMK::recv():4970, size=18432 using MPIUNI channel via memcpy() in one chunk
20220807 083740.994 DEBUG            PET0 VMK::send():4482, size=18432 using MPIUNI channel via memcpy() in one chunk
20220807 083740.994 DEBUG            PET0 VMK::recv():4970, size=18432 using MPIUNI channel via memcpy() in one chunk
20220807 083740.994 DEBUG            PET0 VMK::send():4482, size=18432 using MPIUNI channel via memcpy() in one chunk
20220807 083740.996 DEBUG            PET0 VMK::recv():4970, size=18432 using MPIUNI channel via memcpy() in one chunk
20220807 083740.996 DEBUG            PET0 VMK::send():4482, size=18432 using MPIUNI channel via memcpy() in one chunk
20220807 083740.996 DEBUG            PET0 VMK::recv():4970, size=18432 using MPIUNI channel via memcpy() in one chunk
20220807 083740.996 DEBUG            PET0 VMK::send():4482, size=18432 using MPIUNI channel via memcpy() in one chunk
20220807 083740.996 DEBUG            PET0 VMK::recv():4970, size=18432 using MPIUNI channel via memcpy() in one chunk
20220807 083740.996 DEBUG            PET0 VMK::send():4482, size=18432 using MPIUNI channel via memcpy() in one chunk
20220807 083740.996 DEBUG            PET0 VMK::recv():4970, size=18432 using MPIUNI channel via memcpy() in one chunk
20220807 083740.996 DEBUG            PET0 VMK::send():4482, size=18432 using MPIUNI channel via memcpy() in one chunk
20220807 083740.996 DEBUG            PET0 VMK::recv():4970, size=18432 using MPIUNI channel via memcpy() in one chunk
20220807 083740.996 DEBUG            PET0 VMK::send():4482, size=18432 using MPIUNI channel via memcpy() in one chunk
20220807 083740.998 DEBUG            PET0 VMK::recv():4970, size=9216 using MPIUNI channel via memcpy() in one chunk
20220807 083740.998 DEBUG            PET0 VMK::send():4482, size=9216 using MPIUNI channel via memcpy() in one chunk
20220807 083740.998 DEBUG            PET0 VMK::recv():4970, size=9216 using MPIUNI channel via memcpy() in one chunk
20220807 083740.998 DEBUG            PET0 VMK::send():4482, size=9216 using MPIUNI channel via memcpy() in one chunk
20220807 083740.998 DEBUG            PET0 VMK::recv():4970, size=9216 using MPIUNI channel via memcpy() in one chunk
20220807 083740.998 DEBUG            PET0 VMK::send():4482, size=9216 using MPIUNI channel via memcpy() in one chunk
20220807 083740.998 DEBUG            PET0 VMK::recv():4970, size=9216 using MPIUNI channel via memcpy() in one chunk
20220807 083740.998 DEBUG            PET0 VMK::send():4482, size=9216 using MPIUNI channel via memcpy() in one chunk
20220807 083740.998 DEBUG            PET0 VMK::recv():4970, size=9216 using MPIUNI channel via memcpy() in one chunk
20220807 083740.999 DEBUG            PET0 VMK::send():4482, size=9216 using MPIUNI channel via memcpy() in one chunk
20220807 083740.999 DEBUG            PET0 VMK::recv():4970, size=9216 using MPIUNI channel via memcpy() in one chunk
20220807 083740.999 DEBUG            PET0 VMK::send():4482, size=9216 using MPIUNI channel via memcpy() in one chunk
20220807 083740.999 DEBUG            PET0 VMK::recv():4970, size=9216 using MPIUNI channel via memcpy() in one chunk
20220807 083740.999 DEBUG            PET0 VMK::send():4482, size=9216 using MPIUNI channel via memcpy() in one chunk
20220807 083740.999 DEBUG            PET0 VMK::recv():4970, size=9216 using MPIUNI channel via memcpy() in one chunk
20220807 083740.999 DEBUG            PET0 VMK::send():4482, size=9216 using MPIUNI channel via memcpy() in one chunk
20220807 083740.999 DEBUG            PET0 VMK::recv():4970, size=9216 using MPIUNI channel via memcpy() in one chunk
20220807 083740.999 DEBUG            PET0 VMK::send():4482, size=9216 using MPIUNI channel via memcpy() in one chunk
20220807 083740.999 DEBUG            PET0 VMK::recv():4970, size=9216 using MPIUNI channel via memcpy() in one chunk
20220807 083740.999 DEBUG            PET0 VMK::send():4482, size=9216 using MPIUNI channel via memcpy() in one chunk
20220807 083741.001 DEBUG            PET0 VMK::recv():4970, size=9216 using MPIUNI channel via memcpy() in one chunk
20220807 083741.001 DEBUG            PET0 VMK::send():4482, size=9216 using MPIUNI channel via memcpy() in one chunk
20220807 083741.001 DEBUG            PET0 VMK::recv():4970, size=9216 using MPIUNI channel via memcpy() in one chunk
20220807 083741.001 DEBUG            PET0 VMK::send():4482, size=9216 using MPIUNI channel via memcpy() in one chunk
20220807 083741.001 DEBUG            PET0 VMK::recv():4970, size=9216 using MPIUNI channel via memcpy() in one chunk
20220807 083741.001 DEBUG            PET0 VMK::send():4482, size=9216 using MPIUNI channel via memcpy() in one chunk
20220807 083741.001 DEBUG            PET0 VMK::recv():4970, size=9216 using MPIUNI channel via memcpy() in one chunk
20220807 083741.001 DEBUG            PET0 VMK::send():4482, size=9216 using MPIUNI channel via memcpy() in one chunk
20220807 083741.001 DEBUG            PET0 VMK::recv():4970, size=9216 using MPIUNI channel via memcpy() in one chunk
20220807 083741.001 DEBUG            PET0 VMK::send():4482, size=9216 using MPIUNI channel via memcpy() in one chunk
20220807 083741.001 DEBUG            PET0 VMK::recv():4970, size=9216 using MPIUNI channel via memcpy() in one chunk
20220807 083741.001 DEBUG            PET0 VMK::send():4482, size=9216 using MPIUNI channel via memcpy() in one chunk
20220807 083741.001 DEBUG            PET0 VMK::recv():4970, size=9216 using MPIUNI channel via memcpy() in one chunk
20220807 083741.001 DEBUG            PET0 VMK::send():4482, size=9216 using MPIUNI channel via memcpy() in one chunk
20220807 083741.001 DEBUG            PET0 VMK::recv():4970, size=9216 using MPIUNI channel via memcpy() in one chunk
20220807 083741.001 DEBUG            PET0 VMK::send():4482, size=9216 using MPIUNI channel via memcpy() in one chunk
20220807 083741.001 DEBUG            PET0 VMK::recv():4970, size=9216 using MPIUNI channel via memcpy() in one chunk
20220807 083741.001 DEBUG            PET0 VMK::send():4482, size=9216 using MPIUNI channel via memcpy() in one chunk
20220807 083741.001 DEBUG            PET0 VMK::recv():4970, size=9216 using MPIUNI channel via memcpy() in one chunk
20220807 083741.001 DEBUG            PET0 VMK::send():4482, size=9216 using MPIUNI channel via memcpy() in one chunk
20220807 083741.003 DEBUG            PET0 VMK::recv():4970, size=4608 using MPIUNI channel via memcpy() in one chunk
20220807 083741.003 DEBUG            PET0 VMK::send():4482, size=4608 using MPIUNI channel via memcpy() in one chunk
20220807 083741.003 DEBUG            PET0 VMK::recv():4970, size=4608 using MPIUNI channel via memcpy() in one chunk
20220807 083741.003 DEBUG            PET0 VMK::send():4482, size=4608 using MPIUNI channel via memcpy() in one chunk
20220807 083741.003 DEBUG            PET0 VMK::recv():4970, size=4608 using MPIUNI channel via memcpy() in one chunk
20220807 083741.003 DEBUG            PET0 VMK::send():4482, size=4608 using MPIUNI channel via memcpy() in one chunk
20220807 083741.003 DEBUG            PET0 VMK::recv():4970, size=4608 using MPIUNI channel via memcpy() in one chunk
20220807 083741.003 DEBUG            PET0 VMK::send():4482, size=4608 using MPIUNI channel via memcpy() in one chunk
20220807 083741.003 DEBUG            PET0 VMK::recv():4970, size=4608 using MPIUNI channel via memcpy() in one chunk
20220807 083741.003 DEBUG            PET0 VMK::send():4482, size=4608 using MPIUNI channel via memcpy() in one chunk
20220807 083741.003 DEBUG            PET0 VMK::recv():4970, size=4608 using MPIUNI channel via memcpy() in one chunk
20220807 083741.003 DEBUG            PET0 VMK::send():4482, size=4608 using MPIUNI channel via memcpy() in one chunk
20220807 083741.003 DEBUG            PET0 VMK::recv():4970, size=4608 using MPIUNI channel via memcpy() in one chunk
20220807 083741.003 DEBUG            PET0 VMK::send():4482, size=4608 using MPIUNI channel via memcpy() in one chunk
20220807 083741.003 DEBUG            PET0 VMK::recv():4970, size=4608 using MPIUNI channel via memcpy() in one chunk
20220807 083741.003 DEBUG            PET0 VMK::send():4482, size=4608 using MPIUNI channel via memcpy() in one chunk
20220807 083741.003 DEBUG            PET0 VMK::recv():4970, size=4608 using MPIUNI channel via memcpy() in one chunk
20220807 083741.003 DEBUG            PET0 VMK::send():4482, size=4608 using MPIUNI channel via memcpy() in one chunk
20220807 083741.003 DEBUG            PET0 VMK::recv():4970, size=4608 using MPIUNI channel via memcpy() in one chunk
20220807 083741.003 DEBUG            PET0 VMK::send():4482, size=4608 using MPIUNI channel via memcpy() in one chunk
20220807 083741.005 DEBUG            PET0 VMK::recv():4970, size=4608 using MPIUNI channel via memcpy() in one chunk
20220807 083741.005 DEBUG            PET0 VMK::send():4482, size=4608 using MPIUNI channel via memcpy() in one chunk
20220807 083741.005 DEBUG            PET0 VMK::recv():4970, size=4608 using MPIUNI channel via memcpy() in one chunk
20220807 083741.005 DEBUG            PET0 VMK::send():4482, size=4608 using MPIUNI channel via memcpy() in one chunk
20220807 083741.005 DEBUG            PET0 VMK::recv():4970, size=4608 using MPIUNI channel via memcpy() in one chunk
20220807 083741.005 DEBUG            PET0 VMK::send():4482, size=4608 using MPIUNI channel via memcpy() in one chunk
20220807 083741.005 DEBUG            PET0 VMK::recv():4970, size=4608 using MPIUNI channel via memcpy() in one chunk
20220807 083741.005 DEBUG            PET0 VMK::send():4482, size=4608 using MPIUNI channel via memcpy() in one chunk
20220807 083741.005 DEBUG            PET0 VMK::recv():4970, size=4608 using MPIUNI channel via memcpy() in one chunk
20220807 083741.005 DEBUG            PET0 VMK::send():4482, size=4608 using MPIUNI channel via memcpy() in one chunk
20220807 083741.005 DEBUG            PET0 VMK::recv():4970, size=4608 using MPIUNI channel via memcpy() in one chunk
20220807 083741.005 DEBUG            PET0 VMK::send():4482, size=4608 using MPIUNI channel via memcpy() in one chunk
20220807 083741.005 DEBUG            PET0 VMK::recv():4970, size=4608 using MPIUNI channel via memcpy() in one chunk
20220807 083741.005 DEBUG            PET0 VMK::send():4482, size=4608 using MPIUNI channel via memcpy() in one chunk
20220807 083741.005 DEBUG            PET0 VMK::recv():4970, size=4608 using MPIUNI channel via memcpy() in one chunk
20220807 083741.005 DEBUG            PET0 VMK::send():4482, size=4608 using MPIUNI channel via memcpy() in one chunk
20220807 083741.005 DEBUG            PET0 VMK::recv():4970, size=4608 using MPIUNI channel via memcpy() in one chunk
20220807 083741.005 DEBUG            PET0 VMK::send():4482, size=4608 using MPIUNI channel via memcpy() in one chunk
20220807 083741.005 DEBUG            PET0 VMK::recv():4970, size=4608 using MPIUNI channel via memcpy() in one chunk
20220807 083741.005 DEBUG            PET0 VMK::send():4482, size=4608 using MPIUNI channel via memcpy() in one chunk
20220807 083741.006 DEBUG            PET0 VMK::recv():4970, size=4608 using MPIUNI channel via memcpy() in one chunk
20220807 083741.006 DEBUG            PET0 VMK::send():4482, size=4608 using MPIUNI channel via memcpy() in one chunk
20220807 083741.006 DEBUG            PET0 VMK::recv():4970, size=4608 using MPIUNI channel via memcpy() in one chunk
20220807 083741.006 DEBUG            PET0 VMK::send():4482, size=4608 using MPIUNI channel via memcpy() in one chunk
20220807 083741.006 DEBUG            PET0 VMK::recv():4970, size=4608 using MPIUNI channel via memcpy() in one chunk
20220807 083741.006 DEBUG            PET0 VMK::send():4482, size=4608 using MPIUNI channel via memcpy() in one chunk
20220807 083741.006 DEBUG            PET0 VMK::recv():4970, size=4608 using MPIUNI channel via memcpy() in one chunk
20220807 083741.006 DEBUG            PET0 VMK::send():4482, size=4608 using MPIUNI channel via memcpy() in one chunk
20220807 083741.007 DEBUG            PET0 VMK::recv():4970, size=4608 using MPIUNI channel via memcpy() in one chunk
20220807 083741.007 DEBUG            PET0 VMK::send():4482, size=4608 using MPIUNI channel via memcpy() in one chunk
20220807 083741.007 DEBUG            PET0 VMK::recv():4970, size=4608 using MPIUNI channel via memcpy() in one chunk
20220807 083741.007 DEBUG            PET0 VMK::send():4482, size=4608 using MPIUNI channel via memcpy() in one chunk
20220807 083741.007 DEBUG            PET0 VMK::recv():4970, size=4608 using MPIUNI channel via memcpy() in one chunk
20220807 083741.007 DEBUG            PET0 VMK::send():4482, size=4608 using MPIUNI channel via memcpy() in one chunk
20220807 083741.007 DEBUG            PET0 VMK::recv():4970, size=4608 using MPIUNI channel via memcpy() in one chunk
20220807 083741.007 DEBUG            PET0 VMK::send():4482, size=4608 using MPIUNI channel via memcpy() in one chunk
20220807 083741.007 DEBUG            PET0 VMK::recv():4970, size=4608 using MPIUNI channel via memcpy() in one chunk
20220807 083741.007 DEBUG            PET0 VMK::send():4482, size=4608 using MPIUNI channel via memcpy() in one chunk
20220807 083741.007 DEBUG            PET0 VMK::recv():4970, size=4608 using MPIUNI channel via memcpy() in one chunk
20220807 083741.007 DEBUG            PET0 VMK::send():4482, size=4608 using MPIUNI channel via memcpy() in one chunk
20220807 083741.008 DEBUG            PET0 VMK::recv():4970, size=4608 using MPIUNI channel via memcpy() in one chunk
20220807 083741.008 DEBUG            PET0 VMK::send():4482, size=4608 using MPIUNI channel via memcpy() in one chunk
20220807 083741.008 DEBUG            PET0 VMK::recv():4970, size=4608 using MPIUNI channel via memcpy() in one chunk
20220807 083741.008 DEBUG            PET0 VMK::send():4482, size=4608 using MPIUNI channel via memcpy() in one chunk
20220807 083741.008 DEBUG            PET0 VMK::recv():4970, size=4608 using MPIUNI channel via memcpy() in one chunk
20220807 083741.008 DEBUG            PET0 VMK::send():4482, size=4608 using MPIUNI channel via memcpy() in one chunk
20220807 083741.008 DEBUG            PET0 VMK::recv():4970, size=4608 using MPIUNI channel via memcpy() in one chunk
20220807 083741.008 DEBUG            PET0 VMK::send():4482, size=4608 using MPIUNI channel via memcpy() in one chunk
20220807 083741.008 DEBUG            PET0 VMK::recv():4970, size=4608 using MPIUNI channel via memcpy() in one chunk
20220807 083741.008 DEBUG            PET0 VMK::send():4482, size=4608 using MPIUNI channel via memcpy() in one chunk
20220807 083741.008 DEBUG            PET0 VMK::recv():4970, size=4608 using MPIUNI channel via memcpy() in one chunk
20220807 083741.008 DEBUG            PET0 VMK::send():4482, size=4608 using MPIUNI channel via memcpy() in one chunk
20220807 083741.009 DEBUG            PET0 VMK::recv():4970, size=4608 using MPIUNI channel via memcpy() in one chunk
20220807 083741.009 DEBUG            PET0 VMK::send():4482, size=4608 using MPIUNI channel via memcpy() in one chunk
20220807 083741.009 DEBUG            PET0 VMK::recv():4970, size=4608 using MPIUNI channel via memcpy() in one chunk
20220807 083741.009 DEBUG            PET0 VMK::send():4482, size=4608 using MPIUNI channel via memcpy() in one chunk
20220807 083741.009 DEBUG            PET0 VMK::recv():4970, size=4608 using MPIUNI channel via memcpy() in one chunk
20220807 083741.009 DEBUG            PET0 VMK::send():4482, size=4608 using MPIUNI channel via memcpy() in one chunk
20220807 083741.009 DEBUG            PET0 VMK::recv():4970, size=4608 using MPIUNI channel via memcpy() in one chunk
20220807 083741.009 DEBUG            PET0 VMK::send():4482, size=4608 using MPIUNI channel via memcpy() in one chunk
20220807 083741.010 DEBUG            PET0 VMK::recv():4970, size=4608 using MPIUNI channel via memcpy() in one chunk
20220807 083741.010 DEBUG            PET0 VMK::send():4482, size=4608 using MPIUNI channel via memcpy() in one chunk
20220807 083741.010 DEBUG            PET0 VMK::recv():4970, size=4608 using MPIUNI channel via memcpy() in one chunk
20220807 083741.010 DEBUG            PET0 VMK::send():4482, size=4608 using MPIUNI channel via memcpy() in one chunk
20220807 083741.010 DEBUG            PET0 VMK::recv():4970, size=4608 using MPIUNI channel via memcpy() in one chunk
20220807 083741.010 DEBUG            PET0 VMK::send():4482, size=4608 using MPIUNI channel via memcpy() in one chunk
20220807 083741.010 DEBUG            PET0 VMK::recv():4970, size=4608 using MPIUNI channel via memcpy() in one chunk
20220807 083741.010 DEBUG            PET0 VMK::send():4482, size=4608 using MPIUNI channel via memcpy() in one chunk
20220807 083741.010 DEBUG            PET0 VMK::recv():4970, size=4608 using MPIUNI channel via memcpy() in one chunk
20220807 083741.010 DEBUG            PET0 VMK::send():4482, size=4608 using MPIUNI channel via memcpy() in one chunk
20220807 083741.010 DEBUG            PET0 VMK::recv():4970, size=4608 using MPIUNI channel via memcpy() in one chunk
20220807 083741.010 DEBUG            PET0 VMK::send():4482, size=4608 using MPIUNI channel via memcpy() in one chunk
20220807 083741.010 DEBUG            PET0 VMK::recv():4970, size=4608 using MPIUNI channel via memcpy() in one chunk
20220807 083741.010 DEBUG            PET0 VMK::send():4482, size=4608 using MPIUNI channel via memcpy() in one chunk
20220807 083741.010 DEBUG            PET0 VMK::recv():4970, size=4608 using MPIUNI channel via memcpy() in one chunk
20220807 083741.010 DEBUG            PET0 VMK::send():4482, size=4608 using MPIUNI channel via memcpy() in one chunk
20220807 083741.010 DEBUG            PET0 VMK::recv():4970, size=4608 using MPIUNI channel via memcpy() in one chunk
20220807 083741.010 DEBUG            PET0 VMK::send():4482, size=4608 using MPIUNI channel via memcpy() in one chunk
20220807 083741.010 DEBUG            PET0 VMK::recv():4970, size=4608 using MPIUNI channel via memcpy() in one chunk
20220807 083741.010 DEBUG            PET0 VMK::send():4482, size=4608 using MPIUNI channel via memcpy() in one chunk
20220807 083741.012 DEBUG            PET0 VMK::recv():4970, size=4608 using MPIUNI channel via memcpy() in one chunk
20220807 083741.012 DEBUG            PET0 VMK::send():4482, size=4608 using MPIUNI channel via memcpy() in one chunk
20220807 083741.013 DEBUG            PET0 VMK::recv():4970, size=4608 using MPIUNI channel via memcpy() in one chunk
20220807 083741.013 DEBUG            PET0 VMK::send():4482, size=4608 using MPIUNI channel via memcpy() in one chunk
20220807 083741.013 DEBUG            PET0 VMK::recv():4970, size=4608 using MPIUNI channel via memcpy() in one chunk
20220807 083741.013 DEBUG            PET0 VMK::send():4482, size=4608 using MPIUNI channel via memcpy() in one chunk
20220807 083741.013 DEBUG            PET0 VMK::recv():4970, size=4608 using MPIUNI channel via memcpy() in one chunk
20220807 083741.013 DEBUG            PET0 VMK::send():4482, size=4608 using MPIUNI channel via memcpy() in one chunk
20220807 083741.013 DEBUG            PET0 VMK::recv():4970, size=4608 using MPIUNI channel via memcpy() in one chunk
20220807 083741.013 DEBUG            PET0 VMK::send():4482, size=4608 using MPIUNI channel via memcpy() in one chunk
20220807 083741.013 DEBUG            PET0 VMK::recv():4970, size=4608 using MPIUNI channel via memcpy() in one chunk
20220807 083741.013 DEBUG            PET0 VMK::send():4482, size=4608 using MPIUNI channel via memcpy() in one chunk
20220807 083741.013 DEBUG            PET0 VMK::recv():4970, size=4608 using MPIUNI channel via memcpy() in one chunk
20220807 083741.013 DEBUG            PET0 VMK::send():4482, size=4608 using MPIUNI channel via memcpy() in one chunk
20220807 083741.013 DEBUG            PET0 VMK::recv():4970, size=4608 using MPIUNI channel via memcpy() in one chunk
20220807 083741.013 DEBUG            PET0 VMK::send():4482, size=4608 using MPIUNI channel via memcpy() in one chunk
20220807 083741.013 DEBUG            PET0 VMK::recv():4970, size=4608 using MPIUNI channel via memcpy() in one chunk
20220807 083741.013 DEBUG            PET0 VMK::send():4482, size=4608 using MPIUNI channel via memcpy() in one chunk
20220807 083741.013 DEBUG            PET0 VMK::recv():4970, size=4608 using MPIUNI channel via memcpy() in one chunk
20220807 083741.013 DEBUG            PET0 VMK::send():4482, size=4608 using MPIUNI channel via memcpy() in one chunk
20220807 083741.013 DEBUG            PET0 VMK::recv():4970, size=4608 using MPIUNI channel via memcpy() in one chunk
20220807 083741.013 DEBUG            PET0 VMK::send():4482, size=4608 using MPIUNI channel via memcpy() in one chunk
20220807 083741.014 DEBUG            PET0 VMK::recv():4970, size=4608 using MPIUNI channel via memcpy() in one chunk
20220807 083741.014 DEBUG            PET0 VMK::send():4482, size=4608 using MPIUNI channel via memcpy() in one chunk
20220807 083741.015 DEBUG            PET0 VMK::recv():4970, size=46080 using MPIUNI channel via memcpy() in one chunk
20220807 083741.016 DEBUG            PET0 VMK::send():4482, size=46080 using MPIUNI channel via memcpy() in one chunk
20220807 083741.017 DEBUG            PET0 VMK::recv():4970, size=46080 using MPIUNI channel via memcpy() in one chunk
20220807 083741.017 DEBUG            PET0 VMK::send():4482, size=46080 using MPIUNI channel via memcpy() in one chunk
20220807 083741.018 DEBUG            PET0 VMK::recv():4970, size=46080 using MPIUNI channel via memcpy() in one chunk
20220807 083741.018 DEBUG            PET0 VMK::send():4482, size=46080 using MPIUNI channel via memcpy() in one chunk
20220807 083741.019 DEBUG            PET0 VMK::recv():4970, size=46080 using MPIUNI channel via memcpy() in one chunk
20220807 083741.020 DEBUG            PET0 VMK::send():4482, size=46080 using MPIUNI channel via memcpy() in one chunk
20220807 083741.020 DEBUG            PET0 VMK::recv():4970, size=4608 using MPIUNI channel via memcpy() in one chunk
20220807 083741.020 DEBUG            PET0 VMK::send():4482, size=4608 using MPIUNI channel via memcpy() in one chunk
20220807 083741.020 DEBUG            PET0 VMK::recv():4970, size=4608 using MPIUNI channel via memcpy() in one chunk
20220807 083741.020 DEBUG            PET0 VMK::send():4482, size=4608 using MPIUNI channel via memcpy() in one chunk
20220807 083741.020 DEBUG            PET0 VMK::recv():4970, size=46080 using MPIUNI channel via memcpy() in one chunk
20220807 083741.021 DEBUG            PET0 VMK::send():4482, size=46080 using MPIUNI channel via memcpy() in one chunk
20220807 083741.021 DEBUG            PET0 VMK::recv():4970, size=46080 using MPIUNI channel via memcpy() in one chunk
20220807 083741.021 DEBUG            PET0 VMK::send():4482, size=46080 using MPIUNI channel via memcpy() in one chunk
20220807 083741.021 DEBUG            PET0 VMK::recv():4970, size=46080 using MPIUNI channel via memcpy() in one chunk
20220807 083741.021 DEBUG            PET0 VMK::send():4482, size=46080 using MPIUNI channel via memcpy() in one chunk
20220807 083741.021 DEBUG            PET0 VMK::recv():4970, size=46080 using MPIUNI channel via memcpy() in one chunk
20220807 083741.021 DEBUG            PET0 VMK::send():4482, size=46080 using MPIUNI channel via memcpy() in one chunk
20220807 083741.022 DEBUG            PET0 VMK::recv():4970, size=4608 using MPIUNI channel via memcpy() in one chunk
20220807 083741.022 DEBUG            PET0 VMK::send():4482, size=4608 using MPIUNI channel via memcpy() in one chunk
20220807 083741.022 INFO             PET0  NUMBER_OF_PROCESSORS           1
20220807 083741.022 INFO             PET0  PASS  Example ESMF_RHandleReusabilityEx, ESMF_RHandleReusabilityEx.F90, line 582
20220807 083741.022 INFO             PET0 Finalizing ESMF
20220807 083741.022 DEBUG            PET0 epochFinal
