2022-07-25 00:50:04
20220725 012244.623 INFO             PET0 !!!!!!!!!!!!!!!!!!!!!!!!!!!!!!!!!!!!!!!!!!!!!!!!!!!!!!
20220725 012244.624 INFO             PET0 !!! THE ESMF_LOG IS SET TO OUTPUT ALL LOG MESSAGES !!!
20220725 012244.624 INFO             PET0 !!!     THIS MAY CAUSE SLOWDOWN IN PERFORMANCE     !!!
20220725 012244.624 INFO             PET0 !!! FOR PRODUCTION RUNS, USE:                      !!!
20220725 012244.624 INFO             PET0 !!!                   ESMF_LOGKIND_Multi_On_Error  !!!
20220725 012244.624 INFO             PET0 !!!!!!!!!!!!!!!!!!!!!!!!!!!!!!!!!!!!!!!!!!!!!!!!!!!!!!
20220725 012244.624 INFO             PET0 Running with ESMF Version   : 8.4.0 beta snapshot
20220725 012244.624 INFO             PET0 ESMF library build date/time: "Jul 25 2022" "00:48:13"
20220725 012244.624 INFO             PET0 ESMF library build location : /lustre/f2/dev/Mark.Potts/esmf-test/intel_2019.5_mpi_g_develop/esmf
20220725 012244.624 INFO             PET0 ESMF_COMM                   : mpi
20220725 012244.625 INFO             PET0 ESMF_MOAB                   : enabled
20220725 012244.625 INFO             PET0 ESMF_LAPACK                 : enabled
20220725 012244.625 INFO             PET0 ESMF_NETCDF                 : enabled
20220725 012244.625 INFO             PET0 ESMF_PNETCDF                : disabled
20220725 012244.625 INFO             PET0 ESMF_PIO                    : enabled
20220725 012244.625 INFO             PET0 ESMF_YAMLCPP                : enabled
20220725 012244.627 INFO             PET0  NUMBER_OF_PROCESSORS           1
20220725 012244.627 INFO             PET0  PASS  Example ESMF_ClockEx, ESMF_ClockEx.F90, line 220
20220725 012244.627 INFO             PET0 Finalizing ESMF
