2022-09-05 01:04:14
20220905 013913.343 INFO             PET0 !!!!!!!!!!!!!!!!!!!!!!!!!!!!!!!!!!!!!!!!!!!!!!!!!!!!!!
20220905 013913.344 INFO             PET0 !!! THE ESMF_LOG IS SET TO OUTPUT ALL LOG MESSAGES !!!
20220905 013913.344 INFO             PET0 !!!     THIS MAY CAUSE SLOWDOWN IN PERFORMANCE     !!!
20220905 013913.344 INFO             PET0 !!! FOR PRODUCTION RUNS, USE:                      !!!
20220905 013913.344 INFO             PET0 !!!                   ESMF_LOGKIND_Multi_On_Error  !!!
20220905 013913.344 INFO             PET0 !!!!!!!!!!!!!!!!!!!!!!!!!!!!!!!!!!!!!!!!!!!!!!!!!!!!!!
20220905 013913.344 INFO             PET0 Running with ESMF Version   : v8.4.0b12-1-gce85282b0e
20220905 013913.345 INFO             PET0 ESMF library build date/time: "Sep  5 2022" "01:02:21"
20220905 013913.345 INFO             PET0 ESMF library build location : /lustre/f2/dev/Mark.Potts/esmf-test/intel_2019.5_mpi_g_develop/esmf
20220905 013913.346 INFO             PET0 ESMF_COMM                   : mpi
20220905 013913.348 INFO             PET0 ESMF_MOAB                   : enabled
20220905 013913.348 INFO             PET0 ESMF_LAPACK                 : enabled
20220905 013913.348 INFO             PET0 ESMF_NETCDF                 : enabled
20220905 013913.348 INFO             PET0 ESMF_PNETCDF                : disabled
20220905 013913.348 INFO             PET0 ESMF_PIO                    : enabled
20220905 013913.348 INFO             PET0 ESMF_YAMLCPP                : enabled
20220905 013913.356 INFO             PET0  NUMBER_OF_PROCESSORS           2
20220905 013913.357 INFO             PET0  PASS  Example ESMF_VMUserMpiCommEx, ESMF_VMUserMpiCommEx.F90, line 113
20220905 013913.357 INFO             PET0 Finalizing ESMF
20220905 013913.355 INFO             PET1 !!!!!!!!!!!!!!!!!!!!!!!!!!!!!!!!!!!!!!!!!!!!!!!!!!!!!!
20220905 013913.355 INFO             PET1 !!! THE ESMF_LOG IS SET TO OUTPUT ALL LOG MESSAGES !!!
20220905 013913.355 INFO             PET1 !!!     THIS MAY CAUSE SLOWDOWN IN PERFORMANCE     !!!
20220905 013913.355 INFO             PET1 !!! FOR PRODUCTION RUNS, USE:                      !!!
20220905 013913.355 INFO             PET1 !!!                   ESMF_LOGKIND_Multi_On_Error  !!!
20220905 013913.355 INFO             PET1 !!!!!!!!!!!!!!!!!!!!!!!!!!!!!!!!!!!!!!!!!!!!!!!!!!!!!!
20220905 013913.355 INFO             PET1 Running with ESMF Version   : v8.4.0b12-1-gce85282b0e
20220905 013913.355 INFO             PET1 ESMF library build date/time: "Sep  5 2022" "01:02:21"
20220905 013913.355 INFO             PET1 ESMF library build location : /lustre/f2/dev/Mark.Potts/esmf-test/intel_2019.5_mpi_g_develop/esmf
20220905 013913.355 INFO             PET1 ESMF_COMM                   : mpi
20220905 013913.356 INFO             PET1 ESMF_MOAB                   : enabled
20220905 013913.356 INFO             PET1 ESMF_LAPACK                 : enabled
20220905 013913.356 INFO             PET1 ESMF_NETCDF                 : enabled
20220905 013913.356 INFO             PET1 ESMF_PNETCDF                : disabled
20220905 013913.356 INFO             PET1 ESMF_PIO                    : enabled
20220905 013913.356 INFO             PET1 ESMF_YAMLCPP                : enabled
20220905 013913.356 INFO             PET1  NUMBER_OF_PROCESSORS           2
20220905 013913.357 INFO             PET1  PASS  Example ESMF_VMUserMpiCommEx, ESMF_VMUserMpiCommEx.F90, line 113
20220905 013913.357 INFO             PET1 Finalizing ESMF
