2022-08-27 00:56:32
20220827 024001.263 INFO             PET0 !!!!!!!!!!!!!!!!!!!!!!!!!!!!!!!!!!!!!!!!!!!!!!!!!!!!!!
20220827 024001.263 INFO             PET0 !!! THE ESMF_LOG IS SET TO OUTPUT ALL LOG MESSAGES !!!
20220827 024001.263 INFO             PET0 !!!     THIS MAY CAUSE SLOWDOWN IN PERFORMANCE     !!!
20220827 024001.263 INFO             PET0 !!! FOR PRODUCTION RUNS, USE:                      !!!
20220827 024001.263 INFO             PET0 !!!                   ESMF_LOGKIND_Multi_On_Error  !!!
20220827 024001.263 INFO             PET0 !!!!!!!!!!!!!!!!!!!!!!!!!!!!!!!!!!!!!!!!!!!!!!!!!!!!!!
20220827 024001.263 INFO             PET0 Running with ESMF Version   : v8.4.0b11
20220827 024001.264 INFO             PET0 ESMF library build date/time: "Aug 27 2022" "00:54:51"
20220827 024001.264 INFO             PET0 ESMF library build location : /lustre/f2/dev/Mark.Potts/esmf-test/intel_2019.5_mpi_g_develop/esmf
20220827 024001.264 INFO             PET0 ESMF_COMM                   : mpi
20220827 024001.265 INFO             PET0 ESMF_MOAB                   : enabled
20220827 024001.265 INFO             PET0 ESMF_LAPACK                 : enabled
20220827 024001.265 INFO             PET0 ESMF_NETCDF                 : enabled
20220827 024001.265 INFO             PET0 ESMF_PNETCDF                : disabled
20220827 024001.265 INFO             PET0 ESMF_PIO                    : enabled
20220827 024001.265 INFO             PET0 ESMF_YAMLCPP                : enabled
20220827 024001.267 INFO             PET0  NUMBER_OF_PROCESSORS           1
20220827 024001.267 INFO             PET0  PASS  Example ESMF_AlarmEx, ESMF_AlarmEx.F90, line 244
20220827 024001.267 INFO             PET0 Finalizing ESMF
