2022-09-18 01:38:30
20220918 022643.734 INFO             PET0 !!!!!!!!!!!!!!!!!!!!!!!!!!!!!!!!!!!!!!!!!!!!!!!!!!!!!!
20220918 022643.734 INFO             PET0 !!! THE ESMF_LOG IS SET TO OUTPUT ALL LOG MESSAGES !!!
20220918 022643.734 INFO             PET0 !!!     THIS MAY CAUSE SLOWDOWN IN PERFORMANCE     !!!
20220918 022643.734 INFO             PET0 !!! FOR PRODUCTION RUNS, USE:                      !!!
20220918 022643.734 INFO             PET0 !!!                   ESMF_LOGKIND_Multi_On_Error  !!!
20220918 022643.734 INFO             PET0 !!!!!!!!!!!!!!!!!!!!!!!!!!!!!!!!!!!!!!!!!!!!!!!!!!!!!!
20220918 022643.734 INFO             PET0 Running with ESMF Version   : v8.4.0b13-87-ga736f50963
20220918 022643.734 INFO             PET0 ESMF library build date/time: "Sep 18 2022" "01:35:27"
20220918 022643.734 INFO             PET0 ESMF library build location : /discover/nobackup/projects/sbu/mpotts/esmf-test/pgi_20.4_mpiuni_O_develop/esmf
20220918 022643.734 INFO             PET0 ESMF_COMM                   : mpiuni
20220918 022643.734 INFO             PET0 ESMF_MOAB                   : enabled
20220918 022643.734 INFO             PET0 ESMF_LAPACK                 : enabled
20220918 022643.734 INFO             PET0 ESMF_NETCDF                 : disabled
20220918 022643.734 INFO             PET0 ESMF_PNETCDF                : disabled
20220918 022643.734 INFO             PET0 ESMF_PIO                    : disabled
20220918 022643.734 INFO             PET0 ESMF_YAMLCPP                : enabled
20220918 022643.735 INFO             PET0 ESMF Tracing Enabled
20220918 022643.735 INFO             PET0 ESMF Profiling Enabled
20220918 022643.735 INFO             PET0 ESMF Trace/Profile clock: REALTIME
20220918 022643.735 INFO             PET0  NUMBER_OF_PROCESSORS            1
20220918 022643.735 INFO             PET0  PASS  Example ESMF_TraceUserEx, ESMF_TraceUserEx.F90, line 125
20220918 022643.735 INFO             PET0 Finalizing ESMF
20220918 022643.735 INFO             PET0 **************** Region Timings *******************
20220918 022643.735 INFO             PET0 Region                Count  Total (s)   Self (s)    Mean (s)    Min (s)     Max (s)
20220918 022643.735 INFO             PET0   [ESMF]              1      0.0001      0.0001      0.0001      0.0001      0.0001
20220918 022643.735 INFO             PET0     outer_region      1      0.0000      0.0000      0.0000      0.0000      0.0000
20220918 022643.735 INFO             PET0       inner_region_1  10     0.0000      0.0000      0.0000      0.0000      0.0000
20220918 022643.735 INFO             PET0       inner_region_2  10     0.0000      0.0000      0.0000      0.0000      0.0000
