2022-08-08 03:22:00
20220808 042936.785 INFO             PET0 !!!!!!!!!!!!!!!!!!!!!!!!!!!!!!!!!!!!!!!!!!!!!!!!!!!!!!
20220808 042936.786 INFO             PET0 !!! THE ESMF_LOG IS SET TO OUTPUT ALL LOG MESSAGES !!!
20220808 042936.786 INFO             PET0 !!!     THIS MAY CAUSE SLOWDOWN IN PERFORMANCE     !!!
20220808 042936.786 INFO             PET0 !!! FOR PRODUCTION RUNS, USE:                      !!!
20220808 042936.786 INFO             PET0 !!!                   ESMF_LOGKIND_Multi_On_Error  !!!
20220808 042936.786 INFO             PET0 !!!!!!!!!!!!!!!!!!!!!!!!!!!!!!!!!!!!!!!!!!!!!!!!!!!!!!
20220808 042936.786 INFO             PET0 Running with ESMF Version   : v8.3.0b17-30-g0de4558e1e
20220808 042936.786 INFO             PET0 ESMF library build date/time: "Aug  8 2022" "03:18:07"
20220808 042936.786 INFO             PET0 ESMF library build location : /scratch1/NCEPDEV/stmp2/Rocky.Dunlap/esmf-testing/pgi_19.1_mpiuni_g_feature_large-messages/esmf
20220808 042936.786 INFO             PET0 ESMF_COMM                   : mpiuni
20220808 042936.787 INFO             PET0 ESMF_MOAB                   : enabled
20220808 042936.787 INFO             PET0 ESMF_LAPACK                 : enabled
20220808 042936.787 INFO             PET0 ESMF_NETCDF                 : disabled
20220808 042936.787 INFO             PET0 ESMF_PNETCDF                : disabled
20220808 042936.787 INFO             PET0 ESMF_PIO                    : disabled
20220808 042936.787 INFO             PET0 ESMF_YAMLCPP                : enabled
20220808 042937.046 DEBUG            PET0 epochInit
20220808 042937.054 DEBUG            PET0 epochFinal
20220808 042937.054 INFO             PET0  NUMBER_OF_PROCESSORS            1
20220808 042937.054 INFO             PET0  PASS  Example ESMF_VMComponentEx, ESMF_VMComponentEx.F90, line 197
20220808 042937.054 INFO             PET0 Finalizing ESMF
20220808 042937.054 DEBUG            PET0 epochFinal
