2022-08-05 02:33:50
20220805 025507.959 INFO             PET0 !!!!!!!!!!!!!!!!!!!!!!!!!!!!!!!!!!!!!!!!!!!!!!!!!!!!!!
20220805 025507.959 INFO             PET0 !!! THE ESMF_LOG IS SET TO OUTPUT ALL LOG MESSAGES !!!
20220805 025507.959 INFO             PET0 !!!     THIS MAY CAUSE SLOWDOWN IN PERFORMANCE     !!!
20220805 025507.959 INFO             PET0 !!! FOR PRODUCTION RUNS, USE:                      !!!
20220805 025507.959 INFO             PET0 !!!                   ESMF_LOGKIND_Multi_On_Error  !!!
20220805 025507.959 INFO             PET0 !!!!!!!!!!!!!!!!!!!!!!!!!!!!!!!!!!!!!!!!!!!!!!!!!!!!!!
20220805 025507.959 INFO             PET0 Running with ESMF Version   : v8.3.0b17-27-g5b5163f
20220805 025507.959 INFO             PET0 ESMF library build date/time: "Aug  5 2022" "02:32:35"
20220805 025507.959 INFO             PET0 ESMF library build location : /work/noaa/da/mpotts/sandbox/gfortran_8.3.0_openmpi_g_feature_large-messages/esmf
20220805 025507.959 INFO             PET0 ESMF_COMM                   : openmpi
20220805 025507.959 INFO             PET0 ESMF_MOAB                   : enabled
20220805 025507.959 INFO             PET0 ESMF_LAPACK                 : enabled
20220805 025507.959 INFO             PET0 ESMF_NETCDF                 : enabled
20220805 025507.959 INFO             PET0 ESMF_PNETCDF                : disabled
20220805 025507.959 INFO             PET0 ESMF_PIO                    : enabled
20220805 025507.959 INFO             PET0 ESMF_YAMLCPP                : enabled
20220805 025507.965 DEBUG            PET0 VMK::recv():4898, size=100 in 1 chunks
20220805 025507.965 DEBUG            PET0 VMK::send():4407, size=100 in 1 chunks
20220805 025507.965 DEBUG            PET0 VMK::recv():4898, size=400 in 1 chunks
20220805 025507.965 DEBUG            PET0 VMK::send():4407, size=400 in 1 chunks
20220805 025507.965 DEBUG            PET0 VMK::recv():4898, size=200 in 1 chunks
20220805 025507.965 DEBUG            PET0 VMK::send():4407, size=200 in 1 chunks
20220805 025507.965 DEBUG            PET0 VMK::recv():4898, size=100 in 1 chunks
20220805 025507.965 DEBUG            PET0 VMK::send():4407, size=100 in 1 chunks
20220805 025507.965 DEBUG            PET0 VMK::recv():4898, size=400 in 1 chunks
20220805 025507.965 DEBUG            PET0 VMK::send():4407, size=400 in 1 chunks
20220805 025507.965 DEBUG            PET0 VMK::recv():4898, size=200 in 1 chunks
20220805 025507.965 DEBUG            PET0 VMK::send():4407, size=200 in 1 chunks
20220805 025507.966 DEBUG            PET0 VMK::recv():4898, size=500 in 1 chunks
20220805 025507.966 DEBUG            PET0 VMK::send():4407, size=500 in 1 chunks
20220805 025507.966 DEBUG            PET0 VMK::recv():4898, size=4 in 1 chunks
20220805 025507.966 DEBUG            PET0 VMK::send():4407, size=4 in 1 chunks
20220805 025507.966 DEBUG            PET0 VMK::recv():4898, size=1100 in 1 chunks
20220805 025507.966 DEBUG            PET0 VMK::send():4407, size=1100 in 1 chunks
20220805 025507.966 DEBUG            PET0 VMK::recv():4898, size=500 in 1 chunks
20220805 025507.966 DEBUG            PET0 VMK::send():4407, size=500 in 1 chunks
20220805 025507.966 DEBUG            PET0 VMK::recv():4898, size=4 in 1 chunks
20220805 025507.966 DEBUG            PET0 VMK::send():4407, size=4 in 1 chunks
20220805 025507.966 DEBUG            PET0 VMK::recv():4898, size=1100 in 1 chunks
20220805 025507.966 DEBUG            PET0 VMK::send():4407, size=1100 in 1 chunks
20220805 025507.967 DEBUG            PET0 VMK::recv():4898, size=200 in 1 chunks
20220805 025507.967 DEBUG            PET0 VMK::send():4407, size=200 in 1 chunks
20220805 025507.967 DEBUG            PET0 VMK::recv():4898, size=200 in 1 chunks
20220805 025507.967 DEBUG            PET0 VMK::send():4407, size=200 in 1 chunks
20220805 025507.967 DEBUG            PET0 VMK::recv():4898, size=200 in 1 chunks
20220805 025507.967 DEBUG            PET0 VMK::send():4407, size=200 in 1 chunks
20220805 025507.967 DEBUG            PET0 VMK::recv():4898, size=200 in 1 chunks
20220805 025507.967 DEBUG            PET0 VMK::send():4407, size=200 in 1 chunks
20220805 025507.967 DEBUG            PET0 VMK::recv():4898, size=200 in 1 chunks
20220805 025507.967 DEBUG            PET0 VMK::send():4407, size=200 in 1 chunks
20220805 025507.967 DEBUG            PET0 VMK::recv():4898, size=200 in 1 chunks
20220805 025507.967 DEBUG            PET0 VMK::send():4407, size=200 in 1 chunks
20220805 025507.967 DEBUG            PET0 VMK::recv():4898, size=200 in 1 chunks
20220805 025507.967 DEBUG            PET0 VMK::send():4407, size=200 in 1 chunks
20220805 025507.967 DEBUG            PET0 VMK::recv():4898, size=200 in 1 chunks
20220805 025507.967 DEBUG            PET0 VMK::send():4407, size=200 in 1 chunks
20220805 025507.968 DEBUG            PET0 VMK::recv():4898, size=200 in 1 chunks
20220805 025507.968 DEBUG            PET0 VMK::send():4407, size=200 in 1 chunks
20220805 025507.968 DEBUG            PET0 VMK::recv():4898, size=200 in 1 chunks
20220805 025507.968 DEBUG            PET0 VMK::send():4407, size=200 in 1 chunks
20220805 025507.968 DEBUG            PET0 VMK::recv():4898, size=200 in 1 chunks
20220805 025507.968 DEBUG            PET0 VMK::send():4407, size=200 in 1 chunks
20220805 025507.968 DEBUG            PET0 VMK::recv():4898, size=200 in 1 chunks
20220805 025507.968 DEBUG            PET0 VMK::send():4407, size=200 in 1 chunks
20220805 025507.968 DEBUG            PET0 VMK::recv():4898, size=200 in 1 chunks
20220805 025507.968 DEBUG            PET0 VMK::send():4407, size=200 in 1 chunks
20220805 025507.968 DEBUG            PET0 VMK::recv():4898, size=200 in 1 chunks
20220805 025507.968 DEBUG            PET0 VMK::send():4407, size=200 in 1 chunks
20220805 025507.968 DEBUG            PET0 VMK::recv():4898, size=200 in 1 chunks
20220805 025507.968 DEBUG            PET0 VMK::send():4407, size=200 in 1 chunks
20220805 025507.968 DEBUG            PET0 VMK::recv():4898, size=200 in 1 chunks
20220805 025507.968 DEBUG            PET0 VMK::send():4407, size=200 in 1 chunks
20220805 025507.968 DEBUG            PET0 VMK::recv():4898, size=200 in 1 chunks
20220805 025507.968 DEBUG            PET0 VMK::send():4407, size=200 in 1 chunks
20220805 025507.968 DEBUG            PET0 VMK::recv():4898, size=200 in 1 chunks
20220805 025507.968 DEBUG            PET0 VMK::send():4407, size=200 in 1 chunks
20220805 025507.968 DEBUG            PET0 VMK::recv():4898, size=200 in 1 chunks
20220805 025507.968 DEBUG            PET0 VMK::send():4407, size=200 in 1 chunks
20220805 025507.968 DEBUG            PET0 VMK::recv():4898, size=200 in 1 chunks
20220805 025507.968 DEBUG            PET0 VMK::send():4407, size=200 in 1 chunks
20220805 025507.968 DEBUG            PET0 VMK::recv():4898, size=200 in 1 chunks
20220805 025507.968 DEBUG            PET0 VMK::send():4407, size=200 in 1 chunks
20220805 025507.968 DEBUG            PET0 VMK::recv():4898, size=200 in 1 chunks
20220805 025507.968 DEBUG            PET0 VMK::send():4407, size=200 in 1 chunks
20220805 025507.968 DEBUG            PET0 VMK::recv():4898, size=200 in 1 chunks
20220805 025507.968 DEBUG            PET0 VMK::send():4407, size=200 in 1 chunks
20220805 025507.968 DEBUG            PET0 VMK::recv():4898, size=200 in 1 chunks
20220805 025507.968 DEBUG            PET0 VMK::send():4407, size=200 in 1 chunks
20220805 025507.968 DEBUG            PET0 VMK::recv():4898, size=200 in 1 chunks
20220805 025507.968 DEBUG            PET0 VMK::send():4407, size=200 in 1 chunks
20220805 025507.968 DEBUG            PET0 VMK::recv():4898, size=200 in 1 chunks
20220805 025507.968 DEBUG            PET0 VMK::send():4407, size=200 in 1 chunks
20220805 025507.968 DEBUG            PET0 VMK::recv():4898, size=200 in 1 chunks
20220805 025507.968 DEBUG            PET0 VMK::send():4407, size=200 in 1 chunks
20220805 025507.968 DEBUG            PET0 VMK::recv():4898, size=200 in 1 chunks
20220805 025507.968 DEBUG            PET0 VMK::send():4407, size=200 in 1 chunks
20220805 025507.968 DEBUG            PET0 VMK::recv():4898, size=200 in 1 chunks
20220805 025507.968 DEBUG            PET0 VMK::send():4407, size=200 in 1 chunks
20220805 025507.968 DEBUG            PET0 VMK::recv():4898, size=200 in 1 chunks
20220805 025507.968 DEBUG            PET0 VMK::send():4407, size=200 in 1 chunks
20220805 025507.968 DEBUG            PET0 VMK::recv():4898, size=200 in 1 chunks
20220805 025507.968 DEBUG            PET0 VMK::send():4407, size=200 in 1 chunks
20220805 025507.969 DEBUG            PET0 VMK::recv():4898, size=800 in 1 chunks
20220805 025507.969 DEBUG            PET0 VMK::send():4407, size=800 in 1 chunks
20220805 025507.969 DEBUG            PET0 VMK::recv():4898, size=800 in 1 chunks
20220805 025507.969 DEBUG            PET0 VMK::send():4407, size=800 in 1 chunks
20220805 025507.969 DEBUG            PET0 VMK::recv():4898, size=800 in 1 chunks
20220805 025507.969 DEBUG            PET0 VMK::send():4407, size=800 in 1 chunks
20220805 025507.970 DEBUG            PET0 VMK::recv():4898, size=100 in 1 chunks
20220805 025507.970 DEBUG            PET0 VMK::send():4407, size=100 in 1 chunks
20220805 025507.970 DEBUG            PET0 VMK::recv():4898, size=400 in 1 chunks
20220805 025507.970 DEBUG            PET0 VMK::send():4407, size=400 in 1 chunks
20220805 025507.970 DEBUG            PET0 VMK::recv():4898, size=200 in 1 chunks
20220805 025507.970 DEBUG            PET0 VMK::send():4407, size=200 in 1 chunks
20220805 025507.970 DEBUG            PET0 VMK::recv():4898, size=100 in 1 chunks
20220805 025507.970 DEBUG            PET0 VMK::send():4407, size=100 in 1 chunks
20220805 025507.970 DEBUG            PET0 VMK::recv():4898, size=400 in 1 chunks
20220805 025507.970 DEBUG            PET0 VMK::send():4407, size=400 in 1 chunks
20220805 025507.970 DEBUG            PET0 VMK::recv():4898, size=200 in 1 chunks
20220805 025507.970 DEBUG            PET0 VMK::send():4407, size=200 in 1 chunks
20220805 025507.970 DEBUG            PET0 VMK::recv():4898, size=500 in 1 chunks
20220805 025507.970 DEBUG            PET0 VMK::send():4407, size=500 in 1 chunks
20220805 025507.970 DEBUG            PET0 VMK::recv():4898, size=4 in 1 chunks
20220805 025507.970 DEBUG            PET0 VMK::send():4407, size=4 in 1 chunks
20220805 025507.970 DEBUG            PET0 VMK::recv():4898, size=1100 in 1 chunks
20220805 025507.970 DEBUG            PET0 VMK::send():4407, size=1100 in 1 chunks
20220805 025507.970 DEBUG            PET0 VMK::recv():4898, size=500 in 1 chunks
20220805 025507.971 DEBUG            PET0 VMK::send():4407, size=500 in 1 chunks
20220805 025507.971 DEBUG            PET0 VMK::recv():4898, size=4 in 1 chunks
20220805 025507.971 DEBUG            PET0 VMK::send():4407, size=4 in 1 chunks
20220805 025507.971 DEBUG            PET0 VMK::recv():4898, size=1100 in 1 chunks
20220805 025507.971 DEBUG            PET0 VMK::send():4407, size=1100 in 1 chunks
20220805 025507.971 DEBUG            PET0 VMK::recv():4898, size=200 in 1 chunks
20220805 025507.971 DEBUG            PET0 VMK::send():4407, size=200 in 1 chunks
20220805 025507.971 DEBUG            PET0 VMK::recv():4898, size=200 in 1 chunks
20220805 025507.971 DEBUG            PET0 VMK::send():4407, size=200 in 1 chunks
20220805 025507.971 DEBUG            PET0 VMK::recv():4898, size=200 in 1 chunks
20220805 025507.971 DEBUG            PET0 VMK::send():4407, size=200 in 1 chunks
20220805 025507.971 DEBUG            PET0 VMK::recv():4898, size=200 in 1 chunks
20220805 025507.971 DEBUG            PET0 VMK::send():4407, size=200 in 1 chunks
20220805 025507.971 DEBUG            PET0 VMK::recv():4898, size=200 in 1 chunks
20220805 025507.971 DEBUG            PET0 VMK::send():4407, size=200 in 1 chunks
20220805 025507.971 DEBUG            PET0 VMK::recv():4898, size=200 in 1 chunks
20220805 025507.971 DEBUG            PET0 VMK::send():4407, size=200 in 1 chunks
20220805 025507.971 DEBUG            PET0 VMK::recv():4898, size=200 in 1 chunks
20220805 025507.971 DEBUG            PET0 VMK::send():4407, size=200 in 1 chunks
20220805 025507.971 DEBUG            PET0 VMK::recv():4898, size=200 in 1 chunks
20220805 025507.971 DEBUG            PET0 VMK::send():4407, size=200 in 1 chunks
20220805 025507.971 DEBUG            PET0 VMK::recv():4898, size=200 in 1 chunks
20220805 025507.971 DEBUG            PET0 VMK::send():4407, size=200 in 1 chunks
20220805 025507.971 DEBUG            PET0 VMK::recv():4898, size=200 in 1 chunks
20220805 025507.971 DEBUG            PET0 VMK::send():4407, size=200 in 1 chunks
20220805 025507.971 DEBUG            PET0 VMK::recv():4898, size=200 in 1 chunks
20220805 025507.971 DEBUG            PET0 VMK::send():4407, size=200 in 1 chunks
20220805 025507.971 DEBUG            PET0 VMK::recv():4898, size=200 in 1 chunks
20220805 025507.971 DEBUG            PET0 VMK::send():4407, size=200 in 1 chunks
20220805 025507.971 DEBUG            PET0 VMK::recv():4898, size=200 in 1 chunks
20220805 025507.971 DEBUG            PET0 VMK::send():4407, size=200 in 1 chunks
20220805 025507.971 DEBUG            PET0 VMK::recv():4898, size=200 in 1 chunks
20220805 025507.971 DEBUG            PET0 VMK::send():4407, size=200 in 1 chunks
20220805 025507.971 DEBUG            PET0 VMK::recv():4898, size=200 in 1 chunks
20220805 025507.971 DEBUG            PET0 VMK::send():4407, size=200 in 1 chunks
20220805 025507.971 DEBUG            PET0 VMK::recv():4898, size=200 in 1 chunks
20220805 025507.971 DEBUG            PET0 VMK::send():4407, size=200 in 1 chunks
20220805 025507.971 DEBUG            PET0 VMK::recv():4898, size=200 in 1 chunks
20220805 025507.971 DEBUG            PET0 VMK::send():4407, size=200 in 1 chunks
20220805 025507.971 DEBUG            PET0 VMK::recv():4898, size=200 in 1 chunks
20220805 025507.971 DEBUG            PET0 VMK::send():4407, size=200 in 1 chunks
20220805 025507.971 DEBUG            PET0 VMK::recv():4898, size=200 in 1 chunks
20220805 025507.971 DEBUG            PET0 VMK::send():4407, size=200 in 1 chunks
20220805 025507.971 DEBUG            PET0 VMK::recv():4898, size=200 in 1 chunks
20220805 025507.971 DEBUG            PET0 VMK::send():4407, size=200 in 1 chunks
20220805 025507.971 DEBUG            PET0 VMK::recv():4898, size=200 in 1 chunks
20220805 025507.971 DEBUG            PET0 VMK::send():4407, size=200 in 1 chunks
20220805 025507.971 DEBUG            PET0 VMK::recv():4898, size=200 in 1 chunks
20220805 025507.971 DEBUG            PET0 VMK::send():4407, size=200 in 1 chunks
20220805 025507.971 DEBUG            PET0 VMK::recv():4898, size=200 in 1 chunks
20220805 025507.971 DEBUG            PET0 VMK::send():4407, size=200 in 1 chunks
20220805 025507.971 DEBUG            PET0 VMK::recv():4898, size=200 in 1 chunks
20220805 025507.971 DEBUG            PET0 VMK::send():4407, size=200 in 1 chunks
20220805 025507.971 DEBUG            PET0 VMK::recv():4898, size=200 in 1 chunks
20220805 025507.971 DEBUG            PET0 VMK::send():4407, size=200 in 1 chunks
20220805 025507.971 DEBUG            PET0 VMK::recv():4898, size=200 in 1 chunks
20220805 025507.971 DEBUG            PET0 VMK::send():4407, size=200 in 1 chunks
20220805 025507.971 DEBUG            PET0 VMK::recv():4898, size=200 in 1 chunks
20220805 025507.971 DEBUG            PET0 VMK::send():4407, size=200 in 1 chunks
20220805 025507.971 DEBUG            PET0 VMK::recv():4898, size=200 in 1 chunks
20220805 025507.971 DEBUG            PET0 VMK::send():4407, size=200 in 1 chunks
20220805 025507.971 DEBUG            PET0 VMK::recv():4898, size=200 in 1 chunks
20220805 025507.971 DEBUG            PET0 VMK::send():4407, size=200 in 1 chunks
20220805 025507.971 DEBUG            PET0 VMK::recv():4898, size=200 in 1 chunks
20220805 025507.971 DEBUG            PET0 VMK::send():4407, size=200 in 1 chunks
20220805 025507.972 DEBUG            PET0 VMK::recv():4898, size=200 in 1 chunks
20220805 025507.972 DEBUG            PET0 VMK::send():4407, size=200 in 1 chunks
20220805 025507.972 DEBUG            PET0 VMK::recv():4898, size=600 in 1 chunks
20220805 025507.972 DEBUG            PET0 VMK::send():4407, size=600 in 1 chunks
20220805 025507.972 INFO             PET0  NUMBER_OF_PROCESSORS           4
20220805 025507.972 INFO             PET0  PASS  Example ESMF_FieldBundleRedistEx, ESMF_FieldBundleRedistEx.F90, line 280
20220805 025507.972 INFO             PET0 Finalizing ESMF
20220805 025507.972 DEBUG            PET0 epochFinal
20220805 025507.958 INFO             PET1 !!!!!!!!!!!!!!!!!!!!!!!!!!!!!!!!!!!!!!!!!!!!!!!!!!!!!!
20220805 025507.958 INFO             PET1 !!! THE ESMF_LOG IS SET TO OUTPUT ALL LOG MESSAGES !!!
20220805 025507.958 INFO             PET1 !!!     THIS MAY CAUSE SLOWDOWN IN PERFORMANCE     !!!
20220805 025507.958 INFO             PET1 !!! FOR PRODUCTION RUNS, USE:                      !!!
20220805 025507.958 INFO             PET1 !!!                   ESMF_LOGKIND_Multi_On_Error  !!!
20220805 025507.958 INFO             PET1 !!!!!!!!!!!!!!!!!!!!!!!!!!!!!!!!!!!!!!!!!!!!!!!!!!!!!!
20220805 025507.958 INFO             PET1 Running with ESMF Version   : v8.3.0b17-27-g5b5163f
20220805 025507.958 INFO             PET1 ESMF library build date/time: "Aug  5 2022" "02:32:35"
20220805 025507.958 INFO             PET1 ESMF library build location : /work/noaa/da/mpotts/sandbox/gfortran_8.3.0_openmpi_g_feature_large-messages/esmf
20220805 025507.958 INFO             PET1 ESMF_COMM                   : openmpi
20220805 025507.959 INFO             PET1 ESMF_MOAB                   : enabled
20220805 025507.959 INFO             PET1 ESMF_LAPACK                 : enabled
20220805 025507.959 INFO             PET1 ESMF_NETCDF                 : enabled
20220805 025507.959 INFO             PET1 ESMF_PNETCDF                : disabled
20220805 025507.959 INFO             PET1 ESMF_PIO                    : enabled
20220805 025507.959 INFO             PET1 ESMF_YAMLCPP                : enabled
20220805 025507.965 DEBUG            PET1 VMK::recv():4898, size=100 in 1 chunks
20220805 025507.965 DEBUG            PET1 VMK::send():4407, size=100 in 1 chunks
20220805 025507.965 DEBUG            PET1 VMK::recv():4898, size=400 in 1 chunks
20220805 025507.965 DEBUG            PET1 VMK::send():4407, size=400 in 1 chunks
20220805 025507.965 DEBUG            PET1 VMK::recv():4898, size=200 in 1 chunks
20220805 025507.965 DEBUG            PET1 VMK::send():4407, size=200 in 1 chunks
20220805 025507.965 DEBUG            PET1 VMK::recv():4898, size=100 in 1 chunks
20220805 025507.965 DEBUG            PET1 VMK::send():4407, size=100 in 1 chunks
20220805 025507.965 DEBUG            PET1 VMK::recv():4898, size=400 in 1 chunks
20220805 025507.965 DEBUG            PET1 VMK::send():4407, size=400 in 1 chunks
20220805 025507.965 DEBUG            PET1 VMK::recv():4898, size=200 in 1 chunks
20220805 025507.965 DEBUG            PET1 VMK::send():4407, size=200 in 1 chunks
20220805 025507.966 DEBUG            PET1 VMK::recv():4898, size=500 in 1 chunks
20220805 025507.966 DEBUG            PET1 VMK::send():4407, size=500 in 1 chunks
20220805 025507.966 DEBUG            PET1 VMK::recv():4898, size=4 in 1 chunks
20220805 025507.966 DEBUG            PET1 VMK::send():4407, size=4 in 1 chunks
20220805 025507.966 DEBUG            PET1 VMK::recv():4898, size=1100 in 1 chunks
20220805 025507.966 DEBUG            PET1 VMK::send():4407, size=1100 in 1 chunks
20220805 025507.966 DEBUG            PET1 VMK::recv():4898, size=500 in 1 chunks
20220805 025507.966 DEBUG            PET1 VMK::send():4407, size=500 in 1 chunks
20220805 025507.966 DEBUG            PET1 VMK::recv():4898, size=4 in 1 chunks
20220805 025507.966 DEBUG            PET1 VMK::send():4407, size=4 in 1 chunks
20220805 025507.966 DEBUG            PET1 VMK::recv():4898, size=1100 in 1 chunks
20220805 025507.966 DEBUG            PET1 VMK::send():4407, size=1100 in 1 chunks
20220805 025507.967 DEBUG            PET1 VMK::recv():4898, size=200 in 1 chunks
20220805 025507.967 DEBUG            PET1 VMK::send():4407, size=200 in 1 chunks
20220805 025507.967 DEBUG            PET1 VMK::recv():4898, size=200 in 1 chunks
20220805 025507.967 DEBUG            PET1 VMK::send():4407, size=200 in 1 chunks
20220805 025507.967 DEBUG            PET1 VMK::recv():4898, size=200 in 1 chunks
20220805 025507.967 DEBUG            PET1 VMK::send():4407, size=200 in 1 chunks
20220805 025507.967 DEBUG            PET1 VMK::recv():4898, size=200 in 1 chunks
20220805 025507.967 DEBUG            PET1 VMK::send():4407, size=200 in 1 chunks
20220805 025507.967 DEBUG            PET1 VMK::recv():4898, size=200 in 1 chunks
20220805 025507.967 DEBUG            PET1 VMK::send():4407, size=200 in 1 chunks
20220805 025507.967 DEBUG            PET1 VMK::recv():4898, size=200 in 1 chunks
20220805 025507.967 DEBUG            PET1 VMK::send():4407, size=200 in 1 chunks
20220805 025507.967 DEBUG            PET1 VMK::recv():4898, size=200 in 1 chunks
20220805 025507.967 DEBUG            PET1 VMK::send():4407, size=200 in 1 chunks
20220805 025507.967 DEBUG            PET1 VMK::recv():4898, size=200 in 1 chunks
20220805 025507.967 DEBUG            PET1 VMK::send():4407, size=200 in 1 chunks
20220805 025507.968 DEBUG            PET1 VMK::recv():4898, size=200 in 1 chunks
20220805 025507.968 DEBUG            PET1 VMK::send():4407, size=200 in 1 chunks
20220805 025507.968 DEBUG            PET1 VMK::recv():4898, size=200 in 1 chunks
20220805 025507.968 DEBUG            PET1 VMK::send():4407, size=200 in 1 chunks
20220805 025507.968 DEBUG            PET1 VMK::recv():4898, size=200 in 1 chunks
20220805 025507.968 DEBUG            PET1 VMK::send():4407, size=200 in 1 chunks
20220805 025507.968 DEBUG            PET1 VMK::recv():4898, size=200 in 1 chunks
20220805 025507.968 DEBUG            PET1 VMK::send():4407, size=200 in 1 chunks
20220805 025507.968 DEBUG            PET1 VMK::recv():4898, size=200 in 1 chunks
20220805 025507.968 DEBUG            PET1 VMK::send():4407, size=200 in 1 chunks
20220805 025507.968 DEBUG            PET1 VMK::recv():4898, size=200 in 1 chunks
20220805 025507.968 DEBUG            PET1 VMK::send():4407, size=200 in 1 chunks
20220805 025507.968 DEBUG            PET1 VMK::recv():4898, size=200 in 1 chunks
20220805 025507.968 DEBUG            PET1 VMK::send():4407, size=200 in 1 chunks
20220805 025507.968 DEBUG            PET1 VMK::recv():4898, size=200 in 1 chunks
20220805 025507.968 DEBUG            PET1 VMK::send():4407, size=200 in 1 chunks
20220805 025507.968 DEBUG            PET1 VMK::recv():4898, size=200 in 1 chunks
20220805 025507.968 DEBUG            PET1 VMK::send():4407, size=200 in 1 chunks
20220805 025507.968 DEBUG            PET1 VMK::recv():4898, size=200 in 1 chunks
20220805 025507.968 DEBUG            PET1 VMK::send():4407, size=200 in 1 chunks
20220805 025507.968 DEBUG            PET1 VMK::recv():4898, size=200 in 1 chunks
20220805 025507.968 DEBUG            PET1 VMK::send():4407, size=200 in 1 chunks
20220805 025507.968 DEBUG            PET1 VMK::recv():4898, size=200 in 1 chunks
20220805 025507.968 DEBUG            PET1 VMK::send():4407, size=200 in 1 chunks
20220805 025507.968 DEBUG            PET1 VMK::recv():4898, size=200 in 1 chunks
20220805 025507.968 DEBUG            PET1 VMK::send():4407, size=200 in 1 chunks
20220805 025507.968 DEBUG            PET1 VMK::recv():4898, size=200 in 1 chunks
20220805 025507.968 DEBUG            PET1 VMK::send():4407, size=200 in 1 chunks
20220805 025507.968 DEBUG            PET1 VMK::recv():4898, size=200 in 1 chunks
20220805 025507.968 DEBUG            PET1 VMK::send():4407, size=200 in 1 chunks
20220805 025507.968 DEBUG            PET1 VMK::recv():4898, size=200 in 1 chunks
20220805 025507.968 DEBUG            PET1 VMK::send():4407, size=200 in 1 chunks
20220805 025507.968 DEBUG            PET1 VMK::recv():4898, size=200 in 1 chunks
20220805 025507.968 DEBUG            PET1 VMK::send():4407, size=200 in 1 chunks
20220805 025507.968 DEBUG            PET1 VMK::recv():4898, size=200 in 1 chunks
20220805 025507.968 DEBUG            PET1 VMK::send():4407, size=200 in 1 chunks
20220805 025507.968 DEBUG            PET1 VMK::recv():4898, size=200 in 1 chunks
20220805 025507.968 DEBUG            PET1 VMK::send():4407, size=200 in 1 chunks
20220805 025507.968 DEBUG            PET1 VMK::recv():4898, size=200 in 1 chunks
20220805 025507.968 DEBUG            PET1 VMK::send():4407, size=200 in 1 chunks
20220805 025507.968 DEBUG            PET1 VMK::recv():4898, size=200 in 1 chunks
20220805 025507.968 DEBUG            PET1 VMK::send():4407, size=200 in 1 chunks
20220805 025507.968 DEBUG            PET1 VMK::recv():4898, size=200 in 1 chunks
20220805 025507.968 DEBUG            PET1 VMK::send():4407, size=200 in 1 chunks
20220805 025507.968 DEBUG            PET1 VMK::recv():4898, size=200 in 1 chunks
20220805 025507.968 DEBUG            PET1 VMK::send():4407, size=200 in 1 chunks
20220805 025507.969 DEBUG            PET1 VMK::recv():4898, size=800 in 1 chunks
20220805 025507.969 DEBUG            PET1 VMK::send():4407, size=800 in 1 chunks
20220805 025507.969 DEBUG            PET1 VMK::recv():4898, size=800 in 1 chunks
20220805 025507.969 DEBUG            PET1 VMK::send():4407, size=800 in 1 chunks
20220805 025507.969 DEBUG            PET1 VMK::recv():4898, size=800 in 1 chunks
20220805 025507.969 DEBUG            PET1 VMK::send():4407, size=800 in 1 chunks
20220805 025507.970 DEBUG            PET1 VMK::recv():4898, size=100 in 1 chunks
20220805 025507.970 DEBUG            PET1 VMK::send():4407, size=100 in 1 chunks
20220805 025507.970 DEBUG            PET1 VMK::recv():4898, size=400 in 1 chunks
20220805 025507.970 DEBUG            PET1 VMK::send():4407, size=400 in 1 chunks
20220805 025507.970 DEBUG            PET1 VMK::recv():4898, size=200 in 1 chunks
20220805 025507.970 DEBUG            PET1 VMK::send():4407, size=200 in 1 chunks
20220805 025507.970 DEBUG            PET1 VMK::recv():4898, size=100 in 1 chunks
20220805 025507.970 DEBUG            PET1 VMK::send():4407, size=100 in 1 chunks
20220805 025507.970 DEBUG            PET1 VMK::recv():4898, size=400 in 1 chunks
20220805 025507.970 DEBUG            PET1 VMK::send():4407, size=400 in 1 chunks
20220805 025507.970 DEBUG            PET1 VMK::recv():4898, size=200 in 1 chunks
20220805 025507.970 DEBUG            PET1 VMK::send():4407, size=200 in 1 chunks
20220805 025507.970 DEBUG            PET1 VMK::recv():4898, size=500 in 1 chunks
20220805 025507.970 DEBUG            PET1 VMK::send():4407, size=500 in 1 chunks
20220805 025507.970 DEBUG            PET1 VMK::recv():4898, size=4 in 1 chunks
20220805 025507.970 DEBUG            PET1 VMK::send():4407, size=4 in 1 chunks
20220805 025507.970 DEBUG            PET1 VMK::recv():4898, size=1100 in 1 chunks
20220805 025507.970 DEBUG            PET1 VMK::send():4407, size=1100 in 1 chunks
20220805 025507.970 DEBUG            PET1 VMK::recv():4898, size=500 in 1 chunks
20220805 025507.971 DEBUG            PET1 VMK::send():4407, size=500 in 1 chunks
20220805 025507.971 DEBUG            PET1 VMK::recv():4898, size=4 in 1 chunks
20220805 025507.971 DEBUG            PET1 VMK::send():4407, size=4 in 1 chunks
20220805 025507.971 DEBUG            PET1 VMK::recv():4898, size=1100 in 1 chunks
20220805 025507.971 DEBUG            PET1 VMK::send():4407, size=1100 in 1 chunks
20220805 025507.971 DEBUG            PET1 VMK::recv():4898, size=200 in 1 chunks
20220805 025507.971 DEBUG            PET1 VMK::send():4407, size=200 in 1 chunks
20220805 025507.971 DEBUG            PET1 VMK::recv():4898, size=200 in 1 chunks
20220805 025507.971 DEBUG            PET1 VMK::send():4407, size=200 in 1 chunks
20220805 025507.971 DEBUG            PET1 VMK::recv():4898, size=200 in 1 chunks
20220805 025507.971 DEBUG            PET1 VMK::send():4407, size=200 in 1 chunks
20220805 025507.971 DEBUG            PET1 VMK::recv():4898, size=200 in 1 chunks
20220805 025507.971 DEBUG            PET1 VMK::send():4407, size=200 in 1 chunks
20220805 025507.971 DEBUG            PET1 VMK::recv():4898, size=200 in 1 chunks
20220805 025507.971 DEBUG            PET1 VMK::send():4407, size=200 in 1 chunks
20220805 025507.971 DEBUG            PET1 VMK::recv():4898, size=200 in 1 chunks
20220805 025507.971 DEBUG            PET1 VMK::send():4407, size=200 in 1 chunks
20220805 025507.971 DEBUG            PET1 VMK::recv():4898, size=200 in 1 chunks
20220805 025507.971 DEBUG            PET1 VMK::send():4407, size=200 in 1 chunks
20220805 025507.971 DEBUG            PET1 VMK::recv():4898, size=200 in 1 chunks
20220805 025507.971 DEBUG            PET1 VMK::send():4407, size=200 in 1 chunks
20220805 025507.971 DEBUG            PET1 VMK::recv():4898, size=200 in 1 chunks
20220805 025507.971 DEBUG            PET1 VMK::send():4407, size=200 in 1 chunks
20220805 025507.971 DEBUG            PET1 VMK::recv():4898, size=200 in 1 chunks
20220805 025507.971 DEBUG            PET1 VMK::send():4407, size=200 in 1 chunks
20220805 025507.971 DEBUG            PET1 VMK::recv():4898, size=200 in 1 chunks
20220805 025507.971 DEBUG            PET1 VMK::send():4407, size=200 in 1 chunks
20220805 025507.971 DEBUG            PET1 VMK::recv():4898, size=200 in 1 chunks
20220805 025507.971 DEBUG            PET1 VMK::send():4407, size=200 in 1 chunks
20220805 025507.971 DEBUG            PET1 VMK::recv():4898, size=200 in 1 chunks
20220805 025507.971 DEBUG            PET1 VMK::send():4407, size=200 in 1 chunks
20220805 025507.971 DEBUG            PET1 VMK::recv():4898, size=200 in 1 chunks
20220805 025507.971 DEBUG            PET1 VMK::send():4407, size=200 in 1 chunks
20220805 025507.971 DEBUG            PET1 VMK::recv():4898, size=200 in 1 chunks
20220805 025507.971 DEBUG            PET1 VMK::send():4407, size=200 in 1 chunks
20220805 025507.971 DEBUG            PET1 VMK::recv():4898, size=200 in 1 chunks
20220805 025507.971 DEBUG            PET1 VMK::send():4407, size=200 in 1 chunks
20220805 025507.971 DEBUG            PET1 VMK::recv():4898, size=200 in 1 chunks
20220805 025507.971 DEBUG            PET1 VMK::send():4407, size=200 in 1 chunks
20220805 025507.971 DEBUG            PET1 VMK::recv():4898, size=200 in 1 chunks
20220805 025507.971 DEBUG            PET1 VMK::send():4407, size=200 in 1 chunks
20220805 025507.971 DEBUG            PET1 VMK::recv():4898, size=200 in 1 chunks
20220805 025507.971 DEBUG            PET1 VMK::send():4407, size=200 in 1 chunks
20220805 025507.971 DEBUG            PET1 VMK::recv():4898, size=200 in 1 chunks
20220805 025507.971 DEBUG            PET1 VMK::send():4407, size=200 in 1 chunks
20220805 025507.971 DEBUG            PET1 VMK::recv():4898, size=200 in 1 chunks
20220805 025507.971 DEBUG            PET1 VMK::send():4407, size=200 in 1 chunks
20220805 025507.971 DEBUG            PET1 VMK::recv():4898, size=200 in 1 chunks
20220805 025507.971 DEBUG            PET1 VMK::send():4407, size=200 in 1 chunks
20220805 025507.971 DEBUG            PET1 VMK::recv():4898, size=200 in 1 chunks
20220805 025507.971 DEBUG            PET1 VMK::send():4407, size=200 in 1 chunks
20220805 025507.971 DEBUG            PET1 VMK::recv():4898, size=200 in 1 chunks
20220805 025507.971 DEBUG            PET1 VMK::send():4407, size=200 in 1 chunks
20220805 025507.971 DEBUG            PET1 VMK::recv():4898, size=200 in 1 chunks
20220805 025507.971 DEBUG            PET1 VMK::send():4407, size=200 in 1 chunks
20220805 025507.971 DEBUG            PET1 VMK::recv():4898, size=200 in 1 chunks
20220805 025507.971 DEBUG            PET1 VMK::send():4407, size=200 in 1 chunks
20220805 025507.971 DEBUG            PET1 VMK::recv():4898, size=200 in 1 chunks
20220805 025507.971 DEBUG            PET1 VMK::send():4407, size=200 in 1 chunks
20220805 025507.971 DEBUG            PET1 VMK::recv():4898, size=200 in 1 chunks
20220805 025507.971 DEBUG            PET1 VMK::send():4407, size=200 in 1 chunks
20220805 025507.971 DEBUG            PET1 VMK::recv():4898, size=200 in 1 chunks
20220805 025507.971 DEBUG            PET1 VMK::send():4407, size=200 in 1 chunks
20220805 025507.971 DEBUG            PET1 VMK::recv():4898, size=200 in 1 chunks
20220805 025507.971 DEBUG            PET1 VMK::send():4407, size=200 in 1 chunks
20220805 025507.972 DEBUG            PET1 VMK::recv():4898, size=200 in 1 chunks
20220805 025507.972 DEBUG            PET1 VMK::send():4407, size=200 in 1 chunks
20220805 025507.972 DEBUG            PET1 VMK::recv():4898, size=600 in 1 chunks
20220805 025507.972 DEBUG            PET1 VMK::send():4407, size=600 in 1 chunks
20220805 025507.972 INFO             PET1  NUMBER_OF_PROCESSORS           4
20220805 025507.972 INFO             PET1  PASS  Example ESMF_FieldBundleRedistEx, ESMF_FieldBundleRedistEx.F90, line 280
20220805 025507.972 INFO             PET1 Finalizing ESMF
20220805 025507.972 DEBUG            PET1 epochFinal
20220805 025507.959 INFO             PET2 !!!!!!!!!!!!!!!!!!!!!!!!!!!!!!!!!!!!!!!!!!!!!!!!!!!!!!
20220805 025507.959 INFO             PET2 !!! THE ESMF_LOG IS SET TO OUTPUT ALL LOG MESSAGES !!!
20220805 025507.959 INFO             PET2 !!!     THIS MAY CAUSE SLOWDOWN IN PERFORMANCE     !!!
20220805 025507.959 INFO             PET2 !!! FOR PRODUCTION RUNS, USE:                      !!!
20220805 025507.959 INFO             PET2 !!!                   ESMF_LOGKIND_Multi_On_Error  !!!
20220805 025507.959 INFO             PET2 !!!!!!!!!!!!!!!!!!!!!!!!!!!!!!!!!!!!!!!!!!!!!!!!!!!!!!
20220805 025507.959 INFO             PET2 Running with ESMF Version   : v8.3.0b17-27-g5b5163f
20220805 025507.959 INFO             PET2 ESMF library build date/time: "Aug  5 2022" "02:32:35"
20220805 025507.959 INFO             PET2 ESMF library build location : /work/noaa/da/mpotts/sandbox/gfortran_8.3.0_openmpi_g_feature_large-messages/esmf
20220805 025507.959 INFO             PET2 ESMF_COMM                   : openmpi
20220805 025507.959 INFO             PET2 ESMF_MOAB                   : enabled
20220805 025507.959 INFO             PET2 ESMF_LAPACK                 : enabled
20220805 025507.959 INFO             PET2 ESMF_NETCDF                 : enabled
20220805 025507.959 INFO             PET2 ESMF_PNETCDF                : disabled
20220805 025507.959 INFO             PET2 ESMF_PIO                    : enabled
20220805 025507.959 INFO             PET2 ESMF_YAMLCPP                : enabled
20220805 025507.965 DEBUG            PET2 VMK::recv():4898, size=100 in 1 chunks
20220805 025507.965 DEBUG            PET2 VMK::send():4407, size=100 in 1 chunks
20220805 025507.965 DEBUG            PET2 VMK::recv():4898, size=400 in 1 chunks
20220805 025507.965 DEBUG            PET2 VMK::send():4407, size=400 in 1 chunks
20220805 025507.965 DEBUG            PET2 VMK::recv():4898, size=200 in 1 chunks
20220805 025507.965 DEBUG            PET2 VMK::send():4407, size=200 in 1 chunks
20220805 025507.965 DEBUG            PET2 VMK::recv():4898, size=100 in 1 chunks
20220805 025507.965 DEBUG            PET2 VMK::send():4407, size=100 in 1 chunks
20220805 025507.965 DEBUG            PET2 VMK::recv():4898, size=400 in 1 chunks
20220805 025507.965 DEBUG            PET2 VMK::send():4407, size=400 in 1 chunks
20220805 025507.965 DEBUG            PET2 VMK::recv():4898, size=200 in 1 chunks
20220805 025507.965 DEBUG            PET2 VMK::send():4407, size=200 in 1 chunks
20220805 025507.966 DEBUG            PET2 VMK::recv():4898, size=500 in 1 chunks
20220805 025507.966 DEBUG            PET2 VMK::send():4407, size=500 in 1 chunks
20220805 025507.966 DEBUG            PET2 VMK::recv():4898, size=4 in 1 chunks
20220805 025507.966 DEBUG            PET2 VMK::send():4407, size=4 in 1 chunks
20220805 025507.966 DEBUG            PET2 VMK::recv():4898, size=1100 in 1 chunks
20220805 025507.966 DEBUG            PET2 VMK::send():4407, size=1100 in 1 chunks
20220805 025507.966 DEBUG            PET2 VMK::recv():4898, size=500 in 1 chunks
20220805 025507.966 DEBUG            PET2 VMK::send():4407, size=500 in 1 chunks
20220805 025507.966 DEBUG            PET2 VMK::recv():4898, size=4 in 1 chunks
20220805 025507.966 DEBUG            PET2 VMK::send():4407, size=4 in 1 chunks
20220805 025507.966 DEBUG            PET2 VMK::recv():4898, size=1100 in 1 chunks
20220805 025507.966 DEBUG            PET2 VMK::send():4407, size=1100 in 1 chunks
20220805 025507.967 DEBUG            PET2 VMK::recv():4898, size=200 in 1 chunks
20220805 025507.967 DEBUG            PET2 VMK::send():4407, size=200 in 1 chunks
20220805 025507.967 DEBUG            PET2 VMK::recv():4898, size=200 in 1 chunks
20220805 025507.967 DEBUG            PET2 VMK::send():4407, size=200 in 1 chunks
20220805 025507.967 DEBUG            PET2 VMK::recv():4898, size=200 in 1 chunks
20220805 025507.967 DEBUG            PET2 VMK::send():4407, size=200 in 1 chunks
20220805 025507.967 DEBUG            PET2 VMK::recv():4898, size=200 in 1 chunks
20220805 025507.967 DEBUG            PET2 VMK::send():4407, size=200 in 1 chunks
20220805 025507.967 DEBUG            PET2 VMK::recv():4898, size=200 in 1 chunks
20220805 025507.967 DEBUG            PET2 VMK::send():4407, size=200 in 1 chunks
20220805 025507.967 DEBUG            PET2 VMK::recv():4898, size=200 in 1 chunks
20220805 025507.967 DEBUG            PET2 VMK::send():4407, size=200 in 1 chunks
20220805 025507.967 DEBUG            PET2 VMK::recv():4898, size=200 in 1 chunks
20220805 025507.967 DEBUG            PET2 VMK::send():4407, size=200 in 1 chunks
20220805 025507.967 DEBUG            PET2 VMK::recv():4898, size=200 in 1 chunks
20220805 025507.967 DEBUG            PET2 VMK::send():4407, size=200 in 1 chunks
20220805 025507.968 DEBUG            PET2 VMK::recv():4898, size=200 in 1 chunks
20220805 025507.968 DEBUG            PET2 VMK::send():4407, size=200 in 1 chunks
20220805 025507.968 DEBUG            PET2 VMK::recv():4898, size=200 in 1 chunks
20220805 025507.968 DEBUG            PET2 VMK::send():4407, size=200 in 1 chunks
20220805 025507.968 DEBUG            PET2 VMK::recv():4898, size=200 in 1 chunks
20220805 025507.968 DEBUG            PET2 VMK::send():4407, size=200 in 1 chunks
20220805 025507.968 DEBUG            PET2 VMK::recv():4898, size=200 in 1 chunks
20220805 025507.968 DEBUG            PET2 VMK::send():4407, size=200 in 1 chunks
20220805 025507.968 DEBUG            PET2 VMK::recv():4898, size=200 in 1 chunks
20220805 025507.968 DEBUG            PET2 VMK::send():4407, size=200 in 1 chunks
20220805 025507.968 DEBUG            PET2 VMK::recv():4898, size=200 in 1 chunks
20220805 025507.968 DEBUG            PET2 VMK::send():4407, size=200 in 1 chunks
20220805 025507.968 DEBUG            PET2 VMK::recv():4898, size=200 in 1 chunks
20220805 025507.968 DEBUG            PET2 VMK::send():4407, size=200 in 1 chunks
20220805 025507.968 DEBUG            PET2 VMK::recv():4898, size=200 in 1 chunks
20220805 025507.968 DEBUG            PET2 VMK::send():4407, size=200 in 1 chunks
20220805 025507.968 DEBUG            PET2 VMK::recv():4898, size=200 in 1 chunks
20220805 025507.968 DEBUG            PET2 VMK::send():4407, size=200 in 1 chunks
20220805 025507.968 DEBUG            PET2 VMK::recv():4898, size=200 in 1 chunks
20220805 025507.968 DEBUG            PET2 VMK::send():4407, size=200 in 1 chunks
20220805 025507.968 DEBUG            PET2 VMK::recv():4898, size=200 in 1 chunks
20220805 025507.968 DEBUG            PET2 VMK::send():4407, size=200 in 1 chunks
20220805 025507.968 DEBUG            PET2 VMK::recv():4898, size=200 in 1 chunks
20220805 025507.968 DEBUG            PET2 VMK::send():4407, size=200 in 1 chunks
20220805 025507.968 DEBUG            PET2 VMK::recv():4898, size=200 in 1 chunks
20220805 025507.968 DEBUG            PET2 VMK::send():4407, size=200 in 1 chunks
20220805 025507.968 DEBUG            PET2 VMK::recv():4898, size=200 in 1 chunks
20220805 025507.968 DEBUG            PET2 VMK::send():4407, size=200 in 1 chunks
20220805 025507.968 DEBUG            PET2 VMK::recv():4898, size=200 in 1 chunks
20220805 025507.968 DEBUG            PET2 VMK::send():4407, size=200 in 1 chunks
20220805 025507.968 DEBUG            PET2 VMK::recv():4898, size=200 in 1 chunks
20220805 025507.968 DEBUG            PET2 VMK::send():4407, size=200 in 1 chunks
20220805 025507.968 DEBUG            PET2 VMK::recv():4898, size=200 in 1 chunks
20220805 025507.968 DEBUG            PET2 VMK::send():4407, size=200 in 1 chunks
20220805 025507.968 DEBUG            PET2 VMK::recv():4898, size=200 in 1 chunks
20220805 025507.968 DEBUG            PET2 VMK::send():4407, size=200 in 1 chunks
20220805 025507.968 DEBUG            PET2 VMK::recv():4898, size=200 in 1 chunks
20220805 025507.968 DEBUG            PET2 VMK::send():4407, size=200 in 1 chunks
20220805 025507.968 DEBUG            PET2 VMK::recv():4898, size=200 in 1 chunks
20220805 025507.968 DEBUG            PET2 VMK::send():4407, size=200 in 1 chunks
20220805 025507.968 DEBUG            PET2 VMK::recv():4898, size=200 in 1 chunks
20220805 025507.968 DEBUG            PET2 VMK::send():4407, size=200 in 1 chunks
20220805 025507.968 DEBUG            PET2 VMK::recv():4898, size=200 in 1 chunks
20220805 025507.968 DEBUG            PET2 VMK::send():4407, size=200 in 1 chunks
20220805 025507.968 DEBUG            PET2 VMK::recv():4898, size=200 in 1 chunks
20220805 025507.968 DEBUG            PET2 VMK::send():4407, size=200 in 1 chunks
20220805 025507.969 DEBUG            PET2 VMK::recv():4898, size=800 in 1 chunks
20220805 025507.969 DEBUG            PET2 VMK::send():4407, size=800 in 1 chunks
20220805 025507.969 DEBUG            PET2 VMK::recv():4898, size=800 in 1 chunks
20220805 025507.969 DEBUG            PET2 VMK::send():4407, size=800 in 1 chunks
20220805 025507.969 DEBUG            PET2 VMK::recv():4898, size=800 in 1 chunks
20220805 025507.969 DEBUG            PET2 VMK::send():4407, size=800 in 1 chunks
20220805 025507.970 DEBUG            PET2 VMK::recv():4898, size=100 in 1 chunks
20220805 025507.970 DEBUG            PET2 VMK::send():4407, size=100 in 1 chunks
20220805 025507.970 DEBUG            PET2 VMK::recv():4898, size=400 in 1 chunks
20220805 025507.970 DEBUG            PET2 VMK::send():4407, size=400 in 1 chunks
20220805 025507.970 DEBUG            PET2 VMK::recv():4898, size=200 in 1 chunks
20220805 025507.970 DEBUG            PET2 VMK::send():4407, size=200 in 1 chunks
20220805 025507.970 DEBUG            PET2 VMK::recv():4898, size=100 in 1 chunks
20220805 025507.970 DEBUG            PET2 VMK::send():4407, size=100 in 1 chunks
20220805 025507.970 DEBUG            PET2 VMK::recv():4898, size=400 in 1 chunks
20220805 025507.970 DEBUG            PET2 VMK::send():4407, size=400 in 1 chunks
20220805 025507.970 DEBUG            PET2 VMK::recv():4898, size=200 in 1 chunks
20220805 025507.970 DEBUG            PET2 VMK::send():4407, size=200 in 1 chunks
20220805 025507.970 DEBUG            PET2 VMK::recv():4898, size=500 in 1 chunks
20220805 025507.970 DEBUG            PET2 VMK::send():4407, size=500 in 1 chunks
20220805 025507.970 DEBUG            PET2 VMK::recv():4898, size=4 in 1 chunks
20220805 025507.970 DEBUG            PET2 VMK::send():4407, size=4 in 1 chunks
20220805 025507.970 DEBUG            PET2 VMK::recv():4898, size=1100 in 1 chunks
20220805 025507.970 DEBUG            PET2 VMK::send():4407, size=1100 in 1 chunks
20220805 025507.970 DEBUG            PET2 VMK::recv():4898, size=500 in 1 chunks
20220805 025507.971 DEBUG            PET2 VMK::send():4407, size=500 in 1 chunks
20220805 025507.971 DEBUG            PET2 VMK::recv():4898, size=4 in 1 chunks
20220805 025507.971 DEBUG            PET2 VMK::send():4407, size=4 in 1 chunks
20220805 025507.971 DEBUG            PET2 VMK::recv():4898, size=1100 in 1 chunks
20220805 025507.971 DEBUG            PET2 VMK::send():4407, size=1100 in 1 chunks
20220805 025507.971 DEBUG            PET2 VMK::recv():4898, size=200 in 1 chunks
20220805 025507.971 DEBUG            PET2 VMK::send():4407, size=200 in 1 chunks
20220805 025507.971 DEBUG            PET2 VMK::recv():4898, size=200 in 1 chunks
20220805 025507.971 DEBUG            PET2 VMK::send():4407, size=200 in 1 chunks
20220805 025507.971 DEBUG            PET2 VMK::recv():4898, size=200 in 1 chunks
20220805 025507.971 DEBUG            PET2 VMK::send():4407, size=200 in 1 chunks
20220805 025507.971 DEBUG            PET2 VMK::recv():4898, size=200 in 1 chunks
20220805 025507.971 DEBUG            PET2 VMK::send():4407, size=200 in 1 chunks
20220805 025507.971 DEBUG            PET2 VMK::recv():4898, size=200 in 1 chunks
20220805 025507.971 DEBUG            PET2 VMK::send():4407, size=200 in 1 chunks
20220805 025507.971 DEBUG            PET2 VMK::recv():4898, size=200 in 1 chunks
20220805 025507.971 DEBUG            PET2 VMK::send():4407, size=200 in 1 chunks
20220805 025507.971 DEBUG            PET2 VMK::recv():4898, size=200 in 1 chunks
20220805 025507.971 DEBUG            PET2 VMK::send():4407, size=200 in 1 chunks
20220805 025507.971 DEBUG            PET2 VMK::recv():4898, size=200 in 1 chunks
20220805 025507.971 DEBUG            PET2 VMK::send():4407, size=200 in 1 chunks
20220805 025507.971 DEBUG            PET2 VMK::recv():4898, size=200 in 1 chunks
20220805 025507.971 DEBUG            PET2 VMK::send():4407, size=200 in 1 chunks
20220805 025507.971 DEBUG            PET2 VMK::recv():4898, size=200 in 1 chunks
20220805 025507.971 DEBUG            PET2 VMK::send():4407, size=200 in 1 chunks
20220805 025507.971 DEBUG            PET2 VMK::recv():4898, size=200 in 1 chunks
20220805 025507.971 DEBUG            PET2 VMK::send():4407, size=200 in 1 chunks
20220805 025507.971 DEBUG            PET2 VMK::recv():4898, size=200 in 1 chunks
20220805 025507.971 DEBUG            PET2 VMK::send():4407, size=200 in 1 chunks
20220805 025507.971 DEBUG            PET2 VMK::recv():4898, size=200 in 1 chunks
20220805 025507.971 DEBUG            PET2 VMK::send():4407, size=200 in 1 chunks
20220805 025507.971 DEBUG            PET2 VMK::recv():4898, size=200 in 1 chunks
20220805 025507.971 DEBUG            PET2 VMK::send():4407, size=200 in 1 chunks
20220805 025507.971 DEBUG            PET2 VMK::recv():4898, size=200 in 1 chunks
20220805 025507.971 DEBUG            PET2 VMK::send():4407, size=200 in 1 chunks
20220805 025507.971 DEBUG            PET2 VMK::recv():4898, size=200 in 1 chunks
20220805 025507.971 DEBUG            PET2 VMK::send():4407, size=200 in 1 chunks
20220805 025507.971 DEBUG            PET2 VMK::recv():4898, size=200 in 1 chunks
20220805 025507.971 DEBUG            PET2 VMK::send():4407, size=200 in 1 chunks
20220805 025507.971 DEBUG            PET2 VMK::recv():4898, size=200 in 1 chunks
20220805 025507.971 DEBUG            PET2 VMK::send():4407, size=200 in 1 chunks
20220805 025507.971 DEBUG            PET2 VMK::recv():4898, size=200 in 1 chunks
20220805 025507.971 DEBUG            PET2 VMK::send():4407, size=200 in 1 chunks
20220805 025507.971 DEBUG            PET2 VMK::recv():4898, size=200 in 1 chunks
20220805 025507.971 DEBUG            PET2 VMK::send():4407, size=200 in 1 chunks
20220805 025507.971 DEBUG            PET2 VMK::recv():4898, size=200 in 1 chunks
20220805 025507.971 DEBUG            PET2 VMK::send():4407, size=200 in 1 chunks
20220805 025507.971 DEBUG            PET2 VMK::recv():4898, size=200 in 1 chunks
20220805 025507.971 DEBUG            PET2 VMK::send():4407, size=200 in 1 chunks
20220805 025507.971 DEBUG            PET2 VMK::recv():4898, size=200 in 1 chunks
20220805 025507.971 DEBUG            PET2 VMK::send():4407, size=200 in 1 chunks
20220805 025507.971 DEBUG            PET2 VMK::recv():4898, size=200 in 1 chunks
20220805 025507.971 DEBUG            PET2 VMK::send():4407, size=200 in 1 chunks
20220805 025507.971 DEBUG            PET2 VMK::recv():4898, size=200 in 1 chunks
20220805 025507.971 DEBUG            PET2 VMK::send():4407, size=200 in 1 chunks
20220805 025507.971 DEBUG            PET2 VMK::recv():4898, size=200 in 1 chunks
20220805 025507.971 DEBUG            PET2 VMK::send():4407, size=200 in 1 chunks
20220805 025507.971 DEBUG            PET2 VMK::recv():4898, size=200 in 1 chunks
20220805 025507.971 DEBUG            PET2 VMK::send():4407, size=200 in 1 chunks
20220805 025507.971 DEBUG            PET2 VMK::recv():4898, size=200 in 1 chunks
20220805 025507.971 DEBUG            PET2 VMK::send():4407, size=200 in 1 chunks
20220805 025507.971 DEBUG            PET2 VMK::recv():4898, size=200 in 1 chunks
20220805 025507.971 DEBUG            PET2 VMK::send():4407, size=200 in 1 chunks
20220805 025507.971 DEBUG            PET2 VMK::recv():4898, size=200 in 1 chunks
20220805 025507.971 DEBUG            PET2 VMK::send():4407, size=200 in 1 chunks
20220805 025507.972 DEBUG            PET2 VMK::recv():4898, size=200 in 1 chunks
20220805 025507.972 DEBUG            PET2 VMK::send():4407, size=200 in 1 chunks
20220805 025507.972 DEBUG            PET2 VMK::recv():4898, size=600 in 1 chunks
20220805 025507.972 DEBUG            PET2 VMK::send():4407, size=600 in 1 chunks
20220805 025507.972 INFO             PET2  NUMBER_OF_PROCESSORS           4
20220805 025507.972 INFO             PET2  PASS  Example ESMF_FieldBundleRedistEx, ESMF_FieldBundleRedistEx.F90, line 280
20220805 025507.972 INFO             PET2 Finalizing ESMF
20220805 025507.972 DEBUG            PET2 epochFinal
20220805 025507.958 INFO             PET3 !!!!!!!!!!!!!!!!!!!!!!!!!!!!!!!!!!!!!!!!!!!!!!!!!!!!!!
20220805 025507.958 INFO             PET3 !!! THE ESMF_LOG IS SET TO OUTPUT ALL LOG MESSAGES !!!
20220805 025507.958 INFO             PET3 !!!     THIS MAY CAUSE SLOWDOWN IN PERFORMANCE     !!!
20220805 025507.958 INFO             PET3 !!! FOR PRODUCTION RUNS, USE:                      !!!
20220805 025507.958 INFO             PET3 !!!                   ESMF_LOGKIND_Multi_On_Error  !!!
20220805 025507.958 INFO             PET3 !!!!!!!!!!!!!!!!!!!!!!!!!!!!!!!!!!!!!!!!!!!!!!!!!!!!!!
20220805 025507.958 INFO             PET3 Running with ESMF Version   : v8.3.0b17-27-g5b5163f
20220805 025507.958 INFO             PET3 ESMF library build date/time: "Aug  5 2022" "02:32:35"
20220805 025507.959 INFO             PET3 ESMF library build location : /work/noaa/da/mpotts/sandbox/gfortran_8.3.0_openmpi_g_feature_large-messages/esmf
20220805 025507.959 INFO             PET3 ESMF_COMM                   : openmpi
20220805 025507.959 INFO             PET3 ESMF_MOAB                   : enabled
20220805 025507.959 INFO             PET3 ESMF_LAPACK                 : enabled
20220805 025507.959 INFO             PET3 ESMF_NETCDF                 : enabled
20220805 025507.959 INFO             PET3 ESMF_PNETCDF                : disabled
20220805 025507.959 INFO             PET3 ESMF_PIO                    : enabled
20220805 025507.959 INFO             PET3 ESMF_YAMLCPP                : enabled
20220805 025507.965 DEBUG            PET3 VMK::recv():4898, size=100 in 1 chunks
20220805 025507.965 DEBUG            PET3 VMK::send():4407, size=100 in 1 chunks
20220805 025507.965 DEBUG            PET3 VMK::recv():4898, size=400 in 1 chunks
20220805 025507.965 DEBUG            PET3 VMK::send():4407, size=400 in 1 chunks
20220805 025507.965 DEBUG            PET3 VMK::recv():4898, size=200 in 1 chunks
20220805 025507.965 DEBUG            PET3 VMK::send():4407, size=200 in 1 chunks
20220805 025507.965 DEBUG            PET3 VMK::recv():4898, size=100 in 1 chunks
20220805 025507.965 DEBUG            PET3 VMK::send():4407, size=100 in 1 chunks
20220805 025507.965 DEBUG            PET3 VMK::recv():4898, size=400 in 1 chunks
20220805 025507.965 DEBUG            PET3 VMK::send():4407, size=400 in 1 chunks
20220805 025507.965 DEBUG            PET3 VMK::recv():4898, size=200 in 1 chunks
20220805 025507.965 DEBUG            PET3 VMK::send():4407, size=200 in 1 chunks
20220805 025507.966 DEBUG            PET3 VMK::recv():4898, size=500 in 1 chunks
20220805 025507.966 DEBUG            PET3 VMK::send():4407, size=500 in 1 chunks
20220805 025507.966 DEBUG            PET3 VMK::recv():4898, size=4 in 1 chunks
20220805 025507.966 DEBUG            PET3 VMK::send():4407, size=4 in 1 chunks
20220805 025507.966 DEBUG            PET3 VMK::recv():4898, size=1100 in 1 chunks
20220805 025507.966 DEBUG            PET3 VMK::send():4407, size=1100 in 1 chunks
20220805 025507.966 DEBUG            PET3 VMK::recv():4898, size=500 in 1 chunks
20220805 025507.966 DEBUG            PET3 VMK::send():4407, size=500 in 1 chunks
20220805 025507.966 DEBUG            PET3 VMK::recv():4898, size=4 in 1 chunks
20220805 025507.966 DEBUG            PET3 VMK::send():4407, size=4 in 1 chunks
20220805 025507.966 DEBUG            PET3 VMK::recv():4898, size=1100 in 1 chunks
20220805 025507.966 DEBUG            PET3 VMK::send():4407, size=1100 in 1 chunks
20220805 025507.967 DEBUG            PET3 VMK::recv():4898, size=200 in 1 chunks
20220805 025507.967 DEBUG            PET3 VMK::send():4407, size=200 in 1 chunks
20220805 025507.967 DEBUG            PET3 VMK::recv():4898, size=200 in 1 chunks
20220805 025507.967 DEBUG            PET3 VMK::send():4407, size=200 in 1 chunks
20220805 025507.967 DEBUG            PET3 VMK::recv():4898, size=200 in 1 chunks
20220805 025507.967 DEBUG            PET3 VMK::send():4407, size=200 in 1 chunks
20220805 025507.967 DEBUG            PET3 VMK::recv():4898, size=200 in 1 chunks
20220805 025507.967 DEBUG            PET3 VMK::send():4407, size=200 in 1 chunks
20220805 025507.967 DEBUG            PET3 VMK::recv():4898, size=200 in 1 chunks
20220805 025507.967 DEBUG            PET3 VMK::send():4407, size=200 in 1 chunks
20220805 025507.967 DEBUG            PET3 VMK::recv():4898, size=200 in 1 chunks
20220805 025507.967 DEBUG            PET3 VMK::send():4407, size=200 in 1 chunks
20220805 025507.967 DEBUG            PET3 VMK::recv():4898, size=200 in 1 chunks
20220805 025507.967 DEBUG            PET3 VMK::send():4407, size=200 in 1 chunks
20220805 025507.967 DEBUG            PET3 VMK::recv():4898, size=200 in 1 chunks
20220805 025507.967 DEBUG            PET3 VMK::send():4407, size=200 in 1 chunks
20220805 025507.968 DEBUG            PET3 VMK::recv():4898, size=200 in 1 chunks
20220805 025507.968 DEBUG            PET3 VMK::send():4407, size=200 in 1 chunks
20220805 025507.968 DEBUG            PET3 VMK::recv():4898, size=200 in 1 chunks
20220805 025507.968 DEBUG            PET3 VMK::send():4407, size=200 in 1 chunks
20220805 025507.968 DEBUG            PET3 VMK::recv():4898, size=200 in 1 chunks
20220805 025507.968 DEBUG            PET3 VMK::send():4407, size=200 in 1 chunks
20220805 025507.968 DEBUG            PET3 VMK::recv():4898, size=200 in 1 chunks
20220805 025507.968 DEBUG            PET3 VMK::send():4407, size=200 in 1 chunks
20220805 025507.968 DEBUG            PET3 VMK::recv():4898, size=200 in 1 chunks
20220805 025507.968 DEBUG            PET3 VMK::send():4407, size=200 in 1 chunks
20220805 025507.968 DEBUG            PET3 VMK::recv():4898, size=200 in 1 chunks
20220805 025507.968 DEBUG            PET3 VMK::send():4407, size=200 in 1 chunks
20220805 025507.968 DEBUG            PET3 VMK::recv():4898, size=200 in 1 chunks
20220805 025507.968 DEBUG            PET3 VMK::send():4407, size=200 in 1 chunks
20220805 025507.968 DEBUG            PET3 VMK::recv():4898, size=200 in 1 chunks
20220805 025507.968 DEBUG            PET3 VMK::send():4407, size=200 in 1 chunks
20220805 025507.968 DEBUG            PET3 VMK::recv():4898, size=200 in 1 chunks
20220805 025507.968 DEBUG            PET3 VMK::send():4407, size=200 in 1 chunks
20220805 025507.968 DEBUG            PET3 VMK::recv():4898, size=200 in 1 chunks
20220805 025507.968 DEBUG            PET3 VMK::send():4407, size=200 in 1 chunks
20220805 025507.968 DEBUG            PET3 VMK::recv():4898, size=200 in 1 chunks
20220805 025507.968 DEBUG            PET3 VMK::send():4407, size=200 in 1 chunks
20220805 025507.968 DEBUG            PET3 VMK::recv():4898, size=200 in 1 chunks
20220805 025507.968 DEBUG            PET3 VMK::send():4407, size=200 in 1 chunks
20220805 025507.968 DEBUG            PET3 VMK::recv():4898, size=200 in 1 chunks
20220805 025507.968 DEBUG            PET3 VMK::send():4407, size=200 in 1 chunks
20220805 025507.968 DEBUG            PET3 VMK::recv():4898, size=200 in 1 chunks
20220805 025507.968 DEBUG            PET3 VMK::send():4407, size=200 in 1 chunks
20220805 025507.968 DEBUG            PET3 VMK::recv():4898, size=200 in 1 chunks
20220805 025507.968 DEBUG            PET3 VMK::send():4407, size=200 in 1 chunks
20220805 025507.968 DEBUG            PET3 VMK::recv():4898, size=200 in 1 chunks
20220805 025507.968 DEBUG            PET3 VMK::send():4407, size=200 in 1 chunks
20220805 025507.968 DEBUG            PET3 VMK::recv():4898, size=200 in 1 chunks
20220805 025507.968 DEBUG            PET3 VMK::send():4407, size=200 in 1 chunks
20220805 025507.968 DEBUG            PET3 VMK::recv():4898, size=200 in 1 chunks
20220805 025507.968 DEBUG            PET3 VMK::send():4407, size=200 in 1 chunks
20220805 025507.968 DEBUG            PET3 VMK::recv():4898, size=200 in 1 chunks
20220805 025507.968 DEBUG            PET3 VMK::send():4407, size=200 in 1 chunks
20220805 025507.968 DEBUG            PET3 VMK::recv():4898, size=200 in 1 chunks
20220805 025507.968 DEBUG            PET3 VMK::send():4407, size=200 in 1 chunks
20220805 025507.968 DEBUG            PET3 VMK::recv():4898, size=200 in 1 chunks
20220805 025507.968 DEBUG            PET3 VMK::send():4407, size=200 in 1 chunks
20220805 025507.968 DEBUG            PET3 VMK::recv():4898, size=200 in 1 chunks
20220805 025507.968 DEBUG            PET3 VMK::send():4407, size=200 in 1 chunks
20220805 025507.968 DEBUG            PET3 VMK::recv():4898, size=200 in 1 chunks
20220805 025507.968 DEBUG            PET3 VMK::send():4407, size=200 in 1 chunks
20220805 025507.969 DEBUG            PET3 VMK::recv():4898, size=800 in 1 chunks
20220805 025507.969 DEBUG            PET3 VMK::send():4407, size=800 in 1 chunks
20220805 025507.969 DEBUG            PET3 VMK::recv():4898, size=800 in 1 chunks
20220805 025507.969 DEBUG            PET3 VMK::send():4407, size=800 in 1 chunks
20220805 025507.969 DEBUG            PET3 VMK::recv():4898, size=800 in 1 chunks
20220805 025507.969 DEBUG            PET3 VMK::send():4407, size=800 in 1 chunks
20220805 025507.970 DEBUG            PET3 VMK::recv():4898, size=100 in 1 chunks
20220805 025507.970 DEBUG            PET3 VMK::send():4407, size=100 in 1 chunks
20220805 025507.970 DEBUG            PET3 VMK::recv():4898, size=400 in 1 chunks
20220805 025507.970 DEBUG            PET3 VMK::send():4407, size=400 in 1 chunks
20220805 025507.970 DEBUG            PET3 VMK::recv():4898, size=200 in 1 chunks
20220805 025507.970 DEBUG            PET3 VMK::send():4407, size=200 in 1 chunks
20220805 025507.970 DEBUG            PET3 VMK::recv():4898, size=100 in 1 chunks
20220805 025507.970 DEBUG            PET3 VMK::send():4407, size=100 in 1 chunks
20220805 025507.970 DEBUG            PET3 VMK::recv():4898, size=400 in 1 chunks
20220805 025507.970 DEBUG            PET3 VMK::send():4407, size=400 in 1 chunks
20220805 025507.970 DEBUG            PET3 VMK::recv():4898, size=200 in 1 chunks
20220805 025507.970 DEBUG            PET3 VMK::send():4407, size=200 in 1 chunks
20220805 025507.970 DEBUG            PET3 VMK::recv():4898, size=500 in 1 chunks
20220805 025507.970 DEBUG            PET3 VMK::send():4407, size=500 in 1 chunks
20220805 025507.970 DEBUG            PET3 VMK::recv():4898, size=4 in 1 chunks
20220805 025507.970 DEBUG            PET3 VMK::send():4407, size=4 in 1 chunks
20220805 025507.970 DEBUG            PET3 VMK::recv():4898, size=1100 in 1 chunks
20220805 025507.970 DEBUG            PET3 VMK::send():4407, size=1100 in 1 chunks
20220805 025507.970 DEBUG            PET3 VMK::recv():4898, size=500 in 1 chunks
20220805 025507.971 DEBUG            PET3 VMK::send():4407, size=500 in 1 chunks
20220805 025507.971 DEBUG            PET3 VMK::recv():4898, size=4 in 1 chunks
20220805 025507.971 DEBUG            PET3 VMK::send():4407, size=4 in 1 chunks
20220805 025507.971 DEBUG            PET3 VMK::recv():4898, size=1100 in 1 chunks
20220805 025507.971 DEBUG            PET3 VMK::send():4407, size=1100 in 1 chunks
20220805 025507.971 DEBUG            PET3 VMK::recv():4898, size=200 in 1 chunks
20220805 025507.971 DEBUG            PET3 VMK::send():4407, size=200 in 1 chunks
20220805 025507.971 DEBUG            PET3 VMK::recv():4898, size=200 in 1 chunks
20220805 025507.971 DEBUG            PET3 VMK::send():4407, size=200 in 1 chunks
20220805 025507.971 DEBUG            PET3 VMK::recv():4898, size=200 in 1 chunks
20220805 025507.971 DEBUG            PET3 VMK::send():4407, size=200 in 1 chunks
20220805 025507.971 DEBUG            PET3 VMK::recv():4898, size=200 in 1 chunks
20220805 025507.971 DEBUG            PET3 VMK::send():4407, size=200 in 1 chunks
20220805 025507.971 DEBUG            PET3 VMK::recv():4898, size=200 in 1 chunks
20220805 025507.971 DEBUG            PET3 VMK::send():4407, size=200 in 1 chunks
20220805 025507.971 DEBUG            PET3 VMK::recv():4898, size=200 in 1 chunks
20220805 025507.971 DEBUG            PET3 VMK::send():4407, size=200 in 1 chunks
20220805 025507.971 DEBUG            PET3 VMK::recv():4898, size=200 in 1 chunks
20220805 025507.971 DEBUG            PET3 VMK::send():4407, size=200 in 1 chunks
20220805 025507.971 DEBUG            PET3 VMK::recv():4898, size=200 in 1 chunks
20220805 025507.971 DEBUG            PET3 VMK::send():4407, size=200 in 1 chunks
20220805 025507.971 DEBUG            PET3 VMK::recv():4898, size=200 in 1 chunks
20220805 025507.971 DEBUG            PET3 VMK::send():4407, size=200 in 1 chunks
20220805 025507.971 DEBUG            PET3 VMK::recv():4898, size=200 in 1 chunks
20220805 025507.971 DEBUG            PET3 VMK::send():4407, size=200 in 1 chunks
20220805 025507.971 DEBUG            PET3 VMK::recv():4898, size=200 in 1 chunks
20220805 025507.971 DEBUG            PET3 VMK::send():4407, size=200 in 1 chunks
20220805 025507.971 DEBUG            PET3 VMK::recv():4898, size=200 in 1 chunks
20220805 025507.971 DEBUG            PET3 VMK::send():4407, size=200 in 1 chunks
20220805 025507.971 DEBUG            PET3 VMK::recv():4898, size=200 in 1 chunks
20220805 025507.971 DEBUG            PET3 VMK::send():4407, size=200 in 1 chunks
20220805 025507.971 DEBUG            PET3 VMK::recv():4898, size=200 in 1 chunks
20220805 025507.971 DEBUG            PET3 VMK::send():4407, size=200 in 1 chunks
20220805 025507.971 DEBUG            PET3 VMK::recv():4898, size=200 in 1 chunks
20220805 025507.971 DEBUG            PET3 VMK::send():4407, size=200 in 1 chunks
20220805 025507.971 DEBUG            PET3 VMK::recv():4898, size=200 in 1 chunks
20220805 025507.971 DEBUG            PET3 VMK::send():4407, size=200 in 1 chunks
20220805 025507.971 DEBUG            PET3 VMK::recv():4898, size=200 in 1 chunks
20220805 025507.971 DEBUG            PET3 VMK::send():4407, size=200 in 1 chunks
20220805 025507.971 DEBUG            PET3 VMK::recv():4898, size=200 in 1 chunks
20220805 025507.971 DEBUG            PET3 VMK::send():4407, size=200 in 1 chunks
20220805 025507.971 DEBUG            PET3 VMK::recv():4898, size=200 in 1 chunks
20220805 025507.971 DEBUG            PET3 VMK::send():4407, size=200 in 1 chunks
20220805 025507.971 DEBUG            PET3 VMK::recv():4898, size=200 in 1 chunks
20220805 025507.971 DEBUG            PET3 VMK::send():4407, size=200 in 1 chunks
20220805 025507.971 DEBUG            PET3 VMK::recv():4898, size=200 in 1 chunks
20220805 025507.971 DEBUG            PET3 VMK::send():4407, size=200 in 1 chunks
20220805 025507.971 DEBUG            PET3 VMK::recv():4898, size=200 in 1 chunks
20220805 025507.971 DEBUG            PET3 VMK::send():4407, size=200 in 1 chunks
20220805 025507.971 DEBUG            PET3 VMK::recv():4898, size=200 in 1 chunks
20220805 025507.971 DEBUG            PET3 VMK::send():4407, size=200 in 1 chunks
20220805 025507.971 DEBUG            PET3 VMK::recv():4898, size=200 in 1 chunks
20220805 025507.971 DEBUG            PET3 VMK::send():4407, size=200 in 1 chunks
20220805 025507.971 DEBUG            PET3 VMK::recv():4898, size=200 in 1 chunks
20220805 025507.971 DEBUG            PET3 VMK::send():4407, size=200 in 1 chunks
20220805 025507.971 DEBUG            PET3 VMK::recv():4898, size=200 in 1 chunks
20220805 025507.971 DEBUG            PET3 VMK::send():4407, size=200 in 1 chunks
20220805 025507.971 DEBUG            PET3 VMK::recv():4898, size=200 in 1 chunks
20220805 025507.971 DEBUG            PET3 VMK::send():4407, size=200 in 1 chunks
20220805 025507.971 DEBUG            PET3 VMK::recv():4898, size=200 in 1 chunks
20220805 025507.971 DEBUG            PET3 VMK::send():4407, size=200 in 1 chunks
20220805 025507.971 DEBUG            PET3 VMK::recv():4898, size=200 in 1 chunks
20220805 025507.971 DEBUG            PET3 VMK::send():4407, size=200 in 1 chunks
20220805 025507.971 DEBUG            PET3 VMK::recv():4898, size=200 in 1 chunks
20220805 025507.971 DEBUG            PET3 VMK::send():4407, size=200 in 1 chunks
20220805 025507.972 DEBUG            PET3 VMK::recv():4898, size=200 in 1 chunks
20220805 025507.972 DEBUG            PET3 VMK::send():4407, size=200 in 1 chunks
20220805 025507.972 DEBUG            PET3 VMK::recv():4898, size=600 in 1 chunks
20220805 025507.972 DEBUG            PET3 VMK::send():4407, size=600 in 1 chunks
20220805 025507.972 INFO             PET3  NUMBER_OF_PROCESSORS           4
20220805 025507.972 INFO             PET3  PASS  Example ESMF_FieldBundleRedistEx, ESMF_FieldBundleRedistEx.F90, line 280
20220805 025507.972 INFO             PET3 Finalizing ESMF
20220805 025507.972 DEBUG            PET3 epochFinal
