2022-09-04 03:41:07
20220904 040931.255 INFO             PET0 !!!!!!!!!!!!!!!!!!!!!!!!!!!!!!!!!!!!!!!!!!!!!!!!!!!!!!
20220904 040931.255 INFO             PET0 !!! THE ESMF_LOG IS SET TO OUTPUT ALL LOG MESSAGES !!!
20220904 040931.255 INFO             PET0 !!!     THIS MAY CAUSE SLOWDOWN IN PERFORMANCE     !!!
20220904 040931.255 INFO             PET0 !!! FOR PRODUCTION RUNS, USE:                      !!!
20220904 040931.255 INFO             PET0 !!!                   ESMF_LOGKIND_Multi_On_Error  !!!
20220904 040931.255 INFO             PET0 !!!!!!!!!!!!!!!!!!!!!!!!!!!!!!!!!!!!!!!!!!!!!!!!!!!!!!
20220904 040931.255 INFO             PET0 Running with ESMF Version   : v8.3.1b05
20220904 040931.255 INFO             PET0 ESMF library build date/time: "Sep  4 2022" "03:38:12"
20220904 040931.255 INFO             PET0 ESMF library build location : /glade/scratch/dunlap/esmf-testing/gfortran_9.1.0_mpt_g_patch_8.3.1/esmf
20220904 040931.255 INFO             PET0 ESMF_COMM                   : mpt
20220904 040931.255 INFO             PET0 ESMF_MOAB                   : enabled
20220904 040931.255 INFO             PET0 ESMF_LAPACK                 : enabled
20220904 040931.255 INFO             PET0 ESMF_NETCDF                 : enabled
20220904 040931.255 INFO             PET0 ESMF_PNETCDF                : disabled
20220904 040931.255 INFO             PET0 ESMF_PIO                    : enabled
20220904 040931.255 INFO             PET0 ESMF_YAMLCPP                : enabled
20220904 040931.256 INFO             PET0  NUMBER_OF_PROCESSORS           1
20220904 040931.256 INFO             PET0  PASS  Example ESMF_ClockEx, ESMF_ClockEx.F90, line 220
20220904 040931.256 INFO             PET0 Finalizing ESMF
