2022-09-18 00:45:43
20220918 021730.588 INFO             PET0 !!!!!!!!!!!!!!!!!!!!!!!!!!!!!!!!!!!!!!!!!!!!!!!!!!!!!!
20220918 021730.589 INFO             PET0 !!! THE ESMF_LOG IS SET TO OUTPUT ALL LOG MESSAGES !!!
20220918 021730.589 INFO             PET0 !!!     THIS MAY CAUSE SLOWDOWN IN PERFORMANCE     !!!
20220918 021730.589 INFO             PET0 !!! FOR PRODUCTION RUNS, USE:                      !!!
20220918 021730.589 INFO             PET0 !!!                   ESMF_LOGKIND_Multi_On_Error  !!!
20220918 021730.589 INFO             PET0 !!!!!!!!!!!!!!!!!!!!!!!!!!!!!!!!!!!!!!!!!!!!!!!!!!!!!!
20220918 021730.589 INFO             PET0 Running with ESMF Version   : v8.4.0b13-87-ga736f50963
20220918 021730.589 INFO             PET0 ESMF library build date/time: "Sep 18 2022" "00:44:02"
20220918 021730.589 INFO             PET0 ESMF library build location : /lustre/f2/dev/Mark.Potts/esmf-test/gfortran_8.3.0_mpi_g_develop/esmf
20220918 021730.589 INFO             PET0 ESMF_COMM                   : mpi
20220918 021730.590 INFO             PET0 ESMF_MOAB                   : enabled
20220918 021730.590 INFO             PET0 ESMF_LAPACK                 : enabled
20220918 021730.590 INFO             PET0 ESMF_NETCDF                 : enabled
20220918 021730.590 INFO             PET0 ESMF_PNETCDF                : disabled
20220918 021730.590 INFO             PET0 ESMF_PIO                    : enabled
20220918 021730.590 INFO             PET0 ESMF_YAMLCPP                : enabled
20220918 021730.638 INFO             PET0  NUMBER_OF_PROCESSORS           1
20220918 021730.638 INFO             PET0  PASS  Example ESMF_XGridSparseMatEx, ESMF_XGridSparseMatEx.F90, line 642
20220918 021730.639 INFO             PET0 Finalizing ESMF
