2022-09-08 00:49:48
20220908 021732.058 INFO             PET0 !!!!!!!!!!!!!!!!!!!!!!!!!!!!!!!!!!!!!!!!!!!!!!!!!!!!!!
20220908 021732.058 INFO             PET0 !!! THE ESMF_LOG IS SET TO OUTPUT ALL LOG MESSAGES !!!
20220908 021732.058 INFO             PET0 !!!     THIS MAY CAUSE SLOWDOWN IN PERFORMANCE     !!!
20220908 021732.058 INFO             PET0 !!! FOR PRODUCTION RUNS, USE:                      !!!
20220908 021732.058 INFO             PET0 !!!                   ESMF_LOGKIND_Multi_On_Error  !!!
20220908 021732.058 INFO             PET0 !!!!!!!!!!!!!!!!!!!!!!!!!!!!!!!!!!!!!!!!!!!!!!!!!!!!!!
20220908 021732.058 INFO             PET0 Running with ESMF Version   : v8.4.0b12-4-g371b6fcbcf
20220908 021732.058 INFO             PET0 ESMF library build date/time: "Sep  8 2022" "00:48:06"
20220908 021732.058 INFO             PET0 ESMF library build location : /lustre/f2/dev/Mark.Potts/esmf-test/gfortran_8.3.0_mpi_g_develop/esmf
20220908 021732.058 INFO             PET0 ESMF_COMM                   : mpi
20220908 021732.059 INFO             PET0 ESMF_MOAB                   : enabled
20220908 021732.059 INFO             PET0 ESMF_LAPACK                 : enabled
20220908 021732.059 INFO             PET0 ESMF_NETCDF                 : enabled
20220908 021732.059 INFO             PET0 ESMF_PNETCDF                : disabled
20220908 021732.059 INFO             PET0 ESMF_PIO                    : enabled
20220908 021732.059 INFO             PET0 ESMF_YAMLCPP                : enabled
20220908 021732.130 INFO             PET0  NUMBER_OF_PROCESSORS           4
20220908 021732.130 INFO             PET0  PASS  Example ESMF_StateEx, ESMF_StateEx.F90, line 237
20220908 021732.130 INFO             PET0 Finalizing ESMF
20220908 021732.068 INFO             PET1 !!!!!!!!!!!!!!!!!!!!!!!!!!!!!!!!!!!!!!!!!!!!!!!!!!!!!!
20220908 021732.068 INFO             PET1 !!! THE ESMF_LOG IS SET TO OUTPUT ALL LOG MESSAGES !!!
20220908 021732.068 INFO             PET1 !!!     THIS MAY CAUSE SLOWDOWN IN PERFORMANCE     !!!
20220908 021732.068 INFO             PET1 !!! FOR PRODUCTION RUNS, USE:                      !!!
20220908 021732.068 INFO             PET1 !!!                   ESMF_LOGKIND_Multi_On_Error  !!!
20220908 021732.068 INFO             PET1 !!!!!!!!!!!!!!!!!!!!!!!!!!!!!!!!!!!!!!!!!!!!!!!!!!!!!!
20220908 021732.068 INFO             PET1 Running with ESMF Version   : v8.4.0b12-4-g371b6fcbcf
20220908 021732.068 INFO             PET1 ESMF library build date/time: "Sep  8 2022" "00:48:06"
20220908 021732.068 INFO             PET1 ESMF library build location : /lustre/f2/dev/Mark.Potts/esmf-test/gfortran_8.3.0_mpi_g_develop/esmf
20220908 021732.068 INFO             PET1 ESMF_COMM                   : mpi
20220908 021732.068 INFO             PET1 ESMF_MOAB                   : enabled
20220908 021732.068 INFO             PET1 ESMF_LAPACK                 : enabled
20220908 021732.068 INFO             PET1 ESMF_NETCDF                 : enabled
20220908 021732.068 INFO             PET1 ESMF_PNETCDF                : disabled
20220908 021732.068 INFO             PET1 ESMF_PIO                    : enabled
20220908 021732.068 INFO             PET1 ESMF_YAMLCPP                : enabled
20220908 021732.130 INFO             PET1  NUMBER_OF_PROCESSORS           4
20220908 021732.130 INFO             PET1  PASS  Example ESMF_StateEx, ESMF_StateEx.F90, line 237
20220908 021732.130 INFO             PET1 Finalizing ESMF
20220908 021732.059 INFO             PET2 !!!!!!!!!!!!!!!!!!!!!!!!!!!!!!!!!!!!!!!!!!!!!!!!!!!!!!
20220908 021732.059 INFO             PET2 !!! THE ESMF_LOG IS SET TO OUTPUT ALL LOG MESSAGES !!!
20220908 021732.059 INFO             PET2 !!!     THIS MAY CAUSE SLOWDOWN IN PERFORMANCE     !!!
20220908 021732.059 INFO             PET2 !!! FOR PRODUCTION RUNS, USE:                      !!!
20220908 021732.059 INFO             PET2 !!!                   ESMF_LOGKIND_Multi_On_Error  !!!
20220908 021732.059 INFO             PET2 !!!!!!!!!!!!!!!!!!!!!!!!!!!!!!!!!!!!!!!!!!!!!!!!!!!!!!
20220908 021732.059 INFO             PET2 Running with ESMF Version   : v8.4.0b12-4-g371b6fcbcf
20220908 021732.059 INFO             PET2 ESMF library build date/time: "Sep  8 2022" "00:48:06"
20220908 021732.059 INFO             PET2 ESMF library build location : /lustre/f2/dev/Mark.Potts/esmf-test/gfortran_8.3.0_mpi_g_develop/esmf
20220908 021732.059 INFO             PET2 ESMF_COMM                   : mpi
20220908 021732.059 INFO             PET2 ESMF_MOAB                   : enabled
20220908 021732.059 INFO             PET2 ESMF_LAPACK                 : enabled
20220908 021732.059 INFO             PET2 ESMF_NETCDF                 : enabled
20220908 021732.059 INFO             PET2 ESMF_PNETCDF                : disabled
20220908 021732.059 INFO             PET2 ESMF_PIO                    : enabled
20220908 021732.059 INFO             PET2 ESMF_YAMLCPP                : enabled
20220908 021732.130 INFO             PET2  NUMBER_OF_PROCESSORS           4
20220908 021732.130 INFO             PET2  PASS  Example ESMF_StateEx, ESMF_StateEx.F90, line 237
20220908 021732.130 INFO             PET2 Finalizing ESMF
20220908 021732.058 INFO             PET3 !!!!!!!!!!!!!!!!!!!!!!!!!!!!!!!!!!!!!!!!!!!!!!!!!!!!!!
20220908 021732.058 INFO             PET3 !!! THE ESMF_LOG IS SET TO OUTPUT ALL LOG MESSAGES !!!
20220908 021732.058 INFO             PET3 !!!     THIS MAY CAUSE SLOWDOWN IN PERFORMANCE     !!!
20220908 021732.058 INFO             PET3 !!! FOR PRODUCTION RUNS, USE:                      !!!
20220908 021732.058 INFO             PET3 !!!                   ESMF_LOGKIND_Multi_On_Error  !!!
20220908 021732.058 INFO             PET3 !!!!!!!!!!!!!!!!!!!!!!!!!!!!!!!!!!!!!!!!!!!!!!!!!!!!!!
20220908 021732.058 INFO             PET3 Running with ESMF Version   : v8.4.0b12-4-g371b6fcbcf
20220908 021732.058 INFO             PET3 ESMF library build date/time: "Sep  8 2022" "00:48:06"
20220908 021732.058 INFO             PET3 ESMF library build location : /lustre/f2/dev/Mark.Potts/esmf-test/gfortran_8.3.0_mpi_g_develop/esmf
20220908 021732.058 INFO             PET3 ESMF_COMM                   : mpi
20220908 021732.059 INFO             PET3 ESMF_MOAB                   : enabled
20220908 021732.059 INFO             PET3 ESMF_LAPACK                 : enabled
20220908 021732.059 INFO             PET3 ESMF_NETCDF                 : enabled
20220908 021732.059 INFO             PET3 ESMF_PNETCDF                : disabled
20220908 021732.059 INFO             PET3 ESMF_PIO                    : enabled
20220908 021732.059 INFO             PET3 ESMF_YAMLCPP                : enabled
20220908 021732.129 INFO             PET3  NUMBER_OF_PROCESSORS           4
20220908 021732.129 INFO             PET3  PASS  Example ESMF_StateEx, ESMF_StateEx.F90, line 237
20220908 021732.129 INFO             PET3 Finalizing ESMF
