2022-09-03 00:43:57
20220903 021102.000 INFO             PET0 !!!!!!!!!!!!!!!!!!!!!!!!!!!!!!!!!!!!!!!!!!!!!!!!!!!!!!
20220903 021102.000 INFO             PET0 !!! THE ESMF_LOG IS SET TO OUTPUT ALL LOG MESSAGES !!!
20220903 021102.000 INFO             PET0 !!!     THIS MAY CAUSE SLOWDOWN IN PERFORMANCE     !!!
20220903 021102.000 INFO             PET0 !!! FOR PRODUCTION RUNS, USE:                      !!!
20220903 021102.000 INFO             PET0 !!!                   ESMF_LOGKIND_Multi_On_Error  !!!
20220903 021102.000 INFO             PET0 !!!!!!!!!!!!!!!!!!!!!!!!!!!!!!!!!!!!!!!!!!!!!!!!!!!!!!
20220903 021102.000 INFO             PET0 Running with ESMF Version   : v8.4.0b12
20220903 021102.000 INFO             PET0 ESMF library build date/time: "Sep  3 2022" "00:42:18"
20220903 021102.000 INFO             PET0 ESMF library build location : /lustre/f2/dev/Mark.Potts/esmf-test/gfortran_8.3.0_mpi_g_develop/esmf
20220903 021102.000 INFO             PET0 ESMF_COMM                   : mpi
20220903 021102.000 INFO             PET0 ESMF_MOAB                   : enabled
20220903 021102.000 INFO             PET0 ESMF_LAPACK                 : enabled
20220903 021102.000 INFO             PET0 ESMF_NETCDF                 : enabled
20220903 021102.000 INFO             PET0 ESMF_PNETCDF                : disabled
20220903 021102.000 INFO             PET0 ESMF_PIO                    : enabled
20220903 021102.000 INFO             PET0 ESMF_YAMLCPP                : enabled
20220903 021102.000 INFO             PET0  NUMBER_OF_PROCESSORS           4
20220903 021102.000 INFO             PET0  PASS  Example ESMF_VMUserMpiCommMultiEx, ESMF_VMUserMpiCommMultiEx.F90, line 126
20220903 021102.000 INFO             PET0 Finalizing ESMF
20220903 021101.999 INFO             PET0 !!!!!!!!!!!!!!!!!!!!!!!!!!!!!!!!!!!!!!!!!!!!!!!!!!!!!!
20220903 021101.999 INFO             PET0 !!! THE ESMF_LOG IS SET TO OUTPUT ALL LOG MESSAGES !!!
20220903 021101.999 INFO             PET0 !!!     THIS MAY CAUSE SLOWDOWN IN PERFORMANCE     !!!
20220903 021101.999 INFO             PET0 !!! FOR PRODUCTION RUNS, USE:                      !!!
20220903 021101.999 INFO             PET0 !!!                   ESMF_LOGKIND_Multi_On_Error  !!!
20220903 021101.999 INFO             PET0 !!!!!!!!!!!!!!!!!!!!!!!!!!!!!!!!!!!!!!!!!!!!!!!!!!!!!!
20220903 021101.999 INFO             PET0 Running with ESMF Version   : v8.4.0b12
20220903 021101.999 INFO             PET0 ESMF library build date/time: "Sep  3 2022" "00:42:18"
20220903 021101.999 INFO             PET0 ESMF library build location : /lustre/f2/dev/Mark.Potts/esmf-test/gfortran_8.3.0_mpi_g_develop/esmf
20220903 021101.999 INFO             PET0 ESMF_COMM                   : mpi
20220903 021101.999 INFO             PET0 ESMF_MOAB                   : enabled
20220903 021102.000 INFO             PET0 ESMF_LAPACK                 : enabled
20220903 021102.000 INFO             PET0 ESMF_NETCDF                 : enabled
20220903 021102.000 INFO             PET0 ESMF_PNETCDF                : disabled
20220903 021102.000 INFO             PET0 ESMF_PIO                    : enabled
20220903 021102.000 INFO             PET0 ESMF_YAMLCPP                : enabled
20220903 021102.011 INFO             PET0  NUMBER_OF_PROCESSORS           4
20220903 021102.011 INFO             PET0  PASS  Example ESMF_VMUserMpiCommMultiEx, ESMF_VMUserMpiCommMultiEx.F90, line 154
20220903 021102.011 INFO             PET0 Finalizing ESMF
20220903 021101.999 INFO             PET1 !!!!!!!!!!!!!!!!!!!!!!!!!!!!!!!!!!!!!!!!!!!!!!!!!!!!!!
20220903 021101.999 INFO             PET1 !!! THE ESMF_LOG IS SET TO OUTPUT ALL LOG MESSAGES !!!
20220903 021101.999 INFO             PET1 !!!     THIS MAY CAUSE SLOWDOWN IN PERFORMANCE     !!!
20220903 021101.999 INFO             PET1 !!! FOR PRODUCTION RUNS, USE:                      !!!
20220903 021101.999 INFO             PET1 !!!                   ESMF_LOGKIND_Multi_On_Error  !!!
20220903 021101.999 INFO             PET1 !!!!!!!!!!!!!!!!!!!!!!!!!!!!!!!!!!!!!!!!!!!!!!!!!!!!!!
20220903 021101.999 INFO             PET1 Running with ESMF Version   : v8.4.0b12
20220903 021101.999 INFO             PET1 ESMF library build date/time: "Sep  3 2022" "00:42:18"
20220903 021101.999 INFO             PET1 ESMF library build location : /lustre/f2/dev/Mark.Potts/esmf-test/gfortran_8.3.0_mpi_g_develop/esmf
20220903 021101.999 INFO             PET1 ESMF_COMM                   : mpi
20220903 021102.000 INFO             PET1 ESMF_MOAB                   : enabled
20220903 021102.000 INFO             PET1 ESMF_LAPACK                 : enabled
20220903 021102.000 INFO             PET1 ESMF_NETCDF                 : enabled
20220903 021102.000 INFO             PET1 ESMF_PNETCDF                : disabled
20220903 021102.000 INFO             PET1 ESMF_PIO                    : enabled
20220903 021102.000 INFO             PET1 ESMF_YAMLCPP                : enabled
20220903 021102.000 INFO             PET1  NUMBER_OF_PROCESSORS           4
20220903 021102.000 INFO             PET1  PASS  Example ESMF_VMUserMpiCommMultiEx, ESMF_VMUserMpiCommMultiEx.F90, line 126
20220903 021102.000 INFO             PET1 Finalizing ESMF
20220903 021102.010 INFO             PET1 !!!!!!!!!!!!!!!!!!!!!!!!!!!!!!!!!!!!!!!!!!!!!!!!!!!!!!
20220903 021102.010 INFO             PET1 !!! THE ESMF_LOG IS SET TO OUTPUT ALL LOG MESSAGES !!!
20220903 021102.010 INFO             PET1 !!!     THIS MAY CAUSE SLOWDOWN IN PERFORMANCE     !!!
20220903 021102.010 INFO             PET1 !!! FOR PRODUCTION RUNS, USE:                      !!!
20220903 021102.010 INFO             PET1 !!!                   ESMF_LOGKIND_Multi_On_Error  !!!
20220903 021102.010 INFO             PET1 !!!!!!!!!!!!!!!!!!!!!!!!!!!!!!!!!!!!!!!!!!!!!!!!!!!!!!
20220903 021102.010 INFO             PET1 Running with ESMF Version   : v8.4.0b12
20220903 021102.010 INFO             PET1 ESMF library build date/time: "Sep  3 2022" "00:42:18"
20220903 021102.010 INFO             PET1 ESMF library build location : /lustre/f2/dev/Mark.Potts/esmf-test/gfortran_8.3.0_mpi_g_develop/esmf
20220903 021102.010 INFO             PET1 ESMF_COMM                   : mpi
20220903 021102.011 INFO             PET1 ESMF_MOAB                   : enabled
20220903 021102.011 INFO             PET1 ESMF_LAPACK                 : enabled
20220903 021102.011 INFO             PET1 ESMF_NETCDF                 : enabled
20220903 021102.011 INFO             PET1 ESMF_PNETCDF                : disabled
20220903 021102.011 INFO             PET1 ESMF_PIO                    : enabled
20220903 021102.011 INFO             PET1 ESMF_YAMLCPP                : enabled
20220903 021102.011 INFO             PET1  NUMBER_OF_PROCESSORS           4
20220903 021102.011 INFO             PET1  PASS  Example ESMF_VMUserMpiCommMultiEx, ESMF_VMUserMpiCommMultiEx.F90, line 154
20220903 021102.011 INFO             PET1 Finalizing ESMF
