2022-08-16 01:04:01
20220816 033127.048 INFO             PET0 !!!!!!!!!!!!!!!!!!!!!!!!!!!!!!!!!!!!!!!!!!!!!!!!!!!!!!
20220816 033127.049 INFO             PET0 !!! THE ESMF_LOG IS SET TO OUTPUT ALL LOG MESSAGES !!!
20220816 033127.050 INFO             PET0 !!!     THIS MAY CAUSE SLOWDOWN IN PERFORMANCE     !!!
20220816 033127.050 INFO             PET0 !!! FOR PRODUCTION RUNS, USE:                      !!!
20220816 033127.050 INFO             PET0 !!!                   ESMF_LOGKIND_Multi_On_Error  !!!
20220816 033127.050 INFO             PET0 !!!!!!!!!!!!!!!!!!!!!!!!!!!!!!!!!!!!!!!!!!!!!!!!!!!!!!
20220816 033127.050 INFO             PET0 Running with ESMF Version   : v8.4.0b09-6-gb9673509d1
20220816 033127.050 INFO             PET0 ESMF library build date/time: "Aug 16 2022" "01:02:06"
20220816 033127.051 INFO             PET0 ESMF library build location : /lustre/f2/dev/Mark.Potts/esmf-test/gfortran_8.3.0_mpi_g_develop/esmf
20220816 033127.051 INFO             PET0 ESMF_COMM                   : mpi
20220816 033127.052 INFO             PET0 ESMF_MOAB                   : enabled
20220816 033127.052 INFO             PET0 ESMF_LAPACK                 : enabled
20220816 033127.052 INFO             PET0 ESMF_NETCDF                 : enabled
20220816 033127.052 INFO             PET0 ESMF_PNETCDF                : disabled
20220816 033127.052 INFO             PET0 ESMF_PIO                    : enabled
20220816 033127.052 INFO             PET0 ESMF_YAMLCPP                : enabled
20220816 033127.125 INFO             PET0 ESMF_FieldRedistStoreNF(): Just entered routine.
20220816 033127.159 INFO             PET0 ESMF_FieldRedistStoreNF(): Leaving routine.
20220816 033127.216 INFO             PET0 ESMF_FieldRedistStoreNF(): Just entered routine.
20220816 033127.217 INFO             PET0 ESMF_FieldRedistStoreNF(): Leaving routine.
20220816 033127.217 INFO             PET0 ESMF_FieldRedistStoreNF(): Just entered routine.
20220816 033127.218 INFO             PET0 ESMF_FieldRedistStoreNF(): Leaving routine.
20220816 033127.223 INFO             PET0  NUMBER_OF_PROCESSORS           4
20220816 033127.223 INFO             PET0  PASS  Example ESMF_FieldRedistEx, ESMF_FieldRedistEx.F90, line 521
20220816 033127.224 INFO             PET0 Finalizing ESMF
20220816 033127.046 INFO             PET1 !!!!!!!!!!!!!!!!!!!!!!!!!!!!!!!!!!!!!!!!!!!!!!!!!!!!!!
20220816 033127.049 INFO             PET1 !!! THE ESMF_LOG IS SET TO OUTPUT ALL LOG MESSAGES !!!
20220816 033127.050 INFO             PET1 !!!     THIS MAY CAUSE SLOWDOWN IN PERFORMANCE     !!!
20220816 033127.050 INFO             PET1 !!! FOR PRODUCTION RUNS, USE:                      !!!
20220816 033127.050 INFO             PET1 !!!                   ESMF_LOGKIND_Multi_On_Error  !!!
20220816 033127.050 INFO             PET1 !!!!!!!!!!!!!!!!!!!!!!!!!!!!!!!!!!!!!!!!!!!!!!!!!!!!!!
20220816 033127.050 INFO             PET1 Running with ESMF Version   : v8.4.0b09-6-gb9673509d1
20220816 033127.050 INFO             PET1 ESMF library build date/time: "Aug 16 2022" "01:02:06"
20220816 033127.051 INFO             PET1 ESMF library build location : /lustre/f2/dev/Mark.Potts/esmf-test/gfortran_8.3.0_mpi_g_develop/esmf
20220816 033127.051 INFO             PET1 ESMF_COMM                   : mpi
20220816 033127.052 INFO             PET1 ESMF_MOAB                   : enabled
20220816 033127.052 INFO             PET1 ESMF_LAPACK                 : enabled
20220816 033127.052 INFO             PET1 ESMF_NETCDF                 : enabled
20220816 033127.052 INFO             PET1 ESMF_PNETCDF                : disabled
20220816 033127.052 INFO             PET1 ESMF_PIO                    : enabled
20220816 033127.052 INFO             PET1 ESMF_YAMLCPP                : enabled
20220816 033127.125 INFO             PET1 ESMF_FieldRedistStoreNF(): Just entered routine.
20220816 033127.159 INFO             PET1 ESMF_FieldRedistStoreNF(): Leaving routine.
20220816 033127.216 INFO             PET1 ESMF_FieldRedistStoreNF(): Just entered routine.
20220816 033127.217 INFO             PET1 ESMF_FieldRedistStoreNF(): Leaving routine.
20220816 033127.217 INFO             PET1 ESMF_FieldRedistStoreNF(): Just entered routine.
20220816 033127.218 INFO             PET1 ESMF_FieldRedistStoreNF(): Leaving routine.
20220816 033127.223 INFO             PET1  NUMBER_OF_PROCESSORS           4
20220816 033127.223 INFO             PET1  PASS  Example ESMF_FieldRedistEx, ESMF_FieldRedistEx.F90, line 521
20220816 033127.224 INFO             PET1 Finalizing ESMF
20220816 033127.044 INFO             PET2 !!!!!!!!!!!!!!!!!!!!!!!!!!!!!!!!!!!!!!!!!!!!!!!!!!!!!!
20220816 033127.049 INFO             PET2 !!! THE ESMF_LOG IS SET TO OUTPUT ALL LOG MESSAGES !!!
20220816 033127.050 INFO             PET2 !!!     THIS MAY CAUSE SLOWDOWN IN PERFORMANCE     !!!
20220816 033127.050 INFO             PET2 !!! FOR PRODUCTION RUNS, USE:                      !!!
20220816 033127.050 INFO             PET2 !!!                   ESMF_LOGKIND_Multi_On_Error  !!!
20220816 033127.050 INFO             PET2 !!!!!!!!!!!!!!!!!!!!!!!!!!!!!!!!!!!!!!!!!!!!!!!!!!!!!!
20220816 033127.050 INFO             PET2 Running with ESMF Version   : v8.4.0b09-6-gb9673509d1
20220816 033127.050 INFO             PET2 ESMF library build date/time: "Aug 16 2022" "01:02:06"
20220816 033127.051 INFO             PET2 ESMF library build location : /lustre/f2/dev/Mark.Potts/esmf-test/gfortran_8.3.0_mpi_g_develop/esmf
20220816 033127.051 INFO             PET2 ESMF_COMM                   : mpi
20220816 033127.052 INFO             PET2 ESMF_MOAB                   : enabled
20220816 033127.052 INFO             PET2 ESMF_LAPACK                 : enabled
20220816 033127.052 INFO             PET2 ESMF_NETCDF                 : enabled
20220816 033127.052 INFO             PET2 ESMF_PNETCDF                : disabled
20220816 033127.052 INFO             PET2 ESMF_PIO                    : enabled
20220816 033127.052 INFO             PET2 ESMF_YAMLCPP                : enabled
20220816 033127.125 INFO             PET2 ESMF_FieldRedistStoreNF(): Just entered routine.
20220816 033127.159 INFO             PET2 ESMF_FieldRedistStoreNF(): Leaving routine.
20220816 033127.216 INFO             PET2 ESMF_FieldRedistStoreNF(): Just entered routine.
20220816 033127.217 INFO             PET2 ESMF_FieldRedistStoreNF(): Leaving routine.
20220816 033127.217 INFO             PET2 ESMF_FieldRedistStoreNF(): Just entered routine.
20220816 033127.218 INFO             PET2 ESMF_FieldRedistStoreNF(): Leaving routine.
20220816 033127.223 INFO             PET2  NUMBER_OF_PROCESSORS           4
20220816 033127.223 INFO             PET2  PASS  Example ESMF_FieldRedistEx, ESMF_FieldRedistEx.F90, line 521
20220816 033127.224 INFO             PET2 Finalizing ESMF
20220816 033127.044 INFO             PET3 !!!!!!!!!!!!!!!!!!!!!!!!!!!!!!!!!!!!!!!!!!!!!!!!!!!!!!
20220816 033127.049 INFO             PET3 !!! THE ESMF_LOG IS SET TO OUTPUT ALL LOG MESSAGES !!!
20220816 033127.050 INFO             PET3 !!!     THIS MAY CAUSE SLOWDOWN IN PERFORMANCE     !!!
20220816 033127.050 INFO             PET3 !!! FOR PRODUCTION RUNS, USE:                      !!!
20220816 033127.050 INFO             PET3 !!!                   ESMF_LOGKIND_Multi_On_Error  !!!
20220816 033127.050 INFO             PET3 !!!!!!!!!!!!!!!!!!!!!!!!!!!!!!!!!!!!!!!!!!!!!!!!!!!!!!
20220816 033127.050 INFO             PET3 Running with ESMF Version   : v8.4.0b09-6-gb9673509d1
20220816 033127.050 INFO             PET3 ESMF library build date/time: "Aug 16 2022" "01:02:06"
20220816 033127.051 INFO             PET3 ESMF library build location : /lustre/f2/dev/Mark.Potts/esmf-test/gfortran_8.3.0_mpi_g_develop/esmf
20220816 033127.051 INFO             PET3 ESMF_COMM                   : mpi
20220816 033127.052 INFO             PET3 ESMF_MOAB                   : enabled
20220816 033127.052 INFO             PET3 ESMF_LAPACK                 : enabled
20220816 033127.052 INFO             PET3 ESMF_NETCDF                 : enabled
20220816 033127.052 INFO             PET3 ESMF_PNETCDF                : disabled
20220816 033127.052 INFO             PET3 ESMF_PIO                    : enabled
20220816 033127.052 INFO             PET3 ESMF_YAMLCPP                : enabled
20220816 033127.125 INFO             PET3 ESMF_FieldRedistStoreNF(): Just entered routine.
20220816 033127.159 INFO             PET3 ESMF_FieldRedistStoreNF(): Leaving routine.
20220816 033127.216 INFO             PET3 ESMF_FieldRedistStoreNF(): Just entered routine.
20220816 033127.217 INFO             PET3 ESMF_FieldRedistStoreNF(): Leaving routine.
20220816 033127.217 INFO             PET3 ESMF_FieldRedistStoreNF(): Just entered routine.
20220816 033127.218 INFO             PET3 ESMF_FieldRedistStoreNF(): Leaving routine.
20220816 033127.223 INFO             PET3  NUMBER_OF_PROCESSORS           4
20220816 033127.223 INFO             PET3  PASS  Example ESMF_FieldRedistEx, ESMF_FieldRedistEx.F90, line 521
20220816 033127.224 INFO             PET3 Finalizing ESMF
