2022-07-24 00:53:40
20220724 012539.180 INFO             PET0 !!!!!!!!!!!!!!!!!!!!!!!!!!!!!!!!!!!!!!!!!!!!!!!!!!!!!!
20220724 012539.180 INFO             PET0 !!! THE ESMF_LOG IS SET TO OUTPUT ALL LOG MESSAGES !!!
20220724 012539.180 INFO             PET0 !!!     THIS MAY CAUSE SLOWDOWN IN PERFORMANCE     !!!
20220724 012539.180 INFO             PET0 !!! FOR PRODUCTION RUNS, USE:                      !!!
20220724 012539.180 INFO             PET0 !!!                   ESMF_LOGKIND_Multi_On_Error  !!!
20220724 012539.180 INFO             PET0 !!!!!!!!!!!!!!!!!!!!!!!!!!!!!!!!!!!!!!!!!!!!!!!!!!!!!!
20220724 012539.180 INFO             PET0 Running with ESMF Version   : 8.4.0 beta snapshot
20220724 012539.180 INFO             PET0 ESMF library build date/time: "Jul 24 2022" "00:51:56"
20220724 012539.180 INFO             PET0 ESMF library build location : /lustre/f2/dev/Mark.Potts/esmf-test/intel_2019.5_mpi_O_develop/esmf
20220724 012539.180 INFO             PET0 ESMF_COMM                   : mpi
20220724 012539.181 INFO             PET0 ESMF_MOAB                   : enabled
20220724 012539.181 INFO             PET0 ESMF_LAPACK                 : enabled
20220724 012539.181 INFO             PET0 ESMF_NETCDF                 : enabled
20220724 012539.181 INFO             PET0 ESMF_PNETCDF                : disabled
20220724 012539.181 INFO             PET0 ESMF_PIO                    : enabled
20220724 012539.181 INFO             PET0 ESMF_YAMLCPP                : enabled
20220724 012539.182 ERROR            PET0 ESMCI_Info.C:1278 Info::set(<json>) Cannot set value  - Error/Return Code 540 (ESMC_RC_CANNOT_SET) - Key '/myIntegerKey' already in map and force=false.
20220724 012539.182 ERROR            PET0 ESMCI_Info.C:1281 Info::set(<json>) Cannot set value  - Internal subroutine call returned Error
20220724 012539.182 ERROR            PET0 ESMCI_Info.C:1323 Info::set(<json>) Cannot set value  - Internal subroutine call returned Error
20220724 012539.182 ERROR            PET0 ESMCI_Info.C:1326 Info::set(<json>) Cannot set value  - Internal subroutine call returned Error
20220724 012539.182 ERROR            PET0 ESMCI_Info.C:1374 Info::set(<scalar>) Cannot set value  - Internal subroutine call returned Error
20220724 012539.182 ERROR            PET0 ESMC_InfoCDefGeneric.C:387 ESMC_InfoSetI4() Cannot set value  - Internal subroutine call returned Error
20220724 012539.183 ERROR            PET0 ESMF_Info.F90:2866 ESMF_InfoSetI4() Cannot set value  - Internal subroutine call returned Error
20220724 012539.183 INFO             PET0  NUMBER_OF_PROCESSORS           4
20220724 012539.183 INFO             PET0  PASS  Example ESMF_InfoTutorialEx, ESMF_InfoTutorialEx.F90, line 335
20220724 012539.183 INFO             PET0 Finalizing ESMF
20220724 012539.175 INFO             PET1 !!!!!!!!!!!!!!!!!!!!!!!!!!!!!!!!!!!!!!!!!!!!!!!!!!!!!!
20220724 012539.175 INFO             PET1 !!! THE ESMF_LOG IS SET TO OUTPUT ALL LOG MESSAGES !!!
20220724 012539.175 INFO             PET1 !!!     THIS MAY CAUSE SLOWDOWN IN PERFORMANCE     !!!
20220724 012539.175 INFO             PET1 !!! FOR PRODUCTION RUNS, USE:                      !!!
20220724 012539.175 INFO             PET1 !!!                   ESMF_LOGKIND_Multi_On_Error  !!!
20220724 012539.175 INFO             PET1 !!!!!!!!!!!!!!!!!!!!!!!!!!!!!!!!!!!!!!!!!!!!!!!!!!!!!!
20220724 012539.175 INFO             PET1 Running with ESMF Version   : 8.4.0 beta snapshot
20220724 012539.175 INFO             PET1 ESMF library build date/time: "Jul 24 2022" "00:51:56"
20220724 012539.175 INFO             PET1 ESMF library build location : /lustre/f2/dev/Mark.Potts/esmf-test/intel_2019.5_mpi_O_develop/esmf
20220724 012539.175 INFO             PET1 ESMF_COMM                   : mpi
20220724 012539.176 INFO             PET1 ESMF_MOAB                   : enabled
20220724 012539.176 INFO             PET1 ESMF_LAPACK                 : enabled
20220724 012539.176 INFO             PET1 ESMF_NETCDF                 : enabled
20220724 012539.176 INFO             PET1 ESMF_PNETCDF                : disabled
20220724 012539.176 INFO             PET1 ESMF_PIO                    : enabled
20220724 012539.176 INFO             PET1 ESMF_YAMLCPP                : enabled
20220724 012539.182 ERROR            PET1 ESMCI_Info.C:1278 Info::set(<json>) Cannot set value  - Error/Return Code 540 (ESMC_RC_CANNOT_SET) - Key '/myIntegerKey' already in map and force=false.
20220724 012539.182 ERROR            PET1 ESMCI_Info.C:1281 Info::set(<json>) Cannot set value  - Internal subroutine call returned Error
20220724 012539.182 ERROR            PET1 ESMCI_Info.C:1323 Info::set(<json>) Cannot set value  - Internal subroutine call returned Error
20220724 012539.182 ERROR            PET1 ESMCI_Info.C:1326 Info::set(<json>) Cannot set value  - Internal subroutine call returned Error
20220724 012539.182 ERROR            PET1 ESMCI_Info.C:1374 Info::set(<scalar>) Cannot set value  - Internal subroutine call returned Error
20220724 012539.183 ERROR            PET1 ESMC_InfoCDefGeneric.C:387 ESMC_InfoSetI4() Cannot set value  - Internal subroutine call returned Error
20220724 012539.183 ERROR            PET1 ESMF_Info.F90:2866 ESMF_InfoSetI4() Cannot set value  - Internal subroutine call returned Error
20220724 012539.183 INFO             PET1  NUMBER_OF_PROCESSORS           4
20220724 012539.183 INFO             PET1  PASS  Example ESMF_InfoTutorialEx, ESMF_InfoTutorialEx.F90, line 335
20220724 012539.183 INFO             PET1 Finalizing ESMF
20220724 012539.175 INFO             PET2 !!!!!!!!!!!!!!!!!!!!!!!!!!!!!!!!!!!!!!!!!!!!!!!!!!!!!!
20220724 012539.175 INFO             PET2 !!! THE ESMF_LOG IS SET TO OUTPUT ALL LOG MESSAGES !!!
20220724 012539.175 INFO             PET2 !!!     THIS MAY CAUSE SLOWDOWN IN PERFORMANCE     !!!
20220724 012539.175 INFO             PET2 !!! FOR PRODUCTION RUNS, USE:                      !!!
20220724 012539.175 INFO             PET2 !!!                   ESMF_LOGKIND_Multi_On_Error  !!!
20220724 012539.175 INFO             PET2 !!!!!!!!!!!!!!!!!!!!!!!!!!!!!!!!!!!!!!!!!!!!!!!!!!!!!!
20220724 012539.175 INFO             PET2 Running with ESMF Version   : 8.4.0 beta snapshot
20220724 012539.175 INFO             PET2 ESMF library build date/time: "Jul 24 2022" "00:51:56"
20220724 012539.175 INFO             PET2 ESMF library build location : /lustre/f2/dev/Mark.Potts/esmf-test/intel_2019.5_mpi_O_develop/esmf
20220724 012539.175 INFO             PET2 ESMF_COMM                   : mpi
20220724 012539.176 INFO             PET2 ESMF_MOAB                   : enabled
20220724 012539.176 INFO             PET2 ESMF_LAPACK                 : enabled
20220724 012539.176 INFO             PET2 ESMF_NETCDF                 : enabled
20220724 012539.176 INFO             PET2 ESMF_PNETCDF                : disabled
20220724 012539.176 INFO             PET2 ESMF_PIO                    : enabled
20220724 012539.176 INFO             PET2 ESMF_YAMLCPP                : enabled
20220724 012539.182 ERROR            PET2 ESMCI_Info.C:1278 Info::set(<json>) Cannot set value  - Error/Return Code 540 (ESMC_RC_CANNOT_SET) - Key '/myIntegerKey' already in map and force=false.
20220724 012539.182 ERROR            PET2 ESMCI_Info.C:1281 Info::set(<json>) Cannot set value  - Internal subroutine call returned Error
20220724 012539.182 ERROR            PET2 ESMCI_Info.C:1323 Info::set(<json>) Cannot set value  - Internal subroutine call returned Error
20220724 012539.182 ERROR            PET2 ESMCI_Info.C:1326 Info::set(<json>) Cannot set value  - Internal subroutine call returned Error
20220724 012539.182 ERROR            PET2 ESMCI_Info.C:1374 Info::set(<scalar>) Cannot set value  - Internal subroutine call returned Error
20220724 012539.182 ERROR            PET2 ESMC_InfoCDefGeneric.C:387 ESMC_InfoSetI4() Cannot set value  - Internal subroutine call returned Error
20220724 012539.183 ERROR            PET2 ESMF_Info.F90:2866 ESMF_InfoSetI4() Cannot set value  - Internal subroutine call returned Error
20220724 012539.183 INFO             PET2  NUMBER_OF_PROCESSORS           4
20220724 012539.183 INFO             PET2  PASS  Example ESMF_InfoTutorialEx, ESMF_InfoTutorialEx.F90, line 335
20220724 012539.183 INFO             PET2 Finalizing ESMF
20220724 012539.175 INFO             PET3 !!!!!!!!!!!!!!!!!!!!!!!!!!!!!!!!!!!!!!!!!!!!!!!!!!!!!!
20220724 012539.175 INFO             PET3 !!! THE ESMF_LOG IS SET TO OUTPUT ALL LOG MESSAGES !!!
20220724 012539.175 INFO             PET3 !!!     THIS MAY CAUSE SLOWDOWN IN PERFORMANCE     !!!
20220724 012539.175 INFO             PET3 !!! FOR PRODUCTION RUNS, USE:                      !!!
20220724 012539.175 INFO             PET3 !!!                   ESMF_LOGKIND_Multi_On_Error  !!!
20220724 012539.175 INFO             PET3 !!!!!!!!!!!!!!!!!!!!!!!!!!!!!!!!!!!!!!!!!!!!!!!!!!!!!!
20220724 012539.175 INFO             PET3 Running with ESMF Version   : 8.4.0 beta snapshot
20220724 012539.175 INFO             PET3 ESMF library build date/time: "Jul 24 2022" "00:51:56"
20220724 012539.175 INFO             PET3 ESMF library build location : /lustre/f2/dev/Mark.Potts/esmf-test/intel_2019.5_mpi_O_develop/esmf
20220724 012539.175 INFO             PET3 ESMF_COMM                   : mpi
20220724 012539.176 INFO             PET3 ESMF_MOAB                   : enabled
20220724 012539.176 INFO             PET3 ESMF_LAPACK                 : enabled
20220724 012539.176 INFO             PET3 ESMF_NETCDF                 : enabled
20220724 012539.176 INFO             PET3 ESMF_PNETCDF                : disabled
20220724 012539.176 INFO             PET3 ESMF_PIO                    : enabled
20220724 012539.176 INFO             PET3 ESMF_YAMLCPP                : enabled
20220724 012539.182 ERROR            PET3 ESMCI_Info.C:1278 Info::set(<json>) Cannot set value  - Error/Return Code 540 (ESMC_RC_CANNOT_SET) - Key '/myIntegerKey' already in map and force=false.
20220724 012539.182 ERROR            PET3 ESMCI_Info.C:1281 Info::set(<json>) Cannot set value  - Internal subroutine call returned Error
20220724 012539.182 ERROR            PET3 ESMCI_Info.C:1323 Info::set(<json>) Cannot set value  - Internal subroutine call returned Error
20220724 012539.182 ERROR            PET3 ESMCI_Info.C:1326 Info::set(<json>) Cannot set value  - Internal subroutine call returned Error
20220724 012539.182 ERROR            PET3 ESMCI_Info.C:1374 Info::set(<scalar>) Cannot set value  - Internal subroutine call returned Error
20220724 012539.182 ERROR            PET3 ESMC_InfoCDefGeneric.C:387 ESMC_InfoSetI4() Cannot set value  - Internal subroutine call returned Error
20220724 012539.182 ERROR            PET3 ESMF_Info.F90:2866 ESMF_InfoSetI4() Cannot set value  - Internal subroutine call returned Error
20220724 012539.183 INFO             PET3  NUMBER_OF_PROCESSORS           4
20220724 012539.183 INFO             PET3  PASS  Example ESMF_InfoTutorialEx, ESMF_InfoTutorialEx.F90, line 335
20220724 012539.183 INFO             PET3 Finalizing ESMF
