2022-09-03 04:13:02
20220903 043656.384 INFO             PET0 !!!!!!!!!!!!!!!!!!!!!!!!!!!!!!!!!!!!!!!!!!!!!!!!!!!!!!
20220903 043656.384 INFO             PET0 !!! THE ESMF_LOG IS SET TO OUTPUT ALL LOG MESSAGES !!!
20220903 043656.384 INFO             PET0 !!!     THIS MAY CAUSE SLOWDOWN IN PERFORMANCE     !!!
20220903 043656.384 INFO             PET0 !!! FOR PRODUCTION RUNS, USE:                      !!!
20220903 043656.384 INFO             PET0 !!!                   ESMF_LOGKIND_Multi_On_Error  !!!
20220903 043656.384 INFO             PET0 !!!!!!!!!!!!!!!!!!!!!!!!!!!!!!!!!!!!!!!!!!!!!!!!!!!!!!
20220903 043656.384 INFO             PET0 Running with ESMF Version   : v8.3.1b05
20220903 043656.384 INFO             PET0 ESMF library build date/time: "Sep  3 2022" "04:11:30"
20220903 043656.384 INFO             PET0 ESMF library build location : /lfs4/HFIP/hfv3gfs/Mark.Potts/esmf-tests/gfortran_9.2.0_openmpi_O_patch_8.3.1/esmf
20220903 043656.384 INFO             PET0 ESMF_COMM                   : openmpi
20220903 043656.385 INFO             PET0 ESMF_MOAB                   : enabled
20220903 043656.385 INFO             PET0 ESMF_LAPACK                 : enabled
20220903 043656.385 INFO             PET0 ESMF_NETCDF                 : disabled
20220903 043656.385 INFO             PET0 ESMF_PNETCDF                : disabled
20220903 043656.385 INFO             PET0 ESMF_PIO                    : disabled
20220903 043656.385 INFO             PET0 ESMF_YAMLCPP                : enabled
20220903 043656.385 INFO             PET0  NUMBER_OF_PROCESSORS           2
20220903 043656.385 INFO             PET0  PASS  Example ESMF_VMUserMpiCommEx, ESMF_VMUserMpiCommEx.F90, line 113
20220903 043656.385 INFO             PET0 Finalizing ESMF
20220903 043656.384 INFO             PET1 !!!!!!!!!!!!!!!!!!!!!!!!!!!!!!!!!!!!!!!!!!!!!!!!!!!!!!
20220903 043656.384 INFO             PET1 !!! THE ESMF_LOG IS SET TO OUTPUT ALL LOG MESSAGES !!!
20220903 043656.384 INFO             PET1 !!!     THIS MAY CAUSE SLOWDOWN IN PERFORMANCE     !!!
20220903 043656.384 INFO             PET1 !!! FOR PRODUCTION RUNS, USE:                      !!!
20220903 043656.384 INFO             PET1 !!!                   ESMF_LOGKIND_Multi_On_Error  !!!
20220903 043656.384 INFO             PET1 !!!!!!!!!!!!!!!!!!!!!!!!!!!!!!!!!!!!!!!!!!!!!!!!!!!!!!
20220903 043656.384 INFO             PET1 Running with ESMF Version   : v8.3.1b05
20220903 043656.384 INFO             PET1 ESMF library build date/time: "Sep  3 2022" "04:11:30"
20220903 043656.384 INFO             PET1 ESMF library build location : /lfs4/HFIP/hfv3gfs/Mark.Potts/esmf-tests/gfortran_9.2.0_openmpi_O_patch_8.3.1/esmf
20220903 043656.384 INFO             PET1 ESMF_COMM                   : openmpi
20220903 043656.385 INFO             PET1 ESMF_MOAB                   : enabled
20220903 043656.385 INFO             PET1 ESMF_LAPACK                 : enabled
20220903 043656.385 INFO             PET1 ESMF_NETCDF                 : disabled
20220903 043656.385 INFO             PET1 ESMF_PNETCDF                : disabled
20220903 043656.385 INFO             PET1 ESMF_PIO                    : disabled
20220903 043656.385 INFO             PET1 ESMF_YAMLCPP                : enabled
20220903 043656.385 INFO             PET1  NUMBER_OF_PROCESSORS           2
20220903 043656.385 INFO             PET1  PASS  Example ESMF_VMUserMpiCommEx, ESMF_VMUserMpiCommEx.F90, line 113
20220903 043656.385 INFO             PET1 Finalizing ESMF
