2022-07-31 00:57:23
20220731 015441.904 INFO             PET0 !!!!!!!!!!!!!!!!!!!!!!!!!!!!!!!!!!!!!!!!!!!!!!!!!!!!!!
20220731 015441.904 INFO             PET0 !!! THE ESMF_LOG IS SET TO OUTPUT ALL LOG MESSAGES !!!
20220731 015441.904 INFO             PET0 !!!     THIS MAY CAUSE SLOWDOWN IN PERFORMANCE     !!!
20220731 015441.904 INFO             PET0 !!! FOR PRODUCTION RUNS, USE:                      !!!
20220731 015441.904 INFO             PET0 !!!                   ESMF_LOGKIND_Multi_On_Error  !!!
20220731 015441.904 INFO             PET0 !!!!!!!!!!!!!!!!!!!!!!!!!!!!!!!!!!!!!!!!!!!!!!!!!!!!!!
20220731 015441.904 INFO             PET0 Running with ESMF Version   : 8.4.0 beta snapshot
20220731 015441.904 INFO             PET0 ESMF library build date/time: "Jul 31 2022" "00:55:29"
20220731 015441.904 INFO             PET0 ESMF library build location : /lustre/f2/dev/Mark.Potts/esmf-test/intel_2019.5_mpiuni_g_develop/esmf
20220731 015441.904 INFO             PET0 ESMF_COMM                   : mpiuni
20220731 015441.905 INFO             PET0 ESMF_MOAB                   : enabled
20220731 015441.905 INFO             PET0 ESMF_LAPACK                 : enabled
20220731 015441.905 INFO             PET0 ESMF_NETCDF                 : enabled
20220731 015441.905 INFO             PET0 ESMF_PNETCDF                : disabled
20220731 015441.905 INFO             PET0 ESMF_PIO                    : disabled
20220731 015441.905 INFO             PET0 ESMF_YAMLCPP                : enabled
20220731 015441.906 INFO             PET0  NUMBER_OF_PROCESSORS           1
20220731 015441.906 INFO             PET0  PASS  Example ESMF_TimeEx, ESMF_TimeEx.F90, line 141
20220731 015441.906 INFO             PET0 Finalizing ESMF
