2022-08-22 01:08:41
20220822 014304.848 INFO             PET0 !!!!!!!!!!!!!!!!!!!!!!!!!!!!!!!!!!!!!!!!!!!!!!!!!!!!!!
20220822 014304.848 INFO             PET0 !!! THE ESMF_LOG IS SET TO OUTPUT ALL LOG MESSAGES !!!
20220822 014304.848 INFO             PET0 !!!     THIS MAY CAUSE SLOWDOWN IN PERFORMANCE     !!!
20220822 014304.848 INFO             PET0 !!! FOR PRODUCTION RUNS, USE:                      !!!
20220822 014304.848 INFO             PET0 !!!                   ESMF_LOGKIND_Multi_On_Error  !!!
20220822 014304.848 INFO             PET0 !!!!!!!!!!!!!!!!!!!!!!!!!!!!!!!!!!!!!!!!!!!!!!!!!!!!!!
20220822 014304.848 INFO             PET0 Running with ESMF Version   : v8.4.0b10-13-g13eb3e40aa
20220822 014304.848 INFO             PET0 ESMF library build date/time: "Aug 22 2022" "01:06:45"
20220822 014304.848 INFO             PET0 ESMF library build location : /lustre/f2/dev/Mark.Potts/esmf-test/intel_2019.5_mpiuni_g_develop/esmf
20220822 014304.848 INFO             PET0 ESMF_COMM                   : mpiuni
20220822 014304.849 INFO             PET0 ESMF_MOAB                   : enabled
20220822 014304.849 INFO             PET0 ESMF_LAPACK                 : enabled
20220822 014304.849 INFO             PET0 ESMF_NETCDF                 : enabled
20220822 014304.849 INFO             PET0 ESMF_PNETCDF                : disabled
20220822 014304.849 INFO             PET0 ESMF_PIO                    : disabled
20220822 014304.849 INFO             PET0 ESMF_YAMLCPP                : enabled
20220822 014304.850 INFO             PET0  NUMBER_OF_PROCESSORS           1
20220822 014304.850 INFO             PET0  PASS  Example ESMF_ArraySpecEx, ESMF_ArraySpecEx.F90, line 96
20220822 014304.850 INFO             PET0 Finalizing ESMF
