2022-09-11 02:37:38
20220911 030736.646 INFO             PET0 !!!!!!!!!!!!!!!!!!!!!!!!!!!!!!!!!!!!!!!!!!!!!!!!!!!!!!
20220911 030736.646 INFO             PET0 !!! THE ESMF_LOG IS SET TO OUTPUT ALL LOG MESSAGES !!!
20220911 030736.646 INFO             PET0 !!!     THIS MAY CAUSE SLOWDOWN IN PERFORMANCE     !!!
20220911 030736.646 INFO             PET0 !!! FOR PRODUCTION RUNS, USE:                      !!!
20220911 030736.646 INFO             PET0 !!!                   ESMF_LOGKIND_Multi_On_Error  !!!
20220911 030736.646 INFO             PET0 !!!!!!!!!!!!!!!!!!!!!!!!!!!!!!!!!!!!!!!!!!!!!!!!!!!!!!
20220911 030736.646 INFO             PET0 Running with ESMF Version   : v8.3.1b05
20220911 030736.646 INFO             PET0 ESMF library build date/time: "Sep 11 2022" "02:36:24"
20220911 030736.646 INFO             PET0 ESMF library build location : /scratch1/NCEPDEV/stmp2/Rocky.Dunlap/esmf-testing/gfortran_9.2.0b_openmpi_g_patch_8.3.1/esmf
20220911 030736.646 INFO             PET0 ESMF_COMM                   : openmpi
20220911 030736.647 INFO             PET0 ESMF_MOAB                   : enabled
20220911 030736.647 INFO             PET0 ESMF_LAPACK                 : enabled
20220911 030736.647 INFO             PET0 ESMF_NETCDF                 : disabled
20220911 030736.647 INFO             PET0 ESMF_PNETCDF                : disabled
20220911 030736.647 INFO             PET0 ESMF_PIO                    : disabled
20220911 030736.647 INFO             PET0 ESMF_YAMLCPP                : enabled
20220911 030736.647 INFO             PET0 mainApp STARTING
20220911 030736.652 INFO             PET0 driver: InitializeP1 intro.
20220911 030736.652 INFO             PET0   driver: InitializeIPDv02p1 intro.
20220911 030736.652 INFO             PET0     >>>driver: entered Initialize (phase=<none>) without valid internal Clock.
20220911 030736.653 INFO             PET0     driver - Creating model component MODEL without petList.
20220911 030736.655 INFO             PET0      GridCompIsPetLocal:  T
20220911 030736.655 INFO             PET0      VmIsCreated:  T
20220911 030736.655 INFO             PET0      valid MPI_COMM with size=           4
20220911 030736.656 INFO             PET0     driver - Creating state: modelComp 1 Import State
20220911 030736.656 INFO             PET0     driver - Creating state: modelComp 1 Export State
20220911 030736.656 INFO             PET0     MODEL: InitializeP0 intro.
20220911 030736.656 INFO             PET0       >>>MODEL: entered Initialize (phase=<none>) without valid internal Clock.
20220911 030736.657 INFO             PET0       <<<MODEL: leaving Initialize (phase=<none>) without valid internal Clock.
20220911 030736.657 INFO             PET0     MODEL: InitializeP0 extro.
20220911 030736.659 INFO             PET0     driver: IInitAdvertise intro.
20220911 030736.659 INFO             PET0     driver: IInitAdvertise extro.
20220911 030736.659 INFO             PET0     MODEL: InitializeIPDvXp01 intro.
20220911 030736.659 INFO             PET0       >>>MODEL: entered Initialize (phase=IPDvXp01) without valid internal Clock.
20220911 030736.661 INFO             PET0       <<<MODEL: leaving Initialize (phase=IPDvXp01) without valid internal Clock.
20220911 030736.661 INFO             PET0     MODEL: InitializeIPDvXp01 extro.
20220911 030736.662 INFO             PET0     driver: IInitAdvertiseFinish intro.
20220911 030736.662 INFO             PET0     driver: IInitAdvertiseFinish extro.
20220911 030736.662 INFO             PET0     driver: IInitModifyCplLists intro.
20220911 030736.662 INFO             PET0     driver: IInitModifyCplLists extro.
20220911 030736.662 INFO             PET0     <<<driver: leaving Initialize (phase=<none>) with current time:    0  1  1  0  0  0   0
20220911 030736.662 INFO             PET0   driver: InitializeIPDv02p1 extro.
20220911 030736.662 INFO             PET0   driver: InitializeIPDv02p3 intro.
20220911 030736.662 INFO             PET0     >>>driver: entered Initialize (phase=<none>) with current time:    0  1  1  0  0  0   0
20220911 030736.662 INFO             PET0     driver: IInitCheck intro.
20220911 030736.663 INFO             PET0     driver: IInitCheck extro.
20220911 030736.663 INFO             PET0     MODEL: InitializeIPDvXp04 intro.
20220911 030736.663 INFO             PET0       >>>MODEL: entered Initialize (phase=IPDvXp04) without valid internal Clock.
20220911 030736.666 INFO             PET0       After Realize: - MemInfo: [/proc/meminfo - SSI]	MemTotal:       97470692 kB
20220911 030736.666 INFO             PET0       After Realize: - MemInfo: [/proc/meminfo - SSI]	MemFree:        90892916 kB
20220911 030736.666 INFO             PET0       After Realize: - MemInfo: [/proc/meminfo - SSI]	MemAvailable:   92513348 kB
20220911 030736.666 INFO             PET0       After Realize: - MemInfo: [/proc/meminfo - SSI]	Committed_AS:     697964 kB
20220911 030736.666 INFO             PET0       After Realize: - MemInfo: [/proc/meminfo - SSI]	CommittedPercent: 0.716076 %
20220911 030736.666 INFO             PET0       After Realize: - MemInfo: [/proc/self/status]	VmPeak:	  399636 kB
20220911 030736.666 INFO             PET0       After Realize: - MemInfo: [/proc/self/status]	VmSize:	  355636 kB
20220911 030736.666 INFO             PET0       After Realize: - MemInfo: [/proc/self/status]	VmLck:	       0 kB
20220911 030736.666 INFO             PET0       After Realize: - MemInfo: [/proc/self/status]	VmPin:	   68020 kB
20220911 030736.666 INFO             PET0       After Realize: - MemInfo: [/proc/self/status]	VmHWM:	  113556 kB
20220911 030736.666 INFO             PET0       After Realize: - MemInfo: [/proc/self/status]	VmRSS:	   74908 kB
20220911 030736.666 INFO             PET0       After Realize: - MemInfo: [/proc/self/status]	VmData:	  146524 kB
20220911 030736.666 INFO             PET0       After Realize: - MemInfo: [/proc/self/status]	VmStk:	     140 kB
20220911 030736.666 INFO             PET0       After Realize: - MemInfo: [/proc/self/status]	VmExe:	      20 kB
20220911 030736.666 INFO             PET0       After Realize: - MemInfo: [/proc/self/status]	VmLib:	   70200 kB
20220911 030736.666 INFO             PET0       After Realize: - MemInfo: [/proc/self/status]	VmPTE:	     440 kB
20220911 030736.666 INFO             PET0       After Realize: - MemInfo: [/proc/self/status]	VmSwap:	       0 kB
20220911 030736.666 INFO             PET0       After Realize: - MemInfo: [/proc/self/status]	VmRSSPercent: 0.0768518 %
20220911 030736.666 INFO             PET0       After Realize: - MemInfo: [malloc] Non-mmapped space allocated:                 4317184 Byte
20220911 030736.666 INFO             PET0       After Realize: - MemInfo: [malloc] Space allocated in mmapped regions:          5914624 Byte
20220911 030736.666 INFO             PET0       After Realize: - MemInfo: [malloc] Maximum total allocated space:                     0 Byte
20220911 030736.666 INFO             PET0       After Realize: - MemInfo: [malloc] Space in freed fastbin blocks:                  3136 Byte
20220911 030736.666 INFO             PET0       After Realize: - MemInfo: [malloc] Total allocated space:                       3938192 Byte
20220911 030736.666 INFO             PET0       After Realize: - MemInfo: [malloc] Total free space:                             378992 Byte
20220911 030736.667 INFO             PET0       After Realize: - MemInfo: [malloc] Top-most, releasable space:                   117104 Byte
20220911 030736.667 INFO             PET0       After Realize: - MemInfo: [malloc] Total space in use, mmap + non-mmap:         9852816 Byte
20220911 030736.667 INFO             PET0       After Realize: - MemInfo: [malloc] Total space held (mmap + non-mmap):         10231808 Byte
20220911 030736.667 INFO             PET0       After Realize: - MemInfo: [malloc] Total space used (mmap + non-mmap):          9863056 Byte
20220911 030736.667 INFO             PET0       After Realize: - MemInfo: Wall-clock time since execution start:              0.0253739 seconds
20220911 030736.667 INFO             PET0       <<<MODEL: leaving Initialize (phase=IPDvXp04) without valid internal Clock.
20220911 030736.667 INFO             PET0     MODEL: InitializeIPDvXp04 extro.
20220911 030736.667 INFO             PET0     driver: IInitRealize intro.
20220911 030736.667 INFO             PET0     driver: IInitRealize extro.
20220911 030736.668 INFO             PET0     MODEL: InitializeIPDvXp07 intro.
20220911 030736.668 INFO             PET0       >>>MODEL: entered Initialize (phase=IPDvXp07) without valid internal Clock.
20220911 030736.668 INFO             PET0       <<<MODEL: leaving Initialize (phase=IPDvXp07) with current time:    0  1  1  0  0  0   0
20220911 030736.668 INFO             PET0     MODEL: InitializeIPDvXp07 extro.
20220911 030736.668 INFO             PET0     <<<driver: leaving Initialize (phase=<none>) with current time:    0  1  1  0  0  0   0
20220911 030736.668 INFO             PET0   driver: InitializeIPDv02p3 extro.
20220911 030736.668 INFO             PET0   driver: InitializeIPDv02p5 intro.
20220911 030736.669 INFO             PET0     >>>driver: entered Initialize (phase=<none>) with current time:    0  1  1  0  0  0   0
20220911 030736.669 INFO             PET0     driver: this is a top level driver, no 'Updated' and 'InitializeDataComplete' info on this level.
20220911 030736.669 INFO             PET0     driver: InitializeIPDv02p5Data intro.
20220911 030736.669 INFO             PET0       driver: InternalInitializeComplete intro.
20220911 030736.669 INFO             PET0         driver: InitializeDataComplete='true'
20220911 030736.669 INFO             PET0       driver: InternalInitializeComplete extro.
20220911 030736.669 INFO             PET0       MODEL: InitializeIPDvXp08 intro.
20220911 030736.669 INFO             PET0         >>>MODEL: entered Initialize (phase=IPDv05p8) with current time:    0  1  1  0  0  0   0
20220911 030736.669 INFO             PET0         MODEL: InitializeDataProgress='false', InitializeDataComplete='false'
20220911 030736.669 INFO             PET0         <<<MODEL: leaving Initialize (phase=IPDv05p8) with current time:    0  1  1  0  0  0   0
20220911 030736.669 INFO             PET0       MODEL: InitializeIPDvXp08 extro.
20220911 030736.672 INFO             PET0       driver: components present that trigger loopDataDependentInitialize().
20220911 030736.672 INFO             PET0       driver: loopDataDependentInitialize intro.
20220911 030736.673 INFO             PET0         driver: component    0=driver, dataComplete (local): true
20220911 030736.673 INFO             PET0         driver: component    0=driver, dataComplete (global): T
20220911 030736.673 INFO             PET0         driver: component    1=MODEL, dataComplete (local): false
20220911 030736.673 INFO             PET0         driver: component    1=MODEL, dataComplete (global): F
20220911 030736.673 INFO             PET0         MODEL: InitializeIPDvXp08 intro.
20220911 030736.673 INFO             PET0           >>>MODEL: entered Initialize (phase=IPDv05p8) with current time:    0  1  1  0  0  0   0
20220911 030736.673 INFO             PET0           MODEL: InitializeDataProgress='true', InitializeDataComplete='true'
20220911 030736.673 INFO             PET0           <<<MODEL: leaving Initialize (phase=IPDv05p8) with current time:    0  1  1  0  0  0   0
20220911 030736.673 INFO             PET0         MODEL: InitializeIPDvXp08 extro.
20220911 030736.674 INFO             PET0         driver: component    1=MODEL, someProgress (local): true
20220911 030736.674 INFO             PET0         driver: component    1=MODEL, someProgress (global): T
20220911 030736.674 INFO             PET0         driver: someProgress=T, allComplete=F, present(dataDepAllComplete)=T
20220911 030736.674 INFO             PET0         driver: component    0=driver, dataComplete (local): true
20220911 030736.674 INFO             PET0         driver: component    0=driver, dataComplete (global): T
20220911 030736.674 INFO             PET0         driver: component    1=MODEL, dataComplete (local): true
20220911 030736.674 INFO             PET0         driver: component    1=MODEL, dataComplete (global): T
20220911 030736.674 INFO             PET0         driver: someProgress=F, allComplete=T, present(dataDepAllComplete)=T
20220911 030736.674 INFO             PET0         driver: finished resolving initialize data dependencies on this level.
20220911 030736.674 INFO             PET0       driver: loopDataDependentInitialize extro.
20220911 030736.674 INFO             PET0       driver: loopDataDependentInitialize() returned with dataDepAllComplete: T
20220911 030736.674 INFO             PET0     driver: InitializeIPDv02p5Data extro.
20220911 030736.674 INFO             PET0     <<<driver: leaving Initialize (phase=<none>) with current time:    0  1  1  0  0  0   0
20220911 030736.674 INFO             PET0   driver: InitializeIPDv02p5 extro.
20220911 030736.674 INFO             PET0 driver: InitializeP1 extro.
20220911 030736.674 INFO             PET0 driver: Run intro.
20220911 030736.674 INFO             PET0   >>>driver entered Run (phase=RunPhase1) with current time:    0  1  1  0  0  0   0
20220911 030736.674 INFO             PET0   driver: after lable_SetRunClock, current time:    0  1  1  0  0  0   0
20220911 030736.674 INFO             PET0   driver: begin -------> RunSequence.
20220911 030736.674 INFO             PET0     driver: RunSequence event loopLevel=   1  levelMember=   1  loopIteration=   1, current time:    0  1  1  0  0  0   0
20220911 030736.674 INFO             PET0     MODEL: Run intro.
20220911 030736.674 INFO             PET0       >>>MODEL: entered Run (phase=RunPhase1) with current time:    0  1  1  0  0  0   0
20220911 030736.674 INFO             PET0       MODEL: time step-loop starting, current time:    0  1  1  0  0  0   0
20220911 030736.674 INFO             PET0       thread_num=   0   currentSsiPe=   0   num_threads=   3   max_threads=   3   num_procs=   2
20220911 030736.675 INFO             PET0       thread_num=   1   currentSsiPe=  40   num_threads=   3   max_threads=   3   num_procs=   2
20220911 030736.675 INFO             PET0       thread_num=   2   currentSsiPe=   0   num_threads=   3   max_threads=   3   num_procs=   2
20220911 030736.675 INFO             PET0       ---->Advancing Model from:    0  1  1  0  0  0   0
20220911 030736.675 INFO             PET0       ---------------------> to:    0  1  1  0  0 30   0
20220911 030736.675 INFO             PET0       MODEL: time step-loop ending,   current time:    0  1  1  0  0 30   0
20220911 030736.675 INFO             PET0       <<<MODEL: leaving Run (phase=RunPhase1) with current time:    0  1  1  0  0 30   0
20220911 030736.675 INFO             PET0     MODEL: Run extro.
20220911 030736.675 INFO             PET0     driver: RunSequence event loopLevel=   1  levelMember=   1  loopIteration=   2, current time:    0  1  1  0  0 30   0
20220911 030736.675 INFO             PET0     MODEL: Run intro.
20220911 030736.675 INFO             PET0       >>>MODEL: entered Run (phase=RunPhase1) with current time:    0  1  1  0  0 30   0
20220911 030736.675 INFO             PET0       MODEL: time step-loop starting, current time:    0  1  1  0  0 30   0
20220911 030736.675 INFO             PET0       thread_num=   2   currentSsiPe=   0   num_threads=   3   max_threads=   3   num_procs=   2
20220911 030736.675 INFO             PET0       thread_num=   1   currentSsiPe=  40   num_threads=   3   max_threads=   3   num_procs=   2
20220911 030736.675 INFO             PET0       thread_num=   0   currentSsiPe=   0   num_threads=   3   max_threads=   3   num_procs=   2
20220911 030736.675 INFO             PET0       ---->Advancing Model from:    0  1  1  0  0 30   0
20220911 030736.675 INFO             PET0       ---------------------> to:    0  1  1  0  1  0   0
20220911 030736.675 INFO             PET0       MODEL: time step-loop ending,   current time:    0  1  1  0  1  0   0
20220911 030736.675 INFO             PET0       <<<MODEL: leaving Run (phase=RunPhase1) with current time:    0  1  1  0  1  0   0
20220911 030736.675 INFO             PET0     MODEL: Run extro.
20220911 030736.675 INFO             PET0     driver: RunSequence event loopLevel=   1  levelMember=   1  loopIteration=   3, current time:    0  1  1  0  1  0   0
20220911 030736.675 INFO             PET0     MODEL: Run intro.
20220911 030736.675 INFO             PET0       >>>MODEL: entered Run (phase=RunPhase1) with current time:    0  1  1  0  1  0   0
20220911 030736.675 INFO             PET0       MODEL: time step-loop starting, current time:    0  1  1  0  1  0   0
20220911 030736.675 INFO             PET0       thread_num=   0   currentSsiPe=   0   num_threads=   3   max_threads=   3   num_procs=   2
20220911 030736.675 INFO             PET0       thread_num=   2   currentSsiPe=  40   num_threads=   3   max_threads=   3   num_procs=   2
20220911 030736.675 INFO             PET0       thread_num=   1   currentSsiPe=   0   num_threads=   3   max_threads=   3   num_procs=   2
20220911 030736.675 INFO             PET0       ---->Advancing Model from:    0  1  1  0  1  0   0
20220911 030736.675 INFO             PET0       ---------------------> to:    0  1  1  0  1 30   0
20220911 030736.675 INFO             PET0       MODEL: time step-loop ending,   current time:    0  1  1  0  1 30   0
20220911 030736.675 INFO             PET0       <<<MODEL: leaving Run (phase=RunPhase1) with current time:    0  1  1  0  1 30   0
20220911 030736.675 INFO             PET0     MODEL: Run extro.
20220911 030736.675 INFO             PET0     driver: RunSequence event loopLevel=   1  levelMember=   1  loopIteration=   4, current time:    0  1  1  0  1 30   0
20220911 030736.675 INFO             PET0     MODEL: Run intro.
20220911 030736.675 INFO             PET0       >>>MODEL: entered Run (phase=RunPhase1) with current time:    0  1  1  0  1 30   0
20220911 030736.675 INFO             PET0       MODEL: time step-loop starting, current time:    0  1  1  0  1 30   0
20220911 030736.675 INFO             PET0       thread_num=   2   currentSsiPe=  40   num_threads=   3   max_threads=   3   num_procs=   2
20220911 030736.675 INFO             PET0       thread_num=   1   currentSsiPe=   0   num_threads=   3   max_threads=   3   num_procs=   2
20220911 030736.675 INFO             PET0       thread_num=   0   currentSsiPe=  40   num_threads=   3   max_threads=   3   num_procs=   2
20220911 030736.675 INFO             PET0       ---->Advancing Model from:    0  1  1  0  1 30   0
20220911 030736.675 INFO             PET0       ---------------------> to:    0  1  1  0  2  0   0
20220911 030736.676 INFO             PET0       MODEL: time step-loop ending,   current time:    0  1  1  0  2  0   0
20220911 030736.676 INFO             PET0       <<<MODEL: leaving Run (phase=RunPhase1) with current time:    0  1  1  0  2  0   0
20220911 030736.676 INFO             PET0     MODEL: Run extro.
20220911 030736.676 INFO             PET0     driver: RunSequence event loopLevel=   1  levelMember=   1  loopIteration=   5, current time:    0  1  1  0  2  0   0
20220911 030736.676 INFO             PET0     MODEL: Run intro.
20220911 030736.676 INFO             PET0       >>>MODEL: entered Run (phase=RunPhase1) with current time:    0  1  1  0  2  0   0
20220911 030736.676 INFO             PET0       MODEL: time step-loop starting, current time:    0  1  1  0  2  0   0
20220911 030736.676 INFO             PET0       thread_num=   0   currentSsiPe=  40   num_threads=   3   max_threads=   3   num_procs=   2
20220911 030736.676 INFO             PET0       thread_num=   2   currentSsiPe=   0   num_threads=   3   max_threads=   3   num_procs=   2
20220911 030736.676 INFO             PET0       thread_num=   1   currentSsiPe=  40   num_threads=   3   max_threads=   3   num_procs=   2
20220911 030736.676 INFO             PET0       ---->Advancing Model from:    0  1  1  0  2  0   0
20220911 030736.676 INFO             PET0       ---------------------> to:    0  1  1  0  2 30   0
20220911 030736.676 INFO             PET0       MODEL: time step-loop ending,   current time:    0  1  1  0  2 30   0
20220911 030736.676 INFO             PET0       <<<MODEL: leaving Run (phase=RunPhase1) with current time:    0  1  1  0  2 30   0
20220911 030736.676 INFO             PET0     MODEL: Run extro.
20220911 030736.676 INFO             PET0   driver: end <--------- RunSequence
20220911 030736.676 INFO             PET0   <<<driver - leaving Run with current time:    0  1  1  0  2 30   0
20220911 030736.676 INFO             PET0 driver: Run extro.
20220911 030736.676 INFO             PET0 driver: Finalize intro.
20220911 030736.676 INFO             PET0   Calling Finalize phase 1 for modelComp: MODEL
20220911 030736.676 INFO             PET0   MODEL: Finalize intro.
20220911 030736.676 INFO             PET0     >>>MODEL: entered Finalize (phase=FinalizePhase1) with current time:    0  1  1  0  2 30   0
20220911 030736.676 INFO             PET0     <<<MODEL: leaving Finalize (phase=FinalizePhase1) with current time:    0  1  1  0  2 30   0
20220911 030736.676 INFO             PET0   MODEL: Finalize extro.
20220911 030736.676 INFO             PET0   Delete modelComp: MODEL
20220911 030736.676 INFO             PET0   Delete Import-/Export State for modelComp: MODEL
20220911 030736.676 INFO             PET0 driver: Finalize extro.
20220911 030736.676 INFO             PET0 mainApp FINISHED
20220911 030736.676 INFO             PET0 Finalizing ESMF
20220911 030736.647 INFO             PET1 !!!!!!!!!!!!!!!!!!!!!!!!!!!!!!!!!!!!!!!!!!!!!!!!!!!!!!
20220911 030736.647 INFO             PET1 !!! THE ESMF_LOG IS SET TO OUTPUT ALL LOG MESSAGES !!!
20220911 030736.647 INFO             PET1 !!!     THIS MAY CAUSE SLOWDOWN IN PERFORMANCE     !!!
20220911 030736.647 INFO             PET1 !!! FOR PRODUCTION RUNS, USE:                      !!!
20220911 030736.647 INFO             PET1 !!!                   ESMF_LOGKIND_Multi_On_Error  !!!
20220911 030736.647 INFO             PET1 !!!!!!!!!!!!!!!!!!!!!!!!!!!!!!!!!!!!!!!!!!!!!!!!!!!!!!
20220911 030736.647 INFO             PET1 Running with ESMF Version   : v8.3.1b05
20220911 030736.647 INFO             PET1 ESMF library build date/time: "Sep 11 2022" "02:36:24"
20220911 030736.647 INFO             PET1 ESMF library build location : /scratch1/NCEPDEV/stmp2/Rocky.Dunlap/esmf-testing/gfortran_9.2.0b_openmpi_g_patch_8.3.1/esmf
20220911 030736.647 INFO             PET1 ESMF_COMM                   : openmpi
20220911 030736.647 INFO             PET1 ESMF_MOAB                   : enabled
20220911 030736.647 INFO             PET1 ESMF_LAPACK                 : enabled
20220911 030736.647 INFO             PET1 ESMF_NETCDF                 : disabled
20220911 030736.647 INFO             PET1 ESMF_PNETCDF                : disabled
20220911 030736.647 INFO             PET1 ESMF_PIO                    : disabled
20220911 030736.647 INFO             PET1 ESMF_YAMLCPP                : enabled
20220911 030736.647 INFO             PET1 mainApp STARTING
20220911 030736.653 INFO             PET1 driver: InitializeP1 intro.
20220911 030736.653 INFO             PET1   driver: InitializeIPDv02p1 intro.
20220911 030736.653 INFO             PET1     >>>driver: entered Initialize (phase=<none>) without valid internal Clock.
20220911 030736.653 INFO             PET1     driver - Creating model component MODEL without petList.
20220911 030736.656 INFO             PET1      GridCompIsPetLocal:  T
20220911 030736.656 INFO             PET1      VmIsCreated:  T
20220911 030736.656 INFO             PET1      valid MPI_COMM with size=           4
20220911 030736.656 INFO             PET1     driver - Creating state: modelComp 1 Import State
20220911 030736.656 INFO             PET1     driver - Creating state: modelComp 1 Export State
20220911 030736.657 INFO             PET1     MODEL: InitializeP0 intro.
20220911 030736.657 INFO             PET1       >>>MODEL: entered Initialize (phase=<none>) without valid internal Clock.
20220911 030736.658 INFO             PET1       <<<MODEL: leaving Initialize (phase=<none>) without valid internal Clock.
20220911 030736.658 INFO             PET1     MODEL: InitializeP0 extro.
20220911 030736.660 INFO             PET1     driver: IInitAdvertise intro.
20220911 030736.660 INFO             PET1     driver: IInitAdvertise extro.
20220911 030736.660 INFO             PET1     MODEL: InitializeIPDvXp01 intro.
20220911 030736.660 INFO             PET1       >>>MODEL: entered Initialize (phase=IPDvXp01) without valid internal Clock.
20220911 030736.663 INFO             PET1       <<<MODEL: leaving Initialize (phase=IPDvXp01) without valid internal Clock.
20220911 030736.663 INFO             PET1     MODEL: InitializeIPDvXp01 extro.
20220911 030736.664 INFO             PET1     driver: IInitAdvertiseFinish intro.
20220911 030736.664 INFO             PET1     driver: IInitAdvertiseFinish extro.
20220911 030736.664 INFO             PET1     driver: IInitModifyCplLists intro.
20220911 030736.664 INFO             PET1     driver: IInitModifyCplLists extro.
20220911 030736.664 INFO             PET1     <<<driver: leaving Initialize (phase=<none>) with current time:    0  1  1  0  0  0   0
20220911 030736.664 INFO             PET1   driver: InitializeIPDv02p1 extro.
20220911 030736.664 INFO             PET1   driver: InitializeIPDv02p3 intro.
20220911 030736.664 INFO             PET1     >>>driver: entered Initialize (phase=<none>) with current time:    0  1  1  0  0  0   0
20220911 030736.664 INFO             PET1     driver: IInitCheck intro.
20220911 030736.664 INFO             PET1     driver: IInitCheck extro.
20220911 030736.664 INFO             PET1     MODEL: InitializeIPDvXp04 intro.
20220911 030736.665 INFO             PET1       >>>MODEL: entered Initialize (phase=IPDvXp04) without valid internal Clock.
20220911 030736.668 INFO             PET1       After Realize: - MemInfo: [/proc/meminfo - SSI]	MemTotal:       97470692 kB
20220911 030736.668 INFO             PET1       After Realize: - MemInfo: [/proc/meminfo - SSI]	MemFree:        90892916 kB
20220911 030736.668 INFO             PET1       After Realize: - MemInfo: [/proc/meminfo - SSI]	MemAvailable:   92513348 kB
20220911 030736.668 INFO             PET1       After Realize: - MemInfo: [/proc/meminfo - SSI]	Committed_AS:     697964 kB
20220911 030736.668 INFO             PET1       After Realize: - MemInfo: [/proc/meminfo - SSI]	CommittedPercent: 0.716076 %
20220911 030736.668 INFO             PET1       After Realize: - MemInfo: [/proc/self/status]	VmPeak:	  313012 kB
20220911 030736.668 INFO             PET1       After Realize: - MemInfo: [/proc/self/status]	VmSize:	  290104 kB
20220911 030736.668 INFO             PET1       After Realize: - MemInfo: [/proc/self/status]	VmLck:	       0 kB
20220911 030736.669 INFO             PET1       After Realize: - MemInfo: [/proc/self/status]	VmPin:	   68020 kB
20220911 030736.669 INFO             PET1       After Realize: - MemInfo: [/proc/self/status]	VmHWM:	  113556 kB
20220911 030736.669 INFO             PET1       After Realize: - MemInfo: [/proc/self/status]	VmRSS:	   74860 kB
20220911 030736.669 INFO             PET1       After Realize: - MemInfo: [/proc/self/status]	VmData:	   80992 kB
20220911 030736.669 INFO             PET1       After Realize: - MemInfo: [/proc/self/status]	VmStk:	     140 kB
20220911 030736.669 INFO             PET1       After Realize: - MemInfo: [/proc/self/status]	VmExe:	      20 kB
20220911 030736.669 INFO             PET1       After Realize: - MemInfo: [/proc/self/status]	VmLib:	   70200 kB
20220911 030736.669 INFO             PET1       After Realize: - MemInfo: [/proc/self/status]	VmPTE:	     420 kB
20220911 030736.669 INFO             PET1       After Realize: - MemInfo: [/proc/self/status]	VmSwap:	       0 kB
20220911 030736.669 INFO             PET1       After Realize: - MemInfo: [/proc/self/status]	VmRSSPercent: 0.0768026 %
20220911 030736.669 INFO             PET1       After Realize: - MemInfo: [malloc] Non-mmapped space allocated:                 4186112 Byte
20220911 030736.669 INFO             PET1       After Realize: - MemInfo: [malloc] Space allocated in mmapped regions:          5914624 Byte
20220911 030736.669 INFO             PET1       After Realize: - MemInfo: [malloc] Maximum total allocated space:                     0 Byte
20220911 030736.669 INFO             PET1       After Realize: - MemInfo: [malloc] Space in freed fastbin blocks:                  2704 Byte
20220911 030736.669 INFO             PET1       After Realize: - MemInfo: [malloc] Total allocated space:                       3937952 Byte
20220911 030736.669 INFO             PET1       After Realize: - MemInfo: [malloc] Total free space:                             248160 Byte
20220911 030736.669 INFO             PET1       After Realize: - MemInfo: [malloc] Top-most, releasable space:                   118720 Byte
20220911 030736.669 INFO             PET1       After Realize: - MemInfo: [malloc] Total space in use, mmap + non-mmap:         9852576 Byte
20220911 030736.669 INFO             PET1       After Realize: - MemInfo: [malloc] Total space held (mmap + non-mmap):         10100736 Byte
20220911 030736.669 INFO             PET1       After Realize: - MemInfo: [malloc] Total space used (mmap + non-mmap):          9862816 Byte
20220911 030736.669 INFO             PET1       After Realize: - MemInfo: Wall-clock time since execution start:              0.0271888 seconds
20220911 030736.669 INFO             PET1       <<<MODEL: leaving Initialize (phase=IPDvXp04) without valid internal Clock.
20220911 030736.669 INFO             PET1     MODEL: InitializeIPDvXp04 extro.
20220911 030736.670 INFO             PET1     driver: IInitRealize intro.
20220911 030736.670 INFO             PET1     driver: IInitRealize extro.
20220911 030736.670 INFO             PET1     MODEL: InitializeIPDvXp07 intro.
20220911 030736.670 INFO             PET1       >>>MODEL: entered Initialize (phase=IPDvXp07) without valid internal Clock.
20220911 030736.670 INFO             PET1       <<<MODEL: leaving Initialize (phase=IPDvXp07) with current time:    0  1  1  0  0  0   0
20220911 030736.670 INFO             PET1     MODEL: InitializeIPDvXp07 extro.
20220911 030736.671 INFO             PET1     <<<driver: leaving Initialize (phase=<none>) with current time:    0  1  1  0  0  0   0
20220911 030736.671 INFO             PET1   driver: InitializeIPDv02p3 extro.
20220911 030736.671 INFO             PET1   driver: InitializeIPDv02p5 intro.
20220911 030736.671 INFO             PET1     >>>driver: entered Initialize (phase=<none>) with current time:    0  1  1  0  0  0   0
20220911 030736.671 INFO             PET1     driver: this is a top level driver, no 'Updated' and 'InitializeDataComplete' info on this level.
20220911 030736.671 INFO             PET1     driver: InitializeIPDv02p5Data intro.
20220911 030736.671 INFO             PET1       driver: InternalInitializeComplete intro.
20220911 030736.671 INFO             PET1         driver: InitializeDataComplete='true'
20220911 030736.671 INFO             PET1       driver: InternalInitializeComplete extro.
20220911 030736.671 INFO             PET1       MODEL: InitializeIPDvXp08 intro.
20220911 030736.671 INFO             PET1         >>>MODEL: entered Initialize (phase=IPDv05p8) with current time:    0  1  1  0  0  0   0
20220911 030736.672 INFO             PET1         MODEL: InitializeDataProgress='false', InitializeDataComplete='false'
20220911 030736.672 INFO             PET1         <<<MODEL: leaving Initialize (phase=IPDv05p8) with current time:    0  1  1  0  0  0   0
20220911 030736.672 INFO             PET1       MODEL: InitializeIPDvXp08 extro.
20220911 030736.672 INFO             PET1       driver: components present that trigger loopDataDependentInitialize().
20220911 030736.673 INFO             PET1       driver: loopDataDependentInitialize intro.
20220911 030736.673 INFO             PET1         driver: component    0=driver, dataComplete (local): true
20220911 030736.673 INFO             PET1         driver: component    0=driver, dataComplete (global): T
20220911 030736.673 INFO             PET1         driver: component    1=MODEL, dataComplete (local): false
20220911 030736.673 INFO             PET1         driver: component    1=MODEL, dataComplete (global): F
20220911 030736.673 INFO             PET1         MODEL: InitializeIPDvXp08 intro.
20220911 030736.673 INFO             PET1           >>>MODEL: entered Initialize (phase=IPDv05p8) with current time:    0  1  1  0  0  0   0
20220911 030736.673 INFO             PET1           MODEL: InitializeDataProgress='true', InitializeDataComplete='true'
20220911 030736.673 INFO             PET1           <<<MODEL: leaving Initialize (phase=IPDv05p8) with current time:    0  1  1  0  0  0   0
20220911 030736.673 INFO             PET1         MODEL: InitializeIPDvXp08 extro.
20220911 030736.674 INFO             PET1         driver: component    1=MODEL, someProgress (local): true
20220911 030736.674 INFO             PET1         driver: component    1=MODEL, someProgress (global): T
20220911 030736.674 INFO             PET1         driver: someProgress=T, allComplete=F, present(dataDepAllComplete)=T
20220911 030736.674 INFO             PET1         driver: component    0=driver, dataComplete (local): true
20220911 030736.674 INFO             PET1         driver: component    0=driver, dataComplete (global): T
20220911 030736.674 INFO             PET1         driver: component    1=MODEL, dataComplete (local): true
20220911 030736.674 INFO             PET1         driver: component    1=MODEL, dataComplete (global): T
20220911 030736.674 INFO             PET1         driver: someProgress=F, allComplete=T, present(dataDepAllComplete)=T
20220911 030736.674 INFO             PET1         driver: finished resolving initialize data dependencies on this level.
20220911 030736.674 INFO             PET1       driver: loopDataDependentInitialize extro.
20220911 030736.674 INFO             PET1       driver: loopDataDependentInitialize() returned with dataDepAllComplete: T
20220911 030736.674 INFO             PET1     driver: InitializeIPDv02p5Data extro.
20220911 030736.674 INFO             PET1     <<<driver: leaving Initialize (phase=<none>) with current time:    0  1  1  0  0  0   0
20220911 030736.674 INFO             PET1   driver: InitializeIPDv02p5 extro.
20220911 030736.674 INFO             PET1 driver: InitializeP1 extro.
20220911 030736.674 INFO             PET1 driver: Run intro.
20220911 030736.674 INFO             PET1   >>>driver entered Run (phase=RunPhase1) with current time:    0  1  1  0  0  0   0
20220911 030736.674 INFO             PET1   driver: after lable_SetRunClock, current time:    0  1  1  0  0  0   0
20220911 030736.674 INFO             PET1   driver: begin -------> RunSequence.
20220911 030736.674 INFO             PET1     driver: RunSequence event loopLevel=   1  levelMember=   1  loopIteration=   1, current time:    0  1  1  0  0  0   0
20220911 030736.674 INFO             PET1     MODEL: Run intro.
20220911 030736.674 INFO             PET1       >>>MODEL: entered Run (phase=RunPhase1) with current time:    0  1  1  0  0  0   0
20220911 030736.674 INFO             PET1       MODEL: time step-loop starting, current time:    0  1  1  0  0  0   0
20220911 030736.675 INFO             PET1       thread_num=   0   currentSsiPe=  20   num_threads=   3   max_threads=   3   num_procs=   2
20220911 030736.675 INFO             PET1       thread_num=   1   currentSsiPe=  60   num_threads=   3   max_threads=   3   num_procs=   2
20220911 030736.675 INFO             PET1       thread_num=   2   currentSsiPe=  20   num_threads=   3   max_threads=   3   num_procs=   2
20220911 030736.675 INFO             PET1       ---->Advancing Model from:    0  1  1  0  0  0   0
20220911 030736.675 INFO             PET1       ---------------------> to:    0  1  1  0  0 30   0
20220911 030736.675 INFO             PET1       MODEL: time step-loop ending,   current time:    0  1  1  0  0 30   0
20220911 030736.675 INFO             PET1       <<<MODEL: leaving Run (phase=RunPhase1) with current time:    0  1  1  0  0 30   0
20220911 030736.675 INFO             PET1     MODEL: Run extro.
20220911 030736.675 INFO             PET1     driver: RunSequence event loopLevel=   1  levelMember=   1  loopIteration=   2, current time:    0  1  1  0  0 30   0
20220911 030736.675 INFO             PET1     MODEL: Run intro.
20220911 030736.675 INFO             PET1       >>>MODEL: entered Run (phase=RunPhase1) with current time:    0  1  1  0  0 30   0
20220911 030736.675 INFO             PET1       MODEL: time step-loop starting, current time:    0  1  1  0  0 30   0
20220911 030736.675 INFO             PET1       thread_num=   2   currentSsiPe=  20   num_threads=   3   max_threads=   3   num_procs=   2
20220911 030736.675 INFO             PET1       thread_num=   1   currentSsiPe=  60   num_threads=   3   max_threads=   3   num_procs=   2
20220911 030736.675 INFO             PET1       thread_num=   0   currentSsiPe=  20   num_threads=   3   max_threads=   3   num_procs=   2
20220911 030736.675 INFO             PET1       ---->Advancing Model from:    0  1  1  0  0 30   0
20220911 030736.675 INFO             PET1       ---------------------> to:    0  1  1  0  1  0   0
20220911 030736.675 INFO             PET1       MODEL: time step-loop ending,   current time:    0  1  1  0  1  0   0
20220911 030736.675 INFO             PET1       <<<MODEL: leaving Run (phase=RunPhase1) with current time:    0  1  1  0  1  0   0
20220911 030736.675 INFO             PET1     MODEL: Run extro.
20220911 030736.675 INFO             PET1     driver: RunSequence event loopLevel=   1  levelMember=   1  loopIteration=   3, current time:    0  1  1  0  1  0   0
20220911 030736.675 INFO             PET1     MODEL: Run intro.
20220911 030736.675 INFO             PET1       >>>MODEL: entered Run (phase=RunPhase1) with current time:    0  1  1  0  1  0   0
20220911 030736.675 INFO             PET1       MODEL: time step-loop starting, current time:    0  1  1  0  1  0   0
20220911 030736.675 INFO             PET1       thread_num=   0   currentSsiPe=  20   num_threads=   3   max_threads=   3   num_procs=   2
20220911 030736.675 INFO             PET1       thread_num=   2   currentSsiPe=  60   num_threads=   3   max_threads=   3   num_procs=   2
20220911 030736.675 INFO             PET1       thread_num=   1   currentSsiPe=  20   num_threads=   3   max_threads=   3   num_procs=   2
20220911 030736.675 INFO             PET1       ---->Advancing Model from:    0  1  1  0  1  0   0
20220911 030736.675 INFO             PET1       ---------------------> to:    0  1  1  0  1 30   0
20220911 030736.675 INFO             PET1       MODEL: time step-loop ending,   current time:    0  1  1  0  1 30   0
20220911 030736.675 INFO             PET1       <<<MODEL: leaving Run (phase=RunPhase1) with current time:    0  1  1  0  1 30   0
20220911 030736.675 INFO             PET1     MODEL: Run extro.
20220911 030736.675 INFO             PET1     driver: RunSequence event loopLevel=   1  levelMember=   1  loopIteration=   4, current time:    0  1  1  0  1 30   0
20220911 030736.676 INFO             PET1     MODEL: Run intro.
20220911 030736.676 INFO             PET1       >>>MODEL: entered Run (phase=RunPhase1) with current time:    0  1  1  0  1 30   0
20220911 030736.676 INFO             PET1       MODEL: time step-loop starting, current time:    0  1  1  0  1 30   0
20220911 030736.676 INFO             PET1       thread_num=   2   currentSsiPe=  60   num_threads=   3   max_threads=   3   num_procs=   2
20220911 030736.676 INFO             PET1       thread_num=   1   currentSsiPe=  20   num_threads=   3   max_threads=   3   num_procs=   2
20220911 030736.676 INFO             PET1       thread_num=   0   currentSsiPe=  60   num_threads=   3   max_threads=   3   num_procs=   2
20220911 030736.676 INFO             PET1       ---->Advancing Model from:    0  1  1  0  1 30   0
20220911 030736.676 INFO             PET1       ---------------------> to:    0  1  1  0  2  0   0
20220911 030736.676 INFO             PET1       MODEL: time step-loop ending,   current time:    0  1  1  0  2  0   0
20220911 030736.676 INFO             PET1       <<<MODEL: leaving Run (phase=RunPhase1) with current time:    0  1  1  0  2  0   0
20220911 030736.676 INFO             PET1     MODEL: Run extro.
20220911 030736.676 INFO             PET1     driver: RunSequence event loopLevel=   1  levelMember=   1  loopIteration=   5, current time:    0  1  1  0  2  0   0
20220911 030736.676 INFO             PET1     MODEL: Run intro.
20220911 030736.676 INFO             PET1       >>>MODEL: entered Run (phase=RunPhase1) with current time:    0  1  1  0  2  0   0
20220911 030736.676 INFO             PET1       MODEL: time step-loop starting, current time:    0  1  1  0  2  0   0
20220911 030736.676 INFO             PET1       thread_num=   0   currentSsiPe=  60   num_threads=   3   max_threads=   3   num_procs=   2
20220911 030736.676 INFO             PET1       thread_num=   2   currentSsiPe=  20   num_threads=   3   max_threads=   3   num_procs=   2
20220911 030736.676 INFO             PET1       thread_num=   1   currentSsiPe=  60   num_threads=   3   max_threads=   3   num_procs=   2
20220911 030736.676 INFO             PET1       ---->Advancing Model from:    0  1  1  0  2  0   0
20220911 030736.676 INFO             PET1       ---------------------> to:    0  1  1  0  2 30   0
20220911 030736.676 INFO             PET1       MODEL: time step-loop ending,   current time:    0  1  1  0  2 30   0
20220911 030736.676 INFO             PET1       <<<MODEL: leaving Run (phase=RunPhase1) with current time:    0  1  1  0  2 30   0
20220911 030736.676 INFO             PET1     MODEL: Run extro.
20220911 030736.676 INFO             PET1   driver: end <--------- RunSequence
20220911 030736.676 INFO             PET1   <<<driver - leaving Run with current time:    0  1  1  0  2 30   0
20220911 030736.676 INFO             PET1 driver: Run extro.
20220911 030736.676 INFO             PET1 driver: Finalize intro.
20220911 030736.676 INFO             PET1   Calling Finalize phase 1 for modelComp: MODEL
20220911 030736.676 INFO             PET1   MODEL: Finalize intro.
20220911 030736.676 INFO             PET1     >>>MODEL: entered Finalize (phase=FinalizePhase1) with current time:    0  1  1  0  2 30   0
20220911 030736.676 INFO             PET1     <<<MODEL: leaving Finalize (phase=FinalizePhase1) with current time:    0  1  1  0  2 30   0
20220911 030736.676 INFO             PET1   MODEL: Finalize extro.
20220911 030736.676 INFO             PET1   Delete modelComp: MODEL
20220911 030736.676 INFO             PET1   Delete Import-/Export State for modelComp: MODEL
20220911 030736.676 INFO             PET1 driver: Finalize extro.
20220911 030736.676 INFO             PET1 mainApp FINISHED
20220911 030736.676 INFO             PET1 Finalizing ESMF
20220911 030736.646 INFO             PET2 !!!!!!!!!!!!!!!!!!!!!!!!!!!!!!!!!!!!!!!!!!!!!!!!!!!!!!
20220911 030736.647 INFO             PET2 !!! THE ESMF_LOG IS SET TO OUTPUT ALL LOG MESSAGES !!!
20220911 030736.647 INFO             PET2 !!!     THIS MAY CAUSE SLOWDOWN IN PERFORMANCE     !!!
20220911 030736.647 INFO             PET2 !!! FOR PRODUCTION RUNS, USE:                      !!!
20220911 030736.647 INFO             PET2 !!!                   ESMF_LOGKIND_Multi_On_Error  !!!
20220911 030736.647 INFO             PET2 !!!!!!!!!!!!!!!!!!!!!!!!!!!!!!!!!!!!!!!!!!!!!!!!!!!!!!
20220911 030736.647 INFO             PET2 Running with ESMF Version   : v8.3.1b05
20220911 030736.647 INFO             PET2 ESMF library build date/time: "Sep 11 2022" "02:36:24"
20220911 030736.647 INFO             PET2 ESMF library build location : /scratch1/NCEPDEV/stmp2/Rocky.Dunlap/esmf-testing/gfortran_9.2.0b_openmpi_g_patch_8.3.1/esmf
20220911 030736.647 INFO             PET2 ESMF_COMM                   : openmpi
20220911 030736.647 INFO             PET2 ESMF_MOAB                   : enabled
20220911 030736.647 INFO             PET2 ESMF_LAPACK                 : enabled
20220911 030736.647 INFO             PET2 ESMF_NETCDF                 : disabled
20220911 030736.647 INFO             PET2 ESMF_PNETCDF                : disabled
20220911 030736.647 INFO             PET2 ESMF_PIO                    : disabled
20220911 030736.647 INFO             PET2 ESMF_YAMLCPP                : enabled
20220911 030736.647 INFO             PET2 mainApp STARTING
20220911 030736.652 INFO             PET2 driver: InitializeP1 intro.
20220911 030736.652 INFO             PET2   driver: InitializeIPDv02p1 intro.
20220911 030736.652 INFO             PET2     >>>driver: entered Initialize (phase=<none>) without valid internal Clock.
20220911 030736.653 INFO             PET2     driver - Creating model component MODEL without petList.
20220911 030736.655 INFO             PET2      GridCompIsPetLocal:  T
20220911 030736.655 INFO             PET2      VmIsCreated:  T
20220911 030736.655 INFO             PET2      valid MPI_COMM with size=           4
20220911 030736.656 INFO             PET2     driver - Creating state: modelComp 1 Import State
20220911 030736.656 INFO             PET2     driver - Creating state: modelComp 1 Export State
20220911 030736.656 INFO             PET2     MODEL: InitializeP0 intro.
20220911 030736.656 INFO             PET2       >>>MODEL: entered Initialize (phase=<none>) without valid internal Clock.
20220911 030736.657 INFO             PET2       <<<MODEL: leaving Initialize (phase=<none>) without valid internal Clock.
20220911 030736.657 INFO             PET2     MODEL: InitializeP0 extro.
20220911 030736.659 INFO             PET2     driver: IInitAdvertise intro.
20220911 030736.659 INFO             PET2     driver: IInitAdvertise extro.
20220911 030736.659 INFO             PET2     MODEL: InitializeIPDvXp01 intro.
20220911 030736.659 INFO             PET2       >>>MODEL: entered Initialize (phase=IPDvXp01) without valid internal Clock.
20220911 030736.661 INFO             PET2       <<<MODEL: leaving Initialize (phase=IPDvXp01) without valid internal Clock.
20220911 030736.661 INFO             PET2     MODEL: InitializeIPDvXp01 extro.
20220911 030736.662 INFO             PET2     driver: IInitAdvertiseFinish intro.
20220911 030736.662 INFO             PET2     driver: IInitAdvertiseFinish extro.
20220911 030736.662 INFO             PET2     driver: IInitModifyCplLists intro.
20220911 030736.662 INFO             PET2     driver: IInitModifyCplLists extro.
20220911 030736.662 INFO             PET2     <<<driver: leaving Initialize (phase=<none>) with current time:    0  1  1  0  0  0   0
20220911 030736.662 INFO             PET2   driver: InitializeIPDv02p1 extro.
20220911 030736.662 INFO             PET2   driver: InitializeIPDv02p3 intro.
20220911 030736.662 INFO             PET2     >>>driver: entered Initialize (phase=<none>) with current time:    0  1  1  0  0  0   0
20220911 030736.663 INFO             PET2     driver: IInitCheck intro.
20220911 030736.663 INFO             PET2     driver: IInitCheck extro.
20220911 030736.663 INFO             PET2     MODEL: InitializeIPDvXp04 intro.
20220911 030736.663 INFO             PET2       >>>MODEL: entered Initialize (phase=IPDvXp04) without valid internal Clock.
20220911 030736.666 INFO             PET2       After Realize: - MemInfo: [/proc/meminfo - SSI]	MemTotal:       97470692 kB
20220911 030736.666 INFO             PET2       After Realize: - MemInfo: [/proc/meminfo - SSI]	MemFree:        90892916 kB
20220911 030736.666 INFO             PET2       After Realize: - MemInfo: [/proc/meminfo - SSI]	MemAvailable:   92513348 kB
20220911 030736.666 INFO             PET2       After Realize: - MemInfo: [/proc/meminfo - SSI]	Committed_AS:     697964 kB
20220911 030736.666 INFO             PET2       After Realize: - MemInfo: [/proc/meminfo - SSI]	CommittedPercent: 0.716076 %
20220911 030736.666 INFO             PET2       After Realize: - MemInfo: [/proc/self/status]	VmPeak:	  397592 kB
20220911 030736.666 INFO             PET2       After Realize: - MemInfo: [/proc/self/status]	VmSize:	  355640 kB
20220911 030736.666 INFO             PET2       After Realize: - MemInfo: [/proc/self/status]	VmLck:	       0 kB
20220911 030736.666 INFO             PET2       After Realize: - MemInfo: [/proc/self/status]	VmPin:	   68020 kB
20220911 030736.666 INFO             PET2       After Realize: - MemInfo: [/proc/self/status]	VmHWM:	  113560 kB
20220911 030736.666 INFO             PET2       After Realize: - MemInfo: [/proc/self/status]	VmRSS:	   74796 kB
20220911 030736.666 INFO             PET2       After Realize: - MemInfo: [/proc/self/status]	VmData:	  146528 kB
20220911 030736.666 INFO             PET2       After Realize: - MemInfo: [/proc/self/status]	VmStk:	     140 kB
20220911 030736.666 INFO             PET2       After Realize: - MemInfo: [/proc/self/status]	VmExe:	      20 kB
20220911 030736.666 INFO             PET2       After Realize: - MemInfo: [/proc/self/status]	VmLib:	   70200 kB
20220911 030736.666 INFO             PET2       After Realize: - MemInfo: [/proc/self/status]	VmPTE:	     432 kB
20220911 030736.666 INFO             PET2       After Realize: - MemInfo: [/proc/self/status]	VmSwap:	       0 kB
20220911 030736.666 INFO             PET2       After Realize: - MemInfo: [/proc/self/status]	VmRSSPercent: 0.0767369 %
20220911 030736.666 INFO             PET2       After Realize: - MemInfo: [malloc] Non-mmapped space allocated:                 4321280 Byte
20220911 030736.666 INFO             PET2       After Realize: - MemInfo: [malloc] Space allocated in mmapped regions:          5914624 Byte
20220911 030736.666 INFO             PET2       After Realize: - MemInfo: [malloc] Maximum total allocated space:                     0 Byte
20220911 030736.666 INFO             PET2       After Realize: - MemInfo: [malloc] Space in freed fastbin blocks:                  3152 Byte
20220911 030736.666 INFO             PET2       After Realize: - MemInfo: [malloc] Total allocated space:                       3937968 Byte
20220911 030736.666 INFO             PET2       After Realize: - MemInfo: [malloc] Total free space:                             383312 Byte
20220911 030736.666 INFO             PET2       After Realize: - MemInfo: [malloc] Top-most, releasable space:                   121584 Byte
20220911 030736.666 INFO             PET2       After Realize: - MemInfo: [malloc] Total space in use, mmap + non-mmap:         9852592 Byte
20220911 030736.666 INFO             PET2       After Realize: - MemInfo: [malloc] Total space held (mmap + non-mmap):         10235904 Byte
20220911 030736.666 INFO             PET2       After Realize: - MemInfo: [malloc] Total space used (mmap + non-mmap):          9862832 Byte
20220911 030736.667 INFO             PET2       After Realize: - MemInfo: Wall-clock time since execution start:              0.0249978 seconds
20220911 030736.667 INFO             PET2       <<<MODEL: leaving Initialize (phase=IPDvXp04) without valid internal Clock.
20220911 030736.667 INFO             PET2     MODEL: InitializeIPDvXp04 extro.
20220911 030736.668 INFO             PET2     driver: IInitRealize intro.
20220911 030736.668 INFO             PET2     driver: IInitRealize extro.
20220911 030736.668 INFO             PET2     MODEL: InitializeIPDvXp07 intro.
20220911 030736.668 INFO             PET2       >>>MODEL: entered Initialize (phase=IPDvXp07) without valid internal Clock.
20220911 030736.668 INFO             PET2       <<<MODEL: leaving Initialize (phase=IPDvXp07) with current time:    0  1  1  0  0  0   0
20220911 030736.668 INFO             PET2     MODEL: InitializeIPDvXp07 extro.
20220911 030736.668 INFO             PET2     <<<driver: leaving Initialize (phase=<none>) with current time:    0  1  1  0  0  0   0
20220911 030736.669 INFO             PET2   driver: InitializeIPDv02p3 extro.
20220911 030736.669 INFO             PET2   driver: InitializeIPDv02p5 intro.
20220911 030736.669 INFO             PET2     >>>driver: entered Initialize (phase=<none>) with current time:    0  1  1  0  0  0   0
20220911 030736.669 INFO             PET2     driver: this is a top level driver, no 'Updated' and 'InitializeDataComplete' info on this level.
20220911 030736.669 INFO             PET2     driver: InitializeIPDv02p5Data intro.
20220911 030736.669 INFO             PET2       driver: InternalInitializeComplete intro.
20220911 030736.669 INFO             PET2         driver: InitializeDataComplete='true'
20220911 030736.669 INFO             PET2       driver: InternalInitializeComplete extro.
20220911 030736.669 INFO             PET2       MODEL: InitializeIPDvXp08 intro.
20220911 030736.669 INFO             PET2         >>>MODEL: entered Initialize (phase=IPDv05p8) with current time:    0  1  1  0  0  0   0
20220911 030736.669 INFO             PET2         MODEL: InitializeDataProgress='false', InitializeDataComplete='false'
20220911 030736.669 INFO             PET2         <<<MODEL: leaving Initialize (phase=IPDv05p8) with current time:    0  1  1  0  0  0   0
20220911 030736.669 INFO             PET2       MODEL: InitializeIPDvXp08 extro.
20220911 030736.672 INFO             PET2       driver: components present that trigger loopDataDependentInitialize().
20220911 030736.672 INFO             PET2       driver: loopDataDependentInitialize intro.
20220911 030736.673 INFO             PET2         driver: component    0=driver, dataComplete (local): true
20220911 030736.673 INFO             PET2         driver: component    0=driver, dataComplete (global): T
20220911 030736.673 INFO             PET2         driver: component    1=MODEL, dataComplete (local): false
20220911 030736.673 INFO             PET2         driver: component    1=MODEL, dataComplete (global): F
20220911 030736.673 INFO             PET2         MODEL: InitializeIPDvXp08 intro.
20220911 030736.673 INFO             PET2           >>>MODEL: entered Initialize (phase=IPDv05p8) with current time:    0  1  1  0  0  0   0
20220911 030736.673 INFO             PET2           MODEL: InitializeDataProgress='true', InitializeDataComplete='true'
20220911 030736.673 INFO             PET2           <<<MODEL: leaving Initialize (phase=IPDv05p8) with current time:    0  1  1  0  0  0   0
20220911 030736.673 INFO             PET2         MODEL: InitializeIPDvXp08 extro.
20220911 030736.674 INFO             PET2         driver: component    1=MODEL, someProgress (local): true
20220911 030736.674 INFO             PET2         driver: component    1=MODEL, someProgress (global): T
20220911 030736.674 INFO             PET2         driver: someProgress=T, allComplete=F, present(dataDepAllComplete)=T
20220911 030736.674 INFO             PET2         driver: component    0=driver, dataComplete (local): true
20220911 030736.674 INFO             PET2         driver: component    0=driver, dataComplete (global): T
20220911 030736.674 INFO             PET2         driver: component    1=MODEL, dataComplete (local): true
20220911 030736.674 INFO             PET2         driver: component    1=MODEL, dataComplete (global): T
20220911 030736.674 INFO             PET2         driver: someProgress=F, allComplete=T, present(dataDepAllComplete)=T
20220911 030736.674 INFO             PET2         driver: finished resolving initialize data dependencies on this level.
20220911 030736.674 INFO             PET2       driver: loopDataDependentInitialize extro.
20220911 030736.674 INFO             PET2       driver: loopDataDependentInitialize() returned with dataDepAllComplete: T
20220911 030736.674 INFO             PET2     driver: InitializeIPDv02p5Data extro.
20220911 030736.674 INFO             PET2     <<<driver: leaving Initialize (phase=<none>) with current time:    0  1  1  0  0  0   0
20220911 030736.674 INFO             PET2   driver: InitializeIPDv02p5 extro.
20220911 030736.674 INFO             PET2 driver: InitializeP1 extro.
20220911 030736.674 INFO             PET2 driver: Run intro.
20220911 030736.674 INFO             PET2   >>>driver entered Run (phase=RunPhase1) with current time:    0  1  1  0  0  0   0
20220911 030736.674 INFO             PET2   driver: after lable_SetRunClock, current time:    0  1  1  0  0  0   0
20220911 030736.674 INFO             PET2   driver: begin -------> RunSequence.
20220911 030736.674 INFO             PET2     driver: RunSequence event loopLevel=   1  levelMember=   1  loopIteration=   1, current time:    0  1  1  0  0  0   0
20220911 030736.674 INFO             PET2     MODEL: Run intro.
20220911 030736.674 INFO             PET2       >>>MODEL: entered Run (phase=RunPhase1) with current time:    0  1  1  0  0  0   0
20220911 030736.674 INFO             PET2       MODEL: time step-loop starting, current time:    0  1  1  0  0  0   0
20220911 030736.674 INFO             PET2       thread_num=   0   currentSsiPe=   1   num_threads=   3   max_threads=   3   num_procs=   2
20220911 030736.675 INFO             PET2       thread_num=   1   currentSsiPe=  41   num_threads=   3   max_threads=   3   num_procs=   2
20220911 030736.675 INFO             PET2       thread_num=   2   currentSsiPe=   1   num_threads=   3   max_threads=   3   num_procs=   2
20220911 030736.675 INFO             PET2       ---->Advancing Model from:    0  1  1  0  0  0   0
20220911 030736.675 INFO             PET2       ---------------------> to:    0  1  1  0  0 30   0
20220911 030736.675 INFO             PET2       MODEL: time step-loop ending,   current time:    0  1  1  0  0 30   0
20220911 030736.675 INFO             PET2       <<<MODEL: leaving Run (phase=RunPhase1) with current time:    0  1  1  0  0 30   0
20220911 030736.675 INFO             PET2     MODEL: Run extro.
20220911 030736.675 INFO             PET2     driver: RunSequence event loopLevel=   1  levelMember=   1  loopIteration=   2, current time:    0  1  1  0  0 30   0
20220911 030736.675 INFO             PET2     MODEL: Run intro.
20220911 030736.675 INFO             PET2       >>>MODEL: entered Run (phase=RunPhase1) with current time:    0  1  1  0  0 30   0
20220911 030736.675 INFO             PET2       MODEL: time step-loop starting, current time:    0  1  1  0  0 30   0
20220911 030736.675 INFO             PET2       thread_num=   2   currentSsiPe=   1   num_threads=   3   max_threads=   3   num_procs=   2
20220911 030736.675 INFO             PET2       thread_num=   1   currentSsiPe=  41   num_threads=   3   max_threads=   3   num_procs=   2
20220911 030736.675 INFO             PET2       thread_num=   0   currentSsiPe=   1   num_threads=   3   max_threads=   3   num_procs=   2
20220911 030736.675 INFO             PET2       ---->Advancing Model from:    0  1  1  0  0 30   0
20220911 030736.675 INFO             PET2       ---------------------> to:    0  1  1  0  1  0   0
20220911 030736.675 INFO             PET2       MODEL: time step-loop ending,   current time:    0  1  1  0  1  0   0
20220911 030736.675 INFO             PET2       <<<MODEL: leaving Run (phase=RunPhase1) with current time:    0  1  1  0  1  0   0
20220911 030736.675 INFO             PET2     MODEL: Run extro.
20220911 030736.675 INFO             PET2     driver: RunSequence event loopLevel=   1  levelMember=   1  loopIteration=   3, current time:    0  1  1  0  1  0   0
20220911 030736.675 INFO             PET2     MODEL: Run intro.
20220911 030736.675 INFO             PET2       >>>MODEL: entered Run (phase=RunPhase1) with current time:    0  1  1  0  1  0   0
20220911 030736.675 INFO             PET2       MODEL: time step-loop starting, current time:    0  1  1  0  1  0   0
20220911 030736.675 INFO             PET2       thread_num=   0   currentSsiPe=   1   num_threads=   3   max_threads=   3   num_procs=   2
20220911 030736.675 INFO             PET2       thread_num=   2   currentSsiPe=  41   num_threads=   3   max_threads=   3   num_procs=   2
20220911 030736.675 INFO             PET2       thread_num=   1   currentSsiPe=   1   num_threads=   3   max_threads=   3   num_procs=   2
20220911 030736.675 INFO             PET2       ---->Advancing Model from:    0  1  1  0  1  0   0
20220911 030736.675 INFO             PET2       ---------------------> to:    0  1  1  0  1 30   0
20220911 030736.675 INFO             PET2       MODEL: time step-loop ending,   current time:    0  1  1  0  1 30   0
20220911 030736.675 INFO             PET2       <<<MODEL: leaving Run (phase=RunPhase1) with current time:    0  1  1  0  1 30   0
20220911 030736.675 INFO             PET2     MODEL: Run extro.
20220911 030736.675 INFO             PET2     driver: RunSequence event loopLevel=   1  levelMember=   1  loopIteration=   4, current time:    0  1  1  0  1 30   0
20220911 030736.675 INFO             PET2     MODEL: Run intro.
20220911 030736.675 INFO             PET2       >>>MODEL: entered Run (phase=RunPhase1) with current time:    0  1  1  0  1 30   0
20220911 030736.675 INFO             PET2       MODEL: time step-loop starting, current time:    0  1  1  0  1 30   0
20220911 030736.675 INFO             PET2       thread_num=   2   currentSsiPe=  41   num_threads=   3   max_threads=   3   num_procs=   2
20220911 030736.675 INFO             PET2       thread_num=   1   currentSsiPe=   1   num_threads=   3   max_threads=   3   num_procs=   2
20220911 030736.675 INFO             PET2       thread_num=   0   currentSsiPe=  41   num_threads=   3   max_threads=   3   num_procs=   2
20220911 030736.675 INFO             PET2       ---->Advancing Model from:    0  1  1  0  1 30   0
20220911 030736.675 INFO             PET2       ---------------------> to:    0  1  1  0  2  0   0
20220911 030736.676 INFO             PET2       MODEL: time step-loop ending,   current time:    0  1  1  0  2  0   0
20220911 030736.676 INFO             PET2       <<<MODEL: leaving Run (phase=RunPhase1) with current time:    0  1  1  0  2  0   0
20220911 030736.676 INFO             PET2     MODEL: Run extro.
20220911 030736.676 INFO             PET2     driver: RunSequence event loopLevel=   1  levelMember=   1  loopIteration=   5, current time:    0  1  1  0  2  0   0
20220911 030736.676 INFO             PET2     MODEL: Run intro.
20220911 030736.676 INFO             PET2       >>>MODEL: entered Run (phase=RunPhase1) with current time:    0  1  1  0  2  0   0
20220911 030736.676 INFO             PET2       MODEL: time step-loop starting, current time:    0  1  1  0  2  0   0
20220911 030736.676 INFO             PET2       thread_num=   0   currentSsiPe=  41   num_threads=   3   max_threads=   3   num_procs=   2
20220911 030736.676 INFO             PET2       thread_num=   2   currentSsiPe=   1   num_threads=   3   max_threads=   3   num_procs=   2
20220911 030736.676 INFO             PET2       thread_num=   1   currentSsiPe=  41   num_threads=   3   max_threads=   3   num_procs=   2
20220911 030736.676 INFO             PET2       ---->Advancing Model from:    0  1  1  0  2  0   0
20220911 030736.676 INFO             PET2       ---------------------> to:    0  1  1  0  2 30   0
20220911 030736.676 INFO             PET2       MODEL: time step-loop ending,   current time:    0  1  1  0  2 30   0
20220911 030736.676 INFO             PET2       <<<MODEL: leaving Run (phase=RunPhase1) with current time:    0  1  1  0  2 30   0
20220911 030736.676 INFO             PET2     MODEL: Run extro.
20220911 030736.676 INFO             PET2   driver: end <--------- RunSequence
20220911 030736.676 INFO             PET2   <<<driver - leaving Run with current time:    0  1  1  0  2 30   0
20220911 030736.676 INFO             PET2 driver: Run extro.
20220911 030736.676 INFO             PET2 driver: Finalize intro.
20220911 030736.676 INFO             PET2   Calling Finalize phase 1 for modelComp: MODEL
20220911 030736.676 INFO             PET2   MODEL: Finalize intro.
20220911 030736.676 INFO             PET2     >>>MODEL: entered Finalize (phase=FinalizePhase1) with current time:    0  1  1  0  2 30   0
20220911 030736.676 INFO             PET2     <<<MODEL: leaving Finalize (phase=FinalizePhase1) with current time:    0  1  1  0  2 30   0
20220911 030736.676 INFO             PET2   MODEL: Finalize extro.
20220911 030736.676 INFO             PET2   Delete modelComp: MODEL
20220911 030736.676 INFO             PET2   Delete Import-/Export State for modelComp: MODEL
20220911 030736.676 INFO             PET2 driver: Finalize extro.
20220911 030736.676 INFO             PET2 mainApp FINISHED
20220911 030736.676 INFO             PET2 Finalizing ESMF
20220911 030736.646 INFO             PET3 !!!!!!!!!!!!!!!!!!!!!!!!!!!!!!!!!!!!!!!!!!!!!!!!!!!!!!
20220911 030736.646 INFO             PET3 !!! THE ESMF_LOG IS SET TO OUTPUT ALL LOG MESSAGES !!!
20220911 030736.646 INFO             PET3 !!!     THIS MAY CAUSE SLOWDOWN IN PERFORMANCE     !!!
20220911 030736.646 INFO             PET3 !!! FOR PRODUCTION RUNS, USE:                      !!!
20220911 030736.646 INFO             PET3 !!!                   ESMF_LOGKIND_Multi_On_Error  !!!
20220911 030736.646 INFO             PET3 !!!!!!!!!!!!!!!!!!!!!!!!!!!!!!!!!!!!!!!!!!!!!!!!!!!!!!
20220911 030736.646 INFO             PET3 Running with ESMF Version   : v8.3.1b05
20220911 030736.646 INFO             PET3 ESMF library build date/time: "Sep 11 2022" "02:36:24"
20220911 030736.646 INFO             PET3 ESMF library build location : /scratch1/NCEPDEV/stmp2/Rocky.Dunlap/esmf-testing/gfortran_9.2.0b_openmpi_g_patch_8.3.1/esmf
20220911 030736.646 INFO             PET3 ESMF_COMM                   : openmpi
20220911 030736.647 INFO             PET3 ESMF_MOAB                   : enabled
20220911 030736.647 INFO             PET3 ESMF_LAPACK                 : enabled
20220911 030736.647 INFO             PET3 ESMF_NETCDF                 : disabled
20220911 030736.647 INFO             PET3 ESMF_PNETCDF                : disabled
20220911 030736.647 INFO             PET3 ESMF_PIO                    : disabled
20220911 030736.647 INFO             PET3 ESMF_YAMLCPP                : enabled
20220911 030736.647 INFO             PET3 mainApp STARTING
20220911 030736.652 INFO             PET3 driver: InitializeP1 intro.
20220911 030736.652 INFO             PET3   driver: InitializeIPDv02p1 intro.
20220911 030736.652 INFO             PET3     >>>driver: entered Initialize (phase=<none>) without valid internal Clock.
20220911 030736.653 INFO             PET3     driver - Creating model component MODEL without petList.
20220911 030736.655 INFO             PET3      GridCompIsPetLocal:  T
20220911 030736.655 INFO             PET3      VmIsCreated:  T
20220911 030736.655 INFO             PET3      valid MPI_COMM with size=           4
20220911 030736.655 INFO             PET3     driver - Creating state: modelComp 1 Import State
20220911 030736.656 INFO             PET3     driver - Creating state: modelComp 1 Export State
20220911 030736.656 INFO             PET3     MODEL: InitializeP0 intro.
20220911 030736.656 INFO             PET3       >>>MODEL: entered Initialize (phase=<none>) without valid internal Clock.
20220911 030736.657 INFO             PET3       <<<MODEL: leaving Initialize (phase=<none>) without valid internal Clock.
20220911 030736.657 INFO             PET3     MODEL: InitializeP0 extro.
20220911 030736.660 INFO             PET3     driver: IInitAdvertise intro.
20220911 030736.660 INFO             PET3     driver: IInitAdvertise extro.
20220911 030736.660 INFO             PET3     MODEL: InitializeIPDvXp01 intro.
20220911 030736.660 INFO             PET3       >>>MODEL: entered Initialize (phase=IPDvXp01) without valid internal Clock.
20220911 030736.662 INFO             PET3       <<<MODEL: leaving Initialize (phase=IPDvXp01) without valid internal Clock.
20220911 030736.662 INFO             PET3     MODEL: InitializeIPDvXp01 extro.
20220911 030736.664 INFO             PET3     driver: IInitAdvertiseFinish intro.
20220911 030736.664 INFO             PET3     driver: IInitAdvertiseFinish extro.
20220911 030736.664 INFO             PET3     driver: IInitModifyCplLists intro.
20220911 030736.664 INFO             PET3     driver: IInitModifyCplLists extro.
20220911 030736.664 INFO             PET3     <<<driver: leaving Initialize (phase=<none>) with current time:    0  1  1  0  0  0   0
20220911 030736.664 INFO             PET3   driver: InitializeIPDv02p1 extro.
20220911 030736.664 INFO             PET3   driver: InitializeIPDv02p3 intro.
20220911 030736.664 INFO             PET3     >>>driver: entered Initialize (phase=<none>) with current time:    0  1  1  0  0  0   0
20220911 030736.664 INFO             PET3     driver: IInitCheck intro.
20220911 030736.664 INFO             PET3     driver: IInitCheck extro.
20220911 030736.664 INFO             PET3     MODEL: InitializeIPDvXp04 intro.
20220911 030736.664 INFO             PET3       >>>MODEL: entered Initialize (phase=IPDvXp04) without valid internal Clock.
20220911 030736.668 INFO             PET3       After Realize: - MemInfo: [/proc/meminfo - SSI]	MemTotal:       97470692 kB
20220911 030736.668 INFO             PET3       After Realize: - MemInfo: [/proc/meminfo - SSI]	MemFree:        90892916 kB
20220911 030736.668 INFO             PET3       After Realize: - MemInfo: [/proc/meminfo - SSI]	MemAvailable:   92513348 kB
20220911 030736.668 INFO             PET3       After Realize: - MemInfo: [/proc/meminfo - SSI]	Committed_AS:     697964 kB
20220911 030736.668 INFO             PET3       After Realize: - MemInfo: [/proc/meminfo - SSI]	CommittedPercent: 0.716076 %
20220911 030736.668 INFO             PET3       After Realize: - MemInfo: [/proc/self/status]	VmPeak:	  397076 kB
20220911 030736.668 INFO             PET3       After Realize: - MemInfo: [/proc/self/status]	VmSize:	  355192 kB
20220911 030736.668 INFO             PET3       After Realize: - MemInfo: [/proc/self/status]	VmLck:	       0 kB
20220911 030736.668 INFO             PET3       After Realize: - MemInfo: [/proc/self/status]	VmPin:	   68020 kB
20220911 030736.668 INFO             PET3       After Realize: - MemInfo: [/proc/self/status]	VmHWM:	  113560 kB
20220911 030736.668 INFO             PET3       After Realize: - MemInfo: [/proc/self/status]	VmRSS:	   74672 kB
20220911 030736.668 INFO             PET3       After Realize: - MemInfo: [/proc/self/status]	VmData:	  146080 kB
20220911 030736.668 INFO             PET3       After Realize: - MemInfo: [/proc/self/status]	VmStk:	     140 kB
20220911 030736.668 INFO             PET3       After Realize: - MemInfo: [/proc/self/status]	VmExe:	      20 kB
20220911 030736.668 INFO             PET3       After Realize: - MemInfo: [/proc/self/status]	VmLib:	   70200 kB
20220911 030736.668 INFO             PET3       After Realize: - MemInfo: [/proc/self/status]	VmPTE:	     436 kB
20220911 030736.668 INFO             PET3       After Realize: - MemInfo: [/proc/self/status]	VmSwap:	       0 kB
20220911 030736.668 INFO             PET3       After Realize: - MemInfo: [/proc/self/status]	VmRSSPercent: 0.0766097 %
20220911 030736.668 INFO             PET3       After Realize: - MemInfo: [malloc] Non-mmapped space allocated:                 4190208 Byte
20220911 030736.668 INFO             PET3       After Realize: - MemInfo: [malloc] Space allocated in mmapped regions:          5914624 Byte
20220911 030736.668 INFO             PET3       After Realize: - MemInfo: [malloc] Maximum total allocated space:                     0 Byte
20220911 030736.668 INFO             PET3       After Realize: - MemInfo: [malloc] Space in freed fastbin blocks:                  3184 Byte
20220911 030736.668 INFO             PET3       After Realize: - MemInfo: [malloc] Total allocated space:                       3938416 Byte
20220911 030736.668 INFO             PET3       After Realize: - MemInfo: [malloc] Total free space:                             251792 Byte
20220911 030736.668 INFO             PET3       After Realize: - MemInfo: [malloc] Top-most, releasable space:                   121232 Byte
20220911 030736.668 INFO             PET3       After Realize: - MemInfo: [malloc] Total space in use, mmap + non-mmap:         9853040 Byte
20220911 030736.668 INFO             PET3       After Realize: - MemInfo: [malloc] Total space held (mmap + non-mmap):         10104832 Byte
20220911 030736.668 INFO             PET3       After Realize: - MemInfo: [malloc] Total space used (mmap + non-mmap):          9863280 Byte
20220911 030736.668 INFO             PET3       After Realize: - MemInfo: Wall-clock time since execution start:              0.0261237 seconds
20220911 030736.668 INFO             PET3       <<<MODEL: leaving Initialize (phase=IPDvXp04) without valid internal Clock.
20220911 030736.668 INFO             PET3     MODEL: InitializeIPDvXp04 extro.
20220911 030736.670 INFO             PET3     driver: IInitRealize intro.
20220911 030736.670 INFO             PET3     driver: IInitRealize extro.
20220911 030736.670 INFO             PET3     MODEL: InitializeIPDvXp07 intro.
20220911 030736.670 INFO             PET3       >>>MODEL: entered Initialize (phase=IPDvXp07) without valid internal Clock.
20220911 030736.670 INFO             PET3       <<<MODEL: leaving Initialize (phase=IPDvXp07) with current time:    0  1  1  0  0  0   0
20220911 030736.670 INFO             PET3     MODEL: InitializeIPDvXp07 extro.
20220911 030736.671 INFO             PET3     <<<driver: leaving Initialize (phase=<none>) with current time:    0  1  1  0  0  0   0
20220911 030736.671 INFO             PET3   driver: InitializeIPDv02p3 extro.
20220911 030736.671 INFO             PET3   driver: InitializeIPDv02p5 intro.
20220911 030736.671 INFO             PET3     >>>driver: entered Initialize (phase=<none>) with current time:    0  1  1  0  0  0   0
20220911 030736.671 INFO             PET3     driver: this is a top level driver, no 'Updated' and 'InitializeDataComplete' info on this level.
20220911 030736.671 INFO             PET3     driver: InitializeIPDv02p5Data intro.
20220911 030736.671 INFO             PET3       driver: InternalInitializeComplete intro.
20220911 030736.671 INFO             PET3         driver: InitializeDataComplete='true'
20220911 030736.671 INFO             PET3       driver: InternalInitializeComplete extro.
20220911 030736.671 INFO             PET3       MODEL: InitializeIPDvXp08 intro.
20220911 030736.671 INFO             PET3         >>>MODEL: entered Initialize (phase=IPDv05p8) with current time:    0  1  1  0  0  0   0
20220911 030736.671 INFO             PET3         MODEL: InitializeDataProgress='false', InitializeDataComplete='false'
20220911 030736.671 INFO             PET3         <<<MODEL: leaving Initialize (phase=IPDv05p8) with current time:    0  1  1  0  0  0   0
20220911 030736.671 INFO             PET3       MODEL: InitializeIPDvXp08 extro.
20220911 030736.672 INFO             PET3       driver: components present that trigger loopDataDependentInitialize().
20220911 030736.672 INFO             PET3       driver: loopDataDependentInitialize intro.
20220911 030736.673 INFO             PET3         driver: component    0=driver, dataComplete (local): true
20220911 030736.673 INFO             PET3         driver: component    0=driver, dataComplete (global): T
20220911 030736.673 INFO             PET3         driver: component    1=MODEL, dataComplete (local): false
20220911 030736.673 INFO             PET3         driver: component    1=MODEL, dataComplete (global): F
20220911 030736.673 INFO             PET3         MODEL: InitializeIPDvXp08 intro.
20220911 030736.673 INFO             PET3           >>>MODEL: entered Initialize (phase=IPDv05p8) with current time:    0  1  1  0  0  0   0
20220911 030736.673 INFO             PET3           MODEL: InitializeDataProgress='true', InitializeDataComplete='true'
20220911 030736.673 INFO             PET3           <<<MODEL: leaving Initialize (phase=IPDv05p8) with current time:    0  1  1  0  0  0   0
20220911 030736.673 INFO             PET3         MODEL: InitializeIPDvXp08 extro.
20220911 030736.674 INFO             PET3         driver: component    1=MODEL, someProgress (local): true
20220911 030736.674 INFO             PET3         driver: component    1=MODEL, someProgress (global): T
20220911 030736.674 INFO             PET3         driver: someProgress=T, allComplete=F, present(dataDepAllComplete)=T
20220911 030736.674 INFO             PET3         driver: component    0=driver, dataComplete (local): true
20220911 030736.674 INFO             PET3         driver: component    0=driver, dataComplete (global): T
20220911 030736.674 INFO             PET3         driver: component    1=MODEL, dataComplete (local): true
20220911 030736.674 INFO             PET3         driver: component    1=MODEL, dataComplete (global): T
20220911 030736.674 INFO             PET3         driver: someProgress=F, allComplete=T, present(dataDepAllComplete)=T
20220911 030736.674 INFO             PET3         driver: finished resolving initialize data dependencies on this level.
20220911 030736.674 INFO             PET3       driver: loopDataDependentInitialize extro.
20220911 030736.674 INFO             PET3       driver: loopDataDependentInitialize() returned with dataDepAllComplete: T
20220911 030736.674 INFO             PET3     driver: InitializeIPDv02p5Data extro.
20220911 030736.674 INFO             PET3     <<<driver: leaving Initialize (phase=<none>) with current time:    0  1  1  0  0  0   0
20220911 030736.674 INFO             PET3   driver: InitializeIPDv02p5 extro.
20220911 030736.674 INFO             PET3 driver: InitializeP1 extro.
20220911 030736.674 INFO             PET3 driver: Run intro.
20220911 030736.674 INFO             PET3   >>>driver entered Run (phase=RunPhase1) with current time:    0  1  1  0  0  0   0
20220911 030736.674 INFO             PET3   driver: after lable_SetRunClock, current time:    0  1  1  0  0  0   0
20220911 030736.674 INFO             PET3   driver: begin -------> RunSequence.
20220911 030736.674 INFO             PET3     driver: RunSequence event loopLevel=   1  levelMember=   1  loopIteration=   1, current time:    0  1  1  0  0  0   0
20220911 030736.674 INFO             PET3     MODEL: Run intro.
20220911 030736.674 INFO             PET3       >>>MODEL: entered Run (phase=RunPhase1) with current time:    0  1  1  0  0  0   0
20220911 030736.674 INFO             PET3       MODEL: time step-loop starting, current time:    0  1  1  0  0  0   0
20220911 030736.674 INFO             PET3       thread_num=   0   currentSsiPe=  21   num_threads=   3   max_threads=   3   num_procs=   2
20220911 030736.674 INFO             PET3       thread_num=   1   currentSsiPe=  61   num_threads=   3   max_threads=   3   num_procs=   2
20220911 030736.675 INFO             PET3       thread_num=   2   currentSsiPe=  21   num_threads=   3   max_threads=   3   num_procs=   2
20220911 030736.675 INFO             PET3       ---->Advancing Model from:    0  1  1  0  0  0   0
20220911 030736.675 INFO             PET3       ---------------------> to:    0  1  1  0  0 30   0
20220911 030736.675 INFO             PET3       MODEL: time step-loop ending,   current time:    0  1  1  0  0 30   0
20220911 030736.675 INFO             PET3       <<<MODEL: leaving Run (phase=RunPhase1) with current time:    0  1  1  0  0 30   0
20220911 030736.675 INFO             PET3     MODEL: Run extro.
20220911 030736.675 INFO             PET3     driver: RunSequence event loopLevel=   1  levelMember=   1  loopIteration=   2, current time:    0  1  1  0  0 30   0
20220911 030736.675 INFO             PET3     MODEL: Run intro.
20220911 030736.675 INFO             PET3       >>>MODEL: entered Run (phase=RunPhase1) with current time:    0  1  1  0  0 30   0
20220911 030736.675 INFO             PET3       MODEL: time step-loop starting, current time:    0  1  1  0  0 30   0
20220911 030736.675 INFO             PET3       thread_num=   2   currentSsiPe=  21   num_threads=   3   max_threads=   3   num_procs=   2
20220911 030736.675 INFO             PET3       thread_num=   1   currentSsiPe=  61   num_threads=   3   max_threads=   3   num_procs=   2
20220911 030736.675 INFO             PET3       thread_num=   0   currentSsiPe=  21   num_threads=   3   max_threads=   3   num_procs=   2
20220911 030736.675 INFO             PET3       ---->Advancing Model from:    0  1  1  0  0 30   0
20220911 030736.675 INFO             PET3       ---------------------> to:    0  1  1  0  1  0   0
20220911 030736.675 INFO             PET3       MODEL: time step-loop ending,   current time:    0  1  1  0  1  0   0
20220911 030736.675 INFO             PET3       <<<MODEL: leaving Run (phase=RunPhase1) with current time:    0  1  1  0  1  0   0
20220911 030736.675 INFO             PET3     MODEL: Run extro.
20220911 030736.675 INFO             PET3     driver: RunSequence event loopLevel=   1  levelMember=   1  loopIteration=   3, current time:    0  1  1  0  1  0   0
20220911 030736.675 INFO             PET3     MODEL: Run intro.
20220911 030736.675 INFO             PET3       >>>MODEL: entered Run (phase=RunPhase1) with current time:    0  1  1  0  1  0   0
20220911 030736.675 INFO             PET3       MODEL: time step-loop starting, current time:    0  1  1  0  1  0   0
20220911 030736.675 INFO             PET3       thread_num=   0   currentSsiPe=  21   num_threads=   3   max_threads=   3   num_procs=   2
20220911 030736.675 INFO             PET3       thread_num=   2   currentSsiPe=  61   num_threads=   3   max_threads=   3   num_procs=   2
20220911 030736.675 INFO             PET3       thread_num=   1   currentSsiPe=  21   num_threads=   3   max_threads=   3   num_procs=   2
20220911 030736.675 INFO             PET3       ---->Advancing Model from:    0  1  1  0  1  0   0
20220911 030736.675 INFO             PET3       ---------------------> to:    0  1  1  0  1 30   0
20220911 030736.675 INFO             PET3       MODEL: time step-loop ending,   current time:    0  1  1  0  1 30   0
20220911 030736.675 INFO             PET3       <<<MODEL: leaving Run (phase=RunPhase1) with current time:    0  1  1  0  1 30   0
20220911 030736.675 INFO             PET3     MODEL: Run extro.
20220911 030736.675 INFO             PET3     driver: RunSequence event loopLevel=   1  levelMember=   1  loopIteration=   4, current time:    0  1  1  0  1 30   0
20220911 030736.675 INFO             PET3     MODEL: Run intro.
20220911 030736.675 INFO             PET3       >>>MODEL: entered Run (phase=RunPhase1) with current time:    0  1  1  0  1 30   0
20220911 030736.675 INFO             PET3       MODEL: time step-loop starting, current time:    0  1  1  0  1 30   0
20220911 030736.675 INFO             PET3       thread_num=   2   currentSsiPe=  61   num_threads=   3   max_threads=   3   num_procs=   2
20220911 030736.675 INFO             PET3       thread_num=   1   currentSsiPe=  21   num_threads=   3   max_threads=   3   num_procs=   2
20220911 030736.675 INFO             PET3       thread_num=   0   currentSsiPe=  61   num_threads=   3   max_threads=   3   num_procs=   2
20220911 030736.675 INFO             PET3       ---->Advancing Model from:    0  1  1  0  1 30   0
20220911 030736.675 INFO             PET3       ---------------------> to:    0  1  1  0  2  0   0
20220911 030736.675 INFO             PET3       MODEL: time step-loop ending,   current time:    0  1  1  0  2  0   0
20220911 030736.675 INFO             PET3       <<<MODEL: leaving Run (phase=RunPhase1) with current time:    0  1  1  0  2  0   0
20220911 030736.675 INFO             PET3     MODEL: Run extro.
20220911 030736.676 INFO             PET3     driver: RunSequence event loopLevel=   1  levelMember=   1  loopIteration=   5, current time:    0  1  1  0  2  0   0
20220911 030736.676 INFO             PET3     MODEL: Run intro.
20220911 030736.676 INFO             PET3       >>>MODEL: entered Run (phase=RunPhase1) with current time:    0  1  1  0  2  0   0
20220911 030736.676 INFO             PET3       MODEL: time step-loop starting, current time:    0  1  1  0  2  0   0
20220911 030736.676 INFO             PET3       thread_num=   0   currentSsiPe=  61   num_threads=   3   max_threads=   3   num_procs=   2
20220911 030736.676 INFO             PET3       thread_num=   2   currentSsiPe=  21   num_threads=   3   max_threads=   3   num_procs=   2
20220911 030736.676 INFO             PET3       thread_num=   1   currentSsiPe=  61   num_threads=   3   max_threads=   3   num_procs=   2
20220911 030736.676 INFO             PET3       ---->Advancing Model from:    0  1  1  0  2  0   0
20220911 030736.676 INFO             PET3       ---------------------> to:    0  1  1  0  2 30   0
20220911 030736.676 INFO             PET3       MODEL: time step-loop ending,   current time:    0  1  1  0  2 30   0
20220911 030736.676 INFO             PET3       <<<MODEL: leaving Run (phase=RunPhase1) with current time:    0  1  1  0  2 30   0
20220911 030736.676 INFO             PET3     MODEL: Run extro.
20220911 030736.676 INFO             PET3   driver: end <--------- RunSequence
20220911 030736.676 INFO             PET3   <<<driver - leaving Run with current time:    0  1  1  0  2 30   0
20220911 030736.676 INFO             PET3 driver: Run extro.
20220911 030736.676 INFO             PET3 driver: Finalize intro.
20220911 030736.676 INFO             PET3   Calling Finalize phase 1 for modelComp: MODEL
20220911 030736.676 INFO             PET3   MODEL: Finalize intro.
20220911 030736.676 INFO             PET3     >>>MODEL: entered Finalize (phase=FinalizePhase1) with current time:    0  1  1  0  2 30   0
20220911 030736.676 INFO             PET3     <<<MODEL: leaving Finalize (phase=FinalizePhase1) with current time:    0  1  1  0  2 30   0
20220911 030736.676 INFO             PET3   MODEL: Finalize extro.
20220911 030736.676 INFO             PET3   Delete modelComp: MODEL
20220911 030736.676 INFO             PET3   Delete Import-/Export State for modelComp: MODEL
20220911 030736.676 INFO             PET3 driver: Finalize extro.
20220911 030736.676 INFO             PET3 mainApp FINISHED
20220911 030736.676 INFO             PET3 Finalizing ESMF
