2022-09-15 00:41:12
20220915 023518.064 INFO             PET0 !!!!!!!!!!!!!!!!!!!!!!!!!!!!!!!!!!!!!!!!!!!!!!!!!!!!!!
20220915 023518.064 INFO             PET0 !!! THE ESMF_LOG IS SET TO OUTPUT ALL LOG MESSAGES !!!
20220915 023518.064 INFO             PET0 !!!     THIS MAY CAUSE SLOWDOWN IN PERFORMANCE     !!!
20220915 023518.064 INFO             PET0 !!! FOR PRODUCTION RUNS, USE:                      !!!
20220915 023518.064 INFO             PET0 !!!                   ESMF_LOGKIND_Multi_On_Error  !!!
20220915 023518.064 INFO             PET0 !!!!!!!!!!!!!!!!!!!!!!!!!!!!!!!!!!!!!!!!!!!!!!!!!!!!!!
20220915 023518.064 INFO             PET0 Running with ESMF Version   : v8.4.0b13-32-g4d665c296a
20220915 023518.064 INFO             PET0 ESMF library build date/time: "Sep 15 2022" "00:39:30"
20220915 023518.064 INFO             PET0 ESMF library build location : /lustre/f2/dev/Mark.Potts/esmf-test/gfortran_8.3.0_mpi_g_develop/esmf
20220915 023518.064 INFO             PET0 ESMF_COMM                   : mpi
20220915 023518.065 INFO             PET0 ESMF_MOAB                   : enabled
20220915 023518.065 INFO             PET0 ESMF_LAPACK                 : enabled
20220915 023518.065 INFO             PET0 ESMF_NETCDF                 : enabled
20220915 023518.065 INFO             PET0 ESMF_PNETCDF                : disabled
20220915 023518.065 INFO             PET0 ESMF_PIO                    : enabled
20220915 023518.065 INFO             PET0 ESMF_YAMLCPP                : enabled
20220915 023518.066 INFO             PET0 mainApp STARTING
20220915 023518.131 INFO             PET0 driver: InitializeGeneric intro.
20220915 023518.131 INFO             PET0   driver: InitializeP0 intro.
20220915 023518.131 INFO             PET0   driver: InitializeP0 extro.
20220915 023518.131 INFO             PET0   driver: InitializeIPDv02p1 intro.
20220915 023518.131 INFO             PET0     >>>driver: entered Initialize (phase=<none>) without valid internal Clock.
20220915 023518.136 INFO             PET0     driver - Creating model component MODEL without petList.
20220915 023518.138 INFO             PET0      GridCompIsPetLocal:  T
20220915 023518.138 INFO             PET0      VmIsCreated:  T
20220915 023518.138 INFO             PET0      valid MPI_COMM with size=           4
20220915 023518.138 INFO             PET0     driver - Creating state: modelComp 1 Import State
20220915 023518.138 INFO             PET0     driver - Creating state: modelComp 1 Export State
20220915 023518.139 INFO             PET0     MODEL: InitializeP0 intro.
20220915 023518.139 INFO             PET0       >>>MODEL: entered Initialize (phase=<none>) without valid internal Clock.
20220915 023518.140 INFO             PET0       <<<MODEL: leaving Initialize (phase=<none>) without valid internal Clock.
20220915 023518.140 INFO             PET0     MODEL: InitializeP0 extro.
20220915 023518.141 INFO             PET0     driver: IInitAdvertise intro.
20220915 023518.141 INFO             PET0     driver: IInitAdvertise extro.
20220915 023518.141 INFO             PET0     MODEL: InitializeIPDvXp01 intro.
20220915 023518.141 INFO             PET0       >>>MODEL: entered Initialize (phase=IPDvXp01) without valid internal Clock.
20220915 023518.143 INFO             PET0       <<<MODEL: leaving Initialize (phase=IPDvXp01) without valid internal Clock.
20220915 023518.143 INFO             PET0     MODEL: InitializeIPDvXp01 extro.
20220915 023518.143 INFO             PET0     driver: IInitAdvertiseFinish intro.
20220915 023518.143 INFO             PET0     driver: IInitAdvertiseFinish extro.
20220915 023518.143 INFO             PET0     driver: IInitModifyCplLists intro.
20220915 023518.144 INFO             PET0     driver: IInitModifyCplLists extro.
20220915 023518.144 INFO             PET0     <<<driver: leaving Initialize (phase=<none>) with current time:    0  1  1  0  0  0   0
20220915 023518.144 INFO             PET0   driver: InitializeIPDv02p1 extro.
20220915 023518.144 INFO             PET0   driver: InitializeIPDv02p3 intro.
20220915 023518.144 INFO             PET0     >>>driver: entered Initialize (phase=<none>) with current time:    0  1  1  0  0  0   0
20220915 023518.144 INFO             PET0     driver: IInitCheck intro.
20220915 023518.144 INFO             PET0     driver: IInitCheck extro.
20220915 023518.144 INFO             PET0     MODEL: InitializeIPDvXp04 intro.
20220915 023518.144 INFO             PET0       >>>MODEL: entered Initialize (phase=IPDvXp04) without valid internal Clock.
20220915 023518.147 INFO             PET0       After Realize: - MemInfo: [/proc/meminfo - SSI]	MemTotal:       131916140 kB
20220915 023518.147 INFO             PET0       After Realize: - MemInfo: [/proc/meminfo - SSI]	MemFree:        126885708 kB
20220915 023518.147 INFO             PET0       After Realize: - MemInfo: [/proc/meminfo - SSI]	MemAvailable:   126671252 kB
20220915 023518.147 INFO             PET0       After Realize: - MemInfo: [/proc/meminfo - SSI]	Committed_AS:    2718672 kB
20220915 023518.147 INFO             PET0       After Realize: - MemInfo: [/proc/meminfo - SSI]	CommittedPercent: 2.06091 %
20220915 023518.147 INFO             PET0       After Realize: - MemInfo: [/proc/self/status]	VmPeak:	   79108 kB
20220915 023518.147 INFO             PET0       After Realize: - MemInfo: [/proc/self/status]	VmSize:	   79108 kB
20220915 023518.147 INFO             PET0       After Realize: - MemInfo: [/proc/self/status]	VmLck:	       0 kB
20220915 023518.147 INFO             PET0       After Realize: - MemInfo: [/proc/self/status]	VmPin:	       0 kB
20220915 023518.147 INFO             PET0       After Realize: - MemInfo: [/proc/self/status]	VmHWM:	   13308 kB
20220915 023518.147 INFO             PET0       After Realize: - MemInfo: [/proc/self/status]	VmRSS:	   13308 kB
20220915 023518.147 INFO             PET0       After Realize: - MemInfo: [/proc/self/status]	VmData:	   10064 kB
20220915 023518.147 INFO             PET0       After Realize: - MemInfo: [/proc/self/status]	VmStk:	     184 kB
20220915 023518.147 INFO             PET0       After Realize: - MemInfo: [/proc/self/status]	VmExe:	   43464 kB
20220915 023518.147 INFO             PET0       After Realize: - MemInfo: [/proc/self/status]	VmLib:	    1952 kB
20220915 023518.147 INFO             PET0       After Realize: - MemInfo: [/proc/self/status]	VmPTE:	     144 kB
20220915 023518.147 INFO             PET0       After Realize: - MemInfo: [/proc/self/status]	VmPMD:	      12 kB
20220915 023518.147 INFO             PET0       After Realize: - MemInfo: [/proc/self/status]	VmSwap:	       0 kB
20220915 023518.147 INFO             PET0       After Realize: - MemInfo: [/proc/self/status]	VmRSSPercent: 0.0100882 %
20220915 023518.147 INFO             PET0       After Realize: - MemInfo: [malloc] Non-mmapped space allocated:                 1395008 Byte
20220915 023518.147 INFO             PET0       After Realize: - MemInfo: [malloc] Space allocated in mmapped regions:          4407296 Byte
20220915 023518.147 INFO             PET0       After Realize: - MemInfo: [malloc] Maximum total allocated space:                     0 Byte
20220915 023518.147 INFO             PET0       After Realize: - MemInfo: [malloc] Space in freed fastbin blocks:                  1232 Byte
20220915 023518.147 INFO             PET0       After Realize: - MemInfo: [malloc] Total allocated space:                       1296640 Byte
20220915 023518.147 INFO             PET0       After Realize: - MemInfo: [malloc] Total free space:                              98368 Byte
20220915 023518.147 INFO             PET0       After Realize: - MemInfo: [malloc] Top-most, releasable space:                    97136 Byte
20220915 023518.147 INFO             PET0       After Realize: - MemInfo: [malloc] Total space in use, mmap + non-mmap:         5703936 Byte
20220915 023518.147 INFO             PET0       After Realize: - MemInfo: [malloc] Total space held (mmap + non-mmap):          5802304 Byte
20220915 023518.147 INFO             PET0       After Realize: - MemInfo: [malloc] Total space used (mmap + non-mmap):          5713632 Byte
20220915 023518.147 INFO             PET0       After Realize: - MemInfo: Wall-clock time since execution start:              0.0899591 seconds
20220915 023518.147 INFO             PET0       <<<MODEL: leaving Initialize (phase=IPDvXp04) without valid internal Clock.
20220915 023518.147 INFO             PET0     MODEL: InitializeIPDvXp04 extro.
20220915 023518.148 INFO             PET0     driver: IInitRealize intro.
20220915 023518.148 INFO             PET0     driver: IInitRealize extro.
20220915 023518.148 INFO             PET0     MODEL: InitializeIPDvXp07 intro.
20220915 023518.148 INFO             PET0       >>>MODEL: entered Initialize (phase=IPDvXp07) without valid internal Clock.
20220915 023518.148 INFO             PET0       <<<MODEL: leaving Initialize (phase=IPDvXp07) with current time:    0  1  1  0  0  0   0
20220915 023518.148 INFO             PET0     MODEL: InitializeIPDvXp07 extro.
20220915 023518.148 INFO             PET0     <<<driver: leaving Initialize (phase=<none>) with current time:    0  1  1  0  0  0   0
20220915 023518.149 INFO             PET0   driver: InitializeIPDv02p3 extro.
20220915 023518.149 INFO             PET0   driver: InitializeIPDv02p5 intro.
20220915 023518.149 INFO             PET0     >>>driver: entered Initialize (phase=<none>) with current time:    0  1  1  0  0  0   0
20220915 023518.149 INFO             PET0     driver: this is a top level driver, no 'Updated' and 'InitializeDataComplete' info on this level.
20220915 023518.149 INFO             PET0     driver: InitializeIPDv02p5Data intro.
20220915 023518.149 INFO             PET0       driver: InternalInitializeComplete intro.
20220915 023518.149 INFO             PET0         driver: InitializeDataComplete='true'
20220915 023518.149 INFO             PET0       driver: InternalInitializeComplete extro.
20220915 023518.149 INFO             PET0       MODEL: InitializeIPDvXp08 intro.
20220915 023518.149 INFO             PET0         >>>MODEL: entered Initialize (phase=IPDv05p8) with current time:    0  1  1  0  0  0   0
20220915 023518.149 INFO             PET0         MODEL: InitializeDataProgress='false', InitializeDataComplete='false'
20220915 023518.149 INFO             PET0         <<<MODEL: leaving Initialize (phase=IPDv05p8) with current time:    0  1  1  0  0  0   0
20220915 023518.149 INFO             PET0       MODEL: InitializeIPDvXp08 extro.
20220915 023518.150 INFO             PET0       driver: components present that trigger loopDataDependentInitialize().
20220915 023518.150 INFO             PET0       driver: loopDataDependentInitialize intro.
20220915 023518.150 INFO             PET0         driver: component    0=driver, dataComplete (local): true
20220915 023518.150 INFO             PET0         driver: component    0=driver, dataComplete (global): T
20220915 023518.150 INFO             PET0         driver: component    1=MODEL, dataComplete (local): false
20220915 023518.150 INFO             PET0         driver: component    1=MODEL, dataComplete (global): F
20220915 023518.150 INFO             PET0         MODEL: InitializeIPDvXp08 intro.
20220915 023518.151 INFO             PET0           >>>MODEL: entered Initialize (phase=IPDv05p8) with current time:    0  1  1  0  0  0   0
20220915 023518.151 INFO             PET0           MODEL: InitializeDataProgress='true', InitializeDataComplete='true'
20220915 023518.151 INFO             PET0           <<<MODEL: leaving Initialize (phase=IPDv05p8) with current time:    0  1  1  0  0  0   0
20220915 023518.151 INFO             PET0         MODEL: InitializeIPDvXp08 extro.
20220915 023518.151 INFO             PET0         driver: component    1=MODEL, someProgress (local): true
20220915 023518.151 INFO             PET0         driver: component    1=MODEL, someProgress (global): T
20220915 023518.151 INFO             PET0         driver: someProgress=T, allComplete=F, present(dataDepAllComplete)=T
20220915 023518.151 INFO             PET0         driver: component    0=driver, dataComplete (local): true
20220915 023518.151 INFO             PET0         driver: component    0=driver, dataComplete (global): T
20220915 023518.151 INFO             PET0         driver: component    1=MODEL, dataComplete (local): true
20220915 023518.151 INFO             PET0         driver: component    1=MODEL, dataComplete (global): T
20220915 023518.151 INFO             PET0         driver: someProgress=F, allComplete=T, present(dataDepAllComplete)=T
20220915 023518.151 INFO             PET0         driver: finished resolving initialize data dependencies on this level.
20220915 023518.151 INFO             PET0       driver: loopDataDependentInitialize extro.
20220915 023518.151 INFO             PET0       driver: loopDataDependentInitialize() returned with dataDepAllComplete: T
20220915 023518.151 INFO             PET0     driver: InitializeIPDv02p5Data extro.
20220915 023518.151 INFO             PET0     <<<driver: leaving Initialize (phase=<none>) with current time:    0  1  1  0  0  0   0
20220915 023518.151 INFO             PET0   driver: InitializeIPDv02p5 extro.
20220915 023518.151 INFO             PET0 driver: InitializeGeneric extro.
20220915 023518.151 INFO             PET0 driver: Run intro.
20220915 023518.152 INFO             PET0   >>>driver entered Run (phase=RunPhase1) with current time:    0  1  1  0  0  0   0
20220915 023518.152 INFO             PET0   driver: after lable_SetRunClock, current time:    0  1  1  0  0  0   0
20220915 023518.152 INFO             PET0   driver: begin -------> RunSequence.
20220915 023518.152 INFO             PET0     driver: RunSequence event loopLevel=   1  levelMember=   1  loopIteration=   1, current time:    0  1  1  0  0  0   0
20220915 023518.152 INFO             PET0     MODEL: Run intro.
20220915 023518.152 INFO             PET0       >>>MODEL: entered Run (phase=RunPhase1) with current time:    0  1  1  0  0  0   0
20220915 023518.152 INFO             PET0       MODEL: time step-loop starting, current time:    0  1  1  0  0  0   0
20220915 023518.152 INFO             PET0       thread_num=   0   currentSsiPe=   0   num_threads=   3   max_threads=   3   num_procs=   2
20220915 023518.152 INFO             PET0       thread_num=   2   currentSsiPe=  36   num_threads=   3   max_threads=   3   num_procs=   2
20220915 023518.152 INFO             PET0       thread_num=   1   currentSsiPe=   0   num_threads=   3   max_threads=   3   num_procs=   2
20220915 023518.152 INFO             PET0       ---->Advancing Model from:    0  1  1  0  0  0   0
20220915 023518.152 INFO             PET0       ---------------------> to:    0  1  1  0  0 30   0
20220915 023518.152 INFO             PET0       MODEL: time step-loop ending,   current time:    0  1  1  0  0 30   0
20220915 023518.152 INFO             PET0       <<<MODEL: leaving Run (phase=RunPhase1) with current time:    0  1  1  0  0 30   0
20220915 023518.152 INFO             PET0     MODEL: Run extro.
20220915 023518.152 INFO             PET0     driver: RunSequence event loopLevel=   1  levelMember=   1  loopIteration=   2, current time:    0  1  1  0  0 30   0
20220915 023518.152 INFO             PET0     MODEL: Run intro.
20220915 023518.152 INFO             PET0       >>>MODEL: entered Run (phase=RunPhase1) with current time:    0  1  1  0  0 30   0
20220915 023518.152 INFO             PET0       MODEL: time step-loop starting, current time:    0  1  1  0  0 30   0
20220915 023518.152 INFO             PET0       thread_num=   0   currentSsiPe=  36   num_threads=   3   max_threads=   3   num_procs=   2
20220915 023518.152 INFO             PET0       thread_num=   1   currentSsiPe=   0   num_threads=   3   max_threads=   3   num_procs=   2
20220915 023518.152 INFO             PET0       thread_num=   2   currentSsiPe=  36   num_threads=   3   max_threads=   3   num_procs=   2
20220915 023518.152 INFO             PET0       ---->Advancing Model from:    0  1  1  0  0 30   0
20220915 023518.152 INFO             PET0       ---------------------> to:    0  1  1  0  1  0   0
20220915 023518.152 INFO             PET0       MODEL: time step-loop ending,   current time:    0  1  1  0  1  0   0
20220915 023518.152 INFO             PET0       <<<MODEL: leaving Run (phase=RunPhase1) with current time:    0  1  1  0  1  0   0
20220915 023518.152 INFO             PET0     MODEL: Run extro.
20220915 023518.152 INFO             PET0     driver: RunSequence event loopLevel=   1  levelMember=   1  loopIteration=   3, current time:    0  1  1  0  1  0   0
20220915 023518.152 INFO             PET0     MODEL: Run intro.
20220915 023518.152 INFO             PET0       >>>MODEL: entered Run (phase=RunPhase1) with current time:    0  1  1  0  1  0   0
20220915 023518.152 INFO             PET0       MODEL: time step-loop starting, current time:    0  1  1  0  1  0   0
20220915 023518.152 INFO             PET0       thread_num=   0   currentSsiPe=   0   num_threads=   3   max_threads=   3   num_procs=   2
20220915 023518.152 INFO             PET0       thread_num=   2   currentSsiPe=  36   num_threads=   3   max_threads=   3   num_procs=   2
20220915 023518.152 INFO             PET0       thread_num=   1   currentSsiPe=   0   num_threads=   3   max_threads=   3   num_procs=   2
20220915 023518.153 INFO             PET0       ---->Advancing Model from:    0  1  1  0  1  0   0
20220915 023518.153 INFO             PET0       ---------------------> to:    0  1  1  0  1 30   0
20220915 023518.153 INFO             PET0       MODEL: time step-loop ending,   current time:    0  1  1  0  1 30   0
20220915 023518.153 INFO             PET0       <<<MODEL: leaving Run (phase=RunPhase1) with current time:    0  1  1  0  1 30   0
20220915 023518.153 INFO             PET0     MODEL: Run extro.
20220915 023518.153 INFO             PET0     driver: RunSequence event loopLevel=   1  levelMember=   1  loopIteration=   4, current time:    0  1  1  0  1 30   0
20220915 023518.153 INFO             PET0     MODEL: Run intro.
20220915 023518.153 INFO             PET0       >>>MODEL: entered Run (phase=RunPhase1) with current time:    0  1  1  0  1 30   0
20220915 023518.153 INFO             PET0       MODEL: time step-loop starting, current time:    0  1  1  0  1 30   0
20220915 023518.153 INFO             PET0       thread_num=   0   currentSsiPe=  36   num_threads=   3   max_threads=   3   num_procs=   2
20220915 023518.153 INFO             PET0       thread_num=   1   currentSsiPe=   0   num_threads=   3   max_threads=   3   num_procs=   2
20220915 023518.153 INFO             PET0       thread_num=   2   currentSsiPe=  36   num_threads=   3   max_threads=   3   num_procs=   2
20220915 023518.153 INFO             PET0       ---->Advancing Model from:    0  1  1  0  1 30   0
20220915 023518.153 INFO             PET0       ---------------------> to:    0  1  1  0  2  0   0
20220915 023518.153 INFO             PET0       MODEL: time step-loop ending,   current time:    0  1  1  0  2  0   0
20220915 023518.153 INFO             PET0       <<<MODEL: leaving Run (phase=RunPhase1) with current time:    0  1  1  0  2  0   0
20220915 023518.153 INFO             PET0     MODEL: Run extro.
20220915 023518.153 INFO             PET0     driver: RunSequence event loopLevel=   1  levelMember=   1  loopIteration=   5, current time:    0  1  1  0  2  0   0
20220915 023518.153 INFO             PET0     MODEL: Run intro.
20220915 023518.153 INFO             PET0       >>>MODEL: entered Run (phase=RunPhase1) with current time:    0  1  1  0  2  0   0
20220915 023518.153 INFO             PET0       MODEL: time step-loop starting, current time:    0  1  1  0  2  0   0
20220915 023518.153 INFO             PET0       thread_num=   0   currentSsiPe=   0   num_threads=   3   max_threads=   3   num_procs=   2
20220915 023518.153 INFO             PET0       thread_num=   2   currentSsiPe=  36   num_threads=   3   max_threads=   3   num_procs=   2
20220915 023518.153 INFO             PET0       thread_num=   1   currentSsiPe=   0   num_threads=   3   max_threads=   3   num_procs=   2
20220915 023518.153 INFO             PET0       ---->Advancing Model from:    0  1  1  0  2  0   0
20220915 023518.153 INFO             PET0       ---------------------> to:    0  1  1  0  2 30   0
20220915 023518.153 INFO             PET0       MODEL: time step-loop ending,   current time:    0  1  1  0  2 30   0
20220915 023518.153 INFO             PET0       <<<MODEL: leaving Run (phase=RunPhase1) with current time:    0  1  1  0  2 30   0
20220915 023518.153 INFO             PET0     MODEL: Run extro.
20220915 023518.153 INFO             PET0   driver: end <--------- RunSequence
20220915 023518.153 INFO             PET0   <<<driver - leaving Run with current time:    0  1  1  0  2 30   0
20220915 023518.153 INFO             PET0 driver: Run extro.
20220915 023518.153 INFO             PET0 driver: Finalize intro.
20220915 023518.153 INFO             PET0   Calling Finalize phase 1 for modelComp: MODEL
20220915 023518.153 INFO             PET0   MODEL: Finalize intro.
20220915 023518.153 INFO             PET0     >>>MODEL: entered Finalize (phase=FinalizePhase1) with current time:    0  1  1  0  2 30   0
20220915 023518.153 INFO             PET0     <<<MODEL: leaving Finalize (phase=FinalizePhase1) with current time:    0  1  1  0  2 30   0
20220915 023518.153 INFO             PET0   MODEL: Finalize extro.
20220915 023518.153 INFO             PET0   Delete modelComp: MODEL
20220915 023518.153 INFO             PET0   Delete Import-/Export State for modelComp: MODEL
20220915 023518.153 INFO             PET0 driver: Finalize extro.
20220915 023518.153 INFO             PET0 mainApp FINISHED
20220915 023518.153 INFO             PET0 Finalizing ESMF
20220915 023518.064 INFO             PET1 !!!!!!!!!!!!!!!!!!!!!!!!!!!!!!!!!!!!!!!!!!!!!!!!!!!!!!
20220915 023518.064 INFO             PET1 !!! THE ESMF_LOG IS SET TO OUTPUT ALL LOG MESSAGES !!!
20220915 023518.064 INFO             PET1 !!!     THIS MAY CAUSE SLOWDOWN IN PERFORMANCE     !!!
20220915 023518.065 INFO             PET1 !!! FOR PRODUCTION RUNS, USE:                      !!!
20220915 023518.065 INFO             PET1 !!!                   ESMF_LOGKIND_Multi_On_Error  !!!
20220915 023518.065 INFO             PET1 !!!!!!!!!!!!!!!!!!!!!!!!!!!!!!!!!!!!!!!!!!!!!!!!!!!!!!
20220915 023518.065 INFO             PET1 Running with ESMF Version   : v8.4.0b13-32-g4d665c296a
20220915 023518.065 INFO             PET1 ESMF library build date/time: "Sep 15 2022" "00:39:30"
20220915 023518.065 INFO             PET1 ESMF library build location : /lustre/f2/dev/Mark.Potts/esmf-test/gfortran_8.3.0_mpi_g_develop/esmf
20220915 023518.065 INFO             PET1 ESMF_COMM                   : mpi
20220915 023518.065 INFO             PET1 ESMF_MOAB                   : enabled
20220915 023518.065 INFO             PET1 ESMF_LAPACK                 : enabled
20220915 023518.065 INFO             PET1 ESMF_NETCDF                 : enabled
20220915 023518.065 INFO             PET1 ESMF_PNETCDF                : disabled
20220915 023518.065 INFO             PET1 ESMF_PIO                    : enabled
20220915 023518.065 INFO             PET1 ESMF_YAMLCPP                : enabled
20220915 023518.066 INFO             PET1 mainApp STARTING
20220915 023518.136 INFO             PET1 driver: InitializeGeneric intro.
20220915 023518.136 INFO             PET1   driver: InitializeP0 intro.
20220915 023518.136 INFO             PET1   driver: InitializeP0 extro.
20220915 023518.136 INFO             PET1   driver: InitializeIPDv02p1 intro.
20220915 023518.136 INFO             PET1     >>>driver: entered Initialize (phase=<none>) without valid internal Clock.
20220915 023518.136 INFO             PET1     driver - Creating model component MODEL without petList.
20220915 023518.138 INFO             PET1      GridCompIsPetLocal:  T
20220915 023518.138 INFO             PET1      VmIsCreated:  T
20220915 023518.138 INFO             PET1      valid MPI_COMM with size=           4
20220915 023518.138 INFO             PET1     driver - Creating state: modelComp 1 Import State
20220915 023518.138 INFO             PET1     driver - Creating state: modelComp 1 Export State
20220915 023518.139 INFO             PET1     MODEL: InitializeP0 intro.
20220915 023518.139 INFO             PET1       >>>MODEL: entered Initialize (phase=<none>) without valid internal Clock.
20220915 023518.140 INFO             PET1       <<<MODEL: leaving Initialize (phase=<none>) without valid internal Clock.
20220915 023518.140 INFO             PET1     MODEL: InitializeP0 extro.
20220915 023518.141 INFO             PET1     driver: IInitAdvertise intro.
20220915 023518.141 INFO             PET1     driver: IInitAdvertise extro.
20220915 023518.141 INFO             PET1     MODEL: InitializeIPDvXp01 intro.
20220915 023518.141 INFO             PET1       >>>MODEL: entered Initialize (phase=IPDvXp01) without valid internal Clock.
20220915 023518.143 INFO             PET1       <<<MODEL: leaving Initialize (phase=IPDvXp01) without valid internal Clock.
20220915 023518.143 INFO             PET1     MODEL: InitializeIPDvXp01 extro.
20220915 023518.144 INFO             PET1     driver: IInitAdvertiseFinish intro.
20220915 023518.144 INFO             PET1     driver: IInitAdvertiseFinish extro.
20220915 023518.144 INFO             PET1     driver: IInitModifyCplLists intro.
20220915 023518.144 INFO             PET1     driver: IInitModifyCplLists extro.
20220915 023518.144 INFO             PET1     <<<driver: leaving Initialize (phase=<none>) with current time:    0  1  1  0  0  0   0
20220915 023518.144 INFO             PET1   driver: InitializeIPDv02p1 extro.
20220915 023518.144 INFO             PET1   driver: InitializeIPDv02p3 intro.
20220915 023518.144 INFO             PET1     >>>driver: entered Initialize (phase=<none>) with current time:    0  1  1  0  0  0   0
20220915 023518.144 INFO             PET1     driver: IInitCheck intro.
20220915 023518.144 INFO             PET1     driver: IInitCheck extro.
20220915 023518.144 INFO             PET1     MODEL: InitializeIPDvXp04 intro.
20220915 023518.144 INFO             PET1       >>>MODEL: entered Initialize (phase=IPDvXp04) without valid internal Clock.
20220915 023518.147 INFO             PET1       After Realize: - MemInfo: [/proc/meminfo - SSI]	MemTotal:       131916140 kB
20220915 023518.147 INFO             PET1       After Realize: - MemInfo: [/proc/meminfo - SSI]	MemFree:        126885708 kB
20220915 023518.147 INFO             PET1       After Realize: - MemInfo: [/proc/meminfo - SSI]	MemAvailable:   126671252 kB
20220915 023518.147 INFO             PET1       After Realize: - MemInfo: [/proc/meminfo - SSI]	Committed_AS:    2718672 kB
20220915 023518.147 INFO             PET1       After Realize: - MemInfo: [/proc/meminfo - SSI]	CommittedPercent: 2.06091 %
20220915 023518.147 INFO             PET1       After Realize: - MemInfo: [/proc/self/status]	VmPeak:	   79104 kB
20220915 023518.147 INFO             PET1       After Realize: - MemInfo: [/proc/self/status]	VmSize:	   79104 kB
20220915 023518.147 INFO             PET1       After Realize: - MemInfo: [/proc/self/status]	VmLck:	       0 kB
20220915 023518.147 INFO             PET1       After Realize: - MemInfo: [/proc/self/status]	VmPin:	       0 kB
20220915 023518.147 INFO             PET1       After Realize: - MemInfo: [/proc/self/status]	VmHWM:	   13236 kB
20220915 023518.147 INFO             PET1       After Realize: - MemInfo: [/proc/self/status]	VmRSS:	   13236 kB
20220915 023518.147 INFO             PET1       After Realize: - MemInfo: [/proc/self/status]	VmData:	   10060 kB
20220915 023518.147 INFO             PET1       After Realize: - MemInfo: [/proc/self/status]	VmStk:	     184 kB
20220915 023518.147 INFO             PET1       After Realize: - MemInfo: [/proc/self/status]	VmExe:	   43464 kB
20220915 023518.147 INFO             PET1       After Realize: - MemInfo: [/proc/self/status]	VmLib:	    1952 kB
20220915 023518.147 INFO             PET1       After Realize: - MemInfo: [/proc/self/status]	VmPTE:	     152 kB
20220915 023518.148 INFO             PET1       After Realize: - MemInfo: [/proc/self/status]	VmPMD:	      12 kB
20220915 023518.148 INFO             PET1       After Realize: - MemInfo: [/proc/self/status]	VmSwap:	       0 kB
20220915 023518.148 INFO             PET1       After Realize: - MemInfo: [/proc/self/status]	VmRSSPercent: 0.0100336 %
20220915 023518.148 INFO             PET1       After Realize: - MemInfo: [malloc] Non-mmapped space allocated:                 1390912 Byte
20220915 023518.148 INFO             PET1       After Realize: - MemInfo: [malloc] Space allocated in mmapped regions:          4407296 Byte
20220915 023518.148 INFO             PET1       After Realize: - MemInfo: [malloc] Maximum total allocated space:                     0 Byte
20220915 023518.148 INFO             PET1       After Realize: - MemInfo: [malloc] Space in freed fastbin blocks:                  1232 Byte
20220915 023518.148 INFO             PET1       After Realize: - MemInfo: [malloc] Total allocated space:                       1289104 Byte
20220915 023518.148 INFO             PET1       After Realize: - MemInfo: [malloc] Total free space:                             101808 Byte
20220915 023518.148 INFO             PET1       After Realize: - MemInfo: [malloc] Top-most, releasable space:                   100576 Byte
20220915 023518.148 INFO             PET1       After Realize: - MemInfo: [malloc] Total space in use, mmap + non-mmap:         5696400 Byte
20220915 023518.148 INFO             PET1       After Realize: - MemInfo: [malloc] Total space held (mmap + non-mmap):          5798208 Byte
20220915 023518.148 INFO             PET1       After Realize: - MemInfo: [malloc] Total space used (mmap + non-mmap):          5706096 Byte
20220915 023518.148 INFO             PET1       After Realize: - MemInfo: Wall-clock time since execution start:               0.090245 seconds
20220915 023518.148 INFO             PET1       <<<MODEL: leaving Initialize (phase=IPDvXp04) without valid internal Clock.
20220915 023518.148 INFO             PET1     MODEL: InitializeIPDvXp04 extro.
20220915 023518.148 INFO             PET1     driver: IInitRealize intro.
20220915 023518.148 INFO             PET1     driver: IInitRealize extro.
20220915 023518.148 INFO             PET1     MODEL: InitializeIPDvXp07 intro.
20220915 023518.149 INFO             PET1       >>>MODEL: entered Initialize (phase=IPDvXp07) without valid internal Clock.
20220915 023518.149 INFO             PET1       <<<MODEL: leaving Initialize (phase=IPDvXp07) with current time:    0  1  1  0  0  0   0
20220915 023518.149 INFO             PET1     MODEL: InitializeIPDvXp07 extro.
20220915 023518.149 INFO             PET1     <<<driver: leaving Initialize (phase=<none>) with current time:    0  1  1  0  0  0   0
20220915 023518.149 INFO             PET1   driver: InitializeIPDv02p3 extro.
20220915 023518.149 INFO             PET1   driver: InitializeIPDv02p5 intro.
20220915 023518.149 INFO             PET1     >>>driver: entered Initialize (phase=<none>) with current time:    0  1  1  0  0  0   0
20220915 023518.149 INFO             PET1     driver: this is a top level driver, no 'Updated' and 'InitializeDataComplete' info on this level.
20220915 023518.149 INFO             PET1     driver: InitializeIPDv02p5Data intro.
20220915 023518.149 INFO             PET1       driver: InternalInitializeComplete intro.
20220915 023518.149 INFO             PET1         driver: InitializeDataComplete='true'
20220915 023518.149 INFO             PET1       driver: InternalInitializeComplete extro.
20220915 023518.150 INFO             PET1       MODEL: InitializeIPDvXp08 intro.
20220915 023518.150 INFO             PET1         >>>MODEL: entered Initialize (phase=IPDv05p8) with current time:    0  1  1  0  0  0   0
20220915 023518.150 INFO             PET1         MODEL: InitializeDataProgress='false', InitializeDataComplete='false'
20220915 023518.150 INFO             PET1         <<<MODEL: leaving Initialize (phase=IPDv05p8) with current time:    0  1  1  0  0  0   0
20220915 023518.150 INFO             PET1       MODEL: InitializeIPDvXp08 extro.
20220915 023518.150 INFO             PET1       driver: components present that trigger loopDataDependentInitialize().
20220915 023518.150 INFO             PET1       driver: loopDataDependentInitialize intro.
20220915 023518.150 INFO             PET1         driver: component    0=driver, dataComplete (local): true
20220915 023518.150 INFO             PET1         driver: component    0=driver, dataComplete (global): T
20220915 023518.150 INFO             PET1         driver: component    1=MODEL, dataComplete (local): false
20220915 023518.150 INFO             PET1         driver: component    1=MODEL, dataComplete (global): F
20220915 023518.150 INFO             PET1         MODEL: InitializeIPDvXp08 intro.
20220915 023518.151 INFO             PET1           >>>MODEL: entered Initialize (phase=IPDv05p8) with current time:    0  1  1  0  0  0   0
20220915 023518.151 INFO             PET1           MODEL: InitializeDataProgress='true', InitializeDataComplete='true'
20220915 023518.151 INFO             PET1           <<<MODEL: leaving Initialize (phase=IPDv05p8) with current time:    0  1  1  0  0  0   0
20220915 023518.151 INFO             PET1         MODEL: InitializeIPDvXp08 extro.
20220915 023518.151 INFO             PET1         driver: component    1=MODEL, someProgress (local): true
20220915 023518.151 INFO             PET1         driver: component    1=MODEL, someProgress (global): T
20220915 023518.151 INFO             PET1         driver: someProgress=T, allComplete=F, present(dataDepAllComplete)=T
20220915 023518.151 INFO             PET1         driver: component    0=driver, dataComplete (local): true
20220915 023518.151 INFO             PET1         driver: component    0=driver, dataComplete (global): T
20220915 023518.151 INFO             PET1         driver: component    1=MODEL, dataComplete (local): true
20220915 023518.151 INFO             PET1         driver: component    1=MODEL, dataComplete (global): T
20220915 023518.151 INFO             PET1         driver: someProgress=F, allComplete=T, present(dataDepAllComplete)=T
20220915 023518.151 INFO             PET1         driver: finished resolving initialize data dependencies on this level.
20220915 023518.151 INFO             PET1       driver: loopDataDependentInitialize extro.
20220915 023518.151 INFO             PET1       driver: loopDataDependentInitialize() returned with dataDepAllComplete: T
20220915 023518.151 INFO             PET1     driver: InitializeIPDv02p5Data extro.
20220915 023518.151 INFO             PET1     <<<driver: leaving Initialize (phase=<none>) with current time:    0  1  1  0  0  0   0
20220915 023518.151 INFO             PET1   driver: InitializeIPDv02p5 extro.
20220915 023518.151 INFO             PET1 driver: InitializeGeneric extro.
20220915 023518.151 INFO             PET1 driver: Run intro.
20220915 023518.152 INFO             PET1   >>>driver entered Run (phase=RunPhase1) with current time:    0  1  1  0  0  0   0
20220915 023518.152 INFO             PET1   driver: after lable_SetRunClock, current time:    0  1  1  0  0  0   0
20220915 023518.152 INFO             PET1   driver: begin -------> RunSequence.
20220915 023518.152 INFO             PET1     driver: RunSequence event loopLevel=   1  levelMember=   1  loopIteration=   1, current time:    0  1  1  0  0  0   0
20220915 023518.152 INFO             PET1     MODEL: Run intro.
20220915 023518.152 INFO             PET1       >>>MODEL: entered Run (phase=RunPhase1) with current time:    0  1  1  0  0  0   0
20220915 023518.152 INFO             PET1       MODEL: time step-loop starting, current time:    0  1  1  0  0  0   0
20220915 023518.152 INFO             PET1       thread_num=   0   currentSsiPe=  18   num_threads=   3   max_threads=   3   num_procs=   2
20220915 023518.152 INFO             PET1       thread_num=   2   currentSsiPe=  54   num_threads=   3   max_threads=   3   num_procs=   2
20220915 023518.152 INFO             PET1       thread_num=   1   currentSsiPe=  18   num_threads=   3   max_threads=   3   num_procs=   2
20220915 023518.152 INFO             PET1       ---->Advancing Model from:    0  1  1  0  0  0   0
20220915 023518.152 INFO             PET1       ---------------------> to:    0  1  1  0  0 30   0
20220915 023518.152 INFO             PET1       MODEL: time step-loop ending,   current time:    0  1  1  0  0 30   0
20220915 023518.152 INFO             PET1       <<<MODEL: leaving Run (phase=RunPhase1) with current time:    0  1  1  0  0 30   0
20220915 023518.152 INFO             PET1     MODEL: Run extro.
20220915 023518.152 INFO             PET1     driver: RunSequence event loopLevel=   1  levelMember=   1  loopIteration=   2, current time:    0  1  1  0  0 30   0
20220915 023518.152 INFO             PET1     MODEL: Run intro.
20220915 023518.152 INFO             PET1       >>>MODEL: entered Run (phase=RunPhase1) with current time:    0  1  1  0  0 30   0
20220915 023518.152 INFO             PET1       MODEL: time step-loop starting, current time:    0  1  1  0  0 30   0
20220915 023518.152 INFO             PET1       thread_num=   0   currentSsiPe=  54   num_threads=   3   max_threads=   3   num_procs=   2
20220915 023518.152 INFO             PET1       thread_num=   1   currentSsiPe=  18   num_threads=   3   max_threads=   3   num_procs=   2
20220915 023518.152 INFO             PET1       thread_num=   2   currentSsiPe=  54   num_threads=   3   max_threads=   3   num_procs=   2
20220915 023518.152 INFO             PET1       ---->Advancing Model from:    0  1  1  0  0 30   0
20220915 023518.152 INFO             PET1       ---------------------> to:    0  1  1  0  1  0   0
20220915 023518.152 INFO             PET1       MODEL: time step-loop ending,   current time:    0  1  1  0  1  0   0
20220915 023518.152 INFO             PET1       <<<MODEL: leaving Run (phase=RunPhase1) with current time:    0  1  1  0  1  0   0
20220915 023518.152 INFO             PET1     MODEL: Run extro.
20220915 023518.152 INFO             PET1     driver: RunSequence event loopLevel=   1  levelMember=   1  loopIteration=   3, current time:    0  1  1  0  1  0   0
20220915 023518.152 INFO             PET1     MODEL: Run intro.
20220915 023518.153 INFO             PET1       >>>MODEL: entered Run (phase=RunPhase1) with current time:    0  1  1  0  1  0   0
20220915 023518.153 INFO             PET1       MODEL: time step-loop starting, current time:    0  1  1  0  1  0   0
20220915 023518.153 INFO             PET1       thread_num=   0   currentSsiPe=  18   num_threads=   3   max_threads=   3   num_procs=   2
20220915 023518.153 INFO             PET1       thread_num=   2   currentSsiPe=  54   num_threads=   3   max_threads=   3   num_procs=   2
20220915 023518.153 INFO             PET1       thread_num=   1   currentSsiPe=  18   num_threads=   3   max_threads=   3   num_procs=   2
20220915 023518.153 INFO             PET1       ---->Advancing Model from:    0  1  1  0  1  0   0
20220915 023518.153 INFO             PET1       ---------------------> to:    0  1  1  0  1 30   0
20220915 023518.153 INFO             PET1       MODEL: time step-loop ending,   current time:    0  1  1  0  1 30   0
20220915 023518.153 INFO             PET1       <<<MODEL: leaving Run (phase=RunPhase1) with current time:    0  1  1  0  1 30   0
20220915 023518.153 INFO             PET1     MODEL: Run extro.
20220915 023518.153 INFO             PET1     driver: RunSequence event loopLevel=   1  levelMember=   1  loopIteration=   4, current time:    0  1  1  0  1 30   0
20220915 023518.153 INFO             PET1     MODEL: Run intro.
20220915 023518.153 INFO             PET1       >>>MODEL: entered Run (phase=RunPhase1) with current time:    0  1  1  0  1 30   0
20220915 023518.153 INFO             PET1       MODEL: time step-loop starting, current time:    0  1  1  0  1 30   0
20220915 023518.153 INFO             PET1       thread_num=   0   currentSsiPe=  54   num_threads=   3   max_threads=   3   num_procs=   2
20220915 023518.153 INFO             PET1       thread_num=   1   currentSsiPe=  18   num_threads=   3   max_threads=   3   num_procs=   2
20220915 023518.153 INFO             PET1       thread_num=   2   currentSsiPe=  54   num_threads=   3   max_threads=   3   num_procs=   2
20220915 023518.153 INFO             PET1       ---->Advancing Model from:    0  1  1  0  1 30   0
20220915 023518.153 INFO             PET1       ---------------------> to:    0  1  1  0  2  0   0
20220915 023518.153 INFO             PET1       MODEL: time step-loop ending,   current time:    0  1  1  0  2  0   0
20220915 023518.153 INFO             PET1       <<<MODEL: leaving Run (phase=RunPhase1) with current time:    0  1  1  0  2  0   0
20220915 023518.153 INFO             PET1     MODEL: Run extro.
20220915 023518.153 INFO             PET1     driver: RunSequence event loopLevel=   1  levelMember=   1  loopIteration=   5, current time:    0  1  1  0  2  0   0
20220915 023518.153 INFO             PET1     MODEL: Run intro.
20220915 023518.153 INFO             PET1       >>>MODEL: entered Run (phase=RunPhase1) with current time:    0  1  1  0  2  0   0
20220915 023518.153 INFO             PET1       MODEL: time step-loop starting, current time:    0  1  1  0  2  0   0
20220915 023518.153 INFO             PET1       thread_num=   0   currentSsiPe=  18   num_threads=   3   max_threads=   3   num_procs=   2
20220915 023518.153 INFO             PET1       thread_num=   2   currentSsiPe=  54   num_threads=   3   max_threads=   3   num_procs=   2
20220915 023518.153 INFO             PET1       thread_num=   1   currentSsiPe=  18   num_threads=   3   max_threads=   3   num_procs=   2
20220915 023518.153 INFO             PET1       ---->Advancing Model from:    0  1  1  0  2  0   0
20220915 023518.153 INFO             PET1       ---------------------> to:    0  1  1  0  2 30   0
20220915 023518.153 INFO             PET1       MODEL: time step-loop ending,   current time:    0  1  1  0  2 30   0
20220915 023518.153 INFO             PET1       <<<MODEL: leaving Run (phase=RunPhase1) with current time:    0  1  1  0  2 30   0
20220915 023518.153 INFO             PET1     MODEL: Run extro.
20220915 023518.153 INFO             PET1   driver: end <--------- RunSequence
20220915 023518.153 INFO             PET1   <<<driver - leaving Run with current time:    0  1  1  0  2 30   0
20220915 023518.153 INFO             PET1 driver: Run extro.
20220915 023518.153 INFO             PET1 driver: Finalize intro.
20220915 023518.153 INFO             PET1   Calling Finalize phase 1 for modelComp: MODEL
20220915 023518.153 INFO             PET1   MODEL: Finalize intro.
20220915 023518.153 INFO             PET1     >>>MODEL: entered Finalize (phase=FinalizePhase1) with current time:    0  1  1  0  2 30   0
20220915 023518.153 INFO             PET1     <<<MODEL: leaving Finalize (phase=FinalizePhase1) with current time:    0  1  1  0  2 30   0
20220915 023518.153 INFO             PET1   MODEL: Finalize extro.
20220915 023518.153 INFO             PET1   Delete modelComp: MODEL
20220915 023518.153 INFO             PET1   Delete Import-/Export State for modelComp: MODEL
20220915 023518.153 INFO             PET1 driver: Finalize extro.
20220915 023518.153 INFO             PET1 mainApp FINISHED
20220915 023518.153 INFO             PET1 Finalizing ESMF
20220915 023518.065 INFO             PET2 !!!!!!!!!!!!!!!!!!!!!!!!!!!!!!!!!!!!!!!!!!!!!!!!!!!!!!
20220915 023518.065 INFO             PET2 !!! THE ESMF_LOG IS SET TO OUTPUT ALL LOG MESSAGES !!!
20220915 023518.065 INFO             PET2 !!!     THIS MAY CAUSE SLOWDOWN IN PERFORMANCE     !!!
20220915 023518.065 INFO             PET2 !!! FOR PRODUCTION RUNS, USE:                      !!!
20220915 023518.065 INFO             PET2 !!!                   ESMF_LOGKIND_Multi_On_Error  !!!
20220915 023518.065 INFO             PET2 !!!!!!!!!!!!!!!!!!!!!!!!!!!!!!!!!!!!!!!!!!!!!!!!!!!!!!
20220915 023518.065 INFO             PET2 Running with ESMF Version   : v8.4.0b13-32-g4d665c296a
20220915 023518.065 INFO             PET2 ESMF library build date/time: "Sep 15 2022" "00:39:30"
20220915 023518.065 INFO             PET2 ESMF library build location : /lustre/f2/dev/Mark.Potts/esmf-test/gfortran_8.3.0_mpi_g_develop/esmf
20220915 023518.065 INFO             PET2 ESMF_COMM                   : mpi
20220915 023518.065 INFO             PET2 ESMF_MOAB                   : enabled
20220915 023518.065 INFO             PET2 ESMF_LAPACK                 : enabled
20220915 023518.065 INFO             PET2 ESMF_NETCDF                 : enabled
20220915 023518.065 INFO             PET2 ESMF_PNETCDF                : disabled
20220915 023518.065 INFO             PET2 ESMF_PIO                    : enabled
20220915 023518.065 INFO             PET2 ESMF_YAMLCPP                : enabled
20220915 023518.066 INFO             PET2 mainApp STARTING
20220915 023518.132 INFO             PET2 driver: InitializeGeneric intro.
20220915 023518.132 INFO             PET2   driver: InitializeP0 intro.
20220915 023518.132 INFO             PET2   driver: InitializeP0 extro.
20220915 023518.132 INFO             PET2   driver: InitializeIPDv02p1 intro.
20220915 023518.132 INFO             PET2     >>>driver: entered Initialize (phase=<none>) without valid internal Clock.
20220915 023518.136 INFO             PET2     driver - Creating model component MODEL without petList.
20220915 023518.138 INFO             PET2      GridCompIsPetLocal:  T
20220915 023518.138 INFO             PET2      VmIsCreated:  T
20220915 023518.138 INFO             PET2      valid MPI_COMM with size=           4
20220915 023518.138 INFO             PET2     driver - Creating state: modelComp 1 Import State
20220915 023518.138 INFO             PET2     driver - Creating state: modelComp 1 Export State
20220915 023518.139 INFO             PET2     MODEL: InitializeP0 intro.
20220915 023518.139 INFO             PET2       >>>MODEL: entered Initialize (phase=<none>) without valid internal Clock.
20220915 023518.140 INFO             PET2       <<<MODEL: leaving Initialize (phase=<none>) without valid internal Clock.
20220915 023518.140 INFO             PET2     MODEL: InitializeP0 extro.
20220915 023518.141 INFO             PET2     driver: IInitAdvertise intro.
20220915 023518.141 INFO             PET2     driver: IInitAdvertise extro.
20220915 023518.141 INFO             PET2     MODEL: InitializeIPDvXp01 intro.
20220915 023518.141 INFO             PET2       >>>MODEL: entered Initialize (phase=IPDvXp01) without valid internal Clock.
20220915 023518.143 INFO             PET2       <<<MODEL: leaving Initialize (phase=IPDvXp01) without valid internal Clock.
20220915 023518.143 INFO             PET2     MODEL: InitializeIPDvXp01 extro.
20220915 023518.144 INFO             PET2     driver: IInitAdvertiseFinish intro.
20220915 023518.144 INFO             PET2     driver: IInitAdvertiseFinish extro.
20220915 023518.144 INFO             PET2     driver: IInitModifyCplLists intro.
20220915 023518.144 INFO             PET2     driver: IInitModifyCplLists extro.
20220915 023518.144 INFO             PET2     <<<driver: leaving Initialize (phase=<none>) with current time:    0  1  1  0  0  0   0
20220915 023518.144 INFO             PET2   driver: InitializeIPDv02p1 extro.
20220915 023518.144 INFO             PET2   driver: InitializeIPDv02p3 intro.
20220915 023518.144 INFO             PET2     >>>driver: entered Initialize (phase=<none>) with current time:    0  1  1  0  0  0   0
20220915 023518.144 INFO             PET2     driver: IInitCheck intro.
20220915 023518.144 INFO             PET2     driver: IInitCheck extro.
20220915 023518.144 INFO             PET2     MODEL: InitializeIPDvXp04 intro.
20220915 023518.144 INFO             PET2       >>>MODEL: entered Initialize (phase=IPDvXp04) without valid internal Clock.
20220915 023518.147 INFO             PET2       After Realize: - MemInfo: [/proc/meminfo - SSI]	MemTotal:       131916140 kB
20220915 023518.147 INFO             PET2       After Realize: - MemInfo: [/proc/meminfo - SSI]	MemFree:        126885708 kB
20220915 023518.147 INFO             PET2       After Realize: - MemInfo: [/proc/meminfo - SSI]	MemAvailable:   126671252 kB
20220915 023518.147 INFO             PET2       After Realize: - MemInfo: [/proc/meminfo - SSI]	Committed_AS:    2718672 kB
20220915 023518.147 INFO             PET2       After Realize: - MemInfo: [/proc/meminfo - SSI]	CommittedPercent: 2.06091 %
20220915 023518.147 INFO             PET2       After Realize: - MemInfo: [/proc/self/status]	VmPeak:	   79104 kB
20220915 023518.147 INFO             PET2       After Realize: - MemInfo: [/proc/self/status]	VmSize:	   79104 kB
20220915 023518.147 INFO             PET2       After Realize: - MemInfo: [/proc/self/status]	VmLck:	       0 kB
20220915 023518.147 INFO             PET2       After Realize: - MemInfo: [/proc/self/status]	VmPin:	       0 kB
20220915 023518.147 INFO             PET2       After Realize: - MemInfo: [/proc/self/status]	VmHWM:	   13284 kB
20220915 023518.147 INFO             PET2       After Realize: - MemInfo: [/proc/self/status]	VmRSS:	   13284 kB
20220915 023518.147 INFO             PET2       After Realize: - MemInfo: [/proc/self/status]	VmData:	   10060 kB
20220915 023518.147 INFO             PET2       After Realize: - MemInfo: [/proc/self/status]	VmStk:	     184 kB
20220915 023518.147 INFO             PET2       After Realize: - MemInfo: [/proc/self/status]	VmExe:	   43464 kB
20220915 023518.147 INFO             PET2       After Realize: - MemInfo: [/proc/self/status]	VmLib:	    1952 kB
20220915 023518.147 INFO             PET2       After Realize: - MemInfo: [/proc/self/status]	VmPTE:	     152 kB
20220915 023518.147 INFO             PET2       After Realize: - MemInfo: [/proc/self/status]	VmPMD:	      12 kB
20220915 023518.147 INFO             PET2       After Realize: - MemInfo: [/proc/self/status]	VmSwap:	       0 kB
20220915 023518.147 INFO             PET2       After Realize: - MemInfo: [/proc/self/status]	VmRSSPercent: 0.01007 %
20220915 023518.147 INFO             PET2       After Realize: - MemInfo: [malloc] Non-mmapped space allocated:                 1390912 Byte
20220915 023518.147 INFO             PET2       After Realize: - MemInfo: [malloc] Space allocated in mmapped regions:          4407296 Byte
20220915 023518.147 INFO             PET2       After Realize: - MemInfo: [malloc] Maximum total allocated space:                     0 Byte
20220915 023518.147 INFO             PET2       After Realize: - MemInfo: [malloc] Space in freed fastbin blocks:                  1232 Byte
20220915 023518.147 INFO             PET2       After Realize: - MemInfo: [malloc] Total allocated space:                       1287632 Byte
20220915 023518.147 INFO             PET2       After Realize: - MemInfo: [malloc] Total free space:                             103280 Byte
20220915 023518.147 INFO             PET2       After Realize: - MemInfo: [malloc] Top-most, releasable space:                   102048 Byte
20220915 023518.147 INFO             PET2       After Realize: - MemInfo: [malloc] Total space in use, mmap + non-mmap:         5694928 Byte
20220915 023518.147 INFO             PET2       After Realize: - MemInfo: [malloc] Total space held (mmap + non-mmap):          5798208 Byte
20220915 023518.147 INFO             PET2       After Realize: - MemInfo: [malloc] Total space used (mmap + non-mmap):          5704624 Byte
20220915 023518.147 INFO             PET2       After Realize: - MemInfo: Wall-clock time since execution start:               0.090014 seconds
20220915 023518.147 INFO             PET2       <<<MODEL: leaving Initialize (phase=IPDvXp04) without valid internal Clock.
20220915 023518.147 INFO             PET2     MODEL: InitializeIPDvXp04 extro.
20220915 023518.148 INFO             PET2     driver: IInitRealize intro.
20220915 023518.148 INFO             PET2     driver: IInitRealize extro.
20220915 023518.148 INFO             PET2     MODEL: InitializeIPDvXp07 intro.
20220915 023518.148 INFO             PET2       >>>MODEL: entered Initialize (phase=IPDvXp07) without valid internal Clock.
20220915 023518.148 INFO             PET2       <<<MODEL: leaving Initialize (phase=IPDvXp07) with current time:    0  1  1  0  0  0   0
20220915 023518.148 INFO             PET2     MODEL: InitializeIPDvXp07 extro.
20220915 023518.149 INFO             PET2     <<<driver: leaving Initialize (phase=<none>) with current time:    0  1  1  0  0  0   0
20220915 023518.149 INFO             PET2   driver: InitializeIPDv02p3 extro.
20220915 023518.149 INFO             PET2   driver: InitializeIPDv02p5 intro.
20220915 023518.149 INFO             PET2     >>>driver: entered Initialize (phase=<none>) with current time:    0  1  1  0  0  0   0
20220915 023518.149 INFO             PET2     driver: this is a top level driver, no 'Updated' and 'InitializeDataComplete' info on this level.
20220915 023518.149 INFO             PET2     driver: InitializeIPDv02p5Data intro.
20220915 023518.149 INFO             PET2       driver: InternalInitializeComplete intro.
20220915 023518.149 INFO             PET2         driver: InitializeDataComplete='true'
20220915 023518.149 INFO             PET2       driver: InternalInitializeComplete extro.
20220915 023518.149 INFO             PET2       MODEL: InitializeIPDvXp08 intro.
20220915 023518.149 INFO             PET2         >>>MODEL: entered Initialize (phase=IPDv05p8) with current time:    0  1  1  0  0  0   0
20220915 023518.149 INFO             PET2         MODEL: InitializeDataProgress='false', InitializeDataComplete='false'
20220915 023518.149 INFO             PET2         <<<MODEL: leaving Initialize (phase=IPDv05p8) with current time:    0  1  1  0  0  0   0
20220915 023518.149 INFO             PET2       MODEL: InitializeIPDvXp08 extro.
20220915 023518.150 INFO             PET2       driver: components present that trigger loopDataDependentInitialize().
20220915 023518.150 INFO             PET2       driver: loopDataDependentInitialize intro.
20220915 023518.150 INFO             PET2         driver: component    0=driver, dataComplete (local): true
20220915 023518.150 INFO             PET2         driver: component    0=driver, dataComplete (global): T
20220915 023518.150 INFO             PET2         driver: component    1=MODEL, dataComplete (local): false
20220915 023518.150 INFO             PET2         driver: component    1=MODEL, dataComplete (global): F
20220915 023518.150 INFO             PET2         MODEL: InitializeIPDvXp08 intro.
20220915 023518.151 INFO             PET2           >>>MODEL: entered Initialize (phase=IPDv05p8) with current time:    0  1  1  0  0  0   0
20220915 023518.151 INFO             PET2           MODEL: InitializeDataProgress='true', InitializeDataComplete='true'
20220915 023518.151 INFO             PET2           <<<MODEL: leaving Initialize (phase=IPDv05p8) with current time:    0  1  1  0  0  0   0
20220915 023518.151 INFO             PET2         MODEL: InitializeIPDvXp08 extro.
20220915 023518.151 INFO             PET2         driver: component    1=MODEL, someProgress (local): true
20220915 023518.151 INFO             PET2         driver: component    1=MODEL, someProgress (global): T
20220915 023518.151 INFO             PET2         driver: someProgress=T, allComplete=F, present(dataDepAllComplete)=T
20220915 023518.151 INFO             PET2         driver: component    0=driver, dataComplete (local): true
20220915 023518.151 INFO             PET2         driver: component    0=driver, dataComplete (global): T
20220915 023518.151 INFO             PET2         driver: component    1=MODEL, dataComplete (local): true
20220915 023518.151 INFO             PET2         driver: component    1=MODEL, dataComplete (global): T
20220915 023518.151 INFO             PET2         driver: someProgress=F, allComplete=T, present(dataDepAllComplete)=T
20220915 023518.151 INFO             PET2         driver: finished resolving initialize data dependencies on this level.
20220915 023518.151 INFO             PET2       driver: loopDataDependentInitialize extro.
20220915 023518.151 INFO             PET2       driver: loopDataDependentInitialize() returned with dataDepAllComplete: T
20220915 023518.151 INFO             PET2     driver: InitializeIPDv02p5Data extro.
20220915 023518.151 INFO             PET2     <<<driver: leaving Initialize (phase=<none>) with current time:    0  1  1  0  0  0   0
20220915 023518.151 INFO             PET2   driver: InitializeIPDv02p5 extro.
20220915 023518.151 INFO             PET2 driver: InitializeGeneric extro.
20220915 023518.151 INFO             PET2 driver: Run intro.
20220915 023518.152 INFO             PET2   >>>driver entered Run (phase=RunPhase1) with current time:    0  1  1  0  0  0   0
20220915 023518.152 INFO             PET2   driver: after lable_SetRunClock, current time:    0  1  1  0  0  0   0
20220915 023518.152 INFO             PET2   driver: begin -------> RunSequence.
20220915 023518.152 INFO             PET2     driver: RunSequence event loopLevel=   1  levelMember=   1  loopIteration=   1, current time:    0  1  1  0  0  0   0
20220915 023518.152 INFO             PET2     MODEL: Run intro.
20220915 023518.152 INFO             PET2       >>>MODEL: entered Run (phase=RunPhase1) with current time:    0  1  1  0  0  0   0
20220915 023518.152 INFO             PET2       MODEL: time step-loop starting, current time:    0  1  1  0  0  0   0
20220915 023518.152 INFO             PET2       thread_num=   1   currentSsiPe=  37   num_threads=   3   max_threads=   3   num_procs=   2
20220915 023518.152 INFO             PET2       thread_num=   2   currentSsiPe=   1   num_threads=   3   max_threads=   3   num_procs=   2
20220915 023518.152 INFO             PET2       thread_num=   0   currentSsiPe=  37   num_threads=   3   max_threads=   3   num_procs=   2
20220915 023518.152 INFO             PET2       ---->Advancing Model from:    0  1  1  0  0  0   0
20220915 023518.152 INFO             PET2       ---------------------> to:    0  1  1  0  0 30   0
20220915 023518.152 INFO             PET2       MODEL: time step-loop ending,   current time:    0  1  1  0  0 30   0
20220915 023518.152 INFO             PET2       <<<MODEL: leaving Run (phase=RunPhase1) with current time:    0  1  1  0  0 30   0
20220915 023518.152 INFO             PET2     MODEL: Run extro.
20220915 023518.152 INFO             PET2     driver: RunSequence event loopLevel=   1  levelMember=   1  loopIteration=   2, current time:    0  1  1  0  0 30   0
20220915 023518.152 INFO             PET2     MODEL: Run intro.
20220915 023518.152 INFO             PET2       >>>MODEL: entered Run (phase=RunPhase1) with current time:    0  1  1  0  0 30   0
20220915 023518.152 INFO             PET2       MODEL: time step-loop starting, current time:    0  1  1  0  0 30   0
20220915 023518.152 INFO             PET2       thread_num=   0   currentSsiPe=  37   num_threads=   3   max_threads=   3   num_procs=   2
20220915 023518.152 INFO             PET2       thread_num=   1   currentSsiPe=   1   num_threads=   3   max_threads=   3   num_procs=   2
20220915 023518.152 INFO             PET2       thread_num=   2   currentSsiPe=  37   num_threads=   3   max_threads=   3   num_procs=   2
20220915 023518.152 INFO             PET2       ---->Advancing Model from:    0  1  1  0  0 30   0
20220915 023518.152 INFO             PET2       ---------------------> to:    0  1  1  0  1  0   0
20220915 023518.152 INFO             PET2       MODEL: time step-loop ending,   current time:    0  1  1  0  1  0   0
20220915 023518.152 INFO             PET2       <<<MODEL: leaving Run (phase=RunPhase1) with current time:    0  1  1  0  1  0   0
20220915 023518.152 INFO             PET2     MODEL: Run extro.
20220915 023518.152 INFO             PET2     driver: RunSequence event loopLevel=   1  levelMember=   1  loopIteration=   3, current time:    0  1  1  0  1  0   0
20220915 023518.152 INFO             PET2     MODEL: Run intro.
20220915 023518.152 INFO             PET2       >>>MODEL: entered Run (phase=RunPhase1) with current time:    0  1  1  0  1  0   0
20220915 023518.152 INFO             PET2       MODEL: time step-loop starting, current time:    0  1  1  0  1  0   0
20220915 023518.152 INFO             PET2       thread_num=   0   currentSsiPe=  37   num_threads=   3   max_threads=   3   num_procs=   2
20220915 023518.152 INFO             PET2       thread_num=   1   currentSsiPe=   1   num_threads=   3   max_threads=   3   num_procs=   2
20220915 023518.152 INFO             PET2       thread_num=   2   currentSsiPe=  37   num_threads=   3   max_threads=   3   num_procs=   2
20220915 023518.152 INFO             PET2       ---->Advancing Model from:    0  1  1  0  1  0   0
20220915 023518.152 INFO             PET2       ---------------------> to:    0  1  1  0  1 30   0
20220915 023518.152 INFO             PET2       MODEL: time step-loop ending,   current time:    0  1  1  0  1 30   0
20220915 023518.153 INFO             PET2       <<<MODEL: leaving Run (phase=RunPhase1) with current time:    0  1  1  0  1 30   0
20220915 023518.153 INFO             PET2     MODEL: Run extro.
20220915 023518.153 INFO             PET2     driver: RunSequence event loopLevel=   1  levelMember=   1  loopIteration=   4, current time:    0  1  1  0  1 30   0
20220915 023518.153 INFO             PET2     MODEL: Run intro.
20220915 023518.153 INFO             PET2       >>>MODEL: entered Run (phase=RunPhase1) with current time:    0  1  1  0  1 30   0
20220915 023518.153 INFO             PET2       MODEL: time step-loop starting, current time:    0  1  1  0  1 30   0
20220915 023518.153 INFO             PET2       thread_num=   0   currentSsiPe=   1   num_threads=   3   max_threads=   3   num_procs=   2
20220915 023518.153 INFO             PET2       thread_num=   1   currentSsiPe=  37   num_threads=   3   max_threads=   3   num_procs=   2
20220915 023518.153 INFO             PET2       thread_num=   2   currentSsiPe=   1   num_threads=   3   max_threads=   3   num_procs=   2
20220915 023518.153 INFO             PET2       ---->Advancing Model from:    0  1  1  0  1 30   0
20220915 023518.153 INFO             PET2       ---------------------> to:    0  1  1  0  2  0   0
20220915 023518.153 INFO             PET2       MODEL: time step-loop ending,   current time:    0  1  1  0  2  0   0
20220915 023518.153 INFO             PET2       <<<MODEL: leaving Run (phase=RunPhase1) with current time:    0  1  1  0  2  0   0
20220915 023518.153 INFO             PET2     MODEL: Run extro.
20220915 023518.153 INFO             PET2     driver: RunSequence event loopLevel=   1  levelMember=   1  loopIteration=   5, current time:    0  1  1  0  2  0   0
20220915 023518.153 INFO             PET2     MODEL: Run intro.
20220915 023518.153 INFO             PET2       >>>MODEL: entered Run (phase=RunPhase1) with current time:    0  1  1  0  2  0   0
20220915 023518.153 INFO             PET2       MODEL: time step-loop starting, current time:    0  1  1  0  2  0   0
20220915 023518.153 INFO             PET2       thread_num=   1   currentSsiPe=  37   num_threads=   3   max_threads=   3   num_procs=   2
20220915 023518.153 INFO             PET2       thread_num=   2   currentSsiPe=   1   num_threads=   3   max_threads=   3   num_procs=   2
20220915 023518.153 INFO             PET2       thread_num=   0   currentSsiPe=  37   num_threads=   3   max_threads=   3   num_procs=   2
20220915 023518.153 INFO             PET2       ---->Advancing Model from:    0  1  1  0  2  0   0
20220915 023518.153 INFO             PET2       ---------------------> to:    0  1  1  0  2 30   0
20220915 023518.153 INFO             PET2       MODEL: time step-loop ending,   current time:    0  1  1  0  2 30   0
20220915 023518.153 INFO             PET2       <<<MODEL: leaving Run (phase=RunPhase1) with current time:    0  1  1  0  2 30   0
20220915 023518.153 INFO             PET2     MODEL: Run extro.
20220915 023518.153 INFO             PET2   driver: end <--------- RunSequence
20220915 023518.153 INFO             PET2   <<<driver - leaving Run with current time:    0  1  1  0  2 30   0
20220915 023518.153 INFO             PET2 driver: Run extro.
20220915 023518.153 INFO             PET2 driver: Finalize intro.
20220915 023518.153 INFO             PET2   Calling Finalize phase 1 for modelComp: MODEL
20220915 023518.153 INFO             PET2   MODEL: Finalize intro.
20220915 023518.153 INFO             PET2     >>>MODEL: entered Finalize (phase=FinalizePhase1) with current time:    0  1  1  0  2 30   0
20220915 023518.153 INFO             PET2     <<<MODEL: leaving Finalize (phase=FinalizePhase1) with current time:    0  1  1  0  2 30   0
20220915 023518.153 INFO             PET2   MODEL: Finalize extro.
20220915 023518.153 INFO             PET2   Delete modelComp: MODEL
20220915 023518.153 INFO             PET2   Delete Import-/Export State for modelComp: MODEL
20220915 023518.153 INFO             PET2 driver: Finalize extro.
20220915 023518.153 INFO             PET2 mainApp FINISHED
20220915 023518.153 INFO             PET2 Finalizing ESMF
20220915 023518.065 INFO             PET3 !!!!!!!!!!!!!!!!!!!!!!!!!!!!!!!!!!!!!!!!!!!!!!!!!!!!!!
20220915 023518.065 INFO             PET3 !!! THE ESMF_LOG IS SET TO OUTPUT ALL LOG MESSAGES !!!
20220915 023518.065 INFO             PET3 !!!     THIS MAY CAUSE SLOWDOWN IN PERFORMANCE     !!!
20220915 023518.065 INFO             PET3 !!! FOR PRODUCTION RUNS, USE:                      !!!
20220915 023518.065 INFO             PET3 !!!                   ESMF_LOGKIND_Multi_On_Error  !!!
20220915 023518.065 INFO             PET3 !!!!!!!!!!!!!!!!!!!!!!!!!!!!!!!!!!!!!!!!!!!!!!!!!!!!!!
20220915 023518.065 INFO             PET3 Running with ESMF Version   : v8.4.0b13-32-g4d665c296a
20220915 023518.065 INFO             PET3 ESMF library build date/time: "Sep 15 2022" "00:39:30"
20220915 023518.065 INFO             PET3 ESMF library build location : /lustre/f2/dev/Mark.Potts/esmf-test/gfortran_8.3.0_mpi_g_develop/esmf
20220915 023518.065 INFO             PET3 ESMF_COMM                   : mpi
20220915 023518.066 INFO             PET3 ESMF_MOAB                   : enabled
20220915 023518.066 INFO             PET3 ESMF_LAPACK                 : enabled
20220915 023518.066 INFO             PET3 ESMF_NETCDF                 : enabled
20220915 023518.066 INFO             PET3 ESMF_PNETCDF                : disabled
20220915 023518.066 INFO             PET3 ESMF_PIO                    : enabled
20220915 023518.066 INFO             PET3 ESMF_YAMLCPP                : enabled
20220915 023518.066 INFO             PET3 mainApp STARTING
20220915 023518.136 INFO             PET3 driver: InitializeGeneric intro.
20220915 023518.136 INFO             PET3   driver: InitializeP0 intro.
20220915 023518.136 INFO             PET3   driver: InitializeP0 extro.
20220915 023518.136 INFO             PET3   driver: InitializeIPDv02p1 intro.
20220915 023518.136 INFO             PET3     >>>driver: entered Initialize (phase=<none>) without valid internal Clock.
20220915 023518.136 INFO             PET3     driver - Creating model component MODEL without petList.
20220915 023518.138 INFO             PET3      GridCompIsPetLocal:  T
20220915 023518.138 INFO             PET3      VmIsCreated:  T
20220915 023518.138 INFO             PET3      valid MPI_COMM with size=           4
20220915 023518.138 INFO             PET3     driver - Creating state: modelComp 1 Import State
20220915 023518.138 INFO             PET3     driver - Creating state: modelComp 1 Export State
20220915 023518.139 INFO             PET3     MODEL: InitializeP0 intro.
20220915 023518.139 INFO             PET3       >>>MODEL: entered Initialize (phase=<none>) without valid internal Clock.
20220915 023518.140 INFO             PET3       <<<MODEL: leaving Initialize (phase=<none>) without valid internal Clock.
20220915 023518.140 INFO             PET3     MODEL: InitializeP0 extro.
20220915 023518.141 INFO             PET3     driver: IInitAdvertise intro.
20220915 023518.141 INFO             PET3     driver: IInitAdvertise extro.
20220915 023518.141 INFO             PET3     MODEL: InitializeIPDvXp01 intro.
20220915 023518.141 INFO             PET3       >>>MODEL: entered Initialize (phase=IPDvXp01) without valid internal Clock.
20220915 023518.143 INFO             PET3       <<<MODEL: leaving Initialize (phase=IPDvXp01) without valid internal Clock.
20220915 023518.143 INFO             PET3     MODEL: InitializeIPDvXp01 extro.
20220915 023518.144 INFO             PET3     driver: IInitAdvertiseFinish intro.
20220915 023518.144 INFO             PET3     driver: IInitAdvertiseFinish extro.
20220915 023518.144 INFO             PET3     driver: IInitModifyCplLists intro.
20220915 023518.144 INFO             PET3     driver: IInitModifyCplLists extro.
20220915 023518.144 INFO             PET3     <<<driver: leaving Initialize (phase=<none>) with current time:    0  1  1  0  0  0   0
20220915 023518.144 INFO             PET3   driver: InitializeIPDv02p1 extro.
20220915 023518.144 INFO             PET3   driver: InitializeIPDv02p3 intro.
20220915 023518.144 INFO             PET3     >>>driver: entered Initialize (phase=<none>) with current time:    0  1  1  0  0  0   0
20220915 023518.144 INFO             PET3     driver: IInitCheck intro.
20220915 023518.144 INFO             PET3     driver: IInitCheck extro.
20220915 023518.144 INFO             PET3     MODEL: InitializeIPDvXp04 intro.
20220915 023518.144 INFO             PET3       >>>MODEL: entered Initialize (phase=IPDvXp04) without valid internal Clock.
20220915 023518.147 INFO             PET3       After Realize: - MemInfo: [/proc/meminfo - SSI]	MemTotal:       131916140 kB
20220915 023518.147 INFO             PET3       After Realize: - MemInfo: [/proc/meminfo - SSI]	MemFree:        126885708 kB
20220915 023518.147 INFO             PET3       After Realize: - MemInfo: [/proc/meminfo - SSI]	MemAvailable:   126671252 kB
20220915 023518.147 INFO             PET3       After Realize: - MemInfo: [/proc/meminfo - SSI]	Committed_AS:    2718672 kB
20220915 023518.147 INFO             PET3       After Realize: - MemInfo: [/proc/meminfo - SSI]	CommittedPercent: 2.06091 %
20220915 023518.147 INFO             PET3       After Realize: - MemInfo: [/proc/self/status]	VmPeak:	   79104 kB
20220915 023518.147 INFO             PET3       After Realize: - MemInfo: [/proc/self/status]	VmSize:	   79104 kB
20220915 023518.147 INFO             PET3       After Realize: - MemInfo: [/proc/self/status]	VmLck:	       0 kB
20220915 023518.147 INFO             PET3       After Realize: - MemInfo: [/proc/self/status]	VmPin:	       0 kB
20220915 023518.147 INFO             PET3       After Realize: - MemInfo: [/proc/self/status]	VmHWM:	   13272 kB
20220915 023518.147 INFO             PET3       After Realize: - MemInfo: [/proc/self/status]	VmRSS:	   13272 kB
20220915 023518.147 INFO             PET3       After Realize: - MemInfo: [/proc/self/status]	VmData:	   10060 kB
20220915 023518.147 INFO             PET3       After Realize: - MemInfo: [/proc/self/status]	VmStk:	     184 kB
20220915 023518.147 INFO             PET3       After Realize: - MemInfo: [/proc/self/status]	VmExe:	   43464 kB
20220915 023518.147 INFO             PET3       After Realize: - MemInfo: [/proc/self/status]	VmLib:	    1952 kB
20220915 023518.147 INFO             PET3       After Realize: - MemInfo: [/proc/self/status]	VmPTE:	     148 kB
20220915 023518.148 INFO             PET3       After Realize: - MemInfo: [/proc/self/status]	VmPMD:	      12 kB
20220915 023518.148 INFO             PET3       After Realize: - MemInfo: [/proc/self/status]	VmSwap:	       0 kB
20220915 023518.148 INFO             PET3       After Realize: - MemInfo: [/proc/self/status]	VmRSSPercent: 0.0100609 %
20220915 023518.148 INFO             PET3       After Realize: - MemInfo: [malloc] Non-mmapped space allocated:                 1390912 Byte
20220915 023518.148 INFO             PET3       After Realize: - MemInfo: [malloc] Space allocated in mmapped regions:          4407296 Byte
20220915 023518.148 INFO             PET3       After Realize: - MemInfo: [malloc] Maximum total allocated space:                     0 Byte
20220915 023518.148 INFO             PET3       After Realize: - MemInfo: [malloc] Space in freed fastbin blocks:                  1232 Byte
20220915 023518.148 INFO             PET3       After Realize: - MemInfo: [malloc] Total allocated space:                       1287504 Byte
20220915 023518.148 INFO             PET3       After Realize: - MemInfo: [malloc] Total free space:                             103408 Byte
20220915 023518.148 INFO             PET3       After Realize: - MemInfo: [malloc] Top-most, releasable space:                   102176 Byte
20220915 023518.148 INFO             PET3       After Realize: - MemInfo: [malloc] Total space in use, mmap + non-mmap:         5694800 Byte
20220915 023518.148 INFO             PET3       After Realize: - MemInfo: [malloc] Total space held (mmap + non-mmap):          5798208 Byte
20220915 023518.148 INFO             PET3       After Realize: - MemInfo: [malloc] Total space used (mmap + non-mmap):          5704496 Byte
20220915 023518.148 INFO             PET3       After Realize: - MemInfo: Wall-clock time since execution start:              0.0903859 seconds
20220915 023518.148 INFO             PET3       <<<MODEL: leaving Initialize (phase=IPDvXp04) without valid internal Clock.
20220915 023518.148 INFO             PET3     MODEL: InitializeIPDvXp04 extro.
20220915 023518.148 INFO             PET3     driver: IInitRealize intro.
20220915 023518.148 INFO             PET3     driver: IInitRealize extro.
20220915 023518.148 INFO             PET3     MODEL: InitializeIPDvXp07 intro.
20220915 023518.149 INFO             PET3       >>>MODEL: entered Initialize (phase=IPDvXp07) without valid internal Clock.
20220915 023518.149 INFO             PET3       <<<MODEL: leaving Initialize (phase=IPDvXp07) with current time:    0  1  1  0  0  0   0
20220915 023518.149 INFO             PET3     MODEL: InitializeIPDvXp07 extro.
20220915 023518.149 INFO             PET3     <<<driver: leaving Initialize (phase=<none>) with current time:    0  1  1  0  0  0   0
20220915 023518.149 INFO             PET3   driver: InitializeIPDv02p3 extro.
20220915 023518.149 INFO             PET3   driver: InitializeIPDv02p5 intro.
20220915 023518.149 INFO             PET3     >>>driver: entered Initialize (phase=<none>) with current time:    0  1  1  0  0  0   0
20220915 023518.149 INFO             PET3     driver: this is a top level driver, no 'Updated' and 'InitializeDataComplete' info on this level.
20220915 023518.149 INFO             PET3     driver: InitializeIPDv02p5Data intro.
20220915 023518.149 INFO             PET3       driver: InternalInitializeComplete intro.
20220915 023518.149 INFO             PET3         driver: InitializeDataComplete='true'
20220915 023518.149 INFO             PET3       driver: InternalInitializeComplete extro.
20220915 023518.150 INFO             PET3       MODEL: InitializeIPDvXp08 intro.
20220915 023518.150 INFO             PET3         >>>MODEL: entered Initialize (phase=IPDv05p8) with current time:    0  1  1  0  0  0   0
20220915 023518.150 INFO             PET3         MODEL: InitializeDataProgress='false', InitializeDataComplete='false'
20220915 023518.150 INFO             PET3         <<<MODEL: leaving Initialize (phase=IPDv05p8) with current time:    0  1  1  0  0  0   0
20220915 023518.150 INFO             PET3       MODEL: InitializeIPDvXp08 extro.
20220915 023518.150 INFO             PET3       driver: components present that trigger loopDataDependentInitialize().
20220915 023518.150 INFO             PET3       driver: loopDataDependentInitialize intro.
20220915 023518.150 INFO             PET3         driver: component    0=driver, dataComplete (local): true
20220915 023518.150 INFO             PET3         driver: component    0=driver, dataComplete (global): T
20220915 023518.150 INFO             PET3         driver: component    1=MODEL, dataComplete (local): false
20220915 023518.150 INFO             PET3         driver: component    1=MODEL, dataComplete (global): F
20220915 023518.150 INFO             PET3         MODEL: InitializeIPDvXp08 intro.
20220915 023518.151 INFO             PET3           >>>MODEL: entered Initialize (phase=IPDv05p8) with current time:    0  1  1  0  0  0   0
20220915 023518.151 INFO             PET3           MODEL: InitializeDataProgress='true', InitializeDataComplete='true'
20220915 023518.151 INFO             PET3           <<<MODEL: leaving Initialize (phase=IPDv05p8) with current time:    0  1  1  0  0  0   0
20220915 023518.151 INFO             PET3         MODEL: InitializeIPDvXp08 extro.
20220915 023518.151 INFO             PET3         driver: component    1=MODEL, someProgress (local): true
20220915 023518.151 INFO             PET3         driver: component    1=MODEL, someProgress (global): T
20220915 023518.151 INFO             PET3         driver: someProgress=T, allComplete=F, present(dataDepAllComplete)=T
20220915 023518.151 INFO             PET3         driver: component    0=driver, dataComplete (local): true
20220915 023518.151 INFO             PET3         driver: component    0=driver, dataComplete (global): T
20220915 023518.151 INFO             PET3         driver: component    1=MODEL, dataComplete (local): true
20220915 023518.151 INFO             PET3         driver: component    1=MODEL, dataComplete (global): T
20220915 023518.151 INFO             PET3         driver: someProgress=F, allComplete=T, present(dataDepAllComplete)=T
20220915 023518.151 INFO             PET3         driver: finished resolving initialize data dependencies on this level.
20220915 023518.151 INFO             PET3       driver: loopDataDependentInitialize extro.
20220915 023518.151 INFO             PET3       driver: loopDataDependentInitialize() returned with dataDepAllComplete: T
20220915 023518.151 INFO             PET3     driver: InitializeIPDv02p5Data extro.
20220915 023518.151 INFO             PET3     <<<driver: leaving Initialize (phase=<none>) with current time:    0  1  1  0  0  0   0
20220915 023518.151 INFO             PET3   driver: InitializeIPDv02p5 extro.
20220915 023518.151 INFO             PET3 driver: InitializeGeneric extro.
20220915 023518.151 INFO             PET3 driver: Run intro.
20220915 023518.152 INFO             PET3   >>>driver entered Run (phase=RunPhase1) with current time:    0  1  1  0  0  0   0
20220915 023518.152 INFO             PET3   driver: after lable_SetRunClock, current time:    0  1  1  0  0  0   0
20220915 023518.152 INFO             PET3   driver: begin -------> RunSequence.
20220915 023518.152 INFO             PET3     driver: RunSequence event loopLevel=   1  levelMember=   1  loopIteration=   1, current time:    0  1  1  0  0  0   0
20220915 023518.152 INFO             PET3     MODEL: Run intro.
20220915 023518.152 INFO             PET3       >>>MODEL: entered Run (phase=RunPhase1) with current time:    0  1  1  0  0  0   0
20220915 023518.152 INFO             PET3       MODEL: time step-loop starting, current time:    0  1  1  0  0  0   0
20220915 023518.152 INFO             PET3       thread_num=   1   currentSsiPe=  19   num_threads=   3   max_threads=   3   num_procs=   2
20220915 023518.152 INFO             PET3       thread_num=   0   currentSsiPe=  55   num_threads=   3   max_threads=   3   num_procs=   2
20220915 023518.152 INFO             PET3       thread_num=   2   currentSsiPe=  19   num_threads=   3   max_threads=   3   num_procs=   2
20220915 023518.152 INFO             PET3       ---->Advancing Model from:    0  1  1  0  0  0   0
20220915 023518.152 INFO             PET3       ---------------------> to:    0  1  1  0  0 30   0
20220915 023518.152 INFO             PET3       MODEL: time step-loop ending,   current time:    0  1  1  0  0 30   0
20220915 023518.152 INFO             PET3       <<<MODEL: leaving Run (phase=RunPhase1) with current time:    0  1  1  0  0 30   0
20220915 023518.152 INFO             PET3     MODEL: Run extro.
20220915 023518.152 INFO             PET3     driver: RunSequence event loopLevel=   1  levelMember=   1  loopIteration=   2, current time:    0  1  1  0  0 30   0
20220915 023518.152 INFO             PET3     MODEL: Run intro.
20220915 023518.152 INFO             PET3       >>>MODEL: entered Run (phase=RunPhase1) with current time:    0  1  1  0  0 30   0
20220915 023518.152 INFO             PET3       MODEL: time step-loop starting, current time:    0  1  1  0  0 30   0
20220915 023518.152 INFO             PET3       thread_num=   0   currentSsiPe=  55   num_threads=   3   max_threads=   3   num_procs=   2
20220915 023518.152 INFO             PET3       thread_num=   2   currentSsiPe=  19   num_threads=   3   max_threads=   3   num_procs=   2
20220915 023518.152 INFO             PET3       thread_num=   1   currentSsiPe=  55   num_threads=   3   max_threads=   3   num_procs=   2
20220915 023518.152 INFO             PET3       ---->Advancing Model from:    0  1  1  0  0 30   0
20220915 023518.152 INFO             PET3       ---------------------> to:    0  1  1  0  1  0   0
20220915 023518.152 INFO             PET3       MODEL: time step-loop ending,   current time:    0  1  1  0  1  0   0
20220915 023518.152 INFO             PET3       <<<MODEL: leaving Run (phase=RunPhase1) with current time:    0  1  1  0  1  0   0
20220915 023518.152 INFO             PET3     MODEL: Run extro.
20220915 023518.152 INFO             PET3     driver: RunSequence event loopLevel=   1  levelMember=   1  loopIteration=   3, current time:    0  1  1  0  1  0   0
20220915 023518.152 INFO             PET3     MODEL: Run intro.
20220915 023518.152 INFO             PET3       >>>MODEL: entered Run (phase=RunPhase1) with current time:    0  1  1  0  1  0   0
20220915 023518.152 INFO             PET3       MODEL: time step-loop starting, current time:    0  1  1  0  1  0   0
20220915 023518.152 INFO             PET3       thread_num=   0   currentSsiPe=  19   num_threads=   3   max_threads=   3   num_procs=   2
20220915 023518.153 INFO             PET3       thread_num=   1   currentSsiPe=  55   num_threads=   3   max_threads=   3   num_procs=   2
20220915 023518.153 INFO             PET3       thread_num=   2   currentSsiPe=  19   num_threads=   3   max_threads=   3   num_procs=   2
20220915 023518.153 INFO             PET3       ---->Advancing Model from:    0  1  1  0  1  0   0
20220915 023518.153 INFO             PET3       ---------------------> to:    0  1  1  0  1 30   0
20220915 023518.153 INFO             PET3       MODEL: time step-loop ending,   current time:    0  1  1  0  1 30   0
20220915 023518.153 INFO             PET3       <<<MODEL: leaving Run (phase=RunPhase1) with current time:    0  1  1  0  1 30   0
20220915 023518.153 INFO             PET3     MODEL: Run extro.
20220915 023518.153 INFO             PET3     driver: RunSequence event loopLevel=   1  levelMember=   1  loopIteration=   4, current time:    0  1  1  0  1 30   0
20220915 023518.153 INFO             PET3     MODEL: Run intro.
20220915 023518.153 INFO             PET3       >>>MODEL: entered Run (phase=RunPhase1) with current time:    0  1  1  0  1 30   0
20220915 023518.153 INFO             PET3       MODEL: time step-loop starting, current time:    0  1  1  0  1 30   0
20220915 023518.153 INFO             PET3       thread_num=   0   currentSsiPe=  55   num_threads=   3   max_threads=   3   num_procs=   2
20220915 023518.153 INFO             PET3       thread_num=   2   currentSsiPe=  19   num_threads=   3   max_threads=   3   num_procs=   2
20220915 023518.153 INFO             PET3       thread_num=   1   currentSsiPe=  55   num_threads=   3   max_threads=   3   num_procs=   2
20220915 023518.153 INFO             PET3       ---->Advancing Model from:    0  1  1  0  1 30   0
20220915 023518.153 INFO             PET3       ---------------------> to:    0  1  1  0  2  0   0
20220915 023518.153 INFO             PET3       MODEL: time step-loop ending,   current time:    0  1  1  0  2  0   0
20220915 023518.153 INFO             PET3       <<<MODEL: leaving Run (phase=RunPhase1) with current time:    0  1  1  0  2  0   0
20220915 023518.153 INFO             PET3     MODEL: Run extro.
20220915 023518.153 INFO             PET3     driver: RunSequence event loopLevel=   1  levelMember=   1  loopIteration=   5, current time:    0  1  1  0  2  0   0
20220915 023518.153 INFO             PET3     MODEL: Run intro.
20220915 023518.153 INFO             PET3       >>>MODEL: entered Run (phase=RunPhase1) with current time:    0  1  1  0  2  0   0
20220915 023518.153 INFO             PET3       MODEL: time step-loop starting, current time:    0  1  1  0  2  0   0
20220915 023518.153 INFO             PET3       thread_num=   0   currentSsiPe=  19   num_threads=   3   max_threads=   3   num_procs=   2
20220915 023518.153 INFO             PET3       thread_num=   1   currentSsiPe=  55   num_threads=   3   max_threads=   3   num_procs=   2
20220915 023518.153 INFO             PET3       thread_num=   2   currentSsiPe=  19   num_threads=   3   max_threads=   3   num_procs=   2
20220915 023518.153 INFO             PET3       ---->Advancing Model from:    0  1  1  0  2  0   0
20220915 023518.153 INFO             PET3       ---------------------> to:    0  1  1  0  2 30   0
20220915 023518.153 INFO             PET3       MODEL: time step-loop ending,   current time:    0  1  1  0  2 30   0
20220915 023518.153 INFO             PET3       <<<MODEL: leaving Run (phase=RunPhase1) with current time:    0  1  1  0  2 30   0
20220915 023518.153 INFO             PET3     MODEL: Run extro.
20220915 023518.153 INFO             PET3   driver: end <--------- RunSequence
20220915 023518.153 INFO             PET3   <<<driver - leaving Run with current time:    0  1  1  0  2 30   0
20220915 023518.153 INFO             PET3 driver: Run extro.
20220915 023518.153 INFO             PET3 driver: Finalize intro.
20220915 023518.153 INFO             PET3   Calling Finalize phase 1 for modelComp: MODEL
20220915 023518.153 INFO             PET3   MODEL: Finalize intro.
20220915 023518.153 INFO             PET3     >>>MODEL: entered Finalize (phase=FinalizePhase1) with current time:    0  1  1  0  2 30   0
20220915 023518.153 INFO             PET3     <<<MODEL: leaving Finalize (phase=FinalizePhase1) with current time:    0  1  1  0  2 30   0
20220915 023518.153 INFO             PET3   MODEL: Finalize extro.
20220915 023518.153 INFO             PET3   Delete modelComp: MODEL
20220915 023518.153 INFO             PET3   Delete Import-/Export State for modelComp: MODEL
20220915 023518.153 INFO             PET3 driver: Finalize extro.
20220915 023518.153 INFO             PET3 mainApp FINISHED
20220915 023518.153 INFO             PET3 Finalizing ESMF
