2022-09-05 02:34:52
[1662346643.445101] [h5c06:263340:0]         mxm.c:196  MXM  WARN  The 'ulimit -s' on the system is set to 'unlimited'. This may have negative performance implications. Please set the stack size to the default value (10240) 
[1662346643.450295] [h5c06:263340:0]         mxm.c:196  MXM  WARN  The 'ulimit -s' on the system is set to 'unlimited'. This may have negative performance implications. Please set the stack size to the default value (10240) 
[1662346643.445129] [h5c06:263342:0]         mxm.c:196  MXM  WARN  The 'ulimit -s' on the system is set to 'unlimited'. This may have negative performance implications. Please set the stack size to the default value (10240) 
[1662346643.450343] [h5c06:263342:0]         mxm.c:196  MXM  WARN  The 'ulimit -s' on the system is set to 'unlimited'. This may have negative performance implications. Please set the stack size to the default value (10240) 
[1662346643.439127] [h5c06:263339:0]         mxm.c:196  MXM  WARN  The 'ulimit -s' on the system is set to 'unlimited'. This may have negative performance implications. Please set the stack size to the default value (10240) 
[1662346643.443996] [h5c06:263339:0]         mxm.c:196  MXM  WARN  The 'ulimit -s' on the system is set to 'unlimited'. This may have negative performance implications. Please set the stack size to the default value (10240) 
[1662346643.438409] [h5c06:263341:0]         mxm.c:196  MXM  WARN  The 'ulimit -s' on the system is set to 'unlimited'. This may have negative performance implications. Please set the stack size to the default value (10240) 
[1662346643.443119] [h5c06:263341:0]         mxm.c:196  MXM  WARN  The 'ulimit -s' on the system is set to 'unlimited'. This may have negative performance implications. Please set the stack size to the default value (10240) 
 contents before scatter/gather:
           0  array1:            1
           0  array1:            2
           0  array1:            3
           0  array1:            4
           0  array1:            5
           0  array1:            6
           0  array1:            7
           0  array1:            8
 contents before scatter/gather:
           1  array1:          101
           1  array1:          102
           1  array1:          103
           1  array1:          104
           1  array1:          105
           1  array1:          106
           1  array1:          107
           1  array1:          108
 contents before scatter/gather:
           2  array1:          201
           2  array1:          202
           2  array1:          203
           2  array1:          204
           2  array1:          205
           2  array1:          206
           2  array1:          207
           2  array1:          208
 scatter result:
 contents before scatter/gather:
           3  array1:          301
           3  array1:          302
           3  array1:          303
           3  array1:          304
           3  array1:          305
           3  array1:          306
           3  array1:          307
           3  array1:          308
 scatter result:
           1  array2:            3
           1  array2:            4
 gather result:
           1  array1:          101
           1  array1:          102
           1  array1:          103
           1  array1:          104
           1  array1:          105
           1  array1:          106
           1  array1:          107
           1  array1:          108
           2  array2:            5
           2  array2:            6
 gather result:
           2  array1:          201
           2  array1:          202
           2  array1:          203
           2  array1:          204
           2  array1:          205
           2  array1:          206
           2  array1:          207
           2  array1:          208
  PASS  Example ESMF_VMScatterVMGatherEx, ESMF_VMScatterVMGatherEx.F90, line 120
  PASS  Example ESMF_VMScatterVMGatherEx, ESMF_VMScatterVMGatherEx.F90, line 120
 scatter result:
           0  array2:            1
 scatter result:
           3  array2:            7
           3  array2:            8
 gather result:
           0  array2:            2
 gather result:
           0  array1:            1
           0  array1:            2
           0  array1:            3
           0  array1:            4
           0  array1:            5
           0  array1:            6
           0  array1:            7
           0  array1:            8
           3  array1:            1
           3  array1:            2
           3  array1:            3
           3  array1:            4
           3  array1:            5
           3  array1:            6
           3  array1:            7
           3  array1:            8
  PASS  Example ESMF_VMScatterVMGatherEx, ESMF_VMScatterVMGatherEx.F90, line 120
  PASS  Example ESMF_VMScatterVMGatherEx, ESMF_VMScatterVMGatherEx.F90, line 120
 PASS: ESMF_VMScatterVMGatherEx.F90
 PASS: ESMF_VMScatterVMGatherEx.F90
 PASS: ESMF_VMScatterVMGatherEx.F90
 PASS: ESMF_VMScatterVMGatherEx.F90
