2022-09-06 02:30:13
20220906 034156.239 INFO             PET0 !!!!!!!!!!!!!!!!!!!!!!!!!!!!!!!!!!!!!!!!!!!!!!!!!!!!!!
20220906 034156.239 INFO             PET0 !!! THE ESMF_LOG IS SET TO OUTPUT ALL LOG MESSAGES !!!
20220906 034156.239 INFO             PET0 !!!     THIS MAY CAUSE SLOWDOWN IN PERFORMANCE     !!!
20220906 034156.239 INFO             PET0 !!! FOR PRODUCTION RUNS, USE:                      !!!
20220906 034156.239 INFO             PET0 !!!                   ESMF_LOGKIND_Multi_On_Error  !!!
20220906 034156.239 INFO             PET0 !!!!!!!!!!!!!!!!!!!!!!!!!!!!!!!!!!!!!!!!!!!!!!!!!!!!!!
20220906 034156.239 INFO             PET0 Running with ESMF Version   : v8.4.0b12-3-gfd0845b833
20220906 034156.239 INFO             PET0 ESMF library build date/time: "Sep  6 2022" "02:28:55"
20220906 034156.239 INFO             PET0 ESMF library build location : /scratch1/NCEPDEV/stmp2/Rocky.Dunlap/esmf-testing/gfortran_9.2.0b_openmpi_g_develop/esmf
20220906 034156.239 INFO             PET0 ESMF_COMM                   : openmpi
20220906 034156.239 INFO             PET0 ESMF_MOAB                   : enabled
20220906 034156.239 INFO             PET0 ESMF_LAPACK                 : enabled
20220906 034156.239 INFO             PET0 ESMF_NETCDF                 : disabled
20220906 034156.239 INFO             PET0 ESMF_PNETCDF                : disabled
20220906 034156.239 INFO             PET0 ESMF_PIO                    : disabled
20220906 034156.239 INFO             PET0 ESMF_YAMLCPP                : enabled
20220906 034156.334 DEBUG            PET0 about to destroy Grid: 0x2899780
20220906 034156.346 DEBUG            PET0 about to destroy Grid: 0x289ab00
20220906 034156.376 INFO             PET0  NUMBER_OF_PROCESSORS           4
20220906 034156.376 INFO             PET0  PASS  Example ESMF_NUOPCAtmModelEx, ESMF_NUOPCAtmModelEx.F90, line 806
20220906 034156.376 INFO             PET0 Finalizing ESMF
20220906 034156.240 INFO             PET1 !!!!!!!!!!!!!!!!!!!!!!!!!!!!!!!!!!!!!!!!!!!!!!!!!!!!!!
20220906 034156.240 INFO             PET1 !!! THE ESMF_LOG IS SET TO OUTPUT ALL LOG MESSAGES !!!
20220906 034156.240 INFO             PET1 !!!     THIS MAY CAUSE SLOWDOWN IN PERFORMANCE     !!!
20220906 034156.240 INFO             PET1 !!! FOR PRODUCTION RUNS, USE:                      !!!
20220906 034156.240 INFO             PET1 !!!                   ESMF_LOGKIND_Multi_On_Error  !!!
20220906 034156.240 INFO             PET1 !!!!!!!!!!!!!!!!!!!!!!!!!!!!!!!!!!!!!!!!!!!!!!!!!!!!!!
20220906 034156.240 INFO             PET1 Running with ESMF Version   : v8.4.0b12-3-gfd0845b833
20220906 034156.240 INFO             PET1 ESMF library build date/time: "Sep  6 2022" "02:28:55"
20220906 034156.240 INFO             PET1 ESMF library build location : /scratch1/NCEPDEV/stmp2/Rocky.Dunlap/esmf-testing/gfortran_9.2.0b_openmpi_g_develop/esmf
20220906 034156.240 INFO             PET1 ESMF_COMM                   : openmpi
20220906 034156.240 INFO             PET1 ESMF_MOAB                   : enabled
20220906 034156.240 INFO             PET1 ESMF_LAPACK                 : enabled
20220906 034156.240 INFO             PET1 ESMF_NETCDF                 : disabled
20220906 034156.240 INFO             PET1 ESMF_PNETCDF                : disabled
20220906 034156.240 INFO             PET1 ESMF_PIO                    : disabled
20220906 034156.240 INFO             PET1 ESMF_YAMLCPP                : enabled
20220906 034156.334 DEBUG            PET1 about to destroy Grid: 0x1d84cd0
20220906 034156.346 DEBUG            PET1 about to destroy Grid: 0x1d85e10
20220906 034156.377 INFO             PET1  NUMBER_OF_PROCESSORS           4
20220906 034156.377 INFO             PET1  PASS  Example ESMF_NUOPCAtmModelEx, ESMF_NUOPCAtmModelEx.F90, line 806
20220906 034156.377 INFO             PET1 Finalizing ESMF
20220906 034156.238 INFO             PET2 !!!!!!!!!!!!!!!!!!!!!!!!!!!!!!!!!!!!!!!!!!!!!!!!!!!!!!
20220906 034156.238 INFO             PET2 !!! THE ESMF_LOG IS SET TO OUTPUT ALL LOG MESSAGES !!!
20220906 034156.238 INFO             PET2 !!!     THIS MAY CAUSE SLOWDOWN IN PERFORMANCE     !!!
20220906 034156.238 INFO             PET2 !!! FOR PRODUCTION RUNS, USE:                      !!!
20220906 034156.238 INFO             PET2 !!!                   ESMF_LOGKIND_Multi_On_Error  !!!
20220906 034156.238 INFO             PET2 !!!!!!!!!!!!!!!!!!!!!!!!!!!!!!!!!!!!!!!!!!!!!!!!!!!!!!
20220906 034156.238 INFO             PET2 Running with ESMF Version   : v8.4.0b12-3-gfd0845b833
20220906 034156.238 INFO             PET2 ESMF library build date/time: "Sep  6 2022" "02:28:55"
20220906 034156.238 INFO             PET2 ESMF library build location : /scratch1/NCEPDEV/stmp2/Rocky.Dunlap/esmf-testing/gfortran_9.2.0b_openmpi_g_develop/esmf
20220906 034156.238 INFO             PET2 ESMF_COMM                   : openmpi
20220906 034156.239 INFO             PET2 ESMF_MOAB                   : enabled
20220906 034156.239 INFO             PET2 ESMF_LAPACK                 : enabled
20220906 034156.239 INFO             PET2 ESMF_NETCDF                 : disabled
20220906 034156.239 INFO             PET2 ESMF_PNETCDF                : disabled
20220906 034156.239 INFO             PET2 ESMF_PIO                    : disabled
20220906 034156.239 INFO             PET2 ESMF_YAMLCPP                : enabled
20220906 034156.334 DEBUG            PET2 about to destroy Grid: 0x1659280
20220906 034156.346 DEBUG            PET2 about to destroy Grid: 0x165a450
20220906 034156.376 INFO             PET2  NUMBER_OF_PROCESSORS           4
20220906 034156.376 INFO             PET2  PASS  Example ESMF_NUOPCAtmModelEx, ESMF_NUOPCAtmModelEx.F90, line 806
20220906 034156.376 INFO             PET2 Finalizing ESMF
20220906 034156.239 INFO             PET3 !!!!!!!!!!!!!!!!!!!!!!!!!!!!!!!!!!!!!!!!!!!!!!!!!!!!!!
20220906 034156.239 INFO             PET3 !!! THE ESMF_LOG IS SET TO OUTPUT ALL LOG MESSAGES !!!
20220906 034156.239 INFO             PET3 !!!     THIS MAY CAUSE SLOWDOWN IN PERFORMANCE     !!!
20220906 034156.239 INFO             PET3 !!! FOR PRODUCTION RUNS, USE:                      !!!
20220906 034156.239 INFO             PET3 !!!                   ESMF_LOGKIND_Multi_On_Error  !!!
20220906 034156.239 INFO             PET3 !!!!!!!!!!!!!!!!!!!!!!!!!!!!!!!!!!!!!!!!!!!!!!!!!!!!!!
20220906 034156.239 INFO             PET3 Running with ESMF Version   : v8.4.0b12-3-gfd0845b833
20220906 034156.239 INFO             PET3 ESMF library build date/time: "Sep  6 2022" "02:28:55"
20220906 034156.239 INFO             PET3 ESMF library build location : /scratch1/NCEPDEV/stmp2/Rocky.Dunlap/esmf-testing/gfortran_9.2.0b_openmpi_g_develop/esmf
20220906 034156.239 INFO             PET3 ESMF_COMM                   : openmpi
20220906 034156.240 INFO             PET3 ESMF_MOAB                   : enabled
20220906 034156.240 INFO             PET3 ESMF_LAPACK                 : enabled
20220906 034156.240 INFO             PET3 ESMF_NETCDF                 : disabled
20220906 034156.240 INFO             PET3 ESMF_PNETCDF                : disabled
20220906 034156.240 INFO             PET3 ESMF_PIO                    : disabled
20220906 034156.240 INFO             PET3 ESMF_YAMLCPP                : enabled
20220906 034156.334 DEBUG            PET3 about to destroy Grid: 0xc043f0
20220906 034156.345 DEBUG            PET3 about to destroy Grid: 0xc05620
20220906 034156.376 INFO             PET3  NUMBER_OF_PROCESSORS           4
20220906 034156.376 INFO             PET3  PASS  Example ESMF_NUOPCAtmModelEx, ESMF_NUOPCAtmModelEx.F90, line 806
20220906 034156.376 INFO             PET3 Finalizing ESMF
