2022-08-09 05:19:06
20220809 175324.006 INFO             PET0 !!!!!!!!!!!!!!!!!!!!!!!!!!!!!!!!!!!!!!!!!!!!!!!!!!!!!!
20220809 175324.006 INFO             PET0 !!! THE ESMF_LOG IS SET TO OUTPUT ALL LOG MESSAGES !!!
20220809 175324.006 INFO             PET0 !!!     THIS MAY CAUSE SLOWDOWN IN PERFORMANCE     !!!
20220809 175324.006 INFO             PET0 !!! FOR PRODUCTION RUNS, USE:                      !!!
20220809 175324.006 INFO             PET0 !!!                   ESMF_LOGKIND_Multi_On_Error  !!!
20220809 175324.006 INFO             PET0 !!!!!!!!!!!!!!!!!!!!!!!!!!!!!!!!!!!!!!!!!!!!!!!!!!!!!!
20220809 175324.006 INFO             PET0 Running with ESMF Version   : v8.3.0b17-30-g0de4558e1e
20220809 175324.006 INFO             PET0 ESMF library build date/time: "Aug  9 2022" "05:17:15"
20220809 175324.006 INFO             PET0 ESMF library build location : /global/cscratch1/sd/rsdunlap/esmf-testing/intel_19.1.2_mpiuni_g_feature_large-messages/esmf
20220809 175324.006 INFO             PET0 ESMF_COMM                   : mpiuni
20220809 175324.016 INFO             PET0 ESMF_MOAB                   : enabled
20220809 175324.016 INFO             PET0 ESMF_LAPACK                 : enabled
20220809 175324.016 INFO             PET0 ESMF_NETCDF                 : enabled
20220809 175324.016 INFO             PET0 ESMF_PNETCDF                : disabled
20220809 175324.016 INFO             PET0 ESMF_PIO                    : disabled
20220809 175324.016 INFO             PET0 ESMF_YAMLCPP                : enabled
20220809 175324.028 DEBUG            PET0 epochInit
20220809 175324.030 DEBUG            PET0 epochInit
20220809 175324.032 DEBUG            PET0 epochInit
20220809 175324.034 DEBUG            PET0 epochInit
20220809 175324.066 DEBUG            PET0 VMK::recv():4970, size=8000 using MPIUNI channel via memcpy() in one chunk
20220809 175324.066 DEBUG            PET0 VMK::send():4482, size=8000 using MPIUNI channel via memcpy() in one chunk
20220809 175324.066 DEBUG            PET0 VMK::recv():4970, size=8000 using MPIUNI channel via memcpy() in one chunk
20220809 175324.066 DEBUG            PET0 VMK::send():4482, size=8000 using MPIUNI channel via memcpy() in one chunk
20220809 175324.066 DEBUG            PET0 VMK::recv():4970, size=8000 using MPIUNI channel via memcpy() in one chunk
20220809 175324.066 DEBUG            PET0 VMK::send():4482, size=8000 using MPIUNI channel via memcpy() in one chunk
20220809 175324.066 DEBUG            PET0 VMK::recv():4970, size=8000 using MPIUNI channel via memcpy() in one chunk
20220809 175324.066 DEBUG            PET0 VMK::send():4482, size=8000 using MPIUNI channel via memcpy() in one chunk
20220809 175324.066 DEBUG            PET0 VMK::recv():4970, size=8000 using MPIUNI channel via memcpy() in one chunk
20220809 175324.066 DEBUG            PET0 VMK::send():4482, size=8000 using MPIUNI channel via memcpy() in one chunk
20220809 175324.066 DEBUG            PET0 VMK::recv():4970, size=8000 using MPIUNI channel via memcpy() in one chunk
20220809 175324.066 DEBUG            PET0 VMK::send():4482, size=8000 using MPIUNI channel via memcpy() in one chunk
20220809 175324.066 DEBUG            PET0 VMK::recv():4970, size=8000 using MPIUNI channel via memcpy() in one chunk
20220809 175324.066 DEBUG            PET0 VMK::send():4482, size=8000 using MPIUNI channel via memcpy() in one chunk
20220809 175324.066 DEBUG            PET0 VMK::recv():4970, size=8000 using MPIUNI channel via memcpy() in one chunk
20220809 175324.066 DEBUG            PET0 VMK::send():4482, size=8000 using MPIUNI channel via memcpy() in one chunk
20220809 175324.066 DEBUG            PET0 VMK::recv():4970, size=8000 using MPIUNI channel via memcpy() in one chunk
20220809 175324.066 DEBUG            PET0 VMK::send():4482, size=8000 using MPIUNI channel via memcpy() in one chunk
20220809 175324.066 DEBUG            PET0 VMK::recv():4970, size=8000 using MPIUNI channel via memcpy() in one chunk
20220809 175324.066 DEBUG            PET0 VMK::send():4482, size=8000 using MPIUNI channel via memcpy() in one chunk
20220809 175324.066 DEBUG            PET0 VMK::recv():4970, size=8000 using MPIUNI channel via memcpy() in one chunk
20220809 175324.066 DEBUG            PET0 VMK::send():4482, size=8000 using MPIUNI channel via memcpy() in one chunk
20220809 175324.066 DEBUG            PET0 VMK::recv():4970, size=8000 using MPIUNI channel via memcpy() in one chunk
20220809 175324.066 DEBUG            PET0 VMK::send():4482, size=8000 using MPIUNI channel via memcpy() in one chunk
20220809 175324.066 DEBUG            PET0 VMK::recv():4970, size=8000 using MPIUNI channel via memcpy() in one chunk
20220809 175324.066 DEBUG            PET0 VMK::send():4482, size=8000 using MPIUNI channel via memcpy() in one chunk
20220809 175324.067 DEBUG            PET0 about to destroy Grid: 0x1000011bfe0
20220809 175324.071 DEBUG            PET0 VMK::recv():4970, size=8000 using MPIUNI channel via memcpy() in one chunk
20220809 175324.071 DEBUG            PET0 VMK::send():4482, size=8000 using MPIUNI channel via memcpy() in one chunk
20220809 175324.071 DEBUG            PET0 VMK::recv():4970, size=8000 using MPIUNI channel via memcpy() in one chunk
20220809 175324.071 DEBUG            PET0 VMK::send():4482, size=8000 using MPIUNI channel via memcpy() in one chunk
20220809 175324.071 DEBUG            PET0 VMK::recv():4970, size=8000 using MPIUNI channel via memcpy() in one chunk
20220809 175324.071 DEBUG            PET0 VMK::send():4482, size=8000 using MPIUNI channel via memcpy() in one chunk
20220809 175324.071 DEBUG            PET0 VMK::recv():4970, size=8000 using MPIUNI channel via memcpy() in one chunk
20220809 175324.071 DEBUG            PET0 VMK::send():4482, size=8000 using MPIUNI channel via memcpy() in one chunk
20220809 175324.071 DEBUG            PET0 VMK::recv():4970, size=8000 using MPIUNI channel via memcpy() in one chunk
20220809 175324.071 DEBUG            PET0 VMK::send():4482, size=8000 using MPIUNI channel via memcpy() in one chunk
20220809 175324.071 DEBUG            PET0 VMK::recv():4970, size=8000 using MPIUNI channel via memcpy() in one chunk
20220809 175324.071 DEBUG            PET0 VMK::send():4482, size=8000 using MPIUNI channel via memcpy() in one chunk
20220809 175324.071 DEBUG            PET0 VMK::recv():4970, size=8000 using MPIUNI channel via memcpy() in one chunk
20220809 175324.071 DEBUG            PET0 VMK::send():4482, size=8000 using MPIUNI channel via memcpy() in one chunk
20220809 175324.071 DEBUG            PET0 VMK::recv():4970, size=8000 using MPIUNI channel via memcpy() in one chunk
20220809 175324.071 DEBUG            PET0 VMK::send():4482, size=8000 using MPIUNI channel via memcpy() in one chunk
20220809 175324.071 DEBUG            PET0 VMK::recv():4970, size=8000 using MPIUNI channel via memcpy() in one chunk
20220809 175324.071 DEBUG            PET0 VMK::send():4482, size=8000 using MPIUNI channel via memcpy() in one chunk
20220809 175324.071 DEBUG            PET0 VMK::recv():4970, size=8000 using MPIUNI channel via memcpy() in one chunk
20220809 175324.071 DEBUG            PET0 VMK::send():4482, size=8000 using MPIUNI channel via memcpy() in one chunk
20220809 175324.071 DEBUG            PET0 VMK::recv():4970, size=8000 using MPIUNI channel via memcpy() in one chunk
20220809 175324.071 DEBUG            PET0 VMK::send():4482, size=8000 using MPIUNI channel via memcpy() in one chunk
20220809 175324.071 DEBUG            PET0 VMK::recv():4970, size=8000 using MPIUNI channel via memcpy() in one chunk
20220809 175324.071 DEBUG            PET0 VMK::send():4482, size=8000 using MPIUNI channel via memcpy() in one chunk
20220809 175324.071 DEBUG            PET0 VMK::recv():4970, size=8000 using MPIUNI channel via memcpy() in one chunk
20220809 175324.071 DEBUG            PET0 VMK::send():4482, size=8000 using MPIUNI channel via memcpy() in one chunk
20220809 175324.071 DEBUG            PET0 about to destroy Grid: 0x1000011d8c0
20220809 175324.078 DEBUG            PET0 VMK::recv():4970, size=8000 using MPIUNI channel via memcpy() in one chunk
20220809 175324.078 DEBUG            PET0 VMK::send():4482, size=8000 using MPIUNI channel via memcpy() in one chunk
20220809 175324.078 DEBUG            PET0 VMK::recv():4970, size=8000 using MPIUNI channel via memcpy() in one chunk
20220809 175324.078 DEBUG            PET0 VMK::send():4482, size=8000 using MPIUNI channel via memcpy() in one chunk
20220809 175324.078 DEBUG            PET0 VMK::recv():4970, size=8000 using MPIUNI channel via memcpy() in one chunk
20220809 175324.078 DEBUG            PET0 VMK::send():4482, size=8000 using MPIUNI channel via memcpy() in one chunk
20220809 175324.078 DEBUG            PET0 VMK::recv():4970, size=8000 using MPIUNI channel via memcpy() in one chunk
20220809 175324.078 DEBUG            PET0 VMK::send():4482, size=8000 using MPIUNI channel via memcpy() in one chunk
20220809 175324.078 DEBUG            PET0 VMK::recv():4970, size=8000 using MPIUNI channel via memcpy() in one chunk
20220809 175324.078 DEBUG            PET0 VMK::send():4482, size=8000 using MPIUNI channel via memcpy() in one chunk
20220809 175324.078 DEBUG            PET0 VMK::recv():4970, size=8000 using MPIUNI channel via memcpy() in one chunk
20220809 175324.078 DEBUG            PET0 VMK::send():4482, size=8000 using MPIUNI channel via memcpy() in one chunk
20220809 175324.078 DEBUG            PET0 VMK::recv():4970, size=8000 using MPIUNI channel via memcpy() in one chunk
20220809 175324.078 DEBUG            PET0 VMK::send():4482, size=8000 using MPIUNI channel via memcpy() in one chunk
20220809 175324.078 DEBUG            PET0 VMK::recv():4970, size=8000 using MPIUNI channel via memcpy() in one chunk
20220809 175324.078 DEBUG            PET0 VMK::send():4482, size=8000 using MPIUNI channel via memcpy() in one chunk
20220809 175324.078 DEBUG            PET0 VMK::recv():4970, size=8000 using MPIUNI channel via memcpy() in one chunk
20220809 175324.078 DEBUG            PET0 VMK::send():4482, size=8000 using MPIUNI channel via memcpy() in one chunk
20220809 175324.078 DEBUG            PET0 VMK::recv():4970, size=8000 using MPIUNI channel via memcpy() in one chunk
20220809 175324.078 DEBUG            PET0 VMK::send():4482, size=8000 using MPIUNI channel via memcpy() in one chunk
20220809 175324.078 DEBUG            PET0 VMK::recv():4970, size=8000 using MPIUNI channel via memcpy() in one chunk
20220809 175324.078 DEBUG            PET0 VMK::send():4482, size=8000 using MPIUNI channel via memcpy() in one chunk
20220809 175324.080 DEBUG            PET0 VMK::recv():4970, size=8000 using MPIUNI channel via memcpy() in one chunk
20220809 175324.080 DEBUG            PET0 VMK::send():4482, size=8000 using MPIUNI channel via memcpy() in one chunk
20220809 175324.080 DEBUG            PET0 VMK::recv():4970, size=8000 using MPIUNI channel via memcpy() in one chunk
20220809 175324.080 DEBUG            PET0 VMK::send():4482, size=8000 using MPIUNI channel via memcpy() in one chunk
20220809 175324.080 DEBUG            PET0 VMK::recv():4970, size=8000 using MPIUNI channel via memcpy() in one chunk
20220809 175324.080 DEBUG            PET0 VMK::send():4482, size=8000 using MPIUNI channel via memcpy() in one chunk
20220809 175324.080 DEBUG            PET0 VMK::recv():4970, size=8000 using MPIUNI channel via memcpy() in one chunk
20220809 175324.080 DEBUG            PET0 VMK::send():4482, size=8000 using MPIUNI channel via memcpy() in one chunk
20220809 175324.080 DEBUG            PET0 VMK::recv():4970, size=8000 using MPIUNI channel via memcpy() in one chunk
20220809 175324.080 DEBUG            PET0 VMK::send():4482, size=8000 using MPIUNI channel via memcpy() in one chunk
20220809 175324.080 DEBUG            PET0 VMK::recv():4970, size=8000 using MPIUNI channel via memcpy() in one chunk
20220809 175324.081 DEBUG            PET0 VMK::send():4482, size=8000 using MPIUNI channel via memcpy() in one chunk
20220809 175324.081 DEBUG            PET0 VMK::recv():4970, size=8000 using MPIUNI channel via memcpy() in one chunk
20220809 175324.081 DEBUG            PET0 VMK::send():4482, size=8000 using MPIUNI channel via memcpy() in one chunk
20220809 175324.081 DEBUG            PET0 VMK::recv():4970, size=8000 using MPIUNI channel via memcpy() in one chunk
20220809 175324.081 DEBUG            PET0 VMK::send():4482, size=8000 using MPIUNI channel via memcpy() in one chunk
20220809 175324.081 DEBUG            PET0 VMK::recv():4970, size=8000 using MPIUNI channel via memcpy() in one chunk
20220809 175324.081 DEBUG            PET0 VMK::send():4482, size=8000 using MPIUNI channel via memcpy() in one chunk
20220809 175324.081 DEBUG            PET0 VMK::recv():4970, size=8000 using MPIUNI channel via memcpy() in one chunk
20220809 175324.081 DEBUG            PET0 VMK::send():4482, size=8000 using MPIUNI channel via memcpy() in one chunk
20220809 175324.081 DEBUG            PET0 VMK::recv():4970, size=8000 using MPIUNI channel via memcpy() in one chunk
20220809 175324.081 DEBUG            PET0 VMK::send():4482, size=8000 using MPIUNI channel via memcpy() in one chunk
20220809 175324.082 DEBUG            PET0 VMK::recv():4970, size=8000 using MPIUNI channel via memcpy() in one chunk
20220809 175324.082 DEBUG            PET0 VMK::send():4482, size=8000 using MPIUNI channel via memcpy() in one chunk
20220809 175324.082 DEBUG            PET0 VMK::recv():4970, size=40 using MPIUNI channel via memcpy() in one chunk
20220809 175324.082 DEBUG            PET0 VMK::send():4482, size=40 using MPIUNI channel via memcpy() in one chunk
20220809 175324.083 DEBUG            PET0 VMK::recv():4970, size=8000 using MPIUNI channel via memcpy() in one chunk
20220809 175324.083 DEBUG            PET0 VMK::send():4482, size=8000 using MPIUNI channel via memcpy() in one chunk
20220809 175324.083 DEBUG            PET0 VMK::recv():4970, size=40 using MPIUNI channel via memcpy() in one chunk
20220809 175324.083 DEBUG            PET0 VMK::send():4482, size=40 using MPIUNI channel via memcpy() in one chunk
20220809 175324.083 DEBUG            PET0 VMK::recv():4970, size=8000 using MPIUNI channel via memcpy() in one chunk
20220809 175324.083 DEBUG            PET0 VMK::send():4482, size=8000 using MPIUNI channel via memcpy() in one chunk
20220809 175324.083 DEBUG            PET0 VMK::recv():4970, size=40 using MPIUNI channel via memcpy() in one chunk
20220809 175324.083 DEBUG            PET0 VMK::send():4482, size=40 using MPIUNI channel via memcpy() in one chunk
20220809 175324.084 DEBUG            PET0 VMK::recv():4970, size=8000 using MPIUNI channel via memcpy() in one chunk
20220809 175324.084 DEBUG            PET0 VMK::send():4482, size=8000 using MPIUNI channel via memcpy() in one chunk
20220809 175324.084 DEBUG            PET0 VMK::recv():4970, size=40 using MPIUNI channel via memcpy() in one chunk
20220809 175324.084 DEBUG            PET0 VMK::send():4482, size=40 using MPIUNI channel via memcpy() in one chunk
20220809 175324.084 DEBUG            PET0 VMK::recv():4970, size=8000 using MPIUNI channel via memcpy() in one chunk
20220809 175324.084 DEBUG            PET0 VMK::send():4482, size=8000 using MPIUNI channel via memcpy() in one chunk
20220809 175324.084 DEBUG            PET0 VMK::recv():4970, size=40 using MPIUNI channel via memcpy() in one chunk
20220809 175324.084 DEBUG            PET0 VMK::send():4482, size=40 using MPIUNI channel via memcpy() in one chunk
20220809 175324.085 DEBUG            PET0 VMK::recv():4970, size=8000 using MPIUNI channel via memcpy() in one chunk
20220809 175324.085 DEBUG            PET0 VMK::send():4482, size=8000 using MPIUNI channel via memcpy() in one chunk
20220809 175324.085 DEBUG            PET0 VMK::recv():4970, size=40 using MPIUNI channel via memcpy() in one chunk
20220809 175324.085 DEBUG            PET0 VMK::send():4482, size=40 using MPIUNI channel via memcpy() in one chunk
20220809 175324.085 DEBUG            PET0 VMK::recv():4970, size=8000 using MPIUNI channel via memcpy() in one chunk
20220809 175324.085 DEBUG            PET0 VMK::send():4482, size=8000 using MPIUNI channel via memcpy() in one chunk
20220809 175324.085 DEBUG            PET0 VMK::recv():4970, size=8000 using MPIUNI channel via memcpy() in one chunk
20220809 175324.085 DEBUG            PET0 VMK::send():4482, size=8000 using MPIUNI channel via memcpy() in one chunk
20220809 175324.085 DEBUG            PET0 VMK::recv():4970, size=80 using MPIUNI channel via memcpy() in one chunk
20220809 175324.085 DEBUG            PET0 VMK::send():4482, size=80 using MPIUNI channel via memcpy() in one chunk
20220809 175324.085 DEBUG            PET0 epochFinal
20220809 175324.085 DEBUG            PET0 epochFinal
20220809 175324.085 DEBUG            PET0 epochFinal
20220809 175324.085 DEBUG            PET0 epochFinal
20220809 175324.086 INFO             PET0  NUMBER_OF_PROCESSORS           1
20220809 175324.086 INFO             PET0  PASS  Example ESMF_NUOPCAtmModelEx, ESMF_NUOPCAtmModelEx.F90, line 806
20220809 175324.086 INFO             PET0 Finalizing ESMF
20220809 175324.086 DEBUG            PET0 epochFinal
