2022-09-21 03:43:39
20220921 041625.362 INFO             PET0 !!!!!!!!!!!!!!!!!!!!!!!!!!!!!!!!!!!!!!!!!!!!!!!!!!!!!!
20220921 041625.362 INFO             PET0 !!! THE ESMF_LOG IS SET TO OUTPUT ALL LOG MESSAGES !!!
20220921 041625.362 INFO             PET0 !!!     THIS MAY CAUSE SLOWDOWN IN PERFORMANCE     !!!
20220921 041625.362 INFO             PET0 !!! FOR PRODUCTION RUNS, USE:                      !!!
20220921 041625.362 INFO             PET0 !!!                   ESMF_LOGKIND_Multi_On_Error  !!!
20220921 041625.362 INFO             PET0 !!!!!!!!!!!!!!!!!!!!!!!!!!!!!!!!!!!!!!!!!!!!!!!!!!!!!!
20220921 041625.362 INFO             PET0 Running with ESMF Version   : v8.4.0b14
20220921 041625.362 INFO             PET0 ESMF library build date/time: "Sep 21 2022" "03:41:35"
20220921 041625.362 INFO             PET0 ESMF library build location : /glade/scratch/dunlap/esmf-testing/gfortran_10.1.0_openmpi_O_develop/esmf
20220921 041625.362 INFO             PET0 ESMF_COMM                   : openmpi
20220921 041625.363 INFO             PET0 ESMF_MOAB                   : enabled
20220921 041625.363 INFO             PET0 ESMF_LAPACK                 : enabled
20220921 041625.363 INFO             PET0 ESMF_NETCDF                 : enabled
20220921 041625.363 INFO             PET0 ESMF_PNETCDF                : disabled
20220921 041625.363 INFO             PET0 ESMF_PIO                    : enabled
20220921 041625.363 INFO             PET0 ESMF_YAMLCPP                : enabled
20220921 041625.403 DEBUG            PET0 about to destroy Grid: 0x1b35740
20220921 041625.407 DEBUG            PET0 about to destroy Grid: 0x1b36bf0
20220921 041625.418 INFO             PET0  NUMBER_OF_PROCESSORS           4
20220921 041625.419 INFO             PET0  PASS  Example ESMF_NUOPCAtmModelEx, ESMF_NUOPCAtmModelEx.F90, line 806
20220921 041625.419 INFO             PET0 Finalizing ESMF
20220921 041625.364 INFO             PET1 !!!!!!!!!!!!!!!!!!!!!!!!!!!!!!!!!!!!!!!!!!!!!!!!!!!!!!
20220921 041625.364 INFO             PET1 !!! THE ESMF_LOG IS SET TO OUTPUT ALL LOG MESSAGES !!!
20220921 041625.364 INFO             PET1 !!!     THIS MAY CAUSE SLOWDOWN IN PERFORMANCE     !!!
20220921 041625.364 INFO             PET1 !!! FOR PRODUCTION RUNS, USE:                      !!!
20220921 041625.364 INFO             PET1 !!!                   ESMF_LOGKIND_Multi_On_Error  !!!
20220921 041625.364 INFO             PET1 !!!!!!!!!!!!!!!!!!!!!!!!!!!!!!!!!!!!!!!!!!!!!!!!!!!!!!
20220921 041625.364 INFO             PET1 Running with ESMF Version   : v8.4.0b14
20220921 041625.364 INFO             PET1 ESMF library build date/time: "Sep 21 2022" "03:41:35"
20220921 041625.364 INFO             PET1 ESMF library build location : /glade/scratch/dunlap/esmf-testing/gfortran_10.1.0_openmpi_O_develop/esmf
20220921 041625.364 INFO             PET1 ESMF_COMM                   : openmpi
20220921 041625.364 INFO             PET1 ESMF_MOAB                   : enabled
20220921 041625.364 INFO             PET1 ESMF_LAPACK                 : enabled
20220921 041625.364 INFO             PET1 ESMF_NETCDF                 : enabled
20220921 041625.364 INFO             PET1 ESMF_PNETCDF                : disabled
20220921 041625.364 INFO             PET1 ESMF_PIO                    : enabled
20220921 041625.364 INFO             PET1 ESMF_YAMLCPP                : enabled
20220921 041625.403 DEBUG            PET1 about to destroy Grid: 0x14c2de0
20220921 041625.407 DEBUG            PET1 about to destroy Grid: 0x14c3f50
20220921 041625.419 INFO             PET1  NUMBER_OF_PROCESSORS           4
20220921 041625.419 INFO             PET1  PASS  Example ESMF_NUOPCAtmModelEx, ESMF_NUOPCAtmModelEx.F90, line 806
20220921 041625.419 INFO             PET1 Finalizing ESMF
20220921 041625.362 INFO             PET2 !!!!!!!!!!!!!!!!!!!!!!!!!!!!!!!!!!!!!!!!!!!!!!!!!!!!!!
20220921 041625.362 INFO             PET2 !!! THE ESMF_LOG IS SET TO OUTPUT ALL LOG MESSAGES !!!
20220921 041625.362 INFO             PET2 !!!     THIS MAY CAUSE SLOWDOWN IN PERFORMANCE     !!!
20220921 041625.362 INFO             PET2 !!! FOR PRODUCTION RUNS, USE:                      !!!
20220921 041625.362 INFO             PET2 !!!                   ESMF_LOGKIND_Multi_On_Error  !!!
20220921 041625.362 INFO             PET2 !!!!!!!!!!!!!!!!!!!!!!!!!!!!!!!!!!!!!!!!!!!!!!!!!!!!!!
20220921 041625.362 INFO             PET2 Running with ESMF Version   : v8.4.0b14
20220921 041625.362 INFO             PET2 ESMF library build date/time: "Sep 21 2022" "03:41:35"
20220921 041625.362 INFO             PET2 ESMF library build location : /glade/scratch/dunlap/esmf-testing/gfortran_10.1.0_openmpi_O_develop/esmf
20220921 041625.362 INFO             PET2 ESMF_COMM                   : openmpi
20220921 041625.363 INFO             PET2 ESMF_MOAB                   : enabled
20220921 041625.363 INFO             PET2 ESMF_LAPACK                 : enabled
20220921 041625.363 INFO             PET2 ESMF_NETCDF                 : enabled
20220921 041625.363 INFO             PET2 ESMF_PNETCDF                : disabled
20220921 041625.363 INFO             PET2 ESMF_PIO                    : enabled
20220921 041625.363 INFO             PET2 ESMF_YAMLCPP                : enabled
20220921 041625.403 DEBUG            PET2 about to destroy Grid: 0x2633350
20220921 041625.407 DEBUG            PET2 about to destroy Grid: 0x26345b0
20220921 041625.418 INFO             PET2  NUMBER_OF_PROCESSORS           4
20220921 041625.419 INFO             PET2  PASS  Example ESMF_NUOPCAtmModelEx, ESMF_NUOPCAtmModelEx.F90, line 806
20220921 041625.419 INFO             PET2 Finalizing ESMF
20220921 041625.363 INFO             PET3 !!!!!!!!!!!!!!!!!!!!!!!!!!!!!!!!!!!!!!!!!!!!!!!!!!!!!!
20220921 041625.363 INFO             PET3 !!! THE ESMF_LOG IS SET TO OUTPUT ALL LOG MESSAGES !!!
20220921 041625.363 INFO             PET3 !!!     THIS MAY CAUSE SLOWDOWN IN PERFORMANCE     !!!
20220921 041625.363 INFO             PET3 !!! FOR PRODUCTION RUNS, USE:                      !!!
20220921 041625.363 INFO             PET3 !!!                   ESMF_LOGKIND_Multi_On_Error  !!!
20220921 041625.363 INFO             PET3 !!!!!!!!!!!!!!!!!!!!!!!!!!!!!!!!!!!!!!!!!!!!!!!!!!!!!!
20220921 041625.363 INFO             PET3 Running with ESMF Version   : v8.4.0b14
20220921 041625.363 INFO             PET3 ESMF library build date/time: "Sep 21 2022" "03:41:35"
20220921 041625.363 INFO             PET3 ESMF library build location : /glade/scratch/dunlap/esmf-testing/gfortran_10.1.0_openmpi_O_develop/esmf
20220921 041625.363 INFO             PET3 ESMF_COMM                   : openmpi
20220921 041625.363 INFO             PET3 ESMF_MOAB                   : enabled
20220921 041625.363 INFO             PET3 ESMF_LAPACK                 : enabled
20220921 041625.363 INFO             PET3 ESMF_NETCDF                 : enabled
20220921 041625.363 INFO             PET3 ESMF_PNETCDF                : disabled
20220921 041625.363 INFO             PET3 ESMF_PIO                    : enabled
20220921 041625.363 INFO             PET3 ESMF_YAMLCPP                : enabled
20220921 041625.403 DEBUG            PET3 about to destroy Grid: 0x1c460b0
20220921 041625.407 DEBUG            PET3 about to destroy Grid: 0x1c47370
20220921 041625.418 INFO             PET3  NUMBER_OF_PROCESSORS           4
20220921 041625.419 INFO             PET3  PASS  Example ESMF_NUOPCAtmModelEx, ESMF_NUOPCAtmModelEx.F90, line 806
20220921 041625.419 INFO             PET3 Finalizing ESMF
