2022-08-05 02:38:15
20220805 030220.199 INFO             PET0 !!!!!!!!!!!!!!!!!!!!!!!!!!!!!!!!!!!!!!!!!!!!!!!!!!!!!!
20220805 030220.199 INFO             PET0 !!! THE ESMF_LOG IS SET TO OUTPUT ALL LOG MESSAGES !!!
20220805 030220.199 INFO             PET0 !!!     THIS MAY CAUSE SLOWDOWN IN PERFORMANCE     !!!
20220805 030220.199 INFO             PET0 !!! FOR PRODUCTION RUNS, USE:                      !!!
20220805 030220.199 INFO             PET0 !!!                   ESMF_LOGKIND_Multi_On_Error  !!!
20220805 030220.199 INFO             PET0 !!!!!!!!!!!!!!!!!!!!!!!!!!!!!!!!!!!!!!!!!!!!!!!!!!!!!!
20220805 030220.199 INFO             PET0 Running with ESMF Version   : v8.3.0b17-27-g5b5163f
20220805 030220.199 INFO             PET0 ESMF library build date/time: "Aug  5 2022" "02:36:27"
20220805 030220.199 INFO             PET0 ESMF library build location : /work/noaa/da/mpotts/sandbox/gfortran_8.3.0_openmpi_O_feature_large-messages/esmf
20220805 030220.199 INFO             PET0 ESMF_COMM                   : openmpi
20220805 030220.200 INFO             PET0 ESMF_MOAB                   : enabled
20220805 030220.200 INFO             PET0 ESMF_LAPACK                 : enabled
20220805 030220.200 INFO             PET0 ESMF_NETCDF                 : enabled
20220805 030220.200 INFO             PET0 ESMF_PNETCDF                : disabled
20220805 030220.200 INFO             PET0 ESMF_PIO                    : enabled
20220805 030220.200 INFO             PET0 ESMF_YAMLCPP                : enabled
20220805 030220.200 INFO             PET0  NUMBER_OF_PROCESSORS           1
20220805 030220.200 INFO             PET0  PASS  Example CalendarEx, ESMF_CalendarEx.F90, line 217
20220805 030220.200 INFO             PET0 Finalizing ESMF
20220805 030220.200 DEBUG            PET0 epochFinal
