2022-08-08 02:33:54
[1659945150.125707] [Orion-03-19:171396:0]       ib_verbs.h:84   UCX  ERROR ibv_exp_query_device(mlx5_0) returned 38: No space left on device
[1659945150.125909] [Orion-03-19:171397:0]       ib_verbs.h:84   UCX  ERROR ibv_exp_query_device(mlx5_0) returned 38: No space left on device
[1659945150.125794] [Orion-03-19:171394:0]       ib_verbs.h:84   UCX  ERROR ibv_exp_query_device(mlx5_0) returned 38: No space left on device
[1659945150.125826] [Orion-03-19:171395:0]       ib_verbs.h:84   UCX  ERROR ibv_exp_query_device(mlx5_0) returned 38: No space left on device
 ESMF_LogWrite(): ESMF_Log not open -- cannot ESMF_LogWrite().  Log message = epochInit
 ESMF_LogWrite(): ESMF_Log not open -- cannot ESMF_LogWrite().  Log message = epochInit
 ESMF_LogWrite(): ESMF_Log not open -- cannot ESMF_LogWrite().  Log message = epochInit
 ESMF_LogWrite(): ESMF_Log not open -- cannot ESMF_LogWrite().  Log message = epochInit
 got same values back from GetInternalState as original
 got same values back from GetInternalState as original
 got same values back from GetInternalState as original
 got same values back from GetInternalState as original
  PASS  Example ESMF_InternalStateModEx, ESMF_InternalStateModEx.F90, line 239
  PASS  Example ESMF_InternalStateModEx, ESMF_InternalStateModEx.F90, line 239
  PASS  Example ESMF_InternalStateModEx, ESMF_InternalStateModEx.F90, line 239
  PASS  Example ESMF_InternalStateModEx, ESMF_InternalStateModEx.F90, line 239
 PASS: ESMF_InternalStateEx.F90
 PASS: ESMF_InternalStateEx.F90
 PASS: ESMF_InternalStateEx.F90
 PASS: ESMF_InternalStateEx.F90
