2022-09-09 04:41:32
20220909 051238.304 INFO             PET0 !!!!!!!!!!!!!!!!!!!!!!!!!!!!!!!!!!!!!!!!!!!!!!!!!!!!!!
20220909 051238.304 INFO             PET0 !!! THE ESMF_LOG IS SET TO OUTPUT ALL LOG MESSAGES !!!
20220909 051238.304 INFO             PET0 !!!     THIS MAY CAUSE SLOWDOWN IN PERFORMANCE     !!!
20220909 051238.304 INFO             PET0 !!! FOR PRODUCTION RUNS, USE:                      !!!
20220909 051238.304 INFO             PET0 !!!                   ESMF_LOGKIND_Multi_On_Error  !!!
20220909 051238.304 INFO             PET0 !!!!!!!!!!!!!!!!!!!!!!!!!!!!!!!!!!!!!!!!!!!!!!!!!!!!!!
20220909 051238.304 INFO             PET0 Running with ESMF Version   : v8.3.1b05
20220909 051238.304 INFO             PET0 ESMF library build date/time: "Sep  9 2022" "04:38:41"
20220909 051238.304 INFO             PET0 ESMF library build location : /glade/scratch/dunlap/esmf-testing/gfortran_10.1.0_mpt_g_patch_8.3.1/esmf
20220909 051238.304 INFO             PET0 ESMF_COMM                   : mpt
20220909 051238.304 INFO             PET0 ESMF_MOAB                   : enabled
20220909 051238.304 INFO             PET0 ESMF_LAPACK                 : enabled
20220909 051238.304 INFO             PET0 ESMF_NETCDF                 : enabled
20220909 051238.304 INFO             PET0 ESMF_PNETCDF                : disabled
20220909 051238.304 INFO             PET0 ESMF_PIO                    : enabled
20220909 051238.304 INFO             PET0 ESMF_YAMLCPP                : enabled
20220909 051238.305 INFO             PET0 esmApp STARTING
20220909 051238.313 INFO             PET0 esm: InitializeP1 intro.
20220909 051238.313 INFO             PET0   esm: InitializeIPDv02p1 intro.
20220909 051238.313 INFO             PET0     >>>esm: entered Initialize (phase=<none>) without valid internal Clock.
20220909 051238.348 INFO             PET0     esm - Creating state: modelComp 1 Import State
20220909 051238.348 INFO             PET0     esm - Creating state: modelComp 1 Export State
20220909 051238.348 INFO             PET0     esm - Creating state: modelComp 2 Import State
20220909 051238.348 INFO             PET0     esm - Creating state: modelComp 2 Export State
20220909 051238.348 INFO             PET0     esm - Creating state: modelComp 3 Import State
20220909 051238.348 INFO             PET0     esm - Creating state: modelComp 3 Export State
20220909 051238.350 INFO             PET0     ATM: InitializeP0 intro.
20220909 051238.351 INFO             PET0     ATM: InitializeP0 extro.
20220909 051238.355 INFO             PET0     LND: InitializeP0 intro.
20220909 051238.356 INFO             PET0     LND: InitializeP0 extro.
20220909 051238.357 INFO             PET0     ATM-TO-OCN: InitializeP0 intro.
20220909 051238.357 INFO             PET0     ATM-TO-OCN: InitializeP0 extro.
20220909 051238.358 INFO             PET0     ATM-TO-LND: InitializeP0 intro.
20220909 051238.358 INFO             PET0     ATM-TO-LND: InitializeP0 extro.
20220909 051238.359 INFO             PET0     OCN-TO-ATM: InitializeP0 intro.
20220909 051238.359 INFO             PET0     OCN-TO-ATM: InitializeP0 extro.
20220909 051238.360 INFO             PET0     LND-TO-ATM: InitializeP0 intro.
20220909 051238.361 INFO             PET0     LND-TO-ATM: InitializeP0 extro.
20220909 051238.366 INFO             PET0     esm: IInitAdvertise intro.
20220909 051238.366 INFO             PET0     esm: IInitAdvertise extro.
20220909 051238.366 INFO             PET0     ATM: InitializeIPDvXp01 intro.
20220909 051238.369 INFO             PET0     ATM: InitializeIPDvXp01 extro.
20220909 051238.374 INFO             PET0     LND: InitializeIPDvXp01 intro.
20220909 051238.374 INFO             PET0     LND: InitializeIPDvXp01 extro.
20220909 051238.375 INFO             PET0     ATM-TO-OCN: InitializeIPDv05p1 intro.
20220909 051238.379 INFO             PET0     ATM-TO-OCN: InitializeIPDv05p1 extro.
20220909 051238.379 INFO             PET0     ATM-TO-LND: InitializeIPDv05p1 intro.
20220909 051238.382 INFO             PET0     ATM-TO-LND: InitializeIPDv05p1 extro.
20220909 051238.382 INFO             PET0     OCN-TO-ATM: InitializeIPDv05p1 intro.
20220909 051238.385 INFO             PET0     OCN-TO-ATM: InitializeIPDv05p1 extro.
20220909 051238.385 INFO             PET0     LND-TO-ATM: InitializeIPDv05p1 intro.
20220909 051238.388 INFO             PET0     LND-TO-ATM: InitializeIPDv05p1 extro.
20220909 051238.388 INFO             PET0     esm: IInitAdvertiseFinish intro.
20220909 051238.388 INFO             PET0     esm: IInitAdvertiseFinish extro.
20220909 051238.388 INFO             PET0     ATM-TO-OCN: InitializeIPDv05p2a intro.
20220909 051238.391 INFO             PET0     ATM-TO-OCN: InitializeIPDv05p2a extro.
20220909 051238.394 INFO             PET0     ATM-TO-LND: InitializeIPDv05p2a intro.
20220909 051238.397 INFO             PET0     ATM-TO-LND: InitializeIPDv05p2a extro.
20220909 051238.397 INFO             PET0     OCN-TO-ATM: InitializeIPDv05p2a intro.
20220909 051238.400 INFO             PET0     OCN-TO-ATM: InitializeIPDv05p2a extro.
20220909 051238.400 INFO             PET0     LND-TO-ATM: InitializeIPDv05p2a intro.
20220909 051238.403 INFO             PET0     LND-TO-ATM: InitializeIPDv05p2a extro.
20220909 051238.403 INFO             PET0     ATM-TO-OCN: InitializeIPDv05p2b intro.
20220909 051238.406 INFO             PET0     ATM-TO-OCN: InitializeIPDv05p2b extro.
20220909 051238.407 INFO             PET0     ATM-TO-LND: InitializeIPDv05p2b intro.
20220909 051238.409 INFO             PET0     ATM-TO-LND: InitializeIPDv05p2b extro.
20220909 051238.410 INFO             PET0     OCN-TO-ATM: InitializeIPDv05p2b intro.
20220909 051238.413 INFO             PET0     OCN-TO-ATM: InitializeIPDv05p2b extro.
20220909 051238.413 INFO             PET0     LND-TO-ATM: InitializeIPDv05p2b intro.
20220909 051238.415 INFO             PET0     LND-TO-ATM: InitializeIPDv05p2b extro.
20220909 051238.416 INFO             PET0     esm: IInitModifyCplLists intro.
20220909 051238.416 INFO             PET0     esm: IInitModifyCplLists extro.
20220909 051238.416 INFO             PET0     ATM-TO-OCN: InitializeIPDv05p3 intro.
20220909 051238.420 INFO             PET0     ATM-TO-OCN: InitializeIPDv05p3 extro.
20220909 051238.420 INFO             PET0     ATM-TO-LND: InitializeIPDv05p3 intro.
20220909 051238.423 INFO             PET0     ATM-TO-LND: InitializeIPDv05p3 extro.
20220909 051238.423 INFO             PET0     OCN-TO-ATM: InitializeIPDv05p3 intro.
20220909 051238.426 INFO             PET0     OCN-TO-ATM: InitializeIPDv05p3 extro.
20220909 051238.426 INFO             PET0     LND-TO-ATM: InitializeIPDv05p3 intro.
20220909 051238.429 INFO             PET0     LND-TO-ATM: InitializeIPDv05p3 extro.
20220909 051238.429 INFO             PET0     <<<esm: leaving Initialize (phase=<none>) with current time: 2010  6  1  0  0  0   0
20220909 051238.429 INFO             PET0   esm: InitializeIPDv02p1 extro.
20220909 051238.429 INFO             PET0   esm: InitializeIPDv02p3 intro.
20220909 051238.429 INFO             PET0     esm: IInitCheck intro.
20220909 051238.429 INFO             PET0     esm: IInitCheck extro.
20220909 051238.429 INFO             PET0     ATM: InitializeIPDvXp04 intro.
20220909 051238.435 INFO             PET0     ATM: InitializeIPDvXp04 extro.
20220909 051238.441 INFO             PET0     LND: InitializeIPDvXp04 intro.
20220909 051238.441 INFO             PET0     LND: InitializeIPDvXp04 extro.
20220909 051238.442 INFO             PET0     ATM-TO-OCN: InitializeIPDv05p4 intro.
20220909 051238.448 INFO             PET0     ATM-TO-OCN: InitializeIPDv05p4 extro.
20220909 051238.448 INFO             PET0     ATM-TO-LND: InitializeIPDv05p4 intro.
20220909 051238.452 INFO             PET0     ATM-TO-LND: InitializeIPDv05p4 extro.
20220909 051238.452 INFO             PET0     OCN-TO-ATM: InitializeIPDv05p4 intro.
20220909 051238.456 INFO             PET0     OCN-TO-ATM: InitializeIPDv05p4 extro.
20220909 051238.456 INFO             PET0     LND-TO-ATM: InitializeIPDv05p4 intro.
20220909 051238.459 INFO             PET0     LND-TO-ATM: InitializeIPDv05p4 extro.
20220909 051238.459 INFO             PET0     ATM-TO-OCN: InitializeIPDv05p5 intro.
20220909 051238.464 INFO             PET0     ATM-TO-OCN: InitializeIPDv05p5 extro.
20220909 051238.464 INFO             PET0     ATM-TO-LND: InitializeIPDv05p5 intro.
20220909 051238.468 INFO             PET0     ATM-TO-LND: InitializeIPDv05p5 extro.
20220909 051238.468 INFO             PET0     OCN-TO-ATM: InitializeIPDv05p5 intro.
20220909 051238.472 INFO             PET0     OCN-TO-ATM: InitializeIPDv05p5 extro.
20220909 051238.472 INFO             PET0     LND-TO-ATM: InitializeIPDv05p5 intro.
20220909 051238.475 INFO             PET0     LND-TO-ATM: InitializeIPDv05p5 extro.
20220909 051238.475 INFO             PET0     esm: IInitRealize intro.
20220909 051238.476 INFO             PET0     esm: IInitRealize extro.
20220909 051238.476 INFO             PET0     ATM-TO-OCN: InitializeIPDv05p6a intro.
20220909 051238.481 INFO             PET0     ATM-TO-OCN: InitializeIPDv05p6a extro.
20220909 051238.481 INFO             PET0     ATM-TO-LND: InitializeIPDv05p6a intro.
20220909 051238.484 INFO             PET0     ATM-TO-LND: InitializeIPDv05p6a extro.
20220909 051238.485 INFO             PET0     OCN-TO-ATM: InitializeIPDv05p6a intro.
20220909 051238.488 INFO             PET0     OCN-TO-ATM: InitializeIPDv05p6a extro.
20220909 051238.488 INFO             PET0     LND-TO-ATM: InitializeIPDv05p6a intro.
20220909 051238.491 INFO             PET0     LND-TO-ATM: InitializeIPDv05p6a extro.
20220909 051238.491 INFO             PET0     ATM-TO-OCN: InitializeIPDv05p6b intro.
20220909 051238.543 INFO             PET0     ATM-TO-OCN: InitializeIPDv05p6b extro.
20220909 051238.543 INFO             PET0     ATM-TO-LND: InitializeIPDv05p6b intro.
20220909 051238.543 INFO             PET0     ATM-TO-LND: InitializeIPDv05p6b extro.
20220909 051238.543 INFO             PET0     OCN-TO-ATM: InitializeIPDv05p6b intro.
20220909 051238.588 INFO             PET0     OCN-TO-ATM: InitializeIPDv05p6b extro.
20220909 051238.588 INFO             PET0     LND-TO-ATM: InitializeIPDv05p6b intro.
20220909 051238.588 INFO             PET0     LND-TO-ATM: InitializeIPDv05p6b extro.
20220909 051238.589 INFO             PET0     ATM: InitializeIPDvXp07 intro.
20220909 051238.589 INFO             PET0     ATM: InitializeIPDvXp07 extro.
20220909 051238.591 INFO             PET0     LND: InitializeIPDvXp07 intro.
20220909 051238.591 INFO             PET0     LND: InitializeIPDvXp07 extro.
20220909 051238.591 INFO             PET0   esm: InitializeIPDv02p3 extro.
20220909 051238.592 INFO             PET0   esm: InitializeIPDv02p5 intro.
20220909 051238.592 INFO             PET0     esm: InitializeIPDv02p5Data intro.
20220909 051238.592 INFO             PET0       esm: InternalInitializeComplete intro.
20220909 051238.592 INFO             PET0       esm: InternalInitializeComplete extro.
20220909 051238.592 INFO             PET0       ATM: InitializeIPDv01p5 intro.
20220909 051238.592 INFO             PET0       ATM: InitializeIPDv01p5 extro.
20220909 051238.594 INFO             PET0       LND: InitializeIPDv01p5 intro.
20220909 051238.594 INFO             PET0       LND: InitializeIPDv01p5 extro.
20220909 051238.595 INFO             PET0       esm: loopDataDependentInitialize intro.
20220909 051238.595 INFO             PET0       esm: loopDataDependentInitialize extro.
20220909 051238.595 INFO             PET0     esm: InitializeIPDv02p5Data extro.
20220909 051238.595 INFO             PET0   esm: InitializeIPDv02p5 extro.
20220909 051238.595 INFO             PET0 esm: InitializeP1 extro.
20220909 051238.595 INFO             PET0 esm: Run intro.
20220909 051238.595 INFO             PET0   >>>esm entered Run (phase=RunPhase1) with current time: 2010  6  1  0  0  0   0
20220909 051238.595 INFO             PET0   esm: after lable_SetRunClock, current time: 2010  6  1  0  0  0   0
20220909 051238.595 INFO             PET0   esm: begin -------> RunSequence.
20220909 051238.595 INFO             PET0     esm: RunSequence event loopLevel=   1  levelMember=   1  loopIteration=   1, current time: 2010  6  1  0  0  0   0
20220909 051238.595 INFO             PET0     ATM-TO-OCN: Run intro.
20220909 051238.596 INFO             PET0     ATM-TO-OCN: Run extro.
20220909 051238.596 INFO             PET0     OCN-TO-ATM: Run intro.
20220909 051238.596 INFO             PET0     OCN-TO-ATM: Run extro.
20220909 051238.596 INFO             PET0     ATM-TO-LND: Run intro.
20220909 051238.596 INFO             PET0     ATM-TO-LND: Run extro.
20220909 051238.596 INFO             PET0     LND-TO-ATM: Run intro.
20220909 051238.596 INFO             PET0     LND-TO-ATM: Run extro.
20220909 051238.596 INFO             PET0     ATM: Run intro.
20220909 051238.597 INFO             PET0       ------>Advancing ATM from: 2010  6  1  0  0  0   0
20220909 051238.597 INFO             PET0       ---------------------> to: 2010  6  1  0 30  0   0
20220909 051238.597 INFO             PET0     ATM: Run extro.
20220909 051238.597 INFO             PET0     esm: RunSequence event loopLevel=   2  levelMember=   1  loopIteration=   1, current time: 2010  6  1  0  0  0   0
20220909 051238.597 INFO             PET0     ------>Advancing OCN from: 2010  6  1  0  0  0   0
20220909 051238.597 INFO             PET0     ---------------------> to: 2010  6  1  0  5  0   0
20220909 051238.597 INFO             PET0     ------>Advancing OCN from: 2010  6  1  0  5  0   0
20220909 051238.597 INFO             PET0     ---------------------> to: 2010  6  1  0 10  0   0
20220909 051238.597 INFO             PET0     ------>Advancing OCN from: 2010  6  1  0 10  0   0
20220909 051238.597 INFO             PET0     ---------------------> to: 2010  6  1  0 15  0   0
20220909 051238.597 INFO             PET0     ------>Advancing OCN from: 2010  6  1  0 15  0   0
20220909 051238.597 INFO             PET0     ---------------------> to: 2010  6  1  0 20  0   0
20220909 051238.597 INFO             PET0     ------>Advancing OCN from: 2010  6  1  0 20  0   0
20220909 051238.597 INFO             PET0     ---------------------> to: 2010  6  1  0 25  0   0
20220909 051238.597 INFO             PET0     ------>Advancing OCN from: 2010  6  1  0 25  0   0
20220909 051238.597 INFO             PET0     ---------------------> to: 2010  6  1  0 30  0   0
20220909 051238.597 INFO             PET0     LND: Run intro.
20220909 051238.597 INFO             PET0       ------>Advancing LND from: 2010  6  1  0  0  0   0
20220909 051238.597 INFO             PET0       ---------------------> to: 2010  6  1  0  5  0   0
20220909 051238.597 INFO             PET0       ------>Advancing LND from: 2010  6  1  0  5  0   0
20220909 051238.597 INFO             PET0       ---------------------> to: 2010  6  1  0 10  0   0
20220909 051238.597 INFO             PET0       ------>Advancing LND from: 2010  6  1  0 10  0   0
20220909 051238.597 INFO             PET0       ---------------------> to: 2010  6  1  0 15  0   0
20220909 051238.597 INFO             PET0       ------>Advancing LND from: 2010  6  1  0 15  0   0
20220909 051238.597 INFO             PET0       ---------------------> to: 2010  6  1  0 20  0   0
20220909 051238.597 INFO             PET0       ------>Advancing LND from: 2010  6  1  0 20  0   0
20220909 051238.597 INFO             PET0       ---------------------> to: 2010  6  1  0 25  0   0
20220909 051238.597 INFO             PET0       ------>Advancing LND from: 2010  6  1  0 25  0   0
20220909 051238.597 INFO             PET0       ---------------------> to: 2010  6  1  0 30  0   0
20220909 051238.597 INFO             PET0     LND: Run extro.
20220909 051238.597 INFO             PET0     esm: RunSequence event loopLevel=   1  levelMember=   1  loopIteration=   2, current time: 2010  6  1  0 30  0   0
20220909 051238.598 INFO             PET0     ATM-TO-OCN: Run intro.
20220909 051238.598 INFO             PET0     ATM-TO-OCN: Run extro.
20220909 051238.598 INFO             PET0     OCN-TO-ATM: Run intro.
20220909 051238.598 INFO             PET0     OCN-TO-ATM: Run extro.
20220909 051238.598 INFO             PET0     ATM-TO-LND: Run intro.
20220909 051238.598 INFO             PET0     ATM-TO-LND: Run extro.
20220909 051238.598 INFO             PET0     LND-TO-ATM: Run intro.
20220909 051238.598 INFO             PET0     LND-TO-ATM: Run extro.
20220909 051238.598 INFO             PET0     ATM: Run intro.
20220909 051238.598 INFO             PET0       ------>Advancing ATM from: 2010  6  1  0 30  0   0
20220909 051238.598 INFO             PET0       ---------------------> to: 2010  6  1  1  0  0   0
20220909 051238.598 INFO             PET0     ATM: Run extro.
20220909 051238.598 INFO             PET0     esm: RunSequence event loopLevel=   2  levelMember=   1  loopIteration=   1, current time: 2010  6  1  0 30  0   0
20220909 051238.599 INFO             PET0     ------>Advancing OCN from: 2010  6  1  0 30  0   0
20220909 051238.599 INFO             PET0     ---------------------> to: 2010  6  1  0 35  0   0
20220909 051238.599 INFO             PET0     ------>Advancing OCN from: 2010  6  1  0 35  0   0
20220909 051238.599 INFO             PET0     ---------------------> to: 2010  6  1  0 40  0   0
20220909 051238.599 INFO             PET0     ------>Advancing OCN from: 2010  6  1  0 40  0   0
20220909 051238.599 INFO             PET0     ---------------------> to: 2010  6  1  0 45  0   0
20220909 051238.599 INFO             PET0     ------>Advancing OCN from: 2010  6  1  0 45  0   0
20220909 051238.599 INFO             PET0     ---------------------> to: 2010  6  1  0 50  0   0
20220909 051238.599 INFO             PET0     ------>Advancing OCN from: 2010  6  1  0 50  0   0
20220909 051238.599 INFO             PET0     ---------------------> to: 2010  6  1  0 55  0   0
20220909 051238.599 INFO             PET0     ------>Advancing OCN from: 2010  6  1  0 55  0   0
20220909 051238.599 INFO             PET0     ---------------------> to: 2010  6  1  1  0  0   0
20220909 051238.599 INFO             PET0     LND: Run intro.
20220909 051238.599 INFO             PET0       ------>Advancing LND from: 2010  6  1  0 30  0   0
20220909 051238.599 INFO             PET0       ---------------------> to: 2010  6  1  0 35  0   0
20220909 051238.599 INFO             PET0       ------>Advancing LND from: 2010  6  1  0 35  0   0
20220909 051238.599 INFO             PET0       ---------------------> to: 2010  6  1  0 40  0   0
20220909 051238.599 INFO             PET0       ------>Advancing LND from: 2010  6  1  0 40  0   0
20220909 051238.599 INFO             PET0       ---------------------> to: 2010  6  1  0 45  0   0
20220909 051238.599 INFO             PET0       ------>Advancing LND from: 2010  6  1  0 45  0   0
20220909 051238.599 INFO             PET0       ---------------------> to: 2010  6  1  0 50  0   0
20220909 051238.599 INFO             PET0       ------>Advancing LND from: 2010  6  1  0 50  0   0
20220909 051238.599 INFO             PET0       ---------------------> to: 2010  6  1  0 55  0   0
20220909 051238.599 INFO             PET0       ------>Advancing LND from: 2010  6  1  0 55  0   0
20220909 051238.599 INFO             PET0       ---------------------> to: 2010  6  1  1  0  0   0
20220909 051238.599 INFO             PET0     LND: Run extro.
20220909 051238.599 INFO             PET0   esm: end <--------- RunSequence
20220909 051238.599 INFO             PET0   <<<esm - leaving Run with current time: 2010  6  1  1  0  0   0
20220909 051238.599 INFO             PET0 esm: Run extro.
20220909 051238.599 INFO             PET0 esm: Finalize intro.
20220909 051238.599 INFO             PET0   ATM-TO-OCN: Finalize intro.
20220909 051238.600 INFO             PET0   ATM-TO-OCN: Finalize extro.
20220909 051238.600 INFO             PET0   ATM-TO-LND: Finalize intro.
20220909 051238.600 INFO             PET0   ATM-TO-LND: Finalize extro.
20220909 051238.600 INFO             PET0   OCN-TO-ATM: Finalize intro.
20220909 051238.600 INFO             PET0   OCN-TO-ATM: Finalize extro.
20220909 051238.600 INFO             PET0   LND-TO-ATM: Finalize intro.
20220909 051238.600 INFO             PET0   LND-TO-ATM: Finalize extro.
20220909 051238.600 INFO             PET0   ATM: Finalize intro.
20220909 051238.600 INFO             PET0   ATM: Finalize extro.
20220909 051238.600 INFO             PET0   LND: Finalize intro.
20220909 051238.600 INFO             PET0   LND: Finalize extro.
20220909 051238.600 INFO             PET0 esm: Finalize extro.
20220909 051238.600 INFO             PET0 esmApp FINISHED
20220909 051238.600 INFO             PET0 Finalizing ESMF
20220909 051238.304 INFO             PET1 !!!!!!!!!!!!!!!!!!!!!!!!!!!!!!!!!!!!!!!!!!!!!!!!!!!!!!
20220909 051238.304 INFO             PET1 !!! THE ESMF_LOG IS SET TO OUTPUT ALL LOG MESSAGES !!!
20220909 051238.304 INFO             PET1 !!!     THIS MAY CAUSE SLOWDOWN IN PERFORMANCE     !!!
20220909 051238.304 INFO             PET1 !!! FOR PRODUCTION RUNS, USE:                      !!!
20220909 051238.304 INFO             PET1 !!!                   ESMF_LOGKIND_Multi_On_Error  !!!
20220909 051238.304 INFO             PET1 !!!!!!!!!!!!!!!!!!!!!!!!!!!!!!!!!!!!!!!!!!!!!!!!!!!!!!
20220909 051238.304 INFO             PET1 Running with ESMF Version   : v8.3.1b05
20220909 051238.304 INFO             PET1 ESMF library build date/time: "Sep  9 2022" "04:38:41"
20220909 051238.304 INFO             PET1 ESMF library build location : /glade/scratch/dunlap/esmf-testing/gfortran_10.1.0_mpt_g_patch_8.3.1/esmf
20220909 051238.304 INFO             PET1 ESMF_COMM                   : mpt
20220909 051238.304 INFO             PET1 ESMF_MOAB                   : enabled
20220909 051238.304 INFO             PET1 ESMF_LAPACK                 : enabled
20220909 051238.304 INFO             PET1 ESMF_NETCDF                 : enabled
20220909 051238.304 INFO             PET1 ESMF_PNETCDF                : disabled
20220909 051238.304 INFO             PET1 ESMF_PIO                    : enabled
20220909 051238.304 INFO             PET1 ESMF_YAMLCPP                : enabled
20220909 051238.305 INFO             PET1 esmApp STARTING
20220909 051238.313 INFO             PET1 esm: InitializeP1 intro.
20220909 051238.313 INFO             PET1   esm: InitializeIPDv02p1 intro.
20220909 051238.313 INFO             PET1     >>>esm: entered Initialize (phase=<none>) without valid internal Clock.
20220909 051238.348 INFO             PET1     esm - Creating state: modelComp 1 Import State
20220909 051238.348 INFO             PET1     esm - Creating state: modelComp 1 Export State
20220909 051238.348 INFO             PET1     esm - Creating state: modelComp 2 Import State
20220909 051238.348 INFO             PET1     esm - Creating state: modelComp 2 Export State
20220909 051238.348 INFO             PET1     esm - Creating state: modelComp 3 Import State
20220909 051238.348 INFO             PET1     esm - Creating state: modelComp 3 Export State
20220909 051238.350 INFO             PET1     ATM: InitializeP0 intro.
20220909 051238.351 INFO             PET1     ATM: InitializeP0 extro.
20220909 051238.355 INFO             PET1     LND: InitializeP0 intro.
20220909 051238.356 INFO             PET1     LND: InitializeP0 extro.
20220909 051238.357 INFO             PET1     ATM-TO-OCN: InitializeP0 intro.
20220909 051238.357 INFO             PET1     ATM-TO-OCN: InitializeP0 extro.
20220909 051238.358 INFO             PET1     ATM-TO-LND: InitializeP0 intro.
20220909 051238.359 INFO             PET1     ATM-TO-LND: InitializeP0 extro.
20220909 051238.359 INFO             PET1     OCN-TO-ATM: InitializeP0 intro.
20220909 051238.360 INFO             PET1     OCN-TO-ATM: InitializeP0 extro.
20220909 051238.361 INFO             PET1     LND-TO-ATM: InitializeP0 intro.
20220909 051238.361 INFO             PET1     LND-TO-ATM: InitializeP0 extro.
20220909 051238.366 INFO             PET1     esm: IInitAdvertise intro.
20220909 051238.366 INFO             PET1     esm: IInitAdvertise extro.
20220909 051238.366 INFO             PET1     ATM: InitializeIPDvXp01 intro.
20220909 051238.369 INFO             PET1     ATM: InitializeIPDvXp01 extro.
20220909 051238.374 INFO             PET1     LND: InitializeIPDvXp01 intro.
20220909 051238.374 INFO             PET1     LND: InitializeIPDvXp01 extro.
20220909 051238.375 INFO             PET1     ATM-TO-OCN: InitializeIPDv05p1 intro.
20220909 051238.379 INFO             PET1     ATM-TO-OCN: InitializeIPDv05p1 extro.
20220909 051238.379 INFO             PET1     ATM-TO-LND: InitializeIPDv05p1 intro.
20220909 051238.382 INFO             PET1     ATM-TO-LND: InitializeIPDv05p1 extro.
20220909 051238.382 INFO             PET1     OCN-TO-ATM: InitializeIPDv05p1 intro.
20220909 051238.385 INFO             PET1     OCN-TO-ATM: InitializeIPDv05p1 extro.
20220909 051238.385 INFO             PET1     LND-TO-ATM: InitializeIPDv05p1 intro.
20220909 051238.388 INFO             PET1     LND-TO-ATM: InitializeIPDv05p1 extro.
20220909 051238.388 INFO             PET1     esm: IInitAdvertiseFinish intro.
20220909 051238.388 INFO             PET1     esm: IInitAdvertiseFinish extro.
20220909 051238.388 INFO             PET1     ATM-TO-OCN: InitializeIPDv05p2a intro.
20220909 051238.391 INFO             PET1     ATM-TO-OCN: InitializeIPDv05p2a extro.
20220909 051238.394 INFO             PET1     ATM-TO-LND: InitializeIPDv05p2a intro.
20220909 051238.397 INFO             PET1     ATM-TO-LND: InitializeIPDv05p2a extro.
20220909 051238.397 INFO             PET1     OCN-TO-ATM: InitializeIPDv05p2a intro.
20220909 051238.400 INFO             PET1     OCN-TO-ATM: InitializeIPDv05p2a extro.
20220909 051238.400 INFO             PET1     LND-TO-ATM: InitializeIPDv05p2a intro.
20220909 051238.403 INFO             PET1     LND-TO-ATM: InitializeIPDv05p2a extro.
20220909 051238.403 INFO             PET1     ATM-TO-OCN: InitializeIPDv05p2b intro.
20220909 051238.406 INFO             PET1     ATM-TO-OCN: InitializeIPDv05p2b extro.
20220909 051238.407 INFO             PET1     ATM-TO-LND: InitializeIPDv05p2b intro.
20220909 051238.409 INFO             PET1     ATM-TO-LND: InitializeIPDv05p2b extro.
20220909 051238.410 INFO             PET1     OCN-TO-ATM: InitializeIPDv05p2b intro.
20220909 051238.413 INFO             PET1     OCN-TO-ATM: InitializeIPDv05p2b extro.
20220909 051238.413 INFO             PET1     LND-TO-ATM: InitializeIPDv05p2b intro.
20220909 051238.415 INFO             PET1     LND-TO-ATM: InitializeIPDv05p2b extro.
20220909 051238.416 INFO             PET1     esm: IInitModifyCplLists intro.
20220909 051238.416 INFO             PET1     esm: IInitModifyCplLists extro.
20220909 051238.416 INFO             PET1     ATM-TO-OCN: InitializeIPDv05p3 intro.
20220909 051238.420 INFO             PET1     ATM-TO-OCN: InitializeIPDv05p3 extro.
20220909 051238.420 INFO             PET1     ATM-TO-LND: InitializeIPDv05p3 intro.
20220909 051238.423 INFO             PET1     ATM-TO-LND: InitializeIPDv05p3 extro.
20220909 051238.423 INFO             PET1     OCN-TO-ATM: InitializeIPDv05p3 intro.
20220909 051238.426 INFO             PET1     OCN-TO-ATM: InitializeIPDv05p3 extro.
20220909 051238.426 INFO             PET1     LND-TO-ATM: InitializeIPDv05p3 intro.
20220909 051238.429 INFO             PET1     LND-TO-ATM: InitializeIPDv05p3 extro.
20220909 051238.429 INFO             PET1     <<<esm: leaving Initialize (phase=<none>) with current time: 2010  6  1  0  0  0   0
20220909 051238.429 INFO             PET1   esm: InitializeIPDv02p1 extro.
20220909 051238.429 INFO             PET1   esm: InitializeIPDv02p3 intro.
20220909 051238.429 INFO             PET1     esm: IInitCheck intro.
20220909 051238.429 INFO             PET1     esm: IInitCheck extro.
20220909 051238.429 INFO             PET1     ATM: InitializeIPDvXp04 intro.
20220909 051238.435 INFO             PET1     ATM: InitializeIPDvXp04 extro.
20220909 051238.441 INFO             PET1     LND: InitializeIPDvXp04 intro.
20220909 051238.441 INFO             PET1     LND: InitializeIPDvXp04 extro.
20220909 051238.442 INFO             PET1     ATM-TO-OCN: InitializeIPDv05p4 intro.
20220909 051238.448 INFO             PET1     ATM-TO-OCN: InitializeIPDv05p4 extro.
20220909 051238.448 INFO             PET1     ATM-TO-LND: InitializeIPDv05p4 intro.
20220909 051238.452 INFO             PET1     ATM-TO-LND: InitializeIPDv05p4 extro.
20220909 051238.452 INFO             PET1     OCN-TO-ATM: InitializeIPDv05p4 intro.
20220909 051238.456 INFO             PET1     OCN-TO-ATM: InitializeIPDv05p4 extro.
20220909 051238.456 INFO             PET1     LND-TO-ATM: InitializeIPDv05p4 intro.
20220909 051238.459 INFO             PET1     LND-TO-ATM: InitializeIPDv05p4 extro.
20220909 051238.459 INFO             PET1     ATM-TO-OCN: InitializeIPDv05p5 intro.
20220909 051238.464 INFO             PET1     ATM-TO-OCN: InitializeIPDv05p5 extro.
20220909 051238.464 INFO             PET1     ATM-TO-LND: InitializeIPDv05p5 intro.
20220909 051238.468 INFO             PET1     ATM-TO-LND: InitializeIPDv05p5 extro.
20220909 051238.468 INFO             PET1     OCN-TO-ATM: InitializeIPDv05p5 intro.
20220909 051238.472 INFO             PET1     OCN-TO-ATM: InitializeIPDv05p5 extro.
20220909 051238.472 INFO             PET1     LND-TO-ATM: InitializeIPDv05p5 intro.
20220909 051238.475 INFO             PET1     LND-TO-ATM: InitializeIPDv05p5 extro.
20220909 051238.475 INFO             PET1     esm: IInitRealize intro.
20220909 051238.476 INFO             PET1     esm: IInitRealize extro.
20220909 051238.476 INFO             PET1     ATM-TO-OCN: InitializeIPDv05p6a intro.
20220909 051238.481 INFO             PET1     ATM-TO-OCN: InitializeIPDv05p6a extro.
20220909 051238.481 INFO             PET1     ATM-TO-LND: InitializeIPDv05p6a intro.
20220909 051238.484 INFO             PET1     ATM-TO-LND: InitializeIPDv05p6a extro.
20220909 051238.485 INFO             PET1     OCN-TO-ATM: InitializeIPDv05p6a intro.
20220909 051238.488 INFO             PET1     OCN-TO-ATM: InitializeIPDv05p6a extro.
20220909 051238.488 INFO             PET1     LND-TO-ATM: InitializeIPDv05p6a intro.
20220909 051238.491 INFO             PET1     LND-TO-ATM: InitializeIPDv05p6a extro.
20220909 051238.491 INFO             PET1     ATM-TO-OCN: InitializeIPDv05p6b intro.
20220909 051238.543 INFO             PET1     ATM-TO-OCN: InitializeIPDv05p6b extro.
20220909 051238.543 INFO             PET1     ATM-TO-LND: InitializeIPDv05p6b intro.
20220909 051238.543 INFO             PET1     ATM-TO-LND: InitializeIPDv05p6b extro.
20220909 051238.543 INFO             PET1     OCN-TO-ATM: InitializeIPDv05p6b intro.
20220909 051238.588 INFO             PET1     OCN-TO-ATM: InitializeIPDv05p6b extro.
20220909 051238.588 INFO             PET1     LND-TO-ATM: InitializeIPDv05p6b intro.
20220909 051238.588 INFO             PET1     LND-TO-ATM: InitializeIPDv05p6b extro.
20220909 051238.589 INFO             PET1     ATM: InitializeIPDvXp07 intro.
20220909 051238.589 INFO             PET1     ATM: InitializeIPDvXp07 extro.
20220909 051238.591 INFO             PET1     LND: InitializeIPDvXp07 intro.
20220909 051238.591 INFO             PET1     LND: InitializeIPDvXp07 extro.
20220909 051238.592 INFO             PET1   esm: InitializeIPDv02p3 extro.
20220909 051238.592 INFO             PET1   esm: InitializeIPDv02p5 intro.
20220909 051238.592 INFO             PET1     esm: InitializeIPDv02p5Data intro.
20220909 051238.592 INFO             PET1       esm: InternalInitializeComplete intro.
20220909 051238.592 INFO             PET1       esm: InternalInitializeComplete extro.
20220909 051238.592 INFO             PET1       ATM: InitializeIPDv01p5 intro.
20220909 051238.592 INFO             PET1       ATM: InitializeIPDv01p5 extro.
20220909 051238.594 INFO             PET1       LND: InitializeIPDv01p5 intro.
20220909 051238.594 INFO             PET1       LND: InitializeIPDv01p5 extro.
20220909 051238.595 INFO             PET1       esm: loopDataDependentInitialize intro.
20220909 051238.595 INFO             PET1       esm: loopDataDependentInitialize extro.
20220909 051238.595 INFO             PET1     esm: InitializeIPDv02p5Data extro.
20220909 051238.595 INFO             PET1   esm: InitializeIPDv02p5 extro.
20220909 051238.595 INFO             PET1 esm: InitializeP1 extro.
20220909 051238.595 INFO             PET1 esm: Run intro.
20220909 051238.595 INFO             PET1   >>>esm entered Run (phase=RunPhase1) with current time: 2010  6  1  0  0  0   0
20220909 051238.595 INFO             PET1   esm: after lable_SetRunClock, current time: 2010  6  1  0  0  0   0
20220909 051238.595 INFO             PET1   esm: begin -------> RunSequence.
20220909 051238.595 INFO             PET1     esm: RunSequence event loopLevel=   1  levelMember=   1  loopIteration=   1, current time: 2010  6  1  0  0  0   0
20220909 051238.595 INFO             PET1     ATM-TO-OCN: Run intro.
20220909 051238.596 INFO             PET1     ATM-TO-OCN: Run extro.
20220909 051238.596 INFO             PET1     OCN-TO-ATM: Run intro.
20220909 051238.596 INFO             PET1     OCN-TO-ATM: Run extro.
20220909 051238.596 INFO             PET1     ATM-TO-LND: Run intro.
20220909 051238.596 INFO             PET1     ATM-TO-LND: Run extro.
20220909 051238.596 INFO             PET1     LND-TO-ATM: Run intro.
20220909 051238.596 INFO             PET1     LND-TO-ATM: Run extro.
20220909 051238.596 INFO             PET1     ATM: Run intro.
20220909 051238.597 INFO             PET1       ------>Advancing ATM from: 2010  6  1  0  0  0   0
20220909 051238.597 INFO             PET1       ---------------------> to: 2010  6  1  0 30  0   0
20220909 051238.597 INFO             PET1     ATM: Run extro.
20220909 051238.597 INFO             PET1     esm: RunSequence event loopLevel=   2  levelMember=   1  loopIteration=   1, current time: 2010  6  1  0  0  0   0
20220909 051238.597 INFO             PET1     ------>Advancing OCN from: 2010  6  1  0  0  0   0
20220909 051238.597 INFO             PET1     ---------------------> to: 2010  6  1  0  5  0   0
20220909 051238.597 INFO             PET1     ------>Advancing OCN from: 2010  6  1  0  5  0   0
20220909 051238.597 INFO             PET1     ---------------------> to: 2010  6  1  0 10  0   0
20220909 051238.597 INFO             PET1     ------>Advancing OCN from: 2010  6  1  0 10  0   0
20220909 051238.597 INFO             PET1     ---------------------> to: 2010  6  1  0 15  0   0
20220909 051238.597 INFO             PET1     ------>Advancing OCN from: 2010  6  1  0 15  0   0
20220909 051238.597 INFO             PET1     ---------------------> to: 2010  6  1  0 20  0   0
20220909 051238.597 INFO             PET1     ------>Advancing OCN from: 2010  6  1  0 20  0   0
20220909 051238.597 INFO             PET1     ---------------------> to: 2010  6  1  0 25  0   0
20220909 051238.597 INFO             PET1     ------>Advancing OCN from: 2010  6  1  0 25  0   0
20220909 051238.597 INFO             PET1     ---------------------> to: 2010  6  1  0 30  0   0
20220909 051238.597 INFO             PET1     LND: Run intro.
20220909 051238.597 INFO             PET1       ------>Advancing LND from: 2010  6  1  0  0  0   0
20220909 051238.597 INFO             PET1       ---------------------> to: 2010  6  1  0  5  0   0
20220909 051238.597 INFO             PET1       ------>Advancing LND from: 2010  6  1  0  5  0   0
20220909 051238.597 INFO             PET1       ---------------------> to: 2010  6  1  0 10  0   0
20220909 051238.597 INFO             PET1       ------>Advancing LND from: 2010  6  1  0 10  0   0
20220909 051238.597 INFO             PET1       ---------------------> to: 2010  6  1  0 15  0   0
20220909 051238.597 INFO             PET1       ------>Advancing LND from: 2010  6  1  0 15  0   0
20220909 051238.597 INFO             PET1       ---------------------> to: 2010  6  1  0 20  0   0
20220909 051238.597 INFO             PET1       ------>Advancing LND from: 2010  6  1  0 20  0   0
20220909 051238.597 INFO             PET1       ---------------------> to: 2010  6  1  0 25  0   0
20220909 051238.597 INFO             PET1       ------>Advancing LND from: 2010  6  1  0 25  0   0
20220909 051238.597 INFO             PET1       ---------------------> to: 2010  6  1  0 30  0   0
20220909 051238.597 INFO             PET1     LND: Run extro.
20220909 051238.597 INFO             PET1     esm: RunSequence event loopLevel=   1  levelMember=   1  loopIteration=   2, current time: 2010  6  1  0 30  0   0
20220909 051238.598 INFO             PET1     ATM-TO-OCN: Run intro.
20220909 051238.598 INFO             PET1     ATM-TO-OCN: Run extro.
20220909 051238.598 INFO             PET1     OCN-TO-ATM: Run intro.
20220909 051238.598 INFO             PET1     OCN-TO-ATM: Run extro.
20220909 051238.598 INFO             PET1     ATM-TO-LND: Run intro.
20220909 051238.598 INFO             PET1     ATM-TO-LND: Run extro.
20220909 051238.598 INFO             PET1     LND-TO-ATM: Run intro.
20220909 051238.598 INFO             PET1     LND-TO-ATM: Run extro.
20220909 051238.598 INFO             PET1     ATM: Run intro.
20220909 051238.598 INFO             PET1       ------>Advancing ATM from: 2010  6  1  0 30  0   0
20220909 051238.598 INFO             PET1       ---------------------> to: 2010  6  1  1  0  0   0
20220909 051238.598 INFO             PET1     ATM: Run extro.
20220909 051238.598 INFO             PET1     esm: RunSequence event loopLevel=   2  levelMember=   1  loopIteration=   1, current time: 2010  6  1  0 30  0   0
20220909 051238.599 INFO             PET1     ------>Advancing OCN from: 2010  6  1  0 30  0   0
20220909 051238.599 INFO             PET1     ---------------------> to: 2010  6  1  0 35  0   0
20220909 051238.599 INFO             PET1     ------>Advancing OCN from: 2010  6  1  0 35  0   0
20220909 051238.599 INFO             PET1     ---------------------> to: 2010  6  1  0 40  0   0
20220909 051238.599 INFO             PET1     ------>Advancing OCN from: 2010  6  1  0 40  0   0
20220909 051238.599 INFO             PET1     ---------------------> to: 2010  6  1  0 45  0   0
20220909 051238.599 INFO             PET1     ------>Advancing OCN from: 2010  6  1  0 45  0   0
20220909 051238.599 INFO             PET1     ---------------------> to: 2010  6  1  0 50  0   0
20220909 051238.599 INFO             PET1     ------>Advancing OCN from: 2010  6  1  0 50  0   0
20220909 051238.599 INFO             PET1     ---------------------> to: 2010  6  1  0 55  0   0
20220909 051238.599 INFO             PET1     ------>Advancing OCN from: 2010  6  1  0 55  0   0
20220909 051238.599 INFO             PET1     ---------------------> to: 2010  6  1  1  0  0   0
20220909 051238.599 INFO             PET1     LND: Run intro.
20220909 051238.599 INFO             PET1       ------>Advancing LND from: 2010  6  1  0 30  0   0
20220909 051238.599 INFO             PET1       ---------------------> to: 2010  6  1  0 35  0   0
20220909 051238.599 INFO             PET1       ------>Advancing LND from: 2010  6  1  0 35  0   0
20220909 051238.599 INFO             PET1       ---------------------> to: 2010  6  1  0 40  0   0
20220909 051238.599 INFO             PET1       ------>Advancing LND from: 2010  6  1  0 40  0   0
20220909 051238.599 INFO             PET1       ---------------------> to: 2010  6  1  0 45  0   0
20220909 051238.599 INFO             PET1       ------>Advancing LND from: 2010  6  1  0 45  0   0
20220909 051238.599 INFO             PET1       ---------------------> to: 2010  6  1  0 50  0   0
20220909 051238.599 INFO             PET1       ------>Advancing LND from: 2010  6  1  0 50  0   0
20220909 051238.599 INFO             PET1       ---------------------> to: 2010  6  1  0 55  0   0
20220909 051238.599 INFO             PET1       ------>Advancing LND from: 2010  6  1  0 55  0   0
20220909 051238.599 INFO             PET1       ---------------------> to: 2010  6  1  1  0  0   0
20220909 051238.599 INFO             PET1     LND: Run extro.
20220909 051238.599 INFO             PET1   esm: end <--------- RunSequence
20220909 051238.599 INFO             PET1   <<<esm - leaving Run with current time: 2010  6  1  1  0  0   0
20220909 051238.599 INFO             PET1 esm: Run extro.
20220909 051238.599 INFO             PET1 esm: Finalize intro.
20220909 051238.599 INFO             PET1   ATM-TO-OCN: Finalize intro.
20220909 051238.600 INFO             PET1   ATM-TO-OCN: Finalize extro.
20220909 051238.600 INFO             PET1   ATM-TO-LND: Finalize intro.
20220909 051238.600 INFO             PET1   ATM-TO-LND: Finalize extro.
20220909 051238.600 INFO             PET1   OCN-TO-ATM: Finalize intro.
20220909 051238.600 INFO             PET1   OCN-TO-ATM: Finalize extro.
20220909 051238.600 INFO             PET1   LND-TO-ATM: Finalize intro.
20220909 051238.600 INFO             PET1   LND-TO-ATM: Finalize extro.
20220909 051238.600 INFO             PET1   ATM: Finalize intro.
20220909 051238.600 INFO             PET1   ATM: Finalize extro.
20220909 051238.600 INFO             PET1   LND: Finalize intro.
20220909 051238.600 INFO             PET1   LND: Finalize extro.
20220909 051238.600 INFO             PET1 esm: Finalize extro.
20220909 051238.600 INFO             PET1 esmApp FINISHED
20220909 051238.600 INFO             PET1 Finalizing ESMF
20220909 051238.305 INFO             PET2 !!!!!!!!!!!!!!!!!!!!!!!!!!!!!!!!!!!!!!!!!!!!!!!!!!!!!!
20220909 051238.305 INFO             PET2 !!! THE ESMF_LOG IS SET TO OUTPUT ALL LOG MESSAGES !!!
20220909 051238.305 INFO             PET2 !!!     THIS MAY CAUSE SLOWDOWN IN PERFORMANCE     !!!
20220909 051238.305 INFO             PET2 !!! FOR PRODUCTION RUNS, USE:                      !!!
20220909 051238.305 INFO             PET2 !!!                   ESMF_LOGKIND_Multi_On_Error  !!!
20220909 051238.305 INFO             PET2 !!!!!!!!!!!!!!!!!!!!!!!!!!!!!!!!!!!!!!!!!!!!!!!!!!!!!!
20220909 051238.305 INFO             PET2 Running with ESMF Version   : v8.3.1b05
20220909 051238.305 INFO             PET2 ESMF library build date/time: "Sep  9 2022" "04:38:41"
20220909 051238.305 INFO             PET2 ESMF library build location : /glade/scratch/dunlap/esmf-testing/gfortran_10.1.0_mpt_g_patch_8.3.1/esmf
20220909 051238.305 INFO             PET2 ESMF_COMM                   : mpt
20220909 051238.305 INFO             PET2 ESMF_MOAB                   : enabled
20220909 051238.305 INFO             PET2 ESMF_LAPACK                 : enabled
20220909 051238.305 INFO             PET2 ESMF_NETCDF                 : enabled
20220909 051238.305 INFO             PET2 ESMF_PNETCDF                : disabled
20220909 051238.305 INFO             PET2 ESMF_PIO                    : enabled
20220909 051238.305 INFO             PET2 ESMF_YAMLCPP                : enabled
20220909 051238.305 INFO             PET2 esmApp STARTING
20220909 051238.313 INFO             PET2 esm: InitializeP1 intro.
20220909 051238.313 INFO             PET2   esm: InitializeIPDv02p1 intro.
20220909 051238.313 INFO             PET2     >>>esm: entered Initialize (phase=<none>) without valid internal Clock.
20220909 051238.348 INFO             PET2     esm - Creating state: modelComp 1 Import State
20220909 051238.348 INFO             PET2     esm - Creating state: modelComp 1 Export State
20220909 051238.348 INFO             PET2     esm - Creating state: modelComp 2 Import State
20220909 051238.348 INFO             PET2     esm - Creating state: modelComp 2 Export State
20220909 051238.348 INFO             PET2     esm - Creating state: modelComp 3 Import State
20220909 051238.348 INFO             PET2     esm - Creating state: modelComp 3 Export State
20220909 051238.350 INFO             PET2     ATM: InitializeP0 intro.
20220909 051238.351 INFO             PET2     ATM: InitializeP0 extro.
20220909 051238.355 INFO             PET2     LND: InitializeP0 intro.
20220909 051238.356 INFO             PET2     LND: InitializeP0 extro.
20220909 051238.357 INFO             PET2     ATM-TO-OCN: InitializeP0 intro.
20220909 051238.357 INFO             PET2     ATM-TO-OCN: InitializeP0 extro.
20220909 051238.358 INFO             PET2     ATM-TO-LND: InitializeP0 intro.
20220909 051238.359 INFO             PET2     ATM-TO-LND: InitializeP0 extro.
20220909 051238.359 INFO             PET2     OCN-TO-ATM: InitializeP0 intro.
20220909 051238.360 INFO             PET2     OCN-TO-ATM: InitializeP0 extro.
20220909 051238.361 INFO             PET2     LND-TO-ATM: InitializeP0 intro.
20220909 051238.361 INFO             PET2     LND-TO-ATM: InitializeP0 extro.
20220909 051238.366 INFO             PET2     esm: IInitAdvertise intro.
20220909 051238.366 INFO             PET2     esm: IInitAdvertise extro.
20220909 051238.366 INFO             PET2     ATM: InitializeIPDvXp01 intro.
20220909 051238.369 INFO             PET2     ATM: InitializeIPDvXp01 extro.
20220909 051238.374 INFO             PET2     LND: InitializeIPDvXp01 intro.
20220909 051238.374 INFO             PET2     LND: InitializeIPDvXp01 extro.
20220909 051238.375 INFO             PET2     ATM-TO-OCN: InitializeIPDv05p1 intro.
20220909 051238.379 INFO             PET2     ATM-TO-OCN: InitializeIPDv05p1 extro.
20220909 051238.379 INFO             PET2     ATM-TO-LND: InitializeIPDv05p1 intro.
20220909 051238.382 INFO             PET2     ATM-TO-LND: InitializeIPDv05p1 extro.
20220909 051238.382 INFO             PET2     OCN-TO-ATM: InitializeIPDv05p1 intro.
20220909 051238.385 INFO             PET2     OCN-TO-ATM: InitializeIPDv05p1 extro.
20220909 051238.385 INFO             PET2     LND-TO-ATM: InitializeIPDv05p1 intro.
20220909 051238.388 INFO             PET2     LND-TO-ATM: InitializeIPDv05p1 extro.
20220909 051238.388 INFO             PET2     esm: IInitAdvertiseFinish intro.
20220909 051238.388 INFO             PET2     esm: IInitAdvertiseFinish extro.
20220909 051238.388 INFO             PET2     ATM-TO-OCN: InitializeIPDv05p2a intro.
20220909 051238.391 INFO             PET2     ATM-TO-OCN: InitializeIPDv05p2a extro.
20220909 051238.393 INFO             PET2     ATM-TO-LND: InitializeIPDv05p2a intro.
20220909 051238.397 INFO             PET2     ATM-TO-LND: InitializeIPDv05p2a extro.
20220909 051238.397 INFO             PET2     OCN-TO-ATM: InitializeIPDv05p2a intro.
20220909 051238.400 INFO             PET2     OCN-TO-ATM: InitializeIPDv05p2a extro.
20220909 051238.400 INFO             PET2     LND-TO-ATM: InitializeIPDv05p2a intro.
20220909 051238.403 INFO             PET2     LND-TO-ATM: InitializeIPDv05p2a extro.
20220909 051238.403 INFO             PET2     ATM-TO-OCN: InitializeIPDv05p2b intro.
20220909 051238.406 INFO             PET2     ATM-TO-OCN: InitializeIPDv05p2b extro.
20220909 051238.407 INFO             PET2     ATM-TO-LND: InitializeIPDv05p2b intro.
20220909 051238.409 INFO             PET2     ATM-TO-LND: InitializeIPDv05p2b extro.
20220909 051238.410 INFO             PET2     OCN-TO-ATM: InitializeIPDv05p2b intro.
20220909 051238.413 INFO             PET2     OCN-TO-ATM: InitializeIPDv05p2b extro.
20220909 051238.413 INFO             PET2     LND-TO-ATM: InitializeIPDv05p2b intro.
20220909 051238.415 INFO             PET2     LND-TO-ATM: InitializeIPDv05p2b extro.
20220909 051238.416 INFO             PET2     esm: IInitModifyCplLists intro.
20220909 051238.416 INFO             PET2     esm: IInitModifyCplLists extro.
20220909 051238.416 INFO             PET2     ATM-TO-OCN: InitializeIPDv05p3 intro.
20220909 051238.420 INFO             PET2     ATM-TO-OCN: InitializeIPDv05p3 extro.
20220909 051238.420 INFO             PET2     ATM-TO-LND: InitializeIPDv05p3 intro.
20220909 051238.423 INFO             PET2     ATM-TO-LND: InitializeIPDv05p3 extro.
20220909 051238.423 INFO             PET2     OCN-TO-ATM: InitializeIPDv05p3 intro.
20220909 051238.426 INFO             PET2     OCN-TO-ATM: InitializeIPDv05p3 extro.
20220909 051238.426 INFO             PET2     LND-TO-ATM: InitializeIPDv05p3 intro.
20220909 051238.429 INFO             PET2     LND-TO-ATM: InitializeIPDv05p3 extro.
20220909 051238.429 INFO             PET2     <<<esm: leaving Initialize (phase=<none>) with current time: 2010  6  1  0  0  0   0
20220909 051238.429 INFO             PET2   esm: InitializeIPDv02p1 extro.
20220909 051238.429 INFO             PET2   esm: InitializeIPDv02p3 intro.
20220909 051238.429 INFO             PET2     esm: IInitCheck intro.
20220909 051238.429 INFO             PET2     esm: IInitCheck extro.
20220909 051238.429 INFO             PET2     ATM: InitializeIPDvXp04 intro.
20220909 051238.435 INFO             PET2     ATM: InitializeIPDvXp04 extro.
20220909 051238.441 INFO             PET2     LND: InitializeIPDvXp04 intro.
20220909 051238.441 INFO             PET2     LND: InitializeIPDvXp04 extro.
20220909 051238.442 INFO             PET2     ATM-TO-OCN: InitializeIPDv05p4 intro.
20220909 051238.448 INFO             PET2     ATM-TO-OCN: InitializeIPDv05p4 extro.
20220909 051238.448 INFO             PET2     ATM-TO-LND: InitializeIPDv05p4 intro.
20220909 051238.452 INFO             PET2     ATM-TO-LND: InitializeIPDv05p4 extro.
20220909 051238.452 INFO             PET2     OCN-TO-ATM: InitializeIPDv05p4 intro.
20220909 051238.456 INFO             PET2     OCN-TO-ATM: InitializeIPDv05p4 extro.
20220909 051238.456 INFO             PET2     LND-TO-ATM: InitializeIPDv05p4 intro.
20220909 051238.459 INFO             PET2     LND-TO-ATM: InitializeIPDv05p4 extro.
20220909 051238.459 INFO             PET2     ATM-TO-OCN: InitializeIPDv05p5 intro.
20220909 051238.464 INFO             PET2     ATM-TO-OCN: InitializeIPDv05p5 extro.
20220909 051238.464 INFO             PET2     ATM-TO-LND: InitializeIPDv05p5 intro.
20220909 051238.468 INFO             PET2     ATM-TO-LND: InitializeIPDv05p5 extro.
20220909 051238.468 INFO             PET2     OCN-TO-ATM: InitializeIPDv05p5 intro.
20220909 051238.472 INFO             PET2     OCN-TO-ATM: InitializeIPDv05p5 extro.
20220909 051238.472 INFO             PET2     LND-TO-ATM: InitializeIPDv05p5 intro.
20220909 051238.475 INFO             PET2     LND-TO-ATM: InitializeIPDv05p5 extro.
20220909 051238.475 INFO             PET2     esm: IInitRealize intro.
20220909 051238.476 INFO             PET2     esm: IInitRealize extro.
20220909 051238.476 INFO             PET2     ATM-TO-OCN: InitializeIPDv05p6a intro.
20220909 051238.481 INFO             PET2     ATM-TO-OCN: InitializeIPDv05p6a extro.
20220909 051238.481 INFO             PET2     ATM-TO-LND: InitializeIPDv05p6a intro.
20220909 051238.484 INFO             PET2     ATM-TO-LND: InitializeIPDv05p6a extro.
20220909 051238.485 INFO             PET2     OCN-TO-ATM: InitializeIPDv05p6a intro.
20220909 051238.488 INFO             PET2     OCN-TO-ATM: InitializeIPDv05p6a extro.
20220909 051238.488 INFO             PET2     LND-TO-ATM: InitializeIPDv05p6a intro.
20220909 051238.491 INFO             PET2     LND-TO-ATM: InitializeIPDv05p6a extro.
20220909 051238.491 INFO             PET2     ATM-TO-OCN: InitializeIPDv05p6b intro.
20220909 051238.543 INFO             PET2     ATM-TO-OCN: InitializeIPDv05p6b extro.
20220909 051238.543 INFO             PET2     ATM-TO-LND: InitializeIPDv05p6b intro.
20220909 051238.543 INFO             PET2     ATM-TO-LND: InitializeIPDv05p6b extro.
20220909 051238.543 INFO             PET2     OCN-TO-ATM: InitializeIPDv05p6b intro.
20220909 051238.588 INFO             PET2     OCN-TO-ATM: InitializeIPDv05p6b extro.
20220909 051238.588 INFO             PET2     LND-TO-ATM: InitializeIPDv05p6b intro.
20220909 051238.588 INFO             PET2     LND-TO-ATM: InitializeIPDv05p6b extro.
20220909 051238.589 INFO             PET2     ATM: InitializeIPDvXp07 intro.
20220909 051238.589 INFO             PET2     ATM: InitializeIPDvXp07 extro.
20220909 051238.591 INFO             PET2     LND: InitializeIPDvXp07 intro.
20220909 051238.591 INFO             PET2     LND: InitializeIPDvXp07 extro.
20220909 051238.592 INFO             PET2   esm: InitializeIPDv02p3 extro.
20220909 051238.592 INFO             PET2   esm: InitializeIPDv02p5 intro.
20220909 051238.592 INFO             PET2     esm: InitializeIPDv02p5Data intro.
20220909 051238.592 INFO             PET2       esm: InternalInitializeComplete intro.
20220909 051238.592 INFO             PET2       esm: InternalInitializeComplete extro.
20220909 051238.592 INFO             PET2       ATM: InitializeIPDv01p5 intro.
20220909 051238.592 INFO             PET2       ATM: InitializeIPDv01p5 extro.
20220909 051238.594 INFO             PET2       LND: InitializeIPDv01p5 intro.
20220909 051238.594 INFO             PET2       LND: InitializeIPDv01p5 extro.
20220909 051238.595 INFO             PET2       esm: loopDataDependentInitialize intro.
20220909 051238.595 INFO             PET2       esm: loopDataDependentInitialize extro.
20220909 051238.595 INFO             PET2     esm: InitializeIPDv02p5Data extro.
20220909 051238.595 INFO             PET2   esm: InitializeIPDv02p5 extro.
20220909 051238.595 INFO             PET2 esm: InitializeP1 extro.
20220909 051238.595 INFO             PET2 esm: Run intro.
20220909 051238.595 INFO             PET2   >>>esm entered Run (phase=RunPhase1) with current time: 2010  6  1  0  0  0   0
20220909 051238.595 INFO             PET2   esm: after lable_SetRunClock, current time: 2010  6  1  0  0  0   0
20220909 051238.595 INFO             PET2   esm: begin -------> RunSequence.
20220909 051238.595 INFO             PET2     esm: RunSequence event loopLevel=   1  levelMember=   1  loopIteration=   1, current time: 2010  6  1  0  0  0   0
20220909 051238.595 INFO             PET2     ATM-TO-OCN: Run intro.
20220909 051238.596 INFO             PET2     ATM-TO-OCN: Run extro.
20220909 051238.596 INFO             PET2     OCN-TO-ATM: Run intro.
20220909 051238.596 INFO             PET2     OCN-TO-ATM: Run extro.
20220909 051238.596 INFO             PET2     ATM-TO-LND: Run intro.
20220909 051238.596 INFO             PET2     ATM-TO-LND: Run extro.
20220909 051238.596 INFO             PET2     LND-TO-ATM: Run intro.
20220909 051238.596 INFO             PET2     LND-TO-ATM: Run extro.
20220909 051238.596 INFO             PET2     ATM: Run intro.
20220909 051238.597 INFO             PET2       ------>Advancing ATM from: 2010  6  1  0  0  0   0
20220909 051238.597 INFO             PET2       ---------------------> to: 2010  6  1  0 30  0   0
20220909 051238.597 INFO             PET2     ATM: Run extro.
20220909 051238.597 INFO             PET2     esm: RunSequence event loopLevel=   2  levelMember=   1  loopIteration=   1, current time: 2010  6  1  0  0  0   0
20220909 051238.597 INFO             PET2     ------>Advancing OCN from: 2010  6  1  0  0  0   0
20220909 051238.597 INFO             PET2     ---------------------> to: 2010  6  1  0  5  0   0
20220909 051238.597 INFO             PET2     ------>Advancing OCN from: 2010  6  1  0  5  0   0
20220909 051238.597 INFO             PET2     ---------------------> to: 2010  6  1  0 10  0   0
20220909 051238.597 INFO             PET2     ------>Advancing OCN from: 2010  6  1  0 10  0   0
20220909 051238.597 INFO             PET2     ---------------------> to: 2010  6  1  0 15  0   0
20220909 051238.597 INFO             PET2     ------>Advancing OCN from: 2010  6  1  0 15  0   0
20220909 051238.597 INFO             PET2     ---------------------> to: 2010  6  1  0 20  0   0
20220909 051238.597 INFO             PET2     ------>Advancing OCN from: 2010  6  1  0 20  0   0
20220909 051238.597 INFO             PET2     ---------------------> to: 2010  6  1  0 25  0   0
20220909 051238.597 INFO             PET2     ------>Advancing OCN from: 2010  6  1  0 25  0   0
20220909 051238.597 INFO             PET2     ---------------------> to: 2010  6  1  0 30  0   0
20220909 051238.597 INFO             PET2     LND: Run intro.
20220909 051238.597 INFO             PET2       ------>Advancing LND from: 2010  6  1  0  0  0   0
20220909 051238.597 INFO             PET2       ---------------------> to: 2010  6  1  0  5  0   0
20220909 051238.597 INFO             PET2       ------>Advancing LND from: 2010  6  1  0  5  0   0
20220909 051238.597 INFO             PET2       ---------------------> to: 2010  6  1  0 10  0   0
20220909 051238.597 INFO             PET2       ------>Advancing LND from: 2010  6  1  0 10  0   0
20220909 051238.597 INFO             PET2       ---------------------> to: 2010  6  1  0 15  0   0
20220909 051238.597 INFO             PET2       ------>Advancing LND from: 2010  6  1  0 15  0   0
20220909 051238.597 INFO             PET2       ---------------------> to: 2010  6  1  0 20  0   0
20220909 051238.597 INFO             PET2       ------>Advancing LND from: 2010  6  1  0 20  0   0
20220909 051238.597 INFO             PET2       ---------------------> to: 2010  6  1  0 25  0   0
20220909 051238.597 INFO             PET2       ------>Advancing LND from: 2010  6  1  0 25  0   0
20220909 051238.597 INFO             PET2       ---------------------> to: 2010  6  1  0 30  0   0
20220909 051238.597 INFO             PET2     LND: Run extro.
20220909 051238.597 INFO             PET2     esm: RunSequence event loopLevel=   1  levelMember=   1  loopIteration=   2, current time: 2010  6  1  0 30  0   0
20220909 051238.598 INFO             PET2     ATM-TO-OCN: Run intro.
20220909 051238.598 INFO             PET2     ATM-TO-OCN: Run extro.
20220909 051238.598 INFO             PET2     OCN-TO-ATM: Run intro.
20220909 051238.598 INFO             PET2     OCN-TO-ATM: Run extro.
20220909 051238.598 INFO             PET2     ATM-TO-LND: Run intro.
20220909 051238.598 INFO             PET2     ATM-TO-LND: Run extro.
20220909 051238.598 INFO             PET2     LND-TO-ATM: Run intro.
20220909 051238.598 INFO             PET2     LND-TO-ATM: Run extro.
20220909 051238.598 INFO             PET2     ATM: Run intro.
20220909 051238.598 INFO             PET2       ------>Advancing ATM from: 2010  6  1  0 30  0   0
20220909 051238.598 INFO             PET2       ---------------------> to: 2010  6  1  1  0  0   0
20220909 051238.598 INFO             PET2     ATM: Run extro.
20220909 051238.598 INFO             PET2     esm: RunSequence event loopLevel=   2  levelMember=   1  loopIteration=   1, current time: 2010  6  1  0 30  0   0
20220909 051238.599 INFO             PET2     ------>Advancing OCN from: 2010  6  1  0 30  0   0
20220909 051238.599 INFO             PET2     ---------------------> to: 2010  6  1  0 35  0   0
20220909 051238.599 INFO             PET2     ------>Advancing OCN from: 2010  6  1  0 35  0   0
20220909 051238.599 INFO             PET2     ---------------------> to: 2010  6  1  0 40  0   0
20220909 051238.599 INFO             PET2     ------>Advancing OCN from: 2010  6  1  0 40  0   0
20220909 051238.599 INFO             PET2     ---------------------> to: 2010  6  1  0 45  0   0
20220909 051238.599 INFO             PET2     ------>Advancing OCN from: 2010  6  1  0 45  0   0
20220909 051238.599 INFO             PET2     ---------------------> to: 2010  6  1  0 50  0   0
20220909 051238.599 INFO             PET2     ------>Advancing OCN from: 2010  6  1  0 50  0   0
20220909 051238.599 INFO             PET2     ---------------------> to: 2010  6  1  0 55  0   0
20220909 051238.599 INFO             PET2     ------>Advancing OCN from: 2010  6  1  0 55  0   0
20220909 051238.599 INFO             PET2     ---------------------> to: 2010  6  1  1  0  0   0
20220909 051238.599 INFO             PET2     LND: Run intro.
20220909 051238.599 INFO             PET2       ------>Advancing LND from: 2010  6  1  0 30  0   0
20220909 051238.599 INFO             PET2       ---------------------> to: 2010  6  1  0 35  0   0
20220909 051238.599 INFO             PET2       ------>Advancing LND from: 2010  6  1  0 35  0   0
20220909 051238.599 INFO             PET2       ---------------------> to: 2010  6  1  0 40  0   0
20220909 051238.599 INFO             PET2       ------>Advancing LND from: 2010  6  1  0 40  0   0
20220909 051238.599 INFO             PET2       ---------------------> to: 2010  6  1  0 45  0   0
20220909 051238.599 INFO             PET2       ------>Advancing LND from: 2010  6  1  0 45  0   0
20220909 051238.599 INFO             PET2       ---------------------> to: 2010  6  1  0 50  0   0
20220909 051238.599 INFO             PET2       ------>Advancing LND from: 2010  6  1  0 50  0   0
20220909 051238.599 INFO             PET2       ---------------------> to: 2010  6  1  0 55  0   0
20220909 051238.599 INFO             PET2       ------>Advancing LND from: 2010  6  1  0 55  0   0
20220909 051238.599 INFO             PET2       ---------------------> to: 2010  6  1  1  0  0   0
20220909 051238.599 INFO             PET2     LND: Run extro.
20220909 051238.599 INFO             PET2   esm: end <--------- RunSequence
20220909 051238.599 INFO             PET2   <<<esm - leaving Run with current time: 2010  6  1  1  0  0   0
20220909 051238.599 INFO             PET2 esm: Run extro.
20220909 051238.599 INFO             PET2 esm: Finalize intro.
20220909 051238.599 INFO             PET2   ATM-TO-OCN: Finalize intro.
20220909 051238.599 INFO             PET2   ATM-TO-OCN: Finalize extro.
20220909 051238.600 INFO             PET2   ATM-TO-LND: Finalize intro.
20220909 051238.600 INFO             PET2   ATM-TO-LND: Finalize extro.
20220909 051238.600 INFO             PET2   OCN-TO-ATM: Finalize intro.
20220909 051238.600 INFO             PET2   OCN-TO-ATM: Finalize extro.
20220909 051238.600 INFO             PET2   LND-TO-ATM: Finalize intro.
20220909 051238.600 INFO             PET2   LND-TO-ATM: Finalize extro.
20220909 051238.600 INFO             PET2   ATM: Finalize intro.
20220909 051238.600 INFO             PET2   ATM: Finalize extro.
20220909 051238.600 INFO             PET2   LND: Finalize intro.
20220909 051238.600 INFO             PET2   LND: Finalize extro.
20220909 051238.600 INFO             PET2 esm: Finalize extro.
20220909 051238.600 INFO             PET2 esmApp FINISHED
20220909 051238.600 INFO             PET2 Finalizing ESMF
20220909 051238.304 INFO             PET3 !!!!!!!!!!!!!!!!!!!!!!!!!!!!!!!!!!!!!!!!!!!!!!!!!!!!!!
20220909 051238.304 INFO             PET3 !!! THE ESMF_LOG IS SET TO OUTPUT ALL LOG MESSAGES !!!
20220909 051238.304 INFO             PET3 !!!     THIS MAY CAUSE SLOWDOWN IN PERFORMANCE     !!!
20220909 051238.304 INFO             PET3 !!! FOR PRODUCTION RUNS, USE:                      !!!
20220909 051238.304 INFO             PET3 !!!                   ESMF_LOGKIND_Multi_On_Error  !!!
20220909 051238.304 INFO             PET3 !!!!!!!!!!!!!!!!!!!!!!!!!!!!!!!!!!!!!!!!!!!!!!!!!!!!!!
20220909 051238.304 INFO             PET3 Running with ESMF Version   : v8.3.1b05
20220909 051238.304 INFO             PET3 ESMF library build date/time: "Sep  9 2022" "04:38:41"
20220909 051238.305 INFO             PET3 ESMF library build location : /glade/scratch/dunlap/esmf-testing/gfortran_10.1.0_mpt_g_patch_8.3.1/esmf
20220909 051238.305 INFO             PET3 ESMF_COMM                   : mpt
20220909 051238.305 INFO             PET3 ESMF_MOAB                   : enabled
20220909 051238.305 INFO             PET3 ESMF_LAPACK                 : enabled
20220909 051238.305 INFO             PET3 ESMF_NETCDF                 : enabled
20220909 051238.305 INFO             PET3 ESMF_PNETCDF                : disabled
20220909 051238.305 INFO             PET3 ESMF_PIO                    : enabled
20220909 051238.305 INFO             PET3 ESMF_YAMLCPP                : enabled
20220909 051238.305 INFO             PET3 esmApp STARTING
20220909 051238.313 INFO             PET3 esm: InitializeP1 intro.
20220909 051238.313 INFO             PET3   esm: InitializeIPDv02p1 intro.
20220909 051238.313 INFO             PET3     >>>esm: entered Initialize (phase=<none>) without valid internal Clock.
20220909 051238.348 INFO             PET3     esm - Creating state: modelComp 1 Import State
20220909 051238.348 INFO             PET3     esm - Creating state: modelComp 1 Export State
20220909 051238.348 INFO             PET3     esm - Creating state: modelComp 2 Import State
20220909 051238.348 INFO             PET3     esm - Creating state: modelComp 2 Export State
20220909 051238.348 INFO             PET3     esm - Creating state: modelComp 3 Import State
20220909 051238.348 INFO             PET3     esm - Creating state: modelComp 3 Export State
20220909 051238.350 INFO             PET3     ATM: InitializeP0 intro.
20220909 051238.351 INFO             PET3     ATM: InitializeP0 extro.
20220909 051238.355 INFO             PET3     LND: InitializeP0 intro.
20220909 051238.356 INFO             PET3     LND: InitializeP0 extro.
20220909 051238.357 INFO             PET3     ATM-TO-OCN: InitializeP0 intro.
20220909 051238.357 INFO             PET3     ATM-TO-OCN: InitializeP0 extro.
20220909 051238.358 INFO             PET3     ATM-TO-LND: InitializeP0 intro.
20220909 051238.359 INFO             PET3     ATM-TO-LND: InitializeP0 extro.
20220909 051238.359 INFO             PET3     OCN-TO-ATM: InitializeP0 intro.
20220909 051238.360 INFO             PET3     OCN-TO-ATM: InitializeP0 extro.
20220909 051238.361 INFO             PET3     LND-TO-ATM: InitializeP0 intro.
20220909 051238.361 INFO             PET3     LND-TO-ATM: InitializeP0 extro.
20220909 051238.366 INFO             PET3     esm: IInitAdvertise intro.
20220909 051238.366 INFO             PET3     esm: IInitAdvertise extro.
20220909 051238.366 INFO             PET3     ATM: InitializeIPDvXp01 intro.
20220909 051238.369 INFO             PET3     ATM: InitializeIPDvXp01 extro.
20220909 051238.374 INFO             PET3     LND: InitializeIPDvXp01 intro.
20220909 051238.374 INFO             PET3     LND: InitializeIPDvXp01 extro.
20220909 051238.375 INFO             PET3     ATM-TO-OCN: InitializeIPDv05p1 intro.
20220909 051238.379 INFO             PET3     ATM-TO-OCN: InitializeIPDv05p1 extro.
20220909 051238.379 INFO             PET3     ATM-TO-LND: InitializeIPDv05p1 intro.
20220909 051238.382 INFO             PET3     ATM-TO-LND: InitializeIPDv05p1 extro.
20220909 051238.382 INFO             PET3     OCN-TO-ATM: InitializeIPDv05p1 intro.
20220909 051238.385 INFO             PET3     OCN-TO-ATM: InitializeIPDv05p1 extro.
20220909 051238.385 INFO             PET3     LND-TO-ATM: InitializeIPDv05p1 intro.
20220909 051238.388 INFO             PET3     LND-TO-ATM: InitializeIPDv05p1 extro.
20220909 051238.388 INFO             PET3     esm: IInitAdvertiseFinish intro.
20220909 051238.388 INFO             PET3     esm: IInitAdvertiseFinish extro.
20220909 051238.388 INFO             PET3     ATM-TO-OCN: InitializeIPDv05p2a intro.
20220909 051238.391 INFO             PET3     ATM-TO-OCN: InitializeIPDv05p2a extro.
20220909 051238.394 INFO             PET3     ATM-TO-LND: InitializeIPDv05p2a intro.
20220909 051238.397 INFO             PET3     ATM-TO-LND: InitializeIPDv05p2a extro.
20220909 051238.397 INFO             PET3     OCN-TO-ATM: InitializeIPDv05p2a intro.
20220909 051238.400 INFO             PET3     OCN-TO-ATM: InitializeIPDv05p2a extro.
20220909 051238.400 INFO             PET3     LND-TO-ATM: InitializeIPDv05p2a intro.
20220909 051238.403 INFO             PET3     LND-TO-ATM: InitializeIPDv05p2a extro.
20220909 051238.403 INFO             PET3     ATM-TO-OCN: InitializeIPDv05p2b intro.
20220909 051238.406 INFO             PET3     ATM-TO-OCN: InitializeIPDv05p2b extro.
20220909 051238.407 INFO             PET3     ATM-TO-LND: InitializeIPDv05p2b intro.
20220909 051238.409 INFO             PET3     ATM-TO-LND: InitializeIPDv05p2b extro.
20220909 051238.410 INFO             PET3     OCN-TO-ATM: InitializeIPDv05p2b intro.
20220909 051238.413 INFO             PET3     OCN-TO-ATM: InitializeIPDv05p2b extro.
20220909 051238.413 INFO             PET3     LND-TO-ATM: InitializeIPDv05p2b intro.
20220909 051238.415 INFO             PET3     LND-TO-ATM: InitializeIPDv05p2b extro.
20220909 051238.416 INFO             PET3     esm: IInitModifyCplLists intro.
20220909 051238.416 INFO             PET3     esm: IInitModifyCplLists extro.
20220909 051238.416 INFO             PET3     ATM-TO-OCN: InitializeIPDv05p3 intro.
20220909 051238.420 INFO             PET3     ATM-TO-OCN: InitializeIPDv05p3 extro.
20220909 051238.420 INFO             PET3     ATM-TO-LND: InitializeIPDv05p3 intro.
20220909 051238.423 INFO             PET3     ATM-TO-LND: InitializeIPDv05p3 extro.
20220909 051238.423 INFO             PET3     OCN-TO-ATM: InitializeIPDv05p3 intro.
20220909 051238.426 INFO             PET3     OCN-TO-ATM: InitializeIPDv05p3 extro.
20220909 051238.426 INFO             PET3     LND-TO-ATM: InitializeIPDv05p3 intro.
20220909 051238.429 INFO             PET3     LND-TO-ATM: InitializeIPDv05p3 extro.
20220909 051238.429 INFO             PET3     <<<esm: leaving Initialize (phase=<none>) with current time: 2010  6  1  0  0  0   0
20220909 051238.429 INFO             PET3   esm: InitializeIPDv02p1 extro.
20220909 051238.429 INFO             PET3   esm: InitializeIPDv02p3 intro.
20220909 051238.429 INFO             PET3     esm: IInitCheck intro.
20220909 051238.429 INFO             PET3     esm: IInitCheck extro.
20220909 051238.429 INFO             PET3     ATM: InitializeIPDvXp04 intro.
20220909 051238.435 INFO             PET3     ATM: InitializeIPDvXp04 extro.
20220909 051238.441 INFO             PET3     LND: InitializeIPDvXp04 intro.
20220909 051238.441 INFO             PET3     LND: InitializeIPDvXp04 extro.
20220909 051238.442 INFO             PET3     ATM-TO-OCN: InitializeIPDv05p4 intro.
20220909 051238.448 INFO             PET3     ATM-TO-OCN: InitializeIPDv05p4 extro.
20220909 051238.448 INFO             PET3     ATM-TO-LND: InitializeIPDv05p4 intro.
20220909 051238.452 INFO             PET3     ATM-TO-LND: InitializeIPDv05p4 extro.
20220909 051238.452 INFO             PET3     OCN-TO-ATM: InitializeIPDv05p4 intro.
20220909 051238.456 INFO             PET3     OCN-TO-ATM: InitializeIPDv05p4 extro.
20220909 051238.456 INFO             PET3     LND-TO-ATM: InitializeIPDv05p4 intro.
20220909 051238.459 INFO             PET3     LND-TO-ATM: InitializeIPDv05p4 extro.
20220909 051238.459 INFO             PET3     ATM-TO-OCN: InitializeIPDv05p5 intro.
20220909 051238.464 INFO             PET3     ATM-TO-OCN: InitializeIPDv05p5 extro.
20220909 051238.464 INFO             PET3     ATM-TO-LND: InitializeIPDv05p5 intro.
20220909 051238.468 INFO             PET3     ATM-TO-LND: InitializeIPDv05p5 extro.
20220909 051238.468 INFO             PET3     OCN-TO-ATM: InitializeIPDv05p5 intro.
20220909 051238.472 INFO             PET3     OCN-TO-ATM: InitializeIPDv05p5 extro.
20220909 051238.472 INFO             PET3     LND-TO-ATM: InitializeIPDv05p5 intro.
20220909 051238.475 INFO             PET3     LND-TO-ATM: InitializeIPDv05p5 extro.
20220909 051238.475 INFO             PET3     esm: IInitRealize intro.
20220909 051238.476 INFO             PET3     esm: IInitRealize extro.
20220909 051238.476 INFO             PET3     ATM-TO-OCN: InitializeIPDv05p6a intro.
20220909 051238.481 INFO             PET3     ATM-TO-OCN: InitializeIPDv05p6a extro.
20220909 051238.481 INFO             PET3     ATM-TO-LND: InitializeIPDv05p6a intro.
20220909 051238.484 INFO             PET3     ATM-TO-LND: InitializeIPDv05p6a extro.
20220909 051238.485 INFO             PET3     OCN-TO-ATM: InitializeIPDv05p6a intro.
20220909 051238.488 INFO             PET3     OCN-TO-ATM: InitializeIPDv05p6a extro.
20220909 051238.488 INFO             PET3     LND-TO-ATM: InitializeIPDv05p6a intro.
20220909 051238.491 INFO             PET3     LND-TO-ATM: InitializeIPDv05p6a extro.
20220909 051238.491 INFO             PET3     ATM-TO-OCN: InitializeIPDv05p6b intro.
20220909 051238.543 INFO             PET3     ATM-TO-OCN: InitializeIPDv05p6b extro.
20220909 051238.543 INFO             PET3     ATM-TO-LND: InitializeIPDv05p6b intro.
20220909 051238.543 INFO             PET3     ATM-TO-LND: InitializeIPDv05p6b extro.
20220909 051238.543 INFO             PET3     OCN-TO-ATM: InitializeIPDv05p6b intro.
20220909 051238.588 INFO             PET3     OCN-TO-ATM: InitializeIPDv05p6b extro.
20220909 051238.588 INFO             PET3     LND-TO-ATM: InitializeIPDv05p6b intro.
20220909 051238.588 INFO             PET3     LND-TO-ATM: InitializeIPDv05p6b extro.
20220909 051238.589 INFO             PET3     ATM: InitializeIPDvXp07 intro.
20220909 051238.589 INFO             PET3     ATM: InitializeIPDvXp07 extro.
20220909 051238.591 INFO             PET3     LND: InitializeIPDvXp07 intro.
20220909 051238.591 INFO             PET3     LND: InitializeIPDvXp07 extro.
20220909 051238.592 INFO             PET3   esm: InitializeIPDv02p3 extro.
20220909 051238.592 INFO             PET3   esm: InitializeIPDv02p5 intro.
20220909 051238.592 INFO             PET3     esm: InitializeIPDv02p5Data intro.
20220909 051238.592 INFO             PET3       esm: InternalInitializeComplete intro.
20220909 051238.592 INFO             PET3       esm: InternalInitializeComplete extro.
20220909 051238.592 INFO             PET3       ATM: InitializeIPDv01p5 intro.
20220909 051238.592 INFO             PET3       ATM: InitializeIPDv01p5 extro.
20220909 051238.594 INFO             PET3       LND: InitializeIPDv01p5 intro.
20220909 051238.594 INFO             PET3       LND: InitializeIPDv01p5 extro.
20220909 051238.595 INFO             PET3       esm: loopDataDependentInitialize intro.
20220909 051238.595 INFO             PET3       esm: loopDataDependentInitialize extro.
20220909 051238.595 INFO             PET3     esm: InitializeIPDv02p5Data extro.
20220909 051238.595 INFO             PET3   esm: InitializeIPDv02p5 extro.
20220909 051238.595 INFO             PET3 esm: InitializeP1 extro.
20220909 051238.595 INFO             PET3 esm: Run intro.
20220909 051238.595 INFO             PET3   >>>esm entered Run (phase=RunPhase1) with current time: 2010  6  1  0  0  0   0
20220909 051238.595 INFO             PET3   esm: after lable_SetRunClock, current time: 2010  6  1  0  0  0   0
20220909 051238.595 INFO             PET3   esm: begin -------> RunSequence.
20220909 051238.595 INFO             PET3     esm: RunSequence event loopLevel=   1  levelMember=   1  loopIteration=   1, current time: 2010  6  1  0  0  0   0
20220909 051238.595 INFO             PET3     ATM-TO-OCN: Run intro.
20220909 051238.596 INFO             PET3     ATM-TO-OCN: Run extro.
20220909 051238.596 INFO             PET3     OCN-TO-ATM: Run intro.
20220909 051238.596 INFO             PET3     OCN-TO-ATM: Run extro.
20220909 051238.596 INFO             PET3     ATM-TO-LND: Run intro.
20220909 051238.596 INFO             PET3     ATM-TO-LND: Run extro.
20220909 051238.596 INFO             PET3     LND-TO-ATM: Run intro.
20220909 051238.596 INFO             PET3     LND-TO-ATM: Run extro.
20220909 051238.596 INFO             PET3     ATM: Run intro.
20220909 051238.597 INFO             PET3       ------>Advancing ATM from: 2010  6  1  0  0  0   0
20220909 051238.597 INFO             PET3       ---------------------> to: 2010  6  1  0 30  0   0
20220909 051238.597 INFO             PET3     ATM: Run extro.
20220909 051238.597 INFO             PET3     esm: RunSequence event loopLevel=   2  levelMember=   1  loopIteration=   1, current time: 2010  6  1  0  0  0   0
20220909 051238.597 INFO             PET3     ------>Advancing OCN from: 2010  6  1  0  0  0   0
20220909 051238.597 INFO             PET3     ---------------------> to: 2010  6  1  0  5  0   0
20220909 051238.597 INFO             PET3     ------>Advancing OCN from: 2010  6  1  0  5  0   0
20220909 051238.597 INFO             PET3     ---------------------> to: 2010  6  1  0 10  0   0
20220909 051238.597 INFO             PET3     ------>Advancing OCN from: 2010  6  1  0 10  0   0
20220909 051238.597 INFO             PET3     ---------------------> to: 2010  6  1  0 15  0   0
20220909 051238.597 INFO             PET3     ------>Advancing OCN from: 2010  6  1  0 15  0   0
20220909 051238.597 INFO             PET3     ---------------------> to: 2010  6  1  0 20  0   0
20220909 051238.597 INFO             PET3     ------>Advancing OCN from: 2010  6  1  0 20  0   0
20220909 051238.597 INFO             PET3     ---------------------> to: 2010  6  1  0 25  0   0
20220909 051238.597 INFO             PET3     ------>Advancing OCN from: 2010  6  1  0 25  0   0
20220909 051238.597 INFO             PET3     ---------------------> to: 2010  6  1  0 30  0   0
20220909 051238.597 INFO             PET3     LND: Run intro.
20220909 051238.597 INFO             PET3       ------>Advancing LND from: 2010  6  1  0  0  0   0
20220909 051238.597 INFO             PET3       ---------------------> to: 2010  6  1  0  5  0   0
20220909 051238.597 INFO             PET3       ------>Advancing LND from: 2010  6  1  0  5  0   0
20220909 051238.597 INFO             PET3       ---------------------> to: 2010  6  1  0 10  0   0
20220909 051238.597 INFO             PET3       ------>Advancing LND from: 2010  6  1  0 10  0   0
20220909 051238.597 INFO             PET3       ---------------------> to: 2010  6  1  0 15  0   0
20220909 051238.597 INFO             PET3       ------>Advancing LND from: 2010  6  1  0 15  0   0
20220909 051238.597 INFO             PET3       ---------------------> to: 2010  6  1  0 20  0   0
20220909 051238.597 INFO             PET3       ------>Advancing LND from: 2010  6  1  0 20  0   0
20220909 051238.597 INFO             PET3       ---------------------> to: 2010  6  1  0 25  0   0
20220909 051238.597 INFO             PET3       ------>Advancing LND from: 2010  6  1  0 25  0   0
20220909 051238.597 INFO             PET3       ---------------------> to: 2010  6  1  0 30  0   0
20220909 051238.597 INFO             PET3     LND: Run extro.
20220909 051238.597 INFO             PET3     esm: RunSequence event loopLevel=   1  levelMember=   1  loopIteration=   2, current time: 2010  6  1  0 30  0   0
20220909 051238.598 INFO             PET3     ATM-TO-OCN: Run intro.
20220909 051238.598 INFO             PET3     ATM-TO-OCN: Run extro.
20220909 051238.598 INFO             PET3     OCN-TO-ATM: Run intro.
20220909 051238.598 INFO             PET3     OCN-TO-ATM: Run extro.
20220909 051238.598 INFO             PET3     ATM-TO-LND: Run intro.
20220909 051238.598 INFO             PET3     ATM-TO-LND: Run extro.
20220909 051238.598 INFO             PET3     LND-TO-ATM: Run intro.
20220909 051238.598 INFO             PET3     LND-TO-ATM: Run extro.
20220909 051238.598 INFO             PET3     ATM: Run intro.
20220909 051238.598 INFO             PET3       ------>Advancing ATM from: 2010  6  1  0 30  0   0
20220909 051238.598 INFO             PET3       ---------------------> to: 2010  6  1  1  0  0   0
20220909 051238.598 INFO             PET3     ATM: Run extro.
20220909 051238.598 INFO             PET3     esm: RunSequence event loopLevel=   2  levelMember=   1  loopIteration=   1, current time: 2010  6  1  0 30  0   0
20220909 051238.599 INFO             PET3     ------>Advancing OCN from: 2010  6  1  0 30  0   0
20220909 051238.599 INFO             PET3     ---------------------> to: 2010  6  1  0 35  0   0
20220909 051238.599 INFO             PET3     ------>Advancing OCN from: 2010  6  1  0 35  0   0
20220909 051238.599 INFO             PET3     ---------------------> to: 2010  6  1  0 40  0   0
20220909 051238.599 INFO             PET3     ------>Advancing OCN from: 2010  6  1  0 40  0   0
20220909 051238.599 INFO             PET3     ---------------------> to: 2010  6  1  0 45  0   0
20220909 051238.599 INFO             PET3     ------>Advancing OCN from: 2010  6  1  0 45  0   0
20220909 051238.599 INFO             PET3     ---------------------> to: 2010  6  1  0 50  0   0
20220909 051238.599 INFO             PET3     ------>Advancing OCN from: 2010  6  1  0 50  0   0
20220909 051238.599 INFO             PET3     ---------------------> to: 2010  6  1  0 55  0   0
20220909 051238.599 INFO             PET3     ------>Advancing OCN from: 2010  6  1  0 55  0   0
20220909 051238.599 INFO             PET3     ---------------------> to: 2010  6  1  1  0  0   0
20220909 051238.599 INFO             PET3     LND: Run intro.
20220909 051238.599 INFO             PET3       ------>Advancing LND from: 2010  6  1  0 30  0   0
20220909 051238.599 INFO             PET3       ---------------------> to: 2010  6  1  0 35  0   0
20220909 051238.599 INFO             PET3       ------>Advancing LND from: 2010  6  1  0 35  0   0
20220909 051238.599 INFO             PET3       ---------------------> to: 2010  6  1  0 40  0   0
20220909 051238.599 INFO             PET3       ------>Advancing LND from: 2010  6  1  0 40  0   0
20220909 051238.599 INFO             PET3       ---------------------> to: 2010  6  1  0 45  0   0
20220909 051238.599 INFO             PET3       ------>Advancing LND from: 2010  6  1  0 45  0   0
20220909 051238.599 INFO             PET3       ---------------------> to: 2010  6  1  0 50  0   0
20220909 051238.599 INFO             PET3       ------>Advancing LND from: 2010  6  1  0 50  0   0
20220909 051238.599 INFO             PET3       ---------------------> to: 2010  6  1  0 55  0   0
20220909 051238.599 INFO             PET3       ------>Advancing LND from: 2010  6  1  0 55  0   0
20220909 051238.599 INFO             PET3       ---------------------> to: 2010  6  1  1  0  0   0
20220909 051238.599 INFO             PET3     LND: Run extro.
20220909 051238.599 INFO             PET3   esm: end <--------- RunSequence
20220909 051238.599 INFO             PET3   <<<esm - leaving Run with current time: 2010  6  1  1  0  0   0
20220909 051238.599 INFO             PET3 esm: Run extro.
20220909 051238.599 INFO             PET3 esm: Finalize intro.
20220909 051238.599 INFO             PET3   ATM-TO-OCN: Finalize intro.
20220909 051238.599 INFO             PET3   ATM-TO-OCN: Finalize extro.
20220909 051238.600 INFO             PET3   ATM-TO-LND: Finalize intro.
20220909 051238.600 INFO             PET3   ATM-TO-LND: Finalize extro.
20220909 051238.600 INFO             PET3   OCN-TO-ATM: Finalize intro.
20220909 051238.600 INFO             PET3   OCN-TO-ATM: Finalize extro.
20220909 051238.600 INFO             PET3   LND-TO-ATM: Finalize intro.
20220909 051238.600 INFO             PET3   LND-TO-ATM: Finalize extro.
20220909 051238.600 INFO             PET3   ATM: Finalize intro.
20220909 051238.600 INFO             PET3   ATM: Finalize extro.
20220909 051238.600 INFO             PET3   LND: Finalize intro.
20220909 051238.600 INFO             PET3   LND: Finalize extro.
20220909 051238.600 INFO             PET3 esm: Finalize extro.
20220909 051238.600 INFO             PET3 esmApp FINISHED
20220909 051238.600 INFO             PET3 Finalizing ESMF
