2022-09-20 18:27:18
20220920 234045.649 INFO             PET0 !!!!!!!!!!!!!!!!!!!!!!!!!!!!!!!!!!!!!!!!!!!!!!!!!!!!!!
20220920 234045.649 INFO             PET0 !!! THE ESMF_LOG IS SET TO OUTPUT ALL LOG MESSAGES !!!
20220920 234045.649 INFO             PET0 !!!     THIS MAY CAUSE SLOWDOWN IN PERFORMANCE     !!!
20220920 234045.649 INFO             PET0 !!! FOR PRODUCTION RUNS, USE:                      !!!
20220920 234045.649 INFO             PET0 !!!                   ESMF_LOGKIND_Multi_On_Error  !!!
20220920 234045.649 INFO             PET0 !!!!!!!!!!!!!!!!!!!!!!!!!!!!!!!!!!!!!!!!!!!!!!!!!!!!!!
20220920 234045.649 INFO             PET0 Running with ESMF Version   : v8.3.1
20220920 234045.649 INFO             PET0 ESMF library build date/time: "Sep 20 2022" "18:25:06"
20220920 234045.650 INFO             PET0 ESMF library build location : /global/cscratch1/sd/rsdunlap/esmf-testing/intel_19.1.2_mpi_O_v8.3.1/esmf
20220920 234045.650 INFO             PET0 ESMF_COMM                   : mpi
20220920 234045.651 INFO             PET0 ESMF_MOAB                   : enabled
20220920 234045.651 INFO             PET0 ESMF_LAPACK                 : enabled
20220920 234045.651 INFO             PET0 ESMF_NETCDF                 : enabled
20220920 234045.651 INFO             PET0 ESMF_PNETCDF                : disabled
20220920 234045.651 INFO             PET0 ESMF_PIO                    : enabled
20220920 234045.651 INFO             PET0 ESMF_YAMLCPP                : enabled
20220920 234045.651 INFO             PET0 ESMF Tracing Enabled
20220920 234045.651 INFO             PET0 ESMF Profiling Enabled
20220920 234045.651 INFO             PET0 ESMF Trace/Profile clock: REALTIME
20220920 234045.663 INFO             PET0  NUMBER_OF_PROCESSORS           4
20220920 234045.663 INFO             PET0  PASS  Example ESMF_TraceEx, ESMF_TraceEx.F90, line 178
20220920 234045.663 INFO             PET0 Finalizing ESMF
20220920 234045.663 INFO             PET0 **************** Region Timings *******************
20220920 234045.663 INFO             PET0 Region              Count  Total (s)   Self (s)    Mean (s)    Min (s)     Max (s)
20220920 234045.663 INFO             PET0   [test] Init 1     1      0.0000      0.0000      0.0000      0.0000      0.0000
20220920 234045.663 INFO             PET0   [test] Run 1      5      0.0000      0.0000      0.0000      0.0000      0.0000
20220920 234045.663 INFO             PET0   [test] Final 1    1      0.0000      0.0000      0.0000      0.0000      0.0000
20220920 234045.652 INFO             PET1 !!!!!!!!!!!!!!!!!!!!!!!!!!!!!!!!!!!!!!!!!!!!!!!!!!!!!!
20220920 234045.652 INFO             PET1 !!! THE ESMF_LOG IS SET TO OUTPUT ALL LOG MESSAGES !!!
20220920 234045.652 INFO             PET1 !!!     THIS MAY CAUSE SLOWDOWN IN PERFORMANCE     !!!
20220920 234045.652 INFO             PET1 !!! FOR PRODUCTION RUNS, USE:                      !!!
20220920 234045.652 INFO             PET1 !!!                   ESMF_LOGKIND_Multi_On_Error  !!!
20220920 234045.652 INFO             PET1 !!!!!!!!!!!!!!!!!!!!!!!!!!!!!!!!!!!!!!!!!!!!!!!!!!!!!!
20220920 234045.652 INFO             PET1 Running with ESMF Version   : v8.3.1
20220920 234045.652 INFO             PET1 ESMF library build date/time: "Sep 20 2022" "18:25:06"
20220920 234045.652 INFO             PET1 ESMF library build location : /global/cscratch1/sd/rsdunlap/esmf-testing/intel_19.1.2_mpi_O_v8.3.1/esmf
20220920 234045.652 INFO             PET1 ESMF_COMM                   : mpi
20220920 234045.654 INFO             PET1 ESMF_MOAB                   : enabled
20220920 234045.654 INFO             PET1 ESMF_LAPACK                 : enabled
20220920 234045.654 INFO             PET1 ESMF_NETCDF                 : enabled
20220920 234045.654 INFO             PET1 ESMF_PNETCDF                : disabled
20220920 234045.654 INFO             PET1 ESMF_PIO                    : enabled
20220920 234045.654 INFO             PET1 ESMF_YAMLCPP                : enabled
20220920 234045.654 INFO             PET1 ESMF Tracing Enabled
20220920 234045.654 INFO             PET1 ESMF Profiling Enabled
20220920 234045.654 INFO             PET1 ESMF Trace/Profile clock: REALTIME
20220920 234045.664 INFO             PET1  NUMBER_OF_PROCESSORS           4
20220920 234045.664 INFO             PET1  PASS  Example ESMF_TraceEx, ESMF_TraceEx.F90, line 178
20220920 234045.664 INFO             PET1 Finalizing ESMF
20220920 234045.664 INFO             PET1 **************** Region Timings *******************
20220920 234045.664 INFO             PET1 Region              Count  Total (s)   Self (s)    Mean (s)    Min (s)     Max (s)
20220920 234045.664 INFO             PET1   [test] Init 1     1      0.0002      0.0002      0.0002      0.0002      0.0002
20220920 234045.664 INFO             PET1   [test] Run 1      5      0.0000      0.0000      0.0000      0.0000      0.0000
20220920 234045.664 INFO             PET1   [test] Final 1    1      0.0000      0.0000      0.0000      0.0000      0.0000
20220920 234045.651 INFO             PET2 !!!!!!!!!!!!!!!!!!!!!!!!!!!!!!!!!!!!!!!!!!!!!!!!!!!!!!
20220920 234045.651 INFO             PET2 !!! THE ESMF_LOG IS SET TO OUTPUT ALL LOG MESSAGES !!!
20220920 234045.651 INFO             PET2 !!!     THIS MAY CAUSE SLOWDOWN IN PERFORMANCE     !!!
20220920 234045.651 INFO             PET2 !!! FOR PRODUCTION RUNS, USE:                      !!!
20220920 234045.651 INFO             PET2 !!!                   ESMF_LOGKIND_Multi_On_Error  !!!
20220920 234045.651 INFO             PET2 !!!!!!!!!!!!!!!!!!!!!!!!!!!!!!!!!!!!!!!!!!!!!!!!!!!!!!
20220920 234045.652 INFO             PET2 Running with ESMF Version   : v8.3.1
20220920 234045.652 INFO             PET2 ESMF library build date/time: "Sep 20 2022" "18:25:06"
20220920 234045.652 INFO             PET2 ESMF library build location : /global/cscratch1/sd/rsdunlap/esmf-testing/intel_19.1.2_mpi_O_v8.3.1/esmf
20220920 234045.652 INFO             PET2 ESMF_COMM                   : mpi
20220920 234045.653 INFO             PET2 ESMF_MOAB                   : enabled
20220920 234045.653 INFO             PET2 ESMF_LAPACK                 : enabled
20220920 234045.653 INFO             PET2 ESMF_NETCDF                 : enabled
20220920 234045.653 INFO             PET2 ESMF_PNETCDF                : disabled
20220920 234045.653 INFO             PET2 ESMF_PIO                    : enabled
20220920 234045.653 INFO             PET2 ESMF_YAMLCPP                : enabled
20220920 234045.654 INFO             PET2 ESMF Tracing Enabled
20220920 234045.654 INFO             PET2 ESMF Profiling Enabled
20220920 234045.654 INFO             PET2 ESMF Trace/Profile clock: REALTIME
20220920 234045.664 INFO             PET2  NUMBER_OF_PROCESSORS           4
20220920 234045.664 INFO             PET2  PASS  Example ESMF_TraceEx, ESMF_TraceEx.F90, line 178
20220920 234045.664 INFO             PET2 Finalizing ESMF
20220920 234045.664 INFO             PET2 **************** Region Timings *******************
20220920 234045.664 INFO             PET2 Region              Count  Total (s)   Self (s)    Mean (s)    Min (s)     Max (s)
20220920 234045.664 INFO             PET2   [test] Init 1     1      0.0002      0.0002      0.0002      0.0002      0.0002
20220920 234045.664 INFO             PET2   [test] Run 1      5      0.0000      0.0000      0.0000      0.0000      0.0000
20220920 234045.664 INFO             PET2   [test] Final 1    1      0.0000      0.0000      0.0000      0.0000      0.0000
20220920 234045.649 INFO             PET3 !!!!!!!!!!!!!!!!!!!!!!!!!!!!!!!!!!!!!!!!!!!!!!!!!!!!!!
20220920 234045.649 INFO             PET3 !!! THE ESMF_LOG IS SET TO OUTPUT ALL LOG MESSAGES !!!
20220920 234045.649 INFO             PET3 !!!     THIS MAY CAUSE SLOWDOWN IN PERFORMANCE     !!!
20220920 234045.649 INFO             PET3 !!! FOR PRODUCTION RUNS, USE:                      !!!
20220920 234045.649 INFO             PET3 !!!                   ESMF_LOGKIND_Multi_On_Error  !!!
20220920 234045.649 INFO             PET3 !!!!!!!!!!!!!!!!!!!!!!!!!!!!!!!!!!!!!!!!!!!!!!!!!!!!!!
20220920 234045.649 INFO             PET3 Running with ESMF Version   : v8.3.1
20220920 234045.650 INFO             PET3 ESMF library build date/time: "Sep 20 2022" "18:25:06"
20220920 234045.650 INFO             PET3 ESMF library build location : /global/cscratch1/sd/rsdunlap/esmf-testing/intel_19.1.2_mpi_O_v8.3.1/esmf
20220920 234045.650 INFO             PET3 ESMF_COMM                   : mpi
20220920 234045.651 INFO             PET3 ESMF_MOAB                   : enabled
20220920 234045.651 INFO             PET3 ESMF_LAPACK                 : enabled
20220920 234045.651 INFO             PET3 ESMF_NETCDF                 : enabled
20220920 234045.651 INFO             PET3 ESMF_PNETCDF                : disabled
20220920 234045.651 INFO             PET3 ESMF_PIO                    : enabled
20220920 234045.651 INFO             PET3 ESMF_YAMLCPP                : enabled
20220920 234045.651 INFO             PET3 ESMF Tracing Enabled
20220920 234045.651 INFO             PET3 ESMF Profiling Enabled
20220920 234045.651 INFO             PET3 ESMF Trace/Profile clock: REALTIME
20220920 234045.664 INFO             PET3  NUMBER_OF_PROCESSORS           4
20220920 234045.664 INFO             PET3  PASS  Example ESMF_TraceEx, ESMF_TraceEx.F90, line 178
20220920 234045.664 INFO             PET3 Finalizing ESMF
20220920 234045.664 INFO             PET3 **************** Region Timings *******************
20220920 234045.664 INFO             PET3 Region              Count  Total (s)   Self (s)    Mean (s)    Min (s)     Max (s)
20220920 234045.664 INFO             PET3   [test] Init 1     1      0.0001      0.0001      0.0001      0.0001      0.0001
20220920 234045.664 INFO             PET3   [test] Run 1      5      0.0000      0.0000      0.0000      0.0000      0.0000
20220920 234045.664 INFO             PET3   [test] Final 1    1      0.0000      0.0000      0.0000      0.0000      0.0000
