2022-09-22 02:28:26
20220922 025729.773 INFO             PET0 !!!!!!!!!!!!!!!!!!!!!!!!!!!!!!!!!!!!!!!!!!!!!!!!!!!!!!
20220922 025729.774 INFO             PET0 !!! THE ESMF_LOG IS SET TO OUTPUT ALL LOG MESSAGES !!!
20220922 025729.774 INFO             PET0 !!!     THIS MAY CAUSE SLOWDOWN IN PERFORMANCE     !!!
20220922 025729.774 INFO             PET0 !!! FOR PRODUCTION RUNS, USE:                      !!!
20220922 025729.774 INFO             PET0 !!!                   ESMF_LOGKIND_Multi_On_Error  !!!
20220922 025729.774 INFO             PET0 !!!!!!!!!!!!!!!!!!!!!!!!!!!!!!!!!!!!!!!!!!!!!!!!!!!!!!
20220922 025729.774 INFO             PET0 Running with ESMF Version   : v8.4.0b14-4-g385fd8f7d2
20220922 025729.774 INFO             PET0 ESMF library build date/time: "Sep 22 2022" "02:26:42"
20220922 025729.774 INFO             PET0 ESMF library build location : /scratch1/NCEPDEV/stmp2/Rocky.Dunlap/esmf-testing/intel_18.0.5b_intelmpi_O_develop/esmf
20220922 025729.774 INFO             PET0 ESMF_COMM                   : intelmpi
20220922 025729.775 INFO             PET0 ESMF_MOAB                   : enabled
20220922 025729.775 INFO             PET0 ESMF_LAPACK                 : enabled
20220922 025729.775 INFO             PET0 ESMF_NETCDF                 : enabled
20220922 025729.775 INFO             PET0 ESMF_PNETCDF                : disabled
20220922 025729.775 INFO             PET0 ESMF_PIO                    : enabled
20220922 025729.775 INFO             PET0 ESMF_YAMLCPP                : enabled
20220922 025729.811 DEBUG            PET0 about to destroy Grid: 0xd923d0
20220922 025729.814 DEBUG            PET0 about to destroy Grid: 0xd94490
20220922 025729.823 INFO             PET0  NUMBER_OF_PROCESSORS           4
20220922 025729.823 INFO             PET0  PASS  Example ESMF_NUOPCAtmModelEx, ESMF_NUOPCAtmModelEx.F90, line 806
20220922 025729.823 INFO             PET0 Finalizing ESMF
20220922 025729.773 INFO             PET1 !!!!!!!!!!!!!!!!!!!!!!!!!!!!!!!!!!!!!!!!!!!!!!!!!!!!!!
20220922 025729.774 INFO             PET1 !!! THE ESMF_LOG IS SET TO OUTPUT ALL LOG MESSAGES !!!
20220922 025729.774 INFO             PET1 !!!     THIS MAY CAUSE SLOWDOWN IN PERFORMANCE     !!!
20220922 025729.774 INFO             PET1 !!! FOR PRODUCTION RUNS, USE:                      !!!
20220922 025729.774 INFO             PET1 !!!                   ESMF_LOGKIND_Multi_On_Error  !!!
20220922 025729.774 INFO             PET1 !!!!!!!!!!!!!!!!!!!!!!!!!!!!!!!!!!!!!!!!!!!!!!!!!!!!!!
20220922 025729.774 INFO             PET1 Running with ESMF Version   : v8.4.0b14-4-g385fd8f7d2
20220922 025729.774 INFO             PET1 ESMF library build date/time: "Sep 22 2022" "02:26:42"
20220922 025729.774 INFO             PET1 ESMF library build location : /scratch1/NCEPDEV/stmp2/Rocky.Dunlap/esmf-testing/intel_18.0.5b_intelmpi_O_develop/esmf
20220922 025729.774 INFO             PET1 ESMF_COMM                   : intelmpi
20220922 025729.775 INFO             PET1 ESMF_MOAB                   : enabled
20220922 025729.775 INFO             PET1 ESMF_LAPACK                 : enabled
20220922 025729.775 INFO             PET1 ESMF_NETCDF                 : enabled
20220922 025729.775 INFO             PET1 ESMF_PNETCDF                : disabled
20220922 025729.775 INFO             PET1 ESMF_PIO                    : enabled
20220922 025729.775 INFO             PET1 ESMF_YAMLCPP                : enabled
20220922 025729.810 DEBUG            PET1 about to destroy Grid: 0x257acd0
20220922 025729.814 DEBUG            PET1 about to destroy Grid: 0x257b9b0
20220922 025729.823 INFO             PET1  NUMBER_OF_PROCESSORS           4
20220922 025729.823 INFO             PET1  PASS  Example ESMF_NUOPCAtmModelEx, ESMF_NUOPCAtmModelEx.F90, line 806
20220922 025729.823 INFO             PET1 Finalizing ESMF
20220922 025729.774 INFO             PET2 !!!!!!!!!!!!!!!!!!!!!!!!!!!!!!!!!!!!!!!!!!!!!!!!!!!!!!
20220922 025729.774 INFO             PET2 !!! THE ESMF_LOG IS SET TO OUTPUT ALL LOG MESSAGES !!!
20220922 025729.774 INFO             PET2 !!!     THIS MAY CAUSE SLOWDOWN IN PERFORMANCE     !!!
20220922 025729.774 INFO             PET2 !!! FOR PRODUCTION RUNS, USE:                      !!!
20220922 025729.774 INFO             PET2 !!!                   ESMF_LOGKIND_Multi_On_Error  !!!
20220922 025729.774 INFO             PET2 !!!!!!!!!!!!!!!!!!!!!!!!!!!!!!!!!!!!!!!!!!!!!!!!!!!!!!
20220922 025729.774 INFO             PET2 Running with ESMF Version   : v8.4.0b14-4-g385fd8f7d2
20220922 025729.774 INFO             PET2 ESMF library build date/time: "Sep 22 2022" "02:26:42"
20220922 025729.774 INFO             PET2 ESMF library build location : /scratch1/NCEPDEV/stmp2/Rocky.Dunlap/esmf-testing/intel_18.0.5b_intelmpi_O_develop/esmf
20220922 025729.774 INFO             PET2 ESMF_COMM                   : intelmpi
20220922 025729.775 INFO             PET2 ESMF_MOAB                   : enabled
20220922 025729.775 INFO             PET2 ESMF_LAPACK                 : enabled
20220922 025729.775 INFO             PET2 ESMF_NETCDF                 : enabled
20220922 025729.775 INFO             PET2 ESMF_PNETCDF                : disabled
20220922 025729.775 INFO             PET2 ESMF_PIO                    : enabled
20220922 025729.775 INFO             PET2 ESMF_YAMLCPP                : enabled
20220922 025729.810 DEBUG            PET2 about to destroy Grid: 0x2337cd0
20220922 025729.814 DEBUG            PET2 about to destroy Grid: 0x2338c90
20220922 025729.823 INFO             PET2  NUMBER_OF_PROCESSORS           4
20220922 025729.823 INFO             PET2  PASS  Example ESMF_NUOPCAtmModelEx, ESMF_NUOPCAtmModelEx.F90, line 806
20220922 025729.823 INFO             PET2 Finalizing ESMF
20220922 025729.774 INFO             PET3 !!!!!!!!!!!!!!!!!!!!!!!!!!!!!!!!!!!!!!!!!!!!!!!!!!!!!!
20220922 025729.774 INFO             PET3 !!! THE ESMF_LOG IS SET TO OUTPUT ALL LOG MESSAGES !!!
20220922 025729.774 INFO             PET3 !!!     THIS MAY CAUSE SLOWDOWN IN PERFORMANCE     !!!
20220922 025729.774 INFO             PET3 !!! FOR PRODUCTION RUNS, USE:                      !!!
20220922 025729.774 INFO             PET3 !!!                   ESMF_LOGKIND_Multi_On_Error  !!!
20220922 025729.774 INFO             PET3 !!!!!!!!!!!!!!!!!!!!!!!!!!!!!!!!!!!!!!!!!!!!!!!!!!!!!!
20220922 025729.774 INFO             PET3 Running with ESMF Version   : v8.4.0b14-4-g385fd8f7d2
20220922 025729.774 INFO             PET3 ESMF library build date/time: "Sep 22 2022" "02:26:42"
20220922 025729.774 INFO             PET3 ESMF library build location : /scratch1/NCEPDEV/stmp2/Rocky.Dunlap/esmf-testing/intel_18.0.5b_intelmpi_O_develop/esmf
20220922 025729.774 INFO             PET3 ESMF_COMM                   : intelmpi
20220922 025729.775 INFO             PET3 ESMF_MOAB                   : enabled
20220922 025729.775 INFO             PET3 ESMF_LAPACK                 : enabled
20220922 025729.775 INFO             PET3 ESMF_NETCDF                 : enabled
20220922 025729.775 INFO             PET3 ESMF_PNETCDF                : disabled
20220922 025729.775 INFO             PET3 ESMF_PIO                    : enabled
20220922 025729.775 INFO             PET3 ESMF_YAMLCPP                : enabled
20220922 025729.810 DEBUG            PET3 about to destroy Grid: 0x1c33cd0
20220922 025729.814 DEBUG            PET3 about to destroy Grid: 0x1c349b0
20220922 025729.823 INFO             PET3  NUMBER_OF_PROCESSORS           4
20220922 025729.823 INFO             PET3  PASS  Example ESMF_NUOPCAtmModelEx, ESMF_NUOPCAtmModelEx.F90, line 806
20220922 025729.823 INFO             PET3 Finalizing ESMF
