2022-09-03 02:42:26
20220903 030857.134 INFO             PET0 !!!!!!!!!!!!!!!!!!!!!!!!!!!!!!!!!!!!!!!!!!!!!!!!!!!!!!
20220903 030857.134 INFO             PET0 !!! THE ESMF_LOG IS SET TO OUTPUT ALL LOG MESSAGES !!!
20220903 030857.134 INFO             PET0 !!!     THIS MAY CAUSE SLOWDOWN IN PERFORMANCE     !!!
20220903 030857.134 INFO             PET0 !!! FOR PRODUCTION RUNS, USE:                      !!!
20220903 030857.134 INFO             PET0 !!!                   ESMF_LOGKIND_Multi_On_Error  !!!
20220903 030857.134 INFO             PET0 !!!!!!!!!!!!!!!!!!!!!!!!!!!!!!!!!!!!!!!!!!!!!!!!!!!!!!
20220903 030857.134 INFO             PET0 Running with ESMF Version   : v8.4.0b12
20220903 030857.134 INFO             PET0 ESMF library build date/time: "Sep  3 2022" "02:40:44"
20220903 030857.134 INFO             PET0 ESMF library build location : /scratch1/NCEPDEV/stmp2/Rocky.Dunlap/esmf-testing/intel_18.0.5b_intelmpi_O_develop/esmf
20220903 030857.134 INFO             PET0 ESMF_COMM                   : intelmpi
20220903 030857.135 INFO             PET0 ESMF_MOAB                   : enabled
20220903 030857.135 INFO             PET0 ESMF_LAPACK                 : enabled
20220903 030857.135 INFO             PET0 ESMF_NETCDF                 : enabled
20220903 030857.135 INFO             PET0 ESMF_PNETCDF                : disabled
20220903 030857.135 INFO             PET0 ESMF_PIO                    : enabled
20220903 030857.135 INFO             PET0 ESMF_YAMLCPP                : enabled
20220903 030857.140 INFO             PET0 ESMF_FieldRedistStoreNF(): Just entered routine.
20220903 030857.182 INFO             PET0 ESMF_FieldRedistStoreNF(): Leaving routine.
20220903 030857.186 INFO             PET0  NUMBER_OF_PROCESSORS           4
20220903 030857.186 INFO             PET0  PASS  Example ESMF_RHandleFromRHandleEx, ESMF_RHandleFromRHandleEx.F90, line 660
20220903 030857.186 INFO             PET0 Finalizing ESMF
20220903 030857.134 INFO             PET1 !!!!!!!!!!!!!!!!!!!!!!!!!!!!!!!!!!!!!!!!!!!!!!!!!!!!!!
20220903 030857.134 INFO             PET1 !!! THE ESMF_LOG IS SET TO OUTPUT ALL LOG MESSAGES !!!
20220903 030857.134 INFO             PET1 !!!     THIS MAY CAUSE SLOWDOWN IN PERFORMANCE     !!!
20220903 030857.134 INFO             PET1 !!! FOR PRODUCTION RUNS, USE:                      !!!
20220903 030857.134 INFO             PET1 !!!                   ESMF_LOGKIND_Multi_On_Error  !!!
20220903 030857.134 INFO             PET1 !!!!!!!!!!!!!!!!!!!!!!!!!!!!!!!!!!!!!!!!!!!!!!!!!!!!!!
20220903 030857.134 INFO             PET1 Running with ESMF Version   : v8.4.0b12
20220903 030857.134 INFO             PET1 ESMF library build date/time: "Sep  3 2022" "02:40:44"
20220903 030857.134 INFO             PET1 ESMF library build location : /scratch1/NCEPDEV/stmp2/Rocky.Dunlap/esmf-testing/intel_18.0.5b_intelmpi_O_develop/esmf
20220903 030857.134 INFO             PET1 ESMF_COMM                   : intelmpi
20220903 030857.135 INFO             PET1 ESMF_MOAB                   : enabled
20220903 030857.135 INFO             PET1 ESMF_LAPACK                 : enabled
20220903 030857.135 INFO             PET1 ESMF_NETCDF                 : enabled
20220903 030857.135 INFO             PET1 ESMF_PNETCDF                : disabled
20220903 030857.135 INFO             PET1 ESMF_PIO                    : enabled
20220903 030857.135 INFO             PET1 ESMF_YAMLCPP                : enabled
20220903 030857.140 INFO             PET1 ESMF_FieldRedistStoreNF(): Just entered routine.
20220903 030857.182 INFO             PET1 ESMF_FieldRedistStoreNF(): Leaving routine.
20220903 030857.186 INFO             PET1  NUMBER_OF_PROCESSORS           4
20220903 030857.186 INFO             PET1  PASS  Example ESMF_RHandleFromRHandleEx, ESMF_RHandleFromRHandleEx.F90, line 660
20220903 030857.186 INFO             PET1 Finalizing ESMF
20220903 030857.134 INFO             PET2 !!!!!!!!!!!!!!!!!!!!!!!!!!!!!!!!!!!!!!!!!!!!!!!!!!!!!!
20220903 030857.134 INFO             PET2 !!! THE ESMF_LOG IS SET TO OUTPUT ALL LOG MESSAGES !!!
20220903 030857.134 INFO             PET2 !!!     THIS MAY CAUSE SLOWDOWN IN PERFORMANCE     !!!
20220903 030857.134 INFO             PET2 !!! FOR PRODUCTION RUNS, USE:                      !!!
20220903 030857.134 INFO             PET2 !!!                   ESMF_LOGKIND_Multi_On_Error  !!!
20220903 030857.134 INFO             PET2 !!!!!!!!!!!!!!!!!!!!!!!!!!!!!!!!!!!!!!!!!!!!!!!!!!!!!!
20220903 030857.134 INFO             PET2 Running with ESMF Version   : v8.4.0b12
20220903 030857.134 INFO             PET2 ESMF library build date/time: "Sep  3 2022" "02:40:44"
20220903 030857.134 INFO             PET2 ESMF library build location : /scratch1/NCEPDEV/stmp2/Rocky.Dunlap/esmf-testing/intel_18.0.5b_intelmpi_O_develop/esmf
20220903 030857.134 INFO             PET2 ESMF_COMM                   : intelmpi
20220903 030857.135 INFO             PET2 ESMF_MOAB                   : enabled
20220903 030857.135 INFO             PET2 ESMF_LAPACK                 : enabled
20220903 030857.135 INFO             PET2 ESMF_NETCDF                 : enabled
20220903 030857.135 INFO             PET2 ESMF_PNETCDF                : disabled
20220903 030857.135 INFO             PET2 ESMF_PIO                    : enabled
20220903 030857.135 INFO             PET2 ESMF_YAMLCPP                : enabled
20220903 030857.140 INFO             PET2 ESMF_FieldRedistStoreNF(): Just entered routine.
20220903 030857.182 INFO             PET2 ESMF_FieldRedistStoreNF(): Leaving routine.
20220903 030857.184 INFO             PET2  NUMBER_OF_PROCESSORS           4
20220903 030857.184 INFO             PET2  PASS  Example ESMF_RHandleFromRHandleEx, ESMF_RHandleFromRHandleEx.F90, line 660
20220903 030857.184 INFO             PET2 Finalizing ESMF
20220903 030857.133 INFO             PET3 !!!!!!!!!!!!!!!!!!!!!!!!!!!!!!!!!!!!!!!!!!!!!!!!!!!!!!
20220903 030857.133 INFO             PET3 !!! THE ESMF_LOG IS SET TO OUTPUT ALL LOG MESSAGES !!!
20220903 030857.133 INFO             PET3 !!!     THIS MAY CAUSE SLOWDOWN IN PERFORMANCE     !!!
20220903 030857.133 INFO             PET3 !!! FOR PRODUCTION RUNS, USE:                      !!!
20220903 030857.133 INFO             PET3 !!!                   ESMF_LOGKIND_Multi_On_Error  !!!
20220903 030857.133 INFO             PET3 !!!!!!!!!!!!!!!!!!!!!!!!!!!!!!!!!!!!!!!!!!!!!!!!!!!!!!
20220903 030857.133 INFO             PET3 Running with ESMF Version   : v8.4.0b12
20220903 030857.133 INFO             PET3 ESMF library build date/time: "Sep  3 2022" "02:40:44"
20220903 030857.133 INFO             PET3 ESMF library build location : /scratch1/NCEPDEV/stmp2/Rocky.Dunlap/esmf-testing/intel_18.0.5b_intelmpi_O_develop/esmf
20220903 030857.133 INFO             PET3 ESMF_COMM                   : intelmpi
20220903 030857.134 INFO             PET3 ESMF_MOAB                   : enabled
20220903 030857.134 INFO             PET3 ESMF_LAPACK                 : enabled
20220903 030857.134 INFO             PET3 ESMF_NETCDF                 : enabled
20220903 030857.134 INFO             PET3 ESMF_PNETCDF                : disabled
20220903 030857.134 INFO             PET3 ESMF_PIO                    : enabled
20220903 030857.134 INFO             PET3 ESMF_YAMLCPP                : enabled
20220903 030857.140 INFO             PET3 ESMF_FieldRedistStoreNF(): Just entered routine.
20220903 030857.181 INFO             PET3 ESMF_FieldRedistStoreNF(): Leaving routine.
20220903 030857.186 INFO             PET3  NUMBER_OF_PROCESSORS           4
20220903 030857.186 INFO             PET3  PASS  Example ESMF_RHandleFromRHandleEx, ESMF_RHandleFromRHandleEx.F90, line 660
20220903 030857.186 INFO             PET3 Finalizing ESMF
