2022-09-20 01:07:33
Rank 1 [Tue Sep 20 01:54:23 2022] [c1-0c2s10n2] application called MPI_Abort(comm=0x84000004, 1) - process 1
Rank 3 [Tue Sep 20 01:54:23 2022] [c1-0c2s10n2] application called MPI_Abort(comm=0x84000004, 1) - process 3
Rank 0 [Tue Sep 20 01:54:23 2022] [c1-0c2s10n2] application called MPI_Abort(comm=0x84000007, 1) - process 0
Rank 2 [Tue Sep 20 01:54:23 2022] [c1-0c2s10n2] application called MPI_Abort(comm=0x84000004, 1) - process 2
forrtl: error (76): Abort trap signal
Image              PC                Routine            Line        Source             
esmApp             0000000003497084  Unknown               Unknown  Unknown
esmApp             0000000002DD9D40  Unknown               Unknown  Unknown
esmApp             0000000003352410  Unknown               Unknown  Unknown
esmApp             0000000003601191  Unknown               Unknown  Unknown
esmApp             0000000003183422  Unknown               Unknown  Unknown
esmApp             000000000312FDDB  Unknown               Unknown  Unknown
esmApp             0000000002387B54  _ZN5ESMCI3VMK5abo         757  ESMCI_VMKernel.C
esmApp             00000000023661B7  _ZN5ESMCI2VM5abor        3547  ESMCI_VM.C
esmApp             0000000001A3C3D3  c_esmc_vmabort_          1190  ESMCI_VM_F.C
esmApp             000000000072E2C2  esmf_vmmod_mp_esm        9431  ESMF_VM.F90
esmApp             0000000000BCB040  esmf_initmod_mp_e        1226  ESMF_Init.F90
esmApp             000000000040293B  MAIN__                     66  esmApp.F90
esmApp             0000000000401FC2  Unknown               Unknown  Unknown
esmApp             00000000035F74CF  Unknown               Unknown  Unknown
esmApp             0000000000401EAA  Unknown               Unknown  Unknown
forrtl: error (76): Abort trap signal
Image              PC                Routine            Line        Source             
esmApp             0000000003497084  Unknown               Unknown  Unknown
esmApp             0000000002DD9D40  Unknown               Unknown  Unknown
esmApp             0000000003352410  Unknown               Unknown  Unknown
esmApp             0000000003601191  Unknown               Unknown  Unknown
esmApp             0000000003183422  Unknown               Unknown  Unknown
esmApp             000000000312FDDB  Unknown               Unknown  Unknown
esmApp             0000000002387B54  _ZN5ESMCI3VMK5abo         757  ESMCI_VMKernel.C
esmApp             00000000023661B7  _ZN5ESMCI2VM5abor        3547  ESMCI_VM.C
esmApp             0000000001A3C3D3  c_esmc_vmabort_          1190  ESMCI_VM_F.C
esmApp             000000000072E2C2  esmf_vmmod_mp_esm        9431  ESMF_VM.F90
esmApp             0000000000BCB040  esmf_initmod_mp_e        1226  ESMF_Init.F90
esmApp             000000000040293B  MAIN__                     66  esmApp.F90
esmApp             0000000000401FC2  Unknown               Unknown  Unknown
esmApp             00000000035F74CF  Unknown               Unknown  Unknown
esmApp             0000000000401EAA  Unknown               Unknown  Unknown
forrtl: error (76): Abort trap signal
Image              PC                Routine            Line        Source             
esmApp             0000000003497084  Unknown               Unknown  Unknown
esmApp             0000000002DD9D40  Unknown               Unknown  Unknown
esmApp             0000000003352410  Unknown               Unknown  Unknown
esmApp             0000000003601191  Unknown               Unknown  Unknown
esmApp             0000000003183422  Unknown               Unknown  Unknown
esmApp             000000000312FDDB  Unknown               Unknown  Unknown
esmApp             0000000002387B54  _ZN5ESMCI3VMK5abo         757  ESMCI_VMKernel.C
esmApp             00000000023661B7  _ZN5ESMCI2VM5abor        3547  ESMCI_VM.C
esmApp             0000000001A3C3D3  c_esmc_vmabort_          1190  ESMCI_VM_F.C
esmApp             000000000072E2C2  esmf_vmmod_mp_esm        9431  ESMF_VM.F90
esmApp             0000000000BCB040  esmf_initmod_mp_e        1226  ESMF_Init.F90
esmApp             000000000040293B  MAIN__                     66  esmApp.F90
esmApp             0000000000401FC2  Unknown               Unknown  Unknown
esmApp             00000000035F74CF  Unknown               Unknown  Unknown
esmApp             0000000000401EAA  Unknown               Unknown  Unknown
forrtl: error (76): Abort trap signal
Image              PC                Routine            Line        Source             
esmApp             0000000003497084  Unknown               Unknown  Unknown
esmApp             0000000002DD9D40  Unknown               Unknown  Unknown
esmApp             0000000003352410  Unknown               Unknown  Unknown
esmApp             0000000003601191  Unknown               Unknown  Unknown
esmApp             0000000003183422  Unknown               Unknown  Unknown
esmApp             000000000312FDDB  Unknown               Unknown  Unknown
esmApp             0000000002387B54  _ZN5ESMCI3VMK5abo         757  ESMCI_VMKernel.C
esmApp             00000000023661B7  _ZN5ESMCI2VM5abor        3547  ESMCI_VM.C
esmApp             0000000001A3C3D3  c_esmc_vmabort_          1190  ESMCI_VM_F.C
esmApp             000000000072E2C2  esmf_vmmod_mp_esm        9431  ESMF_VM.F90
esmApp             0000000000BCB040  esmf_initmod_mp_e        1226  ESMF_Init.F90
esmApp             000000000040293B  MAIN__                     66  esmApp.F90
esmApp             0000000000401FC2  Unknown               Unknown  Unknown
esmApp             00000000035F74CF  Unknown               Unknown  Unknown
esmApp             0000000000401EAA  Unknown               Unknown  Unknown
srun: error: nid00362: tasks 0-3: Aborted
srun: launch/slurm: _step_signal: Terminating StepId=269124766.365
