2022-09-21 03:49:13
20220921 042602.898 INFO             PET0 !!!!!!!!!!!!!!!!!!!!!!!!!!!!!!!!!!!!!!!!!!!!!!!!!!!!!!
20220921 042602.898 INFO             PET0 !!! THE ESMF_LOG IS SET TO OUTPUT ALL LOG MESSAGES !!!
20220921 042602.898 INFO             PET0 !!!     THIS MAY CAUSE SLOWDOWN IN PERFORMANCE     !!!
20220921 042602.898 INFO             PET0 !!! FOR PRODUCTION RUNS, USE:                      !!!
20220921 042602.898 INFO             PET0 !!!                   ESMF_LOGKIND_Multi_On_Error  !!!
20220921 042602.898 INFO             PET0 !!!!!!!!!!!!!!!!!!!!!!!!!!!!!!!!!!!!!!!!!!!!!!!!!!!!!!
20220921 042602.898 INFO             PET0 Running with ESMF Version   : v8.4.0b14
20220921 042602.898 INFO             PET0 ESMF library build date/time: "Sep 21 2022" "03:46:07"
20220921 042602.898 INFO             PET0 ESMF library build location : /glade/scratch/dunlap/esmf-testing/gfortran_10.1.0_openmpi_g_develop/esmf
20220921 042602.898 INFO             PET0 ESMF_COMM                   : openmpi
20220921 042602.898 INFO             PET0 ESMF_MOAB                   : enabled
20220921 042602.898 INFO             PET0 ESMF_LAPACK                 : enabled
20220921 042602.898 INFO             PET0 ESMF_NETCDF                 : enabled
20220921 042602.898 INFO             PET0 ESMF_PNETCDF                : disabled
20220921 042602.898 INFO             PET0 ESMF_PIO                    : enabled
20220921 042602.898 INFO             PET0 ESMF_YAMLCPP                : enabled
20220921 042603.000 DEBUG            PET0 about to destroy Grid: 0x26dda20
20220921 042603.013 DEBUG            PET0 about to destroy Grid: 0x26de310
20220921 042603.052 INFO             PET0  NUMBER_OF_PROCESSORS           4
20220921 042603.052 INFO             PET0  PASS  Example ESMF_NUOPCAtmModelEx, ESMF_NUOPCAtmModelEx.F90, line 806
20220921 042603.052 INFO             PET0 Finalizing ESMF
20220921 042602.897 INFO             PET1 !!!!!!!!!!!!!!!!!!!!!!!!!!!!!!!!!!!!!!!!!!!!!!!!!!!!!!
20220921 042602.897 INFO             PET1 !!! THE ESMF_LOG IS SET TO OUTPUT ALL LOG MESSAGES !!!
20220921 042602.897 INFO             PET1 !!!     THIS MAY CAUSE SLOWDOWN IN PERFORMANCE     !!!
20220921 042602.897 INFO             PET1 !!! FOR PRODUCTION RUNS, USE:                      !!!
20220921 042602.897 INFO             PET1 !!!                   ESMF_LOGKIND_Multi_On_Error  !!!
20220921 042602.897 INFO             PET1 !!!!!!!!!!!!!!!!!!!!!!!!!!!!!!!!!!!!!!!!!!!!!!!!!!!!!!
20220921 042602.897 INFO             PET1 Running with ESMF Version   : v8.4.0b14
20220921 042602.897 INFO             PET1 ESMF library build date/time: "Sep 21 2022" "03:46:07"
20220921 042602.897 INFO             PET1 ESMF library build location : /glade/scratch/dunlap/esmf-testing/gfortran_10.1.0_openmpi_g_develop/esmf
20220921 042602.897 INFO             PET1 ESMF_COMM                   : openmpi
20220921 042602.898 INFO             PET1 ESMF_MOAB                   : enabled
20220921 042602.898 INFO             PET1 ESMF_LAPACK                 : enabled
20220921 042602.898 INFO             PET1 ESMF_NETCDF                 : enabled
20220921 042602.898 INFO             PET1 ESMF_PNETCDF                : disabled
20220921 042602.898 INFO             PET1 ESMF_PIO                    : enabled
20220921 042602.898 INFO             PET1 ESMF_YAMLCPP                : enabled
20220921 042603.000 DEBUG            PET1 about to destroy Grid: 0x1320ee0
20220921 042603.013 DEBUG            PET1 about to destroy Grid: 0x13221c0
20220921 042603.052 INFO             PET1  NUMBER_OF_PROCESSORS           4
20220921 042603.052 INFO             PET1  PASS  Example ESMF_NUOPCAtmModelEx, ESMF_NUOPCAtmModelEx.F90, line 806
20220921 042603.053 INFO             PET1 Finalizing ESMF
20220921 042602.897 INFO             PET2 !!!!!!!!!!!!!!!!!!!!!!!!!!!!!!!!!!!!!!!!!!!!!!!!!!!!!!
20220921 042602.897 INFO             PET2 !!! THE ESMF_LOG IS SET TO OUTPUT ALL LOG MESSAGES !!!
20220921 042602.897 INFO             PET2 !!!     THIS MAY CAUSE SLOWDOWN IN PERFORMANCE     !!!
20220921 042602.897 INFO             PET2 !!! FOR PRODUCTION RUNS, USE:                      !!!
20220921 042602.898 INFO             PET2 !!!                   ESMF_LOGKIND_Multi_On_Error  !!!
20220921 042602.898 INFO             PET2 !!!!!!!!!!!!!!!!!!!!!!!!!!!!!!!!!!!!!!!!!!!!!!!!!!!!!!
20220921 042602.898 INFO             PET2 Running with ESMF Version   : v8.4.0b14
20220921 042602.898 INFO             PET2 ESMF library build date/time: "Sep 21 2022" "03:46:07"
20220921 042602.898 INFO             PET2 ESMF library build location : /glade/scratch/dunlap/esmf-testing/gfortran_10.1.0_openmpi_g_develop/esmf
20220921 042602.898 INFO             PET2 ESMF_COMM                   : openmpi
20220921 042602.898 INFO             PET2 ESMF_MOAB                   : enabled
20220921 042602.898 INFO             PET2 ESMF_LAPACK                 : enabled
20220921 042602.898 INFO             PET2 ESMF_NETCDF                 : enabled
20220921 042602.898 INFO             PET2 ESMF_PNETCDF                : disabled
20220921 042602.898 INFO             PET2 ESMF_PIO                    : enabled
20220921 042602.898 INFO             PET2 ESMF_YAMLCPP                : enabled
20220921 042603.000 DEBUG            PET2 about to destroy Grid: 0x1c7b6e0
20220921 042603.013 DEBUG            PET2 about to destroy Grid: 0x1c7d5b0
20220921 042603.052 INFO             PET2  NUMBER_OF_PROCESSORS           4
20220921 042603.052 INFO             PET2  PASS  Example ESMF_NUOPCAtmModelEx, ESMF_NUOPCAtmModelEx.F90, line 806
20220921 042603.052 INFO             PET2 Finalizing ESMF
20220921 042602.898 INFO             PET3 !!!!!!!!!!!!!!!!!!!!!!!!!!!!!!!!!!!!!!!!!!!!!!!!!!!!!!
20220921 042602.898 INFO             PET3 !!! THE ESMF_LOG IS SET TO OUTPUT ALL LOG MESSAGES !!!
20220921 042602.898 INFO             PET3 !!!     THIS MAY CAUSE SLOWDOWN IN PERFORMANCE     !!!
20220921 042602.898 INFO             PET3 !!! FOR PRODUCTION RUNS, USE:                      !!!
20220921 042602.898 INFO             PET3 !!!                   ESMF_LOGKIND_Multi_On_Error  !!!
20220921 042602.898 INFO             PET3 !!!!!!!!!!!!!!!!!!!!!!!!!!!!!!!!!!!!!!!!!!!!!!!!!!!!!!
20220921 042602.898 INFO             PET3 Running with ESMF Version   : v8.4.0b14
20220921 042602.898 INFO             PET3 ESMF library build date/time: "Sep 21 2022" "03:46:07"
20220921 042602.898 INFO             PET3 ESMF library build location : /glade/scratch/dunlap/esmf-testing/gfortran_10.1.0_openmpi_g_develop/esmf
20220921 042602.898 INFO             PET3 ESMF_COMM                   : openmpi
20220921 042602.898 INFO             PET3 ESMF_MOAB                   : enabled
20220921 042602.898 INFO             PET3 ESMF_LAPACK                 : enabled
20220921 042602.898 INFO             PET3 ESMF_NETCDF                 : enabled
20220921 042602.898 INFO             PET3 ESMF_PNETCDF                : disabled
20220921 042602.898 INFO             PET3 ESMF_PIO                    : enabled
20220921 042602.898 INFO             PET3 ESMF_YAMLCPP                : enabled
20220921 042603.000 DEBUG            PET3 about to destroy Grid: 0x207cb70
20220921 042603.013 DEBUG            PET3 about to destroy Grid: 0x207df20
20220921 042603.052 INFO             PET3  NUMBER_OF_PROCESSORS           4
20220921 042603.052 INFO             PET3  PASS  Example ESMF_NUOPCAtmModelEx, ESMF_NUOPCAtmModelEx.F90, line 806
20220921 042603.052 INFO             PET3 Finalizing ESMF
