2022-09-07 02:54:25
[1662520833.577249] [h16c07:140445:0]         mxm.c:196  MXM  WARN  The 'ulimit -s' on the system is set to 'unlimited'. This may have negative performance implications. Please set the stack size to the default value (10240) 
[1662520833.582222] [h16c07:140445:0]         mxm.c:196  MXM  WARN  The 'ulimit -s' on the system is set to 'unlimited'. This may have negative performance implications. Please set the stack size to the default value (10240) 
[1662520833.577238] [h16c07:140447:0]         mxm.c:196  MXM  WARN  The 'ulimit -s' on the system is set to 'unlimited'. This may have negative performance implications. Please set the stack size to the default value (10240) 
[1662520833.582163] [h16c07:140447:0]         mxm.c:196  MXM  WARN  The 'ulimit -s' on the system is set to 'unlimited'. This may have negative performance implications. Please set the stack size to the default value (10240) 
[1662520833.568134] [h16c07:140446:0]         mxm.c:196  MXM  WARN  The 'ulimit -s' on the system is set to 'unlimited'. This may have negative performance implications. Please set the stack size to the default value (10240) 
[1662520833.572895] [h16c07:140446:0]         mxm.c:196  MXM  WARN  The 'ulimit -s' on the system is set to 'unlimited'. This may have negative performance implications. Please set the stack size to the default value (10240) 
[1662520833.567959] [h16c07:140448:0]         mxm.c:196  MXM  WARN  The 'ulimit -s' on the system is set to 'unlimited'. This may have negative performance implications. Please set the stack size to the default value (10240) 
[1662520833.572742] [h16c07:140448:0]         mxm.c:196  MXM  WARN  The 'ulimit -s' on the system is set to 'unlimited'. This may have negative performance implications. Please set the stack size to the default value (10240) 
 NUOPC_DriverPrint for PET:           0
   Model, Mediator, and Driver components, in the order
   that they were added to the Driver:
           1 :  ATM
           2 :  OCN
           3 :  MED
   Connector components, in the order
   that they were added to the Driver:
           1 :  MED-TO-OCN
           2 :  MED-TO-ATM
           3 :  OCN-TO-MED
           4 :  ATM-TO-MED
NUOPC_RunSequenceArrayPrint: element     1 out of      5
runSeq::
 runElementPrint:     -2     0     0 F T
 runElementPrint:      3     1     1 F T
 runElementPrint:     -3     0     0 F T
 runElementPrint:      3     2     1 F T
 runElementPrint:     -1    -1     0 F F
::
NUOPC_RunSequenceArrayPrint: element     2 out of      5
runSeq::
 runElementPrint:      3    -1     1 F T
 runElementPrint:      3     2     1 F T
 runElementPrint:      3     1     1 F T
 runElementPrint:      1    -1     1 F T
 runElementPrint:      2    -1     1 F T
 runElementPrint:      2     3     1 F T
 runElementPrint:      1     3     1 F T
 runElementPrint:     -2    -1     0 F F
::
NUOPC_RunSequenceArrayPrint: element     3 out of      5
runSeq::
 runElementPrint:      3    -1     1 F T
 runElementPrint:      3     1     1 F T
 runElementPrint:      3     2     1 F T
 runElementPrint:      1    -1     1 F T
 runElementPrint:      2    -1     1 F T
 runElementPrint:      1     3     1 F T
 runElementPrint:      2     3     1 F T
 runElementPrint:     -3    -1     0 F F
::
NUOPC_RunSequenceArrayPrint: element     4 out of      5
runSeq::
 runElementPrint:     -4    -1     0 T F
::
NUOPC_RunSequenceArrayPrint: element     5 out of      5
runSeq::
 runElementPrint:     -5    -1     0 T F
::
 NUOPC_DriverPrint for PET:           1
   Model, Mediator, and Driver components, in the order
   that they were added to the Driver:
           1 :  ATM
           2 :  OCN
           3 :  MED
   Connector components, in the order
   that they were added to the Driver:
           1 :  MED-TO-OCN
           2 :  MED-TO-ATM
           3 :  OCN-TO-MED
           4 :  ATM-TO-MED
NUOPC_RunSequenceArrayPrint: element     1 out of      5
runSeq::
 runElementPrint:     -2     0     0 F T
 runElementPrint:      3     1     1 F T
 runElementPrint:     -3     0     0 F T
 runElementPrint:      3     2     1 F T
 runElementPrint:     -1    -1     0 F F
::
NUOPC_RunSequenceArrayPrint: element     2 out of      5
runSeq::
 runElementPrint:      3    -1     1 F T
 runElementPrint:      3     2     1 F T
 runElementPrint:      3     1     1 F T
 runElementPrint:      1    -1     1 F T
 runElementPrint:      2    -1     1 F T
 runElementPrint:      2     3     1 F T
 runElementPrint:      1     3     1 F T
 runElementPrint:     -2    -1     0 F F
::
NUOPC_RunSequenceArrayPrint: element     3 out of      5
runSeq::
 runElementPrint:      3    -1     1 F T
 runElementPrint:      3     1     1 F T
 runElementPrint:      3     2     1 F T
 runElementPrint:      1    -1     1 F T
 runElementPrint:      2    -1     1 F T
 runElementPrint:      1     3     1 F T
 runElementPrint:      2     3     1 F T
 runElementPrint:     -3    -1     0 F F
::
NUOPC_RunSequenceArrayPrint: element     4 out of      5
runSeq::
 runElementPrint:     -4    -1     0 T F
::
NUOPC_RunSequenceArrayPrint: element     5 out of      5
runSeq::
 runElementPrint:     -5    -1     0 T F
::
 NUOPC_DriverPrint for PET:           2
   Model, Mediator, and Driver components, in the order
   that they were added to the Driver:
           1 :  ATM
           2 :  OCN
           3 :  MED
   Connector components, in the order
   that they were added to the Driver:
           1 :  MED-TO-OCN
           2 :  MED-TO-ATM
           3 :  OCN-TO-MED
           4 :  ATM-TO-MED
NUOPC_RunSequenceArrayPrint: element     1 out of      5
runSeq::
 runElementPrint:     -2     0     0 F T
 runElementPrint:      3     1     1 F T
 runElementPrint:     -3     0     0 F T
 runElementPrint:      3     2     1 F T
 runElementPrint:     -1    -1     0 F F
::
NUOPC_RunSequenceArrayPrint: element     2 out of      5
runSeq::
 runElementPrint:      3    -1     1 F T
 runElementPrint:      3     2     1 F T
 runElementPrint:      3     1     1 F T
 runElementPrint:      1    -1     1 F T
 runElementPrint:      2    -1     1 F T
 runElementPrint:      2     3     1 F T
 runElementPrint:      1     3     1 F T
 runElementPrint:     -2    -1     0 F F
::
NUOPC_RunSequenceArrayPrint: element     3 out of      5
runSeq::
 runElementPrint:      3    -1     1 F T
 runElementPrint:      3     1     1 F T
 runElementPrint:      3     2     1 F T
 runElementPrint:      1    -1     1 F T
 runElementPrint:      2    -1     1 F T
 runElementPrint:      1     3     1 F T
 runElementPrint:      2     3     1 F T
 runElementPrint:     -3    -1     0 F F
::
NUOPC_RunSequenceArrayPrint: element     4 out of      5
runSeq::
 runElementPrint:     -4    -1     0 T F
::
NUOPC_RunSequenceArrayPrint: element     5 out of      5
runSeq::
 runElementPrint:     -5    -1     0 T F
::
 NUOPC_DriverPrint for PET:           3
   Model, Mediator, and Driver components, in the order
   that they were added to the Driver:
           1 :  ATM
           2 :  OCN
           3 :  MED
   Connector components, in the order
   that they were added to the Driver:
           1 :  MED-TO-OCN
           2 :  MED-TO-ATM
           3 :  OCN-TO-MED
           4 :  ATM-TO-MED
NUOPC_RunSequenceArrayPrint: element     1 out of      5
runSeq::
 runElementPrint:     -2     0     0 F T
 runElementPrint:      3     1     1 F T
 runElementPrint:     -3     0     0 F T
 runElementPrint:      3     2     1 F T
 runElementPrint:     -1    -1     0 F F
::
NUOPC_RunSequenceArrayPrint: element     2 out of      5
runSeq::
 runElementPrint:      3    -1     1 F T
 runElementPrint:      3     2     1 F T
 runElementPrint:      3     1     1 F T
 runElementPrint:      1    -1     1 F T
 runElementPrint:      2    -1     1 F T
 runElementPrint:      2     3     1 F T
 runElementPrint:      1     3     1 F T
 runElementPrint:     -2    -1     0 F F
::
NUOPC_RunSequenceArrayPrint: element     3 out of      5
runSeq::
 runElementPrint:      3    -1     1 F T
 runElementPrint:      3     1     1 F T
 runElementPrint:      3     2     1 F T
 runElementPrint:      1    -1     1 F T
 runElementPrint:      2    -1     1 F T
 runElementPrint:      1     3     1 F T
 runElementPrint:      2     3     1 F T
 runElementPrint:     -3    -1     0 F F
::
NUOPC_RunSequenceArrayPrint: element     4 out of      5
runSeq::
 runElementPrint:     -4    -1     0 T F
::
NUOPC_RunSequenceArrayPrint: element     5 out of      5
runSeq::
 runElementPrint:     -5    -1     0 T F
::
