2022-08-03 01:29:46
20220803 014801.317 INFO             PET0 !!!!!!!!!!!!!!!!!!!!!!!!!!!!!!!!!!!!!!!!!!!!!!!!!!!!!!
20220803 014801.317 INFO             PET0 !!! THE ESMF_LOG IS SET TO OUTPUT ALL LOG MESSAGES !!!
20220803 014801.317 INFO             PET0 !!!     THIS MAY CAUSE SLOWDOWN IN PERFORMANCE     !!!
20220803 014801.317 INFO             PET0 !!! FOR PRODUCTION RUNS, USE:                      !!!
20220803 014801.317 INFO             PET0 !!!                   ESMF_LOGKIND_Multi_On_Error  !!!
20220803 014801.317 INFO             PET0 !!!!!!!!!!!!!!!!!!!!!!!!!!!!!!!!!!!!!!!!!!!!!!!!!!!!!!
20220803 014801.317 INFO             PET0 Running with ESMF Version   : v8.4.0b08
20220803 014801.317 INFO             PET0 ESMF library build date/time: "Aug  3 2022" "01:28:41"
20220803 014801.317 INFO             PET0 ESMF library build location : /lfs/h1/emc/ptmp/Mark.Potts/intel_19.1.3_mpi_O_develop/esmf
20220803 014801.317 INFO             PET0 ESMF_COMM                   : mpi
20220803 014801.319 INFO             PET0 ESMF_MOAB                   : enabled
20220803 014801.319 INFO             PET0 ESMF_LAPACK                 : enabled
20220803 014801.319 INFO             PET0 ESMF_NETCDF                 : enabled
20220803 014801.319 INFO             PET0 ESMF_PNETCDF                : disabled
20220803 014801.319 INFO             PET0 ESMF_PIO                    : enabled
20220803 014801.319 INFO             PET0 ESMF_YAMLCPP                : enabled
20220803 014801.319 INFO             PET0  NUMBER_OF_PROCESSORS           1
20220803 014801.319 INFO             PET0  PASS  Example ESMF_AlarmEx, ESMF_AlarmEx.F90, line 244
20220803 014801.319 INFO             PET0 Finalizing ESMF
