2022-09-11 09:52:57
[r13i2n26:51396:0:51396] Caught signal 11 (Segmentation fault: address not mapped to object at address 0x4f1b591)
[r13i2n26:51397:0:51397] Caught signal 11 (Segmentation fault: address not mapped to object at address 0x4f1b591)
[r13i2n26:51398:0:51398] Caught signal 11 (Segmentation fault: address not mapped to object at address 0x4f1b591)
[r13i2n26:51399:0:51399] Caught signal 11 (Segmentation fault: address not mapped to object at address 0x4f1b591)
==== backtrace (tid:  51396) ====
 0  /glade/u/apps/ch/opt/ucx/1.11.0/lib/libucs.so.0(ucs_handle_error+0xe4) [0x2b933355d1b4]
 1  /glade/u/apps/ch/opt/ucx/1.11.0/lib/libucs.so.0(+0x2a4dc) [0x2b933355d4dc]
 2  /glade/u/apps/ch/opt/ucx/1.11.0/lib/libucs.so.0(+0x2a74b) [0x2b933355d74b]
 3  /glade/scratch/dunlap/esmf-testing/nvhpc_21.11_openmpi_g_develop/esmf/lib/libg/Linux.nvhpc.64.openmpi.default/libesmf.so(_ZN5ESMCI6LogErr13MsgFoundErrorEiPKciS2_S2_Pi+0x34) [0x2b931d838734]
 4  /glade/scratch/dunlap/esmf-testing/nvhpc_21.11_openmpi_g_develop/esmf/lib/libg/Linux.nvhpc.64.openmpi.default/libesmf.so(_ZN5ESMCI7MeshCap22meshcreatenodedistgridEPi+0x7f) [0x2b931da59ebf]
==== backtrace (tid:  51398) ====
 0  /glade/u/apps/ch/opt/ucx/1.11.0/lib/libucs.so.0(ucs_handle_error+0xe4) [0x2ae4a3b691b4]
 1  /glade/u/apps/ch/opt/ucx/1.11.0/lib/libucs.so.0(+0x2a4dc) [0x2ae4a3b694dc]
 2  /glade/u/apps/ch/opt/ucx/1.11.0/lib/libucs.so.0(+0x2a74b) [0x2ae4a3b6974b]
 3  /glade/scratch/dunlap/esmf-testing/nvhpc_21.11_openmpi_g_develop/esmf/lib/libg/Linux.nvhpc.64.openmpi.default/libesmf.so(_ZN5ESMCI6LogErr13MsgFoundErrorEiPKciS2_S2_Pi+0x34) [0x2ae48dd62734]
 4  /glade/scratch/dunlap/esmf-testing/nvhpc_21.11_openmpi_g_develop/esmf/lib/libg/Linux.nvhpc.64.openmpi.default/libesmf.so(_ZN5ESMCI7MeshCap22meshcreatenodedistgridEPi+0x7f) [0x2ae48df83ebf]
 5  /glade/scratch/dunlap/esmf-testing/nvhpc_21.11_openmpi_g_develop/esmf/lib/libg/Linux.nvhpc.64.openmpi.default/libesmf.so(c_esmc_meshcreatenodedistgrid_+0xc1) [0x2ae48dfd7181]
==== backtrace (tid:  51397) ====
 0  /glade/u/apps/ch/opt/ucx/1.11.0/lib/libucs.so.0(ucs_handle_error+0xe4) [0x2b9722f551b4]
 1  /glade/u/apps/ch/opt/ucx/1.11.0/lib/libucs.so.0(+0x2a4dc) [0x2b9722f554dc]
 2  /glade/u/apps/ch/opt/ucx/1.11.0/lib/libucs.so.0(+0x2a74b) [0x2b9722f5574b]
 3  /glade/scratch/dunlap/esmf-testing/nvhpc_21.11_openmpi_g_develop/esmf/lib/libg/Linux.nvhpc.64.openmpi.default/libesmf.so(_ZN5ESMCI6LogErr13MsgFoundErrorEiPKciS2_S2_Pi+0x34) [0x2b9709198734]
 4  /glade/scratch/dunlap/esmf-testing/nvhpc_21.11_openmpi_g_develop/esmf/lib/libg/Linux.nvhpc.64.openmpi.default/libesmf.so(_ZN5ESMCI7MeshCap22meshcreatenodedistgridEPi+0x7f) [0x2b97093b9ebf]
 5  /glade/scratch/dunlap/esmf-testing/nvhpc_21.11_openmpi_g_develop/esmf/lib/libg/Linux.nvhpc.64.openmpi.default/libesmf.so(c_esmc_meshcreatenodedistgrid_+0xc1) [0x2b931daad181]
 6  /glade/scratch/dunlap/esmf-testing/nvhpc_21.11_openmpi_g_develop/esmf/lib/libg/Linux.nvhpc.64.openmpi.default/libesmf.so(esmf_meshmod_esmf_meshcreatefrompointer_+0x6d) [0x2b931e7915ad]
 7  /glade/scratch/dunlap/esmf-testing/nvhpc_21.11_openmpi_g_develop/esmf/lib/libg/Linux.nvhpc.64.openmpi.default/libesmf.so(esmf_gridutilmod_esmf_gridtomesh_+0x52d) [0x2b931e5ecfed]
 8  /glade/scratch/dunlap/esmf-testing/nvhpc_21.11_openmpi_g_develop/esmf/lib/libg/Linux.nvhpc.64.openmpi.default/libesmf.so(esmf_fieldregridmod_b_or_p_gridtomesh_+0x5a8) [0x2b931e4ac8a8]
 9  /glade/scratch/dunlap/esmf-testing/nvhpc_21.11_openmpi_g_develop/esmf/lib/libg/Linux.nvhpc.64.openmpi.default/libesmf.so(esmf_fieldregridmod_getmeshwithnodesonfieldloc_+0x55e) [0x2b931e4a7d5e]
10  /glade/scratch/dunlap/esmf-testing/nvhpc_21.11_openmpi_g_develop/esmf/lib/libg/Linux.nvhpc.64.openmpi.default/libesmf.so(esmf_fieldregridmod_esmf_fieldregridstorenx_+0xf81) [0x2b931e4a5881]
11  ./ESMF_FieldRegridEx() [0x408ecc]
12  ./ESMF_FieldRegridEx() [0x406533]
13  /glade/u/apps/ch/os/lib64/libc.so.6(__libc_start_main+0xf5) [0x2b9324361a35]
14  ./ESMF_FieldRegridEx() [0x406429]
=================================
 5  /glade/scratch/dunlap/esmf-testing/nvhpc_21.11_openmpi_g_develop/esmf/lib/libg/Linux.nvhpc.64.openmpi.default/libesmf.so(c_esmc_meshcreatenodedistgrid_+0xc1) [0x2b970940d181]
 6  /glade/scratch/dunlap/esmf-testing/nvhpc_21.11_openmpi_g_develop/esmf/lib/libg/Linux.nvhpc.64.openmpi.default/libesmf.so(esmf_meshmod_esmf_meshcreatefrompointer_+0x6d) [0x2b970a0f15ad]
 7  /glade/scratch/dunlap/esmf-testing/nvhpc_21.11_openmpi_g_develop/esmf/lib/libg/Linux.nvhpc.64.openmpi.default/libesmf.so(esmf_gridutilmod_esmf_gridtomesh_+0x52d) [0x2b9709f4cfed]
 8  /glade/scratch/dunlap/esmf-testing/nvhpc_21.11_openmpi_g_develop/esmf/lib/libg/Linux.nvhpc.64.openmpi.default/libesmf.so(esmf_fieldregridmod_b_or_p_gridtomesh_+0x5a8) [0x2b9709e0c8a8]
==== backtrace (tid:  51399) ====
 0  /glade/u/apps/ch/opt/ucx/1.11.0/lib/libucs.so.0(ucs_handle_error+0xe4) [0x2b260c4f01b4]
 1  /glade/u/apps/ch/opt/ucx/1.11.0/lib/libucs.so.0(+0x2a4dc) [0x2b260c4f04dc]
 6  /glade/scratch/dunlap/esmf-testing/nvhpc_21.11_openmpi_g_develop/esmf/lib/libg/Linux.nvhpc.64.openmpi.default/libesmf.so(esmf_meshmod_esmf_meshcreatefrompointer_+0x6d) [0x2ae48ecbb5ad]
 7  /glade/scratch/dunlap/esmf-testing/nvhpc_21.11_openmpi_g_develop/esmf/lib/libg/Linux.nvhpc.64.openmpi.default/libesmf.so(esmf_gridutilmod_esmf_gridtomesh_+0x52d) [0x2ae48eb16fed]
 8  /glade/scratch/dunlap/esmf-testing/nvhpc_21.11_openmpi_g_develop/esmf/lib/libg/Linux.nvhpc.64.openmpi.default/libesmf.so(esmf_fieldregridmod_b_or_p_gridtomesh_+0x5a8) [0x2ae48e9d68a8]
 9  /glade/scratch/dunlap/esmf-testing/nvhpc_21.11_openmpi_g_develop/esmf/lib/libg/Linux.nvhpc.64.openmpi.default/libesmf.so(esmf_fieldregridmod_getmeshwithnodesonfieldloc_+0x55e) [0x2ae48e9d1d5e]
10  /glade/scratch/dunlap/esmf-testing/nvhpc_21.11_openmpi_g_develop/esmf/lib/libg/Linux.nvhpc.64.openmpi.default/libesmf.so(esmf_fieldregridmod_esmf_fieldregridstorenx_+0xf81) [0x2ae48e9cf881]
11  ./ESMF_FieldRegridEx() [0x408ecc]
12  ./ESMF_FieldRegridEx() [0x406533]
13  /glade/u/apps/ch/os/lib64/libc.so.6(__libc_start_main+0xf5) [0x2ae49488ba35]
14  ./ESMF_FieldRegridEx() [0x406429]
=================================
[r13i2n26:51396] *** Process received signal ***
[r13i2n26:51396] Signal: Segmentation fault (11)
[r13i2n26:51396] Signal code:  (-6)
[r13i2n26:51396] Failing at address: 0x10570000c8c4
 9  /glade/scratch/dunlap/esmf-testing/nvhpc_21.11_openmpi_g_develop/esmf/lib/libg/Linux.nvhpc.64.openmpi.default/libesmf.so(esmf_fieldregridmod_getmeshwithnodesonfieldloc_+0x55e) [0x2b9709e07d5e]
10  /glade/scratch/dunlap/esmf-testing/nvhpc_21.11_openmpi_g_develop/esmf/lib/libg/Linux.nvhpc.64.openmpi.default/libesmf.so(esmf_fieldregridmod_esmf_fieldregridstorenx_+0xf81) [0x2b9709e05881]
11  ./ESMF_FieldRegridEx() [0x408ecc]
12  ./ESMF_FieldRegridEx() [0x406533]
13  /glade/u/apps/ch/os/lib64/libc.so.6(__libc_start_main+0xf5) [0x2b970fcc1a35]
14  ./ESMF_FieldRegridEx() [0x406429]
=================================
 2  /glade/u/apps/ch/opt/ucx/1.11.0/lib/libucs.so.0(+0x2a74b) [0x2b260c4f074b]
 3  /glade/scratch/dunlap/esmf-testing/nvhpc_21.11_openmpi_g_develop/esmf/lib/libg/Linux.nvhpc.64.openmpi.default/libesmf.so(_ZN5ESMCI6LogErr13MsgFoundErrorEiPKciS2_S2_Pi+0x34) [0x2b25f2622734]
 4  /glade/scratch/dunlap/esmf-testing/nvhpc_21.11_openmpi_g_develop/esmf/lib/libg/Linux.nvhpc.64.openmpi.default/libesmf.so(_ZN5ESMCI7MeshCap22meshcreatenodedistgridEPi+0x7f) [0x2b25f2843ebf]
 5  /glade/scratch/dunlap/esmf-testing/nvhpc_21.11_openmpi_g_develop/esmf/lib/libg/Linux.nvhpc.64.openmpi.default/libesmf.so(c_esmc_meshcreatenodedistgrid_+0xc1) [0x2b25f2897181]
 6  /glade/scratch/dunlap/esmf-testing/nvhpc_21.11_openmpi_g_develop/esmf/lib/libg/Linux.nvhpc.64.openmpi.default/libesmf.so(esmf_meshmod_esmf_meshcreatefrompointer_+0x6d) [0x2b25f357b5ad]
 7  /glade/scratch/dunlap/esmf-testing/nvhpc_21.11_openmpi_g_develop/esmf/lib/libg/Linux.nvhpc.64.openmpi.default/libesmf.so(esmf_gridutilmod_esmf_gridtomesh_+0x52d) [0x2b25f33d6fed]
 8  /glade/scratch/dunlap/esmf-testing/nvhpc_21.11_openmpi_g_develop/esmf/lib/libg/Linux.nvhpc.64.openmpi.default/libesmf.so(esmf_fieldregridmod_b_or_p_gridtomesh_+0x5a8) [0x2b25f32968a8]
 9  /glade/scratch/dunlap/esmf-testing/nvhpc_21.11_openmpi_g_develop/esmf/lib/libg/Linux.nvhpc.64.openmpi.default/libesmf.so(esmf_fieldregridmod_getmeshwithnodesonfieldloc_+0x55e) [0x2b25f3291d5e]
10  /glade/scratch/dunlap/esmf-testing/nvhpc_21.11_openmpi_g_develop/esmf/lib/libg/Linux.nvhpc.64.openmpi.default/libesmf.so(esmf_fieldregridmod_esmf_fieldregridstorenx_+0xf81) [0x2b25f328f881]
11  ./ESMF_FieldRegridEx() [0x408ecc]
12  ./ESMF_FieldRegridEx() [0x406533]
13  /glade/u/apps/ch/os/lib64/libc.so.6(__libc_start_main+0xf5) [0x2b25f914ba35]
14  ./ESMF_FieldRegridEx() [0x406429]
=================================
[r13i2n26:51398] *** Process received signal ***
[r13i2n26:51398] Signal: Segmentation fault (11)
[r13i2n26:51398] Signal code:  (-6)
[r13i2n26:51398] Failing at address: 0x10570000c8c6
[r13i2n26:51398] [ 0] /glade/u/apps/ch/os/lib64/libpthread.so.0(+0x11c00)[0x2ae493fbac00]
[r13i2n26:51398] [ 1] /glade/scratch/dunlap/esmf-testing/nvhpc_21.11_openmpi_g_develop/esmf/lib/libg/Linux.nvhpc.64.openmpi.default/libesmf.so(_ZN5ESMCI6LogErr13MsgFoundErrorEiPKciS2_S2_Pi+0x34)[0x2ae48dd62734]
[r13i2n26:51398] [ 2] /glade/scratch/dunlap/esmf-testing/nvhpc_21.11_openmpi_g_develop/esmf/lib/libg/Linux.nvhpc.64.openmpi.default/libesmf.so(_ZN5ESMCI7MeshCap22meshcreatenodedistgridEPi+0x7f)[0x2ae48df83ebf]
[r13i2n26:51398] [ 3] [r13i2n26:51396] [ 0] /glade/u/apps/ch/os/lib64/libpthread.so.0(+0x11c00)[0x2b9323a90c00]
[r13i2n26:51396] [ 1] /glade/scratch/dunlap/esmf-testing/nvhpc_21.11_openmpi_g_develop/esmf/lib/libg/Linux.nvhpc.64.openmpi.default/libesmf.so(_ZN5ESMCI6LogErr13MsgFoundErrorEiPKciS2_S2_Pi+0x34)[0x2b931d838734]
[r13i2n26:51396] [ 2] /glade/scratch/dunlap/esmf-testing/nvhpc_21.11_openmpi_g_develop/esmf/lib/libg/Linux.nvhpc.64.openmpi.default/libesmf.so(_ZN5ESMCI7MeshCap22meshcreatenodedistgridEPi+0x7f)[0x2b931da59ebf]
[r13i2n26:51396] [ 3] [r13i2n26:51397] *** Process received signal ***
[r13i2n26:51397] Signal: Segmentation fault (11)
[r13i2n26:51397] Signal code:  (-6)
[r13i2n26:51397] Failing at address: 0x10570000c8c5
[r13i2n26:51397] [ 0] /glade/u/apps/ch/os/lib64/libpthread.so.0(+0x11c00)[0x2b970f3f0c00]
[r13i2n26:51397] [ 1] /glade/scratch/dunlap/esmf-testing/nvhpc_21.11_openmpi_g_develop/esmf/lib/libg/Linux.nvhpc.64.openmpi.default/libesmf.so(_ZN5ESMCI6LogErr13MsgFoundErrorEiPKciS2_S2_Pi+0x34)[0x2b9709198734]
[r13i2n26:51397] [ 2] /glade/scratch/dunlap/esmf-testing/nvhpc_21.11_openmpi_g_develop/esmf/lib/libg/Linux.nvhpc.64.openmpi.default/libesmf.so(_ZN5ESMCI7MeshCap22meshcreatenodedistgridEPi+0x7f)[0x2b97093b9ebf]
[r13i2n26:51397] [ 3] [r13i2n26:51399] *** Process received signal ***
[r13i2n26:51399] Signal: Segmentation fault (11)
[r13i2n26:51399] Signal code:  (-6)
[r13i2n26:51399] Failing at address: 0x10570000c8c7
[r13i2n26:51399] [ 0] /glade/u/apps/ch/os/lib64/libpthread.so.0(+0x11c00)[0x2b25f887ac00]
[r13i2n26:51399] [ 1] /glade/scratch/dunlap/esmf-testing/nvhpc_21.11_openmpi_g_develop/esmf/lib/libg/Linux.nvhpc.64.openmpi.default/libesmf.so(_ZN5ESMCI6LogErr13MsgFoundErrorEiPKciS2_S2_Pi+0x34)[0x2b25f2622734]
[r13i2n26:51399] [ 2] /glade/scratch/dunlap/esmf-testing/nvhpc_21.11_openmpi_g_develop/esmf/lib/libg/Linux.nvhpc.64.openmpi.default/libesmf.so(_ZN5ESMCI7MeshCap22meshcreatenodedistgridEPi+0x7f)[0x2b25f2843ebf]
[r13i2n26:51399] [ 3] /glade/scratch/dunlap/esmf-testing/nvhpc_21.11_openmpi_g_develop/esmf/lib/libg/Linux.nvhpc.64.openmpi.default/libesmf.so(c_esmc_meshcreatenodedistgrid_+0xc1)[0x2b931daad181]
[r13i2n26:51396] [ 4] /glade/scratch/dunlap/esmf-testing/nvhpc_21.11_openmpi_g_develop/esmf/lib/libg/Linux.nvhpc.64.openmpi.default/libesmf.so(c_esmc_meshcreatenodedistgrid_+0xc1)[0x2ae48dfd7181]
[r13i2n26:51398] [ 4] /glade/scratch/dunlap/esmf-testing/nvhpc_21.11_openmpi_g_develop/esmf/lib/libg/Linux.nvhpc.64.openmpi.default/libesmf.so(c_esmc_meshcreatenodedistgrid_+0xc1)[0x2b970940d181]
[r13i2n26:51397] [ 4] /glade/scratch/dunlap/esmf-testing/nvhpc_21.11_openmpi_g_develop/esmf/lib/libg/Linux.nvhpc.64.openmpi.default/libesmf.so(c_esmc_meshcreatenodedistgrid_+0xc1)[0x2b25f2897181]
[r13i2n26:51399] [ 4] /glade/scratch/dunlap/esmf-testing/nvhpc_21.11_openmpi_g_develop/esmf/lib/libg/Linux.nvhpc.64.openmpi.default/libesmf.so(esmf_meshmod_esmf_meshcreatefrompointer_+0x6d)[0x2ae48ecbb5ad]
[r13i2n26:51398] [ 5] /glade/scratch/dunlap/esmf-testing/nvhpc_21.11_openmpi_g_develop/esmf/lib/libg/Linux.nvhpc.64.openmpi.default/libesmf.so(esmf_meshmod_esmf_meshcreatefrompointer_+0x6d)[0x2b931e7915ad]
[r13i2n26:51396] [ 5] /glade/scratch/dunlap/esmf-testing/nvhpc_21.11_openmpi_g_develop/esmf/lib/libg/Linux.nvhpc.64.openmpi.default/libesmf.so(esmf_meshmod_esmf_meshcreatefrompointer_+0x6d)[0x2b25f357b5ad]
[r13i2n26:51399] [ 5] /glade/scratch/dunlap/esmf-testing/nvhpc_21.11_openmpi_g_develop/esmf/lib/libg/Linux.nvhpc.64.openmpi.default/libesmf.so(esmf_meshmod_esmf_meshcreatefrompointer_+0x6d)[0x2b970a0f15ad]
[r13i2n26:51397] [ 5] /glade/scratch/dunlap/esmf-testing/nvhpc_21.11_openmpi_g_develop/esmf/lib/libg/Linux.nvhpc.64.openmpi.default/libesmf.so(esmf_gridutilmod_esmf_gridtomesh_+0x52d)[0x2b931e5ecfed]
[r13i2n26:51396] [ 6] /glade/scratch/dunlap/esmf-testing/nvhpc_21.11_openmpi_g_develop/esmf/lib/libg/Linux.nvhpc.64.openmpi.default/libesmf.so(esmf_gridutilmod_esmf_gridtomesh_+0x52d)[0x2ae48eb16fed]
[r13i2n26:51398] [ 6] /glade/scratch/dunlap/esmf-testing/nvhpc_21.11_openmpi_g_develop/esmf/lib/libg/Linux.nvhpc.64.openmpi.default/libesmf.so(esmf_gridutilmod_esmf_gridtomesh_+0x52d)[0x2b25f33d6fed]
[r13i2n26:51399] [ 6] /glade/scratch/dunlap/esmf-testing/nvhpc_21.11_openmpi_g_develop/esmf/lib/libg/Linux.nvhpc.64.openmpi.default/libesmf.so(esmf_gridutilmod_esmf_gridtomesh_+0x52d)[0x2b9709f4cfed]
[r13i2n26:51397] [ 6] /glade/scratch/dunlap/esmf-testing/nvhpc_21.11_openmpi_g_develop/esmf/lib/libg/Linux.nvhpc.64.openmpi.default/libesmf.so(esmf_fieldregridmod_b_or_p_gridtomesh_+0x5a8)[0x2ae48e9d68a8]
[r13i2n26:51398] [ 7] /glade/scratch/dunlap/esmf-testing/nvhpc_21.11_openmpi_g_develop/esmf/lib/libg/Linux.nvhpc.64.openmpi.default/libesmf.so(esmf_fieldregridmod_b_or_p_gridtomesh_+0x5a8)[0x2b931e4ac8a8]
[r13i2n26:51396] [ 7] /glade/scratch/dunlap/esmf-testing/nvhpc_21.11_openmpi_g_develop/esmf/lib/libg/Linux.nvhpc.64.openmpi.default/libesmf.so(esmf_fieldregridmod_b_or_p_gridtomesh_+0x5a8)[0x2b25f32968a8]
[r13i2n26:51399] [ 7] /glade/scratch/dunlap/esmf-testing/nvhpc_21.11_openmpi_g_develop/esmf/lib/libg/Linux.nvhpc.64.openmpi.default/libesmf.so(esmf_fieldregridmod_b_or_p_gridtomesh_+0x5a8)[0x2b9709e0c8a8]
[r13i2n26:51397] [ 7] /glade/scratch/dunlap/esmf-testing/nvhpc_21.11_openmpi_g_develop/esmf/lib/libg/Linux.nvhpc.64.openmpi.default/libesmf.so(esmf_fieldregridmod_getmeshwithnodesonfieldloc_+0x55e)[0x2b931e4a7d5e]
[r13i2n26:51396] [ 8] /glade/scratch/dunlap/esmf-testing/nvhpc_21.11_openmpi_g_develop/esmf/lib/libg/Linux.nvhpc.64.openmpi.default/libesmf.so(esmf_fieldregridmod_getmeshwithnodesonfieldloc_+0x55e)[0x2ae48e9d1d5e]
[r13i2n26:51398] [ 8] /glade/scratch/dunlap/esmf-testing/nvhpc_21.11_openmpi_g_develop/esmf/lib/libg/Linux.nvhpc.64.openmpi.default/libesmf.so(esmf_fieldregridmod_getmeshwithnodesonfieldloc_+0x55e)[0x2b25f3291d5e]
[r13i2n26:51399] [ 8] /glade/scratch/dunlap/esmf-testing/nvhpc_21.11_openmpi_g_develop/esmf/lib/libg/Linux.nvhpc.64.openmpi.default/libesmf.so(esmf_fieldregridmod_getmeshwithnodesonfieldloc_+0x55e)[0x2b9709e07d5e]
[r13i2n26:51397] [ 8] /glade/scratch/dunlap/esmf-testing/nvhpc_21.11_openmpi_g_develop/esmf/lib/libg/Linux.nvhpc.64.openmpi.default/libesmf.so(esmf_fieldregridmod_esmf_fieldregridstorenx_+0xf81)[0x2b931e4a5881]
[r13i2n26:51396] [ 9] ./ESMF_FieldRegridEx[0x408ecc]
[r13i2n26:51396] [10] ./ESMF_FieldRegridEx[0x406533]
[r13i2n26:51396] [11] /glade/scratch/dunlap/esmf-testing/nvhpc_21.11_openmpi_g_develop/esmf/lib/libg/Linux.nvhpc.64.openmpi.default/libesmf.so(esmf_fieldregridmod_esmf_fieldregridstorenx_+0xf81)[0x2ae48e9cf881]
[r13i2n26:51398] [ 9] ./ESMF_FieldRegridEx[0x408ecc]
[r13i2n26:51398] [10] ./ESMF_FieldRegridEx[0x406533]
[r13i2n26:51398] [11] /glade/scratch/dunlap/esmf-testing/nvhpc_21.11_openmpi_g_develop/esmf/lib/libg/Linux.nvhpc.64.openmpi.default/libesmf.so(esmf_fieldregridmod_esmf_fieldregridstorenx_+0xf81)[0x2b25f328f881]
[r13i2n26:51399] [ 9] ./ESMF_FieldRegridEx[0x408ecc]
[r13i2n26:51399] [10] ./ESMF_FieldRegridEx[0x406533]
[r13i2n26:51399] [11] /glade/u/apps/ch/os/lib64/libc.so.6(__libc_start_main+0xf5)[0x2ae49488ba35]
[r13i2n26:51398] [12] ./ESMF_FieldRegridEx[0x406429]
[r13i2n26:51398] *** End of error message ***
/glade/u/apps/ch/os/lib64/libc.so.6(__libc_start_main+0xf5)[0x2b9324361a35]
[r13i2n26:51396] [12] ./ESMF_FieldRegridEx[0x406429]
[r13i2n26:51396] *** End of error message ***
/glade/u/apps/ch/os/lib64/libc.so.6(__libc_start_main+0xf5)[0x2b25f914ba35]
[r13i2n26:51399] [12] ./ESMF_FieldRegridEx[0x406429]
[r13i2n26:51399] *** End of error message ***
/glade/scratch/dunlap/esmf-testing/nvhpc_21.11_openmpi_g_develop/esmf/lib/libg/Linux.nvhpc.64.openmpi.default/libesmf.so(esmf_fieldregridmod_esmf_fieldregridstorenx_+0xf81)[0x2b9709e05881]
[r13i2n26:51397] [ 9] ./ESMF_FieldRegridEx[0x408ecc]
[r13i2n26:51397] [10] ./ESMF_FieldRegridEx[0x406533]
[r13i2n26:51397] [11] /glade/u/apps/ch/os/lib64/libc.so.6(__libc_start_main+0xf5)[0x2b970fcc1a35]
[r13i2n26:51397] [12] ./ESMF_FieldRegridEx[0x406429]
[r13i2n26:51397] *** End of error message ***
--------------------------------------------------------------------------
Primary job  terminated normally, but 1 process returned
a non-zero exit code. Per user-direction, the job has been aborted.
--------------------------------------------------------------------------
--------------------------------------------------------------------------
mpirun noticed that process rank 2 with PID 0 on node r13i2n26 exited on signal 11 (Segmentation fault).
--------------------------------------------------------------------------
