2022-08-23 01:28:09
20220823 020019.736 INFO             PET0 !!!!!!!!!!!!!!!!!!!!!!!!!!!!!!!!!!!!!!!!!!!!!!!!!!!!!!
20220823 020019.736 INFO             PET0 !!! THE ESMF_LOG IS SET TO OUTPUT ALL LOG MESSAGES !!!
20220823 020019.736 INFO             PET0 !!!     THIS MAY CAUSE SLOWDOWN IN PERFORMANCE     !!!
20220823 020019.736 INFO             PET0 !!! FOR PRODUCTION RUNS, USE:                      !!!
20220823 020019.736 INFO             PET0 !!!                   ESMF_LOGKIND_Multi_On_Error  !!!
20220823 020019.736 INFO             PET0 !!!!!!!!!!!!!!!!!!!!!!!!!!!!!!!!!!!!!!!!!!!!!!!!!!!!!!
20220823 020019.736 INFO             PET0 Running with ESMF Version   : v8.4.0b10-15-g427ab8cf2a
20220823 020019.736 INFO             PET0 ESMF library build date/time: "Aug 23 2022" "01:25:04"
20220823 020019.736 INFO             PET0 ESMF library build location : /discover/nobackup/projects/sbu/mpotts/esmf-test/intel_19.1.3_mpt_g_develop/esmf
20220823 020019.736 INFO             PET0 ESMF_COMM                   : mpt
20220823 020019.736 INFO             PET0 ESMF_MOAB                   : enabled
20220823 020019.736 INFO             PET0 ESMF_LAPACK                 : enabled
20220823 020019.736 INFO             PET0 ESMF_NETCDF                 : enabled
20220823 020019.736 INFO             PET0 ESMF_PNETCDF                : disabled
20220823 020019.736 INFO             PET0 ESMF_PIO                    : enabled
20220823 020019.736 INFO             PET0 ESMF_YAMLCPP                : enabled
20220823 020019.736 INFO             PET0 esmApp STARTING
20220823 020019.743 INFO             PET0 esm: InitializeGeneric intro.
20220823 020019.743 INFO             PET0   esm: InitializeP0 intro.
20220823 020019.743 INFO             PET0   esm: InitializeP0 extro.
20220823 020019.743 INFO             PET0   esm: InitializeIPDv02p1 intro.
20220823 020019.743 INFO             PET0     >>>esm: entered Initialize (phase=<none>) without valid internal Clock.
20220823 020019.743 INFO             PET0     esm - Creating model component ATM with petList of size 2 :
20220823 020019.743 INFO             PET0           0      1
20220823 020019.746 INFO             PET0     esm - Creating model component OCN with petList of size 2 :
20220823 020019.746 INFO             PET0           2      3
20220823 020019.747 INFO             PET0     esm - Creating connector component ATM-TO-OCN with petList of size 4 :
20220823 020019.747 INFO             PET0           0      1      2      3
20220823 020019.753 INFO             PET0     esm - Creating connector component OCN-TO-ATM with petList of size 4 :
20220823 020019.753 INFO             PET0           2      3      0      1
20220823 020019.759 INFO             PET0     esm - Creating state: modelComp 1 Import State
20220823 020019.759 INFO             PET0     esm - Creating state: modelComp 1 Export State
20220823 020019.759 INFO             PET0     esm - Creating state: modelComp 2 Import State
20220823 020019.759 INFO             PET0     esm - Creating state: modelComp 2 Export State
20220823 020019.761 INFO             PET0     ATM: InitializeP0 intro.
20220823 020019.762 INFO             PET0     ATM: InitializeP0 extro.
20220823 020019.767 INFO             PET0     ATM-TO-OCN: InitializeP0 intro.
20220823 020019.767 INFO             PET0     ATM-TO-OCN: InitializeP0 extro.
20220823 020019.768 INFO             PET0     OCN-TO-ATM: InitializeP0 intro.
20220823 020019.769 INFO             PET0     OCN-TO-ATM: InitializeP0 extro.
20220823 020019.771 INFO             PET0     esm: IInitAdvertise intro.
20220823 020019.771 INFO             PET0     esm: IInitAdvertise extro.
20220823 020019.771 INFO             PET0     ATM: InitializeIPDvXp01 intro.
20220823 020019.776 INFO             PET0     ATM: InitializeIPDvXp01 extro.
20220823 020019.783 INFO             PET0     ATM-TO-OCN: InitializeIPDv05p1 intro.
20220823 020019.794 INFO             PET0     ATM-TO-OCN: InitializeIPDv05p1 extro.
20220823 020019.794 INFO             PET0     OCN-TO-ATM: InitializeIPDv05p1 intro.
20220823 020019.799 INFO             PET0     OCN-TO-ATM: InitializeIPDv05p1 extro.
20220823 020019.799 INFO             PET0     esm: IInitAdvertiseFinish intro.
20220823 020019.799 INFO             PET0     esm: IInitAdvertiseFinish extro.
20220823 020019.800 INFO             PET0     ATM-TO-OCN: InitializeIPDv05p2a intro.
20220823 020019.810 INFO             PET0     ATM-TO-OCN: InitializeIPDv05p2a extro.
20220823 020019.810 INFO             PET0     OCN-TO-ATM: InitializeIPDv05p2a intro.
20220823 020019.815 INFO             PET0     OCN-TO-ATM: InitializeIPDv05p2a extro.
20220823 020019.816 INFO             PET0     ATM-TO-OCN: InitializeIPDv05p2b intro.
20220823 020019.826 INFO             PET0     ATM-TO-OCN: InitializeIPDv05p2b extro.
20220823 020019.826 INFO             PET0     OCN-TO-ATM: InitializeIPDv05p2b intro.
20220823 020019.831 INFO             PET0     OCN-TO-ATM: InitializeIPDv05p2b extro.
20220823 020019.832 INFO             PET0     esm: IInitModifyCplLists intro.
20220823 020019.832 INFO             PET0       Driver is in ModifyCplLists()
20220823 020019.832 INFO             PET0        Found            2  Connectors. Modifying CplList Attribute....
20220823 020019.832 INFO             PET0     esm: IInitModifyCplLists extro.
20220823 020019.832 INFO             PET0     ATM-TO-OCN: InitializeIPDv05p3 intro.
20220823 020019.843 INFO             PET0     ATM-TO-OCN: InitializeIPDv05p3 extro.
20220823 020019.843 INFO             PET0     OCN-TO-ATM: InitializeIPDv05p3 intro.
20220823 020019.849 INFO             PET0     OCN-TO-ATM: InitializeIPDv05p3 extro.
20220823 020019.849 INFO             PET0     <<<esm: leaving Initialize (phase=<none>) with current time: 2010  6  1  0  0  0   0
20220823 020019.849 INFO             PET0   esm: InitializeIPDv02p1 extro.
20220823 020019.849 INFO             PET0   esm: InitializeIPDv02p3 intro.
20220823 020019.849 INFO             PET0     >>>esm: entered Initialize (phase=<none>) with current time: 2010  6  1  0  0  0   0
20220823 020019.849 INFO             PET0     esm: IInitCheck intro.
20220823 020019.850 INFO             PET0     esm: IInitCheck extro.
20220823 020019.850 INFO             PET0     ATM: InitializeIPDvXp04 intro.
20220823 020019.859 INFO             PET0     ATM: InitializeIPDvXp04 extro.
20220823 020019.871 INFO             PET0     ATM-TO-OCN: InitializeIPDv05p4 intro.
20220823 020019.891 INFO             PET0     ATM-TO-OCN: InitializeIPDv05p4 extro.
20220823 020019.891 INFO             PET0     OCN-TO-ATM: InitializeIPDv05p4 intro.
20220823 020019.901 INFO             PET0     OCN-TO-ATM: InitializeIPDv05p4 extro.
20220823 020019.901 INFO             PET0     ATM-TO-OCN: InitializeIPDv05p5 intro.
20220823 020019.920 INFO             PET0     ATM-TO-OCN: InitializeIPDv05p5 extro.
20220823 020019.920 INFO             PET0     OCN-TO-ATM: InitializeIPDv05p5 intro.
20220823 020019.930 INFO             PET0     OCN-TO-ATM: InitializeIPDv05p5 extro.
20220823 020019.930 INFO             PET0     esm: IInitRealize intro.
20220823 020019.930 INFO             PET0     esm: IInitRealize extro.
20220823 020019.931 INFO             PET0     ATM-TO-OCN: InitializeIPDv05p6a intro.
20220823 020019.949 INFO             PET0     ATM-TO-OCN: InitializeIPDv05p6a extro.
20220823 020019.949 INFO             PET0     OCN-TO-ATM: InitializeIPDv05p6a intro.
20220823 020019.958 INFO             PET0     OCN-TO-ATM: InitializeIPDv05p6a extro.
20220823 020019.959 INFO             PET0     ATM-TO-OCN: InitializeIPDv05p6b intro.
20220823 020020.077 INFO             PET0     ATM-TO-OCN: InitializeIPDv05p6b extro.
20220823 020020.077 INFO             PET0     OCN-TO-ATM: InitializeIPDv05p6b intro.
20220823 020020.168 INFO             PET0     OCN-TO-ATM: InitializeIPDv05p6b extro.
20220823 020020.169 INFO             PET0     ATM: InitializeIPDvXp07 intro.
20220823 020020.169 INFO             PET0     ATM: InitializeIPDvXp07 extro.
20220823 020020.171 INFO             PET0     <<<esm: leaving Initialize (phase=<none>) with current time: 2010  6  1  0  0  0   0
20220823 020020.171 INFO             PET0   esm: InitializeIPDv02p3 extro.
20220823 020020.172 INFO             PET0   esm: InitializeIPDv02p5 intro.
20220823 020020.172 INFO             PET0     >>>esm: entered Initialize (phase=<none>) with current time: 2010  6  1  0  0  0   0
20220823 020020.172 INFO             PET0     esm: this is a top level driver, no 'Updated' and 'InitializeDataComplete' info on this level.
20220823 020020.172 INFO             PET0     esm: InitializeIPDv02p5Data intro.
20220823 020020.172 INFO             PET0       esm: InternalInitializeComplete intro.
20220823 020020.172 INFO             PET0         esm: InitializeDataComplete='true'
20220823 020020.172 INFO             PET0       esm: InternalInitializeComplete extro.
20220823 020020.172 INFO             PET0       ATM: InitializeIPDv01p5 intro.
20220823 020020.172 INFO             PET0       ATM: InitializeIPDv01p5 extro.
20220823 020020.175 INFO             PET0       esm: components present that trigger loopDataDependentInitialize().
20220823 020020.175 INFO             PET0       esm: loopDataDependentInitialize intro.
20220823 020020.175 INFO             PET0         esm: component    0=esm, dataComplete (local): true
20220823 020020.175 INFO             PET0         esm: component    0=esm, dataComplete (global):  T
20220823 020020.175 INFO             PET0         esm: component    1=ATM, dataComplete (local): true
20220823 020020.175 INFO             PET0         esm: component    1=ATM, dataComplete (global):  T
20220823 020020.175 INFO             PET0         esm: component    2=OCN, dataComplete (local): true
20220823 020020.175 INFO             PET0         esm: component    2=OCN, dataComplete (global):  T
20220823 020020.175 INFO             PET0         esm: someProgress= F, allComplete= T, present(dataDepAllComplete)= T
20220823 020020.175 INFO             PET0         esm: finished resolving initialize data dependencies on this level.
20220823 020020.175 INFO             PET0       esm: loopDataDependentInitialize extro.
20220823 020020.175 INFO             PET0       esm: loopDataDependentInitialize() returned with dataDepAllComplete:  T
20220823 020020.175 INFO             PET0     esm: InitializeIPDv02p5Data extro.
20220823 020020.175 INFO             PET0     <<<esm: leaving Initialize (phase=<none>) with current time: 2010  6  1  0  0  0   0
20220823 020020.176 INFO             PET0   esm: InitializeIPDv02p5 extro.
20220823 020020.176 INFO             PET0 esm: InitializeGeneric extro.
20220823 020020.176 INFO             PET0 esm: Run intro.
20220823 020020.176 INFO             PET0   >>>esm entered Run (phase=RunPhase1) with current time: 2010  6  1  0  0  0   0
20220823 020020.176 INFO             PET0   esm: after lable_SetRunClock, current time: 2010  6  1  0  0  0   0
20220823 020020.176 INFO             PET0   esm: begin -------> RunSequence.
20220823 020020.176 INFO             PET0     esm: RunSequence event loopLevel=   1  levelMember=   1  loopIteration=   1, current time: 2010  6  1  0  0  0   0
20220823 020020.176 INFO             PET0     ATM-TO-OCN: Run intro.
20220823 020020.177 INFO             PET0     ATM-TO-OCN: Run extro.
20220823 020020.177 INFO             PET0     OCN-TO-ATM: Run intro.
20220823 020020.177 INFO             PET0     OCN-TO-ATM: Run extro.
20220823 020020.177 INFO             PET0     ATM: Run intro.
20220823 020020.178 INFO             PET0       ------>Advancing ATM from: 2010  6  1  0  0  0   0
20220823 020020.178 INFO             PET0       ---------------------> to: 2010  6  1  0 15  0   0
20220823 020020.178 INFO             PET0     ATM: Run extro.
20220823 020020.178 INFO             PET0     esm: RunSequence event loopLevel=   1  levelMember=   1  loopIteration=   2, current time: 2010  6  1  0 15  0   0
20220823 020020.178 INFO             PET0     ATM-TO-OCN: Run intro.
20220823 020020.178 INFO             PET0     ATM-TO-OCN: Run extro.
20220823 020020.178 INFO             PET0     OCN-TO-ATM: Run intro.
20220823 020020.189 INFO             PET0     OCN-TO-ATM: Run extro.
20220823 020020.189 INFO             PET0     ATM: Run intro.
20220823 020020.189 INFO             PET0       ------>Advancing ATM from: 2010  6  1  0 15  0   0
20220823 020020.189 INFO             PET0       ---------------------> to: 2010  6  1  0 30  0   0
20220823 020020.190 INFO             PET0     ATM: Run extro.
20220823 020020.190 INFO             PET0     esm: RunSequence event loopLevel=   1  levelMember=   1  loopIteration=   3, current time: 2010  6  1  0 30  0   0
20220823 020020.190 INFO             PET0     ATM-TO-OCN: Run intro.
20220823 020020.190 INFO             PET0     ATM-TO-OCN: Run extro.
20220823 020020.190 INFO             PET0     OCN-TO-ATM: Run intro.
20220823 020020.195 INFO             PET0     OCN-TO-ATM: Run extro.
20220823 020020.195 INFO             PET0     ATM: Run intro.
20220823 020020.195 INFO             PET0       ------>Advancing ATM from: 2010  6  1  0 30  0   0
20220823 020020.195 INFO             PET0       ---------------------> to: 2010  6  1  0 45  0   0
20220823 020020.195 INFO             PET0     ATM: Run extro.
20220823 020020.195 INFO             PET0     esm: RunSequence event loopLevel=   1  levelMember=   1  loopIteration=   4, current time: 2010  6  1  0 45  0   0
20220823 020020.195 INFO             PET0     ATM-TO-OCN: Run intro.
20220823 020020.196 INFO             PET0     ATM-TO-OCN: Run extro.
20220823 020020.196 INFO             PET0     OCN-TO-ATM: Run intro.
20220823 020020.201 INFO             PET0     OCN-TO-ATM: Run extro.
20220823 020020.201 INFO             PET0     ATM: Run intro.
20220823 020020.202 INFO             PET0       ------>Advancing ATM from: 2010  6  1  0 45  0   0
20220823 020020.202 INFO             PET0       ---------------------> to: 2010  6  1  1  0  0   0
20220823 020020.202 INFO             PET0     ATM: Run extro.
20220823 020020.202 INFO             PET0   esm: end <--------- RunSequence
20220823 020020.202 INFO             PET0   <<<esm - leaving Run with current time: 2010  6  1  1  0  0   0
20220823 020020.202 INFO             PET0 esm: Run extro.
20220823 020020.202 INFO             PET0 esm: Finalize intro.
20220823 020020.202 INFO             PET0   Calling Finalize phase 1 for connectorComp: ATM-TO-OCN
20220823 020020.202 INFO             PET0   ATM-TO-OCN: Finalize intro.
20220823 020020.202 INFO             PET0   ATM-TO-OCN: Finalize extro.
20220823 020020.202 INFO             PET0   Calling Finalize phase 1 for connectorComp: OCN-TO-ATM
20220823 020020.202 INFO             PET0   OCN-TO-ATM: Finalize intro.
20220823 020020.202 INFO             PET0   OCN-TO-ATM: Finalize extro.
20220823 020020.202 INFO             PET0   Calling Finalize phase 1 for modelComp: ATM
20220823 020020.203 INFO             PET0   ATM: Finalize intro.
20220823 020020.203 INFO             PET0   ATM: Finalize extro.
20220823 020020.203 INFO             PET0   Calling Finalize phase 1 for modelComp: OCN
20220823 020020.203 INFO             PET0   Delete modelComp: ATM
20220823 020020.203 INFO             PET0   Delete Import-/Export State for modelComp: ATM
20220823 020020.203 INFO             PET0   Delete modelComp: OCN
20220823 020020.203 INFO             PET0   Delete Import-/Export State for modelComp: OCN
20220823 020020.203 INFO             PET0   Delete connectorComp: ATM-TO-OCN
20220823 020020.208 INFO             PET0   Delete connectorComp: OCN-TO-ATM
20220823 020020.208 INFO             PET0 esm: Finalize extro.
20220823 020020.208 INFO             PET0 esmApp FINISHED
20220823 020020.208 INFO             PET0 Finalizing ESMF
20220823 020019.735 INFO             PET1 !!!!!!!!!!!!!!!!!!!!!!!!!!!!!!!!!!!!!!!!!!!!!!!!!!!!!!
20220823 020019.735 INFO             PET1 !!! THE ESMF_LOG IS SET TO OUTPUT ALL LOG MESSAGES !!!
20220823 020019.735 INFO             PET1 !!!     THIS MAY CAUSE SLOWDOWN IN PERFORMANCE     !!!
20220823 020019.735 INFO             PET1 !!! FOR PRODUCTION RUNS, USE:                      !!!
20220823 020019.735 INFO             PET1 !!!                   ESMF_LOGKIND_Multi_On_Error  !!!
20220823 020019.735 INFO             PET1 !!!!!!!!!!!!!!!!!!!!!!!!!!!!!!!!!!!!!!!!!!!!!!!!!!!!!!
20220823 020019.735 INFO             PET1 Running with ESMF Version   : v8.4.0b10-15-g427ab8cf2a
20220823 020019.735 INFO             PET1 ESMF library build date/time: "Aug 23 2022" "01:25:04"
20220823 020019.735 INFO             PET1 ESMF library build location : /discover/nobackup/projects/sbu/mpotts/esmf-test/intel_19.1.3_mpt_g_develop/esmf
20220823 020019.735 INFO             PET1 ESMF_COMM                   : mpt
20220823 020019.736 INFO             PET1 ESMF_MOAB                   : enabled
20220823 020019.736 INFO             PET1 ESMF_LAPACK                 : enabled
20220823 020019.736 INFO             PET1 ESMF_NETCDF                 : enabled
20220823 020019.736 INFO             PET1 ESMF_PNETCDF                : disabled
20220823 020019.736 INFO             PET1 ESMF_PIO                    : enabled
20220823 020019.736 INFO             PET1 ESMF_YAMLCPP                : enabled
20220823 020019.736 INFO             PET1 esmApp STARTING
20220823 020019.743 INFO             PET1 esm: InitializeGeneric intro.
20220823 020019.743 INFO             PET1   esm: InitializeP0 intro.
20220823 020019.743 INFO             PET1   esm: InitializeP0 extro.
20220823 020019.743 INFO             PET1   esm: InitializeIPDv02p1 intro.
20220823 020019.743 INFO             PET1     >>>esm: entered Initialize (phase=<none>) without valid internal Clock.
20220823 020019.743 INFO             PET1     esm - Creating model component ATM with petList of size 2 :
20220823 020019.743 INFO             PET1           0      1
20220823 020019.746 INFO             PET1     esm - Creating model component OCN with petList of size 2 :
20220823 020019.746 INFO             PET1           2      3
20220823 020019.747 INFO             PET1     esm - Creating connector component ATM-TO-OCN with petList of size 4 :
20220823 020019.747 INFO             PET1           0      1      2      3
20220823 020019.753 INFO             PET1     esm - Creating connector component OCN-TO-ATM with petList of size 4 :
20220823 020019.753 INFO             PET1           2      3      0      1
20220823 020019.759 INFO             PET1     esm - Creating state: modelComp 1 Import State
20220823 020019.759 INFO             PET1     esm - Creating state: modelComp 1 Export State
20220823 020019.759 INFO             PET1     esm - Creating state: modelComp 2 Import State
20220823 020019.759 INFO             PET1     esm - Creating state: modelComp 2 Export State
20220823 020019.761 INFO             PET1     ATM: InitializeP0 intro.
20220823 020019.762 INFO             PET1     ATM: InitializeP0 extro.
20220823 020019.767 INFO             PET1     ATM-TO-OCN: InitializeP0 intro.
20220823 020019.767 INFO             PET1     ATM-TO-OCN: InitializeP0 extro.
20220823 020019.768 INFO             PET1     OCN-TO-ATM: InitializeP0 intro.
20220823 020019.769 INFO             PET1     OCN-TO-ATM: InitializeP0 extro.
20220823 020019.771 INFO             PET1     esm: IInitAdvertise intro.
20220823 020019.771 INFO             PET1     esm: IInitAdvertise extro.
20220823 020019.771 INFO             PET1     ATM: InitializeIPDvXp01 intro.
20220823 020019.776 INFO             PET1     ATM: InitializeIPDvXp01 extro.
20220823 020019.783 INFO             PET1     ATM-TO-OCN: InitializeIPDv05p1 intro.
20220823 020019.794 INFO             PET1     ATM-TO-OCN: InitializeIPDv05p1 extro.
20220823 020019.794 INFO             PET1     OCN-TO-ATM: InitializeIPDv05p1 intro.
20220823 020019.799 INFO             PET1     OCN-TO-ATM: InitializeIPDv05p1 extro.
20220823 020019.799 INFO             PET1     esm: IInitAdvertiseFinish intro.
20220823 020019.799 INFO             PET1     esm: IInitAdvertiseFinish extro.
20220823 020019.800 INFO             PET1     ATM-TO-OCN: InitializeIPDv05p2a intro.
20220823 020019.810 INFO             PET1     ATM-TO-OCN: InitializeIPDv05p2a extro.
20220823 020019.810 INFO             PET1     OCN-TO-ATM: InitializeIPDv05p2a intro.
20220823 020019.815 INFO             PET1     OCN-TO-ATM: InitializeIPDv05p2a extro.
20220823 020019.816 INFO             PET1     ATM-TO-OCN: InitializeIPDv05p2b intro.
20220823 020019.826 INFO             PET1     ATM-TO-OCN: InitializeIPDv05p2b extro.
20220823 020019.826 INFO             PET1     OCN-TO-ATM: InitializeIPDv05p2b intro.
20220823 020019.831 INFO             PET1     OCN-TO-ATM: InitializeIPDv05p2b extro.
20220823 020019.832 INFO             PET1     esm: IInitModifyCplLists intro.
20220823 020019.832 INFO             PET1       Driver is in ModifyCplLists()
20220823 020019.832 INFO             PET1        Found            2  Connectors. Modifying CplList Attribute....
20220823 020019.832 INFO             PET1     esm: IInitModifyCplLists extro.
20220823 020019.832 INFO             PET1     ATM-TO-OCN: InitializeIPDv05p3 intro.
20220823 020019.843 INFO             PET1     ATM-TO-OCN: InitializeIPDv05p3 extro.
20220823 020019.843 INFO             PET1     OCN-TO-ATM: InitializeIPDv05p3 intro.
20220823 020019.849 INFO             PET1     OCN-TO-ATM: InitializeIPDv05p3 extro.
20220823 020019.849 INFO             PET1     <<<esm: leaving Initialize (phase=<none>) with current time: 2010  6  1  0  0  0   0
20220823 020019.849 INFO             PET1   esm: InitializeIPDv02p1 extro.
20220823 020019.849 INFO             PET1   esm: InitializeIPDv02p3 intro.
20220823 020019.849 INFO             PET1     >>>esm: entered Initialize (phase=<none>) with current time: 2010  6  1  0  0  0   0
20220823 020019.850 INFO             PET1     esm: IInitCheck intro.
20220823 020019.850 INFO             PET1     esm: IInitCheck extro.
20220823 020019.850 INFO             PET1     ATM: InitializeIPDvXp04 intro.
20220823 020019.859 INFO             PET1     ATM: InitializeIPDvXp04 extro.
20220823 020019.871 INFO             PET1     ATM-TO-OCN: InitializeIPDv05p4 intro.
20220823 020019.891 INFO             PET1     ATM-TO-OCN: InitializeIPDv05p4 extro.
20220823 020019.891 INFO             PET1     OCN-TO-ATM: InitializeIPDv05p4 intro.
20220823 020019.901 INFO             PET1     OCN-TO-ATM: InitializeIPDv05p4 extro.
20220823 020019.901 INFO             PET1     ATM-TO-OCN: InitializeIPDv05p5 intro.
20220823 020019.920 INFO             PET1     ATM-TO-OCN: InitializeIPDv05p5 extro.
20220823 020019.920 INFO             PET1     OCN-TO-ATM: InitializeIPDv05p5 intro.
20220823 020019.930 INFO             PET1     OCN-TO-ATM: InitializeIPDv05p5 extro.
20220823 020019.930 INFO             PET1     esm: IInitRealize intro.
20220823 020019.930 INFO             PET1     esm: IInitRealize extro.
20220823 020019.931 INFO             PET1     ATM-TO-OCN: InitializeIPDv05p6a intro.
20220823 020019.949 INFO             PET1     ATM-TO-OCN: InitializeIPDv05p6a extro.
20220823 020019.949 INFO             PET1     OCN-TO-ATM: InitializeIPDv05p6a intro.
20220823 020019.958 INFO             PET1     OCN-TO-ATM: InitializeIPDv05p6a extro.
20220823 020019.959 INFO             PET1     ATM-TO-OCN: InitializeIPDv05p6b intro.
20220823 020020.077 INFO             PET1     ATM-TO-OCN: InitializeIPDv05p6b extro.
20220823 020020.077 INFO             PET1     OCN-TO-ATM: InitializeIPDv05p6b intro.
20220823 020020.168 INFO             PET1     OCN-TO-ATM: InitializeIPDv05p6b extro.
20220823 020020.169 INFO             PET1     ATM: InitializeIPDvXp07 intro.
20220823 020020.169 INFO             PET1     ATM: InitializeIPDvXp07 extro.
20220823 020020.171 INFO             PET1     <<<esm: leaving Initialize (phase=<none>) with current time: 2010  6  1  0  0  0   0
20220823 020020.171 INFO             PET1   esm: InitializeIPDv02p3 extro.
20220823 020020.172 INFO             PET1   esm: InitializeIPDv02p5 intro.
20220823 020020.172 INFO             PET1     >>>esm: entered Initialize (phase=<none>) with current time: 2010  6  1  0  0  0   0
20220823 020020.172 INFO             PET1     esm: this is a top level driver, no 'Updated' and 'InitializeDataComplete' info on this level.
20220823 020020.172 INFO             PET1     esm: InitializeIPDv02p5Data intro.
20220823 020020.172 INFO             PET1       esm: InternalInitializeComplete intro.
20220823 020020.172 INFO             PET1         esm: InitializeDataComplete='true'
20220823 020020.172 INFO             PET1       esm: InternalInitializeComplete extro.
20220823 020020.172 INFO             PET1       ATM: InitializeIPDv01p5 intro.
20220823 020020.172 INFO             PET1       ATM: InitializeIPDv01p5 extro.
20220823 020020.175 INFO             PET1       esm: components present that trigger loopDataDependentInitialize().
20220823 020020.175 INFO             PET1       esm: loopDataDependentInitialize intro.
20220823 020020.175 INFO             PET1         esm: component    0=esm, dataComplete (local): true
20220823 020020.175 INFO             PET1         esm: component    0=esm, dataComplete (global):  T
20220823 020020.175 INFO             PET1         esm: component    1=ATM, dataComplete (local): true
20220823 020020.175 INFO             PET1         esm: component    1=ATM, dataComplete (global):  T
20220823 020020.175 INFO             PET1         esm: component    2=OCN, dataComplete (local): true
20220823 020020.175 INFO             PET1         esm: component    2=OCN, dataComplete (global):  T
20220823 020020.175 INFO             PET1         esm: someProgress= F, allComplete= T, present(dataDepAllComplete)= T
20220823 020020.175 INFO             PET1         esm: finished resolving initialize data dependencies on this level.
20220823 020020.175 INFO             PET1       esm: loopDataDependentInitialize extro.
20220823 020020.175 INFO             PET1       esm: loopDataDependentInitialize() returned with dataDepAllComplete:  T
20220823 020020.175 INFO             PET1     esm: InitializeIPDv02p5Data extro.
20220823 020020.175 INFO             PET1     <<<esm: leaving Initialize (phase=<none>) with current time: 2010  6  1  0  0  0   0
20220823 020020.176 INFO             PET1   esm: InitializeIPDv02p5 extro.
20220823 020020.176 INFO             PET1 esm: InitializeGeneric extro.
20220823 020020.176 INFO             PET1 esm: Run intro.
20220823 020020.176 INFO             PET1   >>>esm entered Run (phase=RunPhase1) with current time: 2010  6  1  0  0  0   0
20220823 020020.176 INFO             PET1   esm: after lable_SetRunClock, current time: 2010  6  1  0  0  0   0
20220823 020020.176 INFO             PET1   esm: begin -------> RunSequence.
20220823 020020.176 INFO             PET1     esm: RunSequence event loopLevel=   1  levelMember=   1  loopIteration=   1, current time: 2010  6  1  0  0  0   0
20220823 020020.176 INFO             PET1     ATM-TO-OCN: Run intro.
20220823 020020.177 INFO             PET1     ATM-TO-OCN: Run extro.
20220823 020020.177 INFO             PET1     OCN-TO-ATM: Run intro.
20220823 020020.177 INFO             PET1     OCN-TO-ATM: Run extro.
20220823 020020.177 INFO             PET1     ATM: Run intro.
20220823 020020.178 INFO             PET1       ------>Advancing ATM from: 2010  6  1  0  0  0   0
20220823 020020.178 INFO             PET1       ---------------------> to: 2010  6  1  0 15  0   0
20220823 020020.178 INFO             PET1     ATM: Run extro.
20220823 020020.178 INFO             PET1     esm: RunSequence event loopLevel=   1  levelMember=   1  loopIteration=   2, current time: 2010  6  1  0 15  0   0
20220823 020020.178 INFO             PET1     ATM-TO-OCN: Run intro.
20220823 020020.178 INFO             PET1     ATM-TO-OCN: Run extro.
20220823 020020.178 INFO             PET1     OCN-TO-ATM: Run intro.
20220823 020020.189 INFO             PET1     OCN-TO-ATM: Run extro.
20220823 020020.189 INFO             PET1     ATM: Run intro.
20220823 020020.189 INFO             PET1       ------>Advancing ATM from: 2010  6  1  0 15  0   0
20220823 020020.189 INFO             PET1       ---------------------> to: 2010  6  1  0 30  0   0
20220823 020020.190 INFO             PET1     ATM: Run extro.
20220823 020020.190 INFO             PET1     esm: RunSequence event loopLevel=   1  levelMember=   1  loopIteration=   3, current time: 2010  6  1  0 30  0   0
20220823 020020.190 INFO             PET1     ATM-TO-OCN: Run intro.
20220823 020020.190 INFO             PET1     ATM-TO-OCN: Run extro.
20220823 020020.190 INFO             PET1     OCN-TO-ATM: Run intro.
20220823 020020.195 INFO             PET1     OCN-TO-ATM: Run extro.
20220823 020020.195 INFO             PET1     ATM: Run intro.
20220823 020020.195 INFO             PET1       ------>Advancing ATM from: 2010  6  1  0 30  0   0
20220823 020020.195 INFO             PET1       ---------------------> to: 2010  6  1  0 45  0   0
20220823 020020.195 INFO             PET1     ATM: Run extro.
20220823 020020.195 INFO             PET1     esm: RunSequence event loopLevel=   1  levelMember=   1  loopIteration=   4, current time: 2010  6  1  0 45  0   0
20220823 020020.195 INFO             PET1     ATM-TO-OCN: Run intro.
20220823 020020.196 INFO             PET1     ATM-TO-OCN: Run extro.
20220823 020020.196 INFO             PET1     OCN-TO-ATM: Run intro.
20220823 020020.201 INFO             PET1     OCN-TO-ATM: Run extro.
20220823 020020.201 INFO             PET1     ATM: Run intro.
20220823 020020.202 INFO             PET1       ------>Advancing ATM from: 2010  6  1  0 45  0   0
20220823 020020.202 INFO             PET1       ---------------------> to: 2010  6  1  1  0  0   0
20220823 020020.202 INFO             PET1     ATM: Run extro.
20220823 020020.202 INFO             PET1   esm: end <--------- RunSequence
20220823 020020.202 INFO             PET1   <<<esm - leaving Run with current time: 2010  6  1  1  0  0   0
20220823 020020.202 INFO             PET1 esm: Run extro.
20220823 020020.202 INFO             PET1 esm: Finalize intro.
20220823 020020.202 INFO             PET1   Calling Finalize phase 1 for connectorComp: ATM-TO-OCN
20220823 020020.202 INFO             PET1   ATM-TO-OCN: Finalize intro.
20220823 020020.202 INFO             PET1   ATM-TO-OCN: Finalize extro.
20220823 020020.202 INFO             PET1   Calling Finalize phase 1 for connectorComp: OCN-TO-ATM
20220823 020020.202 INFO             PET1   OCN-TO-ATM: Finalize intro.
20220823 020020.202 INFO             PET1   OCN-TO-ATM: Finalize extro.
20220823 020020.202 INFO             PET1   Calling Finalize phase 1 for modelComp: ATM
20220823 020020.203 INFO             PET1   ATM: Finalize intro.
20220823 020020.203 INFO             PET1   ATM: Finalize extro.
20220823 020020.203 INFO             PET1   Calling Finalize phase 1 for modelComp: OCN
20220823 020020.203 INFO             PET1   Delete modelComp: ATM
20220823 020020.203 INFO             PET1   Delete Import-/Export State for modelComp: ATM
20220823 020020.203 INFO             PET1   Delete modelComp: OCN
20220823 020020.203 INFO             PET1   Delete Import-/Export State for modelComp: OCN
20220823 020020.203 INFO             PET1   Delete connectorComp: ATM-TO-OCN
20220823 020020.208 INFO             PET1   Delete connectorComp: OCN-TO-ATM
20220823 020020.208 INFO             PET1 esm: Finalize extro.
20220823 020020.208 INFO             PET1 esmApp FINISHED
20220823 020020.208 INFO             PET1 Finalizing ESMF
20220823 020019.736 INFO             PET2 !!!!!!!!!!!!!!!!!!!!!!!!!!!!!!!!!!!!!!!!!!!!!!!!!!!!!!
20220823 020019.736 INFO             PET2 !!! THE ESMF_LOG IS SET TO OUTPUT ALL LOG MESSAGES !!!
20220823 020019.736 INFO             PET2 !!!     THIS MAY CAUSE SLOWDOWN IN PERFORMANCE     !!!
20220823 020019.736 INFO             PET2 !!! FOR PRODUCTION RUNS, USE:                      !!!
20220823 020019.736 INFO             PET2 !!!                   ESMF_LOGKIND_Multi_On_Error  !!!
20220823 020019.736 INFO             PET2 !!!!!!!!!!!!!!!!!!!!!!!!!!!!!!!!!!!!!!!!!!!!!!!!!!!!!!
20220823 020019.736 INFO             PET2 Running with ESMF Version   : v8.4.0b10-15-g427ab8cf2a
20220823 020019.736 INFO             PET2 ESMF library build date/time: "Aug 23 2022" "01:25:04"
20220823 020019.736 INFO             PET2 ESMF library build location : /discover/nobackup/projects/sbu/mpotts/esmf-test/intel_19.1.3_mpt_g_develop/esmf
20220823 020019.736 INFO             PET2 ESMF_COMM                   : mpt
20220823 020019.736 INFO             PET2 ESMF_MOAB                   : enabled
20220823 020019.736 INFO             PET2 ESMF_LAPACK                 : enabled
20220823 020019.736 INFO             PET2 ESMF_NETCDF                 : enabled
20220823 020019.736 INFO             PET2 ESMF_PNETCDF                : disabled
20220823 020019.736 INFO             PET2 ESMF_PIO                    : enabled
20220823 020019.736 INFO             PET2 ESMF_YAMLCPP                : enabled
20220823 020019.736 INFO             PET2 esmApp STARTING
20220823 020019.743 INFO             PET2 esm: InitializeGeneric intro.
20220823 020019.743 INFO             PET2   esm: InitializeP0 intro.
20220823 020019.743 INFO             PET2   esm: InitializeP0 extro.
20220823 020019.743 INFO             PET2   esm: InitializeIPDv02p1 intro.
20220823 020019.743 INFO             PET2     >>>esm: entered Initialize (phase=<none>) without valid internal Clock.
20220823 020019.743 INFO             PET2     esm - Creating model component ATM with petList of size 2 :
20220823 020019.743 INFO             PET2           0      1
20220823 020019.743 INFO             PET2     esm - Creating model component OCN with petList of size 2 :
20220823 020019.743 INFO             PET2           2      3
20220823 020019.747 INFO             PET2     esm - Creating connector component ATM-TO-OCN with petList of size 4 :
20220823 020019.747 INFO             PET2           0      1      2      3
20220823 020019.753 INFO             PET2     esm - Creating connector component OCN-TO-ATM with petList of size 4 :
20220823 020019.753 INFO             PET2           2      3      0      1
20220823 020019.759 INFO             PET2     esm - Creating state: modelComp 1 Import State
20220823 020019.759 INFO             PET2     esm - Creating state: modelComp 1 Export State
20220823 020019.759 INFO             PET2     esm - Creating state: modelComp 2 Import State
20220823 020019.759 INFO             PET2     esm - Creating state: modelComp 2 Export State
20220823 020019.764 INFO             PET2     OCN: InitializeP0 intro.
20220823 020019.766 INFO             PET2     OCN: InitializeP0 extro.
20220823 020019.767 INFO             PET2     ATM-TO-OCN: InitializeP0 intro.
20220823 020019.767 INFO             PET2     ATM-TO-OCN: InitializeP0 extro.
20220823 020019.768 INFO             PET2     OCN-TO-ATM: InitializeP0 intro.
20220823 020019.769 INFO             PET2     OCN-TO-ATM: InitializeP0 extro.
20220823 020019.771 INFO             PET2     esm: IInitAdvertise intro.
20220823 020019.771 INFO             PET2     esm: IInitAdvertise extro.
20220823 020019.777 INFO             PET2     OCN: InitializeIPDvXp01 intro.
20220823 020019.782 INFO             PET2     OCN: InitializeIPDvXp01 extro.
20220823 020019.783 INFO             PET2     ATM-TO-OCN: InitializeIPDv05p1 intro.
20220823 020019.794 INFO             PET2     ATM-TO-OCN: InitializeIPDv05p1 extro.
20220823 020019.794 INFO             PET2     OCN-TO-ATM: InitializeIPDv05p1 intro.
20220823 020019.799 INFO             PET2     OCN-TO-ATM: InitializeIPDv05p1 extro.
20220823 020019.799 INFO             PET2     esm: IInitAdvertiseFinish intro.
20220823 020019.799 INFO             PET2     esm: IInitAdvertiseFinish extro.
20220823 020019.800 INFO             PET2     ATM-TO-OCN: InitializeIPDv05p2a intro.
20220823 020019.810 INFO             PET2     ATM-TO-OCN: InitializeIPDv05p2a extro.
20220823 020019.810 INFO             PET2     OCN-TO-ATM: InitializeIPDv05p2a intro.
20220823 020019.815 INFO             PET2     OCN-TO-ATM: InitializeIPDv05p2a extro.
20220823 020019.816 INFO             PET2     ATM-TO-OCN: InitializeIPDv05p2b intro.
20220823 020019.826 INFO             PET2     ATM-TO-OCN: InitializeIPDv05p2b extro.
20220823 020019.826 INFO             PET2     OCN-TO-ATM: InitializeIPDv05p2b intro.
20220823 020019.831 INFO             PET2     OCN-TO-ATM: InitializeIPDv05p2b extro.
20220823 020019.832 INFO             PET2     esm: IInitModifyCplLists intro.
20220823 020019.832 INFO             PET2       Driver is in ModifyCplLists()
20220823 020019.832 INFO             PET2        Found            2  Connectors. Modifying CplList Attribute....
20220823 020019.832 INFO             PET2     esm: IInitModifyCplLists extro.
20220823 020019.832 INFO             PET2     ATM-TO-OCN: InitializeIPDv05p3 intro.
20220823 020019.843 INFO             PET2     ATM-TO-OCN: InitializeIPDv05p3 extro.
20220823 020019.843 INFO             PET2     OCN-TO-ATM: InitializeIPDv05p3 intro.
20220823 020019.849 INFO             PET2     OCN-TO-ATM: InitializeIPDv05p3 extro.
20220823 020019.849 INFO             PET2     <<<esm: leaving Initialize (phase=<none>) with current time: 2010  6  1  0  0  0   0
20220823 020019.849 INFO             PET2   esm: InitializeIPDv02p1 extro.
20220823 020019.849 INFO             PET2   esm: InitializeIPDv02p3 intro.
20220823 020019.849 INFO             PET2     >>>esm: entered Initialize (phase=<none>) with current time: 2010  6  1  0  0  0   0
20220823 020019.850 INFO             PET2     esm: IInitCheck intro.
20220823 020019.850 INFO             PET2     esm: IInitCheck extro.
20220823 020019.861 INFO             PET2     OCN: InitializeIPDvXp04 intro.
20220823 020019.870 INFO             PET2     OCN: InitializeIPDvXp04 extro.
20220823 020019.871 INFO             PET2     ATM-TO-OCN: InitializeIPDv05p4 intro.
20220823 020019.891 INFO             PET2     ATM-TO-OCN: InitializeIPDv05p4 extro.
20220823 020019.891 INFO             PET2     OCN-TO-ATM: InitializeIPDv05p4 intro.
20220823 020019.901 INFO             PET2     OCN-TO-ATM: InitializeIPDv05p4 extro.
20220823 020019.901 INFO             PET2     ATM-TO-OCN: InitializeIPDv05p5 intro.
20220823 020019.920 INFO             PET2     ATM-TO-OCN: InitializeIPDv05p5 extro.
20220823 020019.920 INFO             PET2     OCN-TO-ATM: InitializeIPDv05p5 intro.
20220823 020019.930 INFO             PET2     OCN-TO-ATM: InitializeIPDv05p5 extro.
20220823 020019.930 INFO             PET2     esm: IInitRealize intro.
20220823 020019.930 INFO             PET2     esm: IInitRealize extro.
20220823 020019.931 INFO             PET2     ATM-TO-OCN: InitializeIPDv05p6a intro.
20220823 020019.949 INFO             PET2     ATM-TO-OCN: InitializeIPDv05p6a extro.
20220823 020019.949 INFO             PET2     OCN-TO-ATM: InitializeIPDv05p6a intro.
20220823 020019.958 INFO             PET2     OCN-TO-ATM: InitializeIPDv05p6a extro.
20220823 020019.959 INFO             PET2     ATM-TO-OCN: InitializeIPDv05p6b intro.
20220823 020020.077 INFO             PET2     ATM-TO-OCN: InitializeIPDv05p6b extro.
20220823 020020.077 INFO             PET2     OCN-TO-ATM: InitializeIPDv05p6b intro.
20220823 020020.168 INFO             PET2     OCN-TO-ATM: InitializeIPDv05p6b extro.
20220823 020020.170 INFO             PET2     OCN: InitializeIPDvXp07 intro.
20220823 020020.170 INFO             PET2     OCN: InitializeIPDvXp07 extro.
20220823 020020.171 INFO             PET2     <<<esm: leaving Initialize (phase=<none>) with current time: 2010  6  1  0  0  0   0
20220823 020020.171 INFO             PET2   esm: InitializeIPDv02p3 extro.
20220823 020020.171 INFO             PET2   esm: InitializeIPDv02p5 intro.
20220823 020020.171 INFO             PET2     >>>esm: entered Initialize (phase=<none>) with current time: 2010  6  1  0  0  0   0
20220823 020020.171 INFO             PET2     esm: this is a top level driver, no 'Updated' and 'InitializeDataComplete' info on this level.
20220823 020020.172 INFO             PET2     esm: InitializeIPDv02p5Data intro.
20220823 020020.172 INFO             PET2       esm: InternalInitializeComplete intro.
20220823 020020.172 INFO             PET2         esm: InitializeDataComplete='true'
20220823 020020.172 INFO             PET2       esm: InternalInitializeComplete extro.
20220823 020020.174 INFO             PET2       OCN: InitializeIPDv01p5 intro.
20220823 020020.174 INFO             PET2       OCN: InitializeIPDv01p5 extro.
20220823 020020.175 INFO             PET2       esm: components present that trigger loopDataDependentInitialize().
20220823 020020.175 INFO             PET2       esm: loopDataDependentInitialize intro.
20220823 020020.175 INFO             PET2         esm: component    0=esm, dataComplete (local): true
20220823 020020.175 INFO             PET2         esm: component    0=esm, dataComplete (global):  T
20220823 020020.175 INFO             PET2         esm: component    1=ATM, dataComplete (local): true
20220823 020020.175 INFO             PET2         esm: component    1=ATM, dataComplete (global):  T
20220823 020020.175 INFO             PET2         esm: component    2=OCN, dataComplete (local): true
20220823 020020.175 INFO             PET2         esm: component    2=OCN, dataComplete (global):  T
20220823 020020.175 INFO             PET2         esm: someProgress= F, allComplete= T, present(dataDepAllComplete)= T
20220823 020020.175 INFO             PET2         esm: finished resolving initialize data dependencies on this level.
20220823 020020.175 INFO             PET2       esm: loopDataDependentInitialize extro.
20220823 020020.175 INFO             PET2       esm: loopDataDependentInitialize() returned with dataDepAllComplete:  T
20220823 020020.175 INFO             PET2     esm: InitializeIPDv02p5Data extro.
20220823 020020.175 INFO             PET2     <<<esm: leaving Initialize (phase=<none>) with current time: 2010  6  1  0  0  0   0
20220823 020020.176 INFO             PET2   esm: InitializeIPDv02p5 extro.
20220823 020020.176 INFO             PET2 esm: InitializeGeneric extro.
20220823 020020.176 INFO             PET2 esm: Run intro.
20220823 020020.176 INFO             PET2   >>>esm entered Run (phase=RunPhase1) with current time: 2010  6  1  0  0  0   0
20220823 020020.176 INFO             PET2   esm: after lable_SetRunClock, current time: 2010  6  1  0  0  0   0
20220823 020020.176 INFO             PET2   esm: begin -------> RunSequence.
20220823 020020.176 INFO             PET2     esm: RunSequence event loopLevel=   1  levelMember=   1  loopIteration=   1, current time: 2010  6  1  0  0  0   0
20220823 020020.176 INFO             PET2     ATM-TO-OCN: Run intro.
20220823 020020.177 INFO             PET2     ATM-TO-OCN: Run extro.
20220823 020020.177 INFO             PET2     OCN-TO-ATM: Run intro.
20220823 020020.177 INFO             PET2     OCN-TO-ATM: Run extro.
20220823 020020.177 INFO             PET2     OCN: Run intro.
20220823 020020.178 INFO             PET2       ------>Advancing OCN from: 2010  6  1  0  0  0   0
20220823 020020.178 INFO             PET2       ---------------------> to: 2010  6  1  0  5  0   0
20220823 020020.185 INFO             PET2       ------>Advancing OCN from: 2010  6  1  0  5  0   0
20220823 020020.185 INFO             PET2       ---------------------> to: 2010  6  1  0 10  0   0
20220823 020020.186 INFO             PET2       ------>Advancing OCN from: 2010  6  1  0 10  0   0
20220823 020020.187 INFO             PET2       ---------------------> to: 2010  6  1  0 15  0   0
20220823 020020.188 INFO             PET2     OCN: Run extro.
20220823 020020.188 INFO             PET2     esm: RunSequence event loopLevel=   1  levelMember=   1  loopIteration=   2, current time: 2010  6  1  0 15  0   0
20220823 020020.188 INFO             PET2     ATM-TO-OCN: Run intro.
20220823 020020.189 INFO             PET2     ATM-TO-OCN: Run extro.
20220823 020020.189 INFO             PET2     OCN-TO-ATM: Run intro.
20220823 020020.189 INFO             PET2     OCN-TO-ATM: Run extro.
20220823 020020.189 INFO             PET2     OCN: Run intro.
20220823 020020.190 INFO             PET2       ------>Advancing OCN from: 2010  6  1  0 15  0   0
20220823 020020.190 INFO             PET2       ---------------------> to: 2010  6  1  0 20  0   0
20220823 020020.191 INFO             PET2       ------>Advancing OCN from: 2010  6  1  0 20  0   0
20220823 020020.191 INFO             PET2       ---------------------> to: 2010  6  1  0 25  0   0
20220823 020020.193 INFO             PET2       ------>Advancing OCN from: 2010  6  1  0 25  0   0
20220823 020020.193 INFO             PET2       ---------------------> to: 2010  6  1  0 30  0   0
20220823 020020.194 INFO             PET2     OCN: Run extro.
20220823 020020.194 INFO             PET2     esm: RunSequence event loopLevel=   1  levelMember=   1  loopIteration=   3, current time: 2010  6  1  0 30  0   0
20220823 020020.194 INFO             PET2     ATM-TO-OCN: Run intro.
20220823 020020.194 INFO             PET2     ATM-TO-OCN: Run extro.
20220823 020020.195 INFO             PET2     OCN-TO-ATM: Run intro.
20220823 020020.195 INFO             PET2     OCN-TO-ATM: Run extro.
20220823 020020.195 INFO             PET2     OCN: Run intro.
20220823 020020.195 INFO             PET2       ------>Advancing OCN from: 2010  6  1  0 30  0   0
20220823 020020.195 INFO             PET2       ---------------------> to: 2010  6  1  0 35  0   0
20220823 020020.197 INFO             PET2       ------>Advancing OCN from: 2010  6  1  0 35  0   0
20220823 020020.197 INFO             PET2       ---------------------> to: 2010  6  1  0 40  0   0
20220823 020020.199 INFO             PET2       ------>Advancing OCN from: 2010  6  1  0 40  0   0
20220823 020020.199 INFO             PET2       ---------------------> to: 2010  6  1  0 45  0   0
20220823 020020.200 INFO             PET2     OCN: Run extro.
20220823 020020.200 INFO             PET2     esm: RunSequence event loopLevel=   1  levelMember=   1  loopIteration=   4, current time: 2010  6  1  0 45  0   0
20220823 020020.200 INFO             PET2     ATM-TO-OCN: Run intro.
20220823 020020.201 INFO             PET2     ATM-TO-OCN: Run extro.
20220823 020020.201 INFO             PET2     OCN-TO-ATM: Run intro.
20220823 020020.201 INFO             PET2     OCN-TO-ATM: Run extro.
20220823 020020.201 INFO             PET2     OCN: Run intro.
20220823 020020.202 INFO             PET2       ------>Advancing OCN from: 2010  6  1  0 45  0   0
20220823 020020.202 INFO             PET2       ---------------------> to: 2010  6  1  0 50  0   0
20220823 020020.203 INFO             PET2       ------>Advancing OCN from: 2010  6  1  0 50  0   0
20220823 020020.203 INFO             PET2       ---------------------> to: 2010  6  1  0 55  0   0
20220823 020020.205 INFO             PET2       ------>Advancing OCN from: 2010  6  1  0 55  0   0
20220823 020020.205 INFO             PET2       ---------------------> to: 2010  6  1  1  0  0   0
20220823 020020.206 INFO             PET2     OCN: Run extro.
20220823 020020.206 INFO             PET2   esm: end <--------- RunSequence
20220823 020020.206 INFO             PET2   <<<esm - leaving Run with current time: 2010  6  1  1  0  0   0
20220823 020020.206 INFO             PET2 esm: Run extro.
20220823 020020.206 INFO             PET2 esm: Finalize intro.
20220823 020020.207 INFO             PET2   Calling Finalize phase 1 for connectorComp: ATM-TO-OCN
20220823 020020.207 INFO             PET2   ATM-TO-OCN: Finalize intro.
20220823 020020.207 INFO             PET2   ATM-TO-OCN: Finalize extro.
20220823 020020.207 INFO             PET2   Calling Finalize phase 1 for connectorComp: OCN-TO-ATM
20220823 020020.207 INFO             PET2   OCN-TO-ATM: Finalize intro.
20220823 020020.207 INFO             PET2   OCN-TO-ATM: Finalize extro.
20220823 020020.207 INFO             PET2   Calling Finalize phase 1 for modelComp: ATM
20220823 020020.207 INFO             PET2   Calling Finalize phase 1 for modelComp: OCN
20220823 020020.207 INFO             PET2   OCN: Finalize intro.
20220823 020020.207 INFO             PET2   OCN: Finalize extro.
20220823 020020.207 INFO             PET2   Delete modelComp: ATM
20220823 020020.207 INFO             PET2   Delete Import-/Export State for modelComp: ATM
20220823 020020.207 INFO             PET2   Delete modelComp: OCN
20220823 020020.207 INFO             PET2   Delete Import-/Export State for modelComp: OCN
20220823 020020.207 INFO             PET2   Delete connectorComp: ATM-TO-OCN
20220823 020020.208 INFO             PET2   Delete connectorComp: OCN-TO-ATM
20220823 020020.208 INFO             PET2 esm: Finalize extro.
20220823 020020.208 INFO             PET2 esmApp FINISHED
20220823 020020.208 INFO             PET2 Finalizing ESMF
20220823 020019.735 INFO             PET3 !!!!!!!!!!!!!!!!!!!!!!!!!!!!!!!!!!!!!!!!!!!!!!!!!!!!!!
20220823 020019.735 INFO             PET3 !!! THE ESMF_LOG IS SET TO OUTPUT ALL LOG MESSAGES !!!
20220823 020019.735 INFO             PET3 !!!     THIS MAY CAUSE SLOWDOWN IN PERFORMANCE     !!!
20220823 020019.735 INFO             PET3 !!! FOR PRODUCTION RUNS, USE:                      !!!
20220823 020019.735 INFO             PET3 !!!                   ESMF_LOGKIND_Multi_On_Error  !!!
20220823 020019.735 INFO             PET3 !!!!!!!!!!!!!!!!!!!!!!!!!!!!!!!!!!!!!!!!!!!!!!!!!!!!!!
20220823 020019.735 INFO             PET3 Running with ESMF Version   : v8.4.0b10-15-g427ab8cf2a
20220823 020019.735 INFO             PET3 ESMF library build date/time: "Aug 23 2022" "01:25:04"
20220823 020019.735 INFO             PET3 ESMF library build location : /discover/nobackup/projects/sbu/mpotts/esmf-test/intel_19.1.3_mpt_g_develop/esmf
20220823 020019.735 INFO             PET3 ESMF_COMM                   : mpt
20220823 020019.736 INFO             PET3 ESMF_MOAB                   : enabled
20220823 020019.736 INFO             PET3 ESMF_LAPACK                 : enabled
20220823 020019.736 INFO             PET3 ESMF_NETCDF                 : enabled
20220823 020019.736 INFO             PET3 ESMF_PNETCDF                : disabled
20220823 020019.736 INFO             PET3 ESMF_PIO                    : enabled
20220823 020019.736 INFO             PET3 ESMF_YAMLCPP                : enabled
20220823 020019.736 INFO             PET3 esmApp STARTING
20220823 020019.743 INFO             PET3 esm: InitializeGeneric intro.
20220823 020019.743 INFO             PET3   esm: InitializeP0 intro.
20220823 020019.743 INFO             PET3   esm: InitializeP0 extro.
20220823 020019.743 INFO             PET3   esm: InitializeIPDv02p1 intro.
20220823 020019.743 INFO             PET3     >>>esm: entered Initialize (phase=<none>) without valid internal Clock.
20220823 020019.743 INFO             PET3     esm - Creating model component ATM with petList of size 2 :
20220823 020019.743 INFO             PET3           0      1
20220823 020019.743 INFO             PET3     esm - Creating model component OCN with petList of size 2 :
20220823 020019.743 INFO             PET3           2      3
20220823 020019.747 INFO             PET3     esm - Creating connector component ATM-TO-OCN with petList of size 4 :
20220823 020019.747 INFO             PET3           0      1      2      3
20220823 020019.753 INFO             PET3     esm - Creating connector component OCN-TO-ATM with petList of size 4 :
20220823 020019.753 INFO             PET3           2      3      0      1
20220823 020019.759 INFO             PET3     esm - Creating state: modelComp 1 Import State
20220823 020019.759 INFO             PET3     esm - Creating state: modelComp 1 Export State
20220823 020019.759 INFO             PET3     esm - Creating state: modelComp 2 Import State
20220823 020019.759 INFO             PET3     esm - Creating state: modelComp 2 Export State
20220823 020019.764 INFO             PET3     OCN: InitializeP0 intro.
20220823 020019.765 INFO             PET3     OCN: InitializeP0 extro.
20220823 020019.767 INFO             PET3     ATM-TO-OCN: InitializeP0 intro.
20220823 020019.767 INFO             PET3     ATM-TO-OCN: InitializeP0 extro.
20220823 020019.768 INFO             PET3     OCN-TO-ATM: InitializeP0 intro.
20220823 020019.769 INFO             PET3     OCN-TO-ATM: InitializeP0 extro.
20220823 020019.771 INFO             PET3     esm: IInitAdvertise intro.
20220823 020019.771 INFO             PET3     esm: IInitAdvertise extro.
20220823 020019.777 INFO             PET3     OCN: InitializeIPDvXp01 intro.
20220823 020019.782 INFO             PET3     OCN: InitializeIPDvXp01 extro.
20220823 020019.783 INFO             PET3     ATM-TO-OCN: InitializeIPDv05p1 intro.
20220823 020019.794 INFO             PET3     ATM-TO-OCN: InitializeIPDv05p1 extro.
20220823 020019.794 INFO             PET3     OCN-TO-ATM: InitializeIPDv05p1 intro.
20220823 020019.799 INFO             PET3     OCN-TO-ATM: InitializeIPDv05p1 extro.
20220823 020019.799 INFO             PET3     esm: IInitAdvertiseFinish intro.
20220823 020019.799 INFO             PET3     esm: IInitAdvertiseFinish extro.
20220823 020019.800 INFO             PET3     ATM-TO-OCN: InitializeIPDv05p2a intro.
20220823 020019.810 INFO             PET3     ATM-TO-OCN: InitializeIPDv05p2a extro.
20220823 020019.810 INFO             PET3     OCN-TO-ATM: InitializeIPDv05p2a intro.
20220823 020019.815 INFO             PET3     OCN-TO-ATM: InitializeIPDv05p2a extro.
20220823 020019.815 INFO             PET3     ATM-TO-OCN: InitializeIPDv05p2b intro.
20220823 020019.826 INFO             PET3     ATM-TO-OCN: InitializeIPDv05p2b extro.
20220823 020019.826 INFO             PET3     OCN-TO-ATM: InitializeIPDv05p2b intro.
20220823 020019.831 INFO             PET3     OCN-TO-ATM: InitializeIPDv05p2b extro.
20220823 020019.831 INFO             PET3     esm: IInitModifyCplLists intro.
20220823 020019.832 INFO             PET3       Driver is in ModifyCplLists()
20220823 020019.832 INFO             PET3        Found            2  Connectors. Modifying CplList Attribute....
20220823 020019.832 INFO             PET3     esm: IInitModifyCplLists extro.
20220823 020019.832 INFO             PET3     ATM-TO-OCN: InitializeIPDv05p3 intro.
20220823 020019.843 INFO             PET3     ATM-TO-OCN: InitializeIPDv05p3 extro.
20220823 020019.843 INFO             PET3     OCN-TO-ATM: InitializeIPDv05p3 intro.
20220823 020019.849 INFO             PET3     OCN-TO-ATM: InitializeIPDv05p3 extro.
20220823 020019.849 INFO             PET3     <<<esm: leaving Initialize (phase=<none>) with current time: 2010  6  1  0  0  0   0
20220823 020019.849 INFO             PET3   esm: InitializeIPDv02p1 extro.
20220823 020019.849 INFO             PET3   esm: InitializeIPDv02p3 intro.
20220823 020019.849 INFO             PET3     >>>esm: entered Initialize (phase=<none>) with current time: 2010  6  1  0  0  0   0
20220823 020019.849 INFO             PET3     esm: IInitCheck intro.
20220823 020019.850 INFO             PET3     esm: IInitCheck extro.
20220823 020019.861 INFO             PET3     OCN: InitializeIPDvXp04 intro.
20220823 020019.870 INFO             PET3     OCN: InitializeIPDvXp04 extro.
20220823 020019.871 INFO             PET3     ATM-TO-OCN: InitializeIPDv05p4 intro.
20220823 020019.891 INFO             PET3     ATM-TO-OCN: InitializeIPDv05p4 extro.
20220823 020019.891 INFO             PET3     OCN-TO-ATM: InitializeIPDv05p4 intro.
20220823 020019.901 INFO             PET3     OCN-TO-ATM: InitializeIPDv05p4 extro.
20220823 020019.901 INFO             PET3     ATM-TO-OCN: InitializeIPDv05p5 intro.
20220823 020019.920 INFO             PET3     ATM-TO-OCN: InitializeIPDv05p5 extro.
20220823 020019.920 INFO             PET3     OCN-TO-ATM: InitializeIPDv05p5 intro.
20220823 020019.930 INFO             PET3     OCN-TO-ATM: InitializeIPDv05p5 extro.
20220823 020019.930 INFO             PET3     esm: IInitRealize intro.
20220823 020019.930 INFO             PET3     esm: IInitRealize extro.
20220823 020019.931 INFO             PET3     ATM-TO-OCN: InitializeIPDv05p6a intro.
20220823 020019.949 INFO             PET3     ATM-TO-OCN: InitializeIPDv05p6a extro.
20220823 020019.949 INFO             PET3     OCN-TO-ATM: InitializeIPDv05p6a intro.
20220823 020019.958 INFO             PET3     OCN-TO-ATM: InitializeIPDv05p6a extro.
20220823 020019.959 INFO             PET3     ATM-TO-OCN: InitializeIPDv05p6b intro.
20220823 020020.077 INFO             PET3     ATM-TO-OCN: InitializeIPDv05p6b extro.
20220823 020020.077 INFO             PET3     OCN-TO-ATM: InitializeIPDv05p6b intro.
20220823 020020.168 INFO             PET3     OCN-TO-ATM: InitializeIPDv05p6b extro.
20220823 020020.170 INFO             PET3     OCN: InitializeIPDvXp07 intro.
20220823 020020.170 INFO             PET3     OCN: InitializeIPDvXp07 extro.
20220823 020020.171 INFO             PET3     <<<esm: leaving Initialize (phase=<none>) with current time: 2010  6  1  0  0  0   0
20220823 020020.171 INFO             PET3   esm: InitializeIPDv02p3 extro.
20220823 020020.172 INFO             PET3   esm: InitializeIPDv02p5 intro.
20220823 020020.172 INFO             PET3     >>>esm: entered Initialize (phase=<none>) with current time: 2010  6  1  0  0  0   0
20220823 020020.172 INFO             PET3     esm: this is a top level driver, no 'Updated' and 'InitializeDataComplete' info on this level.
20220823 020020.172 INFO             PET3     esm: InitializeIPDv02p5Data intro.
20220823 020020.172 INFO             PET3       esm: InternalInitializeComplete intro.
20220823 020020.172 INFO             PET3         esm: InitializeDataComplete='true'
20220823 020020.172 INFO             PET3       esm: InternalInitializeComplete extro.
20220823 020020.174 INFO             PET3       OCN: InitializeIPDv01p5 intro.
20220823 020020.174 INFO             PET3       OCN: InitializeIPDv01p5 extro.
20220823 020020.175 INFO             PET3       esm: components present that trigger loopDataDependentInitialize().
20220823 020020.175 INFO             PET3       esm: loopDataDependentInitialize intro.
20220823 020020.175 INFO             PET3         esm: component    0=esm, dataComplete (local): true
20220823 020020.175 INFO             PET3         esm: component    0=esm, dataComplete (global):  T
20220823 020020.175 INFO             PET3         esm: component    1=ATM, dataComplete (local): true
20220823 020020.175 INFO             PET3         esm: component    1=ATM, dataComplete (global):  T
20220823 020020.175 INFO             PET3         esm: component    2=OCN, dataComplete (local): true
20220823 020020.175 INFO             PET3         esm: component    2=OCN, dataComplete (global):  T
20220823 020020.175 INFO             PET3         esm: someProgress= F, allComplete= T, present(dataDepAllComplete)= T
20220823 020020.175 INFO             PET3         esm: finished resolving initialize data dependencies on this level.
20220823 020020.175 INFO             PET3       esm: loopDataDependentInitialize extro.
20220823 020020.175 INFO             PET3       esm: loopDataDependentInitialize() returned with dataDepAllComplete:  T
20220823 020020.175 INFO             PET3     esm: InitializeIPDv02p5Data extro.
20220823 020020.175 INFO             PET3     <<<esm: leaving Initialize (phase=<none>) with current time: 2010  6  1  0  0  0   0
20220823 020020.175 INFO             PET3   esm: InitializeIPDv02p5 extro.
20220823 020020.175 INFO             PET3 esm: InitializeGeneric extro.
20220823 020020.176 INFO             PET3 esm: Run intro.
20220823 020020.176 INFO             PET3   >>>esm entered Run (phase=RunPhase1) with current time: 2010  6  1  0  0  0   0
20220823 020020.176 INFO             PET3   esm: after lable_SetRunClock, current time: 2010  6  1  0  0  0   0
20220823 020020.176 INFO             PET3   esm: begin -------> RunSequence.
20220823 020020.176 INFO             PET3     esm: RunSequence event loopLevel=   1  levelMember=   1  loopIteration=   1, current time: 2010  6  1  0  0  0   0
20220823 020020.176 INFO             PET3     ATM-TO-OCN: Run intro.
20220823 020020.177 INFO             PET3     ATM-TO-OCN: Run extro.
20220823 020020.177 INFO             PET3     OCN-TO-ATM: Run intro.
20220823 020020.177 INFO             PET3     OCN-TO-ATM: Run extro.
20220823 020020.177 INFO             PET3     OCN: Run intro.
20220823 020020.178 INFO             PET3       ------>Advancing OCN from: 2010  6  1  0  0  0   0
20220823 020020.178 INFO             PET3       ---------------------> to: 2010  6  1  0  5  0   0
20220823 020020.185 INFO             PET3       ------>Advancing OCN from: 2010  6  1  0  5  0   0
20220823 020020.185 INFO             PET3       ---------------------> to: 2010  6  1  0 10  0   0
20220823 020020.186 INFO             PET3       ------>Advancing OCN from: 2010  6  1  0 10  0   0
20220823 020020.187 INFO             PET3       ---------------------> to: 2010  6  1  0 15  0   0
20220823 020020.188 INFO             PET3     OCN: Run extro.
20220823 020020.188 INFO             PET3     esm: RunSequence event loopLevel=   1  levelMember=   1  loopIteration=   2, current time: 2010  6  1  0 15  0   0
20220823 020020.188 INFO             PET3     ATM-TO-OCN: Run intro.
20220823 020020.189 INFO             PET3     ATM-TO-OCN: Run extro.
20220823 020020.189 INFO             PET3     OCN-TO-ATM: Run intro.
20220823 020020.189 INFO             PET3     OCN-TO-ATM: Run extro.
20220823 020020.189 INFO             PET3     OCN: Run intro.
20220823 020020.189 INFO             PET3       ------>Advancing OCN from: 2010  6  1  0 15  0   0
20220823 020020.189 INFO             PET3       ---------------------> to: 2010  6  1  0 20  0   0
20220823 020020.191 INFO             PET3       ------>Advancing OCN from: 2010  6  1  0 20  0   0
20220823 020020.191 INFO             PET3       ---------------------> to: 2010  6  1  0 25  0   0
20220823 020020.193 INFO             PET3       ------>Advancing OCN from: 2010  6  1  0 25  0   0
20220823 020020.193 INFO             PET3       ---------------------> to: 2010  6  1  0 30  0   0
20220823 020020.194 INFO             PET3     OCN: Run extro.
20220823 020020.194 INFO             PET3     esm: RunSequence event loopLevel=   1  levelMember=   1  loopIteration=   3, current time: 2010  6  1  0 30  0   0
20220823 020020.194 INFO             PET3     ATM-TO-OCN: Run intro.
20220823 020020.194 INFO             PET3     ATM-TO-OCN: Run extro.
20220823 020020.195 INFO             PET3     OCN-TO-ATM: Run intro.
20220823 020020.195 INFO             PET3     OCN-TO-ATM: Run extro.
20220823 020020.195 INFO             PET3     OCN: Run intro.
20220823 020020.195 INFO             PET3       ------>Advancing OCN from: 2010  6  1  0 30  0   0
20220823 020020.195 INFO             PET3       ---------------------> to: 2010  6  1  0 35  0   0
20220823 020020.197 INFO             PET3       ------>Advancing OCN from: 2010  6  1  0 35  0   0
20220823 020020.197 INFO             PET3       ---------------------> to: 2010  6  1  0 40  0   0
20220823 020020.199 INFO             PET3       ------>Advancing OCN from: 2010  6  1  0 40  0   0
20220823 020020.199 INFO             PET3       ---------------------> to: 2010  6  1  0 45  0   0
20220823 020020.200 INFO             PET3     OCN: Run extro.
20220823 020020.200 INFO             PET3     esm: RunSequence event loopLevel=   1  levelMember=   1  loopIteration=   4, current time: 2010  6  1  0 45  0   0
20220823 020020.200 INFO             PET3     ATM-TO-OCN: Run intro.
20220823 020020.201 INFO             PET3     ATM-TO-OCN: Run extro.
20220823 020020.201 INFO             PET3     OCN-TO-ATM: Run intro.
20220823 020020.201 INFO             PET3     OCN-TO-ATM: Run extro.
20220823 020020.201 INFO             PET3     OCN: Run intro.
20220823 020020.202 INFO             PET3       ------>Advancing OCN from: 2010  6  1  0 45  0   0
20220823 020020.202 INFO             PET3       ---------------------> to: 2010  6  1  0 50  0   0
20220823 020020.203 INFO             PET3       ------>Advancing OCN from: 2010  6  1  0 50  0   0
20220823 020020.203 INFO             PET3       ---------------------> to: 2010  6  1  0 55  0   0
20220823 020020.205 INFO             PET3       ------>Advancing OCN from: 2010  6  1  0 55  0   0
20220823 020020.205 INFO             PET3       ---------------------> to: 2010  6  1  1  0  0   0
20220823 020020.206 INFO             PET3     OCN: Run extro.
20220823 020020.206 INFO             PET3   esm: end <--------- RunSequence
20220823 020020.206 INFO             PET3   <<<esm - leaving Run with current time: 2010  6  1  1  0  0   0
20220823 020020.206 INFO             PET3 esm: Run extro.
20220823 020020.206 INFO             PET3 esm: Finalize intro.
20220823 020020.206 INFO             PET3   Calling Finalize phase 1 for connectorComp: ATM-TO-OCN
20220823 020020.207 INFO             PET3   ATM-TO-OCN: Finalize intro.
20220823 020020.207 INFO             PET3   ATM-TO-OCN: Finalize extro.
20220823 020020.207 INFO             PET3   Calling Finalize phase 1 for connectorComp: OCN-TO-ATM
20220823 020020.207 INFO             PET3   OCN-TO-ATM: Finalize intro.
20220823 020020.207 INFO             PET3   OCN-TO-ATM: Finalize extro.
20220823 020020.207 INFO             PET3   Calling Finalize phase 1 for modelComp: ATM
20220823 020020.207 INFO             PET3   Calling Finalize phase 1 for modelComp: OCN
20220823 020020.207 INFO             PET3   OCN: Finalize intro.
20220823 020020.207 INFO             PET3   OCN: Finalize extro.
20220823 020020.207 INFO             PET3   Delete modelComp: ATM
20220823 020020.207 INFO             PET3   Delete Import-/Export State for modelComp: ATM
20220823 020020.207 INFO             PET3   Delete modelComp: OCN
20220823 020020.207 INFO             PET3   Delete Import-/Export State for modelComp: OCN
20220823 020020.207 INFO             PET3   Delete connectorComp: ATM-TO-OCN
20220823 020020.208 INFO             PET3   Delete connectorComp: OCN-TO-ATM
20220823 020020.208 INFO             PET3 esm: Finalize extro.
20220823 020020.208 INFO             PET3 esmApp FINISHED
20220823 020020.208 INFO             PET3 Finalizing ESMF
