2022-09-07 09:44:41
[r1i6n24:31812:0:31812] Caught signal 11 (Segmentation fault: address not mapped to object at address 0x4f1b591)
[r1i6n24:31813:0:31813] Caught signal 11 (Segmentation fault: address not mapped to object at address 0x4f1b591)
[r1i6n24:31815:0:31815] Caught signal 11 (Segmentation fault: address not mapped to object at address 0x4f1b591)
==== backtrace (tid:  31813) ====
 0  /glade/u/apps/ch/opt/ucx/1.11.0/lib/libucs.so.0(ucs_handle_error+0xe4) [0x2af95d9381b4]
 1  /glade/u/apps/ch/opt/ucx/1.11.0/lib/libucs.so.0(+0x2a4dc) [0x2af95d9384dc]
 2  /glade/u/apps/ch/opt/ucx/1.11.0/lib/libucs.so.0(+0x2a74b) [0x2af95d93874b]
 3  /glade/scratch/dunlap/esmf-testing/nvhpc_21.11_openmpi_g_patch_8.3.1/esmf/DEFAULTINSTALLDIR/lib/libg/Linux.nvhpc.64.openmpi.default/libesmf.so(_ZN5ESMCI6LogErr13MsgFoundErrorEiPKciS2_S2_Pi+0x34) [0x2af9439f5af4]
 4  /glade/scratch/dunlap/esmf-testing/nvhpc_21.11_openmpi_g_patch_8.3.1/esmf/DEFAULTINSTALLDIR/lib/libg/Linux.nvhpc.64.openmpi.default/libesmf.so(_ZN5ESMCI7MeshCap22meshcreatenodedistgridEPi+0x7f) [0x2af943c16f7f]
 5  /glade/scratch/dunlap/esmf-testing/nvhpc_21.11_openmpi_g_patch_8.3.1/esmf/DEFAULTINSTALLDIR/lib/libg/Linux.nvhpc.64.openmpi.default/libesmf.so(c_esmc_meshcreatenodedistgrid_+0xc1) [0x2af943c6a241]
 6  /glade/scratch/dunlap/esmf-testing/nvhpc_21.11_openmpi_g_patch_8.3.1/esmf/DEFAULTINSTALLDIR/lib/libg/Linux.nvhpc.64.openmpi.default/libesmf.so(esmf_meshmod_esmf_meshcreatefrompointer_+0x6d) [0x2af94494bced]
 7  /glade/scratch/dunlap/esmf-testing/nvhpc_21.11_openmpi_g_patch_8.3.1/esmf/DEFAULTINSTALLDIR/lib/libg/Linux.nvhpc.64.openmpi.default/libesmf.so(esmf_gridutilmod_esmf_gridtomesh_+0x52d) [0x2af9447a826d]
 8  /glade/scratch/dunlap/esmf-testing/nvhpc_21.11_openmpi_g_patch_8.3.1/esmf/DEFAULTINSTALLDIR/lib/libg/Linux.nvhpc.64.openmpi.default/libesmf.so(esmf_fieldregridmod_b_or_p_gridtomesh_+0x5a8) [0x2af944668fa8]
 9  /glade/scratch/dunlap/esmf-testing/nvhpc_21.11_openmpi_g_patch_8.3.1/esmf/DEFAULTINSTALLDIR/lib/libg/Linux.nvhpc.64.openmpi.default/libesmf.so(esmf_fieldregridmod_getmeshwithnodesonfieldloc_+0x55e) [0x2af94466445e]
10  /glade/scratch/dunlap/esmf-testing/nvhpc_21.11_openmpi_g_patch_8.3.1/esmf/DEFAULTINSTALLDIR/lib/libg/Linux.nvhpc.64.openmpi.default/libesmf.so(esmf_fieldregridmod_esmf_fieldregridstorenx_+0xf6d) [0x2af944661f6d]
11  /glade/scratch/dunlap/esmf-testing/nvhpc_21.11_openmpi_g_patch_8.3.1/esmf/DEFAULTINSTALLDIR/lib/libg/Linux.nvhpc.64.openmpi.default/libesmf.so(nuopc_connector_fieldbundlecplstore_+0x1172a) [0x2af944dbbbaa]
12  /glade/scratch/dunlap/esmf-testing/nvhpc_21.11_openmpi_g_patch_8.3.1/esmf/DEFAULTINSTALLDIR/lib/libg/Linux.nvhpc.64.openmpi.default/libesmf.so(nuopc_connector_initializeipdv05p6b_+0x79cc) [0x2af944d9658c]
13  /glade/scratch/dunlap/esmf-testing/nvhpc_21.11_openmpi_g_patch_8.3.1/esmf/DEFAULTINSTALLDIR/lib/libg/Linux.nvhpc.64.openmpi.default/libesmf.so(_ZN5ESMCI6FTable12callVFuncPtrEPKcPNS_2VMEPi+0xc30) [0x2af943842f70]
14  /glade/scratch/dunlap/esmf-testing/nvhpc_21.11_openmpi_g_patch_8.3.1/esmf/DEFAULTINSTALLDIR/lib/libg/Linux.nvhpc.64.openmpi.default/libesmf.so(ESMCI_FTableCallEntryPointVMHop+0x293) [0x2af94383e1d3]
15  /glade/scratch/dunlap/esmf-testing/nvhpc_21.11_openmpi_g_patch_8.3.1/esmf/DEFAULTINSTALLDIR/lib/libg/Linux.nvhpc.64.openmpi.default/libesmf.so(_ZN5ESMCI3VMK5enterEPNS_7VMKPlanEPvS3_+0xbb) [0x2af9440971fb]
16  /glade/scratch/dunlap/esmf-testing/nvhpc_21.11_openmpi_g_patch_8.3.1/esmf/DEFAULTINSTALLDIR/lib/libg/Linux.nvhpc.64.openmpi.default/libesmf.so(_ZN5ESMCI2VM5enterEPNS_6VMPlanEPvS3_+0xbe) [0x2af9440c07be]
17  /glade/scratch/dunlap/esmf-testing/nvhpc_21.11_openmpi_g_patch_8.3.1/esmf/DEFAULTINSTALLDIR/lib/libg/Linux.nvhpc.64.openmpi.default/libesmf.so(c_esmc_ftablecallentrypointvm_+0x393) [0x2af94383e693]
18  /glade/scratch/dunlap/esmf-testing/nvhpc_21.11_openmpi_g_patch_8.3.1/esmf/DEFAULTINSTALLDIR/lib/libg/Linux.nvhpc.64.openmpi.default/libesmf.so(esmf_compmod_esmf_compexecute_+0xa26) [0x2af9443f3ee6]
19  /glade/scratch/dunlap/esmf-testing/nvhpc_21.11_openmpi_g_patch_8.3.1/esmf/DEFAULTINSTALLDIR/lib/libg/Linux.nvhpc.64.openmpi.default/libesmf.so(esmf_cplcompmod_esmf_cplcompinitialize_+0x1de) [0x2af94440cb9e]
20  /glade/scratch/dunlap/esmf-testing/nvhpc_21.11_openmpi_g_patch_8.3.1/esmf/DEFAULTINSTALLDIR/lib/libg/Linux.nvhpc.64.openmpi.default/libesmf.so(nuopc_driver_loopconnectorcompss_+0x1636) [0x2af944debc76]
21  /glade/scratch/dunlap/esmf-testing/nvhpc_21.11_openmpi_g_patch_8.3.1/esmf/DEFAULTINSTALLDIR/lib/libg/Linux.nvhpc.64.openmpi.default/libesmf.so(nuopc_driver_initializeipdv02p3_+0x4286) [0x2af944ddfec6]
22  /glade/scratch/dunlap/esmf-testing/nvhpc_21.11_openmpi_g_patch_8.3.1/esmf/DEFAULTINSTALLDIR/lib/libg/Linux.nvhpc.64.openmpi.default/libesmf.so(nuopc_driver_initializep1_+0xc1c) [0x2af944dc54dc]
23  /glade/scratch/dunlap/esmf-testing/nvhpc_21.11_openmpi_g_patch_8.3.1/esmf/DEFAULTINSTALLDIR/lib/libg/Linux.nvhpc.64.openmpi.default/libesmf.so(_ZN5ESMCI6FTable12callVFuncPtrEPKcPNS_2VMEPi+0xc30) [0x2af943842f70]
24  /glade/scratch/dunlap/esmf-testing/nvhpc_21.11_openmpi_g_patch_8.3.1/esmf/DEFAULTINSTALLDIR/lib/libg/Linux.nvhpc.64.openmpi.default/libesmf.so(ESMCI_FTableCallEntryPointVMHop+0x293) [0x2af94383e1d3]
25  /glade/scratch/dunlap/esmf-testing/nvhpc_21.11_openmpi_g_patch_8.3.1/esmf/DEFAULTINSTALLDIR/lib/libg/Linux.nvhpc.64.openmpi.default/libesmf.so(_ZN5ESMCI3VMK5enterEPNS_7VMKPlanEPvS3_+0xbb) [0x2af9440971fb]
==== backtrace (tid:  31812) ====
 0  /glade/u/apps/ch/opt/ucx/1.11.0/lib/libucs.so.0(ucs_handle_error+0xe4) [0x2b52fb9661b4]
 1  /glade/u/apps/ch/opt/ucx/1.11.0/lib/libucs.so.0(+0x2a4dc) [0x2b52fb9664dc]
 2  /glade/u/apps/ch/opt/ucx/1.11.0/lib/libucs.so.0(+0x2a74b) [0x2b52fb96674b]
 3  /glade/scratch/dunlap/esmf-testing/nvhpc_21.11_openmpi_g_patch_8.3.1/esmf/DEFAULTINSTALLDIR/lib/libg/Linux.nvhpc.64.openmpi.default/libesmf.so(_ZN5ESMCI6LogErr13MsgFoundErrorEiPKciS2_S2_Pi+0x34) [0x2b52e5c7daf4]
 4  /glade/scratch/dunlap/esmf-testing/nvhpc_21.11_openmpi_g_patch_8.3.1/esmf/DEFAULTINSTALLDIR/lib/libg/Linux.nvhpc.64.openmpi.default/libesmf.so(_ZN5ESMCI7MeshCap22meshcreatenodedistgridEPi+0x7f) [0x2b52e5e9ef7f]
 5  /glade/scratch/dunlap/esmf-testing/nvhpc_21.11_openmpi_g_patch_8.3.1/esmf/DEFAULTINSTALLDIR/lib/libg/Linux.nvhpc.64.openmpi.default/libesmf.so(c_esmc_meshcreatenodedistgrid_+0xc1) [0x2b52e5ef2241]
26  /glade/scratch/dunlap/esmf-testing/nvhpc_21.11_openmpi_g_patch_8.3.1/esmf/DEFAULTINSTALLDIR/lib/libg/Linux.nvhpc.64.openmpi.default/libesmf.so(_ZN5ESMCI2VM5enterEPNS_6VMPlanEPvS3_+0xbe) [0x2af9440c07be]
27  /glade/scratch/dunlap/esmf-testing/nvhpc_21.11_openmpi_g_patch_8.3.1/esmf/DEFAULTINSTALLDIR/lib/libg/Linux.nvhpc.64.openmpi.default/libesmf.so(c_esmc_ftablecallentrypointvm_+0x393) [0x2af94383e693]
28  /glade/scratch/dunlap/esmf-testing/nvhpc_21.11_openmpi_g_patch_8.3.1/esmf/DEFAULTINSTALLDIR/lib/libg/Linux.nvhpc.64.openmpi.default/libesmf.so(esmf_compmod_esmf_compexecute_+0xa26) [0x2af9443f3ee6]
29  /glade/scratch/dunlap/esmf-testing/nvhpc_21.11_openmpi_g_patch_8.3.1/esmf/DEFAULTINSTALLDIR/lib/libg/Linux.nvhpc.64.openmpi.default/libesmf.so(esmf_gridcompmod_esmf_gridcompinitialize_+0x1de) [0x2af9446c71de]
30  ./esmApp() [0x407608]
31  ./esmApp() [0x4070f3]
32  /glade/u/apps/ch/os/lib64/libc.so.6(__libc_start_main+0xf5) [0x2af94a510a35]
33  ./esmApp() [0x406fe9]
=================================
==== backtrace (tid:  31815) ====
 0  /glade/u/apps/ch/opt/ucx/1.11.0/lib/libucs.so.0(ucs_handle_error+0xe4) [0x2aeaf910c1b4]
 1  /glade/u/apps/ch/opt/ucx/1.11.0/lib/libucs.so.0(+0x2a4dc) [0x2aeaf910c4dc]
 2  /glade/u/apps/ch/opt/ucx/1.11.0/lib/libucs.so.0(+0x2a74b) [0x2aeaf910c74b]
 3  /glade/scratch/dunlap/esmf-testing/nvhpc_21.11_openmpi_g_patch_8.3.1/esmf/DEFAULTINSTALLDIR/lib/libg/Linux.nvhpc.64.openmpi.default/libesmf.so(_ZN5ESMCI6LogErr13MsgFoundErrorEiPKciS2_S2_Pi+0x34) [0x2aeadf178af4]
 4  /glade/scratch/dunlap/esmf-testing/nvhpc_21.11_openmpi_g_patch_8.3.1/esmf/DEFAULTINSTALLDIR/lib/libg/Linux.nvhpc.64.openmpi.default/libesmf.so(_ZN5ESMCI7MeshCap22meshcreatenodedistgridEPi+0x7f) [0x2aeadf399f7f]
 5  /glade/scratch/dunlap/esmf-testing/nvhpc_21.11_openmpi_g_patch_8.3.1/esmf/DEFAULTINSTALLDIR/lib/libg/Linux.nvhpc.64.openmpi.default/libesmf.so(c_esmc_meshcreatenodedistgrid_+0xc1) [0x2aeadf3ed241]
 6  /glade/scratch/dunlap/esmf-testing/nvhpc_21.11_openmpi_g_patch_8.3.1/esmf/DEFAULTINSTALLDIR/lib/libg/Linux.nvhpc.64.openmpi.default/libesmf.so(esmf_meshmod_esmf_meshcreatefrompointer_+0x6d) [0x2aeae00ceced]
 7  /glade/scratch/dunlap/esmf-testing/nvhpc_21.11_openmpi_g_patch_8.3.1/esmf/DEFAULTINSTALLDIR/lib/libg/Linux.nvhpc.64.openmpi.default/libesmf.so(esmf_gridutilmod_esmf_gridtomesh_+0x52d) [0x2aeadff2b26d]
 8  /glade/scratch/dunlap/esmf-testing/nvhpc_21.11_openmpi_g_patch_8.3.1/esmf/DEFAULTINSTALLDIR/lib/libg/Linux.nvhpc.64.openmpi.default/libesmf.so(esmf_fieldregridmod_b_or_p_gridtomesh_+0x5a8) [0x2aeadfdebfa8]
 9  /glade/scratch/dunlap/esmf-testing/nvhpc_21.11_openmpi_g_patch_8.3.1/esmf/DEFAULTINSTALLDIR/lib/libg/Linux.nvhpc.64.openmpi.default/libesmf.so(esmf_fieldregridmod_getmeshwithnodesonfieldloc_+0x55e) [0x2aeadfde745e]
10  /glade/scratch/dunlap/esmf-testing/nvhpc_21.11_openmpi_g_patch_8.3.1/esmf/DEFAULTINSTALLDIR/lib/libg/Linux.nvhpc.64.openmpi.default/libesmf.so(esmf_fieldregridmod_esmf_fieldregridstorenx_+0xf6d) [0x2aeadfde4f6d]
11  /glade/scratch/dunlap/esmf-testing/nvhpc_21.11_openmpi_g_patch_8.3.1/esmf/DEFAULTINSTALLDIR/lib/libg/Linux.nvhpc.64.openmpi.default/libesmf.so(nuopc_connector_fieldbundlecplstore_+0x1172a) [0x2aeae053ebaa]
12  /glade/scratch/dunlap/esmf-testing/nvhpc_21.11_openmpi_g_patch_8.3.1/esmf/DEFAULTINSTALLDIR/lib/libg/Linux.nvhpc.64.openmpi.default/libesmf.so(nuopc_connector_initializeipdv05p6b_+0x79cc) [0x2aeae051958c]
13  /glade/scratch/dunlap/esmf-testing/nvhpc_21.11_openmpi_g_patch_8.3.1/esmf/DEFAULTINSTALLDIR/lib/libg/Linux.nvhpc.64.openmpi.default/libesmf.so(_ZN5ESMCI6FTable12callVFuncPtrEPKcPNS_2VMEPi+0xc30) [0x2aeadefc5f70]
14  /glade/scratch/dunlap/esmf-testing/nvhpc_21.11_openmpi_g_patch_8.3.1/esmf/DEFAULTINSTALLDIR/lib/libg/Linux.nvhpc.64.openmpi.default/libesmf.so(ESMCI_FTableCallEntryPointVMHop+0x293) [0x2aeadefc11d3]
15  /glade/scratch/dunlap/esmf-testing/nvhpc_21.11_openmpi_g_patch_8.3.1/esmf/DEFAULTINSTALLDIR/lib/libg/Linux.nvhpc.64.openmpi.default/libesmf.so(_ZN5ESMCI3VMK5enterEPNS_7VMKPlanEPvS3_+0xbb) [0x2aeadf81a1fb]
16  /glade/scratch/dunlap/esmf-testing/nvhpc_21.11_openmpi_g_patch_8.3.1/esmf/DEFAULTINSTALLDIR/lib/libg/Linux.nvhpc.64.openmpi.default/libesmf.so(_ZN5ESMCI2VM5enterEPNS_6VMPlanEPvS3_+0xbe) [0x2aeadf8437be]
17  /glade/scratch/dunlap/esmf-testing/nvhpc_21.11_openmpi_g_patch_8.3.1/esmf/DEFAULTINSTALLDIR/lib/libg/Linux.nvhpc.64.openmpi.default/libesmf.so(c_esmc_ftablecallentrypointvm_+0x393) [0x2aeadefc1693]
18  /glade/scratch/dunlap/esmf-testing/nvhpc_21.11_openmpi_g_patch_8.3.1/esmf/DEFAULTINSTALLDIR/lib/libg/Linux.nvhpc.64.openmpi.default/libesmf.so(esmf_compmod_esmf_compexecute_+0xa26) [0x2aeadfb76ee6]
19  /glade/scratch/dunlap/esmf-testing/nvhpc_21.11_openmpi_g_patch_8.3.1/esmf/DEFAULTINSTALLDIR/lib/libg/Linux.nvhpc.64.openmpi.default/libesmf.so(esmf_cplcompmod_esmf_cplcompinitialize_+0x1de) [0x2aeadfb8fb9e]
20  /glade/scratch/dunlap/esmf-testing/nvhpc_21.11_openmpi_g_patch_8.3.1/esmf/DEFAULTINSTALLDIR/lib/libg/Linux.nvhpc.64.openmpi.default/libesmf.so(nuopc_driver_loopconnectorcompss_+0x1636) [0x2aeae056ec76]
21  /glade/scratch/dunlap/esmf-testing/nvhpc 6  /glade/scratch/dunlap/esmf-testing/nvhpc_21.11_openmpi_g_patch_8.3.1/esmf/DEFAULTINSTALLDIR/lib/libg/Linux.nvhpc.64.openmpi.default/libesmf.so(esmf_meshmod_esmf_meshcreatefrompointer_+0x6d) [0x2b52e6bd3ced]
 7  /glade/scratch/dunlap/esmf-testing/nvhpc_21.11_openmpi_g_patch_8.3.1/esmf/DEFAULTINSTALLDIR/lib/libg/Linux.nvhpc.64.openmpi.default/libesmf.so(esmf_gridutilmod_esmf_gridtomesh_+0x52d) [0x2b52e6a3026d]
 8  /glade/scratch/dunlap/esmf-testing/nvhpc_21.11_openmpi_g_patch_8.3.1/esmf/DEFAULTINSTALLDIR/lib/libg/Linux.nvhpc.64.openmpi.default/libesmf.so(esmf_fieldregridmod_b_or_p_gridtomesh_+0x5a8) [0x2b52e68f0fa8]
 9  /glade/scratch/dunlap/esmf-testing/nvhpc_21.11_openmpi_g_patch_8.3.1/esmf/DEFAULTINSTALLDIR/lib/libg/Linux.nvhpc.64.openmpi.default/libesmf.so(esmf_fieldregridmod_getmeshwithnodesonfieldloc_+0x55e) [0x2b52e68ec45e]
10  /glade/scratch/dunlap/esmf-testing/nvhpc_21.11_openmpi_g_patch_8.3.1/esmf/DEFAULTINSTALLDIR/lib/libg/Linux.nvhpc.64.openmpi.default/libesmf.so(esmf_fieldregridmod_esmf_fieldregridstorenx_+0xf6d) [0x2b52e68e9f6d]
11  /glade/scratch/dunlap/esmf-testing/nvhpc_21.11_openmpi_g_patch_8.3.1/esmf/DEFAULTINSTALLDIR/lib/libg/Linux.nvhpc.64.openmpi.default/libesmf.so(nuopc_connector_fieldbundlecplstore_+0x1172a) [0x2b52e7043baa]
12  /glade/scratch/dunlap/esmf-testing/nvhpc_21.11_openmpi_g_patch_8.3.1/esmf/DEFAULTINSTALLDIR/lib/libg/Linux.nvhpc.64.openmpi.default/libesmf.so(nuopc_connector_initializeipdv05p6b_+0x79cc) [0x2b52e701e58c]
13  /glade/scratch/dunlap/esmf-testing/nvhpc_21.11_openmpi_g_patch_8.3.1/esmf/DEFAULTINSTALLDIR/lib/libg/Linux.nvhpc.64.openmpi.default/libesmf.so(_ZN5ESMCI6FTable12callVFuncPtrEPKcPNS_2VMEPi+0xc30) [0x2b52e5acaf70]
14  /glade/scratch/dunlap/esmf-testing/nvhpc_21.11_openmpi_g_patch_8.3.1/esmf/DEFAULTINSTALLDIR/lib/libg/Linux.nvhpc.64.openmpi.default/libesmf.so(ESMCI_FTableCallEntryPointVMHop+0x293) [0x2b52e5ac61d3]
15  /glade/scratch/dunlap/esmf-testing/nvhpc_21.11_openmpi_g_patch_8.3.1/esmf/DEFAULTINSTALLDIR/lib/libg/Linux.nvhpc.64.openmpi.default/libesmf.so(_ZN5ESMCI3VMK5enterEPNS_7VMKPlanEPvS3_+0xbb) [0x2b52e631f1fb]
16  /glade/scratch/dunlap/esmf-testing/nvhpc_21.11_openmpi_g_patch_8.3.1/esmf/DEFAULTINSTALLDIR/lib/libg/Linux.nvhpc.64.openmpi.default/libesmf.so(_ZN5ESMCI2VM5enterEPNS_6VMPlanEPvS3_+0xbe) [0x2b52e63487be]
17  /glade/scratch/dunlap/esmf-testing/nvhpc_21.11_openmpi_g_patch_8.3.1/esmf/DEFAULTINSTALLDIR/lib/libg/Linux.nvhpc.64.openmpi.default/libesmf.so(c_esmc_ftablecallentrypointvm_+0x393) [0x2b52e5ac6693]
18  /glade/scratch/dunlap/esmf-testing/nvhpc_21.11_openmpi_g_patch_8.3.1/esmf/DEFAULTINSTALLDIR/lib/libg/Linux.nvhpc.64.openmpi.default/libesmf.so(esmf_compmod_esmf_compexecute_+0xa26) [0x2b52e667bee6]
19  /glade/scratch/dunlap/esmf-testing/nvhpc_21.11_openmpi_g_patch_8.3.1/esmf/DEFAULTINSTALLDIR/lib/libg/Linux.nvhpc.64.openmpi.default/libesmf.so(esmf_cplcompmod_esmf_cplcompinitialize_+0x1de) [0x2b52e6694b9e]
20  /glade/scratch/dunlap/esmf-testing/nvhpc_21.11_openmpi_g_patch_8.3.1/esmf/DEFAULTINSTALLDIR/lib/libg/Linux.nvhpc.64.openmpi.default/libesmf.so(nuopc_driver_loopconnectorcompss_+0x1636) [0x2b52e7073c76]
21  /glade/scratch/dunlap/esmf-testing/nvhpc_21.11_openmpi_g_patch_8.3.1/esmf/DEFAULTINSTALLDIR/lib/libg/Linux.nvhpc.64.openmpi.default/libesmf.so(nuopc_driver_initializeipdv02p3_+0x4286) [0x2b52e7067ec6]
22  /glade/scratch/dunlap/esmf-testing/nvhpc_21.11_openmpi_g_patch_8.3.1/esmf/DEFAULTINSTALLDIR/lib/libg/Linux.nvhpc.64.openmpi.default/libesmf.so(nuopc_driver_initializep1_+0xc1c) [0x2b52e704d4dc]
23  /glade/scratch/dunlap/esmf-testing/nvhpc_21.11_openmpi_g_patch_8.3.1/esmf/DEFAULTINSTALLDIR/lib/libg/Linux.nvhpc.64.openmpi.default/libesmf.so(_ZN5ESMCI6FTable12callVFuncPtrEPKcPNS_2VMEPi+0xc30) [0x2b52e5acaf70]
24  /glade/scratch/dunlap/esmf-testing/nvhpc_21.11_openmpi_g_patch_8.3.1/esmf/DEFAULTINSTALLDIR/lib/libg/Linux.nvhpc.64.openmpi.default/libesmf.so(ESMCI_FTableCallEntryPointVMHop+0x293) [0x2b52e5ac61d3]
25  /glade/scratch/dunlap/esmf-testing/nvhpc_21.11_openmpi_g_patch_8.3.1/esmf/DEFAULTINSTALLDIR/lib/libg/Linux.nvhpc.64.openmpi.default/li[r1i6n24:31813] *** Process received signal ***
[r1i6n24:31813] Signal: Segmentation fault (11)
[r1i6n24:31813] Signal code:  (-6)
[r1i6n24:31813] Failing at address: 0x105700007c45
[r1i6n24:31813] [ 0] /glade/u/apps/ch/os/lib64/libpthread.so.0(+0x11c00)[0x2af949c3fc00]
[r1i6n24:31813] [ 1] /glade/scratch/dunlap/esmf-testing/nvhpc_21.11_openmpi_g_patch_8.3.1/esmf/DEFAULTINSTALLDIR/lib/libg/Linux.nvhpc.64.openmpi.default/libesmf.so(_ZN5ESMCI6LogErr13MsgFoundErrorEiPKciS2_S2_Pi+0x34)[0x2af9439f5af4]
[r1i6n24:31813] [ 2] /glade/scratch/dunlap/esmf-testing/nvhpc_21.11_openmpi_g_patch_8.3.1/esmf/DEFAULTINSTALLDIR/lib/libg/Linux.nvhpc.64.openmpi.default/libesmf.so(_ZN5ESMCI7MeshCap22meshcreatenodedistgridEPi+0x7f)[0x2af943c16f7f]
[r1i6n24:31813] [ 3] besmf.so(_ZN5ESMCI3VMK5enterEPNS_7VMKPlanEPvS3_+0xbb) [0x2b52e631f1fb]
26  /glade/scratch/dunlap/esmf-testing/nvhpc_21.11_openmpi_g_patch_8.3.1/esmf/DEFAULTINSTALLDIR/lib/libg/Linux.nvhpc.64.openmpi.default/libesmf.so(_ZN5ESMCI2VM5enterEPNS_6VMPlanEPvS3_+0xbe) [0x2b52e63487be]
27  /glade/scratch/dunlap/esmf-testing/nvhpc_21.11_openmpi_g_patch_8.3.1/esmf/DEFAULTINSTALLDIR/lib/libg/Linux.nvhpc.64.openmpi.default/libesmf.so(c_esmc_ftablecallentrypointvm_+0x393) [0x2b52e5ac6693]
28  /glade/scratch/dunlap/esmf-testing/nvhpc_21.11_openmpi_g_patch_8.3.1/esmf/DEFAULTINSTALLDIR/lib/libg/Linux.nvhpc.64.openmpi.default/libesmf.so(esmf_compmod_esmf_compexecute_+0xa26) [0x2b52e667bee6]
29  /glade/scratch/dunlap/esmf-testing/nvhpc_21.11_openmpi_g_patch_8.3.1/esmf/DEFAULTINSTALLDIR/lib/libg/Linux.nvhpc.64.openmpi.default/libesmf.so(esmf_gridcompmod_esmf_gridcompinitialize_+0x1de) [0x2b52e694f1de]
30  ./esmApp() [0x407608]
31  ./esmApp() [0x4070f3]
32  /glade/u/apps/ch/os/lib64/libc.so.6(__libc_start_main+0xf5) [0x2b52ec798a35]
33  ./esmApp() [0x406fe9]
=================================
[r1i6n24:31812] *** Process received signal ***
[r1i6n24:31812] Signal: Segmentation fault (11)
[r1i6n24:31812] Signal code:  (-6)
[r1i6n24:31812] Failing at address: 0x105700007c44
[r1i6n24:31812] [ 0] /glade/u/apps/ch/os/lib64/libpthread.so.0(+0x11c00)[0x2b52ebec7c00]
[r1i6n24:31812] [ 1] /glade/scratch/dunlap/esmf-testing/nvhpc_21.11_openmpi_g_patch_8.3.1/esmf/DEFAULTINSTALLDIR/lib/libg/Linux.nvhpc.64.openmpi.default/libesmf.so(_ZN5ESMCI6LogErr13MsgFoundErrorEiPKciS2_S2_Pi+0x34)[0x2b52e5c7daf4]
[r1i6n24:31812] [ 2] /glade/scratch/dunlap/esmf-testing/nvhpc_21.11_openmpi_g_patch_8.3.1/esmf/DEFAULTINSTALLDIR/lib/libg/Linux.nvhpc.64.openmpi.default/libesmf.so(_ZN5ESMCI7MeshCap22meshcreatenodedistgridEPi+0x7f)[0x2b52e5e9ef7f]
[r1i6n24:31812] [ 3] _21.11_openmpi_g_patch_8.3.1/esmf/DEFAULTINSTALLDIR/lib/libg/Linux.nvhpc.64.openmpi.default/libesmf.so(nuopc_driver_initializeipdv02p3_+0x4286) [0x2aeae0562ec6]
22  /glade/scratch/dunlap/esmf-testing/nvhpc_21.11_openmpi_g_patch_8.3.1/esmf/DEFAULTINSTALLDIR/lib/libg/Linux.nvhpc.64.openmpi.default/libesmf.so(nuopc_driver_initializep1_+0xc1c) [0x2aeae05484dc]
23  /glade/scratch/dunlap/esmf-testing/nvhpc_21.11_openmpi_g_patch_8.3.1/esmf/DEFAULTINSTALLDIR/lib/libg/Linux.nvhpc.64.openmpi.default/libesmf.so(_ZN5ESMCI6FTable12callVFuncPtrEPKcPNS_2VMEPi+0xc30) [0x2aeadefc5f70]
24  /glade/scratch/dunlap/esmf-testing/nvhpc_21.11_openmpi_g_patch_8.3.1/esmf/DEFAULTINSTALLDIR/lib/libg/Linux.nvhpc.64.openmpi.default/libesmf.so(ESMCI_FTableCallEntryPointVMHop+0x293) [0x2aeadefc11d3]
25  /glade/scratch/dunlap/esmf-testing/nvhpc_21.11_openmpi_g_patch_8.3.1/esmf/DEFAULTINSTALLDIR/lib/libg/Linux.nvhpc.64.openmpi.default/libesmf.so(_ZN5ESMCI3VMK5enterEPNS_7VMKPlanEPvS3_+0xbb) [0x2aeadf81a1fb]
26  /glade/scratch/dunlap/esmf-testing/nvhpc_21.11_openmpi_g_patch_8.3.1/esmf/DEFAULTINSTALLDIR/lib/libg/Linux.nvhpc.64.openmpi.default/libesmf.so(_ZN5ESMCI2VM5enterEPNS_6VMPlanEPvS3_+0xbe) [0x2aeadf8437be]
27  /glade/scratch/dunlap/esmf-testing/nvhpc_21.11_openmpi_g_patch_8.3.1/esmf/DEFAULTINSTALLDIR/lib/libg/Linux.nvhpc.64.openmpi.default/libesmf.so(c_esmc_ftablecallentrypointvm_+0x393) [0x2aeadefc1693]
28  /glade/scratch/dunlap/esmf-testing/nvhpc_21.11_openmpi_g_patch_8.3.1/esmf/DEFAULTINSTALLDIR/lib/libg/Linux.nvhpc.64.openmpi.default/libesmf.so(esmf_compmod_esmf_compexecute_+0xa26) [0x2aeadfb76ee6]
29  /glade/scratch/dunlap/esmf-testing/nvhpc_21.11_openmpi_g_patch_8.3.1/esmf/DEFAULTINSTALLDIR/lib/libg/Linux.nvhpc.64.openmpi.default/libesmf.so(esmf_gridcompmod_esmf_gridcompinitialize_+0x1de) [0x2aeadfe4a1de]
30  ./esmApp() [0x407608]
31  ./esmApp() [0x4070f3]
32  /glade/u/apps/ch/os/lib64/libc.so.6(__libc_start_main+0xf5) [0x2aeae5c93a35]
33  ./esmApp() [0x406fe9]
=================================
[r1i6n24:31815] *** Process received signal ***
[r1i6n24:31815] Signal: Segmentation fault (11)
[r1i6n24:31815] Signal code:  (-6)
[r1i6n24:31815] Failing at address: 0x105700007c47
[r1i6n24:31815] [ 0] /glade/u/apps/ch/os/lib64/libpthread.so.0(+0x11c00)[0x2aeae53c2c00]
[r1i6n24:31815] [ 1] /glade/scratch/dunlap/esmf-testing/nvhpc_21.11_openmpi_g_patch_8.3.1/esmf/DEFAULTINSTALLDIR/lib/libg/Linux.nvhpc.64.openmpi.default/libesmf.so(_ZN5ESMCI6LogErr13MsgFoundErrorEiPKciS2_S2_Pi+0x34)[0x2aeadf178af4]
[r1i6n24:31815] [ 2] /glade/scratch/dunlap/esmf-testing/nvhpc_21.11_openmpi_g_patch_8.3.1/esmf/DEFAULTINSTALLDIR/lib/libg/Linux.nvhpc.64.openmpi.default/libesmf.so(_ZN5ESMCI7MeshCap22meshcreatenodedistgridEPi+0x7f)[0x2aeadf399f7f]
[r1i6n24:31815] [ 3] /glade/scratch/dunlap/esmf-testing/nvhpc_21.11_openmpi_g_patch_8.3.1/esmf/DEFAULTINSTALLDIR/lib/libg/Linux.nvhpc.64.openmpi.default/libesmf.so(c_esmc_meshcreatenodedistgrid_+0xc1)[0x2af943c6a241]
[r1i6n24:31813] [ 4] /glade/scratch/dunlap/esmf-testing/nvhpc_21.11_openmpi_g_patch_8.3.1/esmf/DEFAULTINSTALLDIR/lib/libg/Linux.nvhpc.64.openmpi.default/libesmf.so(c_esmc_meshcreatenodedistgrid_+0xc1)[0x2aeadf3ed241]
[r1i6n24:31815] [ 4] /glade/scratch/dunlap/esmf-testing/nvhpc_21.11_openmpi_g_patch_8.3.1/esmf/DEFAULTINSTALLDIR/lib/libg/Linux.nvhpc.64.openmpi.default/libesmf.so(c_esmc_meshcreatenodedistgrid_+0xc1)[0x2b52e5ef2241]
[r1i6n24:31812] [ 4] /glade/scratch/dunlap/esmf-testing/nvhpc_21.11_openmpi_g_patch_8.3.1/esmf/DEFAULTINSTALLDIR/lib/libg/Linux.nvhpc.64.openmpi.default/libesmf.so(esmf_meshmod_esmf_meshcreatefrompointer_+0x6d)[0x2af94494bced]
[r1i6n24:31813] [ 5] /glade/scratch/dunlap/esmf-testing/nvhpc_21.11_openmpi_g_patch_8.3.1/esmf/DEFAULTINSTALLDIR/lib/libg/Linux.nvhpc.64.openmpi.default/libesmf.so(esmf_meshmod_esmf_meshcreatefrompointer_+0x6d)[0x2aeae00ceced]
[r1i6n24:31815] [ 5] /glade/scratch/dunlap/esmf-testing/nvhpc_21.11_openmpi_g_patch_8.3.1/esmf/DEFAULTINSTALLDIR/lib/libg/Linux.nvhpc.64.openmpi.default/libesmf.so(esmf_meshmod_esmf_meshcreatefrompointer_+0x6d)[0x2b52e6bd3ced]
[r1i6n24:31812] [ 5] /glade/scratch/dunlap/esmf-testing/nvhpc_21.11_openmpi_g_patch_8.3.1/esmf/DEFAULTINSTALLDIR/lib/libg/Linux.nvhpc.64.openmpi.default/libesmf.so(esmf_gridutilmod_esmf_gridtomesh_+0x52d)[0x2af9447a826d]
[r1i6n24:31813] [ 6] /glade/scratch/dunlap/esmf-testing/nvhpc_21.11_openmpi_g_patch_8.3.1/esmf/DEFAULTINSTALLDIR/lib/libg/Linux.nvhpc.64.openmpi.default/libesmf.so(esmf_gridutilmod_esmf_gridtomesh_+0x52d)[0x2aeadff2b26d]
[r1i6n24:31815] [ 6] /glade/scratch/dunlap/esmf-testing/nvhpc_21.11_openmpi_g_patch_8.3.1/esmf/DEFAULTINSTALLDIR/lib/libg/Linux.nvhpc.64.openmpi.default/libesmf.so(esmf_gridutilmod_esmf_gridtomesh_+0x52d)[0x2b52e6a3026d]
[r1i6n24:31812] [ 6] /glade/scratch/dunlap/esmf-testing/nvhpc_21.11_openmpi_g_patch_8.3.1/esmf/DEFAULTINSTALLDIR/lib/libg/Linux.nvhpc.64.openmpi.default/libesmf.so(esmf_fieldregridmod_b_or_p_gridtomesh_+0x5a8)[0x2af944668fa8]
[r1i6n24:31813] [ 7] /glade/scratch/dunlap/esmf-testing/nvhpc_21.11_openmpi_g_patch_8.3.1/esmf/DEFAULTINSTALLDIR/lib/libg/Linux.nvhpc.64.openmpi.default/libesmf.so(esmf_fieldregridmod_b_or_p_gridtomesh_+0x5a8)[0x2aeadfdebfa8]
[r1i6n24:31815] [ 7] /glade/scratch/dunlap/esmf-testing/nvhpc_21.11_openmpi_g_patch_8.3.1/esmf/DEFAULTINSTALLDIR/lib/libg/Linux.nvhpc.64.openmpi.default/libesmf.so(esmf_fieldregridmod_b_or_p_gridtomesh_+0x5a8)[0x2b52e68f0fa8]
[r1i6n24:31812] [ 7] /glade/scratch/dunlap/esmf-testing/nvhpc_21.11_openmpi_g_patch_8.3.1/esmf/DEFAULTINSTALLDIR/lib/libg/Linux.nvhpc.64.openmpi.default/libesmf.so(esmf_fieldregridmod_getmeshwithnodesonfieldloc_+0x55e)[0x2af94466445e]
[r1i6n24:31813] [ 8] /glade/scratch/dunlap/esmf-testing/nvhpc_21.11_openmpi_g_patch_8.3.1/esmf/DEFAULTINSTALLDIR/lib/libg/Linux.nvhpc.64.openmpi.default/libesmf.so(esmf_fieldregridmod_getmeshwithnodesonfieldloc_+0x55e)[0x2aeadfde745e]
[r1i6n24:31815] [ 8] /glade/scratch/dunlap/esmf-testing/nvhpc_21.11_openmpi_g_patch_8.3.1/esmf/DEFAULTINSTALLDIR/lib/libg/Linux.nvhpc.64.openmpi.default/libesmf.so(esmf_fieldregridmod_getmeshwithnodesonfieldloc_+0x55e)[0x2b52e68ec45e]
[r1i6n24:31812] [ 8] /glade/scratch/dunlap/esmf-testing/nvhpc_21.11_openmpi_g_patch_8.3.1/esmf/DEFAULTINSTALLDIR/lib/libg/Linux.nvhpc.64.openmpi.default/libesmf.so(esmf_fieldregridmod_esmf_fieldregridstorenx_+0xf6d)[0x2af944661f6d]
[r1i6n24:31813] [ 9] /glade/scratch/dunlap/esmf-testing/nvhpc_21.11_openmpi_g_patch_8.3.1/esmf/DEFAULTINSTALLDIR/lib/libg/Linux.nvhpc.64.openmpi.default/libesmf.so(esmf_fieldregridmod_esmf_fieldregridstorenx_+0xf6d)[0x2aeadfde4f6d]
[r1i6n24:31815] [ 9] /glade/scratch/dunlap/esmf-testing/nvhpc_21.11_openmpi_g_patch_8.3.1/esmf/DEFAULTINSTALLDIR/lib/libg/Linux.nvhpc.64.openmpi.default/libesmf.so(esmf_fieldregridmod_esmf_fieldregridstorenx_+0xf6d)[0x2b52e68e9f6d]
[r1i6n24:31812] [ 9] /glade/scratch/dunlap/esmf-testing/nvhpc_21.11_openmpi_g_patch_8.3.1/esmf/DEFAULTINSTALLDIR/lib/libg/Linux.nvhpc.64.openmpi.default/libesmf.so(nuopc_connector_fieldbundlecplstore_+0x1172a)[0x2af944dbbbaa]
[r1i6n24:31813] [10] /glade/scratch/dunlap/esmf-testing/nvhpc_21.11_openmpi_g_patch_8.3.1/esmf/DEFAULTINSTALLDIR/lib/libg/Linux.nvhpc.64.openmpi.default/libesmf.so(nuopc_connector_fieldbundlecplstore_+0x1172a)[0x2aeae053ebaa]
[r1i6n24:31815] [10] /glade/scratch/dunlap/esmf-testing/nvhpc_21.11_openmpi_g_patch_8.3.1/esmf/DEFAULTINSTALLDIR/lib/libg/Linux.nvhpc.64.openmpi.default/libesmf.so(nuopc_connector_fieldbundlecplstore_+0x1172a)[0x2b52e7043baa]
[r1i6n24:31812] [10] /glade/scratch/dunlap/esmf-testing/nvhpc_21.11_openmpi_g_patch_8.3.1/esmf/DEFAULTINSTALLDIR/lib/libg/Linux.nvhpc.64.openmpi.default/libesmf.so(nuopc_connector_initializeipdv05p6b_+0x79cc)[0x2af944d9658c]
[r1i6n24:31813] [11] /glade/scratch/dunlap/esmf-testing/nvhpc_21.11_openmpi_g_patch_8.3.1/esmf/DEFAULTINSTALLDIR/lib/libg/Linux.nvhpc.64.openmpi.default/libesmf.so(nuopc_connector_initializeipdv05p6b_+0x79cc)[0x2aeae051958c]
[r1i6n24:31815] [11] /glade/scratch/dunlap/esmf-testing/nvhpc_21.11_openmpi_g_patch_8.3.1/esmf/DEFAULTINSTALLDIR/lib/libg/Linux.nvhpc.64.openmpi.default/libesmf.so(nuopc_connector_initializeipdv05p6b_+0x79cc)[0x2b52e701e58c]
[r1i6n24:31812] [11] /glade/scratch/dunlap/esmf-testing/nvhpc_21.11_openmpi_g_patch_8.3.1/esmf/DEFAULTINSTALLDIR/lib/libg/Linux.nvhpc.64.openmpi.default/libesmf.so(_ZN5ESMCI6FTable12callVFuncPtrEPKcPNS_2VMEPi+0xc30)[0x2af943842f70]
[r1i6n24:31813] [12] /glade/scratch/dunlap/esmf-testing/nvhpc_21.11_openmpi_g_patch_8.3.1/esmf/DEFAULTINSTALLDIR/lib/libg/Linux.nvhpc.64.openmpi.default/libesmf.so(_ZN5ESMCI6FTable12callVFuncPtrEPKcPNS_2VMEPi+0xc30)[0x2aeadefc5f70]
[r1i6n24:31815] [12] /glade/scratch/dunlap/esmf-testing/nvhpc_21.11_openmpi_g_patch_8.3.1/esmf/DEFAULTINSTALLDIR/lib/libg/Linux.nvhpc.64.openmpi.default/libesmf.so(_ZN5ESMCI6FTable12callVFuncPtrEPKcPNS_2VMEPi+0xc30)[0x2b52e5acaf70]
[r1i6n24:31812] [12] /glade/scratch/dunlap/esmf-testing/nvhpc_21.11_openmpi_g_patch_8.3.1/esmf/DEFAULTINSTALLDIR/lib/libg/Linux.nvhpc.64.openmpi.default/libesmf.so(ESMCI_FTableCallEntryPointVMHop+0x293)[0x2af94383e1d3]
[r1i6n24:31813] [13] /glade/scratch/dunlap/esmf-testing/nvhpc_21.11_openmpi_g_patch_8.3.1/esmf/DEFAULTINSTALLDIR/lib/libg/Linux.nvhpc.64.openmpi.default/libesmf.so(ESMCI_FTableCallEntryPointVMHop+0x293)[0x2aeadefc11d3]
[r1i6n24:31815] [13] /glade/scratch/dunlap/esmf-testing/nvhpc_21.11_openmpi_g_patch_8.3.1/esmf/DEFAULTINSTALLDIR/lib/libg/Linux.nvhpc.64.openmpi.default/libesmf.so(ESMCI_FTableCallEntryPointVMHop+0x293)[0x2b52e5ac61d3]
[r1i6n24:31812] [13] /glade/scratch/dunlap/esmf-testing/nvhpc_21.11_openmpi_g_patch_8.3.1/esmf/DEFAULTINSTALLDIR/lib/libg/Linux.nvhpc.64.openmpi.default/libesmf.so(_ZN5ESMCI3VMK5enterEPNS_7VMKPlanEPvS3_+0xbb)[0x2af9440971fb]
[r1i6n24:31813] [14] /glade/scratch/dunlap/esmf-testing/nvhpc_21.11_openmpi_g_patch_8.3.1/esmf/DEFAULTINSTALLDIR/lib/libg/Linux.nvhpc.64.openmpi.default/libesmf.so(_ZN5ESMCI3VMK5enterEPNS_7VMKPlanEPvS3_+0xbb)[0x2aeadf81a1fb]
[r1i6n24:31815] [14] /glade/scratch/dunlap/esmf-testing/nvhpc_21.11_openmpi_g_patch_8.3.1/esmf/DEFAULTINSTALLDIR/lib/libg/Linux.nvhpc.64.openmpi.default/libesmf.so(_ZN5ESMCI3VMK5enterEPNS_7VMKPlanEPvS3_+0xbb)[0x2b52e631f1fb]
[r1i6n24:31812] [14] /glade/scratch/dunlap/esmf-testing/nvhpc_21.11_openmpi_g_patch_8.3.1/esmf/DEFAULTINSTALLDIR/lib/libg/Linux.nvhpc.64.openmpi.default/libesmf.so(_ZN5ESMCI2VM5enterEPNS_6VMPlanEPvS3_+0xbe)[0x2af9440c07be]
[r1i6n24:31813] [15] /glade/scratch/dunlap/esmf-testing/nvhpc_21.11_openmpi_g_patch_8.3.1/esmf/DEFAULTINSTALLDIR/lib/libg/Linux.nvhpc.64.openmpi.default/libesmf.so(_ZN5ESMCI2VM5enterEPNS_6VMPlanEPvS3_+0xbe)[0x2aeadf8437be]
[r1i6n24:31815] [15] /glade/scratch/dunlap/esmf-testing/nvhpc_21.11_openmpi_g_patch_8.3.1/esmf/DEFAULTINSTALLDIR/lib/libg/Linux.nvhpc.64.openmpi.default/libesmf.so(_ZN5ESMCI2VM5enterEPNS_6VMPlanEPvS3_+0xbe)[0x2b52e63487be]
[r1i6n24:31812] [15] /glade/scratch/dunlap/esmf-testing/nvhpc_21.11_openmpi_g_patch_8.3.1/esmf/DEFAULTINSTALLDIR/lib/libg/Linux.nvhpc.64.openmpi.default/libesmf.so(c_esmc_ftablecallentrypointvm_+0x393)[0x2af94383e693]
[r1i6n24:31813] [16] /glade/scratch/dunlap/esmf-testing/nvhpc_21.11_openmpi_g_patch_8.3.1/esmf/DEFAULTINSTALLDIR/lib/libg/Linux.nvhpc.64.openmpi.default/libesmf.so(c_esmc_ftablecallentrypointvm_+0x393)[0x2aeadefc1693]
[r1i6n24:31815] [16] /glade/scratch/dunlap/esmf-testing/nvhpc_21.11_openmpi_g_patch_8.3.1/esmf/DEFAULTINSTALLDIR/lib/libg/Linux.nvhpc.64.openmpi.default/libesmf.so(c_esmc_ftablecallentrypointvm_+0x393)[0x2b52e5ac6693]
[r1i6n24:31812] [16] /glade/scratch/dunlap/esmf-testing/nvhpc_21.11_openmpi_g_patch_8.3.1/esmf/DEFAULTINSTALLDIR/lib/libg/Linux.nvhpc.64.openmpi.default/libesmf.so(esmf_compmod_esmf_compexecute_+0xa26)[0x2af9443f3ee6]
[r1i6n24:31813] [17] /glade/scratch/dunlap/esmf-testing/nvhpc_21.11_openmpi_g_patch_8.3.1/esmf/DEFAULTINSTALLDIR/lib/libg/Linux.nvhpc.64.openmpi.default/libesmf.so(esmf_compmod_esmf_compexecute_+0xa26)[0x2aeadfb76ee6]
[r1i6n24:31815] [17] /glade/scratch/dunlap/esmf-testing/nvhpc_21.11_openmpi_g_patch_8.3.1/esmf/DEFAULTINSTALLDIR/lib/libg/Linux.nvhpc.64.openmpi.default/libesmf.so(esmf_compmod_esmf_compexecute_+0xa26)[0x2b52e667bee6]
[r1i6n24:31812] [17] /glade/scratch/dunlap/esmf-testing/nvhpc_21.11_openmpi_g_patch_8.3.1/esmf/DEFAULTINSTALLDIR/lib/libg/Linux.nvhpc.64.openmpi.default/libesmf.so(esmf_cplcompmod_esmf_cplcompinitialize_+0x1de)[0x2af94440cb9e]
[r1i6n24:31813] [18] /glade/scratch/dunlap/esmf-testing/nvhpc_21.11_openmpi_g_patch_8.3.1/esmf/DEFAULTINSTALLDIR/lib/libg/Linux.nvhpc.64.openmpi.default/libesmf.so(esmf_cplcompmod_esmf_cplcompinitialize_+0x1de)[0x2aeadfb8fb9e]
[r1i6n24:31815] [18] /glade/scratch/dunlap/esmf-testing/nvhpc_21.11_openmpi_g_patch_8.3.1/esmf/DEFAULTINSTALLDIR/lib/libg/Linux.nvhpc.64.openmpi.default/libesmf.so(esmf_cplcompmod_esmf_cplcompinitialize_+0x1de)[0x2b52e6694b9e]
[r1i6n24:31812] [18] /glade/scratch/dunlap/esmf-testing/nvhpc_21.11_openmpi_g_patch_8.3.1/esmf/DEFAULTINSTALLDIR/lib/libg/Linux.nvhpc.64.openmpi.default/libesmf.so(nuopc_driver_loopconnectorcompss_+0x1636)[0x2af944debc76]
[r1i6n24:31813] [19] /glade/scratch/dunlap/esmf-testing/nvhpc_21.11_openmpi_g_patch_8.3.1/esmf/DEFAULTINSTALLDIR/lib/libg/Linux.nvhpc.64.openmpi.default/libesmf.so(nuopc_driver_loopconnectorcompss_+0x1636)[0x2aeae056ec76]
[r1i6n24:31815] [19] /glade/scratch/dunlap/esmf-testing/nvhpc_21.11_openmpi_g_patch_8.3.1/esmf/DEFAULTINSTALLDIR/lib/libg/Linux.nvhpc.64.openmpi.default/libesmf.so(nuopc_driver_loopconnectorcompss_+0x1636)[0x2b52e7073c76]
[r1i6n24:31812] [19] /glade/scratch/dunlap/esmf-testing/nvhpc_21.11_openmpi_g_patch_8.3.1/esmf/DEFAULTINSTALLDIR/lib/libg/Linux.nvhpc.64.openmpi.default/libesmf.so(nuopc_driver_initializeipdv02p3_+0x4286)[0x2af944ddfec6]
[r1i6n24:31813] [20] /glade/scratch/dunlap/esmf-testing/nvhpc_21.11_openmpi_g_patch_8.3.1/esmf/DEFAULTINSTALLDIR/lib/libg/Linux.nvhpc.64.openmpi.default/libesmf.so(nuopc_driver_initializeipdv02p3_+0x4286)[0x2aeae0562ec6]
[r1i6n24:31815] [20] /glade/scratch/dunlap/esmf-testing/nvhpc_21.11_openmpi_g_patch_8.3.1/esmf/DEFAULTINSTALLDIR/lib/libg/Linux.nvhpc.64.openmpi.default/libesmf.so(nuopc_driver_initializeipdv02p3_+0x4286)[0x2b52e7067ec6]
[r1i6n24:31812] [20] /glade/scratch/dunlap/esmf-testing/nvhpc_21.11_openmpi_g_patch_8.3.1/esmf/DEFAULTINSTALLDIR/lib/libg/Linux.nvhpc.64.openmpi.default/libesmf.so(nuopc_driver_initializep1_+0xc1c)[0x2af944dc54dc]
[r1i6n24:31813] [21] /glade/scratch/dunlap/esmf-testing/nvhpc_21.11_openmpi_g_patch_8.3.1/esmf/DEFAULTINSTALLDIR/lib/libg/Linux.nvhpc.64.openmpi.default/libesmf.so(nuopc_driver_initializep1_+0xc1c)[0x2aeae05484dc]
[r1i6n24:31815] [21] /glade/scratch/dunlap/esmf-testing/nvhpc_21.11_openmpi_g_patch_8.3.1/esmf/DEFAULTINSTALLDIR/lib/libg/Linux.nvhpc.64.openmpi.default/libesmf.so(nuopc_driver_initializep1_+0xc1c)[0x2b52e704d4dc]
[r1i6n24:31812] [21] /glade/scratch/dunlap/esmf-testing/nvhpc_21.11_openmpi_g_patch_8.3.1/esmf/DEFAULTINSTALLDIR/lib/libg/Linux.nvhpc.64.openmpi.default/libesmf.so(_ZN5ESMCI6FTable12callVFuncPtrEPKcPNS_2VMEPi+0xc30)[0x2af943842f70]
[r1i6n24:31813] [22] /glade/scratch/dunlap/esmf-testing/nvhpc_21.11_openmpi_g_patch_8.3.1/esmf/DEFAULTINSTALLDIR/lib/libg/Linux.nvhpc.64.openmpi.default/libesmf.so(_ZN5ESMCI6FTable12callVFuncPtrEPKcPNS_2VMEPi+0xc30)[0x2aeadefc5f70]
[r1i6n24:31815] [22] /glade/scratch/dunlap/esmf-testing/nvhpc_21.11_openmpi_g_patch_8.3.1/esmf/DEFAULTINSTALLDIR/lib/libg/Linux.nvhpc.64.openmpi.default/libesmf.so(_ZN5ESMCI6FTable12callVFuncPtrEPKcPNS_2VMEPi+0xc30)[0x2b52e5acaf70]
[r1i6n24:31812] [22] /glade/scratch/dunlap/esmf-testing/nvhpc_21.11_openmpi_g_patch_8.3.1/esmf/DEFAULTINSTALLDIR/lib/libg/Linux.nvhpc.64.openmpi.default/libesmf.so(ESMCI_FTableCallEntryPointVMHop+0x293)[0x2af94383e1d3]
[r1i6n24:31813] [23] /glade/scratch/dunlap/esmf-testing/nvhpc_21.11_openmpi_g_patch_8.3.1/esmf/DEFAULTINSTALLDIR/lib/libg/Linux.nvhpc.64.openmpi.default/libesmf.so(ESMCI_FTableCallEntryPointVMHop+0x293)[0x2aeadefc11d3]
[r1i6n24:31815] [23] /glade/scratch/dunlap/esmf-testing/nvhpc_21.11_openmpi_g_patch_8.3.1/esmf/DEFAULTINSTALLDIR/lib/libg/Linux.nvhpc.64.openmpi.default/libesmf.so(ESMCI_FTableCallEntryPointVMHop+0x293)[0x2b52e5ac61d3]
[r1i6n24:31812] [23] /glade/scratch/dunlap/esmf-testing/nvhpc_21.11_openmpi_g_patch_8.3.1/esmf/DEFAULTINSTALLDIR/lib/libg/Linux.nvhpc.64.openmpi.default/libesmf.so(_ZN5ESMCI3VMK5enterEPNS_7VMKPlanEPvS3_+0xbb)[0x2af9440971fb]
[r1i6n24:31813] [24] /glade/scratch/dunlap/esmf-testing/nvhpc_21.11_openmpi_g_patch_8.3.1/esmf/DEFAULTINSTALLDIR/lib/libg/Linux.nvhpc.64.openmpi.default/libesmf.so(_ZN5ESMCI3VMK5enterEPNS_7VMKPlanEPvS3_+0xbb)[0x2aeadf81a1fb]
[r1i6n24:31815] [24] /glade/scratch/dunlap/esmf-testing/nvhpc_21.11_openmpi_g_patch_8.3.1/esmf/DEFAULTINSTALLDIR/lib/libg/Linux.nvhpc.64.openmpi.default/libesmf.so(_ZN5ESMCI3VMK5enterEPNS_7VMKPlanEPvS3_+0xbb)[0x2b52e631f1fb]
[r1i6n24:31812] [24] /glade/scratch/dunlap/esmf-testing/nvhpc_21.11_openmpi_g_patch_8.3.1/esmf/DEFAULTINSTALLDIR/lib/libg/Linux.nvhpc.64.openmpi.default/libesmf.so(_ZN5ESMCI2VM5enterEPNS_6VMPlanEPvS3_+0xbe)[0x2af9440c07be]
[r1i6n24:31813] [25] /glade/scratch/dunlap/esmf-testing/nvhpc_21.11_openmpi_g_patch_8.3.1/esmf/DEFAULTINSTALLDIR/lib/libg/Linux.nvhpc.64.openmpi.default/libesmf.so(_ZN5ESMCI2VM5enterEPNS_6VMPlanEPvS3_+0xbe)[0x2aeadf8437be]
[r1i6n24:31815] [25] /glade/scratch/dunlap/esmf-testing/nvhpc_21.11_openmpi_g_patch_8.3.1/esmf/DEFAULTINSTALLDIR/lib/libg/Linux.nvhpc.64.openmpi.default/libesmf.so(_ZN5ESMCI2VM5enterEPNS_6VMPlanEPvS3_+0xbe)[0x2b52e63487be]
[r1i6n24:31812] [25] /glade/scratch/dunlap/esmf-testing/nvhpc_21.11_openmpi_g_patch_8.3.1/esmf/DEFAULTINSTALLDIR/lib/libg/Linux.nvhpc.64.openmpi.default/libesmf.so(c_esmc_ftablecallentrypointvm_+0x393)[0x2af94383e693]
[r1i6n24:31813] [26] /glade/scratch/dunlap/esmf-testing/nvhpc_21.11_openmpi_g_patch_8.3.1/esmf/DEFAULTINSTALLDIR/lib/libg/Linux.nvhpc.64.openmpi.default/libesmf.so(c_esmc_ftablecallentrypointvm_+0x393)[0x2aeadefc1693]
[r1i6n24:31815] [26] /glade/scratch/dunlap/esmf-testing/nvhpc_21.11_openmpi_g_patch_8.3.1/esmf/DEFAULTINSTALLDIR/lib/libg/Linux.nvhpc.64.openmpi.default/libesmf.so(c_esmc_ftablecallentrypointvm_+0x393)[0x2b52e5ac6693]
[r1i6n24:31812] [26] /glade/scratch/dunlap/esmf-testing/nvhpc_21.11_openmpi_g_patch_8.3.1/esmf/DEFAULTINSTALLDIR/lib/libg/Linux.nvhpc.64.openmpi.default/libesmf.so(esmf_compmod_esmf_compexecute_+0xa26)[0x2af9443f3ee6]
[r1i6n24:31813] [27] /glade/scratch/dunlap/esmf-testing/nvhpc_21.11_openmpi_g_patch_8.3.1/esmf/DEFAULTINSTALLDIR/lib/libg/Linux.nvhpc.64.openmpi.default/libesmf.so(esmf_compmod_esmf_compexecute_+0xa26)[0x2aeadfb76ee6]
[r1i6n24:31815] [27] /glade/scratch/dunlap/esmf-testing/nvhpc_21.11_openmpi_g_patch_8.3.1/esmf/DEFAULTINSTALLDIR/lib/libg/Linux.nvhpc.64.openmpi.default/libesmf.so(esmf_compmod_esmf_compexecute_+0xa26)[0x2b52e667bee6]
[r1i6n24:31812] [27] /glade/scratch/dunlap/esmf-testing/nvhpc_21.11_openmpi_g_patch_8.3.1/esmf/DEFAULTINSTALLDIR/lib/libg/Linux.nvhpc.64.openmpi.default/libesmf.so(esmf_gridcompmod_esmf_gridcompinitialize_+0x1de)[0x2af9446c71de]
[r1i6n24:31813] [28] ./esmApp[0x407608]
[r1i6n24:31813] [29] ./esmApp[0x4070f3]
[r1i6n24:31813] *** End of error message ***
/glade/scratch/dunlap/esmf-testing/nvhpc_21.11_openmpi_g_patch_8.3.1/esmf/DEFAULTINSTALLDIR/lib/libg/Linux.nvhpc.64.openmpi.default/libesmf.so(esmf_gridcompmod_esmf_gridcompinitialize_+0x1de)[0x2aeadfe4a1de]
[r1i6n24:31815] [28] ./esmApp[0x407608]
[r1i6n24:31815] [29] ./esmApp[0x4070f3]
[r1i6n24:31815] *** End of error message ***
/glade/scratch/dunlap/esmf-testing/nvhpc_21.11_openmpi_g_patch_8.3.1/esmf/DEFAULTINSTALLDIR/lib/libg/Linux.nvhpc.64.openmpi.default/libesmf.so(esmf_gridcompmod_esmf_gridcompinitialize_+0x1de)[0x2b52e694f1de]
[r1i6n24:31812] [28] ./esmApp[0x407608]
[r1i6n24:31812] [29] ./esmApp[0x4070f3]
[r1i6n24:31812] *** End of error message ***
--------------------------------------------------------------------------
Primary job  terminated normally, but 1 process returned
a non-zero exit code. Per user-direction, the job has been aborted.
--------------------------------------------------------------------------
--------------------------------------------------------------------------
mpirun noticed that process rank 3 with PID 0 on node r1i6n24 exited on signal 11 (Segmentation fault).
--------------------------------------------------------------------------
