2022-09-09 10:04:56
 -- start FreeFormatPrint(attrFF) of read in attributes --------
  Verbosity = 4609
  Profiling = 0
 ---- end FreeFormatPrint(attrFF) of read in attributes --------
 -- start FreeFormatPrint(attrFF) of read in attributes --------
  Verbosity = 4609
  Profiling = 0
 ---- end FreeFormatPrint(attrFF) of read in attributes --------
 -- start FreeFormatPrint(attrFF) of read in attributes --------
  Verbosity = 4609
  Profiling = 0
 ---- end FreeFormatPrint(attrFF) of read in attributes --------
 -- start FreeFormatPrint(attrFF) of read in attributes --------
  Verbosity = 4609
  Profiling = 0
 ---- end FreeFormatPrint(attrFF) of read in attributes --------
 -- start FreeFormatPrint(attrFF) of egested attributes --------
 CompLabel = _uninitialized
 Diagnostic = 0
 FinalizePhaseMap = FinalizePhase1=1 ExternalFinalizeReset=2
 HierarchyProtocol = ConnectProvidedFields
 IPDvX = true
 InitializeDataComplete = false
 InitializeDataProgress = false
 InitializePhaseMap = IPDv02p1=2 IPDv02p3=3 IPDv02p5=4 ExternalAdvertise=5 ExternalRealize=6 ExternalDataInitialize=7
 InternalFinalizePhaseMap
 InternalInitializePhaseMap = IPDv05p1=8 IPDv05p2=9 IPDv05p3=10 IPDv05p4=11 IPDv05p6=12 IPDv05p8=13
 InternalRunPhaseMap
 Kind = Driver
 0
 0
 Profiling = 0
 RunPhaseMap = RunPhase1=1
 Verbosity = 4609
 ---- end FreeFormatPrint(attrFF) of egested attributes --------
 -- start FreeFormatPrint(attrFF) of egested attributes --------
 CompLabel = _uninitialized
 Diagnostic = 0
 FinalizePhaseMap = FinalizePhase1=1 ExternalFinalizeReset=2
 HierarchyProtocol = ConnectProvidedFields
 IPDvX = true
 InitializeDataComplete = false
 InitializeDataProgress = false
 InitializePhaseMap = IPDv02p1=2 IPDv02p3=3 IPDv02p5=4 ExternalAdvertise=5 ExternalRealize=6 ExternalDataInitialize=7
 InternalFinalizePhaseMap
 -- start FreeFormatPrint(attrFF) of egested attributes --------
 CompLabel = _uninitialized
 Diagnostic = 0
 FinalizePhaseMap = FinalizePhase1=1 ExternalFinalizeReset=2
 InternalInitializePhaseMap = IPDv05p1=8 IPDv05p2=9 IPDv05p3=10 IPDv05p4=11 IPDv05p6=12 IPDv05p8=13
 InternalRunPhaseMap
 Kind = Driver
 0
 0
 Profiling = 0
 RunPhaseMap = RunPhase1=1
 Verbosity = 4609
 HierarchyProtocol = ConnectProvidedFields
 IPDvX = true
 InitializeDataComplete = false
 InitializeDataProgress = false
 InitializePhaseMap = IPDv02p1=2 IPDv02p3=3 IPDv02p5=4 ExternalAdvertise=5 ExternalRealize=6 ExternalDataInitialize=7
 InternalFinalizePhaseMap
 ---- end FreeFormatPrint(attrFF) of egested attributes --------
 InternalInitializePhaseMap = IPDv05p1=8 IPDv05p2=9 IPDv05p3=10 IPDv05p4=11 IPDv05p6=12 IPDv05p8=13
 InternalRunPhaseMap
 Kind = Driver
 0
 0
 Profiling = 0
 RunPhaseMap = RunPhase1=1
 Verbosity = 4609
 ---- end FreeFormatPrint(attrFF) of egested attributes --------
 -- start FreeFormatPrint(attrFF) of egested attributes --------
 CompLabel = _uninitialized
 Diagnostic = 0
 FinalizePhaseMap = FinalizePhase1=1 ExternalFinalizeReset=2
 HierarchyProtocol = ConnectProvidedFields
 IPDvX = true
 InitializeDataComplete = false
 InitializeDataProgress = false
 InitializePhaseMap = IPDv02p1=2 IPDv02p3=3 IPDv02p5=4 ExternalAdvertise=5 ExternalRealize=6 ExternalDataInitialize=7
 InternalFinalizePhaseMap
 InternalInitializePhaseMap = IPDv05p1=8 IPDv05p2=9 IPDv05p3=10 IPDv05p4=11 IPDv05p6=12 IPDv05p8=13
 InternalRunPhaseMap
 Kind = Driver
 0
 0
 Profiling = 0
 RunPhaseMap = RunPhase1=1
 Verbosity = 4609
 ---- end FreeFormatPrint(attrFF) of egested attributes --------
 NUOPC_DriverPrint for PET:            0
   Model, Mediator, and Driver components, in the order
   that they were added to the Driver:
            1 :  ATM
            2 :  OCN
            3 :  LND
   Connector components, in the order
   that they were added to the Driver:
            1 :  ATM-TO-OCN
            2 :  OCN-TO-ATM
            3 :  ATM-TO-LND
            4 :  LND-TO-ATM
NUOPC_RunSequenceArrayPrint: element     1 out of      3
runSeq::
 runElementPrint:      1     2     1 F T
 runElementPrint:      2     1     1 F T
 runElementPrint:      1     3     1 F T
 runElementPrint:      3     1     1 F T
 runElementPrint:      1    -1     1 F T
 runElementPrint:     -2     0     0 F T
 runElementPrint:     -1    -1     0 F F
::
NUOPC_RunSequenceArrayPrint: element     2 out of      3
runSeq::
 runElementPrint:      2    -1     1 F T
 runElementPrint:     -3     0     0 F T
 runElementPrint:      3    -1     1 F T
 runElementPrint:     -2    -1     0 F F
::
NUOPC_RunSequenceArrayPrint: element     3 out of      3
runSeq::
 runElementPrint:     -3    -1     0 F F
::
 NUOPC_DriverPrint for PET:            1
   Model, Mediator, and Driver components, in the order
   that they were added to the Driver:
            1 :  ATM
            2 :  OCN
            3 :  LND
   Connector components, in the order
   that they were added to the Driver:
            1 :  ATM-TO-OCN
            2 :  OCN-TO-ATM
            3 :  ATM-TO-LND
            4 :  LND-TO-ATM
NUOPC_RunSequenceArrayPrint: element     1 out of      3
runSeq::
 runElementPrint:      1     2     1 F T
 runElementPrint:      2     1     1 F T
 runElementPrint:      1     3     1 F T
 runElementPrint:      3     1     1 F T
 runElementPrint:      1    -1     1 F T
 runElementPrint:     -2     0     0 F T
 runElementPrint:     -1    -1     0 F F
::
NUOPC_RunSequenceArrayPrint: element     2 out of      3
runSeq::
 runElementPrint:      2    -1     1 F T
 runElementPrint:     -3     0     0 F T
 runElementPrint:      3    -1     1 F T
 runElementPrint:     -2    -1     0 F F
::
NUOPC_RunSequenceArrayPrint: element     3 out of      3
runSeq::
 runElementPrint:     -3    -1     0 F F
::
 NUOPC_DriverPrint for PET:            2
   Model, Mediator, and Driver components, in the order
   that they were added to the Driver:
            1 :  ATM
            2 :  OCN
            3 :  LND
   Connector components, in the order
   that they were added to the Driver:
            1 :  ATM-TO-OCN
            2 :  OCN-TO-ATM
            3 :  ATM-TO-LND
            4 :  LND-TO-ATM
NUOPC_RunSequenceArrayPrint: element     1 out of      3
runSeq::
 runElementPrint:      1     2     1 F T
 runElementPrint:      2     1     1 F T
 runElementPrint:      1     3     1 F T
 runElementPrint:      3     1     1 F T
 runElementPrint:      1    -1     1 F T
 runElementPrint:     -2     0     0 F T
 runElementPrint:     -1    -1     0 F F
::
NUOPC_RunSequenceArrayPrint: element     2 out of      3
runSeq::
 runElementPrint:      2    -1     1 F T
 runElementPrint:     -3     0     0 F T
 runElementPrint:      3    -1     1 F T
 runElementPrint:     -2    -1     0 F F
::
NUOPC_RunSequenceArrayPrint: element     3 out of      3
runSeq::
 runElementPrint:     -3    -1     0 F F
::
 NUOPC_DriverPrint for PET:            3
   Model, Mediator, and Driver components, in the order
   that they were added to the Driver:
            1 :  ATM
            2 :  OCN
            3 :  LND
   Connector components, in the order
   that they were added to the Driver:
            1 :  ATM-TO-OCN
            2 :  OCN-TO-ATM
            3 :  ATM-TO-LND
            4 :  LND-TO-ATM
NUOPC_RunSequenceArrayPrint: element     1 out of      3
runSeq::
 runElementPrint:      1     2     1 F T
 runElementPrint:      2     1     1 F T
 runElementPrint:      1     3     1 F T
 runElementPrint:      3     1     1 F T
 runElementPrint:      1    -1     1 F T
 runElementPrint:     -2     0     0 F T
 runElementPrint:     -1    -1     0 F F
::
NUOPC_RunSequenceArrayPrint: element     2 out of      3
runSeq::
 runElementPrint:      2    -1     1 F T
 runElementPrint:     -3     0     0 F T
 runElementPrint:      3    -1     1 F T
 runElementPrint:     -2    -1     0 F F
::
NUOPC_RunSequenceArrayPrint: element     3 out of      3
runSeq::
 runElementPrint:     -3    -1     0 F F
::
[r11i1n32:72358:0:72358] Caught signal 11 (Segmentation fault: address not mapped to object at address 0x4f1b591)
[r11i1n32:72360:0:72360] Caught signal 11 (Segmentation fault: address not mapped to object at address 0x4f1b591)
[r11i1n32:72361:0:72361] Caught signal 11 (Segmentation fault: address not mapped to object at address 0x4f1b591)
[r11i1n32:72359:0:72359] Caught signal 11 (Segmentation fault: address not mapped to object at address 0x4f1b591)
==== backtrace (tid:  72360) ====
 0  /glade/u/apps/ch/opt/ucx/1.11.0/lib/libucs.so.0(ucs_handle_error+0xe4) [0x2aed2755d1b4]
==== backtrace (tid:  72361) ====
 1  /glade/u/apps/ch/opt/ucx/1.11.0/lib/libucs.so.0(+0x2a4dc) [0x2aed2755d4dc]
 2  /glade/u/apps/ch/opt/ucx/1.11.0/lib/libucs.so.0(+0x2a74b) [0x2aed2755d74b]
 3  /glade/scratch/dunlap/esmf-testing/nvhpc_21.11_openmpi_g_patch_8.3.1/esmf/DEFAULTINSTALLDIR/lib/libg/Linux.nvhpc.64.openmpi.default/libesmf.so(_ZN5ESMCI6LogErr13MsgFoundErrorEiPKciS2_S2_Pi+0x34) [0x2aed117ebaf4]
 4  /glade/scratch/dunlap/esmf-testing/nvhpc_21.11_openmpi_g_patch_8.3.1/esmf/DEFAULTINSTALLDIR/lib/libg/Linux.nvhpc.64.openmpi.default/libesmf.so(_ZN5ESMCI7MeshCap22meshcreatenodedistgridEPi+0x7f) [0x2aed11a0cf7f]
 0  /glade/u/apps/ch/opt/ucx/1.11.0/lib/libucs.so.0(ucs_handle_error+0xe4) [0x2b8ebbd6c1b4]
 1  /glade/u/apps/ch/opt/ucx/1.11.0/lib/libucs.so.0(+0x2a4dc) [0x2b8ebbd6c4dc]
 2  /glade/u/apps/ch/opt/ucx/1.11.0/lib/libucs.so.0(+0x2a74b) [0x2b8ebbd6c74b]
 3  /glade/scratch/dunlap/esmf-testing/nvhpc_21.11_openmpi_g_patch_8.3.1/esmf/DEFAULTINSTALLDIR/lib/libg/Linux.nvhpc.64.openmpi.default/libesmf.so(_ZN5ESMCI6LogErr13MsgFoundErrorEiPKciS2_S2_Pi+0x34) [0x2b8ea5fdeaf4]
 4  /glade/scratch/dunlap/esmf-testing/nvhpc_21.11_openmpi_g_patch_8.3.1/esmf/DEFAULTINSTALLDIR/lib/libg/Linux.nvhpc.64.openmpi.default/libesmf.so(_ZN5ESMCI7MeshCap22meshcreatenodedistgridEPi+0x7f) [0x2b8ea61fff7f]
 5  /glade/scratch/dunlap/esmf-testing/nvhpc_21.11_openmpi_g_patch_8.3.1/esmf/DEFAULTINSTALLDIR/lib/libg/Linux.nvhpc.64.openmpi.default/libesmf.so(c_esmc_meshcreatenodedistgrid_+0xc1) [0x2b8ea6253241]
 6  /glade/scratch/dunlap/esmf-testing/nvhpc_21.11_openmpi_g_patch_8.3.1/esmf/DEFAULTINSTALLDIR/lib/libg/Linux.nvhpc.64.openmpi.default/libesmf.so(esmf_meshmod_esmf_meshcreatefrompointer_+0x6d) [0x2b8ea6f34ced]
 7  /glade/scratch/dunlap/esmf-testing/nvhpc_21.11_openmpi_g_patch_8.3.1/esmf/DEFAULTINSTALLDIR/lib/libg/Linux.nvhpc.64.openmpi.default/libesmf.so(esmf_gridutilmod_esmf_gridtomesh_+0x52d) [0x2b8ea6d9126d]
 8  /glade/scratch/dunlap/esmf-testing/nvhpc_21.11_openmpi_g_patch_8.3.1/esmf/DEFAULTINSTALLDIR/lib/libg/Linux.nvhpc.64.openmpi.default/libesmf.so(esmf_fieldregridmod_b_or_p_gridtomesh_+0x5a8) [0x2b8ea6c51fa8]
 9  /glade/scratch/dunlap/esmf-testing/nvhpc_21.11_openmpi_g_patch_8.3.1/esmf/DEFAULTINSTALLDIR/lib/libg/Linux.nvhpc.64.openmpi.default/libesmf.so(esmf_fieldregridmod_getmeshwithnodesonfieldloc_+0x55e) [0x2b8ea6c4d45e]
 5  /glade/scratch/dunlap/esmf-testing/nvhpc_21.11_openmpi_g_patch_8.3.1/esmf/DEFAULTINSTALLDIR/lib/libg/Linux.nvhpc.64.openmpi.default/libesmf.so(c_esmc_meshcreatenodedistgrid_+0xc1) [0x2aed11a60241]
 6  /glade/scratch/dunlap/esmf-testing/nvhpc_21.11_openmpi_g_patch_8.3.1/esmf/DEFAULTINSTALLDIR/lib/libg/Linux.nvhpc.64.openmpi.default/libesmf.so(esmf_meshmod_esmf_meshcreatefrompointer_+0x6d) [0x2aed12741ced]
 7  /glade/scratch/dunlap/esmf-testing/nvhpc_21.11_openmpi_g_patch_8.3.1/esmf/DEFAULTINSTALLDIR/lib/libg/Linux.nvhpc.64.openmpi.default/libesmf.so(esmf_gridutilmod_esmf_gridtomesh_+0x52d) [0x2aed1259e26d]
 8  /glade/scratch/dunlap/esmf-testing/nvhpc_21.11_openmpi_g_patch_8.3.1/esmf/DEFAULTINSTALLDIR/lib/libg/Linux.nvhpc.64.openmpi.default/libesmf.so(esmf_fieldregridmod_b_or_p_gridtomesh_+0x5a8) [0x2aed1245efa8]
 9  /glade/scratch/dunlap/esmf-testing/nvhpc_21.11_openmpi_g_patch_8.3.1/esmf/DEFAULTINSTALLDIR/lib/libg/Linux.nvhpc.64.openmpi.default/libesmf.so(esmf_fieldregridmod_getmeshwithnodesonfieldloc_+0x55e) [0x2aed1245a45e]
10  /glade/scratch/dunlap/esmf-testing/nvhpc_21.11_openmpi_g_patch_8.3.1/esmf/DEFAULTINSTALLDIR/lib/libg/Linux.nvhpc.64.openmpi.default/libesmf.so(esmf_fieldregridmod_esmf_fieldregridstorenx_+0xf6d) [0x2aed12457f6d]
11  /glade/scratch/dunlap/esmf-testing/nvhpc_21.11_openmpi_g_patch_8.3.1/esmf/DEFAULTINSTALLDIR/lib/libg/Linux.nvhpc.64.openmpi.default/libesmf.so(nuopc_connector_fieldbundlecplstore_+0x1172a) [0x2aed12bb1baa]
12  /glade/scratch/dunlap/esmf-testing/nvhpc_21.11_openmpi_g_patch_8.3.1/esmf/DEFAULTINSTALLDIR/lib/libg/Linux.nvhpc.64.openmpi.default/libesmf.so(nuopc_connector_initializeipdv05p6b_+0x79cc) [0x2aed12b8c58c]
13  /glade/scratch/dunlap/esmf-testing/nvhpc_21.11_openmpi_g_patch_8.3.1/esmf/DEFAULTINSTALLDIR/lib/libg/Linux.nvhpc.64.openmpi.default/libesmf.so(_ZN5ESMCI6FTable12callVFuncPtrEPKcPNS_2VMEPi+0xc30) [0x2aed11638f70]
14  /glade/scratch/dunlap/esmf-testing/nvhpc_21.11_openmpi_g_patch_8.3.1/esmf/DEFAULTINSTALLDIR/lib/libg/Linux.nvhpc.64.openmpi.default/libesmf.so(ESMCI_FTableCallEntryPointVMHop+0x293) [0x2aed116341d3]
15  /glade/scratch/dunlap/esmf-testing/nvhpc_21.11_openmpi_g_patch_8.3.1/esmf/DEFAULTINSTALLDIR/lib/libg/Linux.nvhpc.64.openmpi.default/libesmf.so(_ZN5ESMCI3VMK5enterEPNS_7VMKPlanEPvS3_+0xbb) [0x2aed11e8d1fb]
16  /glade/scratch/dunlap/esmf-testing/nvhpc_21.11_openmpi_g_patch_8.3.1/esmf/DEFAULTINSTALLDIR/lib/libg/Linux.nvhpc.64.openmpi.default/libesmf.so(_ZN5ESMCI2VM5enterEPNS_6VMPlanEPvS3_+0xbe) [0x2aed11eb67be]
17  /glade/scratch/dunlap/esmf-testing/nvhpc_21.11_openmpi_g_patch_8.3.1/esmf/DEFAULTINSTALLDIR/lib/libg/Linux.nvhpc.64.openmpi.default/libesmf.so(c_esmc_ftablecallentrypointvm_+0x393) [0x2aed11634693]
18  /glade/scratch/dunlap/esmf-testing/nvhpc_21.11_openmpi_g_patch_8.3.1/esmf/DEFAULTINSTALLDIR/lib/libg/Linux.nvhpc.64.openmpi.default/libesmf.so(esmf_compmod_esmf_compexecute_+0xa26) [0x2aed121e9ee6]
19  /glade/scratch/dunlap/esmf-testing/nvhpc_21.11_openmpi_g_patch_8.3.1/esmf/DEFAULTINSTALLDIR/lib/libg/Linux.nvhpc.64.openmpi.default/libesmf.so(esmf_cplcompmod_esmf_cplcompinitialize_+0x1de) [0x2aed12202b9e]
20  /glade/scratch/dunlap/esmf-testing/nvhpc_21.11_openmpi_g_patch_8.3.1/esmf/DEFAULTINSTALLDIR/lib/libg/Linux.nvhpc.64.openmpi.default/libesmf.so(nuopc_driver_loopconnectorcompss_+0x1636) [0x2aed12be1c76]
10  /glade/scratch/dunlap/esmf-testing/nvhpc_21.11_openmpi_g_patch_8.3.1/esmf/DEFAULTINSTALLDIR/lib/libg/Linux.nvhpc.64.openmpi.default/libesmf.so(esmf_fieldregridmod_esmf_fieldregridstorenx_+0xf6d) [0x2b8ea6c4af6d]
11  /glade/scratch/dunlap/esmf-testing/nvhpc_21.11_openmpi_g_patch_8.3.1/esmf/DEFAULTINSTALLDIR/lib/libg/Linux.nvhpc.64.openmpi.default/libesmf.so(nuopc_connector_fieldbundlecplstore_+0x1172a) [0x2b8ea73a4baa]
12  /glade/scratch/dunlap/esmf-testing/nvhpc_21.11_openmpi_g_patch_8.3.1/esmf/DEFAULTINSTALLDIR/lib/libg/Linux.nvhpc.64.openmpi.default/libesmf.so(nuopc_connector_initializeipdv05p6b_+0x79cc) [0x2b8ea737f58c]
13  /glade/scratch/dunlap/esmf-testing/nvhpc_21.11_openmpi_g_patch_8.3.1/esmf/DEFAULTINSTALLDIR/lib/libg/Linux.nvhpc.64.openmpi.default/libesmf.so(_ZN5ESMCI6FTable12callVFuncPtrEPKcPNS_2VMEPi+0xc30) [0x2b8ea5e2bf70]
14  /glade/scratch/dunlap/esmf-testing/nvhpc_21.11_openmpi_g_patch_8.3.1/esmf/DEFAULTINSTALLDIR/lib/libg/Linux.nvhpc.64.openmpi.default/libesmf.so(ESMCI_FTableCallEntryPointVMHop+0x293) [0x2b8ea5e271d3]
15  /glade/scratch/dunlap/esmf-testing/nvhpc_21.11_openmpi_g_patch_8.3.1/esmf/DEFAULTINSTALLDIR/lib/libg/Linux.nvhpc.64.openmpi.default/libesmf.so(_ZN5ESMCI3VMK5enterEPNS_7VMKPlanEPvS3_+0xbb) [0x2b8ea66801fb]
16  /glade/scratch/dunlap/esmf-testing/nvhpc_21.11_openmpi_g_patch_8.3.1/esmf/DEFAULTINSTALLDIR/lib/libg/Linux.nvhpc.64.openmpi.default/libesmf.so(_ZN5ESMCI2VM5enterEPNS_6VMPlanEPvS3_+0xbe) [0x2b8ea66a97be]
==== backtrace (tid:  72358) ====
 0  /glade/u/apps/ch/opt/ucx/1.11.0/lib/libucs.so.0(ucs_handle_error+0xe4) [0x2b217110c1b4]
 1  /glade/u/apps/ch/opt/ucx/1.11.0/lib/libucs.so.0(+0x2a4dc) [0x2b217110c4dc]
 2  /glade/u/apps/ch/opt/ucx/1.11.0/lib/libucs.so.0(+0x2a74b) [0x2b217110c74b]
 3  /glade/scratch/dunlap/esmf-testing/nvhpc_21.11_openmpi_g_patch_8.3.1/esmf/DEFAULTINSTALLDIR/lib/libg/Linux.nvhpc.64.openmpi.default/libesmf.so(_ZN5ESMCI6LogErr13MsgFoundErrorEiPKciS2_S2_Pi+0x34) [0x2b215727eaf4]
 4  /glade/scratch/dunlap/esmf-testing/nvhpc_21.11_openmpi_g_patch_8.3.1/esmf/DEFAULTINSTALLDIR/lib/libg/Linux.nvhpc.64.openmpi.default/libesmf.so(_ZN5ESMCI7MeshCap22meshcreatenodedistgridEPi+0x7f) [0x2b215749ff7f]
 5  /glade/scratch/dunlap/esmf-testing/nvhpc_21.11_openmpi_g_patch_8.3.1/esmf/DEFAULTINSTALLDIR/lib/libg/Linux.nvhpc.64.openmpi.default/libesmf.so(c_esmc_meshcreatenodedistgrid_+0xc1) [0x2b21574f3241]
21  /glade/scratch/dunlap/esmf-testing/nvhpc_21.11_openmpi_g_patch_8.3.1/esmf/DEFAULTINSTALLDIR/lib/libg/Linux.nvhpc.64.openmpi.default/libesmf.so(nuopc_driver_initializeipdv02p3_+0x4286) [0x2aed12bd5ec6]
22  /glade/scratch/dunlap/esmf-testing/nvhpc_21.11_openmpi_g_patch_8.3.1/esmf/DEFAULTINSTALLDIR/lib/libg/Linux.nvhpc.64.openmpi.default/libesmf.so(nuopc_driver_initializep1_+0xc1c) [0x2aed12bbb4dc]
23  /glade/scratch/dunlap/esmf-testing/nvhpc_21.11_openmpi_g_patch_8.3.1/esmf/DEFAULTINSTALLDIR/lib/libg/Linux.nvhpc.64.openmpi.default/libesmf.so(_ZN5ESMCI6FTable12callVFuncPtrEPKcPNS_2VMEPi+0xc30) [0x2aed11638f70]
24  /glade/scratch/dunlap/esmf-testing/nvhpc_21.11_openmpi_g_patch_8.3.1/esmf/DEFAULTINSTALLDIR/lib/libg/Linux.nvhpc.64.openmpi.default/libesmf.so(ESMCI_FTableCallEntryPointVMHop+0x293) [0x2aed116341d3]
25  /glade/scratch/dunlap/esmf-testing/nvhpc_21.11_openmpi_g_patch_8.3.1/esmf/DEFAULTINSTALLDIR/lib/libg/Linux.nvhpc.64.openmpi.default/libesmf.so(_ZN5ESMCI3VMK5enterEPNS_7VMKPlanEPvS3_+0xbb) [0x2aed11e8d1fb]
26  /glade/scratch/dunlap/esmf-testing/nvhpc_21.11_openmpi_g_patch_8.3.1/esmf/DEFAULTINSTALLDIR/lib/libg/Linux.nvhpc.64.openmpi.default/libesmf.so(_ZN5ESMCI2VM5enterEPNS_6VMPlanEPvS3_+0xbe) [0x2aed11eb67be]
27  /glade/scratch/dunlap/esmf-testing/nvhpc_21.11_openmpi_g_patch_8.3.1/esmf/DEFAULTINSTALLDIR/lib/libg/Linux.nvhpc.64.openmpi.default/libesmf.so(c_esmc_ftablecallentrypointvm_+0x393) [0x2aed11634693]
28  /glade/scratch/dunlap/esmf-testing/nvhpc_21.11_openmpi_g_patch_8.3.1/esmf/DEFAULTINSTALLDIR/lib/libg/Linux.nvhpc.64.openmpi.default/libesmf.so(esmf_compmod_esmf_compexecute_+0xa26) [0x2aed121e9ee6]
29  /glade/scratch/dunlap/esmf-testing/nvhpc_21.11_openmpi_g_patch_8.3.1/esmf/DEFAULTINSTALLDIR/lib/libg/Linux.nvhpc.64.openmpi.default/libesmf.so(esmf_gridcompmod_esmf_gridcompinitialize_+0x1de) [0x2aed124bd1de]
 6  /glade/scratch/dunlap/esmf-testing/nvhpc_21.11_openmpi_g_patch_8.3.1/esmf/DEFAULTINSTALLDIR/lib/libg/Linux.nvhpc.64.openmpi.default/libesmf.so(esmf_meshmod_esmf_meshcreatefrompointer_+0x6d) [0x2b21581d4ced]
 7  /glade/scratch/dunlap/esmf-testing/nvhpc_21.11_openmpi_g_patch_8.3.1/esmf/DEFAULTINSTALLDIR/lib/libg/Linux.nvhpc.64.openmpi.default/libesmf.so(esmf_gridutilmod_esmf_gridtomesh_+0x52d) [0x2b215803126d]
 8  /glade/scratch/dunlap/esmf-testing/nvhpc_21.11_openmpi_g_patch_8.3.1/esmf/DEFAULTINSTALLDIR/lib/libg/Linux.nvhpc.64.openmpi.default/libesmf.so(esmf_fieldregridmod_b_or_p_gridtomesh_+0x5a8) [0x2b2157ef1fa8]
 9  /glade/scratch/dunlap/esmf-testing/nvhpc_21.11_openmpi_g_patch_8.3.1/esmf/DEFAULTINSTALLDIR/lib/libg/Linux.nvhpc.64.openmpi.default/libesmf.so(esmf_fieldregridmod_getmeshwithnodesonfieldloc_+0x55e) [0x2b2157eed45e]
10  /glade/scratch/dunlap/esmf-testing/nvhpc_21.11_openmpi_g_patch_8.3.1/esmf/DEFAULTINSTALLDIR/lib/libg/Linux.nvhpc.64.openmpi.default/libesmf.so(esmf_fieldregridmod_esmf_fieldregridstorenx_+0xf6d) [0x2b2157eeaf6d]
11  /glade/scratch/dunlap/esmf-testing/nvhpc_21.11_openmpi_g_patch_8.3.1/esmf/DEFAULTINSTALLDIR/lib/libg/Linux.nvhpc.64.openmpi.default/libesmf.so(nuopc_connector_fieldbundlecplstore_+0x1172a) [0x2b2158644baa]
12  /glade/scratch/dunlap/esmf-testing/nvhpc_21.11_openmpi_g_patch_8.3.1/esmf/DEFAULTINSTALLDIR/lib/libg/Linux.nvhpc.64.openmpi.default/libesmf.so(nuopc_connector_initializeipdv05p6b_+0x79cc) [0x2b215861f58c]
13  /glade/scratch/dunlap/esmf-testing/nvhpc_21.11_openmpi_g_patch_8.3.1/esmf/DEFAULTINSTALLDIR/lib/libg/Linux.nvhpc.64.openmpi.default/libesmf.so(_ZN5ESMCI6FTable12callVFuncPtrEPKcPNS_2VMEPi+0xc30) [0x2b21570cbf70]
14  /glade/scratch/dunlap/esmf-testing/nvhpc_21.11_openmpi_g_patch_8.3.1/esmf/DEFAULTINSTALLDIR/lib/libg/Linux.nvhpc.64.openmpi.default/libesmf.so(ESMCI_FTableCallEntryPointVMHop+0x293) [0x2b21570c71d3]
15  /glade/scratch/dunlap/esmf-testing/nvhpc_21.11_openmpi_g_patch_8.3.1/esmf/DEFAULTINSTALLDIR/lib/libg/Linux.nvhpc.64.openmpi.default/libesmf.so(_ZN5ESMCI3VMK5enterEPNS_7VMKPlanEPvS3_+0xbb) [0x2b21579201fb]
17  /glade/scratch/dunlap/esmf-testing/nvhpc_21.11_openmpi_g_patch_8.3.1/esmf/DEFAULTINSTALLDIR/lib/libg/Linux.nvhpc.64.openmpi.default/libesmf.so(c_esmc_ftablecallentrypointvm_+0x393) [0x2b8ea5e27693]
18  /glade/scratch/dunlap/esmf-testing/nvhpc_21.11_openmpi_g_patch_8.3.1/esmf/DEFAULTINSTALLDIR/lib/libg/Linux.nvhpc.64.openmpi.default/libesmf.so(esmf_compmod_esmf_compexecute_+0xa26) [0x2b8ea69dcee6]
19  /glade/scratch/dunlap/esmf-testing/nvhpc_21.11_openmpi_g_patch_8.3.1/esmf/DEFAULTINSTALLDIR/lib/libg/Linux.nvhpc.64.openmpi.default/libesmf.so(esmf_cplcompmod_esmf_cplcompinitialize_+0x1de) [0x2b8ea69f5b9e]
20  /glade/scratch/dunlap/esmf-testing/nvhpc_21.11_openmpi_g_patch_8.3.1/esmf/DEFAULTINSTALLDIR/lib/libg/Linux.nvhpc.64.openmpi.default/libesmf.so(nuopc_driver_loopconnectorcompss_+0x1636) [0x2b8ea73d4c76]
21  /glade/scratch/dunlap/esmf-testing/nvhpc_21.11_openmpi_g_patch_8.3.1/esmf/DEFAULTINSTALLDIR/lib/libg/Linux.nvhpc.64.openmpi.default/libesmf.so(nuopc_driver_initializeipdv02p3_+0x4286) [0x2b8ea73c8ec6]
22  /glade/scratch/dunlap/esmf-testing/nvhpc_21.11_openmpi_g_patch_8.3.1/esmf/DEFAULTINSTALLDIR/lib/libg/Linux.nvhpc.64.openmpi.default/libesmf.so(nuopc_driver_initializep1_+0xc1c) [0x2b8ea73ae4dc]
23  /glade/scratch/dunlap/esmf-testing/nvhpc_21.11_openmpi_g_patch_8.3.1/esmf/DEFAULTINSTALLDIR/lib/libg/Linux.nvhpc.64.openmpi.default/libesmf.so(_ZN5ESMCI6FTable12callVFuncPtrEPKcPNS_2VMEPi+0xc30) [0x2b8ea5e2bf70]
24  /glade/scratch/dunlap/esmf-testing/nvhpc_21.11_openmpi_g_patch_8.3.1/esmf/DEFAULTINSTALLDIR/lib/libg/Linux.nvhpc.64.openmpi.default/libesmf.so(ESMCI_FTableCallEntryPointVMHop+0x293) [0x2b8ea5e271d3]
25  /glade/scratch/dunlap/esmf-testing/nvhpc_21.11_openmpi_g_patch_8.3.1/esmf/DEFAULTINSTALLDIR/lib/libg/Linux.nvhpc.64.openmpi.default/libesmf.so(_ZN5ESMCI3VMK5enterEPNS_7VMKPlanEPvS3_+0xbb) [0x2b8ea66801fb]
26  /glade/scratch/dunlap/esmf-testing/nvhpc_21.11_openmpi_g_patch_8.3.1/esmf/DEFAULTINSTALLDIR/lib/libg/Linux.nvhpc.64.openmpi.default/libesmf.so(_ZN5ESMCI2VM5enterEPNS_6VMPlanEPvS3_+0xbe) [0x2b8ea66a97be]
27  /glade/scratch/dunlap/esmf-testing/nvhpc_21.11_openmpi_g_patch_8.3.1/esmf/DEFAULTINSTALLDIR/lib/libg/Linux.nvhpc.64.openmpi.default/libesmf.so(c_esmc_ftablecallentrypointvm_+0x393) [0x2b8ea5e27693]
28  /glade/scratch/dunlap/esmf-testing/nvhpc_21.11_openmpi_g_patch_8.3.1/esmf/DEFAULTINSTALLDIR/lib/libg/Linux.nvhpc.64.openmpi.default/libesmf.so(esmf_compmod_esmf_compexecute_+0xa26) [0x2b8ea69dcee6]
29  /glade/scratch/dunlap/esmf-testing/nvhpc_21.11_openmpi_g_patch_8.3.1/esmf/DEFAULTINSTALLDIR/lib/libg/Linux.nvhpc.64.openmpi.default/libesmf.so(esmf_gridcompmod_esmf_gridcompinitialize_+0x1de) [0x2b8ea6cb01de]
30  ./esmApp() [0x407888]
31  ./esmApp() [0x407373]
32  /glade/u/apps/ch/os/lib64/libc.so.6(__libc_start_main+0xf5) [0x2aed18306a35]
33  ./esmApp() [0x407269]
=================================
==== backtrace (tid:  72359) ====
 0  /glade/u/apps/ch/opt/ucx/1.11.0/lib/libucs.so.0(ucs_handle_error+0xe4) [0x2ae6af1561b4]
 1  /glade/u/apps/ch/opt/ucx/1.11.0/lib/libucs.so.0(+0x2a4dc) [0x2ae6af1564dc]
 2  /glade/u/apps/ch/opt/ucx/1.11.0/lib/libucs.so.0(+0x2a74b) [0x2ae6af15674b]
 3  /glade/scratch/dunlap/esmf-testing/nvhpc_21.11_openmpi_g_patch_8.3.1/esmf/DEFAULTINSTALLDIR/lib/libg/Linux.nvhpc.64.openmpi.default/libesmf.so(_ZN5ESMCI6LogErr13MsgFoundErrorEiPKciS2_S2_Pi+0x34) [0x2ae699430af4]
30  ./esmApp() [0x407888]
31  ./esmApp() [0x407373]
32  /glade/u/apps/ch/os/lib64/libc.so.6(__libc_start_main+0xf5) [0x2b8eacaf9a35]
33  ./esmApp() [0x407269]
=================================
16  /glade/scratch/dunlap/esmf-testing/nvhpc_21.11_openmpi_g_patch_8.3.1/esmf/DEFAULTINSTALLDIR/lib/libg/Linux.nvhpc.64.openmpi.default/libesmf.so(_ZN5ESMCI2VM5enterEPNS_6VMPlanEPvS3_+0xbe) [0x2b21579497be]
17  /glade/scratch/dunlap/esmf-testing/nvhpc_21.11_openmpi_g_patch_8.3.1/esmf/DEFAULTINSTALLDIR/lib/libg/Linux.nvhpc.64.openmpi.default/libesmf.so(c_esmc_ftablecallentrypointvm_+0x393) [0x2b21570c7693]
18  /glade/scratch/dunlap/esmf-testing/nvhpc_21.11_openmpi_g_patch_8.3.1/esmf/DEFAULTINSTALLDIR/lib/libg/Linux.nvhpc.64.openmpi.default/libesmf.so(esmf_compmod_esmf_compexecute_+0xa26) [0x2b2157c7cee6]
19  /glade/scratch/dunlap/esmf-testing/nvhpc_21.11_openmpi_g_patch_8.3.1/esmf/DEFAULTINSTALLDIR/lib/libg/Linux.nvhpc.64.openmpi.default/libesmf.so(esmf_cplcompmod_esmf_cplcompinitialize_+0x1de) [0x2b2157c95b9e]
20  /glade/scratch/dunlap/esmf-testing/nvhpc_21.11_openmpi_g_patch_8.3.1/esmf/DEFAULTINSTALLDIR/lib/libg/Linux.nvhpc.64.openmpi.default/libesmf.so(nuopc_driver_loopconnectorcompss_+0x1636) [0x2b2158674c76]
21  /glade/scratch/dunlap/esmf-testing/nvhpc_21.11_openmpi_g_patch_8.3.1/esmf/DEFAULTINSTALLDIR/lib/libg/Linux.nvhpc.64.openmpi.default/libesmf.so(nuopc_driver_initializeipdv02p3_+0x4286) [0x2b2158668ec6]
22  /glade/scratch/dunlap/esmf-testing/nvhpc_21.11_openmpi_g_patch_8.3.1/esmf/DEFAULTINSTALLDIR/lib/libg/Linux.nvhpc.64.openmpi.default/libesmf.so(nuopc_driver_initializep1_+0xc1c) [0x2b215864e4dc]
23  /glade/scratch/dunlap/esmf-testing/nvhpc_21.11_openmpi_g_patch_8.3.1/esmf/DEFAULTINSTALLDIR/lib/libg/Linux.nvhpc.64.openmpi.default/libesmf.so(_ZN5ESMCI6FTable12callVFuncPtrEPKcPNS_2VMEPi+0xc30) [0x2b21570cbf70]
24  /glade/scratch/dunlap/esmf-testing/nvhpc_21.11_openmpi_g_patch_8.3.1/esmf/DEFAULTINSTALLDIR/lib/libg/Linux.nvhpc.64.openmpi.default/libesmf.so(ESMCI_FTableCallEntryPointVMHop+0x293) [0x2b21570c71d3]
25  /glade/scratch/dunlap/esmf-testing/nvhpc_21.11_openmpi_g_patch_8.3.1/esmf/DEFAULTINSTALLDIR/lib/libg/Linux.nvhpc.64.openmpi.default/libesmf.so(_ZN5ESMCI3VMK5enterEPNS_7VMKPlanEPvS3_+0xbb) [0x2b21579201fb]
26  /glade/scratch/dunlap/esmf-testing/nvhpc_21.11_openmpi_g_patch_8.3.1/esmf/DEFAULTINSTALLDIR/lib/libg/Linux.nvhpc.64.openmpi.default/libesmf.so(_ZN5ESMCI2VM5enterEPNS_6VMPlanEPvS3_+0xbe) [0x2b21579497be]
27  /glade/scratch/dunlap/esmf-testing/nvhpc_21.11_openmpi_g_patch_8.3.1/esmf/DEFAULTINSTALLDIR/lib/libg/Linux.nvhpc.64.openmpi.default/libesmf.so(c_esmc_ftablecallentrypointvm_+0x393) [0x2b21570c7693]
28  /glade/scratch/dunlap/esmf-testing/nvhpc_21.11_openmpi_g_patch_8.3.1/esmf/DEFAULTINSTALLDIR/lib/libg/Linux.nvhpc.64.openmpi.default/libesmf.so(esmf_compmod_esmf_compexecute_+0xa26) [0x2b2157c7cee6]
29  /glade/scratch/dunlap/esmf-testing/nvhpc_21.11_openmpi_g_patch_8.3.1/esmf/DEFAULTINSTALLDIR/lib/libg/Linux.nvhpc.64.openmpi.default/libesmf.so(esmf_gridcompmod_esmf_gridcompinitialize_+0x1de) [0x2b2157f501de]
30  ./esmApp() [0x407888]
31  ./esmApp() [0x407373]
32  /glade/u/apps/ch/os/lib64/libc.so.6(__libc_start_main+0xf5) [0x2b215dd99a35]
33  ./esmApp() [0x407269]
=================================
[r11i1n32:72360] *** Process received signal ***
[r11i1n32:72360] Signal: Segmentation fault (11)
[r11i1n32:72360] Signal code:  (-6)
[r11i1n32:72360] Failing at address: 0x105700011aa8
 4  /glade/scratch/dunlap/esmf-testing/nvhpc_21.11_openmpi_g_patch_8.3.1/esmf/DEFAULTINSTALLDIR/lib/libg/Linux.nvhpc.64.openmpi.default/libesmf.so(_ZN5ESMCI7MeshCap22meshcreatenodedistgridEPi+0x7f) [0x2ae699651f7f]
 5  /glade/scratch/dunlap/esmf-testing/nvhpc_21.11_openmpi_g_patch_8.3.1/esmf/DEFAULTINSTALLDIR/lib/libg/Linux.nvhpc.64.openmpi.default/libesmf.so(c_esmc_meshcreatenodedistgrid_+0xc1) [0x2ae6996a5241]
 6  /glade/scratch/dunlap/esmf-testing/nvhpc_21.11_openmpi_g_patch_8.3.1/esmf/DEFAULTINSTALLDIR/lib/libg/Linux.nvhpc.64.openmpi.default/libesmf.so(esmf_meshmod_esmf_meshcreatefrompointer_+0x6d) [0x2ae69a386ced]
 7  /glade/scratch/dunlap/esmf-testing/nvhpc_21.11_openmpi_g_patch_8.3.1/esmf/DEFAULTINSTALLDIR/lib/libg/Linux.nvhpc.64.openmpi.default/libesmf.so(esmf_gridutilmod_esmf_gridtomesh_+0x52d) [0x2ae69a1e326d]
 8  /glade/scratch/dunlap/esmf-testing/nvhpc_21.11_openmpi_g_patch_8.3.1/esmf/DEFAULTINSTALLDIR/lib/libg/Linux.nvhpc.64.openmpi.default/libesmf.so(esmf_fieldregridmod_b_or_p_gridtomesh_+0x5a8) [0x2ae69a0a3fa8]
 9  /glade/scratch/dunlap/esmf-testing/nvhpc_21.11_openmpi_g_patch_8.3.1/esmf/DEFAULTINSTALLDIR/lib/libg/Linux.nvhpc.64.openmpi.default/libesmf.so(esmf_fieldregridmod_getmeshwithnodesonfieldloc_+0x55e) [0x2ae69a09f45e]
10  /glade/scratch/dunlap/esmf-testing/nvhpc_21.11_openmpi_g_patch_8.3.1/esmf/DEFAULTINSTALLDIR/lib/libg/Linux.nvhpc.64.openmpi.default/libesmf.so(esmf_fieldregridmod_esmf_fieldregridstorenx_+0xf6d) [0x2ae69a09cf6d]
11  /glade/scratch/dunlap/esmf-testing/nvhpc_21.11_openmpi_g_patch_8.3.1/esmf/DEFAULTINSTALLDIR/lib/libg/Linux.nvhpc.64.openmpi.default/libesmf.so(nuopc_connector_fieldbundlecplstore_+0x1172a) [0x2ae69a7f6baa]
12  /glade/scratch/dunlap/esmf-testing/nvhpc_21.11_openmpi_g_patch_8.3.1/esmf/DEFAULTINSTALLDIR/lib/libg/Linux.nvhpc.64.openmpi.default/libesmf.so(nuopc_connector_initializeipdv05p6b_+0x79cc) [0x2ae69a7d158c]
13  /glade/scratch/dunlap/esmf-testing/nvhpc_21.11_openmpi_g_patch_8.3.1/esmf/DEFAULTINSTALLDIR/lib/libg/Linux.nvhpc.64.openmpi.default/libesmf.so(_ZN5ESMCI6FTable12callVFuncPtrEPKcPNS_2VMEPi+0xc30) [0x2ae69927df70]
14  /glade/scratch/dunlap/esmf-testing/nvhpc_21.11_openmpi_g_patch_8.3.1/esmf/DEFAULTINSTALLDIR/lib/libg/Linux.nvhpc.64.openmpi.default/libesmf.so(ESMCI_FTableCallEntryPointVMHop+0x293) [0x2ae6992791d3]
15  /glade/scratch/dunlap/esmf-testing/nvhpc_21.11_openmpi_g_patch_8.3.1/esmf/DEFAULTINSTALLDIR/lib/libg/Linux.nvhpc.64.openmpi.default/libesmf.so(_ZN5ESMCI3VMK5enterEPNS_7VMKPlanEPvS3_+0xbb) [0x2ae699ad21fb]
16  /glade/scratch/dunlap/esmf-testing/nvhpc_21.11_openmpi_g_patch_8.3.1/esmf/DEFAULTINSTALLDIR/lib/libg/Linux.nvhpc.64.openmpi.default/libesmf.so(_ZN5ESMCI2VM5enterEPNS_6VMPlanEPvS3_+0xbe) [0x2ae699afb7be]
[r11i1n32:72358] *** Process received signal ***
[r11i1n32:72358] Signal: Segmentation fault (11)
[r11i1n32:72358] Signal code:  (-6)
[r11i1n32:72358] Failing at address: 0x105700011aa6
[r11i1n32:72360] [ 0] [r11i1n32:72361] *** Process received signal ***
[r11i1n32:72361] Signal: Segmentation fault (11)
[r11i1n32:72361] Signal code:  (-6)
[r11i1n32:72361] Failing at address: 0x105700011aa9
17  /glade/scratch/dunlap/esmf-testing/nvhpc_21.11_openmpi_g_patch_8.3.1/esmf/DEFAULTINSTALLDIR/lib/libg/Linux.nvhpc.64.openmpi.default/libesmf.so(c_esmc_ftablecallentrypointvm_+0x393) [0x2ae699279693]
18  /glade/scratch/dunlap/esmf-testing/nvhpc_21.11_openmpi_g_patch_8.3.1/esmf/DEFAULTINSTALLDIR/lib/libg/Linux.nvhpc.64.openmpi.default/libesmf.so(esmf_compmod_esmf_compexecute_+0xa26) [0x2ae699e2eee6]
19  /glade/scratch/dunlap/esmf-testing/nvhpc_21.11_openmpi_g_patch_8.3.1/esmf/DEFAULTINSTALLDIR/lib/libg/Linux.nvhpc.64.openmpi.default/libesmf.so(esmf_cplcompmod_esmf_cplcompinitialize_+0x1de) [0x2ae699e47b9e]
20  /glade/scratch/dunlap/esmf-testing/nvhpc_21.11_openmpi_g_patch_8.3.1/esmf/DEFAULTINSTALLDIR/lib/libg/Linux.nvhpc.64.openmpi.default/libesmf.so(nuopc_driver_loopconnectorcompss_+0x1636) [0x2ae69a826c76]
21  /glade/scratch/dunlap/esmf-testing/nvhpc_21.11_openmpi_g_patch_8.3.1/esmf/DEFAULTINSTALLDIR/lib/libg/Linux.nvhpc.64.openmpi.default/libesmf.so(nuopc_driver_initializeipdv02p3_+0x4286) [0x2ae69a81aec6]
22  /glade/scratch/dunlap/esmf-testing/nvhpc_21.11_openmpi_g_patch_8.3.1/esmf/DEFAULTINSTALLDIR/lib/libg/Linux.nvhpc.64.openmpi.default/libesmf.so(nuopc_driver_initializep1_+0xc1c) [0x2ae69a8004dc]
23  /glade/scratch/dunlap/esmf-testing/nvhpc_21.11_openmpi_g_patch_8.3.1/esmf/DEFAULTINSTALLDIR/lib/libg/Linux.nvhpc.64.openmpi.default/libesmf.so(_ZN5ESMCI6FTable12callVFuncPtrEPKcPNS_2VMEPi+0xc30) [0x2ae69927df70]
24  /glade/scratch/dunlap/esmf-testing/nvhpc_21.11_openmpi_g_patch_8.3.1/esmf/DEFAULTINSTALLDIR/lib/libg/Linux.nvhpc.64.openmpi.default/libesmf.so(ESMCI_FTableCallEntryPointVMHop+0x293) [0x2ae6992791d3]
25  /glade/scratch/dunlap/esmf-testing/nvhpc_21.11_openmpi_g_patch_8.3.1/esmf/DEFAULTINSTALLDIR/lib/libg/Linux.nvhpc.64.openmpi.default/libesmf.so(_ZN5ESMCI3VMK5enterEPNS_7VMKPlanEPvS3_+0xbb) [0x2ae699ad21fb]
26  /glade/scratch/dunlap/esmf-testing/nvhpc_21.11_openmpi_g_patch_8.3.1/esmf/DEFAULTINSTALLDIR/lib/libg/Linux.nvhpc.64.openmpi.default/libesmf.so(_ZN5ESMCI2VM5enterEPNS_6VMPlanEPvS3_+0xbe) [0x2ae699afb7be]
27  /glade/scratch/dunlap/esmf-testing/nvhpc_21.11_openmpi_g_patch_8.3.1/esmf/DEFAULTINSTALLDIR/lib/libg/Linux.nvhpc.64.openmpi.default/libesmf.so(c_esmc_ftablecallentrypointvm_+0x393) [0x2ae699279693]
28  /glade/scratch/dunlap/esmf-testing/nvhpc_21.11_openmpi_g_patch_8.3.1/esmf/DEFAULTINSTALLDIR/lib/libg/Linux.nvhpc.64.openmpi.default/libesmf.so(esmf_compmod_esmf_compexecute_+0xa26) [0x2ae699e2eee6]
29  /glade/scratch/dunlap/esmf-testing/nvhpc_21.11_openmpi_g_patch_8.3.1/esmf/DEFAULTINSTALLDIR/lib/libg/Linux.nvhpc.64.openmpi.default/libesmf.so(esmf_gridcompmod_esmf_gridcompinitialize_+0x1de) [0x2ae69a1021de]
30  ./esmApp() [0x407888]
31  ./esmApp() [0x407373]
32  /glade/u/apps/ch/os/lib64/libc.so.6(__libc_start_main+0xf5) [0x2ae69ff4ba35]
33  ./esmApp() [0x407269]
=================================
/glade/u/apps/ch/os/lib64/libpthread.so.0(+0x11c00)[0x2aed17a35c00]
[r11i1n32:72360] [ 1] [r11i1n32:72361] [ 0] [r11i1n32:72358] [ 0] /glade/u/apps/ch/os/lib64/libpthread.so.0(+0x11c00)[0x2b215d4c8c00]
[r11i1n32:72358] [ 1] [r11i1n32:72359] *** Process received signal ***
[r11i1n32:72359] Signal: Segmentation fault (11)
[r11i1n32:72359] Signal code:  (-6)
[r11i1n32:72359] Failing at address: 0x105700011aa7
/glade/u/apps/ch/os/lib64/libpthread.so.0(+0x11c00)[0x2b8eac228c00]
[r11i1n32:72361] [ 1] [r11i1n32:72359] [ 0] /glade/u/apps/ch/os/lib64/libpthread.so.0(+0x11c00)[0x2ae69f67ac00]
[r11i1n32:72359] [ 1] /glade/scratch/dunlap/esmf-testing/nvhpc_21.11_openmpi_g_patch_8.3.1/esmf/DEFAULTINSTALLDIR/lib/libg/Linux.nvhpc.64.openmpi.default/libesmf.so(_ZN5ESMCI6LogErr13MsgFoundErrorEiPKciS2_S2_Pi+0x34)[0x2aed117ebaf4]
[r11i1n32:72360] [ 2] /glade/scratch/dunlap/esmf-testing/nvhpc_21.11_openmpi_g_patch_8.3.1/esmf/DEFAULTINSTALLDIR/lib/libg/Linux.nvhpc.64.openmpi.default/libesmf.so(_ZN5ESMCI6LogErr13MsgFoundErrorEiPKciS2_S2_Pi+0x34)[0x2b8ea5fdeaf4]
[r11i1n32:72361] [ 2] /glade/scratch/dunlap/esmf-testing/nvhpc_21.11_openmpi_g_patch_8.3.1/esmf/DEFAULTINSTALLDIR/lib/libg/Linux.nvhpc.64.openmpi.default/libesmf.so(_ZN5ESMCI6LogErr13MsgFoundErrorEiPKciS2_S2_Pi+0x34)[0x2b215727eaf4]
[r11i1n32:72358] [ 2] /glade/scratch/dunlap/esmf-testing/nvhpc_21.11_openmpi_g_patch_8.3.1/esmf/DEFAULTINSTALLDIR/lib/libg/Linux.nvhpc.64.openmpi.default/libesmf.so(_ZN5ESMCI6LogErr13MsgFoundErrorEiPKciS2_S2_Pi+0x34)[0x2ae699430af4]
[r11i1n32:72359] [ 2] /glade/scratch/dunlap/esmf-testing/nvhpc_21.11_openmpi_g_patch_8.3.1/esmf/DEFAULTINSTALLDIR/lib/libg/Linux.nvhpc.64.openmpi.default/libesmf.so(_ZN5ESMCI7MeshCap22meshcreatenodedistgridEPi+0x7f)[0x2aed11a0cf7f]
[r11i1n32:72360] [ 3] /glade/scratch/dunlap/esmf-testing/nvhpc_21.11_openmpi_g_patch_8.3.1/esmf/DEFAULTINSTALLDIR/lib/libg/Linux.nvhpc.64.openmpi.default/libesmf.so(_ZN5ESMCI7MeshCap22meshcreatenodedistgridEPi+0x7f)[0x2b215749ff7f]
[r11i1n32:72358] [ 3] /glade/scratch/dunlap/esmf-testing/nvhpc_21.11_openmpi_g_patch_8.3.1/esmf/DEFAULTINSTALLDIR/lib/libg/Linux.nvhpc.64.openmpi.default/libesmf.so(_ZN5ESMCI7MeshCap22meshcreatenodedistgridEPi+0x7f)[0x2b8ea61fff7f]
[r11i1n32:72361] [ 3] /glade/scratch/dunlap/esmf-testing/nvhpc_21.11_openmpi_g_patch_8.3.1/esmf/DEFAULTINSTALLDIR/lib/libg/Linux.nvhpc.64.openmpi.default/libesmf.so(_ZN5ESMCI7MeshCap22meshcreatenodedistgridEPi+0x7f)[0x2ae699651f7f]
[r11i1n32:72359] [ 3] /glade/scratch/dunlap/esmf-testing/nvhpc_21.11_openmpi_g_patch_8.3.1/esmf/DEFAULTINSTALLDIR/lib/libg/Linux.nvhpc.64.openmpi.default/libesmf.so(c_esmc_meshcreatenodedistgrid_+0xc1)[0x2aed11a60241]
[r11i1n32:72360] [ 4] /glade/scratch/dunlap/esmf-testing/nvhpc_21.11_openmpi_g_patch_8.3.1/esmf/DEFAULTINSTALLDIR/lib/libg/Linux.nvhpc.64.openmpi.default/libesmf.so(c_esmc_meshcreatenodedistgrid_+0xc1)[0x2b8ea6253241]
[r11i1n32:72361] [ 4] /glade/scratch/dunlap/esmf-testing/nvhpc_21.11_openmpi_g_patch_8.3.1/esmf/DEFAULTINSTALLDIR/lib/libg/Linux.nvhpc.64.openmpi.default/libesmf.so(c_esmc_meshcreatenodedistgrid_+0xc1)[0x2b21574f3241]
[r11i1n32:72358] [ 4] /glade/scratch/dunlap/esmf-testing/nvhpc_21.11_openmpi_g_patch_8.3.1/esmf/DEFAULTINSTALLDIR/lib/libg/Linux.nvhpc.64.openmpi.default/libesmf.so(c_esmc_meshcreatenodedistgrid_+0xc1)[0x2ae6996a5241]
[r11i1n32:72359] [ 4] /glade/scratch/dunlap/esmf-testing/nvhpc_21.11_openmpi_g_patch_8.3.1/esmf/DEFAULTINSTALLDIR/lib/libg/Linux.nvhpc.64.openmpi.default/libesmf.so(esmf_meshmod_esmf_meshcreatefrompointer_+0x6d)[0x2aed12741ced]
[r11i1n32:72360] [ 5] /glade/scratch/dunlap/esmf-testing/nvhpc_21.11_openmpi_g_patch_8.3.1/esmf/DEFAULTINSTALLDIR/lib/libg/Linux.nvhpc.64.openmpi.default/libesmf.so(esmf_meshmod_esmf_meshcreatefrompointer_+0x6d)[0x2b21581d4ced]
[r11i1n32:72358] [ 5] /glade/scratch/dunlap/esmf-testing/nvhpc_21.11_openmpi_g_patch_8.3.1/esmf/DEFAULTINSTALLDIR/lib/libg/Linux.nvhpc.64.openmpi.default/libesmf.so(esmf_meshmod_esmf_meshcreatefrompointer_+0x6d)[0x2b8ea6f34ced]
[r11i1n32:72361] [ 5] /glade/scratch/dunlap/esmf-testing/nvhpc_21.11_openmpi_g_patch_8.3.1/esmf/DEFAULTINSTALLDIR/lib/libg/Linux.nvhpc.64.openmpi.default/libesmf.so(esmf_meshmod_esmf_meshcreatefrompointer_+0x6d)[0x2ae69a386ced]
[r11i1n32:72359] [ 5] /glade/scratch/dunlap/esmf-testing/nvhpc_21.11_openmpi_g_patch_8.3.1/esmf/DEFAULTINSTALLDIR/lib/libg/Linux.nvhpc.64.openmpi.default/libesmf.so(esmf_gridutilmod_esmf_gridtomesh_+0x52d)[0x2aed1259e26d]
[r11i1n32:72360] [ 6] /glade/scratch/dunlap/esmf-testing/nvhpc_21.11_openmpi_g_patch_8.3.1/esmf/DEFAULTINSTALLDIR/lib/libg/Linux.nvhpc.64.openmpi.default/libesmf.so(esmf_gridutilmod_esmf_gridtomesh_+0x52d)[0x2b8ea6d9126d]
[r11i1n32:72361] [ 6] /glade/scratch/dunlap/esmf-testing/nvhpc_21.11_openmpi_g_patch_8.3.1/esmf/DEFAULTINSTALLDIR/lib/libg/Linux.nvhpc.64.openmpi.default/libesmf.so(esmf_gridutilmod_esmf_gridtomesh_+0x52d)[0x2b215803126d]
[r11i1n32:72358] [ 6] /glade/scratch/dunlap/esmf-testing/nvhpc_21.11_openmpi_g_patch_8.3.1/esmf/DEFAULTINSTALLDIR/lib/libg/Linux.nvhpc.64.openmpi.default/libesmf.so(esmf_gridutilmod_esmf_gridtomesh_+0x52d)[0x2ae69a1e326d]
[r11i1n32:72359] [ 6] /glade/scratch/dunlap/esmf-testing/nvhpc_21.11_openmpi_g_patch_8.3.1/esmf/DEFAULTINSTALLDIR/lib/libg/Linux.nvhpc.64.openmpi.default/libesmf.so(esmf_fieldregridmod_b_or_p_gridtomesh_+0x5a8)[0x2b2157ef1fa8]
[r11i1n32:72358] [ 7] /glade/scratch/dunlap/esmf-testing/nvhpc_21.11_openmpi_g_patch_8.3.1/esmf/DEFAULTINSTALLDIR/lib/libg/Linux.nvhpc.64.openmpi.default/libesmf.so(esmf_fieldregridmod_b_or_p_gridtomesh_+0x5a8)[0x2aed1245efa8]
[r11i1n32:72360] [ 7] /glade/scratch/dunlap/esmf-testing/nvhpc_21.11_openmpi_g_patch_8.3.1/esmf/DEFAULTINSTALLDIR/lib/libg/Linux.nvhpc.64.openmpi.default/libesmf.so(esmf_fieldregridmod_b_or_p_gridtomesh_+0x5a8)[0x2b8ea6c51fa8]
[r11i1n32:72361] [ 7] /glade/scratch/dunlap/esmf-testing/nvhpc_21.11_openmpi_g_patch_8.3.1/esmf/DEFAULTINSTALLDIR/lib/libg/Linux.nvhpc.64.openmpi.default/libesmf.so(esmf_fieldregridmod_b_or_p_gridtomesh_+0x5a8)[0x2ae69a0a3fa8]
[r11i1n32:72359] [ 7] /glade/scratch/dunlap/esmf-testing/nvhpc_21.11_openmpi_g_patch_8.3.1/esmf/DEFAULTINSTALLDIR/lib/libg/Linux.nvhpc.64.openmpi.default/libesmf.so(esmf_fieldregridmod_getmeshwithnodesonfieldloc_+0x55e)[0x2b8ea6c4d45e]
[r11i1n32:72361] [ 8] /glade/scratch/dunlap/esmf-testing/nvhpc_21.11_openmpi_g_patch_8.3.1/esmf/DEFAULTINSTALLDIR/lib/libg/Linux.nvhpc.64.openmpi.default/libesmf.so(esmf_fieldregridmod_getmeshwithnodesonfieldloc_+0x55e)[0x2b2157eed45e]
[r11i1n32:72358] [ 8] /glade/scratch/dunlap/esmf-testing/nvhpc_21.11_openmpi_g_patch_8.3.1/esmf/DEFAULTINSTALLDIR/lib/libg/Linux.nvhpc.64.openmpi.default/libesmf.so(esmf_fieldregridmod_getmeshwithnodesonfieldloc_+0x55e)[0x2aed1245a45e]
[r11i1n32:72360] [ 8] /glade/scratch/dunlap/esmf-testing/nvhpc_21.11_openmpi_g_patch_8.3.1/esmf/DEFAULTINSTALLDIR/lib/libg/Linux.nvhpc.64.openmpi.default/libesmf.so(esmf_fieldregridmod_getmeshwithnodesonfieldloc_+0x55e)[0x2ae69a09f45e]
[r11i1n32:72359] [ 8] /glade/scratch/dunlap/esmf-testing/nvhpc_21.11_openmpi_g_patch_8.3.1/esmf/DEFAULTINSTALLDIR/lib/libg/Linux.nvhpc.64.openmpi.default/libesmf.so(esmf_fieldregridmod_esmf_fieldregridstorenx_+0xf6d)[0x2aed12457f6d]
[r11i1n32:72360] [ 9] /glade/scratch/dunlap/esmf-testing/nvhpc_21.11_openmpi_g_patch_8.3.1/esmf/DEFAULTINSTALLDIR/lib/libg/Linux.nvhpc.64.openmpi.default/libesmf.so(esmf_fieldregridmod_esmf_fieldregridstorenx_+0xf6d)[0x2b8ea6c4af6d]
[r11i1n32:72361] [ 9] /glade/scratch/dunlap/esmf-testing/nvhpc_21.11_openmpi_g_patch_8.3.1/esmf/DEFAULTINSTALLDIR/lib/libg/Linux.nvhpc.64.openmpi.default/libesmf.so(esmf_fieldregridmod_esmf_fieldregridstorenx_+0xf6d)[0x2b2157eeaf6d]
[r11i1n32:72358] [ 9] /glade/scratch/dunlap/esmf-testing/nvhpc_21.11_openmpi_g_patch_8.3.1/esmf/DEFAULTINSTALLDIR/lib/libg/Linux.nvhpc.64.openmpi.default/libesmf.so(esmf_fieldregridmod_esmf_fieldregridstorenx_+0xf6d)[0x2ae69a09cf6d]
[r11i1n32:72359] [ 9] /glade/scratch/dunlap/esmf-testing/nvhpc_21.11_openmpi_g_patch_8.3.1/esmf/DEFAULTINSTALLDIR/lib/libg/Linux.nvhpc.64.openmpi.default/libesmf.so(nuopc_connector_fieldbundlecplstore_+0x1172a)[0x2b2158644baa]
[r11i1n32:72358] [10] /glade/scratch/dunlap/esmf-testing/nvhpc_21.11_openmpi_g_patch_8.3.1/esmf/DEFAULTINSTALLDIR/lib/libg/Linux.nvhpc.64.openmpi.default/libesmf.so(nuopc_connector_fieldbundlecplstore_+0x1172a)[0x2aed12bb1baa]
[r11i1n32:72360] [10] /glade/scratch/dunlap/esmf-testing/nvhpc_21.11_openmpi_g_patch_8.3.1/esmf/DEFAULTINSTALLDIR/lib/libg/Linux.nvhpc.64.openmpi.default/libesmf.so(nuopc_connector_fieldbundlecplstore_+0x1172a)[0x2b8ea73a4baa]
[r11i1n32:72361] [10] /glade/scratch/dunlap/esmf-testing/nvhpc_21.11_openmpi_g_patch_8.3.1/esmf/DEFAULTINSTALLDIR/lib/libg/Linux.nvhpc.64.openmpi.default/libesmf.so(nuopc_connector_fieldbundlecplstore_+0x1172a)[0x2ae69a7f6baa]
[r11i1n32:72359] [10] /glade/scratch/dunlap/esmf-testing/nvhpc_21.11_openmpi_g_patch_8.3.1/esmf/DEFAULTINSTALLDIR/lib/libg/Linux.nvhpc.64.openmpi.default/libesmf.so(nuopc_connector_initializeipdv05p6b_+0x79cc)[0x2b8ea737f58c]
[r11i1n32:72361] [11] /glade/scratch/dunlap/esmf-testing/nvhpc_21.11_openmpi_g_patch_8.3.1/esmf/DEFAULTINSTALLDIR/lib/libg/Linux.nvhpc.64.openmpi.default/libesmf.so(nuopc_connector_initializeipdv05p6b_+0x79cc)[0x2b215861f58c]
[r11i1n32:72358] [11] /glade/scratch/dunlap/esmf-testing/nvhpc_21.11_openmpi_g_patch_8.3.1/esmf/DEFAULTINSTALLDIR/lib/libg/Linux.nvhpc.64.openmpi.default/libesmf.so(nuopc_connector_initializeipdv05p6b_+0x79cc)[0x2aed12b8c58c]
[r11i1n32:72360] [11] /glade/scratch/dunlap/esmf-testing/nvhpc_21.11_openmpi_g_patch_8.3.1/esmf/DEFAULTINSTALLDIR/lib/libg/Linux.nvhpc.64.openmpi.default/libesmf.so(nuopc_connector_initializeipdv05p6b_+0x79cc)[0x2ae69a7d158c]
[r11i1n32:72359] [11] /glade/scratch/dunlap/esmf-testing/nvhpc_21.11_openmpi_g_patch_8.3.1/esmf/DEFAULTINSTALLDIR/lib/libg/Linux.nvhpc.64.openmpi.default/libesmf.so(_ZN5ESMCI6FTable12callVFuncPtrEPKcPNS_2VMEPi+0xc30)[0x2b8ea5e2bf70]
[r11i1n32:72361] [12] /glade/scratch/dunlap/esmf-testing/nvhpc_21.11_openmpi_g_patch_8.3.1/esmf/DEFAULTINSTALLDIR/lib/libg/Linux.nvhpc.64.openmpi.default/libesmf.so(_ZN5ESMCI6FTable12callVFuncPtrEPKcPNS_2VMEPi+0xc30)[0x2b21570cbf70]
[r11i1n32:72358] [12] /glade/scratch/dunlap/esmf-testing/nvhpc_21.11_openmpi_g_patch_8.3.1/esmf/DEFAULTINSTALLDIR/lib/libg/Linux.nvhpc.64.openmpi.default/libesmf.so(_ZN5ESMCI6FTable12callVFuncPtrEPKcPNS_2VMEPi+0xc30)[0x2aed11638f70]
[r11i1n32:72360] [12] /glade/scratch/dunlap/esmf-testing/nvhpc_21.11_openmpi_g_patch_8.3.1/esmf/DEFAULTINSTALLDIR/lib/libg/Linux.nvhpc.64.openmpi.default/libesmf.so(_ZN5ESMCI6FTable12callVFuncPtrEPKcPNS_2VMEPi+0xc30)[0x2ae69927df70]
[r11i1n32:72359] [12] /glade/scratch/dunlap/esmf-testing/nvhpc_21.11_openmpi_g_patch_8.3.1/esmf/DEFAULTINSTALLDIR/lib/libg/Linux.nvhpc.64.openmpi.default/libesmf.so(ESMCI_FTableCallEntryPointVMHop+0x293)[0x2b8ea5e271d3]
[r11i1n32:72361] [13] /glade/scratch/dunlap/esmf-testing/nvhpc_21.11_openmpi_g_patch_8.3.1/esmf/DEFAULTINSTALLDIR/lib/libg/Linux.nvhpc.64.openmpi.default/libesmf.so(ESMCI_FTableCallEntryPointVMHop+0x293)[0x2b21570c71d3]
[r11i1n32:72358] [13] /glade/scratch/dunlap/esmf-testing/nvhpc_21.11_openmpi_g_patch_8.3.1/esmf/DEFAULTINSTALLDIR/lib/libg/Linux.nvhpc.64.openmpi.default/libesmf.so(ESMCI_FTableCallEntryPointVMHop+0x293)[0x2aed116341d3]
[r11i1n32:72360] [13] /glade/scratch/dunlap/esmf-testing/nvhpc_21.11_openmpi_g_patch_8.3.1/esmf/DEFAULTINSTALLDIR/lib/libg/Linux.nvhpc.64.openmpi.default/libesmf.so(ESMCI_FTableCallEntryPointVMHop+0x293)[0x2ae6992791d3]
[r11i1n32:72359] [13] /glade/scratch/dunlap/esmf-testing/nvhpc_21.11_openmpi_g_patch_8.3.1/esmf/DEFAULTINSTALLDIR/lib/libg/Linux.nvhpc.64.openmpi.default/libesmf.so(_ZN5ESMCI3VMK5enterEPNS_7VMKPlanEPvS3_+0xbb)[0x2b8ea66801fb]
[r11i1n32:72361] [14] /glade/scratch/dunlap/esmf-testing/nvhpc_21.11_openmpi_g_patch_8.3.1/esmf/DEFAULTINSTALLDIR/lib/libg/Linux.nvhpc.64.openmpi.default/libesmf.so(_ZN5ESMCI3VMK5enterEPNS_7VMKPlanEPvS3_+0xbb)[0x2b21579201fb]
[r11i1n32:72358] [14] /glade/scratch/dunlap/esmf-testing/nvhpc_21.11_openmpi_g_patch_8.3.1/esmf/DEFAULTINSTALLDIR/lib/libg/Linux.nvhpc.64.openmpi.default/libesmf.so(_ZN5ESMCI3VMK5enterEPNS_7VMKPlanEPvS3_+0xbb)[0x2aed11e8d1fb]
[r11i1n32:72360] [14] /glade/scratch/dunlap/esmf-testing/nvhpc_21.11_openmpi_g_patch_8.3.1/esmf/DEFAULTINSTALLDIR/lib/libg/Linux.nvhpc.64.openmpi.default/libesmf.so(_ZN5ESMCI3VMK5enterEPNS_7VMKPlanEPvS3_+0xbb)[0x2ae699ad21fb]
[r11i1n32:72359] [14] /glade/scratch/dunlap/esmf-testing/nvhpc_21.11_openmpi_g_patch_8.3.1/esmf/DEFAULTINSTALLDIR/lib/libg/Linux.nvhpc.64.openmpi.default/libesmf.so(_ZN5ESMCI2VM5enterEPNS_6VMPlanEPvS3_+0xbe)[0x2b8ea66a97be]
[r11i1n32:72361] [15] /glade/scratch/dunlap/esmf-testing/nvhpc_21.11_openmpi_g_patch_8.3.1/esmf/DEFAULTINSTALLDIR/lib/libg/Linux.nvhpc.64.openmpi.default/libesmf.so(_ZN5ESMCI2VM5enterEPNS_6VMPlanEPvS3_+0xbe)[0x2aed11eb67be]
[r11i1n32:72360] [15] /glade/scratch/dunlap/esmf-testing/nvhpc_21.11_openmpi_g_patch_8.3.1/esmf/DEFAULTINSTALLDIR/lib/libg/Linux.nvhpc.64.openmpi.default/libesmf.so(_ZN5ESMCI2VM5enterEPNS_6VMPlanEPvS3_+0xbe)[0x2b21579497be]
[r11i1n32:72358] [15] /glade/scratch/dunlap/esmf-testing/nvhpc_21.11_openmpi_g_patch_8.3.1/esmf/DEFAULTINSTALLDIR/lib/libg/Linux.nvhpc.64.openmpi.default/libesmf.so(_ZN5ESMCI2VM5enterEPNS_6VMPlanEPvS3_+0xbe)[0x2ae699afb7be]
[r11i1n32:72359] [15] /glade/scratch/dunlap/esmf-testing/nvhpc_21.11_openmpi_g_patch_8.3.1/esmf/DEFAULTINSTALLDIR/lib/libg/Linux.nvhpc.64.openmpi.default/libesmf.so(c_esmc_ftablecallentrypointvm_+0x393)[0x2b8ea5e27693]
[r11i1n32:72361] [16] /glade/scratch/dunlap/esmf-testing/nvhpc_21.11_openmpi_g_patch_8.3.1/esmf/DEFAULTINSTALLDIR/lib/libg/Linux.nvhpc.64.openmpi.default/libesmf.so(c_esmc_ftablecallentrypointvm_+0x393)[0x2b21570c7693]
[r11i1n32:72358] [16] /glade/scratch/dunlap/esmf-testing/nvhpc_21.11_openmpi_g_patch_8.3.1/esmf/DEFAULTINSTALLDIR/lib/libg/Linux.nvhpc.64.openmpi.default/libesmf.so(c_esmc_ftablecallentrypointvm_+0x393)[0x2aed11634693]
[r11i1n32:72360] [16] /glade/scratch/dunlap/esmf-testing/nvhpc_21.11_openmpi_g_patch_8.3.1/esmf/DEFAULTINSTALLDIR/lib/libg/Linux.nvhpc.64.openmpi.default/libesmf.so(c_esmc_ftablecallentrypointvm_+0x393)[0x2ae699279693]
[r11i1n32:72359] [16] /glade/scratch/dunlap/esmf-testing/nvhpc_21.11_openmpi_g_patch_8.3.1/esmf/DEFAULTINSTALLDIR/lib/libg/Linux.nvhpc.64.openmpi.default/libesmf.so(esmf_compmod_esmf_compexecute_+0xa26)[0x2b8ea69dcee6]
[r11i1n32:72361] [17] /glade/scratch/dunlap/esmf-testing/nvhpc_21.11_openmpi_g_patch_8.3.1/esmf/DEFAULTINSTALLDIR/lib/libg/Linux.nvhpc.64.openmpi.default/libesmf.so(esmf_compmod_esmf_compexecute_+0xa26)[0x2aed121e9ee6]
[r11i1n32:72360] [17] /glade/scratch/dunlap/esmf-testing/nvhpc_21.11_openmpi_g_patch_8.3.1/esmf/DEFAULTINSTALLDIR/lib/libg/Linux.nvhpc.64.openmpi.default/libesmf.so(esmf_compmod_esmf_compexecute_+0xa26)[0x2b2157c7cee6]
[r11i1n32:72358] [17] /glade/scratch/dunlap/esmf-testing/nvhpc_21.11_openmpi_g_patch_8.3.1/esmf/DEFAULTINSTALLDIR/lib/libg/Linux.nvhpc.64.openmpi.default/libesmf.so(esmf_compmod_esmf_compexecute_+0xa26)[0x2ae699e2eee6]
[r11i1n32:72359] [17] /glade/scratch/dunlap/esmf-testing/nvhpc_21.11_openmpi_g_patch_8.3.1/esmf/DEFAULTINSTALLDIR/lib/libg/Linux.nvhpc.64.openmpi.default/libesmf.so(esmf_cplcompmod_esmf_cplcompinitialize_+0x1de)[0x2b8ea69f5b9e]
[r11i1n32:72361] [18] /glade/scratch/dunlap/esmf-testing/nvhpc_21.11_openmpi_g_patch_8.3.1/esmf/DEFAULTINSTALLDIR/lib/libg/Linux.nvhpc.64.openmpi.default/libesmf.so(esmf_cplcompmod_esmf_cplcompinitialize_+0x1de)[0x2b2157c95b9e]
[r11i1n32:72358] [18] /glade/scratch/dunlap/esmf-testing/nvhpc_21.11_openmpi_g_patch_8.3.1/esmf/DEFAULTINSTALLDIR/lib/libg/Linux.nvhpc.64.openmpi.default/libesmf.so(esmf_cplcompmod_esmf_cplcompinitialize_+0x1de)[0x2aed12202b9e]
[r11i1n32:72360] [18] /glade/scratch/dunlap/esmf-testing/nvhpc_21.11_openmpi_g_patch_8.3.1/esmf/DEFAULTINSTALLDIR/lib/libg/Linux.nvhpc.64.openmpi.default/libesmf.so(esmf_cplcompmod_esmf_cplcompinitialize_+0x1de)[0x2ae699e47b9e]
[r11i1n32:72359] [18] /glade/scratch/dunlap/esmf-testing/nvhpc_21.11_openmpi_g_patch_8.3.1/esmf/DEFAULTINSTALLDIR/lib/libg/Linux.nvhpc.64.openmpi.default/libesmf.so(nuopc_driver_loopconnectorcompss_+0x1636)[0x2b8ea73d4c76]
[r11i1n32:72361] [19] /glade/scratch/dunlap/esmf-testing/nvhpc_21.11_openmpi_g_patch_8.3.1/esmf/DEFAULTINSTALLDIR/lib/libg/Linux.nvhpc.64.openmpi.default/libesmf.so(nuopc_driver_loopconnectorcompss_+0x1636)[0x2aed12be1c76]
[r11i1n32:72360] [19] /glade/scratch/dunlap/esmf-testing/nvhpc_21.11_openmpi_g_patch_8.3.1/esmf/DEFAULTINSTALLDIR/lib/libg/Linux.nvhpc.64.openmpi.default/libesmf.so(nuopc_driver_loopconnectorcompss_+0x1636)[0x2b2158674c76]
[r11i1n32:72358] [19] /glade/scratch/dunlap/esmf-testing/nvhpc_21.11_openmpi_g_patch_8.3.1/esmf/DEFAULTINSTALLDIR/lib/libg/Linux.nvhpc.64.openmpi.default/libesmf.so(nuopc_driver_loopconnectorcompss_+0x1636)[0x2ae69a826c76]
[r11i1n32:72359] [19] /glade/scratch/dunlap/esmf-testing/nvhpc_21.11_openmpi_g_patch_8.3.1/esmf/DEFAULTINSTALLDIR/lib/libg/Linux.nvhpc.64.openmpi.default/libesmf.so(nuopc_driver_initializeipdv02p3_+0x4286)[0x2b8ea73c8ec6]
[r11i1n32:72361] [20] /glade/scratch/dunlap/esmf-testing/nvhpc_21.11_openmpi_g_patch_8.3.1/esmf/DEFAULTINSTALLDIR/lib/libg/Linux.nvhpc.64.openmpi.default/libesmf.so(nuopc_driver_initializeipdv02p3_+0x4286)[0x2b2158668ec6]
[r11i1n32:72358] [20] /glade/scratch/dunlap/esmf-testing/nvhpc_21.11_openmpi_g_patch_8.3.1/esmf/DEFAULTINSTALLDIR/lib/libg/Linux.nvhpc.64.openmpi.default/libesmf.so(nuopc_driver_initializeipdv02p3_+0x4286)[0x2aed12bd5ec6]
[r11i1n32:72360] [20] /glade/scratch/dunlap/esmf-testing/nvhpc_21.11_openmpi_g_patch_8.3.1/esmf/DEFAULTINSTALLDIR/lib/libg/Linux.nvhpc.64.openmpi.default/libesmf.so(nuopc_driver_initializeipdv02p3_+0x4286)[0x2ae69a81aec6]
[r11i1n32:72359] [20] /glade/scratch/dunlap/esmf-testing/nvhpc_21.11_openmpi_g_patch_8.3.1/esmf/DEFAULTINSTALLDIR/lib/libg/Linux.nvhpc.64.openmpi.default/libesmf.so(nuopc_driver_initializep1_+0xc1c)[0x2b8ea73ae4dc]
[r11i1n32:72361] [21] /glade/scratch/dunlap/esmf-testing/nvhpc_21.11_openmpi_g_patch_8.3.1/esmf/DEFAULTINSTALLDIR/lib/libg/Linux.nvhpc.64.openmpi.default/libesmf.so(nuopc_driver_initializep1_+0xc1c)[0x2b215864e4dc]
[r11i1n32:72358] [21] /glade/scratch/dunlap/esmf-testing/nvhpc_21.11_openmpi_g_patch_8.3.1/esmf/DEFAULTINSTALLDIR/lib/libg/Linux.nvhpc.64.openmpi.default/libesmf.so(nuopc_driver_initializep1_+0xc1c)[0x2aed12bbb4dc]
[r11i1n32:72360] [21] /glade/scratch/dunlap/esmf-testing/nvhpc_21.11_openmpi_g_patch_8.3.1/esmf/DEFAULTINSTALLDIR/lib/libg/Linux.nvhpc.64.openmpi.default/libesmf.so(nuopc_driver_initializep1_+0xc1c)[0x2ae69a8004dc]
[r11i1n32:72359] [21] /glade/scratch/dunlap/esmf-testing/nvhpc_21.11_openmpi_g_patch_8.3.1/esmf/DEFAULTINSTALLDIR/lib/libg/Linux.nvhpc.64.openmpi.default/libesmf.so(_ZN5ESMCI6FTable12callVFuncPtrEPKcPNS_2VMEPi+0xc30)[0x2b8ea5e2bf70]
[r11i1n32:72361] [22] /glade/scratch/dunlap/esmf-testing/nvhpc_21.11_openmpi_g_patch_8.3.1/esmf/DEFAULTINSTALLDIR/lib/libg/Linux.nvhpc.64.openmpi.default/libesmf.so(_ZN5ESMCI6FTable12callVFuncPtrEPKcPNS_2VMEPi+0xc30)[0x2b21570cbf70]
[r11i1n32:72358] [22] /glade/scratch/dunlap/esmf-testing/nvhpc_21.11_openmpi_g_patch_8.3.1/esmf/DEFAULTINSTALLDIR/lib/libg/Linux.nvhpc.64.openmpi.default/libesmf.so(_ZN5ESMCI6FTable12callVFuncPtrEPKcPNS_2VMEPi+0xc30)[0x2aed11638f70]
[r11i1n32:72360] [22] /glade/scratch/dunlap/esmf-testing/nvhpc_21.11_openmpi_g_patch_8.3.1/esmf/DEFAULTINSTALLDIR/lib/libg/Linux.nvhpc.64.openmpi.default/libesmf.so(_ZN5ESMCI6FTable12callVFuncPtrEPKcPNS_2VMEPi+0xc30)[0x2ae69927df70]
[r11i1n32:72359] [22] /glade/scratch/dunlap/esmf-testing/nvhpc_21.11_openmpi_g_patch_8.3.1/esmf/DEFAULTINSTALLDIR/lib/libg/Linux.nvhpc.64.openmpi.default/libesmf.so(ESMCI_FTableCallEntryPointVMHop+0x293)[0x2b8ea5e271d3]
[r11i1n32:72361] [23] /glade/scratch/dunlap/esmf-testing/nvhpc_21.11_openmpi_g_patch_8.3.1/esmf/DEFAULTINSTALLDIR/lib/libg/Linux.nvhpc.64.openmpi.default/libesmf.so(ESMCI_FTableCallEntryPointVMHop+0x293)[0x2b21570c71d3]
[r11i1n32:72358] [23] /glade/scratch/dunlap/esmf-testing/nvhpc_21.11_openmpi_g_patch_8.3.1/esmf/DEFAULTINSTALLDIR/lib/libg/Linux.nvhpc.64.openmpi.default/libesmf.so(ESMCI_FTableCallEntryPointVMHop+0x293)[0x2aed116341d3]
[r11i1n32:72360] [23] /glade/scratch/dunlap/esmf-testing/nvhpc_21.11_openmpi_g_patch_8.3.1/esmf/DEFAULTINSTALLDIR/lib/libg/Linux.nvhpc.64.openmpi.default/libesmf.so(ESMCI_FTableCallEntryPointVMHop+0x293)[0x2ae6992791d3]
[r11i1n32:72359] [23] /glade/scratch/dunlap/esmf-testing/nvhpc_21.11_openmpi_g_patch_8.3.1/esmf/DEFAULTINSTALLDIR/lib/libg/Linux.nvhpc.64.openmpi.default/libesmf.so(_ZN5ESMCI3VMK5enterEPNS_7VMKPlanEPvS3_+0xbb)[0x2b8ea66801fb]
[r11i1n32:72361] [24] /glade/scratch/dunlap/esmf-testing/nvhpc_21.11_openmpi_g_patch_8.3.1/esmf/DEFAULTINSTALLDIR/lib/libg/Linux.nvhpc.64.openmpi.default/libesmf.so(_ZN5ESMCI3VMK5enterEPNS_7VMKPlanEPvS3_+0xbb)[0x2aed11e8d1fb]
[r11i1n32:72360] [24] /glade/scratch/dunlap/esmf-testing/nvhpc_21.11_openmpi_g_patch_8.3.1/esmf/DEFAULTINSTALLDIR/lib/libg/Linux.nvhpc.64.openmpi.default/libesmf.so(_ZN5ESMCI3VMK5enterEPNS_7VMKPlanEPvS3_+0xbb)[0x2b21579201fb]
[r11i1n32:72358] [24] /glade/scratch/dunlap/esmf-testing/nvhpc_21.11_openmpi_g_patch_8.3.1/esmf/DEFAULTINSTALLDIR/lib/libg/Linux.nvhpc.64.openmpi.default/libesmf.so(_ZN5ESMCI3VMK5enterEPNS_7VMKPlanEPvS3_+0xbb)[0x2ae699ad21fb]
[r11i1n32:72359] [24] /glade/scratch/dunlap/esmf-testing/nvhpc_21.11_openmpi_g_patch_8.3.1/esmf/DEFAULTINSTALLDIR/lib/libg/Linux.nvhpc.64.openmpi.default/libesmf.so(_ZN5ESMCI2VM5enterEPNS_6VMPlanEPvS3_+0xbe)[0x2b8ea66a97be]
[r11i1n32:72361] [25] /glade/scratch/dunlap/esmf-testing/nvhpc_21.11_openmpi_g_patch_8.3.1/esmf/DEFAULTINSTALLDIR/lib/libg/Linux.nvhpc.64.openmpi.default/libesmf.so(_ZN5ESMCI2VM5enterEPNS_6VMPlanEPvS3_+0xbe)[0x2aed11eb67be]
[r11i1n32:72360] [25] /glade/scratch/dunlap/esmf-testing/nvhpc_21.11_openmpi_g_patch_8.3.1/esmf/DEFAULTINSTALLDIR/lib/libg/Linux.nvhpc.64.openmpi.default/libesmf.so(_ZN5ESMCI2VM5enterEPNS_6VMPlanEPvS3_+0xbe)[0x2b21579497be]
[r11i1n32:72358] [25] /glade/scratch/dunlap/esmf-testing/nvhpc_21.11_openmpi_g_patch_8.3.1/esmf/DEFAULTINSTALLDIR/lib/libg/Linux.nvhpc.64.openmpi.default/libesmf.so(_ZN5ESMCI2VM5enterEPNS_6VMPlanEPvS3_+0xbe)[0x2ae699afb7be]
[r11i1n32:72359] [25] /glade/scratch/dunlap/esmf-testing/nvhpc_21.11_openmpi_g_patch_8.3.1/esmf/DEFAULTINSTALLDIR/lib/libg/Linux.nvhpc.64.openmpi.default/libesmf.so(c_esmc_ftablecallentrypointvm_+0x393)[0x2b8ea5e27693]
[r11i1n32:72361] [26] /glade/scratch/dunlap/esmf-testing/nvhpc_21.11_openmpi_g_patch_8.3.1/esmf/DEFAULTINSTALLDIR/lib/libg/Linux.nvhpc.64.openmpi.default/libesmf.so(c_esmc_ftablecallentrypointvm_+0x393)[0x2aed11634693]
[r11i1n32:72360] [26] /glade/scratch/dunlap/esmf-testing/nvhpc_21.11_openmpi_g_patch_8.3.1/esmf/DEFAULTINSTALLDIR/lib/libg/Linux.nvhpc.64.openmpi.default/libesmf.so(c_esmc_ftablecallentrypointvm_+0x393)[0x2b21570c7693]
[r11i1n32:72358] [26] /glade/scratch/dunlap/esmf-testing/nvhpc_21.11_openmpi_g_patch_8.3.1/esmf/DEFAULTINSTALLDIR/lib/libg/Linux.nvhpc.64.openmpi.default/libesmf.so(c_esmc_ftablecallentrypointvm_+0x393)[0x2ae699279693]
[r11i1n32:72359] [26] /glade/scratch/dunlap/esmf-testing/nvhpc_21.11_openmpi_g_patch_8.3.1/esmf/DEFAULTINSTALLDIR/lib/libg/Linux.nvhpc.64.openmpi.default/libesmf.so(esmf_compmod_esmf_compexecute_+0xa26)[0x2b8ea69dcee6]
[r11i1n32:72361] [27] /glade/scratch/dunlap/esmf-testing/nvhpc_21.11_openmpi_g_patch_8.3.1/esmf/DEFAULTINSTALLDIR/lib/libg/Linux.nvhpc.64.openmpi.default/libesmf.so(esmf_compmod_esmf_compexecute_+0xa26)[0x2aed121e9ee6]
[r11i1n32:72360] [27] /glade/scratch/dunlap/esmf-testing/nvhpc_21.11_openmpi_g_patch_8.3.1/esmf/DEFAULTINSTALLDIR/lib/libg/Linux.nvhpc.64.openmpi.default/libesmf.so(esmf_compmod_esmf_compexecute_+0xa26)[0x2b2157c7cee6]
[r11i1n32:72358] [27] /glade/scratch/dunlap/esmf-testing/nvhpc_21.11_openmpi_g_patch_8.3.1/esmf/DEFAULTINSTALLDIR/lib/libg/Linux.nvhpc.64.openmpi.default/libesmf.so(esmf_compmod_esmf_compexecute_+0xa26)[0x2ae699e2eee6]
[r11i1n32:72359] [27] /glade/scratch/dunlap/esmf-testing/nvhpc_21.11_openmpi_g_patch_8.3.1/esmf/DEFAULTINSTALLDIR/lib/libg/Linux.nvhpc.64.openmpi.default/libesmf.so(esmf_gridcompmod_esmf_gridcompinitialize_+0x1de)[0x2b8ea6cb01de]
[r11i1n32:72361] [28] ./esmApp[0x407888]
[r11i1n32:72361] /glade/scratch/dunlap/esmf-testing/nvhpc_21.11_openmpi_g_patch_8.3.1/esmf/DEFAULTINSTALLDIR/lib/libg/Linux.nvhpc.64.openmpi.default/libesmf.so(esmf_gridcompmod_esmf_gridcompinitialize_+0x1de)[0x2b2157f501de]
[r11i1n32:72358] [28] ./esmApp[0x407888]
[r11i1n32:72358] [29] /glade/scratch/dunlap/esmf-testing/nvhpc_21.11_openmpi_g_patch_8.3.1/esmf/DEFAULTINSTALLDIR/lib/libg/Linux.nvhpc.64.openmpi.default/libesmf.so(esmf_gridcompmod_esmf_gridcompinitialize_+0x1de)[0x2aed124bd1de]
[r11i1n32:72360] [28] ./esmApp[0x407888]
[r11i1n32:72360] [29] ./esmApp[0x407373]
[r11i1n32:72361] *** End of error message ***
[29] ./esmApp[0x407373]
[r11i1n32:72360] *** End of error message ***
./esmApp[0x407373]
[r11i1n32:72358] *** End of error message ***
/glade/scratch/dunlap/esmf-testing/nvhpc_21.11_openmpi_g_patch_8.3.1/esmf/DEFAULTINSTALLDIR/lib/libg/Linux.nvhpc.64.openmpi.default/libesmf.so(esmf_gridcompmod_esmf_gridcompinitialize_+0x1de)[0x2ae69a1021de]
[r11i1n32:72359] [28] ./esmApp[0x407888]
[r11i1n32:72359] [29] ./esmApp[0x407373]
[r11i1n32:72359] *** End of error message ***
--------------------------------------------------------------------------
Primary job  terminated normally, but 1 process returned
a non-zero exit code. Per user-direction, the job has been aborted.
--------------------------------------------------------------------------
--------------------------------------------------------------------------
mpirun noticed that process rank 3 with PID 0 on node r11i1n32 exited on signal 11 (Segmentation fault).
--------------------------------------------------------------------------
