2022-09-06 09:45:02
[r6i3n7:71101:0:71101] Caught signal 11 (Segmentation fault: address not mapped to object at address 0x4f1b591)
[r6i3n7:71102:0:71102] Caught signal 11 (Segmentation fault: address not mapped to object at address 0x4f1b591)
[r6i3n7:71103:0:71103] Caught signal 11 (Segmentation fault: address not mapped to object at address 0x4f1b591)
[r6i3n7:71104:0:71104] Caught signal 11 (Segmentation fault: address not mapped to object at address 0x4f1b591)
==== backtrace (tid:  71104) ====
 0  /glade/u/apps/ch/opt/ucx/1.11.0/lib/libucs.so.0(ucs_handle_error+0xe4) [0x2afd27d6c1b4]
 1  /glade/u/apps/ch/opt/ucx/1.11.0/lib/libucs.so.0(+0x2a4dc) [0x2afd27d6c4dc]
 2  /glade/u/apps/ch/opt/ucx/1.11.0/lib/libucs.so.0(+0x2a74b) [0x2afd27d6c74b]
 3  /glade/scratch/dunlap/esmf-testing/nvhpc_21.11_openmpi_g_patch_8.3.1/esmf/DEFAULTINSTALLDIR/lib/libg/Linux.nvhpc.64.openmpi.default/libesmf.so(_ZN5ESMCI6LogErr13MsgFoundErrorEiPKciS2_S2_Pi+0x34) [0x2afd11f53af4]
 4  /glade/scratch/dunlap/esmf-testing/nvhpc_21.11_openmpi_g_patch_8.3.1/esmf/DEFAULTINSTALLDIR/lib/libg/Linux.nvhpc.64.openmpi.default/libesmf.so(_ZN5ESMCI7MeshCap22meshcreatenodedistgridEPi+0x7f) [0x2afd12174f7f]
 5  /glade/scratch/dunlap/esmf-testing/nvhpc_21.11_openmpi_g_patch_8.3.1/esmf/DEFAULTINSTALLDIR/lib/libg/Linux.nvhpc.64.openmpi.default/libesmf.so(c_esmc_meshcreatenodedistgrid_+0xc1) [0x2afd121c8241]
 6  /glade/scratch/dunlap/esmf-testing/nvhpc_21.11_openmpi_g_patch_8.3.1/esmf/DEFAULTINSTALLDIR/lib/libg/Linux.nvhpc.64.openmpi.default/libesmf.so(esmf_meshmod_esmf_meshcreatefrompointer_+0x6d) [0x2afd12ea9ced]
 7  /glade/scratch/dunlap/esmf-testing/nvhpc_21.11_openmpi_g_patch_8.3.1/esmf/DEFAULTINSTALLDIR/lib/libg/Linux.nvhpc.64.openmpi.default/libesmf.so(esmf_gridutilmod_esmf_gridtomesh_+0x52d) [0x2afd12d0626d]
 8  /glade/scratch/dunlap/esmf-testing/nvhpc_21.11_openmpi_g_patch_8.3.1/esmf/DEFAULTINSTALLDIR/lib/libg/Linux.nvhpc.64.openmpi.default/libesmf.so(esmf_fieldregridmod_b_or_p_gridtomesh_+0x5a8) [0x2afd12bc6fa8]
 9  /glade/scratch/dunlap/esmf-testing/nvhpc_21.11_openmpi_g_patch_8.3.1/esmf/DEFAULTINSTALLDIR/lib/libg/Linux.nvhpc.64.openmpi.default/libesmf.so(esmf_fieldregridmod_getmeshwithnodesonfieldloc_+0x55e) [0x2afd12bc245e]
10  /glade/scratch/dunlap/esmf-testing/nvhpc_21.11_openmpi_g_patch_8.3.1/esmf/DEFAULTINSTALLDIR/lib/libg/Linux.nvhpc.64.openmpi.default/libesmf.so(esmf_fieldregridmod_esmf_fieldregridstorenx_+0xf6d) [0x2afd12bbff6d]
11  /glade/scratch/dunlap/esmf-testing/nvhpc_21.11_openmpi_g_patch_8.3.1/esmf/DEFAULTINSTALLDIR/lib/libg/Linux.nvhpc.64.openmpi.default/libesmf.so(nuopc_connector_fieldbundlecplstore_+0x1172a) [0x2afd13319baa]
==== backtrace (tid:  71103) ====
 0  /glade/u/apps/ch/opt/ucx/1.11.0/lib/libucs.so.0(ucs_handle_error+0xe4) [0x2b544825f1b4]
 1  /glade/u/apps/ch/opt/ucx/1.11.0/lib/libucs.so.0(+0x2a4dc) [0x2b544825f4dc]
 2  /glade/u/apps/ch/opt/ucx/1.11.0/lib/libucs.so.0(+0x2a74b) [0x2b544825f74b]
 3  /glade/scratch/dunlap/esmf-testing/nvhpc_21.11_openmpi_g_patch_8.3.1/esmf/DEFAULTINSTALLDIR/lib/libg/Linux.nvhpc.64.openmpi.default/libesmf.so(_ZN5ESMCI6LogErr13MsgFoundErrorEiPKciS2_S2_Pi+0x34) [0x2b542e2fcaf4]
==== backtrace (tid:  71102) ====
 0  /glade/u/apps/ch/opt/ucx/1.11.0/lib/libucs.so.0(ucs_handle_error+0xe4) [0x2b5afc9031b4]
 1  /glade/u/apps/ch/opt/ucx/1.11.0/lib/libucs.so.0(+0x2a4dc) [0x2b5afc9034dc]
 2  /glade/u/apps/ch/opt/ucx/1.11.0/lib/libucs.so.0(+0x2a74b) [0x2b5afc90374b]
 3  /glade/scratch/dunlap/esmf-testing/nvhpc_21.11_openmpi_g_patch_8.3.1/esmf/DEFAULTINSTALLDIR/lib/libg/Linux.nvhpc.64.openmpi.default/libesmf.so(_ZN5ESMCI6LogErr13MsgFoundErrorEiPKciS2_S2_Pi+0x34) [0x2b5ae29faaf4]
 4  /glade/scratch/dunlap/esmf-testing/nvhpc_21.11_openmpi_g_patch_8.3.1/esmf/DEFAULTINSTALLDIR/lib/libg/Linux.nvhpc.64.openmpi.default/libesmf.so(_ZN5ESMCI7MeshCap22meshcreatenodedistgridEPi+0x7f) [0x2b5ae2c1bf7f]
 5  /glade/scratch/dunlap/esmf-testing/nvhpc_21.11_openmpi_g_patch_8.3.1/esmf/DEFAULTINSTALLDIR/lib/libg/Linux.nvhpc.64.openmpi.default/libesmf.so(c_esmc_meshcreatenodedistgrid_+0xc1) [0x2b5ae2c6f241]
 6  /glade/scratch/dunlap/esmf-testing/nvhpc_21.11_openmpi_g_patch_8.3.1/esmf/DEFAULTINSTALLDIR/lib/libg/Linux.nvhpc.64.openmpi.default/libesmf.so(esmf_meshmod_esmf_meshcreatefrompointer_+0x6d) [0x2b5ae3950ced]
 7  /glade/scratch/dunlap/esmf-testing/nvhpc_21.11_openmpi_g_patch_8.3.1/esmf/DEFAULTINSTALLDIR/lib/libg/Linux.nvhpc.64.openmpi.default/libesmf.so(esmf_gridutilmod_esmf_gridtomesh_+0x52d) [0x2b5ae37ad26d]
12  /glade/scratch/dunlap/esmf-testing/nvhpc_21.11_openmpi_g_patch_8.3.1/esmf/DEFAULTINSTALLDIR/lib/libg/Linux.nvhpc.64.openmpi.default/libesmf.so(nuopc_connector_initializeipdv05p6b_+0x79cc) [0x2afd132f458c]
13  /glade/scratch/dunlap/esmf-testing/nvhpc_21.11_openmpi_g_patch_8.3.1/esmf/DEFAULTINSTALLDIR/lib/libg/Linux.nvhpc.64.openmpi.default/libesmf.so(_ZN5ESMCI6FTable12callVFuncPtrEPKcPNS_2VMEPi+0xc30) [0x2afd11da0f70]
14  /glade/scratch/dunlap/esmf-testing/nvhpc_21.11_openmpi_g_patch_8.3.1/esmf/DEFAULTINSTALLDIR/lib/libg/Linux.nvhpc.64.openmpi.default/libesmf.so(ESMCI_FTableCallEntryPointVMHop+0x293) [0x2afd11d9c1d3]
15  /glade/scratch/dunlap/esmf-testing/nvhpc_21.11_openmpi_g_patch_8.3.1/esmf/DEFAULTINSTALLDIR/lib/libg/Linux.nvhpc.64.openmpi.default/libesmf.so(_ZN5ESMCI3VMK5enterEPNS_7VMKPlanEPvS3_+0xbb) [0x2afd125f51fb]
16  /glade/scratch/dunlap/esmf-testing/nvhpc_21.11_openmpi_g_patch_8.3.1/esmf/DEFAULTINSTALLDIR/lib/libg/Linux.nvhpc.64.openmpi.default/libesmf.so(_ZN5ESMCI2VM5enterEPNS_6VMPlanEPvS3_+0xbe) [0x2afd1261e7be]
17  /glade/scratch/dunlap/esmf-testing/nvhpc_21.11_openmpi_g_patch_8.3.1/esmf/DEFAULTINSTALLDIR/lib/libg/Linux.nvhpc.64.openmpi.default/libesmf.so(c_esmc_ftablecallentrypointvm_+0x393) [0x2afd11d9c693]
18  /glade/scratch/dunlap/esmf-testing/nvhpc_21.11_openmpi_g_patch_8.3.1/esmf/DEFAULTINSTALLDIR/lib/libg/Linux.nvhpc.64.openmpi.default/libesmf.so(esmf_compmod_esmf_compexecute_+0xa26) [0x2afd12951ee6]
19  /glade/scratch/dunlap/esmf-testing/nvhpc_21.11_openmpi_g_patch_8.3.1/esmf/DEFAULTINSTALLDIR/lib/libg/Linux.nvhpc.64.openmpi.default/libesmf.so(esmf_cplcompmod_esmf_cplcompinitialize_+0x1de) [0x2afd1296ab9e]
20  /glade/scratch/dunlap/esmf-testing/nvhpc_21.11_openmpi_g_patch_8.3.1/esmf/DEFAULTINSTALLDIR/lib/libg/Linux.nvhpc.64.openmpi.default/libesmf.so(nuopc_driver_loopconnectorcompss_+0x1636) [0x2afd13349c76]
21  /glade/scratch/dunlap/esmf-testing/nvhpc_21.11_openmpi_g_patch_8.3.1/esmf/DEFAULTINSTALLDIR/lib/libg/Linux.nvhpc.64.openmpi.default/libesmf.so(nuopc_driver_initializeipdv02p3_+0x4286) [0x2afd1333dec6]
22  /glade/scratch/dunlap/esmf-testing/nvhpc_21.11_openmpi_g_patch_8.3.1/esmf/DEFAULTINSTALLDIR/lib/libg/Linux.nvhpc.64.openmpi.default/libesmf.so(nuopc_driver_initializep1_+0xc1c) [0x2afd133234dc]
23  /glade/scratch/dunlap/esmf-testing/nvhpc_21.11_openmpi_g_patch_8.3.1/esmf/DEFAULTINSTALLDIR/lib/libg/Linux.nvhpc.64.openmpi.default/libesmf.so(_ZN5ESMCI6FTable12callVFuncPtrEPKcPNS_2VMEPi+0xc30) [0x2afd11da0f70]
24  /glade/scratch/dunlap/esmf-testing/nvhpc_21.11_openmpi_g_patch_8.3.1/esmf/DEFAULTINSTALLDIR/lib/libg/Linux.nvhpc.64.openmpi.default/libesmf.so(ESMCI_FTableCallEntryPointVMHop+0x293) [0x2afd11d9c1d3]
25  /glade/scratch/dunlap/esmf-testing/nvhpc_21.11_openmpi_g_patch_8.3.1/esmf/DEFAULTINSTALLDIR/lib/libg/Linux.nvhpc.64.openmpi.default/libesmf.so(_ZN5ESMCI3VMK5enterEPNS_7VMKPlanEPvS3_+0xbb) [0x2afd125f51fb]
26  /glade/scratch/dunlap/esmf-testing/nvhpc_21.11_openmpi_g_patch_8.3.1/esmf/DEFAULTINSTALLDIR/lib/libg/Linux.nvhpc.64.openmpi.default/libesmf.so(_ZN5ESMCI2VM5enterEPNS_6VMPlanEPvS3_+0xbe) [0x2afd1261e7be]
27  /glade/scratch/dunlap/esmf-testing/nvhpc_21.11_openmpi_g_patch_8.3.1/esmf/DEFAULTINSTALLDIR/lib/libg/Linux.nvhpc.64.openmpi.default/libesmf.so(c_esmc_ftablecallentrypointvm_+0x393) [0x2afd11d9c693]
 8  /glade/scratch/dunlap/esmf-testing/nvhpc_21.11_openmpi_g_patch_8.3.1/esmf/DEFAULTINSTALLDIR/lib/libg/Linux.nvhpc.64.openmpi.default/libesmf.so(esmf_fieldregridmod_b_or_p_gridtomesh_+0x5a8) [0x2b5ae366dfa8]
 9  /glade/scratch/dunlap/esmf-testing/nvhpc_21.11_openmpi_g_patch_8.3.1/esmf/DEFAULTINSTALLDIR/lib/libg/Linux.nvhpc.64.openmpi.default/libesmf.so(esmf_fieldregridmod_getmeshwithnodesonfieldloc_+0x55e) [0x2b5ae366945e]
10  /glade/scratch/dunlap/esmf-testing/nvhpc_21.11_openmpi_g_patch_8.3.1/esmf/DEFAULTINSTALLDIR/lib/libg/Linux.nvhpc.64.openmpi.default/libesmf.so(esmf_fieldregridmod_esmf_fieldregridstorenx_+0xf6d) [0x2b5ae3666f6d]
11  /glade/scratch/dunlap/esmf-testing/nvhpc_21.11_openmpi_g_patch_8.3.1/esmf/DEFAULTINSTALLDIR/lib/libg/Linux.nvhpc.64.openmpi.default/libesmf.so(nuopc_connector_fieldbundlecplstore_+0x1172a) [0x2b5ae3dc0baa]
12  /glade/scratch/dunlap/esmf-testing/nvhpc_21.11_openmpi_g_patch_8.3.1/esmf/DEFAULTINSTALLDIR/lib/libg/Linux.nvhpc.64.openmpi.default/libesmf.so(nuopc_connector_initializeipdv05p6b_+0x79cc) [0x2b5ae3d9b58c]
13  /glade/scratch/dunlap/esmf-testing/nvhpc_21.11_openmpi_g_patch_8.3.1/esmf/DEFAULTINSTALLDIR/lib/libg/Linux.nvhpc.64.openmpi.default/libesmf.so(_ZN5ESMCI6FTable12callVFuncPtrEPKcPNS_2VMEPi+0xc30) [0x2b5ae2847f70]
14  /glade/scratch/dunlap/esmf-testing/nvhpc_21.11_openmpi_g_patch_8.3.1/esmf/DEFAULTINSTALLDIR/lib/libg/Linux.nvhpc.64.openmpi.default/libesmf.so(ESMCI_FTableCallEntryPointVMHop+0x293) [0x2b5ae28431d3]
15  /glade/scratch/dunlap/esmf-testing/nvhpc_21.11_openmpi_g_patch_8.3.1/esmf/DEFAULTINSTALLDIR/lib/libg/Linux.nvhpc.64.openmpi.default/libesmf.so(_ZN5ESMCI3VMK5enterEPNS_7VMKPlanEPvS3_+0xbb) [0x2b5ae309c1fb]
16  /glade/scratch/dunlap/esmf-testing/nvhpc_21.11_openmpi_g_patch_8.3.1/esmf/DEFAULTINSTALLDIR/lib/libg/Linux.nvhpc.64.openmpi.default/libesmf.so(_ZN5ESMCI2VM5enterEPNS_6VMPlanEPvS3_+0xbe) [0x2b5ae30c57be]
17  /glade/scratch/dunlap/esmf-testing/nvhpc_21.11_openmpi_g_patch_8.3.1/esmf/DEFAULTINSTALLDIR/lib/libg/Linux.nvhpc.64.openmpi.default/libesmf.so(c_esmc_ftablecallentrypointvm_+0x393) [0x2b5ae2843693]
18  /glade/scratch/dunlap/esmf-testing/nvhpc_21.11_openmpi_g_patch_8.3.1/esmf/DEFAULTINSTALLDIR/lib/libg/Linux.nvhpc.64.openmpi.default/libesmf.so(esmf_compmod_esmf_compexecute_+0xa26) [0x2b5ae33f8ee6]
19  /glade/scratch/dunlap/esmf-testing/nvhpc_21.11_openmpi_g_patch_8.3.1/esmf/DEFAULTINSTALLDIR/lib/libg/Linux.nvhpc.64.openmpi.default/libesmf.so(esmf_cplcompmod_esmf_cplcompinitialize_+0x1de) [0x2b5ae3411b9e]
20  /glade/scratch/dunlap/esmf-testing/nvhpc_21.11_openmpi_g_patch_8.3.1/esmf/DEFAULTINSTALLDIR/lib/libg/Linux.nvhpc.64.openmpi.default/libesmf.so(nuopc_driver_loopconnectorcompss_+0x1636) [0x2b5ae3df0c76]
21  /glade/scratch/dunlap/esmf-testing/nvhpc_21.11_openmpi_g_patch_8.3.1/esmf/DEFAULTINSTALLDIR/lib/libg/Linux.nvhpc.64.openmpi.default/libesmf.so(nuopc_driver_initializeipdv02p3_+0x4286) [0x2b5ae3de4ec6]
22  /glade/scratch/dunlap/esmf-testing/nvhpc_21.11_openmpi_g_patch_8.3.1/esmf/DEFAULTINSTALLDIR/lib/libg/Linux.nvhpc.64.openmpi.default/libesmf.so(nuopc_driver_initializep1_+0xc1c) [0x2b5ae3dca4dc]
23  /glade/scratch/dunlap/esmf-testing/nvhpc_21.11_openmpi_g_patch_8.3.1/esmf/DEFAULTINSTALLDIR/lib/libg/Linux.nvhpc.64.openmpi.default/libesmf.so(_ZN5ESMCI6FTable12callVFuncPtrEPKcPNS_2VMEPi+0xc30) [0x2b5ae2847f70]
24  /glade/scratch/dunlap/esmf-testing/nvhpc_21.11_openmpi_g_patch_8.3.1/esmf/DEFAULTINSTALLDIR/lib/libg/Linux.nvhpc.64.openmpi.default/libesmf.so(ESMCI_FTableCallEntryPointVMHop+0x293) [0x2b5ae28431d3]
25  /glade/scratch/dunlap/esmf-testing/nvhpc_21.11_openmpi_g_patch_8.3.1/esmf/DEFAULTINSTALLDIR/lib/libg/Linux.nvhpc.64.openmpi.default/libesmf.so(_ZN5ESMCI3VMK5enterEPNS_7VMKPlanEPvS3_+0xbb) [0x2b5ae309c1fb]
26  /glade/scratch/dunlap/esmf-testing/nvhpc_21.11_openmpi_g_patch_8.3.1/esmf/DEFAULTINSTALLDIR/lib/libg/Linux.nvhpc.64.openmpi.default/libesmf.so(_ZN5ESMCI2VM5enterEPNS_6VMPlanEPvS3_+0xbe) [0x2b5ae30c57be]
27  /glade/scratch/dunlap/esmf-testing/nvhpc_21.11_openmpi_g_patch_8.3.1/esmf/DEFAULTINSTALLDIR/lib/libg/Linux.nvhpc.64.openmpi.default/li==== backtrace (tid:  71101) ====
 0  /glade/u/apps/ch/opt/ucx/1.11.0/lib/libucs.so.0(ucs_handle_error+0xe4) [0x2b2dd06f61b4]
 1  /glade/u/apps/ch/opt/ucx/1.11.0/lib/libucs.so.0(+0x2a4dc) [0x2b2dd06f64dc]
 2  /glade/u/apps/ch/opt/ucx/1.11.0/lib/libucs.so.0(+0x2a74b) [0x2b2dd06f674b]
 3  /glade/scratch/dunlap/esmf-testing/nvhpc_21.11_openmpi_g_patch_8.3.1/esmf/DEFAULTINSTALLDIR/lib/libg/Linux.nvhpc.64.openmpi.default/libesmf.so(_ZN5ESMCI6LogErr13MsgFoundErrorEiPKciS2_S2_Pi+0x34) [0x2b2db6854af4]
 4  /glade/scratch/dunlap/esmf-testing/nvhpc_21.11_openmpi_g_patch_8.3.1/esmf/DEFAULTINSTALLDIR/lib/libg/Linux.nvhpc.64.openmpi.default/libesmf.so(_ZN5ESMCI7MeshCap22meshcreatenodedistgridEPi+0x7f) [0x2b542e51df7f]
 5  /glade/scratch/dunlap/esmf-testing/nvhpc_21.11_openmpi_g_patch_8.3.1/esmf/DEFAULTINSTALLDIR/lib/libg/Linux.nvhpc.64.openmpi.default/libesmf.so(c_esmc_meshcreatenodedistgrid_+0xc1) [0x2b542e571241]
 6  /glade/scratch/dunlap/esmf-testing/nvhpc_21.11_openmpi_g_patch_8.3.1/esmf/DEFAULTINSTALLDIR/lib/libg/Linux.nvhpc.64.openmpi.default/libesmf.so(esmf_meshmod_esmf_meshcreatefrompointer_+0x6d) [0x2b542f252ced]
 7  /glade/scratch/dunlap/esmf-testing/nvhpc_21.11_openmpi_g_patch_8.3.1/esmf/DEFAULTINSTALLDIR/lib/libg/Linux.nvhpc.64.openmpi.default/libesmf.so(esmf_gridutilmod_esmf_gridtomesh_+0x52d) [0x2b542f0af26d]
 8  /glade/scratch/dunlap/esmf-testing/nvhpc_21.11_openmpi_g_patch_8.3.1/esmf/DEFAULTINSTALLDIR/lib/libg/Linux.nvhpc.64.openmpi.default/libesmf.so(esmf_fieldregridmod_b_or_p_gridtomesh_+0x5a8) [0x2b542ef6ffa8]
 9  /glade/scratch/dunlap/esmf-testing/nvhpc_21.11_openmpi_g_patch_8.3.1/esmf/DEFAULTINSTALLDIR/lib/libg/Linux.nvhpc.64.openmpi.default/libesmf.so(esmf_fieldregridmod_getmeshwithnodesonfieldloc_+0x55e) [0x2b542ef6b45e]
10  /glade/scratch/dunlap/esmf-testing/nvhpc_21.11_openmpi_g_patch_8.3.1/esmf/DEFAULTINSTALLDIR/lib/libg/Linux.nvhpc.64.openmpi.default/libesmf.so(esmf_fieldregridmod_esmf_fieldregridstorenx_+0xf6d) [0x2b542ef68f6d]
11  /glade/scratch/dunlap/esmf-testing/nvhpc_21.11_openmpi_g_patch_8.3.1/esmf/DEFAULTINSTALLDIR/lib/libg/Linux.nvhpc.64.openmpi.default/libesmf.so(nuopc_connector_fieldbundlecplstore_+0x1172a) [0x2b542f6c2baa]
12  /glade/scratch/dunlap/esmf-testing/nvhpc_21.11_openmpi_g_patch_8.3.1/esmf/DEFAULTINSTALLDIR/lib/libg/Linux.nvhpc.64.openmpi.default/libesmf.so(nuopc_connector_initializeipdv05p6b_+0x79cc) [0x2b542f69d58c]
13  /glade/scratch/dunlap/esmf-testing/nvhpc_21.11_openmpi_g_patch_8.3.1/esmf/DEFAULTINSTALLDIR/lib/libg/Linux.nvhpc.64.openmpi.default/libesmf.so(_ZN5ESMCI6FTable12callVFuncPtrEPKcPNS_2VMEPi+0xc30) [0x2b542e149f70]
14  /glade/scratch/dunlap/esmf-testing/nvhpc_21.11_openmpi_g_patch_8.3.1/esmf/DEFAULTINSTALLDIR/lib/libg/Linux.nvhpc.64.openmpi.default/libesmf.so(ESMCI_FTableCallEntryPointVMHop+0x293) [0x2b542e1451d3]
15  /glade/scratch/dunlap/esmf-testing/nvhpc_21.11_openmpi_g_patch_8.3.1/esmf/DEFAULTINSTALLDIR/lib/libg/Linux.nvhpc.64.openmpi.default/libesmf.so(_ZN5ESMCI3VMK5enterEPNS_7VMKPlanEPvS3_+0xbb) [0x2b542e99e1fb]
16  /glade/scratch/dunlap/esmf-testing/nvhpc_21.11_openmpi_g_patch_8.3.1/esmf/DEFAULTINSTALLDIR/lib/libg/Linux.nvhpc.64.openmpi.default/libesmf.so(_ZN5ESMCI2VM5enterEPNS_6VMPlanEPvS3_+0xbe) [0x2b542e9c77be]
17  /glade/scratch/dunlap/esmf-testing/nvhpc_21.11_openmpi_g_patch_8.3.1/esmf/DEFAULTINSTALLDIR/lib/libg/Linux.nvhpc.64.openmpi.default/libesmf.so(c_esmc_ftablecallentrypointvm_+0x393) [0x2b542e145693]
18  /glade/scratch/dunlap/esmf-testing/nvhpc_21.11_openmpi_g_patch_8.3.1/esmf/DEFAULTINSTALLDIR/lib/libg/Linux.nvhpc.64.openmpi.default/libesmf.so(esmf_compmod_esmf_compexecute_+0xa26) [0x2b542ecfaee6]
19  /glade/scratch/dunlap/esmf-testing/nvhpc_21.11_openmpi_g_patch_8.3.1/esmf/DEFAULTINSTALLDIR/lib/libg/Linux.nvhpc.64.openmpi.default/libesmf.so(esmf_cplcompmod_esmf_cplcompinitialize_+0x1de) [0x2b542ed13b9e]
20  /glade/scratch/dunlap/esmf-testing/nvhpc_21.11_openmpi_g_patch_8.3.1/esmf/DEFAULTINSTALLDIR/lib/libg/Linux.nvhpc.64.openmpi.default/libesmf.so(nuopc_driver_loopconnectorcompss_+0x1636) [0x2b542f6f2c76]
21  /glade/scratch/dunlap/esmf-testing/nvhpc_21.11_openmpi_g_patch_8.3.1/esmf/DEFAULTINSTALLDIR/lib/libg/Linux.nvhpc.64.openmpi.default/libesmf.so(nuopc_driver_initializeipdv02p3_+0x4286) [0x2b542f6e6ec6]
22  /glade/scratch/dunlap/esmf-testing/nvhpc_21.11_openmpi_g_patch_8.3.1/esmf/DEFAULTINSTALLDIR/lib/libg/Linux.nvhpc.64.openmpi.default/libesmf.so(nuopc_driver_initializep1_+0xc1c) [0x2b542f6cc4dc]
23  /glade/scratch/dunlap/esmf-testing/nvhpc_21.11_openmpi_g_patch_8.3.1/esmf/DEFAULTINSTALLDIR/lib/libg/Linux.nvhpc.64.openmpi.default/libes28  /glade/scratch/dunlap/esmf-testing/nvhpc_21.11_openmpi_g_patch_8.3.1/esmf/DEFAULTINSTALLDIR/lib/libg/Linux.nvhpc.64.openmpi.default/libesmf.so(esmf_compmod_esmf_compexecute_+0xa26) [0x2afd12951ee6]
29  /glade/scratch/dunlap/esmf-testing/nvhpc_21.11_openmpi_g_patch_8.3.1/esmf/DEFAULTINSTALLDIR/lib/libg/Linux.nvhpc.64.openmpi.default/libesmf.so(esmf_gridcompmod_esmf_gridcompinitialize_+0x1de) [0x2afd12c251de]
30  ./esmApp() [0x407c88]
31  ./esmApp() [0x407773]
32  /glade/u/apps/ch/os/lib64/libc.so.6(__libc_start_main+0xf5) [0x2afd18a6ea35]
33  ./esmApp() [0x407669]
=================================
[r6i3n7:71104] *** Process received signal ***
[r6i3n7:71104] Signal: Segmentation fault (11)
[r6i3n7:71104] Signal code:  (-6)
[r6i3n7:71104] Failing at address: 0x1057000115c0
mf.so(_ZN5ESMCI6FTable12callVFuncPtrEPKcPNS_2VMEPi+0xc30) [0x2b542e149f70]
24  /glade/scratch/dunlap/esmf-testing/nvhpc_21.11_openmpi_g_patch_8.3.1/esmf/DEFAULTINSTALLDIR/lib/libg/Linux.nvhpc.64.openmpi.default/libesmf.so(ESMCI_FTableCallEntryPointVMHop+0x293) [0x2b542e1451d3]
25  /glade/scratch/dunlap/esmf-testing/nvhpc_21.11_openmpi_g_patch_8.3.1/esmf/DEFAULTINSTALLDIR/lib/libg/Linux.nvhpc.64.openmpi.default/libesmf.so(_ZN5ESMCI3VMK5enterEPNS_7VMKPlanEPvS3_+0xbb) [0x2b542e99e1fb]
26  /glade/scratch/dunlap/esmf-testing/nvhpc_21.11_openmpi_g_patch_8.3.1/esmf/DEFAULTINSTALLDIR/lib/libg/Linux.nvhpc.64.openmpi.default/libesmf.so(_ZN5ESMCI2VM5enterEPNS_6VMPlanEPvS3_+0xbe) [0x2b542e9c77be]
27  /glade/scratch/dunlap/esmf-testing/nvhpc_21.11_openmpi_g_patch_8.3.1/esmf/DEFAULTINSTALLDIR/lib/libg/Linux.nvhpc.64.openmpi.default/libesmf.so(c_esmc_ftablecallentrypointvm_+0x393) [0x2b542e145693]
28  /glade/scratch/dunlap/esmf-testing/nvhpc_21.11_openmpi_g_patch_8.3.1/esmf/DEFAULTINSTALLDIR/lib/libg/Linux.nvhpc.64.openmpi.default/libesmf.so(esmf_compmod_esmf_compexecute_+0xa26) [0x2b542ecfaee6]
29  /glade/scratch/dunlap/esmf-testing/nvhpc_21.11_openmpi_g_patch_8.3.1/esmf/DEFAULTINSTALLDIR/lib/libg/Linux.nvhpc.64.openmpi.default/libesmf.so(esmf_gridcompmod_esmf_gridcompinitialize_+0x1de) [0x2b542efce1de]
30  ./esmApp() [0x407c88]
31  ./esmApp() [0x407773]
32  /glade/u/apps/ch/os/lib64/libc.so.6(__libc_start_main+0xf5) [0x2b5434e17a35]
33  ./esmApp() [0x407669]
=================================
[r6i3n7:71103] *** Process received signal ***
[r6i3n7:71103] Signal: Segmentation fault (11)
[r6i3n7:71103] Signal code:  (-6)
[r6i3n7:71103] Failing at address: 0x1057000115bf
[r6i3n7:71103] [ 0] /glade/u/apps/ch/os/lib64/libpthread.so.0(+0x11c00)[0x2b5434546c00]
[r6i3n7:71103] [ 1] /glade/scratch/dunlap/esmf-testing/nvhpc_21.11_openmpi_g_patch_8.3.1/esmf/DEFAULTINSTALLDIR/lib/libg/Linux.nvhpc.64.openmpi.default/libesmf.so(_ZN5ESMCI6LogErr13MsgFoundErrorEiPKciS2_S2_Pi+0x34)[0x2b542e2fcaf4]
[r6i3n7:71103] [ 2] /glade/scratch/dunlap/esmf-testing/nvhpc_21.11_openmpi_g_patch_8.3.1/esmf/DEFAULTINSTALLDIR/lib/libg/Linux.nvhpc.64.openmpi.default/libesmf.so(_ZN5ESMCI7MeshCap22meshcreatenodedistgridEPi+0x7f)[0x2b542e51df7f]
[r6i3n7:71103] [ 3] besmf.so(c_esmc_ftablecallentrypointvm_+0x393) [0x2b5ae2843693]
28  /glade/scratch/dunlap/esmf-testing/nvhpc_21.11_openmpi_g_patch_8.3.1/esmf/DEFAULTINSTALLDIR/lib/libg/Linux.nvhpc.64.openmpi.default/libesmf.so(esmf_compmod_esmf_compexecute_+0xa26) [0x2b5ae33f8ee6]
29  /glade/scratch/dunlap/esmf-testing/nvhpc_21.11_openmpi_g_patch_8.3.1/esmf/DEFAULTINSTALLDIR/lib/libg/Linux.nvhpc.64.openmpi.default/libesmf.so(esmf_gridcompmod_esmf_gridcompinitialize_+0x1de) [0x2b5ae36cc1de]
30  ./esmApp() [0x407c88]
31  ./esmApp() [0x407773]
32  /glade/u/apps/ch/os/lib64/libc.so.6(__libc_start_main+0xf5) [0x2b5ae9515a35]
33  ./esmApp() [0x407669]
=================================
[r6i3n7:71102] *** Process received signal ***
[r6i3n7:71102] Signal: Segmentation fault (11)
[r6i3n7:71102] Signal code:  (-6)
[r6i3n7:71102] Failing at address: 0x1057000115be
[r6i3n7:71102] [ 0] /glade/u/apps/ch/os/lib64/libpthread.so.0(+0x11c00)[0x2b5ae8c44c00]
[r6i3n7:71102] [ 1] /glade/scratch/dunlap/esmf-testing/nvhpc_21.11_openmpi_g_patch_8.3.1/esmf/DEFAULTINSTALLDIR/lib/libg/Linux.nvhpc.64.openmpi.default/libesmf.so(_ZN5ESMCI6LogErr13MsgFoundErrorEiPKciS2_S2_Pi+0x34)[0x2b5ae29faaf4]
[r6i3n7:71102] [ 2] /glade/scratch/dunlap/esmf-testing/nvhpc_21.11_openmpi_g_patch_8.3.1/esmf/DEFAULTINSTALLDIR/lib/libg/Linux.nvhpc.64.openmpi.default/libesmf.so(_ZN5ESMCI7MeshCap22meshcreatenodedistgridEPi+0x7f)[0x2b5ae2c1bf7f]
[r6i3n7:71102] [ 3]  4  /glade/scratch/dunlap/esmf-testing/nvhpc_21.11_openmpi_g_patch_8.3.1/esmf/DEFAULTINSTALLDIR/lib/libg/Linux.nvhpc.64.openmpi.default/libesmf.so(_ZN5ESMCI7MeshCap22meshcreatenodedistgridEPi+0x7f) [0x2b2db6a75f7f]
 5  /glade/scratch/dunlap/esmf-testing/nvhpc_21.11_openmpi_g_patch_8.3.1/esmf/DEFAULTINSTALLDIR/lib/libg/Linux.nvhpc.64.openmpi.default/libesmf.so(c_esmc_meshcreatenodedistgrid_+0xc1) [0x2b2db6ac9241]
 6  /glade/scratch/dunlap/esmf-testing/nvhpc_21.11_openmpi_g_patch_8.3.1/esmf/DEFAULTINSTALLDIR/lib/libg/Linux.nvhpc.64.openmpi.default/libesmf.so(esmf_meshmod_esmf_meshcreatefrompointer_+0x6d) [0x2b2db77aaced]
 7  /glade/scratch/dunlap/esmf-testing/nvhpc_21.11_openmpi_g_patch_8.3.1/esmf/DEFAULTINSTALLDIR/lib/libg/Linux.nvhpc.64.openmpi.default/libesmf.so(esmf_gridutilmod_esmf_gridtomesh_+0x52d) [0x2b2db760726d]
 8  /glade/scratch/dunlap/esmf-testing/nvhpc_21.11_openmpi_g_patch_8.3.1/esmf/DEFAULTINSTALLDIR/lib/libg/Linux.nvhpc.64.openmpi.default/libesmf.so(esmf_fieldregridmod_b_or_p_gridtomesh_+0x5a8) [0x2b2db74c7fa8]
 9  /glade/scratch/dunlap/esmf-testing/nvhpc_21.11_openmpi_g_patch_8.3.1/esmf/DEFAULTINSTALLDIR/lib/libg/Linux.nvhpc.64.openmpi.default/libesmf.so(esmf_fieldregridmod_getmeshwithnodesonfieldloc_+0x55e) [0x2b2db74c345e]
10  /glade/scratch/dunlap/esmf-testing/nvhpc_21.11_openmpi_g_patch_8.3.1/esmf/DEFAULTINSTALLDIR/lib/libg/Linux.nvhpc.64.openmpi.default/libesmf.so(esmf_fieldregridmod_esmf_fieldregridstorenx_+0xf6d) [0x2b2db74c0f6d]
11  /glade/scratch/dunlap/esmf-testing/nvhpc_21.11_openmpi_g_patch_8.3.1/esmf/DEFAULTINSTALLDIR/lib/libg/Linux.nvhpc.64.openmpi.default/libesmf.so(nuopc_connector_fieldbundlecplstore_+0x1172a) [0x2b2db7c1abaa]
12  /glade/scratch/dunlap/esmf-testing/nvhpc_21.11_openmpi_g_patch_8.3.1/esmf/DEFAULTINSTALLDIR/lib/libg/Linux.nvhpc.64.openmpi.default/libesmf.so(nuopc_connector_initializeipdv05p6b_+0x79cc) [0x2b2db7bf558c]
13  /glade/scratch/dunlap/esmf-testing/nvhpc_21.11_openmpi_g_patch_8.3.1/esmf/DEFAULTINSTALLDIR/lib/libg/Linux.nvhpc.64.openmpi.default/libesmf.so(_ZN5ESMCI6FTable12callVFuncPtrEPKcPNS_2VMEPi+0xc30) [0x2b2db66a1f70]
14  /glade/scratch/dunlap/esmf-testing/nvhpc_21.11_openmpi_g_patch_8.3.1/esmf/DEFAULTINSTALLDIR/lib/libg/Linux.nvhpc.64.openmpi.default/libesmf.so(ESMCI_FTableCallEntryPointVMHop+0x293) [0x2b2db669d1d3]
15  /glade/scratch/dunlap/esmf-testing/nvhpc_21.11_openmpi_g_patch_8.3.1/esmf/DEFAULTINSTALLDIR/lib/libg/Linux.nvhpc.64.openmpi.default/libesmf.so(_ZN5ESMCI3VMK5enterEPNS_7VMKPlanEPvS3_+0xbb) [0x2b2db6ef61fb]
16  /glade/scratch/dunlap/esmf-testing/nvhpc_21.11_openmpi_g_patch_8.3.1/esmf/DEFAULTINSTALLDIR/lib/libg/Linux.nvhpc.64.openmpi.default/libesmf.so(_ZN5ESMCI2VM5enterEPNS_6VMPlanEPvS3_+0xbe) [0x2b2db6f1f7be]
17  /glade/scratch/dunlap/esmf-testing/nvhpc_21.11_openmpi_g_patch_8.3.1/esmf/DEFAULTINSTALLDIR/lib/libg/Linux.nvhpc.64.openmpi.default/libesmf.so(c_esmc_ftablecallentrypointvm_+0x393) [0x2b2db669d693]
18  /glade/scratch/dunlap/esmf-testing/nvhpc_21.11_openmpi_g_patch_8.3.1/esmf/DEFAULTINSTALLDIR/lib/libg/Linux.nvhpc.64.openmpi.default/libesmf.so(esmf_compmod_esmf_compexecute_+0xa26) [0x2b2db7252ee6]
19  /glade/scratch/dunlap/esmf-testing/nvhpc_21.11_openmpi_g_patch_8.3.1/esmf/DEFAULTINSTALLDIR/lib/libg/Linux.nvhpc.64.openmpi.default/libesmf.so(esmf_cplcompmod_esmf_cplcompinitialize_+0x1de) [0x2b2db726bb9e]
20  /glade/scratch/dunlap/esmf-testing/nvhpc_21.11_openmpi_g_patch_8.3.1/esmf/DEFAULTINSTALLDIR/lib/libg/Linux.nvhpc.64.openmpi.default/libesmf.so(nuopc_driver_loopconnectorcompss_+0x1636) [0x2b2db7c4ac76]
21  /glade/scratch/dunlap/esmf-testing/nvhpc_21.11_openmpi_g_patch_8.3.1/esmf/DEFAULTINSTALLDIR/lib/libg/Linux.nvhpc.64.openmpi.default/libesmf.so(nuopc_driver_initializeipdv02p3_+0x4286) [0x2b2db7c3eec6]
22  /glade/scratch/dunlap/esmf-testing/nvhpc_21.11_openmpi_g_patch_8.3.1/esmf/DEFAULTINSTALLDIR/lib/libg/Linux.nvhpc.64.openmpi.default/libesmf.so(nuopc_driver_initializep1_+0xc1c) [0x2b2db7c244dc]
23  /glade/scratch/dunlap/esmf-testing/nvhpc_21.11_openmpi_g_patch_8.3.1/esmf/DEFAULTINSTALLDIR/lib/libg/Linux.nvhpc.64.openmpi.default/libes[r6i3n7:71104] [ 0] /glade/u/apps/ch/os/lib64/libpthread.so.0(+0x11c00)[0x2afd1819dc00]
[r6i3n7:71104] [ 1] /glade/scratch/dunlap/esmf-testing/nvhpc_21.11_openmpi_g_patch_8.3.1/esmf/DEFAULTINSTALLDIR/lib/libg/Linux.nvhpc.64.openmpi.default/libesmf.so(_ZN5ESMCI6LogErr13MsgFoundErrorEiPKciS2_S2_Pi+0x34)[0x2afd11f53af4]
[r6i3n7:71104] [ 2] /glade/scratch/dunlap/esmf-testing/nvhpc_21.11_openmpi_g_patch_8.3.1/esmf/DEFAULTINSTALLDIR/lib/libg/Linux.nvhpc.64.openmpi.default/libesmf.so(_ZN5ESMCI7MeshCap22meshcreatenodedistgridEPi+0x7f)[0x2afd12174f7f]
[r6i3n7:71104] [ 3] mf.so(_ZN5ESMCI6FTable12callVFuncPtrEPKcPNS_2VMEPi+0xc30) [0x2b2db66a1f70]
24  /glade/scratch/dunlap/esmf-testing/nvhpc_21.11_openmpi_g_patch_8.3.1/esmf/DEFAULTINSTALLDIR/lib/libg/Linux.nvhpc.64.openmpi.default/libesmf.so(ESMCI_FTableCallEntryPointVMHop+0x293) [0x2b2db669d1d3]
25  /glade/scratch/dunlap/esmf-testing/nvhpc_21.11_openmpi_g_patch_8.3.1/esmf/DEFAULTINSTALLDIR/lib/libg/Linux.nvhpc.64.openmpi.default/libesmf.so(_ZN5ESMCI3VMK5enterEPNS_7VMKPlanEPvS3_+0xbb) [0x2b2db6ef61fb]
26  /glade/scratch/dunlap/esmf-testing/nvhpc_21.11_openmpi_g_patch_8.3.1/esmf/DEFAULTINSTALLDIR/lib/libg/Linux.nvhpc.64.openmpi.default/libesmf.so(_ZN5ESMCI2VM5enterEPNS_6VMPlanEPvS3_+0xbe) [0x2b2db6f1f7be]
27  /glade/scratch/dunlap/esmf-testing/nvhpc_21.11_openmpi_g_patch_8.3.1/esmf/DEFAULTINSTALLDIR/lib/libg/Linux.nvhpc.64.openmpi.default/libesmf.so(c_esmc_ftablecallentrypointvm_+0x393) [0x2b2db669d693]
28  /glade/scratch/dunlap/esmf-testing/nvhpc_21.11_openmpi_g_patch_8.3.1/esmf/DEFAULTINSTALLDIR/lib/libg/Linux.nvhpc.64.openmpi.default/libesmf.so(esmf_compmod_esmf_compexecute_+0xa26) [0x2b2db7252ee6]
29  /glade/scratch/dunlap/esmf-testing/nvhpc_21.11_openmpi_g_patch_8.3.1/esmf/DEFAULTINSTALLDIR/lib/libg/Linux.nvhpc.64.openmpi.default/libesmf.so(esmf_gridcompmod_esmf_gridcompinitialize_+0x1de) [0x2b2db75261de]
30  ./esmApp() [0x407c88]
31  ./esmApp() [0x407773]
32  /glade/u/apps/ch/os/lib64/libc.so.6(__libc_start_main+0xf5) [0x2b2dbd36fa35]
33  ./esmApp() [0x407669]
=================================
[r6i3n7:71101] *** Process received signal ***
[r6i3n7:71101] Signal: Segmentation fault (11)
[r6i3n7:71101] Signal code:  (-6)
[r6i3n7:71101] Failing at address: 0x1057000115bd
[r6i3n7:71101] [ 0] /glade/u/apps/ch/os/lib64/libpthread.so.0(+0x11c00)[0x2b2dbca9ec00]
[r6i3n7:71101] [ 1] /glade/scratch/dunlap/esmf-testing/nvhpc_21.11_openmpi_g_patch_8.3.1/esmf/DEFAULTINSTALLDIR/lib/libg/Linux.nvhpc.64.openmpi.default/libesmf.so(_ZN5ESMCI6LogErr13MsgFoundErrorEiPKciS2_S2_Pi+0x34)[0x2b2db6854af4]
[r6i3n7:71101] [ 2] /glade/scratch/dunlap/esmf-testing/nvhpc_21.11_openmpi_g_patch_8.3.1/esmf/DEFAULTINSTALLDIR/lib/libg/Linux.nvhpc.64.openmpi.default/libesmf.so(_ZN5ESMCI7MeshCap22meshcreatenodedistgridEPi+0x7f)[0x2b2db6a75f7f]
[r6i3n7:71101] [ 3] /glade/scratch/dunlap/esmf-testing/nvhpc_21.11_openmpi_g_patch_8.3.1/esmf/DEFAULTINSTALLDIR/lib/libg/Linux.nvhpc.64.openmpi.default/libesmf.so(c_esmc_meshcreatenodedistgrid_+0xc1)[0x2afd121c8241]
[r6i3n7:71104] [ 4] /glade/scratch/dunlap/esmf-testing/nvhpc_21.11_openmpi_g_patch_8.3.1/esmf/DEFAULTINSTALLDIR/lib/libg/Linux.nvhpc.64.openmpi.default/libesmf.so(c_esmc_meshcreatenodedistgrid_+0xc1)[0x2b542e571241]
[r6i3n7:71103] [ 4] /glade/scratch/dunlap/esmf-testing/nvhpc_21.11_openmpi_g_patch_8.3.1/esmf/DEFAULTINSTALLDIR/lib/libg/Linux.nvhpc.64.openmpi.default/libesmf.so(c_esmc_meshcreatenodedistgrid_+0xc1)[0x2b5ae2c6f241]
[r6i3n7:71102] [ 4] /glade/scratch/dunlap/esmf-testing/nvhpc_21.11_openmpi_g_patch_8.3.1/esmf/DEFAULTINSTALLDIR/lib/libg/Linux.nvhpc.64.openmpi.default/libesmf.so(c_esmc_meshcreatenodedistgrid_+0xc1)[0x2b2db6ac9241]
[r6i3n7:71101] [ 4] /glade/scratch/dunlap/esmf-testing/nvhpc_21.11_openmpi_g_patch_8.3.1/esmf/DEFAULTINSTALLDIR/lib/libg/Linux.nvhpc.64.openmpi.default/libesmf.so(esmf_meshmod_esmf_meshcreatefrompointer_+0x6d)[0x2afd12ea9ced]
[r6i3n7:71104] [ 5] /glade/scratch/dunlap/esmf-testing/nvhpc_21.11_openmpi_g_patch_8.3.1/esmf/DEFAULTINSTALLDIR/lib/libg/Linux.nvhpc.64.openmpi.default/libesmf.so(esmf_meshmod_esmf_meshcreatefrompointer_+0x6d)[0x2b5ae3950ced]
[r6i3n7:71102] [ 5] /glade/scratch/dunlap/esmf-testing/nvhpc_21.11_openmpi_g_patch_8.3.1/esmf/DEFAULTINSTALLDIR/lib/libg/Linux.nvhpc.64.openmpi.default/libesmf.so(esmf_meshmod_esmf_meshcreatefrompointer_+0x6d)[0x2b542f252ced]
[r6i3n7:71103] [ 5] /glade/scratch/dunlap/esmf-testing/nvhpc_21.11_openmpi_g_patch_8.3.1/esmf/DEFAULTINSTALLDIR/lib/libg/Linux.nvhpc.64.openmpi.default/libesmf.so(esmf_meshmod_esmf_meshcreatefrompointer_+0x6d)[0x2b2db77aaced]
[r6i3n7:71101] [ 5] /glade/scratch/dunlap/esmf-testing/nvhpc_21.11_openmpi_g_patch_8.3.1/esmf/DEFAULTINSTALLDIR/lib/libg/Linux.nvhpc.64.openmpi.default/libesmf.so(esmf_gridutilmod_esmf_gridtomesh_+0x52d)[0x2afd12d0626d]
[r6i3n7:71104] [ 6] /glade/scratch/dunlap/esmf-testing/nvhpc_21.11_openmpi_g_patch_8.3.1/esmf/DEFAULTINSTALLDIR/lib/libg/Linux.nvhpc.64.openmpi.default/libesmf.so(esmf_gridutilmod_esmf_gridtomesh_+0x52d)[0x2b5ae37ad26d]
[r6i3n7:71102] [ 6] /glade/scratch/dunlap/esmf-testing/nvhpc_21.11_openmpi_g_patch_8.3.1/esmf/DEFAULTINSTALLDIR/lib/libg/Linux.nvhpc.64.openmpi.default/libesmf.so(esmf_gridutilmod_esmf_gridtomesh_+0x52d)[0x2b542f0af26d]
[r6i3n7:71103] [ 6] /glade/scratch/dunlap/esmf-testing/nvhpc_21.11_openmpi_g_patch_8.3.1/esmf/DEFAULTINSTALLDIR/lib/libg/Linux.nvhpc.64.openmpi.default/libesmf.so(esmf_gridutilmod_esmf_gridtomesh_+0x52d)[0x2b2db760726d]
[r6i3n7:71101] [ 6] /glade/scratch/dunlap/esmf-testing/nvhpc_21.11_openmpi_g_patch_8.3.1/esmf/DEFAULTINSTALLDIR/lib/libg/Linux.nvhpc.64.openmpi.default/libesmf.so(esmf_fieldregridmod_b_or_p_gridtomesh_+0x5a8)[0x2afd12bc6fa8]
[r6i3n7:71104] [ 7] /glade/scratch/dunlap/esmf-testing/nvhpc_21.11_openmpi_g_patch_8.3.1/esmf/DEFAULTINSTALLDIR/lib/libg/Linux.nvhpc.64.openmpi.default/libesmf.so(esmf_fieldregridmod_b_or_p_gridtomesh_+0x5a8)[0x2b5ae366dfa8]
[r6i3n7:71102] [ 7] /glade/scratch/dunlap/esmf-testing/nvhpc_21.11_openmpi_g_patch_8.3.1/esmf/DEFAULTINSTALLDIR/lib/libg/Linux.nvhpc.64.openmpi.default/libesmf.so(esmf_fieldregridmod_b_or_p_gridtomesh_+0x5a8)[0x2b542ef6ffa8]
[r6i3n7:71103] [ 7] /glade/scratch/dunlap/esmf-testing/nvhpc_21.11_openmpi_g_patch_8.3.1/esmf/DEFAULTINSTALLDIR/lib/libg/Linux.nvhpc.64.openmpi.default/libesmf.so(esmf_fieldregridmod_b_or_p_gridtomesh_+0x5a8)[0x2b2db74c7fa8]
[r6i3n7:71101] [ 7] /glade/scratch/dunlap/esmf-testing/nvhpc_21.11_openmpi_g_patch_8.3.1/esmf/DEFAULTINSTALLDIR/lib/libg/Linux.nvhpc.64.openmpi.default/libesmf.so(esmf_fieldregridmod_getmeshwithnodesonfieldloc_+0x55e)[0x2afd12bc245e]
[r6i3n7:71104] [ 8] /glade/scratch/dunlap/esmf-testing/nvhpc_21.11_openmpi_g_patch_8.3.1/esmf/DEFAULTINSTALLDIR/lib/libg/Linux.nvhpc.64.openmpi.default/libesmf.so(esmf_fieldregridmod_getmeshwithnodesonfieldloc_+0x55e)[0x2b5ae366945e]
[r6i3n7:71102] [ 8] /glade/scratch/dunlap/esmf-testing/nvhpc_21.11_openmpi_g_patch_8.3.1/esmf/DEFAULTINSTALLDIR/lib/libg/Linux.nvhpc.64.openmpi.default/libesmf.so(esmf_fieldregridmod_getmeshwithnodesonfieldloc_+0x55e)[0x2b542ef6b45e]
[r6i3n7:71103] [ 8] /glade/scratch/dunlap/esmf-testing/nvhpc_21.11_openmpi_g_patch_8.3.1/esmf/DEFAULTINSTALLDIR/lib/libg/Linux.nvhpc.64.openmpi.default/libesmf.so(esmf_fieldregridmod_getmeshwithnodesonfieldloc_+0x55e)[0x2b2db74c345e]
[r6i3n7:71101] [ 8] /glade/scratch/dunlap/esmf-testing/nvhpc_21.11_openmpi_g_patch_8.3.1/esmf/DEFAULTINSTALLDIR/lib/libg/Linux.nvhpc.64.openmpi.default/libesmf.so(esmf_fieldregridmod_esmf_fieldregridstorenx_+0xf6d)[0x2afd12bbff6d]
[r6i3n7:71104] [ 9] /glade/scratch/dunlap/esmf-testing/nvhpc_21.11_openmpi_g_patch_8.3.1/esmf/DEFAULTINSTALLDIR/lib/libg/Linux.nvhpc.64.openmpi.default/libesmf.so(esmf_fieldregridmod_esmf_fieldregridstorenx_+0xf6d)[0x2b5ae3666f6d]
[r6i3n7:71102] [ 9] /glade/scratch/dunlap/esmf-testing/nvhpc_21.11_openmpi_g_patch_8.3.1/esmf/DEFAULTINSTALLDIR/lib/libg/Linux.nvhpc.64.openmpi.default/libesmf.so(esmf_fieldregridmod_esmf_fieldregridstorenx_+0xf6d)[0x2b542ef68f6d]
[r6i3n7:71103] [ 9] /glade/scratch/dunlap/esmf-testing/nvhpc_21.11_openmpi_g_patch_8.3.1/esmf/DEFAULTINSTALLDIR/lib/libg/Linux.nvhpc.64.openmpi.default/libesmf.so(esmf_fieldregridmod_esmf_fieldregridstorenx_+0xf6d)[0x2b2db74c0f6d]
[r6i3n7:71101] [ 9] /glade/scratch/dunlap/esmf-testing/nvhpc_21.11_openmpi_g_patch_8.3.1/esmf/DEFAULTINSTALLDIR/lib/libg/Linux.nvhpc.64.openmpi.default/libesmf.so(nuopc_connector_fieldbundlecplstore_+0x1172a)[0x2afd13319baa]
[r6i3n7:71104] [10] /glade/scratch/dunlap/esmf-testing/nvhpc_21.11_openmpi_g_patch_8.3.1/esmf/DEFAULTINSTALLDIR/lib/libg/Linux.nvhpc.64.openmpi.default/libesmf.so(nuopc_connector_fieldbundlecplstore_+0x1172a)[0x2b5ae3dc0baa]
[r6i3n7:71102] [10] /glade/scratch/dunlap/esmf-testing/nvhpc_21.11_openmpi_g_patch_8.3.1/esmf/DEFAULTINSTALLDIR/lib/libg/Linux.nvhpc.64.openmpi.default/libesmf.so(nuopc_connector_fieldbundlecplstore_+0x1172a)[0x2b542f6c2baa]
[r6i3n7:71103] [10] /glade/scratch/dunlap/esmf-testing/nvhpc_21.11_openmpi_g_patch_8.3.1/esmf/DEFAULTINSTALLDIR/lib/libg/Linux.nvhpc.64.openmpi.default/libesmf.so(nuopc_connector_fieldbundlecplstore_+0x1172a)[0x2b2db7c1abaa]
[r6i3n7:71101] [10] /glade/scratch/dunlap/esmf-testing/nvhpc_21.11_openmpi_g_patch_8.3.1/esmf/DEFAULTINSTALLDIR/lib/libg/Linux.nvhpc.64.openmpi.default/libesmf.so(nuopc_connector_initializeipdv05p6b_+0x79cc)[0x2afd132f458c]
[r6i3n7:71104] [11] /glade/scratch/dunlap/esmf-testing/nvhpc_21.11_openmpi_g_patch_8.3.1/esmf/DEFAULTINSTALLDIR/lib/libg/Linux.nvhpc.64.openmpi.default/libesmf.so(nuopc_connector_initializeipdv05p6b_+0x79cc)[0x2b5ae3d9b58c]
[r6i3n7:71102] [11] /glade/scratch/dunlap/esmf-testing/nvhpc_21.11_openmpi_g_patch_8.3.1/esmf/DEFAULTINSTALLDIR/lib/libg/Linux.nvhpc.64.openmpi.default/libesmf.so(nuopc_connector_initializeipdv05p6b_+0x79cc)[0x2b2db7bf558c]
[r6i3n7:71101] [11] /glade/scratch/dunlap/esmf-testing/nvhpc_21.11_openmpi_g_patch_8.3.1/esmf/DEFAULTINSTALLDIR/lib/libg/Linux.nvhpc.64.openmpi.default/libesmf.so(nuopc_connector_initializeipdv05p6b_+0x79cc)[0x2b542f69d58c]
[r6i3n7:71103] [11] /glade/scratch/dunlap/esmf-testing/nvhpc_21.11_openmpi_g_patch_8.3.1/esmf/DEFAULTINSTALLDIR/lib/libg/Linux.nvhpc.64.openmpi.default/libesmf.so(_ZN5ESMCI6FTable12callVFuncPtrEPKcPNS_2VMEPi+0xc30)[0x2afd11da0f70]
[r6i3n7:71104] [12] /glade/scratch/dunlap/esmf-testing/nvhpc_21.11_openmpi_g_patch_8.3.1/esmf/DEFAULTINSTALLDIR/lib/libg/Linux.nvhpc.64.openmpi.default/libesmf.so(_ZN5ESMCI6FTable12callVFuncPtrEPKcPNS_2VMEPi+0xc30)[0x2b5ae2847f70]
[r6i3n7:71102] [12] /glade/scratch/dunlap/esmf-testing/nvhpc_21.11_openmpi_g_patch_8.3.1/esmf/DEFAULTINSTALLDIR/lib/libg/Linux.nvhpc.64.openmpi.default/libesmf.so(_ZN5ESMCI6FTable12callVFuncPtrEPKcPNS_2VMEPi+0xc30)[0x2b542e149f70]
[r6i3n7:71103] [12] /glade/scratch/dunlap/esmf-testing/nvhpc_21.11_openmpi_g_patch_8.3.1/esmf/DEFAULTINSTALLDIR/lib/libg/Linux.nvhpc.64.openmpi.default/libesmf.so(_ZN5ESMCI6FTable12callVFuncPtrEPKcPNS_2VMEPi+0xc30)[0x2b2db66a1f70]
[r6i3n7:71101] [12] /glade/scratch/dunlap/esmf-testing/nvhpc_21.11_openmpi_g_patch_8.3.1/esmf/DEFAULTINSTALLDIR/lib/libg/Linux.nvhpc.64.openmpi.default/libesmf.so(ESMCI_FTableCallEntryPointVMHop+0x293)[0x2afd11d9c1d3]
[r6i3n7:71104] [13] /glade/scratch/dunlap/esmf-testing/nvhpc_21.11_openmpi_g_patch_8.3.1/esmf/DEFAULTINSTALLDIR/lib/libg/Linux.nvhpc.64.openmpi.default/libesmf.so(ESMCI_FTableCallEntryPointVMHop+0x293)[0x2b5ae28431d3]
[r6i3n7:71102] [13] /glade/scratch/dunlap/esmf-testing/nvhpc_21.11_openmpi_g_patch_8.3.1/esmf/DEFAULTINSTALLDIR/lib/libg/Linux.nvhpc.64.openmpi.default/libesmf.so(ESMCI_FTableCallEntryPointVMHop+0x293)[0x2b542e1451d3]
[r6i3n7:71103] [13] /glade/scratch/dunlap/esmf-testing/nvhpc_21.11_openmpi_g_patch_8.3.1/esmf/DEFAULTINSTALLDIR/lib/libg/Linux.nvhpc.64.openmpi.default/libesmf.so(ESMCI_FTableCallEntryPointVMHop+0x293)[0x2b2db669d1d3]
[r6i3n7:71101] [13] /glade/scratch/dunlap/esmf-testing/nvhpc_21.11_openmpi_g_patch_8.3.1/esmf/DEFAULTINSTALLDIR/lib/libg/Linux.nvhpc.64.openmpi.default/libesmf.so(_ZN5ESMCI3VMK5enterEPNS_7VMKPlanEPvS3_+0xbb)[0x2afd125f51fb]
[r6i3n7:71104] [14] /glade/scratch/dunlap/esmf-testing/nvhpc_21.11_openmpi_g_patch_8.3.1/esmf/DEFAULTINSTALLDIR/lib/libg/Linux.nvhpc.64.openmpi.default/libesmf.so(_ZN5ESMCI3VMK5enterEPNS_7VMKPlanEPvS3_+0xbb)[0x2b5ae309c1fb]
[r6i3n7:71102] [14] /glade/scratch/dunlap/esmf-testing/nvhpc_21.11_openmpi_g_patch_8.3.1/esmf/DEFAULTINSTALLDIR/lib/libg/Linux.nvhpc.64.openmpi.default/libesmf.so(_ZN5ESMCI3VMK5enterEPNS_7VMKPlanEPvS3_+0xbb)[0x2b542e99e1fb]
[r6i3n7:71103] [14] /glade/scratch/dunlap/esmf-testing/nvhpc_21.11_openmpi_g_patch_8.3.1/esmf/DEFAULTINSTALLDIR/lib/libg/Linux.nvhpc.64.openmpi.default/libesmf.so(_ZN5ESMCI3VMK5enterEPNS_7VMKPlanEPvS3_+0xbb)[0x2b2db6ef61fb]
[r6i3n7:71101] [14] /glade/scratch/dunlap/esmf-testing/nvhpc_21.11_openmpi_g_patch_8.3.1/esmf/DEFAULTINSTALLDIR/lib/libg/Linux.nvhpc.64.openmpi.default/libesmf.so(_ZN5ESMCI2VM5enterEPNS_6VMPlanEPvS3_+0xbe)[0x2afd1261e7be]
[r6i3n7:71104] [15] /glade/scratch/dunlap/esmf-testing/nvhpc_21.11_openmpi_g_patch_8.3.1/esmf/DEFAULTINSTALLDIR/lib/libg/Linux.nvhpc.64.openmpi.default/libesmf.so(_ZN5ESMCI2VM5enterEPNS_6VMPlanEPvS3_+0xbe)[0x2b5ae30c57be]
[r6i3n7:71102] [15] /glade/scratch/dunlap/esmf-testing/nvhpc_21.11_openmpi_g_patch_8.3.1/esmf/DEFAULTINSTALLDIR/lib/libg/Linux.nvhpc.64.openmpi.default/libesmf.so(_ZN5ESMCI2VM5enterEPNS_6VMPlanEPvS3_+0xbe)[0x2b542e9c77be]
[r6i3n7:71103] [15] /glade/scratch/dunlap/esmf-testing/nvhpc_21.11_openmpi_g_patch_8.3.1/esmf/DEFAULTINSTALLDIR/lib/libg/Linux.nvhpc.64.openmpi.default/libesmf.so(_ZN5ESMCI2VM5enterEPNS_6VMPlanEPvS3_+0xbe)[0x2b2db6f1f7be]
[r6i3n7:71101] [15] /glade/scratch/dunlap/esmf-testing/nvhpc_21.11_openmpi_g_patch_8.3.1/esmf/DEFAULTINSTALLDIR/lib/libg/Linux.nvhpc.64.openmpi.default/libesmf.so(c_esmc_ftablecallentrypointvm_+0x393)[0x2afd11d9c693]
[r6i3n7:71104] [16] /glade/scratch/dunlap/esmf-testing/nvhpc_21.11_openmpi_g_patch_8.3.1/esmf/DEFAULTINSTALLDIR/lib/libg/Linux.nvhpc.64.openmpi.default/libesmf.so(c_esmc_ftablecallentrypointvm_+0x393)[0x2b5ae2843693]
[r6i3n7:71102] [16] /glade/scratch/dunlap/esmf-testing/nvhpc_21.11_openmpi_g_patch_8.3.1/esmf/DEFAULTINSTALLDIR/lib/libg/Linux.nvhpc.64.openmpi.default/libesmf.so(c_esmc_ftablecallentrypointvm_+0x393)[0x2b542e145693]
[r6i3n7:71103] [16] /glade/scratch/dunlap/esmf-testing/nvhpc_21.11_openmpi_g_patch_8.3.1/esmf/DEFAULTINSTALLDIR/lib/libg/Linux.nvhpc.64.openmpi.default/libesmf.so(c_esmc_ftablecallentrypointvm_+0x393)[0x2b2db669d693]
[r6i3n7:71101] [16] /glade/scratch/dunlap/esmf-testing/nvhpc_21.11_openmpi_g_patch_8.3.1/esmf/DEFAULTINSTALLDIR/lib/libg/Linux.nvhpc.64.openmpi.default/libesmf.so(esmf_compmod_esmf_compexecute_+0xa26)[0x2afd12951ee6]
[r6i3n7:71104] [17] /glade/scratch/dunlap/esmf-testing/nvhpc_21.11_openmpi_g_patch_8.3.1/esmf/DEFAULTINSTALLDIR/lib/libg/Linux.nvhpc.64.openmpi.default/libesmf.so(esmf_compmod_esmf_compexecute_+0xa26)[0x2b5ae33f8ee6]
[r6i3n7:71102] [17] /glade/scratch/dunlap/esmf-testing/nvhpc_21.11_openmpi_g_patch_8.3.1/esmf/DEFAULTINSTALLDIR/lib/libg/Linux.nvhpc.64.openmpi.default/libesmf.so(esmf_compmod_esmf_compexecute_+0xa26)[0x2b542ecfaee6]
[r6i3n7:71103] [17] /glade/scratch/dunlap/esmf-testing/nvhpc_21.11_openmpi_g_patch_8.3.1/esmf/DEFAULTINSTALLDIR/lib/libg/Linux.nvhpc.64.openmpi.default/libesmf.so(esmf_compmod_esmf_compexecute_+0xa26)[0x2b2db7252ee6]
[r6i3n7:71101] [17] /glade/scratch/dunlap/esmf-testing/nvhpc_21.11_openmpi_g_patch_8.3.1/esmf/DEFAULTINSTALLDIR/lib/libg/Linux.nvhpc.64.openmpi.default/libesmf.so(esmf_cplcompmod_esmf_cplcompinitialize_+0x1de)[0x2afd1296ab9e]
[r6i3n7:71104] [18] /glade/scratch/dunlap/esmf-testing/nvhpc_21.11_openmpi_g_patch_8.3.1/esmf/DEFAULTINSTALLDIR/lib/libg/Linux.nvhpc.64.openmpi.default/libesmf.so(esmf_cplcompmod_esmf_cplcompinitialize_+0x1de)[0x2b5ae3411b9e]
[r6i3n7:71102] [18] /glade/scratch/dunlap/esmf-testing/nvhpc_21.11_openmpi_g_patch_8.3.1/esmf/DEFAULTINSTALLDIR/lib/libg/Linux.nvhpc.64.openmpi.default/libesmf.so(esmf_cplcompmod_esmf_cplcompinitialize_+0x1de)[0x2b542ed13b9e]
[r6i3n7:71103] [18] /glade/scratch/dunlap/esmf-testing/nvhpc_21.11_openmpi_g_patch_8.3.1/esmf/DEFAULTINSTALLDIR/lib/libg/Linux.nvhpc.64.openmpi.default/libesmf.so(esmf_cplcompmod_esmf_cplcompinitialize_+0x1de)[0x2b2db726bb9e]
[r6i3n7:71101] [18] /glade/scratch/dunlap/esmf-testing/nvhpc_21.11_openmpi_g_patch_8.3.1/esmf/DEFAULTINSTALLDIR/lib/libg/Linux.nvhpc.64.openmpi.default/libesmf.so(nuopc_driver_loopconnectorcompss_+0x1636)[0x2afd13349c76]
[r6i3n7:71104] [19] /glade/scratch/dunlap/esmf-testing/nvhpc_21.11_openmpi_g_patch_8.3.1/esmf/DEFAULTINSTALLDIR/lib/libg/Linux.nvhpc.64.openmpi.default/libesmf.so(nuopc_driver_loopconnectorcompss_+0x1636)[0x2b5ae3df0c76]
[r6i3n7:71102] [19] /glade/scratch/dunlap/esmf-testing/nvhpc_21.11_openmpi_g_patch_8.3.1/esmf/DEFAULTINSTALLDIR/lib/libg/Linux.nvhpc.64.openmpi.default/libesmf.so(nuopc_driver_loopconnectorcompss_+0x1636)[0x2b2db7c4ac76]
[r6i3n7:71101] [19] /glade/scratch/dunlap/esmf-testing/nvhpc_21.11_openmpi_g_patch_8.3.1/esmf/DEFAULTINSTALLDIR/lib/libg/Linux.nvhpc.64.openmpi.default/libesmf.so(nuopc_driver_loopconnectorcompss_+0x1636)[0x2b542f6f2c76]
[r6i3n7:71103] [19] /glade/scratch/dunlap/esmf-testing/nvhpc_21.11_openmpi_g_patch_8.3.1/esmf/DEFAULTINSTALLDIR/lib/libg/Linux.nvhpc.64.openmpi.default/libesmf.so(nuopc_driver_initializeipdv02p3_+0x4286)[0x2afd1333dec6]
[r6i3n7:71104] [20] /glade/scratch/dunlap/esmf-testing/nvhpc_21.11_openmpi_g_patch_8.3.1/esmf/DEFAULTINSTALLDIR/lib/libg/Linux.nvhpc.64.openmpi.default/libesmf.so(nuopc_driver_initializeipdv02p3_+0x4286)[0x2b5ae3de4ec6]
[r6i3n7:71102] [20] /glade/scratch/dunlap/esmf-testing/nvhpc_21.11_openmpi_g_patch_8.3.1/esmf/DEFAULTINSTALLDIR/lib/libg/Linux.nvhpc.64.openmpi.default/libesmf.so(nuopc_driver_initializeipdv02p3_+0x4286)[0x2b542f6e6ec6]
[r6i3n7:71103] [20] /glade/scratch/dunlap/esmf-testing/nvhpc_21.11_openmpi_g_patch_8.3.1/esmf/DEFAULTINSTALLDIR/lib/libg/Linux.nvhpc.64.openmpi.default/libesmf.so(nuopc_driver_initializeipdv02p3_+0x4286)[0x2b2db7c3eec6]
[r6i3n7:71101] [20] /glade/scratch/dunlap/esmf-testing/nvhpc_21.11_openmpi_g_patch_8.3.1/esmf/DEFAULTINSTALLDIR/lib/libg/Linux.nvhpc.64.openmpi.default/libesmf.so(nuopc_driver_initializep1_+0xc1c)[0x2afd133234dc]
[r6i3n7:71104] [21] /glade/scratch/dunlap/esmf-testing/nvhpc_21.11_openmpi_g_patch_8.3.1/esmf/DEFAULTINSTALLDIR/lib/libg/Linux.nvhpc.64.openmpi.default/libesmf.so(nuopc_driver_initializep1_+0xc1c)[0x2b5ae3dca4dc]
[r6i3n7:71102] [21] /glade/scratch/dunlap/esmf-testing/nvhpc_21.11_openmpi_g_patch_8.3.1/esmf/DEFAULTINSTALLDIR/lib/libg/Linux.nvhpc.64.openmpi.default/libesmf.so(nuopc_driver_initializep1_+0xc1c)[0x2b542f6cc4dc]
[r6i3n7:71103] [21] /glade/scratch/dunlap/esmf-testing/nvhpc_21.11_openmpi_g_patch_8.3.1/esmf/DEFAULTINSTALLDIR/lib/libg/Linux.nvhpc.64.openmpi.default/libesmf.so(nuopc_driver_initializep1_+0xc1c)[0x2b2db7c244dc]
[r6i3n7:71101] [21] /glade/scratch/dunlap/esmf-testing/nvhpc_21.11_openmpi_g_patch_8.3.1/esmf/DEFAULTINSTALLDIR/lib/libg/Linux.nvhpc.64.openmpi.default/libesmf.so(_ZN5ESMCI6FTable12callVFuncPtrEPKcPNS_2VMEPi+0xc30)[0x2afd11da0f70]
[r6i3n7:71104] [22] /glade/scratch/dunlap/esmf-testing/nvhpc_21.11_openmpi_g_patch_8.3.1/esmf/DEFAULTINSTALLDIR/lib/libg/Linux.nvhpc.64.openmpi.default/libesmf.so(_ZN5ESMCI6FTable12callVFuncPtrEPKcPNS_2VMEPi+0xc30)[0x2b5ae2847f70]
[r6i3n7:71102] [22] /glade/scratch/dunlap/esmf-testing/nvhpc_21.11_openmpi_g_patch_8.3.1/esmf/DEFAULTINSTALLDIR/lib/libg/Linux.nvhpc.64.openmpi.default/libesmf.so(_ZN5ESMCI6FTable12callVFuncPtrEPKcPNS_2VMEPi+0xc30)[0x2b2db66a1f70]
[r6i3n7:71101] [22] /glade/scratch/dunlap/esmf-testing/nvhpc_21.11_openmpi_g_patch_8.3.1/esmf/DEFAULTINSTALLDIR/lib/libg/Linux.nvhpc.64.openmpi.default/libesmf.so(_ZN5ESMCI6FTable12callVFuncPtrEPKcPNS_2VMEPi+0xc30)[0x2b542e149f70]
[r6i3n7:71103] [22] /glade/scratch/dunlap/esmf-testing/nvhpc_21.11_openmpi_g_patch_8.3.1/esmf/DEFAULTINSTALLDIR/lib/libg/Linux.nvhpc.64.openmpi.default/libesmf.so(ESMCI_FTableCallEntryPointVMHop+0x293)[0x2afd11d9c1d3]
[r6i3n7:71104] [23] /glade/scratch/dunlap/esmf-testing/nvhpc_21.11_openmpi_g_patch_8.3.1/esmf/DEFAULTINSTALLDIR/lib/libg/Linux.nvhpc.64.openmpi.default/libesmf.so(ESMCI_FTableCallEntryPointVMHop+0x293)[0x2b2db669d1d3]
[r6i3n7:71101] [23] /glade/scratch/dunlap/esmf-testing/nvhpc_21.11_openmpi_g_patch_8.3.1/esmf/DEFAULTINSTALLDIR/lib/libg/Linux.nvhpc.64.openmpi.default/libesmf.so(ESMCI_FTableCallEntryPointVMHop+0x293)[0x2b542e1451d3]
[r6i3n7:71103] [23] /glade/scratch/dunlap/esmf-testing/nvhpc_21.11_openmpi_g_patch_8.3.1/esmf/DEFAULTINSTALLDIR/lib/libg/Linux.nvhpc.64.openmpi.default/libesmf.so(ESMCI_FTableCallEntryPointVMHop+0x293)[0x2b5ae28431d3]
[r6i3n7:71102] [23] /glade/scratch/dunlap/esmf-testing/nvhpc_21.11_openmpi_g_patch_8.3.1/esmf/DEFAULTINSTALLDIR/lib/libg/Linux.nvhpc.64.openmpi.default/libesmf.so(_ZN5ESMCI3VMK5enterEPNS_7VMKPlanEPvS3_+0xbb)[0x2afd125f51fb]
[r6i3n7:71104] [24] /glade/scratch/dunlap/esmf-testing/nvhpc_21.11_openmpi_g_patch_8.3.1/esmf/DEFAULTINSTALLDIR/lib/libg/Linux.nvhpc.64.openmpi.default/libesmf.so(_ZN5ESMCI3VMK5enterEPNS_7VMKPlanEPvS3_+0xbb)[0x2b542e99e1fb]
[r6i3n7:71103] [24] /glade/scratch/dunlap/esmf-testing/nvhpc_21.11_openmpi_g_patch_8.3.1/esmf/DEFAULTINSTALLDIR/lib/libg/Linux.nvhpc.64.openmpi.default/libesmf.so(_ZN5ESMCI3VMK5enterEPNS_7VMKPlanEPvS3_+0xbb)[0x2b5ae309c1fb]
[r6i3n7:71102] [24] /glade/scratch/dunlap/esmf-testing/nvhpc_21.11_openmpi_g_patch_8.3.1/esmf/DEFAULTINSTALLDIR/lib/libg/Linux.nvhpc.64.openmpi.default/libesmf.so(_ZN5ESMCI3VMK5enterEPNS_7VMKPlanEPvS3_+0xbb)[0x2b2db6ef61fb]
[r6i3n7:71101] [24] /glade/scratch/dunlap/esmf-testing/nvhpc_21.11_openmpi_g_patch_8.3.1/esmf/DEFAULTINSTALLDIR/lib/libg/Linux.nvhpc.64.openmpi.default/libesmf.so(_ZN5ESMCI2VM5enterEPNS_6VMPlanEPvS3_+0xbe)[0x2afd1261e7be]
[r6i3n7:71104] [25] /glade/scratch/dunlap/esmf-testing/nvhpc_21.11_openmpi_g_patch_8.3.1/esmf/DEFAULTINSTALLDIR/lib/libg/Linux.nvhpc.64.openmpi.default/libesmf.so(_ZN5ESMCI2VM5enterEPNS_6VMPlanEPvS3_+0xbe)[0x2b542e9c77be]
[r6i3n7:71103] [25] /glade/scratch/dunlap/esmf-testing/nvhpc_21.11_openmpi_g_patch_8.3.1/esmf/DEFAULTINSTALLDIR/lib/libg/Linux.nvhpc.64.openmpi.default/libesmf.so(_ZN5ESMCI2VM5enterEPNS_6VMPlanEPvS3_+0xbe)[0x2b2db6f1f7be]
[r6i3n7:71101] [25] /glade/scratch/dunlap/esmf-testing/nvhpc_21.11_openmpi_g_patch_8.3.1/esmf/DEFAULTINSTALLDIR/lib/libg/Linux.nvhpc.64.openmpi.default/libesmf.so(_ZN5ESMCI2VM5enterEPNS_6VMPlanEPvS3_+0xbe)[0x2b5ae30c57be]
[r6i3n7:71102] [25] /glade/scratch/dunlap/esmf-testing/nvhpc_21.11_openmpi_g_patch_8.3.1/esmf/DEFAULTINSTALLDIR/lib/libg/Linux.nvhpc.64.openmpi.default/libesmf.so(c_esmc_ftablecallentrypointvm_+0x393)[0x2afd11d9c693]
[r6i3n7:71104] [26] /glade/scratch/dunlap/esmf-testing/nvhpc_21.11_openmpi_g_patch_8.3.1/esmf/DEFAULTINSTALLDIR/lib/libg/Linux.nvhpc.64.openmpi.default/libesmf.so(c_esmc_ftablecallentrypointvm_+0x393)[0x2b542e145693]
[r6i3n7:71103] [26] /glade/scratch/dunlap/esmf-testing/nvhpc_21.11_openmpi_g_patch_8.3.1/esmf/DEFAULTINSTALLDIR/lib/libg/Linux.nvhpc.64.openmpi.default/libesmf.so(c_esmc_ftablecallentrypointvm_+0x393)[0x2b2db669d693]
[r6i3n7:71101] [26] /glade/scratch/dunlap/esmf-testing/nvhpc_21.11_openmpi_g_patch_8.3.1/esmf/DEFAULTINSTALLDIR/lib/libg/Linux.nvhpc.64.openmpi.default/libesmf.so(c_esmc_ftablecallentrypointvm_+0x393)[0x2b5ae2843693]
[r6i3n7:71102] [26] /glade/scratch/dunlap/esmf-testing/nvhpc_21.11_openmpi_g_patch_8.3.1/esmf/DEFAULTINSTALLDIR/lib/libg/Linux.nvhpc.64.openmpi.default/libesmf.so(esmf_compmod_esmf_compexecute_+0xa26)[0x2afd12951ee6]
[r6i3n7:71104] [27] /glade/scratch/dunlap/esmf-testing/nvhpc_21.11_openmpi_g_patch_8.3.1/esmf/DEFAULTINSTALLDIR/lib/libg/Linux.nvhpc.64.openmpi.default/libesmf.so(esmf_compmod_esmf_compexecute_+0xa26)[0x2b2db7252ee6]
[r6i3n7:71101] [27] /glade/scratch/dunlap/esmf-testing/nvhpc_21.11_openmpi_g_patch_8.3.1/esmf/DEFAULTINSTALLDIR/lib/libg/Linux.nvhpc.64.openmpi.default/libesmf.so(esmf_compmod_esmf_compexecute_+0xa26)[0x2b542ecfaee6]
[r6i3n7:71103] [27] /glade/scratch/dunlap/esmf-testing/nvhpc_21.11_openmpi_g_patch_8.3.1/esmf/DEFAULTINSTALLDIR/lib/libg/Linux.nvhpc.64.openmpi.default/libesmf.so(esmf_compmod_esmf_compexecute_+0xa26)[0x2b5ae33f8ee6]
[r6i3n7:71102] [27] /glade/scratch/dunlap/esmf-testing/nvhpc_21.11_openmpi_g_patch_8.3.1/esmf/DEFAULTINSTALLDIR/lib/libg/Linux.nvhpc.64.openmpi.default/libesmf.so(esmf_gridcompmod_esmf_gridcompinitialize_+0x1de)[0x2afd12c251de]
[r6i3n7:71104] [28] ./esmApp[0x407c88]
[r6i3n7:71104] [29] ./esmApp[0x407773]
[r6i3n7:71104] *** End of error message ***
/glade/scratch/dunlap/esmf-testing/nvhpc_21.11_openmpi_g_patch_8.3.1/esmf/DEFAULTINSTALLDIR/lib/libg/Linux.nvhpc.64.openmpi.default/libesmf.so(esmf_gridcompmod_esmf_gridcompinitialize_+0x1de)[0x2b542efce1de]
[r6i3n7:71103] [28] ./esmApp[0x407c88]
[r6i3n7:71103] [29] ./esmApp[0x407773]
[r6i3n7:71103] *** End of error message ***
/glade/scratch/dunlap/esmf-testing/nvhpc_21.11_openmpi_g_patch_8.3.1/esmf/DEFAULTINSTALLDIR/lib/libg/Linux.nvhpc.64.openmpi.default/libesmf.so(esmf_gridcompmod_esmf_gridcompinitialize_+0x1de)[0x2b2db75261de]
[r6i3n7:71101] [28] ./esmApp[0x407c88]
[r6i3n7:71101] [29] ./esmApp[0x407773]
[r6i3n7:71101] *** End of error message ***
/glade/scratch/dunlap/esmf-testing/nvhpc_21.11_openmpi_g_patch_8.3.1/esmf/DEFAULTINSTALLDIR/lib/libg/Linux.nvhpc.64.openmpi.default/libesmf.so(esmf_gridcompmod_esmf_gridcompinitialize_+0x1de)[0x2b5ae36cc1de]
[r6i3n7:71102] [28] ./esmApp[0x407c88]
[r6i3n7:71102] [29] ./esmApp[0x407773]
[r6i3n7:71102] *** End of error message ***
--------------------------------------------------------------------------
Primary job  terminated normally, but 1 process returned
a non-zero exit code. Per user-direction, the job has been aborted.
--------------------------------------------------------------------------
--------------------------------------------------------------------------
mpirun noticed that process rank 1 with PID 0 on node r6i3n7 exited on signal 11 (Segmentation fault).
--------------------------------------------------------------------------
