2022-09-08 09:48:58
20220908 105432.064 INFO             PET0 !!!!!!!!!!!!!!!!!!!!!!!!!!!!!!!!!!!!!!!!!!!!!!!!!!!!!!
20220908 105432.064 INFO             PET0 !!! THE ESMF_LOG IS SET TO OUTPUT ALL LOG MESSAGES !!!
20220908 105432.064 INFO             PET0 !!!     THIS MAY CAUSE SLOWDOWN IN PERFORMANCE     !!!
20220908 105432.064 INFO             PET0 !!! FOR PRODUCTION RUNS, USE:                      !!!
20220908 105432.064 INFO             PET0 !!!                   ESMF_LOGKIND_Multi_On_Error  !!!
20220908 105432.064 INFO             PET0 !!!!!!!!!!!!!!!!!!!!!!!!!!!!!!!!!!!!!!!!!!!!!!!!!!!!!!
20220908 105432.064 INFO             PET0 Running with ESMF Version   : v8.3.1b05
20220908 105432.064 INFO             PET0 ESMF library build date/time: "Sep  8 2022" "09:45:44"
20220908 105432.064 INFO             PET0 ESMF library build location : /glade/scratch/dunlap/esmf-testing/nvhpc_21.11_openmpi_g_patch_8.3.1/esmf
20220908 105432.064 INFO             PET0 ESMF_COMM                   : openmpi
20220908 105432.064 INFO             PET0 ESMF_MOAB                   : enabled
20220908 105432.064 INFO             PET0 ESMF_LAPACK                 : enabled
20220908 105432.064 INFO             PET0 ESMF_NETCDF                 : enabled
20220908 105432.064 INFO             PET0 ESMF_PNETCDF                : disabled
20220908 105432.064 INFO             PET0 ESMF_PIO                    : enabled
20220908 105432.064 INFO             PET0 ESMF_YAMLCPP                : enabled
20220908 105432.066 INFO             PET0 esmApp STARTING
20220908 105432.072 INFO             PET0 esm: InitializeP1 intro.
20220908 105432.072 INFO             PET0   esm: InitializeIPDv02p1 intro.
20220908 105432.072 INFO             PET0     >>>esm: entered Initialize (phase=<none>) without valid internal Clock.
20220908 105432.074 INFO             PET0     esm - Creating model component ATM with petList of size 1 :
20220908 105432.074 INFO             PET0           0
20220908 105432.078 INFO             PET0     esm - Creating model component OCN with petList of size 1 :
20220908 105432.078 INFO             PET0           2
20220908 105432.082 INFO             PET0     esm - Creating model component MED with petList of size 2 :
20220908 105432.082 INFO             PET0           1      3
20220908 105432.082 INFO             PET0      esm: set Driver slow timeStep to            60  minutes.
20220908 105432.082 INFO             PET0     esm - Creating state: modelComp 1 Import State
20220908 105432.082 INFO             PET0     esm - Creating state: modelComp 1 Export State
20220908 105432.083 INFO             PET0     esm - Creating state: modelComp 2 Import State
20220908 105432.083 INFO             PET0     esm - Creating state: modelComp 2 Export State
20220908 105432.083 INFO             PET0     esm - Creating state: modelComp 3 Import State
20220908 105432.083 INFO             PET0     esm - Creating state: modelComp 3 Export State
20220908 105432.085 INFO             PET0     ATM: InitializeP0 intro.
20220908 105432.087 INFO             PET0     ATM: InitializeP0 extro.
20220908 105432.098 INFO             PET0     esm - Creating connector component OCN-TO-MED with petList of size 3 :
20220908 105432.098 INFO             PET0           2      1      3
20220908 105432.108 INFO             PET0     esm - Setting Verbosity on created component to: high
20220908 105432.108 INFO             PET0     esm - Setting Profiling on created component to:          0
20220908 105432.108 INFO             PET0     esm - Creating connector component MED-TO-OCN with petList of size 3 :
20220908 105432.108 INFO             PET0           1      3      2
20220908 105432.120 INFO             PET0     esm - Setting Verbosity on created component to: high
20220908 105432.120 INFO             PET0     esm - Setting Profiling on created component to:          0
20220908 105432.120 INFO             PET0     esm - Creating connector component MED-TO-ATM with petList of size 3 :
20220908 105432.120 INFO             PET0           1      3      0
20220908 105432.132 INFO             PET0     esm - Setting Verbosity on created component to: high
20220908 105432.133 INFO             PET0     esm - Setting Profiling on created component to:          0
20220908 105432.133 INFO             PET0     esm - Creating connector component ATM-TO-MED with petList of size 3 :
20220908 105432.133 INFO             PET0           0      1      3
20220908 105432.145 INFO             PET0     esm - Setting Verbosity on created component to: high
20220908 105432.145 INFO             PET0     esm - Setting Profiling on created component to:          0
20220908 105432.147 INFO             PET0      esm: set Driver fast timeStep to            30  minutes.
20220908 105432.153 INFO             PET0     esm: IInitAdvertise intro.
20220908 105432.153 INFO             PET0     esm: IInitAdvertise extro.
20220908 105432.153 INFO             PET0     ATM: InitializeIPDvXp01 intro.
20220908 105432.157 INFO             PET0     ATM: InitializeIPDvXp01 extro.
20220908 105432.174 INFO             PET0     ATM-TO-MED: InitializeIPDv05p1 intro.
20220908 105432.186 INFO             PET0       ATM-TO-MED: importState FieldTransferPolicy = transferNone
20220908 105432.186 INFO             PET0       ATM-TO-MED: exportState FieldTransferPolicy = transferNone
20220908 105432.186 INFO             PET0     ATM-TO-MED: InitializeIPDv05p1 extro.
20220908 105432.186 INFO             PET0     MED-TO-ATM: InitializeIPDv05p1 intro.
20220908 105432.202 INFO             PET0       MED-TO-ATM: importState FieldTransferPolicy = transferNone
20220908 105432.202 INFO             PET0       MED-TO-ATM: exportState FieldTransferPolicy = transferNone
20220908 105432.202 INFO             PET0     MED-TO-ATM: InitializeIPDv05p1 extro.
20220908 105432.202 INFO             PET0     esm: IInitAdvertiseFinish intro.
20220908 105432.202 INFO             PET0     esm: IInitAdvertiseFinish extro.
20220908 105432.202 INFO             PET0     ATM-TO-MED: InitializeIPDv05p2a intro.
20220908 105432.220 INFO             PET0       ATM-TO-MED:      importStandardNameList(i=  1): air_pressure_at_sea_level
20220908 105432.220 INFO             PET0       ATM-TO-MED:         importNamespaceList(i=  1): ATM
20220908 105432.220 INFO             PET0       ATM-TO-MED:            importCplSetList(i=  1): __UNSPECIFIED__
20220908 105432.220 INFO             PET0       ATM-TO-MED:      exportStandardNameList(j=  1): air_pressure_at_sea_level
20220908 105432.220 INFO             PET0       ATM-TO-MED:         exportNamespaceList(j=  1): MED
20220908 105432.220 INFO             PET0       ATM-TO-MED:            exportCplSetList(j=  1): __UNSPECIFIED__
20220908 105432.220 INFO             PET0       ATM-TO-MED: bondLevel= 1
20220908 105432.220 INFO             PET0       ATM-TO-MED: ProducerConnection (bondLevelMax):         1
20220908 105432.221 INFO             PET0       ATM-TO-MED:      importStandardNameList(i=  2): surface_net_downward_shortwave_flux
20220908 105432.221 INFO             PET0       ATM-TO-MED:         importNamespaceList(i=  2): ATM
20220908 105432.221 INFO             PET0       ATM-TO-MED:            importCplSetList(i=  2): __UNSPECIFIED__
20220908 105432.221 INFO             PET0       ATM-TO-MED:      exportStandardNameList(j=  2): surface_net_downward_shortwave_flux
20220908 105432.221 INFO             PET0       ATM-TO-MED:         exportNamespaceList(j=  2): MED
20220908 105432.221 INFO             PET0       ATM-TO-MED:            exportCplSetList(j=  2): __UNSPECIFIED__
20220908 105432.221 INFO             PET0       ATM-TO-MED: bondLevel= 1
20220908 105432.221 INFO             PET0       ATM-TO-MED: ProducerConnection (bondLevelMax):         1
20220908 105432.221 INFO             PET0     ATM-TO-MED: InitializeIPDv05p2a extro.
20220908 105432.221 INFO             PET0     MED-TO-ATM: InitializeIPDv05p2a intro.
20220908 105432.237 INFO             PET0       MED-TO-ATM:      importStandardNameList(i=  3): sea_surface_temperature
20220908 105432.237 INFO             PET0       MED-TO-ATM:         importNamespaceList(i=  3): MED
20220908 105432.237 INFO             PET0       MED-TO-ATM:            importCplSetList(i=  3): __UNSPECIFIED__
20220908 105432.237 INFO             PET0       MED-TO-ATM:      exportStandardNameList(j=  1): sea_surface_temperature
20220908 105432.237 INFO             PET0       MED-TO-ATM:         exportNamespaceList(j=  1): ATM
20220908 105432.237 INFO             PET0       MED-TO-ATM:            exportCplSetList(j=  1): __UNSPECIFIED__
20220908 105432.237 INFO             PET0       MED-TO-ATM: bondLevel= 1
20220908 105432.237 INFO             PET0       MED-TO-ATM: ProducerConnection (bondLevelMax):         1
20220908 105432.237 INFO             PET0     MED-TO-ATM: InitializeIPDv05p2a extro.
20220908 105432.237 INFO             PET0     ATM-TO-MED: InitializeIPDv05p2b intro.
20220908 105432.256 INFO             PET0       ATM-TO-MED:      importStandardNameList(i=  1): air_pressure_at_sea_level
20220908 105432.256 INFO             PET0       ATM-TO-MED:         importNamespaceList(i=  1): ATM
20220908 105432.256 INFO             PET0       ATM-TO-MED:            importCplSetList(i=  1): __UNSPECIFIED__
20220908 105432.256 INFO             PET0       ATM-TO-MED:      exportStandardNameList(j=  1): air_pressure_at_sea_level
20220908 105432.256 INFO             PET0       ATM-TO-MED:         exportNamespaceList(j=  1): MED
20220908 105432.256 INFO             PET0       ATM-TO-MED:            exportCplSetList(j=  1): __UNSPECIFIED__
20220908 105432.256 INFO             PET0       ATM-TO-MED: bondLevel= 1
20220908 105432.256 INFO             PET0       ATM-TO-MED: => added cplList(  1)=air_pressure_at_sea_level, cplSetList(  1)=__UNSPECIFIED__
20220908 105432.256 INFO             PET0       ATM-TO-MED:      importStandardNameList(i=  2): surface_net_downward_shortwave_flux
20220908 105432.256 INFO             PET0       ATM-TO-MED:         importNamespaceList(i=  2): ATM
20220908 105432.256 INFO             PET0       ATM-TO-MED:            importCplSetList(i=  2): __UNSPECIFIED__
20220908 105432.256 INFO             PET0       ATM-TO-MED:      exportStandardNameList(j=  2): surface_net_downward_shortwave_flux
20220908 105432.256 INFO             PET0       ATM-TO-MED:         exportNamespaceList(j=  2): MED
20220908 105432.256 INFO             PET0       ATM-TO-MED:            exportCplSetList(j=  2): __UNSPECIFIED__
20220908 105432.256 INFO             PET0       ATM-TO-MED: bondLevel= 1
20220908 105432.256 INFO             PET0       ATM-TO-MED: => added cplList(  2)=surface_net_downward_shortwave_flux, cplSetList(  2)=__UNSPECIFIED__
20220908 105432.256 INFO             PET0     ATM-TO-MED: InitializeIPDv05p2b extro.
20220908 105432.256 INFO             PET0     MED-TO-ATM: InitializeIPDv05p2b intro.
20220908 105432.273 INFO             PET0       MED-TO-ATM:      importStandardNameList(i=  3): sea_surface_temperature
20220908 105432.273 INFO             PET0       MED-TO-ATM:         importNamespaceList(i=  3): MED
20220908 105432.273 INFO             PET0       MED-TO-ATM:            importCplSetList(i=  3): __UNSPECIFIED__
20220908 105432.273 INFO             PET0       MED-TO-ATM:      exportStandardNameList(j=  1): sea_surface_temperature
20220908 105432.273 INFO             PET0       MED-TO-ATM:         exportNamespaceList(j=  1): ATM
20220908 105432.273 INFO             PET0       MED-TO-ATM:            exportCplSetList(j=  1): __UNSPECIFIED__
20220908 105432.273 INFO             PET0       MED-TO-ATM: bondLevel= 1
20220908 105432.273 INFO             PET0       MED-TO-ATM: => added cplList(  1)=sea_surface_temperature, cplSetList(  1)=__UNSPECIFIED__
20220908 105432.273 INFO             PET0     MED-TO-ATM: InitializeIPDv05p2b extro.
20220908 105432.273 INFO             PET0     esm: IInitModifyCplLists intro.
20220908 105432.273 INFO             PET0     esm: IInitModifyCplLists extro.
20220908 105432.274 INFO             PET0     ATM-TO-MED: InitializeIPDv05p3 intro.
20220908 105432.293 INFO             PET0       ATM-TO-MED: handle cplList(1): air_pressure_at_sea_level, cplSetList(1): __UNSPECIFIED__
20220908 105432.293 INFO             PET0       ATM-TO-MED: - connected.
20220908 105432.293 INFO             PET0       ATM-TO-MED: - both sides must provide the Field/GeomObject.
20220908 105432.293 INFO             PET0       ATM-TO-MED: handle cplList(2): surface_net_downward_shortwave_flux, cplSetList(2): __UNSPECIFIED__
20220908 105432.293 INFO             PET0       ATM-TO-MED: - connected.
20220908 105432.293 INFO             PET0       ATM-TO-MED: - both sides must provide the Field/GeomObject.
20220908 105432.293 INFO             PET0     ATM-TO-MED: InitializeIPDv05p3 extro.
20220908 105432.293 INFO             PET0     MED-TO-ATM: InitializeIPDv05p3 intro.
20220908 105432.310 INFO             PET0       MED-TO-ATM: handle cplList(1): sea_surface_temperature, cplSetList(1): __UNSPECIFIED__
20220908 105432.310 INFO             PET0       MED-TO-ATM: - connected.
20220908 105432.310 INFO             PET0       MED-TO-ATM: - both sides must provide the Field/GeomObject.
20220908 105432.311 INFO             PET0     MED-TO-ATM: InitializeIPDv05p3 extro.
20220908 105432.311 INFO             PET0     <<<esm: leaving Initialize (phase=<none>) with current time: 2010  6  1  0  0  0   0
20220908 105432.311 INFO             PET0   esm: InitializeIPDv02p1 extro.
20220908 105432.311 INFO             PET0   esm: InitializeIPDv02p3 intro.
20220908 105432.311 INFO             PET0     >>>esm: entered Initialize (phase=<none>) with current time: 2010  6  1  0  0  0   0
20220908 105432.311 INFO             PET0     esm: IInitCheck intro.
20220908 105432.311 INFO             PET0     esm: IInitCheck extro.
20220908 105432.311 INFO             PET0     ATM: InitializeIPDvXp04 intro.
20220908 105432.318 INFO             PET0     ATM: InitializeIPDvXp04 extro.
20220908 105432.344 INFO             PET0     ATM-TO-MED: InitializeIPDv05p4 intro.
20220908 105432.362 INFO             PET0       ATM-TO-MED: handle cplList(1): air_pressure_at_sea_level, cplSetList(1): __UNSPECIFIED__
20220908 105432.362 INFO             PET0       ATM-TO-MED: - nothing shared or transferred
20220908 105432.362 INFO             PET0       ATM-TO-MED: handle cplList(2): surface_net_downward_shortwave_flux, cplSetList(2): __UNSPECIFIED__
20220908 105432.362 INFO             PET0       ATM-TO-MED: - nothing shared or transferred
20220908 105432.362 INFO             PET0     ATM-TO-MED: InitializeIPDv05p4 extro.
20220908 105432.362 INFO             PET0     MED-TO-ATM: InitializeIPDv05p4 intro.
20220908 105432.388 INFO             PET0       MED-TO-ATM: handle cplList(1): sea_surface_temperature, cplSetList(1): __UNSPECIFIED__
20220908 105432.388 INFO             PET0       MED-TO-ATM: - nothing shared or transferred
20220908 105432.388 INFO             PET0     MED-TO-ATM: InitializeIPDv05p4 extro.
20220908 105432.388 INFO             PET0     ATM-TO-MED: InitializeIPDv05p5 intro.
20220908 105432.418 INFO             PET0       ATM-TO-MED: handle cplList(1): air_pressure_at_sea_level, cplSetList(1): __UNSPECIFIED__
20220908 105432.418 INFO             PET0       ATM-TO-MED: - nothing shared or transferred, or may already be handled
20220908 105432.419 INFO             PET0       ATM-TO-MED: handle cplList(2): surface_net_downward_shortwave_flux, cplSetList(2): __UNSPECIFIED__
20220908 105432.419 INFO             PET0       ATM-TO-MED: - nothing shared or transferred, or may already be handled
20220908 105432.419 INFO             PET0     ATM-TO-MED: InitializeIPDv05p5 extro.
20220908 105432.419 INFO             PET0     MED-TO-ATM: InitializeIPDv05p5 intro.
20220908 105432.445 INFO             PET0       MED-TO-ATM: handle cplList(1): sea_surface_temperature, cplSetList(1): __UNSPECIFIED__
20220908 105432.445 INFO             PET0       MED-TO-ATM: - nothing shared or transferred, or may already be handled
20220908 105432.445 INFO             PET0     MED-TO-ATM: InitializeIPDv05p5 extro.
20220908 105432.445 INFO             PET0     esm: IInitRealize intro.
20220908 105432.445 INFO             PET0     esm: IInitRealize extro.
20220908 105432.445 INFO             PET0     ATM-TO-MED: InitializeIPDv05p6a intro.
20220908 105432.475 INFO             PET0     ATM-TO-MED: InitializeIPDv05p6a extro.
20220908 105432.475 INFO             PET0     MED-TO-ATM: InitializeIPDv05p6a intro.
20220908 105432.500 INFO             PET0     MED-TO-ATM: InitializeIPDv05p6a extro.
20220908 105432.500 INFO             PET0     ATM-TO-MED: InitializeIPDv05p6b intro.
20220908 105432.500 INFO             PET0       ATM-TO-MED: handle cplList(1): air_pressure_at_sea_level, cplSetList(1): __UNSPECIFIED__
20220908 105432.501 INFO             PET0       ATM-TO-MED: - no Field sharing between import and export side: remap.
20220908 105432.501 INFO             PET0       ATM-TO-MED: handle cplList(2): surface_net_downward_shortwave_flux, cplSetList(2): __UNSPECIFIED__
20220908 105432.501 INFO             PET0       ATM-TO-MED: - no Field sharing between import and export side: remap.
20220908 105432.065 INFO             PET1 !!!!!!!!!!!!!!!!!!!!!!!!!!!!!!!!!!!!!!!!!!!!!!!!!!!!!!
20220908 105432.065 INFO             PET1 !!! THE ESMF_LOG IS SET TO OUTPUT ALL LOG MESSAGES !!!
20220908 105432.065 INFO             PET1 !!!     THIS MAY CAUSE SLOWDOWN IN PERFORMANCE     !!!
20220908 105432.065 INFO             PET1 !!! FOR PRODUCTION RUNS, USE:                      !!!
20220908 105432.065 INFO             PET1 !!!                   ESMF_LOGKIND_Multi_On_Error  !!!
20220908 105432.065 INFO             PET1 !!!!!!!!!!!!!!!!!!!!!!!!!!!!!!!!!!!!!!!!!!!!!!!!!!!!!!
20220908 105432.065 INFO             PET1 Running with ESMF Version   : v8.3.1b05
20220908 105432.065 INFO             PET1 ESMF library build date/time: "Sep  8 2022" "09:45:44"
20220908 105432.065 INFO             PET1 ESMF library build location : /glade/scratch/dunlap/esmf-testing/nvhpc_21.11_openmpi_g_patch_8.3.1/esmf
20220908 105432.065 INFO             PET1 ESMF_COMM                   : openmpi
20220908 105432.065 INFO             PET1 ESMF_MOAB                   : enabled
20220908 105432.065 INFO             PET1 ESMF_LAPACK                 : enabled
20220908 105432.065 INFO             PET1 ESMF_NETCDF                 : enabled
20220908 105432.065 INFO             PET1 ESMF_PNETCDF                : disabled
20220908 105432.065 INFO             PET1 ESMF_PIO                    : enabled
20220908 105432.065 INFO             PET1 ESMF_YAMLCPP                : enabled
20220908 105432.066 INFO             PET1 esmApp STARTING
20220908 105432.072 INFO             PET1 esm: InitializeP1 intro.
20220908 105432.073 INFO             PET1   esm: InitializeIPDv02p1 intro.
20220908 105432.073 INFO             PET1     >>>esm: entered Initialize (phase=<none>) without valid internal Clock.
20220908 105432.074 INFO             PET1     esm - Creating model component ATM with petList of size 1 :
20220908 105432.074 INFO             PET1           0
20220908 105432.078 INFO             PET1     esm - Creating model component OCN with petList of size 1 :
20220908 105432.078 INFO             PET1           2
20220908 105432.082 INFO             PET1     esm - Creating model component MED with petList of size 2 :
20220908 105432.082 INFO             PET1           1      3
20220908 105432.087 INFO             PET1      esm: set Driver slow timeStep to            60  minutes.
20220908 105432.087 INFO             PET1     esm - Creating state: modelComp 1 Import State
20220908 105432.087 INFO             PET1     esm - Creating state: modelComp 1 Export State
20220908 105432.088 INFO             PET1     esm - Creating state: modelComp 2 Import State
20220908 105432.088 INFO             PET1     esm - Creating state: modelComp 2 Export State
20220908 105432.088 INFO             PET1     esm - Creating state: modelComp 3 Import State
20220908 105432.088 INFO             PET1     esm - Creating state: modelComp 3 Export State
20220908 105432.095 INFO             PET1     MED: InitializeP0 intro.
20220908 105432.097 INFO             PET1     MED: InitializeP0 extro.
20220908 105432.098 INFO             PET1     esm - Creating connector component OCN-TO-MED with petList of size 3 :
20220908 105432.098 INFO             PET1           2      1      3
20220908 105432.110 INFO             PET1     esm - Setting Verbosity on created component to: high
20220908 105432.110 INFO             PET1     esm - Setting Profiling on created component to:          0
20220908 105432.110 INFO             PET1     esm - Creating connector component MED-TO-OCN with petList of size 3 :
20220908 105432.110 INFO             PET1           1      3      2
20220908 105432.120 INFO             PET1     esm - Setting Verbosity on created component to: high
20220908 105432.120 INFO             PET1     esm - Setting Profiling on created component to:          0
20220908 105432.120 INFO             PET1     esm - Creating connector component MED-TO-ATM with petList of size 3 :
20220908 105432.120 INFO             PET1           1      3      0
20220908 105432.131 INFO             PET1     esm - Setting Verbosity on created component to: high
20220908 105432.134 INFO             PET1     esm - Setting Profiling on created component to:          0
20220908 105432.134 INFO             PET1     esm - Creating connector component ATM-TO-MED with petList of size 3 :
20220908 105432.134 INFO             PET1           0      1      3
20220908 105432.145 INFO             PET1     esm - Setting Verbosity on created component to: high
20220908 105432.145 INFO             PET1     esm - Setting Profiling on created component to:          0
20220908 105432.147 INFO             PET1      esm: set Driver fast timeStep to            30  minutes.
20220908 105432.153 INFO             PET1     esm: IInitAdvertise intro.
20220908 105432.153 INFO             PET1     esm: IInitAdvertise extro.
20220908 105432.164 INFO             PET1     MED: InitializeIPDvXp01 intro.
20220908 105432.172 INFO             PET1     MED: InitializeIPDvXp01 extro.
20220908 105432.174 INFO             PET1     ATM-TO-MED: InitializeIPDv05p1 intro.
20220908 105432.186 INFO             PET1       ATM-TO-MED: importState FieldTransferPolicy = transferNone
20220908 105432.186 INFO             PET1       ATM-TO-MED: exportState FieldTransferPolicy = transferNone
20220908 105432.186 INFO             PET1     ATM-TO-MED: InitializeIPDv05p1 extro.
20220908 105432.186 INFO             PET1     OCN-TO-MED: InitializeIPDv05p1 intro.
20220908 105432.194 INFO             PET1       OCN-TO-MED: importState FieldTransferPolicy = transferNone
20220908 105432.194 INFO             PET1       OCN-TO-MED: exportState FieldTransferPolicy = transferNone
20220908 105432.194 INFO             PET1     OCN-TO-MED: InitializeIPDv05p1 extro.
20220908 105432.194 INFO             PET1     MED-TO-ATM: InitializeIPDv05p1 intro.
20220908 105432.202 INFO             PET1       MED-TO-ATM: importState FieldTransferPolicy = transferNone
20220908 105432.202 INFO             PET1       MED-TO-ATM: exportState FieldTransferPolicy = transferNone
20220908 105432.202 INFO             PET1     MED-TO-ATM: InitializeIPDv05p1 extro.
20220908 105432.202 INFO             PET1     MED-TO-OCN: InitializeIPDv05p1 intro.
20220908 105432.211 INFO             PET1       MED-TO-OCN: importState FieldTransferPolicy = transferNone
20220908 105432.211 INFO             PET1       MED-TO-OCN: exportState FieldTransferPolicy = transferNone
20220908 105432.211 INFO             PET1     MED-TO-OCN: InitializeIPDv05p1 extro.
20220908 105432.211 INFO             PET1     esm: IInitAdvertiseFinish intro.
20220908 105432.211 INFO             PET1     esm: IInitAdvertiseFinish extro.
20220908 105432.211 INFO             PET1     ATM-TO-MED: InitializeIPDv05p2a intro.
20220908 105432.220 INFO             PET1       ATM-TO-MED:      importStandardNameList(i=  1): air_pressure_at_sea_level
20220908 105432.221 INFO             PET1       ATM-TO-MED:         importNamespaceList(i=  1): ATM
20220908 105432.221 INFO             PET1       ATM-TO-MED:            importCplSetList(i=  1): __UNSPECIFIED__
20220908 105432.221 INFO             PET1       ATM-TO-MED:      exportStandardNameList(j=  1): air_pressure_at_sea_level
20220908 105432.221 INFO             PET1       ATM-TO-MED:         exportNamespaceList(j=  1): MED
20220908 105432.221 INFO             PET1       ATM-TO-MED:            exportCplSetList(j=  1): __UNSPECIFIED__
20220908 105432.221 INFO             PET1       ATM-TO-MED: bondLevel= 1
20220908 105432.221 INFO             PET1       ATM-TO-MED: ProducerConnection (bondLevelMax):         1
20220908 105432.221 INFO             PET1       ATM-TO-MED:      importStandardNameList(i=  2): surface_net_downward_shortwave_flux
20220908 105432.221 INFO             PET1       ATM-TO-MED:         importNamespaceList(i=  2): ATM
20220908 105432.221 INFO             PET1       ATM-TO-MED:            importCplSetList(i=  2): __UNSPECIFIED__
20220908 105432.221 INFO             PET1       ATM-TO-MED:      exportStandardNameList(j=  2): surface_net_downward_shortwave_flux
20220908 105432.221 INFO             PET1       ATM-TO-MED:         exportNamespaceList(j=  2): MED
20220908 105432.221 INFO             PET1       ATM-TO-MED:            exportCplSetList(j=  2): __UNSPECIFIED__
20220908 105432.221 INFO             PET1       ATM-TO-MED: bondLevel= 1
20220908 105432.221 INFO             PET1       ATM-TO-MED: ProducerConnection (bondLevelMax):         1
20220908 105432.221 INFO             PET1     ATM-TO-MED: InitializeIPDv05p2a extro.
20220908 105432.221 INFO             PET1     OCN-TO-MED: InitializeIPDv05p2a intro.
20220908 105432.229 INFO             PET1       OCN-TO-MED:      importStandardNameList(i=  1): sea_surface_temperature
20220908 105432.229 INFO             PET1       OCN-TO-MED:         importNamespaceList(i=  1): OCN
20220908 105432.229 INFO             PET1       OCN-TO-MED:            importCplSetList(i=  1): __UNSPECIFIED__
20220908 105432.229 INFO             PET1       OCN-TO-MED:      exportStandardNameList(j=  3): sea_surface_temperature
20220908 105432.229 INFO             PET1       OCN-TO-MED:         exportNamespaceList(j=  3): MED
20220908 105432.229 INFO             PET1       OCN-TO-MED:            exportCplSetList(j=  3): __UNSPECIFIED__
20220908 105432.229 INFO             PET1       OCN-TO-MED: bondLevel= 1
20220908 105432.229 INFO             PET1       OCN-TO-MED: ProducerConnection (bondLevelMax):         1
20220908 105432.229 INFO             PET1     OCN-TO-MED: InitializeIPDv05p2a extro.
20220908 105432.229 INFO             PET1     MED-TO-ATM: InitializeIPDv05p2a intro.
20220908 105432.237 INFO             PET1       MED-TO-ATM:      importStandardNameList(i=  3): sea_surface_temperature
20220908 105432.237 INFO             PET1       MED-TO-ATM:         importNamespaceList(i=  3): MED
20220908 105432.237 INFO             PET1       MED-TO-ATM:            importCplSetList(i=  3): __UNSPECIFIED__
20220908 105432.237 INFO             PET1       MED-TO-ATM:      exportStandardNameList(j=  1): sea_surface_temperature
20220908 105432.237 INFO             PET1       MED-TO-ATM:         exportNamespaceList(j=  1): ATM
20220908 105432.237 INFO             PET1       MED-TO-ATM:            exportCplSetList(j=  1): __UNSPECIFIED__
20220908 105432.237 INFO             PET1       MED-TO-ATM: bondLevel= 1
20220908 105432.237 INFO             PET1       MED-TO-ATM: ProducerConnection (bondLevelMax):         1
20220908 105432.237 INFO             PET1     MED-TO-ATM: InitializeIPDv05p2a extro.
20220908 105432.237 INFO             PET1     MED-TO-OCN: InitializeIPDv05p2a intro.
20220908 105432.246 INFO             PET1       MED-TO-OCN:      importStandardNameList(i=  1): air_pressure_at_sea_level
20220908 105432.246 INFO             PET1       MED-TO-OCN:         importNamespaceList(i=  1): MED
20220908 105432.246 INFO             PET1       MED-TO-OCN:            importCplSetList(i=  1): __UNSPECIFIED__
20220908 105432.246 INFO             PET1       MED-TO-OCN:      exportStandardNameList(j=  1): air_pressure_at_sea_level
20220908 105432.246 INFO             PET1       MED-TO-OCN:         exportNamespaceList(j=  1): OCN
20220908 105432.246 INFO             PET1       MED-TO-OCN:            exportCplSetList(j=  1): __UNSPECIFIED__
20220908 105432.246 INFO             PET1       MED-TO-OCN: bondLevel= 1
20220908 105432.246 INFO             PET1       MED-TO-OCN: ProducerConnection (bondLevelMax):         1
20220908 105432.246 INFO             PET1       MED-TO-OCN:      importStandardNameList(i=  2): surface_net_downward_shortwave_flux
20220908 105432.246 INFO             PET1       MED-TO-OCN:         importNamespaceList(i=  2): MED
20220908 105432.246 INFO             PET1       MED-TO-OCN:            importCplSetList(i=  2): __UNSPECIFIED__
20220908 105432.246 INFO             PET1       MED-TO-OCN:      exportStandardNameList(j=  2): surface_net_downward_shortwave_flux
20220908 105432.246 INFO             PET1       MED-TO-OCN:         exportNamespaceList(j=  2): OCN
20220908 105432.246 INFO             PET1       MED-TO-OCN:            exportCplSetList(j=  2): __UNSPECIFIED__
20220908 105432.247 INFO             PET1       MED-TO-OCN: bondLevel= 1
20220908 105432.247 INFO             PET1       MED-TO-OCN: ProducerConnection (bondLevelMax):         1
20220908 105432.247 INFO             PET1     MED-TO-OCN: InitializeIPDv05p2a extro.
20220908 105432.247 INFO             PET1     ATM-TO-MED: InitializeIPDv05p2b intro.
20220908 105432.256 INFO             PET1       ATM-TO-MED:      importStandardNameList(i=  1): air_pressure_at_sea_level
20220908 105432.256 INFO             PET1       ATM-TO-MED:         importNamespaceList(i=  1): ATM
20220908 105432.256 INFO             PET1       ATM-TO-MED:            importCplSetList(i=  1): __UNSPECIFIED__
20220908 105432.256 INFO             PET1       ATM-TO-MED:      exportStandardNameList(j=  1): air_pressure_at_sea_level
20220908 105432.256 INFO             PET1       ATM-TO-MED:         exportNamespaceList(j=  1): MED
20220908 105432.256 INFO             PET1       ATM-TO-MED:            exportCplSetList(j=  1): __UNSPECIFIED__
20220908 105432.256 INFO             PET1       ATM-TO-MED: bondLevel= 1
20220908 105432.256 INFO             PET1       ATM-TO-MED: => added cplList(  1)=air_pressure_at_sea_level, cplSetList(  1)=__UNSPECIFIED__
20220908 105432.256 INFO             PET1       ATM-TO-MED:      importStandardNameList(i=  2): surface_net_downward_shortwave_flux
20220908 105432.256 INFO             PET1       ATM-TO-MED:         importNamespaceList(i=  2): ATM
20220908 105432.256 INFO             PET1       ATM-TO-MED:            importCplSetList(i=  2): __UNSPECIFIED__
20220908 105432.256 INFO             PET1       ATM-TO-MED:      exportStandardNameList(j=  2): surface_net_downward_shortwave_flux
20220908 105432.256 INFO             PET1       ATM-TO-MED:         exportNamespaceList(j=  2): MED
20220908 105432.256 INFO             PET1       ATM-TO-MED:            exportCplSetList(j=  2): __UNSPECIFIED__
20220908 105432.256 INFO             PET1       ATM-TO-MED: bondLevel= 1
20220908 105432.256 INFO             PET1       ATM-TO-MED: => added cplList(  2)=surface_net_downward_shortwave_flux, cplSetList(  2)=__UNSPECIFIED__
20220908 105432.256 INFO             PET1     ATM-TO-MED: InitializeIPDv05p2b extro.
20220908 105432.256 INFO             PET1     OCN-TO-MED: InitializeIPDv05p2b intro.
20220908 105432.264 INFO             PET1       OCN-TO-MED:      importStandardNameList(i=  1): sea_surface_temperature
20220908 105432.264 INFO             PET1       OCN-TO-MED:         importNamespaceList(i=  1): OCN
20220908 105432.264 INFO             PET1       OCN-TO-MED:            importCplSetList(i=  1): __UNSPECIFIED__
20220908 105432.264 INFO             PET1       OCN-TO-MED:      exportStandardNameList(j=  3): sea_surface_temperature
20220908 105432.264 INFO             PET1       OCN-TO-MED:         exportNamespaceList(j=  3): MED
20220908 105432.264 INFO             PET1       OCN-TO-MED:            exportCplSetList(j=  3): __UNSPECIFIED__
20220908 105432.264 INFO             PET1       OCN-TO-MED: bondLevel= 1
20220908 105432.264 INFO             PET1       OCN-TO-MED: => added cplList(  1)=sea_surface_temperature, cplSetList(  1)=__UNSPECIFIED__
20220908 105432.265 INFO             PET1     OCN-TO-MED: InitializeIPDv05p2b extro.
20220908 105432.265 INFO             PET1     MED-TO-ATM: InitializeIPDv05p2b intro.
20220908 105432.273 INFO             PET1       MED-TO-ATM:      importStandardNameList(i=  3): sea_surface_temperature
20220908 105432.273 INFO             PET1       MED-TO-ATM:         importNamespaceList(i=  3): MED
20220908 105432.273 INFO             PET1       MED-TO-ATM:            importCplSetList(i=  3): __UNSPECIFIED__
20220908 105432.273 INFO             PET1       MED-TO-ATM:      exportStandardNameList(j=  1): sea_surface_temperature
20220908 105432.273 INFO             PET1       MED-TO-ATM:         exportNamespaceList(j=  1): ATM
20220908 105432.273 INFO             PET1       MED-TO-ATM:            exportCplSetList(j=  1): __UNSPECIFIED__
20220908 105432.273 INFO             PET1       MED-TO-ATM: bondLevel= 1
20220908 105432.273 INFO             PET1       MED-TO-ATM: => added cplList(  1)=sea_surface_temperature, cplSetList(  1)=__UNSPECIFIED__
20220908 105432.273 INFO             PET1     MED-TO-ATM: InitializeIPDv05p2b extro.
20220908 105432.273 INFO             PET1     MED-TO-OCN: InitializeIPDv05p2b intro.
20220908 105432.282 INFO             PET1       MED-TO-OCN:      importStandardNameList(i=  1): air_pressure_at_sea_level
20220908 105432.282 INFO             PET1       MED-TO-OCN:         importNamespaceList(i=  1): MED
20220908 105432.282 INFO             PET1       MED-TO-OCN:            importCplSetList(i=  1): __UNSPECIFIED__
20220908 105432.282 INFO             PET1       MED-TO-OCN:      exportStandardNameList(j=  1): air_pressure_at_sea_level
20220908 105432.282 INFO             PET1       MED-TO-OCN:         exportNamespaceList(j=  1): OCN
20220908 105432.282 INFO             PET1       MED-TO-OCN:            exportCplSetList(j=  1): __UNSPECIFIED__
20220908 105432.282 INFO             PET1       MED-TO-OCN: bondLevel= 1
20220908 105432.282 INFO             PET1       MED-TO-OCN: => added cplList(  1)=air_pressure_at_sea_level, cplSetList(  1)=__UNSPECIFIED__
20220908 105432.282 INFO             PET1       MED-TO-OCN:      importStandardNameList(i=  2): surface_net_downward_shortwave_flux
20220908 105432.282 INFO             PET1       MED-TO-OCN:         importNamespaceList(i=  2): MED
20220908 105432.282 INFO             PET1       MED-TO-OCN:            importCplSetList(i=  2): __UNSPECIFIED__
20220908 105432.282 INFO             PET1       MED-TO-OCN:      exportStandardNameList(j=  2): surface_net_downward_shortwave_flux
20220908 105432.282 INFO             PET1       MED-TO-OCN:         exportNamespaceList(j=  2): OCN
20220908 105432.282 INFO             PET1       MED-TO-OCN:            exportCplSetList(j=  2): __UNSPECIFIED__
20220908 105432.282 INFO             PET1       MED-TO-OCN: bondLevel= 1
20220908 105432.282 INFO             PET1       MED-TO-OCN: => added cplList(  2)=surface_net_downward_shortwave_flux, cplSetList(  2)=__UNSPECIFIED__
20220908 105432.283 INFO             PET1     MED-TO-OCN: InitializeIPDv05p2b extro.
20220908 105432.283 INFO             PET1     esm: IInitModifyCplLists intro.
20220908 105432.283 INFO             PET1     esm: IInitModifyCplLists extro.
20220908 105432.283 INFO             PET1     ATM-TO-MED: InitializeIPDv05p3 intro.
20220908 105432.293 INFO             PET1       ATM-TO-MED: handle cplList(1): air_pressure_at_sea_level, cplSetList(1): __UNSPECIFIED__
20220908 105432.293 INFO             PET1       ATM-TO-MED: - connected.
20220908 105432.293 INFO             PET1       ATM-TO-MED: - both sides must provide the Field/GeomObject.
20220908 105432.293 INFO             PET1       ATM-TO-MED: handle cplList(2): surface_net_downward_shortwave_flux, cplSetList(2): __UNSPECIFIED__
20220908 105432.293 INFO             PET1       ATM-TO-MED: - connected.
20220908 105432.293 INFO             PET1       ATM-TO-MED: - both sides must provide the Field/GeomObject.
20220908 105432.293 INFO             PET1     ATM-TO-MED: InitializeIPDv05p3 extro.
20220908 105432.293 INFO             PET1     OCN-TO-MED: InitializeIPDv05p3 intro.
20220908 105432.302 INFO             PET1       OCN-TO-MED: handle cplList(1): sea_surface_temperature, cplSetList(1): __UNSPECIFIED__
20220908 105432.302 INFO             PET1       OCN-TO-MED: - connected.
20220908 105432.302 INFO             PET1       OCN-TO-MED: - both sides must provide the Field/GeomObject.
20220908 105432.302 INFO             PET1     OCN-TO-MED: InitializeIPDv05p3 extro.
20220908 105432.302 INFO             PET1     MED-TO-ATM: InitializeIPDv05p3 intro.
20220908 105432.310 INFO             PET1       MED-TO-ATM: handle cplList(1): sea_surface_temperature, cplSetList(1): __UNSPECIFIED__
20220908 105432.310 INFO             PET1       MED-TO-ATM: - connected.
20220908 105432.310 INFO             PET1       MED-TO-ATM: - both sides must provide the Field/GeomObject.
20220908 105432.310 INFO             PET1     MED-TO-ATM: InitializeIPDv05p3 extro.
20220908 105432.311 INFO             PET1     MED-TO-OCN: InitializeIPDv05p3 intro.
20220908 105432.320 INFO             PET1       MED-TO-OCN: handle cplList(1): air_pressure_at_sea_level, cplSetList(1): __UNSPECIFIED__
20220908 105432.320 INFO             PET1       MED-TO-OCN: - connected.
20220908 105432.320 INFO             PET1       MED-TO-OCN: - both sides must provide the Field/GeomObject.
20220908 105432.320 INFO             PET1       MED-TO-OCN: handle cplList(2): surface_net_downward_shortwave_flux, cplSetList(2): __UNSPECIFIED__
20220908 105432.320 INFO             PET1       MED-TO-OCN: - connected.
20220908 105432.321 INFO             PET1       MED-TO-OCN: - both sides must provide the Field/GeomObject.
20220908 105432.321 INFO             PET1     MED-TO-OCN: InitializeIPDv05p3 extro.
20220908 105432.321 INFO             PET1     <<<esm: leaving Initialize (phase=<none>) with current time: 2010  6  1  0  0  0   0
20220908 105432.321 INFO             PET1   esm: InitializeIPDv02p1 extro.
20220908 105432.321 INFO             PET1   esm: InitializeIPDv02p3 intro.
20220908 105432.321 INFO             PET1     >>>esm: entered Initialize (phase=<none>) with current time: 2010  6  1  0  0  0   0
20220908 105432.321 INFO             PET1     esm: IInitCheck intro.
20220908 105432.321 INFO             PET1     esm: IInitCheck extro.
20220908 105432.330 INFO             PET1     MED: InitializeIPDvXp04 intro.
20220908 105432.343 INFO             PET1     MED: InitializeIPDvXp04 extro.
20220908 105432.344 INFO             PET1     ATM-TO-MED: InitializeIPDv05p4 intro.
20220908 105432.362 INFO             PET1       ATM-TO-MED: handle cplList(1): air_pressure_at_sea_level, cplSetList(1): __UNSPECIFIED__
20220908 105432.362 INFO             PET1       ATM-TO-MED: - nothing shared or transferred
20220908 105432.362 INFO             PET1       ATM-TO-MED: handle cplList(2): surface_net_downward_shortwave_flux, cplSetList(2): __UNSPECIFIED__
20220908 105432.362 INFO             PET1       ATM-TO-MED: - nothing shared or transferred
20220908 105432.362 INFO             PET1     ATM-TO-MED: InitializeIPDv05p4 extro.
20220908 105432.362 INFO             PET1     OCN-TO-MED: InitializeIPDv05p4 intro.
20220908 105432.375 INFO             PET1       OCN-TO-MED: handle cplList(1): sea_surface_temperature, cplSetList(1): __UNSPECIFIED__
20220908 105432.375 INFO             PET1       OCN-TO-MED: - nothing shared or transferred
20220908 105432.375 INFO             PET1     OCN-TO-MED: InitializeIPDv05p4 extro.
20220908 105432.375 INFO             PET1     MED-TO-ATM: InitializeIPDv05p4 intro.
20220908 105432.388 INFO             PET1       MED-TO-ATM: handle cplList(1): sea_surface_temperature, cplSetList(1): __UNSPECIFIED__
20220908 105432.388 INFO             PET1       MED-TO-ATM: - nothing shared or transferred
20220908 105432.388 INFO             PET1     MED-TO-ATM: InitializeIPDv05p4 extro.
20220908 105432.388 INFO             PET1     MED-TO-OCN: InitializeIPDv05p4 intro.
20220908 105432.403 INFO             PET1       MED-TO-OCN: handle cplList(1): air_pressure_at_sea_level, cplSetList(1): __UNSPECIFIED__
20220908 105432.403 INFO             PET1       MED-TO-OCN: - nothing shared or transferred
20220908 105432.403 INFO             PET1       MED-TO-OCN: handle cplList(2): surface_net_downward_shortwave_flux, cplSetList(2): __UNSPECIFIED__
20220908 105432.403 INFO             PET1       MED-TO-OCN: - nothing shared or transferred
20220908 105432.403 INFO             PET1     MED-TO-OCN: InitializeIPDv05p4 extro.
20220908 105432.404 INFO             PET1     ATM-TO-MED: InitializeIPDv05p5 intro.
20220908 105432.418 INFO             PET1       ATM-TO-MED: handle cplList(1): air_pressure_at_sea_level, cplSetList(1): __UNSPECIFIED__
20220908 105432.419 INFO             PET1       ATM-TO-MED: - nothing shared or transferred, or may already be handled
20220908 105432.419 INFO             PET1       ATM-TO-MED: handle cplList(2): surface_net_downward_shortwave_flux, cplSetList(2): __UNSPECIFIED__
20220908 105432.419 INFO             PET1       ATM-TO-MED: - nothing shared or transferred, or may already be handled
20220908 105432.419 INFO             PET1     ATM-TO-MED: InitializeIPDv05p5 extro.
20220908 105432.419 INFO             PET1     OCN-TO-MED: InitializeIPDv05p5 intro.
20220908 105432.432 INFO             PET1       OCN-TO-MED: handle cplList(1): sea_surface_temperature, cplSetList(1): __UNSPECIFIED__
20220908 105432.432 INFO             PET1       OCN-TO-MED: - nothing shared or transferred, or may already be handled
20220908 105432.432 INFO             PET1     OCN-TO-MED: InitializeIPDv05p5 extro.
20220908 105432.432 INFO             PET1     MED-TO-ATM: InitializeIPDv05p5 intro.
20220908 105432.445 INFO             PET1       MED-TO-ATM: handle cplList(1): sea_surface_temperature, cplSetList(1): __UNSPECIFIED__
20220908 105432.445 INFO             PET1       MED-TO-ATM: - nothing shared or transferred, or may already be handled
20220908 105432.445 INFO             PET1     MED-TO-ATM: InitializeIPDv05p5 extro.
20220908 105432.445 INFO             PET1     MED-TO-OCN: InitializeIPDv05p5 intro.
20220908 105432.460 INFO             PET1       MED-TO-OCN: handle cplList(1): air_pressure_at_sea_level, cplSetList(1): __UNSPECIFIED__
20220908 105432.460 INFO             PET1       MED-TO-OCN: - nothing shared or transferred, or may already be handled
20220908 105432.460 INFO             PET1       MED-TO-OCN: handle cplList(2): surface_net_downward_shortwave_flux, cplSetList(2): __UNSPECIFIED__
20220908 105432.460 INFO             PET1       MED-TO-OCN: - nothing shared or transferred, or may already be handled
20220908 105432.460 INFO             PET1     MED-TO-OCN: InitializeIPDv05p5 extro.
20220908 105432.460 INFO             PET1     esm: IInitRealize intro.
20220908 105432.460 INFO             PET1     esm: IInitRealize extro.
20220908 105432.461 INFO             PET1     ATM-TO-MED: InitializeIPDv05p6a intro.
20220908 105432.475 INFO             PET1     ATM-TO-MED: InitializeIPDv05p6a extro.
20220908 105432.475 INFO             PET1     OCN-TO-MED: InitializeIPDv05p6a intro.
20220908 105432.487 INFO             PET1     OCN-TO-MED: InitializeIPDv05p6a extro.
20220908 105432.487 INFO             PET1     MED-TO-ATM: InitializeIPDv05p6a intro.
20220908 105432.500 INFO             PET1     MED-TO-ATM: InitializeIPDv05p6a extro.
20220908 105432.500 INFO             PET1     MED-TO-OCN: InitializeIPDv05p6a intro.
20220908 105432.514 INFO             PET1     MED-TO-OCN: InitializeIPDv05p6a extro.
20220908 105432.514 INFO             PET1     ATM-TO-MED: InitializeIPDv05p6b intro.
20220908 105432.515 INFO             PET1       ATM-TO-MED: handle cplList(1): air_pressure_at_sea_level, cplSetList(1): __UNSPECIFIED__
20220908 105432.515 INFO             PET1       ATM-TO-MED: - no Field sharing between import and export side: remap.
20220908 105432.515 INFO             PET1       ATM-TO-MED: handle cplList(2): surface_net_downward_shortwave_flux, cplSetList(2): __UNSPECIFIED__
20220908 105432.064 INFO             PET2 !!!!!!!!!!!!!!!!!!!!!!!!!!!!!!!!!!!!!!!!!!!!!!!!!!!!!!
20220908 105432.064 INFO             PET2 !!! THE ESMF_LOG IS SET TO OUTPUT ALL LOG MESSAGES !!!
20220908 105432.064 INFO             PET2 !!!     THIS MAY CAUSE SLOWDOWN IN PERFORMANCE     !!!
20220908 105432.064 INFO             PET2 !!! FOR PRODUCTION RUNS, USE:                      !!!
20220908 105432.064 INFO             PET2 !!!                   ESMF_LOGKIND_Multi_On_Error  !!!
20220908 105432.064 INFO             PET2 !!!!!!!!!!!!!!!!!!!!!!!!!!!!!!!!!!!!!!!!!!!!!!!!!!!!!!
20220908 105432.064 INFO             PET2 Running with ESMF Version   : v8.3.1b05
20220908 105432.064 INFO             PET2 ESMF library build date/time: "Sep  8 2022" "09:45:44"
20220908 105432.064 INFO             PET2 ESMF library build location : /glade/scratch/dunlap/esmf-testing/nvhpc_21.11_openmpi_g_patch_8.3.1/esmf
20220908 105432.064 INFO             PET2 ESMF_COMM                   : openmpi
20220908 105432.065 INFO             PET2 ESMF_MOAB                   : enabled
20220908 105432.065 INFO             PET2 ESMF_LAPACK                 : enabled
20220908 105432.065 INFO             PET2 ESMF_NETCDF                 : enabled
20220908 105432.065 INFO             PET2 ESMF_PNETCDF                : disabled
20220908 105432.065 INFO             PET2 ESMF_PIO                    : enabled
20220908 105432.065 INFO             PET2 ESMF_YAMLCPP                : enabled
20220908 105432.066 INFO             PET2 esmApp STARTING
20220908 105432.072 INFO             PET2 esm: InitializeP1 intro.
20220908 105432.072 INFO             PET2   esm: InitializeIPDv02p1 intro.
20220908 105432.072 INFO             PET2     >>>esm: entered Initialize (phase=<none>) without valid internal Clock.
20220908 105432.074 INFO             PET2     esm - Creating model component ATM with petList of size 1 :
20220908 105432.074 INFO             PET2           0
20220908 105432.078 INFO             PET2     esm - Creating model component OCN with petList of size 1 :
20220908 105432.078 INFO             PET2           2
20220908 105432.082 INFO             PET2     esm - Creating model component MED with petList of size 2 :
20220908 105432.082 INFO             PET2           1      3
20220908 105432.082 INFO             PET2      esm: set Driver slow timeStep to            60  minutes.
20220908 105432.082 INFO             PET2     esm - Creating state: modelComp 1 Import State
20220908 105432.082 INFO             PET2     esm - Creating state: modelComp 1 Export State
20220908 105432.083 INFO             PET2     esm - Creating state: modelComp 2 Import State
20220908 105432.083 INFO             PET2     esm - Creating state: modelComp 2 Export State
20220908 105432.083 INFO             PET2     esm - Creating state: modelComp 3 Import State
20220908 105432.083 INFO             PET2     esm - Creating state: modelComp 3 Export State
20220908 105432.088 INFO             PET2     OCN: InitializeP0 intro.
20220908 105432.090 INFO             PET2     OCN: InitializeP0 extro.
20220908 105432.098 INFO             PET2     esm - Creating connector component OCN-TO-MED with petList of size 3 :
20220908 105432.098 INFO             PET2           2      1      3
20220908 105432.108 INFO             PET2     esm - Setting Verbosity on created component to: high
20220908 105432.108 INFO             PET2     esm - Setting Profiling on created component to:          0
20220908 105432.108 INFO             PET2     esm - Creating connector component MED-TO-OCN with petList of size 3 :
20220908 105432.108 INFO             PET2           1      3      2
20220908 105432.120 INFO             PET2     esm - Setting Verbosity on created component to: high
20220908 105432.120 INFO             PET2     esm - Setting Profiling on created component to:          0
20220908 105432.120 INFO             PET2     esm - Creating connector component MED-TO-ATM with petList of size 3 :
20220908 105432.120 INFO             PET2           1      3      0
20220908 105432.132 INFO             PET2     esm - Setting Verbosity on created component to: high
20220908 105432.134 INFO             PET2     esm - Setting Profiling on created component to:          0
20220908 105432.134 INFO             PET2     esm - Creating connector component ATM-TO-MED with petList of size 3 :
20220908 105432.134 INFO             PET2           0      1      3
20220908 105432.145 INFO             PET2     esm - Setting Verbosity on created component to: high
20220908 105432.145 INFO             PET2     esm - Setting Profiling on created component to:          0
20220908 105432.147 INFO             PET2      esm: set Driver fast timeStep to            30  minutes.
20220908 105432.153 INFO             PET2     esm: IInitAdvertise intro.
20220908 105432.153 INFO             PET2     esm: IInitAdvertise extro.
20220908 105432.159 INFO             PET2     OCN: InitializeIPDvXp01 intro.
20220908 105432.163 INFO             PET2     OCN: InitializeIPDvXp01 extro.
20220908 105432.174 INFO             PET2     OCN-TO-MED: InitializeIPDv05p1 intro.
20220908 105432.194 INFO             PET2       OCN-TO-MED: importState FieldTransferPolicy = transferNone
20220908 105432.194 INFO             PET2       OCN-TO-MED: exportState FieldTransferPolicy = transferNone
20220908 105432.194 INFO             PET2     OCN-TO-MED: InitializeIPDv05p1 extro.
20220908 105432.194 INFO             PET2     MED-TO-OCN: InitializeIPDv05p1 intro.
20220908 105432.211 INFO             PET2       MED-TO-OCN: importState FieldTransferPolicy = transferNone
20220908 105432.211 INFO             PET2       MED-TO-OCN: exportState FieldTransferPolicy = transferNone
20220908 105432.211 INFO             PET2     MED-TO-OCN: InitializeIPDv05p1 extro.
20220908 105432.211 INFO             PET2     esm: IInitAdvertiseFinish intro.
20220908 105432.211 INFO             PET2     esm: IInitAdvertiseFinish extro.
20220908 105432.211 INFO             PET2     OCN-TO-MED: InitializeIPDv05p2a intro.
20220908 105432.229 INFO             PET2       OCN-TO-MED:      importStandardNameList(i=  1): sea_surface_temperature
20220908 105432.229 INFO             PET2       OCN-TO-MED:         importNamespaceList(i=  1): OCN
20220908 105432.229 INFO             PET2       OCN-TO-MED:            importCplSetList(i=  1): __UNSPECIFIED__
20220908 105432.229 INFO             PET2       OCN-TO-MED:      exportStandardNameList(j=  3): sea_surface_temperature
20220908 105432.229 INFO             PET2       OCN-TO-MED:         exportNamespaceList(j=  3): MED
20220908 105432.229 INFO             PET2       OCN-TO-MED:            exportCplSetList(j=  3): __UNSPECIFIED__
20220908 105432.229 INFO             PET2       OCN-TO-MED: bondLevel= 1
20220908 105432.229 INFO             PET2       OCN-TO-MED: ProducerConnection (bondLevelMax):         1
20220908 105432.229 INFO             PET2     OCN-TO-MED: InitializeIPDv05p2a extro.
20220908 105432.229 INFO             PET2     MED-TO-OCN: InitializeIPDv05p2a intro.
20220908 105432.246 INFO             PET2       MED-TO-OCN:      importStandardNameList(i=  1): air_pressure_at_sea_level
20220908 105432.246 INFO             PET2       MED-TO-OCN:         importNamespaceList(i=  1): MED
20220908 105432.246 INFO             PET2       MED-TO-OCN:            importCplSetList(i=  1): __UNSPECIFIED__
20220908 105432.246 INFO             PET2       MED-TO-OCN:      exportStandardNameList(j=  1): air_pressure_at_sea_level
20220908 105432.246 INFO             PET2       MED-TO-OCN:         exportNamespaceList(j=  1): OCN
20220908 105432.246 INFO             PET2       MED-TO-OCN:            exportCplSetList(j=  1): __UNSPECIFIED__
20220908 105432.246 INFO             PET2       MED-TO-OCN: bondLevel= 1
20220908 105432.246 INFO             PET2       MED-TO-OCN: ProducerConnection (bondLevelMax):         1
20220908 105432.246 INFO             PET2       MED-TO-OCN:      importStandardNameList(i=  2): surface_net_downward_shortwave_flux
20220908 105432.246 INFO             PET2       MED-TO-OCN:         importNamespaceList(i=  2): MED
20220908 105432.246 INFO             PET2       MED-TO-OCN:            importCplSetList(i=  2): __UNSPECIFIED__
20220908 105432.246 INFO             PET2       MED-TO-OCN:      exportStandardNameList(j=  2): surface_net_downward_shortwave_flux
20220908 105432.246 INFO             PET2       MED-TO-OCN:         exportNamespaceList(j=  2): OCN
20220908 105432.246 INFO             PET2       MED-TO-OCN:            exportCplSetList(j=  2): __UNSPECIFIED__
20220908 105432.246 INFO             PET2       MED-TO-OCN: bondLevel= 1
20220908 105432.246 INFO             PET2       MED-TO-OCN: ProducerConnection (bondLevelMax):         1
20220908 105432.246 INFO             PET2     MED-TO-OCN: InitializeIPDv05p2a extro.
20220908 105432.247 INFO             PET2     OCN-TO-MED: InitializeIPDv05p2b intro.
20220908 105432.264 INFO             PET2       OCN-TO-MED:      importStandardNameList(i=  1): sea_surface_temperature
20220908 105432.264 INFO             PET2       OCN-TO-MED:         importNamespaceList(i=  1): OCN
20220908 105432.264 INFO             PET2       OCN-TO-MED:            importCplSetList(i=  1): __UNSPECIFIED__
20220908 105432.264 INFO             PET2       OCN-TO-MED:      exportStandardNameList(j=  3): sea_surface_temperature
20220908 105432.264 INFO             PET2       OCN-TO-MED:         exportNamespaceList(j=  3): MED
20220908 105432.264 INFO             PET2       OCN-TO-MED:            exportCplSetList(j=  3): __UNSPECIFIED__
20220908 105432.264 INFO             PET2       OCN-TO-MED: bondLevel= 1
20220908 105432.264 INFO             PET2       OCN-TO-MED: => added cplList(  1)=sea_surface_temperature, cplSetList(  1)=__UNSPECIFIED__
20220908 105432.265 INFO             PET2     OCN-TO-MED: InitializeIPDv05p2b extro.
20220908 105432.265 INFO             PET2     MED-TO-OCN: InitializeIPDv05p2b intro.
20220908 105432.282 INFO             PET2       MED-TO-OCN:      importStandardNameList(i=  1): air_pressure_at_sea_level
20220908 105432.282 INFO             PET2       MED-TO-OCN:         importNamespaceList(i=  1): MED
20220908 105432.282 INFO             PET2       MED-TO-OCN:            importCplSetList(i=  1): __UNSPECIFIED__
20220908 105432.282 INFO             PET2       MED-TO-OCN:      exportStandardNameList(j=  1): air_pressure_at_sea_level
20220908 105432.282 INFO             PET2       MED-TO-OCN:         exportNamespaceList(j=  1): OCN
20220908 105432.282 INFO             PET2       MED-TO-OCN:            exportCplSetList(j=  1): __UNSPECIFIED__
20220908 105432.282 INFO             PET2       MED-TO-OCN: bondLevel= 1
20220908 105432.282 INFO             PET2       MED-TO-OCN: => added cplList(  1)=air_pressure_at_sea_level, cplSetList(  1)=__UNSPECIFIED__
20220908 105432.282 INFO             PET2       MED-TO-OCN:      importStandardNameList(i=  2): surface_net_downward_shortwave_flux
20220908 105432.282 INFO             PET2       MED-TO-OCN:         importNamespaceList(i=  2): MED
20220908 105432.282 INFO             PET2       MED-TO-OCN:            importCplSetList(i=  2): __UNSPECIFIED__
20220908 105432.282 INFO             PET2       MED-TO-OCN:      exportStandardNameList(j=  2): surface_net_downward_shortwave_flux
20220908 105432.282 INFO             PET2       MED-TO-OCN:         exportNamespaceList(j=  2): OCN
20220908 105432.282 INFO             PET2       MED-TO-OCN:            exportCplSetList(j=  2): __UNSPECIFIED__
20220908 105432.282 INFO             PET2       MED-TO-OCN: bondLevel= 1
20220908 105432.282 INFO             PET2       MED-TO-OCN: => added cplList(  2)=surface_net_downward_shortwave_flux, cplSetList(  2)=__UNSPECIFIED__
20220908 105432.283 INFO             PET2     MED-TO-OCN: InitializeIPDv05p2b extro.
20220908 105432.283 INFO             PET2     esm: IInitModifyCplLists intro.
20220908 105432.283 INFO             PET2     esm: IInitModifyCplLists extro.
20220908 105432.283 INFO             PET2     OCN-TO-MED: InitializeIPDv05p3 intro.
20220908 105432.302 INFO             PET2       OCN-TO-MED: handle cplList(1): sea_surface_temperature, cplSetList(1): __UNSPECIFIED__
20220908 105432.302 INFO             PET2       OCN-TO-MED: - connected.
20220908 105432.302 INFO             PET2       OCN-TO-MED: - both sides must provide the Field/GeomObject.
20220908 105432.302 INFO             PET2     OCN-TO-MED: InitializeIPDv05p3 extro.
20220908 105432.302 INFO             PET2     MED-TO-OCN: InitializeIPDv05p3 intro.
20220908 105432.320 INFO             PET2       MED-TO-OCN: handle cplList(1): air_pressure_at_sea_level, cplSetList(1): __UNSPECIFIED__
20220908 105432.320 INFO             PET2       MED-TO-OCN: - connected.
20220908 105432.320 INFO             PET2       MED-TO-OCN: - both sides must provide the Field/GeomObject.
20220908 105432.320 INFO             PET2       MED-TO-OCN: handle cplList(2): surface_net_downward_shortwave_flux, cplSetList(2): __UNSPECIFIED__
20220908 105432.320 INFO             PET2       MED-TO-OCN: - connected.
20220908 105432.321 INFO             PET2       MED-TO-OCN: - both sides must provide the Field/GeomObject.
20220908 105432.321 INFO             PET2     MED-TO-OCN: InitializeIPDv05p3 extro.
20220908 105432.321 INFO             PET2     <<<esm: leaving Initialize (phase=<none>) with current time: 2010  6  1  0  0  0   0
20220908 105432.321 INFO             PET2   esm: InitializeIPDv02p1 extro.
20220908 105432.321 INFO             PET2   esm: InitializeIPDv02p3 intro.
20220908 105432.321 INFO             PET2     >>>esm: entered Initialize (phase=<none>) with current time: 2010  6  1  0  0  0   0
20220908 105432.321 INFO             PET2     esm: IInitCheck intro.
20220908 105432.321 INFO             PET2     esm: IInitCheck extro.
20220908 105432.322 INFO             PET2     OCN: InitializeIPDvXp04 intro.
20220908 105432.329 INFO             PET2     OCN: InitializeIPDvXp04 extro.
20220908 105432.344 INFO             PET2     OCN-TO-MED: InitializeIPDv05p4 intro.
20220908 105432.375 INFO             PET2       OCN-TO-MED: handle cplList(1): sea_surface_temperature, cplSetList(1): __UNSPECIFIED__
20220908 105432.375 INFO             PET2       OCN-TO-MED: - nothing shared or transferred
20220908 105432.375 INFO             PET2     OCN-TO-MED: InitializeIPDv05p4 extro.
20220908 105432.375 INFO             PET2     MED-TO-OCN: InitializeIPDv05p4 intro.
20220908 105432.403 INFO             PET2       MED-TO-OCN: handle cplList(1): air_pressure_at_sea_level, cplSetList(1): __UNSPECIFIED__
20220908 105432.403 INFO             PET2       MED-TO-OCN: - nothing shared or transferred
20220908 105432.403 INFO             PET2       MED-TO-OCN: handle cplList(2): surface_net_downward_shortwave_flux, cplSetList(2): __UNSPECIFIED__
20220908 105432.403 INFO             PET2       MED-TO-OCN: - nothing shared or transferred
20220908 105432.403 INFO             PET2     MED-TO-OCN: InitializeIPDv05p4 extro.
20220908 105432.404 INFO             PET2     OCN-TO-MED: InitializeIPDv05p5 intro.
20220908 105432.432 INFO             PET2       OCN-TO-MED: handle cplList(1): sea_surface_temperature, cplSetList(1): __UNSPECIFIED__
20220908 105432.432 INFO             PET2       OCN-TO-MED: - nothing shared or transferred, or may already be handled
20220908 105432.432 INFO             PET2     OCN-TO-MED: InitializeIPDv05p5 extro.
20220908 105432.432 INFO             PET2     MED-TO-OCN: InitializeIPDv05p5 intro.
20220908 105432.460 INFO             PET2       MED-TO-OCN: handle cplList(1): air_pressure_at_sea_level, cplSetList(1): __UNSPECIFIED__
20220908 105432.460 INFO             PET2       MED-TO-OCN: - nothing shared or transferred, or may already be handled
20220908 105432.460 INFO             PET2       MED-TO-OCN: handle cplList(2): surface_net_downward_shortwave_flux, cplSetList(2): __UNSPECIFIED__
20220908 105432.460 INFO             PET2       MED-TO-OCN: - nothing shared or transferred, or may already be handled
20220908 105432.460 INFO             PET2     MED-TO-OCN: InitializeIPDv05p5 extro.
20220908 105432.460 INFO             PET2     esm: IInitRealize intro.
20220908 105432.065 INFO             PET3 !!!!!!!!!!!!!!!!!!!!!!!!!!!!!!!!!!!!!!!!!!!!!!!!!!!!!!
20220908 105432.065 INFO             PET3 !!! THE ESMF_LOG IS SET TO OUTPUT ALL LOG MESSAGES !!!
20220908 105432.065 INFO             PET3 !!!     THIS MAY CAUSE SLOWDOWN IN PERFORMANCE     !!!
20220908 105432.065 INFO             PET3 !!! FOR PRODUCTION RUNS, USE:                      !!!
20220908 105432.065 INFO             PET3 !!!                   ESMF_LOGKIND_Multi_On_Error  !!!
20220908 105432.065 INFO             PET3 !!!!!!!!!!!!!!!!!!!!!!!!!!!!!!!!!!!!!!!!!!!!!!!!!!!!!!
20220908 105432.065 INFO             PET3 Running with ESMF Version   : v8.3.1b05
20220908 105432.065 INFO             PET3 ESMF library build date/time: "Sep  8 2022" "09:45:44"
20220908 105432.065 INFO             PET3 ESMF library build location : /glade/scratch/dunlap/esmf-testing/nvhpc_21.11_openmpi_g_patch_8.3.1/esmf
20220908 105432.065 INFO             PET3 ESMF_COMM                   : openmpi
20220908 105432.066 INFO             PET3 ESMF_MOAB                   : enabled
20220908 105432.066 INFO             PET3 ESMF_LAPACK                 : enabled
20220908 105432.066 INFO             PET3 ESMF_NETCDF                 : enabled
20220908 105432.066 INFO             PET3 ESMF_PNETCDF                : disabled
20220908 105432.066 INFO             PET3 ESMF_PIO                    : enabled
20220908 105432.066 INFO             PET3 ESMF_YAMLCPP                : enabled
20220908 105432.066 INFO             PET3 esmApp STARTING
20220908 105432.073 INFO             PET3 esm: InitializeP1 intro.
20220908 105432.074 INFO             PET3   esm: InitializeIPDv02p1 intro.
20220908 105432.074 INFO             PET3     >>>esm: entered Initialize (phase=<none>) without valid internal Clock.
20220908 105432.074 INFO             PET3     esm - Creating model component ATM with petList of size 1 :
20220908 105432.074 INFO             PET3           0
20220908 105432.078 INFO             PET3     esm - Creating model component OCN with petList of size 1 :
20220908 105432.078 INFO             PET3           2
20220908 105432.082 INFO             PET3     esm - Creating model component MED with petList of size 2 :
20220908 105432.082 INFO             PET3           1      3
20220908 105432.089 INFO             PET3      esm: set Driver slow timeStep to            60  minutes.
20220908 105432.089 INFO             PET3     esm - Creating state: modelComp 1 Import State
20220908 105432.089 INFO             PET3     esm - Creating state: modelComp 1 Export State
20220908 105432.089 INFO             PET3     esm - Creating state: modelComp 2 Import State
20220908 105432.089 INFO             PET3     esm - Creating state: modelComp 2 Export State
20220908 105432.090 INFO             PET3     esm - Creating state: modelComp 3 Import State
20220908 105432.090 INFO             PET3     esm - Creating state: modelComp 3 Export State
20220908 105432.095 INFO             PET3     MED: InitializeP0 intro.
20220908 105432.097 INFO             PET3     MED: InitializeP0 extro.
20220908 105432.099 INFO             PET3     esm - Creating connector component OCN-TO-MED with petList of size 3 :
20220908 105432.099 INFO             PET3           2      1      3
20220908 105432.110 INFO             PET3     esm - Setting Verbosity on created component to: high
20220908 105432.110 INFO             PET3     esm - Setting Profiling on created component to:          0
20220908 105432.111 INFO             PET3     esm - Creating connector component MED-TO-OCN with petList of size 3 :
20220908 105432.111 INFO             PET3           1      3      2
20220908 105432.122 INFO             PET3     esm - Setting Verbosity on created component to: high
20220908 105432.122 INFO             PET3     esm - Setting Profiling on created component to:          0
20220908 105432.122 INFO             PET3     esm - Creating connector component MED-TO-ATM with petList of size 3 :
20220908 105432.122 INFO             PET3           1      3      0
20220908 105432.134 INFO             PET3     esm - Setting Verbosity on created component to: high
20220908 105432.136 INFO             PET3     esm - Setting Profiling on created component to:          0
20220908 105432.136 INFO             PET3     esm - Creating connector component ATM-TO-MED with petList of size 3 :
20220908 105432.136 INFO             PET3           0      1      3
20220908 105432.148 INFO             PET3     esm - Setting Verbosity on created component to: high
20220908 105432.148 INFO             PET3     esm - Setting Profiling on created component to:          0
20220908 105432.150 INFO             PET3      esm: set Driver fast timeStep to            30  minutes.
20220908 105432.154 INFO             PET3     esm: IInitAdvertise intro.
20220908 105432.154 INFO             PET3     esm: IInitAdvertise extro.
20220908 105432.164 INFO             PET3     MED: InitializeIPDvXp01 intro.
20220908 105432.175 INFO             PET3     MED: InitializeIPDvXp01 extro.
20220908 105432.176 INFO             PET3     ATM-TO-MED: InitializeIPDv05p1 intro.
20220908 105432.186 INFO             PET3       ATM-TO-MED: importState FieldTransferPolicy = transferNone
20220908 105432.186 INFO             PET3       ATM-TO-MED: exportState FieldTransferPolicy = transferNone
20220908 105432.186 INFO             PET3     ATM-TO-MED: InitializeIPDv05p1 extro.
20220908 105432.186 INFO             PET3     OCN-TO-MED: InitializeIPDv05p1 intro.
20220908 105432.194 INFO             PET3       OCN-TO-MED: importState FieldTransferPolicy = transferNone
20220908 105432.194 INFO             PET3       OCN-TO-MED: exportState FieldTransferPolicy = transferNone
20220908 105432.194 INFO             PET3     OCN-TO-MED: InitializeIPDv05p1 extro.
20220908 105432.194 INFO             PET3     MED-TO-ATM: InitializeIPDv05p1 intro.
20220908 105432.202 INFO             PET3       MED-TO-ATM: importState FieldTransferPolicy = transferNone
20220908 105432.202 INFO             PET3       MED-TO-ATM: exportState FieldTransferPolicy = transferNone
20220908 105432.202 INFO             PET3     MED-TO-ATM: InitializeIPDv05p1 extro.
20220908 105432.202 INFO             PET3     MED-TO-OCN: InitializeIPDv05p1 intro.
20220908 105432.211 INFO             PET3       MED-TO-OCN: importState FieldTransferPolicy = transferNone
20220908 105432.211 INFO             PET3       MED-TO-OCN: exportState FieldTransferPolicy = transferNone
20220908 105432.211 INFO             PET3     MED-TO-OCN: InitializeIPDv05p1 extro.
20220908 105432.211 INFO             PET3     esm: IInitAdvertiseFinish intro.
20220908 105432.211 INFO             PET3     esm: IInitAdvertiseFinish extro.
20220908 105432.212 INFO             PET3     ATM-TO-MED: InitializeIPDv05p2a intro.
20220908 105432.221 INFO             PET3       ATM-TO-MED:      importStandardNameList(i=  1): air_pressure_at_sea_level
20220908 105432.221 INFO             PET3       ATM-TO-MED:         importNamespaceList(i=  1): ATM
20220908 105432.221 INFO             PET3       ATM-TO-MED:            importCplSetList(i=  1): __UNSPECIFIED__
20220908 105432.221 INFO             PET3       ATM-TO-MED:      exportStandardNameList(j=  1): air_pressure_at_sea_level
20220908 105432.221 INFO             PET3       ATM-TO-MED:         exportNamespaceList(j=  1): MED
20220908 105432.221 INFO             PET3       ATM-TO-MED:            exportCplSetList(j=  1): __UNSPECIFIED__
20220908 105432.221 INFO             PET3       ATM-TO-MED: bondLevel= 1
20220908 105432.221 INFO             PET3       ATM-TO-MED: ProducerConnection (bondLevelMax):         1
20220908 105432.221 INFO             PET3       ATM-TO-MED:      importStandardNameList(i=  2): surface_net_downward_shortwave_flux
20220908 105432.221 INFO             PET3       ATM-TO-MED:         importNamespaceList(i=  2): ATM
20220908 105432.221 INFO             PET3       ATM-TO-MED:            importCplSetList(i=  2): __UNSPECIFIED__
20220908 105432.221 INFO             PET3       ATM-TO-MED:      exportStandardNameList(j=  2): surface_net_downward_shortwave_flux
20220908 105432.221 INFO             PET3       ATM-TO-MED:         exportNamespaceList(j=  2): MED
20220908 105432.221 INFO             PET3       ATM-TO-MED:            exportCplSetList(j=  2): __UNSPECIFIED__
20220908 105432.221 INFO             PET3       ATM-TO-MED: bondLevel= 1
20220908 105432.221 INFO             PET3       ATM-TO-MED: ProducerConnection (bondLevelMax):         1
20220908 105432.221 INFO             PET3     ATM-TO-MED: InitializeIPDv05p2a extro.
20220908 105432.221 INFO             PET3     OCN-TO-MED: InitializeIPDv05p2a intro.
20220908 105432.229 INFO             PET3       OCN-TO-MED:      importStandardNameList(i=  1): sea_surface_temperature
20220908 105432.229 INFO             PET3       OCN-TO-MED:         importNamespaceList(i=  1): OCN
20220908 105432.229 INFO             PET3       OCN-TO-MED:            importCplSetList(i=  1): __UNSPECIFIED__
20220908 105432.229 INFO             PET3       OCN-TO-MED:      exportStandardNameList(j=  3): sea_surface_temperature
20220908 105432.229 INFO             PET3       OCN-TO-MED:         exportNamespaceList(j=  3): MED
20220908 105432.229 INFO             PET3       OCN-TO-MED:            exportCplSetList(j=  3): __UNSPECIFIED__
20220908 105432.229 INFO             PET3       OCN-TO-MED: bondLevel= 1
20220908 105432.229 INFO             PET3       OCN-TO-MED: ProducerConnection (bondLevelMax):         1
20220908 105432.229 INFO             PET3     OCN-TO-MED: InitializeIPDv05p2a extro.
20220908 105432.229 INFO             PET3     MED-TO-ATM: InitializeIPDv05p2a intro.
20220908 105432.237 INFO             PET3       MED-TO-ATM:      importStandardNameList(i=  3): sea_surface_temperature
20220908 105432.237 INFO             PET3       MED-TO-ATM:         importNamespaceList(i=  3): MED
20220908 105432.237 INFO             PET3       MED-TO-ATM:            importCplSetList(i=  3): __UNSPECIFIED__
20220908 105432.237 INFO             PET3       MED-TO-ATM:      exportStandardNameList(j=  1): sea_surface_temperature
20220908 105432.237 INFO             PET3       MED-TO-ATM:         exportNamespaceList(j=  1): ATM
20220908 105432.237 INFO             PET3       MED-TO-ATM:            exportCplSetList(j=  1): __UNSPECIFIED__
20220908 105432.237 INFO             PET3       MED-TO-ATM: bondLevel= 1
20220908 105432.237 INFO             PET3       MED-TO-ATM: ProducerConnection (bondLevelMax):         1
20220908 105432.237 INFO             PET3     MED-TO-ATM: InitializeIPDv05p2a extro.
20220908 105432.237 INFO             PET3     MED-TO-OCN: InitializeIPDv05p2a intro.
20220908 105432.246 INFO             PET3       MED-TO-OCN:      importStandardNameList(i=  1): air_pressure_at_sea_level
20220908 105432.246 INFO             PET3       MED-TO-OCN:         importNamespaceList(i=  1): MED
20220908 105432.246 INFO             PET3       MED-TO-OCN:            importCplSetList(i=  1): __UNSPECIFIED__
20220908 105432.247 INFO             PET3       MED-TO-OCN:      exportStandardNameList(j=  1): air_pressure_at_sea_level
20220908 105432.247 INFO             PET3       MED-TO-OCN:         exportNamespaceList(j=  1): OCN
20220908 105432.247 INFO             PET3       MED-TO-OCN:            exportCplSetList(j=  1): __UNSPECIFIED__
20220908 105432.247 INFO             PET3       MED-TO-OCN: bondLevel= 1
20220908 105432.247 INFO             PET3       MED-TO-OCN: ProducerConnection (bondLevelMax):         1
20220908 105432.247 INFO             PET3       MED-TO-OCN:      importStandardNameList(i=  2): surface_net_downward_shortwave_flux
20220908 105432.247 INFO             PET3       MED-TO-OCN:         importNamespaceList(i=  2): MED
20220908 105432.247 INFO             PET3       MED-TO-OCN:            importCplSetList(i=  2): __UNSPECIFIED__
20220908 105432.247 INFO             PET3       MED-TO-OCN:      exportStandardNameList(j=  2): surface_net_downward_shortwave_flux
20220908 105432.247 INFO             PET3       MED-TO-OCN:         exportNamespaceList(j=  2): OCN
20220908 105432.247 INFO             PET3       MED-TO-OCN:            exportCplSetList(j=  2): __UNSPECIFIED__
20220908 105432.247 INFO             PET3       MED-TO-OCN: bondLevel= 1
20220908 105432.247 INFO             PET3       MED-TO-OCN: ProducerConnection (bondLevelMax):         1
20220908 105432.247 INFO             PET3     MED-TO-OCN: InitializeIPDv05p2a extro.
20220908 105432.247 INFO             PET3     ATM-TO-MED: InitializeIPDv05p2b intro.
20220908 105432.256 INFO             PET3       ATM-TO-MED:      importStandardNameList(i=  1): air_pressure_at_sea_level
20220908 105432.256 INFO             PET3       ATM-TO-MED:         importNamespaceList(i=  1): ATM
20220908 105432.256 INFO             PET3       ATM-TO-MED:            importCplSetList(i=  1): __UNSPECIFIED__
20220908 105432.256 INFO             PET3       ATM-TO-MED:      exportStandardNameList(j=  1): air_pressure_at_sea_level
20220908 105432.256 INFO             PET3       ATM-TO-MED:         exportNamespaceList(j=  1): MED
20220908 105432.256 INFO             PET3       ATM-TO-MED:            exportCplSetList(j=  1): __UNSPECIFIED__
20220908 105432.256 INFO             PET3       ATM-TO-MED: bondLevel= 1
20220908 105432.256 INFO             PET3       ATM-TO-MED: => added cplList(  1)=air_pressure_at_sea_level, cplSetList(  1)=__UNSPECIFIED__
20220908 105432.256 INFO             PET3       ATM-TO-MED:      importStandardNameList(i=  2): surface_net_downward_shortwave_flux
20220908 105432.256 INFO             PET3       ATM-TO-MED:         importNamespaceList(i=  2): ATM
20220908 105432.256 INFO             PET3       ATM-TO-MED:            importCplSetList(i=  2): __UNSPECIFIED__
20220908 105432.256 INFO             PET3       ATM-TO-MED:      exportStandardNameList(j=  2): surface_net_downward_shortwave_flux
20220908 105432.256 INFO             PET3       ATM-TO-MED:         exportNamespaceList(j=  2): MED
20220908 105432.256 INFO             PET3       ATM-TO-MED:            exportCplSetList(j=  2): __UNSPECIFIED__
20220908 105432.256 INFO             PET3       ATM-TO-MED: bondLevel= 1
20220908 105432.256 INFO             PET3       ATM-TO-MED: => added cplList(  2)=surface_net_downward_shortwave_flux, cplSetList(  2)=__UNSPECIFIED__
20220908 105432.256 INFO             PET3     ATM-TO-MED: InitializeIPDv05p2b extro.
20220908 105432.257 INFO             PET3     OCN-TO-MED: InitializeIPDv05p2b intro.
20220908 105432.265 INFO             PET3       OCN-TO-MED:      importStandardNameList(i=  1): sea_surface_temperature
20220908 105432.265 INFO             PET3       OCN-TO-MED:         importNamespaceList(i=  1): OCN
20220908 105432.265 INFO             PET3       OCN-TO-MED:            importCplSetList(i=  1): __UNSPECIFIED__
20220908 105432.265 INFO             PET3       OCN-TO-MED:      exportStandardNameList(j=  3): sea_surface_temperature
20220908 105432.265 INFO             PET3       OCN-TO-MED:         exportNamespaceList(j=  3): MED
20220908 105432.265 INFO             PET3       OCN-TO-MED:            exportCplSetList(j=  3): __UNSPECIFIED__
20220908 105432.265 INFO             PET3       OCN-TO-MED: bondLevel= 1
20220908 105432.265 INFO             PET3       OCN-TO-MED: => added cplList(  1)=sea_surface_temperature, cplSetList(  1)=__UNSPECIFIED__
20220908 105432.265 INFO             PET3     OCN-TO-MED: InitializeIPDv05p2b extro.
20220908 105432.265 INFO             PET3     MED-TO-ATM: InitializeIPDv05p2b intro.
20220908 105432.273 INFO             PET3       MED-TO-ATM:      importStandardNameList(i=  3): sea_surface_temperature
20220908 105432.273 INFO             PET3       MED-TO-ATM:         importNamespaceList(i=  3): MED
20220908 105432.273 INFO             PET3       MED-TO-ATM:            importCplSetList(i=  3): __UNSPECIFIED__
20220908 105432.273 INFO             PET3       MED-TO-ATM:      exportStandardNameList(j=  1): sea_surface_temperature
20220908 105432.273 INFO             PET3       MED-TO-ATM:         exportNamespaceList(j=  1): ATM
20220908 105432.273 INFO             PET3       MED-TO-ATM:            exportCplSetList(j=  1): __UNSPECIFIED__
20220908 105432.273 INFO             PET3       MED-TO-ATM: bondLevel= 1
20220908 105432.273 INFO             PET3       MED-TO-ATM: => added cplList(  1)=sea_surface_temperature, cplSetList(  1)=__UNSPECIFIED__
20220908 105432.273 INFO             PET3     MED-TO-ATM: InitializeIPDv05p2b extro.
20220908 105432.273 INFO             PET3     MED-TO-OCN: InitializeIPDv05p2b intro.
20220908 105432.282 INFO             PET3       MED-TO-OCN:      importStandardNameList(i=  1): air_pressure_at_sea_level
20220908 105432.282 INFO             PET3       MED-TO-OCN:         importNamespaceList(i=  1): MED
20220908 105432.282 INFO             PET3       MED-TO-OCN:            importCplSetList(i=  1): __UNSPECIFIED__
20220908 105432.282 INFO             PET3       MED-TO-OCN:      exportStandardNameList(j=  1): air_pressure_at_sea_level
20220908 105432.282 INFO             PET3       MED-TO-OCN:         exportNamespaceList(j=  1): OCN
20220908 105432.282 INFO             PET3       MED-TO-OCN:            exportCplSetList(j=  1): __UNSPECIFIED__
20220908 105432.282 INFO             PET3       MED-TO-OCN: bondLevel= 1
20220908 105432.283 INFO             PET3       MED-TO-OCN: => added cplList(  1)=air_pressure_at_sea_level, cplSetList(  1)=__UNSPECIFIED__
20220908 105432.283 INFO             PET3       MED-TO-OCN:      importStandardNameList(i=  2): surface_net_downward_shortwave_flux
20220908 105432.283 INFO             PET3       MED-TO-OCN:         importNamespaceList(i=  2): MED
20220908 105432.283 INFO             PET3       MED-TO-OCN:            importCplSetList(i=  2): __UNSPECIFIED__
20220908 105432.283 INFO             PET3       MED-TO-OCN:      exportStandardNameList(j=  2): surface_net_downward_shortwave_flux
20220908 105432.283 INFO             PET3       MED-TO-OCN:         exportNamespaceList(j=  2): OCN
20220908 105432.283 INFO             PET3       MED-TO-OCN:            exportCplSetList(j=  2): __UNSPECIFIED__
20220908 105432.283 INFO             PET3       MED-TO-OCN: bondLevel= 1
20220908 105432.283 INFO             PET3       MED-TO-OCN: => added cplList(  2)=surface_net_downward_shortwave_flux, cplSetList(  2)=__UNSPECIFIED__
20220908 105432.283 INFO             PET3     MED-TO-OCN: InitializeIPDv05p2b extro.
20220908 105432.283 INFO             PET3     esm: IInitModifyCplLists intro.
20220908 105432.283 INFO             PET3     esm: IInitModifyCplLists extro.
20220908 105432.284 INFO             PET3     ATM-TO-MED: InitializeIPDv05p3 intro.
20220908 105432.293 INFO             PET3       ATM-TO-MED: handle cplList(1): air_pressure_at_sea_level, cplSetList(1): __UNSPECIFIED__
20220908 105432.293 INFO             PET3       ATM-TO-MED: - connected.
20220908 105432.293 INFO             PET3       ATM-TO-MED: - both sides must provide the Field/GeomObject.
20220908 105432.293 INFO             PET3       ATM-TO-MED: handle cplList(2): surface_net_downward_shortwave_flux, cplSetList(2): __UNSPECIFIED__
20220908 105432.293 INFO             PET3       ATM-TO-MED: - connected.
20220908 105432.293 INFO             PET3       ATM-TO-MED: - both sides must provide the Field/GeomObject.
20220908 105432.294 INFO             PET3     ATM-TO-MED: InitializeIPDv05p3 extro.
20220908 105432.294 INFO             PET3     OCN-TO-MED: InitializeIPDv05p3 intro.
20220908 105432.302 INFO             PET3       OCN-TO-MED: handle cplList(1): sea_surface_temperature, cplSetList(1): __UNSPECIFIED__
20220908 105432.302 INFO             PET3       OCN-TO-MED: - connected.
20220908 105432.302 INFO             PET3       OCN-TO-MED: - both sides must provide the Field/GeomObject.
20220908 105432.302 INFO             PET3     OCN-TO-MED: InitializeIPDv05p3 extro.
20220908 105432.302 INFO             PET3     MED-TO-ATM: InitializeIPDv05p3 intro.
20220908 105432.311 INFO             PET3       MED-TO-ATM: handle cplList(1): sea_surface_temperature, cplSetList(1): __UNSPECIFIED__
20220908 105432.311 INFO             PET3       MED-TO-ATM: - connected.
20220908 105432.311 INFO             PET3       MED-TO-ATM: - both sides must provide the Field/GeomObject.
20220908 105432.311 INFO             PET3     MED-TO-ATM: InitializeIPDv05p3 extro.
20220908 105432.311 INFO             PET3     MED-TO-OCN: InitializeIPDv05p3 intro.
20220908 105432.321 INFO             PET3       MED-TO-OCN: handle cplList(1): air_pressure_at_sea_level, cplSetList(1): __UNSPECIFIED__
20220908 105432.321 INFO             PET3       MED-TO-OCN: - connected.
20220908 105432.321 INFO             PET3       MED-TO-OCN: - both sides must provide the Field/GeomObject.
20220908 105432.321 INFO             PET3       MED-TO-OCN: handle cplList(2): surface_net_downward_shortwave_flux, cplSetList(2): __UNSPECIFIED__
20220908 105432.321 INFO             PET3       MED-TO-OCN: - connected.
20220908 105432.321 INFO             PET3       MED-TO-OCN: - both sides must provide the Field/GeomObject.
20220908 105432.321 INFO             PET3     MED-TO-OCN: InitializeIPDv05p3 extro.
20220908 105432.321 INFO             PET3     <<<esm: leaving Initialize (phase=<none>) with current time: 2010  6  1  0  0  0   0
20220908 105432.321 INFO             PET3   esm: InitializeIPDv02p1 extro.
20220908 105432.321 INFO             PET3   esm: InitializeIPDv02p3 intro.
20220908 105432.321 INFO             PET3     >>>esm: entered Initialize (phase=<none>) with current time: 2010  6  1  0  0  0   0
20220908 105432.322 INFO             PET3     esm: IInitCheck intro.
20220908 105432.322 INFO             PET3     esm: IInitCheck extro.
20220908 105432.331 INFO             PET3     MED: InitializeIPDvXp04 intro.
20220908 105432.346 INFO             PET3     MED: InitializeIPDvXp04 extro.
20220908 105432.347 INFO             PET3     ATM-TO-MED: InitializeIPDv05p4 intro.
20220908 105432.362 INFO             PET3       ATM-TO-MED: handle cplList(1): air_pressure_at_sea_level, cplSetList(1): __UNSPECIFIED__
20220908 105432.362 INFO             PET3       ATM-TO-MED: - nothing shared or transferred
20220908 105432.362 INFO             PET3       ATM-TO-MED: handle cplList(2): surface_net_downward_shortwave_flux, cplSetList(2): __UNSPECIFIED__
20220908 105432.362 INFO             PET3       ATM-TO-MED: - nothing shared or transferred
20220908 105432.362 INFO             PET3     ATM-TO-MED: InitializeIPDv05p4 extro.
20220908 105432.363 INFO             PET3     OCN-TO-MED: InitializeIPDv05p4 intro.
20220908 105432.375 INFO             PET3       OCN-TO-MED: handle cplList(1): sea_surface_temperature, cplSetList(1): __UNSPECIFIED__
20220908 105432.375 INFO             PET3       OCN-TO-MED: - nothing shared or transferred
20220908 105432.375 INFO             PET3     OCN-TO-MED: InitializeIPDv05p4 extro.
20220908 105432.376 INFO             PET3     MED-TO-ATM: InitializeIPDv05p4 intro.
20220908 105432.388 INFO             PET3       MED-TO-ATM: handle cplList(1): sea_surface_temperature, cplSetList(1): __UNSPECIFIED__
20220908 105432.388 INFO             PET3       MED-TO-ATM: - nothing shared or transferred
20220908 105432.388 INFO             PET3     MED-TO-ATM: InitializeIPDv05p4 extro.
20220908 105432.389 INFO             PET3     MED-TO-OCN: InitializeIPDv05p4 intro.
20220908 105432.403 INFO             PET3       MED-TO-OCN: handle cplList(1): air_pressure_at_sea_level, cplSetList(1): __UNSPECIFIED__
20220908 105432.404 INFO             PET3       MED-TO-OCN: - nothing shared or transferred
20220908 105432.404 INFO             PET3       MED-TO-OCN: handle cplList(2): surface_net_downward_shortwave_flux, cplSetList(2): __UNSPECIFIED__
20220908 105432.404 INFO             PET3       MED-TO-OCN: - nothing shared or transferred
20220908 105432.404 INFO             PET3     MED-TO-OCN: InitializeIPDv05p4 extro.
20220908 105432.404 INFO             PET3     ATM-TO-MED: InitializeIPDv05p5 intro.
20220908 105432.419 INFO             PET3       ATM-TO-MED: handle cplList(1): air_pressure_at_sea_level, cplSetList(1): __UNSPECIFIED__
20220908 105432.419 INFO             PET3       ATM-TO-MED: - nothing shared or transferred, or may already be handled
20220908 105432.419 INFO             PET3       ATM-TO-MED: handle cplList(2): surface_net_downward_shortwave_flux, cplSetList(2): __UNSPECIFIED__
20220908 105432.419 INFO             PET3       ATM-TO-MED: - nothing shared or transferred, or may already be handled
20220908 105432.419 INFO             PET3     ATM-TO-MED: InitializeIPDv05p5 extro.
20220908 105432.419 INFO             PET3     OCN-TO-MED: InitializeIPDv05p5 intro.
20220908 105432.432 INFO             PET3       OCN-TO-MED: handle cplList(1): sea_surface_temperature, cplSetList(1): __UNSPECIFIED__
20220908 105432.432 INFO             PET3       OCN-TO-MED: - nothing shared or transferred, or may already be handled
20220908 105432.432 INFO             PET3     OCN-TO-MED: InitializeIPDv05p5 extro.
20220908 105432.432 INFO             PET3     MED-TO-ATM: InitializeIPDv05p5 intro.
20220908 105432.445 INFO             PET3       MED-TO-ATM: handle cplList(1): sea_surface_temperature, cplSetList(1): __UNSPECIFIED__
20220908 105432.445 INFO             PET3       MED-TO-ATM: - nothing shared or transferred, or may already be handled
20220908 105432.445 INFO             PET3     MED-TO-ATM: InitializeIPDv05p5 extro.
20220908 105432.445 INFO             PET3     MED-TO-OCN: InitializeIPDv05p5 intro.
20220908 105432.460 INFO             PET3       MED-TO-OCN: handle cplList(1): air_pressure_at_sea_level, cplSetList(1): __UNSPECIFIED__
20220908 105432.460 INFO             PET3       MED-TO-OCN: - nothing shared or transferred, or may already be handled
20220908 105432.460 INFO             PET3       MED-TO-OCN: handle cplList(2): surface_net_downward_shortwave_flux, cplSetList(2): __UNSPECIFIED__
20220908 105432.460 INFO             PET3       MED-TO-OCN: - nothing shared or transferred, or may already be handled
20220908 105432.460 INFO             PET3     MED-TO-OCN: InitializeIPDv05p5 extro.
20220908 105432.461 INFO             PET3     esm: IInitRealize intro.
20220908 105432.461 INFO             PET3     esm: IInitRealize extro.
20220908 105432.461 INFO             PET3     ATM-TO-MED: InitializeIPDv05p6a intro.
20220908 105432.475 INFO             PET3     ATM-TO-MED: InitializeIPDv05p6a extro.
20220908 105432.475 INFO             PET3     OCN-TO-MED: InitializeIPDv05p6a intro.
20220908 105432.488 INFO             PET3     OCN-TO-MED: InitializeIPDv05p6a extro.
20220908 105432.488 INFO             PET3     MED-TO-ATM: InitializeIPDv05p6a intro.
20220908 105432.500 INFO             PET3     MED-TO-ATM: InitializeIPDv05p6a extro.
20220908 105432.500 INFO             PET3     MED-TO-OCN: InitializeIPDv05p6a intro.
20220908 105432.514 INFO             PET3     MED-TO-OCN: InitializeIPDv05p6a extro.
20220908 105432.515 INFO             PET3     ATM-TO-MED: InitializeIPDv05p6b intro.
20220908 105432.515 INFO             PET3       ATM-TO-MED: handle cplList(1): air_pressure_at_sea_level, cplSetList(1): __UNSPECIFIED__
20220908 105432.515 INFO             PET3       ATM-TO-MED: - no Field sharing between import and export side: remap.
20220908 105432.516 INFO             PET3       ATM-TO-MED: handle cplList(2): surface_net_downward_shortwave_flux, cplSetList(2): __UNSPECIFIED__
