2022-09-05 09:39:13
[r14i2n13:65026:0:65026] Caught signal 11 (Segmentation fault: address not mapped to object at address 0x4f1b591)
[r14i2n13:65028:0:65028] Caught signal 11 (Segmentation fault: address not mapped to object at address 0x4f1b591)
[r14i2n13:65029:0:65029] Caught signal 11 (Segmentation fault: address not mapped to object at address 0x4f1b591)
[r14i2n13:65027:0:65027] Caught signal 11 (Segmentation fault: address not mapped to object at address 0x4f1b591)
==== backtrace (tid:  65029) ====
 0  /glade/u/apps/ch/opt/ucx/1.11.0/lib/libucs.so.0(ucs_handle_error+0xe4) [0x2ade09f451b4]
 1  /glade/u/apps/ch/opt/ucx/1.11.0/lib/libucs.so.0(+0x2a4dc) [0x2ade09f454dc]
 2  /glade/u/apps/ch/opt/ucx/1.11.0/lib/libucs.so.0(+0x2a74b) [0x2ade09f4574b]
 3  /glade/scratch/dunlap/esmf-testing/nvhpc_21.11_openmpi_g_patch_8.3.1/esmf/DEFAULTINSTALLDIR/lib/libg/Linux.nvhpc.64.openmpi.default/libesmf.so(_ZN5ESMCI6LogErr13MsgFoundErrorEiPKciS2_S2_Pi+0x34) [0x2addf01eaaf4]
 4  /glade/scratch/dunlap/esmf-testing/nvhpc_21.11_openmpi_g_patch_8.3.1/esmf/DEFAULTINSTALLDIR/lib/libg/Linux.nvhpc.64.openmpi.default/libesmf.so(_ZN5ESMCI7MeshCap22meshcreatenodedistgridEPi+0x7f) [0x2addf040bf7f]
 5  /glade/scratch/dunlap/esmf-testing/nvhpc_21.11_openmpi_g_patch_8.3.1/esmf/DEFAULTINSTALLDIR/lib/libg/Linux.nvhpc.64.openmpi.default/libesmf.so(c_esmc_meshcreatenodedistgrid_+0xc1) [0x2addf045f241]
 6  /glade/scratch/dunlap/esmf-testing/nvhpc_21.11_openmpi_g_patch_8.3.1/esmf/DEFAULTINSTALLDIR/lib/libg/Linux.nvhpc.64.openmpi.default/libesmf.so(esmf_meshmod_esmf_meshcreatefrompointer_+0x6d) [0x2addf1140ced]
 7  /glade/scratch/dunlap/esmf-testing/nvhpc_21.11_openmpi_g_patch_8.3.1/esmf/DEFAULTINSTALLDIR/lib/libg/Linux.nvhpc.64.openmpi.default/libesmf.so(esmf_gridutilmod_esmf_gridtomesh_+0x52d) [0x2addf0f9d26d]
 8  /glade/scratch/dunlap/esmf-testing/nvhpc_21.11_openmpi_g_patch_8.3.1/esmf/DEFAULTINSTALLDIR/lib/libg/Linux.nvhpc.64.openmpi.default/libesmf.so(esmf_fieldregridmod_b_or_p_gridtomesh_+0x5a8) [0x2addf0e5dfa8]
 9  /glade/scratch/dunlap/esmf-testing/nvhpc_21.11_openmpi_g_patch_8.3.1/esmf/DEFAULTINSTALLDIR/lib/libg/Linux.nvhpc.64.openmpi.default/libesmf.so(esmf_fieldregridmod_getmeshwithnodesonfieldloc_+0x55e) [0x2addf0e5945e]
10  /glade/scratch/dunlap/esmf-testing/nvhpc_21.11_openmpi_g_patch_8.3.1/esmf/DEFAULTINSTALLDIR/lib/libg/Linux.nvhpc.64.openmpi.default/libesmf.so(esmf_fieldregridmod_esmf_fieldregridstorenx_+0xf6d) [0x2addf0e56f6d]
11  /glade/scratch/dunlap/esmf-testing/nvhpc_21.11_openmpi_g_patch_8.3.1/esmf/DEFAULTINSTALLDIR/lib/libg/Linux.nvhpc.64.openmpi.default/libesmf.so(nuopc_connector_fieldbundlecplstore_+0x1172a) [0x2addf15b0baa]
12  /glade/scratch/dunlap/esmf-testing/nvhpc_21.11_openmpi_g_patch_8.3.1/esmf/DEFAULTINSTALLDIR/lib/libg/Linux.nvhpc.64.openmpi.default/libesmf.so(nuopc_connector_initializeipdv05p6b_+0x79cc) [0x2addf158b58c]
13  /glade/scratch/dunlap/esmf-testing/nvhpc_21.11_openmpi_g_patch_8.3.1/esmf/DEFAULTINSTALLDIR/lib/libg/Linux.nvhpc.64.openmpi.default/libesmf.so(_ZN5ESMCI6FTable12callVFuncPtrEPKcPNS_2VMEPi+0xc30) [0x2addf0037f70]
14  /glade/scratch/dunlap/esmf-testing/nvhpc_21.11_openmpi_g_patch_8.3.1/esmf/DEFAULTINSTALLDIR/lib/libg/Linux.nvhpc.64.openmpi.default/libesmf.so(ESMCI_FTableCallEntryPointVMHop+0x293) [0x2addf00331d3]
15  /glade/scratch/dunlap/esmf-testing/nvhpc_21.11_openmpi_g_patch_8.3.1/esmf/DEFAULTINSTALLDIR/lib/libg/Linux.nvhpc.64.openmpi.default/libesmf.so(_ZN5ESMCI3VMK5enterEPNS_7VMKPlanEPvS3_+0xbb) [0x2addf088c1fb]
16  /glade/scratch/dunlap/esmf-testing/nvhpc_21.11_openmpi_g_patch_8.3.1/esmf/DEFAULTINSTALLDIR/lib/libg/Linux.nvhpc.64.openmpi.default/libesmf.so(_ZN5ESMCI2VM5enterEPNS_6VMPlanEPvS3_+0xbe) [0x2addf08b57be]
17  /glade/scratch/dunlap/esmf-testing/nvhpc_21.11_openmpi_g_patch_8.3.1/esmf/DEFAULTINSTALLDIR/lib/libg/Linux.nvhpc.64.openmpi.default/libesmf.so(c_esmc_ftablecallentrypointvm_+0x393) [0x2addf0033693]
18  /glade/scratch/dunlap/esmf-testing/nvhpc_21.11_openmpi_g_patch_8.3.1/esmf/DEFAULTINSTALLDIR/lib/libg/Linux.nvhpc.64.openmpi.default/libesmf.so(esmf_compmod_esmf_compexecute_+0xa26) [0x2addf0be8ee6]
19  /glade/scratch/dunlap/esmf-testing/nvhpc_21.11_openmpi_g_patch_8.3.1/esmf/DEFAULTINSTALLDIR/lib/libg/Linux.nvhpc.64.openmpi.default/libesmf.so(esmf_cplcompmod_esmf_cplcompinitialize_+0x1de) [0x2addf0c01b9e]
20  /glade/scratch/dunlap/esmf-testing/nvhpc_21.11_openmpi_g_patch_8.3.1/esmf/DEFAULTINSTALLDIR/lib/libg/Linux.nvhpc.64.openmpi.default/libesmf.so(nuopc_driver_loopconnectorcompss_+0x1636) [0x2addf15e0c76]
21  /glade/scratch/dunlap/esmf-testing/nvhpc_21.11_openmpi_g_patch_8.3.1/esmf/DEFAULTINSTALLDIR/lib/libg/Linux.nvhpc.64.openmpi.default/libesmf.so(nuopc_driver_initializeipdv02p3_+0x4286) [0x2addf15d4ec6]
22  /glade/scratch/dunlap/esmf-testing/nvhpc_21.11_openmpi_g_patch_8.3.1/esmf/DEFAULTINSTALLDIR/lib/libg/Linux.nvhpc.64.openmpi.default/libesmf.so(_ZN5ESMCI6FTable12callVFuncPtrEPKcPNS_2VMEPi+0xc30) [0x2addf0037f70]
23  /glade/scratch/dunlap/esmf-testing/nvhpc_21.11_openmpi_g_patch_8.3.1/esmf/DEFAULTINSTALLDIR/lib/libg/Linux.nvhpc.64.openmpi.default/libesmf.so(ESMCI_FTableCallEntryPointVMHop+0x293) [0x2addf00331d3]
24  /glade/scratch/dunlap/esmf-testing/nvhpc_21.11_openmpi_g_patch_8.3.1/esmf/DEFAULTINSTALLDIR/lib/libg/Linux.nvhpc.64.openmpi.default/libesmf.so(_ZN5ESMCI3VMK5enterEPNS_7VMKPlanEPvS3_+0xbb) [0x2addf088c1fb]
25  /glade/scratch/dunlap/esmf-testing/nvhpc_21.11_openmpi_g_patch_8.3.1/esmf/DEFAULTINSTALLDIR/lib/libg/Linux.nvhpc.64.openmpi.default/libesmf.so(_ZN5ESMCI2VM5enterEPNS_6VMPlanEPvS3_+0xbe) [0x2addf08b57be]
26  /glade/scratch/dunlap/esmf-testing/nvhpc_21.11_openmpi_g_patch_8.3.1/esmf/DEFAULTINSTALLDIR/lib/libg/Linux.nvhpc.64.openmpi.default/libesmf.so(c_esmc_ftablecallentrypointvm_+0x393) [0x2addf0033693]
27  /glade/scratch/dunlap/esmf-testing/nvhpc_21.11_openmpi_g_patch_8.3.1/esmf/DEFAULTINSTALLDIR/lib/libg/Linux.nvhpc.64.openmpi.default/libesmf.so(esmf_compmod_esmf_compexecute_+0xa26) [0x2addf0be8ee6]
28  /glade/scratch/dunlap/esmf-testing/nvhpc_21.11_openmpi_g_patch_8.3.1/esmf/DEFAULTINSTALLDIR/lib/libg/Linux.nvhpc.64.openmpi.default/libesmf.so(esmf_gridcompmod_esmf_gridcompinitialize_+0x1de) [0x2addf0ebc1de]
29  ./externalApp() [0x40887c]
30  ./externalApp() [0x4074b3]
31  /glade/u/apps/ch/os/lib64/libc.so.6(__libc_start_main+0xf5) [0x2addf6d05a35]
32  ./externalApp() [0x4073a9]
=================================
==== backtrace (tid:  65028) ====
 0  /glade/u/apps/ch/opt/ucx/1.11.0/lib/libucs.so.0(ucs_handle_error+0xe4) [0x2b9480d041b4]
 1  /glade/u/apps/ch/opt/ucx/1.11.0/lib/libucs.so.0(+0x2a4dc) [0x2b9480d044dc]
 2  /glade/u/apps/ch/opt/ucx/1.11.0/lib/libucs.so.0(+0x2a74b) [0x2b9480d0474b]
 3  /glade/scratch/dunlap/esmf-testing/nvhpc_21.11_openmpi_g_patch_8.3.1/esmf/DEFAULTINSTALLDIR/lib/libg/Linux.nvhpc.64.openmpi.default/libesmf.so(_ZN5ESMCI6LogErr13MsgFoundErrorEiPKciS2_S2_Pi+0x34) [0x2b9466e00af4]
 4  /glade/scratch/dunlap/esmf-testing/nvhpc_21.11_openmpi_g_patch_8.3.1/esmf/DEFAULTINSTALLDIR/lib/libg/Linux.nvhpc.64.openmpi.default/libesmf.so(_ZN5ESMCI7MeshCap22meshcreatenodedistgridEPi+0x7f) [0x2b9467021f7f]
 5  /glade/scratch/dunlap/esmf-testing/nvhpc_21.11_openmpi_g_patch_8.3.1/esmf/DEFAULTINSTALLDIR/lib/libg/Linux.nvhpc.64.openmpi.default/libesmf.so(c_esmc_meshcreatenodedistgrid_+0xc1) [0x2b9467075241]
 6  /glade/scratch/dunlap/esmf-testing/nvhpc_21.11_openmpi_g_patch_8.3.1/esmf/DEFAULTINSTALLDIR/lib/libg/Linux.nvhpc.64.openmpi.default/libesmf.so(esmf_meshmod_esmf_meshcreatefrompointer_+0x6d) [0x2b9467d56ced]
 7  /glade/scratch/dunlap/esmf-testing/nvhpc_21.11_openmpi_g_patch_8.3.1/esmf/DEFAULTINSTALLDIR/lib/libg/Linux.nvhpc.64.openmpi.default/libesmf.so(esmf_gridutilmod_esmf_gridtomesh_+0x52d) [0x2b9467bb326d]
 8  /glade/scratch/dunlap/esmf-testing/nvhpc_21.11_openmpi_g_patch_8.3.1/esmf/DEFAULTINSTALLDIR/lib/libg/Linux.nvhpc.64.openmpi.default/libesmf.so(esmf_fieldregridmod_b_or_p_gridtomesh_+0x5a8) [0x2b9467a73fa8]
 9  /glade/scratch/dunlap/esmf-testing/nvhpc_21.11_openmpi_g_patch_8.3.1/esmf/DEFAULTINSTALLDIR/lib/libg/Linux.nvhpc.64.openmpi.default/libesmf.so(esmf_fieldregridmod_getmeshwithnodesonfieldloc_+0x55e) [0x2b9467a6f45e]
10  /glade/scratch/dunlap/esmf-testing/nvhpc_21.11_openmpi_g_patch_8.3.1/esmf/DEFAULTINSTALLDIR/lib/libg/Linux.nvhpc.64.openmpi.default/libesmf.so(esmf_fieldregridmod_esmf_fieldregridstorenx_+0xf6d) [0x2b9467a6cf6d]
11  /glade/scratch/dunlap/esmf-testing/nvhpc_21.11_openmpi_g_patch_8.3.1/esmf/DEFAULTINSTALLDIR/lib/libg/Linux.nvhpc.64.openmpi.default/libesmf.so(nuopc_connector_fieldbundlecplstore_+0x1172a) [0x2b94681c6baa]
12  /glade/scratch/dunlap/esmf-testing/nvhpc_21.11_openmpi_g_patch_8.3.1/esmf/DEFAULTINSTALLDIR/lib/libg/Linux.nvhpc.64.openmpi.default/libesmf.so(nuopc_connector_initializeipdv05p6b_+0x79cc) [0x2b94681a158c]
13  /glade/scratch/dunlap/esmf-testing/nvhpc_21.11_openmpi_g_patch_8.3.1/esmf/DEFAULTINSTALLDIR/lib/libg/Linux.nvhpc.64.openmpi.default/libesmf.so(_ZN5ESMCI6FTable12callVFuncPtrEPKcPNS_2VMEPi+0xc30) [0x2b9466c4df70]
14  /glade/scratch/dunlap/esmf-testing/nvhpc_21.11_openmpi_g_patch_8.3.1/esmf/DEFAULTINSTALLDIR/lib/libg/Linux.nvhpc.64.openmpi.default/libesmf.so(ESMCI_FTableCallEntryPointVMHop+0x293) [0x2b9466c491d3]
15  /glade/scratch/dunlap/esmf-testing/nvhpc_21.11_openmpi_g_patch_8.3.1/esmf/DEFAULTINSTALLDIR/lib/libg/Linux.nvhpc.64.openmpi.default/libesmf.so(_ZN5ESMCI3VMK5enterEPNS_7VMKPlanEPvS3_+0xbb) [0x2b94674a21fb]
16  /glade/scratch/dunlap/esmf-testing/nvhpc_21.11_openmpi_g_patch_8.3.1/esmf/DEFAULTINSTALLDIR/lib/libg/Linux.nvhpc.64.openmpi.default/libesmf.so(_ZN5ESMCI2VM5enterEPNS_6VMPlanEPvS3_+0xbe) [0x2b94674cb7be]
17  /glade/scratch/dunlap/esmf-testing/nvhpc_21.11_openmpi_g_patch_8.3.1/esmf/DEFAULTINSTALLDIR/lib/libg/Linux.nvhpc.64.openmpi.default/libesmf.so(c_esmc_ftablecallentrypointvm_+0x393) [0x2b9466c49693]
18  /glade/scratch/dunlap/esmf-testing/nvhpc_21.11_openmpi_g_patch_8.3.1/esmf/DEFAULTINSTALLDIR/lib/libg/Linux.nvhpc.64.openmpi.default/libesmf.so(esmf_compmod_esmf_compexecute_+0xa26) [0x2b94677feee6]
19  /glade/scratch/dunlap/esmf-testing/nvhpc_21.11_openmpi_g_patch_8.3.1/esmf/DEFAULTINSTALLDIR/lib/libg/Linux.nvhpc.64.openmpi.default/libesmf.so(esmf_cplcompmod_esmf_cplcompinitialize_+0x1de) [0x2b9467817b9e]
20  /glade/scratch/dunlap/esmf-testing/nvhpc_21.11_openmpi_g_patch_8.3.1/esmf/DEFAULTINSTALLDIR/lib/libg/Linux.nvhpc.64.openmpi.default/libesmf.so(nuopc_driver_loopconnectorcompss_+0x1636) [0x2b94681f6c76]
21  /glade/scratch/dunlap/esmf-testing/nvhpc==== backtrace (tid:  65027) ====
 0  /glade/u/apps/ch/opt/ucx/1.11.0/lib/libucs.so.0(ucs_handle_error+0xe4) [0x2b69b4f091b4]
 1  /glade/u/apps/ch/opt/ucx/1.11.0/lib/libucs.so.0(+0x2a4dc) [0x2b69b4f094dc]
 2  /glade/u/apps/ch/opt/ucx/1.11.0/lib/libucs.so.0(+0x2a74b) [0x2b69b4f0974b]
 3  /glade/scratch/dunlap/esmf-testing/nvhpc_21.11_openmpi_g_patch_8.3.1/esmf/DEFAULTINSTALLDIR/lib/libg/Linux.nvhpc.64.openmpi.default/libesmf.so(_ZN5ESMCI6LogErr13MsgFoundErrorEiPKciS2_S2_Pi+0x34) [0x2b699af0aaf4]
 4  /glade/scratch/dunlap/esmf-testing/nvhpc_21.11_openmpi_g_patch_8.3.1/esmf/DEFAULTINSTALLDIR/lib/libg/Linux.nvhpc.64.openmpi.default/libesmf.so(_ZN5ESMCI7MeshCap22meshcreatenodedistgridEPi+0x7f) [0x2b699b12bf7f]
 5  /glade/scratch/dunlap/esmf-testing/nvhpc_21.11_openmpi_g_patch_8.3.1/esmf/DEFAULTINSTALLDIR/lib/libg/Linux.nvhpc.64.openmpi.default/libesmf.so(c_esmc_meshcreatenodedistgrid_+0xc1) [0x2b699b17f241]
 6  /glade/scratch/dunlap/esmf-testing/nvhpc_21.11_openmpi_g_patch_8.3.1/esmf/DEFAULTINSTALLDIR/lib/libg/Linux.nvhpc.64.openmpi.default/libesmf.so(esmf_meshmod_esmf_meshcreatefrompointer_+0x6d) [0x2b699be60ced]
 7  /glade/scratch/dunlap/esmf-testing/nvhpc_21.11_openmpi_g_patch_8.3.1/esmf/DEFAULTINSTALLDIR/lib/libg/Linux.nvhpc.64.openmpi.default/libesmf.so(esmf_gridutilmod_esmf_gridtomesh_+0x52d) [0x2b699bcbd26d]
 8  /glade/scratch/dunlap/esmf-testing/nvhpc_21.11_openmpi_g_patch_8.3.1/esmf/DEFAULTINSTALLDIR/lib/libg/Linux.nvhpc.64.openmpi.default/libesmf.so(esmf_fieldregridmod_b_or_p_gridtomesh_+0x5a8) [0x2b699bb7dfa8]
 9  /glade/scratch/dunlap/esmf-testing/nvhpc_21.11_openmpi_g_patch_8.3.1/esmf/DEFAULTINSTALLDIR/lib/libg/Linux.nvhpc.64.openmpi.default/libesmf.so(esmf_fieldregridmod_getmeshwithnodesonfieldloc_+0x55e) [0x2b699bb7945e]
10  /glade/scratch/dunlap/esmf-testing/nvhpc_21.11_openmpi_g_patch_8.3.1/esmf/DEFAULTINSTALLDIR/lib/libg/Linux.nvhpc.64.openmpi.default/libesmf.so(esmf_fieldregridmod_esmf_fieldregridstorenx_+0xf6d) [0x2b699bb76f6d]
11  /glade/scratch/dunlap/esmf-testing/nvhpc_21.11_openmpi_g_patch_8.3.1/esmf/DEFAULTINSTALLDIR/lib/libg/Linux.nvhpc.64.openmpi.default/libesmf.so(nuopc_connector_fieldbundlecplstore_+0x1172a) [0x2b699c2d0baa]
12  /glade/scratch/dunlap/esmf-testing/nvhpc_21.11_openmpi_g_patch_8.3.1/esmf/DEFAULTINSTALLDIR/lib/libg/Linux.nvhpc.64.openmpi.default/libesmf.so(nuopc_connector_initializeipdv05p6b_+0x79cc) [0x2b699c2ab58c]
13  /glade/scratch/dunlap/esmf-testing/nvhpc_21.11_openmpi_g_patch_8.3.1/esmf/DEFAULTINSTALLDIR/lib/libg/Linux.nvhpc.64.openmpi.default/libesmf.so(_ZN5ESMCI6FTable12callVFuncPtrEPKcPNS_2VMEPi+0xc30) [0x2b699ad57f70]
14  /glade/scratch/dunlap/esmf-testing/nvhpc_21.11_openmpi_g_patch_8.3.1/esmf/DEFAULTINSTALLDIR/lib/libg/Linux.nvhpc.64.openmpi.default/libesmf.so(ESMCI_FTableCallEntryPointVMHop+0x293) [0x2b699ad531d3]
15  /glade/scratch/dunlap/esmf-testing/nvhpc_21.11_openmpi_g_patch_8.3.1/esmf/DEFAULTINSTALLDIR/lib/libg/Linux.nvhpc.64.openmpi.default/libesmf.so(_ZN5ESMCI3VMK5enterEPNS_7VMKPlanEPvS3_+0xbb) [0x2b699b5ac1fb]
16  /glade/scratch/dunlap/esmf-testing/nvhpc_21.11_openmpi_g_patch_8.3.1/esmf/DEFAULTINSTALLDIR/lib/libg/Linux.nvhpc.64.openmpi.default/libesmf.so(_ZN5ESMCI2VM5enterEPNS_6VMPlanEPvS3_+0xbe) [0x2b699b5d57be]
17  /glade/scratch/dunlap/esmf-testing/nvhpc_21.11_openmpi_g_patch_8.3.1/esmf/DEFAULTINSTALLDIR/lib/libg/Linux.nvhpc.64.openmpi.default/libesmf.so(c_esmc_ftablecallentrypointvm_+0x393) [0x2b699ad53693]
18  /glade/scratch/dunlap/esmf-testing/nvhpc_21.11_openmpi_g_patch_8.3.1/esmf/DEFAULTINSTALLDIR/lib/libg/Linux.nvhpc.64.openmpi.default/libesmf.so(esmf_compmod_esmf_compexecute_+0xa26) [0x2b699b908ee6]
19  /glade/scratch/dunlap/esmf-testing/nvhpc_21.11_openmpi_g_patch_8.3.1/esmf/DEFAULTINSTALLDIR/lib/libg/Linux.nvhpc.64.openmpi.default/libesmf.so(esmf_cplcompmod_esmf_cplcompinitialize_+0x1de) [0x2b699b921b9e]
20  /glade/scratch/dunlap/esmf-testing/nvhpc_21.11_openmpi_g_patch_8.3.1/esmf/DEFAULTINSTALLDIR/lib/libg/Linux.nvhpc.64.openmpi.default/libesmf.so(nuopc_driver_loopconnectorcompss_+0x1636) [0x2b699c300c76]
21  /glade/scratch/dunlap/esmf-testing/nvhpc==== backtrace (tid:  65026) ====
 0  /glade/u/apps/ch/opt/ucx/1.11.0/lib/libucs.so.0(ucs_handle_error+0xe4) [0x2b0ea0f091b4]
 1  /glade/u/apps/ch/opt/ucx/1.11.0/lib/libucs.so.0(+0x2a4dc) [0x2b0ea0f094dc]
 2  /glade/u/apps/ch/opt/ucx/1.11.0/lib/libucs.so.0(+0x2a74b) [0x2b0ea0f0974b]
 3  /glade/scratch/dunlap/esmf-testing/nvhpc_21.11_openmpi_g_patch_8.3.1/esmf/DEFAULTINSTALLDIR/lib/libg/Linux.nvhpc.64.openmpi.default/libesmf.so(_ZN5ESMCI6LogErr13MsgFoundErrorEiPKciS2_S2_Pi+0x34) [0x2b0e86fa1af4]
 4  /glade/scratch/dunlap/esmf-testing/nvhpc_21.11_openmpi_g_patch_8.3.1/esmf/DEFAULTINSTALLDIR/lib/libg/Linux.nvhpc.64.openmpi.default/libesmf.so(_ZN5ESMCI7MeshCap22meshcreatenodedistgridEPi+0x7f) [0x2b0e871c2f7f]
 5  /glade/scratch/dunlap/esmf-testing/nvhpc_21.11_openmpi_g_patch_8.3.1/esmf/DEFAULTINSTALLDIR/lib/libg/Linux.nvhpc.64.openmpi.default/libesmf.so(c_esmc_meshcreatenodedistgrid_+0xc1) [0x2b0e87216241]
 6  /glade/scratch/dunlap/esmf-testing/nvhpc_21.11_openmpi_g_patch_8.3.1/esmf/DEFAULTINSTALLDIR/lib/libg/Linux.nvhpc.64.openmpi.default/libesmf.so(esmf_meshmod_esmf_meshcreatefrompointer_+0x6d) [0x2b0e87ef7ced]
 7  /glade/scratch/dunlap/esmf-testing/nvhpc_21.11_openmpi_g_patch_8.3.1/esmf/DEFAULTINSTALLDIR/lib/libg/Linux.nvhpc.64.openmpi.default/libesmf.so(esmf_gridutilmod_esmf_gridtomesh_+0x52d) [0x2b0e87d5426d]
 8  /glade/scratch/dunlap/esmf-testing/nvhpc_21.11_openmpi_g_patch_8.3.1/esmf/DEFAULTINSTALLDIR/lib/libg/Linux.nvhpc.64.openmpi.default/libesmf.so(esmf_fieldregridmod_b_or_p_gridtomesh_+0x5a8) [0x2b0e87c14fa8]
 9  /glade/scratch/dunlap/esmf-testing/nvhpc_21.11_openmpi_g_patch_8.3.1/esmf/DEFAULTINSTALLDIR/lib/libg/Linux.nvhpc.64.openmpi.default/libesmf.so(esmf_fieldregridmod_getmeshwithnodesonfieldloc_+0x55e) [0x2b0e87c1045e]
10  /glade/scratch/dunlap/esmf-testing/nvhpc_21.11_openmpi_g_patch_8.3.1/esmf/DEFAULTINSTALLDIR/lib/libg/Linux.nvhpc.64.openmpi.default/libesmf.so(esmf_fieldregridmod_esmf_fieldregridstorenx_+0xf6d) [0x2b0e87c0df6d]
11  /glade/scratch/dunlap/esmf-testing/nvhpc_21.11_openmpi_g_patch_8.3.1/esmf/DEFAULTINSTALLDIR/lib/libg/Linux.nvhpc.64.openmpi.default/libesmf.so(nuopc_connector_fieldbundlecplstore_+0x1172a) [0x2b0e88367baa]
12  /glade/scratch/dunlap/esmf-testing/nvhpc_21.11_openmpi_g_patch_8.3.1/esmf/DEFAULTINSTALLDIR/lib/libg/Linux.nvhpc.64.openmpi.default/libesmf.so(nuopc_connector_initializeipdv05p6b_+0x79cc) [0x2b0e8834258c]
13  /glade/scratch/dunlap/esmf-testing/nvhpc_21.11_openmpi_g_patch_8.3.1/esmf/DEFAULTINSTALLDIR/lib/libg/Linux.nvhpc.64.openmpi.default/libesmf.so(_ZN5ESMCI6FTable12callVFuncPtrEPKcPNS_2VMEPi+0xc30) [0x2b0e86deef70]
14  /glade/scratch/dunlap/esmf-testing/nvhpc_21.11_openmpi_g_patch_8.3.1/esmf/DEFAULTINSTALLDIR/lib/libg/Linux.nvhpc.64.openmpi.default/libesmf.so(ESMCI_FTableCallEntryPointVMHop+0x293) [0x2b0e86dea1d3]
15  /glade/scratch/dunlap/esmf-testing/nvhpc_21.11_openmpi_g_patch_8.3.1/esmf/DEFAULTINSTALLDIR/lib/libg/Linux.nvhpc.64.openmpi.default/libesmf.so(_ZN5ESMCI3VMK5enterEPNS_7VMKPlanEPvS3_+0xbb) [0x2b0e876431fb]
16  /glade/scratch/dunlap/esmf-testing/nvhpc_21.11_openmpi_g_patch_8.3.1/esmf/DEFAULTINSTALLDIR/lib/libg/Linux.nvhpc.64.openmpi.default/libesmf.so(_ZN5ESMCI2VM5enterEPNS_6VMPlanEPvS3_+0xbe) [0x2b0e8766c7be]
17  /glade/scratch/dunlap/esmf-testing/nvhpc_21.11_openmpi_g_patch_8.3.1/esmf/DEFAULTINSTALLDIR/lib/libg/Linux.nvhpc.64.openmpi.default/libesmf.so(c_esmc_ftablecallentrypointvm_+0x393) [0x2b0e86dea693]
18  /glade/scratch/dunlap/esmf-testing/nvhpc_21.11_openmpi_g_patch_8.3.1/esmf/DEFAULTINSTALLDIR/lib/libg/Linux.nvhpc.64.openmpi.default/libesmf.so(esmf_compmod_esmf_compexecute_+0xa26) [0x2b0e8799fee6]
19  /glade/scratch/dunlap/esmf-testing/nvhpc_21.11_openmpi_g_patch_8.3.1/esmf/DEFAULTINSTALLDIR/lib/libg/Linux.nvhpc.64.openmpi.default/libesmf.so(esmf_cplcompmod_esmf_cplcompinitialize_+0x1de) [0x2b0e879b8b9e]
20  /glade/scratch/dunlap/esmf-testing/nvhpc_21.11_openmpi_g_patch_8.3.1/esmf/DEFAULTINSTALLDIR/lib/libg/Linux.nvhpc.64.openmpi.default/libesmf.so(nuopc_driver_loopconnectorcompss_+0x1636) [0x2b0e88397c76]
21  /glade/scratch/dunlap/esmf-testing/nvhpc[r14i2n13:65029] *** Process received signal ***
[r14i2n13:65029] Signal: Segmentation fault (11)
[r14i2n13:65029] Signal code:  (-6)
[r14i2n13:65029] Failing at address: 0x10570000fe05
[r14i2n13:65029] [ 0] /glade/u/apps/ch/os/lib64/libpthread.so.0(+0x11c00)[0x2addf6434c00]
[r14i2n13:65029] [ 1] /glade/scratch/dunlap/esmf-testing/nvhpc_21.11_openmpi_g_patch_8.3.1/esmf/DEFAULTINSTALLDIR/lib/libg/Linux.nvhpc.64.openmpi.default/libesmf.so(_ZN5ESMCI6LogErr13MsgFoundErrorEiPKciS2_S2_Pi+0x34)[0x2addf01eaaf4]
[r14i2n13:65029] [ 2] /glade/scratch/dunlap/esmf-testing/nvhpc_21.11_openmpi_g_patch_8.3.1/esmf/DEFAULTINSTALLDIR/lib/libg/Linux.nvhpc.64.openmpi.default/libesmf.so(_ZN5ESMCI7MeshCap22meshcreatenodedistgridEPi+0x7f)[0x2addf040bf7f]
[r14i2n13:65029] [ 3] _21.11_openmpi_g_patch_8.3.1/esmf/DEFAULTINSTALLDIR/lib/libg/Linux.nvhpc.64.openmpi.default/libesmf.so(nuopc_driver_initializeipdv02p3_+0x4286) [0x2b0e8838bec6]
22  /glade/scratch/dunlap/esmf-testing/nvhpc_21.11_openmpi_g_patch_8.3.1/esmf/DEFAULTINSTALLDIR/lib/libg/Linux.nvhpc.64.openmpi.default/libesmf.so(_ZN5ESMCI6FTable12callVFuncPtrEPKcPNS_2VMEPi+0xc30) [0x2b0e86deef70]
23  /glade/scratch/dunlap/esmf-testing/nvhpc_21.11_openmpi_g_patch_8.3.1/esmf/DEFAULTINSTALLDIR/lib/libg/Linux.nvhpc.64.openmpi.default/libesmf.so(ESMCI_FTableCallEntryPointVMHop+0x293) [0x2b0e86dea1d3]
24  /glade/scratch/dunlap/esmf-testing/nvhpc_21.11_openmpi_g_patch_8.3.1/esmf/DEFAULTINSTALLDIR/lib/libg/Linux.nvhpc.64.openmpi.default/libesmf.so(_ZN5ESMCI3VMK5enterEPNS_7VMKPlanEPvS3_+0xbb) [0x2b0e876431fb]
25  /glade/scratch/dunlap/esmf-testing/nvhpc_21.11_openmpi_g_patch_8.3.1/esmf/DEFAULTINSTALLDIR/lib/libg/Linux.nvhpc.64.openmpi.default/libesmf.so(_ZN5ESMCI2VM5enterEPNS_6VMPlanEPvS3_+0xbe) [0x2b0e8766c7be]
26  /glade/scratch/dunlap/esmf-testing/nvhpc_21.11_openmpi_g_patch_8.3.1/esmf/DEFAULTINSTALLDIR/lib/libg/Linux.nvhpc.64.openmpi.default/libesmf.so(c_esmc_ftablecallentrypointvm_+0x393) [0x2b0e86dea693]
27  /glade/scratch/dunlap/esmf-testing/nvhpc_21.11_openmpi_g_patch_8.3.1/esmf/DEFAULTINSTALLDIR/lib/libg/Linux.nvhpc.64.openmpi.default/libesmf.so(esmf_compmod_esmf_compexecute_+0xa26) [0x2b0e8799fee6]
28  /glade/scratch/dunlap/esmf-testing/nvhpc_21.11_openmpi_g_patch_8.3.1/esmf/DEFAULTINSTALLDIR/lib/libg/Linux.nvhpc.64.openmpi.default/libesmf.so(esmf_gridcompmod_esmf_gridcompinitialize_+0x1de) [0x2b0e87c731de]
29  ./externalApp() [0x40887c]
30  ./externalApp() [0x4074b3]
31  /glade/u/apps/ch/os/lib64/libc.so.6(__libc_start_main+0xf5) [0x2b0e8dabca35]
32  ./externalApp() [0x4073a9]
=================================
[r14i2n13:65026] *** Process received signal ***
[r14i2n13:65026] Signal: Segmentation fault (11)
[r14i2n13:65026] Signal code:  (-6)
[r14i2n13:65026] Failing at address: 0x10570000fe02
[r14i2n13:65026] [ 0] /glade/u/apps/ch/os/lib64/libpthread.so.0(+0x11c00)[0x2b0e8d1ebc00]
[r14i2n13:65026] [ 1] /glade/scratch/dunlap/esmf-testing/nvhpc_21.11_openmpi_g_patch_8.3.1/esmf/DEFAULTINSTALLDIR/lib/libg/Linux.nvhpc.64.openmpi.default/libesmf.so(_ZN5ESMCI6LogErr13MsgFoundErrorEiPKciS2_S2_Pi+0x34)[0x2b0e86fa1af4]
[r14i2n13:65026] [ 2] /glade/scratch/dunlap/esmf-testing/nvhpc_21.11_openmpi_g_patch_8.3.1/esmf/DEFAULTINSTALLDIR/lib/libg/Linux.nvhpc.64.openmpi.default/libesmf.so(_ZN5ESMCI7MeshCap22meshcreatenodedistgridEPi+0x7f)[0x2b0e871c2f7f]
[r14i2n13:65026] [ 3] _21.11_openmpi_g_patch_8.3.1/esmf/DEFAULTINSTALLDIR/lib/libg/Linux.nvhpc.64.openmpi.default/libesmf.so(nuopc_driver_initializeipdv02p3_+0x4286) [0x2b94681eaec6]
22  /glade/scratch/dunlap/esmf-testing/nvhpc_21.11_openmpi_g_patch_8.3.1/esmf/DEFAULTINSTALLDIR/lib/libg/Linux.nvhpc.64.openmpi.default/libesmf.so(_ZN5ESMCI6FTable12callVFuncPtrEPKcPNS_2VMEPi+0xc30) [0x2b9466c4df70]
23  /glade/scratch/dunlap/esmf-testing/nvhpc_21.11_openmpi_g_patch_8.3.1/esmf/DEFAULTINSTALLDIR/lib/libg/Linux.nvhpc.64.openmpi.default/libesmf.so(ESMCI_FTableCallEntryPointVMHop+0x293) [0x2b9466c491d3]
24  /glade/scratch/dunlap/esmf-testing/nvhpc_21.11_openmpi_g_patch_8.3.1/esmf/DEFAULTINSTALLDIR/lib/libg/Linux.nvhpc.64.openmpi.default/libesmf.so(_ZN5ESMCI3VMK5enterEPNS_7VMKPlanEPvS3_+0xbb) [0x2b94674a21fb]
25  /glade/scratch/dunlap/esmf-testing/nvhpc_21.11_openmpi_g_patch_8.3.1/esmf/DEFAULTINSTALLDIR/lib/libg/Linux.nvhpc.64.openmpi.default/libesmf.so(_ZN5ESMCI2VM5enterEPNS_6VMPlanEPvS3_+0xbe) [0x2b94674cb7be]
26  /glade/scratch/dunlap/esmf-testing/nvhpc_21.11_openmpi_g_patch_8.3.1/esmf/DEFAULTINSTALLDIR/lib/libg/Linux.nvhpc.64.openmpi.default/libesmf.so(c_esmc_ftablecallentrypointvm_+0x393) [0x2b9466c49693]
27  /glade/scratch/dunlap/esmf-testing/nvhpc_21.11_openmpi_g_patch_8.3.1/esmf/DEFAULTINSTALLDIR/lib/libg/Linux.nvhpc.64.openmpi.default/libesmf.so(esmf_compmod_esmf_compexecute_+0xa26) [0x2b94677feee6]
28  /glade/scratch/dunlap/esmf-testing/nvhpc_21.11_openmpi_g_patch_8.3.1/esmf/DEFAULTINSTALLDIR/lib/libg/Linux.nvhpc.64.openmpi.default/libesmf.so(esmf_gridcompmod_esmf_gridcompinitialize_+0x1de) [0x2b9467ad21de]
29  ./externalApp() [0x40887c]
30  ./externalApp() [0x4074b3]
31  /glade/u/apps/ch/os/lib64/libc.so.6(__libc_start_main+0xf5) [0x2b946d91ba35]
32  ./externalApp() [0x4073a9]
=================================
[r14i2n13:65028] *** Process received signal ***
[r14i2n13:65028] Signal: Segmentation fault (11)
[r14i2n13:65028] Signal code:  (-6)
[r14i2n13:65028] Failing at address: 0x10570000fe04
[r14i2n13:65028] [ 0] /glade/u/apps/ch/os/lib64/libpthread.so.0(+0x11c00)[0x2b946d04ac00]
[r14i2n13:65028] [ 1] /glade/scratch/dunlap/esmf-testing/nvhpc_21.11_openmpi_g_patch_8.3.1/esmf/DEFAULTINSTALLDIR/lib/libg/Linux.nvhpc.64.openmpi.default/libesmf.so(_ZN5ESMCI6LogErr13MsgFoundErrorEiPKciS2_S2_Pi+0x34)[0x2b9466e00af4]
[r14i2n13:65028] [ 2] _21.11_openmpi_g_patch_8.3.1/esmf/DEFAULTINSTALLDIR/lib/libg/Linux.nvhpc.64.openmpi.default/libesmf.so(nuopc_driver_initializeipdv02p3_+0x4286) [0x2b699c2f4ec6]
22  /glade/scratch/dunlap/esmf-testing/nvhpc_21.11_openmpi_g_patch_8.3.1/esmf/DEFAULTINSTALLDIR/lib/libg/Linux.nvhpc.64.openmpi.default/libesmf.so(_ZN5ESMCI6FTable12callVFuncPtrEPKcPNS_2VMEPi+0xc30) [0x2b699ad57f70]
23  /glade/scratch/dunlap/esmf-testing/nvhpc_21.11_openmpi_g_patch_8.3.1/esmf/DEFAULTINSTALLDIR/lib/libg/Linux.nvhpc.64.openmpi.default/libesmf.so(ESMCI_FTableCallEntryPointVMHop+0x293) [0x2b699ad531d3]
24  /glade/scratch/dunlap/esmf-testing/nvhpc_21.11_openmpi_g_patch_8.3.1/esmf/DEFAULTINSTALLDIR/lib/libg/Linux.nvhpc.64.openmpi.default/libesmf.so(_ZN5ESMCI3VMK5enterEPNS_7VMKPlanEPvS3_+0xbb) [0x2b699b5ac1fb]
25  /glade/scratch/dunlap/esmf-testing/nvhpc_21.11_openmpi_g_patch_8.3.1/esmf/DEFAULTINSTALLDIR/lib/libg/Linux.nvhpc.64.openmpi.default/libesmf.so(_ZN5ESMCI2VM5enterEPNS_6VMPlanEPvS3_+0xbe) [0x2b699b5d57be]
26  /glade/scratch/dunlap/esmf-testing/nvhpc_21.11_openmpi_g_patch_8.3.1/esmf/DEFAULTINSTALLDIR/lib/libg/Linux.nvhpc.64.openmpi.default/libesmf.so(c_esmc_ftablecallentrypointvm_+0x393) [0x2b699ad53693]
27  /glade/scratch/dunlap/esmf-testing/nvhpc_21.11_openmpi_g_patch_8.3.1/esmf/DEFAULTINSTALLDIR/lib/libg/Linux.nvhpc.64.openmpi.default/libesmf.so(esmf_compmod_esmf_compexecute_+0xa26) [0x2b699b908ee6]
28  /glade/scratch/dunlap/esmf-testing/nvhpc_21.11_openmpi_g_patch_8.3.1/esmf/DEFAULTINSTALLDIR/lib/libg/Linux.nvhpc.64.openmpi.default/libesmf.so(esmf_gridcompmod_esmf_gridcompinitialize_+0x1de) [0x2b699bbdc1de]
29  ./externalApp() [0x40887c]
30  ./externalApp() [0x4074b3]
31  /glade/u/apps/ch/os/lib64/libc.so.6(__libc_start_main+0xf5) [0x2b69a1a25a35]
32  ./externalApp() [0x4073a9]
=================================
[r14i2n13:65027] *** Process received signal ***
[r14i2n13:65027] Signal: Segmentation fault (11)
[r14i2n13:65027] Signal code:  (-6)
[r14i2n13:65027] Failing at address: 0x10570000fe03
[r14i2n13:65027] [ 0] /glade/u/apps/ch/os/lib64/libpthread.so.0(+0x11c00)[0x2b69a1154c00]
[r14i2n13:65027] [ 1] /glade/scratch/dunlap/esmf-testing/nvhpc_21.11_openmpi_g_patch_8.3.1/esmf/DEFAULTINSTALLDIR/lib/libg/Linux.nvhpc.64.openmpi.default/libesmf.so(_ZN5ESMCI6LogErr13MsgFoundErrorEiPKciS2_S2_Pi+0x34)[0x2b699af0aaf4]
[r14i2n13:65027] [ 2] /glade/scratch/dunlap/esmf-testing/nvhpc_21.11_openmpi_g_patch_8.3.1/esmf/DEFAULTINSTALLDIR/lib/libg/Linux.nvhpc.64.openmpi.default/libesmf.so(_ZN5ESMCI7MeshCap22meshcreatenodedistgridEPi+0x7f)[0x2b699b12bf7f]
[r14i2n13:65027] [ 3] /glade/scratch/dunlap/esmf-testing/nvhpc_21.11_openmpi_g_patch_8.3.1/esmf/DEFAULTINSTALLDIR/lib/libg/Linux.nvhpc.64.openmpi.default/libesmf.so(_ZN5ESMCI7MeshCap22meshcreatenodedistgridEPi+0x7f)[0x2b9467021f7f]
[r14i2n13:65028] [ 3] /glade/scratch/dunlap/esmf-testing/nvhpc_21.11_openmpi_g_patch_8.3.1/esmf/DEFAULTINSTALLDIR/lib/libg/Linux.nvhpc.64.openmpi.default/libesmf.so(c_esmc_meshcreatenodedistgrid_+0xc1)[0x2addf045f241]
[r14i2n13:65029] [ 4] /glade/scratch/dunlap/esmf-testing/nvhpc_21.11_openmpi_g_patch_8.3.1/esmf/DEFAULTINSTALLDIR/lib/libg/Linux.nvhpc.64.openmpi.default/libesmf.so(c_esmc_meshcreatenodedistgrid_+0xc1)[0x2b699b17f241]
[r14i2n13:65027] [ 4] /glade/scratch/dunlap/esmf-testing/nvhpc_21.11_openmpi_g_patch_8.3.1/esmf/DEFAULTINSTALLDIR/lib/libg/Linux.nvhpc.64.openmpi.default/libesmf.so(c_esmc_meshcreatenodedistgrid_+0xc1)[0x2b0e87216241]
[r14i2n13:65026] [ 4] /glade/scratch/dunlap/esmf-testing/nvhpc_21.11_openmpi_g_patch_8.3.1/esmf/DEFAULTINSTALLDIR/lib/libg/Linux.nvhpc.64.openmpi.default/libesmf.so(c_esmc_meshcreatenodedistgrid_+0xc1)[0x2b9467075241]
[r14i2n13:65028] [ 4] /glade/scratch/dunlap/esmf-testing/nvhpc_21.11_openmpi_g_patch_8.3.1/esmf/DEFAULTINSTALLDIR/lib/libg/Linux.nvhpc.64.openmpi.default/libesmf.so(esmf_meshmod_esmf_meshcreatefrompointer_+0x6d)[0x2addf1140ced]
[r14i2n13:65029] [ 5] /glade/scratch/dunlap/esmf-testing/nvhpc_21.11_openmpi_g_patch_8.3.1/esmf/DEFAULTINSTALLDIR/lib/libg/Linux.nvhpc.64.openmpi.default/libesmf.so(esmf_meshmod_esmf_meshcreatefrompointer_+0x6d)[0x2b699be60ced]
[r14i2n13:65027] [ 5] /glade/scratch/dunlap/esmf-testing/nvhpc_21.11_openmpi_g_patch_8.3.1/esmf/DEFAULTINSTALLDIR/lib/libg/Linux.nvhpc.64.openmpi.default/libesmf.so(esmf_meshmod_esmf_meshcreatefrompointer_+0x6d)[0x2b0e87ef7ced]
[r14i2n13:65026] [ 5] /glade/scratch/dunlap/esmf-testing/nvhpc_21.11_openmpi_g_patch_8.3.1/esmf/DEFAULTINSTALLDIR/lib/libg/Linux.nvhpc.64.openmpi.default/libesmf.so(esmf_meshmod_esmf_meshcreatefrompointer_+0x6d)[0x2b9467d56ced]
[r14i2n13:65028] [ 5] /glade/scratch/dunlap/esmf-testing/nvhpc_21.11_openmpi_g_patch_8.3.1/esmf/DEFAULTINSTALLDIR/lib/libg/Linux.nvhpc.64.openmpi.default/libesmf.so(esmf_gridutilmod_esmf_gridtomesh_+0x52d)[0x2addf0f9d26d]
[r14i2n13:65029] [ 6] /glade/scratch/dunlap/esmf-testing/nvhpc_21.11_openmpi_g_patch_8.3.1/esmf/DEFAULTINSTALLDIR/lib/libg/Linux.nvhpc.64.openmpi.default/libesmf.so(esmf_gridutilmod_esmf_gridtomesh_+0x52d)[0x2b699bcbd26d]
[r14i2n13:65027] [ 6] /glade/scratch/dunlap/esmf-testing/nvhpc_21.11_openmpi_g_patch_8.3.1/esmf/DEFAULTINSTALLDIR/lib/libg/Linux.nvhpc.64.openmpi.default/libesmf.so(esmf_gridutilmod_esmf_gridtomesh_+0x52d)[0x2b0e87d5426d]
[r14i2n13:65026] [ 6] /glade/scratch/dunlap/esmf-testing/nvhpc_21.11_openmpi_g_patch_8.3.1/esmf/DEFAULTINSTALLDIR/lib/libg/Linux.nvhpc.64.openmpi.default/libesmf.so(esmf_gridutilmod_esmf_gridtomesh_+0x52d)[0x2b9467bb326d]
[r14i2n13:65028] [ 6] /glade/scratch/dunlap/esmf-testing/nvhpc_21.11_openmpi_g_patch_8.3.1/esmf/DEFAULTINSTALLDIR/lib/libg/Linux.nvhpc.64.openmpi.default/libesmf.so(esmf_fieldregridmod_b_or_p_gridtomesh_+0x5a8)[0x2addf0e5dfa8]
[r14i2n13:65029] [ 7] /glade/scratch/dunlap/esmf-testing/nvhpc_21.11_openmpi_g_patch_8.3.1/esmf/DEFAULTINSTALLDIR/lib/libg/Linux.nvhpc.64.openmpi.default/libesmf.so(esmf_fieldregridmod_b_or_p_gridtomesh_+0x5a8)[0x2b0e87c14fa8]
[r14i2n13:65026] [ 7] /glade/scratch/dunlap/esmf-testing/nvhpc_21.11_openmpi_g_patch_8.3.1/esmf/DEFAULTINSTALLDIR/lib/libg/Linux.nvhpc.64.openmpi.default/libesmf.so(esmf_fieldregridmod_b_or_p_gridtomesh_+0x5a8)[0x2b699bb7dfa8]
[r14i2n13:65027] [ 7] /glade/scratch/dunlap/esmf-testing/nvhpc_21.11_openmpi_g_patch_8.3.1/esmf/DEFAULTINSTALLDIR/lib/libg/Linux.nvhpc.64.openmpi.default/libesmf.so(esmf_fieldregridmod_b_or_p_gridtomesh_+0x5a8)[0x2b9467a73fa8]
[r14i2n13:65028] [ 7] /glade/scratch/dunlap/esmf-testing/nvhpc_21.11_openmpi_g_patch_8.3.1/esmf/DEFAULTINSTALLDIR/lib/libg/Linux.nvhpc.64.openmpi.default/libesmf.so(esmf_fieldregridmod_getmeshwithnodesonfieldloc_+0x55e)[0x2addf0e5945e]
[r14i2n13:65029] [ 8] /glade/scratch/dunlap/esmf-testing/nvhpc_21.11_openmpi_g_patch_8.3.1/esmf/DEFAULTINSTALLDIR/lib/libg/Linux.nvhpc.64.openmpi.default/libesmf.so(esmf_fieldregridmod_getmeshwithnodesonfieldloc_+0x55e)[0x2b699bb7945e]
[r14i2n13:65027] [ 8] /glade/scratch/dunlap/esmf-testing/nvhpc_21.11_openmpi_g_patch_8.3.1/esmf/DEFAULTINSTALLDIR/lib/libg/Linux.nvhpc.64.openmpi.default/libesmf.so(esmf_fieldregridmod_getmeshwithnodesonfieldloc_+0x55e)[0x2b0e87c1045e]
[r14i2n13:65026] [ 8] /glade/scratch/dunlap/esmf-testing/nvhpc_21.11_openmpi_g_patch_8.3.1/esmf/DEFAULTINSTALLDIR/lib/libg/Linux.nvhpc.64.openmpi.default/libesmf.so(esmf_fieldregridmod_getmeshwithnodesonfieldloc_+0x55e)[0x2b9467a6f45e]
[r14i2n13:65028] [ 8] /glade/scratch/dunlap/esmf-testing/nvhpc_21.11_openmpi_g_patch_8.3.1/esmf/DEFAULTINSTALLDIR/lib/libg/Linux.nvhpc.64.openmpi.default/libesmf.so(esmf_fieldregridmod_esmf_fieldregridstorenx_+0xf6d)[0x2addf0e56f6d]
[r14i2n13:65029] [ 9] /glade/scratch/dunlap/esmf-testing/nvhpc_21.11_openmpi_g_patch_8.3.1/esmf/DEFAULTINSTALLDIR/lib/libg/Linux.nvhpc.64.openmpi.default/libesmf.so(esmf_fieldregridmod_esmf_fieldregridstorenx_+0xf6d)[0x2b0e87c0df6d]
[r14i2n13:65026] [ 9] /glade/scratch/dunlap/esmf-testing/nvhpc_21.11_openmpi_g_patch_8.3.1/esmf/DEFAULTINSTALLDIR/lib/libg/Linux.nvhpc.64.openmpi.default/libesmf.so(esmf_fieldregridmod_esmf_fieldregridstorenx_+0xf6d)[0x2b699bb76f6d]
[r14i2n13:65027] [ 9] /glade/scratch/dunlap/esmf-testing/nvhpc_21.11_openmpi_g_patch_8.3.1/esmf/DEFAULTINSTALLDIR/lib/libg/Linux.nvhpc.64.openmpi.default/libesmf.so(esmf_fieldregridmod_esmf_fieldregridstorenx_+0xf6d)[0x2b9467a6cf6d]
[r14i2n13:65028] [ 9] /glade/scratch/dunlap/esmf-testing/nvhpc_21.11_openmpi_g_patch_8.3.1/esmf/DEFAULTINSTALLDIR/lib/libg/Linux.nvhpc.64.openmpi.default/libesmf.so(nuopc_connector_fieldbundlecplstore_+0x1172a)[0x2addf15b0baa]
[r14i2n13:65029] [10] /glade/scratch/dunlap/esmf-testing/nvhpc_21.11_openmpi_g_patch_8.3.1/esmf/DEFAULTINSTALLDIR/lib/libg/Linux.nvhpc.64.openmpi.default/libesmf.so(nuopc_connector_fieldbundlecplstore_+0x1172a)[0x2b0e88367baa]
[r14i2n13:65026] [10] /glade/scratch/dunlap/esmf-testing/nvhpc_21.11_openmpi_g_patch_8.3.1/esmf/DEFAULTINSTALLDIR/lib/libg/Linux.nvhpc.64.openmpi.default/libesmf.so(nuopc_connector_fieldbundlecplstore_+0x1172a)[0x2b699c2d0baa]
[r14i2n13:65027] [10] /glade/scratch/dunlap/esmf-testing/nvhpc_21.11_openmpi_g_patch_8.3.1/esmf/DEFAULTINSTALLDIR/lib/libg/Linux.nvhpc.64.openmpi.default/libesmf.so(nuopc_connector_fieldbundlecplstore_+0x1172a)[0x2b94681c6baa]
[r14i2n13:65028] [10] /glade/scratch/dunlap/esmf-testing/nvhpc_21.11_openmpi_g_patch_8.3.1/esmf/DEFAULTINSTALLDIR/lib/libg/Linux.nvhpc.64.openmpi.default/libesmf.so(nuopc_connector_initializeipdv05p6b_+0x79cc)[0x2addf158b58c]
[r14i2n13:65029] [11] /glade/scratch/dunlap/esmf-testing/nvhpc_21.11_openmpi_g_patch_8.3.1/esmf/DEFAULTINSTALLDIR/lib/libg/Linux.nvhpc.64.openmpi.default/libesmf.so(nuopc_connector_initializeipdv05p6b_+0x79cc)[0x2b0e8834258c]
[r14i2n13:65026] [11] /glade/scratch/dunlap/esmf-testing/nvhpc_21.11_openmpi_g_patch_8.3.1/esmf/DEFAULTINSTALLDIR/lib/libg/Linux.nvhpc.64.openmpi.default/libesmf.so(nuopc_connector_initializeipdv05p6b_+0x79cc)[0x2b699c2ab58c]
[r14i2n13:65027] [11] /glade/scratch/dunlap/esmf-testing/nvhpc_21.11_openmpi_g_patch_8.3.1/esmf/DEFAULTINSTALLDIR/lib/libg/Linux.nvhpc.64.openmpi.default/libesmf.so(nuopc_connector_initializeipdv05p6b_+0x79cc)[0x2b94681a158c]
[r14i2n13:65028] [11] /glade/scratch/dunlap/esmf-testing/nvhpc_21.11_openmpi_g_patch_8.3.1/esmf/DEFAULTINSTALLDIR/lib/libg/Linux.nvhpc.64.openmpi.default/libesmf.so(_ZN5ESMCI6FTable12callVFuncPtrEPKcPNS_2VMEPi+0xc30)[0x2addf0037f70]
[r14i2n13:65029] [12] /glade/scratch/dunlap/esmf-testing/nvhpc_21.11_openmpi_g_patch_8.3.1/esmf/DEFAULTINSTALLDIR/lib/libg/Linux.nvhpc.64.openmpi.default/libesmf.so(_ZN5ESMCI6FTable12callVFuncPtrEPKcPNS_2VMEPi+0xc30)[0x2b0e86deef70]
[r14i2n13:65026] [12] /glade/scratch/dunlap/esmf-testing/nvhpc_21.11_openmpi_g_patch_8.3.1/esmf/DEFAULTINSTALLDIR/lib/libg/Linux.nvhpc.64.openmpi.default/libesmf.so(_ZN5ESMCI6FTable12callVFuncPtrEPKcPNS_2VMEPi+0xc30)[0x2b699ad57f70]
[r14i2n13:65027] [12] /glade/scratch/dunlap/esmf-testing/nvhpc_21.11_openmpi_g_patch_8.3.1/esmf/DEFAULTINSTALLDIR/lib/libg/Linux.nvhpc.64.openmpi.default/libesmf.so(_ZN5ESMCI6FTable12callVFuncPtrEPKcPNS_2VMEPi+0xc30)[0x2b9466c4df70]
[r14i2n13:65028] [12] /glade/scratch/dunlap/esmf-testing/nvhpc_21.11_openmpi_g_patch_8.3.1/esmf/DEFAULTINSTALLDIR/lib/libg/Linux.nvhpc.64.openmpi.default/libesmf.so(ESMCI_FTableCallEntryPointVMHop+0x293)[0x2addf00331d3]
[r14i2n13:65029] [13] /glade/scratch/dunlap/esmf-testing/nvhpc_21.11_openmpi_g_patch_8.3.1/esmf/DEFAULTINSTALLDIR/lib/libg/Linux.nvhpc.64.openmpi.default/libesmf.so(ESMCI_FTableCallEntryPointVMHop+0x293)[0x2b699ad531d3]
[r14i2n13:65027] [13] /glade/scratch/dunlap/esmf-testing/nvhpc_21.11_openmpi_g_patch_8.3.1/esmf/DEFAULTINSTALLDIR/lib/libg/Linux.nvhpc.64.openmpi.default/libesmf.so(ESMCI_FTableCallEntryPointVMHop+0x293)[0x2b0e86dea1d3]
[r14i2n13:65026] [13] /glade/scratch/dunlap/esmf-testing/nvhpc_21.11_openmpi_g_patch_8.3.1/esmf/DEFAULTINSTALLDIR/lib/libg/Linux.nvhpc.64.openmpi.default/libesmf.so(ESMCI_FTableCallEntryPointVMHop+0x293)[0x2b9466c491d3]
[r14i2n13:65028] [13] /glade/scratch/dunlap/esmf-testing/nvhpc_21.11_openmpi_g_patch_8.3.1/esmf/DEFAULTINSTALLDIR/lib/libg/Linux.nvhpc.64.openmpi.default/libesmf.so(_ZN5ESMCI3VMK5enterEPNS_7VMKPlanEPvS3_+0xbb)[0x2addf088c1fb]
[r14i2n13:65029] [14] /glade/scratch/dunlap/esmf-testing/nvhpc_21.11_openmpi_g_patch_8.3.1/esmf/DEFAULTINSTALLDIR/lib/libg/Linux.nvhpc.64.openmpi.default/libesmf.so(_ZN5ESMCI3VMK5enterEPNS_7VMKPlanEPvS3_+0xbb)[0x2b699b5ac1fb]
[r14i2n13:65027] [14] /glade/scratch/dunlap/esmf-testing/nvhpc_21.11_openmpi_g_patch_8.3.1/esmf/DEFAULTINSTALLDIR/lib/libg/Linux.nvhpc.64.openmpi.default/libesmf.so(_ZN5ESMCI3VMK5enterEPNS_7VMKPlanEPvS3_+0xbb)[0x2b0e876431fb]
[r14i2n13:65026] [14] /glade/scratch/dunlap/esmf-testing/nvhpc_21.11_openmpi_g_patch_8.3.1/esmf/DEFAULTINSTALLDIR/lib/libg/Linux.nvhpc.64.openmpi.default/libesmf.so(_ZN5ESMCI3VMK5enterEPNS_7VMKPlanEPvS3_+0xbb)[0x2b94674a21fb]
[r14i2n13:65028] [14] /glade/scratch/dunlap/esmf-testing/nvhpc_21.11_openmpi_g_patch_8.3.1/esmf/DEFAULTINSTALLDIR/lib/libg/Linux.nvhpc.64.openmpi.default/libesmf.so(_ZN5ESMCI2VM5enterEPNS_6VMPlanEPvS3_+0xbe)[0x2addf08b57be]
[r14i2n13:65029] [15] /glade/scratch/dunlap/esmf-testing/nvhpc_21.11_openmpi_g_patch_8.3.1/esmf/DEFAULTINSTALLDIR/lib/libg/Linux.nvhpc.64.openmpi.default/libesmf.so(_ZN5ESMCI2VM5enterEPNS_6VMPlanEPvS3_+0xbe)[0x2b699b5d57be]
[r14i2n13:65027] [15] /glade/scratch/dunlap/esmf-testing/nvhpc_21.11_openmpi_g_patch_8.3.1/esmf/DEFAULTINSTALLDIR/lib/libg/Linux.nvhpc.64.openmpi.default/libesmf.so(_ZN5ESMCI2VM5enterEPNS_6VMPlanEPvS3_+0xbe)[0x2b94674cb7be]
[r14i2n13:65028] [15] /glade/scratch/dunlap/esmf-testing/nvhpc_21.11_openmpi_g_patch_8.3.1/esmf/DEFAULTINSTALLDIR/lib/libg/Linux.nvhpc.64.openmpi.default/libesmf.so(_ZN5ESMCI2VM5enterEPNS_6VMPlanEPvS3_+0xbe)[0x2b0e8766c7be]
[r14i2n13:65026] [15] /glade/scratch/dunlap/esmf-testing/nvhpc_21.11_openmpi_g_patch_8.3.1/esmf/DEFAULTINSTALLDIR/lib/libg/Linux.nvhpc.64.openmpi.default/libesmf.so(c_esmc_ftablecallentrypointvm_+0x393)[0x2addf0033693]
[r14i2n13:65029] [16] /glade/scratch/dunlap/esmf-testing/nvhpc_21.11_openmpi_g_patch_8.3.1/esmf/DEFAULTINSTALLDIR/lib/libg/Linux.nvhpc.64.openmpi.default/libesmf.so(c_esmc_ftablecallentrypointvm_+0x393)[0x2b699ad53693]
[r14i2n13:65027] [16] /glade/scratch/dunlap/esmf-testing/nvhpc_21.11_openmpi_g_patch_8.3.1/esmf/DEFAULTINSTALLDIR/lib/libg/Linux.nvhpc.64.openmpi.default/libesmf.so(c_esmc_ftablecallentrypointvm_+0x393)[0x2b9466c49693]
[r14i2n13:65028] [16] /glade/scratch/dunlap/esmf-testing/nvhpc_21.11_openmpi_g_patch_8.3.1/esmf/DEFAULTINSTALLDIR/lib/libg/Linux.nvhpc.64.openmpi.default/libesmf.so(c_esmc_ftablecallentrypointvm_+0x393)[0x2b0e86dea693]
[r14i2n13:65026] [16] /glade/scratch/dunlap/esmf-testing/nvhpc_21.11_openmpi_g_patch_8.3.1/esmf/DEFAULTINSTALLDIR/lib/libg/Linux.nvhpc.64.openmpi.default/libesmf.so(esmf_compmod_esmf_compexecute_+0xa26)[0x2addf0be8ee6]
[r14i2n13:65029] [17] /glade/scratch/dunlap/esmf-testing/nvhpc_21.11_openmpi_g_patch_8.3.1/esmf/DEFAULTINSTALLDIR/lib/libg/Linux.nvhpc.64.openmpi.default/libesmf.so(esmf_compmod_esmf_compexecute_+0xa26)[0x2b699b908ee6]
[r14i2n13:65027] [17] /glade/scratch/dunlap/esmf-testing/nvhpc_21.11_openmpi_g_patch_8.3.1/esmf/DEFAULTINSTALLDIR/lib/libg/Linux.nvhpc.64.openmpi.default/libesmf.so(esmf_compmod_esmf_compexecute_+0xa26)[0x2b94677feee6]
[r14i2n13:65028] [17] /glade/scratch/dunlap/esmf-testing/nvhpc_21.11_openmpi_g_patch_8.3.1/esmf/DEFAULTINSTALLDIR/lib/libg/Linux.nvhpc.64.openmpi.default/libesmf.so(esmf_compmod_esmf_compexecute_+0xa26)[0x2b0e8799fee6]
[r14i2n13:65026] [17] /glade/scratch/dunlap/esmf-testing/nvhpc_21.11_openmpi_g_patch_8.3.1/esmf/DEFAULTINSTALLDIR/lib/libg/Linux.nvhpc.64.openmpi.default/libesmf.so(esmf_cplcompmod_esmf_cplcompinitialize_+0x1de)[0x2addf0c01b9e]
[r14i2n13:65029] [18] /glade/scratch/dunlap/esmf-testing/nvhpc_21.11_openmpi_g_patch_8.3.1/esmf/DEFAULTINSTALLDIR/lib/libg/Linux.nvhpc.64.openmpi.default/libesmf.so(esmf_cplcompmod_esmf_cplcompinitialize_+0x1de)[0x2b0e879b8b9e]
[r14i2n13:65026] [18] /glade/scratch/dunlap/esmf-testing/nvhpc_21.11_openmpi_g_patch_8.3.1/esmf/DEFAULTINSTALLDIR/lib/libg/Linux.nvhpc.64.openmpi.default/libesmf.so(esmf_cplcompmod_esmf_cplcompinitialize_+0x1de)[0x2b9467817b9e]
[r14i2n13:65028] [18] /glade/scratch/dunlap/esmf-testing/nvhpc_21.11_openmpi_g_patch_8.3.1/esmf/DEFAULTINSTALLDIR/lib/libg/Linux.nvhpc.64.openmpi.default/libesmf.so(esmf_cplcompmod_esmf_cplcompinitialize_+0x1de)[0x2b699b921b9e]
[r14i2n13:65027] [18] /glade/scratch/dunlap/esmf-testing/nvhpc_21.11_openmpi_g_patch_8.3.1/esmf/DEFAULTINSTALLDIR/lib/libg/Linux.nvhpc.64.openmpi.default/libesmf.so(nuopc_driver_loopconnectorcompss_+0x1636)[0x2addf15e0c76]
[r14i2n13:65029] [19] /glade/scratch/dunlap/esmf-testing/nvhpc_21.11_openmpi_g_patch_8.3.1/esmf/DEFAULTINSTALLDIR/lib/libg/Linux.nvhpc.64.openmpi.default/libesmf.so(nuopc_driver_loopconnectorcompss_+0x1636)[0x2b0e88397c76]
[r14i2n13:65026] [19] /glade/scratch/dunlap/esmf-testing/nvhpc_21.11_openmpi_g_patch_8.3.1/esmf/DEFAULTINSTALLDIR/lib/libg/Linux.nvhpc.64.openmpi.default/libesmf.so(nuopc_driver_loopconnectorcompss_+0x1636)[0x2b699c300c76]
[r14i2n13:65027] [19] /glade/scratch/dunlap/esmf-testing/nvhpc_21.11_openmpi_g_patch_8.3.1/esmf/DEFAULTINSTALLDIR/lib/libg/Linux.nvhpc.64.openmpi.default/libesmf.so(nuopc_driver_loopconnectorcompss_+0x1636)[0x2b94681f6c76]
[r14i2n13:65028] [19] /glade/scratch/dunlap/esmf-testing/nvhpc_21.11_openmpi_g_patch_8.3.1/esmf/DEFAULTINSTALLDIR/lib/libg/Linux.nvhpc.64.openmpi.default/libesmf.so(nuopc_driver_initializeipdv02p3_+0x4286)[0x2addf15d4ec6]
[r14i2n13:65029] [20] /glade/scratch/dunlap/esmf-testing/nvhpc_21.11_openmpi_g_patch_8.3.1/esmf/DEFAULTINSTALLDIR/lib/libg/Linux.nvhpc.64.openmpi.default/libesmf.so(nuopc_driver_initializeipdv02p3_+0x4286)[0x2b0e8838bec6]
[r14i2n13:65026] [20] /glade/scratch/dunlap/esmf-testing/nvhpc_21.11_openmpi_g_patch_8.3.1/esmf/DEFAULTINSTALLDIR/lib/libg/Linux.nvhpc.64.openmpi.default/libesmf.so(nuopc_driver_initializeipdv02p3_+0x4286)[0x2b699c2f4ec6]
[r14i2n13:65027] [20] /glade/scratch/dunlap/esmf-testing/nvhpc_21.11_openmpi_g_patch_8.3.1/esmf/DEFAULTINSTALLDIR/lib/libg/Linux.nvhpc.64.openmpi.default/libesmf.so(nuopc_driver_initializeipdv02p3_+0x4286)[0x2b94681eaec6]
[r14i2n13:65028] [20] /glade/scratch/dunlap/esmf-testing/nvhpc_21.11_openmpi_g_patch_8.3.1/esmf/DEFAULTINSTALLDIR/lib/libg/Linux.nvhpc.64.openmpi.default/libesmf.so(_ZN5ESMCI6FTable12callVFuncPtrEPKcPNS_2VMEPi+0xc30)[0x2addf0037f70]
[r14i2n13:65029] [21] /glade/scratch/dunlap/esmf-testing/nvhpc_21.11_openmpi_g_patch_8.3.1/esmf/DEFAULTINSTALLDIR/lib/libg/Linux.nvhpc.64.openmpi.default/libesmf.so(_ZN5ESMCI6FTable12callVFuncPtrEPKcPNS_2VMEPi+0xc30)[0x2b0e86deef70]
[r14i2n13:65026] [21] /glade/scratch/dunlap/esmf-testing/nvhpc_21.11_openmpi_g_patch_8.3.1/esmf/DEFAULTINSTALLDIR/lib/libg/Linux.nvhpc.64.openmpi.default/libesmf.so(_ZN5ESMCI6FTable12callVFuncPtrEPKcPNS_2VMEPi+0xc30)[0x2b9466c4df70]
[r14i2n13:65028] [21] /glade/scratch/dunlap/esmf-testing/nvhpc_21.11_openmpi_g_patch_8.3.1/esmf/DEFAULTINSTALLDIR/lib/libg/Linux.nvhpc.64.openmpi.default/libesmf.so(_ZN5ESMCI6FTable12callVFuncPtrEPKcPNS_2VMEPi+0xc30)[0x2b699ad57f70]
[r14i2n13:65027] [21] /glade/scratch/dunlap/esmf-testing/nvhpc_21.11_openmpi_g_patch_8.3.1/esmf/DEFAULTINSTALLDIR/lib/libg/Linux.nvhpc.64.openmpi.default/libesmf.so(ESMCI_FTableCallEntryPointVMHop+0x293)[0x2addf00331d3]
[r14i2n13:65029] [22] /glade/scratch/dunlap/esmf-testing/nvhpc_21.11_openmpi_g_patch_8.3.1/esmf/DEFAULTINSTALLDIR/lib/libg/Linux.nvhpc.64.openmpi.default/libesmf.so(ESMCI_FTableCallEntryPointVMHop+0x293)[0x2b0e86dea1d3]
[r14i2n13:65026] [22] /glade/scratch/dunlap/esmf-testing/nvhpc_21.11_openmpi_g_patch_8.3.1/esmf/DEFAULTINSTALLDIR/lib/libg/Linux.nvhpc.64.openmpi.default/libesmf.so(ESMCI_FTableCallEntryPointVMHop+0x293)[0x2b699ad531d3]
[r14i2n13:65027] [22] /glade/scratch/dunlap/esmf-testing/nvhpc_21.11_openmpi_g_patch_8.3.1/esmf/DEFAULTINSTALLDIR/lib/libg/Linux.nvhpc.64.openmpi.default/libesmf.so(ESMCI_FTableCallEntryPointVMHop+0x293)[0x2b9466c491d3]
[r14i2n13:65028] [22] /glade/scratch/dunlap/esmf-testing/nvhpc_21.11_openmpi_g_patch_8.3.1/esmf/DEFAULTINSTALLDIR/lib/libg/Linux.nvhpc.64.openmpi.default/libesmf.so(_ZN5ESMCI3VMK5enterEPNS_7VMKPlanEPvS3_+0xbb)[0x2addf088c1fb]
[r14i2n13:65029] [23] /glade/scratch/dunlap/esmf-testing/nvhpc_21.11_openmpi_g_patch_8.3.1/esmf/DEFAULTINSTALLDIR/lib/libg/Linux.nvhpc.64.openmpi.default/libesmf.so(_ZN5ESMCI3VMK5enterEPNS_7VMKPlanEPvS3_+0xbb)[0x2b94674a21fb]
[r14i2n13:65028] [23] /glade/scratch/dunlap/esmf-testing/nvhpc_21.11_openmpi_g_patch_8.3.1/esmf/DEFAULTINSTALLDIR/lib/libg/Linux.nvhpc.64.openmpi.default/libesmf.so(_ZN5ESMCI3VMK5enterEPNS_7VMKPlanEPvS3_+0xbb)[0x2b0e876431fb]
[r14i2n13:65026] [23] /glade/scratch/dunlap/esmf-testing/nvhpc_21.11_openmpi_g_patch_8.3.1/esmf/DEFAULTINSTALLDIR/lib/libg/Linux.nvhpc.64.openmpi.default/libesmf.so(_ZN5ESMCI3VMK5enterEPNS_7VMKPlanEPvS3_+0xbb)[0x2b699b5ac1fb]
[r14i2n13:65027] [23] /glade/scratch/dunlap/esmf-testing/nvhpc_21.11_openmpi_g_patch_8.3.1/esmf/DEFAULTINSTALLDIR/lib/libg/Linux.nvhpc.64.openmpi.default/libesmf.so(_ZN5ESMCI2VM5enterEPNS_6VMPlanEPvS3_+0xbe)[0x2addf08b57be]
[r14i2n13:65029] [24] /glade/scratch/dunlap/esmf-testing/nvhpc_21.11_openmpi_g_patch_8.3.1/esmf/DEFAULTINSTALLDIR/lib/libg/Linux.nvhpc.64.openmpi.default/libesmf.so(_ZN5ESMCI2VM5enterEPNS_6VMPlanEPvS3_+0xbe)[0x2b699b5d57be]
[r14i2n13:65027] [24] /glade/scratch/dunlap/esmf-testing/nvhpc_21.11_openmpi_g_patch_8.3.1/esmf/DEFAULTINSTALLDIR/lib/libg/Linux.nvhpc.64.openmpi.default/libesmf.so(_ZN5ESMCI2VM5enterEPNS_6VMPlanEPvS3_+0xbe)[0x2b94674cb7be]
[r14i2n13:65028] [24] /glade/scratch/dunlap/esmf-testing/nvhpc_21.11_openmpi_g_patch_8.3.1/esmf/DEFAULTINSTALLDIR/lib/libg/Linux.nvhpc.64.openmpi.default/libesmf.so(_ZN5ESMCI2VM5enterEPNS_6VMPlanEPvS3_+0xbe)[0x2b0e8766c7be]
[r14i2n13:65026] [24] /glade/scratch/dunlap/esmf-testing/nvhpc_21.11_openmpi_g_patch_8.3.1/esmf/DEFAULTINSTALLDIR/lib/libg/Linux.nvhpc.64.openmpi.default/libesmf.so(c_esmc_ftablecallentrypointvm_+0x393)[0x2addf0033693]
[r14i2n13:65029] [25] /glade/scratch/dunlap/esmf-testing/nvhpc_21.11_openmpi_g_patch_8.3.1/esmf/DEFAULTINSTALLDIR/lib/libg/Linux.nvhpc.64.openmpi.default/libesmf.so(c_esmc_ftablecallentrypointvm_+0x393)[0x2b0e86dea693]
[r14i2n13:65026] [25] /glade/scratch/dunlap/esmf-testing/nvhpc_21.11_openmpi_g_patch_8.3.1/esmf/DEFAULTINSTALLDIR/lib/libg/Linux.nvhpc.64.openmpi.default/libesmf.so(c_esmc_ftablecallentrypointvm_+0x393)[0x2b699ad53693]
[r14i2n13:65027] [25] /glade/scratch/dunlap/esmf-testing/nvhpc_21.11_openmpi_g_patch_8.3.1/esmf/DEFAULTINSTALLDIR/lib/libg/Linux.nvhpc.64.openmpi.default/libesmf.so(c_esmc_ftablecallentrypointvm_+0x393)[0x2b9466c49693]
[r14i2n13:65028] [25] /glade/scratch/dunlap/esmf-testing/nvhpc_21.11_openmpi_g_patch_8.3.1/esmf/DEFAULTINSTALLDIR/lib/libg/Linux.nvhpc.64.openmpi.default/libesmf.so(esmf_compmod_esmf_compexecute_+0xa26)[0x2addf0be8ee6]
[r14i2n13:65029] [26] /glade/scratch/dunlap/esmf-testing/nvhpc_21.11_openmpi_g_patch_8.3.1/esmf/DEFAULTINSTALLDIR/lib/libg/Linux.nvhpc.64.openmpi.default/libesmf.so(esmf_compmod_esmf_compexecute_+0xa26)[0x2b0e8799fee6]
[r14i2n13:65026] [26] /glade/scratch/dunlap/esmf-testing/nvhpc_21.11_openmpi_g_patch_8.3.1/esmf/DEFAULTINSTALLDIR/lib/libg/Linux.nvhpc.64.openmpi.default/libesmf.so(esmf_compmod_esmf_compexecute_+0xa26)[0x2b699b908ee6]
[r14i2n13:65027] [26] /glade/scratch/dunlap/esmf-testing/nvhpc_21.11_openmpi_g_patch_8.3.1/esmf/DEFAULTINSTALLDIR/lib/libg/Linux.nvhpc.64.openmpi.default/libesmf.so(esmf_compmod_esmf_compexecute_+0xa26)[0x2b94677feee6]
[r14i2n13:65028] [26] /glade/scratch/dunlap/esmf-testing/nvhpc_21.11_openmpi_g_patch_8.3.1/esmf/DEFAULTINSTALLDIR/lib/libg/Linux.nvhpc.64.openmpi.default/libesmf.so(esmf_gridcompmod_esmf_gridcompinitialize_+0x1de)[0x2addf0ebc1de]
[r14i2n13:65029] [27] ./externalApp[0x40887c]
[r14i2n13:65029] [28] ./externalApp[0x4074b3]
[r14i2n13:65029] [29] /glade/u/apps/ch/os/lib64/libc.so.6(__libc_start_main+0xf5)[0x2addf6d05a35]
[r14i2n13:65029] *** End of error message ***
/glade/scratch/dunlap/esmf-testing/nvhpc_21.11_openmpi_g_patch_8.3.1/esmf/DEFAULTINSTALLDIR/lib/libg/Linux.nvhpc.64.openmpi.default/libesmf.so(esmf_gridcompmod_esmf_gridcompinitialize_+0x1de)[0x2b699bbdc1de]
[r14i2n13:65027] [27] ./externalApp[0x40887c]
[r14i2n13:65027] [28] ./externalApp[0x4074b3]
[r14i2n13:65027] [29] /glade/scratch/dunlap/esmf-testing/nvhpc_21.11_openmpi_g_patch_8.3.1/esmf/DEFAULTINSTALLDIR/lib/libg/Linux.nvhpc.64.openmpi.default/libesmf.so(esmf_gridcompmod_esmf_gridcompinitialize_+0x1de)[0x2b0e87c731de]
[r14i2n13:65026] [27] ./externalApp[0x40887c]
[r14i2n13:65026] [28] ./externalApp[0x4074b3]
[r14i2n13:65026] [29] /glade/scratch/dunlap/esmf-testing/nvhpc_21.11_openmpi_g_patch_8.3.1/esmf/DEFAULTINSTALLDIR/lib/libg/Linux.nvhpc.64.openmpi.default/libesmf.so(esmf_gridcompmod_esmf_gridcompinitialize_+0x1de)[0x2b9467ad21de]
[r14i2n13:65028] [27] ./externalApp[0x40887c]
[r14i2n13:65028] [28] ./externalApp[0x4074b3]
[r14i2n13:65028] [29] /glade/u/apps/ch/os/lib64/libc.so.6(__libc_start_main+0xf5)[0x2b0e8dabca35]
[r14i2n13:65026] *** End of error message ***
/glade/u/apps/ch/os/lib64/libc.so.6(__libc_start_main+0xf5)[0x2b69a1a25a35]
[r14i2n13:65027] *** End of error message ***
/glade/u/apps/ch/os/lib64/libc.so.6(__libc_start_main+0xf5)[0x2b946d91ba35]
[r14i2n13:65028] *** End of error message ***
--------------------------------------------------------------------------
Primary job  terminated normally, but 1 process returned
a non-zero exit code. Per user-direction, the job has been aborted.
--------------------------------------------------------------------------
--------------------------------------------------------------------------
mpirun noticed that process rank 0 with PID 0 on node r14i2n13 exited on signal 11 (Segmentation fault).
--------------------------------------------------------------------------
