2022-08-19 04:15:44
20220819 044419.206 INFO             PET0 !!!!!!!!!!!!!!!!!!!!!!!!!!!!!!!!!!!!!!!!!!!!!!!!!!!!!!
20220819 044419.207 INFO             PET0 !!! THE ESMF_LOG IS SET TO OUTPUT ALL LOG MESSAGES !!!
20220819 044419.207 INFO             PET0 !!!     THIS MAY CAUSE SLOWDOWN IN PERFORMANCE     !!!
20220819 044419.207 INFO             PET0 !!! FOR PRODUCTION RUNS, USE:                      !!!
20220819 044419.207 INFO             PET0 !!!                   ESMF_LOGKIND_Multi_On_Error  !!!
20220819 044419.207 INFO             PET0 !!!!!!!!!!!!!!!!!!!!!!!!!!!!!!!!!!!!!!!!!!!!!!!!!!!!!!
20220819 044419.207 INFO             PET0 Running with ESMF Version   : v8.3.1b04
20220819 044419.207 INFO             PET0 ESMF library build date/time: "Aug 19 2022" "04:14:00"
20220819 044419.207 INFO             PET0 ESMF library build location : /lfs4/HFIP/hfv3gfs/Mark.Potts/esmf-tests/gfortran_9.2.0_openmpi_g_patch_8.3.1/esmf
20220819 044419.207 INFO             PET0 ESMF_COMM                   : openmpi
20220819 044419.208 INFO             PET0 ESMF_MOAB                   : enabled
20220819 044419.208 INFO             PET0 ESMF_LAPACK                 : enabled
20220819 044419.208 INFO             PET0 ESMF_NETCDF                 : disabled
20220819 044419.208 INFO             PET0 ESMF_PNETCDF                : disabled
20220819 044419.208 INFO             PET0 ESMF_PIO                    : disabled
20220819 044419.208 INFO             PET0 ESMF_YAMLCPP                : enabled
20220819 044419.208 INFO             PET0  NUMBER_OF_PROCESSORS           1
20220819 044419.208 INFO             PET0  PASS  Example ESMF_TimeEx, ESMF_TimeEx.F90, line 141
20220819 044419.208 INFO             PET0 Finalizing ESMF
