2022-08-09 02:47:52
20220809 030431.889 INFO             PET0 !!!!!!!!!!!!!!!!!!!!!!!!!!!!!!!!!!!!!!!!!!!!!!!!!!!!!!
20220809 030431.889 INFO             PET0 !!! THE ESMF_LOG IS SET TO OUTPUT ALL LOG MESSAGES !!!
20220809 030431.889 INFO             PET0 !!!     THIS MAY CAUSE SLOWDOWN IN PERFORMANCE     !!!
20220809 030431.889 INFO             PET0 !!! FOR PRODUCTION RUNS, USE:                      !!!
20220809 030431.889 INFO             PET0 !!!                   ESMF_LOGKIND_Multi_On_Error  !!!
20220809 030431.889 INFO             PET0 !!!!!!!!!!!!!!!!!!!!!!!!!!!!!!!!!!!!!!!!!!!!!!!!!!!!!!
20220809 030431.889 INFO             PET0 Running with ESMF Version   : v8.3.0b17-30-g0de4558e1e
20220809 030431.889 INFO             PET0 ESMF library build date/time: "Aug  9 2022" "02:46:58"
20220809 030431.889 INFO             PET0 ESMF library build location : /scratch1/NCEPDEV/stmp2/Rocky.Dunlap/esmf-testing/gfortran_9.2.0a_mpiuni_O_feature_large-messages/esmf
20220809 030431.889 INFO             PET0 ESMF_COMM                   : mpiuni
20220809 030431.889 INFO             PET0 ESMF_MOAB                   : enabled
20220809 030431.889 INFO             PET0 ESMF_LAPACK                 : enabled
20220809 030431.889 INFO             PET0 ESMF_NETCDF                 : enabled
20220809 030431.889 INFO             PET0 ESMF_PNETCDF                : disabled
20220809 030431.889 INFO             PET0 ESMF_PIO                    : disabled
20220809 030431.889 INFO             PET0 ESMF_YAMLCPP                : enabled
20220809 030431.902 DEBUG            PET0 VMK::recv():4970, size=4608 using MPIUNI channel via memcpy() in one chunk
20220809 030431.902 DEBUG            PET0 VMK::send():4482, size=4608 using MPIUNI channel via memcpy() in one chunk
20220809 030431.902 DEBUG            PET0 VMK::recv():4970, size=4608 using MPIUNI channel via memcpy() in one chunk
20220809 030431.902 DEBUG            PET0 VMK::send():4482, size=4608 using MPIUNI channel via memcpy() in one chunk
20220809 030431.902 DEBUG            PET0 VMK::recv():4970, size=4608 using MPIUNI channel via memcpy() in one chunk
20220809 030431.902 DEBUG            PET0 VMK::send():4482, size=4608 using MPIUNI channel via memcpy() in one chunk
20220809 030431.902 DEBUG            PET0 VMK::recv():4970, size=4608 using MPIUNI channel via memcpy() in one chunk
20220809 030431.902 DEBUG            PET0 VMK::send():4482, size=4608 using MPIUNI channel via memcpy() in one chunk
20220809 030431.902 DEBUG            PET0 VMK::recv():4970, size=4608 using MPIUNI channel via memcpy() in one chunk
20220809 030431.902 DEBUG            PET0 VMK::send():4482, size=4608 using MPIUNI channel via memcpy() in one chunk
20220809 030431.902 DEBUG            PET0 VMK::recv():4970, size=4608 using MPIUNI channel via memcpy() in one chunk
20220809 030431.902 DEBUG            PET0 VMK::send():4482, size=4608 using MPIUNI channel via memcpy() in one chunk
20220809 030431.902 DEBUG            PET0 VMK::recv():4970, size=4608 using MPIUNI channel via memcpy() in one chunk
20220809 030431.902 DEBUG            PET0 VMK::send():4482, size=4608 using MPIUNI channel via memcpy() in one chunk
20220809 030431.902 DEBUG            PET0 VMK::recv():4970, size=4608 using MPIUNI channel via memcpy() in one chunk
20220809 030431.902 DEBUG            PET0 VMK::send():4482, size=4608 using MPIUNI channel via memcpy() in one chunk
20220809 030431.902 DEBUG            PET0 VMK::recv():4970, size=4608 using MPIUNI channel via memcpy() in one chunk
20220809 030431.902 DEBUG            PET0 VMK::send():4482, size=4608 using MPIUNI channel via memcpy() in one chunk
20220809 030431.902 DEBUG            PET0 VMK::recv():4970, size=4608 using MPIUNI channel via memcpy() in one chunk
20220809 030431.902 DEBUG            PET0 VMK::send():4482, size=4608 using MPIUNI channel via memcpy() in one chunk
20220809 030431.902 DEBUG            PET0 VMK::recv():4970, size=18432 using MPIUNI channel via memcpy() in one chunk
20220809 030431.903 DEBUG            PET0 VMK::send():4482, size=18432 using MPIUNI channel via memcpy() in one chunk
20220809 030431.903 DEBUG            PET0 VMK::recv():4970, size=18432 using MPIUNI channel via memcpy() in one chunk
20220809 030431.903 DEBUG            PET0 VMK::send():4482, size=18432 using MPIUNI channel via memcpy() in one chunk
20220809 030431.903 DEBUG            PET0 VMK::recv():4970, size=18432 using MPIUNI channel via memcpy() in one chunk
20220809 030431.903 DEBUG            PET0 VMK::send():4482, size=18432 using MPIUNI channel via memcpy() in one chunk
20220809 030431.903 DEBUG            PET0 VMK::recv():4970, size=18432 using MPIUNI channel via memcpy() in one chunk
20220809 030431.903 DEBUG            PET0 VMK::send():4482, size=18432 using MPIUNI channel via memcpy() in one chunk
20220809 030431.903 DEBUG            PET0 VMK::recv():4970, size=18432 using MPIUNI channel via memcpy() in one chunk
20220809 030431.903 DEBUG            PET0 VMK::send():4482, size=18432 using MPIUNI channel via memcpy() in one chunk
20220809 030431.903 DEBUG            PET0 VMK::recv():4970, size=18432 using MPIUNI channel via memcpy() in one chunk
20220809 030431.903 DEBUG            PET0 VMK::send():4482, size=18432 using MPIUNI channel via memcpy() in one chunk
20220809 030431.903 DEBUG            PET0 VMK::recv():4970, size=18432 using MPIUNI channel via memcpy() in one chunk
20220809 030431.903 DEBUG            PET0 VMK::send():4482, size=18432 using MPIUNI channel via memcpy() in one chunk
20220809 030431.903 DEBUG            PET0 VMK::recv():4970, size=18432 using MPIUNI channel via memcpy() in one chunk
20220809 030431.903 DEBUG            PET0 VMK::send():4482, size=18432 using MPIUNI channel via memcpy() in one chunk
20220809 030431.903 DEBUG            PET0 VMK::recv():4970, size=18432 using MPIUNI channel via memcpy() in one chunk
20220809 030431.903 DEBUG            PET0 VMK::send():4482, size=18432 using MPIUNI channel via memcpy() in one chunk
20220809 030431.903 DEBUG            PET0 VMK::recv():4970, size=18432 using MPIUNI channel via memcpy() in one chunk
20220809 030431.903 DEBUG            PET0 VMK::send():4482, size=18432 using MPIUNI channel via memcpy() in one chunk
20220809 030431.903 DEBUG            PET0 VMK::recv():4970, size=9216 using MPIUNI channel via memcpy() in one chunk
20220809 030431.903 DEBUG            PET0 VMK::send():4482, size=9216 using MPIUNI channel via memcpy() in one chunk
20220809 030431.903 DEBUG            PET0 VMK::recv():4970, size=9216 using MPIUNI channel via memcpy() in one chunk
20220809 030431.903 DEBUG            PET0 VMK::send():4482, size=9216 using MPIUNI channel via memcpy() in one chunk
20220809 030431.903 DEBUG            PET0 VMK::recv():4970, size=9216 using MPIUNI channel via memcpy() in one chunk
20220809 030431.903 DEBUG            PET0 VMK::send():4482, size=9216 using MPIUNI channel via memcpy() in one chunk
20220809 030431.903 DEBUG            PET0 VMK::recv():4970, size=9216 using MPIUNI channel via memcpy() in one chunk
20220809 030431.903 DEBUG            PET0 VMK::send():4482, size=9216 using MPIUNI channel via memcpy() in one chunk
20220809 030431.903 DEBUG            PET0 VMK::recv():4970, size=9216 using MPIUNI channel via memcpy() in one chunk
20220809 030431.903 DEBUG            PET0 VMK::send():4482, size=9216 using MPIUNI channel via memcpy() in one chunk
20220809 030431.903 DEBUG            PET0 VMK::recv():4970, size=9216 using MPIUNI channel via memcpy() in one chunk
20220809 030431.903 DEBUG            PET0 VMK::send():4482, size=9216 using MPIUNI channel via memcpy() in one chunk
20220809 030431.903 DEBUG            PET0 VMK::recv():4970, size=9216 using MPIUNI channel via memcpy() in one chunk
20220809 030431.903 DEBUG            PET0 VMK::send():4482, size=9216 using MPIUNI channel via memcpy() in one chunk
20220809 030431.903 DEBUG            PET0 VMK::recv():4970, size=9216 using MPIUNI channel via memcpy() in one chunk
20220809 030431.903 DEBUG            PET0 VMK::send():4482, size=9216 using MPIUNI channel via memcpy() in one chunk
20220809 030431.903 DEBUG            PET0 VMK::recv():4970, size=9216 using MPIUNI channel via memcpy() in one chunk
20220809 030431.903 DEBUG            PET0 VMK::send():4482, size=9216 using MPIUNI channel via memcpy() in one chunk
20220809 030431.903 DEBUG            PET0 VMK::recv():4970, size=9216 using MPIUNI channel via memcpy() in one chunk
20220809 030431.903 DEBUG            PET0 VMK::send():4482, size=9216 using MPIUNI channel via memcpy() in one chunk
20220809 030431.903 DEBUG            PET0 VMK::recv():4970, size=9216 using MPIUNI channel via memcpy() in one chunk
20220809 030431.903 DEBUG            PET0 VMK::send():4482, size=9216 using MPIUNI channel via memcpy() in one chunk
20220809 030431.903 DEBUG            PET0 VMK::recv():4970, size=9216 using MPIUNI channel via memcpy() in one chunk
20220809 030431.903 DEBUG            PET0 VMK::send():4482, size=9216 using MPIUNI channel via memcpy() in one chunk
20220809 030431.903 DEBUG            PET0 VMK::recv():4970, size=9216 using MPIUNI channel via memcpy() in one chunk
20220809 030431.903 DEBUG            PET0 VMK::send():4482, size=9216 using MPIUNI channel via memcpy() in one chunk
20220809 030431.903 DEBUG            PET0 VMK::recv():4970, size=9216 using MPIUNI channel via memcpy() in one chunk
20220809 030431.903 DEBUG            PET0 VMK::send():4482, size=9216 using MPIUNI channel via memcpy() in one chunk
20220809 030431.903 DEBUG            PET0 VMK::recv():4970, size=9216 using MPIUNI channel via memcpy() in one chunk
20220809 030431.903 DEBUG            PET0 VMK::send():4482, size=9216 using MPIUNI channel via memcpy() in one chunk
20220809 030431.903 DEBUG            PET0 VMK::recv():4970, size=9216 using MPIUNI channel via memcpy() in one chunk
20220809 030431.903 DEBUG            PET0 VMK::send():4482, size=9216 using MPIUNI channel via memcpy() in one chunk
20220809 030431.903 DEBUG            PET0 VMK::recv():4970, size=9216 using MPIUNI channel via memcpy() in one chunk
20220809 030431.903 DEBUG            PET0 VMK::send():4482, size=9216 using MPIUNI channel via memcpy() in one chunk
20220809 030431.903 DEBUG            PET0 VMK::recv():4970, size=9216 using MPIUNI channel via memcpy() in one chunk
20220809 030431.903 DEBUG            PET0 VMK::send():4482, size=9216 using MPIUNI channel via memcpy() in one chunk
20220809 030431.903 DEBUG            PET0 VMK::recv():4970, size=9216 using MPIUNI channel via memcpy() in one chunk
20220809 030431.903 DEBUG            PET0 VMK::send():4482, size=9216 using MPIUNI channel via memcpy() in one chunk
20220809 030431.903 DEBUG            PET0 VMK::recv():4970, size=9216 using MPIUNI channel via memcpy() in one chunk
20220809 030431.903 DEBUG            PET0 VMK::send():4482, size=9216 using MPIUNI channel via memcpy() in one chunk
20220809 030431.903 DEBUG            PET0 VMK::recv():4970, size=4608 using MPIUNI channel via memcpy() in one chunk
20220809 030431.903 DEBUG            PET0 VMK::send():4482, size=4608 using MPIUNI channel via memcpy() in one chunk
20220809 030431.903 DEBUG            PET0 VMK::recv():4970, size=4608 using MPIUNI channel via memcpy() in one chunk
20220809 030431.903 DEBUG            PET0 VMK::send():4482, size=4608 using MPIUNI channel via memcpy() in one chunk
20220809 030431.903 DEBUG            PET0 VMK::recv():4970, size=4608 using MPIUNI channel via memcpy() in one chunk
20220809 030431.903 DEBUG            PET0 VMK::send():4482, size=4608 using MPIUNI channel via memcpy() in one chunk
20220809 030431.903 DEBUG            PET0 VMK::recv():4970, size=4608 using MPIUNI channel via memcpy() in one chunk
20220809 030431.903 DEBUG            PET0 VMK::send():4482, size=4608 using MPIUNI channel via memcpy() in one chunk
20220809 030431.903 DEBUG            PET0 VMK::recv():4970, size=4608 using MPIUNI channel via memcpy() in one chunk
20220809 030431.903 DEBUG            PET0 VMK::send():4482, size=4608 using MPIUNI channel via memcpy() in one chunk
20220809 030431.903 DEBUG            PET0 VMK::recv():4970, size=4608 using MPIUNI channel via memcpy() in one chunk
20220809 030431.903 DEBUG            PET0 VMK::send():4482, size=4608 using MPIUNI channel via memcpy() in one chunk
20220809 030431.903 DEBUG            PET0 VMK::recv():4970, size=4608 using MPIUNI channel via memcpy() in one chunk
20220809 030431.903 DEBUG            PET0 VMK::send():4482, size=4608 using MPIUNI channel via memcpy() in one chunk
20220809 030431.903 DEBUG            PET0 VMK::recv():4970, size=4608 using MPIUNI channel via memcpy() in one chunk
20220809 030431.903 DEBUG            PET0 VMK::send():4482, size=4608 using MPIUNI channel via memcpy() in one chunk
20220809 030431.903 DEBUG            PET0 VMK::recv():4970, size=4608 using MPIUNI channel via memcpy() in one chunk
20220809 030431.903 DEBUG            PET0 VMK::send():4482, size=4608 using MPIUNI channel via memcpy() in one chunk
20220809 030431.903 DEBUG            PET0 VMK::recv():4970, size=4608 using MPIUNI channel via memcpy() in one chunk
20220809 030431.903 DEBUG            PET0 VMK::send():4482, size=4608 using MPIUNI channel via memcpy() in one chunk
20220809 030431.903 DEBUG            PET0 VMK::recv():4970, size=4608 using MPIUNI channel via memcpy() in one chunk
20220809 030431.903 DEBUG            PET0 VMK::send():4482, size=4608 using MPIUNI channel via memcpy() in one chunk
20220809 030431.903 DEBUG            PET0 VMK::recv():4970, size=4608 using MPIUNI channel via memcpy() in one chunk
20220809 030431.903 DEBUG            PET0 VMK::send():4482, size=4608 using MPIUNI channel via memcpy() in one chunk
20220809 030431.903 DEBUG            PET0 VMK::recv():4970, size=4608 using MPIUNI channel via memcpy() in one chunk
20220809 030431.903 DEBUG            PET0 VMK::send():4482, size=4608 using MPIUNI channel via memcpy() in one chunk
20220809 030431.903 DEBUG            PET0 VMK::recv():4970, size=4608 using MPIUNI channel via memcpy() in one chunk
20220809 030431.903 DEBUG            PET0 VMK::send():4482, size=4608 using MPIUNI channel via memcpy() in one chunk
20220809 030431.904 DEBUG            PET0 VMK::recv():4970, size=4608 using MPIUNI channel via memcpy() in one chunk
20220809 030431.904 DEBUG            PET0 VMK::send():4482, size=4608 using MPIUNI channel via memcpy() in one chunk
20220809 030431.904 DEBUG            PET0 VMK::recv():4970, size=4608 using MPIUNI channel via memcpy() in one chunk
20220809 030431.904 DEBUG            PET0 VMK::send():4482, size=4608 using MPIUNI channel via memcpy() in one chunk
20220809 030431.904 DEBUG            PET0 VMK::recv():4970, size=4608 using MPIUNI channel via memcpy() in one chunk
20220809 030431.904 DEBUG            PET0 VMK::send():4482, size=4608 using MPIUNI channel via memcpy() in one chunk
20220809 030431.904 DEBUG            PET0 VMK::recv():4970, size=4608 using MPIUNI channel via memcpy() in one chunk
20220809 030431.904 DEBUG            PET0 VMK::send():4482, size=4608 using MPIUNI channel via memcpy() in one chunk
20220809 030431.904 DEBUG            PET0 VMK::recv():4970, size=4608 using MPIUNI channel via memcpy() in one chunk
20220809 030431.904 DEBUG            PET0 VMK::send():4482, size=4608 using MPIUNI channel via memcpy() in one chunk
20220809 030431.904 DEBUG            PET0 VMK::recv():4970, size=4608 using MPIUNI channel via memcpy() in one chunk
20220809 030431.904 DEBUG            PET0 VMK::send():4482, size=4608 using MPIUNI channel via memcpy() in one chunk
20220809 030431.904 DEBUG            PET0 VMK::recv():4970, size=4608 using MPIUNI channel via memcpy() in one chunk
20220809 030431.904 DEBUG            PET0 VMK::send():4482, size=4608 using MPIUNI channel via memcpy() in one chunk
20220809 030431.904 DEBUG            PET0 VMK::recv():4970, size=4608 using MPIUNI channel via memcpy() in one chunk
20220809 030431.904 DEBUG            PET0 VMK::send():4482, size=4608 using MPIUNI channel via memcpy() in one chunk
20220809 030431.904 DEBUG            PET0 VMK::recv():4970, size=4608 using MPIUNI channel via memcpy() in one chunk
20220809 030431.904 DEBUG            PET0 VMK::send():4482, size=4608 using MPIUNI channel via memcpy() in one chunk
20220809 030431.904 DEBUG            PET0 VMK::recv():4970, size=4608 using MPIUNI channel via memcpy() in one chunk
20220809 030431.904 DEBUG            PET0 VMK::send():4482, size=4608 using MPIUNI channel via memcpy() in one chunk
20220809 030431.904 DEBUG            PET0 VMK::recv():4970, size=4608 using MPIUNI channel via memcpy() in one chunk
20220809 030431.904 DEBUG            PET0 VMK::send():4482, size=4608 using MPIUNI channel via memcpy() in one chunk
20220809 030431.904 DEBUG            PET0 VMK::recv():4970, size=4608 using MPIUNI channel via memcpy() in one chunk
20220809 030431.904 DEBUG            PET0 VMK::send():4482, size=4608 using MPIUNI channel via memcpy() in one chunk
20220809 030431.904 DEBUG            PET0 VMK::recv():4970, size=4608 using MPIUNI channel via memcpy() in one chunk
20220809 030431.904 DEBUG            PET0 VMK::send():4482, size=4608 using MPIUNI channel via memcpy() in one chunk
20220809 030431.904 DEBUG            PET0 VMK::recv():4970, size=4608 using MPIUNI channel via memcpy() in one chunk
20220809 030431.904 DEBUG            PET0 VMK::send():4482, size=4608 using MPIUNI channel via memcpy() in one chunk
20220809 030431.904 DEBUG            PET0 VMK::recv():4970, size=4608 using MPIUNI channel via memcpy() in one chunk
20220809 030431.904 DEBUG            PET0 VMK::send():4482, size=4608 using MPIUNI channel via memcpy() in one chunk
20220809 030431.904 DEBUG            PET0 VMK::recv():4970, size=4608 using MPIUNI channel via memcpy() in one chunk
20220809 030431.904 DEBUG            PET0 VMK::send():4482, size=4608 using MPIUNI channel via memcpy() in one chunk
20220809 030431.904 DEBUG            PET0 VMK::recv():4970, size=4608 using MPIUNI channel via memcpy() in one chunk
20220809 030431.904 DEBUG            PET0 VMK::send():4482, size=4608 using MPIUNI channel via memcpy() in one chunk
20220809 030431.904 DEBUG            PET0 VMK::recv():4970, size=4608 using MPIUNI channel via memcpy() in one chunk
20220809 030431.904 DEBUG            PET0 VMK::send():4482, size=4608 using MPIUNI channel via memcpy() in one chunk
20220809 030431.904 DEBUG            PET0 VMK::recv():4970, size=4608 using MPIUNI channel via memcpy() in one chunk
20220809 030431.904 DEBUG            PET0 VMK::send():4482, size=4608 using MPIUNI channel via memcpy() in one chunk
20220809 030431.904 DEBUG            PET0 VMK::recv():4970, size=4608 using MPIUNI channel via memcpy() in one chunk
20220809 030431.904 DEBUG            PET0 VMK::send():4482, size=4608 using MPIUNI channel via memcpy() in one chunk
20220809 030431.904 DEBUG            PET0 VMK::recv():4970, size=4608 using MPIUNI channel via memcpy() in one chunk
20220809 030431.904 DEBUG            PET0 VMK::send():4482, size=4608 using MPIUNI channel via memcpy() in one chunk
20220809 030431.904 DEBUG            PET0 VMK::recv():4970, size=4608 using MPIUNI channel via memcpy() in one chunk
20220809 030431.904 DEBUG            PET0 VMK::send():4482, size=4608 using MPIUNI channel via memcpy() in one chunk
20220809 030431.904 DEBUG            PET0 VMK::recv():4970, size=4608 using MPIUNI channel via memcpy() in one chunk
20220809 030431.904 DEBUG            PET0 VMK::send():4482, size=4608 using MPIUNI channel via memcpy() in one chunk
20220809 030431.904 DEBUG            PET0 VMK::recv():4970, size=4608 using MPIUNI channel via memcpy() in one chunk
20220809 030431.904 DEBUG            PET0 VMK::send():4482, size=4608 using MPIUNI channel via memcpy() in one chunk
20220809 030431.904 DEBUG            PET0 VMK::recv():4970, size=4608 using MPIUNI channel via memcpy() in one chunk
20220809 030431.904 DEBUG            PET0 VMK::send():4482, size=4608 using MPIUNI channel via memcpy() in one chunk
20220809 030431.904 DEBUG            PET0 VMK::recv():4970, size=4608 using MPIUNI channel via memcpy() in one chunk
20220809 030431.904 DEBUG            PET0 VMK::send():4482, size=4608 using MPIUNI channel via memcpy() in one chunk
20220809 030431.904 DEBUG            PET0 VMK::recv():4970, size=4608 using MPIUNI channel via memcpy() in one chunk
20220809 030431.904 DEBUG            PET0 VMK::send():4482, size=4608 using MPIUNI channel via memcpy() in one chunk
20220809 030431.904 DEBUG            PET0 VMK::recv():4970, size=4608 using MPIUNI channel via memcpy() in one chunk
20220809 030431.904 DEBUG            PET0 VMK::send():4482, size=4608 using MPIUNI channel via memcpy() in one chunk
20220809 030431.904 DEBUG            PET0 VMK::recv():4970, size=4608 using MPIUNI channel via memcpy() in one chunk
20220809 030431.904 DEBUG            PET0 VMK::send():4482, size=4608 using MPIUNI channel via memcpy() in one chunk
20220809 030431.904 DEBUG            PET0 VMK::recv():4970, size=4608 using MPIUNI channel via memcpy() in one chunk
20220809 030431.904 DEBUG            PET0 VMK::send():4482, size=4608 using MPIUNI channel via memcpy() in one chunk
20220809 030431.904 DEBUG            PET0 VMK::recv():4970, size=4608 using MPIUNI channel via memcpy() in one chunk
20220809 030431.904 DEBUG            PET0 VMK::send():4482, size=4608 using MPIUNI channel via memcpy() in one chunk
20220809 030431.904 DEBUG            PET0 VMK::recv():4970, size=4608 using MPIUNI channel via memcpy() in one chunk
20220809 030431.904 DEBUG            PET0 VMK::send():4482, size=4608 using MPIUNI channel via memcpy() in one chunk
20220809 030431.904 DEBUG            PET0 VMK::recv():4970, size=4608 using MPIUNI channel via memcpy() in one chunk
20220809 030431.904 DEBUG            PET0 VMK::send():4482, size=4608 using MPIUNI channel via memcpy() in one chunk
20220809 030431.904 DEBUG            PET0 VMK::recv():4970, size=4608 using MPIUNI channel via memcpy() in one chunk
20220809 030431.904 DEBUG            PET0 VMK::send():4482, size=4608 using MPIUNI channel via memcpy() in one chunk
20220809 030431.904 DEBUG            PET0 VMK::recv():4970, size=4608 using MPIUNI channel via memcpy() in one chunk
20220809 030431.904 DEBUG            PET0 VMK::send():4482, size=4608 using MPIUNI channel via memcpy() in one chunk
20220809 030431.904 DEBUG            PET0 VMK::recv():4970, size=4608 using MPIUNI channel via memcpy() in one chunk
20220809 030431.904 DEBUG            PET0 VMK::send():4482, size=4608 using MPIUNI channel via memcpy() in one chunk
20220809 030431.904 DEBUG            PET0 VMK::recv():4970, size=4608 using MPIUNI channel via memcpy() in one chunk
20220809 030431.904 DEBUG            PET0 VMK::send():4482, size=4608 using MPIUNI channel via memcpy() in one chunk
20220809 030431.904 DEBUG            PET0 VMK::recv():4970, size=4608 using MPIUNI channel via memcpy() in one chunk
20220809 030431.904 DEBUG            PET0 VMK::send():4482, size=4608 using MPIUNI channel via memcpy() in one chunk
20220809 030431.904 DEBUG            PET0 VMK::recv():4970, size=4608 using MPIUNI channel via memcpy() in one chunk
20220809 030431.904 DEBUG            PET0 VMK::send():4482, size=4608 using MPIUNI channel via memcpy() in one chunk
20220809 030431.904 DEBUG            PET0 VMK::recv():4970, size=4608 using MPIUNI channel via memcpy() in one chunk
20220809 030431.904 DEBUG            PET0 VMK::send():4482, size=4608 using MPIUNI channel via memcpy() in one chunk
20220809 030431.904 DEBUG            PET0 VMK::recv():4970, size=4608 using MPIUNI channel via memcpy() in one chunk
20220809 030431.904 DEBUG            PET0 VMK::send():4482, size=4608 using MPIUNI channel via memcpy() in one chunk
20220809 030431.904 DEBUG            PET0 VMK::recv():4970, size=4608 using MPIUNI channel via memcpy() in one chunk
20220809 030431.904 DEBUG            PET0 VMK::send():4482, size=4608 using MPIUNI channel via memcpy() in one chunk
20220809 030431.904 DEBUG            PET0 VMK::recv():4970, size=4608 using MPIUNI channel via memcpy() in one chunk
20220809 030431.904 DEBUG            PET0 VMK::send():4482, size=4608 using MPIUNI channel via memcpy() in one chunk
20220809 030431.904 DEBUG            PET0 VMK::recv():4970, size=4608 using MPIUNI channel via memcpy() in one chunk
20220809 030431.904 DEBUG            PET0 VMK::send():4482, size=4608 using MPIUNI channel via memcpy() in one chunk
20220809 030431.904 DEBUG            PET0 VMK::recv():4970, size=4608 using MPIUNI channel via memcpy() in one chunk
20220809 030431.904 DEBUG            PET0 VMK::send():4482, size=4608 using MPIUNI channel via memcpy() in one chunk
20220809 030431.904 DEBUG            PET0 VMK::recv():4970, size=4608 using MPIUNI channel via memcpy() in one chunk
20220809 030431.904 DEBUG            PET0 VMK::send():4482, size=4608 using MPIUNI channel via memcpy() in one chunk
20220809 030431.904 DEBUG            PET0 VMK::recv():4970, size=4608 using MPIUNI channel via memcpy() in one chunk
20220809 030431.904 DEBUG            PET0 VMK::send():4482, size=4608 using MPIUNI channel via memcpy() in one chunk
20220809 030431.905 DEBUG            PET0 VMK::recv():4970, size=4608 using MPIUNI channel via memcpy() in one chunk
20220809 030431.905 DEBUG            PET0 VMK::send():4482, size=4608 using MPIUNI channel via memcpy() in one chunk
20220809 030431.905 DEBUG            PET0 VMK::recv():4970, size=46080 using MPIUNI channel via memcpy() in one chunk
20220809 030431.905 DEBUG            PET0 VMK::send():4482, size=46080 using MPIUNI channel via memcpy() in one chunk
20220809 030431.905 DEBUG            PET0 VMK::recv():4970, size=46080 using MPIUNI channel via memcpy() in one chunk
20220809 030431.906 DEBUG            PET0 VMK::send():4482, size=46080 using MPIUNI channel via memcpy() in one chunk
20220809 030431.907 DEBUG            PET0 VMK::recv():4970, size=46080 using MPIUNI channel via memcpy() in one chunk
20220809 030431.908 DEBUG            PET0 VMK::send():4482, size=46080 using MPIUNI channel via memcpy() in one chunk
20220809 030431.908 DEBUG            PET0 VMK::recv():4970, size=46080 using MPIUNI channel via memcpy() in one chunk
20220809 030431.908 DEBUG            PET0 VMK::send():4482, size=46080 using MPIUNI channel via memcpy() in one chunk
20220809 030431.909 DEBUG            PET0 VMK::recv():4970, size=4608 using MPIUNI channel via memcpy() in one chunk
20220809 030431.909 DEBUG            PET0 VMK::send():4482, size=4608 using MPIUNI channel via memcpy() in one chunk
20220809 030431.909 DEBUG            PET0 VMK::recv():4970, size=4608 using MPIUNI channel via memcpy() in one chunk
20220809 030431.909 DEBUG            PET0 VMK::send():4482, size=4608 using MPIUNI channel via memcpy() in one chunk
20220809 030431.909 DEBUG            PET0 VMK::recv():4970, size=46080 using MPIUNI channel via memcpy() in one chunk
20220809 030431.909 DEBUG            PET0 VMK::send():4482, size=46080 using MPIUNI channel via memcpy() in one chunk
20220809 030431.909 DEBUG            PET0 VMK::recv():4970, size=46080 using MPIUNI channel via memcpy() in one chunk
20220809 030431.910 DEBUG            PET0 VMK::send():4482, size=46080 using MPIUNI channel via memcpy() in one chunk
20220809 030431.910 DEBUG            PET0 VMK::recv():4970, size=46080 using MPIUNI channel via memcpy() in one chunk
20220809 030431.911 DEBUG            PET0 VMK::send():4482, size=46080 using MPIUNI channel via memcpy() in one chunk
20220809 030431.911 DEBUG            PET0 VMK::recv():4970, size=46080 using MPIUNI channel via memcpy() in one chunk
20220809 030431.912 DEBUG            PET0 VMK::send():4482, size=46080 using MPIUNI channel via memcpy() in one chunk
20220809 030431.912 DEBUG            PET0 VMK::recv():4970, size=4608 using MPIUNI channel via memcpy() in one chunk
20220809 030431.912 DEBUG            PET0 VMK::send():4482, size=4608 using MPIUNI channel via memcpy() in one chunk
20220809 030431.912 INFO             PET0  NUMBER_OF_PROCESSORS           1
20220809 030431.912 INFO             PET0  PASS  Example ESMF_RHandleReusabilityEx, ESMF_RHandleReusabilityEx.F90, line 582
20220809 030431.912 INFO             PET0 Finalizing ESMF
20220809 030431.912 DEBUG            PET0 epochFinal
