2022-09-13 04:15:41
20220913 044204.336 INFO             PET0 !!!!!!!!!!!!!!!!!!!!!!!!!!!!!!!!!!!!!!!!!!!!!!!!!!!!!!
20220913 044204.336 INFO             PET0 !!! THE ESMF_LOG IS SET TO OUTPUT ALL LOG MESSAGES !!!
20220913 044204.336 INFO             PET0 !!!     THIS MAY CAUSE SLOWDOWN IN PERFORMANCE     !!!
20220913 044204.336 INFO             PET0 !!! FOR PRODUCTION RUNS, USE:                      !!!
20220913 044204.336 INFO             PET0 !!!                   ESMF_LOGKIND_Multi_On_Error  !!!
20220913 044204.336 INFO             PET0 !!!!!!!!!!!!!!!!!!!!!!!!!!!!!!!!!!!!!!!!!!!!!!!!!!!!!!
20220913 044204.336 INFO             PET0 Running with ESMF Version   : v8.4.0b13-27-g1ee560549e
20220913 044204.336 INFO             PET0 ESMF library build date/time: "Sep 13 2022" "04:14:09"
20220913 044204.336 INFO             PET0 ESMF library build location : /lfs4/HFIP/hfv3gfs/Mark.Potts/esmf-tests/gfortran_9.2.0_openmpi_O_develop/esmf
20220913 044204.336 INFO             PET0 ESMF_COMM                   : openmpi
20220913 044204.337 INFO             PET0 ESMF_MOAB                   : enabled
20220913 044204.337 INFO             PET0 ESMF_LAPACK                 : enabled
20220913 044204.337 INFO             PET0 ESMF_NETCDF                 : disabled
20220913 044204.337 INFO             PET0 ESMF_PNETCDF                : disabled
20220913 044204.337 INFO             PET0 ESMF_PIO                    : disabled
20220913 044204.337 INFO             PET0 ESMF_YAMLCPP                : enabled
20220913 044204.337 INFO             PET0  NUMBER_OF_PROCESSORS           1
20220913 044204.338 INFO             PET0  PASS  Example ESMF_ClockEx, ESMF_ClockEx.F90, line 220
20220913 044204.338 INFO             PET0 Finalizing ESMF
