2022-09-18 03:50:04
20220918 042528.532 INFO             PET0 !!!!!!!!!!!!!!!!!!!!!!!!!!!!!!!!!!!!!!!!!!!!!!!!!!!!!!
20220918 042528.532 INFO             PET0 !!! THE ESMF_LOG IS SET TO OUTPUT ALL LOG MESSAGES !!!
20220918 042528.532 INFO             PET0 !!!     THIS MAY CAUSE SLOWDOWN IN PERFORMANCE     !!!
20220918 042528.532 INFO             PET0 !!! FOR PRODUCTION RUNS, USE:                      !!!
20220918 042528.532 INFO             PET0 !!!                   ESMF_LOGKIND_Multi_On_Error  !!!
20220918 042528.532 INFO             PET0 !!!!!!!!!!!!!!!!!!!!!!!!!!!!!!!!!!!!!!!!!!!!!!!!!!!!!!
20220918 042528.532 INFO             PET0 Running with ESMF Version   : v8.3.1b05-5-gff97e84dbf
20220918 042528.532 INFO             PET0 ESMF library build date/time: "Sep 18 2022" "03:46:58"
20220918 042528.532 INFO             PET0 ESMF library build location : /glade/scratch/dunlap/esmf-testing/gfortran_10.1.0_openmpi_g_patch_8.3.1/esmf
20220918 042528.532 INFO             PET0 ESMF_COMM                   : openmpi
20220918 042528.532 INFO             PET0 ESMF_MOAB                   : enabled
20220918 042528.532 INFO             PET0 ESMF_LAPACK                 : enabled
20220918 042528.532 INFO             PET0 ESMF_NETCDF                 : enabled
20220918 042528.532 INFO             PET0 ESMF_PNETCDF                : disabled
20220918 042528.532 INFO             PET0 ESMF_PIO                    : enabled
20220918 042528.532 INFO             PET0 ESMF_YAMLCPP                : enabled
20220918 042528.539 INFO             PET0  NUMBER_OF_PROCESSORS           1
20220918 042528.539 INFO             PET0  PASS  Example ESMF_XGridSparseMatEx, ESMF_XGridSparseMatEx.F90, line 642
20220918 042528.539 INFO             PET0 Finalizing ESMF
