2022-08-23 04:31:59
20220823 050459.469 INFO             PET0 !!!!!!!!!!!!!!!!!!!!!!!!!!!!!!!!!!!!!!!!!!!!!!!!!!!!!!
20220823 050459.469 INFO             PET0 !!! THE ESMF_LOG IS SET TO OUTPUT ALL LOG MESSAGES !!!
20220823 050459.469 INFO             PET0 !!!     THIS MAY CAUSE SLOWDOWN IN PERFORMANCE     !!!
20220823 050459.469 INFO             PET0 !!! FOR PRODUCTION RUNS, USE:                      !!!
20220823 050459.469 INFO             PET0 !!!                   ESMF_LOGKIND_Multi_On_Error  !!!
20220823 050459.469 INFO             PET0 !!!!!!!!!!!!!!!!!!!!!!!!!!!!!!!!!!!!!!!!!!!!!!!!!!!!!!
20220823 050459.469 INFO             PET0 Running with ESMF Version   : v8.3.1b05
20220823 050459.469 INFO             PET0 ESMF library build date/time: "Aug 23 2022" "04:29:01"
20220823 050459.469 INFO             PET0 ESMF library build location : /glade/scratch/dunlap/esmf-testing/gfortran_10.1.0_openmpi_g_patch_8.3.1/esmf
20220823 050459.469 INFO             PET0 ESMF_COMM                   : openmpi
20220823 050459.470 INFO             PET0 ESMF_MOAB                   : enabled
20220823 050459.470 INFO             PET0 ESMF_LAPACK                 : enabled
20220823 050459.470 INFO             PET0 ESMF_NETCDF                 : enabled
20220823 050459.470 INFO             PET0 ESMF_PNETCDF                : disabled
20220823 050459.470 INFO             PET0 ESMF_PIO                    : enabled
20220823 050459.470 INFO             PET0 ESMF_YAMLCPP                : enabled
20220823 050459.470 INFO             PET0  NUMBER_OF_PROCESSORS           1
20220823 050459.470 INFO             PET0  PASS  Example CalendarEx, ESMF_CalendarEx.F90, line 217
20220823 050459.470 INFO             PET0 Finalizing ESMF
