2022-09-09 09:32:17
Manually adding connectors: DISABLED
NUOPC_DriverIngestRunSequence autoAddConnectors: .TRUE.
MPT ERROR: Rank 1(g:1) received signal SIGSEGV(11).
	Process ID: 29895, Host: r2i3n34, Program: /glade/scratch/dunlap/esmf-testing/nvhpc_22.2_mpt_g_patch_8.3.1/nuopc-app-prototypes/AtmOcnConOptsProto/esmApp
	MPT Version: HPE MPT 2.25  08/14/21 03:05:20

MPT: --------stack traceback-------
MPT: Attaching to program: /proc/29895/exe, process 29895
MPT: (No debugging symbols found in /usr/lib64/gcc/x86_64-suse-linux/4.8/../../../../lib64/libcurl.so.4)
MPT: Missing separate debuginfo for /glade/u/apps/ch/os/lib64/libm.so.6
MPT: Try: zypper install -C "debuginfo(build-id)=cc12cf31ea4a157ebc7ac7bdfc09d5bfa3e0f3e0"
MPT: (No debugging symbols found in /glade/u/apps/ch/os/lib64/libm.so.6)
MPT: Missing separate debuginfo for /glade/u/apps/ch/os/lib64/libdl.so.2
MPT: Try: zypper install -C "debuginfo(build-id)=86536433e7d5a205deca926f6f00436b2ff206b1"
MPT: (No debugging symbols found in /glade/u/apps/ch/os/lib64/libdl.so.2)
MPT: Missing separate debuginfo for /glade/u/apps/ch/os/lib64/librt.so.1
MPT: Try: zypper install -C "debuginfo(build-id)=e12cd7e73c31cb8765cba03a3c2f9efc2d043ff8"
MPT: (No debugging symbols found in /glade/u/apps/ch/os/lib64/librt.so.1)
MPT: Missing separate debuginfo for /glade/u/apps/ch/os/lib64/libpthread.so.0
MPT: Try: zypper install -C "debuginfo(build-id)=9fa703da2a52d78cc49877c18843db7b1ad9049b"
MPT: (No debugging symbols found in /glade/u/apps/ch/os/lib64/libpthread.so.0)
MPT: [Thread debugging using libthread_db enabled]
MPT: Using host libthread_db library "/glade/u/apps/ch/os/lib64/libthread_db.so.1".
MPT: (No debugging symbols found in /glade/u/apps/opt/nvhpc/22.2/Linux_x86_64/22.2/compilers/lib/libnvhpcatm.so)
MPT: (No debugging symbols found in /usr/lib64/gcc/x86_64-suse-linux/4.8/../../../../lib64/libstdc++.so.6)
MPT: (No debugging symbols found in /glade/u/apps/opt/nvhpc/22.2/Linux_x86_64/22.2/compilers/lib/libnvf.so)
MPT: (No debugging symbols found in /glade/u/apps/opt/nvhpc/22.2/Linux_x86_64/22.2/compilers/lib/libnvcpumath.so)
MPT: (No debugging symbols found in /glade/u/apps/opt/nvhpc/22.2/Linux_x86_64/22.2/compilers/lib/libnvc.so)
MPT: Missing separate debuginfo for /glade/u/apps/ch/os/lib64/libc.so.6
MPT: Try: zypper install -C "debuginfo(build-id)=72aaaa4006e91624304a210a7f945b61d3d643b4"
MPT: (No debugging symbols found in /glade/u/apps/ch/os/lib64/libc.so.6)
MPT: Missing separate debuginfo for /glade/u/apps/ch/os/lib64/libgcc_s.so.1
MPT: Try: zypper install -C "debuginfo(build-id)=c7e890ab90e29cffd785bf25e7d90f2f0af3a102"
MPT: (No debugging symbols found in /glade/u/apps/ch/os/lib64/libgcc_s.so.1)
MPT: (No debugging symbols found in /usr/lib64/gcc/x86_64-suse-linux/4.8/../../../../lib64/libatomic.so.1)
MPT: (No debugging symbols found in /usr/lib64/gcc/x86_64-suse-linux/4.8/../../../../lib64/libnghttp2.so.14)
MPT: (No debugging symbols found in /usr/lib64/gcc/x86_64-suse-linux/4.8/../../../../lib64/libssh.so.4)
MPT: Missing separate debuginfo for /glade/u/apps/ch/os/lib64/libssl.so.1.0.0
MPT: Try: zypper install -C "debuginfo(build-id)=7607ed9b6a82bfaecf5318ac9d65cae5a22865ef"
MPT: (No debugging symbols found in /glade/u/apps/ch/os/lib64/libssl.so.1.0.0)
MPT: Missing separate debuginfo for /glade/u/apps/ch/os/lib64/libcrypto.so.1.0.0
MPT: Try: zypper install -C "debuginfo(build-id)=63a385acb8b045f7cfa7b53e2d9bfb745edc1693"
MPT: (No debugging symbols found in /glade/u/apps/ch/os/lib64/libcrypto.so.1.0.0)
MPT: (No debugging symbols found in /usr/lib64/gcc/x86_64-suse-linux/4.8/../../../../lib64/libgssapi_krb5.so.2)
MPT: (No debugging symbols found in /usr/lib64/gcc/x86_64-suse-linux/4.8/../../../../lib64/libldap-2.4.so.2)
MPT: (No debugging symbols found in /usr/lib64/gcc/x86_64-suse-linux/4.8/../../../../lib64/liblber-2.4.so.2)
MPT: (No debugging symbols found in /lib64/ld-linux-x86-64.so.2)
MPT: (No debugging symbols found in /usr/lib64/gcc/x86_64-suse-linux/4.8/../../../../lib64/libkrb5.so.3)
MPT: (No debugging symbols found in /usr/lib64/gcc/x86_64-suse-linux/4.8/../../../../lib64/libk5crypto.so.3)
MPT: (No debugging symbols found in /usr/lib64/gcc/x86_64-suse-linux/4.8/../../../../lib64/libcom_err.so.2)
MPT: (No debugging symbols found in /usr/lib64/gcc/x86_64-suse-linux/4.8/../../../../lib64/libkrb5support.so.0)
MPT: Missing separate debuginfo for /glade/u/apps/ch/os/lib64/libresolv.so.2
MPT: Try: zypper install -C "debuginfo(build-id)=89f1290f62c61ee8f268234c5cff893c1e99c751"
MPT: (No debugging symbols found in /glade/u/apps/ch/os/lib64/libresolv.so.2)
MPT: (No debugging symbols found in /usr/lib64/gcc/x86_64-suse-linux/4.8/../../../../lib64/libsasl2.so.3)
MPT: Missing separate debuginfo for /glade/u/apps/ch/os/lib64/libkeyutils.so.1
MPT: Try: zypper install -C "debuginfo(build-id)=8982882fa17c60fed02166f229335a9d0eaf77c9"
MPT: (No debugging symbols found in /glade/u/apps/ch/os/lib64/libkeyutils.so.1)
MPT: Missing separate debuginfo for /glade/u/apps/ch/os/lib64/libselinux.so.1
MPT: Try: zypper install -C "debuginfo(build-id)=0627d20b9e481e6a9c6fcacaf8e3f5c2318529cf"
MPT: (No debugging symbols found in /glade/u/apps/ch/os/lib64/libselinux.so.1)
MPT: (No debugging symbols found in /usr/lib64/gcc/x86_64-suse-linux/4.8/../../../../lib64/libpcre.so.1)
MPT: (No debugging symbols found in /usr/lib64/gcc/x86_64-suse-linux/4.8/../../../../lib64/libibverbs.so.1)
MPT: (No debugging symbols found in /usr/lib64/gcc/x86_64-suse-linux/4.8/../../../../lib64/libnl-route-3.so.200)
MPT: (No debugging symbols found in /usr/lib64/gcc/x86_64-suse-linux/4.8/../../../../lib64/libnl-3.so.200)
MPT: (No debugging symbols found in /usr/lib64/gcc/x86_64-suse-linux/4.8/../../../../lib64/libmlx5.so.1)
MPT: 0x00002b7e596ad7da in waitpid ()
MPT:    from /glade/u/apps/ch/os/lib64/libpthread.so.0
MPT: Missing separate debuginfos, use: zypper install glibc-debuginfo-2.22-100.27.3.x86_64 krb5-debuginfo-1.12.5-40.37.7.x86_64 libatomic1-debuginfo-9.3.1+git1296-1.7.2.x86_64 libcom_err2-debuginfo-1.43.8-3.14.1.x86_64 libcurl4-debuginfo-7.60.0-4.15.2.x86_64 libibverbs-debuginfo-41mlnx1-OFED.4.7.0.0.2.47329.x86_64 libldap-2_4-2-debuginfo-2.4.41-18.71.2.x86_64 libmlx5-debuginfo-41mlnx1-OFED.4.7.0.3.3.47329.x86_64 libnghttp2-14-debuginfo-1.7.1-1.84.x86_64 libnl3-200-debuginfo-3.2.23-2.21.x86_64 libpcre1-debuginfo-8.39-8.3.1.x86_64 libsasl2-3-debuginfo-2.1.26-8.10.1.x86_64 libssh4-debuginfo-0.6.3-12.12.1.x86_64 libstdc++6-debuginfo-9.3.1+git1296-1.7.2.x86_64
MPT: (gdb) #0  0x00002b7e596ad7da in waitpid ()
MPT:    from /glade/u/apps/ch/os/lib64/libpthread.so.0
MPT: #1  0x00002b7e599f2c66 in mpi_sgi_system (
MPT: #2  MPI_SGI_stacktraceback (
MPT:     header=header@entry=0x7ffc3f1af750 "MPT ERROR: Rank 1(g:1) received signal SIGSEGV(11).\n\tProcess ID: 29895, Host: r2i3n34, Program: /glade/scratch/dunlap/esmf-testing/nvhpc_22.2_mpt_g_patch_8.3.1/nuopc-app-prototypes/AtmOcnConOptsProto/"...) at sig.c:340
MPT: #3  0x00002b7e599f2e66 in first_arriver_handler (signo=signo@entry=11, 
MPT:     stack_trace_sem=stack_trace_sem@entry=0x2b7e608a0080) at sig.c:489
MPT: #4  0x00002b7e599f30f3 in slave_sig_handler (signo=11, 
MPT:     siginfo=<optimized out>, extra=<optimized out>) at sig.c:565
MPT: #5  <signal handler called>
MPT: #6  0x00002b7e5587a434 in ESMCI::LogErr::MsgFoundError (rcToCheck=0, 
MPT:     msg=0x2b7e5760a1ec <.S70839> "Internal subroutine call returned Error", 
MPT:     LINE=1755, FILE=0x2b7e5760a1dc <.S70841> "ESMCI_MeshCap.C", 
MPT:     method=0x2b7e5760a066 <.S71197> "MeshCap::meshcreatenodedistgrid()", 
MPT:     rcToReturn=0x4f1b591)
MPT:     at /glade/scratch/dunlap/esmf-testing/nvhpc_22.2_mpt_g_patch_8.3.1/esmf/src/Infrastructure/LogErr/src/ESMCI_LogErr.C:586
MPT: #7  0x00002b7e55a9b83f in ESMCI::MeshCap::meshcreatenodedistgrid (
MPT:     rc=0x4f1b591)
MPT:     at /glade/scratch/dunlap/esmf-testing/nvhpc_22.2_mpt_g_patch_8.3.1/esmf/src/Infrastructure/Mesh/src/ESMCI_MeshCap.C:1754
MPT: #8  0x00002b7e55aeea81 in c_esmc_meshcreatenodedistgrid_ (
MPT:     meshpp=0x7ffc3f1b0570, rc=0x7ffc3f1b03dc)
MPT:     at /glade/scratch/dunlap/esmf-testing/nvhpc_22.2_mpt_g_patch_8.3.1/esmf/src/Infrastructure/Mesh/interface/ESMCI_Mesh_F.C:247
MPT: #9  0x00002b7e567cf12d in esmf_meshmod::esmf_meshcreatefrompointer (
MPT:     mesh_pointer=..., 
MPT:     rc=<error reading variable: Cannot access memory at address 0x0>)
MPT:     at /glade/scratch/dunlap/esmf-testing/nvhpc_22.2_mpt_g_patch_8.3.1/esmf/src/Infrastructure/Mesh/interface/ESMF_Mesh.F90:3091
MPT: #10 0x00002b7e5662b6ad in esmf_gridutilmod::esmf_gridtomesh (grid=..., 
MPT:     staggerloc=..., issphere=0, islatlondeg=.FALSE., maskvalues=..., 
MPT:     regridconserve=..., rc=1058739420)
MPT:     at /glade/scratch/dunlap/esmf-testing/nvhpc_22.2_mpt_g_patch_8.3.1/esmf/src/Infrastructure/GridUtil/interface/ESMF_GridUtil.F90:453
MPT: #11 0x00002b7e564ec3e8 in esmf_fieldregridmod::b_or_p_gridtomesh (grid=..., 
MPT:     staggerloc=..., maskvalues=..., turnedonmeshnodemask=.FALSE., rc=18)
MPT:     at /glade/scratch/dunlap/esmf-testing/nvhpc_22.2_mpt_g_patch_8.3.1/esmf/src/Infrastructure/Field/src/ESMF_FieldRegrid.F90:3228
MPT: #12 0x00002b7e564e789e in esmf_fieldregridmod::getmeshwithnodesonfieldloc (
MPT:     field=..., maskvalues=..., createdtmpmesh=.FALSE., mesh=..., 
MPT:     turnedonmeshnodemask=.FALSE., rc=0)
MPT:     at /glade/scratch/dunlap/esmf-testing/nvhpc_22.2_mpt_g_patch_8.3.1/esmf/src/Infrastructure/Field/src/ESMF_FieldRegrid.F90:1346
MPT: #13 0x00002b7e564e53ad in esmf_fieldregridmod::esmf_fieldregridstorenx (
MPT:     srcfield=..., dstfield=..., keywordenforcer=..., srcmaskvalues=..., 
MPT:     dstmaskvalues=..., regridmethod=..., polemethod=..., 
MPT:     regridpolenpnts=1058759124, linetype=..., normtype=..., extrapmethod=..., 
MPT:     extrapnumsrcpnts=1058764676, extrapdistexponent=0.607292175, 
MPT:     extrapnumlevels=1058764668, unmappedaction=..., 
MPT:     ignoredegenerate=1058761556, srctermprocessing=1058755992, 
MPT:     pipelinedepth=1058755956, routehandle=..., factorlist=0x7ffc3f1ba080, 
MPT:     factorindexlist=0x7ffc3f1b9ff8, weights=0x0, indices=0x0, 
MPT:     srcfracfield=..., dstfracfield=..., dststatusfield=..., 
MPT:     unmappeddstlist=0x0, checkflag=.FALSE., rc=1058774308)
MPT:     at /glade/scratch/dunlap/esmf-testing/nvhpc_22.2_mpt_g_patch_8.3.1/esmf/src/Infrastructure/Field/src/ESMF_FieldRegrid.F90:971
MPT: #14 0x00002b7e56c3ed6a in nuopc_connector::fieldbundlecplstore (srcfb=..., 
MPT:     dstfb=..., cpllist=..., rh=..., zeroregions=0x2c95b70, 
MPT:     termorders=0x2c95e40, name=..., rc=1058831316)
MPT:     at /glade/scratch/dunlap/esmf-testing/nvhpc_22.2_mpt_g_patch_8.3.1/esmf/src/addon/NUOPC/src/NUOPC_Connector.F90:7919
MPT: #15 0x00002b7e56c1974c in nuopc_connector::initializeipdv05p6b (
MPT:     connector=..., importstate=..., exportstate=..., clock=..., rc=0)
MPT:     at /glade/scratch/dunlap/esmf-testing/nvhpc_22.2_mpt_g_patch_8.3.1/esmf/src/addon/NUOPC/src/NUOPC_Connector.F90:5386
MPT: #16 0x00002b7e556c79b0 in ESMCI::FTable::callVFuncPtr (
MPT:     name=0x2cb1b50 "InitializeIC07P", vm_pointer=0x2bd4930, 
MPT:     userrc=0x7ffc3f1c7bd4)
MPT:     at /glade/scratch/dunlap/esmf-testing/nvhpc_22.2_mpt_g_patch_8.3.1/esmf/src/Superstructure/Component/src/ESMCI_FTable.C:2167
MPT: #17 0x00002b7e556c2c13 in ESMCI_FTableCallEntryPointVMHop (vm=0x2bd4930, 
MPT:     cargoCast=0x2cb1b50)
MPT:     at /glade/scratch/dunlap/esmf-testing/nvhpc_22.2_mpt_g_patch_8.3.1/esmf/src/Superstructure/Component/src/ESMCI_FTable.C:824
MPT: #18 0x00002b7e55f1ab3b in ESMCI::VMK::enter (vmp=0x2c254c0, arg=0x2bd4d50, 
MPT:     argvmkt=0x2cb1b50)
MPT:     at /glade/scratch/dunlap/esmf-testing/nvhpc_22.2_mpt_g_patch_8.3.1/esmf/src/Infrastructure/VM/src/ESMCI_VMKernel.C:2318
MPT: #19 0x00002b7e55f43cbe in ESMCI::VM (vmp=0x2c254c0, info=0x2bd4d50, 
MPT:     cargo=0x2cb1b50)
MPT:     at /glade/scratch/dunlap/esmf-testing/nvhpc_22.2_mpt_g_patch_8.3.1/esmf/src/Infrastructure/VM/src/ESMCI_VM.C:1216
MPT: #20 0x00002b7e556c30d3 in c_esmc_ftablecallentrypointvm_ (f90comp=0x2c29f20, 
MPT:     ptr_vm_parent=0x2c29f40, ptr_vmplan=0x2c29fe8, vm_info=0x2c29ff8, 
MPT:     vm_cargo=0x2c2a000, ptr=0x2c29490, 
MPT:     method=0x2b7e58518768 <_esmf_compmod_8_+40>, phase=0x7ffc3f1c7efc, 
MPT:     port=0x7ffc3f1c7ef8, timeout=0x7ffc3f1c7ef4, recursionCount=0x2c2a008, 
MPT:     rc=0x7ffc3f1c7f1c)
MPT:     at /glade/scratch/dunlap/esmf-testing/nvhpc_22.2_mpt_g_patch_8.3.1/esmf/src/Superstructure/Component/src/ESMCI_FTable.C:981
MPT: #21 0x00002b7e56277326 in esmf_compmod::esmf_compexecute (compp=0x2c29490, 
MPT:     method=..., importstate=..., exportstate=..., clock=..., 
MPT:     syncflag=<error reading variable: Cannot access memory at address 0x0>, 
MPT:     phase=1058843724, port=0, timeout=1058832388, userrc=1058840524, 
MPT:     rc=1058832484)
MPT:     at /glade/scratch/dunlap/esmf-testing/nvhpc_22.2_mpt_g_patch_8.3.1/esmf/src/Superstructure/Component/src/ESMF_Comp.F90:1222
MPT: #22 0x00002b7e5628ffde in esmf_cplcompmod::esmf_cplcompinitialize (
MPT:     cplcomp=..., keywordenforcer=..., importstate=..., exportstate=..., 
MPT:     clock=..., 
MPT:     syncflag=<error reading variable: Cannot access memory at address 0x0>, 
MPT:     phase=1058843724, timeout=0, timeoutflag=.FALSE., userrc=1058840524, 
MPT:     rc=1058900500)
MPT:     at /glade/scratch/dunlap/esmf-testing/nvhpc_22.2_mpt_g_patch_8.3.1/esmf/src/Superstructure/Component/src/ESMF_CplComp.F90:1160
MPT: #23 0x00002b7e56c6ee36 in nuopc_driver::loopconnectorcompss (driver=..., 
MPT:     phasestring=..., 
MPT:     execflag=<error reading variable: Cannot access memory at address 0x0>, 
MPT:     rc=18)
MPT:     at /glade/scratch/dunlap/esmf-testing/nvhpc_22.2_mpt_g_patch_8.3.1/esmf/src/addon/NUOPC/src/NUOPC_Driver.F90:2721
MPT: #24 0x00002b7e56c63086 in nuopc_driver::initializeipdv02p3 (driver=..., 
MPT:     importstate=..., exportstate=..., clock=..., rc=18)
MPT:     at /glade/scratch/dunlap/esmf-testing/nvhpc_22.2_mpt_g_patch_8.3.1/esmf/src/addon/NUOPC/src/NUOPC_Driver.F90:1943
MPT: #25 0x00002b7e56c4869c in nuopc_driver::initializep1 (driver=..., 
MPT:     importstate=..., exportstate=..., clock=..., rc=18)
MPT:     at /glade/scratch/dunlap/esmf-testing/nvhpc_22.2_mpt_g_patch_8.3.1/esmf/src/addon/NUOPC/src/NUOPC_Driver.F90:458
MPT: #26 0x00002b7e556c79b0 in ESMCI::FTable::callVFuncPtr (
MPT:     name=0x2a9bd80 "InitializeIC01P", vm_pointer=0x2a9b730, 
MPT:     userrc=0x7ffc3f1d8a14)
MPT:     at /glade/scratch/dunlap/esmf-testing/nvhpc_22.2_mpt_g_patch_8.3.1/esmf/src/Superstructure/Component/src/ESMCI_FTable.C:2167
MPT: #27 0x00002b7e556c2c13 in ESMCI_FTableCallEntryPointVMHop (vm=0x2a9b730, 
MPT:     cargoCast=0x2a9bd80)
MPT:     at /glade/scratch/dunlap/esmf-testing/nvhpc_22.2_mpt_g_patch_8.3.1/esmf/src/Superstructure/Component/src/ESMCI_FTable.C:824
MPT: #28 0x00002b7e55f1ab3b in ESMCI::VMK::enter (vmp=0x2a9cba0, arg=0x2a9b950, 
MPT:     argvmkt=0x2a9bd80)
MPT:     at /glade/scratch/dunlap/esmf-testing/nvhpc_22.2_mpt_g_patch_8.3.1/esmf/src/Infrastructure/VM/src/ESMCI_VMKernel.C:2318
MPT: #29 0x00002b7e55f43cbe in ESMCI::VM (vmp=0x2a9cba0, info=0x2a9b950, 
MPT:     cargo=0x2a9bd80)
MPT:     at /glade/scratch/dunlap/esmf-testing/nvhpc_22.2_mpt_g_patch_8.3.1/esmf/src/Infrastructure/VM/src/ESMCI_VM.C:1216
MPT: #30 0x00002b7e556c30d3 in c_esmc_ftablecallentrypointvm_ (f90comp=0x2ac40a0, 
MPT:     ptr_vm_parent=0x2ac40c0, ptr_vmplan=0x2ac4168, vm_info=0x2ac4178, 
MPT:     vm_cargo=0x2ac4180, ptr=0x2ac3610, 
MPT:     method=0x2b7e58518768 <_esmf_compmod_8_+40>, phase=0x7ffc3f1d8d3c, 
MPT:     port=0x7ffc3f1d8d38, timeout=0x7ffc3f1d8d34, recursionCount=0x2ac4188, 
MPT:     rc=0x7ffc3f1d8d5c)
MPT:     at /glade/scratch/dunlap/esmf-testing/nvhpc_22.2_mpt_g_patch_8.3.1/esmf/src/Superstructure/Component/src/ESMCI_FTable.C:981
MPT: #31 0x00002b7e56277326 in esmf_compmod::esmf_compexecute (compp=0x2ac3610, 
MPT:     method=..., 
MPT:     importstate=<error reading variable: Cannot access memory at address 0x0>, exportstate=<error reading variable: Cannot access memory at address 0x0>, 
MPT:     clock=<error reading variable: Cannot access memory at address 0x0>, 
MPT:     syncflag=<error reading variable: Cannot access memory at address 0x0>, 
MPT:     phase=0, port=0, timeout=1058901572, userrc=1058902092, rc=1058901668)
MPT:     at /glade/scratch/dunlap/esmf-testing/nvhpc_22.2_mpt_g_patch_8.3.1/esmf/src/Superstructure/Component/src/ESMF_Comp.F90:1222
MPT: #32 0x00002b7e5654a61e in esmf_gridcompmod::esmf_gridcompinitialize (
MPT:     gridcomp=..., keywordenforcer=..., 
MPT:     importstate=<error reading variable: Cannot access memory at address 0x0>, exportstate=<error reading variable: Cannot access memory at address 0x0>, 
MPT:     clock=<error reading variable: Cannot access memory at address 0x0>, 
MPT:     syncflag=<error reading variable: Cannot access memory at address 0x0>, 
MPT:     phase=0, timeout=0, timeoutflag=.FALSE., userrc=1058902092, rc=1058902124)
MPT:     at /glade/scratch/dunlap/esmf-testing/nvhpc_22.2_mpt_g_patch_8.3.1/esmf/src/Superstructure/Component/src/ESMF_GridComp.F90:1407
MPT: #33 0x0000000000407fee in esmapp () at esmApp.F90:66
MPT: #34 0x0000000000407a33 in main ()
MPT: #35 0x00002b7e5c00fa35 in __libc_start_main ()
MPT:    from /glade/u/apps/ch/os/lib64/libc.so.6
MPT: #36 0x0000000000407929 in _start () at ../sysdeps/x86_64/start.S:118
MPT: (gdb) A debugging session is active.
MPT: 
MPT: 	Inferior 1 [process 29895] will be detached.
MPT: 
MPT: Quit anyway? (y or n) [answered Y; input not from terminal]
MPT: Detaching from program: /proc/29895/exe, process 29895
MPT: [Inferior 1 (process 29895) detached]

MPT: -----stack traceback ends-----
MPT: On host r2i3n34, Program /glade/scratch/dunlap/esmf-testing/nvhpc_22.2_mpt_g_patch_8.3.1/nuopc-app-prototypes/AtmOcnConOptsProto/esmApp, Rank 1, Process 29895: Dumping core on signal SIGSEGV(11) into directory /glade/scratch/dunlap/esmf-testing/nvhpc_22.2_mpt_g_patch_8.3.1/nuopc-app-prototypes/AtmOcnConOptsProto
MPT ERROR: MPI_COMM_WORLD rank 1 has terminated without calling MPI_Finalize()
	aborting job
MPT: Received signal 11
