2022-09-07 09:28:12
MPT ERROR: Rank 1(g:1) received signal SIGSEGV(11).
	Process ID: 6187, Host: r8i3n4, Program: /glade/scratch/dunlap/esmf-testing/nvhpc_22.2_mpt_g_patch_8.3.1/nuopc-app-prototypes/AtmOcnMirrorFieldsProto/esmApp
	MPT Version: HPE MPT 2.25  08/14/21 03:05:20

MPT: --------stack traceback-------
MPT: Attaching to program: /proc/6187/exe, process 6187
MPT: [New LWP 6190]
MPT: [New LWP 6193]
MPT: [New LWP 6197]
MPT: [New LWP 6200]
MPT: Missing separate debuginfo for /glade/u/apps/ch/os/lib64/libm.so.6
MPT: Try: zypper install -C "debuginfo(build-id)=cc12cf31ea4a157ebc7ac7bdfc09d5bfa3e0f3e0"
MPT: Missing separate debuginfo for /glade/u/apps/ch/os/lib64/libdl.so.2
MPT: Try: zypper install -C "debuginfo(build-id)=86536433e7d5a205deca926f6f00436b2ff206b1"
MPT: Missing separate debuginfo for /glade/u/apps/ch/os/lib64/librt.so.1
MPT: Try: zypper install -C "debuginfo(build-id)=e12cd7e73c31cb8765cba03a3c2f9efc2d043ff8"
MPT: Missing separate debuginfo for /glade/u/apps/ch/os/lib64/libpthread.so.0
MPT: Try: zypper install -C "debuginfo(build-id)=9fa703da2a52d78cc49877c18843db7b1ad9049b"
MPT: [Thread debugging using libthread_db enabled]
MPT: Using host libthread_db library "/glade/u/apps/ch/os/lib64/libthread_db.so.1".
MPT: Missing separate debuginfo for /glade/u/apps/ch/os/lib64/libc.so.6
MPT: Try: zypper install -C "debuginfo(build-id)=72aaaa4006e91624304a210a7f945b61d3d643b4"
MPT: Missing separate debuginfo for /glade/u/apps/ch/os/lib64/libgcc_s.so.1
MPT: Try: zypper install -C "debuginfo(build-id)=c7e890ab90e29cffd785bf25e7d90f2f0af3a102"
MPT: Missing separate debuginfo for /glade/u/apps/ch/os/lib64/libssl.so.1.0.0
MPT: Try: zypper install -C "debuginfo(build-id)=7607ed9b6a82bfaecf5318ac9d65cae5a22865ef"
MPT: Missing separate debuginfo for /glade/u/apps/ch/os/lib64/libcrypto.so.1.0.0
MPT: Try: zypper install -C "debuginfo(build-id)=63a385acb8b045f7cfa7b53e2d9bfb745edc1693"
MPT: Missing separate debuginfo for /glade/u/apps/ch/os/lib64/libresolv.so.2
MPT: Try: zypper install -C "debuginfo(build-id)=89f1290f62c61ee8f268234c5cff893c1e99c751"
MPT: Missing separate debuginfo for /glade/u/apps/ch/os/lib64/libkeyutils.so.1
MPT: Try: zypper install -C "debuginfo(build-id)=8982882fa17c60fed02166f229335a9d0eaf77c9"
MPT: Missing separate debuginfo for /glade/u/apps/ch/os/lib64/libselinux.so.1
MPT: Try: zypper install -C "debuginfo(build-id)=0627d20b9e481e6a9c6fcacaf8e3f5c2318529cf"
MPT: 0x00002b663644a826 in waitpid ()
MPT:    from /glade/u/apps/ch/os/lib64/libpthread.so.0
MPT: Missing separate debuginfos, use: zypper install glibc-debuginfo-2.22-100.27.3.x86_64 krb5-debuginfo-1.12.5-40.37.7.x86_64 libatomic1-debuginfo-9.3.1+git1296-1.7.2.x86_64 libcom_err2-debuginfo-1.43.8-3.14.1.x86_64 libcurl4-debuginfo-7.60.0-4.15.2.x86_64 libibverbs-debuginfo-41mlnx1-OFED.4.7.0.0.2.47329.x86_64 libldap-2_4-2-debuginfo-2.4.41-18.71.2.x86_64 libmlx5-debuginfo-41mlnx1-OFED.4.7.0.3.3.47329.x86_64 libnghttp2-14-debuginfo-1.7.1-1.84.x86_64 libnl3-200-debuginfo-3.2.23-2.21.x86_64 libpcre1-debuginfo-8.39-8.3.1.x86_64 libsasl2-3-debuginfo-2.1.26-8.10.1.x86_64 libssh4-debuginfo-0.6.3-12.12.1.x86_64 libstdc++6-debuginfo-9.3.1+git1296-1.7.2.x86_64
MPT: (gdb) #0  0x00002b663644a826 in waitpid ()
MPT:    from /glade/u/apps/ch/os/lib64/libpthread.so.0
MPT: #1  0x00002b663678fc66 in mpi_sgi_system (
MPT: #2  MPI_SGI_stacktraceback (
MPT:     header=header@entry=0x7ffe4ee684d0 "MPT ERROR: Rank 1(g:1) received signal SIGSEGV(11).\n\tProcess ID: 6187, Host: r8i3n4, Program: /glade/scratch/dunlap/esmf-testing/nvhpc_22.2_mpt_g_patch_8.3.1/nuopc-app-prototypes/AtmOcnMirrorFieldsPro"...) at sig.c:340
MPT: #3  0x00002b663678fe66 in first_arriver_handler (signo=signo@entry=11, 
MPT:     stack_trace_sem=stack_trace_sem@entry=0x2b663d640080) at sig.c:489
MPT: #4  0x00002b66367900f3 in slave_sig_handler (signo=11, 
MPT:     siginfo=<optimized out>, extra=<optimized out>) at sig.c:565
MPT: #5  <signal handler called>
MPT: #6  0x00002b6632617434 in ESMCI::LogErr::MsgFoundError (rcToCheck=0, 
MPT:     msg=0x2b66343a71ec <.S70839> "Internal subroutine call returned Error", 
MPT:     LINE=1755, FILE=0x2b66343a71dc <.S70841> "ESMCI_MeshCap.C", 
MPT:     method=0x2b66343a7066 <.S71197> "MeshCap::meshcreatenodedistgrid()", 
MPT:     rcToReturn=0x4f1b591)
MPT:     at /glade/scratch/dunlap/esmf-testing/nvhpc_22.2_mpt_g_patch_8.3.1/esmf/src/Infrastructure/LogErr/src/ESMCI_LogErr.C:586
MPT: #7  0x00002b663283883f in ESMCI::MeshCap::meshcreatenodedistgrid (
MPT:     rc=0x4f1b591)
MPT:     at /glade/scratch/dunlap/esmf-testing/nvhpc_22.2_mpt_g_patch_8.3.1/esmf/src/Infrastructure/Mesh/src/ESMCI_MeshCap.C:1754
MPT: #8  0x00002b663288ba81 in c_esmc_meshcreatenodedistgrid_ (
MPT:     meshpp=0x7ffe4ee692f0, rc=0x7ffe4ee6915c)
MPT:     at /glade/scratch/dunlap/esmf-testing/nvhpc_22.2_mpt_g_patch_8.3.1/esmf/src/Infrastructure/Mesh/interface/ESMCI_Mesh_F.C:247
MPT: #9  0x00002b663356c12d in esmf_meshmod::esmf_meshcreatefrompointer (
MPT:     mesh_pointer=..., 
MPT:     rc=<error reading variable: Cannot access memory at address 0x0>)
MPT:     at /glade/scratch/dunlap/esmf-testing/nvhpc_22.2_mpt_g_patch_8.3.1/esmf/src/Infrastructure/Mesh/interface/ESMF_Mesh.F90:3091
MPT: #10 0x00002b66333c86ad in esmf_gridutilmod::esmf_gridtomesh (grid=..., 
MPT:     staggerloc=..., issphere=0, islatlondeg=.FALSE., maskvalues=..., 
MPT:     regridconserve=..., rc=1323737692)
MPT:     at /glade/scratch/dunlap/esmf-testing/nvhpc_22.2_mpt_g_patch_8.3.1/esmf/src/Infrastructure/GridUtil/interface/ESMF_GridUtil.F90:453
MPT: #11 0x00002b66332893e8 in esmf_fieldregridmod::b_or_p_gridtomesh (grid=..., 
MPT:     staggerloc=..., maskvalues=..., turnedonmeshnodemask=.FALSE., rc=18)
MPT:     at /glade/scratch/dunlap/esmf-testing/nvhpc_22.2_mpt_g_patch_8.3.1/esmf/src/Infrastructure/Field/src/ESMF_FieldRegrid.F90:3228
MPT: #12 0x00002b663328489e in esmf_fieldregridmod::getmeshwithnodesonfieldloc (
MPT:     field=..., maskvalues=..., createdtmpmesh=.FALSE., mesh=..., 
MPT:     turnedonmeshnodemask=.FALSE., rc=0)
MPT:     at /glade/scratch/dunlap/esmf-testing/nvhpc_22.2_mpt_g_patch_8.3.1/esmf/src/Infrastructure/Field/src/ESMF_FieldRegrid.F90:1346
MPT: #13 0x00002b66332823ad in esmf_fieldregridmod::esmf_fieldregridstorenx (
MPT:     srcfield=..., dstfield=..., keywordenforcer=..., srcmaskvalues=..., 
MPT:     dstmaskvalues=..., regridmethod=..., polemethod=..., 
MPT:     regridpolenpnts=1323757396, linetype=..., normtype=..., extrapmethod=..., 
MPT:     extrapnumsrcpnts=1323762948, extrapdistexponent=1.93793229e+09, 
MPT:     extrapnumlevels=1323762940, unmappedaction=..., 
MPT:     ignoredegenerate=1323759828, srctermprocessing=1323754264, 
MPT:     pipelinedepth=1323754228, routehandle=..., factorlist=0x7ffe4ee72e00, 
MPT:     factorindexlist=0x7ffe4ee72d78, weights=0x0, indices=0x0, 
MPT:     srcfracfield=..., dstfracfield=..., dststatusfield=..., 
MPT:     unmappeddstlist=0x0, checkflag=.FALSE., rc=1323772580)
MPT:     at /glade/scratch/dunlap/esmf-testing/nvhpc_22.2_mpt_g_patch_8.3.1/esmf/src/Infrastructure/Field/src/ESMF_FieldRegrid.F90:971
MPT: #14 0x00002b66339dbd6a in nuopc_connector::fieldbundlecplstore (srcfb=..., 
MPT:     dstfb=..., cpllist=..., rh=..., zeroregions=0x2a85d60, 
MPT:     termorders=0x2a4b370, name=..., rc=1323829588)
MPT:     at /glade/scratch/dunlap/esmf-testing/nvhpc_22.2_mpt_g_patch_8.3.1/esmf/src/addon/NUOPC/src/NUOPC_Connector.F90:7919
MPT: #15 0x00002b66339b674c in nuopc_connector::initializeipdv05p6b (
MPT:     connector=..., importstate=..., exportstate=..., clock=..., rc=0)
MPT:     at /glade/scratch/dunlap/esmf-testing/nvhpc_22.2_mpt_g_patch_8.3.1/esmf/src/addon/NUOPC/src/NUOPC_Connector.F90:5386
MPT: #16 0x00002b66324649b0 in ESMCI::FTable::callVFuncPtr (
MPT:     name=0x2a69de0 "InitializeIC07P", vm_pointer=0x29ea310, 
MPT:     userrc=0x7ffe4ee80954)
MPT:     at /glade/scratch/dunlap/esmf-testing/nvhpc_22.2_mpt_g_patch_8.3.1/esmf/src/Superstructure/Component/src/ESMCI_FTable.C:2167
MPT: #17 0x00002b663245fc13 in ESMCI_FTableCallEntryPointVMHop (vm=0x29ea310, 
MPT:     cargoCast=0x2a69de0)
MPT:     at /glade/scratch/dunlap/esmf-testing/nvhpc_22.2_mpt_g_patch_8.3.1/esmf/src/Superstructure/Component/src/ESMCI_FTable.C:824
MPT: #18 0x00002b6632cb7b3b in ESMCI::VMK::enter (vmp=0x29e50b0, arg=0x29eb880, 
MPT:     argvmkt=0x2a69de0)
MPT:     at /glade/scratch/dunlap/esmf-testing/nvhpc_22.2_mpt_g_patch_8.3.1/esmf/src/Infrastructure/VM/src/ESMCI_VMKernel.C:2318
MPT: #19 0x00002b6632ce0cbe in ESMCI::VM (vmp=0x29e50b0, info=0x29eb880, 
MPT:     cargo=0x2a69de0)
MPT:     at /glade/scratch/dunlap/esmf-testing/nvhpc_22.2_mpt_g_patch_8.3.1/esmf/src/Infrastructure/VM/src/ESMCI_VM.C:1216
MPT: #20 0x00002b66324600d3 in c_esmc_ftablecallentrypointvm_ (f90comp=0x29e9e10, 
MPT:     ptr_vm_parent=0x29e9e30, ptr_vmplan=0x29e9ed8, vm_info=0x29e9ee8, 
MPT:     vm_cargo=0x29e9ef0, ptr=0x29e9380, 
MPT:     method=0x2b66352b5768 <_esmf_compmod_8_+40>, phase=0x7ffe4ee80c7c, 
MPT:     port=0x7ffe4ee80c78, timeout=0x7ffe4ee80c74, recursionCount=0x29e9ef8, 
MPT:     rc=0x7ffe4ee80c9c)
MPT:     at /glade/scratch/dunlap/esmf-testing/nvhpc_22.2_mpt_g_patch_8.3.1/esmf/src/Superstructure/Component/src/ESMCI_FTable.C:981
MPT: #21 0x00002b6633014326 in esmf_compmod::esmf_compexecute (compp=0x29e9380, 
MPT:     method=..., importstate=..., exportstate=..., clock=..., 
MPT:     syncflag=<error reading variable: Cannot access memory at address 0x0>, 
MPT:     phase=1323841996, port=0, timeout=1323830660, userrc=1323838796, 
MPT:     rc=1323830756)
MPT:     at /glade/scratch/dunlap/esmf-testing/nvhpc_22.2_mpt_g_patch_8.3.1/esmf/src/Superstructure/Component/src/ESMF_Comp.F90:1222
MPT: #22 0x00002b663302cfde in esmf_cplcompmod::esmf_cplcompinitialize (
MPT:     cplcomp=..., keywordenforcer=..., importstate=..., exportstate=..., 
MPT:     clock=..., 
MPT:     syncflag=<error reading variable: Cannot access memory at address 0x0>, 
MPT:     phase=1323841996, timeout=0, timeoutflag=.FALSE., userrc=1323838796, 
MPT:     rc=1323898772)
MPT:     at /glade/scratch/dunlap/esmf-testing/nvhpc_22.2_mpt_g_patch_8.3.1/esmf/src/Superstructure/Component/src/ESMF_CplComp.F90:1160
MPT: #23 0x00002b6633a0be36 in nuopc_driver::loopconnectorcompss (driver=..., 
MPT:     phasestring=..., 
MPT:     execflag=<error reading variable: Cannot access memory at address 0x0>, 
MPT:     rc=18)
MPT:     at /glade/scratch/dunlap/esmf-testing/nvhpc_22.2_mpt_g_patch_8.3.1/esmf/src/addon/NUOPC/src/NUOPC_Driver.F90:2721
MPT: #24 0x00002b6633a00086 in nuopc_driver::initializeipdv02p3 (driver=..., 
MPT:     importstate=..., exportstate=..., clock=..., rc=18)
MPT:     at /glade/scratch/dunlap/esmf-testing/nvhpc_22.2_mpt_g_patch_8.3.1/esmf/src/addon/NUOPC/src/NUOPC_Driver.F90:1943
MPT: #25 0x00002b66339e569c in nuopc_driver::initializep1 (driver=..., 
MPT:     importstate=..., exportstate=..., clock=..., rc=18)
MPT:     at /glade/scratch/dunlap/esmf-testing/nvhpc_22.2_mpt_g_patch_8.3.1/esmf/src/addon/NUOPC/src/NUOPC_Driver.F90:458
MPT: #26 0x00002b66324649b0 in ESMCI::FTable::callVFuncPtr (
MPT:     name=0x2991d80 "InitializeIC01P", vm_pointer=0x2991730, 
MPT:     userrc=0x7ffe4ee91794)
MPT:     at /glade/scratch/dunlap/esmf-testing/nvhpc_22.2_mpt_g_patch_8.3.1/esmf/src/Superstructure/Component/src/ESMCI_FTable.C:2167
MPT: #27 0x00002b663245fc13 in ESMCI_FTableCallEntryPointVMHop (vm=0x2991730, 
MPT:     cargoCast=0x2991d80)
MPT:     at /glade/scratch/dunlap/esmf-testing/nvhpc_22.2_mpt_g_patch_8.3.1/esmf/src/Superstructure/Component/src/ESMCI_FTable.C:824
MPT: #28 0x00002b6632cb7b3b in ESMCI::VMK::enter (vmp=0x2992ba0, arg=0x2991950, 
MPT:     argvmkt=0x2991d80)
MPT:     at /glade/scratch/dunlap/esmf-testing/nvhpc_22.2_mpt_g_patch_8.3.1/esmf/src/Infrastructure/VM/src/ESMCI_VMKernel.C:2318
MPT: #29 0x00002b6632ce0cbe in ESMCI::VM (vmp=0x2992ba0, info=0x2991950, 
MPT:     cargo=0x2991d80)
MPT:     at /glade/scratch/dunlap/esmf-testing/nvhpc_22.2_mpt_g_patch_8.3.1/esmf/src/Infrastructure/VM/src/ESMCI_VM.C:1216
MPT: #30 0x00002b66324600d3 in c_esmc_ftablecallentrypointvm_ (f90comp=0x29ba0a0, 
MPT:     ptr_vm_parent=0x29ba0c0, ptr_vmplan=0x29ba168, vm_info=0x29ba178, 
MPT:     vm_cargo=0x29ba180, ptr=0x29b9610, 
MPT:     method=0x2b66352b5768 <_esmf_compmod_8_+40>, phase=0x7ffe4ee91abc, 
MPT:     port=0x7ffe4ee91ab8, timeout=0x7ffe4ee91ab4, recursionCount=0x29ba188, 
MPT:     rc=0x7ffe4ee91adc)
MPT:     at /glade/scratch/dunlap/esmf-testing/nvhpc_22.2_mpt_g_patch_8.3.1/esmf/src/Superstructure/Component/src/ESMCI_FTable.C:981
MPT: #31 0x00002b6633014326 in esmf_compmod::esmf_compexecute (compp=0x29b9610, 
MPT:     method=..., 
MPT:     importstate=<error reading variable: Cannot access memory at address 0x0>, exportstate=<error reading variable: Cannot access memory at address 0x0>, 
MPT:     clock=<error reading variable: Cannot access memory at address 0x0>, 
MPT:     syncflag=<error reading variable: Cannot access memory at address 0x0>, 
MPT:     phase=0, port=0, timeout=1323899844, userrc=1323900364, rc=1323899940)
MPT:     at /glade/scratch/dunlap/esmf-testing/nvhpc_22.2_mpt_g_patch_8.3.1/esmf/src/Superstructure/Component/src/ESMF_Comp.F90:1222
MPT: #32 0x00002b66332e761e in esmf_gridcompmod::esmf_gridcompinitialize (
MPT:     gridcomp=..., keywordenforcer=..., 
MPT:     importstate=<error reading variable: Cannot access memory at address 0x0>, exportstate=<error reading variable: Cannot access memory at address 0x0>, 
MPT:     clock=<error reading variable: Cannot access memory at address 0x0>, 
MPT:     syncflag=<error reading variable: Cannot access memory at address 0x0>, 
MPT:     phase=0, timeout=0, timeoutflag=.FALSE., userrc=1323900364, rc=1323900396)
MPT:     at /glade/scratch/dunlap/esmf-testing/nvhpc_22.2_mpt_g_patch_8.3.1/esmf/src/Superstructure/Component/src/ESMF_GridComp.F90:1407
MPT: #33 0x0000000000407808 in esmapp () at esmApp.F90:58
MPT: #34 0x00000000004072f3 in main ()
MPT: #35 0x00002b6638daca35 in __libc_start_main ()
MPT:    from /glade/u/apps/ch/os/lib64/libc.so.6
MPT: #36 0x00000000004071e9 in _start () at ../sysdeps/x86_64/start.S:118
MPT: (gdb) A debugging session is active.
MPT: 
MPT: 	Inferior 1 [process 6187] will be detached.
MPT: 
MPT: Quit anyway? (y or n) [answered Y; input not from terminal]
MPT: Detaching from program: /proc/6187/exe, process 6187
MPT: [Inferior 1 (process 6187) detached]

MPT: -----stack traceback ends-----
MPT: On host r8i3n4, Program /glade/scratch/dunlap/esmf-testing/nvhpc_22.2_mpt_g_patch_8.3.1/nuopc-app-prototypes/AtmOcnMirrorFieldsProto/esmApp, Rank 1, Process 6187: Dumping core on signal SIGSEGV(11) into directory /glade/scratch/dunlap/esmf-testing/nvhpc_22.2_mpt_g_patch_8.3.1/nuopc-app-prototypes/AtmOcnMirrorFieldsProto
MPT ERROR: MPI_COMM_WORLD rank 1 has terminated without calling MPI_Finalize()
	aborting job
MPT: Received signal 11
