2022-08-20 10:51:36
MPT ERROR: Rank 3(g:3) received signal SIGSEGV(11).
	Process ID: 64762, Host: r1i3n8, Program: /glade/scratch/dunlap/esmf-testing/nvhpc_22.2_mpt_g_patch_8.3.1/nuopc-app-prototypes/DriverInDriverProto/mainApp
	MPT Version: HPE MPT 2.25  08/14/21 03:05:20

MPT: --------stack traceback-------
MPT: Attaching to program: /proc/64762/exe, process 64762
MPT: (No debugging symbols found in /usr/lib64/gcc/x86_64-suse-linux/4.8/../../../../lib64/libcurl.so.4)
MPT: Missing separate debuginfo for /glade/u/apps/ch/os/lib64/libm.so.6
MPT: Try: zypper install -C "debuginfo(build-id)=cc12cf31ea4a157ebc7ac7bdfc09d5bfa3e0f3e0"
MPT: (No debugging symbols found in /glade/u/apps/ch/os/lib64/libm.so.6)
MPT: Missing separate debuginfo for /glade/u/apps/ch/os/lib64/libdl.so.2
MPT: Try: zypper install -C "debuginfo(build-id)=86536433e7d5a205deca926f6f00436b2ff206b1"
MPT: (No debugging symbols found in /glade/u/apps/ch/os/lib64/libdl.so.2)
MPT: Missing separate debuginfo for /glade/u/apps/ch/os/lib64/librt.so.1
MPT: Try: zypper install -C "debuginfo(build-id)=e12cd7e73c31cb8765cba03a3c2f9efc2d043ff8"
MPT: (No debugging symbols found in /glade/u/apps/ch/os/lib64/librt.so.1)
MPT: Missing separate debuginfo for /glade/u/apps/ch/os/lib64/libpthread.so.0
MPT: Try: zypper install -C "debuginfo(build-id)=9fa703da2a52d78cc49877c18843db7b1ad9049b"
MPT: (No debugging symbols found in /glade/u/apps/ch/os/lib64/libpthread.so.0)
MPT: [Thread debugging using libthread_db enabled]
MPT: Using host libthread_db library "/glade/u/apps/ch/os/lib64/libthread_db.so.1".
MPT: (No debugging symbols found in /glade/u/apps/opt/nvhpc/22.2/Linux_x86_64/22.2/compilers/lib/libnvhpcatm.so)
MPT: (No debugging symbols found in /usr/lib64/gcc/x86_64-suse-linux/4.8/../../../../lib64/libstdc++.so.6)
MPT: (No debugging symbols found in /glade/u/apps/opt/nvhpc/22.2/Linux_x86_64/22.2/compilers/lib/libnvf.so)
MPT: (No debugging symbols found in /glade/u/apps/opt/nvhpc/22.2/Linux_x86_64/22.2/compilers/lib/libnvcpumath.so)
MPT: (No debugging symbols found in /glade/u/apps/opt/nvhpc/22.2/Linux_x86_64/22.2/compilers/lib/libnvc.so)
MPT: Missing separate debuginfo for /glade/u/apps/ch/os/lib64/libc.so.6
MPT: Try: zypper install -C "debuginfo(build-id)=72aaaa4006e91624304a210a7f945b61d3d643b4"
MPT: (No debugging symbols found in /glade/u/apps/ch/os/lib64/libc.so.6)
MPT: Missing separate debuginfo for /glade/u/apps/ch/os/lib64/libgcc_s.so.1
MPT: Try: zypper install -C "debuginfo(build-id)=c7e890ab90e29cffd785bf25e7d90f2f0af3a102"
MPT: (No debugging symbols found in /glade/u/apps/ch/os/lib64/libgcc_s.so.1)
MPT: (No debugging symbols found in /usr/lib64/gcc/x86_64-suse-linux/4.8/../../../../lib64/libatomic.so.1)
MPT: (No debugging symbols found in /usr/lib64/gcc/x86_64-suse-linux/4.8/../../../../lib64/libnghttp2.so.14)
MPT: (No debugging symbols found in /usr/lib64/gcc/x86_64-suse-linux/4.8/../../../../lib64/libssh.so.4)
MPT: Missing separate debuginfo for /glade/u/apps/ch/os/lib64/libssl.so.1.0.0
MPT: Try: zypper install -C "debuginfo(build-id)=7607ed9b6a82bfaecf5318ac9d65cae5a22865ef"
MPT: (No debugging symbols found in /glade/u/apps/ch/os/lib64/libssl.so.1.0.0)
MPT: Missing separate debuginfo for /glade/u/apps/ch/os/lib64/libcrypto.so.1.0.0
MPT: Try: zypper install -C "debuginfo(build-id)=63a385acb8b045f7cfa7b53e2d9bfb745edc1693"
MPT: (No debugging symbols found in /glade/u/apps/ch/os/lib64/libcrypto.so.1.0.0)
MPT: (No debugging symbols found in /usr/lib64/gcc/x86_64-suse-linux/4.8/../../../../lib64/libgssapi_krb5.so.2)
MPT: (No debugging symbols found in /usr/lib64/gcc/x86_64-suse-linux/4.8/../../../../lib64/libldap-2.4.so.2)
MPT: (No debugging symbols found in /usr/lib64/gcc/x86_64-suse-linux/4.8/../../../../lib64/liblber-2.4.so.2)
MPT: (No debugging symbols found in /lib64/ld-linux-x86-64.so.2)
MPT: (No debugging symbols found in /usr/lib64/gcc/x86_64-suse-linux/4.8/../../../../lib64/libkrb5.so.3)
MPT: (No debugging symbols found in /usr/lib64/gcc/x86_64-suse-linux/4.8/../../../../lib64/libk5crypto.so.3)
MPT: (No debugging symbols found in /usr/lib64/gcc/x86_64-suse-linux/4.8/../../../../lib64/libcom_err.so.2)
MPT: (No debugging symbols found in /usr/lib64/gcc/x86_64-suse-linux/4.8/../../../../lib64/libkrb5support.so.0)
MPT: Missing separate debuginfo for /glade/u/apps/ch/os/lib64/libresolv.so.2
MPT: Try: zypper install -C "debuginfo(build-id)=89f1290f62c61ee8f268234c5cff893c1e99c751"
MPT: (No debugging symbols found in /glade/u/apps/ch/os/lib64/libresolv.so.2)
MPT: (No debugging symbols found in /usr/lib64/gcc/x86_64-suse-linux/4.8/../../../../lib64/libsasl2.so.3)
MPT: Missing separate debuginfo for /glade/u/apps/ch/os/lib64/libkeyutils.so.1
MPT: Try: zypper install -C "debuginfo(build-id)=8982882fa17c60fed02166f229335a9d0eaf77c9"
MPT: (No debugging symbols found in /glade/u/apps/ch/os/lib64/libkeyutils.so.1)
MPT: Missing separate debuginfo for /glade/u/apps/ch/os/lib64/libselinux.so.1
MPT: Try: zypper install -C "debuginfo(build-id)=0627d20b9e481e6a9c6fcacaf8e3f5c2318529cf"
MPT: (No debugging symbols found in /glade/u/apps/ch/os/lib64/libselinux.so.1)
MPT: (No debugging symbols found in /usr/lib64/gcc/x86_64-suse-linux/4.8/../../../../lib64/libpcre.so.1)
MPT: (No debugging symbols found in /usr/lib64/gcc/x86_64-suse-linux/4.8/../../../../lib64/libibverbs.so.1)
MPT: (No debugging symbols found in /usr/lib64/gcc/x86_64-suse-linux/4.8/../../../../lib64/libnl-route-3.so.200)
MPT: (No debugging symbols found in /usr/lib64/gcc/x86_64-suse-linux/4.8/../../../../lib64/libnl-3.so.200)
MPT: (No debugging symbols found in /usr/lib64/gcc/x86_64-suse-linux/4.8/../../../../lib64/libmlx5.so.1)
MPT: 0x00002aae45fb67da in waitpid ()
MPT:    from /glade/u/apps/ch/os/lib64/libpthread.so.0
MPT: Missing separate debuginfos, use: zypper install glibc-debuginfo-2.22-100.27.3.x86_64 krb5-debuginfo-1.12.5-40.37.7.x86_64 libatomic1-debuginfo-9.3.1+git1296-1.7.2.x86_64 libcom_err2-debuginfo-1.43.8-3.14.1.x86_64 libcurl4-debuginfo-7.60.0-4.15.2.x86_64 libibverbs-debuginfo-41mlnx1-OFED.4.7.0.0.2.47329.x86_64 libldap-2_4-2-debuginfo-2.4.41-18.71.2.x86_64 libmlx5-debuginfo-41mlnx1-OFED.4.7.0.3.3.47329.x86_64 libnghttp2-14-debuginfo-1.7.1-1.84.x86_64 libnl3-200-debuginfo-3.2.23-2.21.x86_64 libpcre1-debuginfo-8.39-8.3.1.x86_64 libsasl2-3-debuginfo-2.1.26-8.10.1.x86_64 libssh4-debuginfo-0.6.3-12.12.1.x86_64 libstdc++6-debuginfo-9.3.1+git1296-1.7.2.x86_64
MPT: (gdb) #0  0x00002aae45fb67da in waitpid ()
MPT:    from /glade/u/apps/ch/os/lib64/libpthread.so.0
MPT: #1  0x00002aae462fbc66 in mpi_sgi_system (
MPT: #2  MPI_SGI_stacktraceback (
MPT:     header=header@entry=0x7fffc2184d50 "MPT ERROR: Rank 3(g:3) received signal SIGSEGV(11).\n\tProcess ID: 64762, Host: r1i3n8, Program: /glade/scratch/dunlap/esmf-testing/nvhpc_22.2_mpt_g_patch_8.3.1/nuopc-app-prototypes/DriverInDriverProto/"...) at sig.c:340
MPT: #3  0x00002aae462fbe66 in first_arriver_handler (signo=signo@entry=11, 
MPT:     stack_trace_sem=stack_trace_sem@entry=0x2aae4d1c0080) at sig.c:489
MPT: #4  0x00002aae462fc0f3 in slave_sig_handler (signo=11, 
MPT:     siginfo=<optimized out>, extra=<optimized out>) at sig.c:565
MPT: #5  <signal handler called>
MPT: #6  0x00002aae42183434 in ESMCI::LogErr::MsgFoundError (rcToCheck=0, 
MPT:     msg=0x2aae43f131ec <.S70839> "Internal subroutine call returned Error", 
MPT:     LINE=1755, FILE=0x2aae43f131dc <.S70841> "ESMCI_MeshCap.C", 
MPT:     method=0x2aae43f13066 <.S71197> "MeshCap::meshcreatenodedistgrid()", 
MPT:     rcToReturn=0x4f1b591)
MPT:     at /glade/scratch/dunlap/esmf-testing/nvhpc_22.2_mpt_g_patch_8.3.1/esmf/src/Infrastructure/LogErr/src/ESMCI_LogErr.C:586
MPT: #7  0x00002aae423a483f in ESMCI::MeshCap::meshcreatenodedistgrid (
MPT:     rc=0x4f1b591)
MPT:     at /glade/scratch/dunlap/esmf-testing/nvhpc_22.2_mpt_g_patch_8.3.1/esmf/src/Infrastructure/Mesh/src/ESMCI_MeshCap.C:1754
MPT: #8  0x00002aae423f7a81 in c_esmc_meshcreatenodedistgrid_ (
MPT:     meshpp=0x7fffc2185b60, rc=0x7fffc21859cc)
MPT:     at /glade/scratch/dunlap/esmf-testing/nvhpc_22.2_mpt_g_patch_8.3.1/esmf/src/Infrastructure/Mesh/interface/ESMCI_Mesh_F.C:247
MPT: #9  0x00002aae430d812d in esmf_meshmod::esmf_meshcreatefrompointer (
MPT:     mesh_pointer=..., 
MPT:     rc=<error reading variable: Cannot access memory at address 0x0>)
MPT:     at /glade/scratch/dunlap/esmf-testing/nvhpc_22.2_mpt_g_patch_8.3.1/esmf/src/Infrastructure/Mesh/interface/ESMF_Mesh.F90:3091
MPT: #10 0x00002aae42f346ad in esmf_gridutilmod::esmf_gridtomesh (grid=..., 
MPT:     staggerloc=..., issphere=0, islatlondeg=.FALSE., maskvalues=..., 
MPT:     regridconserve=..., rc=-1038587188)
MPT:     at /glade/scratch/dunlap/esmf-testing/nvhpc_22.2_mpt_g_patch_8.3.1/esmf/src/Infrastructure/GridUtil/interface/ESMF_GridUtil.F90:453
MPT: #11 0x00002aae42df53e8 in esmf_fieldregridmod::b_or_p_gridtomesh (grid=..., 
MPT:     staggerloc=..., maskvalues=..., turnedonmeshnodemask=.FALSE., rc=18)
MPT:     at /glade/scratch/dunlap/esmf-testing/nvhpc_22.2_mpt_g_patch_8.3.1/esmf/src/Infrastructure/Field/src/ESMF_FieldRegrid.F90:3228
MPT: #12 0x00002aae42df089e in esmf_fieldregridmod::getmeshwithnodesonfieldloc (
MPT:     field=..., maskvalues=..., createdtmpmesh=.FALSE., mesh=..., 
MPT:     turnedonmeshnodemask=.FALSE., rc=0)
MPT:     at /glade/scratch/dunlap/esmf-testing/nvhpc_22.2_mpt_g_patch_8.3.1/esmf/src/Infrastructure/Field/src/ESMF_FieldRegrid.F90:1346
MPT: #13 0x00002aae42dee3ad in esmf_fieldregridmod::esmf_fieldregridstorenx (
MPT:     srcfield=..., dstfield=..., keywordenforcer=..., srcmaskvalues=..., 
MPT:     dstmaskvalues=..., regridmethod=..., polemethod=..., 
MPT:     regridpolenpnts=-1038567484, linetype=..., normtype=..., 
MPT:     extrapmethod=..., extrapnumsrcpnts=-1038561932, 
MPT:     extrapdistexponent=-38.2006226, extrapnumlevels=-1038561940, 
MPT:     unmappedaction=..., ignoredegenerate=3256402244, 
MPT:     srctermprocessing=-1038570616, pipelinedepth=-1038570652, 
MPT:     routehandle=..., factorlist=0x7fffc218f670, 
MPT:     factorindexlist=0x7fffc218f5e8, weights=0x0, indices=0x0, 
MPT:     srcfracfield=..., dstfracfield=..., dststatusfield=..., 
MPT:     unmappeddstlist=0x0, checkflag=.FALSE., rc=-1038552300)
MPT:     at /glade/scratch/dunlap/esmf-testing/nvhpc_22.2_mpt_g_patch_8.3.1/esmf/src/Infrastructure/Field/src/ESMF_FieldRegrid.F90:971
MPT: #14 0x00002aae43547d6a in nuopc_connector::fieldbundlecplstore (srcfb=..., 
MPT:     dstfb=..., cpllist=..., rh=..., zeroregions=0x276eca0, 
MPT:     termorders=0x27abc00, name=..., rc=-1038495292)
MPT:     at /glade/scratch/dunlap/esmf-testing/nvhpc_22.2_mpt_g_patch_8.3.1/esmf/src/addon/NUOPC/src/NUOPC_Connector.F90:7919
MPT: #15 0x00002aae4352274c in nuopc_connector::initializeipdv05p6b (
MPT:     connector=..., importstate=..., exportstate=..., clock=..., rc=0)
MPT:     at /glade/scratch/dunlap/esmf-testing/nvhpc_22.2_mpt_g_patch_8.3.1/esmf/src/addon/NUOPC/src/NUOPC_Connector.F90:5386
MPT: #16 0x00002aae41fd09b0 in ESMCI::FTable::callVFuncPtr (
MPT:     name=0x276d230 "InitializeIC07P", vm_pointer=0x26fe210, 
MPT:     userrc=0x7fffc219d1c4)
MPT:     at /glade/scratch/dunlap/esmf-testing/nvhpc_22.2_mpt_g_patch_8.3.1/esmf/src/Superstructure/Component/src/ESMCI_FTable.C:2167
MPT: #17 0x00002aae41fcbc13 in ESMCI_FTableCallEntryPointVMHop (vm=0x26fe210, 
MPT:     cargoCast=0x276d230)
MPT:     at /glade/scratch/dunlap/esmf-testing/nvhpc_22.2_mpt_g_patch_8.3.1/esmf/src/Superstructure/Component/src/ESMCI_FTable.C:824
MPT: #18 0x00002aae42823b3b in ESMCI::VMK::enter (vmp=0x27237f0, arg=0x2725140, 
MPT:     argvmkt=0x276d230)
MPT:     at /glade/scratch/dunlap/esmf-testing/nvhpc_22.2_mpt_g_patch_8.3.1/esmf/src/Infrastructure/VM/src/ESMCI_VMKernel.C:2318
MPT: #19 0x00002aae4284ccbe in ESMCI::VM (vmp=0x27237f0, info=0x2725140, 
MPT:     cargo=0x276d230)
MPT:     at /glade/scratch/dunlap/esmf-testing/nvhpc_22.2_mpt_g_patch_8.3.1/esmf/src/Infrastructure/VM/src/ESMCI_VM.C:1216
MPT: #20 0x00002aae41fcc0d3 in c_esmc_ftablecallentrypointvm_ (f90comp=0x2723270, 
MPT:     ptr_vm_parent=0x2723290, ptr_vmplan=0x2723338, vm_info=0x2723348, 
MPT:     vm_cargo=0x2723350, ptr=0x27227e0, 
MPT:     method=0x2aae44e21768 <_esmf_compmod_8_+40>, phase=0x7fffc219d4ec, 
MPT:     port=0x7fffc219d4e8, timeout=0x7fffc219d4e4, recursionCount=0x2723358, 
MPT:     rc=0x7fffc219d50c)
MPT:     at /glade/scratch/dunlap/esmf-testing/nvhpc_22.2_mpt_g_patch_8.3.1/esmf/src/Superstructure/Component/src/ESMCI_FTable.C:981
MPT: #21 0x00002aae42b80326 in esmf_compmod::esmf_compexecute (compp=0x27227e0, 
MPT:     method=..., importstate=..., exportstate=..., clock=..., 
MPT:     syncflag=<error reading variable: Cannot access memory at address 0x0>, 
MPT:     phase=-1038482884, port=0, timeout=-1038494220, userrc=-1038486084, 
MPT:     rc=-1038494124)
MPT:     at /glade/scratch/dunlap/esmf-testing/nvhpc_22.2_mpt_g_patch_8.3.1/esmf/src/Superstructure/Component/src/ESMF_Comp.F90:1222
MPT: #22 0x00002aae42b98fde in esmf_cplcompmod::esmf_cplcompinitialize (
MPT:     cplcomp=..., keywordenforcer=..., importstate=..., exportstate=..., 
MPT:     clock=..., 
MPT:     syncflag=<error reading variable: Cannot access memory at address 0x0>, 
MPT:     phase=-1038482884, timeout=0, timeoutflag=.FALSE., userrc=-1038486084, 
MPT:     rc=-1038426108)
MPT:     at /glade/scratch/dunlap/esmf-testing/nvhpc_22.2_mpt_g_patch_8.3.1/esmf/src/Superstructure/Component/src/ESMF_CplComp.F90:1160
MPT: #23 0x00002aae43577e36 in nuopc_driver::loopconnectorcompss (driver=..., 
MPT:     phasestring=..., 
MPT:     execflag=<error reading variable: Cannot access memory at address 0x0>, 
MPT:     rc=18)
MPT:     at /glade/scratch/dunlap/esmf-testing/nvhpc_22.2_mpt_g_patch_8.3.1/esmf/src/addon/NUOPC/src/NUOPC_Driver.F90:2721
MPT: #24 0x00002aae4356c086 in nuopc_driver::initializeipdv02p3 (driver=..., 
MPT:     importstate=..., exportstate=..., clock=..., rc=18)
MPT:     at /glade/scratch/dunlap/esmf-testing/nvhpc_22.2_mpt_g_patch_8.3.1/esmf/src/addon/NUOPC/src/NUOPC_Driver.F90:1943
MPT: #25 0x00002aae4355169c in nuopc_driver::initializep1 (driver=..., 
MPT:     importstate=..., exportstate=..., clock=..., rc=18)
MPT:     at /glade/scratch/dunlap/esmf-testing/nvhpc_22.2_mpt_g_patch_8.3.1/esmf/src/addon/NUOPC/src/NUOPC_Driver.F90:458
MPT: #26 0x00002aae41fd09b0 in ESMCI::FTable::callVFuncPtr (
MPT:     name=0x267eee0 "InitializeIC01P", vm_pointer=0x267e890, 
MPT:     userrc=0x7fffc21ae004)
MPT:     at /glade/scratch/dunlap/esmf-testing/nvhpc_22.2_mpt_g_patch_8.3.1/esmf/src/Superstructure/Component/src/ESMCI_FTable.C:2167
MPT: #27 0x00002aae41fcbc13 in ESMCI_FTableCallEntryPointVMHop (vm=0x267e890, 
MPT:     cargoCast=0x267eee0)
MPT:     at /glade/scratch/dunlap/esmf-testing/nvhpc_22.2_mpt_g_patch_8.3.1/esmf/src/Superstructure/Component/src/ESMCI_FTable.C:824
MPT: #28 0x00002aae42823b3b in ESMCI::VMK::enter (vmp=0x267dc80, arg=0x267eab0, 
MPT:     argvmkt=0x267eee0)
MPT:     at /glade/scratch/dunlap/esmf-testing/nvhpc_22.2_mpt_g_patch_8.3.1/esmf/src/Infrastructure/VM/src/ESMCI_VMKernel.C:2318
MPT: #29 0x00002aae4284ccbe in ESMCI::VM (vmp=0x267dc80, info=0x267eab0, 
MPT:     cargo=0x267eee0)
MPT:     at /glade/scratch/dunlap/esmf-testing/nvhpc_22.2_mpt_g_patch_8.3.1/esmf/src/Infrastructure/VM/src/ESMCI_VM.C:1216
MPT: #30 0x00002aae41fcc0d3 in c_esmc_ftablecallentrypointvm_ (f90comp=0x26a6220, 
MPT:     ptr_vm_parent=0x26a6240, ptr_vmplan=0x26a62e8, vm_info=0x26a62f8, 
MPT:     vm_cargo=0x26a6300, ptr=0x26a5790, 
MPT:     method=0x2aae44e21768 <_esmf_compmod_8_+40>, phase=0x7fffc21ae32c, 
MPT:     port=0x7fffc21ae328, timeout=0x7fffc21ae324, recursionCount=0x26a6308, 
MPT:     rc=0x7fffc21ae34c)
MPT:     at /glade/scratch/dunlap/esmf-testing/nvhpc_22.2_mpt_g_patch_8.3.1/esmf/src/Superstructure/Component/src/ESMCI_FTable.C:981
MPT: #31 0x00002aae42b80326 in esmf_compmod::esmf_compexecute (compp=0x26a5790, 
MPT:     method=..., 
MPT:     importstate=<error reading variable: Cannot access memory at address 0x0>, exportstate=<error reading variable: Cannot access memory at address 0x0>, 
MPT:     clock=<error reading variable: Cannot access memory at address 0x0>, 
MPT:     syncflag=<error reading variable: Cannot access memory at address 0x0>, 
MPT:     phase=0, port=0, timeout=-1038425036, userrc=-1038424532, rc=-1038424940)
MPT:     at /glade/scratch/dunlap/esmf-testing/nvhpc_22.2_mpt_g_patch_8.3.1/esmf/src/Superstructure/Component/src/ESMF_Comp.F90:1222
MPT: #32 0x00002aae42e5361e in esmf_gridcompmod::esmf_gridcompinitialize (
MPT:     gridcomp=..., keywordenforcer=..., 
MPT:     importstate=<error reading variable: Cannot access memory at address 0x0>, exportstate=<error reading variable: Cannot access memory at address 0x0>, 
MPT:     clock=<error reading variable: Cannot access memory at address 0x0>, 
MPT:     syncflag=<error reading variable: Cannot access memory at address 0x0>, 
MPT:     phase=0, timeout=0, timeoutflag=.FALSE., userrc=-1038424532, 
MPT:     rc=-1038424500)
MPT:     at /glade/scratch/dunlap/esmf-testing/nvhpc_22.2_mpt_g_patch_8.3.1/esmf/src/Superstructure/Component/src/ESMF_GridComp.F90:1407
MPT: #33 0x0000000000406dc1 in mainapp () at mainApp.F90:61
MPT: #34 0x00000000004068b3 in main ()
MPT: #35 0x00002aae48918a35 in __libc_start_main ()
MPT:    from /glade/u/apps/ch/os/lib64/libc.so.6
MPT: #36 0x00000000004067a9 in _start () at ../sysdeps/x86_64/start.S:118
MPT: (gdb) A debugging session is active.
MPT: 
MPT: 	Inferior 1 [process 64762] will be detached.
MPT: 
MPT: Quit anyway? (y or n) [answered Y; input not from terminal]
MPT: Detaching from program: /proc/64762/exe, process 64762
MPT: [Inferior 1 (process 64762) detached]

MPT: -----stack traceback ends-----
MPT: On host r1i3n8, Program /glade/scratch/dunlap/esmf-testing/nvhpc_22.2_mpt_g_patch_8.3.1/nuopc-app-prototypes/DriverInDriverProto/mainApp, Rank 3, Process 64762: Dumping core on signal SIGSEGV(11) into directory /glade/scratch/dunlap/esmf-testing/nvhpc_22.2_mpt_g_patch_8.3.1/nuopc-app-prototypes/DriverInDriverProto
MPT ERROR: MPI_COMM_WORLD rank 3 has terminated without calling MPI_Finalize()
	aborting job
MPT: Received signal 11
