2022-09-07 09:28:12
20220907 105739.293 INFO             PET0 !!!!!!!!!!!!!!!!!!!!!!!!!!!!!!!!!!!!!!!!!!!!!!!!!!!!!!
20220907 105739.293 INFO             PET0 !!! THE ESMF_LOG IS SET TO OUTPUT ALL LOG MESSAGES !!!
20220907 105739.293 INFO             PET0 !!!     THIS MAY CAUSE SLOWDOWN IN PERFORMANCE     !!!
20220907 105739.293 INFO             PET0 !!! FOR PRODUCTION RUNS, USE:                      !!!
20220907 105739.293 INFO             PET0 !!!                   ESMF_LOGKIND_Multi_On_Error  !!!
20220907 105739.293 INFO             PET0 !!!!!!!!!!!!!!!!!!!!!!!!!!!!!!!!!!!!!!!!!!!!!!!!!!!!!!
20220907 105739.293 INFO             PET0 Running with ESMF Version   : v8.3.1b05
20220907 105739.293 INFO             PET0 ESMF library build date/time: "Sep  7 2022" "09:25:06"
20220907 105739.293 INFO             PET0 ESMF library build location : /glade/scratch/dunlap/esmf-testing/nvhpc_22.2_mpt_g_patch_8.3.1/esmf
20220907 105739.293 INFO             PET0 ESMF_COMM                   : mpt
20220907 105739.293 INFO             PET0 ESMF_MOAB                   : enabled
20220907 105739.293 INFO             PET0 ESMF_LAPACK                 : enabled
20220907 105739.293 INFO             PET0 ESMF_NETCDF                 : enabled
20220907 105739.293 INFO             PET0 ESMF_PNETCDF                : disabled
20220907 105739.293 INFO             PET0 ESMF_PIO                    : enabled
20220907 105739.293 INFO             PET0 ESMF_YAMLCPP                : enabled
20220907 105739.294 INFO             PET0 mainApp STARTING
20220907 105739.300 INFO             PET0 driver: InitializeP1 intro.
20220907 105739.300 INFO             PET0   driver: InitializeIPDv02p1 intro.
20220907 105739.300 INFO             PET0     >>>driver: entered Initialize (phase=<none>) without valid internal Clock.
20220907 105739.300 INFO             PET0     driver - Creating model component ATM1 without petList.
20220907 105739.304 INFO             PET0     driver - Creating model component ATM2 without petList.
20220907 105739.308 INFO             PET0     driver - Creating model component MED without petList.
20220907 105739.312 INFO             PET0     driver - Creating connector component ATM1-TO-MED without petList.
20220907 105739.319 INFO             PET0     driver - Creating connector component MED-TO-ATM1 without petList.
20220907 105739.326 INFO             PET0     driver - Creating connector component ATM2-TO-MED without petList.
20220907 105739.333 INFO             PET0     driver - Creating connector component MED-TO-ATM2 without petList.
20220907 105739.341 INFO             PET0     driver - Creating state: modelComp 1 Import State
20220907 105739.341 INFO             PET0     driver - Creating state: modelComp 1 Export State
20220907 105739.341 INFO             PET0     driver - Creating state: modelComp 2 Import State
20220907 105739.341 INFO             PET0     driver - Creating state: modelComp 2 Export State
20220907 105739.342 INFO             PET0     driver - Creating state: modelComp 3 Import State
20220907 105739.342 INFO             PET0     driver - Creating state: modelComp 3 Export State
20220907 105739.344 INFO             PET0     ATM1: InitializeP0 intro.
20220907 105739.345 INFO             PET0     ATM1: InitializeP0 extro.
20220907 105739.347 INFO             PET0     ATM2: InitializeP0 intro.
20220907 105739.349 INFO             PET0     ATM2: InitializeP0 extro.
20220907 105739.350 INFO             PET0     MED: InitializeP0 intro.
20220907 105739.351 INFO             PET0     MED: InitializeP0 extro.
20220907 105739.352 INFO             PET0     ATM1-TO-MED: InitializeP0 intro.
20220907 105739.353 INFO             PET0     ATM1-TO-MED: InitializeP0 extro.
20220907 105739.354 INFO             PET0     ATM2-TO-MED: InitializeP0 intro.
20220907 105739.355 INFO             PET0     ATM2-TO-MED: InitializeP0 extro.
20220907 105739.356 INFO             PET0     MED-TO-ATM1: InitializeP0 intro.
20220907 105739.356 INFO             PET0     MED-TO-ATM1: InitializeP0 extro.
20220907 105739.357 INFO             PET0     MED-TO-ATM2: InitializeP0 intro.
20220907 105739.360 INFO             PET0     MED-TO-ATM2: InitializeP0 extro.
20220907 105739.363 INFO             PET0     driver: IInitAdvertise intro.
20220907 105739.363 INFO             PET0     driver: IInitAdvertise extro.
20220907 105739.363 INFO             PET0     ATM1: InitializeIPDvXp01 intro.
20220907 105739.367 INFO             PET0     ATM1: InitializeIPDvXp01 extro.
20220907 105739.368 INFO             PET0     ATM2: InitializeIPDvXp01 intro.
20220907 105739.372 INFO             PET0     ATM2: InitializeIPDvXp01 extro.
20220907 105739.373 INFO             PET0     MED: InitializeIPDvXp01 intro.
20220907 105739.382 INFO             PET0     MED: InitializeIPDvXp01 extro.
20220907 105739.383 INFO             PET0     ATM1-TO-MED: InitializeIPDv05p1 intro.
20220907 105739.390 INFO             PET0     ATM1-TO-MED: InitializeIPDv05p1 extro.
20220907 105739.391 INFO             PET0     ATM2-TO-MED: InitializeIPDv05p1 intro.
20220907 105739.396 INFO             PET0     ATM2-TO-MED: InitializeIPDv05p1 extro.
20220907 105739.396 INFO             PET0     MED-TO-ATM1: InitializeIPDv05p1 intro.
20220907 105739.401 INFO             PET0     MED-TO-ATM1: InitializeIPDv05p1 extro.
20220907 105739.401 INFO             PET0     MED-TO-ATM2: InitializeIPDv05p1 intro.
20220907 105739.406 INFO             PET0     MED-TO-ATM2: InitializeIPDv05p1 extro.
20220907 105739.406 INFO             PET0     driver: IInitAdvertiseFinish intro.
20220907 105739.406 INFO             PET0     driver: IInitAdvertiseFinish extro.
20220907 105739.407 INFO             PET0     ATM1-TO-MED: InitializeIPDv05p2a intro.
20220907 105739.413 INFO             PET0     ATM1-TO-MED: InitializeIPDv05p2a extro.
20220907 105739.413 INFO             PET0     ATM2-TO-MED: InitializeIPDv05p2a intro.
20220907 105739.419 INFO             PET0     ATM2-TO-MED: InitializeIPDv05p2a extro.
20220907 105739.419 INFO             PET0     MED-TO-ATM1: InitializeIPDv05p2a intro.
20220907 105739.424 INFO             PET0     MED-TO-ATM1: InitializeIPDv05p2a extro.
20220907 105739.424 INFO             PET0     MED-TO-ATM2: InitializeIPDv05p2a intro.
20220907 105739.429 INFO             PET0     MED-TO-ATM2: InitializeIPDv05p2a extro.
20220907 105739.429 INFO             PET0     ATM1-TO-MED: InitializeIPDv05p2b intro.
20220907 105739.435 INFO             PET0     ATM1-TO-MED: InitializeIPDv05p2b extro.
20220907 105739.435 INFO             PET0     ATM2-TO-MED: InitializeIPDv05p2b intro.
20220907 105739.441 INFO             PET0     ATM2-TO-MED: InitializeIPDv05p2b extro.
20220907 105739.441 INFO             PET0     MED-TO-ATM1: InitializeIPDv05p2b intro.
20220907 105739.446 INFO             PET0     MED-TO-ATM1: InitializeIPDv05p2b extro.
20220907 105739.446 INFO             PET0     MED-TO-ATM2: InitializeIPDv05p2b intro.
20220907 105739.451 INFO             PET0     MED-TO-ATM2: InitializeIPDv05p2b extro.
20220907 105739.451 INFO             PET0     driver: IInitModifyCplLists intro.
20220907 105739.451 INFO             PET0     driver: IInitModifyCplLists extro.
20220907 105739.452 INFO             PET0     ATM1-TO-MED: InitializeIPDv05p3 intro.
20220907 105739.458 INFO             PET0     ATM1-TO-MED: InitializeIPDv05p3 extro.
20220907 105739.458 INFO             PET0     ATM2-TO-MED: InitializeIPDv05p3 intro.
20220907 105739.465 INFO             PET0     ATM2-TO-MED: InitializeIPDv05p3 extro.
20220907 105739.465 INFO             PET0     MED-TO-ATM1: InitializeIPDv05p3 intro.
20220907 105739.470 INFO             PET0     MED-TO-ATM1: InitializeIPDv05p3 extro.
20220907 105739.470 INFO             PET0     MED-TO-ATM2: InitializeIPDv05p3 intro.
20220907 105739.475 INFO             PET0     MED-TO-ATM2: InitializeIPDv05p3 extro.
20220907 105739.475 INFO             PET0     <<<driver: leaving Initialize (phase=<none>) with current time:    0  1  1  0  0  0   0
20220907 105739.475 INFO             PET0   driver: InitializeIPDv02p1 extro.
20220907 105739.475 INFO             PET0   driver: InitializeIPDv02p3 intro.
20220907 105739.475 INFO             PET0     >>>driver: entered Initialize (phase=<none>) with current time:    0  1  1  0  0  0   0
20220907 105739.476 INFO             PET0     driver: IInitCheck intro.
20220907 105739.476 INFO             PET0     driver: IInitCheck extro.
20220907 105739.476 INFO             PET0     ATM1: InitializeIPDvXp04 intro.
20220907 105739.482 INFO             PET0     ATM1: InitializeIPDvXp04 extro.
20220907 105739.484 INFO             PET0     ATM2: InitializeIPDvXp04 intro.
20220907 105739.489 INFO             PET0     ATM2: InitializeIPDvXp04 extro.
20220907 105739.491 INFO             PET0     MED: InitializeIPDvXp04 intro.
20220907 105739.502 INFO             PET0     MED: InitializeIPDvXp04 extro.
20220907 105739.503 INFO             PET0     ATM1-TO-MED: InitializeIPDv05p4 intro.
20220907 105739.513 INFO             PET0     ATM1-TO-MED: InitializeIPDv05p4 extro.
20220907 105739.513 INFO             PET0     ATM2-TO-MED: InitializeIPDv05p4 intro.
20220907 105739.523 INFO             PET0     ATM2-TO-MED: InitializeIPDv05p4 extro.
20220907 105739.523 INFO             PET0     MED-TO-ATM1: InitializeIPDv05p4 intro.
20220907 105739.530 INFO             PET0     MED-TO-ATM1: InitializeIPDv05p4 extro.
20220907 105739.530 INFO             PET0     MED-TO-ATM2: InitializeIPDv05p4 intro.
20220907 105739.537 INFO             PET0     MED-TO-ATM2: InitializeIPDv05p4 extro.
20220907 105739.537 INFO             PET0     ATM1-TO-MED: InitializeIPDv05p5 intro.
20220907 105739.547 INFO             PET0     ATM1-TO-MED: InitializeIPDv05p5 extro.
20220907 105739.547 INFO             PET0     ATM2-TO-MED: InitializeIPDv05p5 intro.
20220907 105739.556 INFO             PET0     ATM2-TO-MED: InitializeIPDv05p5 extro.
20220907 105739.557 INFO             PET0     MED-TO-ATM1: InitializeIPDv05p5 intro.
20220907 105739.580 INFO             PET0     MED-TO-ATM1: InitializeIPDv05p5 extro.
20220907 105739.580 INFO             PET0     MED-TO-ATM2: InitializeIPDv05p5 intro.
20220907 105739.587 INFO             PET0     MED-TO-ATM2: InitializeIPDv05p5 extro.
20220907 105739.587 INFO             PET0     driver: IInitRealize intro.
20220907 105739.587 INFO             PET0     driver: IInitRealize extro.
20220907 105739.587 INFO             PET0     ATM1-TO-MED: InitializeIPDv05p6a intro.
20220907 105739.596 INFO             PET0     ATM1-TO-MED: InitializeIPDv05p6a extro.
20220907 105739.596 INFO             PET0     ATM2-TO-MED: InitializeIPDv05p6a intro.
20220907 105739.605 INFO             PET0     ATM2-TO-MED: InitializeIPDv05p6a extro.
20220907 105739.605 INFO             PET0     MED-TO-ATM1: InitializeIPDv05p6a intro.
20220907 105739.293 INFO             PET1 !!!!!!!!!!!!!!!!!!!!!!!!!!!!!!!!!!!!!!!!!!!!!!!!!!!!!!
20220907 105739.293 INFO             PET1 !!! THE ESMF_LOG IS SET TO OUTPUT ALL LOG MESSAGES !!!
20220907 105739.293 INFO             PET1 !!!     THIS MAY CAUSE SLOWDOWN IN PERFORMANCE     !!!
20220907 105739.293 INFO             PET1 !!! FOR PRODUCTION RUNS, USE:                      !!!
20220907 105739.293 INFO             PET1 !!!                   ESMF_LOGKIND_Multi_On_Error  !!!
20220907 105739.293 INFO             PET1 !!!!!!!!!!!!!!!!!!!!!!!!!!!!!!!!!!!!!!!!!!!!!!!!!!!!!!
20220907 105739.293 INFO             PET1 Running with ESMF Version   : v8.3.1b05
20220907 105739.293 INFO             PET1 ESMF library build date/time: "Sep  7 2022" "09:25:06"
20220907 105739.293 INFO             PET1 ESMF library build location : /glade/scratch/dunlap/esmf-testing/nvhpc_22.2_mpt_g_patch_8.3.1/esmf
20220907 105739.293 INFO             PET1 ESMF_COMM                   : mpt
20220907 105739.293 INFO             PET1 ESMF_MOAB                   : enabled
20220907 105739.293 INFO             PET1 ESMF_LAPACK                 : enabled
20220907 105739.293 INFO             PET1 ESMF_NETCDF                 : enabled
20220907 105739.293 INFO             PET1 ESMF_PNETCDF                : disabled
20220907 105739.293 INFO             PET1 ESMF_PIO                    : enabled
20220907 105739.293 INFO             PET1 ESMF_YAMLCPP                : enabled
20220907 105739.294 INFO             PET1 mainApp STARTING
20220907 105739.300 INFO             PET1 driver: InitializeP1 intro.
20220907 105739.300 INFO             PET1   driver: InitializeIPDv02p1 intro.
20220907 105739.300 INFO             PET1     >>>driver: entered Initialize (phase=<none>) without valid internal Clock.
20220907 105739.300 INFO             PET1     driver - Creating model component ATM1 without petList.
20220907 105739.304 INFO             PET1     driver - Creating model component ATM2 without petList.
20220907 105739.308 INFO             PET1     driver - Creating model component MED without petList.
20220907 105739.312 INFO             PET1     driver - Creating connector component ATM1-TO-MED without petList.
20220907 105739.319 INFO             PET1     driver - Creating connector component MED-TO-ATM1 without petList.
20220907 105739.326 INFO             PET1     driver - Creating connector component ATM2-TO-MED without petList.
20220907 105739.333 INFO             PET1     driver - Creating connector component MED-TO-ATM2 without petList.
20220907 105739.341 INFO             PET1     driver - Creating state: modelComp 1 Import State
20220907 105739.341 INFO             PET1     driver - Creating state: modelComp 1 Export State
20220907 105739.341 INFO             PET1     driver - Creating state: modelComp 2 Import State
20220907 105739.341 INFO             PET1     driver - Creating state: modelComp 2 Export State
20220907 105739.342 INFO             PET1     driver - Creating state: modelComp 3 Import State
20220907 105739.342 INFO             PET1     driver - Creating state: modelComp 3 Export State
20220907 105739.344 INFO             PET1     ATM1: InitializeP0 intro.
20220907 105739.345 INFO             PET1     ATM1: InitializeP0 extro.
20220907 105739.347 INFO             PET1     ATM2: InitializeP0 intro.
20220907 105739.349 INFO             PET1     ATM2: InitializeP0 extro.
20220907 105739.350 INFO             PET1     MED: InitializeP0 intro.
20220907 105739.352 INFO             PET1     MED: InitializeP0 extro.
20220907 105739.353 INFO             PET1     ATM1-TO-MED: InitializeP0 intro.
20220907 105739.354 INFO             PET1     ATM1-TO-MED: InitializeP0 extro.
20220907 105739.354 INFO             PET1     ATM2-TO-MED: InitializeP0 intro.
20220907 105739.355 INFO             PET1     ATM2-TO-MED: InitializeP0 extro.
20220907 105739.356 INFO             PET1     MED-TO-ATM1: InitializeP0 intro.
20220907 105739.357 INFO             PET1     MED-TO-ATM1: InitializeP0 extro.
20220907 105739.358 INFO             PET1     MED-TO-ATM2: InitializeP0 intro.
20220907 105739.361 INFO             PET1     MED-TO-ATM2: InitializeP0 extro.
20220907 105739.364 INFO             PET1     driver: IInitAdvertise intro.
20220907 105739.364 INFO             PET1     driver: IInitAdvertise extro.
20220907 105739.364 INFO             PET1     ATM1: InitializeIPDvXp01 intro.
20220907 105739.368 INFO             PET1     ATM1: InitializeIPDvXp01 extro.
20220907 105739.369 INFO             PET1     ATM2: InitializeIPDvXp01 intro.
20220907 105739.373 INFO             PET1     ATM2: InitializeIPDvXp01 extro.
20220907 105739.374 INFO             PET1     MED: InitializeIPDvXp01 intro.
20220907 105739.383 INFO             PET1     MED: InitializeIPDvXp01 extro.
20220907 105739.384 INFO             PET1     ATM1-TO-MED: InitializeIPDv05p1 intro.
20220907 105739.390 INFO             PET1     ATM1-TO-MED: InitializeIPDv05p1 extro.
20220907 105739.391 INFO             PET1     ATM2-TO-MED: InitializeIPDv05p1 intro.
20220907 105739.396 INFO             PET1     ATM2-TO-MED: InitializeIPDv05p1 extro.
20220907 105739.396 INFO             PET1     MED-TO-ATM1: InitializeIPDv05p1 intro.
20220907 105739.401 INFO             PET1     MED-TO-ATM1: InitializeIPDv05p1 extro.
20220907 105739.401 INFO             PET1     MED-TO-ATM2: InitializeIPDv05p1 intro.
20220907 105739.406 INFO             PET1     MED-TO-ATM2: InitializeIPDv05p1 extro.
20220907 105739.406 INFO             PET1     driver: IInitAdvertiseFinish intro.
20220907 105739.406 INFO             PET1     driver: IInitAdvertiseFinish extro.
20220907 105739.407 INFO             PET1     ATM1-TO-MED: InitializeIPDv05p2a intro.
20220907 105739.413 INFO             PET1     ATM1-TO-MED: InitializeIPDv05p2a extro.
20220907 105739.413 INFO             PET1     ATM2-TO-MED: InitializeIPDv05p2a intro.
20220907 105739.419 INFO             PET1     ATM2-TO-MED: InitializeIPDv05p2a extro.
20220907 105739.419 INFO             PET1     MED-TO-ATM1: InitializeIPDv05p2a intro.
20220907 105739.424 INFO             PET1     MED-TO-ATM1: InitializeIPDv05p2a extro.
20220907 105739.424 INFO             PET1     MED-TO-ATM2: InitializeIPDv05p2a intro.
20220907 105739.429 INFO             PET1     MED-TO-ATM2: InitializeIPDv05p2a extro.
20220907 105739.429 INFO             PET1     ATM1-TO-MED: InitializeIPDv05p2b intro.
20220907 105739.435 INFO             PET1     ATM1-TO-MED: InitializeIPDv05p2b extro.
20220907 105739.435 INFO             PET1     ATM2-TO-MED: InitializeIPDv05p2b intro.
20220907 105739.441 INFO             PET1     ATM2-TO-MED: InitializeIPDv05p2b extro.
20220907 105739.441 INFO             PET1     MED-TO-ATM1: InitializeIPDv05p2b intro.
20220907 105739.446 INFO             PET1     MED-TO-ATM1: InitializeIPDv05p2b extro.
20220907 105739.446 INFO             PET1     MED-TO-ATM2: InitializeIPDv05p2b intro.
20220907 105739.451 INFO             PET1     MED-TO-ATM2: InitializeIPDv05p2b extro.
20220907 105739.451 INFO             PET1     driver: IInitModifyCplLists intro.
20220907 105739.451 INFO             PET1     driver: IInitModifyCplLists extro.
20220907 105739.452 INFO             PET1     ATM1-TO-MED: InitializeIPDv05p3 intro.
20220907 105739.458 INFO             PET1     ATM1-TO-MED: InitializeIPDv05p3 extro.
20220907 105739.458 INFO             PET1     ATM2-TO-MED: InitializeIPDv05p3 intro.
20220907 105739.465 INFO             PET1     ATM2-TO-MED: InitializeIPDv05p3 extro.
20220907 105739.465 INFO             PET1     MED-TO-ATM1: InitializeIPDv05p3 intro.
20220907 105739.470 INFO             PET1     MED-TO-ATM1: InitializeIPDv05p3 extro.
20220907 105739.470 INFO             PET1     MED-TO-ATM2: InitializeIPDv05p3 intro.
20220907 105739.475 INFO             PET1     MED-TO-ATM2: InitializeIPDv05p3 extro.
20220907 105739.475 INFO             PET1     <<<driver: leaving Initialize (phase=<none>) with current time:    0  1  1  0  0  0   0
20220907 105739.475 INFO             PET1   driver: InitializeIPDv02p1 extro.
20220907 105739.475 INFO             PET1   driver: InitializeIPDv02p3 intro.
20220907 105739.475 INFO             PET1     >>>driver: entered Initialize (phase=<none>) with current time:    0  1  1  0  0  0   0
20220907 105739.476 INFO             PET1     driver: IInitCheck intro.
20220907 105739.476 INFO             PET1     driver: IInitCheck extro.
20220907 105739.476 INFO             PET1     ATM1: InitializeIPDvXp04 intro.
20220907 105739.482 INFO             PET1     ATM1: InitializeIPDvXp04 extro.
20220907 105739.484 INFO             PET1     ATM2: InitializeIPDvXp04 intro.
20220907 105739.490 INFO             PET1     ATM2: InitializeIPDvXp04 extro.
20220907 105739.491 INFO             PET1     MED: InitializeIPDvXp04 intro.
20220907 105739.502 INFO             PET1     MED: InitializeIPDvXp04 extro.
20220907 105739.503 INFO             PET1     ATM1-TO-MED: InitializeIPDv05p4 intro.
20220907 105739.513 INFO             PET1     ATM1-TO-MED: InitializeIPDv05p4 extro.
20220907 105739.513 INFO             PET1     ATM2-TO-MED: InitializeIPDv05p4 intro.
20220907 105739.523 INFO             PET1     ATM2-TO-MED: InitializeIPDv05p4 extro.
20220907 105739.523 INFO             PET1     MED-TO-ATM1: InitializeIPDv05p4 intro.
20220907 105739.530 INFO             PET1     MED-TO-ATM1: InitializeIPDv05p4 extro.
20220907 105739.530 INFO             PET1     MED-TO-ATM2: InitializeIPDv05p4 intro.
20220907 105739.537 INFO             PET1     MED-TO-ATM2: InitializeIPDv05p4 extro.
20220907 105739.537 INFO             PET1     ATM1-TO-MED: InitializeIPDv05p5 intro.
20220907 105739.547 INFO             PET1     ATM1-TO-MED: InitializeIPDv05p5 extro.
20220907 105739.547 INFO             PET1     ATM2-TO-MED: InitializeIPDv05p5 intro.
20220907 105739.556 INFO             PET1     ATM2-TO-MED: InitializeIPDv05p5 extro.
20220907 105739.557 INFO             PET1     MED-TO-ATM1: InitializeIPDv05p5 intro.
20220907 105739.580 INFO             PET1     MED-TO-ATM1: InitializeIPDv05p5 extro.
20220907 105739.580 INFO             PET1     MED-TO-ATM2: InitializeIPDv05p5 intro.
20220907 105739.587 INFO             PET1     MED-TO-ATM2: InitializeIPDv05p5 extro.
20220907 105739.587 INFO             PET1     driver: IInitRealize intro.
20220907 105739.587 INFO             PET1     driver: IInitRealize extro.
20220907 105739.587 INFO             PET1     ATM1-TO-MED: InitializeIPDv05p6a intro.
20220907 105739.596 INFO             PET1     ATM1-TO-MED: InitializeIPDv05p6a extro.
20220907 105739.596 INFO             PET1     ATM2-TO-MED: InitializeIPDv05p6a intro.
20220907 105739.605 INFO             PET1     ATM2-TO-MED: InitializeIPDv05p6a extro.
20220907 105739.605 INFO             PET1     MED-TO-ATM1: InitializeIPDv05p6a intro.
20220907 105739.293 INFO             PET2 !!!!!!!!!!!!!!!!!!!!!!!!!!!!!!!!!!!!!!!!!!!!!!!!!!!!!!
20220907 105739.293 INFO             PET2 !!! THE ESMF_LOG IS SET TO OUTPUT ALL LOG MESSAGES !!!
20220907 105739.293 INFO             PET2 !!!     THIS MAY CAUSE SLOWDOWN IN PERFORMANCE     !!!
20220907 105739.293 INFO             PET2 !!! FOR PRODUCTION RUNS, USE:                      !!!
20220907 105739.293 INFO             PET2 !!!                   ESMF_LOGKIND_Multi_On_Error  !!!
20220907 105739.293 INFO             PET2 !!!!!!!!!!!!!!!!!!!!!!!!!!!!!!!!!!!!!!!!!!!!!!!!!!!!!!
20220907 105739.293 INFO             PET2 Running with ESMF Version   : v8.3.1b05
20220907 105739.293 INFO             PET2 ESMF library build date/time: "Sep  7 2022" "09:25:06"
20220907 105739.293 INFO             PET2 ESMF library build location : /glade/scratch/dunlap/esmf-testing/nvhpc_22.2_mpt_g_patch_8.3.1/esmf
20220907 105739.293 INFO             PET2 ESMF_COMM                   : mpt
20220907 105739.293 INFO             PET2 ESMF_MOAB                   : enabled
20220907 105739.293 INFO             PET2 ESMF_LAPACK                 : enabled
20220907 105739.293 INFO             PET2 ESMF_NETCDF                 : enabled
20220907 105739.293 INFO             PET2 ESMF_PNETCDF                : disabled
20220907 105739.293 INFO             PET2 ESMF_PIO                    : enabled
20220907 105739.293 INFO             PET2 ESMF_YAMLCPP                : enabled
20220907 105739.294 INFO             PET2 mainApp STARTING
20220907 105739.300 INFO             PET2 driver: InitializeP1 intro.
20220907 105739.300 INFO             PET2   driver: InitializeIPDv02p1 intro.
20220907 105739.300 INFO             PET2     >>>driver: entered Initialize (phase=<none>) without valid internal Clock.
20220907 105739.300 INFO             PET2     driver - Creating model component ATM1 without petList.
20220907 105739.304 INFO             PET2     driver - Creating model component ATM2 without petList.
20220907 105739.308 INFO             PET2     driver - Creating model component MED without petList.
20220907 105739.311 INFO             PET2     driver - Creating connector component ATM1-TO-MED without petList.
20220907 105739.319 INFO             PET2     driver - Creating connector component MED-TO-ATM1 without petList.
20220907 105739.326 INFO             PET2     driver - Creating connector component ATM2-TO-MED without petList.
20220907 105739.333 INFO             PET2     driver - Creating connector component MED-TO-ATM2 without petList.
20220907 105739.341 INFO             PET2     driver - Creating state: modelComp 1 Import State
20220907 105739.341 INFO             PET2     driver - Creating state: modelComp 1 Export State
20220907 105739.341 INFO             PET2     driver - Creating state: modelComp 2 Import State
20220907 105739.341 INFO             PET2     driver - Creating state: modelComp 2 Export State
20220907 105739.342 INFO             PET2     driver - Creating state: modelComp 3 Import State
20220907 105739.342 INFO             PET2     driver - Creating state: modelComp 3 Export State
20220907 105739.344 INFO             PET2     ATM1: InitializeP0 intro.
20220907 105739.345 INFO             PET2     ATM1: InitializeP0 extro.
20220907 105739.347 INFO             PET2     ATM2: InitializeP0 intro.
20220907 105739.349 INFO             PET2     ATM2: InitializeP0 extro.
20220907 105739.350 INFO             PET2     MED: InitializeP0 intro.
20220907 105739.352 INFO             PET2     MED: InitializeP0 extro.
20220907 105739.353 INFO             PET2     ATM1-TO-MED: InitializeP0 intro.
20220907 105739.353 INFO             PET2     ATM1-TO-MED: InitializeP0 extro.
20220907 105739.354 INFO             PET2     ATM2-TO-MED: InitializeP0 intro.
20220907 105739.355 INFO             PET2     ATM2-TO-MED: InitializeP0 extro.
20220907 105739.356 INFO             PET2     MED-TO-ATM1: InitializeP0 intro.
20220907 105739.357 INFO             PET2     MED-TO-ATM1: InitializeP0 extro.
20220907 105739.358 INFO             PET2     MED-TO-ATM2: InitializeP0 intro.
20220907 105739.360 INFO             PET2     MED-TO-ATM2: InitializeP0 extro.
20220907 105739.363 INFO             PET2     driver: IInitAdvertise intro.
20220907 105739.363 INFO             PET2     driver: IInitAdvertise extro.
20220907 105739.364 INFO             PET2     ATM1: InitializeIPDvXp01 intro.
20220907 105739.368 INFO             PET2     ATM1: InitializeIPDvXp01 extro.
20220907 105739.369 INFO             PET2     ATM2: InitializeIPDvXp01 intro.
20220907 105739.373 INFO             PET2     ATM2: InitializeIPDvXp01 extro.
20220907 105739.374 INFO             PET2     MED: InitializeIPDvXp01 intro.
20220907 105739.383 INFO             PET2     MED: InitializeIPDvXp01 extro.
20220907 105739.384 INFO             PET2     ATM1-TO-MED: InitializeIPDv05p1 intro.
20220907 105739.390 INFO             PET2     ATM1-TO-MED: InitializeIPDv05p1 extro.
20220907 105739.391 INFO             PET2     ATM2-TO-MED: InitializeIPDv05p1 intro.
20220907 105739.396 INFO             PET2     ATM2-TO-MED: InitializeIPDv05p1 extro.
20220907 105739.396 INFO             PET2     MED-TO-ATM1: InitializeIPDv05p1 intro.
20220907 105739.401 INFO             PET2     MED-TO-ATM1: InitializeIPDv05p1 extro.
20220907 105739.401 INFO             PET2     MED-TO-ATM2: InitializeIPDv05p1 intro.
20220907 105739.406 INFO             PET2     MED-TO-ATM2: InitializeIPDv05p1 extro.
20220907 105739.406 INFO             PET2     driver: IInitAdvertiseFinish intro.
20220907 105739.406 INFO             PET2     driver: IInitAdvertiseFinish extro.
20220907 105739.406 INFO             PET2     ATM1-TO-MED: InitializeIPDv05p2a intro.
20220907 105739.413 INFO             PET2     ATM1-TO-MED: InitializeIPDv05p2a extro.
20220907 105739.413 INFO             PET2     ATM2-TO-MED: InitializeIPDv05p2a intro.
20220907 105739.419 INFO             PET2     ATM2-TO-MED: InitializeIPDv05p2a extro.
20220907 105739.419 INFO             PET2     MED-TO-ATM1: InitializeIPDv05p2a intro.
20220907 105739.424 INFO             PET2     MED-TO-ATM1: InitializeIPDv05p2a extro.
20220907 105739.424 INFO             PET2     MED-TO-ATM2: InitializeIPDv05p2a intro.
20220907 105739.429 INFO             PET2     MED-TO-ATM2: InitializeIPDv05p2a extro.
20220907 105739.429 INFO             PET2     ATM1-TO-MED: InitializeIPDv05p2b intro.
20220907 105739.435 INFO             PET2     ATM1-TO-MED: InitializeIPDv05p2b extro.
20220907 105739.435 INFO             PET2     ATM2-TO-MED: InitializeIPDv05p2b intro.
20220907 105739.441 INFO             PET2     ATM2-TO-MED: InitializeIPDv05p2b extro.
20220907 105739.441 INFO             PET2     MED-TO-ATM1: InitializeIPDv05p2b intro.
20220907 105739.446 INFO             PET2     MED-TO-ATM1: InitializeIPDv05p2b extro.
20220907 105739.446 INFO             PET2     MED-TO-ATM2: InitializeIPDv05p2b intro.
20220907 105739.451 INFO             PET2     MED-TO-ATM2: InitializeIPDv05p2b extro.
20220907 105739.451 INFO             PET2     driver: IInitModifyCplLists intro.
20220907 105739.451 INFO             PET2     driver: IInitModifyCplLists extro.
20220907 105739.452 INFO             PET2     ATM1-TO-MED: InitializeIPDv05p3 intro.
20220907 105739.458 INFO             PET2     ATM1-TO-MED: InitializeIPDv05p3 extro.
20220907 105739.458 INFO             PET2     ATM2-TO-MED: InitializeIPDv05p3 intro.
20220907 105739.464 INFO             PET2     ATM2-TO-MED: InitializeIPDv05p3 extro.
20220907 105739.465 INFO             PET2     MED-TO-ATM1: InitializeIPDv05p3 intro.
20220907 105739.470 INFO             PET2     MED-TO-ATM1: InitializeIPDv05p3 extro.
20220907 105739.470 INFO             PET2     MED-TO-ATM2: InitializeIPDv05p3 intro.
20220907 105739.475 INFO             PET2     MED-TO-ATM2: InitializeIPDv05p3 extro.
20220907 105739.475 INFO             PET2     <<<driver: leaving Initialize (phase=<none>) with current time:    0  1  1  0  0  0   0
20220907 105739.475 INFO             PET2   driver: InitializeIPDv02p1 extro.
20220907 105739.475 INFO             PET2   driver: InitializeIPDv02p3 intro.
20220907 105739.475 INFO             PET2     >>>driver: entered Initialize (phase=<none>) with current time:    0  1  1  0  0  0   0
20220907 105739.476 INFO             PET2     driver: IInitCheck intro.
20220907 105739.476 INFO             PET2     driver: IInitCheck extro.
20220907 105739.476 INFO             PET2     ATM1: InitializeIPDvXp04 intro.
20220907 105739.482 INFO             PET2     ATM1: InitializeIPDvXp04 extro.
20220907 105739.484 INFO             PET2     ATM2: InitializeIPDvXp04 intro.
20220907 105739.490 INFO             PET2     ATM2: InitializeIPDvXp04 extro.
20220907 105739.491 INFO             PET2     MED: InitializeIPDvXp04 intro.
20220907 105739.502 INFO             PET2     MED: InitializeIPDvXp04 extro.
20220907 105739.503 INFO             PET2     ATM1-TO-MED: InitializeIPDv05p4 intro.
20220907 105739.513 INFO             PET2     ATM1-TO-MED: InitializeIPDv05p4 extro.
20220907 105739.513 INFO             PET2     ATM2-TO-MED: InitializeIPDv05p4 intro.
20220907 105739.522 INFO             PET2     ATM2-TO-MED: InitializeIPDv05p4 extro.
20220907 105739.523 INFO             PET2     MED-TO-ATM1: InitializeIPDv05p4 intro.
20220907 105739.529 INFO             PET2     MED-TO-ATM1: InitializeIPDv05p4 extro.
20220907 105739.530 INFO             PET2     MED-TO-ATM2: InitializeIPDv05p4 intro.
20220907 105739.537 INFO             PET2     MED-TO-ATM2: InitializeIPDv05p4 extro.
20220907 105739.537 INFO             PET2     ATM1-TO-MED: InitializeIPDv05p5 intro.
20220907 105739.547 INFO             PET2     ATM1-TO-MED: InitializeIPDv05p5 extro.
20220907 105739.547 INFO             PET2     ATM2-TO-MED: InitializeIPDv05p5 intro.
20220907 105739.556 INFO             PET2     ATM2-TO-MED: InitializeIPDv05p5 extro.
20220907 105739.557 INFO             PET2     MED-TO-ATM1: InitializeIPDv05p5 intro.
20220907 105739.580 INFO             PET2     MED-TO-ATM1: InitializeIPDv05p5 extro.
20220907 105739.580 INFO             PET2     MED-TO-ATM2: InitializeIPDv05p5 intro.
20220907 105739.587 INFO             PET2     MED-TO-ATM2: InitializeIPDv05p5 extro.
20220907 105739.587 INFO             PET2     driver: IInitRealize intro.
20220907 105739.587 INFO             PET2     driver: IInitRealize extro.
20220907 105739.587 INFO             PET2     ATM1-TO-MED: InitializeIPDv05p6a intro.
20220907 105739.596 INFO             PET2     ATM1-TO-MED: InitializeIPDv05p6a extro.
20220907 105739.596 INFO             PET2     ATM2-TO-MED: InitializeIPDv05p6a intro.
20220907 105739.605 INFO             PET2     ATM2-TO-MED: InitializeIPDv05p6a extro.
20220907 105739.605 INFO             PET2     MED-TO-ATM1: InitializeIPDv05p6a intro.
20220907 105739.293 INFO             PET3 !!!!!!!!!!!!!!!!!!!!!!!!!!!!!!!!!!!!!!!!!!!!!!!!!!!!!!
20220907 105739.293 INFO             PET3 !!! THE ESMF_LOG IS SET TO OUTPUT ALL LOG MESSAGES !!!
20220907 105739.293 INFO             PET3 !!!     THIS MAY CAUSE SLOWDOWN IN PERFORMANCE     !!!
20220907 105739.293 INFO             PET3 !!! FOR PRODUCTION RUNS, USE:                      !!!
20220907 105739.293 INFO             PET3 !!!                   ESMF_LOGKIND_Multi_On_Error  !!!
20220907 105739.293 INFO             PET3 !!!!!!!!!!!!!!!!!!!!!!!!!!!!!!!!!!!!!!!!!!!!!!!!!!!!!!
20220907 105739.293 INFO             PET3 Running with ESMF Version   : v8.3.1b05
20220907 105739.293 INFO             PET3 ESMF library build date/time: "Sep  7 2022" "09:25:06"
20220907 105739.293 INFO             PET3 ESMF library build location : /glade/scratch/dunlap/esmf-testing/nvhpc_22.2_mpt_g_patch_8.3.1/esmf
20220907 105739.293 INFO             PET3 ESMF_COMM                   : mpt
20220907 105739.293 INFO             PET3 ESMF_MOAB                   : enabled
20220907 105739.293 INFO             PET3 ESMF_LAPACK                 : enabled
20220907 105739.293 INFO             PET3 ESMF_NETCDF                 : enabled
20220907 105739.293 INFO             PET3 ESMF_PNETCDF                : disabled
20220907 105739.293 INFO             PET3 ESMF_PIO                    : enabled
20220907 105739.293 INFO             PET3 ESMF_YAMLCPP                : enabled
20220907 105739.294 INFO             PET3 mainApp STARTING
20220907 105739.300 INFO             PET3 driver: InitializeP1 intro.
20220907 105739.300 INFO             PET3   driver: InitializeIPDv02p1 intro.
20220907 105739.300 INFO             PET3     >>>driver: entered Initialize (phase=<none>) without valid internal Clock.
20220907 105739.300 INFO             PET3     driver - Creating model component ATM1 without petList.
20220907 105739.304 INFO             PET3     driver - Creating model component ATM2 without petList.
20220907 105739.308 INFO             PET3     driver - Creating model component MED without petList.
20220907 105739.311 INFO             PET3     driver - Creating connector component ATM1-TO-MED without petList.
20220907 105739.319 INFO             PET3     driver - Creating connector component MED-TO-ATM1 without petList.
20220907 105739.326 INFO             PET3     driver - Creating connector component ATM2-TO-MED without petList.
20220907 105739.333 INFO             PET3     driver - Creating connector component MED-TO-ATM2 without petList.
20220907 105739.341 INFO             PET3     driver - Creating state: modelComp 1 Import State
20220907 105739.341 INFO             PET3     driver - Creating state: modelComp 1 Export State
20220907 105739.341 INFO             PET3     driver - Creating state: modelComp 2 Import State
20220907 105739.341 INFO             PET3     driver - Creating state: modelComp 2 Export State
20220907 105739.342 INFO             PET3     driver - Creating state: modelComp 3 Import State
20220907 105739.342 INFO             PET3     driver - Creating state: modelComp 3 Export State
20220907 105739.344 INFO             PET3     ATM1: InitializeP0 intro.
20220907 105739.345 INFO             PET3     ATM1: InitializeP0 extro.
20220907 105739.347 INFO             PET3     ATM2: InitializeP0 intro.
20220907 105739.349 INFO             PET3     ATM2: InitializeP0 extro.
20220907 105739.350 INFO             PET3     MED: InitializeP0 intro.
20220907 105739.352 INFO             PET3     MED: InitializeP0 extro.
20220907 105739.353 INFO             PET3     ATM1-TO-MED: InitializeP0 intro.
20220907 105739.353 INFO             PET3     ATM1-TO-MED: InitializeP0 extro.
20220907 105739.354 INFO             PET3     ATM2-TO-MED: InitializeP0 intro.
20220907 105739.355 INFO             PET3     ATM2-TO-MED: InitializeP0 extro.
20220907 105739.356 INFO             PET3     MED-TO-ATM1: InitializeP0 intro.
20220907 105739.357 INFO             PET3     MED-TO-ATM1: InitializeP0 extro.
20220907 105739.358 INFO             PET3     MED-TO-ATM2: InitializeP0 intro.
20220907 105739.360 INFO             PET3     MED-TO-ATM2: InitializeP0 extro.
20220907 105739.363 INFO             PET3     driver: IInitAdvertise intro.
20220907 105739.363 INFO             PET3     driver: IInitAdvertise extro.
20220907 105739.364 INFO             PET3     ATM1: InitializeIPDvXp01 intro.
20220907 105739.368 INFO             PET3     ATM1: InitializeIPDvXp01 extro.
20220907 105739.369 INFO             PET3     ATM2: InitializeIPDvXp01 intro.
20220907 105739.373 INFO             PET3     ATM2: InitializeIPDvXp01 extro.
20220907 105739.374 INFO             PET3     MED: InitializeIPDvXp01 intro.
20220907 105739.383 INFO             PET3     MED: InitializeIPDvXp01 extro.
20220907 105739.384 INFO             PET3     ATM1-TO-MED: InitializeIPDv05p1 intro.
20220907 105739.390 INFO             PET3     ATM1-TO-MED: InitializeIPDv05p1 extro.
20220907 105739.391 INFO             PET3     ATM2-TO-MED: InitializeIPDv05p1 intro.
20220907 105739.396 INFO             PET3     ATM2-TO-MED: InitializeIPDv05p1 extro.
20220907 105739.396 INFO             PET3     MED-TO-ATM1: InitializeIPDv05p1 intro.
20220907 105739.401 INFO             PET3     MED-TO-ATM1: InitializeIPDv05p1 extro.
20220907 105739.401 INFO             PET3     MED-TO-ATM2: InitializeIPDv05p1 intro.
20220907 105739.406 INFO             PET3     MED-TO-ATM2: InitializeIPDv05p1 extro.
20220907 105739.406 INFO             PET3     driver: IInitAdvertiseFinish intro.
20220907 105739.406 INFO             PET3     driver: IInitAdvertiseFinish extro.
20220907 105739.406 INFO             PET3     ATM1-TO-MED: InitializeIPDv05p2a intro.
20220907 105739.413 INFO             PET3     ATM1-TO-MED: InitializeIPDv05p2a extro.
20220907 105739.413 INFO             PET3     ATM2-TO-MED: InitializeIPDv05p2a intro.
20220907 105739.419 INFO             PET3     ATM2-TO-MED: InitializeIPDv05p2a extro.
20220907 105739.419 INFO             PET3     MED-TO-ATM1: InitializeIPDv05p2a intro.
20220907 105739.424 INFO             PET3     MED-TO-ATM1: InitializeIPDv05p2a extro.
20220907 105739.424 INFO             PET3     MED-TO-ATM2: InitializeIPDv05p2a intro.
20220907 105739.429 INFO             PET3     MED-TO-ATM2: InitializeIPDv05p2a extro.
20220907 105739.429 INFO             PET3     ATM1-TO-MED: InitializeIPDv05p2b intro.
20220907 105739.435 INFO             PET3     ATM1-TO-MED: InitializeIPDv05p2b extro.
20220907 105739.435 INFO             PET3     ATM2-TO-MED: InitializeIPDv05p2b intro.
20220907 105739.441 INFO             PET3     ATM2-TO-MED: InitializeIPDv05p2b extro.
20220907 105739.441 INFO             PET3     MED-TO-ATM1: InitializeIPDv05p2b intro.
20220907 105739.446 INFO             PET3     MED-TO-ATM1: InitializeIPDv05p2b extro.
20220907 105739.446 INFO             PET3     MED-TO-ATM2: InitializeIPDv05p2b intro.
20220907 105739.451 INFO             PET3     MED-TO-ATM2: InitializeIPDv05p2b extro.
20220907 105739.451 INFO             PET3     driver: IInitModifyCplLists intro.
20220907 105739.451 INFO             PET3     driver: IInitModifyCplLists extro.
20220907 105739.452 INFO             PET3     ATM1-TO-MED: InitializeIPDv05p3 intro.
20220907 105739.458 INFO             PET3     ATM1-TO-MED: InitializeIPDv05p3 extro.
20220907 105739.458 INFO             PET3     ATM2-TO-MED: InitializeIPDv05p3 intro.
20220907 105739.464 INFO             PET3     ATM2-TO-MED: InitializeIPDv05p3 extro.
20220907 105739.465 INFO             PET3     MED-TO-ATM1: InitializeIPDv05p3 intro.
20220907 105739.470 INFO             PET3     MED-TO-ATM1: InitializeIPDv05p3 extro.
20220907 105739.470 INFO             PET3     MED-TO-ATM2: InitializeIPDv05p3 intro.
20220907 105739.475 INFO             PET3     MED-TO-ATM2: InitializeIPDv05p3 extro.
20220907 105739.475 INFO             PET3     <<<driver: leaving Initialize (phase=<none>) with current time:    0  1  1  0  0  0   0
20220907 105739.475 INFO             PET3   driver: InitializeIPDv02p1 extro.
20220907 105739.475 INFO             PET3   driver: InitializeIPDv02p3 intro.
20220907 105739.475 INFO             PET3     >>>driver: entered Initialize (phase=<none>) with current time:    0  1  1  0  0  0   0
20220907 105739.476 INFO             PET3     driver: IInitCheck intro.
20220907 105739.476 INFO             PET3     driver: IInitCheck extro.
20220907 105739.476 INFO             PET3     ATM1: InitializeIPDvXp04 intro.
20220907 105739.482 INFO             PET3     ATM1: InitializeIPDvXp04 extro.
20220907 105739.484 INFO             PET3     ATM2: InitializeIPDvXp04 intro.
20220907 105739.490 INFO             PET3     ATM2: InitializeIPDvXp04 extro.
20220907 105739.491 INFO             PET3     MED: InitializeIPDvXp04 intro.
20220907 105739.502 INFO             PET3     MED: InitializeIPDvXp04 extro.
20220907 105739.503 INFO             PET3     ATM1-TO-MED: InitializeIPDv05p4 intro.
20220907 105739.513 INFO             PET3     ATM1-TO-MED: InitializeIPDv05p4 extro.
20220907 105739.513 INFO             PET3     ATM2-TO-MED: InitializeIPDv05p4 intro.
20220907 105739.522 INFO             PET3     ATM2-TO-MED: InitializeIPDv05p4 extro.
20220907 105739.523 INFO             PET3     MED-TO-ATM1: InitializeIPDv05p4 intro.
20220907 105739.529 INFO             PET3     MED-TO-ATM1: InitializeIPDv05p4 extro.
20220907 105739.530 INFO             PET3     MED-TO-ATM2: InitializeIPDv05p4 intro.
20220907 105739.537 INFO             PET3     MED-TO-ATM2: InitializeIPDv05p4 extro.
20220907 105739.537 INFO             PET3     ATM1-TO-MED: InitializeIPDv05p5 intro.
20220907 105739.547 INFO             PET3     ATM1-TO-MED: InitializeIPDv05p5 extro.
20220907 105739.547 INFO             PET3     ATM2-TO-MED: InitializeIPDv05p5 intro.
20220907 105739.556 INFO             PET3     ATM2-TO-MED: InitializeIPDv05p5 extro.
20220907 105739.557 INFO             PET3     MED-TO-ATM1: InitializeIPDv05p5 intro.
20220907 105739.580 INFO             PET3     MED-TO-ATM1: InitializeIPDv05p5 extro.
20220907 105739.580 INFO             PET3     MED-TO-ATM2: InitializeIPDv05p5 intro.
20220907 105739.587 INFO             PET3     MED-TO-ATM2: InitializeIPDv05p5 extro.
20220907 105739.587 INFO             PET3     driver: IInitRealize intro.
20220907 105739.587 INFO             PET3     driver: IInitRealize extro.
20220907 105739.587 INFO             PET3     ATM1-TO-MED: InitializeIPDv05p6a intro.
20220907 105739.596 INFO             PET3     ATM1-TO-MED: InitializeIPDv05p6a extro.
20220907 105739.596 INFO             PET3     ATM2-TO-MED: InitializeIPDv05p6a intro.
20220907 105739.605 INFO             PET3     ATM2-TO-MED: InitializeIPDv05p6a extro.
20220907 105739.605 INFO             PET3     MED-TO-ATM1: InitializeIPDv05p6a intro.
