2022-08-07 12:45:56
20220807 134214.512 INFO             PET0 !!!!!!!!!!!!!!!!!!!!!!!!!!!!!!!!!!!!!!!!!!!!!!!!!!!!!!
20220807 134214.512 INFO             PET0 !!! THE ESMF_LOG IS SET TO OUTPUT ALL LOG MESSAGES !!!
20220807 134214.512 INFO             PET0 !!!     THIS MAY CAUSE SLOWDOWN IN PERFORMANCE     !!!
20220807 134214.512 INFO             PET0 !!! FOR PRODUCTION RUNS, USE:                      !!!
20220807 134214.512 INFO             PET0 !!!                   ESMF_LOGKIND_Multi_On_Error  !!!
20220807 134214.512 INFO             PET0 !!!!!!!!!!!!!!!!!!!!!!!!!!!!!!!!!!!!!!!!!!!!!!!!!!!!!!
20220807 134214.512 INFO             PET0 Running with ESMF Version   : v8.3.0b17-30-g0de4558e1e
20220807 134214.512 INFO             PET0 ESMF library build date/time: "Aug  7 2022" "12:40:52"
20220807 134214.512 INFO             PET0 ESMF library build location : /glade/scratch/dunlap/esmf-testing/intel_18.0.5_intelmpi_O_feature_large-messages/esmf
20220807 134214.512 INFO             PET0 ESMF_COMM                   : intelmpi
20220807 134214.513 INFO             PET0 ESMF_MOAB                   : enabled
20220807 134214.513 INFO             PET0 ESMF_LAPACK                 : enabled
20220807 134214.513 INFO             PET0 ESMF_NETCDF                 : enabled
20220807 134214.513 INFO             PET0 ESMF_PNETCDF                : disabled
20220807 134214.513 INFO             PET0 ESMF_PIO                    : enabled
20220807 134214.513 INFO             PET0 ESMF_YAMLCPP                : enabled
20220807 134214.513 DEBUG            PET0 epochInit
20220807 134214.518 INFO             PET0 ESMF_FieldRedistStoreNF(): Just entered routine.
20220807 134214.522 DEBUG            PET0 VMK::recv():4898, size=14400 in 1 chunks
20220807 134214.522 DEBUG            PET0 VMK::send():4407, size=14400 in 1 chunks
20220807 134214.522 DEBUG            PET0 VMK::send():4407, size=14400 in 1 chunks
20220807 134214.522 DEBUG            PET0 VMK::send():4407, size=14400 in 1 chunks
20220807 134214.523 DEBUG            PET0 VMK::recv():4898, size=72000 in 1 chunks
20220807 134214.523 DEBUG            PET0 VMK::send():4407, size=72000 in 1 chunks
20220807 134214.523 DEBUG            PET0 VMK::send():4407, size=72000 in 1 chunks
20220807 134214.523 DEBUG            PET0 VMK::send():4407, size=72000 in 1 chunks
20220807 134214.523 DEBUG            PET0 VMK::recv():4898, size=28800 in 1 chunks
20220807 134214.524 DEBUG            PET0 VMK::send():4407, size=28800 in 1 chunks
20220807 134214.524 DEBUG            PET0 VMK::send():4407, size=28800 in 1 chunks
20220807 134214.524 DEBUG            PET0 VMK::send():4407, size=28800 in 1 chunks
20220807 134214.525 DEBUG            PET0 VMK::recv():4898, size=14400 in 1 chunks
20220807 134214.525 DEBUG            PET0 VMK::send():4407, size=14400 in 1 chunks
20220807 134214.525 DEBUG            PET0 VMK::send():4407, size=14400 in 1 chunks
20220807 134214.525 DEBUG            PET0 VMK::send():4407, size=14400 in 1 chunks
20220807 134214.526 DEBUG            PET0 VMK::recv():4898, size=72000 in 1 chunks
20220807 134214.526 DEBUG            PET0 VMK::send():4407, size=72000 in 1 chunks
20220807 134214.526 DEBUG            PET0 VMK::send():4407, size=72000 in 1 chunks
20220807 134214.526 DEBUG            PET0 VMK::send():4407, size=72000 in 1 chunks
20220807 134214.526 DEBUG            PET0 VMK::recv():4898, size=57600 in 1 chunks
20220807 134214.530 DEBUG            PET0 VMK::recv():4898, size=72000 in 1 chunks
20220807 134214.530 DEBUG            PET0 VMK::send():4407, size=72000 in 1 chunks
20220807 134214.530 DEBUG            PET0 VMK::recv():4898, size=4 in 1 chunks
20220807 134214.531 DEBUG            PET0 VMK::send():4407, size=72000 in 1 chunks
20220807 134214.531 DEBUG            PET0 VMK::recv():4898, size=4 in 1 chunks
20220807 134214.531 DEBUG            PET0 VMK::send():4407, size=72000 in 1 chunks
20220807 134214.531 DEBUG            PET0 VMK::recv():4898, size=4 in 1 chunks
20220807 134214.532 DEBUG            PET0 VMK::send():4407, size=4 in 1 chunks
20220807 134214.532 DEBUG            PET0 VMK::recv():4898, size=158400 in 1 chunks
20220807 134214.532 DEBUG            PET0 VMK::recv():4898, size=158400 in 1 chunks
20220807 134214.532 DEBUG            PET0 VMK::recv():4898, size=158400 in 1 chunks
20220807 134214.533 DEBUG            PET0 VMK::send():4407, size=158400 in 1 chunks
20220807 134214.535 DEBUG            PET0 VMK::recv():4898, size=144000 in 1 chunks
20220807 134214.535 DEBUG            PET0 VMK::send():4407, size=4 in 1 chunks
20220807 134214.535 DEBUG            PET0 VMK::send():4407, size=316800 in 1 chunks
20220807 134214.553 DEBUG            PET0 VMK::send():4407, size=115200 in 1 chunks
20220807 134214.554 DEBUG            PET0 VMK::send():4407, size=115200 in 1 chunks
20220807 134214.556 DEBUG            PET0 VMK::send():4407, size=115200 in 1 chunks
20220807 134214.556 DEBUG            PET0 VMK::send():4407, size=115200 in 1 chunks
20220807 134214.556 DEBUG            PET0 VMK::send():4407, size=115200 in 1 chunks
20220807 134214.559 DEBUG            PET0 VMK::send():4407, size=115200 in 1 chunks
20220807 134214.559 DEBUG            PET0 VMK::send():4407, size=115200 in 1 chunks
20220807 134214.559 DEBUG            PET0 VMK::send():4407, size=115200 in 1 chunks
20220807 134214.559 DEBUG            PET0 VMK::send():4407, size=115200 in 1 chunks
20220807 134214.560 DEBUG            PET0 VMK::send():4407, size=115200 in 1 chunks
20220807 134214.563 DEBUG            PET0 VMK::send():4407, size=115200 in 1 chunks
20220807 134214.563 DEBUG            PET0 VMK::send():4407, size=115200 in 1 chunks
20220807 134214.564 DEBUG            PET0 VMK::send():4407, size=115200 in 1 chunks
20220807 134214.564 DEBUG            PET0 VMK::send():4407, size=115200 in 1 chunks
20220807 134214.564 DEBUG            PET0 VMK::send():4407, size=115200 in 1 chunks
20220807 134214.564 DEBUG            PET0 VMK::send():4407, size=115200 in 1 chunks
20220807 134214.565 DEBUG            PET0 VMK::send():4407, size=115200 in 1 chunks
20220807 134214.565 DEBUG            PET0 VMK::send():4407, size=115200 in 1 chunks
20220807 134214.565 DEBUG            PET0 VMK::send():4407, size=115200 in 1 chunks
20220807 134214.565 DEBUG            PET0 VMK::send():4407, size=115200 in 1 chunks
20220807 134214.569 DEBUG            PET0 VMK::send():4407, size=115200 in 1 chunks
20220807 134214.569 DEBUG            PET0 VMK::send():4407, size=115200 in 1 chunks
20220807 134214.569 DEBUG            PET0 VMK::send():4407, size=115200 in 1 chunks
20220807 134214.569 DEBUG            PET0 VMK::send():4407, size=115200 in 1 chunks
20220807 134214.570 DEBUG            PET0 VMK::send():4407, size=115200 in 1 chunks
20220807 134214.570 DEBUG            PET0 VMK::send():4407, size=115200 in 1 chunks
20220807 134214.570 DEBUG            PET0 VMK::send():4407, size=115200 in 1 chunks
20220807 134214.570 DEBUG            PET0 VMK::send():4407, size=115200 in 1 chunks
20220807 134214.571 DEBUG            PET0 VMK::send():4407, size=115200 in 1 chunks
20220807 134214.571 DEBUG            PET0 VMK::send():4407, size=115200 in 1 chunks
20220807 134214.574 DEBUG            PET0 VMK::send():4407, size=115200 in 1 chunks
20220807 134214.575 INFO             PET0 ESMF_FieldRedistStoreNF(): Leaving routine.
20220807 134214.575 DEBUG            PET0 VMK::recv():4898, size=8 in 1 chunks
20220807 134214.575 DEBUG            PET0 VMK::send():4175, size=8 in one chunk
20220807 134214.575 DEBUG            PET0 VMK::recv():4898, size=1085 in 1 chunks
20220807 134214.575 DEBUG            PET0 VMK::send():4175, size=1085 in one chunk
20220807 134214.575 DEBUG            PET0 VMK::send():4407, size=115200 in 1 chunks
20220807 134214.577 DEBUG            PET0 epochFinal
20220807 134214.577 INFO             PET0  NUMBER_OF_PROCESSORS           4
20220807 134214.578 INFO             PET0  PASS  Example ESMF_RHandleFromRHandleEx, ESMF_RHandleFromRHandleEx.F90, line 660
20220807 134214.578 INFO             PET0 Finalizing ESMF
20220807 134214.578 DEBUG            PET0 epochFinal
20220807 134214.512 INFO             PET1 !!!!!!!!!!!!!!!!!!!!!!!!!!!!!!!!!!!!!!!!!!!!!!!!!!!!!!
20220807 134214.513 INFO             PET1 !!! THE ESMF_LOG IS SET TO OUTPUT ALL LOG MESSAGES !!!
20220807 134214.513 INFO             PET1 !!!     THIS MAY CAUSE SLOWDOWN IN PERFORMANCE     !!!
20220807 134214.513 INFO             PET1 !!! FOR PRODUCTION RUNS, USE:                      !!!
20220807 134214.513 INFO             PET1 !!!                   ESMF_LOGKIND_Multi_On_Error  !!!
20220807 134214.513 INFO             PET1 !!!!!!!!!!!!!!!!!!!!!!!!!!!!!!!!!!!!!!!!!!!!!!!!!!!!!!
20220807 134214.513 INFO             PET1 Running with ESMF Version   : v8.3.0b17-30-g0de4558e1e
20220807 134214.513 INFO             PET1 ESMF library build date/time: "Aug  7 2022" "12:40:52"
20220807 134214.513 INFO             PET1 ESMF library build location : /glade/scratch/dunlap/esmf-testing/intel_18.0.5_intelmpi_O_feature_large-messages/esmf
20220807 134214.513 INFO             PET1 ESMF_COMM                   : intelmpi
20220807 134214.513 INFO             PET1 ESMF_MOAB                   : enabled
20220807 134214.513 INFO             PET1 ESMF_LAPACK                 : enabled
20220807 134214.513 INFO             PET1 ESMF_NETCDF                 : enabled
20220807 134214.513 INFO             PET1 ESMF_PNETCDF                : disabled
20220807 134214.513 INFO             PET1 ESMF_PIO                    : enabled
20220807 134214.513 INFO             PET1 ESMF_YAMLCPP                : enabled
20220807 134214.513 DEBUG            PET1 epochInit
20220807 134214.518 INFO             PET1 ESMF_FieldRedistStoreNF(): Just entered routine.
20220807 134214.522 DEBUG            PET1 VMK::recv():4898, size=14400 in 1 chunks
20220807 134214.522 DEBUG            PET1 VMK::send():4407, size=14400 in 1 chunks
20220807 134214.522 DEBUG            PET1 VMK::send():4407, size=14400 in 1 chunks
20220807 134214.522 DEBUG            PET1 VMK::send():4407, size=14400 in 1 chunks
20220807 134214.523 DEBUG            PET1 VMK::recv():4898, size=72000 in 1 chunks
20220807 134214.523 DEBUG            PET1 VMK::send():4407, size=72000 in 1 chunks
20220807 134214.523 DEBUG            PET1 VMK::send():4407, size=72000 in 1 chunks
20220807 134214.523 DEBUG            PET1 VMK::send():4407, size=72000 in 1 chunks
20220807 134214.523 DEBUG            PET1 VMK::recv():4898, size=28800 in 1 chunks
20220807 134214.524 DEBUG            PET1 VMK::send():4407, size=28800 in 1 chunks
20220807 134214.524 DEBUG            PET1 VMK::send():4407, size=28800 in 1 chunks
20220807 134214.524 DEBUG            PET1 VMK::send():4407, size=28800 in 1 chunks
20220807 134214.525 DEBUG            PET1 VMK::recv():4898, size=14400 in 1 chunks
20220807 134214.525 DEBUG            PET1 VMK::send():4407, size=14400 in 1 chunks
20220807 134214.525 DEBUG            PET1 VMK::send():4407, size=14400 in 1 chunks
20220807 134214.525 DEBUG            PET1 VMK::send():4407, size=14400 in 1 chunks
20220807 134214.526 DEBUG            PET1 VMK::recv():4898, size=72000 in 1 chunks
20220807 134214.526 DEBUG            PET1 VMK::send():4407, size=72000 in 1 chunks
20220807 134214.526 DEBUG            PET1 VMK::send():4407, size=72000 in 1 chunks
20220807 134214.526 DEBUG            PET1 VMK::send():4407, size=72000 in 1 chunks
20220807 134214.526 DEBUG            PET1 VMK::recv():4898, size=57600 in 1 chunks
20220807 134214.530 DEBUG            PET1 VMK::recv():4898, size=72000 in 1 chunks
20220807 134214.530 DEBUG            PET1 VMK::send():4407, size=72000 in 1 chunks
20220807 134214.530 DEBUG            PET1 VMK::recv():4898, size=4 in 1 chunks
20220807 134214.531 DEBUG            PET1 VMK::send():4407, size=72000 in 1 chunks
20220807 134214.531 DEBUG            PET1 VMK::recv():4898, size=4 in 1 chunks
20220807 134214.531 DEBUG            PET1 VMK::send():4407, size=72000 in 1 chunks
20220807 134214.531 DEBUG            PET1 VMK::recv():4898, size=4 in 1 chunks
20220807 134214.532 DEBUG            PET1 VMK::send():4407, size=4 in 1 chunks
20220807 134214.532 DEBUG            PET1 VMK::recv():4898, size=158400 in 1 chunks
20220807 134214.532 DEBUG            PET1 VMK::recv():4898, size=158400 in 1 chunks
20220807 134214.532 DEBUG            PET1 VMK::recv():4898, size=158400 in 1 chunks
20220807 134214.533 DEBUG            PET1 VMK::send():4407, size=158400 in 1 chunks
20220807 134214.535 DEBUG            PET1 VMK::recv():4898, size=144000 in 1 chunks
20220807 134214.535 DEBUG            PET1 VMK::send():4407, size=4 in 1 chunks
20220807 134214.535 DEBUG            PET1 VMK::send():4407, size=316800 in 1 chunks
20220807 134214.553 DEBUG            PET1 VMK::send():4407, size=115200 in 1 chunks
20220807 134214.554 DEBUG            PET1 VMK::send():4407, size=115200 in 1 chunks
20220807 134214.556 DEBUG            PET1 VMK::send():4407, size=115200 in 1 chunks
20220807 134214.556 DEBUG            PET1 VMK::send():4407, size=115200 in 1 chunks
20220807 134214.556 DEBUG            PET1 VMK::send():4407, size=115200 in 1 chunks
20220807 134214.559 DEBUG            PET1 VMK::send():4407, size=115200 in 1 chunks
20220807 134214.559 DEBUG            PET1 VMK::send():4407, size=115200 in 1 chunks
20220807 134214.559 DEBUG            PET1 VMK::send():4407, size=115200 in 1 chunks
20220807 134214.559 DEBUG            PET1 VMK::send():4407, size=115200 in 1 chunks
20220807 134214.560 DEBUG            PET1 VMK::send():4407, size=115200 in 1 chunks
20220807 134214.563 DEBUG            PET1 VMK::send():4407, size=115200 in 1 chunks
20220807 134214.563 DEBUG            PET1 VMK::send():4407, size=115200 in 1 chunks
20220807 134214.564 DEBUG            PET1 VMK::send():4407, size=115200 in 1 chunks
20220807 134214.564 DEBUG            PET1 VMK::send():4407, size=115200 in 1 chunks
20220807 134214.564 DEBUG            PET1 VMK::send():4407, size=115200 in 1 chunks
20220807 134214.564 DEBUG            PET1 VMK::send():4407, size=115200 in 1 chunks
20220807 134214.565 DEBUG            PET1 VMK::send():4407, size=115200 in 1 chunks
20220807 134214.565 DEBUG            PET1 VMK::send():4407, size=115200 in 1 chunks
20220807 134214.565 DEBUG            PET1 VMK::send():4407, size=115200 in 1 chunks
20220807 134214.565 DEBUG            PET1 VMK::send():4407, size=115200 in 1 chunks
20220807 134214.569 DEBUG            PET1 VMK::send():4407, size=115200 in 1 chunks
20220807 134214.569 DEBUG            PET1 VMK::send():4407, size=115200 in 1 chunks
20220807 134214.569 DEBUG            PET1 VMK::send():4407, size=115200 in 1 chunks
20220807 134214.569 DEBUG            PET1 VMK::send():4407, size=115200 in 1 chunks
20220807 134214.570 DEBUG            PET1 VMK::send():4407, size=115200 in 1 chunks
20220807 134214.570 DEBUG            PET1 VMK::send():4407, size=115200 in 1 chunks
20220807 134214.570 DEBUG            PET1 VMK::send():4407, size=115200 in 1 chunks
20220807 134214.570 DEBUG            PET1 VMK::send():4407, size=115200 in 1 chunks
20220807 134214.571 DEBUG            PET1 VMK::send():4407, size=115200 in 1 chunks
20220807 134214.571 DEBUG            PET1 VMK::send():4407, size=115200 in 1 chunks
20220807 134214.574 DEBUG            PET1 VMK::send():4407, size=115200 in 1 chunks
20220807 134214.574 INFO             PET1 ESMF_FieldRedistStoreNF(): Leaving routine.
20220807 134214.575 DEBUG            PET1 VMK::recv():4898, size=8 in 1 chunks
20220807 134214.575 DEBUG            PET1 VMK::send():4175, size=8 in one chunk
20220807 134214.575 DEBUG            PET1 VMK::recv():4898, size=1085 in 1 chunks
20220807 134214.575 DEBUG            PET1 VMK::send():4175, size=1085 in one chunk
20220807 134214.575 DEBUG            PET1 VMK::send():4407, size=115200 in 1 chunks
20220807 134214.577 DEBUG            PET1 epochFinal
20220807 134214.577 INFO             PET1  NUMBER_OF_PROCESSORS           4
20220807 134214.578 INFO             PET1  PASS  Example ESMF_RHandleFromRHandleEx, ESMF_RHandleFromRHandleEx.F90, line 660
20220807 134214.578 INFO             PET1 Finalizing ESMF
20220807 134214.578 DEBUG            PET1 epochFinal
20220807 134214.512 INFO             PET2 !!!!!!!!!!!!!!!!!!!!!!!!!!!!!!!!!!!!!!!!!!!!!!!!!!!!!!
20220807 134214.512 INFO             PET2 !!! THE ESMF_LOG IS SET TO OUTPUT ALL LOG MESSAGES !!!
20220807 134214.512 INFO             PET2 !!!     THIS MAY CAUSE SLOWDOWN IN PERFORMANCE     !!!
20220807 134214.512 INFO             PET2 !!! FOR PRODUCTION RUNS, USE:                      !!!
20220807 134214.512 INFO             PET2 !!!                   ESMF_LOGKIND_Multi_On_Error  !!!
20220807 134214.512 INFO             PET2 !!!!!!!!!!!!!!!!!!!!!!!!!!!!!!!!!!!!!!!!!!!!!!!!!!!!!!
20220807 134214.512 INFO             PET2 Running with ESMF Version   : v8.3.0b17-30-g0de4558e1e
20220807 134214.512 INFO             PET2 ESMF library build date/time: "Aug  7 2022" "12:40:52"
20220807 134214.512 INFO             PET2 ESMF library build location : /glade/scratch/dunlap/esmf-testing/intel_18.0.5_intelmpi_O_feature_large-messages/esmf
20220807 134214.512 INFO             PET2 ESMF_COMM                   : intelmpi
20220807 134214.512 INFO             PET2 ESMF_MOAB                   : enabled
20220807 134214.512 INFO             PET2 ESMF_LAPACK                 : enabled
20220807 134214.512 INFO             PET2 ESMF_NETCDF                 : enabled
20220807 134214.512 INFO             PET2 ESMF_PNETCDF                : disabled
20220807 134214.512 INFO             PET2 ESMF_PIO                    : enabled
20220807 134214.512 INFO             PET2 ESMF_YAMLCPP                : enabled
20220807 134214.513 DEBUG            PET2 epochInit
20220807 134214.518 INFO             PET2 ESMF_FieldRedistStoreNF(): Just entered routine.
20220807 134214.522 DEBUG            PET2 VMK::recv():4898, size=14400 in 1 chunks
20220807 134214.522 DEBUG            PET2 VMK::recv():4898, size=14400 in 1 chunks
20220807 134214.523 DEBUG            PET2 VMK::recv():4898, size=72000 in 1 chunks
20220807 134214.523 DEBUG            PET2 VMK::recv():4898, size=72000 in 1 chunks
20220807 134214.523 DEBUG            PET2 VMK::recv():4898, size=28800 in 1 chunks
20220807 134214.523 DEBUG            PET2 VMK::recv():4898, size=28800 in 1 chunks
20220807 134214.525 DEBUG            PET2 VMK::recv():4898, size=14400 in 1 chunks
20220807 134214.525 DEBUG            PET2 VMK::recv():4898, size=14400 in 1 chunks
20220807 134214.526 DEBUG            PET2 VMK::recv():4898, size=72000 in 1 chunks
20220807 134214.526 DEBUG            PET2 VMK::recv():4898, size=72000 in 1 chunks
20220807 134214.527 DEBUG            PET2 VMK::send():4407, size=57600 in 1 chunks
20220807 134214.527 DEBUG            PET2 VMK::send():4407, size=57600 in 1 chunks
20220807 134214.528 DEBUG            PET2 VMK::send():4407, size=57600 in 1 chunks
20220807 134214.530 DEBUG            PET2 VMK::recv():4898, size=72000 in 1 chunks
20220807 134214.530 DEBUG            PET2 VMK::recv():4898, size=72000 in 1 chunks
20220807 134214.531 DEBUG            PET2 VMK::send():4407, size=4 in 1 chunks
20220807 134214.531 DEBUG            PET2 VMK::send():4407, size=4 in 1 chunks
20220807 134214.531 DEBUG            PET2 VMK::send():4407, size=158400 in 1 chunks
20220807 134214.531 DEBUG            PET2 VMK::send():4407, size=158400 in 1 chunks
20220807 134214.533 DEBUG            PET2 VMK::send():4407, size=144000 in 1 chunks
20220807 134214.533 DEBUG            PET2 VMK::recv():4898, size=4 in 1 chunks
20220807 134214.534 DEBUG            PET2 VMK::send():4407, size=144000 in 1 chunks
20220807 134214.534 DEBUG            PET2 VMK::recv():4898, size=4 in 1 chunks
20220807 134214.534 DEBUG            PET2 VMK::send():4407, size=144000 in 1 chunks
20220807 134214.534 DEBUG            PET2 VMK::recv():4898, size=4 in 1 chunks
20220807 134214.537 DEBUG            PET2 VMK::recv():4898, size=316800 in 1 chunks
20220807 134214.537 DEBUG            PET2 VMK::recv():4898, size=316800 in 1 chunks
20220807 134214.537 DEBUG            PET2 VMK::recv():4898, size=316800 in 1 chunks
20220807 134214.553 DEBUG            PET2 VMK::recv():4898, size=115200 in 1 chunks
20220807 134214.554 DEBUG            PET2 VMK::recv():4898, size=115200 in 1 chunks
20220807 134214.554 DEBUG            PET2 VMK::recv():4898, size=115200 in 1 chunks
20220807 134214.554 DEBUG            PET2 VMK::recv():4898, size=115200 in 1 chunks
20220807 134214.556 DEBUG            PET2 VMK::recv():4898, size=115200 in 1 chunks
20220807 134214.556 DEBUG            PET2 VMK::recv():4898, size=115200 in 1 chunks
20220807 134214.556 DEBUG            PET2 VMK::recv():4898, size=115200 in 1 chunks
20220807 134214.556 DEBUG            PET2 VMK::recv():4898, size=115200 in 1 chunks
20220807 134214.556 DEBUG            PET2 VMK::recv():4898, size=115200 in 1 chunks
20220807 134214.557 DEBUG            PET2 VMK::recv():4898, size=115200 in 1 chunks
20220807 134214.559 DEBUG            PET2 VMK::recv():4898, size=115200 in 1 chunks
20220807 134214.559 DEBUG            PET2 VMK::recv():4898, size=115200 in 1 chunks
20220807 134214.559 DEBUG            PET2 VMK::recv():4898, size=115200 in 1 chunks
20220807 134214.559 DEBUG            PET2 VMK::recv():4898, size=115200 in 1 chunks
20220807 134214.559 DEBUG            PET2 VMK::recv():4898, size=115200 in 1 chunks
20220807 134214.559 DEBUG            PET2 VMK::recv():4898, size=115200 in 1 chunks
20220807 134214.559 DEBUG            PET2 VMK::recv():4898, size=115200 in 1 chunks
20220807 134214.559 DEBUG            PET2 VMK::recv():4898, size=115200 in 1 chunks
20220807 134214.560 DEBUG            PET2 VMK::recv():4898, size=115200 in 1 chunks
20220807 134214.560 DEBUG            PET2 VMK::recv():4898, size=115200 in 1 chunks
20220807 134214.563 DEBUG            PET2 VMK::recv():4898, size=115200 in 1 chunks
20220807 134214.563 DEBUG            PET2 VMK::recv():4898, size=115200 in 1 chunks
20220807 134214.563 DEBUG            PET2 VMK::recv():4898, size=115200 in 1 chunks
20220807 134214.563 DEBUG            PET2 VMK::recv():4898, size=115200 in 1 chunks
20220807 134214.563 DEBUG            PET2 VMK::recv():4898, size=115200 in 1 chunks
20220807 134214.563 DEBUG            PET2 VMK::recv():4898, size=115200 in 1 chunks
20220807 134214.564 DEBUG            PET2 VMK::recv():4898, size=115200 in 1 chunks
20220807 134214.564 DEBUG            PET2 VMK::recv():4898, size=115200 in 1 chunks
20220807 134214.564 DEBUG            PET2 VMK::recv():4898, size=115200 in 1 chunks
20220807 134214.564 DEBUG            PET2 VMK::recv():4898, size=115200 in 1 chunks
20220807 134214.564 DEBUG            PET2 VMK::recv():4898, size=115200 in 1 chunks
20220807 134214.564 DEBUG            PET2 VMK::recv():4898, size=115200 in 1 chunks
20220807 134214.565 DEBUG            PET2 VMK::recv():4898, size=115200 in 1 chunks
20220807 134214.565 DEBUG            PET2 VMK::recv():4898, size=115200 in 1 chunks
20220807 134214.565 DEBUG            PET2 VMK::recv():4898, size=115200 in 1 chunks
20220807 134214.565 DEBUG            PET2 VMK::recv():4898, size=115200 in 1 chunks
20220807 134214.565 DEBUG            PET2 VMK::recv():4898, size=115200 in 1 chunks
20220807 134214.565 DEBUG            PET2 VMK::recv():4898, size=115200 in 1 chunks
20220807 134214.565 DEBUG            PET2 VMK::recv():4898, size=115200 in 1 chunks
20220807 134214.565 DEBUG            PET2 VMK::recv():4898, size=115200 in 1 chunks
20220807 134214.569 DEBUG            PET2 VMK::recv():4898, size=115200 in 1 chunks
20220807 134214.569 DEBUG            PET2 VMK::recv():4898, size=115200 in 1 chunks
20220807 134214.569 DEBUG            PET2 VMK::recv():4898, size=115200 in 1 chunks
20220807 134214.569 DEBUG            PET2 VMK::recv():4898, size=115200 in 1 chunks
20220807 134214.569 DEBUG            PET2 VMK::recv():4898, size=115200 in 1 chunks
20220807 134214.569 DEBUG            PET2 VMK::recv():4898, size=115200 in 1 chunks
20220807 134214.569 DEBUG            PET2 VMK::recv():4898, size=115200 in 1 chunks
20220807 134214.569 DEBUG            PET2 VMK::recv():4898, size=115200 in 1 chunks
20220807 134214.570 DEBUG            PET2 VMK::recv():4898, size=115200 in 1 chunks
20220807 134214.570 DEBUG            PET2 VMK::recv():4898, size=115200 in 1 chunks
20220807 134214.570 DEBUG            PET2 VMK::recv():4898, size=115200 in 1 chunks
20220807 134214.570 DEBUG            PET2 VMK::recv():4898, size=115200 in 1 chunks
20220807 134214.570 DEBUG            PET2 VMK::recv():4898, size=115200 in 1 chunks
20220807 134214.570 DEBUG            PET2 VMK::recv():4898, size=115200 in 1 chunks
20220807 134214.570 DEBUG            PET2 VMK::recv():4898, size=115200 in 1 chunks
20220807 134214.570 DEBUG            PET2 VMK::recv():4898, size=115200 in 1 chunks
20220807 134214.571 DEBUG            PET2 VMK::recv():4898, size=115200 in 1 chunks
20220807 134214.571 DEBUG            PET2 VMK::recv():4898, size=115200 in 1 chunks
20220807 134214.571 DEBUG            PET2 VMK::recv():4898, size=115200 in 1 chunks
20220807 134214.571 DEBUG            PET2 VMK::recv():4898, size=115200 in 1 chunks
20220807 134214.574 DEBUG            PET2 VMK::recv():4898, size=115200 in 1 chunks
20220807 134214.574 DEBUG            PET2 VMK::recv():4898, size=115200 in 1 chunks
20220807 134214.575 INFO             PET2 ESMF_FieldRedistStoreNF(): Leaving routine.
20220807 134214.575 DEBUG            PET2 VMK::send():4175, size=8 in one chunk
20220807 134214.575 DEBUG            PET2 VMK::send():4175, size=1385739 in one chunk
20220807 134214.576 DEBUG            PET2 epochFinal
20220807 134214.576 INFO             PET2  NUMBER_OF_PROCESSORS           4
20220807 134214.576 INFO             PET2  PASS  Example ESMF_RHandleFromRHandleEx, ESMF_RHandleFromRHandleEx.F90, line 660
20220807 134214.576 INFO             PET2 Finalizing ESMF
20220807 134214.576 DEBUG            PET2 epochFinal
20220807 134214.512 INFO             PET3 !!!!!!!!!!!!!!!!!!!!!!!!!!!!!!!!!!!!!!!!!!!!!!!!!!!!!!
20220807 134214.512 INFO             PET3 !!! THE ESMF_LOG IS SET TO OUTPUT ALL LOG MESSAGES !!!
20220807 134214.512 INFO             PET3 !!!     THIS MAY CAUSE SLOWDOWN IN PERFORMANCE     !!!
20220807 134214.512 INFO             PET3 !!! FOR PRODUCTION RUNS, USE:                      !!!
20220807 134214.512 INFO             PET3 !!!                   ESMF_LOGKIND_Multi_On_Error  !!!
20220807 134214.512 INFO             PET3 !!!!!!!!!!!!!!!!!!!!!!!!!!!!!!!!!!!!!!!!!!!!!!!!!!!!!!
20220807 134214.512 INFO             PET3 Running with ESMF Version   : v8.3.0b17-30-g0de4558e1e
20220807 134214.512 INFO             PET3 ESMF library build date/time: "Aug  7 2022" "12:40:52"
20220807 134214.512 INFO             PET3 ESMF library build location : /glade/scratch/dunlap/esmf-testing/intel_18.0.5_intelmpi_O_feature_large-messages/esmf
20220807 134214.512 INFO             PET3 ESMF_COMM                   : intelmpi
20220807 134214.512 INFO             PET3 ESMF_MOAB                   : enabled
20220807 134214.512 INFO             PET3 ESMF_LAPACK                 : enabled
20220807 134214.512 INFO             PET3 ESMF_NETCDF                 : enabled
20220807 134214.512 INFO             PET3 ESMF_PNETCDF                : disabled
20220807 134214.512 INFO             PET3 ESMF_PIO                    : enabled
20220807 134214.512 INFO             PET3 ESMF_YAMLCPP                : enabled
20220807 134214.513 DEBUG            PET3 epochInit
20220807 134214.518 INFO             PET3 ESMF_FieldRedistStoreNF(): Just entered routine.
20220807 134214.522 DEBUG            PET3 VMK::recv():4898, size=14400 in 1 chunks
20220807 134214.522 DEBUG            PET3 VMK::recv():4898, size=14400 in 1 chunks
20220807 134214.523 DEBUG            PET3 VMK::recv():4898, size=72000 in 1 chunks
20220807 134214.523 DEBUG            PET3 VMK::recv():4898, size=72000 in 1 chunks
20220807 134214.523 DEBUG            PET3 VMK::recv():4898, size=28800 in 1 chunks
20220807 134214.523 DEBUG            PET3 VMK::recv():4898, size=28800 in 1 chunks
20220807 134214.525 DEBUG            PET3 VMK::recv():4898, size=14400 in 1 chunks
20220807 134214.525 DEBUG            PET3 VMK::recv():4898, size=14400 in 1 chunks
20220807 134214.526 DEBUG            PET3 VMK::recv():4898, size=72000 in 1 chunks
20220807 134214.526 DEBUG            PET3 VMK::recv():4898, size=72000 in 1 chunks
20220807 134214.526 DEBUG            PET3 VMK::recv():4898, size=57600 in 1 chunks
20220807 134214.530 DEBUG            PET3 VMK::recv():4898, size=72000 in 1 chunks
20220807 134214.530 DEBUG            PET3 VMK::recv():4898, size=72000 in 1 chunks
20220807 134214.530 DEBUG            PET3 VMK::send():4407, size=4 in 1 chunks
20220807 134214.531 DEBUG            PET3 VMK::send():4407, size=4 in 1 chunks
20220807 134214.531 DEBUG            PET3 VMK::send():4407, size=158400 in 1 chunks
20220807 134214.531 DEBUG            PET3 VMK::send():4407, size=158400 in 1 chunks
20220807 134214.532 DEBUG            PET3 VMK::recv():4898, size=144000 in 1 chunks
20220807 134214.534 DEBUG            PET3 VMK::send():4407, size=4 in 1 chunks
20220807 134214.535 DEBUG            PET3 VMK::send():4407, size=316800 in 1 chunks
20220807 134214.574 INFO             PET3 ESMF_FieldRedistStoreNF(): Leaving routine.
20220807 134214.574 DEBUG            PET3 VMK::recv():4898, size=8 in 1 chunks
20220807 134214.575 DEBUG            PET3 VMK::recv():4898, size=1385739 in 1 chunks
20220807 134214.577 DEBUG            PET3 VMK::recv():4898, size=115200 in 1 chunks
20220807 134214.577 DEBUG            PET3 VMK::recv():4898, size=115200 in 1 chunks
20220807 134214.577 DEBUG            PET3 epochFinal
20220807 134214.578 INFO             PET3  NUMBER_OF_PROCESSORS           4
20220807 134214.578 INFO             PET3  PASS  Example ESMF_RHandleFromRHandleEx, ESMF_RHandleFromRHandleEx.F90, line 660
20220807 134214.578 INFO             PET3 Finalizing ESMF
20220807 134214.579 DEBUG            PET3 epochFinal
