2022-08-05 08:57:31
20220805 095211.845 INFO             PET0 !!!!!!!!!!!!!!!!!!!!!!!!!!!!!!!!!!!!!!!!!!!!!!!!!!!!!!
20220805 095211.845 INFO             PET0 !!! THE ESMF_LOG IS SET TO OUTPUT ALL LOG MESSAGES !!!
20220805 095211.845 INFO             PET0 !!!     THIS MAY CAUSE SLOWDOWN IN PERFORMANCE     !!!
20220805 095211.845 INFO             PET0 !!! FOR PRODUCTION RUNS, USE:                      !!!
20220805 095211.845 INFO             PET0 !!!                   ESMF_LOGKIND_Multi_On_Error  !!!
20220805 095211.845 INFO             PET0 !!!!!!!!!!!!!!!!!!!!!!!!!!!!!!!!!!!!!!!!!!!!!!!!!!!!!!
20220805 095211.845 INFO             PET0 Running with ESMF Version   : v8.3.0b17-27-g5b5163fc0a
20220805 095211.845 INFO             PET0 ESMF library build date/time: "Aug  5 2022" "08:52:28"
20220805 095211.845 INFO             PET0 ESMF library build location : /glade/scratch/dunlap/esmf-testing/intel_18.0.5_intelmpi_O_feature_large-messages/esmf
20220805 095211.845 INFO             PET0 ESMF_COMM                   : intelmpi
20220805 095211.845 INFO             PET0 ESMF_MOAB                   : enabled
20220805 095211.845 INFO             PET0 ESMF_LAPACK                 : enabled
20220805 095211.845 INFO             PET0 ESMF_NETCDF                 : enabled
20220805 095211.845 INFO             PET0 ESMF_PNETCDF                : disabled
20220805 095211.845 INFO             PET0 ESMF_PIO                    : enabled
20220805 095211.845 INFO             PET0 ESMF_YAMLCPP                : enabled
20220805 095211.846 DEBUG            PET0 VMK::recv():4898, size=40 in 1 chunks
20220805 095211.846 DEBUG            PET0 VMK::recv():4898, size=40 in 1 chunks
20220805 095211.846 DEBUG            PET0 VMK::recv():4898, size=40 in 1 chunks
20220805 095211.846 DEBUG            PET0 epochBuffer:4765 non-blocking recv firstFlag=1 size=40
20220805 095211.846 DEBUG            PET0 epochBuffer:4778 ready to probe: src=3
20220805 095211.849 DEBUG            PET0 epochBuffer:4813 time in blocking probe: 0.00347185 seconds
20220805 095211.849 DEBUG            PET0 epochBuffer:4817 incoming message of size=104
20220805 095211.849 DEBUG            PET0 epochBuffer:4830 ready to post blocking recv: src=3 size=104 streamBuffer=0x2555c98
20220805 095211.849 DEBUG            PET0 epochBuffer:4849 time in blocking recv: 5.00679e-06 seconds
20220805 095211.849 DEBUG            PET0 epochBuffer:4863 processing recv chunk: buffer=0x2555c98 chunkSize=40 chunkTag=3000
20220805 095211.850 DEBUG            PET0 epochBuffer:4765 non-blocking recv firstFlag=0 size=40
20220805 095211.850 DEBUG            PET0 epochBuffer:4863 processing recv chunk: buffer=0x2555ccc chunkSize=40 chunkTag=3000
20220805 095211.850 INFO             PET0  NUMBER_OF_PROCESSORS           4
20220805 095211.850 INFO             PET0  PASS  Example ESMF_VMNonBlockingEx, ESMF_VMNonBlockingEx.F90, line 433
20220805 095211.850 INFO             PET0 Finalizing ESMF
20220805 095211.850 DEBUG            PET0 epochFinal
20220805 095211.845 INFO             PET1 !!!!!!!!!!!!!!!!!!!!!!!!!!!!!!!!!!!!!!!!!!!!!!!!!!!!!!
20220805 095211.845 INFO             PET1 !!! THE ESMF_LOG IS SET TO OUTPUT ALL LOG MESSAGES !!!
20220805 095211.845 INFO             PET1 !!!     THIS MAY CAUSE SLOWDOWN IN PERFORMANCE     !!!
20220805 095211.845 INFO             PET1 !!! FOR PRODUCTION RUNS, USE:                      !!!
20220805 095211.845 INFO             PET1 !!!                   ESMF_LOGKIND_Multi_On_Error  !!!
20220805 095211.845 INFO             PET1 !!!!!!!!!!!!!!!!!!!!!!!!!!!!!!!!!!!!!!!!!!!!!!!!!!!!!!
20220805 095211.845 INFO             PET1 Running with ESMF Version   : v8.3.0b17-27-g5b5163fc0a
20220805 095211.845 INFO             PET1 ESMF library build date/time: "Aug  5 2022" "08:52:28"
20220805 095211.845 INFO             PET1 ESMF library build location : /glade/scratch/dunlap/esmf-testing/intel_18.0.5_intelmpi_O_feature_large-messages/esmf
20220805 095211.845 INFO             PET1 ESMF_COMM                   : intelmpi
20220805 095211.845 INFO             PET1 ESMF_MOAB                   : enabled
20220805 095211.845 INFO             PET1 ESMF_LAPACK                 : enabled
20220805 095211.845 INFO             PET1 ESMF_NETCDF                 : enabled
20220805 095211.845 INFO             PET1 ESMF_PNETCDF                : disabled
20220805 095211.845 INFO             PET1 ESMF_PIO                    : enabled
20220805 095211.845 INFO             PET1 ESMF_YAMLCPP                : enabled
20220805 095211.846 INFO             PET1  NUMBER_OF_PROCESSORS           4
20220805 095211.846 INFO             PET1  PASS  Example ESMF_VMNonBlockingEx, ESMF_VMNonBlockingEx.F90, line 433
20220805 095211.846 INFO             PET1 Finalizing ESMF
20220805 095211.846 DEBUG            PET1 epochFinal
20220805 095211.845 INFO             PET2 !!!!!!!!!!!!!!!!!!!!!!!!!!!!!!!!!!!!!!!!!!!!!!!!!!!!!!
20220805 095211.845 INFO             PET2 !!! THE ESMF_LOG IS SET TO OUTPUT ALL LOG MESSAGES !!!
20220805 095211.845 INFO             PET2 !!!     THIS MAY CAUSE SLOWDOWN IN PERFORMANCE     !!!
20220805 095211.845 INFO             PET2 !!! FOR PRODUCTION RUNS, USE:                      !!!
20220805 095211.845 INFO             PET2 !!!                   ESMF_LOGKIND_Multi_On_Error  !!!
20220805 095211.845 INFO             PET2 !!!!!!!!!!!!!!!!!!!!!!!!!!!!!!!!!!!!!!!!!!!!!!!!!!!!!!
20220805 095211.845 INFO             PET2 Running with ESMF Version   : v8.3.0b17-27-g5b5163fc0a
20220805 095211.845 INFO             PET2 ESMF library build date/time: "Aug  5 2022" "08:52:28"
20220805 095211.845 INFO             PET2 ESMF library build location : /glade/scratch/dunlap/esmf-testing/intel_18.0.5_intelmpi_O_feature_large-messages/esmf
20220805 095211.845 INFO             PET2 ESMF_COMM                   : intelmpi
20220805 095211.846 INFO             PET2 ESMF_MOAB                   : enabled
20220805 095211.846 INFO             PET2 ESMF_LAPACK                 : enabled
20220805 095211.846 INFO             PET2 ESMF_NETCDF                 : enabled
20220805 095211.846 INFO             PET2 ESMF_PNETCDF                : disabled
20220805 095211.846 INFO             PET2 ESMF_PIO                    : enabled
20220805 095211.846 INFO             PET2 ESMF_YAMLCPP                : enabled
20220805 095211.846 INFO             PET2  NUMBER_OF_PROCESSORS           4
20220805 095211.846 INFO             PET2  PASS  Example ESMF_VMNonBlockingEx, ESMF_VMNonBlockingEx.F90, line 433
20220805 095211.846 INFO             PET2 Finalizing ESMF
20220805 095211.846 DEBUG            PET2 epochFinal
20220805 095211.845 INFO             PET3 !!!!!!!!!!!!!!!!!!!!!!!!!!!!!!!!!!!!!!!!!!!!!!!!!!!!!!
20220805 095211.845 INFO             PET3 !!! THE ESMF_LOG IS SET TO OUTPUT ALL LOG MESSAGES !!!
20220805 095211.845 INFO             PET3 !!!     THIS MAY CAUSE SLOWDOWN IN PERFORMANCE     !!!
20220805 095211.845 INFO             PET3 !!! FOR PRODUCTION RUNS, USE:                      !!!
20220805 095211.845 INFO             PET3 !!!                   ESMF_LOGKIND_Multi_On_Error  !!!
20220805 095211.845 INFO             PET3 !!!!!!!!!!!!!!!!!!!!!!!!!!!!!!!!!!!!!!!!!!!!!!!!!!!!!!
20220805 095211.845 INFO             PET3 Running with ESMF Version   : v8.3.0b17-27-g5b5163fc0a
20220805 095211.845 INFO             PET3 ESMF library build date/time: "Aug  5 2022" "08:52:28"
20220805 095211.845 INFO             PET3 ESMF library build location : /glade/scratch/dunlap/esmf-testing/intel_18.0.5_intelmpi_O_feature_large-messages/esmf
20220805 095211.845 INFO             PET3 ESMF_COMM                   : intelmpi
20220805 095211.846 INFO             PET3 ESMF_MOAB                   : enabled
20220805 095211.846 INFO             PET3 ESMF_LAPACK                 : enabled
20220805 095211.846 INFO             PET3 ESMF_NETCDF                 : enabled
20220805 095211.846 INFO             PET3 ESMF_PNETCDF                : disabled
20220805 095211.846 INFO             PET3 ESMF_PIO                    : enabled
20220805 095211.846 INFO             PET3 ESMF_YAMLCPP                : enabled
20220805 095211.846 DEBUG            PET3 VMK::send():4407, size=40 in 1 chunks
20220805 095211.846 DEBUG            PET3 VMK::send():4407, size=40 in 1 chunks
20220805 095211.846 DEBUG            PET3 VMK::send():4407, size=40 in 1 chunks
20220805 095211.846 DEBUG            PET3 epochBuffer:4353 non-blocking send to dst=0 firstFlag=1 msg size=40
20220805 095211.846 DEBUG            PET3 epochBuffer:4063 ready to clear outstanding comm
20220805 095211.846 INFO             PET3 VMK::sendBuffer::clear():1.0 - MemInfo: [/proc/meminfo - SSI]	MemTotal:       65507008 kB
20220805 095211.846 INFO             PET3 VMK::sendBuffer::clear():1.0 - MemInfo: [/proc/meminfo - SSI]	MemFree:        48355548 kB
20220805 095211.846 INFO             PET3 VMK::sendBuffer::clear():1.0 - MemInfo: [/proc/meminfo - SSI]	MemAvailable:   48283084 kB
20220805 095211.846 INFO             PET3 VMK::sendBuffer::clear():1.0 - MemInfo: [/proc/meminfo - SSI]	Committed_AS:   13437296 kB
20220805 095211.846 INFO             PET3 VMK::sendBuffer::clear():1.0 - MemInfo: [/proc/meminfo - SSI]	CommittedPercent: 20.5128 %
20220805 095211.846 INFO             PET3 VMK::sendBuffer::clear():1.0 - MemInfo: [/proc/self/status]	VmPeak:	  175576 kB
20220805 095211.846 INFO             PET3 VMK::sendBuffer::clear():1.0 - MemInfo: [/proc/self/status]	VmSize:	  175576 kB
20220805 095211.846 INFO             PET3 VMK::sendBuffer::clear():1.0 - MemInfo: [/proc/self/status]	VmLck:	       0 kB
20220805 095211.846 INFO             PET3 VMK::sendBuffer::clear():1.0 - MemInfo: [/proc/self/status]	VmPin:	       0 kB
20220805 095211.846 INFO             PET3 VMK::sendBuffer::clear():1.0 - MemInfo: [/proc/self/status]	VmHWM:	   19288 kB
20220805 095211.846 INFO             PET3 VMK::sendBuffer::clear():1.0 - MemInfo: [/proc/self/status]	VmRSS:	   19288 kB
20220805 095211.846 INFO             PET3 VMK::sendBuffer::clear():1.0 - MemInfo: [/proc/self/status]	VmData:	   18472 kB
20220805 095211.846 INFO             PET3 VMK::sendBuffer::clear():1.0 - MemInfo: [/proc/self/status]	VmStk:	     148 kB
20220805 095211.846 INFO             PET3 VMK::sendBuffer::clear():1.0 - MemInfo: [/proc/self/status]	VmExe:	    1680 kB
20220805 095211.846 INFO             PET3 VMK::sendBuffer::clear():1.0 - MemInfo: [/proc/self/status]	VmLib:	   84360 kB
20220805 095211.846 INFO             PET3 VMK::sendBuffer::clear():1.0 - MemInfo: [/proc/self/status]	VmPTE:	     236 kB
20220805 095211.846 INFO             PET3 VMK::sendBuffer::clear():1.0 - MemInfo: [/proc/self/status]	VmPMD:	      12 kB
20220805 095211.846 INFO             PET3 VMK::sendBuffer::clear():1.0 - MemInfo: [/proc/self/status]	VmSwap:	       0 kB
20220805 095211.846 INFO             PET3 VMK::sendBuffer::clear():1.0 - MemInfo: [/proc/self/status]	VmRSSPercent: 0.0294442 %
20220805 095211.846 INFO             PET3 VMK::sendBuffer::clear():1.0 - MemInfo: [malloc] Non-mmapped space allocated:                  593920 Byte
20220805 095211.846 INFO             PET3 VMK::sendBuffer::clear():1.0 - MemInfo: [malloc] Space allocated in mmapped regions:          4608000 Byte
20220805 095211.846 INFO             PET3 VMK::sendBuffer::clear():1.0 - MemInfo: [malloc] Maximum total allocated space:                     0 Byte
20220805 095211.846 INFO             PET3 VMK::sendBuffer::clear():1.0 - MemInfo: [malloc] Space in freed fastbin blocks:                   448 Byte
20220805 095211.846 INFO             PET3 VMK::sendBuffer::clear():1.0 - MemInfo: [malloc] Total allocated space:                        482592 Byte
20220805 095211.846 INFO             PET3 VMK::sendBuffer::clear():1.0 - MemInfo: [malloc] Total free space:                             111328 Byte
20220805 095211.848 INFO             PET3 VMK::sendBuffer::clear():1.0 - MemInfo: [malloc] Top-most, releasable space:                   110176 Byte
20220805 095211.848 INFO             PET3 VMK::sendBuffer::clear():1.0 - MemInfo: [malloc] Total space in use, mmap + non-mmap:         5090592 Byte
20220805 095211.848 INFO             PET3 VMK::sendBuffer::clear():1.0 - MemInfo: [malloc] Total space held (mmap + non-mmap):          5201920 Byte
20220805 095211.848 INFO             PET3 VMK::sendBuffer::clear():1.0 - MemInfo: [malloc] Total space used (mmap + non-mmap):          5099952 Byte
20220805 095211.848 INFO             PET3 VMK::sendBuffer::clear():1.0 - MemInfo: Wall-clock time since execution start:             0.00503898 seconds
20220805 095211.848 INFO             PET3 VMK::sendBuffer::clear():2.0 - MemInfo: [/proc/meminfo - SSI]	MemTotal:       65507008 kB
20220805 095211.848 INFO             PET3 VMK::sendBuffer::clear():2.0 - MemInfo: [/proc/meminfo - SSI]	MemFree:        48355548 kB
20220805 095211.848 INFO             PET3 VMK::sendBuffer::clear():2.0 - MemInfo: [/proc/meminfo - SSI]	MemAvailable:   48283084 kB
20220805 095211.848 INFO             PET3 VMK::sendBuffer::clear():2.0 - MemInfo: [/proc/meminfo - SSI]	Committed_AS:   13437296 kB
20220805 095211.848 INFO             PET3 VMK::sendBuffer::clear():2.0 - MemInfo: [/proc/meminfo - SSI]	CommittedPercent: 20.5128 %
20220805 095211.848 INFO             PET3 VMK::sendBuffer::clear():2.0 - MemInfo: [/proc/self/status]	VmPeak:	  175576 kB
20220805 095211.848 INFO             PET3 VMK::sendBuffer::clear():2.0 - MemInfo: [/proc/self/status]	VmSize:	  175576 kB
20220805 095211.848 INFO             PET3 VMK::sendBuffer::clear():2.0 - MemInfo: [/proc/self/status]	VmLck:	       0 kB
20220805 095211.848 INFO             PET3 VMK::sendBuffer::clear():2.0 - MemInfo: [/proc/self/status]	VmPin:	       0 kB
20220805 095211.848 INFO             PET3 VMK::sendBuffer::clear():2.0 - MemInfo: [/proc/self/status]	VmHWM:	   19344 kB
20220805 095211.848 INFO             PET3 VMK::sendBuffer::clear():2.0 - MemInfo: [/proc/self/status]	VmRSS:	   19344 kB
20220805 095211.848 INFO             PET3 VMK::sendBuffer::clear():2.0 - MemInfo: [/proc/self/status]	VmData:	   18472 kB
20220805 095211.848 INFO             PET3 VMK::sendBuffer::clear():2.0 - MemInfo: [/proc/self/status]	VmStk:	     148 kB
20220805 095211.848 INFO             PET3 VMK::sendBuffer::clear():2.0 - MemInfo: [/proc/self/status]	VmExe:	    1680 kB
20220805 095211.848 INFO             PET3 VMK::sendBuffer::clear():2.0 - MemInfo: [/proc/self/status]	VmLib:	   84360 kB
20220805 095211.848 INFO             PET3 VMK::sendBuffer::clear():2.0 - MemInfo: [/proc/self/status]	VmPTE:	     236 kB
20220805 095211.848 INFO             PET3 VMK::sendBuffer::clear():2.0 - MemInfo: [/proc/self/status]	VmPMD:	      12 kB
20220805 095211.848 INFO             PET3 VMK::sendBuffer::clear():2.0 - MemInfo: [/proc/self/status]	VmSwap:	       0 kB
20220805 095211.848 INFO             PET3 VMK::sendBuffer::clear():2.0 - MemInfo: [/proc/self/status]	VmRSSPercent: 0.0295297 %
20220805 095211.848 INFO             PET3 VMK::sendBuffer::clear():2.0 - MemInfo: [malloc] Non-mmapped space allocated:                  593920 Byte
20220805 095211.848 INFO             PET3 VMK::sendBuffer::clear():2.0 - MemInfo: [malloc] Space allocated in mmapped regions:          4608000 Byte
20220805 095211.848 INFO             PET3 VMK::sendBuffer::clear():2.0 - MemInfo: [malloc] Maximum total allocated space:                     0 Byte
20220805 095211.848 INFO             PET3 VMK::sendBuffer::clear():2.0 - MemInfo: [malloc] Space in freed fastbin blocks:                   128 Byte
20220805 095211.848 INFO             PET3 VMK::sendBuffer::clear():2.0 - MemInfo: [malloc] Total allocated space:                        482592 Byte
20220805 095211.848 INFO             PET3 VMK::sendBuffer::clear():2.0 - MemInfo: [malloc] Total free space:                             111328 Byte
20220805 095211.848 INFO             PET3 VMK::sendBuffer::clear():2.0 - MemInfo: [malloc] Top-most, releasable space:                   110960 Byte
20220805 095211.848 INFO             PET3 VMK::sendBuffer::clear():2.0 - MemInfo: [malloc] Total space in use, mmap + non-mmap:         5090592 Byte
20220805 095211.848 INFO             PET3 VMK::sendBuffer::clear():2.0 - MemInfo: [malloc] Total space held (mmap + non-mmap):          5201920 Byte
20220805 095211.848 INFO             PET3 VMK::sendBuffer::clear():2.0 - MemInfo: [malloc] Total space used (mmap + non-mmap):          5099952 Byte
20220805 095211.848 INFO             PET3 VMK::sendBuffer::clear():2.0 - MemInfo: Wall-clock time since execution start:             0.00535083 seconds
20220805 095211.848 INFO             PET3 VMK::sendBuffer::clear():3.0 - MemInfo: [/proc/meminfo - SSI]	MemTotal:       65507008 kB
20220805 095211.848 INFO             PET3 VMK::sendBuffer::clear():3.0 - MemInfo: [/proc/meminfo - SSI]	MemFree:        48355548 kB
20220805 095211.848 INFO             PET3 VMK::sendBuffer::clear():3.0 - MemInfo: [/proc/meminfo - SSI]	MemAvailable:   48283084 kB
20220805 095211.848 INFO             PET3 VMK::sendBuffer::clear():3.0 - MemInfo: [/proc/meminfo - SSI]	Committed_AS:   13437296 kB
20220805 095211.848 INFO             PET3 VMK::sendBuffer::clear():3.0 - MemInfo: [/proc/meminfo - SSI]	CommittedPercent: 20.5128 %
20220805 095211.849 INFO             PET3 VMK::sendBuffer::clear():3.0 - MemInfo: [/proc/self/status]	VmPeak:	  175576 kB
20220805 095211.849 INFO             PET3 VMK::sendBuffer::clear():3.0 - MemInfo: [/proc/self/status]	VmSize:	  175576 kB
20220805 095211.849 INFO             PET3 VMK::sendBuffer::clear():3.0 - MemInfo: [/proc/self/status]	VmLck:	       0 kB
20220805 095211.849 INFO             PET3 VMK::sendBuffer::clear():3.0 - MemInfo: [/proc/self/status]	VmPin:	       0 kB
20220805 095211.849 INFO             PET3 VMK::sendBuffer::clear():3.0 - MemInfo: [/proc/self/status]	VmHWM:	   19348 kB
20220805 095211.849 INFO             PET3 VMK::sendBuffer::clear():3.0 - MemInfo: [/proc/self/status]	VmRSS:	   19348 kB
20220805 095211.849 INFO             PET3 VMK::sendBuffer::clear():3.0 - MemInfo: [/proc/self/status]	VmData:	   18472 kB
20220805 095211.849 INFO             PET3 VMK::sendBuffer::clear():3.0 - MemInfo: [/proc/self/status]	VmStk:	     148 kB
20220805 095211.849 INFO             PET3 VMK::sendBuffer::clear():3.0 - MemInfo: [/proc/self/status]	VmExe:	    1680 kB
20220805 095211.849 INFO             PET3 VMK::sendBuffer::clear():3.0 - MemInfo: [/proc/self/status]	VmLib:	   84360 kB
20220805 095211.849 INFO             PET3 VMK::sendBuffer::clear():3.0 - MemInfo: [/proc/self/status]	VmPTE:	     236 kB
20220805 095211.849 INFO             PET3 VMK::sendBuffer::clear():3.0 - MemInfo: [/proc/self/status]	VmPMD:	      12 kB
20220805 095211.849 INFO             PET3 VMK::sendBuffer::clear():3.0 - MemInfo: [/proc/self/status]	VmSwap:	       0 kB
20220805 095211.849 INFO             PET3 VMK::sendBuffer::clear():3.0 - MemInfo: [/proc/self/status]	VmRSSPercent: 0.0295358 %
20220805 095211.849 INFO             PET3 VMK::sendBuffer::clear():3.0 - MemInfo: [malloc] Non-mmapped space allocated:                  593920 Byte
20220805 095211.849 INFO             PET3 VMK::sendBuffer::clear():3.0 - MemInfo: [malloc] Space allocated in mmapped regions:          4608000 Byte
20220805 095211.849 INFO             PET3 VMK::sendBuffer::clear():3.0 - MemInfo: [malloc] Maximum total allocated space:                     0 Byte
20220805 095211.849 INFO             PET3 VMK::sendBuffer::clear():3.0 - MemInfo: [malloc] Space in freed fastbin blocks:                   128 Byte
20220805 095211.849 INFO             PET3 VMK::sendBuffer::clear():3.0 - MemInfo: [malloc] Total allocated space:                        482592 Byte
20220805 095211.849 INFO             PET3 VMK::sendBuffer::clear():3.0 - MemInfo: [malloc] Total free space:                             111328 Byte
20220805 095211.849 INFO             PET3 VMK::sendBuffer::clear():3.0 - MemInfo: [malloc] Top-most, releasable space:                   110960 Byte
20220805 095211.849 INFO             PET3 VMK::sendBuffer::clear():3.0 - MemInfo: [malloc] Total space in use, mmap + non-mmap:         5090592 Byte
20220805 095211.849 INFO             PET3 VMK::sendBuffer::clear():3.0 - MemInfo: [malloc] Total space held (mmap + non-mmap):          5201920 Byte
20220805 095211.849 INFO             PET3 VMK::sendBuffer::clear():3.0 - MemInfo: [malloc] Total space used (mmap + non-mmap):          5099952 Byte
20220805 095211.849 INFO             PET3 VMK::sendBuffer::clear():3.0 - MemInfo: Wall-clock time since execution start:             0.00563788 seconds
20220805 095211.849 DEBUG            PET3 epochBuffer:4376 non-blocking send write complete, current stream size=52
20220805 095211.849 DEBUG            PET3 epochBuffer:4353 non-blocking send to dst=0 firstFlag=0 msg size=40
20220805 095211.849 DEBUG            PET3 epochBuffer:4376 non-blocking send write complete, current stream size=104
20220805 095211.849 DEBUG            PET3 epochBuffer:3868 unacknowledged sends to dst=0: 0
20220805 095211.849 INFO             PET3 VMK::epochExit:1.0 - MemInfo: [/proc/meminfo - SSI]	MemTotal:       65507008 kB
20220805 095211.849 INFO             PET3 VMK::epochExit:1.0 - MemInfo: [/proc/meminfo - SSI]	MemFree:        48355548 kB
20220805 095211.849 INFO             PET3 VMK::epochExit:1.0 - MemInfo: [/proc/meminfo - SSI]	MemAvailable:   48283084 kB
20220805 095211.849 INFO             PET3 VMK::epochExit:1.0 - MemInfo: [/proc/meminfo - SSI]	Committed_AS:   13437296 kB
20220805 095211.849 INFO             PET3 VMK::epochExit:1.0 - MemInfo: [/proc/meminfo - SSI]	CommittedPercent: 20.5128 %
20220805 095211.849 INFO             PET3 VMK::epochExit:1.0 - MemInfo: [/proc/self/status]	VmPeak:	  175576 kB
20220805 095211.849 INFO             PET3 VMK::epochExit:1.0 - MemInfo: [/proc/self/status]	VmSize:	  175576 kB
20220805 095211.849 INFO             PET3 VMK::epochExit:1.0 - MemInfo: [/proc/self/status]	VmLck:	       0 kB
20220805 095211.849 INFO             PET3 VMK::epochExit:1.0 - MemInfo: [/proc/self/status]	VmPin:	       0 kB
20220805 095211.849 INFO             PET3 VMK::epochExit:1.0 - MemInfo: [/proc/self/status]	VmHWM:	   19368 kB
20220805 095211.849 INFO             PET3 VMK::epochExit:1.0 - MemInfo: [/proc/self/status]	VmRSS:	   19368 kB
20220805 095211.849 INFO             PET3 VMK::epochExit:1.0 - MemInfo: [/proc/self/status]	VmData:	   18472 kB
20220805 095211.849 INFO             PET3 VMK::epochExit:1.0 - MemInfo: [/proc/self/status]	VmStk:	     148 kB
20220805 095211.849 INFO             PET3 VMK::epochExit:1.0 - MemInfo: [/proc/self/status]	VmExe:	    1680 kB
20220805 095211.849 INFO             PET3 VMK::epochExit:1.0 - MemInfo: [/proc/self/status]	VmLib:	   84360 kB
20220805 095211.849 INFO             PET3 VMK::epochExit:1.0 - MemInfo: [/proc/self/status]	VmPTE:	     236 kB
20220805 095211.849 INFO             PET3 VMK::epochExit:1.0 - MemInfo: [/proc/self/status]	VmPMD:	      12 kB
20220805 095211.849 INFO             PET3 VMK::epochExit:1.0 - MemInfo: [/proc/self/status]	VmSwap:	       0 kB
20220805 095211.849 INFO             PET3 VMK::epochExit:1.0 - MemInfo: [/proc/self/status]	VmRSSPercent: 0.0295663 %
20220805 095211.849 INFO             PET3 VMK::epochExit:1.0 - MemInfo: [malloc] Non-mmapped space allocated:                  593920 Byte
20220805 095211.849 INFO             PET3 VMK::epochExit:1.0 - MemInfo: [malloc] Space allocated in mmapped regions:          4608000 Byte
20220805 095211.849 INFO             PET3 VMK::epochExit:1.0 - MemInfo: [malloc] Maximum total allocated space:                     0 Byte
20220805 095211.849 INFO             PET3 VMK::epochExit:1.0 - MemInfo: [malloc] Space in freed fastbin blocks:                   240 Byte
20220805 095211.849 INFO             PET3 VMK::epochExit:1.0 - MemInfo: [malloc] Total allocated space:                        481648 Byte
20220805 095211.849 INFO             PET3 VMK::epochExit:1.0 - MemInfo: [malloc] Total free space:                             112272 Byte
20220805 095211.849 INFO             PET3 VMK::epochExit:1.0 - MemInfo: [malloc] Top-most, releasable space:                   111408 Byte
20220805 095211.849 INFO             PET3 VMK::epochExit:1.0 - MemInfo: [malloc] Total space in use, mmap + non-mmap:         5089648 Byte
20220805 095211.849 INFO             PET3 VMK::epochExit:1.0 - MemInfo: [malloc] Total space held (mmap + non-mmap):          5201920 Byte
20220805 095211.849 INFO             PET3 VMK::epochExit:1.0 - MemInfo: [malloc] Total space used (mmap + non-mmap):          5099008 Byte
20220805 095211.849 INFO             PET3 VMK::epochExit:1.0 - MemInfo: Wall-clock time since execution start:             0.00598693 seconds
20220805 095211.849 INFO             PET3 VMK::epochExit:2.0 - MemInfo: [/proc/meminfo - SSI]	MemTotal:       65507008 kB
20220805 095211.849 INFO             PET3 VMK::epochExit:2.0 - MemInfo: [/proc/meminfo - SSI]	MemFree:        48355548 kB
20220805 095211.849 INFO             PET3 VMK::epochExit:2.0 - MemInfo: [/proc/meminfo - SSI]	MemAvailable:   48283084 kB
20220805 095211.849 INFO             PET3 VMK::epochExit:2.0 - MemInfo: [/proc/meminfo - SSI]	Committed_AS:   13437296 kB
20220805 095211.849 INFO             PET3 VMK::epochExit:2.0 - MemInfo: [/proc/meminfo - SSI]	CommittedPercent: 20.5128 %
20220805 095211.849 INFO             PET3 VMK::epochExit:2.0 - MemInfo: [/proc/self/status]	VmPeak:	  175576 kB
20220805 095211.849 INFO             PET3 VMK::epochExit:2.0 - MemInfo: [/proc/self/status]	VmSize:	  175576 kB
20220805 095211.849 INFO             PET3 VMK::epochExit:2.0 - MemInfo: [/proc/self/status]	VmLck:	       0 kB
20220805 095211.849 INFO             PET3 VMK::epochExit:2.0 - MemInfo: [/proc/self/status]	VmPin:	       0 kB
20220805 095211.849 INFO             PET3 VMK::epochExit:2.0 - MemInfo: [/proc/self/status]	VmHWM:	   19368 kB
20220805 095211.849 INFO             PET3 VMK::epochExit:2.0 - MemInfo: [/proc/self/status]	VmRSS:	   19368 kB
20220805 095211.849 INFO             PET3 VMK::epochExit:2.0 - MemInfo: [/proc/self/status]	VmData:	   18472 kB
20220805 095211.849 INFO             PET3 VMK::epochExit:2.0 - MemInfo: [/proc/self/status]	VmStk:	     148 kB
20220805 095211.849 INFO             PET3 VMK::epochExit:2.0 - MemInfo: [/proc/self/status]	VmExe:	    1680 kB
20220805 095211.849 INFO             PET3 VMK::epochExit:2.0 - MemInfo: [/proc/self/status]	VmLib:	   84360 kB
20220805 095211.849 INFO             PET3 VMK::epochExit:2.0 - MemInfo: [/proc/self/status]	VmPTE:	     236 kB
20220805 095211.849 INFO             PET3 VMK::epochExit:2.0 - MemInfo: [/proc/self/status]	VmPMD:	      12 kB
20220805 095211.849 INFO             PET3 VMK::epochExit:2.0 - MemInfo: [/proc/self/status]	VmSwap:	       0 kB
20220805 095211.849 INFO             PET3 VMK::epochExit:2.0 - MemInfo: [/proc/self/status]	VmRSSPercent: 0.0295663 %
20220805 095211.849 INFO             PET3 VMK::epochExit:2.0 - MemInfo: [malloc] Non-mmapped space allocated:                  593920 Byte
20220805 095211.849 INFO             PET3 VMK::epochExit:2.0 - MemInfo: [malloc] Space allocated in mmapped regions:          4608000 Byte
20220805 095211.849 INFO             PET3 VMK::epochExit:2.0 - MemInfo: [malloc] Maximum total allocated space:                     0 Byte
20220805 095211.849 INFO             PET3 VMK::epochExit:2.0 - MemInfo: [malloc] Space in freed fastbin blocks:                   144 Byte
20220805 095211.849 INFO             PET3 VMK::epochExit:2.0 - MemInfo: [malloc] Total allocated space:                        481648 Byte
20220805 095211.849 INFO             PET3 VMK::epochExit:2.0 - MemInfo: [malloc] Total free space:                             112272 Byte
20220805 095211.849 INFO             PET3 VMK::epochExit:2.0 - MemInfo: [malloc] Top-most, releasable space:                   111408 Byte
20220805 095211.849 INFO             PET3 VMK::epochExit:2.0 - MemInfo: [malloc] Total space in use, mmap + non-mmap:         5089648 Byte
20220805 095211.849 INFO             PET3 VMK::epochExit:2.0 - MemInfo: [malloc] Total space held (mmap + non-mmap):          5201920 Byte
20220805 095211.849 INFO             PET3 VMK::epochExit:2.0 - MemInfo: [malloc] Total space used (mmap + non-mmap):          5099008 Byte
20220805 095211.849 INFO             PET3 VMK::epochExit:2.0 - MemInfo: Wall-clock time since execution start:             0.00626397 seconds
20220805 095211.849 DEBUG            PET3 epochBuffer:3920 ready to post non-blocking send: dst=0 size=104 buffer=0x1fabc00
20220805 095211.849 DEBUG            PET3 epochBuffer:3971 time in non-blocking send: 1.90735e-06 seconds
20220805 095211.849 INFO             PET3 VMK::epochExit:3.0 - MemInfo: [/proc/meminfo - SSI]	MemTotal:       65507008 kB
20220805 095211.849 INFO             PET3 VMK::epochExit:3.0 - MemInfo: [/proc/meminfo - SSI]	MemFree:        48355548 kB
20220805 095211.849 INFO             PET3 VMK::epochExit:3.0 - MemInfo: [/proc/meminfo - SSI]	MemAvailable:   48283084 kB
20220805 095211.849 INFO             PET3 VMK::epochExit:3.0 - MemInfo: [/proc/meminfo - SSI]	Committed_AS:   13437296 kB
20220805 095211.849 INFO             PET3 VMK::epochExit:3.0 - MemInfo: [/proc/meminfo - SSI]	CommittedPercent: 20.5128 %
20220805 095211.849 INFO             PET3 VMK::epochExit:3.0 - MemInfo: [/proc/self/status]	VmPeak:	  175576 kB
20220805 095211.849 INFO             PET3 VMK::epochExit:3.0 - MemInfo: [/proc/self/status]	VmSize:	  175576 kB
20220805 095211.849 INFO             PET3 VMK::epochExit:3.0 - MemInfo: [/proc/self/status]	VmLck:	       0 kB
20220805 095211.849 INFO             PET3 VMK::epochExit:3.0 - MemInfo: [/proc/self/status]	VmPin:	       0 kB
20220805 095211.850 INFO             PET3 VMK::epochExit:3.0 - MemInfo: [/proc/self/status]	VmHWM:	   19376 kB
20220805 095211.850 INFO             PET3 VMK::epochExit:3.0 - MemInfo: [/proc/self/status]	VmRSS:	   19376 kB
20220805 095211.850 INFO             PET3 VMK::epochExit:3.0 - MemInfo: [/proc/self/status]	VmData:	   18472 kB
20220805 095211.850 INFO             PET3 VMK::epochExit:3.0 - MemInfo: [/proc/self/status]	VmStk:	     148 kB
20220805 095211.850 INFO             PET3 VMK::epochExit:3.0 - MemInfo: [/proc/self/status]	VmExe:	    1680 kB
20220805 095211.850 INFO             PET3 VMK::epochExit:3.0 - MemInfo: [/proc/self/status]	VmLib:	   84360 kB
20220805 095211.850 INFO             PET3 VMK::epochExit:3.0 - MemInfo: [/proc/self/status]	VmPTE:	     236 kB
20220805 095211.850 INFO             PET3 VMK::epochExit:3.0 - MemInfo: [/proc/self/status]	VmPMD:	      12 kB
20220805 095211.850 INFO             PET3 VMK::epochExit:3.0 - MemInfo: [/proc/self/status]	VmSwap:	       0 kB
20220805 095211.850 INFO             PET3 VMK::epochExit:3.0 - MemInfo: [/proc/self/status]	VmRSSPercent: 0.0295785 %
20220805 095211.850 INFO             PET3 VMK::epochExit:3.0 - MemInfo: [malloc] Non-mmapped space allocated:                  593920 Byte
20220805 095211.850 INFO             PET3 VMK::epochExit:3.0 - MemInfo: [malloc] Space allocated in mmapped regions:          4608000 Byte
20220805 095211.850 INFO             PET3 VMK::epochExit:3.0 - MemInfo: [malloc] Maximum total allocated space:                     0 Byte
20220805 095211.850 INFO             PET3 VMK::epochExit:3.0 - MemInfo: [malloc] Space in freed fastbin blocks:                   368 Byte
20220805 095211.850 INFO             PET3 VMK::epochExit:3.0 - MemInfo: [malloc] Total allocated space:                        481648 Byte
20220805 095211.850 INFO             PET3 VMK::epochExit:3.0 - MemInfo: [malloc] Total free space:                             112272 Byte
20220805 095211.850 INFO             PET3 VMK::epochExit:3.0 - MemInfo: [malloc] Top-most, releasable space:                   111280 Byte
20220805 095211.850 INFO             PET3 VMK::epochExit:3.0 - MemInfo: [malloc] Total space in use, mmap + non-mmap:         5089648 Byte
20220805 095211.850 INFO             PET3 VMK::epochExit:3.0 - MemInfo: [malloc] Total space held (mmap + non-mmap):          5201920 Byte
20220805 095211.850 INFO             PET3 VMK::epochExit:3.0 - MemInfo: [malloc] Total space used (mmap + non-mmap):          5099008 Byte
20220805 095211.850 INFO             PET3 VMK::epochExit:3.0 - MemInfo: Wall-clock time since execution start:             0.00662088 seconds
20220805 095211.850 DEBUG            PET3 epochBuffer:3987 unacknowledged sends to dst=0: 1
20220805 095211.850 INFO             PET3 VMK::epochExit:4.0 - MemInfo: [/proc/meminfo - SSI]	MemTotal:       65507008 kB
20220805 095211.850 INFO             PET3 VMK::epochExit:4.0 - MemInfo: [/proc/meminfo - SSI]	MemFree:        48355548 kB
20220805 095211.850 INFO             PET3 VMK::epochExit:4.0 - MemInfo: [/proc/meminfo - SSI]	MemAvailable:   48283084 kB
20220805 095211.850 INFO             PET3 VMK::epochExit:4.0 - MemInfo: [/proc/meminfo - SSI]	Committed_AS:   13437296 kB
20220805 095211.850 INFO             PET3 VMK::epochExit:4.0 - MemInfo: [/proc/meminfo - SSI]	CommittedPercent: 20.5128 %
20220805 095211.850 INFO             PET3 VMK::epochExit:4.0 - MemInfo: [/proc/self/status]	VmPeak:	  175576 kB
20220805 095211.850 INFO             PET3 VMK::epochExit:4.0 - MemInfo: [/proc/self/status]	VmSize:	  175576 kB
20220805 095211.850 INFO             PET3 VMK::epochExit:4.0 - MemInfo: [/proc/self/status]	VmLck:	       0 kB
20220805 095211.850 INFO             PET3 VMK::epochExit:4.0 - MemInfo: [/proc/self/status]	VmPin:	       0 kB
20220805 095211.850 INFO             PET3 VMK::epochExit:4.0 - MemInfo: [/proc/self/status]	VmHWM:	   19384 kB
20220805 095211.850 INFO             PET3 VMK::epochExit:4.0 - MemInfo: [/proc/self/status]	VmRSS:	   19384 kB
20220805 095211.850 INFO             PET3 VMK::epochExit:4.0 - MemInfo: [/proc/self/status]	VmData:	   18472 kB
20220805 095211.850 INFO             PET3 VMK::epochExit:4.0 - MemInfo: [/proc/self/status]	VmStk:	     148 kB
20220805 095211.850 INFO             PET3 VMK::epochExit:4.0 - MemInfo: [/proc/self/status]	VmExe:	    1680 kB
20220805 095211.850 INFO             PET3 VMK::epochExit:4.0 - MemInfo: [/proc/self/status]	VmLib:	   84360 kB
20220805 095211.850 INFO             PET3 VMK::epochExit:4.0 - MemInfo: [/proc/self/status]	VmPTE:	     236 kB
20220805 095211.850 INFO             PET3 VMK::epochExit:4.0 - MemInfo: [/proc/self/status]	VmPMD:	      12 kB
20220805 095211.850 INFO             PET3 VMK::epochExit:4.0 - MemInfo: [/proc/self/status]	VmSwap:	       0 kB
20220805 095211.850 INFO             PET3 VMK::epochExit:4.0 - MemInfo: [/proc/self/status]	VmRSSPercent: 0.0295907 %
20220805 095211.850 INFO             PET3 VMK::epochExit:4.0 - MemInfo: [malloc] Non-mmapped space allocated:                  593920 Byte
20220805 095211.850 INFO             PET3 VMK::epochExit:4.0 - MemInfo: [malloc] Space allocated in mmapped regions:          4608000 Byte
20220805 095211.850 INFO             PET3 VMK::epochExit:4.0 - MemInfo: [malloc] Maximum total allocated space:                     0 Byte
20220805 095211.850 INFO             PET3 VMK::epochExit:4.0 - MemInfo: [malloc] Space in freed fastbin blocks:                   240 Byte
20220805 095211.850 INFO             PET3 VMK::epochExit:4.0 - MemInfo: [malloc] Total allocated space:                        481648 Byte
20220805 095211.850 INFO             PET3 VMK::epochExit:4.0 - MemInfo: [malloc] Total free space:                             112272 Byte
20220805 095211.850 INFO             PET3 VMK::epochExit:4.0 - MemInfo: [malloc] Top-most, releasable space:                   111408 Byte
20220805 095211.850 INFO             PET3 VMK::epochExit:4.0 - MemInfo: [malloc] Total space in use, mmap + non-mmap:         5089648 Byte
20220805 095211.850 INFO             PET3 VMK::epochExit:4.0 - MemInfo: [malloc] Total space held (mmap + non-mmap):          5201920 Byte
20220805 095211.850 INFO             PET3 VMK::epochExit:4.0 - MemInfo: [malloc] Total space used (mmap + non-mmap):          5099008 Byte
20220805 095211.850 INFO             PET3 VMK::epochExit:4.0 - MemInfo: Wall-clock time since execution start:             0.00690603 seconds
20220805 095211.850 DEBUG            PET3 epochBuffer:3868 unacknowledged sends to dst=0: 1
20220805 095211.850 INFO             PET3 VMK::epochExit:1.0 - MemInfo: [/proc/meminfo - SSI]	MemTotal:       65507008 kB
20220805 095211.850 INFO             PET3 VMK::epochExit:1.0 - MemInfo: [/proc/meminfo - SSI]	MemFree:        48355548 kB
20220805 095211.850 INFO             PET3 VMK::epochExit:1.0 - MemInfo: [/proc/meminfo - SSI]	MemAvailable:   48283084 kB
20220805 095211.850 INFO             PET3 VMK::epochExit:1.0 - MemInfo: [/proc/meminfo - SSI]	Committed_AS:   13437296 kB
20220805 095211.850 INFO             PET3 VMK::epochExit:1.0 - MemInfo: [/proc/meminfo - SSI]	CommittedPercent: 20.5128 %
20220805 095211.850 INFO             PET3 VMK::epochExit:1.0 - MemInfo: [/proc/self/status]	VmPeak:	  175576 kB
20220805 095211.850 INFO             PET3 VMK::epochExit:1.0 - MemInfo: [/proc/self/status]	VmSize:	  175576 kB
20220805 095211.850 INFO             PET3 VMK::epochExit:1.0 - MemInfo: [/proc/self/status]	VmLck:	       0 kB
20220805 095211.850 INFO             PET3 VMK::epochExit:1.0 - MemInfo: [/proc/self/status]	VmPin:	       0 kB
20220805 095211.850 INFO             PET3 VMK::epochExit:1.0 - MemInfo: [/proc/self/status]	VmHWM:	   19384 kB
20220805 095211.850 INFO             PET3 VMK::epochExit:1.0 - MemInfo: [/proc/self/status]	VmRSS:	   19384 kB
20220805 095211.850 INFO             PET3 VMK::epochExit:1.0 - MemInfo: [/proc/self/status]	VmData:	   18472 kB
20220805 095211.850 INFO             PET3 VMK::epochExit:1.0 - MemInfo: [/proc/self/status]	VmStk:	     148 kB
20220805 095211.850 INFO             PET3 VMK::epochExit:1.0 - MemInfo: [/proc/self/status]	VmExe:	    1680 kB
20220805 095211.850 INFO             PET3 VMK::epochExit:1.0 - MemInfo: [/proc/self/status]	VmLib:	   84360 kB
20220805 095211.850 INFO             PET3 VMK::epochExit:1.0 - MemInfo: [/proc/self/status]	VmPTE:	     236 kB
20220805 095211.850 INFO             PET3 VMK::epochExit:1.0 - MemInfo: [/proc/self/status]	VmPMD:	      12 kB
20220805 095211.850 INFO             PET3 VMK::epochExit:1.0 - MemInfo: [/proc/self/status]	VmSwap:	       0 kB
20220805 095211.850 INFO             PET3 VMK::epochExit:1.0 - MemInfo: [/proc/self/status]	VmRSSPercent: 0.0295907 %
20220805 095211.850 INFO             PET3 VMK::epochExit:1.0 - MemInfo: [malloc] Non-mmapped space allocated:                  593920 Byte
20220805 095211.850 INFO             PET3 VMK::epochExit:1.0 - MemInfo: [malloc] Space allocated in mmapped regions:          4608000 Byte
20220805 095211.850 INFO             PET3 VMK::epochExit:1.0 - MemInfo: [malloc] Maximum total allocated space:                     0 Byte
20220805 095211.850 INFO             PET3 VMK::epochExit:1.0 - MemInfo: [malloc] Space in freed fastbin blocks:                   368 Byte
20220805 095211.850 INFO             PET3 VMK::epochExit:1.0 - MemInfo: [malloc] Total allocated space:                        481520 Byte
20220805 095211.850 INFO             PET3 VMK::epochExit:1.0 - MemInfo: [malloc] Total free space:                             112400 Byte
20220805 095211.850 INFO             PET3 VMK::epochExit:1.0 - MemInfo: [malloc] Top-most, releasable space:                   111408 Byte
20220805 095211.850 INFO             PET3 VMK::epochExit:1.0 - MemInfo: [malloc] Total space in use, mmap + non-mmap:         5089520 Byte
20220805 095211.850 INFO             PET3 VMK::epochExit:1.0 - MemInfo: [malloc] Total space held (mmap + non-mmap):          5201920 Byte
20220805 095211.850 INFO             PET3 VMK::epochExit:1.0 - MemInfo: [malloc] Total space used (mmap + non-mmap):          5098880 Byte
20220805 095211.850 INFO             PET3 VMK::epochExit:1.0 - MemInfo: Wall-clock time since execution start:             0.00718498 seconds
20220805 095211.850 INFO             PET3 VMK::epochExit:2.0 - MemInfo: [/proc/meminfo - SSI]	MemTotal:       65507008 kB
20220805 095211.850 INFO             PET3 VMK::epochExit:2.0 - MemInfo: [/proc/meminfo - SSI]	MemFree:        48355548 kB
20220805 095211.850 INFO             PET3 VMK::epochExit:2.0 - MemInfo: [/proc/meminfo - SSI]	MemAvailable:   48283084 kB
20220805 095211.850 INFO             PET3 VMK::epochExit:2.0 - MemInfo: [/proc/meminfo - SSI]	Committed_AS:   13437296 kB
20220805 095211.850 INFO             PET3 VMK::epochExit:2.0 - MemInfo: [/proc/meminfo - SSI]	CommittedPercent: 20.5128 %
20220805 095211.850 INFO             PET3 VMK::epochExit:2.0 - MemInfo: [/proc/self/status]	VmPeak:	  175576 kB
20220805 095211.850 INFO             PET3 VMK::epochExit:2.0 - MemInfo: [/proc/self/status]	VmSize:	  175576 kB
20220805 095211.850 INFO             PET3 VMK::epochExit:2.0 - MemInfo: [/proc/self/status]	VmLck:	       0 kB
20220805 095211.850 INFO             PET3 VMK::epochExit:2.0 - MemInfo: [/proc/self/status]	VmPin:	       0 kB
20220805 095211.850 INFO             PET3 VMK::epochExit:2.0 - MemInfo: [/proc/self/status]	VmHWM:	   19384 kB
20220805 095211.850 INFO             PET3 VMK::epochExit:2.0 - MemInfo: [/proc/self/status]	VmRSS:	   19384 kB
20220805 095211.850 INFO             PET3 VMK::epochExit:2.0 - MemInfo: [/proc/self/status]	VmData:	   18472 kB
20220805 095211.850 INFO             PET3 VMK::epochExit:2.0 - MemInfo: [/proc/self/status]	VmStk:	     148 kB
20220805 095211.850 INFO             PET3 VMK::epochExit:2.0 - MemInfo: [/proc/self/status]	VmExe:	    1680 kB
20220805 095211.850 INFO             PET3 VMK::epochExit:2.0 - MemInfo: [/proc/self/status]	VmLib:	   84360 kB
20220805 095211.850 INFO             PET3 VMK::epochExit:2.0 - MemInfo: [/proc/self/status]	VmPTE:	     236 kB
20220805 095211.850 INFO             PET3 VMK::epochExit:2.0 - MemInfo: [/proc/self/status]	VmPMD:	      12 kB
20220805 095211.850 INFO             PET3 VMK::epochExit:2.0 - MemInfo: [/proc/self/status]	VmSwap:	       0 kB
20220805 095211.850 INFO             PET3 VMK::epochExit:2.0 - MemInfo: [/proc/self/status]	VmRSSPercent: 0.0295907 %
20220805 095211.850 INFO             PET3 VMK::epochExit:2.0 - MemInfo: [malloc] Non-mmapped space allocated:                  593920 Byte
20220805 095211.850 INFO             PET3 VMK::epochExit:2.0 - MemInfo: [malloc] Space allocated in mmapped regions:          4608000 Byte
20220805 095211.850 INFO             PET3 VMK::epochExit:2.0 - MemInfo: [malloc] Maximum total allocated space:                     0 Byte
20220805 095211.850 INFO             PET3 VMK::epochExit:2.0 - MemInfo: [malloc] Space in freed fastbin blocks:                   144 Byte
20220805 095211.850 INFO             PET3 VMK::epochExit:2.0 - MemInfo: [malloc] Total allocated space:                        481520 Byte
20220805 095211.850 INFO             PET3 VMK::epochExit:2.0 - MemInfo: [malloc] Total free space:                             112400 Byte
20220805 095211.850 INFO             PET3 VMK::epochExit:2.0 - MemInfo: [malloc] Top-most, releasable space:                   111408 Byte
20220805 095211.850 INFO             PET3 VMK::epochExit:2.0 - MemInfo: [malloc] Total space in use, mmap + non-mmap:         5089520 Byte
20220805 095211.851 INFO             PET3 VMK::epochExit:2.0 - MemInfo: [malloc] Total space held (mmap + non-mmap):          5201920 Byte
20220805 095211.851 INFO             PET3 VMK::epochExit:2.0 - MemInfo: [malloc] Total space used (mmap + non-mmap):          5098880 Byte
20220805 095211.851 INFO             PET3 VMK::epochExit:2.0 - MemInfo: Wall-clock time since execution start:             0.00745082 seconds
20220805 095211.851 INFO             PET3 VMK::epochExit:3.0 - MemInfo: [/proc/meminfo - SSI]	MemTotal:       65507008 kB
20220805 095211.851 INFO             PET3 VMK::epochExit:3.0 - MemInfo: [/proc/meminfo - SSI]	MemFree:        48355548 kB
20220805 095211.851 INFO             PET3 VMK::epochExit:3.0 - MemInfo: [/proc/meminfo - SSI]	MemAvailable:   48283084 kB
20220805 095211.851 INFO             PET3 VMK::epochExit:3.0 - MemInfo: [/proc/meminfo - SSI]	Committed_AS:   13437296 kB
20220805 095211.851 INFO             PET3 VMK::epochExit:3.0 - MemInfo: [/proc/meminfo - SSI]	CommittedPercent: 20.5128 %
20220805 095211.851 INFO             PET3 VMK::epochExit:3.0 - MemInfo: [/proc/self/status]	VmPeak:	  175576 kB
20220805 095211.851 INFO             PET3 VMK::epochExit:3.0 - MemInfo: [/proc/self/status]	VmSize:	  175576 kB
20220805 095211.851 INFO             PET3 VMK::epochExit:3.0 - MemInfo: [/proc/self/status]	VmLck:	       0 kB
20220805 095211.851 INFO             PET3 VMK::epochExit:3.0 - MemInfo: [/proc/self/status]	VmPin:	       0 kB
20220805 095211.851 INFO             PET3 VMK::epochExit:3.0 - MemInfo: [/proc/self/status]	VmHWM:	   19384 kB
20220805 095211.851 INFO             PET3 VMK::epochExit:3.0 - MemInfo: [/proc/self/status]	VmRSS:	   19384 kB
20220805 095211.851 INFO             PET3 VMK::epochExit:3.0 - MemInfo: [/proc/self/status]	VmData:	   18472 kB
20220805 095211.851 INFO             PET3 VMK::epochExit:3.0 - MemInfo: [/proc/self/status]	VmStk:	     148 kB
20220805 095211.851 INFO             PET3 VMK::epochExit:3.0 - MemInfo: [/proc/self/status]	VmExe:	    1680 kB
20220805 095211.851 INFO             PET3 VMK::epochExit:3.0 - MemInfo: [/proc/self/status]	VmLib:	   84360 kB
20220805 095211.851 INFO             PET3 VMK::epochExit:3.0 - MemInfo: [/proc/self/status]	VmPTE:	     236 kB
20220805 095211.851 INFO             PET3 VMK::epochExit:3.0 - MemInfo: [/proc/self/status]	VmPMD:	      12 kB
20220805 095211.851 INFO             PET3 VMK::epochExit:3.0 - MemInfo: [/proc/self/status]	VmSwap:	       0 kB
20220805 095211.851 INFO             PET3 VMK::epochExit:3.0 - MemInfo: [/proc/self/status]	VmRSSPercent: 0.0295907 %
20220805 095211.851 INFO             PET3 VMK::epochExit:3.0 - MemInfo: [malloc] Non-mmapped space allocated:                  593920 Byte
20220805 095211.851 INFO             PET3 VMK::epochExit:3.0 - MemInfo: [malloc] Space allocated in mmapped regions:          4608000 Byte
20220805 095211.851 INFO             PET3 VMK::epochExit:3.0 - MemInfo: [malloc] Maximum total allocated space:                     0 Byte
20220805 095211.851 INFO             PET3 VMK::epochExit:3.0 - MemInfo: [malloc] Space in freed fastbin blocks:                   144 Byte
20220805 095211.851 INFO             PET3 VMK::epochExit:3.0 - MemInfo: [malloc] Total allocated space:                        481520 Byte
20220805 095211.851 INFO             PET3 VMK::epochExit:3.0 - MemInfo: [malloc] Total free space:                             112400 Byte
20220805 095211.851 INFO             PET3 VMK::epochExit:3.0 - MemInfo: [malloc] Top-most, releasable space:                   111408 Byte
20220805 095211.851 INFO             PET3 VMK::epochExit:3.0 - MemInfo: [malloc] Total space in use, mmap + non-mmap:         5089520 Byte
20220805 095211.851 INFO             PET3 VMK::epochExit:3.0 - MemInfo: [malloc] Total space held (mmap + non-mmap):          5201920 Byte
20220805 095211.851 INFO             PET3 VMK::epochExit:3.0 - MemInfo: [malloc] Total space used (mmap + non-mmap):          5098880 Byte
20220805 095211.851 INFO             PET3 VMK::epochExit:3.0 - MemInfo: Wall-clock time since execution start:             0.00772285 seconds
20220805 095211.851 INFO             PET3 VMK::epochExit:4.0 - MemInfo: [/proc/meminfo - SSI]	MemTotal:       65507008 kB
20220805 095211.851 INFO             PET3 VMK::epochExit:4.0 - MemInfo: [/proc/meminfo - SSI]	MemFree:        48355548 kB
20220805 095211.851 INFO             PET3 VMK::epochExit:4.0 - MemInfo: [/proc/meminfo - SSI]	MemAvailable:   48283084 kB
20220805 095211.851 INFO             PET3 VMK::epochExit:4.0 - MemInfo: [/proc/meminfo - SSI]	Committed_AS:   13437296 kB
20220805 095211.851 INFO             PET3 VMK::epochExit:4.0 - MemInfo: [/proc/meminfo - SSI]	CommittedPercent: 20.5128 %
20220805 095211.851 INFO             PET3 VMK::epochExit:4.0 - MemInfo: [/proc/self/status]	VmPeak:	  175576 kB
20220805 095211.851 INFO             PET3 VMK::epochExit:4.0 - MemInfo: [/proc/self/status]	VmSize:	  175576 kB
20220805 095211.851 INFO             PET3 VMK::epochExit:4.0 - MemInfo: [/proc/self/status]	VmLck:	       0 kB
20220805 095211.851 INFO             PET3 VMK::epochExit:4.0 - MemInfo: [/proc/self/status]	VmPin:	       0 kB
20220805 095211.851 INFO             PET3 VMK::epochExit:4.0 - MemInfo: [/proc/self/status]	VmHWM:	   19384 kB
20220805 095211.851 INFO             PET3 VMK::epochExit:4.0 - MemInfo: [/proc/self/status]	VmRSS:	   19384 kB
20220805 095211.851 INFO             PET3 VMK::epochExit:4.0 - MemInfo: [/proc/self/status]	VmData:	   18472 kB
20220805 095211.851 INFO             PET3 VMK::epochExit:4.0 - MemInfo: [/proc/self/status]	VmStk:	     148 kB
20220805 095211.851 INFO             PET3 VMK::epochExit:4.0 - MemInfo: [/proc/self/status]	VmExe:	    1680 kB
20220805 095211.851 INFO             PET3 VMK::epochExit:4.0 - MemInfo: [/proc/self/status]	VmLib:	   84360 kB
20220805 095211.851 INFO             PET3 VMK::epochExit:4.0 - MemInfo: [/proc/self/status]	VmPTE:	     236 kB
20220805 095211.851 INFO             PET3 VMK::epochExit:4.0 - MemInfo: [/proc/self/status]	VmPMD:	      12 kB
20220805 095211.851 INFO             PET3 VMK::epochExit:4.0 - MemInfo: [/proc/self/status]	VmSwap:	       0 kB
20220805 095211.851 INFO             PET3 VMK::epochExit:4.0 - MemInfo: [/proc/self/status]	VmRSSPercent: 0.0295907 %
20220805 095211.851 INFO             PET3 VMK::epochExit:4.0 - MemInfo: [malloc] Non-mmapped space allocated:                  593920 Byte
20220805 095211.851 INFO             PET3 VMK::epochExit:4.0 - MemInfo: [malloc] Space allocated in mmapped regions:          4608000 Byte
20220805 095211.851 INFO             PET3 VMK::epochExit:4.0 - MemInfo: [malloc] Maximum total allocated space:                     0 Byte
20220805 095211.851 INFO             PET3 VMK::epochExit:4.0 - MemInfo: [malloc] Space in freed fastbin blocks:                   144 Byte
20220805 095211.851 INFO             PET3 VMK::epochExit:4.0 - MemInfo: [malloc] Total allocated space:                        481520 Byte
20220805 095211.851 INFO             PET3 VMK::epochExit:4.0 - MemInfo: [malloc] Total free space:                             112400 Byte
20220805 095211.851 INFO             PET3 VMK::epochExit:4.0 - MemInfo: [malloc] Top-most, releasable space:                   111408 Byte
20220805 095211.851 INFO             PET3 VMK::epochExit:4.0 - MemInfo: [malloc] Total space in use, mmap + non-mmap:         5089520 Byte
20220805 095211.851 INFO             PET3 VMK::epochExit:4.0 - MemInfo: [malloc] Total space held (mmap + non-mmap):          5201920 Byte
20220805 095211.851 INFO             PET3 VMK::epochExit:4.0 - MemInfo: [malloc] Total space used (mmap + non-mmap):          5098880 Byte
20220805 095211.851 INFO             PET3 VMK::epochExit:4.0 - MemInfo: Wall-clock time since execution start:             0.00798893 seconds
20220805 095211.851 INFO             PET3  NUMBER_OF_PROCESSORS           4
20220805 095211.851 INFO             PET3  PASS  Example ESMF_VMNonBlockingEx, ESMF_VMNonBlockingEx.F90, line 433
20220805 095211.851 INFO             PET3 Finalizing ESMF
20220805 095211.851 DEBUG            PET3 epochFinal
20220805 095211.851 DEBUG            PET3 epochBuffer:3817 ready to clear outstanding comm: dst=0 size=0 buffer=0x1fabc00
20220805 095211.851 DEBUG            PET3 epochBuffer:4063 ready to clear outstanding comm
20220805 095211.851 INFO             PET3 VMK::sendBuffer::clear():1.0 - MemInfo: [/proc/meminfo - SSI]	MemTotal:       65507008 kB
20220805 095211.851 INFO             PET3 VMK::sendBuffer::clear():1.0 - MemInfo: [/proc/meminfo - SSI]	MemFree:        48355548 kB
20220805 095211.851 INFO             PET3 VMK::sendBuffer::clear():1.0 - MemInfo: [/proc/meminfo - SSI]	MemAvailable:   48283084 kB
20220805 095211.851 INFO             PET3 VMK::sendBuffer::clear():1.0 - MemInfo: [/proc/meminfo - SSI]	Committed_AS:   13437296 kB
20220805 095211.851 INFO             PET3 VMK::sendBuffer::clear():1.0 - MemInfo: [/proc/meminfo - SSI]	CommittedPercent: 20.5128 %
20220805 095211.851 INFO             PET3 VMK::sendBuffer::clear():1.0 - MemInfo: [/proc/self/status]	VmPeak:	  175576 kB
20220805 095211.851 INFO             PET3 VMK::sendBuffer::clear():1.0 - MemInfo: [/proc/self/status]	VmSize:	  175576 kB
20220805 095211.851 INFO             PET3 VMK::sendBuffer::clear():1.0 - MemInfo: [/proc/self/status]	VmLck:	       0 kB
20220805 095211.851 INFO             PET3 VMK::sendBuffer::clear():1.0 - MemInfo: [/proc/self/status]	VmPin:	       0 kB
20220805 095211.851 INFO             PET3 VMK::sendBuffer::clear():1.0 - MemInfo: [/proc/self/status]	VmHWM:	   19440 kB
20220805 095211.851 INFO             PET3 VMK::sendBuffer::clear():1.0 - MemInfo: [/proc/self/status]	VmRSS:	   19440 kB
20220805 095211.851 INFO             PET3 VMK::sendBuffer::clear():1.0 - MemInfo: [/proc/self/status]	VmData:	   18472 kB
20220805 095211.851 INFO             PET3 VMK::sendBuffer::clear():1.0 - MemInfo: [/proc/self/status]	VmStk:	     148 kB
20220805 095211.851 INFO             PET3 VMK::sendBuffer::clear():1.0 - MemInfo: [/proc/self/status]	VmExe:	    1680 kB
20220805 095211.851 INFO             PET3 VMK::sendBuffer::clear():1.0 - MemInfo: [/proc/self/status]	VmLib:	   84360 kB
20220805 095211.851 INFO             PET3 VMK::sendBuffer::clear():1.0 - MemInfo: [/proc/self/status]	VmPTE:	     236 kB
20220805 095211.851 INFO             PET3 VMK::sendBuffer::clear():1.0 - MemInfo: [/proc/self/status]	VmPMD:	      12 kB
20220805 095211.851 INFO             PET3 VMK::sendBuffer::clear():1.0 - MemInfo: [/proc/self/status]	VmSwap:	       0 kB
20220805 095211.851 INFO             PET3 VMK::sendBuffer::clear():1.0 - MemInfo: [/proc/self/status]	VmRSSPercent: 0.0296762 %
20220805 095211.851 INFO             PET3 VMK::sendBuffer::clear():1.0 - MemInfo: [malloc] Non-mmapped space allocated:                  593920 Byte
20220805 095211.851 INFO             PET3 VMK::sendBuffer::clear():1.0 - MemInfo: [malloc] Space allocated in mmapped regions:          4608000 Byte
20220805 095211.851 INFO             PET3 VMK::sendBuffer::clear():1.0 - MemInfo: [malloc] Maximum total allocated space:                     0 Byte
20220805 095211.851 INFO             PET3 VMK::sendBuffer::clear():1.0 - MemInfo: [malloc] Space in freed fastbin blocks:                   128 Byte
20220805 095211.851 INFO             PET3 VMK::sendBuffer::clear():1.0 - MemInfo: [malloc] Total allocated space:                        482240 Byte
20220805 095211.851 INFO             PET3 VMK::sendBuffer::clear():1.0 - MemInfo: [malloc] Total free space:                             111680 Byte
20220805 095211.851 INFO             PET3 VMK::sendBuffer::clear():1.0 - MemInfo: [malloc] Top-most, releasable space:                   110960 Byte
20220805 095211.851 INFO             PET3 VMK::sendBuffer::clear():1.0 - MemInfo: [malloc] Total space in use, mmap + non-mmap:         5090240 Byte
20220805 095211.851 INFO             PET3 VMK::sendBuffer::clear():1.0 - MemInfo: [malloc] Total space held (mmap + non-mmap):          5201920 Byte
20220805 095211.851 INFO             PET3 VMK::sendBuffer::clear():1.0 - MemInfo: [malloc] Total space used (mmap + non-mmap):          5099600 Byte
20220805 095211.851 INFO             PET3 VMK::sendBuffer::clear():1.0 - MemInfo: Wall-clock time since execution start:             0.00836301 seconds
20220805 095211.851 DEBUG            PET3 epochBuffer:4091 posting MPI_Wait()
20220805 095211.851 DEBUG            PET3 epochBuffer:4100 time in MPI_Wait(): 9.53674e-07 seconds
20220805 095211.851 INFO             PET3 VMK::sendBuffer::clear():2.0 - MemInfo: [/proc/meminfo - SSI]	MemTotal:       65507008 kB
20220805 095211.851 INFO             PET3 VMK::sendBuffer::clear():2.0 - MemInfo: [/proc/meminfo - SSI]	MemFree:        48355548 kB
20220805 095211.851 INFO             PET3 VMK::sendBuffer::clear():2.0 - MemInfo: [/proc/meminfo - SSI]	MemAvailable:   48283084 kB
20220805 095211.851 INFO             PET3 VMK::sendBuffer::clear():2.0 - MemInfo: [/proc/meminfo - SSI]	Committed_AS:   13437296 kB
20220805 095211.851 INFO             PET3 VMK::sendBuffer::clear():2.0 - MemInfo: [/proc/meminfo - SSI]	CommittedPercent: 20.5128 %
20220805 095211.852 INFO             PET3 VMK::sendBuffer::clear():2.0 - MemInfo: [/proc/self/status]	VmPeak:	  175576 kB
20220805 095211.852 INFO             PET3 VMK::sendBuffer::clear():2.0 - MemInfo: [/proc/self/status]	VmSize:	  175576 kB
20220805 095211.852 INFO             PET3 VMK::sendBuffer::clear():2.0 - MemInfo: [/proc/self/status]	VmLck:	       0 kB
20220805 095211.852 INFO             PET3 VMK::sendBuffer::clear():2.0 - MemInfo: [/proc/self/status]	VmPin:	       0 kB
20220805 095211.852 INFO             PET3 VMK::sendBuffer::clear():2.0 - MemInfo: [/proc/self/status]	VmHWM:	   19440 kB
20220805 095211.852 INFO             PET3 VMK::sendBuffer::clear():2.0 - MemInfo: [/proc/self/status]	VmRSS:	   19440 kB
20220805 095211.852 INFO             PET3 VMK::sendBuffer::clear():2.0 - MemInfo: [/proc/self/status]	VmData:	   18472 kB
20220805 095211.852 INFO             PET3 VMK::sendBuffer::clear():2.0 - MemInfo: [/proc/self/status]	VmStk:	     148 kB
20220805 095211.852 INFO             PET3 VMK::sendBuffer::clear():2.0 - MemInfo: [/proc/self/status]	VmExe:	    1680 kB
20220805 095211.852 INFO             PET3 VMK::sendBuffer::clear():2.0 - MemInfo: [/proc/self/status]	VmLib:	   84360 kB
20220805 095211.852 INFO             PET3 VMK::sendBuffer::clear():2.0 - MemInfo: [/proc/self/status]	VmPTE:	     236 kB
20220805 095211.852 INFO             PET3 VMK::sendBuffer::clear():2.0 - MemInfo: [/proc/self/status]	VmPMD:	      12 kB
20220805 095211.852 INFO             PET3 VMK::sendBuffer::clear():2.0 - MemInfo: [/proc/self/status]	VmSwap:	       0 kB
20220805 095211.852 INFO             PET3 VMK::sendBuffer::clear():2.0 - MemInfo: [/proc/self/status]	VmRSSPercent: 0.0296762 %
20220805 095211.852 INFO             PET3 VMK::sendBuffer::clear():2.0 - MemInfo: [malloc] Non-mmapped space allocated:                  593920 Byte
20220805 095211.852 INFO             PET3 VMK::sendBuffer::clear():2.0 - MemInfo: [malloc] Space allocated in mmapped regions:          4608000 Byte
20220805 095211.852 INFO             PET3 VMK::sendBuffer::clear():2.0 - MemInfo: [malloc] Maximum total allocated space:                     0 Byte
20220805 095211.852 INFO             PET3 VMK::sendBuffer::clear():2.0 - MemInfo: [malloc] Space in freed fastbin blocks:                   128 Byte
20220805 095211.852 INFO             PET3 VMK::sendBuffer::clear():2.0 - MemInfo: [malloc] Total allocated space:                        482240 Byte
20220805 095211.852 INFO             PET3 VMK::sendBuffer::clear():2.0 - MemInfo: [malloc] Total free space:                             111680 Byte
20220805 095211.852 INFO             PET3 VMK::sendBuffer::clear():2.0 - MemInfo: [malloc] Top-most, releasable space:                   110960 Byte
20220805 095211.852 INFO             PET3 VMK::sendBuffer::clear():2.0 - MemInfo: [malloc] Total space in use, mmap + non-mmap:         5090240 Byte
20220805 095211.852 INFO             PET3 VMK::sendBuffer::clear():2.0 - MemInfo: [malloc] Total space held (mmap + non-mmap):          5201920 Byte
20220805 095211.852 INFO             PET3 VMK::sendBuffer::clear():2.0 - MemInfo: [malloc] Total space used (mmap + non-mmap):          5099600 Byte
20220805 095211.852 INFO             PET3 VMK::sendBuffer::clear():2.0 - MemInfo: Wall-clock time since execution start:             0.00864697 seconds
20220805 095211.852 INFO             PET3 VMK::sendBuffer::clear():3.0 - MemInfo: [/proc/meminfo - SSI]	MemTotal:       65507008 kB
20220805 095211.852 INFO             PET3 VMK::sendBuffer::clear():3.0 - MemInfo: [/proc/meminfo - SSI]	MemFree:        48355548 kB
20220805 095211.852 INFO             PET3 VMK::sendBuffer::clear():3.0 - MemInfo: [/proc/meminfo - SSI]	MemAvailable:   48283084 kB
20220805 095211.852 INFO             PET3 VMK::sendBuffer::clear():3.0 - MemInfo: [/proc/meminfo - SSI]	Committed_AS:   13437296 kB
20220805 095211.852 INFO             PET3 VMK::sendBuffer::clear():3.0 - MemInfo: [/proc/meminfo - SSI]	CommittedPercent: 20.5128 %
20220805 095211.852 INFO             PET3 VMK::sendBuffer::clear():3.0 - MemInfo: [/proc/self/status]	VmPeak:	  175576 kB
20220805 095211.852 INFO             PET3 VMK::sendBuffer::clear():3.0 - MemInfo: [/proc/self/status]	VmSize:	  175576 kB
20220805 095211.852 INFO             PET3 VMK::sendBuffer::clear():3.0 - MemInfo: [/proc/self/status]	VmLck:	       0 kB
20220805 095211.852 INFO             PET3 VMK::sendBuffer::clear():3.0 - MemInfo: [/proc/self/status]	VmPin:	       0 kB
20220805 095211.852 INFO             PET3 VMK::sendBuffer::clear():3.0 - MemInfo: [/proc/self/status]	VmHWM:	   19440 kB
20220805 095211.852 INFO             PET3 VMK::sendBuffer::clear():3.0 - MemInfo: [/proc/self/status]	VmRSS:	   19440 kB
20220805 095211.852 INFO             PET3 VMK::sendBuffer::clear():3.0 - MemInfo: [/proc/self/status]	VmData:	   18472 kB
20220805 095211.852 INFO             PET3 VMK::sendBuffer::clear():3.0 - MemInfo: [/proc/self/status]	VmStk:	     148 kB
20220805 095211.852 INFO             PET3 VMK::sendBuffer::clear():3.0 - MemInfo: [/proc/self/status]	VmExe:	    1680 kB
20220805 095211.852 INFO             PET3 VMK::sendBuffer::clear():3.0 - MemInfo: [/proc/self/status]	VmLib:	   84360 kB
20220805 095211.852 INFO             PET3 VMK::sendBuffer::clear():3.0 - MemInfo: [/proc/self/status]	VmPTE:	     236 kB
20220805 095211.852 INFO             PET3 VMK::sendBuffer::clear():3.0 - MemInfo: [/proc/self/status]	VmPMD:	      12 kB
20220805 095211.852 INFO             PET3 VMK::sendBuffer::clear():3.0 - MemInfo: [/proc/self/status]	VmSwap:	       0 kB
20220805 095211.852 INFO             PET3 VMK::sendBuffer::clear():3.0 - MemInfo: [/proc/self/status]	VmRSSPercent: 0.0296762 %
20220805 095211.852 INFO             PET3 VMK::sendBuffer::clear():3.0 - MemInfo: [malloc] Non-mmapped space allocated:                  593920 Byte
20220805 095211.852 INFO             PET3 VMK::sendBuffer::clear():3.0 - MemInfo: [malloc] Space allocated in mmapped regions:          4608000 Byte
20220805 095211.852 INFO             PET3 VMK::sendBuffer::clear():3.0 - MemInfo: [malloc] Maximum total allocated space:                     0 Byte
20220805 095211.852 INFO             PET3 VMK::sendBuffer::clear():3.0 - MemInfo: [malloc] Space in freed fastbin blocks:                   128 Byte
20220805 095211.852 INFO             PET3 VMK::sendBuffer::clear():3.0 - MemInfo: [malloc] Total allocated space:                        482128 Byte
20220805 095211.852 INFO             PET3 VMK::sendBuffer::clear():3.0 - MemInfo: [malloc] Total free space:                             111792 Byte
20220805 095211.852 INFO             PET3 VMK::sendBuffer::clear():3.0 - MemInfo: [malloc] Top-most, releasable space:                   110960 Byte
20220805 095211.852 INFO             PET3 VMK::sendBuffer::clear():3.0 - MemInfo: [malloc] Total space in use, mmap + non-mmap:         5090128 Byte
20220805 095211.852 INFO             PET3 VMK::sendBuffer::clear():3.0 - MemInfo: [malloc] Total space held (mmap + non-mmap):          5201920 Byte
20220805 095211.852 INFO             PET3 VMK::sendBuffer::clear():3.0 - MemInfo: [malloc] Total space used (mmap + non-mmap):          5099488 Byte
20220805 095211.852 INFO             PET3 VMK::sendBuffer::clear():3.0 - MemInfo: Wall-clock time since execution start:             0.00891995 seconds
20220805 095211.852 DEBUG            PET3 epochBuffer:3827 drain unacknowledged sends to dst=0: 1
