2022-09-17 02:53:25
20220917 031133.517 INFO             PET0 !!!!!!!!!!!!!!!!!!!!!!!!!!!!!!!!!!!!!!!!!!!!!!!!!!!!!!
20220917 031133.517 INFO             PET0 !!! THE ESMF_LOG IS SET TO OUTPUT ALL LOG MESSAGES !!!
20220917 031133.517 INFO             PET0 !!!     THIS MAY CAUSE SLOWDOWN IN PERFORMANCE     !!!
20220917 031133.517 INFO             PET0 !!! FOR PRODUCTION RUNS, USE:                      !!!
20220917 031133.517 INFO             PET0 !!!                   ESMF_LOGKIND_Multi_On_Error  !!!
20220917 031133.517 INFO             PET0 !!!!!!!!!!!!!!!!!!!!!!!!!!!!!!!!!!!!!!!!!!!!!!!!!!!!!!
20220917 031133.517 INFO             PET0 Running with ESMF Version   : v8.3.1b05-5-gff97e84dbf
20220917 031133.517 INFO             PET0 ESMF library build date/time: "Sep 17 2022" "02:52:33"
20220917 031133.517 INFO             PET0 ESMF library build location : /home/mpotts/esmf-tests/intel_2021.2_intelmpi_g_patch_8.3.1/esmf
20220917 031133.517 INFO             PET0 ESMF_COMM                   : intelmpi
20220917 031133.517 INFO             PET0 ESMF_MOAB                   : enabled
20220917 031133.517 INFO             PET0 ESMF_LAPACK                 : enabled
20220917 031133.517 INFO             PET0 ESMF_NETCDF                 : enabled
20220917 031133.517 INFO             PET0 ESMF_PNETCDF                : disabled
20220917 031133.517 INFO             PET0 ESMF_PIO                    : enabled
20220917 031133.517 INFO             PET0 ESMF_YAMLCPP                : enabled
20220917 031133.517 INFO             PET0 esmApp STARTING
20220917 031133.547 INFO             PET0 esm: InitializeP1 intro.
20220917 031133.547 INFO             PET0   esm: InitializeIPDv02p1 intro.
20220917 031133.547 INFO             PET0     >>>esm: entered Initialize (phase=<none>) without valid internal Clock.
20220917 031133.576 INFO             PET0     esm - Creating state: modelComp 1 Import State
20220917 031133.576 INFO             PET0     esm - Creating state: modelComp 1 Export State
20220917 031133.577 INFO             PET0     esm - Creating state: modelComp 2 Import State
20220917 031133.577 INFO             PET0     esm - Creating state: modelComp 2 Export State
20220917 031133.577 INFO             PET0     esm - Creating state: modelComp 3 Import State
20220917 031133.577 INFO             PET0     esm - Creating state: modelComp 3 Export State
20220917 031133.578 INFO             PET0     ATM: InitializeP0 intro.
20220917 031133.579 INFO             PET0     ATM: InitializeP0 extro.
20220917 031133.582 INFO             PET0     LND: InitializeP0 intro.
20220917 031133.583 INFO             PET0     LND: InitializeP0 extro.
20220917 031133.583 INFO             PET0     ATM-TO-OCN: InitializeP0 intro.
20220917 031133.584 INFO             PET0     ATM-TO-OCN: InitializeP0 extro.
20220917 031133.585 INFO             PET0     ATM-TO-LND: InitializeP0 intro.
20220917 031133.585 INFO             PET0     ATM-TO-LND: InitializeP0 extro.
20220917 031133.586 INFO             PET0     OCN-TO-ATM: InitializeP0 intro.
20220917 031133.586 INFO             PET0     OCN-TO-ATM: InitializeP0 extro.
20220917 031133.587 INFO             PET0     LND-TO-ATM: InitializeP0 intro.
20220917 031133.587 INFO             PET0     LND-TO-ATM: InitializeP0 extro.
20220917 031133.591 INFO             PET0     esm: IInitAdvertise intro.
20220917 031133.591 INFO             PET0     esm: IInitAdvertise extro.
20220917 031133.591 INFO             PET0     ATM: InitializeIPDvXp01 intro.
20220917 031133.594 INFO             PET0     ATM: InitializeIPDvXp01 extro.
20220917 031133.597 INFO             PET0     LND: InitializeIPDvXp01 intro.
20220917 031133.597 INFO             PET0     LND: InitializeIPDvXp01 extro.
20220917 031133.598 INFO             PET0     ATM-TO-OCN: InitializeIPDv05p1 intro.
20220917 031133.602 INFO             PET0     ATM-TO-OCN: InitializeIPDv05p1 extro.
20220917 031133.602 INFO             PET0     ATM-TO-LND: InitializeIPDv05p1 intro.
20220917 031133.604 INFO             PET0     ATM-TO-LND: InitializeIPDv05p1 extro.
20220917 031133.604 INFO             PET0     OCN-TO-ATM: InitializeIPDv05p1 intro.
20220917 031133.607 INFO             PET0     OCN-TO-ATM: InitializeIPDv05p1 extro.
20220917 031133.607 INFO             PET0     LND-TO-ATM: InitializeIPDv05p1 intro.
20220917 031133.609 INFO             PET0     LND-TO-ATM: InitializeIPDv05p1 extro.
20220917 031133.610 INFO             PET0     esm: IInitAdvertiseFinish intro.
20220917 031133.610 INFO             PET0     esm: IInitAdvertiseFinish extro.
20220917 031133.610 INFO             PET0     ATM-TO-OCN: InitializeIPDv05p2a intro.
20220917 031133.613 INFO             PET0     ATM-TO-OCN: InitializeIPDv05p2a extro.
20220917 031133.613 INFO             PET0     ATM-TO-LND: InitializeIPDv05p2a intro.
20220917 031133.615 INFO             PET0     ATM-TO-LND: InitializeIPDv05p2a extro.
20220917 031133.615 INFO             PET0     OCN-TO-ATM: InitializeIPDv05p2a intro.
20220917 031133.618 INFO             PET0     OCN-TO-ATM: InitializeIPDv05p2a extro.
20220917 031133.618 INFO             PET0     LND-TO-ATM: InitializeIPDv05p2a intro.
20220917 031133.620 INFO             PET0     LND-TO-ATM: InitializeIPDv05p2a extro.
20220917 031133.620 INFO             PET0     ATM-TO-OCN: InitializeIPDv05p2b intro.
20220917 031133.623 INFO             PET0     ATM-TO-OCN: InitializeIPDv05p2b extro.
20220917 031133.623 INFO             PET0     ATM-TO-LND: InitializeIPDv05p2b intro.
20220917 031133.626 INFO             PET0     ATM-TO-LND: InitializeIPDv05p2b extro.
20220917 031133.626 INFO             PET0     OCN-TO-ATM: InitializeIPDv05p2b intro.
20220917 031133.628 INFO             PET0     OCN-TO-ATM: InitializeIPDv05p2b extro.
20220917 031133.628 INFO             PET0     LND-TO-ATM: InitializeIPDv05p2b intro.
20220917 031133.631 INFO             PET0     LND-TO-ATM: InitializeIPDv05p2b extro.
20220917 031133.631 INFO             PET0     esm: IInitModifyCplLists intro.
20220917 031133.631 INFO             PET0     esm: IInitModifyCplLists extro.
20220917 031133.631 INFO             PET0     ATM-TO-OCN: InitializeIPDv05p3 intro.
20220917 031133.634 INFO             PET0     ATM-TO-OCN: InitializeIPDv05p3 extro.
20220917 031133.634 INFO             PET0     ATM-TO-LND: InitializeIPDv05p3 intro.
20220917 031133.637 INFO             PET0     ATM-TO-LND: InitializeIPDv05p3 extro.
20220917 031133.637 INFO             PET0     OCN-TO-ATM: InitializeIPDv05p3 intro.
20220917 031133.640 INFO             PET0     OCN-TO-ATM: InitializeIPDv05p3 extro.
20220917 031133.640 INFO             PET0     LND-TO-ATM: InitializeIPDv05p3 intro.
20220917 031133.642 INFO             PET0     LND-TO-ATM: InitializeIPDv05p3 extro.
20220917 031133.642 INFO             PET0     <<<esm: leaving Initialize (phase=<none>) with current time: 2010  6  1  0  0  0   0
20220917 031133.642 INFO             PET0   esm: InitializeIPDv02p1 extro.
20220917 031133.642 INFO             PET0   esm: InitializeIPDv02p3 intro.
20220917 031133.642 INFO             PET0     esm: IInitCheck intro.
20220917 031133.642 INFO             PET0     esm: IInitCheck extro.
20220917 031133.642 INFO             PET0     ATM: InitializeIPDvXp04 intro.
20220917 031133.648 INFO             PET0     ATM: InitializeIPDvXp04 extro.
20220917 031133.654 INFO             PET0     LND: InitializeIPDvXp04 intro.
20220917 031133.654 INFO             PET0     LND: InitializeIPDvXp04 extro.
20220917 031133.655 INFO             PET0     ATM-TO-OCN: InitializeIPDv05p4 intro.
20220917 031133.659 INFO             PET0     ATM-TO-OCN: InitializeIPDv05p4 extro.
20220917 031133.659 INFO             PET0     ATM-TO-LND: InitializeIPDv05p4 intro.
20220917 031133.662 INFO             PET0     ATM-TO-LND: InitializeIPDv05p4 extro.
20220917 031133.663 INFO             PET0     OCN-TO-ATM: InitializeIPDv05p4 intro.
20220917 031133.666 INFO             PET0     OCN-TO-ATM: InitializeIPDv05p4 extro.
20220917 031133.666 INFO             PET0     LND-TO-ATM: InitializeIPDv05p4 intro.
20220917 031133.669 INFO             PET0     LND-TO-ATM: InitializeIPDv05p4 extro.
20220917 031133.669 INFO             PET0     ATM-TO-OCN: InitializeIPDv05p5 intro.
20220917 031133.673 INFO             PET0     ATM-TO-OCN: InitializeIPDv05p5 extro.
20220917 031133.673 INFO             PET0     ATM-TO-LND: InitializeIPDv05p5 intro.
20220917 031133.676 INFO             PET0     ATM-TO-LND: InitializeIPDv05p5 extro.
20220917 031133.677 INFO             PET0     OCN-TO-ATM: InitializeIPDv05p5 intro.
20220917 031133.680 INFO             PET0     OCN-TO-ATM: InitializeIPDv05p5 extro.
20220917 031133.680 INFO             PET0     LND-TO-ATM: InitializeIPDv05p5 intro.
20220917 031133.682 INFO             PET0     LND-TO-ATM: InitializeIPDv05p5 extro.
20220917 031133.683 INFO             PET0     esm: IInitRealize intro.
20220917 031133.683 INFO             PET0     esm: IInitRealize extro.
20220917 031133.683 INFO             PET0     ATM-TO-OCN: InitializeIPDv05p6a intro.
20220917 031133.687 INFO             PET0     ATM-TO-OCN: InitializeIPDv05p6a extro.
20220917 031133.687 INFO             PET0     ATM-TO-LND: InitializeIPDv05p6a intro.
20220917 031133.690 INFO             PET0     ATM-TO-LND: InitializeIPDv05p6a extro.
20220917 031133.690 INFO             PET0     OCN-TO-ATM: InitializeIPDv05p6a intro.
20220917 031133.693 INFO             PET0     OCN-TO-ATM: InitializeIPDv05p6a extro.
20220917 031133.693 INFO             PET0     LND-TO-ATM: InitializeIPDv05p6a intro.
20220917 031133.696 INFO             PET0     LND-TO-ATM: InitializeIPDv05p6a extro.
20220917 031133.696 INFO             PET0     ATM-TO-OCN: InitializeIPDv05p6b intro.
20220917 031133.748 INFO             PET0     ATM-TO-OCN: InitializeIPDv05p6b extro.
20220917 031133.748 INFO             PET0     ATM-TO-LND: InitializeIPDv05p6b intro.
20220917 031133.748 INFO             PET0     ATM-TO-LND: InitializeIPDv05p6b extro.
20220917 031133.748 INFO             PET0     OCN-TO-ATM: InitializeIPDv05p6b intro.
20220917 031133.794 INFO             PET0     OCN-TO-ATM: InitializeIPDv05p6b extro.
20220917 031133.795 INFO             PET0     LND-TO-ATM: InitializeIPDv05p6b intro.
20220917 031133.795 INFO             PET0     LND-TO-ATM: InitializeIPDv05p6b extro.
20220917 031133.795 INFO             PET0     ATM: InitializeIPDvXp07 intro.
20220917 031133.795 INFO             PET0     ATM: InitializeIPDvXp07 extro.
20220917 031133.797 INFO             PET0     LND: InitializeIPDvXp07 intro.
20220917 031133.797 INFO             PET0     LND: InitializeIPDvXp07 extro.
20220917 031133.797 INFO             PET0   esm: InitializeIPDv02p3 extro.
20220917 031133.798 INFO             PET0   esm: InitializeIPDv02p5 intro.
20220917 031133.798 INFO             PET0     esm: InitializeIPDv02p5Data intro.
20220917 031133.798 INFO             PET0       esm: InternalInitializeComplete intro.
20220917 031133.798 INFO             PET0       esm: InternalInitializeComplete extro.
20220917 031133.798 INFO             PET0       ATM: InitializeIPDv01p5 intro.
20220917 031133.798 INFO             PET0       ATM: InitializeIPDv01p5 extro.
20220917 031133.800 INFO             PET0       LND: InitializeIPDv01p5 intro.
20220917 031133.800 INFO             PET0       LND: InitializeIPDv01p5 extro.
20220917 031133.800 INFO             PET0       esm: loopDataDependentInitialize intro.
20220917 031133.801 INFO             PET0       esm: loopDataDependentInitialize extro.
20220917 031133.801 INFO             PET0     esm: InitializeIPDv02p5Data extro.
20220917 031133.801 INFO             PET0   esm: InitializeIPDv02p5 extro.
20220917 031133.801 INFO             PET0 esm: InitializeP1 extro.
20220917 031133.801 INFO             PET0 esm: Run intro.
20220917 031133.801 INFO             PET0   >>>esm entered Run (phase=RunPhase1) with current time: 2010  6  1  0  0  0   0
20220917 031133.801 INFO             PET0   esm: after lable_SetRunClock, current time: 2010  6  1  0  0  0   0
20220917 031133.801 INFO             PET0   esm: begin -------> RunSequence.
20220917 031133.801 INFO             PET0     esm: RunSequence event loopLevel=   1  levelMember=   1  loopIteration=   1, current time: 2010  6  1  0  0  0   0
20220917 031133.801 INFO             PET0     ATM-TO-OCN: Run intro.
20220917 031133.801 INFO             PET0     ATM-TO-OCN: Run extro.
20220917 031133.801 INFO             PET0     OCN-TO-ATM: Run intro.
20220917 031133.801 INFO             PET0     OCN-TO-ATM: Run extro.
20220917 031133.802 INFO             PET0     ATM-TO-LND: Run intro.
20220917 031133.802 INFO             PET0     ATM-TO-LND: Run extro.
20220917 031133.802 INFO             PET0     LND-TO-ATM: Run intro.
20220917 031133.802 INFO             PET0     LND-TO-ATM: Run extro.
20220917 031133.802 INFO             PET0     ATM: Run intro.
20220917 031133.802 INFO             PET0       ------>Advancing ATM from: 2010  6  1  0  0  0   0
20220917 031133.802 INFO             PET0       ---------------------> to: 2010  6  1  0 30  0   0
20220917 031133.802 INFO             PET0     ATM: Run extro.
20220917 031133.802 INFO             PET0     esm: RunSequence event loopLevel=   2  levelMember=   1  loopIteration=   1, current time: 2010  6  1  0  0  0   0
20220917 031133.802 INFO             PET0     ------>Advancing OCN from: 2010  6  1  0  0  0   0
20220917 031133.802 INFO             PET0     ---------------------> to: 2010  6  1  0  5  0   0
20220917 031133.802 INFO             PET0     ------>Advancing OCN from: 2010  6  1  0  5  0   0
20220917 031133.802 INFO             PET0     ---------------------> to: 2010  6  1  0 10  0   0
20220917 031133.802 INFO             PET0     ------>Advancing OCN from: 2010  6  1  0 10  0   0
20220917 031133.802 INFO             PET0     ---------------------> to: 2010  6  1  0 15  0   0
20220917 031133.802 INFO             PET0     ------>Advancing OCN from: 2010  6  1  0 15  0   0
20220917 031133.802 INFO             PET0     ---------------------> to: 2010  6  1  0 20  0   0
20220917 031133.802 INFO             PET0     ------>Advancing OCN from: 2010  6  1  0 20  0   0
20220917 031133.802 INFO             PET0     ---------------------> to: 2010  6  1  0 25  0   0
20220917 031133.802 INFO             PET0     ------>Advancing OCN from: 2010  6  1  0 25  0   0
20220917 031133.802 INFO             PET0     ---------------------> to: 2010  6  1  0 30  0   0
20220917 031133.803 INFO             PET0     LND: Run intro.
20220917 031133.803 INFO             PET0       ------>Advancing LND from: 2010  6  1  0  0  0   0
20220917 031133.803 INFO             PET0       ---------------------> to: 2010  6  1  0  5  0   0
20220917 031133.803 INFO             PET0       ------>Advancing LND from: 2010  6  1  0  5  0   0
20220917 031133.803 INFO             PET0       ---------------------> to: 2010  6  1  0 10  0   0
20220917 031133.803 INFO             PET0       ------>Advancing LND from: 2010  6  1  0 10  0   0
20220917 031133.803 INFO             PET0       ---------------------> to: 2010  6  1  0 15  0   0
20220917 031133.803 INFO             PET0       ------>Advancing LND from: 2010  6  1  0 15  0   0
20220917 031133.803 INFO             PET0       ---------------------> to: 2010  6  1  0 20  0   0
20220917 031133.803 INFO             PET0       ------>Advancing LND from: 2010  6  1  0 20  0   0
20220917 031133.803 INFO             PET0       ---------------------> to: 2010  6  1  0 25  0   0
20220917 031133.803 INFO             PET0       ------>Advancing LND from: 2010  6  1  0 25  0   0
20220917 031133.803 INFO             PET0       ---------------------> to: 2010  6  1  0 30  0   0
20220917 031133.803 INFO             PET0     LND: Run extro.
20220917 031133.803 INFO             PET0     esm: RunSequence event loopLevel=   1  levelMember=   1  loopIteration=   2, current time: 2010  6  1  0 30  0   0
20220917 031133.803 INFO             PET0     ATM-TO-OCN: Run intro.
20220917 031133.803 INFO             PET0     ATM-TO-OCN: Run extro.
20220917 031133.803 INFO             PET0     OCN-TO-ATM: Run intro.
20220917 031133.803 INFO             PET0     OCN-TO-ATM: Run extro.
20220917 031133.803 INFO             PET0     ATM-TO-LND: Run intro.
20220917 031133.803 INFO             PET0     ATM-TO-LND: Run extro.
20220917 031133.803 INFO             PET0     LND-TO-ATM: Run intro.
20220917 031133.803 INFO             PET0     LND-TO-ATM: Run extro.
20220917 031133.804 INFO             PET0     ATM: Run intro.
20220917 031133.804 INFO             PET0       ------>Advancing ATM from: 2010  6  1  0 30  0   0
20220917 031133.804 INFO             PET0       ---------------------> to: 2010  6  1  1  0  0   0
20220917 031133.804 INFO             PET0     ATM: Run extro.
20220917 031133.804 INFO             PET0     esm: RunSequence event loopLevel=   2  levelMember=   1  loopIteration=   1, current time: 2010  6  1  0 30  0   0
20220917 031133.804 INFO             PET0     ------>Advancing OCN from: 2010  6  1  0 30  0   0
20220917 031133.804 INFO             PET0     ---------------------> to: 2010  6  1  0 35  0   0
20220917 031133.804 INFO             PET0     ------>Advancing OCN from: 2010  6  1  0 35  0   0
20220917 031133.804 INFO             PET0     ---------------------> to: 2010  6  1  0 40  0   0
20220917 031133.804 INFO             PET0     ------>Advancing OCN from: 2010  6  1  0 40  0   0
20220917 031133.804 INFO             PET0     ---------------------> to: 2010  6  1  0 45  0   0
20220917 031133.804 INFO             PET0     ------>Advancing OCN from: 2010  6  1  0 45  0   0
20220917 031133.804 INFO             PET0     ---------------------> to: 2010  6  1  0 50  0   0
20220917 031133.804 INFO             PET0     ------>Advancing OCN from: 2010  6  1  0 50  0   0
20220917 031133.804 INFO             PET0     ---------------------> to: 2010  6  1  0 55  0   0
20220917 031133.804 INFO             PET0     ------>Advancing OCN from: 2010  6  1  0 55  0   0
20220917 031133.804 INFO             PET0     ---------------------> to: 2010  6  1  1  0  0   0
20220917 031133.804 INFO             PET0     LND: Run intro.
20220917 031133.804 INFO             PET0       ------>Advancing LND from: 2010  6  1  0 30  0   0
20220917 031133.804 INFO             PET0       ---------------------> to: 2010  6  1  0 35  0   0
20220917 031133.804 INFO             PET0       ------>Advancing LND from: 2010  6  1  0 35  0   0
20220917 031133.804 INFO             PET0       ---------------------> to: 2010  6  1  0 40  0   0
20220917 031133.804 INFO             PET0       ------>Advancing LND from: 2010  6  1  0 40  0   0
20220917 031133.805 INFO             PET0       ---------------------> to: 2010  6  1  0 45  0   0
20220917 031133.805 INFO             PET0       ------>Advancing LND from: 2010  6  1  0 45  0   0
20220917 031133.805 INFO             PET0       ---------------------> to: 2010  6  1  0 50  0   0
20220917 031133.805 INFO             PET0       ------>Advancing LND from: 2010  6  1  0 50  0   0
20220917 031133.805 INFO             PET0       ---------------------> to: 2010  6  1  0 55  0   0
20220917 031133.805 INFO             PET0       ------>Advancing LND from: 2010  6  1  0 55  0   0
20220917 031133.805 INFO             PET0       ---------------------> to: 2010  6  1  1  0  0   0
20220917 031133.805 INFO             PET0     LND: Run extro.
20220917 031133.805 INFO             PET0   esm: end <--------- RunSequence
20220917 031133.805 INFO             PET0   <<<esm - leaving Run with current time: 2010  6  1  1  0  0   0
20220917 031133.805 INFO             PET0 esm: Run extro.
20220917 031133.805 INFO             PET0 esm: Finalize intro.
20220917 031133.805 INFO             PET0   ATM-TO-OCN: Finalize intro.
20220917 031133.805 INFO             PET0   ATM-TO-OCN: Finalize extro.
20220917 031133.805 INFO             PET0   ATM-TO-LND: Finalize intro.
20220917 031133.805 INFO             PET0   ATM-TO-LND: Finalize extro.
20220917 031133.805 INFO             PET0   OCN-TO-ATM: Finalize intro.
20220917 031133.805 INFO             PET0   OCN-TO-ATM: Finalize extro.
20220917 031133.805 INFO             PET0   LND-TO-ATM: Finalize intro.
20220917 031133.805 INFO             PET0   LND-TO-ATM: Finalize extro.
20220917 031133.805 INFO             PET0   ATM: Finalize intro.
20220917 031133.805 INFO             PET0   ATM: Finalize extro.
20220917 031133.805 INFO             PET0   LND: Finalize intro.
20220917 031133.805 INFO             PET0   LND: Finalize extro.
20220917 031133.806 INFO             PET0 esm: Finalize extro.
20220917 031133.806 INFO             PET0 esmApp FINISHED
20220917 031133.806 INFO             PET0 Finalizing ESMF
20220917 031133.517 INFO             PET1 !!!!!!!!!!!!!!!!!!!!!!!!!!!!!!!!!!!!!!!!!!!!!!!!!!!!!!
20220917 031133.517 INFO             PET1 !!! THE ESMF_LOG IS SET TO OUTPUT ALL LOG MESSAGES !!!
20220917 031133.517 INFO             PET1 !!!     THIS MAY CAUSE SLOWDOWN IN PERFORMANCE     !!!
20220917 031133.517 INFO             PET1 !!! FOR PRODUCTION RUNS, USE:                      !!!
20220917 031133.517 INFO             PET1 !!!                   ESMF_LOGKIND_Multi_On_Error  !!!
20220917 031133.517 INFO             PET1 !!!!!!!!!!!!!!!!!!!!!!!!!!!!!!!!!!!!!!!!!!!!!!!!!!!!!!
20220917 031133.517 INFO             PET1 Running with ESMF Version   : v8.3.1b05-5-gff97e84dbf
20220917 031133.517 INFO             PET1 ESMF library build date/time: "Sep 17 2022" "02:52:33"
20220917 031133.517 INFO             PET1 ESMF library build location : /home/mpotts/esmf-tests/intel_2021.2_intelmpi_g_patch_8.3.1/esmf
20220917 031133.517 INFO             PET1 ESMF_COMM                   : intelmpi
20220917 031133.517 INFO             PET1 ESMF_MOAB                   : enabled
20220917 031133.517 INFO             PET1 ESMF_LAPACK                 : enabled
20220917 031133.517 INFO             PET1 ESMF_NETCDF                 : enabled
20220917 031133.517 INFO             PET1 ESMF_PNETCDF                : disabled
20220917 031133.517 INFO             PET1 ESMF_PIO                    : enabled
20220917 031133.517 INFO             PET1 ESMF_YAMLCPP                : enabled
20220917 031133.517 INFO             PET1 esmApp STARTING
20220917 031133.547 INFO             PET1 esm: InitializeP1 intro.
20220917 031133.547 INFO             PET1   esm: InitializeIPDv02p1 intro.
20220917 031133.547 INFO             PET1     >>>esm: entered Initialize (phase=<none>) without valid internal Clock.
20220917 031133.576 INFO             PET1     esm - Creating state: modelComp 1 Import State
20220917 031133.576 INFO             PET1     esm - Creating state: modelComp 1 Export State
20220917 031133.577 INFO             PET1     esm - Creating state: modelComp 2 Import State
20220917 031133.577 INFO             PET1     esm - Creating state: modelComp 2 Export State
20220917 031133.577 INFO             PET1     esm - Creating state: modelComp 3 Import State
20220917 031133.577 INFO             PET1     esm - Creating state: modelComp 3 Export State
20220917 031133.578 INFO             PET1     ATM: InitializeP0 intro.
20220917 031133.579 INFO             PET1     ATM: InitializeP0 extro.
20220917 031133.582 INFO             PET1     LND: InitializeP0 intro.
20220917 031133.583 INFO             PET1     LND: InitializeP0 extro.
20220917 031133.584 INFO             PET1     ATM-TO-OCN: InitializeP0 intro.
20220917 031133.584 INFO             PET1     ATM-TO-OCN: InitializeP0 extro.
20220917 031133.585 INFO             PET1     ATM-TO-LND: InitializeP0 intro.
20220917 031133.585 INFO             PET1     ATM-TO-LND: InitializeP0 extro.
20220917 031133.586 INFO             PET1     OCN-TO-ATM: InitializeP0 intro.
20220917 031133.586 INFO             PET1     OCN-TO-ATM: InitializeP0 extro.
20220917 031133.587 INFO             PET1     LND-TO-ATM: InitializeP0 intro.
20220917 031133.587 INFO             PET1     LND-TO-ATM: InitializeP0 extro.
20220917 031133.591 INFO             PET1     esm: IInitAdvertise intro.
20220917 031133.591 INFO             PET1     esm: IInitAdvertise extro.
20220917 031133.591 INFO             PET1     ATM: InitializeIPDvXp01 intro.
20220917 031133.594 INFO             PET1     ATM: InitializeIPDvXp01 extro.
20220917 031133.598 INFO             PET1     LND: InitializeIPDvXp01 intro.
20220917 031133.598 INFO             PET1     LND: InitializeIPDvXp01 extro.
20220917 031133.598 INFO             PET1     ATM-TO-OCN: InitializeIPDv05p1 intro.
20220917 031133.602 INFO             PET1     ATM-TO-OCN: InitializeIPDv05p1 extro.
20220917 031133.602 INFO             PET1     ATM-TO-LND: InitializeIPDv05p1 intro.
20220917 031133.604 INFO             PET1     ATM-TO-LND: InitializeIPDv05p1 extro.
20220917 031133.604 INFO             PET1     OCN-TO-ATM: InitializeIPDv05p1 intro.
20220917 031133.607 INFO             PET1     OCN-TO-ATM: InitializeIPDv05p1 extro.
20220917 031133.607 INFO             PET1     LND-TO-ATM: InitializeIPDv05p1 intro.
20220917 031133.609 INFO             PET1     LND-TO-ATM: InitializeIPDv05p1 extro.
20220917 031133.610 INFO             PET1     esm: IInitAdvertiseFinish intro.
20220917 031133.610 INFO             PET1     esm: IInitAdvertiseFinish extro.
20220917 031133.610 INFO             PET1     ATM-TO-OCN: InitializeIPDv05p2a intro.
20220917 031133.613 INFO             PET1     ATM-TO-OCN: InitializeIPDv05p2a extro.
20220917 031133.613 INFO             PET1     ATM-TO-LND: InitializeIPDv05p2a intro.
20220917 031133.615 INFO             PET1     ATM-TO-LND: InitializeIPDv05p2a extro.
20220917 031133.615 INFO             PET1     OCN-TO-ATM: InitializeIPDv05p2a intro.
20220917 031133.618 INFO             PET1     OCN-TO-ATM: InitializeIPDv05p2a extro.
20220917 031133.618 INFO             PET1     LND-TO-ATM: InitializeIPDv05p2a intro.
20220917 031133.620 INFO             PET1     LND-TO-ATM: InitializeIPDv05p2a extro.
20220917 031133.620 INFO             PET1     ATM-TO-OCN: InitializeIPDv05p2b intro.
20220917 031133.623 INFO             PET1     ATM-TO-OCN: InitializeIPDv05p2b extro.
20220917 031133.623 INFO             PET1     ATM-TO-LND: InitializeIPDv05p2b intro.
20220917 031133.626 INFO             PET1     ATM-TO-LND: InitializeIPDv05p2b extro.
20220917 031133.626 INFO             PET1     OCN-TO-ATM: InitializeIPDv05p2b intro.
20220917 031133.628 INFO             PET1     OCN-TO-ATM: InitializeIPDv05p2b extro.
20220917 031133.628 INFO             PET1     LND-TO-ATM: InitializeIPDv05p2b intro.
20220917 031133.631 INFO             PET1     LND-TO-ATM: InitializeIPDv05p2b extro.
20220917 031133.631 INFO             PET1     esm: IInitModifyCplLists intro.
20220917 031133.631 INFO             PET1     esm: IInitModifyCplLists extro.
20220917 031133.631 INFO             PET1     ATM-TO-OCN: InitializeIPDv05p3 intro.
20220917 031133.634 INFO             PET1     ATM-TO-OCN: InitializeIPDv05p3 extro.
20220917 031133.634 INFO             PET1     ATM-TO-LND: InitializeIPDv05p3 intro.
20220917 031133.637 INFO             PET1     ATM-TO-LND: InitializeIPDv05p3 extro.
20220917 031133.637 INFO             PET1     OCN-TO-ATM: InitializeIPDv05p3 intro.
20220917 031133.640 INFO             PET1     OCN-TO-ATM: InitializeIPDv05p3 extro.
20220917 031133.640 INFO             PET1     LND-TO-ATM: InitializeIPDv05p3 intro.
20220917 031133.642 INFO             PET1     LND-TO-ATM: InitializeIPDv05p3 extro.
20220917 031133.642 INFO             PET1     <<<esm: leaving Initialize (phase=<none>) with current time: 2010  6  1  0  0  0   0
20220917 031133.642 INFO             PET1   esm: InitializeIPDv02p1 extro.
20220917 031133.642 INFO             PET1   esm: InitializeIPDv02p3 intro.
20220917 031133.642 INFO             PET1     esm: IInitCheck intro.
20220917 031133.642 INFO             PET1     esm: IInitCheck extro.
20220917 031133.642 INFO             PET1     ATM: InitializeIPDvXp04 intro.
20220917 031133.647 INFO             PET1     ATM: InitializeIPDvXp04 extro.
20220917 031133.654 INFO             PET1     LND: InitializeIPDvXp04 intro.
20220917 031133.654 INFO             PET1     LND: InitializeIPDvXp04 extro.
20220917 031133.655 INFO             PET1     ATM-TO-OCN: InitializeIPDv05p4 intro.
20220917 031133.659 INFO             PET1     ATM-TO-OCN: InitializeIPDv05p4 extro.
20220917 031133.659 INFO             PET1     ATM-TO-LND: InitializeIPDv05p4 intro.
20220917 031133.662 INFO             PET1     ATM-TO-LND: InitializeIPDv05p4 extro.
20220917 031133.663 INFO             PET1     OCN-TO-ATM: InitializeIPDv05p4 intro.
20220917 031133.666 INFO             PET1     OCN-TO-ATM: InitializeIPDv05p4 extro.
20220917 031133.666 INFO             PET1     LND-TO-ATM: InitializeIPDv05p4 intro.
20220917 031133.669 INFO             PET1     LND-TO-ATM: InitializeIPDv05p4 extro.
20220917 031133.669 INFO             PET1     ATM-TO-OCN: InitializeIPDv05p5 intro.
20220917 031133.673 INFO             PET1     ATM-TO-OCN: InitializeIPDv05p5 extro.
20220917 031133.673 INFO             PET1     ATM-TO-LND: InitializeIPDv05p5 intro.
20220917 031133.677 INFO             PET1     ATM-TO-LND: InitializeIPDv05p5 extro.
20220917 031133.677 INFO             PET1     OCN-TO-ATM: InitializeIPDv05p5 intro.
20220917 031133.680 INFO             PET1     OCN-TO-ATM: InitializeIPDv05p5 extro.
20220917 031133.680 INFO             PET1     LND-TO-ATM: InitializeIPDv05p5 intro.
20220917 031133.682 INFO             PET1     LND-TO-ATM: InitializeIPDv05p5 extro.
20220917 031133.683 INFO             PET1     esm: IInitRealize intro.
20220917 031133.683 INFO             PET1     esm: IInitRealize extro.
20220917 031133.683 INFO             PET1     ATM-TO-OCN: InitializeIPDv05p6a intro.
20220917 031133.687 INFO             PET1     ATM-TO-OCN: InitializeIPDv05p6a extro.
20220917 031133.687 INFO             PET1     ATM-TO-LND: InitializeIPDv05p6a intro.
20220917 031133.690 INFO             PET1     ATM-TO-LND: InitializeIPDv05p6a extro.
20220917 031133.690 INFO             PET1     OCN-TO-ATM: InitializeIPDv05p6a intro.
20220917 031133.693 INFO             PET1     OCN-TO-ATM: InitializeIPDv05p6a extro.
20220917 031133.693 INFO             PET1     LND-TO-ATM: InitializeIPDv05p6a intro.
20220917 031133.696 INFO             PET1     LND-TO-ATM: InitializeIPDv05p6a extro.
20220917 031133.696 INFO             PET1     ATM-TO-OCN: InitializeIPDv05p6b intro.
20220917 031133.748 INFO             PET1     ATM-TO-OCN: InitializeIPDv05p6b extro.
20220917 031133.748 INFO             PET1     ATM-TO-LND: InitializeIPDv05p6b intro.
20220917 031133.748 INFO             PET1     ATM-TO-LND: InitializeIPDv05p6b extro.
20220917 031133.748 INFO             PET1     OCN-TO-ATM: InitializeIPDv05p6b intro.
20220917 031133.794 INFO             PET1     OCN-TO-ATM: InitializeIPDv05p6b extro.
20220917 031133.795 INFO             PET1     LND-TO-ATM: InitializeIPDv05p6b intro.
20220917 031133.795 INFO             PET1     LND-TO-ATM: InitializeIPDv05p6b extro.
20220917 031133.795 INFO             PET1     ATM: InitializeIPDvXp07 intro.
20220917 031133.795 INFO             PET1     ATM: InitializeIPDvXp07 extro.
20220917 031133.797 INFO             PET1     LND: InitializeIPDvXp07 intro.
20220917 031133.797 INFO             PET1     LND: InitializeIPDvXp07 extro.
20220917 031133.798 INFO             PET1   esm: InitializeIPDv02p3 extro.
20220917 031133.798 INFO             PET1   esm: InitializeIPDv02p5 intro.
20220917 031133.798 INFO             PET1     esm: InitializeIPDv02p5Data intro.
20220917 031133.798 INFO             PET1       esm: InternalInitializeComplete intro.
20220917 031133.798 INFO             PET1       esm: InternalInitializeComplete extro.
20220917 031133.798 INFO             PET1       ATM: InitializeIPDv01p5 intro.
20220917 031133.798 INFO             PET1       ATM: InitializeIPDv01p5 extro.
20220917 031133.800 INFO             PET1       LND: InitializeIPDv01p5 intro.
20220917 031133.800 INFO             PET1       LND: InitializeIPDv01p5 extro.
20220917 031133.800 INFO             PET1       esm: loopDataDependentInitialize intro.
20220917 031133.801 INFO             PET1       esm: loopDataDependentInitialize extro.
20220917 031133.801 INFO             PET1     esm: InitializeIPDv02p5Data extro.
20220917 031133.801 INFO             PET1   esm: InitializeIPDv02p5 extro.
20220917 031133.801 INFO             PET1 esm: InitializeP1 extro.
20220917 031133.801 INFO             PET1 esm: Run intro.
20220917 031133.801 INFO             PET1   >>>esm entered Run (phase=RunPhase1) with current time: 2010  6  1  0  0  0   0
20220917 031133.801 INFO             PET1   esm: after lable_SetRunClock, current time: 2010  6  1  0  0  0   0
20220917 031133.801 INFO             PET1   esm: begin -------> RunSequence.
20220917 031133.801 INFO             PET1     esm: RunSequence event loopLevel=   1  levelMember=   1  loopIteration=   1, current time: 2010  6  1  0  0  0   0
20220917 031133.801 INFO             PET1     ATM-TO-OCN: Run intro.
20220917 031133.801 INFO             PET1     ATM-TO-OCN: Run extro.
20220917 031133.801 INFO             PET1     OCN-TO-ATM: Run intro.
20220917 031133.801 INFO             PET1     OCN-TO-ATM: Run extro.
20220917 031133.802 INFO             PET1     ATM-TO-LND: Run intro.
20220917 031133.802 INFO             PET1     ATM-TO-LND: Run extro.
20220917 031133.802 INFO             PET1     LND-TO-ATM: Run intro.
20220917 031133.802 INFO             PET1     LND-TO-ATM: Run extro.
20220917 031133.802 INFO             PET1     ATM: Run intro.
20220917 031133.802 INFO             PET1       ------>Advancing ATM from: 2010  6  1  0  0  0   0
20220917 031133.802 INFO             PET1       ---------------------> to: 2010  6  1  0 30  0   0
20220917 031133.802 INFO             PET1     ATM: Run extro.
20220917 031133.802 INFO             PET1     esm: RunSequence event loopLevel=   2  levelMember=   1  loopIteration=   1, current time: 2010  6  1  0  0  0   0
20220917 031133.802 INFO             PET1     ------>Advancing OCN from: 2010  6  1  0  0  0   0
20220917 031133.802 INFO             PET1     ---------------------> to: 2010  6  1  0  5  0   0
20220917 031133.802 INFO             PET1     ------>Advancing OCN from: 2010  6  1  0  5  0   0
20220917 031133.802 INFO             PET1     ---------------------> to: 2010  6  1  0 10  0   0
20220917 031133.802 INFO             PET1     ------>Advancing OCN from: 2010  6  1  0 10  0   0
20220917 031133.802 INFO             PET1     ---------------------> to: 2010  6  1  0 15  0   0
20220917 031133.802 INFO             PET1     ------>Advancing OCN from: 2010  6  1  0 15  0   0
20220917 031133.802 INFO             PET1     ---------------------> to: 2010  6  1  0 20  0   0
20220917 031133.802 INFO             PET1     ------>Advancing OCN from: 2010  6  1  0 20  0   0
20220917 031133.802 INFO             PET1     ---------------------> to: 2010  6  1  0 25  0   0
20220917 031133.802 INFO             PET1     ------>Advancing OCN from: 2010  6  1  0 25  0   0
20220917 031133.802 INFO             PET1     ---------------------> to: 2010  6  1  0 30  0   0
20220917 031133.803 INFO             PET1     LND: Run intro.
20220917 031133.803 INFO             PET1       ------>Advancing LND from: 2010  6  1  0  0  0   0
20220917 031133.803 INFO             PET1       ---------------------> to: 2010  6  1  0  5  0   0
20220917 031133.803 INFO             PET1       ------>Advancing LND from: 2010  6  1  0  5  0   0
20220917 031133.803 INFO             PET1       ---------------------> to: 2010  6  1  0 10  0   0
20220917 031133.803 INFO             PET1       ------>Advancing LND from: 2010  6  1  0 10  0   0
20220917 031133.803 INFO             PET1       ---------------------> to: 2010  6  1  0 15  0   0
20220917 031133.803 INFO             PET1       ------>Advancing LND from: 2010  6  1  0 15  0   0
20220917 031133.803 INFO             PET1       ---------------------> to: 2010  6  1  0 20  0   0
20220917 031133.803 INFO             PET1       ------>Advancing LND from: 2010  6  1  0 20  0   0
20220917 031133.803 INFO             PET1       ---------------------> to: 2010  6  1  0 25  0   0
20220917 031133.803 INFO             PET1       ------>Advancing LND from: 2010  6  1  0 25  0   0
20220917 031133.803 INFO             PET1       ---------------------> to: 2010  6  1  0 30  0   0
20220917 031133.803 INFO             PET1     LND: Run extro.
20220917 031133.803 INFO             PET1     esm: RunSequence event loopLevel=   1  levelMember=   1  loopIteration=   2, current time: 2010  6  1  0 30  0   0
20220917 031133.803 INFO             PET1     ATM-TO-OCN: Run intro.
20220917 031133.803 INFO             PET1     ATM-TO-OCN: Run extro.
20220917 031133.803 INFO             PET1     OCN-TO-ATM: Run intro.
20220917 031133.803 INFO             PET1     OCN-TO-ATM: Run extro.
20220917 031133.803 INFO             PET1     ATM-TO-LND: Run intro.
20220917 031133.803 INFO             PET1     ATM-TO-LND: Run extro.
20220917 031133.803 INFO             PET1     LND-TO-ATM: Run intro.
20220917 031133.803 INFO             PET1     LND-TO-ATM: Run extro.
20220917 031133.804 INFO             PET1     ATM: Run intro.
20220917 031133.804 INFO             PET1       ------>Advancing ATM from: 2010  6  1  0 30  0   0
20220917 031133.804 INFO             PET1       ---------------------> to: 2010  6  1  1  0  0   0
20220917 031133.804 INFO             PET1     ATM: Run extro.
20220917 031133.804 INFO             PET1     esm: RunSequence event loopLevel=   2  levelMember=   1  loopIteration=   1, current time: 2010  6  1  0 30  0   0
20220917 031133.804 INFO             PET1     ------>Advancing OCN from: 2010  6  1  0 30  0   0
20220917 031133.804 INFO             PET1     ---------------------> to: 2010  6  1  0 35  0   0
20220917 031133.804 INFO             PET1     ------>Advancing OCN from: 2010  6  1  0 35  0   0
20220917 031133.804 INFO             PET1     ---------------------> to: 2010  6  1  0 40  0   0
20220917 031133.804 INFO             PET1     ------>Advancing OCN from: 2010  6  1  0 40  0   0
20220917 031133.804 INFO             PET1     ---------------------> to: 2010  6  1  0 45  0   0
20220917 031133.804 INFO             PET1     ------>Advancing OCN from: 2010  6  1  0 45  0   0
20220917 031133.804 INFO             PET1     ---------------------> to: 2010  6  1  0 50  0   0
20220917 031133.804 INFO             PET1     ------>Advancing OCN from: 2010  6  1  0 50  0   0
20220917 031133.804 INFO             PET1     ---------------------> to: 2010  6  1  0 55  0   0
20220917 031133.804 INFO             PET1     ------>Advancing OCN from: 2010  6  1  0 55  0   0
20220917 031133.804 INFO             PET1     ---------------------> to: 2010  6  1  1  0  0   0
20220917 031133.804 INFO             PET1     LND: Run intro.
20220917 031133.804 INFO             PET1       ------>Advancing LND from: 2010  6  1  0 30  0   0
20220917 031133.804 INFO             PET1       ---------------------> to: 2010  6  1  0 35  0   0
20220917 031133.804 INFO             PET1       ------>Advancing LND from: 2010  6  1  0 35  0   0
20220917 031133.804 INFO             PET1       ---------------------> to: 2010  6  1  0 40  0   0
20220917 031133.804 INFO             PET1       ------>Advancing LND from: 2010  6  1  0 40  0   0
20220917 031133.804 INFO             PET1       ---------------------> to: 2010  6  1  0 45  0   0
20220917 031133.805 INFO             PET1       ------>Advancing LND from: 2010  6  1  0 45  0   0
20220917 031133.805 INFO             PET1       ---------------------> to: 2010  6  1  0 50  0   0
20220917 031133.805 INFO             PET1       ------>Advancing LND from: 2010  6  1  0 50  0   0
20220917 031133.805 INFO             PET1       ---------------------> to: 2010  6  1  0 55  0   0
20220917 031133.805 INFO             PET1       ------>Advancing LND from: 2010  6  1  0 55  0   0
20220917 031133.805 INFO             PET1       ---------------------> to: 2010  6  1  1  0  0   0
20220917 031133.805 INFO             PET1     LND: Run extro.
20220917 031133.805 INFO             PET1   esm: end <--------- RunSequence
20220917 031133.805 INFO             PET1   <<<esm - leaving Run with current time: 2010  6  1  1  0  0   0
20220917 031133.805 INFO             PET1 esm: Run extro.
20220917 031133.805 INFO             PET1 esm: Finalize intro.
20220917 031133.805 INFO             PET1   ATM-TO-OCN: Finalize intro.
20220917 031133.805 INFO             PET1   ATM-TO-OCN: Finalize extro.
20220917 031133.805 INFO             PET1   ATM-TO-LND: Finalize intro.
20220917 031133.805 INFO             PET1   ATM-TO-LND: Finalize extro.
20220917 031133.805 INFO             PET1   OCN-TO-ATM: Finalize intro.
20220917 031133.805 INFO             PET1   OCN-TO-ATM: Finalize extro.
20220917 031133.805 INFO             PET1   LND-TO-ATM: Finalize intro.
20220917 031133.805 INFO             PET1   LND-TO-ATM: Finalize extro.
20220917 031133.805 INFO             PET1   ATM: Finalize intro.
20220917 031133.805 INFO             PET1   ATM: Finalize extro.
20220917 031133.805 INFO             PET1   LND: Finalize intro.
20220917 031133.805 INFO             PET1   LND: Finalize extro.
20220917 031133.806 INFO             PET1 esm: Finalize extro.
20220917 031133.806 INFO             PET1 esmApp FINISHED
20220917 031133.806 INFO             PET1 Finalizing ESMF
20220917 031133.517 INFO             PET2 !!!!!!!!!!!!!!!!!!!!!!!!!!!!!!!!!!!!!!!!!!!!!!!!!!!!!!
20220917 031133.517 INFO             PET2 !!! THE ESMF_LOG IS SET TO OUTPUT ALL LOG MESSAGES !!!
20220917 031133.517 INFO             PET2 !!!     THIS MAY CAUSE SLOWDOWN IN PERFORMANCE     !!!
20220917 031133.517 INFO             PET2 !!! FOR PRODUCTION RUNS, USE:                      !!!
20220917 031133.517 INFO             PET2 !!!                   ESMF_LOGKIND_Multi_On_Error  !!!
20220917 031133.517 INFO             PET2 !!!!!!!!!!!!!!!!!!!!!!!!!!!!!!!!!!!!!!!!!!!!!!!!!!!!!!
20220917 031133.517 INFO             PET2 Running with ESMF Version   : v8.3.1b05-5-gff97e84dbf
20220917 031133.517 INFO             PET2 ESMF library build date/time: "Sep 17 2022" "02:52:33"
20220917 031133.517 INFO             PET2 ESMF library build location : /home/mpotts/esmf-tests/intel_2021.2_intelmpi_g_patch_8.3.1/esmf
20220917 031133.517 INFO             PET2 ESMF_COMM                   : intelmpi
20220917 031133.517 INFO             PET2 ESMF_MOAB                   : enabled
20220917 031133.517 INFO             PET2 ESMF_LAPACK                 : enabled
20220917 031133.517 INFO             PET2 ESMF_NETCDF                 : enabled
20220917 031133.517 INFO             PET2 ESMF_PNETCDF                : disabled
20220917 031133.517 INFO             PET2 ESMF_PIO                    : enabled
20220917 031133.517 INFO             PET2 ESMF_YAMLCPP                : enabled
20220917 031133.517 INFO             PET2 esmApp STARTING
20220917 031133.547 INFO             PET2 esm: InitializeP1 intro.
20220917 031133.547 INFO             PET2   esm: InitializeIPDv02p1 intro.
20220917 031133.547 INFO             PET2     >>>esm: entered Initialize (phase=<none>) without valid internal Clock.
20220917 031133.576 INFO             PET2     esm - Creating state: modelComp 1 Import State
20220917 031133.576 INFO             PET2     esm - Creating state: modelComp 1 Export State
20220917 031133.577 INFO             PET2     esm - Creating state: modelComp 2 Import State
20220917 031133.577 INFO             PET2     esm - Creating state: modelComp 2 Export State
20220917 031133.577 INFO             PET2     esm - Creating state: modelComp 3 Import State
20220917 031133.577 INFO             PET2     esm - Creating state: modelComp 3 Export State
20220917 031133.578 INFO             PET2     ATM: InitializeP0 intro.
20220917 031133.579 INFO             PET2     ATM: InitializeP0 extro.
20220917 031133.582 INFO             PET2     LND: InitializeP0 intro.
20220917 031133.583 INFO             PET2     LND: InitializeP0 extro.
20220917 031133.584 INFO             PET2     ATM-TO-OCN: InitializeP0 intro.
20220917 031133.584 INFO             PET2     ATM-TO-OCN: InitializeP0 extro.
20220917 031133.585 INFO             PET2     ATM-TO-LND: InitializeP0 intro.
20220917 031133.585 INFO             PET2     ATM-TO-LND: InitializeP0 extro.
20220917 031133.586 INFO             PET2     OCN-TO-ATM: InitializeP0 intro.
20220917 031133.586 INFO             PET2     OCN-TO-ATM: InitializeP0 extro.
20220917 031133.587 INFO             PET2     LND-TO-ATM: InitializeP0 intro.
20220917 031133.587 INFO             PET2     LND-TO-ATM: InitializeP0 extro.
20220917 031133.591 INFO             PET2     esm: IInitAdvertise intro.
20220917 031133.591 INFO             PET2     esm: IInitAdvertise extro.
20220917 031133.591 INFO             PET2     ATM: InitializeIPDvXp01 intro.
20220917 031133.594 INFO             PET2     ATM: InitializeIPDvXp01 extro.
20220917 031133.598 INFO             PET2     LND: InitializeIPDvXp01 intro.
20220917 031133.598 INFO             PET2     LND: InitializeIPDvXp01 extro.
20220917 031133.598 INFO             PET2     ATM-TO-OCN: InitializeIPDv05p1 intro.
20220917 031133.602 INFO             PET2     ATM-TO-OCN: InitializeIPDv05p1 extro.
20220917 031133.602 INFO             PET2     ATM-TO-LND: InitializeIPDv05p1 intro.
20220917 031133.604 INFO             PET2     ATM-TO-LND: InitializeIPDv05p1 extro.
20220917 031133.604 INFO             PET2     OCN-TO-ATM: InitializeIPDv05p1 intro.
20220917 031133.607 INFO             PET2     OCN-TO-ATM: InitializeIPDv05p1 extro.
20220917 031133.607 INFO             PET2     LND-TO-ATM: InitializeIPDv05p1 intro.
20220917 031133.609 INFO             PET2     LND-TO-ATM: InitializeIPDv05p1 extro.
20220917 031133.610 INFO             PET2     esm: IInitAdvertiseFinish intro.
20220917 031133.610 INFO             PET2     esm: IInitAdvertiseFinish extro.
20220917 031133.610 INFO             PET2     ATM-TO-OCN: InitializeIPDv05p2a intro.
20220917 031133.613 INFO             PET2     ATM-TO-OCN: InitializeIPDv05p2a extro.
20220917 031133.613 INFO             PET2     ATM-TO-LND: InitializeIPDv05p2a intro.
20220917 031133.615 INFO             PET2     ATM-TO-LND: InitializeIPDv05p2a extro.
20220917 031133.615 INFO             PET2     OCN-TO-ATM: InitializeIPDv05p2a intro.
20220917 031133.618 INFO             PET2     OCN-TO-ATM: InitializeIPDv05p2a extro.
20220917 031133.618 INFO             PET2     LND-TO-ATM: InitializeIPDv05p2a intro.
20220917 031133.620 INFO             PET2     LND-TO-ATM: InitializeIPDv05p2a extro.
20220917 031133.620 INFO             PET2     ATM-TO-OCN: InitializeIPDv05p2b intro.
20220917 031133.623 INFO             PET2     ATM-TO-OCN: InitializeIPDv05p2b extro.
20220917 031133.623 INFO             PET2     ATM-TO-LND: InitializeIPDv05p2b intro.
20220917 031133.626 INFO             PET2     ATM-TO-LND: InitializeIPDv05p2b extro.
20220917 031133.626 INFO             PET2     OCN-TO-ATM: InitializeIPDv05p2b intro.
20220917 031133.628 INFO             PET2     OCN-TO-ATM: InitializeIPDv05p2b extro.
20220917 031133.628 INFO             PET2     LND-TO-ATM: InitializeIPDv05p2b intro.
20220917 031133.631 INFO             PET2     LND-TO-ATM: InitializeIPDv05p2b extro.
20220917 031133.631 INFO             PET2     esm: IInitModifyCplLists intro.
20220917 031133.631 INFO             PET2     esm: IInitModifyCplLists extro.
20220917 031133.631 INFO             PET2     ATM-TO-OCN: InitializeIPDv05p3 intro.
20220917 031133.634 INFO             PET2     ATM-TO-OCN: InitializeIPDv05p3 extro.
20220917 031133.634 INFO             PET2     ATM-TO-LND: InitializeIPDv05p3 intro.
20220917 031133.637 INFO             PET2     ATM-TO-LND: InitializeIPDv05p3 extro.
20220917 031133.637 INFO             PET2     OCN-TO-ATM: InitializeIPDv05p3 intro.
20220917 031133.640 INFO             PET2     OCN-TO-ATM: InitializeIPDv05p3 extro.
20220917 031133.640 INFO             PET2     LND-TO-ATM: InitializeIPDv05p3 intro.
20220917 031133.642 INFO             PET2     LND-TO-ATM: InitializeIPDv05p3 extro.
20220917 031133.642 INFO             PET2     <<<esm: leaving Initialize (phase=<none>) with current time: 2010  6  1  0  0  0   0
20220917 031133.642 INFO             PET2   esm: InitializeIPDv02p1 extro.
20220917 031133.642 INFO             PET2   esm: InitializeIPDv02p3 intro.
20220917 031133.642 INFO             PET2     esm: IInitCheck intro.
20220917 031133.642 INFO             PET2     esm: IInitCheck extro.
20220917 031133.642 INFO             PET2     ATM: InitializeIPDvXp04 intro.
20220917 031133.647 INFO             PET2     ATM: InitializeIPDvXp04 extro.
20220917 031133.654 INFO             PET2     LND: InitializeIPDvXp04 intro.
20220917 031133.654 INFO             PET2     LND: InitializeIPDvXp04 extro.
20220917 031133.655 INFO             PET2     ATM-TO-OCN: InitializeIPDv05p4 intro.
20220917 031133.659 INFO             PET2     ATM-TO-OCN: InitializeIPDv05p4 extro.
20220917 031133.659 INFO             PET2     ATM-TO-LND: InitializeIPDv05p4 intro.
20220917 031133.662 INFO             PET2     ATM-TO-LND: InitializeIPDv05p4 extro.
20220917 031133.663 INFO             PET2     OCN-TO-ATM: InitializeIPDv05p4 intro.
20220917 031133.666 INFO             PET2     OCN-TO-ATM: InitializeIPDv05p4 extro.
20220917 031133.666 INFO             PET2     LND-TO-ATM: InitializeIPDv05p4 intro.
20220917 031133.669 INFO             PET2     LND-TO-ATM: InitializeIPDv05p4 extro.
20220917 031133.669 INFO             PET2     ATM-TO-OCN: InitializeIPDv05p5 intro.
20220917 031133.673 INFO             PET2     ATM-TO-OCN: InitializeIPDv05p5 extro.
20220917 031133.673 INFO             PET2     ATM-TO-LND: InitializeIPDv05p5 intro.
20220917 031133.676 INFO             PET2     ATM-TO-LND: InitializeIPDv05p5 extro.
20220917 031133.677 INFO             PET2     OCN-TO-ATM: InitializeIPDv05p5 intro.
20220917 031133.680 INFO             PET2     OCN-TO-ATM: InitializeIPDv05p5 extro.
20220917 031133.680 INFO             PET2     LND-TO-ATM: InitializeIPDv05p5 intro.
20220917 031133.682 INFO             PET2     LND-TO-ATM: InitializeIPDv05p5 extro.
20220917 031133.683 INFO             PET2     esm: IInitRealize intro.
20220917 031133.683 INFO             PET2     esm: IInitRealize extro.
20220917 031133.683 INFO             PET2     ATM-TO-OCN: InitializeIPDv05p6a intro.
20220917 031133.687 INFO             PET2     ATM-TO-OCN: InitializeIPDv05p6a extro.
20220917 031133.687 INFO             PET2     ATM-TO-LND: InitializeIPDv05p6a intro.
20220917 031133.690 INFO             PET2     ATM-TO-LND: InitializeIPDv05p6a extro.
20220917 031133.690 INFO             PET2     OCN-TO-ATM: InitializeIPDv05p6a intro.
20220917 031133.693 INFO             PET2     OCN-TO-ATM: InitializeIPDv05p6a extro.
20220917 031133.693 INFO             PET2     LND-TO-ATM: InitializeIPDv05p6a intro.
20220917 031133.696 INFO             PET2     LND-TO-ATM: InitializeIPDv05p6a extro.
20220917 031133.696 INFO             PET2     ATM-TO-OCN: InitializeIPDv05p6b intro.
20220917 031133.748 INFO             PET2     ATM-TO-OCN: InitializeIPDv05p6b extro.
20220917 031133.748 INFO             PET2     ATM-TO-LND: InitializeIPDv05p6b intro.
20220917 031133.748 INFO             PET2     ATM-TO-LND: InitializeIPDv05p6b extro.
20220917 031133.748 INFO             PET2     OCN-TO-ATM: InitializeIPDv05p6b intro.
20220917 031133.794 INFO             PET2     OCN-TO-ATM: InitializeIPDv05p6b extro.
20220917 031133.795 INFO             PET2     LND-TO-ATM: InitializeIPDv05p6b intro.
20220917 031133.795 INFO             PET2     LND-TO-ATM: InitializeIPDv05p6b extro.
20220917 031133.795 INFO             PET2     ATM: InitializeIPDvXp07 intro.
20220917 031133.795 INFO             PET2     ATM: InitializeIPDvXp07 extro.
20220917 031133.797 INFO             PET2     LND: InitializeIPDvXp07 intro.
20220917 031133.797 INFO             PET2     LND: InitializeIPDvXp07 extro.
20220917 031133.798 INFO             PET2   esm: InitializeIPDv02p3 extro.
20220917 031133.798 INFO             PET2   esm: InitializeIPDv02p5 intro.
20220917 031133.798 INFO             PET2     esm: InitializeIPDv02p5Data intro.
20220917 031133.798 INFO             PET2       esm: InternalInitializeComplete intro.
20220917 031133.798 INFO             PET2       esm: InternalInitializeComplete extro.
20220917 031133.798 INFO             PET2       ATM: InitializeIPDv01p5 intro.
20220917 031133.798 INFO             PET2       ATM: InitializeIPDv01p5 extro.
20220917 031133.800 INFO             PET2       LND: InitializeIPDv01p5 intro.
20220917 031133.800 INFO             PET2       LND: InitializeIPDv01p5 extro.
20220917 031133.800 INFO             PET2       esm: loopDataDependentInitialize intro.
20220917 031133.801 INFO             PET2       esm: loopDataDependentInitialize extro.
20220917 031133.801 INFO             PET2     esm: InitializeIPDv02p5Data extro.
20220917 031133.801 INFO             PET2   esm: InitializeIPDv02p5 extro.
20220917 031133.801 INFO             PET2 esm: InitializeP1 extro.
20220917 031133.801 INFO             PET2 esm: Run intro.
20220917 031133.801 INFO             PET2   >>>esm entered Run (phase=RunPhase1) with current time: 2010  6  1  0  0  0   0
20220917 031133.801 INFO             PET2   esm: after lable_SetRunClock, current time: 2010  6  1  0  0  0   0
20220917 031133.801 INFO             PET2   esm: begin -------> RunSequence.
20220917 031133.801 INFO             PET2     esm: RunSequence event loopLevel=   1  levelMember=   1  loopIteration=   1, current time: 2010  6  1  0  0  0   0
20220917 031133.801 INFO             PET2     ATM-TO-OCN: Run intro.
20220917 031133.801 INFO             PET2     ATM-TO-OCN: Run extro.
20220917 031133.801 INFO             PET2     OCN-TO-ATM: Run intro.
20220917 031133.801 INFO             PET2     OCN-TO-ATM: Run extro.
20220917 031133.802 INFO             PET2     ATM-TO-LND: Run intro.
20220917 031133.802 INFO             PET2     ATM-TO-LND: Run extro.
20220917 031133.802 INFO             PET2     LND-TO-ATM: Run intro.
20220917 031133.802 INFO             PET2     LND-TO-ATM: Run extro.
20220917 031133.802 INFO             PET2     ATM: Run intro.
20220917 031133.802 INFO             PET2       ------>Advancing ATM from: 2010  6  1  0  0  0   0
20220917 031133.802 INFO             PET2       ---------------------> to: 2010  6  1  0 30  0   0
20220917 031133.802 INFO             PET2     ATM: Run extro.
20220917 031133.802 INFO             PET2     esm: RunSequence event loopLevel=   2  levelMember=   1  loopIteration=   1, current time: 2010  6  1  0  0  0   0
20220917 031133.802 INFO             PET2     ------>Advancing OCN from: 2010  6  1  0  0  0   0
20220917 031133.802 INFO             PET2     ---------------------> to: 2010  6  1  0  5  0   0
20220917 031133.802 INFO             PET2     ------>Advancing OCN from: 2010  6  1  0  5  0   0
20220917 031133.802 INFO             PET2     ---------------------> to: 2010  6  1  0 10  0   0
20220917 031133.802 INFO             PET2     ------>Advancing OCN from: 2010  6  1  0 10  0   0
20220917 031133.802 INFO             PET2     ---------------------> to: 2010  6  1  0 15  0   0
20220917 031133.802 INFO             PET2     ------>Advancing OCN from: 2010  6  1  0 15  0   0
20220917 031133.802 INFO             PET2     ---------------------> to: 2010  6  1  0 20  0   0
20220917 031133.802 INFO             PET2     ------>Advancing OCN from: 2010  6  1  0 20  0   0
20220917 031133.802 INFO             PET2     ---------------------> to: 2010  6  1  0 25  0   0
20220917 031133.802 INFO             PET2     ------>Advancing OCN from: 2010  6  1  0 25  0   0
20220917 031133.802 INFO             PET2     ---------------------> to: 2010  6  1  0 30  0   0
20220917 031133.803 INFO             PET2     LND: Run intro.
20220917 031133.803 INFO             PET2       ------>Advancing LND from: 2010  6  1  0  0  0   0
20220917 031133.803 INFO             PET2       ---------------------> to: 2010  6  1  0  5  0   0
20220917 031133.803 INFO             PET2       ------>Advancing LND from: 2010  6  1  0  5  0   0
20220917 031133.803 INFO             PET2       ---------------------> to: 2010  6  1  0 10  0   0
20220917 031133.803 INFO             PET2       ------>Advancing LND from: 2010  6  1  0 10  0   0
20220917 031133.803 INFO             PET2       ---------------------> to: 2010  6  1  0 15  0   0
20220917 031133.803 INFO             PET2       ------>Advancing LND from: 2010  6  1  0 15  0   0
20220917 031133.803 INFO             PET2       ---------------------> to: 2010  6  1  0 20  0   0
20220917 031133.803 INFO             PET2       ------>Advancing LND from: 2010  6  1  0 20  0   0
20220917 031133.803 INFO             PET2       ---------------------> to: 2010  6  1  0 25  0   0
20220917 031133.803 INFO             PET2       ------>Advancing LND from: 2010  6  1  0 25  0   0
20220917 031133.803 INFO             PET2       ---------------------> to: 2010  6  1  0 30  0   0
20220917 031133.803 INFO             PET2     LND: Run extro.
20220917 031133.803 INFO             PET2     esm: RunSequence event loopLevel=   1  levelMember=   1  loopIteration=   2, current time: 2010  6  1  0 30  0   0
20220917 031133.803 INFO             PET2     ATM-TO-OCN: Run intro.
20220917 031133.803 INFO             PET2     ATM-TO-OCN: Run extro.
20220917 031133.803 INFO             PET2     OCN-TO-ATM: Run intro.
20220917 031133.803 INFO             PET2     OCN-TO-ATM: Run extro.
20220917 031133.803 INFO             PET2     ATM-TO-LND: Run intro.
20220917 031133.803 INFO             PET2     ATM-TO-LND: Run extro.
20220917 031133.803 INFO             PET2     LND-TO-ATM: Run intro.
20220917 031133.803 INFO             PET2     LND-TO-ATM: Run extro.
20220917 031133.804 INFO             PET2     ATM: Run intro.
20220917 031133.804 INFO             PET2       ------>Advancing ATM from: 2010  6  1  0 30  0   0
20220917 031133.804 INFO             PET2       ---------------------> to: 2010  6  1  1  0  0   0
20220917 031133.804 INFO             PET2     ATM: Run extro.
20220917 031133.804 INFO             PET2     esm: RunSequence event loopLevel=   2  levelMember=   1  loopIteration=   1, current time: 2010  6  1  0 30  0   0
20220917 031133.804 INFO             PET2     ------>Advancing OCN from: 2010  6  1  0 30  0   0
20220917 031133.804 INFO             PET2     ---------------------> to: 2010  6  1  0 35  0   0
20220917 031133.804 INFO             PET2     ------>Advancing OCN from: 2010  6  1  0 35  0   0
20220917 031133.804 INFO             PET2     ---------------------> to: 2010  6  1  0 40  0   0
20220917 031133.804 INFO             PET2     ------>Advancing OCN from: 2010  6  1  0 40  0   0
20220917 031133.804 INFO             PET2     ---------------------> to: 2010  6  1  0 45  0   0
20220917 031133.804 INFO             PET2     ------>Advancing OCN from: 2010  6  1  0 45  0   0
20220917 031133.804 INFO             PET2     ---------------------> to: 2010  6  1  0 50  0   0
20220917 031133.804 INFO             PET2     ------>Advancing OCN from: 2010  6  1  0 50  0   0
20220917 031133.804 INFO             PET2     ---------------------> to: 2010  6  1  0 55  0   0
20220917 031133.804 INFO             PET2     ------>Advancing OCN from: 2010  6  1  0 55  0   0
20220917 031133.804 INFO             PET2     ---------------------> to: 2010  6  1  1  0  0   0
20220917 031133.804 INFO             PET2     LND: Run intro.
20220917 031133.804 INFO             PET2       ------>Advancing LND from: 2010  6  1  0 30  0   0
20220917 031133.804 INFO             PET2       ---------------------> to: 2010  6  1  0 35  0   0
20220917 031133.804 INFO             PET2       ------>Advancing LND from: 2010  6  1  0 35  0   0
20220917 031133.804 INFO             PET2       ---------------------> to: 2010  6  1  0 40  0   0
20220917 031133.804 INFO             PET2       ------>Advancing LND from: 2010  6  1  0 40  0   0
20220917 031133.805 INFO             PET2       ---------------------> to: 2010  6  1  0 45  0   0
20220917 031133.805 INFO             PET2       ------>Advancing LND from: 2010  6  1  0 45  0   0
20220917 031133.805 INFO             PET2       ---------------------> to: 2010  6  1  0 50  0   0
20220917 031133.805 INFO             PET2       ------>Advancing LND from: 2010  6  1  0 50  0   0
20220917 031133.805 INFO             PET2       ---------------------> to: 2010  6  1  0 55  0   0
20220917 031133.805 INFO             PET2       ------>Advancing LND from: 2010  6  1  0 55  0   0
20220917 031133.805 INFO             PET2       ---------------------> to: 2010  6  1  1  0  0   0
20220917 031133.805 INFO             PET2     LND: Run extro.
20220917 031133.805 INFO             PET2   esm: end <--------- RunSequence
20220917 031133.805 INFO             PET2   <<<esm - leaving Run with current time: 2010  6  1  1  0  0   0
20220917 031133.805 INFO             PET2 esm: Run extro.
20220917 031133.805 INFO             PET2 esm: Finalize intro.
20220917 031133.805 INFO             PET2   ATM-TO-OCN: Finalize intro.
20220917 031133.805 INFO             PET2   ATM-TO-OCN: Finalize extro.
20220917 031133.805 INFO             PET2   ATM-TO-LND: Finalize intro.
20220917 031133.805 INFO             PET2   ATM-TO-LND: Finalize extro.
20220917 031133.805 INFO             PET2   OCN-TO-ATM: Finalize intro.
20220917 031133.805 INFO             PET2   OCN-TO-ATM: Finalize extro.
20220917 031133.805 INFO             PET2   LND-TO-ATM: Finalize intro.
20220917 031133.805 INFO             PET2   LND-TO-ATM: Finalize extro.
20220917 031133.805 INFO             PET2   ATM: Finalize intro.
20220917 031133.805 INFO             PET2   ATM: Finalize extro.
20220917 031133.805 INFO             PET2   LND: Finalize intro.
20220917 031133.805 INFO             PET2   LND: Finalize extro.
20220917 031133.806 INFO             PET2 esm: Finalize extro.
20220917 031133.806 INFO             PET2 esmApp FINISHED
20220917 031133.806 INFO             PET2 Finalizing ESMF
20220917 031133.517 INFO             PET3 !!!!!!!!!!!!!!!!!!!!!!!!!!!!!!!!!!!!!!!!!!!!!!!!!!!!!!
20220917 031133.517 INFO             PET3 !!! THE ESMF_LOG IS SET TO OUTPUT ALL LOG MESSAGES !!!
20220917 031133.517 INFO             PET3 !!!     THIS MAY CAUSE SLOWDOWN IN PERFORMANCE     !!!
20220917 031133.517 INFO             PET3 !!! FOR PRODUCTION RUNS, USE:                      !!!
20220917 031133.517 INFO             PET3 !!!                   ESMF_LOGKIND_Multi_On_Error  !!!
20220917 031133.517 INFO             PET3 !!!!!!!!!!!!!!!!!!!!!!!!!!!!!!!!!!!!!!!!!!!!!!!!!!!!!!
20220917 031133.517 INFO             PET3 Running with ESMF Version   : v8.3.1b05-5-gff97e84dbf
20220917 031133.517 INFO             PET3 ESMF library build date/time: "Sep 17 2022" "02:52:33"
20220917 031133.517 INFO             PET3 ESMF library build location : /home/mpotts/esmf-tests/intel_2021.2_intelmpi_g_patch_8.3.1/esmf
20220917 031133.517 INFO             PET3 ESMF_COMM                   : intelmpi
20220917 031133.517 INFO             PET3 ESMF_MOAB                   : enabled
20220917 031133.517 INFO             PET3 ESMF_LAPACK                 : enabled
20220917 031133.517 INFO             PET3 ESMF_NETCDF                 : enabled
20220917 031133.517 INFO             PET3 ESMF_PNETCDF                : disabled
20220917 031133.517 INFO             PET3 ESMF_PIO                    : enabled
20220917 031133.517 INFO             PET3 ESMF_YAMLCPP                : enabled
20220917 031133.517 INFO             PET3 esmApp STARTING
20220917 031133.547 INFO             PET3 esm: InitializeP1 intro.
20220917 031133.547 INFO             PET3   esm: InitializeIPDv02p1 intro.
20220917 031133.547 INFO             PET3     >>>esm: entered Initialize (phase=<none>) without valid internal Clock.
20220917 031133.576 INFO             PET3     esm - Creating state: modelComp 1 Import State
20220917 031133.576 INFO             PET3     esm - Creating state: modelComp 1 Export State
20220917 031133.577 INFO             PET3     esm - Creating state: modelComp 2 Import State
20220917 031133.577 INFO             PET3     esm - Creating state: modelComp 2 Export State
20220917 031133.577 INFO             PET3     esm - Creating state: modelComp 3 Import State
20220917 031133.577 INFO             PET3     esm - Creating state: modelComp 3 Export State
20220917 031133.578 INFO             PET3     ATM: InitializeP0 intro.
20220917 031133.579 INFO             PET3     ATM: InitializeP0 extro.
20220917 031133.582 INFO             PET3     LND: InitializeP0 intro.
20220917 031133.583 INFO             PET3     LND: InitializeP0 extro.
20220917 031133.584 INFO             PET3     ATM-TO-OCN: InitializeP0 intro.
20220917 031133.584 INFO             PET3     ATM-TO-OCN: InitializeP0 extro.
20220917 031133.585 INFO             PET3     ATM-TO-LND: InitializeP0 intro.
20220917 031133.585 INFO             PET3     ATM-TO-LND: InitializeP0 extro.
20220917 031133.586 INFO             PET3     OCN-TO-ATM: InitializeP0 intro.
20220917 031133.586 INFO             PET3     OCN-TO-ATM: InitializeP0 extro.
20220917 031133.587 INFO             PET3     LND-TO-ATM: InitializeP0 intro.
20220917 031133.587 INFO             PET3     LND-TO-ATM: InitializeP0 extro.
20220917 031133.591 INFO             PET3     esm: IInitAdvertise intro.
20220917 031133.591 INFO             PET3     esm: IInitAdvertise extro.
20220917 031133.591 INFO             PET3     ATM: InitializeIPDvXp01 intro.
20220917 031133.594 INFO             PET3     ATM: InitializeIPDvXp01 extro.
20220917 031133.598 INFO             PET3     LND: InitializeIPDvXp01 intro.
20220917 031133.598 INFO             PET3     LND: InitializeIPDvXp01 extro.
20220917 031133.598 INFO             PET3     ATM-TO-OCN: InitializeIPDv05p1 intro.
20220917 031133.602 INFO             PET3     ATM-TO-OCN: InitializeIPDv05p1 extro.
20220917 031133.602 INFO             PET3     ATM-TO-LND: InitializeIPDv05p1 intro.
20220917 031133.604 INFO             PET3     ATM-TO-LND: InitializeIPDv05p1 extro.
20220917 031133.604 INFO             PET3     OCN-TO-ATM: InitializeIPDv05p1 intro.
20220917 031133.607 INFO             PET3     OCN-TO-ATM: InitializeIPDv05p1 extro.
20220917 031133.607 INFO             PET3     LND-TO-ATM: InitializeIPDv05p1 intro.
20220917 031133.609 INFO             PET3     LND-TO-ATM: InitializeIPDv05p1 extro.
20220917 031133.610 INFO             PET3     esm: IInitAdvertiseFinish intro.
20220917 031133.610 INFO             PET3     esm: IInitAdvertiseFinish extro.
20220917 031133.610 INFO             PET3     ATM-TO-OCN: InitializeIPDv05p2a intro.
20220917 031133.613 INFO             PET3     ATM-TO-OCN: InitializeIPDv05p2a extro.
20220917 031133.613 INFO             PET3     ATM-TO-LND: InitializeIPDv05p2a intro.
20220917 031133.615 INFO             PET3     ATM-TO-LND: InitializeIPDv05p2a extro.
20220917 031133.615 INFO             PET3     OCN-TO-ATM: InitializeIPDv05p2a intro.
20220917 031133.618 INFO             PET3     OCN-TO-ATM: InitializeIPDv05p2a extro.
20220917 031133.618 INFO             PET3     LND-TO-ATM: InitializeIPDv05p2a intro.
20220917 031133.620 INFO             PET3     LND-TO-ATM: InitializeIPDv05p2a extro.
20220917 031133.620 INFO             PET3     ATM-TO-OCN: InitializeIPDv05p2b intro.
20220917 031133.623 INFO             PET3     ATM-TO-OCN: InitializeIPDv05p2b extro.
20220917 031133.623 INFO             PET3     ATM-TO-LND: InitializeIPDv05p2b intro.
20220917 031133.626 INFO             PET3     ATM-TO-LND: InitializeIPDv05p2b extro.
20220917 031133.626 INFO             PET3     OCN-TO-ATM: InitializeIPDv05p2b intro.
20220917 031133.628 INFO             PET3     OCN-TO-ATM: InitializeIPDv05p2b extro.
20220917 031133.628 INFO             PET3     LND-TO-ATM: InitializeIPDv05p2b intro.
20220917 031133.631 INFO             PET3     LND-TO-ATM: InitializeIPDv05p2b extro.
20220917 031133.631 INFO             PET3     esm: IInitModifyCplLists intro.
20220917 031133.631 INFO             PET3     esm: IInitModifyCplLists extro.
20220917 031133.631 INFO             PET3     ATM-TO-OCN: InitializeIPDv05p3 intro.
20220917 031133.634 INFO             PET3     ATM-TO-OCN: InitializeIPDv05p3 extro.
20220917 031133.634 INFO             PET3     ATM-TO-LND: InitializeIPDv05p3 intro.
20220917 031133.637 INFO             PET3     ATM-TO-LND: InitializeIPDv05p3 extro.
20220917 031133.637 INFO             PET3     OCN-TO-ATM: InitializeIPDv05p3 intro.
20220917 031133.640 INFO             PET3     OCN-TO-ATM: InitializeIPDv05p3 extro.
20220917 031133.640 INFO             PET3     LND-TO-ATM: InitializeIPDv05p3 intro.
20220917 031133.642 INFO             PET3     LND-TO-ATM: InitializeIPDv05p3 extro.
20220917 031133.642 INFO             PET3     <<<esm: leaving Initialize (phase=<none>) with current time: 2010  6  1  0  0  0   0
20220917 031133.642 INFO             PET3   esm: InitializeIPDv02p1 extro.
20220917 031133.642 INFO             PET3   esm: InitializeIPDv02p3 intro.
20220917 031133.642 INFO             PET3     esm: IInitCheck intro.
20220917 031133.642 INFO             PET3     esm: IInitCheck extro.
20220917 031133.642 INFO             PET3     ATM: InitializeIPDvXp04 intro.
20220917 031133.648 INFO             PET3     ATM: InitializeIPDvXp04 extro.
20220917 031133.654 INFO             PET3     LND: InitializeIPDvXp04 intro.
20220917 031133.654 INFO             PET3     LND: InitializeIPDvXp04 extro.
20220917 031133.655 INFO             PET3     ATM-TO-OCN: InitializeIPDv05p4 intro.
20220917 031133.659 INFO             PET3     ATM-TO-OCN: InitializeIPDv05p4 extro.
20220917 031133.659 INFO             PET3     ATM-TO-LND: InitializeIPDv05p4 intro.
20220917 031133.662 INFO             PET3     ATM-TO-LND: InitializeIPDv05p4 extro.
20220917 031133.663 INFO             PET3     OCN-TO-ATM: InitializeIPDv05p4 intro.
20220917 031133.666 INFO             PET3     OCN-TO-ATM: InitializeIPDv05p4 extro.
20220917 031133.666 INFO             PET3     LND-TO-ATM: InitializeIPDv05p4 intro.
20220917 031133.669 INFO             PET3     LND-TO-ATM: InitializeIPDv05p4 extro.
20220917 031133.669 INFO             PET3     ATM-TO-OCN: InitializeIPDv05p5 intro.
20220917 031133.673 INFO             PET3     ATM-TO-OCN: InitializeIPDv05p5 extro.
20220917 031133.673 INFO             PET3     ATM-TO-LND: InitializeIPDv05p5 intro.
20220917 031133.676 INFO             PET3     ATM-TO-LND: InitializeIPDv05p5 extro.
20220917 031133.677 INFO             PET3     OCN-TO-ATM: InitializeIPDv05p5 intro.
20220917 031133.680 INFO             PET3     OCN-TO-ATM: InitializeIPDv05p5 extro.
20220917 031133.680 INFO             PET3     LND-TO-ATM: InitializeIPDv05p5 intro.
20220917 031133.682 INFO             PET3     LND-TO-ATM: InitializeIPDv05p5 extro.
20220917 031133.683 INFO             PET3     esm: IInitRealize intro.
20220917 031133.683 INFO             PET3     esm: IInitRealize extro.
20220917 031133.683 INFO             PET3     ATM-TO-OCN: InitializeIPDv05p6a intro.
20220917 031133.687 INFO             PET3     ATM-TO-OCN: InitializeIPDv05p6a extro.
20220917 031133.687 INFO             PET3     ATM-TO-LND: InitializeIPDv05p6a intro.
20220917 031133.690 INFO             PET3     ATM-TO-LND: InitializeIPDv05p6a extro.
20220917 031133.690 INFO             PET3     OCN-TO-ATM: InitializeIPDv05p6a intro.
20220917 031133.693 INFO             PET3     OCN-TO-ATM: InitializeIPDv05p6a extro.
20220917 031133.693 INFO             PET3     LND-TO-ATM: InitializeIPDv05p6a intro.
20220917 031133.696 INFO             PET3     LND-TO-ATM: InitializeIPDv05p6a extro.
20220917 031133.696 INFO             PET3     ATM-TO-OCN: InitializeIPDv05p6b intro.
20220917 031133.748 INFO             PET3     ATM-TO-OCN: InitializeIPDv05p6b extro.
20220917 031133.748 INFO             PET3     ATM-TO-LND: InitializeIPDv05p6b intro.
20220917 031133.748 INFO             PET3     ATM-TO-LND: InitializeIPDv05p6b extro.
20220917 031133.748 INFO             PET3     OCN-TO-ATM: InitializeIPDv05p6b intro.
20220917 031133.794 INFO             PET3     OCN-TO-ATM: InitializeIPDv05p6b extro.
20220917 031133.795 INFO             PET3     LND-TO-ATM: InitializeIPDv05p6b intro.
20220917 031133.795 INFO             PET3     LND-TO-ATM: InitializeIPDv05p6b extro.
20220917 031133.795 INFO             PET3     ATM: InitializeIPDvXp07 intro.
20220917 031133.795 INFO             PET3     ATM: InitializeIPDvXp07 extro.
20220917 031133.797 INFO             PET3     LND: InitializeIPDvXp07 intro.
20220917 031133.797 INFO             PET3     LND: InitializeIPDvXp07 extro.
20220917 031133.798 INFO             PET3   esm: InitializeIPDv02p3 extro.
20220917 031133.798 INFO             PET3   esm: InitializeIPDv02p5 intro.
20220917 031133.798 INFO             PET3     esm: InitializeIPDv02p5Data intro.
20220917 031133.798 INFO             PET3       esm: InternalInitializeComplete intro.
20220917 031133.798 INFO             PET3       esm: InternalInitializeComplete extro.
20220917 031133.798 INFO             PET3       ATM: InitializeIPDv01p5 intro.
20220917 031133.798 INFO             PET3       ATM: InitializeIPDv01p5 extro.
20220917 031133.800 INFO             PET3       LND: InitializeIPDv01p5 intro.
20220917 031133.800 INFO             PET3       LND: InitializeIPDv01p5 extro.
20220917 031133.800 INFO             PET3       esm: loopDataDependentInitialize intro.
20220917 031133.801 INFO             PET3       esm: loopDataDependentInitialize extro.
20220917 031133.801 INFO             PET3     esm: InitializeIPDv02p5Data extro.
20220917 031133.801 INFO             PET3   esm: InitializeIPDv02p5 extro.
20220917 031133.801 INFO             PET3 esm: InitializeP1 extro.
20220917 031133.801 INFO             PET3 esm: Run intro.
20220917 031133.801 INFO             PET3   >>>esm entered Run (phase=RunPhase1) with current time: 2010  6  1  0  0  0   0
20220917 031133.801 INFO             PET3   esm: after lable_SetRunClock, current time: 2010  6  1  0  0  0   0
20220917 031133.801 INFO             PET3   esm: begin -------> RunSequence.
20220917 031133.801 INFO             PET3     esm: RunSequence event loopLevel=   1  levelMember=   1  loopIteration=   1, current time: 2010  6  1  0  0  0   0
20220917 031133.801 INFO             PET3     ATM-TO-OCN: Run intro.
20220917 031133.801 INFO             PET3     ATM-TO-OCN: Run extro.
20220917 031133.801 INFO             PET3     OCN-TO-ATM: Run intro.
20220917 031133.801 INFO             PET3     OCN-TO-ATM: Run extro.
20220917 031133.802 INFO             PET3     ATM-TO-LND: Run intro.
20220917 031133.802 INFO             PET3     ATM-TO-LND: Run extro.
20220917 031133.802 INFO             PET3     LND-TO-ATM: Run intro.
20220917 031133.802 INFO             PET3     LND-TO-ATM: Run extro.
20220917 031133.802 INFO             PET3     ATM: Run intro.
20220917 031133.802 INFO             PET3       ------>Advancing ATM from: 2010  6  1  0  0  0   0
20220917 031133.802 INFO             PET3       ---------------------> to: 2010  6  1  0 30  0   0
20220917 031133.802 INFO             PET3     ATM: Run extro.
20220917 031133.802 INFO             PET3     esm: RunSequence event loopLevel=   2  levelMember=   1  loopIteration=   1, current time: 2010  6  1  0  0  0   0
20220917 031133.802 INFO             PET3     ------>Advancing OCN from: 2010  6  1  0  0  0   0
20220917 031133.802 INFO             PET3     ---------------------> to: 2010  6  1  0  5  0   0
20220917 031133.802 INFO             PET3     ------>Advancing OCN from: 2010  6  1  0  5  0   0
20220917 031133.802 INFO             PET3     ---------------------> to: 2010  6  1  0 10  0   0
20220917 031133.802 INFO             PET3     ------>Advancing OCN from: 2010  6  1  0 10  0   0
20220917 031133.802 INFO             PET3     ---------------------> to: 2010  6  1  0 15  0   0
20220917 031133.802 INFO             PET3     ------>Advancing OCN from: 2010  6  1  0 15  0   0
20220917 031133.802 INFO             PET3     ---------------------> to: 2010  6  1  0 20  0   0
20220917 031133.802 INFO             PET3     ------>Advancing OCN from: 2010  6  1  0 20  0   0
20220917 031133.802 INFO             PET3     ---------------------> to: 2010  6  1  0 25  0   0
20220917 031133.802 INFO             PET3     ------>Advancing OCN from: 2010  6  1  0 25  0   0
20220917 031133.802 INFO             PET3     ---------------------> to: 2010  6  1  0 30  0   0
20220917 031133.803 INFO             PET3     LND: Run intro.
20220917 031133.803 INFO             PET3       ------>Advancing LND from: 2010  6  1  0  0  0   0
20220917 031133.803 INFO             PET3       ---------------------> to: 2010  6  1  0  5  0   0
20220917 031133.803 INFO             PET3       ------>Advancing LND from: 2010  6  1  0  5  0   0
20220917 031133.803 INFO             PET3       ---------------------> to: 2010  6  1  0 10  0   0
20220917 031133.803 INFO             PET3       ------>Advancing LND from: 2010  6  1  0 10  0   0
20220917 031133.803 INFO             PET3       ---------------------> to: 2010  6  1  0 15  0   0
20220917 031133.803 INFO             PET3       ------>Advancing LND from: 2010  6  1  0 15  0   0
20220917 031133.803 INFO             PET3       ---------------------> to: 2010  6  1  0 20  0   0
20220917 031133.803 INFO             PET3       ------>Advancing LND from: 2010  6  1  0 20  0   0
20220917 031133.803 INFO             PET3       ---------------------> to: 2010  6  1  0 25  0   0
20220917 031133.803 INFO             PET3       ------>Advancing LND from: 2010  6  1  0 25  0   0
20220917 031133.803 INFO             PET3       ---------------------> to: 2010  6  1  0 30  0   0
20220917 031133.803 INFO             PET3     LND: Run extro.
20220917 031133.803 INFO             PET3     esm: RunSequence event loopLevel=   1  levelMember=   1  loopIteration=   2, current time: 2010  6  1  0 30  0   0
20220917 031133.803 INFO             PET3     ATM-TO-OCN: Run intro.
20220917 031133.803 INFO             PET3     ATM-TO-OCN: Run extro.
20220917 031133.803 INFO             PET3     OCN-TO-ATM: Run intro.
20220917 031133.803 INFO             PET3     OCN-TO-ATM: Run extro.
20220917 031133.803 INFO             PET3     ATM-TO-LND: Run intro.
20220917 031133.803 INFO             PET3     ATM-TO-LND: Run extro.
20220917 031133.803 INFO             PET3     LND-TO-ATM: Run intro.
20220917 031133.803 INFO             PET3     LND-TO-ATM: Run extro.
20220917 031133.804 INFO             PET3     ATM: Run intro.
20220917 031133.804 INFO             PET3       ------>Advancing ATM from: 2010  6  1  0 30  0   0
20220917 031133.804 INFO             PET3       ---------------------> to: 2010  6  1  1  0  0   0
20220917 031133.804 INFO             PET3     ATM: Run extro.
20220917 031133.804 INFO             PET3     esm: RunSequence event loopLevel=   2  levelMember=   1  loopIteration=   1, current time: 2010  6  1  0 30  0   0
20220917 031133.804 INFO             PET3     ------>Advancing OCN from: 2010  6  1  0 30  0   0
20220917 031133.804 INFO             PET3     ---------------------> to: 2010  6  1  0 35  0   0
20220917 031133.804 INFO             PET3     ------>Advancing OCN from: 2010  6  1  0 35  0   0
20220917 031133.804 INFO             PET3     ---------------------> to: 2010  6  1  0 40  0   0
20220917 031133.804 INFO             PET3     ------>Advancing OCN from: 2010  6  1  0 40  0   0
20220917 031133.804 INFO             PET3     ---------------------> to: 2010  6  1  0 45  0   0
20220917 031133.804 INFO             PET3     ------>Advancing OCN from: 2010  6  1  0 45  0   0
20220917 031133.804 INFO             PET3     ---------------------> to: 2010  6  1  0 50  0   0
20220917 031133.804 INFO             PET3     ------>Advancing OCN from: 2010  6  1  0 50  0   0
20220917 031133.804 INFO             PET3     ---------------------> to: 2010  6  1  0 55  0   0
20220917 031133.804 INFO             PET3     ------>Advancing OCN from: 2010  6  1  0 55  0   0
20220917 031133.804 INFO             PET3     ---------------------> to: 2010  6  1  1  0  0   0
20220917 031133.804 INFO             PET3     LND: Run intro.
20220917 031133.804 INFO             PET3       ------>Advancing LND from: 2010  6  1  0 30  0   0
20220917 031133.804 INFO             PET3       ---------------------> to: 2010  6  1  0 35  0   0
20220917 031133.804 INFO             PET3       ------>Advancing LND from: 2010  6  1  0 35  0   0
20220917 031133.804 INFO             PET3       ---------------------> to: 2010  6  1  0 40  0   0
20220917 031133.805 INFO             PET3       ------>Advancing LND from: 2010  6  1  0 40  0   0
20220917 031133.805 INFO             PET3       ---------------------> to: 2010  6  1  0 45  0   0
20220917 031133.805 INFO             PET3       ------>Advancing LND from: 2010  6  1  0 45  0   0
20220917 031133.805 INFO             PET3       ---------------------> to: 2010  6  1  0 50  0   0
20220917 031133.805 INFO             PET3       ------>Advancing LND from: 2010  6  1  0 50  0   0
20220917 031133.805 INFO             PET3       ---------------------> to: 2010  6  1  0 55  0   0
20220917 031133.805 INFO             PET3       ------>Advancing LND from: 2010  6  1  0 55  0   0
20220917 031133.805 INFO             PET3       ---------------------> to: 2010  6  1  1  0  0   0
20220917 031133.805 INFO             PET3     LND: Run extro.
20220917 031133.805 INFO             PET3   esm: end <--------- RunSequence
20220917 031133.805 INFO             PET3   <<<esm - leaving Run with current time: 2010  6  1  1  0  0   0
20220917 031133.805 INFO             PET3 esm: Run extro.
20220917 031133.805 INFO             PET3 esm: Finalize intro.
20220917 031133.805 INFO             PET3   ATM-TO-OCN: Finalize intro.
20220917 031133.805 INFO             PET3   ATM-TO-OCN: Finalize extro.
20220917 031133.805 INFO             PET3   ATM-TO-LND: Finalize intro.
20220917 031133.805 INFO             PET3   ATM-TO-LND: Finalize extro.
20220917 031133.805 INFO             PET3   OCN-TO-ATM: Finalize intro.
20220917 031133.805 INFO             PET3   OCN-TO-ATM: Finalize extro.
20220917 031133.805 INFO             PET3   LND-TO-ATM: Finalize intro.
20220917 031133.805 INFO             PET3   LND-TO-ATM: Finalize extro.
20220917 031133.805 INFO             PET3   ATM: Finalize intro.
20220917 031133.805 INFO             PET3   ATM: Finalize extro.
20220917 031133.805 INFO             PET3   LND: Finalize intro.
20220917 031133.805 INFO             PET3   LND: Finalize extro.
20220917 031133.806 INFO             PET3 esm: Finalize extro.
20220917 031133.806 INFO             PET3 esmApp FINISHED
20220917 031133.806 INFO             PET3 Finalizing ESMF
