2022-08-18 01:24:41
20220818 015324.308 INFO             PET0 !!!!!!!!!!!!!!!!!!!!!!!!!!!!!!!!!!!!!!!!!!!!!!!!!!!!!!
20220818 015324.308 INFO             PET0 !!! THE ESMF_LOG IS SET TO OUTPUT ALL LOG MESSAGES !!!
20220818 015324.308 INFO             PET0 !!!     THIS MAY CAUSE SLOWDOWN IN PERFORMANCE     !!!
20220818 015324.308 INFO             PET0 !!! FOR PRODUCTION RUNS, USE:                      !!!
20220818 015324.308 INFO             PET0 !!!                   ESMF_LOGKIND_Multi_On_Error  !!!
20220818 015324.308 INFO             PET0 !!!!!!!!!!!!!!!!!!!!!!!!!!!!!!!!!!!!!!!!!!!!!!!!!!!!!!
20220818 015324.308 INFO             PET0 Running with ESMF Version   : v8.4.0b10-1-g8e54e9d227
20220818 015324.308 INFO             PET0 ESMF library build date/time: "Aug 18 2022" "01:23:10"
20220818 015324.308 INFO             PET0 ESMF library build location : /discover/nobackup/projects/sbu/mpotts/esmf-test/gfortran_8.3.0_intelmpi_g_develop/esmf
20220818 015324.308 INFO             PET0 ESMF_COMM                   : intelmpi
20220818 015324.308 INFO             PET0 ESMF_MOAB                   : enabled
20220818 015324.308 INFO             PET0 ESMF_LAPACK                 : enabled
20220818 015324.308 INFO             PET0 ESMF_NETCDF                 : disabled
20220818 015324.308 INFO             PET0 ESMF_PNETCDF                : disabled
20220818 015324.308 INFO             PET0 ESMF_PIO                    : disabled
20220818 015324.308 INFO             PET0 ESMF_YAMLCPP                : enabled
20220818 015324.309 INFO             PET0  NUMBER_OF_PROCESSORS           4
20220818 015324.309 INFO             PET0  PASS  Example ESMF_VMUserMpiCommMultiEx, ESMF_VMUserMpiCommMultiEx.F90, line 126
20220818 015324.309 INFO             PET0 Finalizing ESMF
20220818 015324.310 INFO             PET0 !!!!!!!!!!!!!!!!!!!!!!!!!!!!!!!!!!!!!!!!!!!!!!!!!!!!!!
20220818 015324.310 INFO             PET0 !!! THE ESMF_LOG IS SET TO OUTPUT ALL LOG MESSAGES !!!
20220818 015324.310 INFO             PET0 !!!     THIS MAY CAUSE SLOWDOWN IN PERFORMANCE     !!!
20220818 015324.310 INFO             PET0 !!! FOR PRODUCTION RUNS, USE:                      !!!
20220818 015324.310 INFO             PET0 !!!                   ESMF_LOGKIND_Multi_On_Error  !!!
20220818 015324.310 INFO             PET0 !!!!!!!!!!!!!!!!!!!!!!!!!!!!!!!!!!!!!!!!!!!!!!!!!!!!!!
20220818 015324.310 INFO             PET0 Running with ESMF Version   : v8.4.0b10-1-g8e54e9d227
20220818 015324.310 INFO             PET0 ESMF library build date/time: "Aug 18 2022" "01:23:10"
20220818 015324.310 INFO             PET0 ESMF library build location : /discover/nobackup/projects/sbu/mpotts/esmf-test/gfortran_8.3.0_intelmpi_g_develop/esmf
20220818 015324.310 INFO             PET0 ESMF_COMM                   : intelmpi
20220818 015324.311 INFO             PET0 ESMF_MOAB                   : enabled
20220818 015324.311 INFO             PET0 ESMF_LAPACK                 : enabled
20220818 015324.311 INFO             PET0 ESMF_NETCDF                 : disabled
20220818 015324.311 INFO             PET0 ESMF_PNETCDF                : disabled
20220818 015324.311 INFO             PET0 ESMF_PIO                    : disabled
20220818 015324.311 INFO             PET0 ESMF_YAMLCPP                : enabled
20220818 015324.311 INFO             PET0  NUMBER_OF_PROCESSORS           4
20220818 015324.311 INFO             PET0  PASS  Example ESMF_VMUserMpiCommMultiEx, ESMF_VMUserMpiCommMultiEx.F90, line 154
20220818 015324.311 INFO             PET0 Finalizing ESMF
20220818 015324.309 INFO             PET1 !!!!!!!!!!!!!!!!!!!!!!!!!!!!!!!!!!!!!!!!!!!!!!!!!!!!!!
20220818 015324.309 INFO             PET1 !!! THE ESMF_LOG IS SET TO OUTPUT ALL LOG MESSAGES !!!
20220818 015324.309 INFO             PET1 !!!     THIS MAY CAUSE SLOWDOWN IN PERFORMANCE     !!!
20220818 015324.309 INFO             PET1 !!! FOR PRODUCTION RUNS, USE:                      !!!
20220818 015324.309 INFO             PET1 !!!                   ESMF_LOGKIND_Multi_On_Error  !!!
20220818 015324.309 INFO             PET1 !!!!!!!!!!!!!!!!!!!!!!!!!!!!!!!!!!!!!!!!!!!!!!!!!!!!!!
20220818 015324.309 INFO             PET1 Running with ESMF Version   : v8.4.0b10-1-g8e54e9d227
20220818 015324.309 INFO             PET1 ESMF library build date/time: "Aug 18 2022" "01:23:10"
20220818 015324.309 INFO             PET1 ESMF library build location : /discover/nobackup/projects/sbu/mpotts/esmf-test/gfortran_8.3.0_intelmpi_g_develop/esmf
20220818 015324.309 INFO             PET1 ESMF_COMM                   : intelmpi
20220818 015324.309 INFO             PET1 ESMF_MOAB                   : enabled
20220818 015324.309 INFO             PET1 ESMF_LAPACK                 : enabled
20220818 015324.309 INFO             PET1 ESMF_NETCDF                 : disabled
20220818 015324.309 INFO             PET1 ESMF_PNETCDF                : disabled
20220818 015324.309 INFO             PET1 ESMF_PIO                    : disabled
20220818 015324.309 INFO             PET1 ESMF_YAMLCPP                : enabled
20220818 015324.309 INFO             PET1  NUMBER_OF_PROCESSORS           4
20220818 015324.309 INFO             PET1  PASS  Example ESMF_VMUserMpiCommMultiEx, ESMF_VMUserMpiCommMultiEx.F90, line 126
20220818 015324.309 INFO             PET1 Finalizing ESMF
20220818 015324.310 INFO             PET1 !!!!!!!!!!!!!!!!!!!!!!!!!!!!!!!!!!!!!!!!!!!!!!!!!!!!!!
20220818 015324.310 INFO             PET1 !!! THE ESMF_LOG IS SET TO OUTPUT ALL LOG MESSAGES !!!
20220818 015324.310 INFO             PET1 !!!     THIS MAY CAUSE SLOWDOWN IN PERFORMANCE     !!!
20220818 015324.310 INFO             PET1 !!! FOR PRODUCTION RUNS, USE:                      !!!
20220818 015324.310 INFO             PET1 !!!                   ESMF_LOGKIND_Multi_On_Error  !!!
20220818 015324.310 INFO             PET1 !!!!!!!!!!!!!!!!!!!!!!!!!!!!!!!!!!!!!!!!!!!!!!!!!!!!!!
20220818 015324.310 INFO             PET1 Running with ESMF Version   : v8.4.0b10-1-g8e54e9d227
20220818 015324.310 INFO             PET1 ESMF library build date/time: "Aug 18 2022" "01:23:10"
20220818 015324.310 INFO             PET1 ESMF library build location : /discover/nobackup/projects/sbu/mpotts/esmf-test/gfortran_8.3.0_intelmpi_g_develop/esmf
20220818 015324.310 INFO             PET1 ESMF_COMM                   : intelmpi
20220818 015324.310 INFO             PET1 ESMF_MOAB                   : enabled
20220818 015324.310 INFO             PET1 ESMF_LAPACK                 : enabled
20220818 015324.310 INFO             PET1 ESMF_NETCDF                 : disabled
20220818 015324.310 INFO             PET1 ESMF_PNETCDF                : disabled
20220818 015324.310 INFO             PET1 ESMF_PIO                    : disabled
20220818 015324.310 INFO             PET1 ESMF_YAMLCPP                : enabled
20220818 015324.311 INFO             PET1  NUMBER_OF_PROCESSORS           4
20220818 015324.311 INFO             PET1  PASS  Example ESMF_VMUserMpiCommMultiEx, ESMF_VMUserMpiCommMultiEx.F90, line 154
20220818 015324.311 INFO             PET1 Finalizing ESMF
