2022-09-05 02:36:07
20220905 030516.893 INFO             PET0 !!!!!!!!!!!!!!!!!!!!!!!!!!!!!!!!!!!!!!!!!!!!!!!!!!!!!!
20220905 030516.893 INFO             PET0 !!! THE ESMF_LOG IS SET TO OUTPUT ALL LOG MESSAGES !!!
20220905 030516.893 INFO             PET0 !!!     THIS MAY CAUSE SLOWDOWN IN PERFORMANCE     !!!
20220905 030516.893 INFO             PET0 !!! FOR PRODUCTION RUNS, USE:                      !!!
20220905 030516.893 INFO             PET0 !!!                   ESMF_LOGKIND_Multi_On_Error  !!!
20220905 030516.893 INFO             PET0 !!!!!!!!!!!!!!!!!!!!!!!!!!!!!!!!!!!!!!!!!!!!!!!!!!!!!!
20220905 030516.893 INFO             PET0 Running with ESMF Version   : v8.4.0b12-1-gce85282b0e
20220905 030516.893 INFO             PET0 ESMF library build date/time: "Sep  5 2022" "02:34:19"
20220905 030516.893 INFO             PET0 ESMF library build location : /scratch1/NCEPDEV/stmp2/Rocky.Dunlap/esmf-testing/intel_18.0.5a_mpiuni_g_develop/esmf
20220905 030516.893 INFO             PET0 ESMF_COMM                   : mpiuni
20220905 030516.894 INFO             PET0 ESMF_MOAB                   : enabled
20220905 030516.894 INFO             PET0 ESMF_LAPACK                 : enabled
20220905 030516.894 INFO             PET0 ESMF_NETCDF                 : enabled
20220905 030516.894 INFO             PET0 ESMF_PNETCDF                : disabled
20220905 030516.894 INFO             PET0 ESMF_PIO                    : disabled
20220905 030516.894 INFO             PET0 ESMF_YAMLCPP                : enabled
20220905 030516.895 INFO             PET0  NUMBER_OF_PROCESSORS           1
20220905 030516.895 INFO             PET0  PASS  Example ESMF_VMUserMpiCommMultiEx, ESMF_VMUserMpiCommMultiEx.F90, line 126
20220905 030516.895 INFO             PET0 Finalizing ESMF
