2022-08-19 02:39:39
20220819 030932.122 INFO             PET0 !!!!!!!!!!!!!!!!!!!!!!!!!!!!!!!!!!!!!!!!!!!!!!!!!!!!!!
20220819 030932.122 INFO             PET0 !!! THE ESMF_LOG IS SET TO OUTPUT ALL LOG MESSAGES !!!
20220819 030932.122 INFO             PET0 !!!     THIS MAY CAUSE SLOWDOWN IN PERFORMANCE     !!!
20220819 030932.122 INFO             PET0 !!! FOR PRODUCTION RUNS, USE:                      !!!
20220819 030932.122 INFO             PET0 !!!                   ESMF_LOGKIND_Multi_On_Error  !!!
20220819 030932.122 INFO             PET0 !!!!!!!!!!!!!!!!!!!!!!!!!!!!!!!!!!!!!!!!!!!!!!!!!!!!!!
20220819 030932.122 INFO             PET0 Running with ESMF Version   : v8.4.0b10-5-g9613e06ff0
20220819 030932.122 INFO             PET0 ESMF library build date/time: "Aug 19 2022" "02:37:56"
20220819 030932.122 INFO             PET0 ESMF library build location : /scratch1/NCEPDEV/stmp2/Rocky.Dunlap/esmf-testing/intel_18.0.5a_mpiuni_g_develop/esmf
20220819 030932.122 INFO             PET0 ESMF_COMM                   : mpiuni
20220819 030932.123 INFO             PET0 ESMF_MOAB                   : enabled
20220819 030932.123 INFO             PET0 ESMF_LAPACK                 : enabled
20220819 030932.123 INFO             PET0 ESMF_NETCDF                 : enabled
20220819 030932.123 INFO             PET0 ESMF_PNETCDF                : disabled
20220819 030932.123 INFO             PET0 ESMF_PIO                    : disabled
20220819 030932.123 INFO             PET0 ESMF_YAMLCPP                : enabled
20220819 030932.245 INFO             PET0  NUMBER_OF_PROCESSORS           1
20220819 030932.246 INFO             PET0  PASS  Example ESMF_RHandleReusabilityEx, ESMF_RHandleReusabilityEx.F90, line 582
20220819 030932.247 INFO             PET0 Finalizing ESMF
