2022-09-16 02:57:40
20220916 035721.867 INFO             PET0 !!!!!!!!!!!!!!!!!!!!!!!!!!!!!!!!!!!!!!!!!!!!!!!!!!!!!!
20220916 035721.868 INFO             PET0 !!! THE ESMF_LOG IS SET TO OUTPUT ALL LOG MESSAGES !!!
20220916 035721.868 INFO             PET0 !!!     THIS MAY CAUSE SLOWDOWN IN PERFORMANCE     !!!
20220916 035721.868 INFO             PET0 !!! FOR PRODUCTION RUNS, USE:                      !!!
20220916 035721.868 INFO             PET0 !!!                   ESMF_LOGKIND_Multi_On_Error  !!!
20220916 035721.868 INFO             PET0 !!!!!!!!!!!!!!!!!!!!!!!!!!!!!!!!!!!!!!!!!!!!!!!!!!!!!!
20220916 035721.868 INFO             PET0 Running with ESMF Version   : v8.4.0b13-86-g917d0ae52c
20220916 035721.868 INFO             PET0 ESMF library build date/time: "Sep 16 2022" "02:54:20"
20220916 035721.868 INFO             PET0 ESMF library build location : /scratch1/NCEPDEV/stmp2/Rocky.Dunlap/esmf-testing/pgi_19.1_mpiuni_O_develop/esmf
20220916 035721.868 INFO             PET0 ESMF_COMM                   : mpiuni
20220916 035721.868 INFO             PET0 ESMF_MOAB                   : enabled
20220916 035721.868 INFO             PET0 ESMF_LAPACK                 : enabled
20220916 035721.868 INFO             PET0 ESMF_NETCDF                 : disabled
20220916 035721.868 INFO             PET0 ESMF_PNETCDF                : disabled
20220916 035721.869 INFO             PET0 ESMF_PIO                    : disabled
20220916 035721.869 INFO             PET0 ESMF_YAMLCPP                : enabled
20220916 035721.869 ERROR            PET0 ESMCI_State.C:982 ESMCI::State::read() Library needed by ESMF not present  - Internal subroutine call returned Error
20220916 035721.869 ERROR            PET0 ESMF_StateAPI.cppF90:3203 ESMF_StateRead Library needed by ESMF not present  - Internal subroutine call returned Error
20220916 035721.869 INFO             PET0  NUMBER_OF_PROCESSORS            1
20220916 035721.869 INFO             PET0  PASS  Example ESMF_StateReadWriteEx, ESMF_StateReadWriteEx.F90, line 185
20220916 035721.869 INFO             PET0 Finalizing ESMF
