2022-09-07 03:14:18
20220907 042018.744 INFO             PET0 !!!!!!!!!!!!!!!!!!!!!!!!!!!!!!!!!!!!!!!!!!!!!!!!!!!!!!
20220907 042018.744 INFO             PET0 !!! THE ESMF_LOG IS SET TO OUTPUT ALL LOG MESSAGES !!!
20220907 042018.744 INFO             PET0 !!!     THIS MAY CAUSE SLOWDOWN IN PERFORMANCE     !!!
20220907 042018.744 INFO             PET0 !!! FOR PRODUCTION RUNS, USE:                      !!!
20220907 042018.744 INFO             PET0 !!!                   ESMF_LOGKIND_Multi_On_Error  !!!
20220907 042018.744 INFO             PET0 !!!!!!!!!!!!!!!!!!!!!!!!!!!!!!!!!!!!!!!!!!!!!!!!!!!!!!
20220907 042018.744 INFO             PET0 Running with ESMF Version   : v8.4.0b12-4-g371b6fcbcf
20220907 042018.744 INFO             PET0 ESMF library build date/time: "Sep  7 2022" "03:11:02"
20220907 042018.744 INFO             PET0 ESMF library build location : /scratch1/NCEPDEV/stmp2/Rocky.Dunlap/esmf-testing/pgi_19.1_mpiuni_O_develop/esmf
20220907 042018.744 INFO             PET0 ESMF_COMM                   : mpiuni
20220907 042018.745 INFO             PET0 ESMF_MOAB                   : enabled
20220907 042018.745 INFO             PET0 ESMF_LAPACK                 : enabled
20220907 042018.745 INFO             PET0 ESMF_NETCDF                 : disabled
20220907 042018.745 INFO             PET0 ESMF_PNETCDF                : disabled
20220907 042018.745 INFO             PET0 ESMF_PIO                    : disabled
20220907 042018.745 INFO             PET0 ESMF_YAMLCPP                : enabled
20220907 042018.780 DEBUG            PET0 about to destroy Grid: 0x1a246a0
20220907 042018.783 DEBUG            PET0 about to destroy Grid: 0x1a25960
20220907 042018.792 INFO             PET0  NUMBER_OF_PROCESSORS            1
20220907 042018.792 INFO             PET0  PASS  Example ESMF_NUOPCAtmModelEx, ESMF_NUOPCAtmModelEx.F90, line 806
20220907 042018.792 INFO             PET0 Finalizing ESMF
