2022-08-08 14:35:34
20220808 152406.659 INFO             PET0 !!!!!!!!!!!!!!!!!!!!!!!!!!!!!!!!!!!!!!!!!!!!!!!!!!!!!!
20220808 152406.659 INFO             PET0 !!! THE ESMF_LOG IS SET TO OUTPUT ALL LOG MESSAGES !!!
20220808 152406.659 INFO             PET0 !!!     THIS MAY CAUSE SLOWDOWN IN PERFORMANCE     !!!
20220808 152406.659 INFO             PET0 !!! FOR PRODUCTION RUNS, USE:                      !!!
20220808 152406.659 INFO             PET0 !!!                   ESMF_LOGKIND_Multi_On_Error  !!!
20220808 152406.659 INFO             PET0 !!!!!!!!!!!!!!!!!!!!!!!!!!!!!!!!!!!!!!!!!!!!!!!!!!!!!!
20220808 152406.659 INFO             PET0 Running with ESMF Version   : v8.3.0b17-30-g0de4558e1e
20220808 152406.659 INFO             PET0 ESMF library build date/time: "Aug  8 2022" "14:32:36"
20220808 152406.659 INFO             PET0 ESMF library build location : /glade/scratch/dunlap/esmf-testing/nvhpc_22.2_mpt_O_feature_large-messages/esmf
20220808 152406.659 INFO             PET0 ESMF_COMM                   : mpt
20220808 152406.659 INFO             PET0 ESMF_MOAB                   : enabled
20220808 152406.659 INFO             PET0 ESMF_LAPACK                 : enabled
20220808 152406.659 INFO             PET0 ESMF_NETCDF                 : enabled
20220808 152406.659 INFO             PET0 ESMF_PNETCDF                : disabled
20220808 152406.659 INFO             PET0 ESMF_PIO                    : enabled
20220808 152406.659 INFO             PET0 ESMF_YAMLCPP                : enabled
20220808 152406.660 DEBUG            PET0 epochInit
20220808 152406.664 INFO             PET0 ESMF_FieldRedistStoreNF(): Just entered routine.
20220808 152406.668 DEBUG            PET0 VMK::recv():4898, size=14400 in 1 chunks
20220808 152406.668 DEBUG            PET0 VMK::send():4407, size=14400 in 1 chunks
20220808 152406.668 DEBUG            PET0 VMK::send():4407, size=14400 in 1 chunks
20220808 152406.668 DEBUG            PET0 VMK::send():4407, size=14400 in 1 chunks
20220808 152406.668 DEBUG            PET0 VMK::recv():4898, size=72000 in 1 chunks
20220808 152406.668 DEBUG            PET0 VMK::send():4407, size=72000 in 1 chunks
20220808 152406.668 DEBUG            PET0 VMK::send():4407, size=72000 in 1 chunks
20220808 152406.668 DEBUG            PET0 VMK::send():4407, size=72000 in 1 chunks
20220808 152406.669 DEBUG            PET0 VMK::recv():4898, size=28800 in 1 chunks
20220808 152406.669 DEBUG            PET0 VMK::send():4407, size=28800 in 1 chunks
20220808 152406.669 DEBUG            PET0 VMK::send():4407, size=28800 in 1 chunks
20220808 152406.670 DEBUG            PET0 VMK::send():4407, size=28800 in 1 chunks
20220808 152406.671 DEBUG            PET0 VMK::recv():4898, size=14400 in 1 chunks
20220808 152406.671 DEBUG            PET0 VMK::send():4407, size=14400 in 1 chunks
20220808 152406.671 DEBUG            PET0 VMK::send():4407, size=14400 in 1 chunks
20220808 152406.671 DEBUG            PET0 VMK::send():4407, size=14400 in 1 chunks
20220808 152406.671 DEBUG            PET0 VMK::recv():4898, size=72000 in 1 chunks
20220808 152406.671 DEBUG            PET0 VMK::send():4407, size=72000 in 1 chunks
20220808 152406.671 DEBUG            PET0 VMK::send():4407, size=72000 in 1 chunks
20220808 152406.672 DEBUG            PET0 VMK::send():4407, size=72000 in 1 chunks
20220808 152406.672 DEBUG            PET0 VMK::recv():4898, size=57600 in 1 chunks
20220808 152406.676 DEBUG            PET0 VMK::recv():4898, size=72000 in 1 chunks
20220808 152406.676 DEBUG            PET0 VMK::send():4407, size=72000 in 1 chunks
20220808 152406.676 DEBUG            PET0 VMK::recv():4898, size=4 in 1 chunks
20220808 152406.676 DEBUG            PET0 VMK::send():4407, size=72000 in 1 chunks
20220808 152406.676 DEBUG            PET0 VMK::recv():4898, size=4 in 1 chunks
20220808 152406.677 DEBUG            PET0 VMK::send():4407, size=72000 in 1 chunks
20220808 152406.677 DEBUG            PET0 VMK::recv():4898, size=4 in 1 chunks
20220808 152406.678 DEBUG            PET0 VMK::send():4407, size=4 in 1 chunks
20220808 152406.678 DEBUG            PET0 VMK::recv():4898, size=158400 in 1 chunks
20220808 152406.678 DEBUG            PET0 VMK::recv():4898, size=158400 in 1 chunks
20220808 152406.678 DEBUG            PET0 VMK::recv():4898, size=158400 in 1 chunks
20220808 152406.678 DEBUG            PET0 VMK::send():4407, size=158400 in 1 chunks
20220808 152406.681 DEBUG            PET0 VMK::recv():4898, size=144000 in 1 chunks
20220808 152406.681 DEBUG            PET0 VMK::send():4407, size=4 in 1 chunks
20220808 152406.681 DEBUG            PET0 VMK::send():4407, size=316800 in 1 chunks
20220808 152406.698 DEBUG            PET0 VMK::send():4407, size=115200 in 1 chunks
20220808 152406.699 DEBUG            PET0 VMK::send():4407, size=115200 in 1 chunks
20220808 152406.700 DEBUG            PET0 VMK::send():4407, size=115200 in 1 chunks
20220808 152406.701 DEBUG            PET0 VMK::send():4407, size=115200 in 1 chunks
20220808 152406.701 DEBUG            PET0 VMK::send():4407, size=115200 in 1 chunks
20220808 152406.703 DEBUG            PET0 VMK::send():4407, size=115200 in 1 chunks
20220808 152406.703 DEBUG            PET0 VMK::send():4407, size=115200 in 1 chunks
20220808 152406.703 DEBUG            PET0 VMK::send():4407, size=115200 in 1 chunks
20220808 152406.704 DEBUG            PET0 VMK::send():4407, size=115200 in 1 chunks
20220808 152406.704 DEBUG            PET0 VMK::send():4407, size=115200 in 1 chunks
20220808 152406.707 DEBUG            PET0 VMK::send():4407, size=115200 in 1 chunks
20220808 152406.707 DEBUG            PET0 VMK::send():4407, size=115200 in 1 chunks
20220808 152406.708 DEBUG            PET0 VMK::send():4407, size=115200 in 1 chunks
20220808 152406.708 DEBUG            PET0 VMK::send():4407, size=115200 in 1 chunks
20220808 152406.708 DEBUG            PET0 VMK::send():4407, size=115200 in 1 chunks
20220808 152406.708 DEBUG            PET0 VMK::send():4407, size=115200 in 1 chunks
20220808 152406.709 DEBUG            PET0 VMK::send():4407, size=115200 in 1 chunks
20220808 152406.709 DEBUG            PET0 VMK::send():4407, size=115200 in 1 chunks
20220808 152406.709 DEBUG            PET0 VMK::send():4407, size=115200 in 1 chunks
20220808 152406.709 DEBUG            PET0 VMK::send():4407, size=115200 in 1 chunks
20220808 152406.713 DEBUG            PET0 VMK::send():4407, size=115200 in 1 chunks
20220808 152406.713 DEBUG            PET0 VMK::send():4407, size=115200 in 1 chunks
20220808 152406.713 DEBUG            PET0 VMK::send():4407, size=115200 in 1 chunks
20220808 152406.713 DEBUG            PET0 VMK::send():4407, size=115200 in 1 chunks
20220808 152406.713 DEBUG            PET0 VMK::send():4407, size=115200 in 1 chunks
20220808 152406.714 DEBUG            PET0 VMK::send():4407, size=115200 in 1 chunks
20220808 152406.714 DEBUG            PET0 VMK::send():4407, size=115200 in 1 chunks
20220808 152406.714 DEBUG            PET0 VMK::send():4407, size=115200 in 1 chunks
20220808 152406.714 DEBUG            PET0 VMK::send():4407, size=115200 in 1 chunks
20220808 152406.714 DEBUG            PET0 VMK::send():4407, size=115200 in 1 chunks
20220808 152406.718 DEBUG            PET0 VMK::send():4407, size=115200 in 1 chunks
20220808 152406.718 INFO             PET0 ESMF_FieldRedistStoreNF(): Leaving routine.
20220808 152406.718 DEBUG            PET0 VMK::recv():4898, size=8 in 1 chunks
20220808 152406.718 DEBUG            PET0 VMK::send():4175, size=8 in one chunk
20220808 152406.718 DEBUG            PET0 VMK::recv():4898, size=1085 in 1 chunks
20220808 152406.718 DEBUG            PET0 VMK::send():4175, size=1085 in one chunk
20220808 152406.719 DEBUG            PET0 VMK::send():4407, size=115200 in 1 chunks
20220808 152406.720 DEBUG            PET0 epochFinal
20220808 152406.720 INFO             PET0  NUMBER_OF_PROCESSORS            4
20220808 152406.720 INFO             PET0  PASS  Example ESMF_RHandleFromRHandleEx, ESMF_RHandleFromRHandleEx.F90, line 660
20220808 152406.720 INFO             PET0 Finalizing ESMF
20220808 152406.721 DEBUG            PET0 epochFinal
20220808 152406.659 INFO             PET1 !!!!!!!!!!!!!!!!!!!!!!!!!!!!!!!!!!!!!!!!!!!!!!!!!!!!!!
20220808 152406.659 INFO             PET1 !!! THE ESMF_LOG IS SET TO OUTPUT ALL LOG MESSAGES !!!
20220808 152406.659 INFO             PET1 !!!     THIS MAY CAUSE SLOWDOWN IN PERFORMANCE     !!!
20220808 152406.659 INFO             PET1 !!! FOR PRODUCTION RUNS, USE:                      !!!
20220808 152406.659 INFO             PET1 !!!                   ESMF_LOGKIND_Multi_On_Error  !!!
20220808 152406.659 INFO             PET1 !!!!!!!!!!!!!!!!!!!!!!!!!!!!!!!!!!!!!!!!!!!!!!!!!!!!!!
20220808 152406.659 INFO             PET1 Running with ESMF Version   : v8.3.0b17-30-g0de4558e1e
20220808 152406.659 INFO             PET1 ESMF library build date/time: "Aug  8 2022" "14:32:36"
20220808 152406.659 INFO             PET1 ESMF library build location : /glade/scratch/dunlap/esmf-testing/nvhpc_22.2_mpt_O_feature_large-messages/esmf
20220808 152406.659 INFO             PET1 ESMF_COMM                   : mpt
20220808 152406.660 INFO             PET1 ESMF_MOAB                   : enabled
20220808 152406.660 INFO             PET1 ESMF_LAPACK                 : enabled
20220808 152406.660 INFO             PET1 ESMF_NETCDF                 : enabled
20220808 152406.660 INFO             PET1 ESMF_PNETCDF                : disabled
20220808 152406.660 INFO             PET1 ESMF_PIO                    : enabled
20220808 152406.660 INFO             PET1 ESMF_YAMLCPP                : enabled
20220808 152406.660 DEBUG            PET1 epochInit
20220808 152406.664 INFO             PET1 ESMF_FieldRedistStoreNF(): Just entered routine.
20220808 152406.668 DEBUG            PET1 VMK::recv():4898, size=14400 in 1 chunks
20220808 152406.668 DEBUG            PET1 VMK::send():4407, size=14400 in 1 chunks
20220808 152406.668 DEBUG            PET1 VMK::send():4407, size=14400 in 1 chunks
20220808 152406.668 DEBUG            PET1 VMK::send():4407, size=14400 in 1 chunks
20220808 152406.668 DEBUG            PET1 VMK::recv():4898, size=72000 in 1 chunks
20220808 152406.668 DEBUG            PET1 VMK::send():4407, size=72000 in 1 chunks
20220808 152406.668 DEBUG            PET1 VMK::send():4407, size=72000 in 1 chunks
20220808 152406.668 DEBUG            PET1 VMK::send():4407, size=72000 in 1 chunks
20220808 152406.669 DEBUG            PET1 VMK::recv():4898, size=28800 in 1 chunks
20220808 152406.669 DEBUG            PET1 VMK::send():4407, size=28800 in 1 chunks
20220808 152406.669 DEBUG            PET1 VMK::send():4407, size=28800 in 1 chunks
20220808 152406.670 DEBUG            PET1 VMK::send():4407, size=28800 in 1 chunks
20220808 152406.671 DEBUG            PET1 VMK::recv():4898, size=14400 in 1 chunks
20220808 152406.671 DEBUG            PET1 VMK::send():4407, size=14400 in 1 chunks
20220808 152406.671 DEBUG            PET1 VMK::send():4407, size=14400 in 1 chunks
20220808 152406.671 DEBUG            PET1 VMK::send():4407, size=14400 in 1 chunks
20220808 152406.671 DEBUG            PET1 VMK::recv():4898, size=72000 in 1 chunks
20220808 152406.671 DEBUG            PET1 VMK::send():4407, size=72000 in 1 chunks
20220808 152406.671 DEBUG            PET1 VMK::send():4407, size=72000 in 1 chunks
20220808 152406.671 DEBUG            PET1 VMK::send():4407, size=72000 in 1 chunks
20220808 152406.672 DEBUG            PET1 VMK::recv():4898, size=57600 in 1 chunks
20220808 152406.676 DEBUG            PET1 VMK::recv():4898, size=72000 in 1 chunks
20220808 152406.676 DEBUG            PET1 VMK::send():4407, size=72000 in 1 chunks
20220808 152406.676 DEBUG            PET1 VMK::recv():4898, size=4 in 1 chunks
20220808 152406.676 DEBUG            PET1 VMK::send():4407, size=72000 in 1 chunks
20220808 152406.676 DEBUG            PET1 VMK::recv():4898, size=4 in 1 chunks
20220808 152406.677 DEBUG            PET1 VMK::send():4407, size=72000 in 1 chunks
20220808 152406.677 DEBUG            PET1 VMK::recv():4898, size=4 in 1 chunks
20220808 152406.678 DEBUG            PET1 VMK::send():4407, size=4 in 1 chunks
20220808 152406.678 DEBUG            PET1 VMK::recv():4898, size=158400 in 1 chunks
20220808 152406.678 DEBUG            PET1 VMK::recv():4898, size=158400 in 1 chunks
20220808 152406.678 DEBUG            PET1 VMK::recv():4898, size=158400 in 1 chunks
20220808 152406.678 DEBUG            PET1 VMK::send():4407, size=158400 in 1 chunks
20220808 152406.681 DEBUG            PET1 VMK::recv():4898, size=144000 in 1 chunks
20220808 152406.681 DEBUG            PET1 VMK::send():4407, size=4 in 1 chunks
20220808 152406.681 DEBUG            PET1 VMK::send():4407, size=316800 in 1 chunks
20220808 152406.698 DEBUG            PET1 VMK::send():4407, size=115200 in 1 chunks
20220808 152406.699 DEBUG            PET1 VMK::send():4407, size=115200 in 1 chunks
20220808 152406.700 DEBUG            PET1 VMK::send():4407, size=115200 in 1 chunks
20220808 152406.701 DEBUG            PET1 VMK::send():4407, size=115200 in 1 chunks
20220808 152406.701 DEBUG            PET1 VMK::send():4407, size=115200 in 1 chunks
20220808 152406.703 DEBUG            PET1 VMK::send():4407, size=115200 in 1 chunks
20220808 152406.703 DEBUG            PET1 VMK::send():4407, size=115200 in 1 chunks
20220808 152406.703 DEBUG            PET1 VMK::send():4407, size=115200 in 1 chunks
20220808 152406.704 DEBUG            PET1 VMK::send():4407, size=115200 in 1 chunks
20220808 152406.704 DEBUG            PET1 VMK::send():4407, size=115200 in 1 chunks
20220808 152406.707 DEBUG            PET1 VMK::send():4407, size=115200 in 1 chunks
20220808 152406.707 DEBUG            PET1 VMK::send():4407, size=115200 in 1 chunks
20220808 152406.708 DEBUG            PET1 VMK::send():4407, size=115200 in 1 chunks
20220808 152406.708 DEBUG            PET1 VMK::send():4407, size=115200 in 1 chunks
20220808 152406.708 DEBUG            PET1 VMK::send():4407, size=115200 in 1 chunks
20220808 152406.708 DEBUG            PET1 VMK::send():4407, size=115200 in 1 chunks
20220808 152406.709 DEBUG            PET1 VMK::send():4407, size=115200 in 1 chunks
20220808 152406.709 DEBUG            PET1 VMK::send():4407, size=115200 in 1 chunks
20220808 152406.709 DEBUG            PET1 VMK::send():4407, size=115200 in 1 chunks
20220808 152406.709 DEBUG            PET1 VMK::send():4407, size=115200 in 1 chunks
20220808 152406.713 DEBUG            PET1 VMK::send():4407, size=115200 in 1 chunks
20220808 152406.713 DEBUG            PET1 VMK::send():4407, size=115200 in 1 chunks
20220808 152406.713 DEBUG            PET1 VMK::send():4407, size=115200 in 1 chunks
20220808 152406.713 DEBUG            PET1 VMK::send():4407, size=115200 in 1 chunks
20220808 152406.713 DEBUG            PET1 VMK::send():4407, size=115200 in 1 chunks
20220808 152406.714 DEBUG            PET1 VMK::send():4407, size=115200 in 1 chunks
20220808 152406.714 DEBUG            PET1 VMK::send():4407, size=115200 in 1 chunks
20220808 152406.714 DEBUG            PET1 VMK::send():4407, size=115200 in 1 chunks
20220808 152406.714 DEBUG            PET1 VMK::send():4407, size=115200 in 1 chunks
20220808 152406.714 DEBUG            PET1 VMK::send():4407, size=115200 in 1 chunks
20220808 152406.718 DEBUG            PET1 VMK::send():4407, size=115200 in 1 chunks
20220808 152406.718 INFO             PET1 ESMF_FieldRedistStoreNF(): Leaving routine.
20220808 152406.718 DEBUG            PET1 VMK::recv():4898, size=8 in 1 chunks
20220808 152406.718 DEBUG            PET1 VMK::send():4175, size=8 in one chunk
20220808 152406.718 DEBUG            PET1 VMK::recv():4898, size=1085 in 1 chunks
20220808 152406.718 DEBUG            PET1 VMK::send():4175, size=1085 in one chunk
20220808 152406.719 DEBUG            PET1 VMK::send():4407, size=115200 in 1 chunks
20220808 152406.720 DEBUG            PET1 epochFinal
20220808 152406.720 INFO             PET1  NUMBER_OF_PROCESSORS            4
20220808 152406.720 INFO             PET1  PASS  Example ESMF_RHandleFromRHandleEx, ESMF_RHandleFromRHandleEx.F90, line 660
20220808 152406.720 INFO             PET1 Finalizing ESMF
20220808 152406.721 DEBUG            PET1 epochFinal
20220808 152406.659 INFO             PET2 !!!!!!!!!!!!!!!!!!!!!!!!!!!!!!!!!!!!!!!!!!!!!!!!!!!!!!
20220808 152406.659 INFO             PET2 !!! THE ESMF_LOG IS SET TO OUTPUT ALL LOG MESSAGES !!!
20220808 152406.659 INFO             PET2 !!!     THIS MAY CAUSE SLOWDOWN IN PERFORMANCE     !!!
20220808 152406.659 INFO             PET2 !!! FOR PRODUCTION RUNS, USE:                      !!!
20220808 152406.659 INFO             PET2 !!!                   ESMF_LOGKIND_Multi_On_Error  !!!
20220808 152406.659 INFO             PET2 !!!!!!!!!!!!!!!!!!!!!!!!!!!!!!!!!!!!!!!!!!!!!!!!!!!!!!
20220808 152406.659 INFO             PET2 Running with ESMF Version   : v8.3.0b17-30-g0de4558e1e
20220808 152406.659 INFO             PET2 ESMF library build date/time: "Aug  8 2022" "14:32:36"
20220808 152406.659 INFO             PET2 ESMF library build location : /glade/scratch/dunlap/esmf-testing/nvhpc_22.2_mpt_O_feature_large-messages/esmf
20220808 152406.659 INFO             PET2 ESMF_COMM                   : mpt
20220808 152406.659 INFO             PET2 ESMF_MOAB                   : enabled
20220808 152406.659 INFO             PET2 ESMF_LAPACK                 : enabled
20220808 152406.659 INFO             PET2 ESMF_NETCDF                 : enabled
20220808 152406.659 INFO             PET2 ESMF_PNETCDF                : disabled
20220808 152406.659 INFO             PET2 ESMF_PIO                    : enabled
20220808 152406.659 INFO             PET2 ESMF_YAMLCPP                : enabled
20220808 152406.660 DEBUG            PET2 epochInit
20220808 152406.664 INFO             PET2 ESMF_FieldRedistStoreNF(): Just entered routine.
20220808 152406.668 DEBUG            PET2 VMK::recv():4898, size=14400 in 1 chunks
20220808 152406.668 DEBUG            PET2 VMK::recv():4898, size=14400 in 1 chunks
20220808 152406.668 DEBUG            PET2 VMK::recv():4898, size=72000 in 1 chunks
20220808 152406.668 DEBUG            PET2 VMK::recv():4898, size=72000 in 1 chunks
20220808 152406.669 DEBUG            PET2 VMK::recv():4898, size=28800 in 1 chunks
20220808 152406.669 DEBUG            PET2 VMK::recv():4898, size=28800 in 1 chunks
20220808 152406.671 DEBUG            PET2 VMK::recv():4898, size=14400 in 1 chunks
20220808 152406.671 DEBUG            PET2 VMK::recv():4898, size=14400 in 1 chunks
20220808 152406.671 DEBUG            PET2 VMK::recv():4898, size=72000 in 1 chunks
20220808 152406.671 DEBUG            PET2 VMK::recv():4898, size=72000 in 1 chunks
20220808 152406.672 DEBUG            PET2 VMK::send():4407, size=57600 in 1 chunks
20220808 152406.673 DEBUG            PET2 VMK::send():4407, size=57600 in 1 chunks
20220808 152406.674 DEBUG            PET2 VMK::send():4407, size=57600 in 1 chunks
20220808 152406.676 DEBUG            PET2 VMK::recv():4898, size=72000 in 1 chunks
20220808 152406.676 DEBUG            PET2 VMK::recv():4898, size=72000 in 1 chunks
20220808 152406.677 DEBUG            PET2 VMK::send():4407, size=4 in 1 chunks
20220808 152406.677 DEBUG            PET2 VMK::send():4407, size=4 in 1 chunks
20220808 152406.677 DEBUG            PET2 VMK::send():4407, size=158400 in 1 chunks
20220808 152406.677 DEBUG            PET2 VMK::send():4407, size=158400 in 1 chunks
20220808 152406.679 DEBUG            PET2 VMK::send():4407, size=144000 in 1 chunks
20220808 152406.679 DEBUG            PET2 VMK::recv():4898, size=4 in 1 chunks
20220808 152406.680 DEBUG            PET2 VMK::send():4407, size=144000 in 1 chunks
20220808 152406.680 DEBUG            PET2 VMK::recv():4898, size=4 in 1 chunks
20220808 152406.680 DEBUG            PET2 VMK::send():4407, size=144000 in 1 chunks
20220808 152406.680 DEBUG            PET2 VMK::recv():4898, size=4 in 1 chunks
20220808 152406.682 DEBUG            PET2 VMK::recv():4898, size=316800 in 1 chunks
20220808 152406.683 DEBUG            PET2 VMK::recv():4898, size=316800 in 1 chunks
20220808 152406.683 DEBUG            PET2 VMK::recv():4898, size=316800 in 1 chunks
20220808 152406.698 DEBUG            PET2 VMK::recv():4898, size=115200 in 1 chunks
20220808 152406.699 DEBUG            PET2 VMK::recv():4898, size=115200 in 1 chunks
20220808 152406.699 DEBUG            PET2 VMK::recv():4898, size=115200 in 1 chunks
20220808 152406.699 DEBUG            PET2 VMK::recv():4898, size=115200 in 1 chunks
20220808 152406.700 DEBUG            PET2 VMK::recv():4898, size=115200 in 1 chunks
20220808 152406.700 DEBUG            PET2 VMK::recv():4898, size=115200 in 1 chunks
20220808 152406.701 DEBUG            PET2 VMK::recv():4898, size=115200 in 1 chunks
20220808 152406.701 DEBUG            PET2 VMK::recv():4898, size=115200 in 1 chunks
20220808 152406.701 DEBUG            PET2 VMK::recv():4898, size=115200 in 1 chunks
20220808 152406.701 DEBUG            PET2 VMK::recv():4898, size=115200 in 1 chunks
20220808 152406.703 DEBUG            PET2 VMK::recv():4898, size=115200 in 1 chunks
20220808 152406.703 DEBUG            PET2 VMK::recv():4898, size=115200 in 1 chunks
20220808 152406.703 DEBUG            PET2 VMK::recv():4898, size=115200 in 1 chunks
20220808 152406.703 DEBUG            PET2 VMK::recv():4898, size=115200 in 1 chunks
20220808 152406.703 DEBUG            PET2 VMK::recv():4898, size=115200 in 1 chunks
20220808 152406.704 DEBUG            PET2 VMK::recv():4898, size=115200 in 1 chunks
20220808 152406.704 DEBUG            PET2 VMK::recv():4898, size=115200 in 1 chunks
20220808 152406.704 DEBUG            PET2 VMK::recv():4898, size=115200 in 1 chunks
20220808 152406.704 DEBUG            PET2 VMK::recv():4898, size=115200 in 1 chunks
20220808 152406.704 DEBUG            PET2 VMK::recv():4898, size=115200 in 1 chunks
20220808 152406.707 DEBUG            PET2 VMK::recv():4898, size=115200 in 1 chunks
20220808 152406.707 DEBUG            PET2 VMK::recv():4898, size=115200 in 1 chunks
20220808 152406.707 DEBUG            PET2 VMK::recv():4898, size=115200 in 1 chunks
20220808 152406.707 DEBUG            PET2 VMK::recv():4898, size=115200 in 1 chunks
20220808 152406.708 DEBUG            PET2 VMK::recv():4898, size=115200 in 1 chunks
20220808 152406.708 DEBUG            PET2 VMK::recv():4898, size=115200 in 1 chunks
20220808 152406.708 DEBUG            PET2 VMK::recv():4898, size=115200 in 1 chunks
20220808 152406.708 DEBUG            PET2 VMK::recv():4898, size=115200 in 1 chunks
20220808 152406.708 DEBUG            PET2 VMK::recv():4898, size=115200 in 1 chunks
20220808 152406.708 DEBUG            PET2 VMK::recv():4898, size=115200 in 1 chunks
20220808 152406.708 DEBUG            PET2 VMK::recv():4898, size=115200 in 1 chunks
20220808 152406.708 DEBUG            PET2 VMK::recv():4898, size=115200 in 1 chunks
20220808 152406.709 DEBUG            PET2 VMK::recv():4898, size=115200 in 1 chunks
20220808 152406.709 DEBUG            PET2 VMK::recv():4898, size=115200 in 1 chunks
20220808 152406.709 DEBUG            PET2 VMK::recv():4898, size=115200 in 1 chunks
20220808 152406.709 DEBUG            PET2 VMK::recv():4898, size=115200 in 1 chunks
20220808 152406.709 DEBUG            PET2 VMK::recv():4898, size=115200 in 1 chunks
20220808 152406.709 DEBUG            PET2 VMK::recv():4898, size=115200 in 1 chunks
20220808 152406.709 DEBUG            PET2 VMK::recv():4898, size=115200 in 1 chunks
20220808 152406.709 DEBUG            PET2 VMK::recv():4898, size=115200 in 1 chunks
20220808 152406.713 DEBUG            PET2 VMK::recv():4898, size=115200 in 1 chunks
20220808 152406.713 DEBUG            PET2 VMK::recv():4898, size=115200 in 1 chunks
20220808 152406.713 DEBUG            PET2 VMK::recv():4898, size=115200 in 1 chunks
20220808 152406.713 DEBUG            PET2 VMK::recv():4898, size=115200 in 1 chunks
20220808 152406.713 DEBUG            PET2 VMK::recv():4898, size=115200 in 1 chunks
20220808 152406.713 DEBUG            PET2 VMK::recv():4898, size=115200 in 1 chunks
20220808 152406.713 DEBUG            PET2 VMK::recv():4898, size=115200 in 1 chunks
20220808 152406.713 DEBUG            PET2 VMK::recv():4898, size=115200 in 1 chunks
20220808 152406.713 DEBUG            PET2 VMK::recv():4898, size=115200 in 1 chunks
20220808 152406.713 DEBUG            PET2 VMK::recv():4898, size=115200 in 1 chunks
20220808 152406.714 DEBUG            PET2 VMK::recv():4898, size=115200 in 1 chunks
20220808 152406.714 DEBUG            PET2 VMK::recv():4898, size=115200 in 1 chunks
20220808 152406.714 DEBUG            PET2 VMK::recv():4898, size=115200 in 1 chunks
20220808 152406.714 DEBUG            PET2 VMK::recv():4898, size=115200 in 1 chunks
20220808 152406.714 DEBUG            PET2 VMK::recv():4898, size=115200 in 1 chunks
20220808 152406.714 DEBUG            PET2 VMK::recv():4898, size=115200 in 1 chunks
20220808 152406.714 DEBUG            PET2 VMK::recv():4898, size=115200 in 1 chunks
20220808 152406.714 DEBUG            PET2 VMK::recv():4898, size=115200 in 1 chunks
20220808 152406.714 DEBUG            PET2 VMK::recv():4898, size=115200 in 1 chunks
20220808 152406.714 DEBUG            PET2 VMK::recv():4898, size=115200 in 1 chunks
20220808 152406.718 DEBUG            PET2 VMK::recv():4898, size=115200 in 1 chunks
20220808 152406.718 DEBUG            PET2 VMK::recv():4898, size=115200 in 1 chunks
20220808 152406.718 INFO             PET2 ESMF_FieldRedistStoreNF(): Leaving routine.
20220808 152406.718 DEBUG            PET2 VMK::send():4175, size=8 in one chunk
20220808 152406.718 DEBUG            PET2 VMK::send():4175, size=1385739 in one chunk
20220808 152406.719 DEBUG            PET2 epochFinal
20220808 152406.719 INFO             PET2  NUMBER_OF_PROCESSORS            4
20220808 152406.719 INFO             PET2  PASS  Example ESMF_RHandleFromRHandleEx, ESMF_RHandleFromRHandleEx.F90, line 660
20220808 152406.719 INFO             PET2 Finalizing ESMF
20220808 152406.719 DEBUG            PET2 epochFinal
20220808 152406.659 INFO             PET3 !!!!!!!!!!!!!!!!!!!!!!!!!!!!!!!!!!!!!!!!!!!!!!!!!!!!!!
20220808 152406.659 INFO             PET3 !!! THE ESMF_LOG IS SET TO OUTPUT ALL LOG MESSAGES !!!
20220808 152406.659 INFO             PET3 !!!     THIS MAY CAUSE SLOWDOWN IN PERFORMANCE     !!!
20220808 152406.659 INFO             PET3 !!! FOR PRODUCTION RUNS, USE:                      !!!
20220808 152406.659 INFO             PET3 !!!                   ESMF_LOGKIND_Multi_On_Error  !!!
20220808 152406.659 INFO             PET3 !!!!!!!!!!!!!!!!!!!!!!!!!!!!!!!!!!!!!!!!!!!!!!!!!!!!!!
20220808 152406.659 INFO             PET3 Running with ESMF Version   : v8.3.0b17-30-g0de4558e1e
20220808 152406.659 INFO             PET3 ESMF library build date/time: "Aug  8 2022" "14:32:36"
20220808 152406.659 INFO             PET3 ESMF library build location : /glade/scratch/dunlap/esmf-testing/nvhpc_22.2_mpt_O_feature_large-messages/esmf
20220808 152406.659 INFO             PET3 ESMF_COMM                   : mpt
20220808 152406.659 INFO             PET3 ESMF_MOAB                   : enabled
20220808 152406.659 INFO             PET3 ESMF_LAPACK                 : enabled
20220808 152406.659 INFO             PET3 ESMF_NETCDF                 : enabled
20220808 152406.659 INFO             PET3 ESMF_PNETCDF                : disabled
20220808 152406.659 INFO             PET3 ESMF_PIO                    : enabled
20220808 152406.659 INFO             PET3 ESMF_YAMLCPP                : enabled
20220808 152406.660 DEBUG            PET3 epochInit
20220808 152406.664 INFO             PET3 ESMF_FieldRedistStoreNF(): Just entered routine.
20220808 152406.668 DEBUG            PET3 VMK::recv():4898, size=14400 in 1 chunks
20220808 152406.668 DEBUG            PET3 VMK::recv():4898, size=14400 in 1 chunks
20220808 152406.668 DEBUG            PET3 VMK::recv():4898, size=72000 in 1 chunks
20220808 152406.668 DEBUG            PET3 VMK::recv():4898, size=72000 in 1 chunks
20220808 152406.669 DEBUG            PET3 VMK::recv():4898, size=28800 in 1 chunks
20220808 152406.669 DEBUG            PET3 VMK::recv():4898, size=28800 in 1 chunks
20220808 152406.671 DEBUG            PET3 VMK::recv():4898, size=14400 in 1 chunks
20220808 152406.671 DEBUG            PET3 VMK::recv():4898, size=14400 in 1 chunks
20220808 152406.671 DEBUG            PET3 VMK::recv():4898, size=72000 in 1 chunks
20220808 152406.671 DEBUG            PET3 VMK::recv():4898, size=72000 in 1 chunks
20220808 152406.672 DEBUG            PET3 VMK::recv():4898, size=57600 in 1 chunks
20220808 152406.676 DEBUG            PET3 VMK::recv():4898, size=72000 in 1 chunks
20220808 152406.676 DEBUG            PET3 VMK::recv():4898, size=72000 in 1 chunks
20220808 152406.676 DEBUG            PET3 VMK::send():4407, size=4 in 1 chunks
20220808 152406.677 DEBUG            PET3 VMK::send():4407, size=4 in 1 chunks
20220808 152406.677 DEBUG            PET3 VMK::send():4407, size=158400 in 1 chunks
20220808 152406.677 DEBUG            PET3 VMK::send():4407, size=158400 in 1 chunks
20220808 152406.678 DEBUG            PET3 VMK::recv():4898, size=144000 in 1 chunks
20220808 152406.680 DEBUG            PET3 VMK::send():4407, size=4 in 1 chunks
20220808 152406.680 DEBUG            PET3 VMK::send():4407, size=316800 in 1 chunks
20220808 152406.718 INFO             PET3 ESMF_FieldRedistStoreNF(): Leaving routine.
20220808 152406.718 DEBUG            PET3 VMK::recv():4898, size=8 in 1 chunks
20220808 152406.718 DEBUG            PET3 VMK::recv():4898, size=1385739 in 1 chunks
20220808 152406.720 DEBUG            PET3 VMK::recv():4898, size=115200 in 1 chunks
20220808 152406.720 DEBUG            PET3 VMK::recv():4898, size=115200 in 1 chunks
20220808 152406.721 DEBUG            PET3 epochFinal
20220808 152406.721 INFO             PET3  NUMBER_OF_PROCESSORS            4
20220808 152406.721 INFO             PET3  PASS  Example ESMF_RHandleFromRHandleEx, ESMF_RHandleFromRHandleEx.F90, line 660
20220808 152406.721 INFO             PET3 Finalizing ESMF
20220808 152406.723 DEBUG            PET3 epochFinal
