2022-08-05 02:46:46
20220805 031215.044 INFO             PET0 !!!!!!!!!!!!!!!!!!!!!!!!!!!!!!!!!!!!!!!!!!!!!!!!!!!!!!
20220805 031215.044 INFO             PET0 !!! THE ESMF_LOG IS SET TO OUTPUT ALL LOG MESSAGES !!!
20220805 031215.044 INFO             PET0 !!!     THIS MAY CAUSE SLOWDOWN IN PERFORMANCE     !!!
20220805 031215.044 INFO             PET0 !!! FOR PRODUCTION RUNS, USE:                      !!!
20220805 031215.044 INFO             PET0 !!!                   ESMF_LOGKIND_Multi_On_Error  !!!
20220805 031215.044 INFO             PET0 !!!!!!!!!!!!!!!!!!!!!!!!!!!!!!!!!!!!!!!!!!!!!!!!!!!!!!
20220805 031215.044 INFO             PET0 Running with ESMF Version   : v8.3.0b17-27-g5b5163fc0a
20220805 031215.044 INFO             PET0 ESMF library build date/time: "Aug  5 2022" "02:44:57"
20220805 031215.044 INFO             PET0 ESMF library build location : /scratch1/NCEPDEV/stmp2/Rocky.Dunlap/esmf-testing/intel_18.0.5b_intelmpi_O_feature_large-messages/esmf
20220805 031215.044 INFO             PET0 ESMF_COMM                   : intelmpi
20220805 031215.045 INFO             PET0 ESMF_MOAB                   : enabled
20220805 031215.045 INFO             PET0 ESMF_LAPACK                 : enabled
20220805 031215.045 INFO             PET0 ESMF_NETCDF                 : enabled
20220805 031215.045 INFO             PET0 ESMF_PNETCDF                : disabled
20220805 031215.045 INFO             PET0 ESMF_PIO                    : enabled
20220805 031215.045 INFO             PET0 ESMF_YAMLCPP                : enabled
20220805 031215.045 DEBUG            PET0 VMK::recv():4898, size=40 in 1 chunks
20220805 031215.045 DEBUG            PET0 VMK::recv():4898, size=40 in 1 chunks
20220805 031215.045 DEBUG            PET0 VMK::recv():4898, size=40 in 1 chunks
20220805 031215.045 DEBUG            PET0 epochBuffer:4765 non-blocking recv firstFlag=1 size=40
20220805 031215.045 DEBUG            PET0 epochBuffer:4778 ready to probe: src=3
20220805 031215.047 DEBUG            PET0 epochBuffer:4813 time in blocking probe: 0.00138783 seconds
20220805 031215.047 DEBUG            PET0 epochBuffer:4817 incoming message of size=104
20220805 031215.047 DEBUG            PET0 epochBuffer:4830 ready to post blocking recv: src=3 size=104 streamBuffer=0x8dcdf8
20220805 031215.047 DEBUG            PET0 epochBuffer:4849 time in blocking recv: 5.00679e-06 seconds
20220805 031215.047 DEBUG            PET0 epochBuffer:4863 processing recv chunk: buffer=0x8dcdf8 chunkSize=40 chunkTag=3000
20220805 031215.047 DEBUG            PET0 epochBuffer:4765 non-blocking recv firstFlag=0 size=40
20220805 031215.047 DEBUG            PET0 epochBuffer:4863 processing recv chunk: buffer=0x8dce2c chunkSize=40 chunkTag=3000
20220805 031215.047 INFO             PET0  NUMBER_OF_PROCESSORS           4
20220805 031215.047 INFO             PET0  PASS  Example ESMF_VMNonBlockingEx, ESMF_VMNonBlockingEx.F90, line 433
20220805 031215.047 INFO             PET0 Finalizing ESMF
20220805 031215.047 DEBUG            PET0 epochFinal
20220805 031215.044 INFO             PET1 !!!!!!!!!!!!!!!!!!!!!!!!!!!!!!!!!!!!!!!!!!!!!!!!!!!!!!
20220805 031215.044 INFO             PET1 !!! THE ESMF_LOG IS SET TO OUTPUT ALL LOG MESSAGES !!!
20220805 031215.044 INFO             PET1 !!!     THIS MAY CAUSE SLOWDOWN IN PERFORMANCE     !!!
20220805 031215.044 INFO             PET1 !!! FOR PRODUCTION RUNS, USE:                      !!!
20220805 031215.044 INFO             PET1 !!!                   ESMF_LOGKIND_Multi_On_Error  !!!
20220805 031215.044 INFO             PET1 !!!!!!!!!!!!!!!!!!!!!!!!!!!!!!!!!!!!!!!!!!!!!!!!!!!!!!
20220805 031215.044 INFO             PET1 Running with ESMF Version   : v8.3.0b17-27-g5b5163fc0a
20220805 031215.044 INFO             PET1 ESMF library build date/time: "Aug  5 2022" "02:44:57"
20220805 031215.044 INFO             PET1 ESMF library build location : /scratch1/NCEPDEV/stmp2/Rocky.Dunlap/esmf-testing/intel_18.0.5b_intelmpi_O_feature_large-messages/esmf
20220805 031215.044 INFO             PET1 ESMF_COMM                   : intelmpi
20220805 031215.045 INFO             PET1 ESMF_MOAB                   : enabled
20220805 031215.045 INFO             PET1 ESMF_LAPACK                 : enabled
20220805 031215.045 INFO             PET1 ESMF_NETCDF                 : enabled
20220805 031215.045 INFO             PET1 ESMF_PNETCDF                : disabled
20220805 031215.045 INFO             PET1 ESMF_PIO                    : enabled
20220805 031215.045 INFO             PET1 ESMF_YAMLCPP                : enabled
20220805 031215.045 INFO             PET1  NUMBER_OF_PROCESSORS           4
20220805 031215.045 INFO             PET1  PASS  Example ESMF_VMNonBlockingEx, ESMF_VMNonBlockingEx.F90, line 433
20220805 031215.045 INFO             PET1 Finalizing ESMF
20220805 031215.045 DEBUG            PET1 epochFinal
20220805 031215.044 INFO             PET2 !!!!!!!!!!!!!!!!!!!!!!!!!!!!!!!!!!!!!!!!!!!!!!!!!!!!!!
20220805 031215.044 INFO             PET2 !!! THE ESMF_LOG IS SET TO OUTPUT ALL LOG MESSAGES !!!
20220805 031215.044 INFO             PET2 !!!     THIS MAY CAUSE SLOWDOWN IN PERFORMANCE     !!!
20220805 031215.044 INFO             PET2 !!! FOR PRODUCTION RUNS, USE:                      !!!
20220805 031215.044 INFO             PET2 !!!                   ESMF_LOGKIND_Multi_On_Error  !!!
20220805 031215.044 INFO             PET2 !!!!!!!!!!!!!!!!!!!!!!!!!!!!!!!!!!!!!!!!!!!!!!!!!!!!!!
20220805 031215.044 INFO             PET2 Running with ESMF Version   : v8.3.0b17-27-g5b5163fc0a
20220805 031215.044 INFO             PET2 ESMF library build date/time: "Aug  5 2022" "02:44:57"
20220805 031215.044 INFO             PET2 ESMF library build location : /scratch1/NCEPDEV/stmp2/Rocky.Dunlap/esmf-testing/intel_18.0.5b_intelmpi_O_feature_large-messages/esmf
20220805 031215.044 INFO             PET2 ESMF_COMM                   : intelmpi
20220805 031215.045 INFO             PET2 ESMF_MOAB                   : enabled
20220805 031215.045 INFO             PET2 ESMF_LAPACK                 : enabled
20220805 031215.045 INFO             PET2 ESMF_NETCDF                 : enabled
20220805 031215.045 INFO             PET2 ESMF_PNETCDF                : disabled
20220805 031215.045 INFO             PET2 ESMF_PIO                    : enabled
20220805 031215.045 INFO             PET2 ESMF_YAMLCPP                : enabled
20220805 031215.045 INFO             PET2  NUMBER_OF_PROCESSORS           4
20220805 031215.045 INFO             PET2  PASS  Example ESMF_VMNonBlockingEx, ESMF_VMNonBlockingEx.F90, line 433
20220805 031215.045 INFO             PET2 Finalizing ESMF
20220805 031215.045 DEBUG            PET2 epochFinal
20220805 031215.044 INFO             PET3 !!!!!!!!!!!!!!!!!!!!!!!!!!!!!!!!!!!!!!!!!!!!!!!!!!!!!!
20220805 031215.044 INFO             PET3 !!! THE ESMF_LOG IS SET TO OUTPUT ALL LOG MESSAGES !!!
20220805 031215.044 INFO             PET3 !!!     THIS MAY CAUSE SLOWDOWN IN PERFORMANCE     !!!
20220805 031215.044 INFO             PET3 !!! FOR PRODUCTION RUNS, USE:                      !!!
20220805 031215.044 INFO             PET3 !!!                   ESMF_LOGKIND_Multi_On_Error  !!!
20220805 031215.044 INFO             PET3 !!!!!!!!!!!!!!!!!!!!!!!!!!!!!!!!!!!!!!!!!!!!!!!!!!!!!!
20220805 031215.044 INFO             PET3 Running with ESMF Version   : v8.3.0b17-27-g5b5163fc0a
20220805 031215.044 INFO             PET3 ESMF library build date/time: "Aug  5 2022" "02:44:57"
20220805 031215.044 INFO             PET3 ESMF library build location : /scratch1/NCEPDEV/stmp2/Rocky.Dunlap/esmf-testing/intel_18.0.5b_intelmpi_O_feature_large-messages/esmf
20220805 031215.044 INFO             PET3 ESMF_COMM                   : intelmpi
20220805 031215.045 INFO             PET3 ESMF_MOAB                   : enabled
20220805 031215.045 INFO             PET3 ESMF_LAPACK                 : enabled
20220805 031215.045 INFO             PET3 ESMF_NETCDF                 : enabled
20220805 031215.045 INFO             PET3 ESMF_PNETCDF                : disabled
20220805 031215.045 INFO             PET3 ESMF_PIO                    : enabled
20220805 031215.045 INFO             PET3 ESMF_YAMLCPP                : enabled
20220805 031215.045 DEBUG            PET3 VMK::send():4407, size=40 in 1 chunks
20220805 031215.045 DEBUG            PET3 VMK::send():4407, size=40 in 1 chunks
20220805 031215.045 DEBUG            PET3 VMK::send():4407, size=40 in 1 chunks
20220805 031215.045 DEBUG            PET3 epochBuffer:4353 non-blocking send to dst=0 firstFlag=1 msg size=40
20220805 031215.045 DEBUG            PET3 epochBuffer:4063 ready to clear outstanding comm
20220805 031215.045 INFO             PET3 VMK::sendBuffer::clear():1.0 - MemInfo: [/proc/meminfo - SSI]	MemTotal:       97470688 kB
20220805 031215.045 INFO             PET3 VMK::sendBuffer::clear():1.0 - MemInfo: [/proc/meminfo - SSI]	MemFree:        90627188 kB
20220805 031215.045 INFO             PET3 VMK::sendBuffer::clear():1.0 - MemInfo: [/proc/meminfo - SSI]	MemAvailable:   92237420 kB
20220805 031215.045 INFO             PET3 VMK::sendBuffer::clear():1.0 - MemInfo: [/proc/meminfo - SSI]	Committed_AS:     853904 kB
20220805 031215.045 INFO             PET3 VMK::sendBuffer::clear():1.0 - MemInfo: [/proc/meminfo - SSI]	CommittedPercent: 0.876062 %
20220805 031215.046 INFO             PET3 VMK::sendBuffer::clear():1.0 - MemInfo: [/proc/self/status]	VmPeak:	  210472 kB
20220805 031215.046 INFO             PET3 VMK::sendBuffer::clear():1.0 - MemInfo: [/proc/self/status]	VmSize:	  210468 kB
20220805 031215.046 INFO             PET3 VMK::sendBuffer::clear():1.0 - MemInfo: [/proc/self/status]	VmLck:	       0 kB
20220805 031215.046 INFO             PET3 VMK::sendBuffer::clear():1.0 - MemInfo: [/proc/self/status]	VmPin:	       0 kB
20220805 031215.046 INFO             PET3 VMK::sendBuffer::clear():1.0 - MemInfo: [/proc/self/status]	VmHWM:	   22136 kB
20220805 031215.046 INFO             PET3 VMK::sendBuffer::clear():1.0 - MemInfo: [/proc/self/status]	VmRSS:	   22136 kB
20220805 031215.046 INFO             PET3 VMK::sendBuffer::clear():1.0 - MemInfo: [/proc/self/status]	VmData:	   16048 kB
20220805 031215.046 INFO             PET3 VMK::sendBuffer::clear():1.0 - MemInfo: [/proc/self/status]	VmStk:	     152 kB
20220805 031215.046 INFO             PET3 VMK::sendBuffer::clear():1.0 - MemInfo: [/proc/self/status]	VmExe:	    1912 kB
20220805 031215.046 INFO             PET3 VMK::sendBuffer::clear():1.0 - MemInfo: [/proc/self/status]	VmLib:	   95352 kB
20220805 031215.046 INFO             PET3 VMK::sendBuffer::clear():1.0 - MemInfo: [/proc/self/status]	VmPTE:	     300 kB
20220805 031215.046 INFO             PET3 VMK::sendBuffer::clear():1.0 - MemInfo: [/proc/self/status]	VmSwap:	       0 kB
20220805 031215.046 INFO             PET3 VMK::sendBuffer::clear():1.0 - MemInfo: [/proc/self/status]	VmRSSPercent: 0.0227104 %
20220805 031215.046 INFO             PET3 VMK::sendBuffer::clear():1.0 - MemInfo: [malloc] Non-mmapped space allocated:                  520192 Byte
20220805 031215.046 INFO             PET3 VMK::sendBuffer::clear():1.0 - MemInfo: [malloc] Space allocated in mmapped regions:          4608000 Byte
20220805 031215.046 INFO             PET3 VMK::sendBuffer::clear():1.0 - MemInfo: [malloc] Maximum total allocated space:                     0 Byte
20220805 031215.046 INFO             PET3 VMK::sendBuffer::clear():1.0 - MemInfo: [malloc] Space in freed fastbin blocks:                   448 Byte
20220805 031215.046 INFO             PET3 VMK::sendBuffer::clear():1.0 - MemInfo: [malloc] Total allocated space:                        416080 Byte
20220805 031215.046 INFO             PET3 VMK::sendBuffer::clear():1.0 - MemInfo: [malloc] Total free space:                             104112 Byte
20220805 031215.046 INFO             PET3 VMK::sendBuffer::clear():1.0 - MemInfo: [malloc] Top-most, releasable space:                   103024 Byte
20220805 031215.046 INFO             PET3 VMK::sendBuffer::clear():1.0 - MemInfo: [malloc] Total space in use, mmap + non-mmap:         5024080 Byte
20220805 031215.046 INFO             PET3 VMK::sendBuffer::clear():1.0 - MemInfo: [malloc] Total space held (mmap + non-mmap):          5128192 Byte
20220805 031215.046 INFO             PET3 VMK::sendBuffer::clear():1.0 - MemInfo: [malloc] Total space used (mmap + non-mmap):          5033472 Byte
20220805 031215.046 INFO             PET3 VMK::sendBuffer::clear():1.0 - MemInfo: Wall-clock time since execution start:             0.00711107 seconds
20220805 031215.046 INFO             PET3 VMK::sendBuffer::clear():2.0 - MemInfo: [/proc/meminfo - SSI]	MemTotal:       97470688 kB
20220805 031215.046 INFO             PET3 VMK::sendBuffer::clear():2.0 - MemInfo: [/proc/meminfo - SSI]	MemFree:        90626568 kB
20220805 031215.046 INFO             PET3 VMK::sendBuffer::clear():2.0 - MemInfo: [/proc/meminfo - SSI]	MemAvailable:   92236800 kB
20220805 031215.046 INFO             PET3 VMK::sendBuffer::clear():2.0 - MemInfo: [/proc/meminfo - SSI]	Committed_AS:     853904 kB
20220805 031215.046 INFO             PET3 VMK::sendBuffer::clear():2.0 - MemInfo: [/proc/meminfo - SSI]	CommittedPercent: 0.876062 %
20220805 031215.046 INFO             PET3 VMK::sendBuffer::clear():2.0 - MemInfo: [/proc/self/status]	VmPeak:	  210472 kB
20220805 031215.046 INFO             PET3 VMK::sendBuffer::clear():2.0 - MemInfo: [/proc/self/status]	VmSize:	  210468 kB
20220805 031215.046 INFO             PET3 VMK::sendBuffer::clear():2.0 - MemInfo: [/proc/self/status]	VmLck:	       0 kB
20220805 031215.046 INFO             PET3 VMK::sendBuffer::clear():2.0 - MemInfo: [/proc/self/status]	VmPin:	       0 kB
20220805 031215.046 INFO             PET3 VMK::sendBuffer::clear():2.0 - MemInfo: [/proc/self/status]	VmHWM:	   22204 kB
20220805 031215.046 INFO             PET3 VMK::sendBuffer::clear():2.0 - MemInfo: [/proc/self/status]	VmRSS:	   22204 kB
20220805 031215.046 INFO             PET3 VMK::sendBuffer::clear():2.0 - MemInfo: [/proc/self/status]	VmData:	   16048 kB
20220805 031215.046 INFO             PET3 VMK::sendBuffer::clear():2.0 - MemInfo: [/proc/self/status]	VmStk:	     152 kB
20220805 031215.046 INFO             PET3 VMK::sendBuffer::clear():2.0 - MemInfo: [/proc/self/status]	VmExe:	    1912 kB
20220805 031215.046 INFO             PET3 VMK::sendBuffer::clear():2.0 - MemInfo: [/proc/self/status]	VmLib:	   95352 kB
20220805 031215.046 INFO             PET3 VMK::sendBuffer::clear():2.0 - MemInfo: [/proc/self/status]	VmPTE:	     300 kB
20220805 031215.046 INFO             PET3 VMK::sendBuffer::clear():2.0 - MemInfo: [/proc/self/status]	VmSwap:	       0 kB
20220805 031215.046 INFO             PET3 VMK::sendBuffer::clear():2.0 - MemInfo: [/proc/self/status]	VmRSSPercent: 0.0227802 %
20220805 031215.046 INFO             PET3 VMK::sendBuffer::clear():2.0 - MemInfo: [malloc] Non-mmapped space allocated:                  520192 Byte
20220805 031215.046 INFO             PET3 VMK::sendBuffer::clear():2.0 - MemInfo: [malloc] Space allocated in mmapped regions:          4608000 Byte
20220805 031215.046 INFO             PET3 VMK::sendBuffer::clear():2.0 - MemInfo: [malloc] Maximum total allocated space:                     0 Byte
20220805 031215.046 INFO             PET3 VMK::sendBuffer::clear():2.0 - MemInfo: [malloc] Space in freed fastbin blocks:                   128 Byte
20220805 031215.046 INFO             PET3 VMK::sendBuffer::clear():2.0 - MemInfo: [malloc] Total allocated space:                        416080 Byte
20220805 031215.046 INFO             PET3 VMK::sendBuffer::clear():2.0 - MemInfo: [malloc] Total free space:                             104112 Byte
20220805 031215.046 INFO             PET3 VMK::sendBuffer::clear():2.0 - MemInfo: [malloc] Top-most, releasable space:                   103728 Byte
20220805 031215.046 INFO             PET3 VMK::sendBuffer::clear():2.0 - MemInfo: [malloc] Total space in use, mmap + non-mmap:         5024080 Byte
20220805 031215.046 INFO             PET3 VMK::sendBuffer::clear():2.0 - MemInfo: [malloc] Total space held (mmap + non-mmap):          5128192 Byte
20220805 031215.046 INFO             PET3 VMK::sendBuffer::clear():2.0 - MemInfo: [malloc] Total space used (mmap + non-mmap):          5033456 Byte
20220805 031215.046 INFO             PET3 VMK::sendBuffer::clear():2.0 - MemInfo: Wall-clock time since execution start:             0.00738096 seconds
20220805 031215.046 INFO             PET3 VMK::sendBuffer::clear():3.0 - MemInfo: [/proc/meminfo - SSI]	MemTotal:       97470688 kB
20220805 031215.046 INFO             PET3 VMK::sendBuffer::clear():3.0 - MemInfo: [/proc/meminfo - SSI]	MemFree:        90626568 kB
20220805 031215.046 INFO             PET3 VMK::sendBuffer::clear():3.0 - MemInfo: [/proc/meminfo - SSI]	MemAvailable:   92236800 kB
20220805 031215.046 INFO             PET3 VMK::sendBuffer::clear():3.0 - MemInfo: [/proc/meminfo - SSI]	Committed_AS:     853904 kB
20220805 031215.046 INFO             PET3 VMK::sendBuffer::clear():3.0 - MemInfo: [/proc/meminfo - SSI]	CommittedPercent: 0.876062 %
20220805 031215.046 INFO             PET3 VMK::sendBuffer::clear():3.0 - MemInfo: [/proc/self/status]	VmPeak:	  210472 kB
20220805 031215.046 INFO             PET3 VMK::sendBuffer::clear():3.0 - MemInfo: [/proc/self/status]	VmSize:	  210468 kB
20220805 031215.046 INFO             PET3 VMK::sendBuffer::clear():3.0 - MemInfo: [/proc/self/status]	VmLck:	       0 kB
20220805 031215.046 INFO             PET3 VMK::sendBuffer::clear():3.0 - MemInfo: [/proc/self/status]	VmPin:	       0 kB
20220805 031215.046 INFO             PET3 VMK::sendBuffer::clear():3.0 - MemInfo: [/proc/self/status]	VmHWM:	   22204 kB
20220805 031215.046 INFO             PET3 VMK::sendBuffer::clear():3.0 - MemInfo: [/proc/self/status]	VmRSS:	   22204 kB
20220805 031215.046 INFO             PET3 VMK::sendBuffer::clear():3.0 - MemInfo: [/proc/self/status]	VmData:	   16048 kB
20220805 031215.046 INFO             PET3 VMK::sendBuffer::clear():3.0 - MemInfo: [/proc/self/status]	VmStk:	     152 kB
20220805 031215.046 INFO             PET3 VMK::sendBuffer::clear():3.0 - MemInfo: [/proc/self/status]	VmExe:	    1912 kB
20220805 031215.046 INFO             PET3 VMK::sendBuffer::clear():3.0 - MemInfo: [/proc/self/status]	VmLib:	   95352 kB
20220805 031215.046 INFO             PET3 VMK::sendBuffer::clear():3.0 - MemInfo: [/proc/self/status]	VmPTE:	     300 kB
20220805 031215.046 INFO             PET3 VMK::sendBuffer::clear():3.0 - MemInfo: [/proc/self/status]	VmSwap:	       0 kB
20220805 031215.046 INFO             PET3 VMK::sendBuffer::clear():3.0 - MemInfo: [/proc/self/status]	VmRSSPercent: 0.0227802 %
20220805 031215.046 INFO             PET3 VMK::sendBuffer::clear():3.0 - MemInfo: [malloc] Non-mmapped space allocated:                  520192 Byte
20220805 031215.046 INFO             PET3 VMK::sendBuffer::clear():3.0 - MemInfo: [malloc] Space allocated in mmapped regions:          4608000 Byte
20220805 031215.046 INFO             PET3 VMK::sendBuffer::clear():3.0 - MemInfo: [malloc] Maximum total allocated space:                     0 Byte
20220805 031215.046 INFO             PET3 VMK::sendBuffer::clear():3.0 - MemInfo: [malloc] Space in freed fastbin blocks:                   128 Byte
20220805 031215.046 INFO             PET3 VMK::sendBuffer::clear():3.0 - MemInfo: [malloc] Total allocated space:                        416080 Byte
20220805 031215.046 INFO             PET3 VMK::sendBuffer::clear():3.0 - MemInfo: [malloc] Total free space:                             104112 Byte
20220805 031215.046 INFO             PET3 VMK::sendBuffer::clear():3.0 - MemInfo: [malloc] Top-most, releasable space:                   103728 Byte
20220805 031215.046 INFO             PET3 VMK::sendBuffer::clear():3.0 - MemInfo: [malloc] Total space in use, mmap + non-mmap:         5024080 Byte
20220805 031215.046 INFO             PET3 VMK::sendBuffer::clear():3.0 - MemInfo: [malloc] Total space held (mmap + non-mmap):          5128192 Byte
20220805 031215.046 INFO             PET3 VMK::sendBuffer::clear():3.0 - MemInfo: [malloc] Total space used (mmap + non-mmap):          5033456 Byte
20220805 031215.046 INFO             PET3 VMK::sendBuffer::clear():3.0 - MemInfo: Wall-clock time since execution start:             0.00762606 seconds
20220805 031215.046 DEBUG            PET3 epochBuffer:4376 non-blocking send write complete, current stream size=52
20220805 031215.046 DEBUG            PET3 epochBuffer:4353 non-blocking send to dst=0 firstFlag=0 msg size=40
20220805 031215.046 DEBUG            PET3 epochBuffer:4376 non-blocking send write complete, current stream size=104
20220805 031215.046 DEBUG            PET3 epochBuffer:3868 unacknowledged sends to dst=0: 0
20220805 031215.046 INFO             PET3 VMK::epochExit:1.0 - MemInfo: [/proc/meminfo - SSI]	MemTotal:       97470688 kB
20220805 031215.046 INFO             PET3 VMK::epochExit:1.0 - MemInfo: [/proc/meminfo - SSI]	MemFree:        90626568 kB
20220805 031215.046 INFO             PET3 VMK::epochExit:1.0 - MemInfo: [/proc/meminfo - SSI]	MemAvailable:   92236800 kB
20220805 031215.046 INFO             PET3 VMK::epochExit:1.0 - MemInfo: [/proc/meminfo - SSI]	Committed_AS:     853904 kB
20220805 031215.046 INFO             PET3 VMK::epochExit:1.0 - MemInfo: [/proc/meminfo - SSI]	CommittedPercent: 0.876062 %
20220805 031215.046 INFO             PET3 VMK::epochExit:1.0 - MemInfo: [/proc/self/status]	VmPeak:	  210472 kB
20220805 031215.046 INFO             PET3 VMK::epochExit:1.0 - MemInfo: [/proc/self/status]	VmSize:	  210468 kB
20220805 031215.046 INFO             PET3 VMK::epochExit:1.0 - MemInfo: [/proc/self/status]	VmLck:	       0 kB
20220805 031215.046 INFO             PET3 VMK::epochExit:1.0 - MemInfo: [/proc/self/status]	VmPin:	       0 kB
20220805 031215.046 INFO             PET3 VMK::epochExit:1.0 - MemInfo: [/proc/self/status]	VmHWM:	   22220 kB
20220805 031215.046 INFO             PET3 VMK::epochExit:1.0 - MemInfo: [/proc/self/status]	VmRSS:	   22220 kB
20220805 031215.046 INFO             PET3 VMK::epochExit:1.0 - MemInfo: [/proc/self/status]	VmData:	   16048 kB
20220805 031215.046 INFO             PET3 VMK::epochExit:1.0 - MemInfo: [/proc/self/status]	VmStk:	     152 kB
20220805 031215.046 INFO             PET3 VMK::epochExit:1.0 - MemInfo: [/proc/self/status]	VmExe:	    1912 kB
20220805 031215.046 INFO             PET3 VMK::epochExit:1.0 - MemInfo: [/proc/self/status]	VmLib:	   95352 kB
20220805 031215.046 INFO             PET3 VMK::epochExit:1.0 - MemInfo: [/proc/self/status]	VmPTE:	     300 kB
20220805 031215.046 INFO             PET3 VMK::epochExit:1.0 - MemInfo: [/proc/self/status]	VmSwap:	       0 kB
20220805 031215.046 INFO             PET3 VMK::epochExit:1.0 - MemInfo: [/proc/self/status]	VmRSSPercent: 0.0227966 %
20220805 031215.046 INFO             PET3 VMK::epochExit:1.0 - MemInfo: [malloc] Non-mmapped space allocated:                  520192 Byte
20220805 031215.046 INFO             PET3 VMK::epochExit:1.0 - MemInfo: [malloc] Space allocated in mmapped regions:          4608000 Byte
20220805 031215.046 INFO             PET3 VMK::epochExit:1.0 - MemInfo: [malloc] Maximum total allocated space:                     0 Byte
20220805 031215.046 INFO             PET3 VMK::epochExit:1.0 - MemInfo: [malloc] Space in freed fastbin blocks:                   112 Byte
20220805 031215.046 INFO             PET3 VMK::epochExit:1.0 - MemInfo: [malloc] Total allocated space:                        415136 Byte
20220805 031215.046 INFO             PET3 VMK::epochExit:1.0 - MemInfo: [malloc] Total free space:                             105056 Byte
20220805 031215.047 INFO             PET3 VMK::epochExit:1.0 - MemInfo: [malloc] Top-most, releasable space:                   104848 Byte
20220805 031215.047 INFO             PET3 VMK::epochExit:1.0 - MemInfo: [malloc] Total space in use, mmap + non-mmap:         5023136 Byte
20220805 031215.047 INFO             PET3 VMK::epochExit:1.0 - MemInfo: [malloc] Total space held (mmap + non-mmap):          5128192 Byte
20220805 031215.047 INFO             PET3 VMK::epochExit:1.0 - MemInfo: [malloc] Total space used (mmap + non-mmap):          5032512 Byte
20220805 031215.047 INFO             PET3 VMK::epochExit:1.0 - MemInfo: Wall-clock time since execution start:             0.00795197 seconds
20220805 031215.047 INFO             PET3 VMK::epochExit:2.0 - MemInfo: [/proc/meminfo - SSI]	MemTotal:       97470688 kB
20220805 031215.047 INFO             PET3 VMK::epochExit:2.0 - MemInfo: [/proc/meminfo - SSI]	MemFree:        90626568 kB
20220805 031215.047 INFO             PET3 VMK::epochExit:2.0 - MemInfo: [/proc/meminfo - SSI]	MemAvailable:   92236800 kB
20220805 031215.047 INFO             PET3 VMK::epochExit:2.0 - MemInfo: [/proc/meminfo - SSI]	Committed_AS:     853904 kB
20220805 031215.047 INFO             PET3 VMK::epochExit:2.0 - MemInfo: [/proc/meminfo - SSI]	CommittedPercent: 0.876062 %
20220805 031215.047 INFO             PET3 VMK::epochExit:2.0 - MemInfo: [/proc/self/status]	VmPeak:	  210472 kB
20220805 031215.047 INFO             PET3 VMK::epochExit:2.0 - MemInfo: [/proc/self/status]	VmSize:	  210468 kB
20220805 031215.047 INFO             PET3 VMK::epochExit:2.0 - MemInfo: [/proc/self/status]	VmLck:	       0 kB
20220805 031215.047 INFO             PET3 VMK::epochExit:2.0 - MemInfo: [/proc/self/status]	VmPin:	       0 kB
20220805 031215.047 INFO             PET3 VMK::epochExit:2.0 - MemInfo: [/proc/self/status]	VmHWM:	   22224 kB
20220805 031215.047 INFO             PET3 VMK::epochExit:2.0 - MemInfo: [/proc/self/status]	VmRSS:	   22224 kB
20220805 031215.047 INFO             PET3 VMK::epochExit:2.0 - MemInfo: [/proc/self/status]	VmData:	   16048 kB
20220805 031215.047 INFO             PET3 VMK::epochExit:2.0 - MemInfo: [/proc/self/status]	VmStk:	     152 kB
20220805 031215.047 INFO             PET3 VMK::epochExit:2.0 - MemInfo: [/proc/self/status]	VmExe:	    1912 kB
20220805 031215.047 INFO             PET3 VMK::epochExit:2.0 - MemInfo: [/proc/self/status]	VmLib:	   95352 kB
20220805 031215.047 INFO             PET3 VMK::epochExit:2.0 - MemInfo: [/proc/self/status]	VmPTE:	     300 kB
20220805 031215.047 INFO             PET3 VMK::epochExit:2.0 - MemInfo: [/proc/self/status]	VmSwap:	       0 kB
20220805 031215.047 INFO             PET3 VMK::epochExit:2.0 - MemInfo: [/proc/self/status]	VmRSSPercent: 0.0228007 %
20220805 031215.047 INFO             PET3 VMK::epochExit:2.0 - MemInfo: [malloc] Non-mmapped space allocated:                  520192 Byte
20220805 031215.047 INFO             PET3 VMK::epochExit:2.0 - MemInfo: [malloc] Space allocated in mmapped regions:          4608000 Byte
20220805 031215.047 INFO             PET3 VMK::epochExit:2.0 - MemInfo: [malloc] Maximum total allocated space:                     0 Byte
20220805 031215.047 INFO             PET3 VMK::epochExit:2.0 - MemInfo: [malloc] Space in freed fastbin blocks:                   112 Byte
20220805 031215.047 INFO             PET3 VMK::epochExit:2.0 - MemInfo: [malloc] Total allocated space:                        415136 Byte
20220805 031215.047 INFO             PET3 VMK::epochExit:2.0 - MemInfo: [malloc] Total free space:                             105056 Byte
20220805 031215.047 INFO             PET3 VMK::epochExit:2.0 - MemInfo: [malloc] Top-most, releasable space:                   104848 Byte
20220805 031215.047 INFO             PET3 VMK::epochExit:2.0 - MemInfo: [malloc] Total space in use, mmap + non-mmap:         5023136 Byte
20220805 031215.047 INFO             PET3 VMK::epochExit:2.0 - MemInfo: [malloc] Total space held (mmap + non-mmap):          5128192 Byte
20220805 031215.047 INFO             PET3 VMK::epochExit:2.0 - MemInfo: [malloc] Total space used (mmap + non-mmap):          5032512 Byte
20220805 031215.047 INFO             PET3 VMK::epochExit:2.0 - MemInfo: Wall-clock time since execution start:             0.00819707 seconds
20220805 031215.047 DEBUG            PET3 epochBuffer:3920 ready to post non-blocking send: dst=0 size=104 buffer=0x1bd3d70
20220805 031215.047 DEBUG            PET3 epochBuffer:3971 time in non-blocking send: 9.53674e-07 seconds
20220805 031215.047 INFO             PET3 VMK::epochExit:3.0 - MemInfo: [/proc/meminfo - SSI]	MemTotal:       97470688 kB
20220805 031215.047 INFO             PET3 VMK::epochExit:3.0 - MemInfo: [/proc/meminfo - SSI]	MemFree:        90626568 kB
20220805 031215.047 INFO             PET3 VMK::epochExit:3.0 - MemInfo: [/proc/meminfo - SSI]	MemAvailable:   92236800 kB
20220805 031215.047 INFO             PET3 VMK::epochExit:3.0 - MemInfo: [/proc/meminfo - SSI]	Committed_AS:     853904 kB
20220805 031215.047 INFO             PET3 VMK::epochExit:3.0 - MemInfo: [/proc/meminfo - SSI]	CommittedPercent: 0.876062 %
20220805 031215.047 INFO             PET3 VMK::epochExit:3.0 - MemInfo: [/proc/self/status]	VmPeak:	  210472 kB
20220805 031215.047 INFO             PET3 VMK::epochExit:3.0 - MemInfo: [/proc/self/status]	VmSize:	  210468 kB
20220805 031215.047 INFO             PET3 VMK::epochExit:3.0 - MemInfo: [/proc/self/status]	VmLck:	       0 kB
20220805 031215.047 INFO             PET3 VMK::epochExit:3.0 - MemInfo: [/proc/self/status]	VmPin:	       0 kB
20220805 031215.047 INFO             PET3 VMK::epochExit:3.0 - MemInfo: [/proc/self/status]	VmHWM:	   22232 kB
20220805 031215.047 INFO             PET3 VMK::epochExit:3.0 - MemInfo: [/proc/self/status]	VmRSS:	   22232 kB
20220805 031215.047 INFO             PET3 VMK::epochExit:3.0 - MemInfo: [/proc/self/status]	VmData:	   16048 kB
20220805 031215.047 INFO             PET3 VMK::epochExit:3.0 - MemInfo: [/proc/self/status]	VmStk:	     152 kB
20220805 031215.047 INFO             PET3 VMK::epochExit:3.0 - MemInfo: [/proc/self/status]	VmExe:	    1912 kB
20220805 031215.047 INFO             PET3 VMK::epochExit:3.0 - MemInfo: [/proc/self/status]	VmLib:	   95352 kB
20220805 031215.047 INFO             PET3 VMK::epochExit:3.0 - MemInfo: [/proc/self/status]	VmPTE:	     300 kB
20220805 031215.047 INFO             PET3 VMK::epochExit:3.0 - MemInfo: [/proc/self/status]	VmSwap:	       0 kB
20220805 031215.047 INFO             PET3 VMK::epochExit:3.0 - MemInfo: [/proc/self/status]	VmRSSPercent: 0.0228089 %
20220805 031215.047 INFO             PET3 VMK::epochExit:3.0 - MemInfo: [malloc] Non-mmapped space allocated:                  520192 Byte
20220805 031215.047 INFO             PET3 VMK::epochExit:3.0 - MemInfo: [malloc] Space allocated in mmapped regions:          4608000 Byte
20220805 031215.047 INFO             PET3 VMK::epochExit:3.0 - MemInfo: [malloc] Maximum total allocated space:                     0 Byte
20220805 031215.047 INFO             PET3 VMK::epochExit:3.0 - MemInfo: [malloc] Space in freed fastbin blocks:                   112 Byte
20220805 031215.047 INFO             PET3 VMK::epochExit:3.0 - MemInfo: [malloc] Total allocated space:                        415136 Byte
20220805 031215.047 INFO             PET3 VMK::epochExit:3.0 - MemInfo: [malloc] Total free space:                             105056 Byte
20220805 031215.047 INFO             PET3 VMK::epochExit:3.0 - MemInfo: [malloc] Top-most, releasable space:                   104848 Byte
20220805 031215.047 INFO             PET3 VMK::epochExit:3.0 - MemInfo: [malloc] Total space in use, mmap + non-mmap:         5023136 Byte
20220805 031215.047 INFO             PET3 VMK::epochExit:3.0 - MemInfo: [malloc] Total space held (mmap + non-mmap):          5128192 Byte
20220805 031215.047 INFO             PET3 VMK::epochExit:3.0 - MemInfo: [malloc] Total space used (mmap + non-mmap):          5032512 Byte
20220805 031215.047 INFO             PET3 VMK::epochExit:3.0 - MemInfo: Wall-clock time since execution start:             0.00843215 seconds
20220805 031215.047 DEBUG            PET3 epochBuffer:3987 unacknowledged sends to dst=0: 1
20220805 031215.047 INFO             PET3 VMK::epochExit:4.0 - MemInfo: [/proc/meminfo - SSI]	MemTotal:       97470688 kB
20220805 031215.047 INFO             PET3 VMK::epochExit:4.0 - MemInfo: [/proc/meminfo - SSI]	MemFree:        90626568 kB
20220805 031215.047 INFO             PET3 VMK::epochExit:4.0 - MemInfo: [/proc/meminfo - SSI]	MemAvailable:   92236800 kB
20220805 031215.047 INFO             PET3 VMK::epochExit:4.0 - MemInfo: [/proc/meminfo - SSI]	Committed_AS:     853904 kB
20220805 031215.047 INFO             PET3 VMK::epochExit:4.0 - MemInfo: [/proc/meminfo - SSI]	CommittedPercent: 0.876062 %
20220805 031215.047 INFO             PET3 VMK::epochExit:4.0 - MemInfo: [/proc/self/status]	VmPeak:	  210472 kB
20220805 031215.047 INFO             PET3 VMK::epochExit:4.0 - MemInfo: [/proc/self/status]	VmSize:	  210468 kB
20220805 031215.047 INFO             PET3 VMK::epochExit:4.0 - MemInfo: [/proc/self/status]	VmLck:	       0 kB
20220805 031215.047 INFO             PET3 VMK::epochExit:4.0 - MemInfo: [/proc/self/status]	VmPin:	       0 kB
20220805 031215.047 INFO             PET3 VMK::epochExit:4.0 - MemInfo: [/proc/self/status]	VmHWM:	   22240 kB
20220805 031215.047 INFO             PET3 VMK::epochExit:4.0 - MemInfo: [/proc/self/status]	VmRSS:	   22240 kB
20220805 031215.047 INFO             PET3 VMK::epochExit:4.0 - MemInfo: [/proc/self/status]	VmData:	   16048 kB
20220805 031215.047 INFO             PET3 VMK::epochExit:4.0 - MemInfo: [/proc/self/status]	VmStk:	     152 kB
20220805 031215.047 INFO             PET3 VMK::epochExit:4.0 - MemInfo: [/proc/self/status]	VmExe:	    1912 kB
20220805 031215.047 INFO             PET3 VMK::epochExit:4.0 - MemInfo: [/proc/self/status]	VmLib:	   95352 kB
20220805 031215.047 INFO             PET3 VMK::epochExit:4.0 - MemInfo: [/proc/self/status]	VmPTE:	     300 kB
20220805 031215.047 INFO             PET3 VMK::epochExit:4.0 - MemInfo: [/proc/self/status]	VmSwap:	       0 kB
20220805 031215.047 INFO             PET3 VMK::epochExit:4.0 - MemInfo: [/proc/self/status]	VmRSSPercent: 0.0228171 %
20220805 031215.047 INFO             PET3 VMK::epochExit:4.0 - MemInfo: [malloc] Non-mmapped space allocated:                  520192 Byte
20220805 031215.047 INFO             PET3 VMK::epochExit:4.0 - MemInfo: [malloc] Space allocated in mmapped regions:          4608000 Byte
20220805 031215.047 INFO             PET3 VMK::epochExit:4.0 - MemInfo: [malloc] Maximum total allocated space:                     0 Byte
20220805 031215.047 INFO             PET3 VMK::epochExit:4.0 - MemInfo: [malloc] Space in freed fastbin blocks:                   112 Byte
20220805 031215.047 INFO             PET3 VMK::epochExit:4.0 - MemInfo: [malloc] Total allocated space:                        415136 Byte
20220805 031215.047 INFO             PET3 VMK::epochExit:4.0 - MemInfo: [malloc] Total free space:                             105056 Byte
20220805 031215.047 INFO             PET3 VMK::epochExit:4.0 - MemInfo: [malloc] Top-most, releasable space:                   104848 Byte
20220805 031215.047 INFO             PET3 VMK::epochExit:4.0 - MemInfo: [malloc] Total space in use, mmap + non-mmap:         5023136 Byte
20220805 031215.047 INFO             PET3 VMK::epochExit:4.0 - MemInfo: [malloc] Total space held (mmap + non-mmap):          5128192 Byte
20220805 031215.047 INFO             PET3 VMK::epochExit:4.0 - MemInfo: [malloc] Total space used (mmap + non-mmap):          5032512 Byte
20220805 031215.047 INFO             PET3 VMK::epochExit:4.0 - MemInfo: Wall-clock time since execution start:             0.00869012 seconds
20220805 031215.047 DEBUG            PET3 epochBuffer:3868 unacknowledged sends to dst=0: 1
20220805 031215.047 INFO             PET3 VMK::epochExit:1.0 - MemInfo: [/proc/meminfo - SSI]	MemTotal:       97470688 kB
20220805 031215.047 INFO             PET3 VMK::epochExit:1.0 - MemInfo: [/proc/meminfo - SSI]	MemFree:        90626568 kB
20220805 031215.047 INFO             PET3 VMK::epochExit:1.0 - MemInfo: [/proc/meminfo - SSI]	MemAvailable:   92236800 kB
20220805 031215.047 INFO             PET3 VMK::epochExit:1.0 - MemInfo: [/proc/meminfo - SSI]	Committed_AS:     853904 kB
20220805 031215.047 INFO             PET3 VMK::epochExit:1.0 - MemInfo: [/proc/meminfo - SSI]	CommittedPercent: 0.876062 %
20220805 031215.047 INFO             PET3 VMK::epochExit:1.0 - MemInfo: [/proc/self/status]	VmPeak:	  210472 kB
20220805 031215.047 INFO             PET3 VMK::epochExit:1.0 - MemInfo: [/proc/self/status]	VmSize:	  210468 kB
20220805 031215.047 INFO             PET3 VMK::epochExit:1.0 - MemInfo: [/proc/self/status]	VmLck:	       0 kB
20220805 031215.047 INFO             PET3 VMK::epochExit:1.0 - MemInfo: [/proc/self/status]	VmPin:	       0 kB
20220805 031215.047 INFO             PET3 VMK::epochExit:1.0 - MemInfo: [/proc/self/status]	VmHWM:	   22240 kB
20220805 031215.047 INFO             PET3 VMK::epochExit:1.0 - MemInfo: [/proc/self/status]	VmRSS:	   22240 kB
20220805 031215.047 INFO             PET3 VMK::epochExit:1.0 - MemInfo: [/proc/self/status]	VmData:	   16048 kB
20220805 031215.047 INFO             PET3 VMK::epochExit:1.0 - MemInfo: [/proc/self/status]	VmStk:	     152 kB
20220805 031215.047 INFO             PET3 VMK::epochExit:1.0 - MemInfo: [/proc/self/status]	VmExe:	    1912 kB
20220805 031215.047 INFO             PET3 VMK::epochExit:1.0 - MemInfo: [/proc/self/status]	VmLib:	   95352 kB
20220805 031215.047 INFO             PET3 VMK::epochExit:1.0 - MemInfo: [/proc/self/status]	VmPTE:	     300 kB
20220805 031215.047 INFO             PET3 VMK::epochExit:1.0 - MemInfo: [/proc/self/status]	VmSwap:	       0 kB
20220805 031215.047 INFO             PET3 VMK::epochExit:1.0 - MemInfo: [/proc/self/status]	VmRSSPercent: 0.0228171 %
20220805 031215.047 INFO             PET3 VMK::epochExit:1.0 - MemInfo: [malloc] Non-mmapped space allocated:                  520192 Byte
20220805 031215.047 INFO             PET3 VMK::epochExit:1.0 - MemInfo: [malloc] Space allocated in mmapped regions:          4608000 Byte
20220805 031215.047 INFO             PET3 VMK::epochExit:1.0 - MemInfo: [malloc] Maximum total allocated space:                     0 Byte
20220805 031215.047 INFO             PET3 VMK::epochExit:1.0 - MemInfo: [malloc] Space in freed fastbin blocks:                   112 Byte
20220805 031215.047 INFO             PET3 VMK::epochExit:1.0 - MemInfo: [malloc] Total allocated space:                        415008 Byte
20220805 031215.047 INFO             PET3 VMK::epochExit:1.0 - MemInfo: [malloc] Total free space:                             105184 Byte
20220805 031215.048 INFO             PET3 VMK::epochExit:1.0 - MemInfo: [malloc] Top-most, releasable space:                   104848 Byte
20220805 031215.048 INFO             PET3 VMK::epochExit:1.0 - MemInfo: [malloc] Total space in use, mmap + non-mmap:         5023008 Byte
20220805 031215.048 INFO             PET3 VMK::epochExit:1.0 - MemInfo: [malloc] Total space held (mmap + non-mmap):          5128192 Byte
20220805 031215.048 INFO             PET3 VMK::epochExit:1.0 - MemInfo: [malloc] Total space used (mmap + non-mmap):          5032384 Byte
20220805 031215.048 INFO             PET3 VMK::epochExit:1.0 - MemInfo: Wall-clock time since execution start:             0.00894213 seconds
20220805 031215.048 INFO             PET3 VMK::epochExit:2.0 - MemInfo: [/proc/meminfo - SSI]	MemTotal:       97470688 kB
20220805 031215.048 INFO             PET3 VMK::epochExit:2.0 - MemInfo: [/proc/meminfo - SSI]	MemFree:        90626568 kB
20220805 031215.048 INFO             PET3 VMK::epochExit:2.0 - MemInfo: [/proc/meminfo - SSI]	MemAvailable:   92236800 kB
20220805 031215.048 INFO             PET3 VMK::epochExit:2.0 - MemInfo: [/proc/meminfo - SSI]	Committed_AS:     853904 kB
20220805 031215.048 INFO             PET3 VMK::epochExit:2.0 - MemInfo: [/proc/meminfo - SSI]	CommittedPercent: 0.876062 %
20220805 031215.048 INFO             PET3 VMK::epochExit:2.0 - MemInfo: [/proc/self/status]	VmPeak:	  210472 kB
20220805 031215.048 INFO             PET3 VMK::epochExit:2.0 - MemInfo: [/proc/self/status]	VmSize:	  210468 kB
20220805 031215.048 INFO             PET3 VMK::epochExit:2.0 - MemInfo: [/proc/self/status]	VmLck:	       0 kB
20220805 031215.048 INFO             PET3 VMK::epochExit:2.0 - MemInfo: [/proc/self/status]	VmPin:	       0 kB
20220805 031215.048 INFO             PET3 VMK::epochExit:2.0 - MemInfo: [/proc/self/status]	VmHWM:	   22240 kB
20220805 031215.048 INFO             PET3 VMK::epochExit:2.0 - MemInfo: [/proc/self/status]	VmRSS:	   22240 kB
20220805 031215.048 INFO             PET3 VMK::epochExit:2.0 - MemInfo: [/proc/self/status]	VmData:	   16048 kB
20220805 031215.048 INFO             PET3 VMK::epochExit:2.0 - MemInfo: [/proc/self/status]	VmStk:	     152 kB
20220805 031215.048 INFO             PET3 VMK::epochExit:2.0 - MemInfo: [/proc/self/status]	VmExe:	    1912 kB
20220805 031215.048 INFO             PET3 VMK::epochExit:2.0 - MemInfo: [/proc/self/status]	VmLib:	   95352 kB
20220805 031215.048 INFO             PET3 VMK::epochExit:2.0 - MemInfo: [/proc/self/status]	VmPTE:	     300 kB
20220805 031215.048 INFO             PET3 VMK::epochExit:2.0 - MemInfo: [/proc/self/status]	VmSwap:	       0 kB
20220805 031215.048 INFO             PET3 VMK::epochExit:2.0 - MemInfo: [/proc/self/status]	VmRSSPercent: 0.0228171 %
20220805 031215.048 INFO             PET3 VMK::epochExit:2.0 - MemInfo: [malloc] Non-mmapped space allocated:                  520192 Byte
20220805 031215.048 INFO             PET3 VMK::epochExit:2.0 - MemInfo: [malloc] Space allocated in mmapped regions:          4608000 Byte
20220805 031215.048 INFO             PET3 VMK::epochExit:2.0 - MemInfo: [malloc] Maximum total allocated space:                     0 Byte
20220805 031215.048 INFO             PET3 VMK::epochExit:2.0 - MemInfo: [malloc] Space in freed fastbin blocks:                   112 Byte
20220805 031215.048 INFO             PET3 VMK::epochExit:2.0 - MemInfo: [malloc] Total allocated space:                        415008 Byte
20220805 031215.048 INFO             PET3 VMK::epochExit:2.0 - MemInfo: [malloc] Total free space:                             105184 Byte
20220805 031215.048 INFO             PET3 VMK::epochExit:2.0 - MemInfo: [malloc] Top-most, releasable space:                   104848 Byte
20220805 031215.048 INFO             PET3 VMK::epochExit:2.0 - MemInfo: [malloc] Total space in use, mmap + non-mmap:         5023008 Byte
20220805 031215.048 INFO             PET3 VMK::epochExit:2.0 - MemInfo: [malloc] Total space held (mmap + non-mmap):          5128192 Byte
20220805 031215.048 INFO             PET3 VMK::epochExit:2.0 - MemInfo: [malloc] Total space used (mmap + non-mmap):          5032384 Byte
20220805 031215.048 INFO             PET3 VMK::epochExit:2.0 - MemInfo: Wall-clock time since execution start:             0.00917792 seconds
20220805 031215.048 INFO             PET3 VMK::epochExit:3.0 - MemInfo: [/proc/meminfo - SSI]	MemTotal:       97470688 kB
20220805 031215.048 INFO             PET3 VMK::epochExit:3.0 - MemInfo: [/proc/meminfo - SSI]	MemFree:        90626568 kB
20220805 031215.048 INFO             PET3 VMK::epochExit:3.0 - MemInfo: [/proc/meminfo - SSI]	MemAvailable:   92236800 kB
20220805 031215.048 INFO             PET3 VMK::epochExit:3.0 - MemInfo: [/proc/meminfo - SSI]	Committed_AS:     853904 kB
20220805 031215.048 INFO             PET3 VMK::epochExit:3.0 - MemInfo: [/proc/meminfo - SSI]	CommittedPercent: 0.876062 %
20220805 031215.048 INFO             PET3 VMK::epochExit:3.0 - MemInfo: [/proc/self/status]	VmPeak:	  210472 kB
20220805 031215.048 INFO             PET3 VMK::epochExit:3.0 - MemInfo: [/proc/self/status]	VmSize:	  210468 kB
20220805 031215.048 INFO             PET3 VMK::epochExit:3.0 - MemInfo: [/proc/self/status]	VmLck:	       0 kB
20220805 031215.048 INFO             PET3 VMK::epochExit:3.0 - MemInfo: [/proc/self/status]	VmPin:	       0 kB
20220805 031215.048 INFO             PET3 VMK::epochExit:3.0 - MemInfo: [/proc/self/status]	VmHWM:	   22240 kB
20220805 031215.048 INFO             PET3 VMK::epochExit:3.0 - MemInfo: [/proc/self/status]	VmRSS:	   22240 kB
20220805 031215.048 INFO             PET3 VMK::epochExit:3.0 - MemInfo: [/proc/self/status]	VmData:	   16048 kB
20220805 031215.048 INFO             PET3 VMK::epochExit:3.0 - MemInfo: [/proc/self/status]	VmStk:	     152 kB
20220805 031215.048 INFO             PET3 VMK::epochExit:3.0 - MemInfo: [/proc/self/status]	VmExe:	    1912 kB
20220805 031215.048 INFO             PET3 VMK::epochExit:3.0 - MemInfo: [/proc/self/status]	VmLib:	   95352 kB
20220805 031215.048 INFO             PET3 VMK::epochExit:3.0 - MemInfo: [/proc/self/status]	VmPTE:	     300 kB
20220805 031215.048 INFO             PET3 VMK::epochExit:3.0 - MemInfo: [/proc/self/status]	VmSwap:	       0 kB
20220805 031215.048 INFO             PET3 VMK::epochExit:3.0 - MemInfo: [/proc/self/status]	VmRSSPercent: 0.0228171 %
20220805 031215.048 INFO             PET3 VMK::epochExit:3.0 - MemInfo: [malloc] Non-mmapped space allocated:                  520192 Byte
20220805 031215.048 INFO             PET3 VMK::epochExit:3.0 - MemInfo: [malloc] Space allocated in mmapped regions:          4608000 Byte
20220805 031215.048 INFO             PET3 VMK::epochExit:3.0 - MemInfo: [malloc] Maximum total allocated space:                     0 Byte
20220805 031215.048 INFO             PET3 VMK::epochExit:3.0 - MemInfo: [malloc] Space in freed fastbin blocks:                   112 Byte
20220805 031215.048 INFO             PET3 VMK::epochExit:3.0 - MemInfo: [malloc] Total allocated space:                        415008 Byte
20220805 031215.048 INFO             PET3 VMK::epochExit:3.0 - MemInfo: [malloc] Total free space:                             105184 Byte
20220805 031215.048 INFO             PET3 VMK::epochExit:3.0 - MemInfo: [malloc] Top-most, releasable space:                   104848 Byte
20220805 031215.048 INFO             PET3 VMK::epochExit:3.0 - MemInfo: [malloc] Total space in use, mmap + non-mmap:         5023008 Byte
20220805 031215.048 INFO             PET3 VMK::epochExit:3.0 - MemInfo: [malloc] Total space held (mmap + non-mmap):          5128192 Byte
20220805 031215.048 INFO             PET3 VMK::epochExit:3.0 - MemInfo: [malloc] Total space used (mmap + non-mmap):          5032384 Byte
20220805 031215.048 INFO             PET3 VMK::epochExit:3.0 - MemInfo: Wall-clock time since execution start:             0.00940895 seconds
20220805 031215.048 INFO             PET3 VMK::epochExit:4.0 - MemInfo: [/proc/meminfo - SSI]	MemTotal:       97470688 kB
20220805 031215.048 INFO             PET3 VMK::epochExit:4.0 - MemInfo: [/proc/meminfo - SSI]	MemFree:        90626568 kB
20220805 031215.048 INFO             PET3 VMK::epochExit:4.0 - MemInfo: [/proc/meminfo - SSI]	MemAvailable:   92236800 kB
20220805 031215.048 INFO             PET3 VMK::epochExit:4.0 - MemInfo: [/proc/meminfo - SSI]	Committed_AS:     853904 kB
20220805 031215.048 INFO             PET3 VMK::epochExit:4.0 - MemInfo: [/proc/meminfo - SSI]	CommittedPercent: 0.876062 %
20220805 031215.048 INFO             PET3 VMK::epochExit:4.0 - MemInfo: [/proc/self/status]	VmPeak:	  210472 kB
20220805 031215.048 INFO             PET3 VMK::epochExit:4.0 - MemInfo: [/proc/self/status]	VmSize:	  210468 kB
20220805 031215.048 INFO             PET3 VMK::epochExit:4.0 - MemInfo: [/proc/self/status]	VmLck:	       0 kB
20220805 031215.048 INFO             PET3 VMK::epochExit:4.0 - MemInfo: [/proc/self/status]	VmPin:	       0 kB
20220805 031215.048 INFO             PET3 VMK::epochExit:4.0 - MemInfo: [/proc/self/status]	VmHWM:	   22240 kB
20220805 031215.048 INFO             PET3 VMK::epochExit:4.0 - MemInfo: [/proc/self/status]	VmRSS:	   22240 kB
20220805 031215.048 INFO             PET3 VMK::epochExit:4.0 - MemInfo: [/proc/self/status]	VmData:	   16048 kB
20220805 031215.048 INFO             PET3 VMK::epochExit:4.0 - MemInfo: [/proc/self/status]	VmStk:	     152 kB
20220805 031215.048 INFO             PET3 VMK::epochExit:4.0 - MemInfo: [/proc/self/status]	VmExe:	    1912 kB
20220805 031215.048 INFO             PET3 VMK::epochExit:4.0 - MemInfo: [/proc/self/status]	VmLib:	   95352 kB
20220805 031215.048 INFO             PET3 VMK::epochExit:4.0 - MemInfo: [/proc/self/status]	VmPTE:	     300 kB
20220805 031215.048 INFO             PET3 VMK::epochExit:4.0 - MemInfo: [/proc/self/status]	VmSwap:	       0 kB
20220805 031215.048 INFO             PET3 VMK::epochExit:4.0 - MemInfo: [/proc/self/status]	VmRSSPercent: 0.0228171 %
20220805 031215.048 INFO             PET3 VMK::epochExit:4.0 - MemInfo: [malloc] Non-mmapped space allocated:                  520192 Byte
20220805 031215.048 INFO             PET3 VMK::epochExit:4.0 - MemInfo: [malloc] Space allocated in mmapped regions:          4608000 Byte
20220805 031215.048 INFO             PET3 VMK::epochExit:4.0 - MemInfo: [malloc] Maximum total allocated space:                     0 Byte
20220805 031215.048 INFO             PET3 VMK::epochExit:4.0 - MemInfo: [malloc] Space in freed fastbin blocks:                   112 Byte
20220805 031215.048 INFO             PET3 VMK::epochExit:4.0 - MemInfo: [malloc] Total allocated space:                        415008 Byte
20220805 031215.048 INFO             PET3 VMK::epochExit:4.0 - MemInfo: [malloc] Total free space:                             105184 Byte
20220805 031215.048 INFO             PET3 VMK::epochExit:4.0 - MemInfo: [malloc] Top-most, releasable space:                   104848 Byte
20220805 031215.048 INFO             PET3 VMK::epochExit:4.0 - MemInfo: [malloc] Total space in use, mmap + non-mmap:         5023008 Byte
20220805 031215.048 INFO             PET3 VMK::epochExit:4.0 - MemInfo: [malloc] Total space held (mmap + non-mmap):          5128192 Byte
20220805 031215.048 INFO             PET3 VMK::epochExit:4.0 - MemInfo: [malloc] Total space used (mmap + non-mmap):          5032384 Byte
20220805 031215.048 INFO             PET3 VMK::epochExit:4.0 - MemInfo: Wall-clock time since execution start:             0.00964212 seconds
20220805 031215.048 INFO             PET3  NUMBER_OF_PROCESSORS           4
20220805 031215.048 INFO             PET3  PASS  Example ESMF_VMNonBlockingEx, ESMF_VMNonBlockingEx.F90, line 433
20220805 031215.048 INFO             PET3 Finalizing ESMF
20220805 031215.048 DEBUG            PET3 epochFinal
20220805 031215.048 DEBUG            PET3 epochBuffer:3817 ready to clear outstanding comm: dst=0 size=0 buffer=0x1bd3d70
20220805 031215.048 DEBUG            PET3 epochBuffer:4063 ready to clear outstanding comm
20220805 031215.048 INFO             PET3 VMK::sendBuffer::clear():1.0 - MemInfo: [/proc/meminfo - SSI]	MemTotal:       97470688 kB
20220805 031215.048 INFO             PET3 VMK::sendBuffer::clear():1.0 - MemInfo: [/proc/meminfo - SSI]	MemFree:        90626568 kB
20220805 031215.048 INFO             PET3 VMK::sendBuffer::clear():1.0 - MemInfo: [/proc/meminfo - SSI]	MemAvailable:   92236800 kB
20220805 031215.048 INFO             PET3 VMK::sendBuffer::clear():1.0 - MemInfo: [/proc/meminfo - SSI]	Committed_AS:     853904 kB
20220805 031215.048 INFO             PET3 VMK::sendBuffer::clear():1.0 - MemInfo: [/proc/meminfo - SSI]	CommittedPercent: 0.876062 %
20220805 031215.048 INFO             PET3 VMK::sendBuffer::clear():1.0 - MemInfo: [/proc/self/status]	VmPeak:	  210472 kB
20220805 031215.048 INFO             PET3 VMK::sendBuffer::clear():1.0 - MemInfo: [/proc/self/status]	VmSize:	  210468 kB
20220805 031215.048 INFO             PET3 VMK::sendBuffer::clear():1.0 - MemInfo: [/proc/self/status]	VmLck:	       0 kB
20220805 031215.048 INFO             PET3 VMK::sendBuffer::clear():1.0 - MemInfo: [/proc/self/status]	VmPin:	       0 kB
20220805 031215.048 INFO             PET3 VMK::sendBuffer::clear():1.0 - MemInfo: [/proc/self/status]	VmHWM:	   22284 kB
20220805 031215.048 INFO             PET3 VMK::sendBuffer::clear():1.0 - MemInfo: [/proc/self/status]	VmRSS:	   22284 kB
20220805 031215.048 INFO             PET3 VMK::sendBuffer::clear():1.0 - MemInfo: [/proc/self/status]	VmData:	   16048 kB
20220805 031215.048 INFO             PET3 VMK::sendBuffer::clear():1.0 - MemInfo: [/proc/self/status]	VmStk:	     152 kB
20220805 031215.048 INFO             PET3 VMK::sendBuffer::clear():1.0 - MemInfo: [/proc/self/status]	VmExe:	    1912 kB
20220805 031215.048 INFO             PET3 VMK::sendBuffer::clear():1.0 - MemInfo: [/proc/self/status]	VmLib:	   95352 kB
20220805 031215.048 INFO             PET3 VMK::sendBuffer::clear():1.0 - MemInfo: [/proc/self/status]	VmPTE:	     300 kB
20220805 031215.048 INFO             PET3 VMK::sendBuffer::clear():1.0 - MemInfo: [/proc/self/status]	VmSwap:	       0 kB
20220805 031215.049 INFO             PET3 VMK::sendBuffer::clear():1.0 - MemInfo: [/proc/self/status]	VmRSSPercent: 0.0228623 %
20220805 031215.049 INFO             PET3 VMK::sendBuffer::clear():1.0 - MemInfo: [malloc] Non-mmapped space allocated:                  520192 Byte
20220805 031215.049 INFO             PET3 VMK::sendBuffer::clear():1.0 - MemInfo: [malloc] Space allocated in mmapped regions:          4608000 Byte
20220805 031215.049 INFO             PET3 VMK::sendBuffer::clear():1.0 - MemInfo: [malloc] Maximum total allocated space:                     0 Byte
20220805 031215.049 INFO             PET3 VMK::sendBuffer::clear():1.0 - MemInfo: [malloc] Space in freed fastbin blocks:                     0 Byte
20220805 031215.049 INFO             PET3 VMK::sendBuffer::clear():1.0 - MemInfo: [malloc] Total allocated space:                        415728 Byte
20220805 031215.049 INFO             PET3 VMK::sendBuffer::clear():1.0 - MemInfo: [malloc] Total free space:                             104464 Byte
20220805 031215.049 INFO             PET3 VMK::sendBuffer::clear():1.0 - MemInfo: [malloc] Top-most, releasable space:                   103728 Byte
20220805 031215.049 INFO             PET3 VMK::sendBuffer::clear():1.0 - MemInfo: [malloc] Total space in use, mmap + non-mmap:         5023728 Byte
20220805 031215.049 INFO             PET3 VMK::sendBuffer::clear():1.0 - MemInfo: [malloc] Total space held (mmap + non-mmap):          5128192 Byte
20220805 031215.049 INFO             PET3 VMK::sendBuffer::clear():1.0 - MemInfo: [malloc] Total space used (mmap + non-mmap):          5033104 Byte
20220805 031215.049 INFO             PET3 VMK::sendBuffer::clear():1.0 - MemInfo: Wall-clock time since execution start:             0.00996804 seconds
20220805 031215.049 DEBUG            PET3 epochBuffer:4091 posting MPI_Wait()
20220805 031215.049 DEBUG            PET3 epochBuffer:4100 time in MPI_Wait(): 9.53674e-07 seconds
20220805 031215.049 INFO             PET3 VMK::sendBuffer::clear():2.0 - MemInfo: [/proc/meminfo - SSI]	MemTotal:       97470688 kB
20220805 031215.049 INFO             PET3 VMK::sendBuffer::clear():2.0 - MemInfo: [/proc/meminfo - SSI]	MemFree:        90626568 kB
20220805 031215.049 INFO             PET3 VMK::sendBuffer::clear():2.0 - MemInfo: [/proc/meminfo - SSI]	MemAvailable:   92236800 kB
20220805 031215.049 INFO             PET3 VMK::sendBuffer::clear():2.0 - MemInfo: [/proc/meminfo - SSI]	Committed_AS:     853904 kB
20220805 031215.049 INFO             PET3 VMK::sendBuffer::clear():2.0 - MemInfo: [/proc/meminfo - SSI]	CommittedPercent: 0.876062 %
20220805 031215.049 INFO             PET3 VMK::sendBuffer::clear():2.0 - MemInfo: [/proc/self/status]	VmPeak:	  210472 kB
20220805 031215.049 INFO             PET3 VMK::sendBuffer::clear():2.0 - MemInfo: [/proc/self/status]	VmSize:	  210468 kB
20220805 031215.049 INFO             PET3 VMK::sendBuffer::clear():2.0 - MemInfo: [/proc/self/status]	VmLck:	       0 kB
20220805 031215.049 INFO             PET3 VMK::sendBuffer::clear():2.0 - MemInfo: [/proc/self/status]	VmPin:	       0 kB
20220805 031215.049 INFO             PET3 VMK::sendBuffer::clear():2.0 - MemInfo: [/proc/self/status]	VmHWM:	   22284 kB
20220805 031215.049 INFO             PET3 VMK::sendBuffer::clear():2.0 - MemInfo: [/proc/self/status]	VmRSS:	   22284 kB
20220805 031215.049 INFO             PET3 VMK::sendBuffer::clear():2.0 - MemInfo: [/proc/self/status]	VmData:	   16048 kB
20220805 031215.049 INFO             PET3 VMK::sendBuffer::clear():2.0 - MemInfo: [/proc/self/status]	VmStk:	     152 kB
20220805 031215.049 INFO             PET3 VMK::sendBuffer::clear():2.0 - MemInfo: [/proc/self/status]	VmExe:	    1912 kB
20220805 031215.049 INFO             PET3 VMK::sendBuffer::clear():2.0 - MemInfo: [/proc/self/status]	VmLib:	   95352 kB
20220805 031215.049 INFO             PET3 VMK::sendBuffer::clear():2.0 - MemInfo: [/proc/self/status]	VmPTE:	     300 kB
20220805 031215.049 INFO             PET3 VMK::sendBuffer::clear():2.0 - MemInfo: [/proc/self/status]	VmSwap:	       0 kB
20220805 031215.049 INFO             PET3 VMK::sendBuffer::clear():2.0 - MemInfo: [/proc/self/status]	VmRSSPercent: 0.0228623 %
20220805 031215.049 INFO             PET3 VMK::sendBuffer::clear():2.0 - MemInfo: [malloc] Non-mmapped space allocated:                  520192 Byte
20220805 031215.049 INFO             PET3 VMK::sendBuffer::clear():2.0 - MemInfo: [malloc] Space allocated in mmapped regions:          4608000 Byte
20220805 031215.049 INFO             PET3 VMK::sendBuffer::clear():2.0 - MemInfo: [malloc] Maximum total allocated space:                     0 Byte
20220805 031215.049 INFO             PET3 VMK::sendBuffer::clear():2.0 - MemInfo: [malloc] Space in freed fastbin blocks:                     0 Byte
20220805 031215.049 INFO             PET3 VMK::sendBuffer::clear():2.0 - MemInfo: [malloc] Total allocated space:                        415728 Byte
20220805 031215.049 INFO             PET3 VMK::sendBuffer::clear():2.0 - MemInfo: [malloc] Total free space:                             104464 Byte
20220805 031215.049 INFO             PET3 VMK::sendBuffer::clear():2.0 - MemInfo: [malloc] Top-most, releasable space:                   103728 Byte
20220805 031215.049 INFO             PET3 VMK::sendBuffer::clear():2.0 - MemInfo: [malloc] Total space in use, mmap + non-mmap:         5023728 Byte
20220805 031215.049 INFO             PET3 VMK::sendBuffer::clear():2.0 - MemInfo: [malloc] Total space held (mmap + non-mmap):          5128192 Byte
20220805 031215.049 INFO             PET3 VMK::sendBuffer::clear():2.0 - MemInfo: [malloc] Total space used (mmap + non-mmap):          5033104 Byte
20220805 031215.049 INFO             PET3 VMK::sendBuffer::clear():2.0 - MemInfo: Wall-clock time since execution start:              0.0102141 seconds
20220805 031215.049 INFO             PET3 VMK::sendBuffer::clear():3.0 - MemInfo: [/proc/meminfo - SSI]	MemTotal:       97470688 kB
20220805 031215.049 INFO             PET3 VMK::sendBuffer::clear():3.0 - MemInfo: [/proc/meminfo - SSI]	MemFree:        90626568 kB
20220805 031215.049 INFO             PET3 VMK::sendBuffer::clear():3.0 - MemInfo: [/proc/meminfo - SSI]	MemAvailable:   92236800 kB
20220805 031215.049 INFO             PET3 VMK::sendBuffer::clear():3.0 - MemInfo: [/proc/meminfo - SSI]	Committed_AS:     853904 kB
20220805 031215.049 INFO             PET3 VMK::sendBuffer::clear():3.0 - MemInfo: [/proc/meminfo - SSI]	CommittedPercent: 0.876062 %
20220805 031215.049 INFO             PET3 VMK::sendBuffer::clear():3.0 - MemInfo: [/proc/self/status]	VmPeak:	  210472 kB
20220805 031215.049 INFO             PET3 VMK::sendBuffer::clear():3.0 - MemInfo: [/proc/self/status]	VmSize:	  210468 kB
20220805 031215.049 INFO             PET3 VMK::sendBuffer::clear():3.0 - MemInfo: [/proc/self/status]	VmLck:	       0 kB
20220805 031215.049 INFO             PET3 VMK::sendBuffer::clear():3.0 - MemInfo: [/proc/self/status]	VmPin:	       0 kB
20220805 031215.049 INFO             PET3 VMK::sendBuffer::clear():3.0 - MemInfo: [/proc/self/status]	VmHWM:	   22284 kB
20220805 031215.049 INFO             PET3 VMK::sendBuffer::clear():3.0 - MemInfo: [/proc/self/status]	VmRSS:	   22284 kB
20220805 031215.049 INFO             PET3 VMK::sendBuffer::clear():3.0 - MemInfo: [/proc/self/status]	VmData:	   16048 kB
20220805 031215.049 INFO             PET3 VMK::sendBuffer::clear():3.0 - MemInfo: [/proc/self/status]	VmStk:	     152 kB
20220805 031215.049 INFO             PET3 VMK::sendBuffer::clear():3.0 - MemInfo: [/proc/self/status]	VmExe:	    1912 kB
20220805 031215.049 INFO             PET3 VMK::sendBuffer::clear():3.0 - MemInfo: [/proc/self/status]	VmLib:	   95352 kB
20220805 031215.049 INFO             PET3 VMK::sendBuffer::clear():3.0 - MemInfo: [/proc/self/status]	VmPTE:	     300 kB
20220805 031215.049 INFO             PET3 VMK::sendBuffer::clear():3.0 - MemInfo: [/proc/self/status]	VmSwap:	       0 kB
20220805 031215.049 INFO             PET3 VMK::sendBuffer::clear():3.0 - MemInfo: [/proc/self/status]	VmRSSPercent: 0.0228623 %
20220805 031215.049 INFO             PET3 VMK::sendBuffer::clear():3.0 - MemInfo: [malloc] Non-mmapped space allocated:                  520192 Byte
20220805 031215.049 INFO             PET3 VMK::sendBuffer::clear():3.0 - MemInfo: [malloc] Space allocated in mmapped regions:          4608000 Byte
20220805 031215.049 INFO             PET3 VMK::sendBuffer::clear():3.0 - MemInfo: [malloc] Maximum total allocated space:                     0 Byte
20220805 031215.049 INFO             PET3 VMK::sendBuffer::clear():3.0 - MemInfo: [malloc] Space in freed fastbin blocks:                   128 Byte
20220805 031215.049 INFO             PET3 VMK::sendBuffer::clear():3.0 - MemInfo: [malloc] Total allocated space:                        415616 Byte
20220805 031215.049 INFO             PET3 VMK::sendBuffer::clear():3.0 - MemInfo: [malloc] Total free space:                             104576 Byte
20220805 031215.049 INFO             PET3 VMK::sendBuffer::clear():3.0 - MemInfo: [malloc] Top-most, releasable space:                   103728 Byte
20220805 031215.049 INFO             PET3 VMK::sendBuffer::clear():3.0 - MemInfo: [malloc] Total space in use, mmap + non-mmap:         5023616 Byte
20220805 031215.049 INFO             PET3 VMK::sendBuffer::clear():3.0 - MemInfo: [malloc] Total space held (mmap + non-mmap):          5128192 Byte
20220805 031215.049 INFO             PET3 VMK::sendBuffer::clear():3.0 - MemInfo: [malloc] Total space used (mmap + non-mmap):          5032992 Byte
20220805 031215.049 INFO             PET3 VMK::sendBuffer::clear():3.0 - MemInfo: Wall-clock time since execution start:              0.0104511 seconds
20220805 031215.049 DEBUG            PET3 epochBuffer:3827 drain unacknowledged sends to dst=0: 1
