2022-08-05 02:46:46
 ESMF_LogWrite(): ESMF_Log not open -- cannot ESMF_LogWrite().  Log message = 
 epochInit
 ESMF_LogWrite(): ESMF_Log not open -- cannot ESMF_LogWrite().  Log message = 
 epochInit
 ESMF_LogWrite(): ESMF_Log not open -- cannot ESMF_LogWrite().  Log message = 
 epochInit
 ESMF_LogWrite(): ESMF_Log not open -- cannot ESMF_LogWrite().  Log message = 
 epochInit
  PASS  Example ESMF_RHandleFromRHandleEx, ESMF_RHandleFromRHandleEx.F90, line 6
 60
  PASS  Example ESMF_RHandleFromRHandleEx, ESMF_RHandleFromRHandleEx.F90, line 6
 60
  PASS  Example ESMF_RHandleFromRHandleEx, ESMF_RHandleFromRHandleEx.F90, line 6
 60
  PASS  Example ESMF_RHandleFromRHandleEx, ESMF_RHandleFromRHandleEx.F90, line 6
 60
 PASS: ESMF_RHandleFromRHandleEx.F90
 PASS: ESMF_RHandleFromRHandleEx.F90
 PASS: ESMF_RHandleFromRHandleEx.F90
 PASS: ESMF_RHandleFromRHandleEx.F90
