2022-08-24 03:04:55
20220824 032125.541 INFO             PET0 !!!!!!!!!!!!!!!!!!!!!!!!!!!!!!!!!!!!!!!!!!!!!!!!!!!!!!
20220824 032125.541 INFO             PET0 !!! THE ESMF_LOG IS SET TO OUTPUT ALL LOG MESSAGES !!!
20220824 032125.541 INFO             PET0 !!!     THIS MAY CAUSE SLOWDOWN IN PERFORMANCE     !!!
20220824 032125.541 INFO             PET0 !!! FOR PRODUCTION RUNS, USE:                      !!!
20220824 032125.541 INFO             PET0 !!!                   ESMF_LOGKIND_Multi_On_Error  !!!
20220824 032125.541 INFO             PET0 !!!!!!!!!!!!!!!!!!!!!!!!!!!!!!!!!!!!!!!!!!!!!!!!!!!!!!
20220824 032125.541 INFO             PET0 Running with ESMF Version   : v8.3.1b05
20220824 032125.541 INFO             PET0 ESMF library build date/time: "Aug 24 2022" "03:04:00"
20220824 032125.541 INFO             PET0 ESMF library build location : /scratch1/NCEPDEV/stmp2/Rocky.Dunlap/esmf-testing/gfortran_9.2.0a_mpiuni_O_patch_8.3.1/esmf
20220824 032125.541 INFO             PET0 ESMF_COMM                   : mpiuni
20220824 032125.541 INFO             PET0 ESMF_MOAB                   : enabled
20220824 032125.541 INFO             PET0 ESMF_LAPACK                 : enabled
20220824 032125.541 INFO             PET0 ESMF_NETCDF                 : enabled
20220824 032125.541 INFO             PET0 ESMF_PNETCDF                : disabled
20220824 032125.541 INFO             PET0 ESMF_PIO                    : disabled
20220824 032125.541 INFO             PET0 ESMF_YAMLCPP                : enabled
20220824 032125.542 INFO             PET0  NUMBER_OF_PROCESSORS           1
20220824 032125.542 INFO             PET0  PASS  Example ESMF_TimeEx, ESMF_TimeEx.F90, line 141
20220824 032125.542 INFO             PET0 Finalizing ESMF
