2022-08-24 01:17:43
20220824 014348.186 INFO             PET0 !!!!!!!!!!!!!!!!!!!!!!!!!!!!!!!!!!!!!!!!!!!!!!!!!!!!!!
20220824 014348.186 INFO             PET0 !!! THE ESMF_LOG IS SET TO OUTPUT ALL LOG MESSAGES !!!
20220824 014348.186 INFO             PET0 !!!     THIS MAY CAUSE SLOWDOWN IN PERFORMANCE     !!!
20220824 014348.186 INFO             PET0 !!! FOR PRODUCTION RUNS, USE:                      !!!
20220824 014348.186 INFO             PET0 !!!                   ESMF_LOGKIND_Multi_On_Error  !!!
20220824 014348.186 INFO             PET0 !!!!!!!!!!!!!!!!!!!!!!!!!!!!!!!!!!!!!!!!!!!!!!!!!!!!!!
20220824 014348.186 INFO             PET0 Running with ESMF Version   : v8.3.1b05
20220824 014348.186 INFO             PET0 ESMF library build date/time: "Aug 24 2022" "01:15:59"
20220824 014348.186 INFO             PET0 ESMF library build location : /project/esmf/rocky/esmf-testing/gfortran_11.2.0_openmpi_g_patch_8.3.1/esmf
20220824 014348.186 INFO             PET0 ESMF_COMM                   : openmpi
20220824 014348.186 INFO             PET0 ESMF_MOAB                   : enabled
20220824 014348.186 INFO             PET0 ESMF_LAPACK                 : enabled
20220824 014348.186 INFO             PET0 ESMF_NETCDF                 : enabled
20220824 014348.186 INFO             PET0 ESMF_PNETCDF                : disabled
20220824 014348.186 INFO             PET0 ESMF_PIO                    : enabled
20220824 014348.186 INFO             PET0 ESMF_YAMLCPP                : enabled
20220824 014348.215 INFO             PET0  NUMBER_OF_PROCESSORS           4
20220824 014348.215 INFO             PET0  PASS  Example ESMF_NUOPCBasicModelEx, ESMF_NUOPCBasicModelEx.F90, line 339
20220824 014348.215 INFO             PET0 Finalizing ESMF
20220824 014348.185 INFO             PET1 !!!!!!!!!!!!!!!!!!!!!!!!!!!!!!!!!!!!!!!!!!!!!!!!!!!!!!
20220824 014348.186 INFO             PET1 !!! THE ESMF_LOG IS SET TO OUTPUT ALL LOG MESSAGES !!!
20220824 014348.186 INFO             PET1 !!!     THIS MAY CAUSE SLOWDOWN IN PERFORMANCE     !!!
20220824 014348.186 INFO             PET1 !!! FOR PRODUCTION RUNS, USE:                      !!!
20220824 014348.186 INFO             PET1 !!!                   ESMF_LOGKIND_Multi_On_Error  !!!
20220824 014348.186 INFO             PET1 !!!!!!!!!!!!!!!!!!!!!!!!!!!!!!!!!!!!!!!!!!!!!!!!!!!!!!
20220824 014348.186 INFO             PET1 Running with ESMF Version   : v8.3.1b05
20220824 014348.186 INFO             PET1 ESMF library build date/time: "Aug 24 2022" "01:15:59"
20220824 014348.186 INFO             PET1 ESMF library build location : /project/esmf/rocky/esmf-testing/gfortran_11.2.0_openmpi_g_patch_8.3.1/esmf
20220824 014348.186 INFO             PET1 ESMF_COMM                   : openmpi
20220824 014348.186 INFO             PET1 ESMF_MOAB                   : enabled
20220824 014348.186 INFO             PET1 ESMF_LAPACK                 : enabled
20220824 014348.186 INFO             PET1 ESMF_NETCDF                 : enabled
20220824 014348.186 INFO             PET1 ESMF_PNETCDF                : disabled
20220824 014348.186 INFO             PET1 ESMF_PIO                    : enabled
20220824 014348.186 INFO             PET1 ESMF_YAMLCPP                : enabled
20220824 014348.215 INFO             PET1  NUMBER_OF_PROCESSORS           4
20220824 014348.215 INFO             PET1  PASS  Example ESMF_NUOPCBasicModelEx, ESMF_NUOPCBasicModelEx.F90, line 339
20220824 014348.215 INFO             PET1 Finalizing ESMF
20220824 014348.186 INFO             PET2 !!!!!!!!!!!!!!!!!!!!!!!!!!!!!!!!!!!!!!!!!!!!!!!!!!!!!!
20220824 014348.186 INFO             PET2 !!! THE ESMF_LOG IS SET TO OUTPUT ALL LOG MESSAGES !!!
20220824 014348.186 INFO             PET2 !!!     THIS MAY CAUSE SLOWDOWN IN PERFORMANCE     !!!
20220824 014348.186 INFO             PET2 !!! FOR PRODUCTION RUNS, USE:                      !!!
20220824 014348.186 INFO             PET2 !!!                   ESMF_LOGKIND_Multi_On_Error  !!!
20220824 014348.186 INFO             PET2 !!!!!!!!!!!!!!!!!!!!!!!!!!!!!!!!!!!!!!!!!!!!!!!!!!!!!!
20220824 014348.186 INFO             PET2 Running with ESMF Version   : v8.3.1b05
20220824 014348.186 INFO             PET2 ESMF library build date/time: "Aug 24 2022" "01:15:59"
20220824 014348.186 INFO             PET2 ESMF library build location : /project/esmf/rocky/esmf-testing/gfortran_11.2.0_openmpi_g_patch_8.3.1/esmf
20220824 014348.186 INFO             PET2 ESMF_COMM                   : openmpi
20220824 014348.186 INFO             PET2 ESMF_MOAB                   : enabled
20220824 014348.186 INFO             PET2 ESMF_LAPACK                 : enabled
20220824 014348.186 INFO             PET2 ESMF_NETCDF                 : enabled
20220824 014348.186 INFO             PET2 ESMF_PNETCDF                : disabled
20220824 014348.186 INFO             PET2 ESMF_PIO                    : enabled
20220824 014348.186 INFO             PET2 ESMF_YAMLCPP                : enabled
20220824 014348.215 INFO             PET2  NUMBER_OF_PROCESSORS           4
20220824 014348.215 INFO             PET2  PASS  Example ESMF_NUOPCBasicModelEx, ESMF_NUOPCBasicModelEx.F90, line 339
20220824 014348.215 INFO             PET2 Finalizing ESMF
20220824 014348.186 INFO             PET3 !!!!!!!!!!!!!!!!!!!!!!!!!!!!!!!!!!!!!!!!!!!!!!!!!!!!!!
20220824 014348.186 INFO             PET3 !!! THE ESMF_LOG IS SET TO OUTPUT ALL LOG MESSAGES !!!
20220824 014348.186 INFO             PET3 !!!     THIS MAY CAUSE SLOWDOWN IN PERFORMANCE     !!!
20220824 014348.186 INFO             PET3 !!! FOR PRODUCTION RUNS, USE:                      !!!
20220824 014348.186 INFO             PET3 !!!                   ESMF_LOGKIND_Multi_On_Error  !!!
20220824 014348.186 INFO             PET3 !!!!!!!!!!!!!!!!!!!!!!!!!!!!!!!!!!!!!!!!!!!!!!!!!!!!!!
20220824 014348.186 INFO             PET3 Running with ESMF Version   : v8.3.1b05
20220824 014348.186 INFO             PET3 ESMF library build date/time: "Aug 24 2022" "01:15:59"
20220824 014348.186 INFO             PET3 ESMF library build location : /project/esmf/rocky/esmf-testing/gfortran_11.2.0_openmpi_g_patch_8.3.1/esmf
20220824 014348.186 INFO             PET3 ESMF_COMM                   : openmpi
20220824 014348.186 INFO             PET3 ESMF_MOAB                   : enabled
20220824 014348.186 INFO             PET3 ESMF_LAPACK                 : enabled
20220824 014348.186 INFO             PET3 ESMF_NETCDF                 : enabled
20220824 014348.186 INFO             PET3 ESMF_PNETCDF                : disabled
20220824 014348.186 INFO             PET3 ESMF_PIO                    : enabled
20220824 014348.186 INFO             PET3 ESMF_YAMLCPP                : enabled
20220824 014348.215 INFO             PET3  NUMBER_OF_PROCESSORS           4
20220824 014348.215 INFO             PET3  PASS  Example ESMF_NUOPCBasicModelEx, ESMF_NUOPCBasicModelEx.F90, line 339
20220824 014348.215 INFO             PET3 Finalizing ESMF
