2022-08-08 04:41:37
20220808 050636.692 INFO             PET0 !!!!!!!!!!!!!!!!!!!!!!!!!!!!!!!!!!!!!!!!!!!!!!!!!!!!!!
20220808 050636.692 INFO             PET0 !!! THE ESMF_LOG IS SET TO OUTPUT ALL LOG MESSAGES !!!
20220808 050636.692 INFO             PET0 !!!     THIS MAY CAUSE SLOWDOWN IN PERFORMANCE     !!!
20220808 050636.692 INFO             PET0 !!! FOR PRODUCTION RUNS, USE:                      !!!
20220808 050636.692 INFO             PET0 !!!                   ESMF_LOGKIND_Multi_On_Error  !!!
20220808 050636.692 INFO             PET0 !!!!!!!!!!!!!!!!!!!!!!!!!!!!!!!!!!!!!!!!!!!!!!!!!!!!!!
20220808 050636.692 INFO             PET0 Running with ESMF Version   : v8.3.0b17-30-g0de4558e1e
20220808 050636.692 INFO             PET0 ESMF library build date/time: "Aug  8 2022" "04:39:41"
20220808 050636.692 INFO             PET0 ESMF library build location : /glade/scratch/dunlap/esmf-testing/gfortran_9.1.0_mpt_O_feature_large-messages/esmf
20220808 050636.692 INFO             PET0 ESMF_COMM                   : mpt
20220808 050636.692 INFO             PET0 ESMF_MOAB                   : enabled
20220808 050636.692 INFO             PET0 ESMF_LAPACK                 : enabled
20220808 050636.692 INFO             PET0 ESMF_NETCDF                 : enabled
20220808 050636.692 INFO             PET0 ESMF_PNETCDF                : disabled
20220808 050636.692 INFO             PET0 ESMF_PIO                    : enabled
20220808 050636.692 INFO             PET0 ESMF_YAMLCPP                : enabled
20220808 050636.693 INFO             PET0  NUMBER_OF_PROCESSORS           1
20220808 050636.693 INFO             PET0  PASS  Example ESMF_ClockEx, ESMF_ClockEx.F90, line 220
20220808 050636.693 INFO             PET0 Finalizing ESMF
20220808 050636.693 DEBUG            PET0 epochFinal
