2022-08-24 07:56:45
20220824 121201.320 INFO             PET0 !!!!!!!!!!!!!!!!!!!!!!!!!!!!!!!!!!!!!!!!!!!!!!!!!!!!!!
20220824 121201.321 INFO             PET0 !!! THE ESMF_LOG IS SET TO OUTPUT ALL LOG MESSAGES !!!
20220824 121201.321 INFO             PET0 !!!     THIS MAY CAUSE SLOWDOWN IN PERFORMANCE     !!!
20220824 121201.321 INFO             PET0 !!! FOR PRODUCTION RUNS, USE:                      !!!
20220824 121201.321 INFO             PET0 !!!                   ESMF_LOGKIND_Multi_On_Error  !!!
20220824 121201.321 INFO             PET0 !!!!!!!!!!!!!!!!!!!!!!!!!!!!!!!!!!!!!!!!!!!!!!!!!!!!!!
20220824 121201.321 INFO             PET0 Running with ESMF Version   : v8.4.0b10-16-g5f2b55acea
20220824 121201.321 INFO             PET0 ESMF library build date/time: "Aug 24 2022" "07:55:13"
20220824 121201.321 INFO             PET0 ESMF library build location : /global/cscratch1/sd/rsdunlap/esmf-testing/intel_19.1.2_mpiuni_O_develop/esmf
20220824 121201.321 INFO             PET0 ESMF_COMM                   : mpiuni
20220824 121201.322 INFO             PET0 ESMF_MOAB                   : enabled
20220824 121201.322 INFO             PET0 ESMF_LAPACK                 : enabled
20220824 121201.322 INFO             PET0 ESMF_NETCDF                 : enabled
20220824 121201.322 INFO             PET0 ESMF_PNETCDF                : disabled
20220824 121201.322 INFO             PET0 ESMF_PIO                    : disabled
20220824 121201.322 INFO             PET0 ESMF_YAMLCPP                : enabled
20220824 121201.325 INFO             PET0  NUMBER_OF_PROCESSORS           1
20220824 121201.325 INFO             PET0  PASS  Example ESMF_InternalStateModEx, ESMF_InternalStateModEx.F90, line 239
20220824 121201.325 INFO             PET0 Finalizing ESMF
