2022-08-27 02:38:42
20220827 030831.717 INFO             PET0 !!!!!!!!!!!!!!!!!!!!!!!!!!!!!!!!!!!!!!!!!!!!!!!!!!!!!!
20220827 030831.718 INFO             PET0 !!! THE ESMF_LOG IS SET TO OUTPUT ALL LOG MESSAGES !!!
20220827 030831.718 INFO             PET0 !!!     THIS MAY CAUSE SLOWDOWN IN PERFORMANCE     !!!
20220827 030831.718 INFO             PET0 !!! FOR PRODUCTION RUNS, USE:                      !!!
20220827 030831.718 INFO             PET0 !!!                   ESMF_LOGKIND_Multi_On_Error  !!!
20220827 030831.718 INFO             PET0 !!!!!!!!!!!!!!!!!!!!!!!!!!!!!!!!!!!!!!!!!!!!!!!!!!!!!!
20220827 030831.718 INFO             PET0 Running with ESMF Version   : v8.3.1b05
20220827 030831.718 INFO             PET0 ESMF library build date/time: "Aug 27 2022" "02:37:12"
20220827 030831.718 INFO             PET0 ESMF library build location : /work/noaa/da/mpotts/sandbox/intel_2020.2_intelmpi_O_patch_8.3.1/esmf
20220827 030831.718 INFO             PET0 ESMF_COMM                   : intelmpi
20220827 030831.719 INFO             PET0 ESMF_MOAB                   : enabled
20220827 030831.719 INFO             PET0 ESMF_LAPACK                 : enabled
20220827 030831.719 INFO             PET0 ESMF_NETCDF                 : enabled
20220827 030831.719 INFO             PET0 ESMF_PNETCDF                : disabled
20220827 030831.719 INFO             PET0 ESMF_PIO                    : enabled
20220827 030831.719 INFO             PET0 ESMF_YAMLCPP                : enabled
20220827 030831.720 INFO             PET0  NUMBER_OF_PROCESSORS           4
20220827 030831.720 INFO             PET0  PASS  Example ESMF_ArrayBundleEx, ESMF_ArrayBundleEx.F90, line 267
20220827 030831.720 INFO             PET0 Finalizing ESMF
20220827 030831.718 INFO             PET1 !!!!!!!!!!!!!!!!!!!!!!!!!!!!!!!!!!!!!!!!!!!!!!!!!!!!!!
20220827 030831.718 INFO             PET1 !!! THE ESMF_LOG IS SET TO OUTPUT ALL LOG MESSAGES !!!
20220827 030831.718 INFO             PET1 !!!     THIS MAY CAUSE SLOWDOWN IN PERFORMANCE     !!!
20220827 030831.718 INFO             PET1 !!! FOR PRODUCTION RUNS, USE:                      !!!
20220827 030831.718 INFO             PET1 !!!                   ESMF_LOGKIND_Multi_On_Error  !!!
20220827 030831.718 INFO             PET1 !!!!!!!!!!!!!!!!!!!!!!!!!!!!!!!!!!!!!!!!!!!!!!!!!!!!!!
20220827 030831.718 INFO             PET1 Running with ESMF Version   : v8.3.1b05
20220827 030831.718 INFO             PET1 ESMF library build date/time: "Aug 27 2022" "02:37:12"
20220827 030831.718 INFO             PET1 ESMF library build location : /work/noaa/da/mpotts/sandbox/intel_2020.2_intelmpi_O_patch_8.3.1/esmf
20220827 030831.718 INFO             PET1 ESMF_COMM                   : intelmpi
20220827 030831.719 INFO             PET1 ESMF_MOAB                   : enabled
20220827 030831.719 INFO             PET1 ESMF_LAPACK                 : enabled
20220827 030831.719 INFO             PET1 ESMF_NETCDF                 : enabled
20220827 030831.719 INFO             PET1 ESMF_PNETCDF                : disabled
20220827 030831.719 INFO             PET1 ESMF_PIO                    : enabled
20220827 030831.719 INFO             PET1 ESMF_YAMLCPP                : enabled
20220827 030831.720 INFO             PET1  NUMBER_OF_PROCESSORS           4
20220827 030831.720 INFO             PET1  PASS  Example ESMF_ArrayBundleEx, ESMF_ArrayBundleEx.F90, line 267
20220827 030831.720 INFO             PET1 Finalizing ESMF
20220827 030831.718 INFO             PET2 !!!!!!!!!!!!!!!!!!!!!!!!!!!!!!!!!!!!!!!!!!!!!!!!!!!!!!
20220827 030831.718 INFO             PET2 !!! THE ESMF_LOG IS SET TO OUTPUT ALL LOG MESSAGES !!!
20220827 030831.718 INFO             PET2 !!!     THIS MAY CAUSE SLOWDOWN IN PERFORMANCE     !!!
20220827 030831.718 INFO             PET2 !!! FOR PRODUCTION RUNS, USE:                      !!!
20220827 030831.718 INFO             PET2 !!!                   ESMF_LOGKIND_Multi_On_Error  !!!
20220827 030831.718 INFO             PET2 !!!!!!!!!!!!!!!!!!!!!!!!!!!!!!!!!!!!!!!!!!!!!!!!!!!!!!
20220827 030831.718 INFO             PET2 Running with ESMF Version   : v8.3.1b05
20220827 030831.718 INFO             PET2 ESMF library build date/time: "Aug 27 2022" "02:37:12"
20220827 030831.718 INFO             PET2 ESMF library build location : /work/noaa/da/mpotts/sandbox/intel_2020.2_intelmpi_O_patch_8.3.1/esmf
20220827 030831.718 INFO             PET2 ESMF_COMM                   : intelmpi
20220827 030831.719 INFO             PET2 ESMF_MOAB                   : enabled
20220827 030831.719 INFO             PET2 ESMF_LAPACK                 : enabled
20220827 030831.719 INFO             PET2 ESMF_NETCDF                 : enabled
20220827 030831.719 INFO             PET2 ESMF_PNETCDF                : disabled
20220827 030831.719 INFO             PET2 ESMF_PIO                    : enabled
20220827 030831.719 INFO             PET2 ESMF_YAMLCPP                : enabled
20220827 030831.720 INFO             PET2  NUMBER_OF_PROCESSORS           4
20220827 030831.720 INFO             PET2  PASS  Example ESMF_ArrayBundleEx, ESMF_ArrayBundleEx.F90, line 267
20220827 030831.720 INFO             PET2 Finalizing ESMF
20220827 030831.718 INFO             PET3 !!!!!!!!!!!!!!!!!!!!!!!!!!!!!!!!!!!!!!!!!!!!!!!!!!!!!!
20220827 030831.718 INFO             PET3 !!! THE ESMF_LOG IS SET TO OUTPUT ALL LOG MESSAGES !!!
20220827 030831.718 INFO             PET3 !!!     THIS MAY CAUSE SLOWDOWN IN PERFORMANCE     !!!
20220827 030831.718 INFO             PET3 !!! FOR PRODUCTION RUNS, USE:                      !!!
20220827 030831.718 INFO             PET3 !!!                   ESMF_LOGKIND_Multi_On_Error  !!!
20220827 030831.718 INFO             PET3 !!!!!!!!!!!!!!!!!!!!!!!!!!!!!!!!!!!!!!!!!!!!!!!!!!!!!!
20220827 030831.718 INFO             PET3 Running with ESMF Version   : v8.3.1b05
20220827 030831.718 INFO             PET3 ESMF library build date/time: "Aug 27 2022" "02:37:12"
20220827 030831.718 INFO             PET3 ESMF library build location : /work/noaa/da/mpotts/sandbox/intel_2020.2_intelmpi_O_patch_8.3.1/esmf
20220827 030831.718 INFO             PET3 ESMF_COMM                   : intelmpi
20220827 030831.719 INFO             PET3 ESMF_MOAB                   : enabled
20220827 030831.719 INFO             PET3 ESMF_LAPACK                 : enabled
20220827 030831.719 INFO             PET3 ESMF_NETCDF                 : enabled
20220827 030831.719 INFO             PET3 ESMF_PNETCDF                : disabled
20220827 030831.719 INFO             PET3 ESMF_PIO                    : enabled
20220827 030831.719 INFO             PET3 ESMF_YAMLCPP                : enabled
20220827 030831.720 INFO             PET3  NUMBER_OF_PROCESSORS           4
20220827 030831.720 INFO             PET3  PASS  Example ESMF_ArrayBundleEx, ESMF_ArrayBundleEx.F90, line 267
20220827 030831.720 INFO             PET3 Finalizing ESMF
