2022-08-04 23:53:37
20220805 001517.729 INFO             PET0 !!!!!!!!!!!!!!!!!!!!!!!!!!!!!!!!!!!!!!!!!!!!!!!!!!!!!!
20220805 001517.729 INFO             PET0 !!! THE ESMF_LOG IS SET TO OUTPUT ALL LOG MESSAGES !!!
20220805 001517.729 INFO             PET0 !!!     THIS MAY CAUSE SLOWDOWN IN PERFORMANCE     !!!
20220805 001517.729 INFO             PET0 !!! FOR PRODUCTION RUNS, USE:                      !!!
20220805 001517.729 INFO             PET0 !!!                   ESMF_LOGKIND_Multi_On_Error  !!!
20220805 001517.729 INFO             PET0 !!!!!!!!!!!!!!!!!!!!!!!!!!!!!!!!!!!!!!!!!!!!!!!!!!!!!!
20220805 001517.729 INFO             PET0 Running with ESMF Version   : v8.3.0b17-27-g5b5163fc0a
20220805 001517.729 INFO             PET0 ESMF library build date/time: "Aug  4 2022" "23:52:18"
20220805 001517.729 INFO             PET0 ESMF library build location : /project/esmf/rocky/esmf-testing/gfortran_11.2.0_openmpi_O_feature_large-messages/esmf
20220805 001517.729 INFO             PET0 ESMF_COMM                   : openmpi
20220805 001517.729 INFO             PET0 ESMF_MOAB                   : enabled
20220805 001517.729 INFO             PET0 ESMF_LAPACK                 : enabled
20220805 001517.729 INFO             PET0 ESMF_NETCDF                 : enabled
20220805 001517.729 INFO             PET0 ESMF_PNETCDF                : disabled
20220805 001517.729 INFO             PET0 ESMF_PIO                    : enabled
20220805 001517.729 INFO             PET0 ESMF_YAMLCPP                : enabled
20220805 001517.730 INFO             PET0 ESMF_FieldRedistStoreNF(): Just entered routine.
20220805 001517.732 DEBUG            PET0 VMK::recv():4898, size=16 in 1 chunks
20220805 001517.732 DEBUG            PET0 VMK::send():4407, size=16 in 1 chunks
20220805 001517.732 DEBUG            PET0 VMK::recv():4898, size=16 in 1 chunks
20220805 001517.732 DEBUG            PET0 VMK::send():4407, size=16 in 1 chunks
20220805 001517.732 DEBUG            PET0 VMK::recv():4898, size=16 in 1 chunks
20220805 001517.732 DEBUG            PET0 VMK::send():4407, size=16 in 1 chunks
20220805 001517.732 DEBUG            PET0 VMK::recv():4898, size=16 in 1 chunks
20220805 001517.732 DEBUG            PET0 VMK::send():4407, size=16 in 1 chunks
20220805 001517.732 DEBUG            PET0 VMK::recv():4898, size=16 in 1 chunks
20220805 001517.732 DEBUG            PET0 VMK::send():4407, size=16 in 1 chunks
20220805 001517.732 DEBUG            PET0 VMK::recv():4898, size=16 in 1 chunks
20220805 001517.732 DEBUG            PET0 VMK::send():4407, size=16 in 1 chunks
20220805 001517.732 DEBUG            PET0 VMK::recv():4898, size=16 in 1 chunks
20220805 001517.732 DEBUG            PET0 VMK::send():4407, size=16 in 1 chunks
20220805 001517.732 DEBUG            PET0 VMK::recv():4898, size=16 in 1 chunks
20220805 001517.732 DEBUG            PET0 VMK::send():4407, size=16 in 1 chunks
20220805 001517.732 DEBUG            PET0 VMK::recv():4898, size=16 in 1 chunks
20220805 001517.732 DEBUG            PET0 VMK::send():4407, size=16 in 1 chunks
20220805 001517.732 DEBUG            PET0 VMK::recv():4898, size=16 in 1 chunks
20220805 001517.732 DEBUG            PET0 VMK::send():4407, size=16 in 1 chunks
20220805 001517.732 DEBUG            PET0 VMK::recv():4898, size=16 in 1 chunks
20220805 001517.732 DEBUG            PET0 VMK::send():4407, size=16 in 1 chunks
20220805 001517.732 DEBUG            PET0 VMK::recv():4898, size=16 in 1 chunks
20220805 001517.732 DEBUG            PET0 VMK::send():4407, size=16 in 1 chunks
20220805 001517.732 DEBUG            PET0 VMK::recv():4898, size=16 in 1 chunks
20220805 001517.732 DEBUG            PET0 VMK::send():4407, size=16 in 1 chunks
20220805 001517.732 DEBUG            PET0 VMK::recv():4898, size=16 in 1 chunks
20220805 001517.732 DEBUG            PET0 VMK::send():4407, size=16 in 1 chunks
20220805 001517.732 DEBUG            PET0 VMK::recv():4898, size=16 in 1 chunks
20220805 001517.732 DEBUG            PET0 VMK::send():4407, size=16 in 1 chunks
20220805 001517.732 DEBUG            PET0 VMK::recv():4898, size=16 in 1 chunks
20220805 001517.732 DEBUG            PET0 VMK::send():4407, size=16 in 1 chunks
20220805 001517.732 DEBUG            PET0 VMK::recv():4898, size=16 in 1 chunks
20220805 001517.732 DEBUG            PET0 VMK::send():4407, size=16 in 1 chunks
20220805 001517.732 DEBUG            PET0 VMK::recv():4898, size=16 in 1 chunks
20220805 001517.732 DEBUG            PET0 VMK::send():4407, size=16 in 1 chunks
20220805 001517.732 DEBUG            PET0 VMK::recv():4898, size=16 in 1 chunks
20220805 001517.732 DEBUG            PET0 VMK::send():4407, size=16 in 1 chunks
20220805 001517.732 DEBUG            PET0 VMK::recv():4898, size=16 in 1 chunks
20220805 001517.732 DEBUG            PET0 VMK::send():4407, size=16 in 1 chunks
20220805 001517.732 DEBUG            PET0 VMK::recv():4898, size=16 in 1 chunks
20220805 001517.732 DEBUG            PET0 VMK::send():4407, size=16 in 1 chunks
20220805 001517.732 DEBUG            PET0 VMK::recv():4898, size=16 in 1 chunks
20220805 001517.732 DEBUG            PET0 VMK::send():4407, size=16 in 1 chunks
20220805 001517.732 DEBUG            PET0 VMK::recv():4898, size=16 in 1 chunks
20220805 001517.732 DEBUG            PET0 VMK::send():4407, size=16 in 1 chunks
20220805 001517.732 DEBUG            PET0 VMK::recv():4898, size=16 in 1 chunks
20220805 001517.732 DEBUG            PET0 VMK::send():4407, size=16 in 1 chunks
20220805 001517.732 DEBUG            PET0 VMK::recv():4898, size=16 in 1 chunks
20220805 001517.732 DEBUG            PET0 VMK::send():4407, size=16 in 1 chunks
20220805 001517.732 DEBUG            PET0 VMK::recv():4898, size=16 in 1 chunks
20220805 001517.732 DEBUG            PET0 VMK::send():4407, size=16 in 1 chunks
20220805 001517.732 DEBUG            PET0 VMK::recv():4898, size=16 in 1 chunks
20220805 001517.732 DEBUG            PET0 VMK::send():4407, size=16 in 1 chunks
20220805 001517.732 DEBUG            PET0 VMK::recv():4898, size=16 in 1 chunks
20220805 001517.732 DEBUG            PET0 VMK::send():4407, size=16 in 1 chunks
20220805 001517.732 DEBUG            PET0 VMK::recv():4898, size=16 in 1 chunks
20220805 001517.732 DEBUG            PET0 VMK::send():4407, size=16 in 1 chunks
20220805 001517.732 DEBUG            PET0 VMK::recv():4898, size=16 in 1 chunks
20220805 001517.732 DEBUG            PET0 VMK::send():4407, size=16 in 1 chunks
20220805 001517.733 DEBUG            PET0 VMK::recv():4898, size=16 in 1 chunks
20220805 001517.733 DEBUG            PET0 VMK::send():4407, size=16 in 1 chunks
20220805 001517.733 INFO             PET0 ESMF_FieldRedistStoreNF(): Leaving routine.
20220805 001517.733 DEBUG            PET0 VMK::recv():4898, size=16 in 1 chunks
20220805 001517.733 DEBUG            PET0 VMK::send():4407, size=16 in 1 chunks
20220805 001517.733 DEBUG            PET0 VMK::recv():4898, size=160 in 1 chunks
20220805 001517.733 DEBUG            PET0 VMK::send():4407, size=160 in 1 chunks
20220805 001517.734 INFO             PET0 ESMF_FieldRedistStoreNF(): Just entered routine.
20220805 001517.734 DEBUG            PET0 VMK::send():4407, size=8 in 1 chunks
20220805 001517.734 DEBUG            PET0 VMK::send():4407, size=8 in 1 chunks
20220805 001517.734 DEBUG            PET0 VMK::send():4407, size=8 in 1 chunks
20220805 001517.734 DEBUG            PET0 VMK::send():4407, size=32 in 1 chunks
20220805 001517.734 DEBUG            PET0 VMK::send():4407, size=32 in 1 chunks
20220805 001517.734 DEBUG            PET0 VMK::send():4407, size=32 in 1 chunks
20220805 001517.734 DEBUG            PET0 VMK::send():4407, size=16 in 1 chunks
20220805 001517.734 DEBUG            PET0 VMK::send():4407, size=16 in 1 chunks
20220805 001517.734 DEBUG            PET0 VMK::send():4407, size=16 in 1 chunks
20220805 001517.734 DEBUG            PET0 VMK::send():4407, size=8 in 1 chunks
20220805 001517.734 DEBUG            PET0 VMK::send():4407, size=8 in 1 chunks
20220805 001517.734 DEBUG            PET0 VMK::send():4407, size=8 in 1 chunks
20220805 001517.734 DEBUG            PET0 VMK::send():4407, size=32 in 1 chunks
20220805 001517.734 DEBUG            PET0 VMK::send():4407, size=32 in 1 chunks
20220805 001517.734 DEBUG            PET0 VMK::send():4407, size=32 in 1 chunks
20220805 001517.734 DEBUG            PET0 VMK::recv():4898, size=8 in 1 chunks
20220805 001517.734 DEBUG            PET0 VMK::send():4407, size=16 in 1 chunks
20220805 001517.734 DEBUG            PET0 VMK::send():4407, size=40 in 1 chunks
20220805 001517.734 DEBUG            PET0 VMK::recv():4898, size=4 in 1 chunks
20220805 001517.734 DEBUG            PET0 VMK::send():4407, size=40 in 1 chunks
20220805 001517.734 DEBUG            PET0 VMK::recv():4898, size=4 in 1 chunks
20220805 001517.734 DEBUG            PET0 VMK::send():4407, size=40 in 1 chunks
20220805 001517.734 DEBUG            PET0 VMK::recv():4898, size=4 in 1 chunks
20220805 001517.734 DEBUG            PET0 VMK::recv():4898, size=88 in 1 chunks
20220805 001517.734 DEBUG            PET0 VMK::recv():4898, size=88 in 1 chunks
20220805 001517.734 DEBUG            PET0 VMK::recv():4898, size=88 in 1 chunks
20220805 001517.734 DEBUG            PET0 VMK::recv():4898, size=20 in 1 chunks
20220805 001517.734 DEBUG            PET0 VMK::send():4407, size=40 in 1 chunks
20220805 001517.734 DEBUG            PET0 VMK::recv():4898, size=4 in 1 chunks
20220805 001517.734 DEBUG            PET0 VMK::send():4407, size=4 in 1 chunks
20220805 001517.734 DEBUG            PET0 VMK::recv():4898, size=88 in 1 chunks
20220805 001517.734 DEBUG            PET0 VMK::send():4407, size=44 in 1 chunks
20220805 001517.734 DEBUG            PET0 VMK::recv():4898, size=16 in 1 chunks
20220805 001517.734 DEBUG            PET0 VMK::send():4407, size=16 in 1 chunks
20220805 001517.734 DEBUG            PET0 VMK::send():4407, size=8 in 1 chunks
20220805 001517.734 DEBUG            PET0 VMK::send():4407, size=8 in 1 chunks
20220805 001517.734 DEBUG            PET0 VMK::send():4407, size=4 in 1 chunks
20220805 001517.734 DEBUG            PET0 VMK::recv():4898, size=16 in 1 chunks
20220805 001517.734 DEBUG            PET0 VMK::send():4407, size=16 in 1 chunks
20220805 001517.734 DEBUG            PET0 VMK::send():4407, size=8 in 1 chunks
20220805 001517.734 DEBUG            PET0 VMK::send():4407, size=8 in 1 chunks
20220805 001517.734 DEBUG            PET0 VMK::send():4407, size=4 in 1 chunks
20220805 001517.734 DEBUG            PET0 VMK::recv():4898, size=16 in 1 chunks
20220805 001517.734 DEBUG            PET0 VMK::send():4407, size=16 in 1 chunks
20220805 001517.734 DEBUG            PET0 VMK::send():4407, size=8 in 1 chunks
20220805 001517.734 DEBUG            PET0 VMK::send():4407, size=8 in 1 chunks
20220805 001517.734 DEBUG            PET0 VMK::send():4407, size=4 in 1 chunks
20220805 001517.734 DEBUG            PET0 VMK::recv():4898, size=16 in 1 chunks
20220805 001517.734 DEBUG            PET0 VMK::send():4407, size=16 in 1 chunks
20220805 001517.734 DEBUG            PET0 VMK::send():4407, size=8 in 1 chunks
20220805 001517.734 DEBUG            PET0 VMK::send():4407, size=8 in 1 chunks
20220805 001517.734 DEBUG            PET0 VMK::send():4407, size=4 in 1 chunks
20220805 001517.734 DEBUG            PET0 VMK::recv():4898, size=16 in 1 chunks
20220805 001517.734 DEBUG            PET0 VMK::send():4407, size=16 in 1 chunks
20220805 001517.734 DEBUG            PET0 VMK::send():4407, size=8 in 1 chunks
20220805 001517.734 DEBUG            PET0 VMK::send():4407, size=8 in 1 chunks
20220805 001517.734 DEBUG            PET0 VMK::send():4407, size=4 in 1 chunks
20220805 001517.734 DEBUG            PET0 VMK::recv():4898, size=16 in 1 chunks
20220805 001517.734 DEBUG            PET0 VMK::send():4407, size=16 in 1 chunks
20220805 001517.734 DEBUG            PET0 VMK::send():4407, size=8 in 1 chunks
20220805 001517.734 DEBUG            PET0 VMK::send():4407, size=8 in 1 chunks
20220805 001517.734 DEBUG            PET0 VMK::send():4407, size=4 in 1 chunks
20220805 001517.734 DEBUG            PET0 VMK::recv():4898, size=16 in 1 chunks
20220805 001517.734 DEBUG            PET0 VMK::send():4407, size=16 in 1 chunks
20220805 001517.734 DEBUG            PET0 VMK::send():4407, size=8 in 1 chunks
20220805 001517.734 DEBUG            PET0 VMK::send():4407, size=8 in 1 chunks
20220805 001517.734 DEBUG            PET0 VMK::send():4407, size=4 in 1 chunks
20220805 001517.734 DEBUG            PET0 VMK::recv():4898, size=16 in 1 chunks
20220805 001517.734 DEBUG            PET0 VMK::send():4407, size=16 in 1 chunks
20220805 001517.734 DEBUG            PET0 VMK::send():4407, size=8 in 1 chunks
20220805 001517.734 DEBUG            PET0 VMK::send():4407, size=8 in 1 chunks
20220805 001517.734 DEBUG            PET0 VMK::send():4407, size=4 in 1 chunks
20220805 001517.734 DEBUG            PET0 VMK::recv():4898, size=16 in 1 chunks
20220805 001517.734 DEBUG            PET0 VMK::send():4407, size=16 in 1 chunks
20220805 001517.734 DEBUG            PET0 VMK::send():4407, size=8 in 1 chunks
20220805 001517.734 DEBUG            PET0 VMK::send():4407, size=8 in 1 chunks
20220805 001517.734 DEBUG            PET0 VMK::send():4407, size=4 in 1 chunks
20220805 001517.734 DEBUG            PET0 VMK::recv():4898, size=16 in 1 chunks
20220805 001517.734 DEBUG            PET0 VMK::send():4407, size=16 in 1 chunks
20220805 001517.734 DEBUG            PET0 VMK::send():4407, size=8 in 1 chunks
20220805 001517.734 DEBUG            PET0 VMK::send():4407, size=8 in 1 chunks
20220805 001517.734 DEBUG            PET0 VMK::send():4407, size=4 in 1 chunks
20220805 001517.734 DEBUG            PET0 VMK::recv():4898, size=16 in 1 chunks
20220805 001517.734 DEBUG            PET0 VMK::send():4407, size=16 in 1 chunks
20220805 001517.734 DEBUG            PET0 VMK::send():4407, size=8 in 1 chunks
20220805 001517.734 DEBUG            PET0 VMK::send():4407, size=8 in 1 chunks
20220805 001517.734 DEBUG            PET0 VMK::send():4407, size=4 in 1 chunks
20220805 001517.734 DEBUG            PET0 VMK::recv():4898, size=16 in 1 chunks
20220805 001517.734 DEBUG            PET0 VMK::send():4407, size=16 in 1 chunks
20220805 001517.734 DEBUG            PET0 VMK::send():4407, size=8 in 1 chunks
20220805 001517.734 DEBUG            PET0 VMK::send():4407, size=8 in 1 chunks
20220805 001517.734 DEBUG            PET0 VMK::send():4407, size=4 in 1 chunks
20220805 001517.734 DEBUG            PET0 VMK::recv():4898, size=16 in 1 chunks
20220805 001517.734 DEBUG            PET0 VMK::send():4407, size=16 in 1 chunks
20220805 001517.734 DEBUG            PET0 VMK::send():4407, size=8 in 1 chunks
20220805 001517.734 DEBUG            PET0 VMK::send():4407, size=8 in 1 chunks
20220805 001517.734 DEBUG            PET0 VMK::send():4407, size=4 in 1 chunks
20220805 001517.734 DEBUG            PET0 VMK::recv():4898, size=16 in 1 chunks
20220805 001517.734 DEBUG            PET0 VMK::send():4407, size=16 in 1 chunks
20220805 001517.734 DEBUG            PET0 VMK::send():4407, size=8 in 1 chunks
20220805 001517.734 DEBUG            PET0 VMK::send():4407, size=8 in 1 chunks
20220805 001517.734 DEBUG            PET0 VMK::send():4407, size=4 in 1 chunks
20220805 001517.734 DEBUG            PET0 VMK::recv():4898, size=16 in 1 chunks
20220805 001517.734 DEBUG            PET0 VMK::send():4407, size=16 in 1 chunks
20220805 001517.734 DEBUG            PET0 VMK::send():4407, size=8 in 1 chunks
20220805 001517.734 DEBUG            PET0 VMK::send():4407, size=8 in 1 chunks
20220805 001517.734 DEBUG            PET0 VMK::send():4407, size=4 in 1 chunks
20220805 001517.734 DEBUG            PET0 VMK::recv():4898, size=16 in 1 chunks
20220805 001517.734 DEBUG            PET0 VMK::send():4407, size=16 in 1 chunks
20220805 001517.734 DEBUG            PET0 VMK::send():4407, size=8 in 1 chunks
20220805 001517.734 DEBUG            PET0 VMK::send():4407, size=8 in 1 chunks
20220805 001517.735 DEBUG            PET0 VMK::send():4407, size=4 in 1 chunks
20220805 001517.735 DEBUG            PET0 VMK::recv():4898, size=16 in 1 chunks
20220805 001517.735 DEBUG            PET0 VMK::send():4407, size=16 in 1 chunks
20220805 001517.735 DEBUG            PET0 VMK::send():4407, size=8 in 1 chunks
20220805 001517.735 DEBUG            PET0 VMK::send():4407, size=8 in 1 chunks
20220805 001517.735 DEBUG            PET0 VMK::send():4407, size=4 in 1 chunks
20220805 001517.735 DEBUG            PET0 VMK::recv():4898, size=16 in 1 chunks
20220805 001517.735 DEBUG            PET0 VMK::send():4407, size=16 in 1 chunks
20220805 001517.735 DEBUG            PET0 VMK::send():4407, size=8 in 1 chunks
20220805 001517.735 DEBUG            PET0 VMK::send():4407, size=8 in 1 chunks
20220805 001517.735 DEBUG            PET0 VMK::send():4407, size=4 in 1 chunks
20220805 001517.735 DEBUG            PET0 VMK::recv():4898, size=16 in 1 chunks
20220805 001517.735 DEBUG            PET0 VMK::send():4407, size=16 in 1 chunks
20220805 001517.735 DEBUG            PET0 VMK::send():4407, size=8 in 1 chunks
20220805 001517.735 DEBUG            PET0 VMK::send():4407, size=8 in 1 chunks
20220805 001517.735 DEBUG            PET0 VMK::send():4407, size=4 in 1 chunks
20220805 001517.735 DEBUG            PET0 VMK::recv():4898, size=16 in 1 chunks
20220805 001517.735 DEBUG            PET0 VMK::send():4407, size=16 in 1 chunks
20220805 001517.735 DEBUG            PET0 VMK::send():4407, size=8 in 1 chunks
20220805 001517.735 DEBUG            PET0 VMK::send():4407, size=8 in 1 chunks
20220805 001517.735 DEBUG            PET0 VMK::send():4407, size=4 in 1 chunks
20220805 001517.735 DEBUG            PET0 VMK::recv():4898, size=16 in 1 chunks
20220805 001517.735 DEBUG            PET0 VMK::send():4407, size=16 in 1 chunks
20220805 001517.735 DEBUG            PET0 VMK::send():4407, size=8 in 1 chunks
20220805 001517.735 DEBUG            PET0 VMK::send():4407, size=8 in 1 chunks
20220805 001517.735 DEBUG            PET0 VMK::send():4407, size=4 in 1 chunks
20220805 001517.735 DEBUG            PET0 VMK::recv():4898, size=16 in 1 chunks
20220805 001517.735 DEBUG            PET0 VMK::send():4407, size=16 in 1 chunks
20220805 001517.735 DEBUG            PET0 VMK::send():4407, size=8 in 1 chunks
20220805 001517.735 DEBUG            PET0 VMK::send():4407, size=8 in 1 chunks
20220805 001517.735 DEBUG            PET0 VMK::send():4407, size=4 in 1 chunks
20220805 001517.735 DEBUG            PET0 VMK::recv():4898, size=16 in 1 chunks
20220805 001517.735 DEBUG            PET0 VMK::send():4407, size=16 in 1 chunks
20220805 001517.735 DEBUG            PET0 VMK::send():4407, size=8 in 1 chunks
20220805 001517.735 DEBUG            PET0 VMK::send():4407, size=8 in 1 chunks
20220805 001517.735 DEBUG            PET0 VMK::send():4407, size=4 in 1 chunks
20220805 001517.735 DEBUG            PET0 VMK::recv():4898, size=16 in 1 chunks
20220805 001517.735 DEBUG            PET0 VMK::send():4407, size=16 in 1 chunks
20220805 001517.735 DEBUG            PET0 VMK::send():4407, size=8 in 1 chunks
20220805 001517.735 DEBUG            PET0 VMK::send():4407, size=8 in 1 chunks
20220805 001517.735 DEBUG            PET0 VMK::send():4407, size=4 in 1 chunks
20220805 001517.735 DEBUG            PET0 VMK::recv():4898, size=16 in 1 chunks
20220805 001517.735 DEBUG            PET0 VMK::send():4407, size=16 in 1 chunks
20220805 001517.735 DEBUG            PET0 VMK::send():4407, size=8 in 1 chunks
20220805 001517.735 DEBUG            PET0 VMK::send():4407, size=8 in 1 chunks
20220805 001517.735 DEBUG            PET0 VMK::send():4407, size=4 in 1 chunks
20220805 001517.735 DEBUG            PET0 VMK::recv():4898, size=16 in 1 chunks
20220805 001517.735 DEBUG            PET0 VMK::send():4407, size=16 in 1 chunks
20220805 001517.735 DEBUG            PET0 VMK::send():4407, size=8 in 1 chunks
20220805 001517.735 DEBUG            PET0 VMK::send():4407, size=8 in 1 chunks
20220805 001517.735 DEBUG            PET0 VMK::send():4407, size=4 in 1 chunks
20220805 001517.735 DEBUG            PET0 VMK::recv():4898, size=16 in 1 chunks
20220805 001517.735 DEBUG            PET0 VMK::send():4407, size=16 in 1 chunks
20220805 001517.735 DEBUG            PET0 VMK::send():4407, size=8 in 1 chunks
20220805 001517.735 DEBUG            PET0 VMK::send():4407, size=8 in 1 chunks
20220805 001517.735 DEBUG            PET0 VMK::send():4407, size=4 in 1 chunks
20220805 001517.735 DEBUG            PET0 VMK::recv():4898, size=16 in 1 chunks
20220805 001517.735 DEBUG            PET0 VMK::send():4407, size=16 in 1 chunks
20220805 001517.735 DEBUG            PET0 VMK::send():4407, size=8 in 1 chunks
20220805 001517.735 DEBUG            PET0 VMK::send():4407, size=8 in 1 chunks
20220805 001517.735 DEBUG            PET0 VMK::send():4407, size=4 in 1 chunks
20220805 001517.735 DEBUG            PET0 VMK::recv():4898, size=16 in 1 chunks
20220805 001517.735 DEBUG            PET0 VMK::send():4407, size=16 in 1 chunks
20220805 001517.735 DEBUG            PET0 VMK::send():4407, size=8 in 1 chunks
20220805 001517.735 DEBUG            PET0 VMK::send():4407, size=8 in 1 chunks
20220805 001517.735 DEBUG            PET0 VMK::send():4407, size=4 in 1 chunks
20220805 001517.735 DEBUG            PET0 VMK::recv():4898, size=16 in 1 chunks
20220805 001517.735 DEBUG            PET0 VMK::send():4407, size=16 in 1 chunks
20220805 001517.735 DEBUG            PET0 VMK::send():4407, size=8 in 1 chunks
20220805 001517.735 DEBUG            PET0 VMK::send():4407, size=8 in 1 chunks
20220805 001517.735 DEBUG            PET0 VMK::send():4407, size=4 in 1 chunks
20220805 001517.735 DEBUG            PET0 VMK::recv():4898, size=16 in 1 chunks
20220805 001517.735 DEBUG            PET0 VMK::send():4407, size=16 in 1 chunks
20220805 001517.735 DEBUG            PET0 VMK::send():4407, size=8 in 1 chunks
20220805 001517.735 DEBUG            PET0 VMK::send():4407, size=8 in 1 chunks
20220805 001517.735 DEBUG            PET0 VMK::send():4407, size=4 in 1 chunks
20220805 001517.735 INFO             PET0 ESMF_FieldRedistStoreNF(): Leaving routine.
20220805 001517.735 DEBUG            PET0 VMK::recv():4898, size=16 in 1 chunks
20220805 001517.735 DEBUG            PET0 VMK::send():4407, size=16 in 1 chunks
20220805 001517.735 DEBUG            PET0 VMK::send():4407, size=8 in 1 chunks
20220805 001517.735 DEBUG            PET0 VMK::send():4407, size=8 in 1 chunks
20220805 001517.735 DEBUG            PET0 VMK::send():4407, size=4 in 1 chunks
20220805 001517.735 INFO             PET0 ESMF_FieldRedistStoreNF(): Just entered routine.
20220805 001517.735 DEBUG            PET0 VMK::recv():4898, size=4 in 1 chunks
20220805 001517.735 DEBUG            PET0 VMK::send():4407, size=8 in 1 chunks
20220805 001517.735 DEBUG            PET0 VMK::recv():4898, size=16 in 1 chunks
20220805 001517.735 DEBUG            PET0 VMK::send():4407, size=32 in 1 chunks
20220805 001517.735 DEBUG            PET0 VMK::recv():4898, size=8 in 1 chunks
20220805 001517.735 DEBUG            PET0 VMK::send():4407, size=16 in 1 chunks
20220805 001517.735 DEBUG            PET0 VMK::recv():4898, size=4 in 1 chunks
20220805 001517.735 DEBUG            PET0 VMK::send():4407, size=8 in 1 chunks
20220805 001517.735 DEBUG            PET0 VMK::recv():4898, size=16 in 1 chunks
20220805 001517.735 DEBUG            PET0 VMK::send():4407, size=32 in 1 chunks
20220805 001517.735 DEBUG            PET0 VMK::send():4407, size=16 in 1 chunks
20220805 001517.735 DEBUG            PET0 VMK::send():4407, size=16 in 1 chunks
20220805 001517.735 DEBUG            PET0 VMK::send():4407, size=16 in 1 chunks
20220805 001517.735 DEBUG            PET0 VMK::recv():4898, size=20 in 1 chunks
20220805 001517.735 DEBUG            PET0 VMK::send():4407, size=40 in 1 chunks
20220805 001517.735 DEBUG            PET0 VMK::recv():4898, size=4 in 1 chunks
20220805 001517.735 DEBUG            PET0 VMK::send():4407, size=4 in 1 chunks
20220805 001517.735 DEBUG            PET0 VMK::recv():4898, size=88 in 1 chunks
20220805 001517.735 DEBUG            PET0 VMK::send():4407, size=44 in 1 chunks
20220805 001517.735 DEBUG            PET0 VMK::send():4407, size=40 in 1 chunks
20220805 001517.735 DEBUG            PET0 VMK::recv():4898, size=4 in 1 chunks
20220805 001517.735 DEBUG            PET0 VMK::send():4407, size=40 in 1 chunks
20220805 001517.735 DEBUG            PET0 VMK::recv():4898, size=4 in 1 chunks
20220805 001517.735 DEBUG            PET0 VMK::send():4407, size=40 in 1 chunks
20220805 001517.735 DEBUG            PET0 VMK::recv():4898, size=4 in 1 chunks
20220805 001517.735 DEBUG            PET0 VMK::recv():4898, size=88 in 1 chunks
20220805 001517.735 DEBUG            PET0 VMK::recv():4898, size=88 in 1 chunks
20220805 001517.735 DEBUG            PET0 VMK::recv():4898, size=88 in 1 chunks
20220805 001517.736 DEBUG            PET0 VMK::recv():4898, size=16 in 1 chunks
20220805 001517.736 DEBUG            PET0 VMK::send():4407, size=16 in 1 chunks
20220805 001517.736 DEBUG            PET0 VMK::recv():4898, size=4 in 1 chunks
20220805 001517.736 DEBUG            PET0 VMK::recv():4898, size=8 in 1 chunks
20220805 001517.736 DEBUG            PET0 VMK::recv():4898, size=8 in 1 chunks
20220805 001517.736 DEBUG            PET0 VMK::recv():4898, size=16 in 1 chunks
20220805 001517.736 DEBUG            PET0 VMK::send():4407, size=16 in 1 chunks
20220805 001517.736 DEBUG            PET0 VMK::recv():4898, size=4 in 1 chunks
20220805 001517.736 DEBUG            PET0 VMK::recv():4898, size=8 in 1 chunks
20220805 001517.736 DEBUG            PET0 VMK::recv():4898, size=8 in 1 chunks
20220805 001517.736 DEBUG            PET0 VMK::recv():4898, size=16 in 1 chunks
20220805 001517.736 DEBUG            PET0 VMK::send():4407, size=16 in 1 chunks
20220805 001517.736 DEBUG            PET0 VMK::recv():4898, size=4 in 1 chunks
20220805 001517.736 DEBUG            PET0 VMK::recv():4898, size=8 in 1 chunks
20220805 001517.736 DEBUG            PET0 VMK::recv():4898, size=8 in 1 chunks
20220805 001517.736 DEBUG            PET0 VMK::recv():4898, size=16 in 1 chunks
20220805 001517.736 DEBUG            PET0 VMK::send():4407, size=16 in 1 chunks
20220805 001517.736 DEBUG            PET0 VMK::recv():4898, size=4 in 1 chunks
20220805 001517.736 DEBUG            PET0 VMK::recv():4898, size=8 in 1 chunks
20220805 001517.736 DEBUG            PET0 VMK::recv():4898, size=8 in 1 chunks
20220805 001517.736 DEBUG            PET0 VMK::recv():4898, size=16 in 1 chunks
20220805 001517.736 DEBUG            PET0 VMK::send():4407, size=16 in 1 chunks
20220805 001517.736 DEBUG            PET0 VMK::recv():4898, size=4 in 1 chunks
20220805 001517.736 DEBUG            PET0 VMK::recv():4898, size=8 in 1 chunks
20220805 001517.736 DEBUG            PET0 VMK::recv():4898, size=8 in 1 chunks
20220805 001517.736 DEBUG            PET0 VMK::recv():4898, size=16 in 1 chunks
20220805 001517.736 DEBUG            PET0 VMK::send():4407, size=16 in 1 chunks
20220805 001517.736 DEBUG            PET0 VMK::recv():4898, size=4 in 1 chunks
20220805 001517.736 DEBUG            PET0 VMK::recv():4898, size=8 in 1 chunks
20220805 001517.736 DEBUG            PET0 VMK::recv():4898, size=8 in 1 chunks
20220805 001517.736 DEBUG            PET0 VMK::recv():4898, size=16 in 1 chunks
20220805 001517.736 DEBUG            PET0 VMK::send():4407, size=16 in 1 chunks
20220805 001517.736 DEBUG            PET0 VMK::recv():4898, size=4 in 1 chunks
20220805 001517.736 DEBUG            PET0 VMK::recv():4898, size=8 in 1 chunks
20220805 001517.736 DEBUG            PET0 VMK::recv():4898, size=8 in 1 chunks
20220805 001517.736 DEBUG            PET0 VMK::recv():4898, size=16 in 1 chunks
20220805 001517.736 DEBUG            PET0 VMK::send():4407, size=16 in 1 chunks
20220805 001517.736 DEBUG            PET0 VMK::recv():4898, size=4 in 1 chunks
20220805 001517.736 DEBUG            PET0 VMK::recv():4898, size=8 in 1 chunks
20220805 001517.736 DEBUG            PET0 VMK::recv():4898, size=8 in 1 chunks
20220805 001517.736 DEBUG            PET0 VMK::recv():4898, size=16 in 1 chunks
20220805 001517.736 DEBUG            PET0 VMK::send():4407, size=16 in 1 chunks
20220805 001517.736 DEBUG            PET0 VMK::recv():4898, size=4 in 1 chunks
20220805 001517.736 DEBUG            PET0 VMK::recv():4898, size=8 in 1 chunks
20220805 001517.736 DEBUG            PET0 VMK::recv():4898, size=8 in 1 chunks
20220805 001517.736 DEBUG            PET0 VMK::recv():4898, size=16 in 1 chunks
20220805 001517.736 DEBUG            PET0 VMK::send():4407, size=16 in 1 chunks
20220805 001517.736 DEBUG            PET0 VMK::recv():4898, size=4 in 1 chunks
20220805 001517.736 DEBUG            PET0 VMK::recv():4898, size=8 in 1 chunks
20220805 001517.736 DEBUG            PET0 VMK::recv():4898, size=8 in 1 chunks
20220805 001517.736 DEBUG            PET0 VMK::recv():4898, size=16 in 1 chunks
20220805 001517.736 DEBUG            PET0 VMK::recv():4898, size=4 in 1 chunks
20220805 001517.736 DEBUG            PET0 VMK::send():4407, size=16 in 1 chunks
20220805 001517.736 DEBUG            PET0 VMK::recv():4898, size=8 in 1 chunks
20220805 001517.736 DEBUG            PET0 VMK::recv():4898, size=8 in 1 chunks
20220805 001517.736 DEBUG            PET0 VMK::recv():4898, size=16 in 1 chunks
20220805 001517.736 DEBUG            PET0 VMK::recv():4898, size=4 in 1 chunks
20220805 001517.736 DEBUG            PET0 VMK::send():4407, size=16 in 1 chunks
20220805 001517.736 DEBUG            PET0 VMK::recv():4898, size=8 in 1 chunks
20220805 001517.736 DEBUG            PET0 VMK::recv():4898, size=8 in 1 chunks
20220805 001517.736 DEBUG            PET0 VMK::recv():4898, size=16 in 1 chunks
20220805 001517.736 DEBUG            PET0 VMK::recv():4898, size=4 in 1 chunks
20220805 001517.736 DEBUG            PET0 VMK::send():4407, size=16 in 1 chunks
20220805 001517.736 DEBUG            PET0 VMK::recv():4898, size=8 in 1 chunks
20220805 001517.736 DEBUG            PET0 VMK::recv():4898, size=8 in 1 chunks
20220805 001517.736 DEBUG            PET0 VMK::recv():4898, size=16 in 1 chunks
20220805 001517.736 DEBUG            PET0 VMK::recv():4898, size=4 in 1 chunks
20220805 001517.736 DEBUG            PET0 VMK::send():4407, size=16 in 1 chunks
20220805 001517.736 DEBUG            PET0 VMK::recv():4898, size=8 in 1 chunks
20220805 001517.736 DEBUG            PET0 VMK::recv():4898, size=8 in 1 chunks
20220805 001517.736 DEBUG            PET0 VMK::recv():4898, size=16 in 1 chunks
20220805 001517.736 DEBUG            PET0 VMK::recv():4898, size=4 in 1 chunks
20220805 001517.736 DEBUG            PET0 VMK::send():4407, size=16 in 1 chunks
20220805 001517.736 DEBUG            PET0 VMK::recv():4898, size=8 in 1 chunks
20220805 001517.736 DEBUG            PET0 VMK::recv():4898, size=8 in 1 chunks
20220805 001517.736 DEBUG            PET0 VMK::recv():4898, size=16 in 1 chunks
20220805 001517.736 DEBUG            PET0 VMK::recv():4898, size=4 in 1 chunks
20220805 001517.736 DEBUG            PET0 VMK::send():4407, size=16 in 1 chunks
20220805 001517.736 DEBUG            PET0 VMK::recv():4898, size=8 in 1 chunks
20220805 001517.736 DEBUG            PET0 VMK::recv():4898, size=8 in 1 chunks
20220805 001517.736 DEBUG            PET0 VMK::recv():4898, size=16 in 1 chunks
20220805 001517.736 DEBUG            PET0 VMK::recv():4898, size=4 in 1 chunks
20220805 001517.736 DEBUG            PET0 VMK::send():4407, size=16 in 1 chunks
20220805 001517.736 DEBUG            PET0 VMK::recv():4898, size=8 in 1 chunks
20220805 001517.736 DEBUG            PET0 VMK::recv():4898, size=8 in 1 chunks
20220805 001517.736 DEBUG            PET0 VMK::recv():4898, size=16 in 1 chunks
20220805 001517.736 DEBUG            PET0 VMK::recv():4898, size=4 in 1 chunks
20220805 001517.736 DEBUG            PET0 VMK::send():4407, size=16 in 1 chunks
20220805 001517.736 DEBUG            PET0 VMK::recv():4898, size=8 in 1 chunks
20220805 001517.736 DEBUG            PET0 VMK::recv():4898, size=8 in 1 chunks
20220805 001517.736 DEBUG            PET0 VMK::recv():4898, size=16 in 1 chunks
20220805 001517.736 DEBUG            PET0 VMK::recv():4898, size=4 in 1 chunks
20220805 001517.736 DEBUG            PET0 VMK::send():4407, size=16 in 1 chunks
20220805 001517.736 DEBUG            PET0 VMK::recv():4898, size=8 in 1 chunks
20220805 001517.736 DEBUG            PET0 VMK::recv():4898, size=8 in 1 chunks
20220805 001517.736 DEBUG            PET0 VMK::recv():4898, size=16 in 1 chunks
20220805 001517.736 DEBUG            PET0 VMK::recv():4898, size=4 in 1 chunks
20220805 001517.736 DEBUG            PET0 VMK::send():4407, size=16 in 1 chunks
20220805 001517.736 DEBUG            PET0 VMK::recv():4898, size=8 in 1 chunks
20220805 001517.736 DEBUG            PET0 VMK::recv():4898, size=8 in 1 chunks
20220805 001517.736 DEBUG            PET0 VMK::recv():4898, size=16 in 1 chunks
20220805 001517.736 DEBUG            PET0 VMK::recv():4898, size=4 in 1 chunks
20220805 001517.736 DEBUG            PET0 VMK::recv():4898, size=8 in 1 chunks
20220805 001517.736 DEBUG            PET0 VMK::recv():4898, size=8 in 1 chunks
20220805 001517.736 DEBUG            PET0 VMK::send():4407, size=16 in 1 chunks
20220805 001517.736 DEBUG            PET0 VMK::recv():4898, size=16 in 1 chunks
20220805 001517.736 DEBUG            PET0 VMK::recv():4898, size=4 in 1 chunks
20220805 001517.736 DEBUG            PET0 VMK::recv():4898, size=8 in 1 chunks
20220805 001517.736 DEBUG            PET0 VMK::recv():4898, size=8 in 1 chunks
20220805 001517.736 DEBUG            PET0 VMK::send():4407, size=16 in 1 chunks
20220805 001517.736 DEBUG            PET0 VMK::recv():4898, size=16 in 1 chunks
20220805 001517.736 DEBUG            PET0 VMK::recv():4898, size=4 in 1 chunks
20220805 001517.736 DEBUG            PET0 VMK::recv():4898, size=8 in 1 chunks
20220805 001517.736 DEBUG            PET0 VMK::recv():4898, size=8 in 1 chunks
20220805 001517.736 DEBUG            PET0 VMK::send():4407, size=16 in 1 chunks
20220805 001517.736 DEBUG            PET0 VMK::recv():4898, size=16 in 1 chunks
20220805 001517.736 DEBUG            PET0 VMK::recv():4898, size=4 in 1 chunks
20220805 001517.736 DEBUG            PET0 VMK::recv():4898, size=8 in 1 chunks
20220805 001517.736 DEBUG            PET0 VMK::recv():4898, size=8 in 1 chunks
20220805 001517.736 DEBUG            PET0 VMK::send():4407, size=16 in 1 chunks
20220805 001517.736 DEBUG            PET0 VMK::recv():4898, size=16 in 1 chunks
20220805 001517.736 DEBUG            PET0 VMK::recv():4898, size=4 in 1 chunks
20220805 001517.736 DEBUG            PET0 VMK::recv():4898, size=8 in 1 chunks
20220805 001517.736 DEBUG            PET0 VMK::recv():4898, size=8 in 1 chunks
20220805 001517.736 DEBUG            PET0 VMK::send():4407, size=16 in 1 chunks
20220805 001517.736 DEBUG            PET0 VMK::recv():4898, size=16 in 1 chunks
20220805 001517.736 DEBUG            PET0 VMK::recv():4898, size=4 in 1 chunks
20220805 001517.736 DEBUG            PET0 VMK::recv():4898, size=8 in 1 chunks
20220805 001517.736 DEBUG            PET0 VMK::recv():4898, size=8 in 1 chunks
20220805 001517.737 DEBUG            PET0 VMK::send():4407, size=16 in 1 chunks
20220805 001517.737 DEBUG            PET0 VMK::recv():4898, size=16 in 1 chunks
20220805 001517.737 DEBUG            PET0 VMK::recv():4898, size=4 in 1 chunks
20220805 001517.737 DEBUG            PET0 VMK::recv():4898, size=8 in 1 chunks
20220805 001517.737 DEBUG            PET0 VMK::recv():4898, size=8 in 1 chunks
20220805 001517.737 DEBUG            PET0 VMK::send():4407, size=16 in 1 chunks
20220805 001517.737 DEBUG            PET0 VMK::recv():4898, size=16 in 1 chunks
20220805 001517.737 DEBUG            PET0 VMK::recv():4898, size=4 in 1 chunks
20220805 001517.737 DEBUG            PET0 VMK::recv():4898, size=8 in 1 chunks
20220805 001517.737 DEBUG            PET0 VMK::recv():4898, size=8 in 1 chunks
20220805 001517.737 DEBUG            PET0 VMK::send():4407, size=16 in 1 chunks
20220805 001517.737 DEBUG            PET0 VMK::recv():4898, size=16 in 1 chunks
20220805 001517.737 DEBUG            PET0 VMK::recv():4898, size=4 in 1 chunks
20220805 001517.737 DEBUG            PET0 VMK::recv():4898, size=8 in 1 chunks
20220805 001517.737 DEBUG            PET0 VMK::recv():4898, size=8 in 1 chunks
20220805 001517.737 DEBUG            PET0 VMK::send():4407, size=16 in 1 chunks
20220805 001517.737 DEBUG            PET0 VMK::recv():4898, size=16 in 1 chunks
20220805 001517.737 DEBUG            PET0 VMK::recv():4898, size=4 in 1 chunks
20220805 001517.737 DEBUG            PET0 VMK::recv():4898, size=8 in 1 chunks
20220805 001517.737 DEBUG            PET0 VMK::recv():4898, size=8 in 1 chunks
20220805 001517.737 DEBUG            PET0 VMK::send():4407, size=16 in 1 chunks
20220805 001517.737 DEBUG            PET0 VMK::recv():4898, size=16 in 1 chunks
20220805 001517.737 DEBUG            PET0 VMK::recv():4898, size=4 in 1 chunks
20220805 001517.737 DEBUG            PET0 VMK::recv():4898, size=8 in 1 chunks
20220805 001517.737 DEBUG            PET0 VMK::recv():4898, size=8 in 1 chunks
20220805 001517.737 DEBUG            PET0 VMK::send():4407, size=16 in 1 chunks
20220805 001517.737 INFO             PET0 ESMF_FieldRedistStoreNF(): Leaving routine.
20220805 001517.737 DEBUG            PET0 VMK::recv():4898, size=16 in 1 chunks
20220805 001517.737 DEBUG            PET0 VMK::recv():4898, size=4 in 1 chunks
20220805 001517.737 DEBUG            PET0 VMK::recv():4898, size=8 in 1 chunks
20220805 001517.737 DEBUG            PET0 VMK::recv():4898, size=8 in 1 chunks
20220805 001517.737 DEBUG            PET0 VMK::send():4407, size=16 in 1 chunks
20220805 001517.737 INFO             PET0  NUMBER_OF_PROCESSORS           4
20220805 001517.737 INFO             PET0  PASS  Example ESMF_FieldRedistEx, ESMF_FieldRedistEx.F90, line 521
20220805 001517.737 INFO             PET0 Finalizing ESMF
20220805 001517.737 DEBUG            PET0 epochFinal
20220805 001517.728 INFO             PET1 !!!!!!!!!!!!!!!!!!!!!!!!!!!!!!!!!!!!!!!!!!!!!!!!!!!!!!
20220805 001517.729 INFO             PET1 !!! THE ESMF_LOG IS SET TO OUTPUT ALL LOG MESSAGES !!!
20220805 001517.729 INFO             PET1 !!!     THIS MAY CAUSE SLOWDOWN IN PERFORMANCE     !!!
20220805 001517.729 INFO             PET1 !!! FOR PRODUCTION RUNS, USE:                      !!!
20220805 001517.729 INFO             PET1 !!!                   ESMF_LOGKIND_Multi_On_Error  !!!
20220805 001517.729 INFO             PET1 !!!!!!!!!!!!!!!!!!!!!!!!!!!!!!!!!!!!!!!!!!!!!!!!!!!!!!
20220805 001517.729 INFO             PET1 Running with ESMF Version   : v8.3.0b17-27-g5b5163fc0a
20220805 001517.729 INFO             PET1 ESMF library build date/time: "Aug  4 2022" "23:52:18"
20220805 001517.729 INFO             PET1 ESMF library build location : /project/esmf/rocky/esmf-testing/gfortran_11.2.0_openmpi_O_feature_large-messages/esmf
20220805 001517.729 INFO             PET1 ESMF_COMM                   : openmpi
20220805 001517.729 INFO             PET1 ESMF_MOAB                   : enabled
20220805 001517.729 INFO             PET1 ESMF_LAPACK                 : enabled
20220805 001517.729 INFO             PET1 ESMF_NETCDF                 : enabled
20220805 001517.729 INFO             PET1 ESMF_PNETCDF                : disabled
20220805 001517.729 INFO             PET1 ESMF_PIO                    : enabled
20220805 001517.729 INFO             PET1 ESMF_YAMLCPP                : enabled
20220805 001517.730 INFO             PET1 ESMF_FieldRedistStoreNF(): Just entered routine.
20220805 001517.732 DEBUG            PET1 VMK::recv():4898, size=16 in 1 chunks
20220805 001517.732 DEBUG            PET1 VMK::send():4407, size=16 in 1 chunks
20220805 001517.732 DEBUG            PET1 VMK::recv():4898, size=16 in 1 chunks
20220805 001517.732 DEBUG            PET1 VMK::send():4407, size=16 in 1 chunks
20220805 001517.732 DEBUG            PET1 VMK::recv():4898, size=16 in 1 chunks
20220805 001517.732 DEBUG            PET1 VMK::send():4407, size=16 in 1 chunks
20220805 001517.732 DEBUG            PET1 VMK::recv():4898, size=16 in 1 chunks
20220805 001517.732 DEBUG            PET1 VMK::send():4407, size=16 in 1 chunks
20220805 001517.732 DEBUG            PET1 VMK::recv():4898, size=16 in 1 chunks
20220805 001517.732 DEBUG            PET1 VMK::send():4407, size=16 in 1 chunks
20220805 001517.732 DEBUG            PET1 VMK::recv():4898, size=16 in 1 chunks
20220805 001517.732 DEBUG            PET1 VMK::send():4407, size=16 in 1 chunks
20220805 001517.732 DEBUG            PET1 VMK::recv():4898, size=16 in 1 chunks
20220805 001517.732 DEBUG            PET1 VMK::send():4407, size=16 in 1 chunks
20220805 001517.732 DEBUG            PET1 VMK::recv():4898, size=16 in 1 chunks
20220805 001517.732 DEBUG            PET1 VMK::send():4407, size=16 in 1 chunks
20220805 001517.732 DEBUG            PET1 VMK::recv():4898, size=16 in 1 chunks
20220805 001517.732 DEBUG            PET1 VMK::send():4407, size=16 in 1 chunks
20220805 001517.732 DEBUG            PET1 VMK::recv():4898, size=16 in 1 chunks
20220805 001517.732 DEBUG            PET1 VMK::send():4407, size=16 in 1 chunks
20220805 001517.732 DEBUG            PET1 VMK::recv():4898, size=16 in 1 chunks
20220805 001517.732 DEBUG            PET1 VMK::send():4407, size=16 in 1 chunks
20220805 001517.732 DEBUG            PET1 VMK::recv():4898, size=16 in 1 chunks
20220805 001517.732 DEBUG            PET1 VMK::send():4407, size=16 in 1 chunks
20220805 001517.732 DEBUG            PET1 VMK::recv():4898, size=16 in 1 chunks
20220805 001517.732 DEBUG            PET1 VMK::send():4407, size=16 in 1 chunks
20220805 001517.732 DEBUG            PET1 VMK::recv():4898, size=16 in 1 chunks
20220805 001517.732 DEBUG            PET1 VMK::send():4407, size=16 in 1 chunks
20220805 001517.732 DEBUG            PET1 VMK::recv():4898, size=16 in 1 chunks
20220805 001517.732 DEBUG            PET1 VMK::send():4407, size=16 in 1 chunks
20220805 001517.732 DEBUG            PET1 VMK::recv():4898, size=16 in 1 chunks
20220805 001517.732 DEBUG            PET1 VMK::send():4407, size=16 in 1 chunks
20220805 001517.732 DEBUG            PET1 VMK::recv():4898, size=16 in 1 chunks
20220805 001517.732 DEBUG            PET1 VMK::send():4407, size=16 in 1 chunks
20220805 001517.732 DEBUG            PET1 VMK::recv():4898, size=16 in 1 chunks
20220805 001517.732 DEBUG            PET1 VMK::send():4407, size=16 in 1 chunks
20220805 001517.732 DEBUG            PET1 VMK::recv():4898, size=16 in 1 chunks
20220805 001517.732 DEBUG            PET1 VMK::send():4407, size=16 in 1 chunks
20220805 001517.732 DEBUG            PET1 VMK::recv():4898, size=16 in 1 chunks
20220805 001517.732 DEBUG            PET1 VMK::send():4407, size=16 in 1 chunks
20220805 001517.732 DEBUG            PET1 VMK::recv():4898, size=16 in 1 chunks
20220805 001517.732 DEBUG            PET1 VMK::send():4407, size=16 in 1 chunks
20220805 001517.732 DEBUG            PET1 VMK::recv():4898, size=16 in 1 chunks
20220805 001517.732 DEBUG            PET1 VMK::send():4407, size=16 in 1 chunks
20220805 001517.732 DEBUG            PET1 VMK::recv():4898, size=16 in 1 chunks
20220805 001517.732 DEBUG            PET1 VMK::send():4407, size=16 in 1 chunks
20220805 001517.732 DEBUG            PET1 VMK::recv():4898, size=16 in 1 chunks
20220805 001517.732 DEBUG            PET1 VMK::send():4407, size=16 in 1 chunks
20220805 001517.732 DEBUG            PET1 VMK::recv():4898, size=16 in 1 chunks
20220805 001517.732 DEBUG            PET1 VMK::send():4407, size=16 in 1 chunks
20220805 001517.732 DEBUG            PET1 VMK::recv():4898, size=16 in 1 chunks
20220805 001517.732 DEBUG            PET1 VMK::send():4407, size=16 in 1 chunks
20220805 001517.732 DEBUG            PET1 VMK::recv():4898, size=16 in 1 chunks
20220805 001517.732 DEBUG            PET1 VMK::send():4407, size=16 in 1 chunks
20220805 001517.732 DEBUG            PET1 VMK::recv():4898, size=16 in 1 chunks
20220805 001517.732 DEBUG            PET1 VMK::send():4407, size=16 in 1 chunks
20220805 001517.732 DEBUG            PET1 VMK::recv():4898, size=16 in 1 chunks
20220805 001517.732 DEBUG            PET1 VMK::send():4407, size=16 in 1 chunks
20220805 001517.732 DEBUG            PET1 VMK::recv():4898, size=16 in 1 chunks
20220805 001517.732 DEBUG            PET1 VMK::send():4407, size=16 in 1 chunks
20220805 001517.733 DEBUG            PET1 VMK::recv():4898, size=16 in 1 chunks
20220805 001517.733 DEBUG            PET1 VMK::send():4407, size=16 in 1 chunks
20220805 001517.733 INFO             PET1 ESMF_FieldRedistStoreNF(): Leaving routine.
20220805 001517.733 DEBUG            PET1 VMK::recv():4898, size=16 in 1 chunks
20220805 001517.733 DEBUG            PET1 VMK::send():4407, size=16 in 1 chunks
20220805 001517.733 DEBUG            PET1 VMK::recv():4898, size=160 in 1 chunks
20220805 001517.733 DEBUG            PET1 VMK::send():4407, size=160 in 1 chunks
20220805 001517.734 INFO             PET1 ESMF_FieldRedistStoreNF(): Just entered routine.
20220805 001517.734 DEBUG            PET1 VMK::recv():4898, size=8 in 1 chunks
20220805 001517.734 DEBUG            PET1 VMK::recv():4898, size=32 in 1 chunks
20220805 001517.734 DEBUG            PET1 VMK::recv():4898, size=16 in 1 chunks
20220805 001517.734 DEBUG            PET1 VMK::recv():4898, size=8 in 1 chunks
20220805 001517.734 DEBUG            PET1 VMK::recv():4898, size=32 in 1 chunks
20220805 001517.734 DEBUG            PET1 VMK::recv():4898, size=16 in 1 chunks
20220805 001517.734 DEBUG            PET1 VMK::send():4407, size=8 in 1 chunks
20220805 001517.734 DEBUG            PET1 VMK::send():4407, size=8 in 1 chunks
20220805 001517.734 DEBUG            PET1 VMK::recv():4898, size=40 in 1 chunks
20220805 001517.734 DEBUG            PET1 VMK::send():4407, size=4 in 1 chunks
20220805 001517.734 DEBUG            PET1 VMK::send():4407, size=88 in 1 chunks
20220805 001517.734 DEBUG            PET1 VMK::recv():4898, size=40 in 1 chunks
20220805 001517.734 DEBUG            PET1 VMK::send():4407, size=20 in 1 chunks
20220805 001517.734 DEBUG            PET1 VMK::recv():4898, size=4 in 1 chunks
20220805 001517.734 DEBUG            PET1 VMK::send():4407, size=20 in 1 chunks
20220805 001517.734 DEBUG            PET1 VMK::recv():4898, size=4 in 1 chunks
20220805 001517.734 DEBUG            PET1 VMK::send():4407, size=4 in 1 chunks
20220805 001517.734 DEBUG            PET1 VMK::recv():4898, size=44 in 1 chunks
20220805 001517.734 DEBUG            PET1 VMK::recv():4898, size=44 in 1 chunks
20220805 001517.734 DEBUG            PET1 VMK::send():4407, size=88 in 1 chunks
20220805 001517.734 DEBUG            PET1 VMK::recv():4898, size=8 in 1 chunks
20220805 001517.734 DEBUG            PET1 VMK::recv():4898, size=8 in 1 chunks
20220805 001517.734 DEBUG            PET1 VMK::recv():4898, size=8 in 1 chunks
20220805 001517.734 DEBUG            PET1 VMK::recv():4898, size=8 in 1 chunks
20220805 001517.734 DEBUG            PET1 VMK::recv():4898, size=8 in 1 chunks
20220805 001517.734 DEBUG            PET1 VMK::recv():4898, size=8 in 1 chunks
20220805 001517.734 DEBUG            PET1 VMK::recv():4898, size=8 in 1 chunks
20220805 001517.734 DEBUG            PET1 VMK::recv():4898, size=8 in 1 chunks
20220805 001517.734 DEBUG            PET1 VMK::recv():4898, size=8 in 1 chunks
20220805 001517.734 DEBUG            PET1 VMK::recv():4898, size=8 in 1 chunks
20220805 001517.734 DEBUG            PET1 VMK::recv():4898, size=8 in 1 chunks
20220805 001517.734 DEBUG            PET1 VMK::recv():4898, size=8 in 1 chunks
20220805 001517.734 DEBUG            PET1 VMK::recv():4898, size=8 in 1 chunks
20220805 001517.734 DEBUG            PET1 VMK::recv():4898, size=8 in 1 chunks
20220805 001517.734 DEBUG            PET1 VMK::recv():4898, size=8 in 1 chunks
20220805 001517.734 DEBUG            PET1 VMK::recv():4898, size=8 in 1 chunks
20220805 001517.735 DEBUG            PET1 VMK::recv():4898, size=8 in 1 chunks
20220805 001517.735 DEBUG            PET1 VMK::recv():4898, size=8 in 1 chunks
20220805 001517.735 DEBUG            PET1 VMK::recv():4898, size=8 in 1 chunks
20220805 001517.735 DEBUG            PET1 VMK::recv():4898, size=8 in 1 chunks
20220805 001517.735 DEBUG            PET1 VMK::recv():4898, size=8 in 1 chunks
20220805 001517.735 DEBUG            PET1 VMK::recv():4898, size=8 in 1 chunks
20220805 001517.735 DEBUG            PET1 VMK::recv():4898, size=8 in 1 chunks
20220805 001517.735 DEBUG            PET1 VMK::recv():4898, size=8 in 1 chunks
20220805 001517.735 DEBUG            PET1 VMK::recv():4898, size=8 in 1 chunks
20220805 001517.735 DEBUG            PET1 VMK::recv():4898, size=8 in 1 chunks
20220805 001517.735 DEBUG            PET1 VMK::recv():4898, size=8 in 1 chunks
20220805 001517.735 DEBUG            PET1 VMK::recv():4898, size=8 in 1 chunks
20220805 001517.735 DEBUG            PET1 VMK::recv():4898, size=8 in 1 chunks
20220805 001517.735 DEBUG            PET1 VMK::recv():4898, size=8 in 1 chunks
20220805 001517.735 DEBUG            PET1 VMK::recv():4898, size=8 in 1 chunks
20220805 001517.735 INFO             PET1 ESMF_FieldRedistStoreNF(): Leaving routine.
20220805 001517.735 DEBUG            PET1 VMK::recv():4898, size=8 in 1 chunks
20220805 001517.735 INFO             PET1 ESMF_FieldRedistStoreNF(): Just entered routine.
20220805 001517.735 DEBUG            PET1 VMK::recv():4898, size=8 in 1 chunks
20220805 001517.735 DEBUG            PET1 VMK::send():4407, size=4 in 1 chunks
20220805 001517.735 DEBUG            PET1 VMK::send():4407, size=4 in 1 chunks
20220805 001517.735 DEBUG            PET1 VMK::recv():4898, size=32 in 1 chunks
20220805 001517.735 DEBUG            PET1 VMK::send():4407, size=16 in 1 chunks
20220805 001517.735 DEBUG            PET1 VMK::send():4407, size=16 in 1 chunks
20220805 001517.735 DEBUG            PET1 VMK::recv():4898, size=16 in 1 chunks
20220805 001517.735 DEBUG            PET1 VMK::send():4407, size=8 in 1 chunks
20220805 001517.735 DEBUG            PET1 VMK::send():4407, size=8 in 1 chunks
20220805 001517.735 DEBUG            PET1 VMK::recv():4898, size=8 in 1 chunks
20220805 001517.735 DEBUG            PET1 VMK::send():4407, size=4 in 1 chunks
20220805 001517.735 DEBUG            PET1 VMK::send():4407, size=4 in 1 chunks
20220805 001517.735 DEBUG            PET1 VMK::recv():4898, size=32 in 1 chunks
20220805 001517.735 DEBUG            PET1 VMK::send():4407, size=16 in 1 chunks
20220805 001517.735 DEBUG            PET1 VMK::send():4407, size=16 in 1 chunks
20220805 001517.735 DEBUG            PET1 VMK::recv():4898, size=16 in 1 chunks
20220805 001517.735 DEBUG            PET1 VMK::recv():4898, size=40 in 1 chunks
20220805 001517.735 DEBUG            PET1 VMK::send():4407, size=20 in 1 chunks
20220805 001517.735 DEBUG            PET1 VMK::recv():4898, size=4 in 1 chunks
20220805 001517.735 DEBUG            PET1 VMK::send():4407, size=20 in 1 chunks
20220805 001517.735 DEBUG            PET1 VMK::recv():4898, size=4 in 1 chunks
20220805 001517.735 DEBUG            PET1 VMK::send():4407, size=4 in 1 chunks
20220805 001517.735 DEBUG            PET1 VMK::recv():4898, size=44 in 1 chunks
20220805 001517.735 DEBUG            PET1 VMK::recv():4898, size=44 in 1 chunks
20220805 001517.735 DEBUG            PET1 VMK::send():4407, size=88 in 1 chunks
20220805 001517.735 DEBUG            PET1 VMK::recv():4898, size=40 in 1 chunks
20220805 001517.735 DEBUG            PET1 VMK::send():4407, size=4 in 1 chunks
20220805 001517.735 DEBUG            PET1 VMK::send():4407, size=88 in 1 chunks
20220805 001517.736 DEBUG            PET1 VMK::send():4407, size=8 in 1 chunks
20220805 001517.736 DEBUG            PET1 VMK::send():4407, size=8 in 1 chunks
20220805 001517.736 DEBUG            PET1 VMK::send():4407, size=8 in 1 chunks
20220805 001517.736 DEBUG            PET1 VMK::send():4407, size=8 in 1 chunks
20220805 001517.736 DEBUG            PET1 VMK::send():4407, size=8 in 1 chunks
20220805 001517.736 DEBUG            PET1 VMK::send():4407, size=8 in 1 chunks
20220805 001517.736 DEBUG            PET1 VMK::send():4407, size=8 in 1 chunks
20220805 001517.736 DEBUG            PET1 VMK::send():4407, size=8 in 1 chunks
20220805 001517.736 DEBUG            PET1 VMK::send():4407, size=8 in 1 chunks
20220805 001517.736 DEBUG            PET1 VMK::send():4407, size=8 in 1 chunks
20220805 001517.736 DEBUG            PET1 VMK::send():4407, size=8 in 1 chunks
20220805 001517.736 DEBUG            PET1 VMK::send():4407, size=8 in 1 chunks
20220805 001517.736 DEBUG            PET1 VMK::send():4407, size=8 in 1 chunks
20220805 001517.736 DEBUG            PET1 VMK::send():4407, size=8 in 1 chunks
20220805 001517.736 DEBUG            PET1 VMK::send():4407, size=8 in 1 chunks
20220805 001517.736 DEBUG            PET1 VMK::send():4407, size=8 in 1 chunks
20220805 001517.736 DEBUG            PET1 VMK::send():4407, size=8 in 1 chunks
20220805 001517.736 DEBUG            PET1 VMK::send():4407, size=8 in 1 chunks
20220805 001517.736 DEBUG            PET1 VMK::send():4407, size=8 in 1 chunks
20220805 001517.736 DEBUG            PET1 VMK::send():4407, size=8 in 1 chunks
20220805 001517.736 DEBUG            PET1 VMK::send():4407, size=8 in 1 chunks
20220805 001517.736 DEBUG            PET1 VMK::send():4407, size=8 in 1 chunks
20220805 001517.736 DEBUG            PET1 VMK::send():4407, size=8 in 1 chunks
20220805 001517.736 DEBUG            PET1 VMK::send():4407, size=8 in 1 chunks
20220805 001517.736 DEBUG            PET1 VMK::send():4407, size=8 in 1 chunks
20220805 001517.736 DEBUG            PET1 VMK::send():4407, size=8 in 1 chunks
20220805 001517.737 DEBUG            PET1 VMK::send():4407, size=8 in 1 chunks
20220805 001517.737 DEBUG            PET1 VMK::send():4407, size=8 in 1 chunks
20220805 001517.737 DEBUG            PET1 VMK::send():4407, size=8 in 1 chunks
20220805 001517.737 DEBUG            PET1 VMK::send():4407, size=8 in 1 chunks
20220805 001517.737 DEBUG            PET1 VMK::send():4407, size=8 in 1 chunks
20220805 001517.737 INFO             PET1 ESMF_FieldRedistStoreNF(): Leaving routine.
20220805 001517.737 DEBUG            PET1 VMK::send():4407, size=8 in 1 chunks
20220805 001517.737 INFO             PET1  NUMBER_OF_PROCESSORS           4
20220805 001517.737 INFO             PET1  PASS  Example ESMF_FieldRedistEx, ESMF_FieldRedistEx.F90, line 521
20220805 001517.737 INFO             PET1 Finalizing ESMF
20220805 001517.737 DEBUG            PET1 epochFinal
20220805 001517.729 INFO             PET2 !!!!!!!!!!!!!!!!!!!!!!!!!!!!!!!!!!!!!!!!!!!!!!!!!!!!!!
20220805 001517.729 INFO             PET2 !!! THE ESMF_LOG IS SET TO OUTPUT ALL LOG MESSAGES !!!
20220805 001517.729 INFO             PET2 !!!     THIS MAY CAUSE SLOWDOWN IN PERFORMANCE     !!!
20220805 001517.729 INFO             PET2 !!! FOR PRODUCTION RUNS, USE:                      !!!
20220805 001517.729 INFO             PET2 !!!                   ESMF_LOGKIND_Multi_On_Error  !!!
20220805 001517.729 INFO             PET2 !!!!!!!!!!!!!!!!!!!!!!!!!!!!!!!!!!!!!!!!!!!!!!!!!!!!!!
20220805 001517.729 INFO             PET2 Running with ESMF Version   : v8.3.0b17-27-g5b5163fc0a
20220805 001517.729 INFO             PET2 ESMF library build date/time: "Aug  4 2022" "23:52:18"
20220805 001517.729 INFO             PET2 ESMF library build location : /project/esmf/rocky/esmf-testing/gfortran_11.2.0_openmpi_O_feature_large-messages/esmf
20220805 001517.729 INFO             PET2 ESMF_COMM                   : openmpi
20220805 001517.729 INFO             PET2 ESMF_MOAB                   : enabled
20220805 001517.729 INFO             PET2 ESMF_LAPACK                 : enabled
20220805 001517.729 INFO             PET2 ESMF_NETCDF                 : enabled
20220805 001517.729 INFO             PET2 ESMF_PNETCDF                : disabled
20220805 001517.729 INFO             PET2 ESMF_PIO                    : enabled
20220805 001517.729 INFO             PET2 ESMF_YAMLCPP                : enabled
20220805 001517.730 INFO             PET2 ESMF_FieldRedistStoreNF(): Just entered routine.
20220805 001517.732 DEBUG            PET2 VMK::recv():4898, size=16 in 1 chunks
20220805 001517.732 DEBUG            PET2 VMK::send():4407, size=16 in 1 chunks
20220805 001517.732 DEBUG            PET2 VMK::recv():4898, size=16 in 1 chunks
20220805 001517.732 DEBUG            PET2 VMK::send():4407, size=16 in 1 chunks
20220805 001517.732 DEBUG            PET2 VMK::recv():4898, size=16 in 1 chunks
20220805 001517.732 DEBUG            PET2 VMK::send():4407, size=16 in 1 chunks
20220805 001517.732 DEBUG            PET2 VMK::recv():4898, size=16 in 1 chunks
20220805 001517.732 DEBUG            PET2 VMK::send():4407, size=16 in 1 chunks
20220805 001517.732 DEBUG            PET2 VMK::recv():4898, size=16 in 1 chunks
20220805 001517.732 DEBUG            PET2 VMK::send():4407, size=16 in 1 chunks
20220805 001517.732 DEBUG            PET2 VMK::recv():4898, size=16 in 1 chunks
20220805 001517.732 DEBUG            PET2 VMK::send():4407, size=16 in 1 chunks
20220805 001517.732 DEBUG            PET2 VMK::recv():4898, size=16 in 1 chunks
20220805 001517.732 DEBUG            PET2 VMK::send():4407, size=16 in 1 chunks
20220805 001517.732 DEBUG            PET2 VMK::recv():4898, size=16 in 1 chunks
20220805 001517.732 DEBUG            PET2 VMK::send():4407, size=16 in 1 chunks
20220805 001517.732 DEBUG            PET2 VMK::recv():4898, size=16 in 1 chunks
20220805 001517.732 DEBUG            PET2 VMK::send():4407, size=16 in 1 chunks
20220805 001517.732 DEBUG            PET2 VMK::recv():4898, size=16 in 1 chunks
20220805 001517.732 DEBUG            PET2 VMK::send():4407, size=16 in 1 chunks
20220805 001517.732 DEBUG            PET2 VMK::recv():4898, size=16 in 1 chunks
20220805 001517.732 DEBUG            PET2 VMK::send():4407, size=16 in 1 chunks
20220805 001517.732 DEBUG            PET2 VMK::recv():4898, size=16 in 1 chunks
20220805 001517.732 DEBUG            PET2 VMK::send():4407, size=16 in 1 chunks
20220805 001517.732 DEBUG            PET2 VMK::recv():4898, size=16 in 1 chunks
20220805 001517.732 DEBUG            PET2 VMK::send():4407, size=16 in 1 chunks
20220805 001517.732 DEBUG            PET2 VMK::recv():4898, size=16 in 1 chunks
20220805 001517.732 DEBUG            PET2 VMK::send():4407, size=16 in 1 chunks
20220805 001517.732 DEBUG            PET2 VMK::recv():4898, size=16 in 1 chunks
20220805 001517.732 DEBUG            PET2 VMK::send():4407, size=16 in 1 chunks
20220805 001517.732 DEBUG            PET2 VMK::recv():4898, size=16 in 1 chunks
20220805 001517.732 DEBUG            PET2 VMK::send():4407, size=16 in 1 chunks
20220805 001517.732 DEBUG            PET2 VMK::recv():4898, size=16 in 1 chunks
20220805 001517.732 DEBUG            PET2 VMK::send():4407, size=16 in 1 chunks
20220805 001517.732 DEBUG            PET2 VMK::recv():4898, size=16 in 1 chunks
20220805 001517.732 DEBUG            PET2 VMK::send():4407, size=16 in 1 chunks
20220805 001517.732 DEBUG            PET2 VMK::recv():4898, size=16 in 1 chunks
20220805 001517.732 DEBUG            PET2 VMK::send():4407, size=16 in 1 chunks
20220805 001517.732 DEBUG            PET2 VMK::recv():4898, size=16 in 1 chunks
20220805 001517.732 DEBUG            PET2 VMK::send():4407, size=16 in 1 chunks
20220805 001517.732 DEBUG            PET2 VMK::recv():4898, size=16 in 1 chunks
20220805 001517.732 DEBUG            PET2 VMK::send():4407, size=16 in 1 chunks
20220805 001517.732 DEBUG            PET2 VMK::recv():4898, size=16 in 1 chunks
20220805 001517.732 DEBUG            PET2 VMK::send():4407, size=16 in 1 chunks
20220805 001517.732 DEBUG            PET2 VMK::recv():4898, size=16 in 1 chunks
20220805 001517.732 DEBUG            PET2 VMK::send():4407, size=16 in 1 chunks
20220805 001517.732 DEBUG            PET2 VMK::recv():4898, size=16 in 1 chunks
20220805 001517.732 DEBUG            PET2 VMK::send():4407, size=16 in 1 chunks
20220805 001517.732 DEBUG            PET2 VMK::recv():4898, size=16 in 1 chunks
20220805 001517.732 DEBUG            PET2 VMK::send():4407, size=16 in 1 chunks
20220805 001517.732 DEBUG            PET2 VMK::recv():4898, size=16 in 1 chunks
20220805 001517.732 DEBUG            PET2 VMK::send():4407, size=16 in 1 chunks
20220805 001517.732 DEBUG            PET2 VMK::recv():4898, size=16 in 1 chunks
20220805 001517.732 DEBUG            PET2 VMK::send():4407, size=16 in 1 chunks
20220805 001517.732 DEBUG            PET2 VMK::recv():4898, size=16 in 1 chunks
20220805 001517.732 DEBUG            PET2 VMK::send():4407, size=16 in 1 chunks
20220805 001517.732 DEBUG            PET2 VMK::recv():4898, size=16 in 1 chunks
20220805 001517.732 DEBUG            PET2 VMK::send():4407, size=16 in 1 chunks
20220805 001517.732 DEBUG            PET2 VMK::recv():4898, size=16 in 1 chunks
20220805 001517.732 DEBUG            PET2 VMK::send():4407, size=16 in 1 chunks
20220805 001517.733 DEBUG            PET2 VMK::recv():4898, size=16 in 1 chunks
20220805 001517.733 DEBUG            PET2 VMK::send():4407, size=16 in 1 chunks
20220805 001517.733 INFO             PET2 ESMF_FieldRedistStoreNF(): Leaving routine.
20220805 001517.733 DEBUG            PET2 VMK::recv():4898, size=16 in 1 chunks
20220805 001517.733 DEBUG            PET2 VMK::send():4407, size=16 in 1 chunks
20220805 001517.733 DEBUG            PET2 VMK::recv():4898, size=160 in 1 chunks
20220805 001517.733 DEBUG            PET2 VMK::send():4407, size=160 in 1 chunks
20220805 001517.734 INFO             PET2 ESMF_FieldRedistStoreNF(): Just entered routine.
20220805 001517.734 DEBUG            PET2 VMK::recv():4898, size=8 in 1 chunks
20220805 001517.734 DEBUG            PET2 VMK::recv():4898, size=32 in 1 chunks
20220805 001517.734 DEBUG            PET2 VMK::recv():4898, size=16 in 1 chunks
20220805 001517.734 DEBUG            PET2 VMK::recv():4898, size=8 in 1 chunks
20220805 001517.734 DEBUG            PET2 VMK::recv():4898, size=32 in 1 chunks
20220805 001517.734 DEBUG            PET2 VMK::recv():4898, size=8 in 1 chunks
20220805 001517.734 DEBUG            PET2 VMK::send():4407, size=8 in 1 chunks
20220805 001517.734 DEBUG            PET2 VMK::recv():4898, size=40 in 1 chunks
20220805 001517.734 DEBUG            PET2 VMK::send():4407, size=4 in 1 chunks
20220805 001517.734 DEBUG            PET2 VMK::send():4407, size=88 in 1 chunks
20220805 001517.734 DEBUG            PET2 VMK::recv():4898, size=20 in 1 chunks
20220805 001517.734 DEBUG            PET2 VMK::send():4407, size=20 in 1 chunks
20220805 001517.734 DEBUG            PET2 VMK::recv():4898, size=4 in 1 chunks
20220805 001517.734 DEBUG            PET2 VMK::send():4407, size=4 in 1 chunks
20220805 001517.734 DEBUG            PET2 VMK::recv():4898, size=44 in 1 chunks
20220805 001517.734 DEBUG            PET2 VMK::send():4407, size=44 in 1 chunks
20220805 001517.734 DEBUG            PET2 VMK::recv():4898, size=8 in 1 chunks
20220805 001517.734 DEBUG            PET2 VMK::recv():4898, size=8 in 1 chunks
20220805 001517.734 DEBUG            PET2 VMK::recv():4898, size=8 in 1 chunks
20220805 001517.734 DEBUG            PET2 VMK::recv():4898, size=8 in 1 chunks
20220805 001517.734 DEBUG            PET2 VMK::recv():4898, size=8 in 1 chunks
20220805 001517.734 DEBUG            PET2 VMK::recv():4898, size=8 in 1 chunks
20220805 001517.734 DEBUG            PET2 VMK::recv():4898, size=8 in 1 chunks
20220805 001517.734 DEBUG            PET2 VMK::recv():4898, size=8 in 1 chunks
20220805 001517.734 DEBUG            PET2 VMK::recv():4898, size=8 in 1 chunks
20220805 001517.734 DEBUG            PET2 VMK::recv():4898, size=8 in 1 chunks
20220805 001517.734 DEBUG            PET2 VMK::recv():4898, size=8 in 1 chunks
20220805 001517.734 DEBUG            PET2 VMK::recv():4898, size=8 in 1 chunks
20220805 001517.734 DEBUG            PET2 VMK::recv():4898, size=8 in 1 chunks
20220805 001517.734 DEBUG            PET2 VMK::recv():4898, size=8 in 1 chunks
20220805 001517.734 DEBUG            PET2 VMK::recv():4898, size=8 in 1 chunks
20220805 001517.734 DEBUG            PET2 VMK::recv():4898, size=8 in 1 chunks
20220805 001517.735 DEBUG            PET2 VMK::recv():4898, size=8 in 1 chunks
20220805 001517.735 DEBUG            PET2 VMK::recv():4898, size=8 in 1 chunks
20220805 001517.735 DEBUG            PET2 VMK::recv():4898, size=8 in 1 chunks
20220805 001517.735 DEBUG            PET2 VMK::recv():4898, size=8 in 1 chunks
20220805 001517.735 DEBUG            PET2 VMK::recv():4898, size=8 in 1 chunks
20220805 001517.735 DEBUG            PET2 VMK::recv():4898, size=8 in 1 chunks
20220805 001517.735 DEBUG            PET2 VMK::recv():4898, size=8 in 1 chunks
20220805 001517.735 DEBUG            PET2 VMK::recv():4898, size=8 in 1 chunks
20220805 001517.735 DEBUG            PET2 VMK::recv():4898, size=8 in 1 chunks
20220805 001517.735 DEBUG            PET2 VMK::recv():4898, size=8 in 1 chunks
20220805 001517.735 DEBUG            PET2 VMK::recv():4898, size=8 in 1 chunks
20220805 001517.735 DEBUG            PET2 VMK::recv():4898, size=8 in 1 chunks
20220805 001517.735 DEBUG            PET2 VMK::recv():4898, size=8 in 1 chunks
20220805 001517.735 DEBUG            PET2 VMK::recv():4898, size=8 in 1 chunks
20220805 001517.735 DEBUG            PET2 VMK::recv():4898, size=8 in 1 chunks
20220805 001517.735 INFO             PET2 ESMF_FieldRedistStoreNF(): Leaving routine.
20220805 001517.735 DEBUG            PET2 VMK::recv():4898, size=8 in 1 chunks
20220805 001517.735 INFO             PET2 ESMF_FieldRedistStoreNF(): Just entered routine.
20220805 001517.735 DEBUG            PET2 VMK::recv():4898, size=4 in 1 chunks
20220805 001517.735 DEBUG            PET2 VMK::send():4407, size=4 in 1 chunks
20220805 001517.735 DEBUG            PET2 VMK::recv():4898, size=16 in 1 chunks
20220805 001517.735 DEBUG            PET2 VMK::send():4407, size=16 in 1 chunks
20220805 001517.735 DEBUG            PET2 VMK::recv():4898, size=8 in 1 chunks
20220805 001517.735 DEBUG            PET2 VMK::send():4407, size=8 in 1 chunks
20220805 001517.735 DEBUG            PET2 VMK::recv():4898, size=4 in 1 chunks
20220805 001517.735 DEBUG            PET2 VMK::send():4407, size=4 in 1 chunks
20220805 001517.735 DEBUG            PET2 VMK::recv():4898, size=16 in 1 chunks
20220805 001517.735 DEBUG            PET2 VMK::send():4407, size=16 in 1 chunks
20220805 001517.735 DEBUG            PET2 VMK::recv():4898, size=16 in 1 chunks
20220805 001517.735 DEBUG            PET2 VMK::recv():4898, size=20 in 1 chunks
20220805 001517.735 DEBUG            PET2 VMK::send():4407, size=20 in 1 chunks
20220805 001517.735 DEBUG            PET2 VMK::recv():4898, size=4 in 1 chunks
20220805 001517.735 DEBUG            PET2 VMK::send():4407, size=4 in 1 chunks
20220805 001517.735 DEBUG            PET2 VMK::recv():4898, size=44 in 1 chunks
20220805 001517.735 DEBUG            PET2 VMK::send():4407, size=44 in 1 chunks
20220805 001517.735 DEBUG            PET2 VMK::recv():4898, size=40 in 1 chunks
20220805 001517.735 DEBUG            PET2 VMK::send():4407, size=4 in 1 chunks
20220805 001517.735 DEBUG            PET2 VMK::send():4407, size=88 in 1 chunks
20220805 001517.736 DEBUG            PET2 VMK::send():4407, size=8 in 1 chunks
20220805 001517.736 DEBUG            PET2 VMK::send():4407, size=8 in 1 chunks
20220805 001517.736 DEBUG            PET2 VMK::send():4407, size=8 in 1 chunks
20220805 001517.736 DEBUG            PET2 VMK::send():4407, size=8 in 1 chunks
20220805 001517.736 DEBUG            PET2 VMK::send():4407, size=8 in 1 chunks
20220805 001517.736 DEBUG            PET2 VMK::send():4407, size=8 in 1 chunks
20220805 001517.736 DEBUG            PET2 VMK::send():4407, size=8 in 1 chunks
20220805 001517.736 DEBUG            PET2 VMK::send():4407, size=8 in 1 chunks
20220805 001517.736 DEBUG            PET2 VMK::send():4407, size=8 in 1 chunks
20220805 001517.736 DEBUG            PET2 VMK::send():4407, size=8 in 1 chunks
20220805 001517.736 DEBUG            PET2 VMK::send():4407, size=8 in 1 chunks
20220805 001517.736 DEBUG            PET2 VMK::send():4407, size=8 in 1 chunks
20220805 001517.736 DEBUG            PET2 VMK::send():4407, size=8 in 1 chunks
20220805 001517.736 DEBUG            PET2 VMK::send():4407, size=8 in 1 chunks
20220805 001517.736 DEBUG            PET2 VMK::send():4407, size=8 in 1 chunks
20220805 001517.736 DEBUG            PET2 VMK::send():4407, size=8 in 1 chunks
20220805 001517.736 DEBUG            PET2 VMK::send():4407, size=8 in 1 chunks
20220805 001517.736 DEBUG            PET2 VMK::send():4407, size=8 in 1 chunks
20220805 001517.736 DEBUG            PET2 VMK::send():4407, size=8 in 1 chunks
20220805 001517.736 DEBUG            PET2 VMK::send():4407, size=8 in 1 chunks
20220805 001517.736 DEBUG            PET2 VMK::send():4407, size=8 in 1 chunks
20220805 001517.736 DEBUG            PET2 VMK::send():4407, size=8 in 1 chunks
20220805 001517.736 DEBUG            PET2 VMK::send():4407, size=8 in 1 chunks
20220805 001517.736 DEBUG            PET2 VMK::send():4407, size=8 in 1 chunks
20220805 001517.736 DEBUG            PET2 VMK::send():4407, size=8 in 1 chunks
20220805 001517.736 DEBUG            PET2 VMK::send():4407, size=8 in 1 chunks
20220805 001517.737 DEBUG            PET2 VMK::send():4407, size=8 in 1 chunks
20220805 001517.737 DEBUG            PET2 VMK::send():4407, size=8 in 1 chunks
20220805 001517.737 DEBUG            PET2 VMK::send():4407, size=8 in 1 chunks
20220805 001517.737 DEBUG            PET2 VMK::send():4407, size=8 in 1 chunks
20220805 001517.737 DEBUG            PET2 VMK::send():4407, size=8 in 1 chunks
20220805 001517.737 INFO             PET2 ESMF_FieldRedistStoreNF(): Leaving routine.
20220805 001517.737 DEBUG            PET2 VMK::send():4407, size=8 in 1 chunks
20220805 001517.737 INFO             PET2  NUMBER_OF_PROCESSORS           4
20220805 001517.737 INFO             PET2  PASS  Example ESMF_FieldRedistEx, ESMF_FieldRedistEx.F90, line 521
20220805 001517.737 INFO             PET2 Finalizing ESMF
20220805 001517.737 DEBUG            PET2 epochFinal
20220805 001517.729 INFO             PET3 !!!!!!!!!!!!!!!!!!!!!!!!!!!!!!!!!!!!!!!!!!!!!!!!!!!!!!
20220805 001517.729 INFO             PET3 !!! THE ESMF_LOG IS SET TO OUTPUT ALL LOG MESSAGES !!!
20220805 001517.729 INFO             PET3 !!!     THIS MAY CAUSE SLOWDOWN IN PERFORMANCE     !!!
20220805 001517.729 INFO             PET3 !!! FOR PRODUCTION RUNS, USE:                      !!!
20220805 001517.729 INFO             PET3 !!!                   ESMF_LOGKIND_Multi_On_Error  !!!
20220805 001517.729 INFO             PET3 !!!!!!!!!!!!!!!!!!!!!!!!!!!!!!!!!!!!!!!!!!!!!!!!!!!!!!
20220805 001517.729 INFO             PET3 Running with ESMF Version   : v8.3.0b17-27-g5b5163fc0a
20220805 001517.729 INFO             PET3 ESMF library build date/time: "Aug  4 2022" "23:52:18"
20220805 001517.729 INFO             PET3 ESMF library build location : /project/esmf/rocky/esmf-testing/gfortran_11.2.0_openmpi_O_feature_large-messages/esmf
20220805 001517.729 INFO             PET3 ESMF_COMM                   : openmpi
20220805 001517.729 INFO             PET3 ESMF_MOAB                   : enabled
20220805 001517.729 INFO             PET3 ESMF_LAPACK                 : enabled
20220805 001517.729 INFO             PET3 ESMF_NETCDF                 : enabled
20220805 001517.729 INFO             PET3 ESMF_PNETCDF                : disabled
20220805 001517.729 INFO             PET3 ESMF_PIO                    : enabled
20220805 001517.729 INFO             PET3 ESMF_YAMLCPP                : enabled
20220805 001517.730 INFO             PET3 ESMF_FieldRedistStoreNF(): Just entered routine.
20220805 001517.732 DEBUG            PET3 VMK::recv():4898, size=16 in 1 chunks
20220805 001517.732 DEBUG            PET3 VMK::send():4407, size=16 in 1 chunks
20220805 001517.732 DEBUG            PET3 VMK::recv():4898, size=16 in 1 chunks
20220805 001517.732 DEBUG            PET3 VMK::send():4407, size=16 in 1 chunks
20220805 001517.732 DEBUG            PET3 VMK::recv():4898, size=16 in 1 chunks
20220805 001517.732 DEBUG            PET3 VMK::send():4407, size=16 in 1 chunks
20220805 001517.732 DEBUG            PET3 VMK::recv():4898, size=16 in 1 chunks
20220805 001517.732 DEBUG            PET3 VMK::send():4407, size=16 in 1 chunks
20220805 001517.732 DEBUG            PET3 VMK::recv():4898, size=16 in 1 chunks
20220805 001517.732 DEBUG            PET3 VMK::send():4407, size=16 in 1 chunks
20220805 001517.732 DEBUG            PET3 VMK::recv():4898, size=16 in 1 chunks
20220805 001517.732 DEBUG            PET3 VMK::send():4407, size=16 in 1 chunks
20220805 001517.732 DEBUG            PET3 VMK::recv():4898, size=16 in 1 chunks
20220805 001517.732 DEBUG            PET3 VMK::send():4407, size=16 in 1 chunks
20220805 001517.732 DEBUG            PET3 VMK::recv():4898, size=16 in 1 chunks
20220805 001517.732 DEBUG            PET3 VMK::send():4407, size=16 in 1 chunks
20220805 001517.732 DEBUG            PET3 VMK::recv():4898, size=16 in 1 chunks
20220805 001517.732 DEBUG            PET3 VMK::send():4407, size=16 in 1 chunks
20220805 001517.732 DEBUG            PET3 VMK::recv():4898, size=16 in 1 chunks
20220805 001517.732 DEBUG            PET3 VMK::send():4407, size=16 in 1 chunks
20220805 001517.732 DEBUG            PET3 VMK::recv():4898, size=16 in 1 chunks
20220805 001517.732 DEBUG            PET3 VMK::send():4407, size=16 in 1 chunks
20220805 001517.732 DEBUG            PET3 VMK::recv():4898, size=16 in 1 chunks
20220805 001517.732 DEBUG            PET3 VMK::send():4407, size=16 in 1 chunks
20220805 001517.732 DEBUG            PET3 VMK::recv():4898, size=16 in 1 chunks
20220805 001517.732 DEBUG            PET3 VMK::send():4407, size=16 in 1 chunks
20220805 001517.732 DEBUG            PET3 VMK::recv():4898, size=16 in 1 chunks
20220805 001517.732 DEBUG            PET3 VMK::send():4407, size=16 in 1 chunks
20220805 001517.732 DEBUG            PET3 VMK::recv():4898, size=16 in 1 chunks
20220805 001517.732 DEBUG            PET3 VMK::send():4407, size=16 in 1 chunks
20220805 001517.732 DEBUG            PET3 VMK::recv():4898, size=16 in 1 chunks
20220805 001517.732 DEBUG            PET3 VMK::send():4407, size=16 in 1 chunks
20220805 001517.732 DEBUG            PET3 VMK::recv():4898, size=16 in 1 chunks
20220805 001517.732 DEBUG            PET3 VMK::send():4407, size=16 in 1 chunks
20220805 001517.732 DEBUG            PET3 VMK::recv():4898, size=16 in 1 chunks
20220805 001517.732 DEBUG            PET3 VMK::send():4407, size=16 in 1 chunks
20220805 001517.732 DEBUG            PET3 VMK::recv():4898, size=16 in 1 chunks
20220805 001517.732 DEBUG            PET3 VMK::send():4407, size=16 in 1 chunks
20220805 001517.732 DEBUG            PET3 VMK::recv():4898, size=16 in 1 chunks
20220805 001517.732 DEBUG            PET3 VMK::send():4407, size=16 in 1 chunks
20220805 001517.732 DEBUG            PET3 VMK::recv():4898, size=16 in 1 chunks
20220805 001517.732 DEBUG            PET3 VMK::send():4407, size=16 in 1 chunks
20220805 001517.732 DEBUG            PET3 VMK::recv():4898, size=16 in 1 chunks
20220805 001517.732 DEBUG            PET3 VMK::send():4407, size=16 in 1 chunks
20220805 001517.732 DEBUG            PET3 VMK::recv():4898, size=16 in 1 chunks
20220805 001517.732 DEBUG            PET3 VMK::send():4407, size=16 in 1 chunks
20220805 001517.732 DEBUG            PET3 VMK::recv():4898, size=16 in 1 chunks
20220805 001517.732 DEBUG            PET3 VMK::send():4407, size=16 in 1 chunks
20220805 001517.732 DEBUG            PET3 VMK::recv():4898, size=16 in 1 chunks
20220805 001517.732 DEBUG            PET3 VMK::send():4407, size=16 in 1 chunks
20220805 001517.732 DEBUG            PET3 VMK::recv():4898, size=16 in 1 chunks
20220805 001517.732 DEBUG            PET3 VMK::send():4407, size=16 in 1 chunks
20220805 001517.732 DEBUG            PET3 VMK::recv():4898, size=16 in 1 chunks
20220805 001517.732 DEBUG            PET3 VMK::send():4407, size=16 in 1 chunks
20220805 001517.732 DEBUG            PET3 VMK::recv():4898, size=16 in 1 chunks
20220805 001517.732 DEBUG            PET3 VMK::send():4407, size=16 in 1 chunks
20220805 001517.732 DEBUG            PET3 VMK::recv():4898, size=16 in 1 chunks
20220805 001517.732 DEBUG            PET3 VMK::send():4407, size=16 in 1 chunks
20220805 001517.732 DEBUG            PET3 VMK::recv():4898, size=16 in 1 chunks
20220805 001517.732 DEBUG            PET3 VMK::send():4407, size=16 in 1 chunks
20220805 001517.733 DEBUG            PET3 VMK::recv():4898, size=16 in 1 chunks
20220805 001517.733 DEBUG            PET3 VMK::send():4407, size=16 in 1 chunks
20220805 001517.733 INFO             PET3 ESMF_FieldRedistStoreNF(): Leaving routine.
20220805 001517.733 DEBUG            PET3 VMK::recv():4898, size=16 in 1 chunks
20220805 001517.733 DEBUG            PET3 VMK::send():4407, size=16 in 1 chunks
20220805 001517.733 DEBUG            PET3 VMK::recv():4898, size=160 in 1 chunks
20220805 001517.733 DEBUG            PET3 VMK::send():4407, size=160 in 1 chunks
20220805 001517.734 INFO             PET3 ESMF_FieldRedistStoreNF(): Just entered routine.
20220805 001517.734 DEBUG            PET3 VMK::recv():4898, size=8 in 1 chunks
20220805 001517.734 DEBUG            PET3 VMK::recv():4898, size=32 in 1 chunks
20220805 001517.734 DEBUG            PET3 VMK::recv():4898, size=16 in 1 chunks
20220805 001517.734 DEBUG            PET3 VMK::recv():4898, size=8 in 1 chunks
20220805 001517.734 DEBUG            PET3 VMK::recv():4898, size=32 in 1 chunks
20220805 001517.734 DEBUG            PET3 VMK::recv():4898, size=8 in 1 chunks
20220805 001517.734 DEBUG            PET3 VMK::recv():4898, size=40 in 1 chunks
20220805 001517.734 DEBUG            PET3 VMK::send():4407, size=4 in 1 chunks
20220805 001517.734 DEBUG            PET3 VMK::send():4407, size=88 in 1 chunks
20220805 001517.734 DEBUG            PET3 VMK::recv():4898, size=20 in 1 chunks
20220805 001517.734 DEBUG            PET3 VMK::send():4407, size=4 in 1 chunks
20220805 001517.734 DEBUG            PET3 VMK::send():4407, size=44 in 1 chunks
20220805 001517.734 DEBUG            PET3 VMK::recv():4898, size=4 in 1 chunks
20220805 001517.734 DEBUG            PET3 VMK::recv():4898, size=4 in 1 chunks
20220805 001517.734 DEBUG            PET3 VMK::recv():4898, size=4 in 1 chunks
20220805 001517.734 DEBUG            PET3 VMK::recv():4898, size=4 in 1 chunks
20220805 001517.734 DEBUG            PET3 VMK::recv():4898, size=4 in 1 chunks
20220805 001517.734 DEBUG            PET3 VMK::recv():4898, size=4 in 1 chunks
20220805 001517.734 DEBUG            PET3 VMK::recv():4898, size=4 in 1 chunks
20220805 001517.734 DEBUG            PET3 VMK::recv():4898, size=4 in 1 chunks
20220805 001517.734 DEBUG            PET3 VMK::recv():4898, size=4 in 1 chunks
20220805 001517.734 DEBUG            PET3 VMK::recv():4898, size=4 in 1 chunks
20220805 001517.734 DEBUG            PET3 VMK::recv():4898, size=4 in 1 chunks
20220805 001517.734 DEBUG            PET3 VMK::recv():4898, size=4 in 1 chunks
20220805 001517.734 DEBUG            PET3 VMK::recv():4898, size=4 in 1 chunks
20220805 001517.734 DEBUG            PET3 VMK::recv():4898, size=4 in 1 chunks
20220805 001517.734 DEBUG            PET3 VMK::recv():4898, size=4 in 1 chunks
20220805 001517.734 DEBUG            PET3 VMK::recv():4898, size=4 in 1 chunks
20220805 001517.735 DEBUG            PET3 VMK::recv():4898, size=4 in 1 chunks
20220805 001517.735 DEBUG            PET3 VMK::recv():4898, size=4 in 1 chunks
20220805 001517.735 DEBUG            PET3 VMK::recv():4898, size=4 in 1 chunks
20220805 001517.735 DEBUG            PET3 VMK::recv():4898, size=4 in 1 chunks
20220805 001517.735 DEBUG            PET3 VMK::recv():4898, size=4 in 1 chunks
20220805 001517.735 DEBUG            PET3 VMK::recv():4898, size=4 in 1 chunks
20220805 001517.735 DEBUG            PET3 VMK::recv():4898, size=4 in 1 chunks
20220805 001517.735 DEBUG            PET3 VMK::recv():4898, size=4 in 1 chunks
20220805 001517.735 DEBUG            PET3 VMK::recv():4898, size=4 in 1 chunks
20220805 001517.735 DEBUG            PET3 VMK::recv():4898, size=4 in 1 chunks
20220805 001517.735 DEBUG            PET3 VMK::recv():4898, size=4 in 1 chunks
20220805 001517.735 DEBUG            PET3 VMK::recv():4898, size=4 in 1 chunks
20220805 001517.735 DEBUG            PET3 VMK::recv():4898, size=4 in 1 chunks
20220805 001517.735 DEBUG            PET3 VMK::recv():4898, size=4 in 1 chunks
20220805 001517.735 DEBUG            PET3 VMK::recv():4898, size=4 in 1 chunks
20220805 001517.735 INFO             PET3 ESMF_FieldRedistStoreNF(): Leaving routine.
20220805 001517.735 DEBUG            PET3 VMK::recv():4898, size=4 in 1 chunks
20220805 001517.735 INFO             PET3 ESMF_FieldRedistStoreNF(): Just entered routine.
20220805 001517.735 DEBUG            PET3 VMK::recv():4898, size=4 in 1 chunks
20220805 001517.735 DEBUG            PET3 VMK::recv():4898, size=16 in 1 chunks
20220805 001517.735 DEBUG            PET3 VMK::recv():4898, size=8 in 1 chunks
20220805 001517.735 DEBUG            PET3 VMK::recv():4898, size=4 in 1 chunks
20220805 001517.735 DEBUG            PET3 VMK::recv():4898, size=16 in 1 chunks
20220805 001517.735 DEBUG            PET3 VMK::recv():4898, size=16 in 1 chunks
20220805 001517.735 DEBUG            PET3 VMK::recv():4898, size=20 in 1 chunks
20220805 001517.735 DEBUG            PET3 VMK::send():4407, size=4 in 1 chunks
20220805 001517.735 DEBUG            PET3 VMK::send():4407, size=44 in 1 chunks
20220805 001517.735 DEBUG            PET3 VMK::recv():4898, size=40 in 1 chunks
20220805 001517.735 DEBUG            PET3 VMK::send():4407, size=4 in 1 chunks
20220805 001517.735 DEBUG            PET3 VMK::send():4407, size=88 in 1 chunks
20220805 001517.736 DEBUG            PET3 VMK::send():4407, size=4 in 1 chunks
20220805 001517.736 DEBUG            PET3 VMK::send():4407, size=4 in 1 chunks
20220805 001517.736 DEBUG            PET3 VMK::send():4407, size=4 in 1 chunks
20220805 001517.736 DEBUG            PET3 VMK::send():4407, size=4 in 1 chunks
20220805 001517.736 DEBUG            PET3 VMK::send():4407, size=4 in 1 chunks
20220805 001517.736 DEBUG            PET3 VMK::send():4407, size=4 in 1 chunks
20220805 001517.736 DEBUG            PET3 VMK::send():4407, size=4 in 1 chunks
20220805 001517.736 DEBUG            PET3 VMK::send():4407, size=4 in 1 chunks
20220805 001517.736 DEBUG            PET3 VMK::send():4407, size=4 in 1 chunks
20220805 001517.736 DEBUG            PET3 VMK::send():4407, size=4 in 1 chunks
20220805 001517.736 DEBUG            PET3 VMK::send():4407, size=4 in 1 chunks
20220805 001517.736 DEBUG            PET3 VMK::send():4407, size=4 in 1 chunks
20220805 001517.736 DEBUG            PET3 VMK::send():4407, size=4 in 1 chunks
20220805 001517.736 DEBUG            PET3 VMK::send():4407, size=4 in 1 chunks
20220805 001517.736 DEBUG            PET3 VMK::send():4407, size=4 in 1 chunks
20220805 001517.736 DEBUG            PET3 VMK::send():4407, size=4 in 1 chunks
20220805 001517.736 DEBUG            PET3 VMK::send():4407, size=4 in 1 chunks
20220805 001517.736 DEBUG            PET3 VMK::send():4407, size=4 in 1 chunks
20220805 001517.736 DEBUG            PET3 VMK::send():4407, size=4 in 1 chunks
20220805 001517.736 DEBUG            PET3 VMK::send():4407, size=4 in 1 chunks
20220805 001517.736 DEBUG            PET3 VMK::send():4407, size=4 in 1 chunks
20220805 001517.736 DEBUG            PET3 VMK::send():4407, size=4 in 1 chunks
20220805 001517.736 DEBUG            PET3 VMK::send():4407, size=4 in 1 chunks
20220805 001517.736 DEBUG            PET3 VMK::send():4407, size=4 in 1 chunks
20220805 001517.736 DEBUG            PET3 VMK::send():4407, size=4 in 1 chunks
20220805 001517.736 DEBUG            PET3 VMK::send():4407, size=4 in 1 chunks
20220805 001517.737 DEBUG            PET3 VMK::send():4407, size=4 in 1 chunks
20220805 001517.737 DEBUG            PET3 VMK::send():4407, size=4 in 1 chunks
20220805 001517.737 DEBUG            PET3 VMK::send():4407, size=4 in 1 chunks
20220805 001517.737 DEBUG            PET3 VMK::send():4407, size=4 in 1 chunks
20220805 001517.737 DEBUG            PET3 VMK::send():4407, size=4 in 1 chunks
20220805 001517.737 INFO             PET3 ESMF_FieldRedistStoreNF(): Leaving routine.
20220805 001517.737 DEBUG            PET3 VMK::send():4407, size=4 in 1 chunks
20220805 001517.737 INFO             PET3  NUMBER_OF_PROCESSORS           4
20220805 001517.737 INFO             PET3  PASS  Example ESMF_FieldRedistEx, ESMF_FieldRedistEx.F90, line 521
20220805 001517.737 INFO             PET3 Finalizing ESMF
20220805 001517.737 DEBUG            PET3 epochFinal
