2022-08-08 01:08:51
20220808 015312.035 INFO             PET0 !!!!!!!!!!!!!!!!!!!!!!!!!!!!!!!!!!!!!!!!!!!!!!!!!!!!!!
20220808 015312.035 INFO             PET0 !!! THE ESMF_LOG IS SET TO OUTPUT ALL LOG MESSAGES !!!
20220808 015312.035 INFO             PET0 !!!     THIS MAY CAUSE SLOWDOWN IN PERFORMANCE     !!!
20220808 015312.035 INFO             PET0 !!! FOR PRODUCTION RUNS, USE:                      !!!
20220808 015312.035 INFO             PET0 !!!                   ESMF_LOGKIND_Multi_On_Error  !!!
20220808 015312.035 INFO             PET0 !!!!!!!!!!!!!!!!!!!!!!!!!!!!!!!!!!!!!!!!!!!!!!!!!!!!!!
20220808 015312.035 INFO             PET0 Running with ESMF Version   : 8.3.0
20220808 015312.035 INFO             PET0 ESMF library build date/time: "Aug  8 2022" "01:07:00"
20220808 015312.035 INFO             PET0 ESMF library build location : /lustre/f2/dev/Mark.Potts/esmf-test/intel_2019.5_mpi_O_feature_large-messages/esmf
20220808 015312.035 INFO             PET0 ESMF_COMM                   : mpi
20220808 015312.036 INFO             PET0 ESMF_MOAB                   : enabled
20220808 015312.036 INFO             PET0 ESMF_LAPACK                 : enabled
20220808 015312.036 INFO             PET0 ESMF_NETCDF                 : enabled
20220808 015312.036 INFO             PET0 ESMF_PNETCDF                : disabled
20220808 015312.036 INFO             PET0 ESMF_PIO                    : enabled
20220808 015312.036 INFO             PET0 ESMF_YAMLCPP                : enabled
20220808 015312.038 DEBUG            PET0 VMK::recv():4898, size=100 in 1 chunks
20220808 015312.038 DEBUG            PET0 VMK::send():4407, size=100 in 1 chunks
20220808 015312.038 DEBUG            PET0 VMK::send():4407, size=100 in 1 chunks
20220808 015312.038 DEBUG            PET0 VMK::send():4407, size=100 in 1 chunks
20220808 015312.038 DEBUG            PET0 VMK::recv():4898, size=400 in 1 chunks
20220808 015312.038 DEBUG            PET0 VMK::send():4407, size=400 in 1 chunks
20220808 015312.038 DEBUG            PET0 VMK::send():4407, size=400 in 1 chunks
20220808 015312.038 DEBUG            PET0 VMK::send():4407, size=400 in 1 chunks
20220808 015312.039 DEBUG            PET0 VMK::recv():4898, size=200 in 1 chunks
20220808 015312.039 DEBUG            PET0 VMK::send():4407, size=200 in 1 chunks
20220808 015312.039 DEBUG            PET0 VMK::send():4407, size=200 in 1 chunks
20220808 015312.039 DEBUG            PET0 VMK::send():4407, size=200 in 1 chunks
20220808 015312.039 DEBUG            PET0 VMK::recv():4898, size=100 in 1 chunks
20220808 015312.039 DEBUG            PET0 VMK::send():4407, size=100 in 1 chunks
20220808 015312.039 DEBUG            PET0 VMK::send():4407, size=100 in 1 chunks
20220808 015312.039 DEBUG            PET0 VMK::send():4407, size=100 in 1 chunks
20220808 015312.039 DEBUG            PET0 VMK::recv():4898, size=400 in 1 chunks
20220808 015312.039 DEBUG            PET0 VMK::send():4407, size=400 in 1 chunks
20220808 015312.039 DEBUG            PET0 VMK::send():4407, size=400 in 1 chunks
20220808 015312.039 DEBUG            PET0 VMK::send():4407, size=400 in 1 chunks
20220808 015312.039 DEBUG            PET0 VMK::recv():4898, size=200 in 1 chunks
20220808 015312.039 DEBUG            PET0 VMK::recv():4898, size=200 in 1 chunks
20220808 015312.039 DEBUG            PET0 VMK::recv():4898, size=500 in 1 chunks
20220808 015312.039 DEBUG            PET0 VMK::send():4407, size=500 in 1 chunks
20220808 015312.039 DEBUG            PET0 VMK::recv():4898, size=4 in 1 chunks
20220808 015312.039 DEBUG            PET0 VMK::send():4407, size=500 in 1 chunks
20220808 015312.039 DEBUG            PET0 VMK::recv():4898, size=4 in 1 chunks
20220808 015312.039 DEBUG            PET0 VMK::send():4407, size=500 in 1 chunks
20220808 015312.039 DEBUG            PET0 VMK::recv():4898, size=4 in 1 chunks
20220808 015312.039 DEBUG            PET0 VMK::send():4407, size=4 in 1 chunks
20220808 015312.039 DEBUG            PET0 VMK::recv():4898, size=1100 in 1 chunks
20220808 015312.039 DEBUG            PET0 VMK::recv():4898, size=1100 in 1 chunks
20220808 015312.039 DEBUG            PET0 VMK::recv():4898, size=1100 in 1 chunks
20220808 015312.039 DEBUG            PET0 VMK::send():4407, size=1100 in 1 chunks
20220808 015312.039 DEBUG            PET0 VMK::recv():4898, size=500 in 1 chunks
20220808 015312.039 DEBUG            PET0 VMK::recv():4898, size=500 in 1 chunks
20220808 015312.039 DEBUG            PET0 VMK::send():4407, size=4 in 1 chunks
20220808 015312.039 DEBUG            PET0 VMK::send():4407, size=4 in 1 chunks
20220808 015312.039 DEBUG            PET0 VMK::send():4407, size=1100 in 1 chunks
20220808 015312.039 DEBUG            PET0 VMK::send():4407, size=1100 in 1 chunks
20220808 015315.543 DEBUG            PET0 VMK::send():4407, size=240 in 1 chunks
20220808 015315.543 DEBUG            PET0 VMK::send():4407, size=160 in 1 chunks
20220808 015315.543 DEBUG            PET0 VMK::send():4407, size=240 in 1 chunks
20220808 015315.543 DEBUG            PET0 VMK::send():4407, size=160 in 1 chunks
20220808 015315.543 DEBUG            PET0 VMK::send():4407, size=240 in 1 chunks
20220808 015315.543 DEBUG            PET0 VMK::send():4407, size=160 in 1 chunks
20220808 015315.543 DEBUG            PET0 VMK::send():4407, size=240 in 1 chunks
20220808 015315.543 DEBUG            PET0 VMK::send():4407, size=160 in 1 chunks
20220808 015315.543 DEBUG            PET0 VMK::send():4407, size=240 in 1 chunks
20220808 015315.543 DEBUG            PET0 VMK::send():4407, size=160 in 1 chunks
20220808 015315.544 DEBUG            PET0 VMK::send():4407, size=240 in 1 chunks
20220808 015315.544 DEBUG            PET0 VMK::send():4407, size=160 in 1 chunks
20220808 015315.544 DEBUG            PET0 VMK::send():4407, size=240 in 1 chunks
20220808 015315.544 DEBUG            PET0 VMK::send():4407, size=160 in 1 chunks
20220808 015315.544 DEBUG            PET0 VMK::send():4407, size=240 in 1 chunks
20220808 015315.544 DEBUG            PET0 VMK::send():4407, size=160 in 1 chunks
20220808 015315.544 DEBUG            PET0 VMK::send():4407, size=240 in 1 chunks
20220808 015315.544 DEBUG            PET0 VMK::send():4407, size=160 in 1 chunks
20220808 015315.544 DEBUG            PET0 VMK::send():4407, size=240 in 1 chunks
20220808 015315.544 DEBUG            PET0 VMK::send():4407, size=160 in 1 chunks
20220808 015315.544 DEBUG            PET0 VMK::send():4407, size=240 in 1 chunks
20220808 015315.544 DEBUG            PET0 VMK::send():4407, size=160 in 1 chunks
20220808 015315.544 DEBUG            PET0 VMK::send():4407, size=240 in 1 chunks
20220808 015315.544 DEBUG            PET0 VMK::send():4407, size=160 in 1 chunks
20220808 015315.544 DEBUG            PET0 VMK::send():4407, size=240 in 1 chunks
20220808 015315.544 DEBUG            PET0 VMK::send():4407, size=160 in 1 chunks
20220808 015315.544 DEBUG            PET0 VMK::send():4407, size=240 in 1 chunks
20220808 015315.544 DEBUG            PET0 VMK::send():4407, size=160 in 1 chunks
20220808 015315.544 DEBUG            PET0 VMK::send():4407, size=240 in 1 chunks
20220808 015315.544 DEBUG            PET0 VMK::send():4407, size=160 in 1 chunks
20220808 015315.544 DEBUG            PET0 VMK::send():4407, size=240 in 1 chunks
20220808 015315.544 DEBUG            PET0 VMK::send():4407, size=160 in 1 chunks
20220808 015315.544 DEBUG            PET0 VMK::send():4407, size=240 in 1 chunks
20220808 015315.544 DEBUG            PET0 VMK::send():4407, size=160 in 1 chunks
20220808 015315.544 DEBUG            PET0 VMK::send():4407, size=240 in 1 chunks
20220808 015315.544 DEBUG            PET0 VMK::send():4407, size=160 in 1 chunks
20220808 015315.544 DEBUG            PET0 VMK::send():4407, size=240 in 1 chunks
20220808 015315.544 DEBUG            PET0 VMK::send():4407, size=160 in 1 chunks
20220808 015315.544 DEBUG            PET0 VMK::send():4407, size=240 in 1 chunks
20220808 015315.544 DEBUG            PET0 VMK::send():4407, size=160 in 1 chunks
20220808 015315.544 DEBUG            PET0 VMK::send():4407, size=240 in 1 chunks
20220808 015315.544 DEBUG            PET0 VMK::send():4407, size=160 in 1 chunks
20220808 015315.544 DEBUG            PET0 VMK::send():4407, size=240 in 1 chunks
20220808 015315.544 DEBUG            PET0 VMK::send():4407, size=160 in 1 chunks
20220808 015315.544 DEBUG            PET0 VMK::send():4407, size=240 in 1 chunks
20220808 015315.544 DEBUG            PET0 VMK::send():4407, size=160 in 1 chunks
20220808 015315.544 DEBUG            PET0 VMK::send():4407, size=240 in 1 chunks
20220808 015315.544 DEBUG            PET0 VMK::send():4407, size=160 in 1 chunks
20220808 015315.544 DEBUG            PET0 VMK::send():4407, size=240 in 1 chunks
20220808 015315.544 DEBUG            PET0 VMK::send():4407, size=160 in 1 chunks
20220808 015315.544 DEBUG            PET0 VMK::send():4407, size=240 in 1 chunks
20220808 015315.544 DEBUG            PET0 VMK::send():4407, size=160 in 1 chunks
20220808 015315.544 DEBUG            PET0 VMK::send():4407, size=240 in 1 chunks
20220808 015315.544 DEBUG            PET0 VMK::send():4407, size=160 in 1 chunks
20220808 015315.544 DEBUG            PET0 VMK::send():4407, size=240 in 1 chunks
20220808 015315.544 DEBUG            PET0 VMK::send():4407, size=160 in 1 chunks
20220808 015315.544 DEBUG            PET0 VMK::send():4407, size=240 in 1 chunks
20220808 015315.544 DEBUG            PET0 VMK::send():4407, size=160 in 1 chunks
20220808 015315.544 DEBUG            PET0 VMK::send():4407, size=240 in 1 chunks
20220808 015315.544 DEBUG            PET0 VMK::send():4407, size=160 in 1 chunks
20220808 015315.544 DEBUG            PET0 VMK::send():4407, size=240 in 1 chunks
20220808 015315.544 DEBUG            PET0 VMK::send():4407, size=160 in 1 chunks
20220808 015315.544 DEBUG            PET0 epochBuffer:4353 non-blocking send to dst=2 firstFlag=1 msg size=240
20220808 015315.544 DEBUG            PET0 epochBuffer:4063 ready to clear outstanding comm
20220808 015315.544 DEBUG            PET0 epochBuffer:4376 non-blocking send write complete, current stream size=252
20220808 015315.544 DEBUG            PET0 epochBuffer:4353 non-blocking send to dst=2 firstFlag=0 msg size=160
20220808 015315.544 DEBUG            PET0 epochBuffer:4376 non-blocking send write complete, current stream size=424
20220808 015315.544 DEBUG            PET0 epochBuffer:3868 unacknowledged sends to dst=2: 0
20220808 015315.544 DEBUG            PET0 epochBuffer:3920 ready to post non-blocking send: dst=2 size=424 buffer=0x8f4da0
20220808 015315.544 DEBUG            PET0 epochBuffer:3971 time in non-blocking send: 9.53674e-07 seconds
20220808 015315.544 DEBUG            PET0 epochBuffer:3987 unacknowledged sends to dst=2: 1
20220808 015315.545 INFO             PET0  NUMBER_OF_PROCESSORS           4
20220808 015315.545 INFO             PET0  PASS  Example ESMF_RHandleVMEpochEx, ESMF_RHandleVMEpochEx.F90, line 247
20220808 015315.545 INFO             PET0 Finalizing ESMF
20220808 015315.545 DEBUG            PET0 epochFinal
20220808 015315.545 DEBUG            PET0 epochBuffer:3817 ready to clear outstanding comm: dst=2 size=0 buffer=0x8f4da0
20220808 015315.545 DEBUG            PET0 epochBuffer:4063 ready to clear outstanding comm
20220808 015315.545 DEBUG            PET0 epochBuffer:4091 posting MPI_Wait()
20220808 015315.545 DEBUG            PET0 epochBuffer:4100 time in MPI_Wait(): 9.53674e-07 seconds
20220808 015315.545 DEBUG            PET0 epochBuffer:3827 drain unacknowledged sends to dst=2: 1
20220808 015312.036 INFO             PET1 !!!!!!!!!!!!!!!!!!!!!!!!!!!!!!!!!!!!!!!!!!!!!!!!!!!!!!
20220808 015312.036 INFO             PET1 !!! THE ESMF_LOG IS SET TO OUTPUT ALL LOG MESSAGES !!!
20220808 015312.036 INFO             PET1 !!!     THIS MAY CAUSE SLOWDOWN IN PERFORMANCE     !!!
20220808 015312.036 INFO             PET1 !!! FOR PRODUCTION RUNS, USE:                      !!!
20220808 015312.036 INFO             PET1 !!!                   ESMF_LOGKIND_Multi_On_Error  !!!
20220808 015312.036 INFO             PET1 !!!!!!!!!!!!!!!!!!!!!!!!!!!!!!!!!!!!!!!!!!!!!!!!!!!!!!
20220808 015312.036 INFO             PET1 Running with ESMF Version   : 8.3.0
20220808 015312.036 INFO             PET1 ESMF library build date/time: "Aug  8 2022" "01:07:00"
20220808 015312.036 INFO             PET1 ESMF library build location : /lustre/f2/dev/Mark.Potts/esmf-test/intel_2019.5_mpi_O_feature_large-messages/esmf
20220808 015312.036 INFO             PET1 ESMF_COMM                   : mpi
20220808 015312.037 INFO             PET1 ESMF_MOAB                   : enabled
20220808 015312.037 INFO             PET1 ESMF_LAPACK                 : enabled
20220808 015312.037 INFO             PET1 ESMF_NETCDF                 : enabled
20220808 015312.037 INFO             PET1 ESMF_PNETCDF                : disabled
20220808 015312.037 INFO             PET1 ESMF_PIO                    : enabled
20220808 015312.037 INFO             PET1 ESMF_YAMLCPP                : enabled
20220808 015312.038 DEBUG            PET1 VMK::recv():4898, size=100 in 1 chunks
20220808 015312.038 DEBUG            PET1 VMK::send():4407, size=100 in 1 chunks
20220808 015312.038 DEBUG            PET1 VMK::send():4407, size=100 in 1 chunks
20220808 015312.038 DEBUG            PET1 VMK::send():4407, size=100 in 1 chunks
20220808 015312.038 DEBUG            PET1 VMK::recv():4898, size=400 in 1 chunks
20220808 015312.038 DEBUG            PET1 VMK::send():4407, size=400 in 1 chunks
20220808 015312.038 DEBUG            PET1 VMK::send():4407, size=400 in 1 chunks
20220808 015312.038 DEBUG            PET1 VMK::send():4407, size=400 in 1 chunks
20220808 015312.039 DEBUG            PET1 VMK::recv():4898, size=200 in 1 chunks
20220808 015312.039 DEBUG            PET1 VMK::send():4407, size=200 in 1 chunks
20220808 015312.039 DEBUG            PET1 VMK::send():4407, size=200 in 1 chunks
20220808 015312.039 DEBUG            PET1 VMK::send():4407, size=200 in 1 chunks
20220808 015312.039 DEBUG            PET1 VMK::recv():4898, size=100 in 1 chunks
20220808 015312.039 DEBUG            PET1 VMK::send():4407, size=100 in 1 chunks
20220808 015312.039 DEBUG            PET1 VMK::send():4407, size=100 in 1 chunks
20220808 015312.039 DEBUG            PET1 VMK::send():4407, size=100 in 1 chunks
20220808 015312.039 DEBUG            PET1 VMK::recv():4898, size=400 in 1 chunks
20220808 015312.039 DEBUG            PET1 VMK::send():4407, size=400 in 1 chunks
20220808 015312.039 DEBUG            PET1 VMK::send():4407, size=400 in 1 chunks
20220808 015312.039 DEBUG            PET1 VMK::send():4407, size=400 in 1 chunks
20220808 015312.039 DEBUG            PET1 VMK::recv():4898, size=200 in 1 chunks
20220808 015312.039 DEBUG            PET1 VMK::recv():4898, size=200 in 1 chunks
20220808 015312.039 DEBUG            PET1 VMK::recv():4898, size=500 in 1 chunks
20220808 015312.039 DEBUG            PET1 VMK::send():4407, size=500 in 1 chunks
20220808 015312.039 DEBUG            PET1 VMK::recv():4898, size=4 in 1 chunks
20220808 015312.039 DEBUG            PET1 VMK::send():4407, size=500 in 1 chunks
20220808 015312.039 DEBUG            PET1 VMK::recv():4898, size=4 in 1 chunks
20220808 015312.039 DEBUG            PET1 VMK::send():4407, size=500 in 1 chunks
20220808 015312.039 DEBUG            PET1 VMK::recv():4898, size=4 in 1 chunks
20220808 015312.039 DEBUG            PET1 VMK::send():4407, size=4 in 1 chunks
20220808 015312.039 DEBUG            PET1 VMK::recv():4898, size=1100 in 1 chunks
20220808 015312.039 DEBUG            PET1 VMK::recv():4898, size=1100 in 1 chunks
20220808 015312.039 DEBUG            PET1 VMK::recv():4898, size=1100 in 1 chunks
20220808 015312.039 DEBUG            PET1 VMK::send():4407, size=1100 in 1 chunks
20220808 015312.039 DEBUG            PET1 VMK::recv():4898, size=500 in 1 chunks
20220808 015312.039 DEBUG            PET1 VMK::recv():4898, size=500 in 1 chunks
20220808 015312.039 DEBUG            PET1 VMK::send():4407, size=4 in 1 chunks
20220808 015312.039 DEBUG            PET1 VMK::send():4407, size=4 in 1 chunks
20220808 015312.039 DEBUG            PET1 VMK::send():4407, size=1100 in 1 chunks
20220808 015312.039 DEBUG            PET1 VMK::send():4407, size=1100 in 1 chunks
20220808 015315.543 DEBUG            PET1 VMK::send():4407, size=240 in 1 chunks
20220808 015315.543 DEBUG            PET1 VMK::send():4407, size=160 in 1 chunks
20220808 015315.543 DEBUG            PET1 VMK::send():4407, size=240 in 1 chunks
20220808 015315.543 DEBUG            PET1 VMK::send():4407, size=160 in 1 chunks
20220808 015315.543 DEBUG            PET1 VMK::send():4407, size=240 in 1 chunks
20220808 015315.543 DEBUG            PET1 VMK::send():4407, size=160 in 1 chunks
20220808 015315.543 DEBUG            PET1 VMK::send():4407, size=240 in 1 chunks
20220808 015315.543 DEBUG            PET1 VMK::send():4407, size=160 in 1 chunks
20220808 015315.543 DEBUG            PET1 VMK::send():4407, size=240 in 1 chunks
20220808 015315.543 DEBUG            PET1 VMK::send():4407, size=160 in 1 chunks
20220808 015315.544 DEBUG            PET1 VMK::send():4407, size=240 in 1 chunks
20220808 015315.544 DEBUG            PET1 VMK::send():4407, size=160 in 1 chunks
20220808 015315.544 DEBUG            PET1 VMK::send():4407, size=240 in 1 chunks
20220808 015315.544 DEBUG            PET1 VMK::send():4407, size=160 in 1 chunks
20220808 015315.544 DEBUG            PET1 VMK::send():4407, size=240 in 1 chunks
20220808 015315.544 DEBUG            PET1 VMK::send():4407, size=160 in 1 chunks
20220808 015315.544 DEBUG            PET1 VMK::send():4407, size=240 in 1 chunks
20220808 015315.544 DEBUG            PET1 VMK::send():4407, size=160 in 1 chunks
20220808 015315.544 DEBUG            PET1 VMK::send():4407, size=240 in 1 chunks
20220808 015315.544 DEBUG            PET1 VMK::send():4407, size=160 in 1 chunks
20220808 015315.544 DEBUG            PET1 VMK::send():4407, size=240 in 1 chunks
20220808 015315.544 DEBUG            PET1 VMK::send():4407, size=160 in 1 chunks
20220808 015315.544 DEBUG            PET1 VMK::send():4407, size=240 in 1 chunks
20220808 015315.544 DEBUG            PET1 VMK::send():4407, size=160 in 1 chunks
20220808 015315.544 DEBUG            PET1 VMK::send():4407, size=240 in 1 chunks
20220808 015315.544 DEBUG            PET1 VMK::send():4407, size=160 in 1 chunks
20220808 015315.544 DEBUG            PET1 VMK::send():4407, size=240 in 1 chunks
20220808 015315.544 DEBUG            PET1 VMK::send():4407, size=160 in 1 chunks
20220808 015315.544 DEBUG            PET1 VMK::send():4407, size=240 in 1 chunks
20220808 015315.544 DEBUG            PET1 VMK::send():4407, size=160 in 1 chunks
20220808 015315.544 DEBUG            PET1 VMK::send():4407, size=240 in 1 chunks
20220808 015315.544 DEBUG            PET1 VMK::send():4407, size=160 in 1 chunks
20220808 015315.544 DEBUG            PET1 VMK::send():4407, size=240 in 1 chunks
20220808 015315.544 DEBUG            PET1 VMK::send():4407, size=160 in 1 chunks
20220808 015315.544 DEBUG            PET1 VMK::send():4407, size=240 in 1 chunks
20220808 015315.544 DEBUG            PET1 VMK::send():4407, size=160 in 1 chunks
20220808 015315.544 DEBUG            PET1 VMK::send():4407, size=240 in 1 chunks
20220808 015315.544 DEBUG            PET1 VMK::send():4407, size=160 in 1 chunks
20220808 015315.544 DEBUG            PET1 VMK::send():4407, size=240 in 1 chunks
20220808 015315.544 DEBUG            PET1 VMK::send():4407, size=160 in 1 chunks
20220808 015315.544 DEBUG            PET1 VMK::send():4407, size=240 in 1 chunks
20220808 015315.544 DEBUG            PET1 VMK::send():4407, size=160 in 1 chunks
20220808 015315.544 DEBUG            PET1 VMK::send():4407, size=240 in 1 chunks
20220808 015315.544 DEBUG            PET1 VMK::send():4407, size=160 in 1 chunks
20220808 015315.544 DEBUG            PET1 VMK::send():4407, size=240 in 1 chunks
20220808 015315.544 DEBUG            PET1 VMK::send():4407, size=160 in 1 chunks
20220808 015315.544 DEBUG            PET1 VMK::send():4407, size=240 in 1 chunks
20220808 015315.544 DEBUG            PET1 VMK::send():4407, size=160 in 1 chunks
20220808 015315.544 DEBUG            PET1 VMK::send():4407, size=240 in 1 chunks
20220808 015315.544 DEBUG            PET1 VMK::send():4407, size=160 in 1 chunks
20220808 015315.544 DEBUG            PET1 VMK::send():4407, size=240 in 1 chunks
20220808 015315.544 DEBUG            PET1 VMK::send():4407, size=160 in 1 chunks
20220808 015315.544 DEBUG            PET1 VMK::send():4407, size=240 in 1 chunks
20220808 015315.544 DEBUG            PET1 VMK::send():4407, size=160 in 1 chunks
20220808 015315.544 DEBUG            PET1 VMK::send():4407, size=240 in 1 chunks
20220808 015315.544 DEBUG            PET1 VMK::send():4407, size=160 in 1 chunks
20220808 015315.544 DEBUG            PET1 VMK::send():4407, size=240 in 1 chunks
20220808 015315.544 DEBUG            PET1 VMK::send():4407, size=160 in 1 chunks
20220808 015315.544 DEBUG            PET1 VMK::send():4407, size=240 in 1 chunks
20220808 015315.544 DEBUG            PET1 VMK::send():4407, size=160 in 1 chunks
20220808 015315.544 DEBUG            PET1 VMK::send():4407, size=240 in 1 chunks
20220808 015315.544 DEBUG            PET1 VMK::send():4407, size=160 in 1 chunks
20220808 015315.544 DEBUG            PET1 epochBuffer:4353 non-blocking send to dst=3 firstFlag=1 msg size=240
20220808 015315.544 DEBUG            PET1 epochBuffer:4063 ready to clear outstanding comm
20220808 015315.544 DEBUG            PET1 epochBuffer:4376 non-blocking send write complete, current stream size=252
20220808 015315.544 DEBUG            PET1 epochBuffer:4353 non-blocking send to dst=3 firstFlag=0 msg size=160
20220808 015315.544 DEBUG            PET1 epochBuffer:4376 non-blocking send write complete, current stream size=424
20220808 015315.544 DEBUG            PET1 epochBuffer:3868 unacknowledged sends to dst=3: 0
20220808 015315.544 DEBUG            PET1 epochBuffer:3920 ready to post non-blocking send: dst=3 size=424 buffer=0x905170
20220808 015315.544 DEBUG            PET1 epochBuffer:3971 time in non-blocking send: 9.53674e-07 seconds
20220808 015315.545 DEBUG            PET1 epochBuffer:3987 unacknowledged sends to dst=3: 1
20220808 015315.545 INFO             PET1  NUMBER_OF_PROCESSORS           4
20220808 015315.545 INFO             PET1  PASS  Example ESMF_RHandleVMEpochEx, ESMF_RHandleVMEpochEx.F90, line 247
20220808 015315.545 INFO             PET1 Finalizing ESMF
20220808 015315.545 DEBUG            PET1 epochFinal
20220808 015315.545 DEBUG            PET1 epochBuffer:3817 ready to clear outstanding comm: dst=3 size=0 buffer=0x905170
20220808 015315.545 DEBUG            PET1 epochBuffer:4063 ready to clear outstanding comm
20220808 015315.545 DEBUG            PET1 epochBuffer:4091 posting MPI_Wait()
20220808 015315.545 DEBUG            PET1 epochBuffer:4100 time in MPI_Wait(): 9.53674e-07 seconds
20220808 015315.545 DEBUG            PET1 epochBuffer:3827 drain unacknowledged sends to dst=3: 1
20220808 015312.029 INFO             PET2 !!!!!!!!!!!!!!!!!!!!!!!!!!!!!!!!!!!!!!!!!!!!!!!!!!!!!!
20220808 015312.029 INFO             PET2 !!! THE ESMF_LOG IS SET TO OUTPUT ALL LOG MESSAGES !!!
20220808 015312.029 INFO             PET2 !!!     THIS MAY CAUSE SLOWDOWN IN PERFORMANCE     !!!
20220808 015312.029 INFO             PET2 !!! FOR PRODUCTION RUNS, USE:                      !!!
20220808 015312.029 INFO             PET2 !!!                   ESMF_LOGKIND_Multi_On_Error  !!!
20220808 015312.029 INFO             PET2 !!!!!!!!!!!!!!!!!!!!!!!!!!!!!!!!!!!!!!!!!!!!!!!!!!!!!!
20220808 015312.029 INFO             PET2 Running with ESMF Version   : 8.3.0
20220808 015312.029 INFO             PET2 ESMF library build date/time: "Aug  8 2022" "01:07:00"
20220808 015312.029 INFO             PET2 ESMF library build location : /lustre/f2/dev/Mark.Potts/esmf-test/intel_2019.5_mpi_O_feature_large-messages/esmf
20220808 015312.029 INFO             PET2 ESMF_COMM                   : mpi
20220808 015312.029 INFO             PET2 ESMF_MOAB                   : enabled
20220808 015312.029 INFO             PET2 ESMF_LAPACK                 : enabled
20220808 015312.029 INFO             PET2 ESMF_NETCDF                 : enabled
20220808 015312.029 INFO             PET2 ESMF_PNETCDF                : disabled
20220808 015312.029 INFO             PET2 ESMF_PIO                    : enabled
20220808 015312.029 INFO             PET2 ESMF_YAMLCPP                : enabled
20220808 015312.038 DEBUG            PET2 VMK::recv():4898, size=100 in 1 chunks
20220808 015312.038 DEBUG            PET2 VMK::recv():4898, size=100 in 1 chunks
20220808 015312.038 DEBUG            PET2 VMK::recv():4898, size=400 in 1 chunks
20220808 015312.038 DEBUG            PET2 VMK::recv():4898, size=400 in 1 chunks
20220808 015312.039 DEBUG            PET2 VMK::recv():4898, size=200 in 1 chunks
20220808 015312.039 DEBUG            PET2 VMK::recv():4898, size=200 in 1 chunks
20220808 015312.039 DEBUG            PET2 VMK::recv():4898, size=100 in 1 chunks
20220808 015312.039 DEBUG            PET2 VMK::recv():4898, size=100 in 1 chunks
20220808 015312.039 DEBUG            PET2 VMK::recv():4898, size=400 in 1 chunks
20220808 015312.039 DEBUG            PET2 VMK::recv():4898, size=400 in 1 chunks
20220808 015312.039 DEBUG            PET2 VMK::recv():4898, size=200 in 1 chunks
20220808 015312.039 DEBUG            PET2 VMK::send():4407, size=200 in 1 chunks
20220808 015312.039 DEBUG            PET2 VMK::send():4407, size=200 in 1 chunks
20220808 015312.039 DEBUG            PET2 VMK::send():4407, size=200 in 1 chunks
20220808 015312.039 DEBUG            PET2 VMK::recv():4898, size=500 in 1 chunks
20220808 015312.039 DEBUG            PET2 VMK::recv():4898, size=500 in 1 chunks
20220808 015312.039 DEBUG            PET2 VMK::send():4407, size=4 in 1 chunks
20220808 015312.039 DEBUG            PET2 VMK::send():4407, size=4 in 1 chunks
20220808 015312.039 DEBUG            PET2 VMK::send():4407, size=1100 in 1 chunks
20220808 015312.039 DEBUG            PET2 VMK::send():4407, size=1100 in 1 chunks
20220808 015312.039 DEBUG            PET2 VMK::recv():4898, size=500 in 1 chunks
20220808 015312.039 DEBUG            PET2 VMK::send():4407, size=500 in 1 chunks
20220808 015312.039 DEBUG            PET2 VMK::recv():4898, size=4 in 1 chunks
20220808 015312.039 DEBUG            PET2 VMK::send():4407, size=500 in 1 chunks
20220808 015312.039 DEBUG            PET2 VMK::recv():4898, size=4 in 1 chunks
20220808 015312.039 DEBUG            PET2 VMK::send():4407, size=500 in 1 chunks
20220808 015312.039 DEBUG            PET2 VMK::recv():4898, size=4 in 1 chunks
20220808 015312.039 DEBUG            PET2 VMK::send():4407, size=4 in 1 chunks
20220808 015312.039 DEBUG            PET2 VMK::recv():4898, size=1100 in 1 chunks
20220808 015312.039 DEBUG            PET2 VMK::recv():4898, size=1100 in 1 chunks
20220808 015312.039 DEBUG            PET2 VMK::recv():4898, size=1100 in 1 chunks
20220808 015312.039 DEBUG            PET2 VMK::send():4407, size=1100 in 1 chunks
20220808 015315.543 DEBUG            PET2 VMK::recv():4898, size=240 in 1 chunks
20220808 015315.543 DEBUG            PET2 VMK::recv():4898, size=160 in 1 chunks
20220808 015315.543 DEBUG            PET2 VMK::recv():4898, size=240 in 1 chunks
20220808 015315.543 DEBUG            PET2 VMK::recv():4898, size=160 in 1 chunks
20220808 015315.543 DEBUG            PET2 VMK::recv():4898, size=240 in 1 chunks
20220808 015315.543 DEBUG            PET2 VMK::recv():4898, size=160 in 1 chunks
20220808 015315.543 DEBUG            PET2 VMK::recv():4898, size=240 in 1 chunks
20220808 015315.543 DEBUG            PET2 VMK::recv():4898, size=160 in 1 chunks
20220808 015315.543 DEBUG            PET2 VMK::recv():4898, size=240 in 1 chunks
20220808 015315.543 DEBUG            PET2 VMK::recv():4898, size=160 in 1 chunks
20220808 015315.544 DEBUG            PET2 VMK::recv():4898, size=240 in 1 chunks
20220808 015315.544 DEBUG            PET2 VMK::recv():4898, size=160 in 1 chunks
20220808 015315.544 DEBUG            PET2 VMK::recv():4898, size=240 in 1 chunks
20220808 015315.544 DEBUG            PET2 VMK::recv():4898, size=160 in 1 chunks
20220808 015315.544 DEBUG            PET2 VMK::recv():4898, size=240 in 1 chunks
20220808 015315.544 DEBUG            PET2 VMK::recv():4898, size=160 in 1 chunks
20220808 015315.544 DEBUG            PET2 VMK::recv():4898, size=240 in 1 chunks
20220808 015315.544 DEBUG            PET2 VMK::recv():4898, size=160 in 1 chunks
20220808 015315.544 DEBUG            PET2 VMK::recv():4898, size=240 in 1 chunks
20220808 015315.544 DEBUG            PET2 VMK::recv():4898, size=160 in 1 chunks
20220808 015315.544 DEBUG            PET2 VMK::recv():4898, size=240 in 1 chunks
20220808 015315.544 DEBUG            PET2 VMK::recv():4898, size=160 in 1 chunks
20220808 015315.544 DEBUG            PET2 VMK::recv():4898, size=240 in 1 chunks
20220808 015315.544 DEBUG            PET2 VMK::recv():4898, size=160 in 1 chunks
20220808 015315.544 DEBUG            PET2 VMK::recv():4898, size=240 in 1 chunks
20220808 015315.544 DEBUG            PET2 VMK::recv():4898, size=160 in 1 chunks
20220808 015315.544 DEBUG            PET2 VMK::recv():4898, size=240 in 1 chunks
20220808 015315.544 DEBUG            PET2 VMK::recv():4898, size=160 in 1 chunks
20220808 015315.544 DEBUG            PET2 VMK::recv():4898, size=240 in 1 chunks
20220808 015315.544 DEBUG            PET2 VMK::recv():4898, size=160 in 1 chunks
20220808 015315.544 DEBUG            PET2 VMK::recv():4898, size=240 in 1 chunks
20220808 015315.544 DEBUG            PET2 VMK::recv():4898, size=160 in 1 chunks
20220808 015315.544 DEBUG            PET2 VMK::recv():4898, size=240 in 1 chunks
20220808 015315.544 DEBUG            PET2 VMK::recv():4898, size=160 in 1 chunks
20220808 015315.544 DEBUG            PET2 VMK::recv():4898, size=240 in 1 chunks
20220808 015315.544 DEBUG            PET2 VMK::recv():4898, size=160 in 1 chunks
20220808 015315.544 DEBUG            PET2 VMK::recv():4898, size=240 in 1 chunks
20220808 015315.544 DEBUG            PET2 VMK::recv():4898, size=160 in 1 chunks
20220808 015315.544 DEBUG            PET2 VMK::recv():4898, size=240 in 1 chunks
20220808 015315.544 DEBUG            PET2 VMK::recv():4898, size=160 in 1 chunks
20220808 015315.544 DEBUG            PET2 VMK::recv():4898, size=240 in 1 chunks
20220808 015315.544 DEBUG            PET2 VMK::recv():4898, size=160 in 1 chunks
20220808 015315.544 DEBUG            PET2 VMK::recv():4898, size=240 in 1 chunks
20220808 015315.544 DEBUG            PET2 VMK::recv():4898, size=160 in 1 chunks
20220808 015315.544 DEBUG            PET2 VMK::recv():4898, size=240 in 1 chunks
20220808 015315.544 DEBUG            PET2 VMK::recv():4898, size=160 in 1 chunks
20220808 015315.544 DEBUG            PET2 VMK::recv():4898, size=240 in 1 chunks
20220808 015315.544 DEBUG            PET2 VMK::recv():4898, size=160 in 1 chunks
20220808 015315.544 DEBUG            PET2 VMK::recv():4898, size=240 in 1 chunks
20220808 015315.544 DEBUG            PET2 VMK::recv():4898, size=160 in 1 chunks
20220808 015315.544 DEBUG            PET2 VMK::recv():4898, size=240 in 1 chunks
20220808 015315.544 DEBUG            PET2 VMK::recv():4898, size=160 in 1 chunks
20220808 015315.544 DEBUG            PET2 VMK::recv():4898, size=240 in 1 chunks
20220808 015315.544 DEBUG            PET2 VMK::recv():4898, size=160 in 1 chunks
20220808 015315.544 DEBUG            PET2 VMK::recv():4898, size=240 in 1 chunks
20220808 015315.544 DEBUG            PET2 VMK::recv():4898, size=160 in 1 chunks
20220808 015315.544 DEBUG            PET2 VMK::recv():4898, size=240 in 1 chunks
20220808 015315.544 DEBUG            PET2 VMK::recv():4898, size=160 in 1 chunks
20220808 015315.544 DEBUG            PET2 VMK::recv():4898, size=240 in 1 chunks
20220808 015315.544 DEBUG            PET2 VMK::recv():4898, size=160 in 1 chunks
20220808 015315.544 DEBUG            PET2 VMK::recv():4898, size=240 in 1 chunks
20220808 015315.544 DEBUG            PET2 VMK::recv():4898, size=160 in 1 chunks
20220808 015315.544 DEBUG            PET2 epochBuffer:4765 non-blocking recv firstFlag=1 size=240
20220808 015315.544 DEBUG            PET2 epochBuffer:4778 ready to probe: src=0
20220808 015315.544 DEBUG            PET2 epochBuffer:4813 time in blocking probe: 4.31538e-05 seconds
20220808 015315.544 DEBUG            PET2 epochBuffer:4817 incoming message of size=424
20220808 015315.544 DEBUG            PET2 epochBuffer:4830 ready to post blocking recv: src=0 size=424 streamBuffer=0x8ff1e0
20220808 015315.544 DEBUG            PET2 epochBuffer:4849 time in blocking recv: 4.05312e-06 seconds
20220808 015315.545 DEBUG            PET2 epochBuffer:4863 processing recv chunk: buffer=0x8ff1e0 chunkSize=240 chunkTag=0
20220808 015315.545 DEBUG            PET2 epochBuffer:4765 non-blocking recv firstFlag=0 size=160
20220808 015315.545 DEBUG            PET2 epochBuffer:4863 processing recv chunk: buffer=0x8ff2dc chunkSize=160 chunkTag=0
20220808 015315.545 INFO             PET2  NUMBER_OF_PROCESSORS           4
20220808 015315.545 INFO             PET2  PASS  Example ESMF_RHandleVMEpochEx, ESMF_RHandleVMEpochEx.F90, line 247
20220808 015315.545 INFO             PET2 Finalizing ESMF
20220808 015315.545 DEBUG            PET2 epochFinal
20220808 015312.024 INFO             PET3 !!!!!!!!!!!!!!!!!!!!!!!!!!!!!!!!!!!!!!!!!!!!!!!!!!!!!!
20220808 015312.024 INFO             PET3 !!! THE ESMF_LOG IS SET TO OUTPUT ALL LOG MESSAGES !!!
20220808 015312.024 INFO             PET3 !!!     THIS MAY CAUSE SLOWDOWN IN PERFORMANCE     !!!
20220808 015312.024 INFO             PET3 !!! FOR PRODUCTION RUNS, USE:                      !!!
20220808 015312.024 INFO             PET3 !!!                   ESMF_LOGKIND_Multi_On_Error  !!!
20220808 015312.024 INFO             PET3 !!!!!!!!!!!!!!!!!!!!!!!!!!!!!!!!!!!!!!!!!!!!!!!!!!!!!!
20220808 015312.024 INFO             PET3 Running with ESMF Version   : 8.3.0
20220808 015312.024 INFO             PET3 ESMF library build date/time: "Aug  8 2022" "01:07:00"
20220808 015312.024 INFO             PET3 ESMF library build location : /lustre/f2/dev/Mark.Potts/esmf-test/intel_2019.5_mpi_O_feature_large-messages/esmf
20220808 015312.024 INFO             PET3 ESMF_COMM                   : mpi
20220808 015312.025 INFO             PET3 ESMF_MOAB                   : enabled
20220808 015312.025 INFO             PET3 ESMF_LAPACK                 : enabled
20220808 015312.025 INFO             PET3 ESMF_NETCDF                 : enabled
20220808 015312.025 INFO             PET3 ESMF_PNETCDF                : disabled
20220808 015312.025 INFO             PET3 ESMF_PIO                    : enabled
20220808 015312.025 INFO             PET3 ESMF_YAMLCPP                : enabled
20220808 015312.038 DEBUG            PET3 VMK::recv():4898, size=100 in 1 chunks
20220808 015312.038 DEBUG            PET3 VMK::recv():4898, size=100 in 1 chunks
20220808 015312.038 DEBUG            PET3 VMK::recv():4898, size=400 in 1 chunks
20220808 015312.038 DEBUG            PET3 VMK::recv():4898, size=400 in 1 chunks
20220808 015312.039 DEBUG            PET3 VMK::recv():4898, size=200 in 1 chunks
20220808 015312.039 DEBUG            PET3 VMK::recv():4898, size=200 in 1 chunks
20220808 015312.039 DEBUG            PET3 VMK::recv():4898, size=100 in 1 chunks
20220808 015312.039 DEBUG            PET3 VMK::recv():4898, size=100 in 1 chunks
20220808 015312.039 DEBUG            PET3 VMK::recv():4898, size=400 in 1 chunks
20220808 015312.039 DEBUG            PET3 VMK::recv():4898, size=400 in 1 chunks
20220808 015312.039 DEBUG            PET3 VMK::recv():4898, size=200 in 1 chunks
20220808 015312.039 DEBUG            PET3 VMK::send():4407, size=200 in 1 chunks
20220808 015312.039 DEBUG            PET3 VMK::send():4407, size=200 in 1 chunks
20220808 015312.039 DEBUG            PET3 VMK::send():4407, size=200 in 1 chunks
20220808 015312.039 DEBUG            PET3 VMK::recv():4898, size=500 in 1 chunks
20220808 015312.039 DEBUG            PET3 VMK::recv():4898, size=500 in 1 chunks
20220808 015312.039 DEBUG            PET3 VMK::send():4407, size=4 in 1 chunks
20220808 015312.039 DEBUG            PET3 VMK::send():4407, size=4 in 1 chunks
20220808 015312.039 DEBUG            PET3 VMK::send():4407, size=1100 in 1 chunks
20220808 015312.039 DEBUG            PET3 VMK::send():4407, size=1100 in 1 chunks
20220808 015312.039 DEBUG            PET3 VMK::recv():4898, size=500 in 1 chunks
20220808 015312.039 DEBUG            PET3 VMK::send():4407, size=500 in 1 chunks
20220808 015312.039 DEBUG            PET3 VMK::recv():4898, size=4 in 1 chunks
20220808 015312.039 DEBUG            PET3 VMK::send():4407, size=500 in 1 chunks
20220808 015312.039 DEBUG            PET3 VMK::recv():4898, size=4 in 1 chunks
20220808 015312.039 DEBUG            PET3 VMK::send():4407, size=500 in 1 chunks
20220808 015312.039 DEBUG            PET3 VMK::recv():4898, size=4 in 1 chunks
20220808 015312.039 DEBUG            PET3 VMK::send():4407, size=4 in 1 chunks
20220808 015312.039 DEBUG            PET3 VMK::recv():4898, size=1100 in 1 chunks
20220808 015312.039 DEBUG            PET3 VMK::recv():4898, size=1100 in 1 chunks
20220808 015312.039 DEBUG            PET3 VMK::recv():4898, size=1100 in 1 chunks
20220808 015312.039 DEBUG            PET3 VMK::send():4407, size=1100 in 1 chunks
20220808 015315.543 DEBUG            PET3 VMK::recv():4898, size=240 in 1 chunks
20220808 015315.543 DEBUG            PET3 VMK::recv():4898, size=160 in 1 chunks
20220808 015315.543 DEBUG            PET3 VMK::recv():4898, size=240 in 1 chunks
20220808 015315.543 DEBUG            PET3 VMK::recv():4898, size=160 in 1 chunks
20220808 015315.543 DEBUG            PET3 VMK::recv():4898, size=240 in 1 chunks
20220808 015315.543 DEBUG            PET3 VMK::recv():4898, size=160 in 1 chunks
20220808 015315.543 DEBUG            PET3 VMK::recv():4898, size=240 in 1 chunks
20220808 015315.543 DEBUG            PET3 VMK::recv():4898, size=160 in 1 chunks
20220808 015315.543 DEBUG            PET3 VMK::recv():4898, size=240 in 1 chunks
20220808 015315.543 DEBUG            PET3 VMK::recv():4898, size=160 in 1 chunks
20220808 015315.544 DEBUG            PET3 VMK::recv():4898, size=240 in 1 chunks
20220808 015315.544 DEBUG            PET3 VMK::recv():4898, size=160 in 1 chunks
20220808 015315.544 DEBUG            PET3 VMK::recv():4898, size=240 in 1 chunks
20220808 015315.544 DEBUG            PET3 VMK::recv():4898, size=160 in 1 chunks
20220808 015315.544 DEBUG            PET3 VMK::recv():4898, size=240 in 1 chunks
20220808 015315.544 DEBUG            PET3 VMK::recv():4898, size=160 in 1 chunks
20220808 015315.544 DEBUG            PET3 VMK::recv():4898, size=240 in 1 chunks
20220808 015315.544 DEBUG            PET3 VMK::recv():4898, size=160 in 1 chunks
20220808 015315.544 DEBUG            PET3 VMK::recv():4898, size=240 in 1 chunks
20220808 015315.544 DEBUG            PET3 VMK::recv():4898, size=160 in 1 chunks
20220808 015315.544 DEBUG            PET3 VMK::recv():4898, size=240 in 1 chunks
20220808 015315.544 DEBUG            PET3 VMK::recv():4898, size=160 in 1 chunks
20220808 015315.544 DEBUG            PET3 VMK::recv():4898, size=240 in 1 chunks
20220808 015315.544 DEBUG            PET3 VMK::recv():4898, size=160 in 1 chunks
20220808 015315.544 DEBUG            PET3 VMK::recv():4898, size=240 in 1 chunks
20220808 015315.544 DEBUG            PET3 VMK::recv():4898, size=160 in 1 chunks
20220808 015315.544 DEBUG            PET3 VMK::recv():4898, size=240 in 1 chunks
20220808 015315.544 DEBUG            PET3 VMK::recv():4898, size=160 in 1 chunks
20220808 015315.544 DEBUG            PET3 VMK::recv():4898, size=240 in 1 chunks
20220808 015315.544 DEBUG            PET3 VMK::recv():4898, size=160 in 1 chunks
20220808 015315.544 DEBUG            PET3 VMK::recv():4898, size=240 in 1 chunks
20220808 015315.544 DEBUG            PET3 VMK::recv():4898, size=160 in 1 chunks
20220808 015315.544 DEBUG            PET3 VMK::recv():4898, size=240 in 1 chunks
20220808 015315.544 DEBUG            PET3 VMK::recv():4898, size=160 in 1 chunks
20220808 015315.544 DEBUG            PET3 VMK::recv():4898, size=240 in 1 chunks
20220808 015315.544 DEBUG            PET3 VMK::recv():4898, size=160 in 1 chunks
20220808 015315.544 DEBUG            PET3 VMK::recv():4898, size=240 in 1 chunks
20220808 015315.544 DEBUG            PET3 VMK::recv():4898, size=160 in 1 chunks
20220808 015315.544 DEBUG            PET3 VMK::recv():4898, size=240 in 1 chunks
20220808 015315.544 DEBUG            PET3 VMK::recv():4898, size=160 in 1 chunks
20220808 015315.544 DEBUG            PET3 VMK::recv():4898, size=240 in 1 chunks
20220808 015315.544 DEBUG            PET3 VMK::recv():4898, size=160 in 1 chunks
20220808 015315.544 DEBUG            PET3 VMK::recv():4898, size=240 in 1 chunks
20220808 015315.544 DEBUG            PET3 VMK::recv():4898, size=160 in 1 chunks
20220808 015315.544 DEBUG            PET3 VMK::recv():4898, size=240 in 1 chunks
20220808 015315.544 DEBUG            PET3 VMK::recv():4898, size=160 in 1 chunks
20220808 015315.544 DEBUG            PET3 VMK::recv():4898, size=240 in 1 chunks
20220808 015315.544 DEBUG            PET3 VMK::recv():4898, size=160 in 1 chunks
20220808 015315.544 DEBUG            PET3 VMK::recv():4898, size=240 in 1 chunks
20220808 015315.544 DEBUG            PET3 VMK::recv():4898, size=160 in 1 chunks
20220808 015315.544 DEBUG            PET3 VMK::recv():4898, size=240 in 1 chunks
20220808 015315.544 DEBUG            PET3 VMK::recv():4898, size=160 in 1 chunks
20220808 015315.544 DEBUG            PET3 VMK::recv():4898, size=240 in 1 chunks
20220808 015315.544 DEBUG            PET3 VMK::recv():4898, size=160 in 1 chunks
20220808 015315.544 DEBUG            PET3 VMK::recv():4898, size=240 in 1 chunks
20220808 015315.544 DEBUG            PET3 VMK::recv():4898, size=160 in 1 chunks
20220808 015315.544 DEBUG            PET3 VMK::recv():4898, size=240 in 1 chunks
20220808 015315.544 DEBUG            PET3 VMK::recv():4898, size=160 in 1 chunks
20220808 015315.544 DEBUG            PET3 VMK::recv():4898, size=240 in 1 chunks
20220808 015315.544 DEBUG            PET3 VMK::recv():4898, size=160 in 1 chunks
20220808 015315.544 DEBUG            PET3 VMK::recv():4898, size=240 in 1 chunks
20220808 015315.544 DEBUG            PET3 VMK::recv():4898, size=160 in 1 chunks
20220808 015315.544 DEBUG            PET3 epochBuffer:4765 non-blocking recv firstFlag=1 size=240
20220808 015315.544 DEBUG            PET3 epochBuffer:4778 ready to probe: src=1
20220808 015315.544 DEBUG            PET3 epochBuffer:4813 time in blocking probe: 5.10216e-05 seconds
20220808 015315.544 DEBUG            PET3 epochBuffer:4817 incoming message of size=424
20220808 015315.544 DEBUG            PET3 epochBuffer:4830 ready to post blocking recv: src=1 size=424 streamBuffer=0x8fea60
20220808 015315.544 DEBUG            PET3 epochBuffer:4849 time in blocking recv: 3.09944e-06 seconds
20220808 015315.545 DEBUG            PET3 epochBuffer:4863 processing recv chunk: buffer=0x8fea60 chunkSize=240 chunkTag=0
20220808 015315.545 DEBUG            PET3 epochBuffer:4765 non-blocking recv firstFlag=0 size=160
20220808 015315.545 DEBUG            PET3 epochBuffer:4863 processing recv chunk: buffer=0x8feb5c chunkSize=160 chunkTag=0
20220808 015315.545 INFO             PET3  NUMBER_OF_PROCESSORS           4
20220808 015315.545 INFO             PET3  PASS  Example ESMF_RHandleVMEpochEx, ESMF_RHandleVMEpochEx.F90, line 247
20220808 015315.545 INFO             PET3 Finalizing ESMF
20220808 015315.545 DEBUG            PET3 epochFinal
