2022-08-08 01:08:51
20220808 015547.232 INFO             PET0 !!!!!!!!!!!!!!!!!!!!!!!!!!!!!!!!!!!!!!!!!!!!!!!!!!!!!!
20220808 015547.232 INFO             PET0 !!! THE ESMF_LOG IS SET TO OUTPUT ALL LOG MESSAGES !!!
20220808 015547.232 INFO             PET0 !!!     THIS MAY CAUSE SLOWDOWN IN PERFORMANCE     !!!
20220808 015547.232 INFO             PET0 !!! FOR PRODUCTION RUNS, USE:                      !!!
20220808 015547.232 INFO             PET0 !!!                   ESMF_LOGKIND_Multi_On_Error  !!!
20220808 015547.232 INFO             PET0 !!!!!!!!!!!!!!!!!!!!!!!!!!!!!!!!!!!!!!!!!!!!!!!!!!!!!!
20220808 015547.232 INFO             PET0 Running with ESMF Version   : 8.3.0
20220808 015547.232 INFO             PET0 ESMF library build date/time: "Aug  8 2022" "01:07:00"
20220808 015547.232 INFO             PET0 ESMF library build location : /lustre/f2/dev/Mark.Potts/esmf-test/intel_2019.5_mpi_O_feature_large-messages/esmf
20220808 015547.232 INFO             PET0 ESMF_COMM                   : mpi
20220808 015547.233 INFO             PET0 ESMF_MOAB                   : enabled
20220808 015547.233 INFO             PET0 ESMF_LAPACK                 : enabled
20220808 015547.233 INFO             PET0 ESMF_NETCDF                 : enabled
20220808 015547.233 INFO             PET0 ESMF_PNETCDF                : disabled
20220808 015547.233 INFO             PET0 ESMF_PIO                    : enabled
20220808 015547.233 INFO             PET0 ESMF_YAMLCPP                : enabled
20220808 015547.246 DEBUG            PET0 epochInit
20220808 015547.246 ERROR            PET0 ESMF_StateAPI.cppF90:1189 ESMF_StateAddList Object being used before creation  - Bad Object
20220808 015547.248 DEBUG            PET0 epochFinal
20220808 015547.248 INFO             PET0  NUMBER_OF_PROCESSORS           4
20220808 015547.248 INFO             PET0  PASS  Example ESMF_StateReconcileEx, ESMF_StateReconcileEx.F90, line 294
20220808 015547.248 INFO             PET0 Finalizing ESMF
20220808 015547.248 DEBUG            PET0 epochFinal
20220808 015547.232 INFO             PET1 !!!!!!!!!!!!!!!!!!!!!!!!!!!!!!!!!!!!!!!!!!!!!!!!!!!!!!
20220808 015547.233 INFO             PET1 !!! THE ESMF_LOG IS SET TO OUTPUT ALL LOG MESSAGES !!!
20220808 015547.233 INFO             PET1 !!!     THIS MAY CAUSE SLOWDOWN IN PERFORMANCE     !!!
20220808 015547.233 INFO             PET1 !!! FOR PRODUCTION RUNS, USE:                      !!!
20220808 015547.233 INFO             PET1 !!!                   ESMF_LOGKIND_Multi_On_Error  !!!
20220808 015547.233 INFO             PET1 !!!!!!!!!!!!!!!!!!!!!!!!!!!!!!!!!!!!!!!!!!!!!!!!!!!!!!
20220808 015547.233 INFO             PET1 Running with ESMF Version   : 8.3.0
20220808 015547.233 INFO             PET1 ESMF library build date/time: "Aug  8 2022" "01:07:00"
20220808 015547.233 INFO             PET1 ESMF library build location : /lustre/f2/dev/Mark.Potts/esmf-test/intel_2019.5_mpi_O_feature_large-messages/esmf
20220808 015547.233 INFO             PET1 ESMF_COMM                   : mpi
20220808 015547.233 INFO             PET1 ESMF_MOAB                   : enabled
20220808 015547.233 INFO             PET1 ESMF_LAPACK                 : enabled
20220808 015547.233 INFO             PET1 ESMF_NETCDF                 : enabled
20220808 015547.233 INFO             PET1 ESMF_PNETCDF                : disabled
20220808 015547.233 INFO             PET1 ESMF_PIO                    : enabled
20220808 015547.233 INFO             PET1 ESMF_YAMLCPP                : enabled
20220808 015547.246 DEBUG            PET1 epochInit
20220808 015547.246 ERROR            PET1 ESMF_StateAPI.cppF90:1189 ESMF_StateAddList Object being used before creation  - Bad Object
20220808 015547.248 DEBUG            PET1 epochFinal
20220808 015547.248 INFO             PET1  NUMBER_OF_PROCESSORS           4
20220808 015547.248 INFO             PET1  PASS  Example ESMF_StateReconcileEx, ESMF_StateReconcileEx.F90, line 294
20220808 015547.248 INFO             PET1 Finalizing ESMF
20220808 015547.248 DEBUG            PET1 epochFinal
20220808 015547.238 INFO             PET2 !!!!!!!!!!!!!!!!!!!!!!!!!!!!!!!!!!!!!!!!!!!!!!!!!!!!!!
20220808 015547.238 INFO             PET2 !!! THE ESMF_LOG IS SET TO OUTPUT ALL LOG MESSAGES !!!
20220808 015547.238 INFO             PET2 !!!     THIS MAY CAUSE SLOWDOWN IN PERFORMANCE     !!!
20220808 015547.238 INFO             PET2 !!! FOR PRODUCTION RUNS, USE:                      !!!
20220808 015547.238 INFO             PET2 !!!                   ESMF_LOGKIND_Multi_On_Error  !!!
20220808 015547.238 INFO             PET2 !!!!!!!!!!!!!!!!!!!!!!!!!!!!!!!!!!!!!!!!!!!!!!!!!!!!!!
20220808 015547.238 INFO             PET2 Running with ESMF Version   : 8.3.0
20220808 015547.238 INFO             PET2 ESMF library build date/time: "Aug  8 2022" "01:07:00"
20220808 015547.238 INFO             PET2 ESMF library build location : /lustre/f2/dev/Mark.Potts/esmf-test/intel_2019.5_mpi_O_feature_large-messages/esmf
20220808 015547.238 INFO             PET2 ESMF_COMM                   : mpi
20220808 015547.239 INFO             PET2 ESMF_MOAB                   : enabled
20220808 015547.239 INFO             PET2 ESMF_LAPACK                 : enabled
20220808 015547.239 INFO             PET2 ESMF_NETCDF                 : enabled
20220808 015547.239 INFO             PET2 ESMF_PNETCDF                : disabled
20220808 015547.239 INFO             PET2 ESMF_PIO                    : enabled
20220808 015547.239 INFO             PET2 ESMF_YAMLCPP                : enabled
20220808 015547.246 DEBUG            PET2 epochInit
20220808 015547.246 ERROR            PET2 ESMF_StateAPI.cppF90:1189 ESMF_StateAddList Object being used before creation  - Bad Object
20220808 015547.248 DEBUG            PET2 epochFinal
20220808 015547.248 INFO             PET2  NUMBER_OF_PROCESSORS           4
20220808 015547.248 INFO             PET2  PASS  Example ESMF_StateReconcileEx, ESMF_StateReconcileEx.F90, line 294
20220808 015547.248 INFO             PET2 Finalizing ESMF
20220808 015547.248 DEBUG            PET2 epochFinal
20220808 015547.244 INFO             PET3 !!!!!!!!!!!!!!!!!!!!!!!!!!!!!!!!!!!!!!!!!!!!!!!!!!!!!!
20220808 015547.245 INFO             PET3 !!! THE ESMF_LOG IS SET TO OUTPUT ALL LOG MESSAGES !!!
20220808 015547.245 INFO             PET3 !!!     THIS MAY CAUSE SLOWDOWN IN PERFORMANCE     !!!
20220808 015547.245 INFO             PET3 !!! FOR PRODUCTION RUNS, USE:                      !!!
20220808 015547.245 INFO             PET3 !!!                   ESMF_LOGKIND_Multi_On_Error  !!!
20220808 015547.245 INFO             PET3 !!!!!!!!!!!!!!!!!!!!!!!!!!!!!!!!!!!!!!!!!!!!!!!!!!!!!!
20220808 015547.245 INFO             PET3 Running with ESMF Version   : 8.3.0
20220808 015547.245 INFO             PET3 ESMF library build date/time: "Aug  8 2022" "01:07:00"
20220808 015547.245 INFO             PET3 ESMF library build location : /lustre/f2/dev/Mark.Potts/esmf-test/intel_2019.5_mpi_O_feature_large-messages/esmf
20220808 015547.245 INFO             PET3 ESMF_COMM                   : mpi
20220808 015547.246 INFO             PET3 ESMF_MOAB                   : enabled
20220808 015547.246 INFO             PET3 ESMF_LAPACK                 : enabled
20220808 015547.246 INFO             PET3 ESMF_NETCDF                 : enabled
20220808 015547.246 INFO             PET3 ESMF_PNETCDF                : disabled
20220808 015547.246 INFO             PET3 ESMF_PIO                    : enabled
20220808 015547.246 INFO             PET3 ESMF_YAMLCPP                : enabled
20220808 015547.246 DEBUG            PET3 epochInit
20220808 015547.246 ERROR            PET3 ESMF_StateAPI.cppF90:1189 ESMF_StateAddList Object being used before creation  - Bad Object
20220808 015547.248 DEBUG            PET3 epochFinal
20220808 015547.248 INFO             PET3  NUMBER_OF_PROCESSORS           4
20220808 015547.248 INFO             PET3  PASS  Example ESMF_StateReconcileEx, ESMF_StateReconcileEx.F90, line 294
20220808 015547.248 INFO             PET3 Finalizing ESMF
20220808 015547.248 DEBUG            PET3 epochFinal
