2022-08-06 01:15:03
20220806 015543.852 INFO             PET0 !!!!!!!!!!!!!!!!!!!!!!!!!!!!!!!!!!!!!!!!!!!!!!!!!!!!!!
20220806 015543.852 INFO             PET0 !!! THE ESMF_LOG IS SET TO OUTPUT ALL LOG MESSAGES !!!
20220806 015543.852 INFO             PET0 !!!     THIS MAY CAUSE SLOWDOWN IN PERFORMANCE     !!!
20220806 015543.852 INFO             PET0 !!! FOR PRODUCTION RUNS, USE:                      !!!
20220806 015543.852 INFO             PET0 !!!                   ESMF_LOGKIND_Multi_On_Error  !!!
20220806 015543.852 INFO             PET0 !!!!!!!!!!!!!!!!!!!!!!!!!!!!!!!!!!!!!!!!!!!!!!!!!!!!!!
20220806 015543.852 INFO             PET0 Running with ESMF Version   : 8.3.0
20220806 015543.852 INFO             PET0 ESMF library build date/time: "Aug  6 2022" "01:12:41"
20220806 015543.852 INFO             PET0 ESMF library build location : /lustre/f2/dev/Mark.Potts/esmf-test/intel_2019.5_mpi_O_feature_large-messages/esmf
20220806 015543.852 INFO             PET0 ESMF_COMM                   : mpi
20220806 015543.854 INFO             PET0 ESMF_MOAB                   : enabled
20220806 015543.854 INFO             PET0 ESMF_LAPACK                 : enabled
20220806 015543.854 INFO             PET0 ESMF_NETCDF                 : enabled
20220806 015543.854 INFO             PET0 ESMF_PNETCDF                : disabled
20220806 015543.854 INFO             PET0 ESMF_PIO                    : enabled
20220806 015543.854 INFO             PET0 ESMF_YAMLCPP                : enabled
20220806 015543.873 DEBUG            PET0 VMK::recv():4898, size=7200 in 1 chunks
20220806 015543.873 DEBUG            PET0 VMK::send():4407, size=7200 in 1 chunks
20220806 015543.873 DEBUG            PET0 VMK::send():4407, size=7200 in 1 chunks
20220806 015543.873 DEBUG            PET0 VMK::send():4407, size=4800 in 1 chunks
20220806 015543.873 DEBUG            PET0 VMK::send():4407, size=4800 in 1 chunks
20220806 015543.873 DEBUG            PET0 VMK::send():4407, size=7200 in 1 chunks
20220806 015543.873 DEBUG            PET0 VMK::recv():4898, size=64 in 1 chunks
20220806 015543.873 DEBUG            PET0 VMK::recv():4898, size=64 in 1 chunks
20220806 015543.873 DEBUG            PET0 VMK::send():4407, size=64 in 1 chunks
20220806 015543.873 DEBUG            PET0 VMK::send():4407, size=64 in 1 chunks
20220806 015543.873 DEBUG            PET0 VMK::send():4407, size=64 in 1 chunks
20220806 015543.873 DEBUG            PET0 VMK::send():4407, size=64 in 1 chunks
20220806 015543.873 DEBUG            PET0 VMK::send():4407, size=64 in 1 chunks
20220806 015543.873 DEBUG            PET0 VMK::send():4407, size=64 in 1 chunks
20220806 015543.873 DEBUG            PET0 VMK::recv():4898, size=240 in 1 chunks
20220806 015543.873 DEBUG            PET0 VMK::send():4407, size=240 in 1 chunks
20220806 015543.873 DEBUG            PET0 VMK::send():4407, size=240 in 1 chunks
20220806 015543.873 DEBUG            PET0 VMK::send():4407, size=240 in 1 chunks
20220806 015543.873 DEBUG            PET0 VMK::send():4407, size=240 in 1 chunks
20220806 015543.874 DEBUG            PET0 VMK::send():4407, size=240 in 1 chunks
20220806 015543.874 DEBUG            PET0 VMK::recv():4898, size=240 in 1 chunks
20220806 015543.874 DEBUG            PET0 VMK::recv():4898, size=240 in 1 chunks
20220806 015543.874 DEBUG            PET0 VMK::recv():4898, size=240 in 1 chunks
20220806 015543.874 DEBUG            PET0 VMK::recv():4898, size=240 in 1 chunks
20220806 015543.874 DEBUG            PET0 VMK::send():4407, size=240 in 1 chunks
20220806 015543.874 DEBUG            PET0 VMK::recv():4898, size=240 in 1 chunks
20220806 015543.874 DEBUG            PET0 VMK::recv():4898, size=240 in 1 chunks
20220806 015543.874 DEBUG            PET0 VMK::recv():4898, size=240 in 1 chunks
20220806 015543.874 DEBUG            PET0 VMK::recv():4898, size=240 in 1 chunks
20220806 015543.874 INFO             PET0  NUMBER_OF_PROCESSORS           4
20220806 015543.874 INFO             PET0  PASS  Example ESMF_ArrayScatterGatherEx, ESMF_ArrayScatterGatherEx.F90, line 328
20220806 015543.874 INFO             PET0 Finalizing ESMF
20220806 015543.874 DEBUG            PET0 epochFinal
20220806 015543.864 INFO             PET1 !!!!!!!!!!!!!!!!!!!!!!!!!!!!!!!!!!!!!!!!!!!!!!!!!!!!!!
20220806 015543.864 INFO             PET1 !!! THE ESMF_LOG IS SET TO OUTPUT ALL LOG MESSAGES !!!
20220806 015543.864 INFO             PET1 !!!     THIS MAY CAUSE SLOWDOWN IN PERFORMANCE     !!!
20220806 015543.864 INFO             PET1 !!! FOR PRODUCTION RUNS, USE:                      !!!
20220806 015543.864 INFO             PET1 !!!                   ESMF_LOGKIND_Multi_On_Error  !!!
20220806 015543.864 INFO             PET1 !!!!!!!!!!!!!!!!!!!!!!!!!!!!!!!!!!!!!!!!!!!!!!!!!!!!!!
20220806 015543.864 INFO             PET1 Running with ESMF Version   : 8.3.0
20220806 015543.864 INFO             PET1 ESMF library build date/time: "Aug  6 2022" "01:12:41"
20220806 015543.864 INFO             PET1 ESMF library build location : /lustre/f2/dev/Mark.Potts/esmf-test/intel_2019.5_mpi_O_feature_large-messages/esmf
20220806 015543.864 INFO             PET1 ESMF_COMM                   : mpi
20220806 015543.866 INFO             PET1 ESMF_MOAB                   : enabled
20220806 015543.866 INFO             PET1 ESMF_LAPACK                 : enabled
20220806 015543.866 INFO             PET1 ESMF_NETCDF                 : enabled
20220806 015543.866 INFO             PET1 ESMF_PNETCDF                : disabled
20220806 015543.866 INFO             PET1 ESMF_PIO                    : enabled
20220806 015543.866 INFO             PET1 ESMF_YAMLCPP                : enabled
20220806 015543.873 DEBUG            PET1 VMK::recv():4898, size=7200 in 1 chunks
20220806 015543.873 DEBUG            PET1 VMK::send():4407, size=7200 in 1 chunks
20220806 015543.873 DEBUG            PET1 VMK::recv():4898, size=64 in 1 chunks
20220806 015543.873 DEBUG            PET1 VMK::recv():4898, size=64 in 1 chunks
20220806 015543.873 DEBUG            PET1 VMK::recv():4898, size=240 in 1 chunks
20220806 015543.874 DEBUG            PET1 VMK::send():4407, size=240 in 1 chunks
20220806 015543.874 DEBUG            PET1 VMK::send():4407, size=240 in 1 chunks
20220806 015543.874 INFO             PET1  NUMBER_OF_PROCESSORS           4
20220806 015543.874 INFO             PET1  PASS  Example ESMF_ArrayScatterGatherEx, ESMF_ArrayScatterGatherEx.F90, line 328
20220806 015543.874 INFO             PET1 Finalizing ESMF
20220806 015543.874 DEBUG            PET1 epochFinal
20220806 015543.871 INFO             PET2 !!!!!!!!!!!!!!!!!!!!!!!!!!!!!!!!!!!!!!!!!!!!!!!!!!!!!!
20220806 015543.871 INFO             PET2 !!! THE ESMF_LOG IS SET TO OUTPUT ALL LOG MESSAGES !!!
20220806 015543.871 INFO             PET2 !!!     THIS MAY CAUSE SLOWDOWN IN PERFORMANCE     !!!
20220806 015543.871 INFO             PET2 !!! FOR PRODUCTION RUNS, USE:                      !!!
20220806 015543.871 INFO             PET2 !!!                   ESMF_LOGKIND_Multi_On_Error  !!!
20220806 015543.871 INFO             PET2 !!!!!!!!!!!!!!!!!!!!!!!!!!!!!!!!!!!!!!!!!!!!!!!!!!!!!!
20220806 015543.871 INFO             PET2 Running with ESMF Version   : 8.3.0
20220806 015543.871 INFO             PET2 ESMF library build date/time: "Aug  6 2022" "01:12:41"
20220806 015543.871 INFO             PET2 ESMF library build location : /lustre/f2/dev/Mark.Potts/esmf-test/intel_2019.5_mpi_O_feature_large-messages/esmf
20220806 015543.871 INFO             PET2 ESMF_COMM                   : mpi
20220806 015543.872 INFO             PET2 ESMF_MOAB                   : enabled
20220806 015543.872 INFO             PET2 ESMF_LAPACK                 : enabled
20220806 015543.872 INFO             PET2 ESMF_NETCDF                 : enabled
20220806 015543.872 INFO             PET2 ESMF_PNETCDF                : disabled
20220806 015543.872 INFO             PET2 ESMF_PIO                    : enabled
20220806 015543.872 INFO             PET2 ESMF_YAMLCPP                : enabled
20220806 015543.873 DEBUG            PET2 VMK::recv():4898, size=4800 in 1 chunks
20220806 015543.873 DEBUG            PET2 VMK::send():4407, size=4800 in 1 chunks
20220806 015543.873 DEBUG            PET2 VMK::recv():4898, size=64 in 1 chunks
20220806 015543.873 DEBUG            PET2 VMK::recv():4898, size=240 in 1 chunks
20220806 015543.874 DEBUG            PET2 VMK::send():4407, size=240 in 1 chunks
20220806 015543.874 DEBUG            PET2 VMK::send():4407, size=240 in 1 chunks
20220806 015543.874 INFO             PET2  NUMBER_OF_PROCESSORS           4
20220806 015543.874 INFO             PET2  PASS  Example ESMF_ArrayScatterGatherEx, ESMF_ArrayScatterGatherEx.F90, line 328
20220806 015543.874 INFO             PET2 Finalizing ESMF
20220806 015543.874 DEBUG            PET2 epochFinal
20220806 015543.853 INFO             PET3 !!!!!!!!!!!!!!!!!!!!!!!!!!!!!!!!!!!!!!!!!!!!!!!!!!!!!!
20220806 015543.853 INFO             PET3 !!! THE ESMF_LOG IS SET TO OUTPUT ALL LOG MESSAGES !!!
20220806 015543.853 INFO             PET3 !!!     THIS MAY CAUSE SLOWDOWN IN PERFORMANCE     !!!
20220806 015543.853 INFO             PET3 !!! FOR PRODUCTION RUNS, USE:                      !!!
20220806 015543.853 INFO             PET3 !!!                   ESMF_LOGKIND_Multi_On_Error  !!!
20220806 015543.853 INFO             PET3 !!!!!!!!!!!!!!!!!!!!!!!!!!!!!!!!!!!!!!!!!!!!!!!!!!!!!!
20220806 015543.853 INFO             PET3 Running with ESMF Version   : 8.3.0
20220806 015543.853 INFO             PET3 ESMF library build date/time: "Aug  6 2022" "01:12:41"
20220806 015543.853 INFO             PET3 ESMF library build location : /lustre/f2/dev/Mark.Potts/esmf-test/intel_2019.5_mpi_O_feature_large-messages/esmf
20220806 015543.853 INFO             PET3 ESMF_COMM                   : mpi
20220806 015543.854 INFO             PET3 ESMF_MOAB                   : enabled
20220806 015543.854 INFO             PET3 ESMF_LAPACK                 : enabled
20220806 015543.854 INFO             PET3 ESMF_NETCDF                 : enabled
20220806 015543.854 INFO             PET3 ESMF_PNETCDF                : disabled
20220806 015543.854 INFO             PET3 ESMF_PIO                    : enabled
20220806 015543.854 INFO             PET3 ESMF_YAMLCPP                : enabled
20220806 015543.873 DEBUG            PET3 VMK::recv():4898, size=4800 in 1 chunks
20220806 015543.873 DEBUG            PET3 VMK::send():4407, size=4800 in 1 chunks
20220806 015543.873 DEBUG            PET3 VMK::recv():4898, size=7200 in 1 chunks
20220806 015543.873 DEBUG            PET3 VMK::recv():4898, size=7200 in 1 chunks
20220806 015543.873 DEBUG            PET3 VMK::recv():4898, size=4800 in 1 chunks
20220806 015543.873 DEBUG            PET3 VMK::recv():4898, size=4800 in 1 chunks
20220806 015543.873 DEBUG            PET3 VMK::recv():4898, size=64 in 1 chunks
20220806 015543.873 DEBUG            PET3 VMK::recv():4898, size=240 in 1 chunks
20220806 015543.874 DEBUG            PET3 VMK::send():4407, size=240 in 1 chunks
20220806 015543.874 DEBUG            PET3 VMK::send():4407, size=240 in 1 chunks
20220806 015543.874 INFO             PET3  NUMBER_OF_PROCESSORS           4
20220806 015543.874 INFO             PET3  PASS  Example ESMF_ArrayScatterGatherEx, ESMF_ArrayScatterGatherEx.F90, line 328
20220806 015543.874 INFO             PET3 Finalizing ESMF
20220806 015543.874 DEBUG            PET3 epochFinal
