2022-08-17 01:41:18
20220817 020800.035 INFO             PET0 !!!!!!!!!!!!!!!!!!!!!!!!!!!!!!!!!!!!!!!!!!!!!!!!!!!!!!
20220817 020800.035 INFO             PET0 !!! THE ESMF_LOG IS SET TO OUTPUT ALL LOG MESSAGES !!!
20220817 020800.035 INFO             PET0 !!!     THIS MAY CAUSE SLOWDOWN IN PERFORMANCE     !!!
20220817 020800.035 INFO             PET0 !!! FOR PRODUCTION RUNS, USE:                      !!!
20220817 020800.035 INFO             PET0 !!!                   ESMF_LOGKIND_Multi_On_Error  !!!
20220817 020800.035 INFO             PET0 !!!!!!!!!!!!!!!!!!!!!!!!!!!!!!!!!!!!!!!!!!!!!!!!!!!!!!
20220817 020800.035 INFO             PET0 Running with ESMF Version   : v8.3.1b03
20220817 020800.035 INFO             PET0 ESMF library build date/time: "Aug 17 2022" "01:39:14"
20220817 020800.035 INFO             PET0 ESMF library build location : /discover/nobackup/projects/sbu/mpotts/esmf-test/intel_19.1.3_mpt_O_patch_8.3.1/esmf
20220817 020800.035 INFO             PET0 ESMF_COMM                   : mpt
20220817 020800.036 INFO             PET0 ESMF_MOAB                   : enabled
20220817 020800.036 INFO             PET0 ESMF_LAPACK                 : enabled
20220817 020800.036 INFO             PET0 ESMF_NETCDF                 : enabled
20220817 020800.036 INFO             PET0 ESMF_PNETCDF                : disabled
20220817 020800.036 INFO             PET0 ESMF_PIO                    : enabled
20220817 020800.036 INFO             PET0 ESMF_YAMLCPP                : enabled
20220817 020800.037 INFO             PET0  NUMBER_OF_PROCESSORS           1
20220817 020800.037 INFO             PET0  PASS  Example ESMF_TimeEx, ESMF_TimeEx.F90, line 141
20220817 020800.037 INFO             PET0 Finalizing ESMF
