2022-09-12 02:31:53
20220912 025322.926 INFO             PET0 !!!!!!!!!!!!!!!!!!!!!!!!!!!!!!!!!!!!!!!!!!!!!!!!!!!!!!
20220912 025322.926 INFO             PET0 !!! THE ESMF_LOG IS SET TO OUTPUT ALL LOG MESSAGES !!!
20220912 025322.926 INFO             PET0 !!!     THIS MAY CAUSE SLOWDOWN IN PERFORMANCE     !!!
20220912 025322.926 INFO             PET0 !!! FOR PRODUCTION RUNS, USE:                      !!!
20220912 025322.926 INFO             PET0 !!!                   ESMF_LOGKIND_Multi_On_Error  !!!
20220912 025322.926 INFO             PET0 !!!!!!!!!!!!!!!!!!!!!!!!!!!!!!!!!!!!!!!!!!!!!!!!!!!!!!
20220912 025322.926 INFO             PET0 Running with ESMF Version   : v8.3.1b05
20220912 025322.926 INFO             PET0 ESMF library build date/time: "Sep 12 2022" "02:30:52"
20220912 025322.926 INFO             PET0 ESMF library build location : /scratch1/NCEPDEV/stmp2/Rocky.Dunlap/esmf-testing/gfortran_9.2.0b_openmpi_O_patch_8.3.1/esmf
20220912 025322.926 INFO             PET0 ESMF_COMM                   : openmpi
20220912 025322.926 INFO             PET0 ESMF_MOAB                   : enabled
20220912 025322.926 INFO             PET0 ESMF_LAPACK                 : enabled
20220912 025322.926 INFO             PET0 ESMF_NETCDF                 : disabled
20220912 025322.926 INFO             PET0 ESMF_PNETCDF                : disabled
20220912 025322.926 INFO             PET0 ESMF_PIO                    : disabled
20220912 025322.926 INFO             PET0 ESMF_YAMLCPP                : enabled
20220912 025322.960 DEBUG            PET0 about to destroy Grid: 0xaa63e0
20220912 025322.963 DEBUG            PET0 about to destroy Grid: 0xaa7750
20220912 025322.972 INFO             PET0  NUMBER_OF_PROCESSORS           4
20220912 025322.972 INFO             PET0  PASS  Example ESMF_NUOPCAtmModelEx, ESMF_NUOPCAtmModelEx.F90, line 806
20220912 025322.972 INFO             PET0 Finalizing ESMF
20220912 025322.926 INFO             PET1 !!!!!!!!!!!!!!!!!!!!!!!!!!!!!!!!!!!!!!!!!!!!!!!!!!!!!!
20220912 025322.926 INFO             PET1 !!! THE ESMF_LOG IS SET TO OUTPUT ALL LOG MESSAGES !!!
20220912 025322.926 INFO             PET1 !!!     THIS MAY CAUSE SLOWDOWN IN PERFORMANCE     !!!
20220912 025322.926 INFO             PET1 !!! FOR PRODUCTION RUNS, USE:                      !!!
20220912 025322.926 INFO             PET1 !!!                   ESMF_LOGKIND_Multi_On_Error  !!!
20220912 025322.926 INFO             PET1 !!!!!!!!!!!!!!!!!!!!!!!!!!!!!!!!!!!!!!!!!!!!!!!!!!!!!!
20220912 025322.926 INFO             PET1 Running with ESMF Version   : v8.3.1b05
20220912 025322.926 INFO             PET1 ESMF library build date/time: "Sep 12 2022" "02:30:52"
20220912 025322.926 INFO             PET1 ESMF library build location : /scratch1/NCEPDEV/stmp2/Rocky.Dunlap/esmf-testing/gfortran_9.2.0b_openmpi_O_patch_8.3.1/esmf
20220912 025322.926 INFO             PET1 ESMF_COMM                   : openmpi
20220912 025322.927 INFO             PET1 ESMF_MOAB                   : enabled
20220912 025322.927 INFO             PET1 ESMF_LAPACK                 : enabled
20220912 025322.927 INFO             PET1 ESMF_NETCDF                 : disabled
20220912 025322.927 INFO             PET1 ESMF_PNETCDF                : disabled
20220912 025322.927 INFO             PET1 ESMF_PIO                    : disabled
20220912 025322.927 INFO             PET1 ESMF_YAMLCPP                : enabled
20220912 025322.960 DEBUG            PET1 about to destroy Grid: 0x12c07e0
20220912 025322.963 DEBUG            PET1 about to destroy Grid: 0x12c16f0
20220912 025322.972 INFO             PET1  NUMBER_OF_PROCESSORS           4
20220912 025322.972 INFO             PET1  PASS  Example ESMF_NUOPCAtmModelEx, ESMF_NUOPCAtmModelEx.F90, line 806
20220912 025322.972 INFO             PET1 Finalizing ESMF
20220912 025322.926 INFO             PET2 !!!!!!!!!!!!!!!!!!!!!!!!!!!!!!!!!!!!!!!!!!!!!!!!!!!!!!
20220912 025322.926 INFO             PET2 !!! THE ESMF_LOG IS SET TO OUTPUT ALL LOG MESSAGES !!!
20220912 025322.926 INFO             PET2 !!!     THIS MAY CAUSE SLOWDOWN IN PERFORMANCE     !!!
20220912 025322.926 INFO             PET2 !!! FOR PRODUCTION RUNS, USE:                      !!!
20220912 025322.926 INFO             PET2 !!!                   ESMF_LOGKIND_Multi_On_Error  !!!
20220912 025322.926 INFO             PET2 !!!!!!!!!!!!!!!!!!!!!!!!!!!!!!!!!!!!!!!!!!!!!!!!!!!!!!
20220912 025322.926 INFO             PET2 Running with ESMF Version   : v8.3.1b05
20220912 025322.926 INFO             PET2 ESMF library build date/time: "Sep 12 2022" "02:30:52"
20220912 025322.926 INFO             PET2 ESMF library build location : /scratch1/NCEPDEV/stmp2/Rocky.Dunlap/esmf-testing/gfortran_9.2.0b_openmpi_O_patch_8.3.1/esmf
20220912 025322.926 INFO             PET2 ESMF_COMM                   : openmpi
20220912 025322.927 INFO             PET2 ESMF_MOAB                   : enabled
20220912 025322.927 INFO             PET2 ESMF_LAPACK                 : enabled
20220912 025322.927 INFO             PET2 ESMF_NETCDF                 : disabled
20220912 025322.927 INFO             PET2 ESMF_PNETCDF                : disabled
20220912 025322.927 INFO             PET2 ESMF_PIO                    : disabled
20220912 025322.927 INFO             PET2 ESMF_YAMLCPP                : enabled
20220912 025322.960 DEBUG            PET2 about to destroy Grid: 0x2417050
20220912 025322.963 DEBUG            PET2 about to destroy Grid: 0x2417ed0
20220912 025322.972 INFO             PET2  NUMBER_OF_PROCESSORS           4
20220912 025322.972 INFO             PET2  PASS  Example ESMF_NUOPCAtmModelEx, ESMF_NUOPCAtmModelEx.F90, line 806
20220912 025322.972 INFO             PET2 Finalizing ESMF
20220912 025322.926 INFO             PET3 !!!!!!!!!!!!!!!!!!!!!!!!!!!!!!!!!!!!!!!!!!!!!!!!!!!!!!
20220912 025322.926 INFO             PET3 !!! THE ESMF_LOG IS SET TO OUTPUT ALL LOG MESSAGES !!!
20220912 025322.926 INFO             PET3 !!!     THIS MAY CAUSE SLOWDOWN IN PERFORMANCE     !!!
20220912 025322.926 INFO             PET3 !!! FOR PRODUCTION RUNS, USE:                      !!!
20220912 025322.926 INFO             PET3 !!!                   ESMF_LOGKIND_Multi_On_Error  !!!
20220912 025322.926 INFO             PET3 !!!!!!!!!!!!!!!!!!!!!!!!!!!!!!!!!!!!!!!!!!!!!!!!!!!!!!
20220912 025322.926 INFO             PET3 Running with ESMF Version   : v8.3.1b05
20220912 025322.926 INFO             PET3 ESMF library build date/time: "Sep 12 2022" "02:30:52"
20220912 025322.926 INFO             PET3 ESMF library build location : /scratch1/NCEPDEV/stmp2/Rocky.Dunlap/esmf-testing/gfortran_9.2.0b_openmpi_O_patch_8.3.1/esmf
20220912 025322.926 INFO             PET3 ESMF_COMM                   : openmpi
20220912 025322.926 INFO             PET3 ESMF_MOAB                   : enabled
20220912 025322.926 INFO             PET3 ESMF_LAPACK                 : enabled
20220912 025322.926 INFO             PET3 ESMF_NETCDF                 : disabled
20220912 025322.926 INFO             PET3 ESMF_PNETCDF                : disabled
20220912 025322.926 INFO             PET3 ESMF_PIO                    : disabled
20220912 025322.926 INFO             PET3 ESMF_YAMLCPP                : enabled
20220912 025322.960 DEBUG            PET3 about to destroy Grid: 0x232a1f0
20220912 025322.963 DEBUG            PET3 about to destroy Grid: 0x232b180
20220912 025322.972 INFO             PET3  NUMBER_OF_PROCESSORS           4
20220912 025322.972 INFO             PET3  PASS  Example ESMF_NUOPCAtmModelEx, ESMF_NUOPCAtmModelEx.F90, line 806
20220912 025322.972 INFO             PET3 Finalizing ESMF
