2022-08-07 02:31:45
20220807 024959.980 INFO             PET0 !!!!!!!!!!!!!!!!!!!!!!!!!!!!!!!!!!!!!!!!!!!!!!!!!!!!!!
20220807 024959.980 INFO             PET0 !!! THE ESMF_LOG IS SET TO OUTPUT ALL LOG MESSAGES !!!
20220807 024959.980 INFO             PET0 !!!     THIS MAY CAUSE SLOWDOWN IN PERFORMANCE     !!!
20220807 024959.980 INFO             PET0 !!! FOR PRODUCTION RUNS, USE:                      !!!
20220807 024959.980 INFO             PET0 !!!                   ESMF_LOGKIND_Multi_On_Error  !!!
20220807 024959.980 INFO             PET0 !!!!!!!!!!!!!!!!!!!!!!!!!!!!!!!!!!!!!!!!!!!!!!!!!!!!!!
20220807 024959.980 INFO             PET0 Running with ESMF Version   : v8.3.0b17-30-g0de4558e1e
20220807 024959.980 INFO             PET0 ESMF library build date/time: "Aug  7 2022" "02:30:33"
20220807 024959.980 INFO             PET0 ESMF library build location : /project/esmf/rocky/esmf-testing/gfortran_11.2.0_mpiuni_O_feature_large-messages/esmf
20220807 024959.980 INFO             PET0 ESMF_COMM                   : mpiuni
20220807 024959.981 INFO             PET0 ESMF_MOAB                   : enabled
20220807 024959.981 INFO             PET0 ESMF_LAPACK                 : enabled
20220807 024959.981 INFO             PET0 ESMF_NETCDF                 : enabled
20220807 024959.981 INFO             PET0 ESMF_PNETCDF                : disabled
20220807 024959.981 INFO             PET0 ESMF_PIO                    : disabled
20220807 024959.981 INFO             PET0 ESMF_YAMLCPP                : enabled
20220807 024959.996 DEBUG            PET0 VMK::recv():4970, size=4608 using MPIUNI channel via memcpy() in one chunk
20220807 024959.996 DEBUG            PET0 VMK::send():4482, size=4608 using MPIUNI channel via memcpy() in one chunk
20220807 024959.996 DEBUG            PET0 VMK::recv():4970, size=4608 using MPIUNI channel via memcpy() in one chunk
20220807 024959.996 DEBUG            PET0 VMK::send():4482, size=4608 using MPIUNI channel via memcpy() in one chunk
20220807 024959.996 DEBUG            PET0 VMK::recv():4970, size=4608 using MPIUNI channel via memcpy() in one chunk
20220807 024959.996 DEBUG            PET0 VMK::send():4482, size=4608 using MPIUNI channel via memcpy() in one chunk
20220807 024959.996 DEBUG            PET0 VMK::recv():4970, size=4608 using MPIUNI channel via memcpy() in one chunk
20220807 024959.996 DEBUG            PET0 VMK::send():4482, size=4608 using MPIUNI channel via memcpy() in one chunk
20220807 024959.996 DEBUG            PET0 VMK::recv():4970, size=4608 using MPIUNI channel via memcpy() in one chunk
20220807 024959.996 DEBUG            PET0 VMK::send():4482, size=4608 using MPIUNI channel via memcpy() in one chunk
20220807 024959.996 DEBUG            PET0 VMK::recv():4970, size=4608 using MPIUNI channel via memcpy() in one chunk
20220807 024959.996 DEBUG            PET0 VMK::send():4482, size=4608 using MPIUNI channel via memcpy() in one chunk
20220807 024959.996 DEBUG            PET0 VMK::recv():4970, size=4608 using MPIUNI channel via memcpy() in one chunk
20220807 024959.996 DEBUG            PET0 VMK::send():4482, size=4608 using MPIUNI channel via memcpy() in one chunk
20220807 024959.996 DEBUG            PET0 VMK::recv():4970, size=4608 using MPIUNI channel via memcpy() in one chunk
20220807 024959.996 DEBUG            PET0 VMK::send():4482, size=4608 using MPIUNI channel via memcpy() in one chunk
20220807 024959.996 DEBUG            PET0 VMK::recv():4970, size=4608 using MPIUNI channel via memcpy() in one chunk
20220807 024959.996 DEBUG            PET0 VMK::send():4482, size=4608 using MPIUNI channel via memcpy() in one chunk
20220807 024959.996 DEBUG            PET0 VMK::recv():4970, size=4608 using MPIUNI channel via memcpy() in one chunk
20220807 024959.996 DEBUG            PET0 VMK::send():4482, size=4608 using MPIUNI channel via memcpy() in one chunk
20220807 024959.996 DEBUG            PET0 VMK::recv():4970, size=4608 using MPIUNI channel via memcpy() in one chunk
20220807 024959.996 DEBUG            PET0 VMK::send():4482, size=4608 using MPIUNI channel via memcpy() in one chunk
20220807 024959.996 DEBUG            PET0 VMK::recv():4970, size=4608 using MPIUNI channel via memcpy() in one chunk
20220807 024959.996 DEBUG            PET0 VMK::send():4482, size=4608 using MPIUNI channel via memcpy() in one chunk
20220807 024959.996 DEBUG            PET0 VMK::recv():4970, size=4608 using MPIUNI channel via memcpy() in one chunk
20220807 024959.996 DEBUG            PET0 VMK::send():4482, size=4608 using MPIUNI channel via memcpy() in one chunk
20220807 024959.996 DEBUG            PET0 VMK::recv():4970, size=4608 using MPIUNI channel via memcpy() in one chunk
20220807 024959.996 DEBUG            PET0 VMK::send():4482, size=4608 using MPIUNI channel via memcpy() in one chunk
20220807 024959.996 DEBUG            PET0 VMK::recv():4970, size=4608 using MPIUNI channel via memcpy() in one chunk
20220807 024959.996 DEBUG            PET0 VMK::send():4482, size=4608 using MPIUNI channel via memcpy() in one chunk
20220807 025000.010 DEBUG            PET0 VMK::recv():4970, size=4608 using MPIUNI channel via memcpy() in one chunk
20220807 025000.010 DEBUG            PET0 VMK::send():4482, size=4608 using MPIUNI channel via memcpy() in one chunk
20220807 025000.010 DEBUG            PET0 VMK::recv():4970, size=4608 using MPIUNI channel via memcpy() in one chunk
20220807 025000.010 DEBUG            PET0 VMK::send():4482, size=4608 using MPIUNI channel via memcpy() in one chunk
20220807 025000.010 DEBUG            PET0 VMK::recv():4970, size=4608 using MPIUNI channel via memcpy() in one chunk
20220807 025000.010 DEBUG            PET0 VMK::send():4482, size=4608 using MPIUNI channel via memcpy() in one chunk
20220807 025000.010 DEBUG            PET0 VMK::recv():4970, size=4608 using MPIUNI channel via memcpy() in one chunk
20220807 025000.010 DEBUG            PET0 VMK::send():4482, size=4608 using MPIUNI channel via memcpy() in one chunk
20220807 025000.010 DEBUG            PET0 VMK::recv():4970, size=4608 using MPIUNI channel via memcpy() in one chunk
20220807 025000.010 DEBUG            PET0 VMK::send():4482, size=4608 using MPIUNI channel via memcpy() in one chunk
20220807 025000.010 DEBUG            PET0 VMK::recv():4970, size=4608 using MPIUNI channel via memcpy() in one chunk
20220807 025000.010 DEBUG            PET0 VMK::send():4482, size=4608 using MPIUNI channel via memcpy() in one chunk
20220807 025000.010 DEBUG            PET0 VMK::recv():4970, size=4608 using MPIUNI channel via memcpy() in one chunk
20220807 025000.010 DEBUG            PET0 VMK::send():4482, size=4608 using MPIUNI channel via memcpy() in one chunk
20220807 025000.010 DEBUG            PET0 VMK::recv():4970, size=4608 using MPIUNI channel via memcpy() in one chunk
20220807 025000.010 DEBUG            PET0 VMK::send():4482, size=4608 using MPIUNI channel via memcpy() in one chunk
20220807 025000.010 DEBUG            PET0 VMK::recv():4970, size=4608 using MPIUNI channel via memcpy() in one chunk
20220807 025000.010 DEBUG            PET0 VMK::send():4482, size=4608 using MPIUNI channel via memcpy() in one chunk
20220807 025000.010 DEBUG            PET0 VMK::recv():4970, size=4608 using MPIUNI channel via memcpy() in one chunk
20220807 025000.010 DEBUG            PET0 VMK::send():4482, size=4608 using MPIUNI channel via memcpy() in one chunk
20220807 025000.011 DEBUG            PET0 VMK::recv():4970, size=4608 using MPIUNI channel via memcpy() in one chunk
20220807 025000.011 DEBUG            PET0 VMK::send():4482, size=4608 using MPIUNI channel via memcpy() in one chunk
20220807 025000.011 DEBUG            PET0 VMK::recv():4970, size=92160 using MPIUNI channel via memcpy() in one chunk
20220807 025000.011 DEBUG            PET0 VMK::send():4482, size=92160 using MPIUNI channel via memcpy() in one chunk
20220807 025000.011 DEBUG            PET0 VMK::recv():4970, size=92160 using MPIUNI channel via memcpy() in one chunk
20220807 025000.011 DEBUG            PET0 VMK::send():4482, size=92160 using MPIUNI channel via memcpy() in one chunk
20220807 025000.015 DEBUG            PET0 VMK::recv():4970, size=92160 using MPIUNI channel via memcpy() in one chunk
20220807 025000.015 DEBUG            PET0 VMK::send():4482, size=92160 using MPIUNI channel via memcpy() in one chunk
20220807 025000.028 DEBUG            PET0 VMK::recv():4970, size=2304 using MPIUNI channel via memcpy() in one chunk
20220807 025000.028 DEBUG            PET0 VMK::send():4482, size=2304 using MPIUNI channel via memcpy() in one chunk
20220807 025000.028 DEBUG            PET0 VMK::recv():4970, size=2304 using MPIUNI channel via memcpy() in one chunk
20220807 025000.028 DEBUG            PET0 VMK::send():4482, size=2304 using MPIUNI channel via memcpy() in one chunk
20220807 025000.028 DEBUG            PET0 VMK::recv():4970, size=2304 using MPIUNI channel via memcpy() in one chunk
20220807 025000.028 DEBUG            PET0 VMK::send():4482, size=2304 using MPIUNI channel via memcpy() in one chunk
20220807 025000.028 DEBUG            PET0 VMK::recv():4970, size=2304 using MPIUNI channel via memcpy() in one chunk
20220807 025000.028 DEBUG            PET0 VMK::send():4482, size=2304 using MPIUNI channel via memcpy() in one chunk
20220807 025000.028 DEBUG            PET0 VMK::recv():4970, size=2304 using MPIUNI channel via memcpy() in one chunk
20220807 025000.028 DEBUG            PET0 VMK::send():4482, size=2304 using MPIUNI channel via memcpy() in one chunk
20220807 025000.028 DEBUG            PET0 VMK::recv():4970, size=2304 using MPIUNI channel via memcpy() in one chunk
20220807 025000.028 DEBUG            PET0 VMK::send():4482, size=2304 using MPIUNI channel via memcpy() in one chunk
20220807 025000.028 DEBUG            PET0 VMK::recv():4970, size=2304 using MPIUNI channel via memcpy() in one chunk
20220807 025000.028 DEBUG            PET0 VMK::send():4482, size=2304 using MPIUNI channel via memcpy() in one chunk
20220807 025000.028 DEBUG            PET0 VMK::recv():4970, size=2304 using MPIUNI channel via memcpy() in one chunk
20220807 025000.029 DEBUG            PET0 VMK::send():4482, size=2304 using MPIUNI channel via memcpy() in one chunk
20220807 025000.029 DEBUG            PET0 VMK::recv():4970, size=2304 using MPIUNI channel via memcpy() in one chunk
20220807 025000.029 DEBUG            PET0 VMK::send():4482, size=2304 using MPIUNI channel via memcpy() in one chunk
20220807 025000.029 DEBUG            PET0 VMK::recv():4970, size=2304 using MPIUNI channel via memcpy() in one chunk
20220807 025000.029 DEBUG            PET0 VMK::send():4482, size=2304 using MPIUNI channel via memcpy() in one chunk
20220807 025000.029 DEBUG            PET0 VMK::recv():4970, size=2304 using MPIUNI channel via memcpy() in one chunk
20220807 025000.029 DEBUG            PET0 VMK::send():4482, size=2304 using MPIUNI channel via memcpy() in one chunk
20220807 025000.029 DEBUG            PET0 VMK::recv():4970, size=2304 using MPIUNI channel via memcpy() in one chunk
20220807 025000.029 DEBUG            PET0 VMK::send():4482, size=2304 using MPIUNI channel via memcpy() in one chunk
20220807 025000.029 INFO             PET0  NUMBER_OF_PROCESSORS           1
20220807 025000.029 INFO             PET0  PASS  Example ESMF_RHandleDynamicMaskingEx, ESMF_RHandleDynamicMaskingEx.F90, line 1116
20220807 025000.029 INFO             PET0 Finalizing ESMF
20220807 025000.029 DEBUG            PET0 epochFinal
