2022-09-07 02:55:37
20220907 032450.784 INFO             PET0 !!!!!!!!!!!!!!!!!!!!!!!!!!!!!!!!!!!!!!!!!!!!!!!!!!!!!!
20220907 032450.785 INFO             PET0 !!! THE ESMF_LOG IS SET TO OUTPUT ALL LOG MESSAGES !!!
20220907 032450.785 INFO             PET0 !!!     THIS MAY CAUSE SLOWDOWN IN PERFORMANCE     !!!
20220907 032450.785 INFO             PET0 !!! FOR PRODUCTION RUNS, USE:                      !!!
20220907 032450.785 INFO             PET0 !!!                   ESMF_LOGKIND_Multi_On_Error  !!!
20220907 032450.785 INFO             PET0 !!!!!!!!!!!!!!!!!!!!!!!!!!!!!!!!!!!!!!!!!!!!!!!!!!!!!!
20220907 032450.785 INFO             PET0 Running with ESMF Version   : v8.3.1b05
20220907 032450.785 INFO             PET0 ESMF library build date/time: "Sep  7 2022" "02:53:54"
20220907 032450.785 INFO             PET0 ESMF library build location : /scratch1/NCEPDEV/stmp2/Rocky.Dunlap/esmf-testing/intel_18.0.5a_mpiuni_g_patch_8.3.1/esmf
20220907 032450.785 INFO             PET0 ESMF_COMM                   : mpiuni
20220907 032450.786 INFO             PET0 ESMF_MOAB                   : enabled
20220907 032450.786 INFO             PET0 ESMF_LAPACK                 : enabled
20220907 032450.786 INFO             PET0 ESMF_NETCDF                 : enabled
20220907 032450.786 INFO             PET0 ESMF_PNETCDF                : disabled
20220907 032450.786 INFO             PET0 ESMF_PIO                    : disabled
20220907 032450.786 INFO             PET0 ESMF_YAMLCPP                : enabled
20220907 032450.786 INFO             PET0  NUMBER_OF_PROCESSORS           1
20220907 032450.786 INFO             PET0  PASS  Example ESMF_VMScatterVMGatherEx, ESMF_VMScatterVMGatherEx.F90, line 120
20220907 032450.786 INFO             PET0 Finalizing ESMF
