2022-08-26 02:44:37
20220826 031343.755 INFO             PET0 !!!!!!!!!!!!!!!!!!!!!!!!!!!!!!!!!!!!!!!!!!!!!!!!!!!!!!
20220826 031343.755 INFO             PET0 !!! THE ESMF_LOG IS SET TO OUTPUT ALL LOG MESSAGES !!!
20220826 031343.755 INFO             PET0 !!!     THIS MAY CAUSE SLOWDOWN IN PERFORMANCE     !!!
20220826 031343.755 INFO             PET0 !!! FOR PRODUCTION RUNS, USE:                      !!!
20220826 031343.755 INFO             PET0 !!!                   ESMF_LOGKIND_Multi_On_Error  !!!
20220826 031343.755 INFO             PET0 !!!!!!!!!!!!!!!!!!!!!!!!!!!!!!!!!!!!!!!!!!!!!!!!!!!!!!
20220826 031343.755 INFO             PET0 Running with ESMF Version   : v8.3.1b05
20220826 031343.755 INFO             PET0 ESMF library build date/time: "Aug 26 2022" "02:42:48"
20220826 031343.755 INFO             PET0 ESMF library build location : /scratch1/NCEPDEV/stmp2/Rocky.Dunlap/esmf-testing/intel_18.0.5a_mpiuni_g_patch_8.3.1/esmf
20220826 031343.755 INFO             PET0 ESMF_COMM                   : mpiuni
20220826 031343.756 INFO             PET0 ESMF_MOAB                   : enabled
20220826 031343.756 INFO             PET0 ESMF_LAPACK                 : enabled
20220826 031343.756 INFO             PET0 ESMF_NETCDF                 : enabled
20220826 031343.756 INFO             PET0 ESMF_PNETCDF                : disabled
20220826 031343.756 INFO             PET0 ESMF_PIO                    : disabled
20220826 031343.756 INFO             PET0 ESMF_YAMLCPP                : enabled
20220826 031343.756 INFO             PET0 ESMF Tracing Enabled
20220826 031343.756 INFO             PET0 ESMF Profiling Enabled
20220826 031343.756 INFO             PET0 ESMF Trace/Profile clock: REALTIME
20220826 031343.759 INFO             PET0  NUMBER_OF_PROCESSORS           1
20220826 031343.759 INFO             PET0  PASS  Example ESMF_TraceUserEx, ESMF_TraceUserEx.F90, line 125
20220826 031343.759 INFO             PET0 Finalizing ESMF
20220826 031343.759 INFO             PET0 **************** Region Timings *******************
20220826 031343.759 INFO             PET0 Region              Count  Total (s)   Self (s)    Mean (s)    Min (s)     Max (s)
20220826 031343.759 INFO             PET0   outer_region      1      0.0004      0.0000      0.0004      0.0004      0.0004
20220826 031343.759 INFO             PET0     inner_region_1  10     0.0002      0.0002      0.0000      0.0000      0.0000
20220826 031343.759 INFO             PET0     inner_region_2  10     0.0001      0.0001      0.0000      0.0000      0.0000
