2022-07-29 02:19:48
20220729 024647.982 INFO             PET0 !!!!!!!!!!!!!!!!!!!!!!!!!!!!!!!!!!!!!!!!!!!!!!!!!!!!!!
20220729 024647.982 INFO             PET0 !!! THE ESMF_LOG IS SET TO OUTPUT ALL LOG MESSAGES !!!
20220729 024647.982 INFO             PET0 !!!     THIS MAY CAUSE SLOWDOWN IN PERFORMANCE     !!!
20220729 024647.982 INFO             PET0 !!! FOR PRODUCTION RUNS, USE:                      !!!
20220729 024647.982 INFO             PET0 !!!                   ESMF_LOGKIND_Multi_On_Error  !!!
20220729 024647.982 INFO             PET0 !!!!!!!!!!!!!!!!!!!!!!!!!!!!!!!!!!!!!!!!!!!!!!!!!!!!!!
20220729 024647.982 INFO             PET0 Running with ESMF Version   : v8.4.0b07-9-g4812f463b2
20220729 024647.982 INFO             PET0 ESMF library build date/time: "Jul 29 2022" "02:18:42"
20220729 024647.982 INFO             PET0 ESMF library build location : /scratch1/NCEPDEV/stmp2/Rocky.Dunlap/esmf-testing/gfortran_9.2.0a_mpiuni_g_develop/esmf
20220729 024647.982 INFO             PET0 ESMF_COMM                   : mpiuni
20220729 024647.983 INFO             PET0 ESMF_MOAB                   : enabled
20220729 024647.983 INFO             PET0 ESMF_LAPACK                 : enabled
20220729 024647.983 INFO             PET0 ESMF_NETCDF                 : enabled
20220729 024647.983 INFO             PET0 ESMF_PNETCDF                : disabled
20220729 024647.983 INFO             PET0 ESMF_PIO                    : disabled
20220729 024647.983 INFO             PET0 ESMF_YAMLCPP                : enabled
20220729 024647.985 INFO             PET0  NUMBER_OF_PROCESSORS           1
20220729 024647.985 INFO             PET0  PASS  Example ESMF_AppMainEx, ESMF_AppMainEx.F90, line 486
20220729 024647.985 INFO             PET0 Finalizing ESMF
