2022-09-20 18:08:54
20220920 235005.361 INFO             PET0 !!!!!!!!!!!!!!!!!!!!!!!!!!!!!!!!!!!!!!!!!!!!!!!!!!!!!!
20220920 235005.361 INFO             PET0 !!! THE ESMF_LOG IS SET TO OUTPUT ALL LOG MESSAGES !!!
20220920 235005.361 INFO             PET0 !!!     THIS MAY CAUSE SLOWDOWN IN PERFORMANCE     !!!
20220920 235005.361 INFO             PET0 !!! FOR PRODUCTION RUNS, USE:                      !!!
20220920 235005.361 INFO             PET0 !!!                   ESMF_LOGKIND_Multi_On_Error  !!!
20220920 235005.361 INFO             PET0 !!!!!!!!!!!!!!!!!!!!!!!!!!!!!!!!!!!!!!!!!!!!!!!!!!!!!!
20220920 235005.361 INFO             PET0 Running with ESMF Version   : v8.4.0b13-94-gfa383530e0
20220920 235005.361 INFO             PET0 ESMF library build date/time: "Sep 20 2022" "07:33:12"
20220920 235005.361 INFO             PET0 ESMF library build location : /global/cscratch1/sd/rsdunlap/esmf-testing/intel_19.1.2_mpi_O_develop/esmf
20220920 235005.361 INFO             PET0 ESMF_COMM                   : mpi
20220920 235005.363 INFO             PET0 ESMF_MOAB                   : enabled
20220920 235005.363 INFO             PET0 ESMF_LAPACK                 : enabled
20220920 235005.363 INFO             PET0 ESMF_NETCDF                 : enabled
20220920 235005.363 INFO             PET0 ESMF_PNETCDF                : disabled
20220920 235005.363 INFO             PET0 ESMF_PIO                    : enabled
20220920 235005.363 INFO             PET0 ESMF_YAMLCPP                : enabled
20220920 235005.405 DEBUG            PET0 about to destroy Grid: 0x100003824a0
20220920 235005.408 DEBUG            PET0 about to destroy Grid: 0x10000385990
20220920 235005.418 INFO             PET0  NUMBER_OF_PROCESSORS           4
20220920 235005.418 INFO             PET0  PASS  Example ESMF_NUOPCAtmModelEx, ESMF_NUOPCAtmModelEx.F90, line 806
20220920 235005.418 INFO             PET0 Finalizing ESMF
20220920 235005.360 INFO             PET1 !!!!!!!!!!!!!!!!!!!!!!!!!!!!!!!!!!!!!!!!!!!!!!!!!!!!!!
20220920 235005.360 INFO             PET1 !!! THE ESMF_LOG IS SET TO OUTPUT ALL LOG MESSAGES !!!
20220920 235005.360 INFO             PET1 !!!     THIS MAY CAUSE SLOWDOWN IN PERFORMANCE     !!!
20220920 235005.360 INFO             PET1 !!! FOR PRODUCTION RUNS, USE:                      !!!
20220920 235005.360 INFO             PET1 !!!                   ESMF_LOGKIND_Multi_On_Error  !!!
20220920 235005.360 INFO             PET1 !!!!!!!!!!!!!!!!!!!!!!!!!!!!!!!!!!!!!!!!!!!!!!!!!!!!!!
20220920 235005.360 INFO             PET1 Running with ESMF Version   : v8.4.0b13-94-gfa383530e0
20220920 235005.360 INFO             PET1 ESMF library build date/time: "Sep 20 2022" "07:33:12"
20220920 235005.360 INFO             PET1 ESMF library build location : /global/cscratch1/sd/rsdunlap/esmf-testing/intel_19.1.2_mpi_O_develop/esmf
20220920 235005.360 INFO             PET1 ESMF_COMM                   : mpi
20220920 235005.362 INFO             PET1 ESMF_MOAB                   : enabled
20220920 235005.362 INFO             PET1 ESMF_LAPACK                 : enabled
20220920 235005.362 INFO             PET1 ESMF_NETCDF                 : enabled
20220920 235005.362 INFO             PET1 ESMF_PNETCDF                : disabled
20220920 235005.362 INFO             PET1 ESMF_PIO                    : enabled
20220920 235005.362 INFO             PET1 ESMF_YAMLCPP                : enabled
20220920 235005.405 DEBUG            PET1 about to destroy Grid: 0x1000037f950
20220920 235005.408 DEBUG            PET1 about to destroy Grid: 0x100003838a0
20220920 235005.418 INFO             PET1  NUMBER_OF_PROCESSORS           4
20220920 235005.418 INFO             PET1  PASS  Example ESMF_NUOPCAtmModelEx, ESMF_NUOPCAtmModelEx.F90, line 806
20220920 235005.418 INFO             PET1 Finalizing ESMF
20220920 235005.361 INFO             PET2 !!!!!!!!!!!!!!!!!!!!!!!!!!!!!!!!!!!!!!!!!!!!!!!!!!!!!!
20220920 235005.361 INFO             PET2 !!! THE ESMF_LOG IS SET TO OUTPUT ALL LOG MESSAGES !!!
20220920 235005.361 INFO             PET2 !!!     THIS MAY CAUSE SLOWDOWN IN PERFORMANCE     !!!
20220920 235005.361 INFO             PET2 !!! FOR PRODUCTION RUNS, USE:                      !!!
20220920 235005.361 INFO             PET2 !!!                   ESMF_LOGKIND_Multi_On_Error  !!!
20220920 235005.361 INFO             PET2 !!!!!!!!!!!!!!!!!!!!!!!!!!!!!!!!!!!!!!!!!!!!!!!!!!!!!!
20220920 235005.361 INFO             PET2 Running with ESMF Version   : v8.4.0b13-94-gfa383530e0
20220920 235005.361 INFO             PET2 ESMF library build date/time: "Sep 20 2022" "07:33:12"
20220920 235005.361 INFO             PET2 ESMF library build location : /global/cscratch1/sd/rsdunlap/esmf-testing/intel_19.1.2_mpi_O_develop/esmf
20220920 235005.361 INFO             PET2 ESMF_COMM                   : mpi
20220920 235005.362 INFO             PET2 ESMF_MOAB                   : enabled
20220920 235005.362 INFO             PET2 ESMF_LAPACK                 : enabled
20220920 235005.362 INFO             PET2 ESMF_NETCDF                 : enabled
20220920 235005.362 INFO             PET2 ESMF_PNETCDF                : disabled
20220920 235005.362 INFO             PET2 ESMF_PIO                    : enabled
20220920 235005.362 INFO             PET2 ESMF_YAMLCPP                : enabled
20220920 235005.405 DEBUG            PET2 about to destroy Grid: 0x1000037fe00
20220920 235005.408 DEBUG            PET2 about to destroy Grid: 0x10000383930
20220920 235005.418 INFO             PET2  NUMBER_OF_PROCESSORS           4
20220920 235005.418 INFO             PET2  PASS  Example ESMF_NUOPCAtmModelEx, ESMF_NUOPCAtmModelEx.F90, line 806
20220920 235005.418 INFO             PET2 Finalizing ESMF
20220920 235005.360 INFO             PET3 !!!!!!!!!!!!!!!!!!!!!!!!!!!!!!!!!!!!!!!!!!!!!!!!!!!!!!
20220920 235005.360 INFO             PET3 !!! THE ESMF_LOG IS SET TO OUTPUT ALL LOG MESSAGES !!!
20220920 235005.360 INFO             PET3 !!!     THIS MAY CAUSE SLOWDOWN IN PERFORMANCE     !!!
20220920 235005.360 INFO             PET3 !!! FOR PRODUCTION RUNS, USE:                      !!!
20220920 235005.360 INFO             PET3 !!!                   ESMF_LOGKIND_Multi_On_Error  !!!
20220920 235005.360 INFO             PET3 !!!!!!!!!!!!!!!!!!!!!!!!!!!!!!!!!!!!!!!!!!!!!!!!!!!!!!
20220920 235005.360 INFO             PET3 Running with ESMF Version   : v8.4.0b13-94-gfa383530e0
20220920 235005.360 INFO             PET3 ESMF library build date/time: "Sep 20 2022" "07:33:12"
20220920 235005.360 INFO             PET3 ESMF library build location : /global/cscratch1/sd/rsdunlap/esmf-testing/intel_19.1.2_mpi_O_develop/esmf
20220920 235005.360 INFO             PET3 ESMF_COMM                   : mpi
20220920 235005.362 INFO             PET3 ESMF_MOAB                   : enabled
20220920 235005.362 INFO             PET3 ESMF_LAPACK                 : enabled
20220920 235005.362 INFO             PET3 ESMF_NETCDF                 : enabled
20220920 235005.362 INFO             PET3 ESMF_PNETCDF                : disabled
20220920 235005.362 INFO             PET3 ESMF_PIO                    : enabled
20220920 235005.362 INFO             PET3 ESMF_YAMLCPP                : enabled
20220920 235005.405 DEBUG            PET3 about to destroy Grid: 0x1000037f950
20220920 235005.408 DEBUG            PET3 about to destroy Grid: 0x100003838a0
20220920 235005.418 INFO             PET3  NUMBER_OF_PROCESSORS           4
20220920 235005.418 INFO             PET3  PASS  Example ESMF_NUOPCAtmModelEx, ESMF_NUOPCAtmModelEx.F90, line 806
20220920 235005.418 INFO             PET3 Finalizing ESMF
