2022-09-02 00:53:42
20220902 015254.068 INFO             PET0 !!!!!!!!!!!!!!!!!!!!!!!!!!!!!!!!!!!!!!!!!!!!!!!!!!!!!!
20220902 015254.068 INFO             PET0 !!! THE ESMF_LOG IS SET TO OUTPUT ALL LOG MESSAGES !!!
20220902 015254.068 INFO             PET0 !!!     THIS MAY CAUSE SLOWDOWN IN PERFORMANCE     !!!
20220902 015254.068 INFO             PET0 !!! FOR PRODUCTION RUNS, USE:                      !!!
20220902 015254.068 INFO             PET0 !!!                   ESMF_LOGKIND_Multi_On_Error  !!!
20220902 015254.068 INFO             PET0 !!!!!!!!!!!!!!!!!!!!!!!!!!!!!!!!!!!!!!!!!!!!!!!!!!!!!!
20220902 015254.068 INFO             PET0 Running with ESMF Version   : v8.3.1b05
20220902 015254.068 INFO             PET0 ESMF library build date/time: "Sep  2 2022" "00:52:02"
20220902 015254.068 INFO             PET0 ESMF library build location : /lustre/f2/dev/Mark.Potts/esmf-test/intel_2019.5_mpiuni_O_patch_8.3.1/esmf
20220902 015254.068 INFO             PET0 ESMF_COMM                   : mpiuni
20220902 015254.069 INFO             PET0 ESMF_MOAB                   : enabled
20220902 015254.069 INFO             PET0 ESMF_LAPACK                 : enabled
20220902 015254.069 INFO             PET0 ESMF_NETCDF                 : enabled
20220902 015254.069 INFO             PET0 ESMF_PNETCDF                : disabled
20220902 015254.069 INFO             PET0 ESMF_PIO                    : disabled
20220902 015254.069 INFO             PET0 ESMF_YAMLCPP                : enabled
20220902 015254.094 DEBUG            PET0 about to destroy Grid: 0x89a110
20220902 015254.096 DEBUG            PET0 about to destroy Grid: 0x89b9f0
20220902 015254.105 INFO             PET0  NUMBER_OF_PROCESSORS           1
20220902 015254.105 INFO             PET0  PASS  Example ESMF_NUOPCAtmModelEx, ESMF_NUOPCAtmModelEx.F90, line 806
20220902 015254.105 INFO             PET0 Finalizing ESMF
