2022-09-20 10:07:51
 Field Create from a Grid and a Fortran data array returned
 Field Create from a Grid and a Fortran data array returned
 Field Create from a Grid and a Fortran data array returned
 Field Create from a Grid and a Fortran data array returned
 Field Create from a Grid and a Fortran data array returned
 Field Create from a Grid and a Fortran data array returned
 Field Create from a Grid and a Fortran data array returned
 Field Create from a Grid and a Fortran data array returned
 Field Create from a Grid and a Fortran data array returned
 Field Create from a Grid and a Fortran data array returned
 Field Create from a Grid and a Fortran data array returned
 Field Create from a Grid and a Fortran data array returned
 Field Create from a Grid and a Fortran data array returned
 Field Create from a Grid and a Fortran data array returned
 Field Create from a Grid and a Fortran data array returned
 Field Create from a Grid and a Fortran data array returned
 Field Create from a Grid and a Fortran data array returned
 Field Create from a Grid and a Fortran data array returned
 Field Create from a Grid and a Fortran data array returned
 Field Create from a Grid and a Fortran data array returned
 Field Create from a LocStream, typekind, and rank returned
 Field Create from a LocStream, typekind, and rank returned
 Field Create from a LocStream, typekind, and rank returned
 Field Create from a LocStream, typekind, and rank returned
 Field Create from a LocStream and an Arrayspec returned
 Field Create from a LocStream and an Arrayspec returned
 Field Create from a LocStream and an Arrayspec returned
 Field Create from a LocStream and an Arrayspec returned
[r11i2n34:11734:0:11734] Caught signal 11 (Segmentation fault: address not mapped to object at address 0x4f1b591)
[r11i2n34:11731:0:11731] Caught signal 11 (Segmentation fault: address not mapped to object at address 0x4f1b591)
[r11i2n34:11732:0:11732] Caught signal 11 (Segmentation fault: address not mapped to object at address 0x4f1b591)
[r11i2n34:11733:0:11733] Caught signal 11 (Segmentation fault: address not mapped to object at address 0x4f1b591)
==== backtrace (tid:  11733) ====
 0  /glade/u/apps/ch/opt/ucx/1.11.0/lib/libucs.so.0(ucs_handle_error+0xe4) [0x2b545f1561b4]
==== backtrace (tid:  11731) ====
 1  /glade/u/apps/ch/opt/ucx/1.11.0/lib/libucs.so.0(+0x2a4dc) [0x2b545f1564dc]
 2  /glade/u/apps/ch/opt/ucx/1.11.0/lib/libucs.so.0(+0x2a74b) [0x2b545f15674b]
 3  /glade/scratch/dunlap/esmf-testing/nvhpc_21.11_openmpi_g_v8.3.1/esmf/lib/libg/Linux.nvhpc.64.openmpi.default/libesmf.so(_ZN5ESMCI6LogErr13MsgFoundErrorEiPKciS2_S2_Pi+0x34) [0x2b5449295db4]
 4  /glade/scratch/dunlap/esmf-testing/nvhpc_21.11_openmpi_g_v8.3.1/esmf/lib/libg/Linux.nvhpc.64.openmpi.default/libesmf.so(_ZN5ESMCI7MeshCap22meshcreatenodedistgridEPi+0x7f) [0x2b54494b723f]
==== backtrace (tid:  11734) ====
 0  /glade/u/apps/ch/opt/ucx/1.11.0/lib/libucs.so.0(ucs_handle_error+0xe4) [0x2afe979661b4]
 1  /glade/u/apps/ch/opt/ucx/1.11.0/lib/libucs.so.0(+0x2a4dc) [0x2afe979664dc]
 2  /glade/u/apps/ch/opt/ucx/1.11.0/lib/libucs.so.0(+0x2a74b) [0x2afe9796674b]
 3  /glade/scratch/dunlap/esmf-testing/nvhpc_21.11_openmpi_g_v8.3.1/esmf/lib/libg/Linux.nvhpc.64.openmpi.default/libesmf.so(_ZN5ESMCI6LogErr13MsgFoundErrorEiPKciS2_S2_Pi+0x34) [0x2afe81be5db4]
 4  /glade/scratch/dunlap/esmf-testing/nvhpc_21.11_openmpi_g_v8.3.1/esmf/lib/libg/Linux.nvhpc.64.openmpi.default/libesmf.so(_ZN5ESMCI7MeshCap22meshcreatenodedistgridEPi+0x7f) [0x2afe81e0723f]
 5  /glade/scratch/dunlap/esmf-testing/nvhpc_21.11_openmpi_g_v8.3.1/esmf/lib/libg/Linux.nvhpc.64.openmpi.default/libesmf.so(c_esmc_meshcreatenodedistgrid_+0xc1) [0x2afe81e5a501]
 6  /glade/scratch/dunlap/esmf-testing/nvhpc_21.11_openmpi_g_v8.3.1/esmf/lib/libg/Linux.nvhpc.64.openmpi.default/libesmf.so(esmf_meshmod_esmf_meshcreate1part_+0x126c) [0x2afe82b337ec]
 7  ./ESMF_FieldCreateEx() [0x40c470]
 8  ./ESMF_FieldCreateEx() [0x406c73]
 9  /glade/u/apps/ch/os/lib64/libc.so.6(__libc_start_main+0xf5) [0x2afe886ffa35]
10  ./ESMF_FieldCreateEx() [0x406b69]
=================================
==== backtrace (tid:  11732) ====
 0  /glade/u/apps/ch/opt/ucx/1.11.0/lib/libucs.so.0(ucs_handle_error+0xe4) [0x2acc986f61b4]
 1  /glade/u/apps/ch/opt/ucx/1.11.0/lib/libucs.so.0(+0x2a4dc) [0x2acc986f64dc]
 5  /glade/scratch/dunlap/esmf-testing/nvhpc_21.11_openmpi_g_v8.3.1/esmf/lib/libg/Linux.nvhpc.64.openmpi.default/libesmf.so(c_esmc_meshcreatenodedistgrid_+0xc1) [0x2b544950a501]
 6  /glade/scratch/dunlap/esmf-testing/nvhpc_21.11_openmpi_g_v8.3.1/esmf/lib/libg/Linux.nvhpc.64.openmpi.default/libesmf.so(esmf_meshmod_esmf_meshcreate1part_+0x126c) [0x2b544a1e37ec]
 7  ./ESMF_FieldCreateEx() [0x40c470]
 8  ./ESMF_FieldCreateEx() [0x406c73]
 9  /glade/u/apps/ch/os/lib64/libc.so.6(__libc_start_main+0xf5) [0x2b544fdafa35]
10  ./ESMF_FieldCreateEx() [0x406b69]
=================================
 2  /glade/u/apps/ch/opt/ucx/1.11.0/lib/libucs.so.0(+0x2a74b) [0x2acc986f674b]
 3  /glade/scratch/dunlap/esmf-testing/nvhpc_21.11_openmpi_g_v8.3.1/esmf/lib/libg/Linux.nvhpc.64.openmpi.default/libesmf.so(_ZN5ESMCI6LogErr13MsgFoundErrorEiPKciS2_S2_Pi+0x34) [0x2acc7e791db4]
 4  /glade/scratch/dunlap/esmf-testing/nvhpc_21.11_openmpi_g_v8.3.1/esmf/lib/libg/Linux.nvhpc.64.openmpi.default/libesmf.so(_ZN5ESMCI7MeshCap22meshcreatenodedistgridEPi+0x7f) [0x2acc7e9b323f]
 5  /glade/scratch/dunlap/esmf-testing/nvhpc_21.11_openmpi_g_v8.3.1/esmf/lib/libg/Linux.nvhpc.64.openmpi.default/libesmf.so(c_esmc_meshcreatenodedistgrid_+0xc1) [0x2acc7ea06501]
 0  /glade/u/apps/ch/opt/ucx/1.11.0/lib/libucs.so.0(ucs_handle_error+0xe4) [0x2afc229521b4]
 1  /glade/u/apps/ch/opt/ucx/1.11.0/lib/libucs.so.0(+0x2a4dc) [0x2afc229524dc]
 2  /glade/u/apps/ch/opt/ucx/1.11.0/lib/libucs.so.0(+0x2a74b) [0x2afc2295274b]
 3  /glade/scratch/dunlap/esmf-testing/nvhpc_21.11_openmpi_g_v8.3.1/esmf/lib/libg/Linux.nvhpc.64.openmpi.default/libesmf.so(_ZN5ESMCI6LogErr13MsgFoundErrorEiPKciS2_S2_Pi+0x34) [0x2afc08ad8db4]
 4  /glade/scratch/dunlap/esmf-testing/nvhpc_21.11_openmpi_g_v8.3.1/esmf/lib/libg/Linux.nvhpc.64.openmpi.default/libesmf.so(_ZN5ESMCI7MeshCap22meshcreatenodedistgridEPi+0x7f) [0x2afc08cfa23f]
 5  /glade/scratch/dunlap/esmf-testing/nvhpc_21.11_openmpi_g_v8.3.1/esmf/lib/libg/Linux.nvhpc.64.openmpi.default/libesmf.so(c_esmc_meshcreatenodedistgrid_+0xc1) [0x2afc08d4d501]
 6  /glade/scratch/dunlap/esmf-testing/nvhpc_21.11_openmpi_g_v8.3.1/esmf/lib/libg/Linux.nvhpc.64.openmpi.default/libesmf.so(esmf_meshmod_esmf_meshcreate1part_+0x126c) [0x2afc09a267ec]
 7  ./ESMF_FieldCreateEx() [0x40c470]
 8  ./ESMF_FieldCreateEx() [0x406c73]
[r11i2n34:11733] *** Process received signal ***
[r11i2n34:11733] Signal: Segmentation fault (11)
[r11i2n34:11733] Signal code:  (-6)
[r11i2n34:11733] Failing at address: 0x105700002dd5
[r11i2n34:11733] [ 0] /glade/u/apps/ch/os/lib64/libpthread.so.0(+0x11c00)[0x2b544f4dec00]
[r11i2n34:11733] [ 1] /glade/scratch/dunlap/esmf-testing/nvhpc_21.11_openmpi_g_v8.3.1/esmf/lib/libg/Linux.nvhpc.64.openmpi.default/libesmf.so(_ZN5ESMCI6LogErr13MsgFoundErrorEiPKciS2_S2_Pi+0x34)[0x2b5449295db4]
[r11i2n34:11733] [ 2] /glade/scratch/dunlap/esmf-testing/nvhpc_21.11_openmpi_g_v8.3.1/esmf/lib/libg/Linux.nvhpc.64.openmpi.default/libesmf.so(_ZN5ESMCI7MeshCap22meshcreatenodedistgridEPi+0x7f)[0x2b54494b723f]
[r11i2n34:11733] [ 3] /glade/scratch/dunlap/esmf-testing/nvhpc_21.11_openmpi_g_v8.3.1/esmf/lib/libg/Linux.nvhpc.64.openmpi.default/libesmf.so(c_esmc_meshcreatenodedistgrid_+0xc1)[0x2b544950a501]
[r11i2n34:11733] [ 4]  6  /glade/scratch/dunlap/esmf-testing/nvhpc_21.11_openmpi_g_v8.3.1/esmf/lib/libg/Linux.nvhpc.64.openmpi.default/libesmf.so(esmf_meshmod_esmf_meshcreate1part_+0x126c) [0x2acc7f6df7ec]
 7  ./ESMF_FieldCreateEx() [0x40c470]
 8  ./ESMF_FieldCreateEx() [0x406c73]
 9  /glade/u/apps/ch/os/lib64/libc.so.6(__libc_start_main+0xf5) [0x2acc852aba35]
10  ./ESMF_FieldCreateEx() [0x406b69]
=================================
[r11i2n34:11732] *** Process received signal ***
[r11i2n34:11732] Signal: Segmentation fault (11)
[r11i2n34:11732] Signal code:  (-6)
[r11i2n34:11732] Failing at address: 0x105700002dd4
[r11i2n34:11732] [ 0] /glade/u/apps/ch/os/lib64/libpthread.so.0(+0x11c00)[0x2acc849dac00]
[r11i2n34:11732] [ 1] /glade/scratch/dunlap/esmf-testing/nvhpc_21.11_openmpi_g_v8.3.1/esmf/lib/libg/Linux.nvhpc.64.openmpi.default/libesmf.so(_ZN5ESMCI6LogErr13MsgFoundErrorEiPKciS2_S2_Pi+0x34)[0x2acc7e791db4]
[r11i2n34:11732] [ 2] /glade/scratch/dunlap/esmf-testing/nvhpc_21.11_openmpi_g_v8.3.1/esmf/lib/libg/Linux.nvhpc.64.openmpi.default/libesmf.so(_ZN5ESMCI7MeshCap22meshcreatenodedistgridEPi+0x7f)[0x2acc7e9b323f]
[r11i2n34:11732] [ 3] /glade/scratch/dunlap/esmf-testing/nvhpc_21.11_openmpi_g_v8.3.1/esmf/lib/libg/Linux.nvhpc.64.openmpi.default/libesmf.so(c_esmc_meshcreatenodedistgrid_+0xc1)[0x2acc7ea06501]
[r11i2n34:11732] [ 4] [r11i2n34:11731] *** Process received signal ***
[r11i2n34:11731] Signal: Segmentation fault (11)
[r11i2n34:11731] Signal code:  (-6)
[r11i2n34:11731] Failing at address: 0x105700002dd3
[r11i2n34:11731] [ 0] /glade/u/apps/ch/os/lib64/libpthread.so.0(+0x11c00)[0x2afe87e2ec00]
[r11i2n34:11731] [ 1] /glade/scratch/dunlap/esmf-testing/nvhpc_21.11_openmpi_g_v8.3.1/esmf/lib/libg/Linux.nvhpc.64.openmpi.default/libesmf.so(_ZN5ESMCI6LogErr13MsgFoundErrorEiPKciS2_S2_Pi+0x34)[0x2afe81be5db4]
[r11i2n34:11731] [ 2] /glade/scratch/dunlap/esmf-testing/nvhpc_21.11_openmpi_g_v8.3.1/esmf/lib/libg/Linux.nvhpc.64.openmpi.default/libesmf.so(_ZN5ESMCI7MeshCap22meshcreatenodedistgridEPi+0x7f)[0x2afe81e0723f]
[r11i2n34:11731] [ 3] /glade/scratch/dunlap/esmf-testing/nvhpc_21.11_openmpi_g_v8.3.1/esmf/lib/libg/Linux.nvhpc.64.openmpi.default/libesmf.so(c_esmc_meshcreatenodedistgrid_+0xc1)[0x2afe81e5a501]
[r11i2n34:11731] [ 4]  9  /glade/u/apps/ch/os/lib64/libc.so.6(__libc_start_main+0xf5) [0x2afc0f5f2a35]
10  ./ESMF_FieldCreateEx() [0x406b69]
=================================
[r11i2n34:11734] *** Process received signal ***
[r11i2n34:11734] Signal: Segmentation fault (11)
[r11i2n34:11734] Signal code:  (-6)
[r11i2n34:11734] Failing at address: 0x105700002dd6
[r11i2n34:11734] [ 0] /glade/u/apps/ch/os/lib64/libpthread.so.0(+0x11c00)[0x2afc0ed21c00]
[r11i2n34:11734] [ 1] /glade/scratch/dunlap/esmf-testing/nvhpc_21.11_openmpi_g_v8.3.1/esmf/lib/libg/Linux.nvhpc.64.openmpi.default/libesmf.so(_ZN5ESMCI6LogErr13MsgFoundErrorEiPKciS2_S2_Pi+0x34)[0x2afc08ad8db4]
[r11i2n34:11734] [ 2] /glade/scratch/dunlap/esmf-testing/nvhpc_21.11_openmpi_g_v8.3.1/esmf/lib/libg/Linux.nvhpc.64.openmpi.default/libesmf.so(_ZN5ESMCI7MeshCap22meshcreatenodedistgridEPi+0x7f)[0x2afc08cfa23f]
[r11i2n34:11734] [ 3] /glade/scratch/dunlap/esmf-testing/nvhpc_21.11_openmpi_g_v8.3.1/esmf/lib/libg/Linux.nvhpc.64.openmpi.default/libesmf.so(c_esmc_meshcreatenodedistgrid_+0xc1)[0x2afc08d4d501]
[r11i2n34:11734] [ 4] /glade/scratch/dunlap/esmf-testing/nvhpc_21.11_openmpi_g_v8.3.1/esmf/lib/libg/Linux.nvhpc.64.openmpi.default/libesmf.so(esmf_meshmod_esmf_meshcreate1part_+0x126c)[0x2afe82b337ec]
[r11i2n34:11731] [ 5] ./ESMF_FieldCreateEx[0x40c470]
[r11i2n34:11731] [ 6] ./ESMF_FieldCreateEx[0x406c73]
/glade/scratch/dunlap/esmf-testing/nvhpc_21.11_openmpi_g_v8.3.1/esmf/lib/libg/Linux.nvhpc.64.openmpi.default/libesmf.so(esmf_meshmod_esmf_meshcreate1part_+0x126c)[0x2b544a1e37ec]
[r11i2n34:11733] [ 5] ./ESMF_FieldCreateEx[0x40c470]
[r11i2n34:11733] [ 6] [r11i2n34:11731] [ 7] ./ESMF_FieldCreateEx[0x406c73]
[r11i2n34:11733] [ 7] /glade/u/apps/ch/os/lib64/libc.so.6(__libc_start_main+0xf5)[0x2afe886ffa35]
[r11i2n34:11731] [ 8] ./ESMF_FieldCreateEx[0x406b69]
[r11i2n34:11731] *** End of error message ***
/glade/u/apps/ch/os/lib64/libc.so.6(__libc_start_main+0xf5)[0x2b544fdafa35]
[r11i2n34:11733] [ 8] /glade/scratch/dunlap/esmf-testing/nvhpc_21.11_openmpi_g_v8.3.1/esmf/lib/libg/Linux.nvhpc.64.openmpi.default/libesmf.so(esmf_meshmod_esmf_meshcreate1part_+0x126c)[0x2afc09a267ec]
[r11i2n34:11734] [ 5] ./ESMF_FieldCreateEx[0x40c470]
[r11i2n34:11734] [ 6] ./ESMF_FieldCreateEx[0x406c73]
[r11i2n34:11734] [ 7] /glade/scratch/dunlap/esmf-testing/nvhpc_21.11_openmpi_g_v8.3.1/esmf/lib/libg/Linux.nvhpc.64.openmpi.default/libesmf.so(esmf_meshmod_esmf_meshcreate1part_+0x126c)[0x2acc7f6df7ec]
[r11i2n34:11732] [ 5] ./ESMF_FieldCreateEx[0x40c470]
[r11i2n34:11732] [ 6] ./ESMF_FieldCreateEx[0x406c73]
[r11i2n34:11732] [ 7] ./ESMF_FieldCreateEx[0x406b69]
[r11i2n34:11733] *** End of error message ***
/glade/u/apps/ch/os/lib64/libc.so.6(__libc_start_main+0xf5)[0x2acc852aba35]
[r11i2n34:11732] [ 8] ./ESMF_FieldCreateEx[0x406b69]
/glade/u/apps/ch/os/lib64/libc.so.6(__libc_start_main+0xf5)[0x2afc0f5f2a35]
[r11i2n34:11734] [ 8] ./ESMF_FieldCreateEx[0x406b69]
[r11i2n34:11734] *** End of error message ***
[r11i2n34:11732] *** End of error message ***
--------------------------------------------------------------------------
Primary job  terminated normally, but 1 process returned
a non-zero exit code. Per user-direction, the job has been aborted.
--------------------------------------------------------------------------
--------------------------------------------------------------------------
mpirun noticed that process rank 2 with PID 0 on node r11i2n34 exited on signal 11 (Segmentation fault).
--------------------------------------------------------------------------
