2022-09-21 02:56:08
[1663731820.217740] [h5c23:157414:0]         mxm.c:196  MXM  WARN  The 'ulimit -s' on the system is set to 'unlimited'. This may have negative performance implications. Please set the stack size to the default value (10240) 
[1663731820.222668] [h5c23:157414:0]         mxm.c:196  MXM  WARN  The 'ulimit -s' on the system is set to 'unlimited'. This may have negative performance implications. Please set the stack size to the default value (10240) 
[1663731820.217776] [h5c23:157412:0]         mxm.c:196  MXM  WARN  The 'ulimit -s' on the system is set to 'unlimited'. This may have negative performance implications. Please set the stack size to the default value (10240) 
[1663731820.222730] [h5c23:157412:0]         mxm.c:196  MXM  WARN  The 'ulimit -s' on the system is set to 'unlimited'. This may have negative performance implications. Please set the stack size to the default value (10240) 
[1663731820.209491] [h5c23:157413:0]         mxm.c:196  MXM  WARN  The 'ulimit -s' on the system is set to 'unlimited'. This may have negative performance implications. Please set the stack size to the default value (10240) 
[1663731820.214491] [h5c23:157413:0]         mxm.c:196  MXM  WARN  The 'ulimit -s' on the system is set to 'unlimited'. This may have negative performance implications. Please set the stack size to the default value (10240) 
[1663731820.209085] [h5c23:157415:0]         mxm.c:196  MXM  WARN  The 'ulimit -s' on the system is set to 'unlimited'. This may have negative performance implications. Please set the stack size to the default value (10240) 
[1663731820.214005] [h5c23:157415:0]         mxm.c:196  MXM  WARN  The 'ulimit -s' on the system is set to 'unlimited'. This may have negative performance implications. Please set the stack size to the default value (10240) 
 FieldBundle example 1 returned
 FieldBundle example 1 returned
 FieldBundle example 1 returned
 FieldBundle example 1 returned
 FieldBundle example 2 returned, fieldcount =           1
 FieldBundle example 2 returned, fieldcount =           1
 FieldBundle example 3 returned, fieldcount =           3
 FieldBundle example 2 returned, fieldcount =           1
 FieldBundle example 3 returned, fieldcount =           3
 FieldBundle example 3 returned, fieldcount =           3
 FieldBundle example 2 returned, fieldcount =           1
 FieldBundle example 3 returned, fieldcount =           3
 FieldBundle example 4 returned, field names = pressure, pressure
 FieldBundle name = atmosphere data
 heat flux                                                                                                                                                                                                                                                       
 pressure                                                                                                                                                                                                                                                        
 temperature                                                                                                                                                                                                                                                     
 temperature                                                                                                                                                                                                                                                     
 FieldBundle example 4 returned, field names = pressure, pressure
 FieldBundle name = atmosphere data
 heat flux                                                                                                                                                                                                                                                       
 pressure                                                                                                                                                                                                                                                        
 temperature                                                                                                                                                                                                                                                     
 temperature                                                                                                                                                                                                                                                     
 pressure                                                                                                                                                                                                                                                        
 heat flux                                                                                                                                                                                                                                                       
 FieldBundle example 4 returned, field names = pressure, pressure
 FieldBundle name = atmosphere data
 heat flux                                                                                                                                                                                                                                                       
 pressure                                                                                                                                                                                                                                                        
 temperature                                                                                                                                                                                                                                                     
 temperature                                                                                                                                                                                                                                                     
 pressure                                                                                                                                                                                                                                                        
 heat flux                                                                                                                                                                                                                                                       
 FieldBundle example 4 returned, field names = pressure, pressure
 FieldBundle name = atmosphere data
 heat flux                                                                                                                                                                                                                                                       
 pressure                                                                                                                                                                                                                                                        
 temperature                                                                                                                                                                                                                                                     
 temperature                                                                                                                                                                                                                                                     
 pressure                                                                                                                                                                                                                                                        
 heat flux                                                                                                                                                                                                                                                       
 pressure                                                                                                                                                                                                                                                        
 heat flux                                                                                                                                                                                                                                                       
  PASS  Example ESMF_FieldBundleCreateEx, ESMF_FieldBundleCreateEx.F90, line 561
 PASS: ESMF_FieldBundleCreateEx.F90
  PASS  Example ESMF_FieldBundleCreateEx, ESMF_FieldBundleCreateEx.F90, line 561
 PASS: ESMF_FieldBundleCreateEx.F90
  PASS  Example ESMF_FieldBundleCreateEx, ESMF_FieldBundleCreateEx.F90, line 561
 PASS: ESMF_FieldBundleCreateEx.F90
  PASS  Example ESMF_FieldBundleCreateEx, ESMF_FieldBundleCreateEx.F90, line 561
 PASS: ESMF_FieldBundleCreateEx.F90
