2022-09-21 02:56:08
[1663731813.116710] [h5c23:155650:0]         mxm.c:196  MXM  WARN  The 'ulimit -s' on the system is set to 'unlimited'. This may have negative performance implications. Please set the stack size to the default value (10240) 
[1663731813.121634] [h5c23:155650:0]         mxm.c:196  MXM  WARN  The 'ulimit -s' on the system is set to 'unlimited'. This may have negative performance implications. Please set the stack size to the default value (10240) 
[1663731813.116801] [h5c23:155652:0]         mxm.c:196  MXM  WARN  The 'ulimit -s' on the system is set to 'unlimited'. This may have negative performance implications. Please set the stack size to the default value (10240) 
[1663731813.121745] [h5c23:155652:0]         mxm.c:196  MXM  WARN  The 'ulimit -s' on the system is set to 'unlimited'. This may have negative performance implications. Please set the stack size to the default value (10240) 
[1663731813.108242] [h5c23:155651:0]         mxm.c:196  MXM  WARN  The 'ulimit -s' on the system is set to 'unlimited'. This may have negative performance implications. Please set the stack size to the default value (10240) 
[1663731813.113230] [h5c23:155651:0]         mxm.c:196  MXM  WARN  The 'ulimit -s' on the system is set to 'unlimited'. This may have negative performance implications. Please set the stack size to the default value (10240) 
[1663731813.108129] [h5c23:155653:0]         mxm.c:196  MXM  WARN  The 'ulimit -s' on the system is set to 'unlimited'. This may have negative performance implications. Please set the stack size to the default value (10240) 
[1663731813.113135] [h5c23:155653:0]         mxm.c:196  MXM  WARN  The 'ulimit -s' on the system is set to 'unlimited'. This may have negative performance implications. Please set the stack size to the default value (10240) 
 Field with replicated dimension returned
  PASS  Example ESMF_FieldRepDimEx, ESMF_FieldRepDimEx.F90, line 228
 Field with replicated dimension returned
  PASS  Example ESMF_FieldRepDimEx, ESMF_FieldRepDimEx.F90, line 228
 Field with replicated dimension returned
  PASS  Example ESMF_FieldRepDimEx, ESMF_FieldRepDimEx.F90, line 228
 Field with replicated dimension returned
  PASS  Example ESMF_FieldRepDimEx, ESMF_FieldRepDimEx.F90, line 228
 PASS: ESMF_FieldRepDimEx.F90
 PASS: ESMF_FieldRepDimEx.F90
 PASS: ESMF_FieldRepDimEx.F90
 PASS: ESMF_FieldRepDimEx.F90
