2022-09-21 02:56:08
[1663731830.074434] [h5c23:159811:0]         mxm.c:196  MXM  WARN  The 'ulimit -s' on the system is set to 'unlimited'. This may have negative performance implications. Please set the stack size to the default value (10240) 
[1663731830.079354] [h5c23:159811:0]         mxm.c:196  MXM  WARN  The 'ulimit -s' on the system is set to 'unlimited'. This may have negative performance implications. Please set the stack size to the default value (10240) 
[1663731830.074394] [h5c23:159813:0]         mxm.c:196  MXM  WARN  The 'ulimit -s' on the system is set to 'unlimited'. This may have negative performance implications. Please set the stack size to the default value (10240) 
[1663731830.079306] [h5c23:159813:0]         mxm.c:196  MXM  WARN  The 'ulimit -s' on the system is set to 'unlimited'. This may have negative performance implications. Please set the stack size to the default value (10240) 
[1663731830.067272] [h5c23:159812:0]         mxm.c:196  MXM  WARN  The 'ulimit -s' on the system is set to 'unlimited'. This may have negative performance implications. Please set the stack size to the default value (10240) 
[1663731830.072155] [h5c23:159812:0]         mxm.c:196  MXM  WARN  The 'ulimit -s' on the system is set to 'unlimited'. This may have negative performance implications. Please set the stack size to the default value (10240) 
[1663731830.067240] [h5c23:159814:0]         mxm.c:196  MXM  WARN  The 'ulimit -s' on the system is set to 'unlimited'. This may have negative performance implications. Please set the stack size to the default value (10240) 
[1663731830.072094] [h5c23:159814:0]         mxm.c:196  MXM  WARN  The 'ulimit -s' on the system is set to 'unlimited'. This may have negative performance implications. Please set the stack size to the default value (10240) 
 --------------------------------------- 
 Start of ESMF_SCompEx Example
 --------------------------------------- 
 --------------------------------------- 
 End of ESMF_SCompEx Example
 --------------------------------------- 
  PASS  Example ESMF_SCompEx, ESMF_SCompEx.F90, line 385
  PASS  Example ESMF_SCompEx, ESMF_SCompEx.F90, line 385
  PASS  Example ESMF_SCompEx, ESMF_SCompEx.F90, line 385
  PASS  Example ESMF_SCompEx, ESMF_SCompEx.F90, line 385
 PASS: ESMF_SCompEx.F90
 PASS: ESMF_SCompEx.F90
 PASS: ESMF_SCompEx.F90
 PASS: ESMF_SCompEx.F90
