2022-08-07 01:06:01
20220807 014923.891 INFO             PET0 !!!!!!!!!!!!!!!!!!!!!!!!!!!!!!!!!!!!!!!!!!!!!!!!!!!!!!
20220807 014923.891 INFO             PET0 !!! THE ESMF_LOG IS SET TO OUTPUT ALL LOG MESSAGES !!!
20220807 014923.891 INFO             PET0 !!!     THIS MAY CAUSE SLOWDOWN IN PERFORMANCE     !!!
20220807 014923.891 INFO             PET0 !!! FOR PRODUCTION RUNS, USE:                      !!!
20220807 014923.891 INFO             PET0 !!!                   ESMF_LOGKIND_Multi_On_Error  !!!
20220807 014923.891 INFO             PET0 !!!!!!!!!!!!!!!!!!!!!!!!!!!!!!!!!!!!!!!!!!!!!!!!!!!!!!
20220807 014923.891 INFO             PET0 Running with ESMF Version   : 8.3.0
20220807 014923.891 INFO             PET0 ESMF library build date/time: "Aug  7 2022" "01:03:16"
20220807 014923.891 INFO             PET0 ESMF library build location : /lustre/f2/dev/Mark.Potts/esmf-test/intel_2019.5_mpiuni_O_feature_large-messages/esmf
20220807 014923.891 INFO             PET0 ESMF_COMM                   : mpiuni
20220807 014923.892 INFO             PET0 ESMF_MOAB                   : enabled
20220807 014923.892 INFO             PET0 ESMF_LAPACK                 : enabled
20220807 014923.892 INFO             PET0 ESMF_NETCDF                 : enabled
20220807 014923.892 INFO             PET0 ESMF_PNETCDF                : disabled
20220807 014923.892 INFO             PET0 ESMF_PIO                    : disabled
20220807 014923.892 INFO             PET0 ESMF_YAMLCPP                : enabled
20220807 014923.903 DEBUG            PET0 VMK::recv():4970, size=4608 using MPIUNI channel via memcpy() in one chunk
20220807 014923.903 DEBUG            PET0 VMK::send():4482, size=4608 using MPIUNI channel via memcpy() in one chunk
20220807 014923.903 DEBUG            PET0 VMK::recv():4970, size=4608 using MPIUNI channel via memcpy() in one chunk
20220807 014923.903 DEBUG            PET0 VMK::send():4482, size=4608 using MPIUNI channel via memcpy() in one chunk
20220807 014923.903 DEBUG            PET0 VMK::recv():4970, size=4608 using MPIUNI channel via memcpy() in one chunk
20220807 014923.903 DEBUG            PET0 VMK::send():4482, size=4608 using MPIUNI channel via memcpy() in one chunk
20220807 014923.903 DEBUG            PET0 VMK::recv():4970, size=4608 using MPIUNI channel via memcpy() in one chunk
20220807 014923.903 DEBUG            PET0 VMK::send():4482, size=4608 using MPIUNI channel via memcpy() in one chunk
20220807 014923.904 DEBUG            PET0 VMK::recv():4970, size=4608 using MPIUNI channel via memcpy() in one chunk
20220807 014923.904 DEBUG            PET0 VMK::send():4482, size=4608 using MPIUNI channel via memcpy() in one chunk
20220807 014923.904 DEBUG            PET0 VMK::recv():4970, size=4608 using MPIUNI channel via memcpy() in one chunk
20220807 014923.904 DEBUG            PET0 VMK::send():4482, size=4608 using MPIUNI channel via memcpy() in one chunk
20220807 014923.904 DEBUG            PET0 VMK::recv():4970, size=4608 using MPIUNI channel via memcpy() in one chunk
20220807 014923.904 DEBUG            PET0 VMK::send():4482, size=4608 using MPIUNI channel via memcpy() in one chunk
20220807 014923.904 DEBUG            PET0 VMK::recv():4970, size=4608 using MPIUNI channel via memcpy() in one chunk
20220807 014923.904 DEBUG            PET0 VMK::send():4482, size=4608 using MPIUNI channel via memcpy() in one chunk
20220807 014923.904 DEBUG            PET0 VMK::recv():4970, size=4608 using MPIUNI channel via memcpy() in one chunk
20220807 014923.904 DEBUG            PET0 VMK::send():4482, size=4608 using MPIUNI channel via memcpy() in one chunk
20220807 014923.904 DEBUG            PET0 VMK::recv():4970, size=4608 using MPIUNI channel via memcpy() in one chunk
20220807 014923.904 DEBUG            PET0 VMK::send():4482, size=4608 using MPIUNI channel via memcpy() in one chunk
20220807 014923.904 DEBUG            PET0 VMK::recv():4970, size=4608 using MPIUNI channel via memcpy() in one chunk
20220807 014923.904 DEBUG            PET0 VMK::send():4482, size=4608 using MPIUNI channel via memcpy() in one chunk
20220807 014923.904 DEBUG            PET0 VMK::recv():4970, size=4608 using MPIUNI channel via memcpy() in one chunk
20220807 014923.904 DEBUG            PET0 VMK::send():4482, size=4608 using MPIUNI channel via memcpy() in one chunk
20220807 014923.904 DEBUG            PET0 VMK::recv():4970, size=4608 using MPIUNI channel via memcpy() in one chunk
20220807 014923.904 DEBUG            PET0 VMK::send():4482, size=4608 using MPIUNI channel via memcpy() in one chunk
20220807 014923.904 DEBUG            PET0 VMK::recv():4970, size=4608 using MPIUNI channel via memcpy() in one chunk
20220807 014923.904 DEBUG            PET0 VMK::send():4482, size=4608 using MPIUNI channel via memcpy() in one chunk
20220807 014923.904 DEBUG            PET0 VMK::recv():4970, size=4608 using MPIUNI channel via memcpy() in one chunk
20220807 014923.904 DEBUG            PET0 VMK::send():4482, size=4608 using MPIUNI channel via memcpy() in one chunk
20220807 014928.723 DEBUG            PET0 VMK::recv():4970, size=4608 using MPIUNI channel via memcpy() in one chunk
20220807 014928.723 DEBUG            PET0 VMK::send():4482, size=4608 using MPIUNI channel via memcpy() in one chunk
20220807 014928.723 DEBUG            PET0 VMK::recv():4970, size=4608 using MPIUNI channel via memcpy() in one chunk
20220807 014928.723 DEBUG            PET0 VMK::send():4482, size=4608 using MPIUNI channel via memcpy() in one chunk
20220807 014928.723 DEBUG            PET0 VMK::recv():4970, size=4608 using MPIUNI channel via memcpy() in one chunk
20220807 014928.723 DEBUG            PET0 VMK::send():4482, size=4608 using MPIUNI channel via memcpy() in one chunk
20220807 014928.723 DEBUG            PET0 VMK::recv():4970, size=4608 using MPIUNI channel via memcpy() in one chunk
20220807 014928.723 DEBUG            PET0 VMK::send():4482, size=4608 using MPIUNI channel via memcpy() in one chunk
20220807 014928.723 DEBUG            PET0 VMK::recv():4970, size=4608 using MPIUNI channel via memcpy() in one chunk
20220807 014928.723 DEBUG            PET0 VMK::send():4482, size=4608 using MPIUNI channel via memcpy() in one chunk
20220807 014928.723 DEBUG            PET0 VMK::recv():4970, size=4608 using MPIUNI channel via memcpy() in one chunk
20220807 014928.723 DEBUG            PET0 VMK::send():4482, size=4608 using MPIUNI channel via memcpy() in one chunk
20220807 014928.723 DEBUG            PET0 VMK::recv():4970, size=4608 using MPIUNI channel via memcpy() in one chunk
20220807 014928.723 DEBUG            PET0 VMK::send():4482, size=4608 using MPIUNI channel via memcpy() in one chunk
20220807 014928.723 DEBUG            PET0 VMK::recv():4970, size=4608 using MPIUNI channel via memcpy() in one chunk
20220807 014928.723 DEBUG            PET0 VMK::send():4482, size=4608 using MPIUNI channel via memcpy() in one chunk
20220807 014928.723 DEBUG            PET0 VMK::recv():4970, size=4608 using MPIUNI channel via memcpy() in one chunk
20220807 014928.723 DEBUG            PET0 VMK::send():4482, size=4608 using MPIUNI channel via memcpy() in one chunk
20220807 014928.723 DEBUG            PET0 VMK::recv():4970, size=4608 using MPIUNI channel via memcpy() in one chunk
20220807 014928.723 DEBUG            PET0 VMK::send():4482, size=4608 using MPIUNI channel via memcpy() in one chunk
20220807 014928.723 DEBUG            PET0 VMK::recv():4970, size=4608 using MPIUNI channel via memcpy() in one chunk
20220807 014928.723 DEBUG            PET0 VMK::send():4482, size=4608 using MPIUNI channel via memcpy() in one chunk
20220807 014928.723 DEBUG            PET0 VMK::recv():4970, size=92160 using MPIUNI channel via memcpy() in one chunk
20220807 014928.723 DEBUG            PET0 VMK::send():4482, size=92160 using MPIUNI channel via memcpy() in one chunk
20220807 014928.724 DEBUG            PET0 VMK::recv():4970, size=92160 using MPIUNI channel via memcpy() in one chunk
20220807 014928.724 DEBUG            PET0 VMK::send():4482, size=92160 using MPIUNI channel via memcpy() in one chunk
20220807 014928.727 DEBUG            PET0 VMK::recv():4970, size=92160 using MPIUNI channel via memcpy() in one chunk
20220807 014928.727 DEBUG            PET0 VMK::send():4482, size=92160 using MPIUNI channel via memcpy() in one chunk
20220807 014928.736 DEBUG            PET0 VMK::recv():4970, size=2304 using MPIUNI channel via memcpy() in one chunk
20220807 014928.736 DEBUG            PET0 VMK::send():4482, size=2304 using MPIUNI channel via memcpy() in one chunk
20220807 014928.736 DEBUG            PET0 VMK::recv():4970, size=2304 using MPIUNI channel via memcpy() in one chunk
20220807 014928.736 DEBUG            PET0 VMK::send():4482, size=2304 using MPIUNI channel via memcpy() in one chunk
20220807 014928.736 DEBUG            PET0 VMK::recv():4970, size=2304 using MPIUNI channel via memcpy() in one chunk
20220807 014928.736 DEBUG            PET0 VMK::send():4482, size=2304 using MPIUNI channel via memcpy() in one chunk
20220807 014928.736 DEBUG            PET0 VMK::recv():4970, size=2304 using MPIUNI channel via memcpy() in one chunk
20220807 014928.736 DEBUG            PET0 VMK::send():4482, size=2304 using MPIUNI channel via memcpy() in one chunk
20220807 014928.736 DEBUG            PET0 VMK::recv():4970, size=2304 using MPIUNI channel via memcpy() in one chunk
20220807 014928.736 DEBUG            PET0 VMK::send():4482, size=2304 using MPIUNI channel via memcpy() in one chunk
20220807 014928.736 DEBUG            PET0 VMK::recv():4970, size=2304 using MPIUNI channel via memcpy() in one chunk
20220807 014928.736 DEBUG            PET0 VMK::send():4482, size=2304 using MPIUNI channel via memcpy() in one chunk
20220807 014928.736 DEBUG            PET0 VMK::recv():4970, size=2304 using MPIUNI channel via memcpy() in one chunk
20220807 014928.736 DEBUG            PET0 VMK::send():4482, size=2304 using MPIUNI channel via memcpy() in one chunk
20220807 014928.736 DEBUG            PET0 VMK::recv():4970, size=2304 using MPIUNI channel via memcpy() in one chunk
20220807 014928.736 DEBUG            PET0 VMK::send():4482, size=2304 using MPIUNI channel via memcpy() in one chunk
20220807 014928.736 DEBUG            PET0 VMK::recv():4970, size=2304 using MPIUNI channel via memcpy() in one chunk
20220807 014928.736 DEBUG            PET0 VMK::send():4482, size=2304 using MPIUNI channel via memcpy() in one chunk
20220807 014928.736 DEBUG            PET0 VMK::recv():4970, size=2304 using MPIUNI channel via memcpy() in one chunk
20220807 014928.736 DEBUG            PET0 VMK::send():4482, size=2304 using MPIUNI channel via memcpy() in one chunk
20220807 014928.737 DEBUG            PET0 VMK::recv():4970, size=2304 using MPIUNI channel via memcpy() in one chunk
20220807 014928.737 DEBUG            PET0 VMK::send():4482, size=2304 using MPIUNI channel via memcpy() in one chunk
20220807 014928.737 DEBUG            PET0 VMK::recv():4970, size=2304 using MPIUNI channel via memcpy() in one chunk
20220807 014928.737 DEBUG            PET0 VMK::send():4482, size=2304 using MPIUNI channel via memcpy() in one chunk
20220807 014928.737 INFO             PET0  NUMBER_OF_PROCESSORS           1
20220807 014928.737 INFO             PET0  PASS  Example ESMF_RHandleDynamicMaskingEx, ESMF_RHandleDynamicMaskingEx.F90, line 1116
20220807 014928.737 INFO             PET0 Finalizing ESMF
20220807 014928.737 DEBUG            PET0 epochFinal
