2022-09-06 09:43:28
20220906 104625.465 INFO             PET0 !!!!!!!!!!!!!!!!!!!!!!!!!!!!!!!!!!!!!!!!!!!!!!!!!!!!!!
20220906 104625.465 INFO             PET0 !!! THE ESMF_LOG IS SET TO OUTPUT ALL LOG MESSAGES !!!
20220906 104625.465 INFO             PET0 !!!     THIS MAY CAUSE SLOWDOWN IN PERFORMANCE     !!!
20220906 104625.465 INFO             PET0 !!! FOR PRODUCTION RUNS, USE:                      !!!
20220906 104625.465 INFO             PET0 !!!                   ESMF_LOGKIND_Multi_On_Error  !!!
20220906 104625.465 INFO             PET0 !!!!!!!!!!!!!!!!!!!!!!!!!!!!!!!!!!!!!!!!!!!!!!!!!!!!!!
20220906 104625.465 INFO             PET0 Running with ESMF Version   : v8.4.0b12-3-gfd0845b833
20220906 104625.465 INFO             PET0 ESMF library build date/time: "Sep  6 2022" "09:40:12"
20220906 104625.465 INFO             PET0 ESMF library build location : /glade/scratch/dunlap/esmf-testing/nvhpc_21.11_openmpi_g_develop/esmf
20220906 104625.465 INFO             PET0 ESMF_COMM                   : openmpi
20220906 104625.465 INFO             PET0 ESMF_MOAB                   : enabled
20220906 104625.465 INFO             PET0 ESMF_LAPACK                 : enabled
20220906 104625.465 INFO             PET0 ESMF_NETCDF                 : enabled
20220906 104625.465 INFO             PET0 ESMF_PNETCDF                : disabled
20220906 104625.465 INFO             PET0 ESMF_PIO                    : enabled
20220906 104625.465 INFO             PET0 ESMF_YAMLCPP                : enabled
20220906 104625.466 INFO             PET0 esmApp STARTING
20220906 104625.473 INFO             PET0 esm: InitializeGeneric intro.
20220906 104625.473 INFO             PET0   esm: InitializeP0 intro.
20220906 104625.473 INFO             PET0   esm: InitializeP0 extro.
20220906 104625.473 INFO             PET0   esm: InitializeIPDv02p1 intro.
20220906 104625.473 INFO             PET0     >>>esm: entered Initialize (phase=<none>) without valid internal Clock.
20220906 104625.474 INFO             PET0     esm - Creating model component ATM with petList of size 2 :
20220906 104625.474 INFO             PET0           0      1
20220906 104625.479 INFO             PET0     esm - Creating model component OCN with petList of size 2 :
20220906 104625.479 INFO             PET0           2      3
20220906 104625.480 INFO             PET0     esm - Creating state: modelComp 1 Import State
20220906 104625.480 INFO             PET0     esm - Creating state: modelComp 1 Export State
20220906 104625.480 INFO             PET0     esm - Creating state: modelComp 2 Import State
20220906 104625.480 INFO             PET0     esm - Creating state: modelComp 2 Export State
20220906 104625.481 INFO             PET0     ATM: InitializeP0 intro.
20220906 104625.483 INFO             PET0     ATM: InitializeP0 extro.
20220906 104625.491 INFO             PET0     esm - Creating connector component OCN-TO-ATM with petList of size 4 :
20220906 104625.491 INFO             PET0           2      3      0      1
20220906 104625.501 INFO             PET0     esm - Setting Verbosity on created component to: high
20220906 104625.501 INFO             PET0     esm - Setting Profiling on created component to:          0
20220906 104625.501 INFO             PET0     esm - Creating connector component ATM-TO-OCN with petList of size 4 :
20220906 104625.501 INFO             PET0           0      1      2      3
20220906 104625.510 INFO             PET0     esm - Setting Verbosity on created component to: high
20220906 104625.510 INFO             PET0     esm - Setting Profiling on created component to:          0
20220906 104625.515 INFO             PET0     esm: IInitAdvertise intro.
20220906 104625.515 INFO             PET0     esm: IInitAdvertise extro.
20220906 104625.515 INFO             PET0     ATM: InitializeIPDvXp01 intro.
20220906 104625.520 INFO             PET0     ATM: InitializeIPDvXp01 extro.
20220906 104625.527 INFO             PET0     ATM-TO-OCN: InitializeIPDv05p1 intro.
20220906 104625.535 INFO             PET0       ATM-TO-OCN: importState FieldTransferPolicy = transferNone
20220906 104625.537 INFO             PET0       ATM-TO-OCN: exportState FieldTransferPolicy = transferNone
20220906 104625.537 INFO             PET0     ATM-TO-OCN: InitializeIPDv05p1 extro.
20220906 104625.537 INFO             PET0     OCN-TO-ATM: InitializeIPDv05p1 intro.
20220906 104625.543 INFO             PET0       OCN-TO-ATM: importState FieldTransferPolicy = transferNone
20220906 104625.543 INFO             PET0       OCN-TO-ATM: exportState FieldTransferPolicy = transferNone
20220906 104625.543 INFO             PET0     OCN-TO-ATM: InitializeIPDv05p1 extro.
20220906 104625.543 INFO             PET0     esm: IInitAdvertiseFinish intro.
20220906 104625.543 INFO             PET0     esm: IInitAdvertiseFinish extro.
20220906 104625.543 INFO             PET0     ATM-TO-OCN: InitializeIPDv05p2a intro.
20220906 104625.551 INFO             PET0       ATM-TO-OCN:      importStandardNameList(i=  1): air_pressure_at_sea_level
20220906 104625.551 INFO             PET0       ATM-TO-OCN:         importNamespaceList(i=  1): ATM
20220906 104625.551 INFO             PET0       ATM-TO-OCN:            importCplSetList(i=  1): __UNSPECIFIED__
20220906 104625.551 INFO             PET0       ATM-TO-OCN:      exportStandardNameList(j=  1): air_pressure_at_sea_level
20220906 104625.551 INFO             PET0       ATM-TO-OCN:         exportNamespaceList(j=  1): OCN
20220906 104625.551 INFO             PET0       ATM-TO-OCN:            exportCplSetList(j=  1): __UNSPECIFIED__
20220906 104625.551 INFO             PET0       ATM-TO-OCN: bondLevel= 1
20220906 104625.551 INFO             PET0       ATM-TO-OCN: ProducerConnection (bondLevelMax):         1
20220906 104625.551 INFO             PET0       ATM-TO-OCN:      importStandardNameList(i=  2): surface_net_downward_shortwave_flux
20220906 104625.551 INFO             PET0       ATM-TO-OCN:         importNamespaceList(i=  2): ATM
20220906 104625.551 INFO             PET0       ATM-TO-OCN:            importCplSetList(i=  2): __UNSPECIFIED__
20220906 104625.551 INFO             PET0       ATM-TO-OCN:      exportStandardNameList(j=  2): surface_net_downward_shortwave_flux
20220906 104625.551 INFO             PET0       ATM-TO-OCN:         exportNamespaceList(j=  2): OCN
20220906 104625.551 INFO             PET0       ATM-TO-OCN:            exportCplSetList(j=  2): __UNSPECIFIED__
20220906 104625.551 INFO             PET0       ATM-TO-OCN: bondLevel= 1
20220906 104625.551 INFO             PET0       ATM-TO-OCN: ProducerConnection (bondLevelMax):         1
20220906 104625.551 INFO             PET0     ATM-TO-OCN: InitializeIPDv05p2a extro.
20220906 104625.552 INFO             PET0     OCN-TO-ATM: InitializeIPDv05p2a intro.
20220906 104625.557 INFO             PET0       OCN-TO-ATM:      importStandardNameList(i=  1): sea_surface_temperature
20220906 104625.557 INFO             PET0       OCN-TO-ATM:         importNamespaceList(i=  1): OCN
20220906 104625.557 INFO             PET0       OCN-TO-ATM:            importCplSetList(i=  1): __UNSPECIFIED__
20220906 104625.557 INFO             PET0       OCN-TO-ATM:      exportStandardNameList(j=  1): sea_surface_temperature
20220906 104625.557 INFO             PET0       OCN-TO-ATM:         exportNamespaceList(j=  1): ATM
20220906 104625.557 INFO             PET0       OCN-TO-ATM:            exportCplSetList(j=  1): __UNSPECIFIED__
20220906 104625.557 INFO             PET0       OCN-TO-ATM: bondLevel= 1
20220906 104625.557 INFO             PET0       OCN-TO-ATM: ProducerConnection (bondLevelMax):         1
20220906 104625.557 INFO             PET0     OCN-TO-ATM: InitializeIPDv05p2a extro.
20220906 104625.557 INFO             PET0     ATM-TO-OCN: InitializeIPDv05p2b intro.
20220906 104625.565 INFO             PET0       ATM-TO-OCN:      importStandardNameList(i=  1): air_pressure_at_sea_level
20220906 104625.565 INFO             PET0       ATM-TO-OCN:         importNamespaceList(i=  1): ATM
20220906 104625.565 INFO             PET0       ATM-TO-OCN:            importCplSetList(i=  1): __UNSPECIFIED__
20220906 104625.565 INFO             PET0       ATM-TO-OCN:      exportStandardNameList(j=  1): air_pressure_at_sea_level
20220906 104625.565 INFO             PET0       ATM-TO-OCN:         exportNamespaceList(j=  1): OCN
20220906 104625.565 INFO             PET0       ATM-TO-OCN:            exportCplSetList(j=  1): __UNSPECIFIED__
20220906 104625.565 INFO             PET0       ATM-TO-OCN: bondLevel= 1
20220906 104625.565 INFO             PET0       ATM-TO-OCN: => added cplList(  1)=air_pressure_at_sea_level, cplSetList(  1)=__UNSPECIFIED__
20220906 104625.565 INFO             PET0       ATM-TO-OCN:      importStandardNameList(i=  2): surface_net_downward_shortwave_flux
20220906 104625.565 INFO             PET0       ATM-TO-OCN:         importNamespaceList(i=  2): ATM
20220906 104625.565 INFO             PET0       ATM-TO-OCN:            importCplSetList(i=  2): __UNSPECIFIED__
20220906 104625.565 INFO             PET0       ATM-TO-OCN:      exportStandardNameList(j=  2): surface_net_downward_shortwave_flux
20220906 104625.565 INFO             PET0       ATM-TO-OCN:         exportNamespaceList(j=  2): OCN
20220906 104625.565 INFO             PET0       ATM-TO-OCN:            exportCplSetList(j=  2): __UNSPECIFIED__
20220906 104625.565 INFO             PET0       ATM-TO-OCN: bondLevel= 1
20220906 104625.565 INFO             PET0       ATM-TO-OCN: => added cplList(  2)=surface_net_downward_shortwave_flux, cplSetList(  2)=__UNSPECIFIED__
20220906 104625.565 INFO             PET0     ATM-TO-OCN: InitializeIPDv05p2b extro.
20220906 104625.565 INFO             PET0     OCN-TO-ATM: InitializeIPDv05p2b intro.
20220906 104625.571 INFO             PET0       OCN-TO-ATM:      importStandardNameList(i=  1): sea_surface_temperature
20220906 104625.571 INFO             PET0       OCN-TO-ATM:         importNamespaceList(i=  1): OCN
20220906 104625.571 INFO             PET0       OCN-TO-ATM:            importCplSetList(i=  1): __UNSPECIFIED__
20220906 104625.571 INFO             PET0       OCN-TO-ATM:      exportStandardNameList(j=  1): sea_surface_temperature
20220906 104625.571 INFO             PET0       OCN-TO-ATM:         exportNamespaceList(j=  1): ATM
20220906 104625.571 INFO             PET0       OCN-TO-ATM:            exportCplSetList(j=  1): __UNSPECIFIED__
20220906 104625.571 INFO             PET0       OCN-TO-ATM: bondLevel= 1
20220906 104625.571 INFO             PET0       OCN-TO-ATM: => added cplList(  1)=sea_surface_temperature, cplSetList(  1)=__UNSPECIFIED__
20220906 104625.571 INFO             PET0     OCN-TO-ATM: InitializeIPDv05p2b extro.
20220906 104625.571 INFO             PET0     esm: IInitModifyCplLists intro.
20220906 104625.571 INFO             PET0     esm: IInitModifyCplLists extro.
20220906 104625.572 INFO             PET0     ATM-TO-OCN: InitializeIPDv05p3 intro.
20220906 104625.580 INFO             PET0       ATM-TO-OCN: handle cplList(1): air_pressure_at_sea_level, cplSetList(1): __UNSPECIFIED__
20220906 104625.580 INFO             PET0       ATM-TO-OCN: - connected.
20220906 104625.580 INFO             PET0       ATM-TO-OCN: - both sides must provide the Field/GeomObject.
20220906 104625.580 INFO             PET0       ATM-TO-OCN: handle cplList(2): surface_net_downward_shortwave_flux, cplSetList(2): __UNSPECIFIED__
20220906 104625.580 INFO             PET0       ATM-TO-OCN: - connected.
20220906 104625.580 INFO             PET0       ATM-TO-OCN: - both sides must provide the Field/GeomObject.
20220906 104625.580 INFO             PET0     ATM-TO-OCN: InitializeIPDv05p3 extro.
20220906 104625.580 INFO             PET0     OCN-TO-ATM: InitializeIPDv05p3 intro.
20220906 104625.586 INFO             PET0       OCN-TO-ATM: handle cplList(1): sea_surface_temperature, cplSetList(1): __UNSPECIFIED__
20220906 104625.586 INFO             PET0       OCN-TO-ATM: - connected.
20220906 104625.586 INFO             PET0       OCN-TO-ATM: - both sides must provide the Field/GeomObject.
20220906 104625.586 INFO             PET0     OCN-TO-ATM: InitializeIPDv05p3 extro.
20220906 104625.586 INFO             PET0     <<<esm: leaving Initialize (phase=<none>) with current time: 2010  6  1  0  0  0   0
20220906 104625.586 INFO             PET0   esm: InitializeIPDv02p1 extro.
20220906 104625.586 INFO             PET0   esm: InitializeIPDv02p3 intro.
20220906 104625.586 INFO             PET0     >>>esm: entered Initialize (phase=<none>) with current time: 2010  6  1  0  0  0   0
20220906 104625.587 INFO             PET0     esm: IInitCheck intro.
20220906 104625.587 INFO             PET0     esm: IInitCheck extro.
20220906 104625.587 INFO             PET0     ATM: InitializeIPDvXp04 intro.
20220906 104625.593 INFO             PET0     ATM: InitializeIPDvXp04 extro.
20220906 104625.603 INFO             PET0     ATM-TO-OCN: InitializeIPDv05p4 intro.
20220906 104625.616 INFO             PET0       ATM-TO-OCN: handle cplList(1): air_pressure_at_sea_level, cplSetList(1): __UNSPECIFIED__
20220906 104625.616 INFO             PET0       ATM-TO-OCN: - nothing shared or transferred
20220906 104625.616 INFO             PET0       ATM-TO-OCN: handle cplList(2): surface_net_downward_shortwave_flux, cplSetList(2): __UNSPECIFIED__
20220906 104625.616 INFO             PET0       ATM-TO-OCN: - nothing shared or transferred
20220906 104625.616 INFO             PET0     ATM-TO-OCN: InitializeIPDv05p4 extro.
20220906 104625.616 INFO             PET0     OCN-TO-ATM: InitializeIPDv05p4 intro.
20220906 104625.624 INFO             PET0       OCN-TO-ATM: handle cplList(1): sea_surface_temperature, cplSetList(1): __UNSPECIFIED__
20220906 104625.624 INFO             PET0       OCN-TO-ATM: - nothing shared or transferred
20220906 104625.624 INFO             PET0     OCN-TO-ATM: InitializeIPDv05p4 extro.
20220906 104625.624 INFO             PET0     ATM-TO-OCN: InitializeIPDv05p5 intro.
20220906 104625.637 INFO             PET0       ATM-TO-OCN: handle cplList(1): air_pressure_at_sea_level, cplSetList(1): __UNSPECIFIED__
20220906 104625.637 INFO             PET0       ATM-TO-OCN: - nothing shared or transferred, or may already be handled
20220906 104625.637 INFO             PET0       ATM-TO-OCN: handle cplList(2): surface_net_downward_shortwave_flux, cplSetList(2): __UNSPECIFIED__
20220906 104625.637 INFO             PET0       ATM-TO-OCN: - nothing shared or transferred, or may already be handled
20220906 104625.637 INFO             PET0     ATM-TO-OCN: InitializeIPDv05p5 extro.
20220906 104625.637 INFO             PET0     OCN-TO-ATM: InitializeIPDv05p5 intro.
20220906 104625.645 INFO             PET0       OCN-TO-ATM: handle cplList(1): sea_surface_temperature, cplSetList(1): __UNSPECIFIED__
20220906 104625.645 INFO             PET0       OCN-TO-ATM: - nothing shared or transferred, or may already be handled
20220906 104625.645 INFO             PET0     OCN-TO-ATM: InitializeIPDv05p5 extro.
20220906 104625.645 INFO             PET0     esm: IInitRealize intro.
20220906 104625.645 INFO             PET0     esm: IInitRealize extro.
20220906 104625.646 INFO             PET0     ATM-TO-OCN: InitializeIPDv05p6a intro.
20220906 104625.464 INFO             PET1 !!!!!!!!!!!!!!!!!!!!!!!!!!!!!!!!!!!!!!!!!!!!!!!!!!!!!!
20220906 104625.464 INFO             PET1 !!! THE ESMF_LOG IS SET TO OUTPUT ALL LOG MESSAGES !!!
20220906 104625.464 INFO             PET1 !!!     THIS MAY CAUSE SLOWDOWN IN PERFORMANCE     !!!
20220906 104625.464 INFO             PET1 !!! FOR PRODUCTION RUNS, USE:                      !!!
20220906 104625.464 INFO             PET1 !!!                   ESMF_LOGKIND_Multi_On_Error  !!!
20220906 104625.464 INFO             PET1 !!!!!!!!!!!!!!!!!!!!!!!!!!!!!!!!!!!!!!!!!!!!!!!!!!!!!!
20220906 104625.464 INFO             PET1 Running with ESMF Version   : v8.4.0b12-3-gfd0845b833
20220906 104625.464 INFO             PET1 ESMF library build date/time: "Sep  6 2022" "09:40:12"
20220906 104625.464 INFO             PET1 ESMF library build location : /glade/scratch/dunlap/esmf-testing/nvhpc_21.11_openmpi_g_develop/esmf
20220906 104625.464 INFO             PET1 ESMF_COMM                   : openmpi
20220906 104625.464 INFO             PET1 ESMF_MOAB                   : enabled
20220906 104625.464 INFO             PET1 ESMF_LAPACK                 : enabled
20220906 104625.464 INFO             PET1 ESMF_NETCDF                 : enabled
20220906 104625.464 INFO             PET1 ESMF_PNETCDF                : disabled
20220906 104625.464 INFO             PET1 ESMF_PIO                    : enabled
20220906 104625.464 INFO             PET1 ESMF_YAMLCPP                : enabled
20220906 104625.466 INFO             PET1 esmApp STARTING
20220906 104625.473 INFO             PET1 esm: InitializeGeneric intro.
20220906 104625.473 INFO             PET1   esm: InitializeP0 intro.
20220906 104625.473 INFO             PET1   esm: InitializeP0 extro.
20220906 104625.473 INFO             PET1   esm: InitializeIPDv02p1 intro.
20220906 104625.474 INFO             PET1     >>>esm: entered Initialize (phase=<none>) without valid internal Clock.
20220906 104625.474 INFO             PET1     esm - Creating model component ATM with petList of size 2 :
20220906 104625.474 INFO             PET1           0      1
20220906 104625.479 INFO             PET1     esm - Creating model component OCN with petList of size 2 :
20220906 104625.479 INFO             PET1           2      3
20220906 104625.480 INFO             PET1     esm - Creating state: modelComp 1 Import State
20220906 104625.480 INFO             PET1     esm - Creating state: modelComp 1 Export State
20220906 104625.480 INFO             PET1     esm - Creating state: modelComp 2 Import State
20220906 104625.480 INFO             PET1     esm - Creating state: modelComp 2 Export State
20220906 104625.481 INFO             PET1     ATM: InitializeP0 intro.
20220906 104625.483 INFO             PET1     ATM: InitializeP0 extro.
20220906 104625.491 INFO             PET1     esm - Creating connector component OCN-TO-ATM with petList of size 4 :
20220906 104625.491 INFO             PET1           2      3      0      1
20220906 104625.501 INFO             PET1     esm - Setting Verbosity on created component to: high
20220906 104625.501 INFO             PET1     esm - Setting Profiling on created component to:          0
20220906 104625.501 INFO             PET1     esm - Creating connector component ATM-TO-OCN with petList of size 4 :
20220906 104625.501 INFO             PET1           0      1      2      3
20220906 104625.510 INFO             PET1     esm - Setting Verbosity on created component to: high
20220906 104625.510 INFO             PET1     esm - Setting Profiling on created component to:          0
20220906 104625.515 INFO             PET1     esm: IInitAdvertise intro.
20220906 104625.515 INFO             PET1     esm: IInitAdvertise extro.
20220906 104625.515 INFO             PET1     ATM: InitializeIPDvXp01 intro.
20220906 104625.520 INFO             PET1     ATM: InitializeIPDvXp01 extro.
20220906 104625.527 INFO             PET1     ATM-TO-OCN: InitializeIPDv05p1 intro.
20220906 104625.535 INFO             PET1       ATM-TO-OCN: importState FieldTransferPolicy = transferNone
20220906 104625.537 INFO             PET1       ATM-TO-OCN: exportState FieldTransferPolicy = transferNone
20220906 104625.538 INFO             PET1     ATM-TO-OCN: InitializeIPDv05p1 extro.
20220906 104625.538 INFO             PET1     OCN-TO-ATM: InitializeIPDv05p1 intro.
20220906 104625.543 INFO             PET1       OCN-TO-ATM: importState FieldTransferPolicy = transferNone
20220906 104625.543 INFO             PET1       OCN-TO-ATM: exportState FieldTransferPolicy = transferNone
20220906 104625.543 INFO             PET1     OCN-TO-ATM: InitializeIPDv05p1 extro.
20220906 104625.543 INFO             PET1     esm: IInitAdvertiseFinish intro.
20220906 104625.543 INFO             PET1     esm: IInitAdvertiseFinish extro.
20220906 104625.543 INFO             PET1     ATM-TO-OCN: InitializeIPDv05p2a intro.
20220906 104625.551 INFO             PET1       ATM-TO-OCN:      importStandardNameList(i=  1): air_pressure_at_sea_level
20220906 104625.551 INFO             PET1       ATM-TO-OCN:         importNamespaceList(i=  1): ATM
20220906 104625.551 INFO             PET1       ATM-TO-OCN:            importCplSetList(i=  1): __UNSPECIFIED__
20220906 104625.551 INFO             PET1       ATM-TO-OCN:      exportStandardNameList(j=  1): air_pressure_at_sea_level
20220906 104625.551 INFO             PET1       ATM-TO-OCN:         exportNamespaceList(j=  1): OCN
20220906 104625.551 INFO             PET1       ATM-TO-OCN:            exportCplSetList(j=  1): __UNSPECIFIED__
20220906 104625.551 INFO             PET1       ATM-TO-OCN: bondLevel= 1
20220906 104625.551 INFO             PET1       ATM-TO-OCN: ProducerConnection (bondLevelMax):         1
20220906 104625.551 INFO             PET1       ATM-TO-OCN:      importStandardNameList(i=  2): surface_net_downward_shortwave_flux
20220906 104625.551 INFO             PET1       ATM-TO-OCN:         importNamespaceList(i=  2): ATM
20220906 104625.551 INFO             PET1       ATM-TO-OCN:            importCplSetList(i=  2): __UNSPECIFIED__
20220906 104625.551 INFO             PET1       ATM-TO-OCN:      exportStandardNameList(j=  2): surface_net_downward_shortwave_flux
20220906 104625.551 INFO             PET1       ATM-TO-OCN:         exportNamespaceList(j=  2): OCN
20220906 104625.551 INFO             PET1       ATM-TO-OCN:            exportCplSetList(j=  2): __UNSPECIFIED__
20220906 104625.551 INFO             PET1       ATM-TO-OCN: bondLevel= 1
20220906 104625.551 INFO             PET1       ATM-TO-OCN: ProducerConnection (bondLevelMax):         1
20220906 104625.551 INFO             PET1     ATM-TO-OCN: InitializeIPDv05p2a extro.
20220906 104625.552 INFO             PET1     OCN-TO-ATM: InitializeIPDv05p2a intro.
20220906 104625.557 INFO             PET1       OCN-TO-ATM:      importStandardNameList(i=  1): sea_surface_temperature
20220906 104625.557 INFO             PET1       OCN-TO-ATM:         importNamespaceList(i=  1): OCN
20220906 104625.557 INFO             PET1       OCN-TO-ATM:            importCplSetList(i=  1): __UNSPECIFIED__
20220906 104625.557 INFO             PET1       OCN-TO-ATM:      exportStandardNameList(j=  1): sea_surface_temperature
20220906 104625.557 INFO             PET1       OCN-TO-ATM:         exportNamespaceList(j=  1): ATM
20220906 104625.557 INFO             PET1       OCN-TO-ATM:            exportCplSetList(j=  1): __UNSPECIFIED__
20220906 104625.557 INFO             PET1       OCN-TO-ATM: bondLevel= 1
20220906 104625.557 INFO             PET1       OCN-TO-ATM: ProducerConnection (bondLevelMax):         1
20220906 104625.557 INFO             PET1     OCN-TO-ATM: InitializeIPDv05p2a extro.
20220906 104625.557 INFO             PET1     ATM-TO-OCN: InitializeIPDv05p2b intro.
20220906 104625.565 INFO             PET1       ATM-TO-OCN:      importStandardNameList(i=  1): air_pressure_at_sea_level
20220906 104625.565 INFO             PET1       ATM-TO-OCN:         importNamespaceList(i=  1): ATM
20220906 104625.565 INFO             PET1       ATM-TO-OCN:            importCplSetList(i=  1): __UNSPECIFIED__
20220906 104625.565 INFO             PET1       ATM-TO-OCN:      exportStandardNameList(j=  1): air_pressure_at_sea_level
20220906 104625.565 INFO             PET1       ATM-TO-OCN:         exportNamespaceList(j=  1): OCN
20220906 104625.565 INFO             PET1       ATM-TO-OCN:            exportCplSetList(j=  1): __UNSPECIFIED__
20220906 104625.565 INFO             PET1       ATM-TO-OCN: bondLevel= 1
20220906 104625.565 INFO             PET1       ATM-TO-OCN: => added cplList(  1)=air_pressure_at_sea_level, cplSetList(  1)=__UNSPECIFIED__
20220906 104625.565 INFO             PET1       ATM-TO-OCN:      importStandardNameList(i=  2): surface_net_downward_shortwave_flux
20220906 104625.565 INFO             PET1       ATM-TO-OCN:         importNamespaceList(i=  2): ATM
20220906 104625.565 INFO             PET1       ATM-TO-OCN:            importCplSetList(i=  2): __UNSPECIFIED__
20220906 104625.565 INFO             PET1       ATM-TO-OCN:      exportStandardNameList(j=  2): surface_net_downward_shortwave_flux
20220906 104625.565 INFO             PET1       ATM-TO-OCN:         exportNamespaceList(j=  2): OCN
20220906 104625.565 INFO             PET1       ATM-TO-OCN:            exportCplSetList(j=  2): __UNSPECIFIED__
20220906 104625.565 INFO             PET1       ATM-TO-OCN: bondLevel= 1
20220906 104625.565 INFO             PET1       ATM-TO-OCN: => added cplList(  2)=surface_net_downward_shortwave_flux, cplSetList(  2)=__UNSPECIFIED__
20220906 104625.565 INFO             PET1     ATM-TO-OCN: InitializeIPDv05p2b extro.
20220906 104625.565 INFO             PET1     OCN-TO-ATM: InitializeIPDv05p2b intro.
20220906 104625.571 INFO             PET1       OCN-TO-ATM:      importStandardNameList(i=  1): sea_surface_temperature
20220906 104625.571 INFO             PET1       OCN-TO-ATM:         importNamespaceList(i=  1): OCN
20220906 104625.571 INFO             PET1       OCN-TO-ATM:            importCplSetList(i=  1): __UNSPECIFIED__
20220906 104625.571 INFO             PET1       OCN-TO-ATM:      exportStandardNameList(j=  1): sea_surface_temperature
20220906 104625.571 INFO             PET1       OCN-TO-ATM:         exportNamespaceList(j=  1): ATM
20220906 104625.571 INFO             PET1       OCN-TO-ATM:            exportCplSetList(j=  1): __UNSPECIFIED__
20220906 104625.571 INFO             PET1       OCN-TO-ATM: bondLevel= 1
20220906 104625.571 INFO             PET1       OCN-TO-ATM: => added cplList(  1)=sea_surface_temperature, cplSetList(  1)=__UNSPECIFIED__
20220906 104625.571 INFO             PET1     OCN-TO-ATM: InitializeIPDv05p2b extro.
20220906 104625.571 INFO             PET1     esm: IInitModifyCplLists intro.
20220906 104625.571 INFO             PET1     esm: IInitModifyCplLists extro.
20220906 104625.572 INFO             PET1     ATM-TO-OCN: InitializeIPDv05p3 intro.
20220906 104625.580 INFO             PET1       ATM-TO-OCN: handle cplList(1): air_pressure_at_sea_level, cplSetList(1): __UNSPECIFIED__
20220906 104625.580 INFO             PET1       ATM-TO-OCN: - connected.
20220906 104625.580 INFO             PET1       ATM-TO-OCN: - both sides must provide the Field/GeomObject.
20220906 104625.580 INFO             PET1       ATM-TO-OCN: handle cplList(2): surface_net_downward_shortwave_flux, cplSetList(2): __UNSPECIFIED__
20220906 104625.580 INFO             PET1       ATM-TO-OCN: - connected.
20220906 104625.580 INFO             PET1       ATM-TO-OCN: - both sides must provide the Field/GeomObject.
20220906 104625.580 INFO             PET1     ATM-TO-OCN: InitializeIPDv05p3 extro.
20220906 104625.580 INFO             PET1     OCN-TO-ATM: InitializeIPDv05p3 intro.
20220906 104625.586 INFO             PET1       OCN-TO-ATM: handle cplList(1): sea_surface_temperature, cplSetList(1): __UNSPECIFIED__
20220906 104625.586 INFO             PET1       OCN-TO-ATM: - connected.
20220906 104625.586 INFO             PET1       OCN-TO-ATM: - both sides must provide the Field/GeomObject.
20220906 104625.586 INFO             PET1     OCN-TO-ATM: InitializeIPDv05p3 extro.
20220906 104625.586 INFO             PET1     <<<esm: leaving Initialize (phase=<none>) with current time: 2010  6  1  0  0  0   0
20220906 104625.586 INFO             PET1   esm: InitializeIPDv02p1 extro.
20220906 104625.586 INFO             PET1   esm: InitializeIPDv02p3 intro.
20220906 104625.586 INFO             PET1     >>>esm: entered Initialize (phase=<none>) with current time: 2010  6  1  0  0  0   0
20220906 104625.587 INFO             PET1     esm: IInitCheck intro.
20220906 104625.587 INFO             PET1     esm: IInitCheck extro.
20220906 104625.587 INFO             PET1     ATM: InitializeIPDvXp04 intro.
20220906 104625.594 INFO             PET1     ATM: InitializeIPDvXp04 extro.
20220906 104625.603 INFO             PET1     ATM-TO-OCN: InitializeIPDv05p4 intro.
20220906 104625.616 INFO             PET1       ATM-TO-OCN: handle cplList(1): air_pressure_at_sea_level, cplSetList(1): __UNSPECIFIED__
20220906 104625.616 INFO             PET1       ATM-TO-OCN: - nothing shared or transferred
20220906 104625.616 INFO             PET1       ATM-TO-OCN: handle cplList(2): surface_net_downward_shortwave_flux, cplSetList(2): __UNSPECIFIED__
20220906 104625.616 INFO             PET1       ATM-TO-OCN: - nothing shared or transferred
20220906 104625.616 INFO             PET1     ATM-TO-OCN: InitializeIPDv05p4 extro.
20220906 104625.616 INFO             PET1     OCN-TO-ATM: InitializeIPDv05p4 intro.
20220906 104625.624 INFO             PET1       OCN-TO-ATM: handle cplList(1): sea_surface_temperature, cplSetList(1): __UNSPECIFIED__
20220906 104625.624 INFO             PET1       OCN-TO-ATM: - nothing shared or transferred
20220906 104625.624 INFO             PET1     OCN-TO-ATM: InitializeIPDv05p4 extro.
20220906 104625.624 INFO             PET1     ATM-TO-OCN: InitializeIPDv05p5 intro.
20220906 104625.637 INFO             PET1       ATM-TO-OCN: handle cplList(1): air_pressure_at_sea_level, cplSetList(1): __UNSPECIFIED__
20220906 104625.637 INFO             PET1       ATM-TO-OCN: - nothing shared or transferred, or may already be handled
20220906 104625.637 INFO             PET1       ATM-TO-OCN: handle cplList(2): surface_net_downward_shortwave_flux, cplSetList(2): __UNSPECIFIED__
20220906 104625.637 INFO             PET1       ATM-TO-OCN: - nothing shared or transferred, or may already be handled
20220906 104625.637 INFO             PET1     ATM-TO-OCN: InitializeIPDv05p5 extro.
20220906 104625.637 INFO             PET1     OCN-TO-ATM: InitializeIPDv05p5 intro.
20220906 104625.645 INFO             PET1       OCN-TO-ATM: handle cplList(1): sea_surface_temperature, cplSetList(1): __UNSPECIFIED__
20220906 104625.645 INFO             PET1       OCN-TO-ATM: - nothing shared or transferred, or may already be handled
20220906 104625.645 INFO             PET1     OCN-TO-ATM: InitializeIPDv05p5 extro.
20220906 104625.645 INFO             PET1     esm: IInitRealize intro.
20220906 104625.645 INFO             PET1     esm: IInitRealize extro.
20220906 104625.646 INFO             PET1     ATM-TO-OCN: InitializeIPDv05p6a intro.
20220906 104625.465 INFO             PET2 !!!!!!!!!!!!!!!!!!!!!!!!!!!!!!!!!!!!!!!!!!!!!!!!!!!!!!
20220906 104625.465 INFO             PET2 !!! THE ESMF_LOG IS SET TO OUTPUT ALL LOG MESSAGES !!!
20220906 104625.465 INFO             PET2 !!!     THIS MAY CAUSE SLOWDOWN IN PERFORMANCE     !!!
20220906 104625.465 INFO             PET2 !!! FOR PRODUCTION RUNS, USE:                      !!!
20220906 104625.465 INFO             PET2 !!!                   ESMF_LOGKIND_Multi_On_Error  !!!
20220906 104625.465 INFO             PET2 !!!!!!!!!!!!!!!!!!!!!!!!!!!!!!!!!!!!!!!!!!!!!!!!!!!!!!
20220906 104625.465 INFO             PET2 Running with ESMF Version   : v8.4.0b12-3-gfd0845b833
20220906 104625.465 INFO             PET2 ESMF library build date/time: "Sep  6 2022" "09:40:12"
20220906 104625.465 INFO             PET2 ESMF library build location : /glade/scratch/dunlap/esmf-testing/nvhpc_21.11_openmpi_g_develop/esmf
20220906 104625.465 INFO             PET2 ESMF_COMM                   : openmpi
20220906 104625.466 INFO             PET2 ESMF_MOAB                   : enabled
20220906 104625.466 INFO             PET2 ESMF_LAPACK                 : enabled
20220906 104625.466 INFO             PET2 ESMF_NETCDF                 : enabled
20220906 104625.466 INFO             PET2 ESMF_PNETCDF                : disabled
20220906 104625.466 INFO             PET2 ESMF_PIO                    : enabled
20220906 104625.466 INFO             PET2 ESMF_YAMLCPP                : enabled
20220906 104625.466 INFO             PET2 esmApp STARTING
20220906 104625.473 INFO             PET2 esm: InitializeGeneric intro.
20220906 104625.473 INFO             PET2   esm: InitializeP0 intro.
20220906 104625.473 INFO             PET2   esm: InitializeP0 extro.
20220906 104625.473 INFO             PET2   esm: InitializeIPDv02p1 intro.
20220906 104625.473 INFO             PET2     >>>esm: entered Initialize (phase=<none>) without valid internal Clock.
20220906 104625.474 INFO             PET2     esm - Creating model component ATM with petList of size 2 :
20220906 104625.474 INFO             PET2           0      1
20220906 104625.479 INFO             PET2     esm - Creating model component OCN with petList of size 2 :
20220906 104625.479 INFO             PET2           2      3
20220906 104625.485 INFO             PET2     esm - Creating state: modelComp 1 Import State
20220906 104625.485 INFO             PET2     esm - Creating state: modelComp 1 Export State
20220906 104625.485 INFO             PET2     esm - Creating state: modelComp 2 Import State
20220906 104625.485 INFO             PET2     esm - Creating state: modelComp 2 Export State
20220906 104625.488 INFO             PET2     OCN: InitializeP0 intro.
20220906 104625.490 INFO             PET2     OCN: InitializeP0 extro.
20220906 104625.491 INFO             PET2     esm - Creating connector component OCN-TO-ATM with petList of size 4 :
20220906 104625.491 INFO             PET2           2      3      0      1
20220906 104625.500 INFO             PET2     esm - Setting Verbosity on created component to: high
20220906 104625.500 INFO             PET2     esm - Setting Profiling on created component to:          0
20220906 104625.501 INFO             PET2     esm - Creating connector component ATM-TO-OCN with petList of size 4 :
20220906 104625.501 INFO             PET2           0      1      2      3
20220906 104625.510 INFO             PET2     esm - Setting Verbosity on created component to: high
20220906 104625.510 INFO             PET2     esm - Setting Profiling on created component to:          0
20220906 104625.515 INFO             PET2     esm: IInitAdvertise intro.
20220906 104625.515 INFO             PET2     esm: IInitAdvertise extro.
20220906 104625.521 INFO             PET2     OCN: InitializeIPDvXp01 intro.
20220906 104625.525 INFO             PET2     OCN: InitializeIPDvXp01 extro.
20220906 104625.526 INFO             PET2     ATM-TO-OCN: InitializeIPDv05p1 intro.
20220906 104625.535 INFO             PET2       ATM-TO-OCN: importState FieldTransferPolicy = transferNone
20220906 104625.537 INFO             PET2       ATM-TO-OCN: exportState FieldTransferPolicy = transferNone
20220906 104625.537 INFO             PET2     ATM-TO-OCN: InitializeIPDv05p1 extro.
20220906 104625.537 INFO             PET2     OCN-TO-ATM: InitializeIPDv05p1 intro.
20220906 104625.543 INFO             PET2       OCN-TO-ATM: importState FieldTransferPolicy = transferNone
20220906 104625.543 INFO             PET2       OCN-TO-ATM: exportState FieldTransferPolicy = transferNone
20220906 104625.543 INFO             PET2     OCN-TO-ATM: InitializeIPDv05p1 extro.
20220906 104625.543 INFO             PET2     esm: IInitAdvertiseFinish intro.
20220906 104625.543 INFO             PET2     esm: IInitAdvertiseFinish extro.
20220906 104625.543 INFO             PET2     ATM-TO-OCN: InitializeIPDv05p2a intro.
20220906 104625.551 INFO             PET2       ATM-TO-OCN:      importStandardNameList(i=  1): air_pressure_at_sea_level
20220906 104625.551 INFO             PET2       ATM-TO-OCN:         importNamespaceList(i=  1): ATM
20220906 104625.551 INFO             PET2       ATM-TO-OCN:            importCplSetList(i=  1): __UNSPECIFIED__
20220906 104625.551 INFO             PET2       ATM-TO-OCN:      exportStandardNameList(j=  1): air_pressure_at_sea_level
20220906 104625.551 INFO             PET2       ATM-TO-OCN:         exportNamespaceList(j=  1): OCN
20220906 104625.551 INFO             PET2       ATM-TO-OCN:            exportCplSetList(j=  1): __UNSPECIFIED__
20220906 104625.551 INFO             PET2       ATM-TO-OCN: bondLevel= 1
20220906 104625.551 INFO             PET2       ATM-TO-OCN: ProducerConnection (bondLevelMax):         1
20220906 104625.551 INFO             PET2       ATM-TO-OCN:      importStandardNameList(i=  2): surface_net_downward_shortwave_flux
20220906 104625.551 INFO             PET2       ATM-TO-OCN:         importNamespaceList(i=  2): ATM
20220906 104625.551 INFO             PET2       ATM-TO-OCN:            importCplSetList(i=  2): __UNSPECIFIED__
20220906 104625.551 INFO             PET2       ATM-TO-OCN:      exportStandardNameList(j=  2): surface_net_downward_shortwave_flux
20220906 104625.551 INFO             PET2       ATM-TO-OCN:         exportNamespaceList(j=  2): OCN
20220906 104625.551 INFO             PET2       ATM-TO-OCN:            exportCplSetList(j=  2): __UNSPECIFIED__
20220906 104625.552 INFO             PET2       ATM-TO-OCN: bondLevel= 1
20220906 104625.552 INFO             PET2       ATM-TO-OCN: ProducerConnection (bondLevelMax):         1
20220906 104625.552 INFO             PET2     ATM-TO-OCN: InitializeIPDv05p2a extro.
20220906 104625.552 INFO             PET2     OCN-TO-ATM: InitializeIPDv05p2a intro.
20220906 104625.557 INFO             PET2       OCN-TO-ATM:      importStandardNameList(i=  1): sea_surface_temperature
20220906 104625.557 INFO             PET2       OCN-TO-ATM:         importNamespaceList(i=  1): OCN
20220906 104625.557 INFO             PET2       OCN-TO-ATM:            importCplSetList(i=  1): __UNSPECIFIED__
20220906 104625.557 INFO             PET2       OCN-TO-ATM:      exportStandardNameList(j=  1): sea_surface_temperature
20220906 104625.557 INFO             PET2       OCN-TO-ATM:         exportNamespaceList(j=  1): ATM
20220906 104625.557 INFO             PET2       OCN-TO-ATM:            exportCplSetList(j=  1): __UNSPECIFIED__
20220906 104625.557 INFO             PET2       OCN-TO-ATM: bondLevel= 1
20220906 104625.557 INFO             PET2       OCN-TO-ATM: ProducerConnection (bondLevelMax):         1
20220906 104625.557 INFO             PET2     OCN-TO-ATM: InitializeIPDv05p2a extro.
20220906 104625.557 INFO             PET2     ATM-TO-OCN: InitializeIPDv05p2b intro.
20220906 104625.565 INFO             PET2       ATM-TO-OCN:      importStandardNameList(i=  1): air_pressure_at_sea_level
20220906 104625.565 INFO             PET2       ATM-TO-OCN:         importNamespaceList(i=  1): ATM
20220906 104625.565 INFO             PET2       ATM-TO-OCN:            importCplSetList(i=  1): __UNSPECIFIED__
20220906 104625.565 INFO             PET2       ATM-TO-OCN:      exportStandardNameList(j=  1): air_pressure_at_sea_level
20220906 104625.565 INFO             PET2       ATM-TO-OCN:         exportNamespaceList(j=  1): OCN
20220906 104625.565 INFO             PET2       ATM-TO-OCN:            exportCplSetList(j=  1): __UNSPECIFIED__
20220906 104625.565 INFO             PET2       ATM-TO-OCN: bondLevel= 1
20220906 104625.565 INFO             PET2       ATM-TO-OCN: => added cplList(  1)=air_pressure_at_sea_level, cplSetList(  1)=__UNSPECIFIED__
20220906 104625.565 INFO             PET2       ATM-TO-OCN:      importStandardNameList(i=  2): surface_net_downward_shortwave_flux
20220906 104625.565 INFO             PET2       ATM-TO-OCN:         importNamespaceList(i=  2): ATM
20220906 104625.565 INFO             PET2       ATM-TO-OCN:            importCplSetList(i=  2): __UNSPECIFIED__
20220906 104625.565 INFO             PET2       ATM-TO-OCN:      exportStandardNameList(j=  2): surface_net_downward_shortwave_flux
20220906 104625.565 INFO             PET2       ATM-TO-OCN:         exportNamespaceList(j=  2): OCN
20220906 104625.565 INFO             PET2       ATM-TO-OCN:            exportCplSetList(j=  2): __UNSPECIFIED__
20220906 104625.565 INFO             PET2       ATM-TO-OCN: bondLevel= 1
20220906 104625.565 INFO             PET2       ATM-TO-OCN: => added cplList(  2)=surface_net_downward_shortwave_flux, cplSetList(  2)=__UNSPECIFIED__
20220906 104625.565 INFO             PET2     ATM-TO-OCN: InitializeIPDv05p2b extro.
20220906 104625.566 INFO             PET2     OCN-TO-ATM: InitializeIPDv05p2b intro.
20220906 104625.571 INFO             PET2       OCN-TO-ATM:      importStandardNameList(i=  1): sea_surface_temperature
20220906 104625.571 INFO             PET2       OCN-TO-ATM:         importNamespaceList(i=  1): OCN
20220906 104625.571 INFO             PET2       OCN-TO-ATM:            importCplSetList(i=  1): __UNSPECIFIED__
20220906 104625.571 INFO             PET2       OCN-TO-ATM:      exportStandardNameList(j=  1): sea_surface_temperature
20220906 104625.571 INFO             PET2       OCN-TO-ATM:         exportNamespaceList(j=  1): ATM
20220906 104625.571 INFO             PET2       OCN-TO-ATM:            exportCplSetList(j=  1): __UNSPECIFIED__
20220906 104625.571 INFO             PET2       OCN-TO-ATM: bondLevel= 1
20220906 104625.571 INFO             PET2       OCN-TO-ATM: => added cplList(  1)=sea_surface_temperature, cplSetList(  1)=__UNSPECIFIED__
20220906 104625.571 INFO             PET2     OCN-TO-ATM: InitializeIPDv05p2b extro.
20220906 104625.571 INFO             PET2     esm: IInitModifyCplLists intro.
20220906 104625.571 INFO             PET2     esm: IInitModifyCplLists extro.
20220906 104625.572 INFO             PET2     ATM-TO-OCN: InitializeIPDv05p3 intro.
20220906 104625.580 INFO             PET2       ATM-TO-OCN: handle cplList(1): air_pressure_at_sea_level, cplSetList(1): __UNSPECIFIED__
20220906 104625.580 INFO             PET2       ATM-TO-OCN: - connected.
20220906 104625.580 INFO             PET2       ATM-TO-OCN: - both sides must provide the Field/GeomObject.
20220906 104625.580 INFO             PET2       ATM-TO-OCN: handle cplList(2): surface_net_downward_shortwave_flux, cplSetList(2): __UNSPECIFIED__
20220906 104625.580 INFO             PET2       ATM-TO-OCN: - connected.
20220906 104625.580 INFO             PET2       ATM-TO-OCN: - both sides must provide the Field/GeomObject.
20220906 104625.580 INFO             PET2     ATM-TO-OCN: InitializeIPDv05p3 extro.
20220906 104625.580 INFO             PET2     OCN-TO-ATM: InitializeIPDv05p3 intro.
20220906 104625.586 INFO             PET2       OCN-TO-ATM: handle cplList(1): sea_surface_temperature, cplSetList(1): __UNSPECIFIED__
20220906 104625.586 INFO             PET2       OCN-TO-ATM: - connected.
20220906 104625.586 INFO             PET2       OCN-TO-ATM: - both sides must provide the Field/GeomObject.
20220906 104625.586 INFO             PET2     OCN-TO-ATM: InitializeIPDv05p3 extro.
20220906 104625.586 INFO             PET2     <<<esm: leaving Initialize (phase=<none>) with current time: 2010  6  1  0  0  0   0
20220906 104625.586 INFO             PET2   esm: InitializeIPDv02p1 extro.
20220906 104625.586 INFO             PET2   esm: InitializeIPDv02p3 intro.
20220906 104625.586 INFO             PET2     >>>esm: entered Initialize (phase=<none>) with current time: 2010  6  1  0  0  0   0
20220906 104625.587 INFO             PET2     esm: IInitCheck intro.
20220906 104625.587 INFO             PET2     esm: IInitCheck extro.
20220906 104625.595 INFO             PET2     OCN: InitializeIPDvXp04 intro.
20220906 104625.602 INFO             PET2     OCN: InitializeIPDvXp04 extro.
20220906 104625.603 INFO             PET2     ATM-TO-OCN: InitializeIPDv05p4 intro.
20220906 104625.616 INFO             PET2       ATM-TO-OCN: handle cplList(1): air_pressure_at_sea_level, cplSetList(1): __UNSPECIFIED__
20220906 104625.616 INFO             PET2       ATM-TO-OCN: - nothing shared or transferred
20220906 104625.616 INFO             PET2       ATM-TO-OCN: handle cplList(2): surface_net_downward_shortwave_flux, cplSetList(2): __UNSPECIFIED__
20220906 104625.616 INFO             PET2       ATM-TO-OCN: - nothing shared or transferred
20220906 104625.616 INFO             PET2     ATM-TO-OCN: InitializeIPDv05p4 extro.
20220906 104625.616 INFO             PET2     OCN-TO-ATM: InitializeIPDv05p4 intro.
20220906 104625.624 INFO             PET2       OCN-TO-ATM: handle cplList(1): sea_surface_temperature, cplSetList(1): __UNSPECIFIED__
20220906 104625.624 INFO             PET2       OCN-TO-ATM: - nothing shared or transferred
20220906 104625.624 INFO             PET2     OCN-TO-ATM: InitializeIPDv05p4 extro.
20220906 104625.625 INFO             PET2     ATM-TO-OCN: InitializeIPDv05p5 intro.
20220906 104625.637 INFO             PET2       ATM-TO-OCN: handle cplList(1): air_pressure_at_sea_level, cplSetList(1): __UNSPECIFIED__
20220906 104625.637 INFO             PET2       ATM-TO-OCN: - nothing shared or transferred, or may already be handled
20220906 104625.637 INFO             PET2       ATM-TO-OCN: handle cplList(2): surface_net_downward_shortwave_flux, cplSetList(2): __UNSPECIFIED__
20220906 104625.637 INFO             PET2       ATM-TO-OCN: - nothing shared or transferred, or may already be handled
20220906 104625.637 INFO             PET2     ATM-TO-OCN: InitializeIPDv05p5 extro.
20220906 104625.637 INFO             PET2     OCN-TO-ATM: InitializeIPDv05p5 intro.
20220906 104625.645 INFO             PET2       OCN-TO-ATM: handle cplList(1): sea_surface_temperature, cplSetList(1): __UNSPECIFIED__
20220906 104625.645 INFO             PET2       OCN-TO-ATM: - nothing shared or transferred, or may already be handled
20220906 104625.645 INFO             PET2     OCN-TO-ATM: InitializeIPDv05p5 extro.
20220906 104625.645 INFO             PET2     esm: IInitRealize intro.
20220906 104625.645 INFO             PET2     esm: IInitRealize extro.
20220906 104625.646 INFO             PET2     ATM-TO-OCN: InitializeIPDv05p6a intro.
20220906 104625.466 INFO             PET3 !!!!!!!!!!!!!!!!!!!!!!!!!!!!!!!!!!!!!!!!!!!!!!!!!!!!!!
20220906 104625.466 INFO             PET3 !!! THE ESMF_LOG IS SET TO OUTPUT ALL LOG MESSAGES !!!
20220906 104625.466 INFO             PET3 !!!     THIS MAY CAUSE SLOWDOWN IN PERFORMANCE     !!!
20220906 104625.466 INFO             PET3 !!! FOR PRODUCTION RUNS, USE:                      !!!
20220906 104625.466 INFO             PET3 !!!                   ESMF_LOGKIND_Multi_On_Error  !!!
20220906 104625.466 INFO             PET3 !!!!!!!!!!!!!!!!!!!!!!!!!!!!!!!!!!!!!!!!!!!!!!!!!!!!!!
20220906 104625.466 INFO             PET3 Running with ESMF Version   : v8.4.0b12-3-gfd0845b833
20220906 104625.466 INFO             PET3 ESMF library build date/time: "Sep  6 2022" "09:40:12"
20220906 104625.466 INFO             PET3 ESMF library build location : /glade/scratch/dunlap/esmf-testing/nvhpc_21.11_openmpi_g_develop/esmf
20220906 104625.466 INFO             PET3 ESMF_COMM                   : openmpi
20220906 104625.466 INFO             PET3 ESMF_MOAB                   : enabled
20220906 104625.466 INFO             PET3 ESMF_LAPACK                 : enabled
20220906 104625.466 INFO             PET3 ESMF_NETCDF                 : enabled
20220906 104625.466 INFO             PET3 ESMF_PNETCDF                : disabled
20220906 104625.466 INFO             PET3 ESMF_PIO                    : enabled
20220906 104625.466 INFO             PET3 ESMF_YAMLCPP                : enabled
20220906 104625.466 INFO             PET3 esmApp STARTING
20220906 104625.473 INFO             PET3 esm: InitializeGeneric intro.
20220906 104625.473 INFO             PET3   esm: InitializeP0 intro.
20220906 104625.473 INFO             PET3   esm: InitializeP0 extro.
20220906 104625.473 INFO             PET3   esm: InitializeIPDv02p1 intro.
20220906 104625.474 INFO             PET3     >>>esm: entered Initialize (phase=<none>) without valid internal Clock.
20220906 104625.474 INFO             PET3     esm - Creating model component ATM with petList of size 2 :
20220906 104625.474 INFO             PET3           0      1
20220906 104625.479 INFO             PET3     esm - Creating model component OCN with petList of size 2 :
20220906 104625.479 INFO             PET3           2      3
20220906 104625.485 INFO             PET3     esm - Creating state: modelComp 1 Import State
20220906 104625.485 INFO             PET3     esm - Creating state: modelComp 1 Export State
20220906 104625.485 INFO             PET3     esm - Creating state: modelComp 2 Import State
20220906 104625.485 INFO             PET3     esm - Creating state: modelComp 2 Export State
20220906 104625.488 INFO             PET3     OCN: InitializeP0 intro.
20220906 104625.489 INFO             PET3     OCN: InitializeP0 extro.
20220906 104625.491 INFO             PET3     esm - Creating connector component OCN-TO-ATM with petList of size 4 :
20220906 104625.491 INFO             PET3           2      3      0      1
20220906 104625.501 INFO             PET3     esm - Setting Verbosity on created component to: high
20220906 104625.501 INFO             PET3     esm - Setting Profiling on created component to:          0
20220906 104625.501 INFO             PET3     esm - Creating connector component ATM-TO-OCN with petList of size 4 :
20220906 104625.501 INFO             PET3           0      1      2      3
20220906 104625.511 INFO             PET3     esm - Setting Verbosity on created component to: high
20220906 104625.511 INFO             PET3     esm - Setting Profiling on created component to:          0
20220906 104625.515 INFO             PET3     esm: IInitAdvertise intro.
20220906 104625.515 INFO             PET3     esm: IInitAdvertise extro.
20220906 104625.521 INFO             PET3     OCN: InitializeIPDvXp01 intro.
20220906 104625.525 INFO             PET3     OCN: InitializeIPDvXp01 extro.
20220906 104625.527 INFO             PET3     ATM-TO-OCN: InitializeIPDv05p1 intro.
20220906 104625.535 INFO             PET3       ATM-TO-OCN: importState FieldTransferPolicy = transferNone
20220906 104625.537 INFO             PET3       ATM-TO-OCN: exportState FieldTransferPolicy = transferNone
20220906 104625.537 INFO             PET3     ATM-TO-OCN: InitializeIPDv05p1 extro.
20220906 104625.537 INFO             PET3     OCN-TO-ATM: InitializeIPDv05p1 intro.
20220906 104625.543 INFO             PET3       OCN-TO-ATM: importState FieldTransferPolicy = transferNone
20220906 104625.543 INFO             PET3       OCN-TO-ATM: exportState FieldTransferPolicy = transferNone
20220906 104625.543 INFO             PET3     OCN-TO-ATM: InitializeIPDv05p1 extro.
20220906 104625.543 INFO             PET3     esm: IInitAdvertiseFinish intro.
20220906 104625.543 INFO             PET3     esm: IInitAdvertiseFinish extro.
20220906 104625.543 INFO             PET3     ATM-TO-OCN: InitializeIPDv05p2a intro.
20220906 104625.551 INFO             PET3       ATM-TO-OCN:      importStandardNameList(i=  1): air_pressure_at_sea_level
20220906 104625.551 INFO             PET3       ATM-TO-OCN:         importNamespaceList(i=  1): ATM
20220906 104625.551 INFO             PET3       ATM-TO-OCN:            importCplSetList(i=  1): __UNSPECIFIED__
20220906 104625.551 INFO             PET3       ATM-TO-OCN:      exportStandardNameList(j=  1): air_pressure_at_sea_level
20220906 104625.551 INFO             PET3       ATM-TO-OCN:         exportNamespaceList(j=  1): OCN
20220906 104625.551 INFO             PET3       ATM-TO-OCN:            exportCplSetList(j=  1): __UNSPECIFIED__
20220906 104625.551 INFO             PET3       ATM-TO-OCN: bondLevel= 1
20220906 104625.551 INFO             PET3       ATM-TO-OCN: ProducerConnection (bondLevelMax):         1
20220906 104625.551 INFO             PET3       ATM-TO-OCN:      importStandardNameList(i=  2): surface_net_downward_shortwave_flux
20220906 104625.551 INFO             PET3       ATM-TO-OCN:         importNamespaceList(i=  2): ATM
20220906 104625.551 INFO             PET3       ATM-TO-OCN:            importCplSetList(i=  2): __UNSPECIFIED__
20220906 104625.551 INFO             PET3       ATM-TO-OCN:      exportStandardNameList(j=  2): surface_net_downward_shortwave_flux
20220906 104625.551 INFO             PET3       ATM-TO-OCN:         exportNamespaceList(j=  2): OCN
20220906 104625.551 INFO             PET3       ATM-TO-OCN:            exportCplSetList(j=  2): __UNSPECIFIED__
20220906 104625.551 INFO             PET3       ATM-TO-OCN: bondLevel= 1
20220906 104625.551 INFO             PET3       ATM-TO-OCN: ProducerConnection (bondLevelMax):         1
20220906 104625.551 INFO             PET3     ATM-TO-OCN: InitializeIPDv05p2a extro.
20220906 104625.552 INFO             PET3     OCN-TO-ATM: InitializeIPDv05p2a intro.
20220906 104625.557 INFO             PET3       OCN-TO-ATM:      importStandardNameList(i=  1): sea_surface_temperature
20220906 104625.557 INFO             PET3       OCN-TO-ATM:         importNamespaceList(i=  1): OCN
20220906 104625.557 INFO             PET3       OCN-TO-ATM:            importCplSetList(i=  1): __UNSPECIFIED__
20220906 104625.557 INFO             PET3       OCN-TO-ATM:      exportStandardNameList(j=  1): sea_surface_temperature
20220906 104625.557 INFO             PET3       OCN-TO-ATM:         exportNamespaceList(j=  1): ATM
20220906 104625.557 INFO             PET3       OCN-TO-ATM:            exportCplSetList(j=  1): __UNSPECIFIED__
20220906 104625.557 INFO             PET3       OCN-TO-ATM: bondLevel= 1
20220906 104625.557 INFO             PET3       OCN-TO-ATM: ProducerConnection (bondLevelMax):         1
20220906 104625.557 INFO             PET3     OCN-TO-ATM: InitializeIPDv05p2a extro.
20220906 104625.557 INFO             PET3     ATM-TO-OCN: InitializeIPDv05p2b intro.
20220906 104625.565 INFO             PET3       ATM-TO-OCN:      importStandardNameList(i=  1): air_pressure_at_sea_level
20220906 104625.565 INFO             PET3       ATM-TO-OCN:         importNamespaceList(i=  1): ATM
20220906 104625.565 INFO             PET3       ATM-TO-OCN:            importCplSetList(i=  1): __UNSPECIFIED__
20220906 104625.565 INFO             PET3       ATM-TO-OCN:      exportStandardNameList(j=  1): air_pressure_at_sea_level
20220906 104625.565 INFO             PET3       ATM-TO-OCN:         exportNamespaceList(j=  1): OCN
20220906 104625.565 INFO             PET3       ATM-TO-OCN:            exportCplSetList(j=  1): __UNSPECIFIED__
20220906 104625.565 INFO             PET3       ATM-TO-OCN: bondLevel= 1
20220906 104625.565 INFO             PET3       ATM-TO-OCN: => added cplList(  1)=air_pressure_at_sea_level, cplSetList(  1)=__UNSPECIFIED__
20220906 104625.565 INFO             PET3       ATM-TO-OCN:      importStandardNameList(i=  2): surface_net_downward_shortwave_flux
20220906 104625.565 INFO             PET3       ATM-TO-OCN:         importNamespaceList(i=  2): ATM
20220906 104625.565 INFO             PET3       ATM-TO-OCN:            importCplSetList(i=  2): __UNSPECIFIED__
20220906 104625.565 INFO             PET3       ATM-TO-OCN:      exportStandardNameList(j=  2): surface_net_downward_shortwave_flux
20220906 104625.565 INFO             PET3       ATM-TO-OCN:         exportNamespaceList(j=  2): OCN
20220906 104625.565 INFO             PET3       ATM-TO-OCN:            exportCplSetList(j=  2): __UNSPECIFIED__
20220906 104625.565 INFO             PET3       ATM-TO-OCN: bondLevel= 1
20220906 104625.565 INFO             PET3       ATM-TO-OCN: => added cplList(  2)=surface_net_downward_shortwave_flux, cplSetList(  2)=__UNSPECIFIED__
20220906 104625.565 INFO             PET3     ATM-TO-OCN: InitializeIPDv05p2b extro.
20220906 104625.566 INFO             PET3     OCN-TO-ATM: InitializeIPDv05p2b intro.
20220906 104625.571 INFO             PET3       OCN-TO-ATM:      importStandardNameList(i=  1): sea_surface_temperature
20220906 104625.571 INFO             PET3       OCN-TO-ATM:         importNamespaceList(i=  1): OCN
20220906 104625.571 INFO             PET3       OCN-TO-ATM:            importCplSetList(i=  1): __UNSPECIFIED__
20220906 104625.571 INFO             PET3       OCN-TO-ATM:      exportStandardNameList(j=  1): sea_surface_temperature
20220906 104625.571 INFO             PET3       OCN-TO-ATM:         exportNamespaceList(j=  1): ATM
20220906 104625.571 INFO             PET3       OCN-TO-ATM:            exportCplSetList(j=  1): __UNSPECIFIED__
20220906 104625.571 INFO             PET3       OCN-TO-ATM: bondLevel= 1
20220906 104625.571 INFO             PET3       OCN-TO-ATM: => added cplList(  1)=sea_surface_temperature, cplSetList(  1)=__UNSPECIFIED__
20220906 104625.571 INFO             PET3     OCN-TO-ATM: InitializeIPDv05p2b extro.
20220906 104625.571 INFO             PET3     esm: IInitModifyCplLists intro.
20220906 104625.571 INFO             PET3     esm: IInitModifyCplLists extro.
20220906 104625.572 INFO             PET3     ATM-TO-OCN: InitializeIPDv05p3 intro.
20220906 104625.580 INFO             PET3       ATM-TO-OCN: handle cplList(1): air_pressure_at_sea_level, cplSetList(1): __UNSPECIFIED__
20220906 104625.580 INFO             PET3       ATM-TO-OCN: - connected.
20220906 104625.580 INFO             PET3       ATM-TO-OCN: - both sides must provide the Field/GeomObject.
20220906 104625.580 INFO             PET3       ATM-TO-OCN: handle cplList(2): surface_net_downward_shortwave_flux, cplSetList(2): __UNSPECIFIED__
20220906 104625.580 INFO             PET3       ATM-TO-OCN: - connected.
20220906 104625.580 INFO             PET3       ATM-TO-OCN: - both sides must provide the Field/GeomObject.
20220906 104625.580 INFO             PET3     ATM-TO-OCN: InitializeIPDv05p3 extro.
20220906 104625.580 INFO             PET3     OCN-TO-ATM: InitializeIPDv05p3 intro.
20220906 104625.586 INFO             PET3       OCN-TO-ATM: handle cplList(1): sea_surface_temperature, cplSetList(1): __UNSPECIFIED__
20220906 104625.586 INFO             PET3       OCN-TO-ATM: - connected.
20220906 104625.586 INFO             PET3       OCN-TO-ATM: - both sides must provide the Field/GeomObject.
20220906 104625.586 INFO             PET3     OCN-TO-ATM: InitializeIPDv05p3 extro.
20220906 104625.586 INFO             PET3     <<<esm: leaving Initialize (phase=<none>) with current time: 2010  6  1  0  0  0   0
20220906 104625.586 INFO             PET3   esm: InitializeIPDv02p1 extro.
20220906 104625.586 INFO             PET3   esm: InitializeIPDv02p3 intro.
20220906 104625.586 INFO             PET3     >>>esm: entered Initialize (phase=<none>) with current time: 2010  6  1  0  0  0   0
20220906 104625.587 INFO             PET3     esm: IInitCheck intro.
20220906 104625.587 INFO             PET3     esm: IInitCheck extro.
20220906 104625.595 INFO             PET3     OCN: InitializeIPDvXp04 intro.
20220906 104625.602 INFO             PET3     OCN: InitializeIPDvXp04 extro.
20220906 104625.603 INFO             PET3     ATM-TO-OCN: InitializeIPDv05p4 intro.
20220906 104625.616 INFO             PET3       ATM-TO-OCN: handle cplList(1): air_pressure_at_sea_level, cplSetList(1): __UNSPECIFIED__
20220906 104625.616 INFO             PET3       ATM-TO-OCN: - nothing shared or transferred
20220906 104625.616 INFO             PET3       ATM-TO-OCN: handle cplList(2): surface_net_downward_shortwave_flux, cplSetList(2): __UNSPECIFIED__
20220906 104625.616 INFO             PET3       ATM-TO-OCN: - nothing shared or transferred
20220906 104625.616 INFO             PET3     ATM-TO-OCN: InitializeIPDv05p4 extro.
20220906 104625.616 INFO             PET3     OCN-TO-ATM: InitializeIPDv05p4 intro.
20220906 104625.624 INFO             PET3       OCN-TO-ATM: handle cplList(1): sea_surface_temperature, cplSetList(1): __UNSPECIFIED__
20220906 104625.624 INFO             PET3       OCN-TO-ATM: - nothing shared or transferred
20220906 104625.624 INFO             PET3     OCN-TO-ATM: InitializeIPDv05p4 extro.
20220906 104625.625 INFO             PET3     ATM-TO-OCN: InitializeIPDv05p5 intro.
20220906 104625.637 INFO             PET3       ATM-TO-OCN: handle cplList(1): air_pressure_at_sea_level, cplSetList(1): __UNSPECIFIED__
20220906 104625.637 INFO             PET3       ATM-TO-OCN: - nothing shared or transferred, or may already be handled
20220906 104625.637 INFO             PET3       ATM-TO-OCN: handle cplList(2): surface_net_downward_shortwave_flux, cplSetList(2): __UNSPECIFIED__
20220906 104625.637 INFO             PET3       ATM-TO-OCN: - nothing shared or transferred, or may already be handled
20220906 104625.637 INFO             PET3     ATM-TO-OCN: InitializeIPDv05p5 extro.
20220906 104625.637 INFO             PET3     OCN-TO-ATM: InitializeIPDv05p5 intro.
20220906 104625.645 INFO             PET3       OCN-TO-ATM: handle cplList(1): sea_surface_temperature, cplSetList(1): __UNSPECIFIED__
20220906 104625.645 INFO             PET3       OCN-TO-ATM: - nothing shared or transferred, or may already be handled
20220906 104625.645 INFO             PET3     OCN-TO-ATM: InitializeIPDv05p5 extro.
20220906 104625.645 INFO             PET3     esm: IInitRealize intro.
20220906 104625.645 INFO             PET3     esm: IInitRealize extro.
20220906 104625.646 INFO             PET3     ATM-TO-OCN: InitializeIPDv05p6a intro.
