2022-09-05 09:38:28
[r9i1n9:676  :0:676] Caught signal 11 (Segmentation fault: address not mapped to object at address 0x4f1b591)
[r9i1n9:677  :0:677] Caught signal 11 (Segmentation fault: address not mapped to object at address 0x4f1b591)
[r9i1n9:678  :0:678] Caught signal 11 (Segmentation fault: address not mapped to object at address 0x4f1b591)
[r9i1n9:679  :0:679] Caught signal 11 (Segmentation fault: address not mapped to object at address 0x4f1b591)
==== backtrace (tid:    676) ====
 0  /glade/u/apps/ch/opt/ucx/1.11.0/lib/libucs.so.0(ucs_handle_error+0xe4) [0x2ba2f9f451b4]
 1  /glade/u/apps/ch/opt/ucx/1.11.0/lib/libucs.so.0(+0x2a4dc) [0x2ba2f9f454dc]
 2  /glade/u/apps/ch/opt/ucx/1.11.0/lib/libucs.so.0(+0x2a74b) [0x2ba2f9f4574b]
 3  /glade/scratch/dunlap/esmf-testing/nvhpc_21.11_openmpi_g_develop/esmf/DEFAULTINSTALLDIR/lib/libg/Linux.nvhpc.64.openmpi.default/libesmf.so(_ZN5ESMCI6LogErr13MsgFoundErrorEiPKciS2_S2_Pi+0x34) [0x2ba2e006f734]
 4  /glade/scratch/dunlap/esmf-testing/nvhpc_21.11_openmpi_g_develop/esmf/DEFAULTINSTALLDIR/lib/libg/Linux.nvhpc.64.openmpi.default/libesmf.so(_ZN5ESMCI7MeshCap22meshcreatenodedistgridEPi+0x7f) [0x2ba2e0290ebf]
 5  /glade/scratch/dunlap/esmf-testing/nvhpc_21.11_openmpi_g_develop/esmf/DEFAULTINSTALLDIR/lib/libg/Linux.nvhpc.64.openmpi.default/libesmf.so(c_esmc_meshcreatenodedistgrid_+0xc1) [0x2ba2e02e4181]
 6  /glade/scratch/dunlap/esmf-testing/nvhpc_21.11_openmpi_g_develop/esmf/DEFAULTINSTALLDIR/lib/libg/Linux.nvhpc.64.openmpi.default/libesmf.so(esmf_meshmod_esmf_meshcreatefrompointer_+0x6d) [0x2ba2e0fc85ad]
 7  /glade/scratch/dunlap/esmf-testing/nvhpc_21.11_openmpi_g_develop/esmf/DEFAULTINSTALLDIR/lib/libg/Linux.nvhpc.64.openmpi.default/libesmf.so(esmf_gridutilmod_esmf_gridtomesh_+0x52d) [0x2ba2e0e23fed]
 8  /glade/scratch/dunlap/esmf-testing/nvhpc_21.11_openmpi_g_develop/esmf/DEFAULTINSTALLDIR/lib/libg/Linux.nvhpc.64.openmpi.default/libesmf.so(esmf_fieldregridmod_b_or_p_gridtomesh_+0x5a8) [0x2ba2e0ce38a8]
 9  /glade/scratch/dunlap/esmf-testing/nvhpc_21.11_openmpi_g_develop/esmf/DEFAULTINSTALLDIR/lib/libg/Linux.nvhpc.64.openmpi.default/libesmf.so(esmf_fieldregridmod_getmeshwithnodesonfieldloc_+0x55e) [0x2ba2e0cded5e]
10  /glade/scratch/dunlap/esmf-testing/nvhpc_21.11_openmpi_g_develop/esmf/DEFAULTINSTALLDIR/lib/libg/Linux.nvhpc.64.openmpi.default/libesmf.so(esmf_fieldregridmod_esmf_fieldregridstorenx_+0xf81) [0x2ba2e0cdc881]
==== backtrace (tid:    678) ====
 0  /glade/u/apps/ch/opt/ucx/1.11.0/lib/libucs.so.0(ucs_handle_error+0xe4) [0x2b26c21491b4]
 1  /glade/u/apps/ch/opt/ucx/1.11.0/lib/libucs.so.0(+0x2a4dc) [0x2b26c21494dc]
 2  /glade/u/apps/ch/opt/ucx/1.11.0/lib/libucs.so.0(+0x2a74b) [0x2b26c214974b]
11  /glade/scratch/dunlap/esmf-testing/nvhpc_21.11_openmpi_g_develop/esmf/DEFAULTINSTALLDIR/lib/libg/Linux.nvhpc.64.openmpi.default/libesmf.so(nuopc_connector_fieldbundlecplstore_+0x11746) [0x2ba2e143bfc6]
12  /glade/scratch/dunlap/esmf-testing/nvhpc_21.11_openmpi_g_develop/esmf/DEFAULTINSTALLDIR/lib/libg/Linux.nvhpc.64.openmpi.default/libesmf.so(nuopc_connector_initializeipdv05p6b_+0x7a35) [0x2ba2e1416975]
13  /glade/scratch/dunlap/esmf-testing/nvhpc_21.11_openmpi_g_develop/esmf/DEFAULTINSTALLDIR/lib/libg/Linux.nvhpc.64.openmpi.default/libesmf.so(_ZN5ESMCI6FTable12callVFuncPtrEPKcPNS_2VMEPi+0xc3c) [0x2ba2dfebcbbc]
14  /glade/scratch/dunlap/esmf-testing/nvhpc_21.11_openmpi_g_develop/esmf/DEFAULTINSTALLDIR/lib/libg/Linux.nvhpc.64.openmpi.default/libesmf.so(ESMCI_FTableCallEntryPointVMHop+0x293) [0x2ba2dfeb7e13]
15  /glade/scratch/dunlap/esmf-testing/nvhpc_21.11_openmpi_g_develop/esmf/DEFAULTINSTALLDIR/lib/libg/Linux.nvhpc.64.openmpi.default/libesmf.so(_ZN5ESMCI3VMK5enterEPNS_7VMKPlanEPvS3_+0xbb) [0x2ba2e0712efb]
16  /glade/scratch/dunlap/esmf-testing/nvhpc_21.11_openmpi_g_develop/esmf/DEFAULTINSTALLDIR/lib/libg/Linux.nvhpc.64.openmpi.default/libesmf.so(_ZN5ESMCI2VM5enterEPNS_6VMPlanEPvS3_+0xbe) [0x2ba2e073c47e]
17  /glade/scratch/dunlap/esmf-testing/nvhpc_21.11_openmpi_g_develop/esmf/DEFAULTINSTALLDIR/lib/libg/Linux.nvhpc.64.openmpi.default/libesmf.so(c_esmc_ftablecallentrypointvm_+0x393) [0x2ba2dfeb82d3]
18  /glade/scratch/dunlap/esmf-testing/nvhpc_21.11_openmpi_g_develop/esmf/DEFAULTINSTALLDIR/lib/libg/Linux.nvhpc.64.openmpi.default/libesmf.so(esmf_compmod_esmf_compexecute_+0xab0) [0x2ba2e0a684b0]
 3  /glade/scratch/dunlap/esmf-testing/nvhpc_21.11_openmpi_g_develop/esmf/DEFAULTINSTALLDIR/lib/libg/Linux.nvhpc.64.openmpi.default/libesmf.so(_ZN5ESMCI6LogErr13MsgFoundErrorEiPKciS2_S2_Pi+0x34) [0x2b26a84a6734]
 4  /glade/scratch/dunlap/esmf-testing/nvhpc_21.11_openmpi_g_develop/esmf/DEFAULTINSTALLDIR/lib/libg/Linux.nvhpc.64.openmpi.default/libesmf.so(_ZN5ESMCI7MeshCap22meshcreatenodedistgridEPi+0x7f) [0x2b26a86c7ebf]
 5  /glade/scratch/dunlap/esmf-testing/nvhpc_21.11_openmpi_g_develop/esmf/DEFAULTINSTALLDIR/lib/libg/Linux.nvhpc.64.openmpi.default/libesmf.so(c_esmc_meshcreatenodedistgrid_+0xc1) [0x2b26a871b181]
 6  /glade/scratch/dunlap/esmf-testing/nvhpc_21.11_openmpi_g_develop/esmf/DEFAULTINSTALLDIR/lib/libg/Linux.nvhpc.64.openmpi.default/libesmf.so(esmf_meshmod_esmf_meshcreatefrompointer_+0x6d) [0x2b26a93ff5ad]
 7  /glade/scratch/dunlap/esmf-testing/nvhpc_21.11_openmpi_g_develop/esmf/DEFAULTINSTALLDIR/lib/libg/Linux.nvhpc.64.openmpi.default/libesmf.so(esmf_gridutilmod_esmf_gridtomesh_+0x52d) [0x2b26a925afed]
 8  /glade/scratch/dunlap/esmf-testing/nvhpc_21.11_openmpi_g_develop/esmf/DEFAULTINSTALLDIR/lib/libg/Linux.nvhpc.64.openmpi.default/libesmf.so(esmf_fieldregridmod_b_or_p_gridtomesh_+0x5a8) [0x2b26a911a8a8]
 9  /glade/scratch/dunlap/esmf-testing/nvhpc_21.11_openmpi_g_develop/esmf/DEFAULTINSTALLDIR/lib/libg/Linux.nvhpc.64.openmpi.default/libesmf.so(esmf_fieldregridmod_getmeshwithnodesonfieldloc_+0x55e) [0x2b26a9115d5e]
10  /glade/scratch/dunlap/esmf-testing/nvhpc_21.11_openmpi_g_develop/esmf/DEFAULTINSTALLDIR/lib/libg/Linux.nvhpc.64.openmpi.default/libesmf.so(esmf_fieldregridmod_esmf_fieldregridstorenx_+0xf81) [0x2b26a9113881]
11  /glade/scratch/dunlap/esmf-testing/nvhpc_21.11_openmpi_g_develop/esmf/DEFAULTINSTALLDIR/lib/libg/Linux.nvhpc.64.openmpi.default/libesmf.so(nuopc_connector_fieldbundlecplstore_+0x11746) [0x2b26a9872fc6]
12  /glade/scratch/dunlap/esmf-testing/nvhpc_21.11_openmpi_g_develop/esmf/DEFAULTINSTALLDIR/lib/libg/Linux.nvhpc.64.openmpi.default/libesmf.so(nuopc_connector_initializeipdv05p6b_+0x7a35) [0x2b26a984d975]
19  /glade/scratch/dunlap/esmf-testing/nvhpc_21.11_openmpi_g_develop/esmf/DEFAULTINSTALLDIR/lib/libg/Linux.nvhpc.64.openmpi.default/libesmf.so(esmf_cplcompmod_esmf_cplcompinitialize_+0x1de) [0x2ba2e0a8169e]
20  /glade/scratch/dunlap/esmf-testing/nvhpc_21.11_openmpi_g_develop/esmf/DEFAULTINSTALLDIR/lib/libg/Linux.nvhpc.64.openmpi.default/libesmf.so(nuopc_driver_loopconnectorcompss_+0x1663) [0x2ba2e146d5a3]
21  /glade/scratch/dunlap/esmf-testing/nvhpc_21.11_openmpi_g_develop/esmf/DEFAULTINSTALLDIR/lib/libg/Linux.nvhpc.64.openmpi.default/libesmf.so(nuopc_driver_initializeipdv02p3_+0x4542) [0x2ba2e1460d82]
22  /glade/scratch/dunlap/esmf-testing/nvhpc_21.11_openmpi_g_develop/esmf/DEFAULTINSTALLDIR/lib/libg/Linux.nvhpc.64.openmpi.default/libesmf.so(nuopc_driver_initializegeneric_+0xd60) [0x2ba2e1445a20]
23  /glade/scratch/dunlap/esmf-testing/nvhpc_21.11_openmpi_g_develop/esmf/DEFAULTINSTALLDIR/lib/libg/Linux.nvhpc.64.openmpi.default/libesmf.so(_ZN5ESMCI6FTable12callVFuncPtrEPKcPNS_2VMEPi+0xc3c) [0x2ba2dfebcbbc]
24  /glade/scratch/dunlap/esmf-testing/nvhpc_21.11_openmpi_g_develop/esmf/DEFAULTINSTALLDIR/lib/libg/Linux.nvhpc.64.openmpi.default/libesmf.so(ESMCI_FTableCallEntryPointVMHop+0x293) [0x2ba2dfeb7e13]
25  /glade/scratch/dunlap/esmf-testing/nvhpc_21.11_openmpi_g_develop/esmf/DEFAULTINSTALLDIR/lib/libg/Linux.nvhpc.64.openmpi.default/libesmf.so(_ZN5ESMCI3VMK5enterEPNS_7VMKPlanEPvS3_+0xbb) [0x2ba2e0712efb]
26  /glade/scratch/dunlap/esmf-testing/nvhpc_21.11_openmpi_g_develop/esmf/DEFAULTINSTALLDIR/lib/libg/Linux.nvhpc.64.openmpi.default/libesmf.so(_ZN5ESMCI2VM5enterEPNS_6VMPlanEPvS3_+0xbe) [0x2ba2e073c47e]
27  /glade/scratch/dunlap/esmf-testing/nvhpc_21.11_openmpi_g_develop/esmf/DEFAULTINSTALLDIR/lib/libg/Linux.nvhpc.64.openmpi.default/libesmf.so(c_esmc_ftablecallentrypointvm_+0x393) [0x2ba2dfeb82d3]
28  /glade/scratch/dunlap/esmf-testing/nvhpc_21.11_openmpi_g_develop/esmf/DEFAULTINSTALLDIR/lib/libg/Linux.nvhpc.64.openmpi.default/libesmf.so(esmf_compmod_esmf_compexecute_+0xab0) [0x2ba2e0a684b0]
29  /glade/scratch/dunlap/esmf-testing/nvhpc_21.11_openmpi_g_develop/esmf/DEFAULTINSTALLDIR/lib/libg/Linux.nvhpc.64.openmpi.default/libesmf.so(esmf_gridcompmod_esmf_gridcompinitialize_+0x1de) [0x2ba2e0d429de]
13  /glade/scratch/dunlap/esmf-testing/nvhpc_21.11_openmpi_g_develop/esmf/DEFAULTINSTALLDIR/lib/libg/Linux.nvhpc.64.openmpi.default/libesmf.so(_ZN5ESMCI6FTable12callVFuncPtrEPKcPNS_2VMEPi+0xc3c) [0x2b26a82f3bbc]
14  /glade/scratch/dunlap/esmf-testing/nvhpc_21.11_openmpi_g_develop/esmf/DEFAULTINSTALLDIR/lib/libg/Linux.nvhpc.64.openmpi.default/libesmf.so(ESMCI_FTableCallEntryPointVMHop+0x293) [0x2b26a82eee13]
15  /glade/scratch/dunlap/esmf-testing/nvhpc_21.11_openmpi_g_develop/esmf/DEFAULTINSTALLDIR/lib/libg/Linux.nvhpc.64.openmpi.default/libesmf.so(_ZN5ESMCI3VMK5enterEPNS_7VMKPlanEPvS3_+0xbb) [0x2b26a8b49efb]
16  /glade/scratch/dunlap/esmf-testing/nvhpc_21.11_openmpi_g_develop/esmf/DEFAULTINSTALLDIR/lib/libg/Linux.nvhpc.64.openmpi.default/libesmf.so(_ZN5ESMCI2VM5enterEPNS_6VMPlanEPvS3_+0xbe) [0x2b26a8b7347e]
17  /glade/scratch/dunlap/esmf-testing/nvhpc_21.11_openmpi_g_develop/esmf/DEFAULTINSTALLDIR/lib/libg/Linux.nvhpc.64.openmpi.default/libesmf.so(c_esmc_ftablecallentrypointvm_+0x393) [0x2b26a82ef2d3]
18  /glade/scratch/dunlap/esmf-testing/nvhpc_21.11_openmpi_g_develop/esmf/DEFAULTINSTALLDIR/lib/libg/Linux.nvhpc.64.openmpi.default/libesmf.so(esmf_compmod_esmf_compexecute_+0xab0) [0x2b26a8e9f4b0]
19  /glade/scratch/dunlap/esmf-testing/nvhpc_21.11_openmpi_g_develop/esmf/DEFAULTINSTALLDIR/lib/libg/Linux.nvhpc.64.openmpi.default/libesmf.so(esmf_cplcompmod_esmf_cplcompinitialize_+0x1de) [0x2b26a8eb869e]
20  /glade/scratch/dunlap/esmf-testing/nvhpc_21.11_openmpi_g_develop/esmf/DEFAULTINSTALLDIR/lib/libg/Linux.nvhpc.64.openmpi.default/libesmf.so(nuopc_driver_loopconnectorcompss_+0x1663) [0x2b26a98a45a3]
21  /glade/scratch/dunlap/esmf-testing/nvhpc_21.11_openmpi_g_develop/esmf/DEFAULTINSTALLDIR/lib/libg/Linux.nvhpc.64.openmpi.default/libesmf.so(nuopc_driver_initializeipdv02p3_+0x4542) [0x2b26a9897d82]
22  /glade/scratch/dunlap/esmf-testing/nvhpc_21.11_openmpi_g_develop/esmf/DEFAULTINSTALLDIR/lib/libg/Linux.nvhpc.64.openmpi.default/libesmf.so(nuopc_driver_initializegeneric_+0xd60) [0x2b26a987ca20]
23  /glade/scratch/dunlap/esmf-testing/nvhpc_21.11_openmpi_g_develop/esmf/DEFAULTINSTALLDIR/lib/libg/Linux.nvhpc.64.openmpi.default/libesmf.so(_ZN5ESMCI6FTable12callVFuncPtrEPKcPNS_2VMEPi+0xc3c) [0x2b26a82f3bbc]
24  /glade/scratch/dunlap/esmf-testing/nvhpc_21.11_openmpi_g_develop/esmf/DEFAULTINSTALLDIR/lib/libg/Linux.nvhpc.64.openmpi.default/libesmf.so(ESMCI_FTableCallEntryPointVMHop+0x293) [0x2b26a82eee13]
25  /glade/scratch/dunlap/esmf-testing/nvhpc_21.11_openmpi_g_develop/esmf/DEFAULTINSTALLDIR/lib/libg/Linux.nvhpc.64.openmpi.default/libesmf.so(_ZN5ESMCI3VMK5enterEPNS_7VMKPlanEPvS3_+0xbb) [0x2b26a8b49efb]
26  /glade/scratch/dunlap/esmf-testing/nvhpc_21.11_openmpi_g_develop/esmf/DEFAULTINSTALLDIR/lib/libg/Linux.nvhpc.64.openmpi.default/libesmf.so(_ZN5ESMCI2VM5enterEPNS_6VMPlanEPvS3_+0xbe) [0x2b26a8b7347e]
27  /glade/scratch/dunlap/esmf-testing/nvhpc_21.11_openmpi_g_develop/esmf/DEFAULTINSTALLDIR/lib/libg/Linux.nvhpc.64.openmpi.default/libesmf.so(c_esmc_ftablecallentrypointvm_+0x393) [0x2b26a82ef2d3]
28  /glade/scratch/dunlap/esmf-testing/nvhpc_21.11_openmpi_g_develop/esmf/DEFAULTINSTALLDIR/lib/libg/Linux.nvhpc.64.openmpi.default/libesmf.so(esmf_compmod_esmf_compexecute_+0xab0) [0x2b26a8e9f4b0]
29  /glade/scratch/dunlap/esmf-testing/nvhpc_21.11_openmpi_g_develop/esmf/DEFAULTINSTALLDIR/lib/libg/Linux.nvhpc.64.openmpi.default/libesmf.so(esmf_gridcompmod_esmf_gridcompinitialize_+0x1de) [0x2b26a91799de]
30  ./esmApp() [0x4072a6]
31  ./esmApp() [0x406d73]
32  /glade/u/apps/ch/os/lib64/libc.so.6(__libc_start_main+0xf5) [0x2b26aefcfa35]
33  ./esmApp() [0x406c69]
=================================
[r9i1n9:00678] *** Process received signal ***
[r9i1n9:00678] Signal: Segmentation fault (11)
[r9i1n9:00678] Signal code:  (-6)
[r9i1n9:00678] Failing at address: 0x1057000002a6
[r9i1n9:00678] [ 0] /glade/u/apps/ch/os/lib64/libpthread.so.0(+0x11c00)[0x2b26ae6fec00]
[r9i1n9:00678] [ 1] /glade/scratch/dunlap/esmf-testing/nvhpc_21.11_openmpi_g_develop/esmf/DEFAULTINSTALLDIR/lib/libg/Linux.nvhpc.64.openmpi.default/libesmf.so(_ZN5ESMCI6LogErr13MsgFoundErro==== backtrace (tid:    679) ====
 0  /glade/u/apps/ch/opt/ucx/1.11.0/lib/libucs.so.0(ucs_handle_error+0xe4) [0x2b2fa3d6c1b4]
 1  /glade/u/apps/ch/opt/ucx/1.11.0/lib/libucs.so.0(+0x2a4dc) [0x2b2fa3d6c4dc]
 2  /glade/u/apps/ch/opt/ucx/1.11.0/lib/libucs.so.0(+0x2a74b) [0x2b2fa3d6c74b]
 3  /glade/scratch/dunlap/esmf-testing/nvhpc_21.11_openmpi_g_develop/esmf/DEFAULTINSTALLDIR/lib/libg/Linux.nvhpc.64.openmpi.default/libesmf.so(_ZN5ESMCI6LogErr13MsgFoundErrorEiPKciS2_S2_Pi+0x34) [0x2b2f8de79734]
 4  /glade/scratch/dunlap/esmf-testing/nvhpc_21.11_openmpi_g_develop/esmf/DEFAULTINSTALLDIR/lib/libg/Linux.nvhpc.64.openmpi.default/libesmf.so(_ZN5ESMCI7MeshCap22meshcreatenodedistgridEPi+0x7f) [0x2b2f8e09aebf]
 5  /glade/scratch/dunlap/esmf-testing/nvhpc_21.11_openmpi_g_develop/esmf/DEFAULTINSTALLDIR/lib/libg/Linux.nvhpc.64.openmpi.default/libesmf.so(c_esmc_meshcreatenodedistgrid_+0xc1) [0x2b2f8e0ee181]
 6  /glade/scratch/dunlap/esmf-testing/nvhpc_21.11_openmpi_g_develop/esmf/DEFAULTINSTALLDIR/lib/libg/Linux.nvhpc.64.openmpi.default/libesmf.so(esmf_meshmod_esmf_meshcreatefrompointer_+0x6d) [0x2b2f8edd25ad]
 7  /glade/scratch/dunlap/esmf-testing/nvhpc_21.11_openmpi_g_develop/esmf/DEFAULTINSTALLDIR/lib/libg/Linux.nvhpc.64.openmpi.default/libesmf.so(esmf_gridutilmod_esmf_gridtomesh_+0x52d) [0x2b2f8ec2dfed]
 8  /glade/scratch/dunlap/esmf-testing/nvhpc_21.11_openmpi_g_develop/esmf/DEFAULTINSTALLDIR/lib/libg/Linux.nvhpc.64.openmpi.default/libesmf.so(esmf_fieldregridmod_b_or_p_gridtomesh_+0x5a8) [0x2b2f8eaed8a8]
 9  /glade/scratch/dunlap/esmf-testing/nvhpc_21.11_openmpi_g_develop/esmf/DEFAULTINSTALLDIR/lib/libg/Linux.nvhpc.64.openmpi.default/libesmf.so(esmf_fieldregridmod_getmeshwithnodesonfieldloc_+0x55e) [0x2b2f8eae8d5e]
10  /glade/scratch/dunlap/esmf-testing/nvhpc_21.11_openmpi_g_develop/esmf/DEFAULTINSTALLDIR/lib/libg/Linux.nvhpc.64.openmpi.default/libesmf.so(esmf_fieldregridmod_esmf_fieldregridstorenx_+0xf81) [0x2b2f8eae6881]
11  /glade/scratch/dunlap/esmf-testing/nvhpc_21.11_openmpi_g_develop/esmf/DEFAULTINSTALLDIR/lib/libg/Linux.nvhpc.64.openmpi.default/libesmf.so(nuopc_connector_fieldbundlecplstore_+0x11746) [0x2b2f8f245fc6]
12  /glade/scratch/dunlap/esmf-testing/nvhpc_21.11_openmpi_g_develop/esmf/DEFAULTINSTALLDIR/lib/libg/Linux.nvhpc.64.openmpi.default/libesmf.so(nuopc_connector_initializeipdv05p6b_+0x7a35) [0x2b2f8f220975]
13  /glade/scratch/dunlap/esmf-testing/nvhpc_21.11_openmpi_g_develop/esmf/DEFAULTINSTALLDIR/lib/libg/Linux.nvhpc.64.openmpi.default/libesmf.so(_ZN5ESMCI6FTable12callVFuncPtrEPKcPNS_2VMEPi+0xc3c) [0x2b2f8dcc6bbc]
14  /glade/scratch/dunlap/esmf-testing/nvhpc_21.11_openmpi_g_develop/esmf/DEFAULTINSTALLDIR/lib/libg/Linux.nvhpc.64.openmpi.default/libesmf.so(ESMCI_FTableCallEntryPointVMHop+0x293) [0x2b2f8dcc1e13]
15  /glade/scratch/dunlap/esmf-testing/nvhpc_21.11_openmpi_g_develop/esmf/DEFAULTINSTALLDIR/lib/libg/Linux.nvhpc.64.openmpi.default/libesmf.so(_ZN5ESMCI3VMK5enterEPNS_7VMKPlanEPvS3_+0xbb) [0x2b2f8e51cefb]
16  /glade/scratch/dunlap/esmf-testing/nvhpc_21.11_openmpi_g_develop/esmf/DEFAULTINSTALLDIR/lib/libg/Linux.nvhpc.64.openmpi.default/libesmf.so(_ZN5ESMCI2VM5enterEPNS_6VMPlanEPvS3_+0xbe) [0x2b2f8e54647e]
17  /glade/scratch/dunlap/esmf-testing/nvhpc_21.11_openmpi_g_develop/esmf/DEFAULTINSTALLDIR/lib/libg/Linux.nvhpc.64.openmpi.default/libesmf.so(c_esmc_ftablecallentrypointvm_+0x393) [0x2b2f8dcc22d3]
18  /glade/scratch/dunlap/esmf-testing/nvhpc_21.11_openmpi_g_develop/esmf/DEFAULTINSTALLDIR/lib/libg/Linux.nvhpc.64.openmpi.default/libesmf.so(esmf_compmod_esmf_compexecute_+0xab0) [0x2b2f8e8724b0]
19  /glade/scratch/dunlap/esmf-testing/nvhpc_21.11_openmpi_g_develop/esmf/DEFAULTINSTALLDIR/lib/libg/Linux.nvhpc.64.openmpi.default/libesmf.so(esmf_cplcompmod_esmf_cplcompinitialize_+0x1de) [0x2b2f8e88b69e]
20  /glade/scratch/dunlap/esmf-testing/nvhpc_21.11_openmpi_g_develop/esmf/DEFAULTINSTALLDIR/lib/libg/Linux.nvhpc.64.openmpi.default/libesmf.so(nuopc_driver_loopconnectorcompss_+0x1663) [0x2b2f8f2775a3]
21  /glade/scratch/dunlap/esmf-testing/nvhpc_21.11_openmpi_g_develop/esmf/DEFAULTINSTALLDIR/lib/libg/Linux.nvhpc.64.==== backtrace (tid:    677) ====
 0  /glade/u/apps/ch/opt/ucx/1.11.0/lib/libucs.so.0(ucs_handle_error+0xe4) [0x2b4c8b55d1b4]
 1  /glade/u/apps/ch/opt/ucx/1.11.0/lib/libucs.so.0(+0x2a4dc) [0x2b4c8b55d4dc]
 2  /glade/u/apps/ch/opt/ucx/1.11.0/lib/libucs.so.0(+0x2a74b) [0x2b4c8b55d74b]
 3  /glade/scratch/dunlap/esmf-testing/nvhpc_21.11_openmpi_g_develop/esmf/DEFAULTINSTALLDIR/lib/libg/Linux.nvhpc.64.openmpi.default/libesmf.so(_ZN5ESMCI6LogErr13MsgFoundErrorEiPKciS2_S2_Pi+0x34) [0x2b4c75716734]
 4  /glade/scratch/dunlap/esmf-testing/nvhpc_21.11_openmpi_g_develop/esmf/DEFAULTINSTALLDIR/lib/libg/Linux.nvhpc.64.openmpi.default/libesmf.so(_ZN5ESMCI7MeshCap22meshcreatenodedistgridEPi+0x7f) [0x2b4c75937ebf]
 5  /glade/scratch/dunlap/esmf-testing/nvhpc_21.11_openmpi_g_develop/esmf/DEFAULTINSTALLDIR/lib/libg/Linux.nvhpc.64.openmpi.default/libesmf.so(c_esmc_meshcreatenodedistgrid_+0xc1) [0x2b4c7598b181]
 6  /glade/scratch/dunlap/esmf-testing/nvhpc_21.11_openmpi_g_develop/esmf/DEFAULTINSTALLDIR/lib/libg/Linux.nvhpc.64.openmpi.default/libesmf.so(esmf_meshmod_esmf_meshcreatefrompointer_+0x6d) [0x2b4c7666f5ad]
 7  /glade/scratch/dunlap/esmf-testing/nvhpc_21.11_openmpi_g_develop/esmf/DEFAULTINSTALLDIR/lib/libg/Linux.nvhpc.64.openmpi.default/libesmf.so(esmf_gridutilmod_esmf_gridtomesh_+0x52d) [0x2b4c764cafed]
 8  /glade/scratch/dunlap/esmf-testing/nvhpc_21.11_openmpi_g_develop/esmf/DEFAULTINSTALLDIR/lib/libg/Linux.nvhpc.64.openmpi.default/libesmf.so(esmf_fieldregridmod_b_or_p_gridtomesh_+0x5a8) [0x2b4c7638a8a8]
 9  /glade/scratch/dunlap/esmf-testing/nvhpc_21.11_openmpi_g_develop/esmf/DEFAULTINSTALLDIR/lib/libg/Linux.nvhpc.64.openmpi.default/libesmf.so(esmf_fieldregridmod_getmeshwithnodesonfieldloc_+0x55e) [0x2b4c76385d5e]
10  /glade/scratch/dunlap/esmf-testing/nvhpc_21.11_openmpi_g_develop/esmf/DEFAULTINSTALLDIR/lib/libg/Linux.nvhpc.64.openmpi.default/libesmf.so(esmf_fieldregridmod_esmf_fieldregridstorenx_+0xf81) [0x2b4c76383881]
11  /glade/scratch/dunlap/esmf-testing/nvhpc_21.11_openmpi_g_develop/esmf/DEFAULTINSTALLDIR/lib/libg/Linux.nvhpc.64.openmpi.default/libesmf.so(nuopc_connector_fieldbundlecplstore_+0x11746) [0x2b4c76ae2fc6]
12  /glade/scratch/dunlap/esmf-testing/nvhpc_21.11_openmpi_g_develop/esmf/DEFAULTINSTALLDIR/lib/libg/Linux.nvhpc.64.openmpi.default/libesmf.so(nuopc_connector_initializeipdv05p6b_+0x7a35) [0x2b4c76abd975]
13  /glade/scratch/dunlap/esmf-testing/nvhpc_21.11_openmpi_g_develop/esmf/DEFAULTINSTALLDIR/lib/libg/Linux.nvhpc.64.openmpi.default/libesmf.so(_ZN5ESMCI6FTable12callVFuncPtrEPKcPNS_2VMEPi+0xc3c) [0x2b4c75563bbc]
14  /glade/scratch/dunlap/esmf-testing/nvhpc_21.11_openmpi_g_develop/esmf/DEFAULTINSTALLDIR/lib/libg/Linux.nvhpc.64.openmpi.default/libesmf.so(ESMCI_FTableCallEntryPointVMHop+0x293) [0x2b4c7555ee13]
15  /glade/scratch/dunlap/esmf-testing/nvhpc_21.11_openmpi_g_develop/esmf/DEFAULTINSTALLDIR/lib/libg/Linux.nvhpc.64.openmpi.default/libesmf.so(_ZN5ESMCI3VMK5enterEPNS_7VMKPlanEPvS3_+0xbb) [0x2b4c75db9efb]
16  /glade/scratch/dunlap/esmf-testing/nvhpc_21.11_openmpi_g_develop/esmf/DEFAULTINSTALLDIR/lib/libg/Linux.nvhpc.64.openmpi.default/libesmf.so(_ZN5ESMCI2VM5enterEPNS_6VMPlanEPvS3_+0xbe) [0x2b4c75de347e]
17  /glade/scratch/dunlap/esmf-testing/nvhpc_21.11_openmpi_g_develop/esmf/DEFAULTINSTALLDIR/lib/libg/Linux.nvhpc.64.openmpi.default/libesmf.so(c_esmc_ftablecallentrypointvm_+0x393) [0x2b4c7555f2d3]
18  /glade/scratch/dunlap/esmf-testing/nvhpc_21.11_openmpi_g_develop/esmf/DEFAULTINSTALLDIR/lib/libg/Linux.nvhpc.64.openmpi.default/libesmf.so(esmf_compmod_esmf_compexecute_+0xab0) [0x2b4c7610f4b0]
19  /glade/scratch/dunlap/esmf-testing/nvhpc_21.11_openmpi_g_develop/esmf/DEFAULTINSTALLDIR/lib/libg/Linux.nvhpc.64.openmpi.default/libesmf.so(esmf_cplcompmod_esmf_cplcompinitialize_+0x1de) [0x2b4c7612869e]
20  /glade/scratch/dunlap/esmf-testing/nvhpc_21.11_openmpi_g_develop/esmf/DEFAULTINSTALLDIR/lib/libg/Linux.nvhpc.64.openmpi.default/libesmf.so(nuopc_driver_loopconnectorcompss_+0x1663) [0x2b4c76b145a3]
21  /glade/scratch/dunlap/esmf-testing/nvhpc_21.11_openmpi_g_develop/esmf/DEFAULTINSTALLDIR/lib/libg/Linux.nvhpc.64.30  ./esmApp() [0x4072a6]
31  ./esmApp() [0x406d73]
32  /glade/u/apps/ch/os/lib64/libc.so.6(__libc_start_main+0xf5) [0x2ba2e6b98a35]
33  ./esmApp() [0x406c69]
=================================
[r9i1n9:00676] *** Process received signal ***
[r9i1n9:00676] Signal: Segmentation fault (11)
[r9i1n9:00676] Signal code:  (-6)
[r9i1n9:00676] Failing at address: 0x1057000002a4
[r9i1n9:00676] [ 0] /glade/u/apps/ch/os/lib64/libpthread.so.0(+0x11c00)[0x2ba2e62c7c00]
[r9i1n9:00676] [ 1] /glade/scratch/dunlap/esmf-testing/nvhpc_21.11_openmpi_g_develop/esmf/DEFAULTINSTALLDIR/lib/libg/Linux.nvhpc.64.openmpi.default/libesmf.so(_ZN5ESMCI6LogErr13MsgFoundErrorEiPKciS2_S2_Pi+0x34)[0x2ba2e006f734]
[r9i1n9:00676] [ 2] /glade/scratch/dunlap/esmf-testing/nvhpc_21.11_openmpi_g_develop/esmf/DEFAULTINSTALLDIR/lib/libg/Linux.nvhpc.64.openmpi.default/libesmf.so(_ZN5ESMCI7MeshCap22meshcreatenodedistgridEPi+0x7f)[0x2ba2e0290ebf]
[r9i1n9:00676] [ 3] openmpi.default/libesmf.so(nuopc_driver_initializeipdv02p3_+0x4542) [0x2b4c76b07d82]
22  /glade/scratch/dunlap/esmf-testing/nvhpc_21.11_openmpi_g_develop/esmf/DEFAULTINSTALLDIR/lib/libg/Linux.nvhpc.64.openmpi.default/libesmf.so(nuopc_driver_initializegeneric_+0xd60) [0x2b4c76aeca20]
23  /glade/scratch/dunlap/esmf-testing/nvhpc_21.11_openmpi_g_develop/esmf/DEFAULTINSTALLDIR/lib/libg/Linux.nvhpc.64.openmpi.default/libesmf.so(_ZN5ESMCI6FTable12callVFuncPtrEPKcPNS_2VMEPi+0xc3c) [0x2b4c75563bbc]
24  /glade/scratch/dunlap/esmf-testing/nvhpc_21.11_openmpi_g_develop/esmf/DEFAULTINSTALLDIR/lib/libg/Linux.nvhpc.64.openmpi.default/libesmf.so(ESMCI_FTableCallEntryPointVMHop+0x293) [0x2b4c7555ee13]
25  /glade/scratch/dunlap/esmf-testing/nvhpc_21.11_openmpi_g_develop/esmf/DEFAULTINSTALLDIR/lib/libg/Linux.nvhpc.64.openmpi.default/libesmf.so(_ZN5ESMCI3VMK5enterEPNS_7VMKPlanEPvS3_+0xbb) [0x2b4c75db9efb]
26  /glade/scratch/dunlap/esmf-testing/nvhpc_21.11_openmpi_g_develop/esmf/DEFAULTINSTALLDIR/lib/libg/Linux.nvhpc.64.openmpi.default/libesmf.so(_ZN5ESMCI2VM5enterEPNS_6VMPlanEPvS3_+0xbe) [0x2b4c75de347e]
27  /glade/scratch/dunlap/esmf-testing/nvhpc_21.11_openmpi_g_develop/esmf/DEFAULTINSTALLDIR/lib/libg/Linux.nvhpc.64.openmpi.default/libesmf.so(c_esmc_ftablecallentrypointvm_+0x393) [0x2b4c7555f2d3]
28  /glade/scratch/dunlap/esmf-testing/nvhpc_21.11_openmpi_g_develop/esmf/DEFAULTINSTALLDIR/lib/libg/Linux.nvhpc.64.openmpi.default/libesmf.so(esmf_compmod_esmf_compexecute_+0xab0) [0x2b4c7610f4b0]
29  /glade/scratch/dunlap/esmf-testing/nvhpc_21.11_openmpi_g_develop/esmf/DEFAULTINSTALLDIR/lib/libg/Linux.nvhpc.64.openmpi.default/libesmf.so(esmf_gridcompmod_esmf_gridcompinitialize_+0x1de) [0x2b4c763e99de]
30  ./esmApp() [0x4072a6]
31  ./esmApp() [0x406d73]
32  /glade/u/apps/ch/os/lib64/libc.so.6(__libc_start_main+0xf5) [0x2b4c7c23fa35]
33  ./esmApp() [0x406c69]
=================================
[r9i1n9:00677] *** Process received signal ***
[r9i1n9:00677] Signal: Segmentation fault (11)
[r9i1n9:00677] Signal code:  (-6)
[r9i1n9:00677] Failing at address: 0x1057000002a5
[r9i1n9:00677] [ 0] /glade/u/apps/ch/os/lib64/libpthread.so.0(+0x11c00)[0x2b4c7b96ec00]
[r9i1n9:00677] [ 1] /glade/scratch/dunlap/esmf-testing/nvhpc_21.11_openmpi_g_develop/esmf/DEFAULTINSTALLDIR/lib/libg/Linux.nvhpc.64.openmpi.default/libesmf.so(_ZN5ESMCI6LogErr13MsgFoundErrorEiPKciS2_S2_Pi+0x34)[0x2b4c75716734]
[r9i1n9:00677] [ 2] rEiPKciS2_S2_Pi+0x34)[0x2b26a84a6734]
[r9i1n9:00678] [ 2] /glade/scratch/dunlap/esmf-testing/nvhpc_21.11_openmpi_g_develop/esmf/DEFAULTINSTALLDIR/lib/libg/Linux.nvhpc.64.openmpi.default/libesmf.so(_ZN5ESMCI7MeshCap22meshcreatenodedistgridEPi+0x7f)[0x2b26a86c7ebf]
[r9i1n9:00678] [ 3] openmpi.default/libesmf.so(nuopc_driver_initializeipdv02p3_+0x4542) [0x2b2f8f26ad82]
22  /glade/scratch/dunlap/esmf-testing/nvhpc_21.11_openmpi_g_develop/esmf/DEFAULTINSTALLDIR/lib/libg/Linux.nvhpc.64.openmpi.default/libesmf.so(nuopc_driver_initializegeneric_+0xd60) [0x2b2f8f24fa20]
23  /glade/scratch/dunlap/esmf-testing/nvhpc_21.11_openmpi_g_develop/esmf/DEFAULTINSTALLDIR/lib/libg/Linux.nvhpc.64.openmpi.default/libesmf.so(_ZN5ESMCI6FTable12callVFuncPtrEPKcPNS_2VMEPi+0xc3c) [0x2b2f8dcc6bbc]
24  /glade/scratch/dunlap/esmf-testing/nvhpc_21.11_openmpi_g_develop/esmf/DEFAULTINSTALLDIR/lib/libg/Linux.nvhpc.64.openmpi.default/libesmf.so(ESMCI_FTableCallEntryPointVMHop+0x293) [0x2b2f8dcc1e13]
25  /glade/scratch/dunlap/esmf-testing/nvhpc_21.11_openmpi_g_develop/esmf/DEFAULTINSTALLDIR/lib/libg/Linux.nvhpc.64.openmpi.default/libesmf.so(_ZN5ESMCI3VMK5enterEPNS_7VMKPlanEPvS3_+0xbb) [0x2b2f8e51cefb]
26  /glade/scratch/dunlap/esmf-testing/nvhpc_21.11_openmpi_g_develop/esmf/DEFAULTINSTALLDIR/lib/libg/Linux.nvhpc.64.openmpi.default/libesmf.so(_ZN5ESMCI2VM5enterEPNS_6VMPlanEPvS3_+0xbe) [0x2b2f8e54647e]
27  /glade/scratch/dunlap/esmf-testing/nvhpc_21.11_openmpi_g_develop/esmf/DEFAULTINSTALLDIR/lib/libg/Linux.nvhpc.64.openmpi.default/libesmf.so(c_esmc_ftablecallentrypointvm_+0x393) [0x2b2f8dcc22d3]
28  /glade/scratch/dunlap/esmf-testing/nvhpc_21.11_openmpi_g_develop/esmf/DEFAULTINSTALLDIR/lib/libg/Linux.nvhpc.64.openmpi.default/libesmf.so(esmf_compmod_esmf_compexecute_+0xab0) [0x2b2f8e8724b0]
29  /glade/scratch/dunlap/esmf-testing/nvhpc_21.11_openmpi_g_develop/esmf/DEFAULTINSTALLDIR/lib/libg/Linux.nvhpc.64.openmpi.default/libesmf.so(esmf_gridcompmod_esmf_gridcompinitialize_+0x1de) [0x2b2f8eb4c9de]
30  ./esmApp() [0x4072a6]
31  ./esmApp() [0x406d73]
32  /glade/u/apps/ch/os/lib64/libc.so.6(__libc_start_main+0xf5) [0x2b2f949a2a35]
33  ./esmApp() [0x406c69]
=================================
[r9i1n9:00679] *** Process received signal ***
[r9i1n9:00679] Signal: Segmentation fault (11)
[r9i1n9:00679] Signal code:  (-6)
[r9i1n9:00679] Failing at address: 0x1057000002a7
[r9i1n9:00679] [ 0] /glade/u/apps/ch/os/lib64/libpthread.so.0(+0x11c00)[0x2b2f940d1c00]
[r9i1n9:00679] [ 1] /glade/scratch/dunlap/esmf-testing/nvhpc_21.11_openmpi_g_develop/esmf/DEFAULTINSTALLDIR/lib/libg/Linux.nvhpc.64.openmpi.default/libesmf.so(_ZN5ESMCI6LogErr13MsgFoundErrorEiPKciS2_S2_Pi+0x34)[0x2b2f8de79734]
[r9i1n9:00679] [ 2] /glade/scratch/dunlap/esmf-testing/nvhpc_21.11_openmpi_g_develop/esmf/DEFAULTINSTALLDIR/lib/libg/Linux.nvhpc.64.openmpi.default/libesmf.so(_ZN5ESMCI7MeshCap22meshcreatenodedistgridEPi+0x7f)[0x2b4c75937ebf]
[r9i1n9:00677] [ 3] /glade/scratch/dunlap/esmf-testing/nvhpc_21.11_openmpi_g_develop/esmf/DEFAULTINSTALLDIR/lib/libg/Linux.nvhpc.64.openmpi.default/libesmf.so(_ZN5ESMCI7MeshCap22meshcreatenodedistgridEPi+0x7f)[0x2b2f8e09aebf]
[r9i1n9:00679] [ 3] /glade/scratch/dunlap/esmf-testing/nvhpc_21.11_openmpi_g_develop/esmf/DEFAULTINSTALLDIR/lib/libg/Linux.nvhpc.64.openmpi.default/libesmf.so(c_esmc_meshcreatenodedistgrid_+0xc1)[0x2ba2e02e4181]
[r9i1n9:00676] [ 4] /glade/scratch/dunlap/esmf-testing/nvhpc_21.11_openmpi_g_develop/esmf/DEFAULTINSTALLDIR/lib/libg/Linux.nvhpc.64.openmpi.default/libesmf.so(c_esmc_meshcreatenodedistgrid_+0xc1)[0x2b26a871b181]
[r9i1n9:00678] [ 4] /glade/scratch/dunlap/esmf-testing/nvhpc_21.11_openmpi_g_develop/esmf/DEFAULTINSTALLDIR/lib/libg/Linux.nvhpc.64.openmpi.default/libesmf.so(c_esmc_meshcreatenodedistgrid_+0xc1)[0x2b4c7598b181]
[r9i1n9:00677] [ 4] /glade/scratch/dunlap/esmf-testing/nvhpc_21.11_openmpi_g_develop/esmf/DEFAULTINSTALLDIR/lib/libg/Linux.nvhpc.64.openmpi.default/libesmf.so(c_esmc_meshcreatenodedistgrid_+0xc1)[0x2b2f8e0ee181]
[r9i1n9:00679] [ 4] /glade/scratch/dunlap/esmf-testing/nvhpc_21.11_openmpi_g_develop/esmf/DEFAULTINSTALLDIR/lib/libg/Linux.nvhpc.64.openmpi.default/libesmf.so(esmf_meshmod_esmf_meshcreatefrompointer_+0x6d)[0x2ba2e0fc85ad]
[r9i1n9:00676] [ 5] /glade/scratch/dunlap/esmf-testing/nvhpc_21.11_openmpi_g_develop/esmf/DEFAULTINSTALLDIR/lib/libg/Linux.nvhpc.64.openmpi.default/libesmf.so(esmf_meshmod_esmf_meshcreatefrompointer_+0x6d)[0x2b26a93ff5ad]
[r9i1n9:00678] [ 5] /glade/scratch/dunlap/esmf-testing/nvhpc_21.11_openmpi_g_develop/esmf/DEFAULTINSTALLDIR/lib/libg/Linux.nvhpc.64.openmpi.default/libesmf.so(esmf_meshmod_esmf_meshcreatefrompointer_+0x6d)[0x2b4c7666f5ad]
[r9i1n9:00677] [ 5] /glade/scratch/dunlap/esmf-testing/nvhpc_21.11_openmpi_g_develop/esmf/DEFAULTINSTALLDIR/lib/libg/Linux.nvhpc.64.openmpi.default/libesmf.so(esmf_meshmod_esmf_meshcreatefrompointer_+0x6d)[0x2b2f8edd25ad]
[r9i1n9:00679] [ 5] /glade/scratch/dunlap/esmf-testing/nvhpc_21.11_openmpi_g_develop/esmf/DEFAULTINSTALLDIR/lib/libg/Linux.nvhpc.64.openmpi.default/libesmf.so(esmf_gridutilmod_esmf_gridtomesh_+0x52d)[0x2ba2e0e23fed]
[r9i1n9:00676] [ 6] /glade/scratch/dunlap/esmf-testing/nvhpc_21.11_openmpi_g_develop/esmf/DEFAULTINSTALLDIR/lib/libg/Linux.nvhpc.64.openmpi.default/libesmf.so(esmf_gridutilmod_esmf_gridtomesh_+0x52d)[0x2b26a925afed]
[r9i1n9:00678] [ 6] /glade/scratch/dunlap/esmf-testing/nvhpc_21.11_openmpi_g_develop/esmf/DEFAULTINSTALLDIR/lib/libg/Linux.nvhpc.64.openmpi.default/libesmf.so(esmf_gridutilmod_esmf_gridtomesh_+0x52d)[0x2b2f8ec2dfed]
[r9i1n9:00679] [ 6] /glade/scratch/dunlap/esmf-testing/nvhpc_21.11_openmpi_g_develop/esmf/DEFAULTINSTALLDIR/lib/libg/Linux.nvhpc.64.openmpi.default/libesmf.so(esmf_gridutilmod_esmf_gridtomesh_+0x52d)[0x2b4c764cafed]
[r9i1n9:00677] [ 6] /glade/scratch/dunlap/esmf-testing/nvhpc_21.11_openmpi_g_develop/esmf/DEFAULTINSTALLDIR/lib/libg/Linux.nvhpc.64.openmpi.default/libesmf.so(esmf_fieldregridmod_b_or_p_gridtomesh_+0x5a8)[0x2ba2e0ce38a8]
[r9i1n9:00676] [ 7] /glade/scratch/dunlap/esmf-testing/nvhpc_21.11_openmpi_g_develop/esmf/DEFAULTINSTALLDIR/lib/libg/Linux.nvhpc.64.openmpi.default/libesmf.so(esmf_fieldregridmod_b_or_p_gridtomesh_+0x5a8)[0x2b26a911a8a8]
[r9i1n9:00678] [ 7] /glade/scratch/dunlap/esmf-testing/nvhpc_21.11_openmpi_g_develop/esmf/DEFAULTINSTALLDIR/lib/libg/Linux.nvhpc.64.openmpi.default/libesmf.so(esmf_fieldregridmod_b_or_p_gridtomesh_+0x5a8)[0x2b4c7638a8a8]
[r9i1n9:00677] [ 7] /glade/scratch/dunlap/esmf-testing/nvhpc_21.11_openmpi_g_develop/esmf/DEFAULTINSTALLDIR/lib/libg/Linux.nvhpc.64.openmpi.default/libesmf.so(esmf_fieldregridmod_b_or_p_gridtomesh_+0x5a8)[0x2b2f8eaed8a8]
[r9i1n9:00679] [ 7] /glade/scratch/dunlap/esmf-testing/nvhpc_21.11_openmpi_g_develop/esmf/DEFAULTINSTALLDIR/lib/libg/Linux.nvhpc.64.openmpi.default/libesmf.so(esmf_fieldregridmod_getmeshwithnodesonfieldloc_+0x55e)[0x2ba2e0cded5e]
[r9i1n9:00676] [ 8] /glade/scratch/dunlap/esmf-testing/nvhpc_21.11_openmpi_g_develop/esmf/DEFAULTINSTALLDIR/lib/libg/Linux.nvhpc.64.openmpi.default/libesmf.so(esmf_fieldregridmod_getmeshwithnodesonfieldloc_+0x55e)[0x2b26a9115d5e]
[r9i1n9:00678] [ 8] /glade/scratch/dunlap/esmf-testing/nvhpc_21.11_openmpi_g_develop/esmf/DEFAULTINSTALLDIR/lib/libg/Linux.nvhpc.64.openmpi.default/libesmf.so(esmf_fieldregridmod_getmeshwithnodesonfieldloc_+0x55e)[0x2b2f8eae8d5e]
[r9i1n9:00679] [ 8] /glade/scratch/dunlap/esmf-testing/nvhpc_21.11_openmpi_g_develop/esmf/DEFAULTINSTALLDIR/lib/libg/Linux.nvhpc.64.openmpi.default/libesmf.so(esmf_fieldregridmod_getmeshwithnodesonfieldloc_+0x55e)[0x2b4c76385d5e]
[r9i1n9:00677] [ 8] /glade/scratch/dunlap/esmf-testing/nvhpc_21.11_openmpi_g_develop/esmf/DEFAULTINSTALLDIR/lib/libg/Linux.nvhpc.64.openmpi.default/libesmf.so(esmf_fieldregridmod_esmf_fieldregridstorenx_+0xf81)[0x2ba2e0cdc881]
[r9i1n9:00676] [ 9] /glade/scratch/dunlap/esmf-testing/nvhpc_21.11_openmpi_g_develop/esmf/DEFAULTINSTALLDIR/lib/libg/Linux.nvhpc.64.openmpi.default/libesmf.so(esmf_fieldregridmod_esmf_fieldregridstorenx_+0xf81)[0x2b26a9113881]
[r9i1n9:00678] [ 9] /glade/scratch/dunlap/esmf-testing/nvhpc_21.11_openmpi_g_develop/esmf/DEFAULTINSTALLDIR/lib/libg/Linux.nvhpc.64.openmpi.default/libesmf.so(esmf_fieldregridmod_esmf_fieldregridstorenx_+0xf81)[0x2b4c76383881]
[r9i1n9:00677] [ 9] /glade/scratch/dunlap/esmf-testing/nvhpc_21.11_openmpi_g_develop/esmf/DEFAULTINSTALLDIR/lib/libg/Linux.nvhpc.64.openmpi.default/libesmf.so(esmf_fieldregridmod_esmf_fieldregridstorenx_+0xf81)[0x2b2f8eae6881]
[r9i1n9:00679] [ 9] /glade/scratch/dunlap/esmf-testing/nvhpc_21.11_openmpi_g_develop/esmf/DEFAULTINSTALLDIR/lib/libg/Linux.nvhpc.64.openmpi.default/libesmf.so(nuopc_connector_fieldbundlecplstore_+0x11746)[0x2ba2e143bfc6]
[r9i1n9:00676] [10] /glade/scratch/dunlap/esmf-testing/nvhpc_21.11_openmpi_g_develop/esmf/DEFAULTINSTALLDIR/lib/libg/Linux.nvhpc.64.openmpi.default/libesmf.so(nuopc_connector_fieldbundlecplstore_+0x11746)[0x2b26a9872fc6]
[r9i1n9:00678] [10] /glade/scratch/dunlap/esmf-testing/nvhpc_21.11_openmpi_g_develop/esmf/DEFAULTINSTALLDIR/lib/libg/Linux.nvhpc.64.openmpi.default/libesmf.so(nuopc_connector_fieldbundlecplstore_+0x11746)[0x2b2f8f245fc6]
[r9i1n9:00679] [10] /glade/scratch/dunlap/esmf-testing/nvhpc_21.11_openmpi_g_develop/esmf/DEFAULTINSTALLDIR/lib/libg/Linux.nvhpc.64.openmpi.default/libesmf.so(nuopc_connector_fieldbundlecplstore_+0x11746)[0x2b4c76ae2fc6]
[r9i1n9:00677] [10] /glade/scratch/dunlap/esmf-testing/nvhpc_21.11_openmpi_g_develop/esmf/DEFAULTINSTALLDIR/lib/libg/Linux.nvhpc.64.openmpi.default/libesmf.so(nuopc_connector_initializeipdv05p6b_+0x7a35)[0x2ba2e1416975]
[r9i1n9:00676] [11] /glade/scratch/dunlap/esmf-testing/nvhpc_21.11_openmpi_g_develop/esmf/DEFAULTINSTALLDIR/lib/libg/Linux.nvhpc.64.openmpi.default/libesmf.so(nuopc_connector_initializeipdv05p6b_+0x7a35)[0x2b26a984d975]
[r9i1n9:00678] [11] /glade/scratch/dunlap/esmf-testing/nvhpc_21.11_openmpi_g_develop/esmf/DEFAULTINSTALLDIR/lib/libg/Linux.nvhpc.64.openmpi.default/libesmf.so(nuopc_connector_initializeipdv05p6b_+0x7a35)[0x2b2f8f220975]
[r9i1n9:00679] [11] /glade/scratch/dunlap/esmf-testing/nvhpc_21.11_openmpi_g_develop/esmf/DEFAULTINSTALLDIR/lib/libg/Linux.nvhpc.64.openmpi.default/libesmf.so(nuopc_connector_initializeipdv05p6b_+0x7a35)[0x2b4c76abd975]
[r9i1n9:00677] [11] /glade/scratch/dunlap/esmf-testing/nvhpc_21.11_openmpi_g_develop/esmf/DEFAULTINSTALLDIR/lib/libg/Linux.nvhpc.64.openmpi.default/libesmf.so(_ZN5ESMCI6FTable12callVFuncPtrEPKcPNS_2VMEPi+0xc3c)[0x2ba2dfebcbbc]
[r9i1n9:00676] [12] /glade/scratch/dunlap/esmf-testing/nvhpc_21.11_openmpi_g_develop/esmf/DEFAULTINSTALLDIR/lib/libg/Linux.nvhpc.64.openmpi.default/libesmf.so(_ZN5ESMCI6FTable12callVFuncPtrEPKcPNS_2VMEPi+0xc3c)[0x2b26a82f3bbc]
[r9i1n9:00678] [12] /glade/scratch/dunlap/esmf-testing/nvhpc_21.11_openmpi_g_develop/esmf/DEFAULTINSTALLDIR/lib/libg/Linux.nvhpc.64.openmpi.default/libesmf.so(_ZN5ESMCI6FTable12callVFuncPtrEPKcPNS_2VMEPi+0xc3c)[0x2b2f8dcc6bbc]
[r9i1n9:00679] [12] /glade/scratch/dunlap/esmf-testing/nvhpc_21.11_openmpi_g_develop/esmf/DEFAULTINSTALLDIR/lib/libg/Linux.nvhpc.64.openmpi.default/libesmf.so(_ZN5ESMCI6FTable12callVFuncPtrEPKcPNS_2VMEPi+0xc3c)[0x2b4c75563bbc]
[r9i1n9:00677] [12] /glade/scratch/dunlap/esmf-testing/nvhpc_21.11_openmpi_g_develop/esmf/DEFAULTINSTALLDIR/lib/libg/Linux.nvhpc.64.openmpi.default/libesmf.so(ESMCI_FTableCallEntryPointVMHop+0x293)[0x2ba2dfeb7e13]
[r9i1n9:00676] [13] /glade/scratch/dunlap/esmf-testing/nvhpc_21.11_openmpi_g_develop/esmf/DEFAULTINSTALLDIR/lib/libg/Linux.nvhpc.64.openmpi.default/libesmf.so(ESMCI_FTableCallEntryPointVMHop+0x293)[0x2b26a82eee13]
[r9i1n9:00678] [13] /glade/scratch/dunlap/esmf-testing/nvhpc_21.11_openmpi_g_develop/esmf/DEFAULTINSTALLDIR/lib/libg/Linux.nvhpc.64.openmpi.default/libesmf.so(ESMCI_FTableCallEntryPointVMHop+0x293)[0x2b2f8dcc1e13]
[r9i1n9:00679] [13] /glade/scratch/dunlap/esmf-testing/nvhpc_21.11_openmpi_g_develop/esmf/DEFAULTINSTALLDIR/lib/libg/Linux.nvhpc.64.openmpi.default/libesmf.so(ESMCI_FTableCallEntryPointVMHop+0x293)[0x2b4c7555ee13]
[r9i1n9:00677] [13] /glade/scratch/dunlap/esmf-testing/nvhpc_21.11_openmpi_g_develop/esmf/DEFAULTINSTALLDIR/lib/libg/Linux.nvhpc.64.openmpi.default/libesmf.so(_ZN5ESMCI3VMK5enterEPNS_7VMKPlanEPvS3_+0xbb)[0x2ba2e0712efb]
[r9i1n9:00676] [14] /glade/scratch/dunlap/esmf-testing/nvhpc_21.11_openmpi_g_develop/esmf/DEFAULTINSTALLDIR/lib/libg/Linux.nvhpc.64.openmpi.default/libesmf.so(_ZN5ESMCI3VMK5enterEPNS_7VMKPlanEPvS3_+0xbb)[0x2b26a8b49efb]
[r9i1n9:00678] [14] /glade/scratch/dunlap/esmf-testing/nvhpc_21.11_openmpi_g_develop/esmf/DEFAULTINSTALLDIR/lib/libg/Linux.nvhpc.64.openmpi.default/libesmf.so(_ZN5ESMCI3VMK5enterEPNS_7VMKPlanEPvS3_+0xbb)[0x2b2f8e51cefb]
[r9i1n9:00679] [14] /glade/scratch/dunlap/esmf-testing/nvhpc_21.11_openmpi_g_develop/esmf/DEFAULTINSTALLDIR/lib/libg/Linux.nvhpc.64.openmpi.default/libesmf.so(_ZN5ESMCI3VMK5enterEPNS_7VMKPlanEPvS3_+0xbb)[0x2b4c75db9efb]
[r9i1n9:00677] [14] /glade/scratch/dunlap/esmf-testing/nvhpc_21.11_openmpi_g_develop/esmf/DEFAULTINSTALLDIR/lib/libg/Linux.nvhpc.64.openmpi.default/libesmf.so(_ZN5ESMCI2VM5enterEPNS_6VMPlanEPvS3_+0xbe)[0x2ba2e073c47e]
[r9i1n9:00676] [15] /glade/scratch/dunlap/esmf-testing/nvhpc_21.11_openmpi_g_develop/esmf/DEFAULTINSTALLDIR/lib/libg/Linux.nvhpc.64.openmpi.default/libesmf.so(_ZN5ESMCI2VM5enterEPNS_6VMPlanEPvS3_+0xbe)[0x2b26a8b7347e]
[r9i1n9:00678] [15] /glade/scratch/dunlap/esmf-testing/nvhpc_21.11_openmpi_g_develop/esmf/DEFAULTINSTALLDIR/lib/libg/Linux.nvhpc.64.openmpi.default/libesmf.so(_ZN5ESMCI2VM5enterEPNS_6VMPlanEPvS3_+0xbe)[0x2b2f8e54647e]
[r9i1n9:00679] [15] /glade/scratch/dunlap/esmf-testing/nvhpc_21.11_openmpi_g_develop/esmf/DEFAULTINSTALLDIR/lib/libg/Linux.nvhpc.64.openmpi.default/libesmf.so(_ZN5ESMCI2VM5enterEPNS_6VMPlanEPvS3_+0xbe)[0x2b4c75de347e]
[r9i1n9:00677] [15] /glade/scratch/dunlap/esmf-testing/nvhpc_21.11_openmpi_g_develop/esmf/DEFAULTINSTALLDIR/lib/libg/Linux.nvhpc.64.openmpi.default/libesmf.so(c_esmc_ftablecallentrypointvm_+0x393)[0x2ba2dfeb82d3]
[r9i1n9:00676] [16] /glade/scratch/dunlap/esmf-testing/nvhpc_21.11_openmpi_g_develop/esmf/DEFAULTINSTALLDIR/lib/libg/Linux.nvhpc.64.openmpi.default/libesmf.so(c_esmc_ftablecallentrypointvm_+0x393)[0x2b26a82ef2d3]
[r9i1n9:00678] [16] /glade/scratch/dunlap/esmf-testing/nvhpc_21.11_openmpi_g_develop/esmf/DEFAULTINSTALLDIR/lib/libg/Linux.nvhpc.64.openmpi.default/libesmf.so(c_esmc_ftablecallentrypointvm_+0x393)[0x2b2f8dcc22d3]
[r9i1n9:00679] [16] /glade/scratch/dunlap/esmf-testing/nvhpc_21.11_openmpi_g_develop/esmf/DEFAULTINSTALLDIR/lib/libg/Linux.nvhpc.64.openmpi.default/libesmf.so(c_esmc_ftablecallentrypointvm_+0x393)[0x2b4c7555f2d3]
[r9i1n9:00677] [16] /glade/scratch/dunlap/esmf-testing/nvhpc_21.11_openmpi_g_develop/esmf/DEFAULTINSTALLDIR/lib/libg/Linux.nvhpc.64.openmpi.default/libesmf.so(esmf_compmod_esmf_compexecute_+0xab0)[0x2ba2e0a684b0]
[r9i1n9:00676] [17] /glade/scratch/dunlap/esmf-testing/nvhpc_21.11_openmpi_g_develop/esmf/DEFAULTINSTALLDIR/lib/libg/Linux.nvhpc.64.openmpi.default/libesmf.so(esmf_compmod_esmf_compexecute_+0xab0)[0x2b26a8e9f4b0]
[r9i1n9:00678] [17] /glade/scratch/dunlap/esmf-testing/nvhpc_21.11_openmpi_g_develop/esmf/DEFAULTINSTALLDIR/lib/libg/Linux.nvhpc.64.openmpi.default/libesmf.so(esmf_compmod_esmf_compexecute_+0xab0)[0x2b4c7610f4b0]
[r9i1n9:00677] [17] /glade/scratch/dunlap/esmf-testing/nvhpc_21.11_openmpi_g_develop/esmf/DEFAULTINSTALLDIR/lib/libg/Linux.nvhpc.64.openmpi.default/libesmf.so(esmf_compmod_esmf_compexecute_+0xab0)[0x2b2f8e8724b0]
[r9i1n9:00679] [17] /glade/scratch/dunlap/esmf-testing/nvhpc_21.11_openmpi_g_develop/esmf/DEFAULTINSTALLDIR/lib/libg/Linux.nvhpc.64.openmpi.default/libesmf.so(esmf_cplcompmod_esmf_cplcompinitialize_+0x1de)[0x2ba2e0a8169e]
[r9i1n9:00676] [18] /glade/scratch/dunlap/esmf-testing/nvhpc_21.11_openmpi_g_develop/esmf/DEFAULTINSTALLDIR/lib/libg/Linux.nvhpc.64.openmpi.default/libesmf.so(esmf_cplcompmod_esmf_cplcompinitialize_+0x1de)[0x2b26a8eb869e]
[r9i1n9:00678] [18] /glade/scratch/dunlap/esmf-testing/nvhpc_21.11_openmpi_g_develop/esmf/DEFAULTINSTALLDIR/lib/libg/Linux.nvhpc.64.openmpi.default/libesmf.so(esmf_cplcompmod_esmf_cplcompinitialize_+0x1de)[0x2b2f8e88b69e]
[r9i1n9:00679] [18] /glade/scratch/dunlap/esmf-testing/nvhpc_21.11_openmpi_g_develop/esmf/DEFAULTINSTALLDIR/lib/libg/Linux.nvhpc.64.openmpi.default/libesmf.so(esmf_cplcompmod_esmf_cplcompinitialize_+0x1de)[0x2b4c7612869e]
[r9i1n9:00677] [18] /glade/scratch/dunlap/esmf-testing/nvhpc_21.11_openmpi_g_develop/esmf/DEFAULTINSTALLDIR/lib/libg/Linux.nvhpc.64.openmpi.default/libesmf.so(nuopc_driver_loopconnectorcompss_+0x1663)[0x2ba2e146d5a3]
[r9i1n9:00676] [19] /glade/scratch/dunlap/esmf-testing/nvhpc_21.11_openmpi_g_develop/esmf/DEFAULTINSTALLDIR/lib/libg/Linux.nvhpc.64.openmpi.default/libesmf.so(nuopc_driver_loopconnectorcompss_+0x1663)[0x2b26a98a45a3]
[r9i1n9:00678] [19] /glade/scratch/dunlap/esmf-testing/nvhpc_21.11_openmpi_g_develop/esmf/DEFAULTINSTALLDIR/lib/libg/Linux.nvhpc.64.openmpi.default/libesmf.so(nuopc_driver_loopconnectorcompss_+0x1663)[0x2b4c76b145a3]
[r9i1n9:00677] [19] /glade/scratch/dunlap/esmf-testing/nvhpc_21.11_openmpi_g_develop/esmf/DEFAULTINSTALLDIR/lib/libg/Linux.nvhpc.64.openmpi.default/libesmf.so(nuopc_driver_loopconnectorcompss_+0x1663)[0x2b2f8f2775a3]
[r9i1n9:00679] [19] /glade/scratch/dunlap/esmf-testing/nvhpc_21.11_openmpi_g_develop/esmf/DEFAULTINSTALLDIR/lib/libg/Linux.nvhpc.64.openmpi.default/libesmf.so(nuopc_driver_initializeipdv02p3_+0x4542)[0x2ba2e1460d82]
[r9i1n9:00676] [20] /glade/scratch/dunlap/esmf-testing/nvhpc_21.11_openmpi_g_develop/esmf/DEFAULTINSTALLDIR/lib/libg/Linux.nvhpc.64.openmpi.default/libesmf.so(nuopc_driver_initializeipdv02p3_+0x4542)[0x2b26a9897d82]
[r9i1n9:00678] [20] /glade/scratch/dunlap/esmf-testing/nvhpc_21.11_openmpi_g_develop/esmf/DEFAULTINSTALLDIR/lib/libg/Linux.nvhpc.64.openmpi.default/libesmf.so(nuopc_driver_initializeipdv02p3_+0x4542)[0x2b2f8f26ad82]
[r9i1n9:00679] [20] /glade/scratch/dunlap/esmf-testing/nvhpc_21.11_openmpi_g_develop/esmf/DEFAULTINSTALLDIR/lib/libg/Linux.nvhpc.64.openmpi.default/libesmf.so(nuopc_driver_initializeipdv02p3_+0x4542)[0x2b4c76b07d82]
[r9i1n9:00677] [20] /glade/scratch/dunlap/esmf-testing/nvhpc_21.11_openmpi_g_develop/esmf/DEFAULTINSTALLDIR/lib/libg/Linux.nvhpc.64.openmpi.default/libesmf.so(nuopc_driver_initializegeneric_+0xd60)[0x2ba2e1445a20]
[r9i1n9:00676] [21] /glade/scratch/dunlap/esmf-testing/nvhpc_21.11_openmpi_g_develop/esmf/DEFAULTINSTALLDIR/lib/libg/Linux.nvhpc.64.openmpi.default/libesmf.so(nuopc_driver_initializegeneric_+0xd60)[0x2b26a987ca20]
[r9i1n9:00678] [21] /glade/scratch/dunlap/esmf-testing/nvhpc_21.11_openmpi_g_develop/esmf/DEFAULTINSTALLDIR/lib/libg/Linux.nvhpc.64.openmpi.default/libesmf.so(nuopc_driver_initializegeneric_+0xd60)[0x2b2f8f24fa20]
[r9i1n9:00679] [21] /glade/scratch/dunlap/esmf-testing/nvhpc_21.11_openmpi_g_develop/esmf/DEFAULTINSTALLDIR/lib/libg/Linux.nvhpc.64.openmpi.default/libesmf.so(nuopc_driver_initializegeneric_+0xd60)[0x2b4c76aeca20]
[r9i1n9:00677] [21] /glade/scratch/dunlap/esmf-testing/nvhpc_21.11_openmpi_g_develop/esmf/DEFAULTINSTALLDIR/lib/libg/Linux.nvhpc.64.openmpi.default/libesmf.so(_ZN5ESMCI6FTable12callVFuncPtrEPKcPNS_2VMEPi+0xc3c)[0x2ba2dfebcbbc]
[r9i1n9:00676] [22] /glade/scratch/dunlap/esmf-testing/nvhpc_21.11_openmpi_g_develop/esmf/DEFAULTINSTALLDIR/lib/libg/Linux.nvhpc.64.openmpi.default/libesmf.so(_ZN5ESMCI6FTable12callVFuncPtrEPKcPNS_2VMEPi+0xc3c)[0x2b26a82f3bbc]
[r9i1n9:00678] [22] /glade/scratch/dunlap/esmf-testing/nvhpc_21.11_openmpi_g_develop/esmf/DEFAULTINSTALLDIR/lib/libg/Linux.nvhpc.64.openmpi.default/libesmf.so(_ZN5ESMCI6FTable12callVFuncPtrEPKcPNS_2VMEPi+0xc3c)[0x2b2f8dcc6bbc]
[r9i1n9:00679] [22] /glade/scratch/dunlap/esmf-testing/nvhpc_21.11_openmpi_g_develop/esmf/DEFAULTINSTALLDIR/lib/libg/Linux.nvhpc.64.openmpi.default/libesmf.so(_ZN5ESMCI6FTable12callVFuncPtrEPKcPNS_2VMEPi+0xc3c)[0x2b4c75563bbc]
[r9i1n9:00677] [22] /glade/scratch/dunlap/esmf-testing/nvhpc_21.11_openmpi_g_develop/esmf/DEFAULTINSTALLDIR/lib/libg/Linux.nvhpc.64.openmpi.default/libesmf.so(ESMCI_FTableCallEntryPointVMHop+0x293)[0x2ba2dfeb7e13]
[r9i1n9:00676] [23] /glade/scratch/dunlap/esmf-testing/nvhpc_21.11_openmpi_g_develop/esmf/DEFAULTINSTALLDIR/lib/libg/Linux.nvhpc.64.openmpi.default/libesmf.so(ESMCI_FTableCallEntryPointVMHop+0x293)[0x2b26a82eee13]
[r9i1n9:00678] [23] /glade/scratch/dunlap/esmf-testing/nvhpc_21.11_openmpi_g_develop/esmf/DEFAULTINSTALLDIR/lib/libg/Linux.nvhpc.64.openmpi.default/libesmf.so(ESMCI_FTableCallEntryPointVMHop+0x293)[0x2b4c7555ee13]
[r9i1n9:00677] [23] /glade/scratch/dunlap/esmf-testing/nvhpc_21.11_openmpi_g_develop/esmf/DEFAULTINSTALLDIR/lib/libg/Linux.nvhpc.64.openmpi.default/libesmf.so(ESMCI_FTableCallEntryPointVMHop+0x293)[0x2b2f8dcc1e13]
[r9i1n9:00679] [23] /glade/scratch/dunlap/esmf-testing/nvhpc_21.11_openmpi_g_develop/esmf/DEFAULTINSTALLDIR/lib/libg/Linux.nvhpc.64.openmpi.default/libesmf.so(_ZN5ESMCI3VMK5enterEPNS_7VMKPlanEPvS3_+0xbb)[0x2ba2e0712efb]
[r9i1n9:00676] [24] /glade/scratch/dunlap/esmf-testing/nvhpc_21.11_openmpi_g_develop/esmf/DEFAULTINSTALLDIR/lib/libg/Linux.nvhpc.64.openmpi.default/libesmf.so(_ZN5ESMCI3VMK5enterEPNS_7VMKPlanEPvS3_+0xbb)[0x2b26a8b49efb]
[r9i1n9:00678] [24] /glade/scratch/dunlap/esmf-testing/nvhpc_21.11_openmpi_g_develop/esmf/DEFAULTINSTALLDIR/lib/libg/Linux.nvhpc.64.openmpi.default/libesmf.so(_ZN5ESMCI3VMK5enterEPNS_7VMKPlanEPvS3_+0xbb)[0x2b2f8e51cefb]
[r9i1n9:00679] [24] /glade/scratch/dunlap/esmf-testing/nvhpc_21.11_openmpi_g_develop/esmf/DEFAULTINSTALLDIR/lib/libg/Linux.nvhpc.64.openmpi.default/libesmf.so(_ZN5ESMCI3VMK5enterEPNS_7VMKPlanEPvS3_+0xbb)[0x2b4c75db9efb]
[r9i1n9:00677] [24] /glade/scratch/dunlap/esmf-testing/nvhpc_21.11_openmpi_g_develop/esmf/DEFAULTINSTALLDIR/lib/libg/Linux.nvhpc.64.openmpi.default/libesmf.so(_ZN5ESMCI2VM5enterEPNS_6VMPlanEPvS3_+0xbe)[0x2b26a8b7347e]
[r9i1n9:00678] [25] /glade/scratch/dunlap/esmf-testing/nvhpc_21.11_openmpi_g_develop/esmf/DEFAULTINSTALLDIR/lib/libg/Linux.nvhpc.64.openmpi.default/libesmf.so(_ZN5ESMCI2VM5enterEPNS_6VMPlanEPvS3_+0xbe)[0x2ba2e073c47e]
[r9i1n9:00676] [25] /glade/scratch/dunlap/esmf-testing/nvhpc_21.11_openmpi_g_develop/esmf/DEFAULTINSTALLDIR/lib/libg/Linux.nvhpc.64.openmpi.default/libesmf.so(_ZN5ESMCI2VM5enterEPNS_6VMPlanEPvS3_+0xbe)[0x2b4c75de347e]
[r9i1n9:00677] [25] /glade/scratch/dunlap/esmf-testing/nvhpc_21.11_openmpi_g_develop/esmf/DEFAULTINSTALLDIR/lib/libg/Linux.nvhpc.64.openmpi.default/libesmf.so(_ZN5ESMCI2VM5enterEPNS_6VMPlanEPvS3_+0xbe)[0x2b2f8e54647e]
[r9i1n9:00679] [25] /glade/scratch/dunlap/esmf-testing/nvhpc_21.11_openmpi_g_develop/esmf/DEFAULTINSTALLDIR/lib/libg/Linux.nvhpc.64.openmpi.default/libesmf.so(c_esmc_ftablecallentrypointvm_+0x393)[0x2ba2dfeb82d3]
[r9i1n9:00676] [26] /glade/scratch/dunlap/esmf-testing/nvhpc_21.11_openmpi_g_develop/esmf/DEFAULTINSTALLDIR/lib/libg/Linux.nvhpc.64.openmpi.default/libesmf.so(c_esmc_ftablecallentrypointvm_+0x393)[0x2b26a82ef2d3]
[r9i1n9:00678] [26] /glade/scratch/dunlap/esmf-testing/nvhpc_21.11_openmpi_g_develop/esmf/DEFAULTINSTALLDIR/lib/libg/Linux.nvhpc.64.openmpi.default/libesmf.so(c_esmc_ftablecallentrypointvm_+0x393)[0x2b4c7555f2d3]
[r9i1n9:00677] [26] /glade/scratch/dunlap/esmf-testing/nvhpc_21.11_openmpi_g_develop/esmf/DEFAULTINSTALLDIR/lib/libg/Linux.nvhpc.64.openmpi.default/libesmf.so(c_esmc_ftablecallentrypointvm_+0x393)[0x2b2f8dcc22d3]
[r9i1n9:00679] [26] /glade/scratch/dunlap/esmf-testing/nvhpc_21.11_openmpi_g_develop/esmf/DEFAULTINSTALLDIR/lib/libg/Linux.nvhpc.64.openmpi.default/libesmf.so(esmf_compmod_esmf_compexecute_+0xab0)[0x2b26a8e9f4b0]
[r9i1n9:00678] [27] /glade/scratch/dunlap/esmf-testing/nvhpc_21.11_openmpi_g_develop/esmf/DEFAULTINSTALLDIR/lib/libg/Linux.nvhpc.64.openmpi.default/libesmf.so(esmf_compmod_esmf_compexecute_+0xab0)[0x2ba2e0a684b0]
[r9i1n9:00676] [27] /glade/scratch/dunlap/esmf-testing/nvhpc_21.11_openmpi_g_develop/esmf/DEFAULTINSTALLDIR/lib/libg/Linux.nvhpc.64.openmpi.default/libesmf.so(esmf_compmod_esmf_compexecute_+0xab0)[0x2b4c7610f4b0]
[r9i1n9:00677] [27] /glade/scratch/dunlap/esmf-testing/nvhpc_21.11_openmpi_g_develop/esmf/DEFAULTINSTALLDIR/lib/libg/Linux.nvhpc.64.openmpi.default/libesmf.so(esmf_compmod_esmf_compexecute_+0xab0)[0x2b2f8e8724b0]
[r9i1n9:00679] [27] /glade/scratch/dunlap/esmf-testing/nvhpc_21.11_openmpi_g_develop/esmf/DEFAULTINSTALLDIR/lib/libg/Linux.nvhpc.64.openmpi.default/libesmf.so(esmf_gridcompmod_esmf_gridcompinitialize_+0x1de)[0x2ba2e0d429de]
[r9i1n9:00676] [28] ./esmApp[0x4072a6]
[r9i1n9:00676] [29] ./esmApp[0x406d73]
[r9i1n9:00676] *** End of error message ***
/glade/scratch/dunlap/esmf-testing/nvhpc_21.11_openmpi_g_develop/esmf/DEFAULTINSTALLDIR/lib/libg/Linux.nvhpc.64.openmpi.default/libesmf.so(esmf_gridcompmod_esmf_gridcompinitialize_+0x1de)[0x2b26a91799de]
[r9i1n9:00678] [28] ./esmApp[0x4072a6]
[r9i1n9:00678] [29] ./esmApp[0x406d73]
[r9i1n9:00678] *** End of error message ***
/glade/scratch/dunlap/esmf-testing/nvhpc_21.11_openmpi_g_develop/esmf/DEFAULTINSTALLDIR/lib/libg/Linux.nvhpc.64.openmpi.default/libesmf.so(esmf_gridcompmod_esmf_gridcompinitialize_+0x1de)[0x2b2f8eb4c9de]
[r9i1n9:00679] [28] ./esmApp[0x4072a6]
[r9i1n9:00679] [29] ./esmApp[0x406d73]
[r9i1n9:00679] *** End of error message ***
/glade/scratch/dunlap/esmf-testing/nvhpc_21.11_openmpi_g_develop/esmf/DEFAULTINSTALLDIR/lib/libg/Linux.nvhpc.64.openmpi.default/libesmf.so(esmf_gridcompmod_esmf_gridcompinitialize_+0x1de)[0x2b4c763e99de]
[r9i1n9:00677] [28] ./esmApp[0x4072a6]
[r9i1n9:00677] [29] ./esmApp[0x406d73]
[r9i1n9:00677] *** End of error message ***
--------------------------------------------------------------------------
Primary job  terminated normally, but 1 process returned
a non-zero exit code. Per user-direction, the job has been aborted.
--------------------------------------------------------------------------
--------------------------------------------------------------------------
mpirun noticed that process rank 2 with PID 0 on node r9i1n9 exited on signal 11 (Segmentation fault).
--------------------------------------------------------------------------
