2022-08-09 02:54:30
[1660014805.942686] [h35m34:171191:0]         mxm.c:196  MXM  WARN  The 'ulimit -s' on the system is set to 'unlimited'. This may have negative performance implications. Please set the stack size to the default value (10240) 
[1660014805.942736] [h35m34:171190:0]         mxm.c:196  MXM  WARN  The 'ulimit -s' on the system is set to 'unlimited'. This may have negative performance implications. Please set the stack size to the default value (10240) 
[1660014805.942844] [h35m34:171192:0]         mxm.c:196  MXM  WARN  The 'ulimit -s' on the system is set to 'unlimited'. This may have negative performance implications. Please set the stack size to the default value (10240) 
[1660014805.942748] [h35m34:171193:0]         mxm.c:196  MXM  WARN  The 'ulimit -s' on the system is set to 'unlimited'. This may have negative performance implications. Please set the stack size to the default value (10240) 
[1660014805.948046] [h35m34:171191:0]         mxm.c:196  MXM  WARN  The 'ulimit -s' on the system is set to 'unlimited'. This may have negative performance implications. Please set the stack size to the default value (10240) 
[1660014805.948157] [h35m34:171193:0]         mxm.c:196  MXM  WARN  The 'ulimit -s' on the system is set to 'unlimited'. This may have negative performance implications. Please set the stack size to the default value (10240) 
[1660014805.948460] [h35m34:171190:0]         mxm.c:196  MXM  WARN  The 'ulimit -s' on the system is set to 'unlimited'. This may have negative performance implications. Please set the stack size to the default value (10240) 
[1660014805.948502] [h35m34:171192:0]         mxm.c:196  MXM  WARN  The 'ulimit -s' on the system is set to 'unlimited'. This may have negative performance implications. Please set the stack size to the default value (10240) 
 ESMF_LogWrite(): ESMF_Log not open -- cannot ESMF_LogWrite().  Log message = epochInit
 ESMF_LogWrite(): ESMF_Log not open -- cannot ESMF_LogWrite().  Log message = epochInit
 ESMF_LogWrite(): ESMF_Log not open -- cannot ESMF_LogWrite().  Log message = epochInit
 ESMF_LogWrite(): ESMF_Log not open -- cannot ESMF_LogWrite().  Log message = epochInit
  PASS  Example ESMF_RHandleFromFileEx, ESMF_RHandleFromFileEx.F90, line 192
  PASS  Example ESMF_RHandleFromFileEx, ESMF_RHandleFromFileEx.F90, line 192
  PASS  Example ESMF_RHandleFromFileEx, ESMF_RHandleFromFileEx.F90, line 192
  PASS  Example ESMF_RHandleFromFileEx, ESMF_RHandleFromFileEx.F90, line 192
 PASS: ESMF_RHandleFromFileEx.F90
 PASS: ESMF_RHandleFromFileEx.F90
 PASS: ESMF_RHandleFromFileEx.F90
 PASS: ESMF_RHandleFromFileEx.F90
