2022-08-05 02:38:25
20220805 025848.541 INFO             PET0 !!!!!!!!!!!!!!!!!!!!!!!!!!!!!!!!!!!!!!!!!!!!!!!!!!!!!!
20220805 025848.541 INFO             PET0 !!! THE ESMF_LOG IS SET TO OUTPUT ALL LOG MESSAGES !!!
20220805 025848.541 INFO             PET0 !!!     THIS MAY CAUSE SLOWDOWN IN PERFORMANCE     !!!
20220805 025848.541 INFO             PET0 !!! FOR PRODUCTION RUNS, USE:                      !!!
20220805 025848.541 INFO             PET0 !!!                   ESMF_LOGKIND_Multi_On_Error  !!!
20220805 025848.541 INFO             PET0 !!!!!!!!!!!!!!!!!!!!!!!!!!!!!!!!!!!!!!!!!!!!!!!!!!!!!!
20220805 025848.541 INFO             PET0 Running with ESMF Version   : v8.3.0b17-27-g5b5163fc0a
20220805 025848.541 INFO             PET0 ESMF library build date/time: "Aug  5 2022" "02:37:23"
20220805 025848.541 INFO             PET0 ESMF library build location : /scratch1/NCEPDEV/stmp2/Rocky.Dunlap/esmf-testing/gfortran_9.2.0b_openmpi_O_feature_large-messages/esmf
20220805 025848.541 INFO             PET0 ESMF_COMM                   : openmpi
20220805 025848.541 INFO             PET0 ESMF_MOAB                   : enabled
20220805 025848.541 INFO             PET0 ESMF_LAPACK                 : enabled
20220805 025848.541 INFO             PET0 ESMF_NETCDF                 : disabled
20220805 025848.541 INFO             PET0 ESMF_PNETCDF                : disabled
20220805 025848.541 INFO             PET0 ESMF_PIO                    : disabled
20220805 025848.541 INFO             PET0 ESMF_YAMLCPP                : enabled
20220805 025848.541 DEBUG            PET0 VMK::recv():4898, size=40 in 1 chunks
20220805 025848.541 DEBUG            PET0 VMK::recv():4898, size=40 in 1 chunks
20220805 025848.541 DEBUG            PET0 VMK::recv():4898, size=40 in 1 chunks
20220805 025848.542 DEBUG            PET0 epochBuffer:4765 non-blocking recv firstFlag=1 size=40
20220805 025848.542 DEBUG            PET0 epochBuffer:4778 ready to probe: src=3
20220805 025848.543 DEBUG            PET0 epochBuffer:4813 time in blocking probe: 0.00169109 seconds
20220805 025848.543 DEBUG            PET0 epochBuffer:4817 incoming message of size=104
20220805 025848.543 DEBUG            PET0 epochBuffer:4830 ready to post blocking recv: src=3 size=104 streamBuffer=0x1d52230
20220805 025848.543 DEBUG            PET0 epochBuffer:4849 time in blocking recv: 5.85895e-06 seconds
20220805 025848.543 DEBUG            PET0 epochBuffer:4863 processing recv chunk: buffer=0x1d52230 chunkSize=40 chunkTag=3000
20220805 025848.543 DEBUG            PET0 epochBuffer:4765 non-blocking recv firstFlag=0 size=40
20220805 025848.543 DEBUG            PET0 epochBuffer:4863 processing recv chunk: buffer=0x1d52264 chunkSize=40 chunkTag=3000
20220805 025848.543 INFO             PET0  NUMBER_OF_PROCESSORS           4
20220805 025848.543 INFO             PET0  PASS  Example ESMF_VMNonBlockingEx, ESMF_VMNonBlockingEx.F90, line 433
20220805 025848.543 INFO             PET0 Finalizing ESMF
20220805 025848.544 DEBUG            PET0 epochFinal
20220805 025848.540 INFO             PET1 !!!!!!!!!!!!!!!!!!!!!!!!!!!!!!!!!!!!!!!!!!!!!!!!!!!!!!
20220805 025848.540 INFO             PET1 !!! THE ESMF_LOG IS SET TO OUTPUT ALL LOG MESSAGES !!!
20220805 025848.540 INFO             PET1 !!!     THIS MAY CAUSE SLOWDOWN IN PERFORMANCE     !!!
20220805 025848.540 INFO             PET1 !!! FOR PRODUCTION RUNS, USE:                      !!!
20220805 025848.540 INFO             PET1 !!!                   ESMF_LOGKIND_Multi_On_Error  !!!
20220805 025848.540 INFO             PET1 !!!!!!!!!!!!!!!!!!!!!!!!!!!!!!!!!!!!!!!!!!!!!!!!!!!!!!
20220805 025848.540 INFO             PET1 Running with ESMF Version   : v8.3.0b17-27-g5b5163fc0a
20220805 025848.540 INFO             PET1 ESMF library build date/time: "Aug  5 2022" "02:37:23"
20220805 025848.540 INFO             PET1 ESMF library build location : /scratch1/NCEPDEV/stmp2/Rocky.Dunlap/esmf-testing/gfortran_9.2.0b_openmpi_O_feature_large-messages/esmf
20220805 025848.540 INFO             PET1 ESMF_COMM                   : openmpi
20220805 025848.541 INFO             PET1 ESMF_MOAB                   : enabled
20220805 025848.541 INFO             PET1 ESMF_LAPACK                 : enabled
20220805 025848.541 INFO             PET1 ESMF_NETCDF                 : disabled
20220805 025848.541 INFO             PET1 ESMF_PNETCDF                : disabled
20220805 025848.541 INFO             PET1 ESMF_PIO                    : disabled
20220805 025848.541 INFO             PET1 ESMF_YAMLCPP                : enabled
20220805 025848.541 INFO             PET1  NUMBER_OF_PROCESSORS           4
20220805 025848.541 INFO             PET1  PASS  Example ESMF_VMNonBlockingEx, ESMF_VMNonBlockingEx.F90, line 433
20220805 025848.541 INFO             PET1 Finalizing ESMF
20220805 025848.541 DEBUG            PET1 epochFinal
20220805 025848.541 INFO             PET2 !!!!!!!!!!!!!!!!!!!!!!!!!!!!!!!!!!!!!!!!!!!!!!!!!!!!!!
20220805 025848.541 INFO             PET2 !!! THE ESMF_LOG IS SET TO OUTPUT ALL LOG MESSAGES !!!
20220805 025848.541 INFO             PET2 !!!     THIS MAY CAUSE SLOWDOWN IN PERFORMANCE     !!!
20220805 025848.541 INFO             PET2 !!! FOR PRODUCTION RUNS, USE:                      !!!
20220805 025848.541 INFO             PET2 !!!                   ESMF_LOGKIND_Multi_On_Error  !!!
20220805 025848.541 INFO             PET2 !!!!!!!!!!!!!!!!!!!!!!!!!!!!!!!!!!!!!!!!!!!!!!!!!!!!!!
20220805 025848.541 INFO             PET2 Running with ESMF Version   : v8.3.0b17-27-g5b5163fc0a
20220805 025848.541 INFO             PET2 ESMF library build date/time: "Aug  5 2022" "02:37:23"
20220805 025848.541 INFO             PET2 ESMF library build location : /scratch1/NCEPDEV/stmp2/Rocky.Dunlap/esmf-testing/gfortran_9.2.0b_openmpi_O_feature_large-messages/esmf
20220805 025848.541 INFO             PET2 ESMF_COMM                   : openmpi
20220805 025848.541 INFO             PET2 ESMF_MOAB                   : enabled
20220805 025848.541 INFO             PET2 ESMF_LAPACK                 : enabled
20220805 025848.541 INFO             PET2 ESMF_NETCDF                 : disabled
20220805 025848.541 INFO             PET2 ESMF_PNETCDF                : disabled
20220805 025848.541 INFO             PET2 ESMF_PIO                    : disabled
20220805 025848.541 INFO             PET2 ESMF_YAMLCPP                : enabled
20220805 025848.541 INFO             PET2  NUMBER_OF_PROCESSORS           4
20220805 025848.541 INFO             PET2  PASS  Example ESMF_VMNonBlockingEx, ESMF_VMNonBlockingEx.F90, line 433
20220805 025848.541 INFO             PET2 Finalizing ESMF
20220805 025848.542 DEBUG            PET2 epochFinal
20220805 025848.540 INFO             PET3 !!!!!!!!!!!!!!!!!!!!!!!!!!!!!!!!!!!!!!!!!!!!!!!!!!!!!!
20220805 025848.540 INFO             PET3 !!! THE ESMF_LOG IS SET TO OUTPUT ALL LOG MESSAGES !!!
20220805 025848.540 INFO             PET3 !!!     THIS MAY CAUSE SLOWDOWN IN PERFORMANCE     !!!
20220805 025848.540 INFO             PET3 !!! FOR PRODUCTION RUNS, USE:                      !!!
20220805 025848.540 INFO             PET3 !!!                   ESMF_LOGKIND_Multi_On_Error  !!!
20220805 025848.540 INFO             PET3 !!!!!!!!!!!!!!!!!!!!!!!!!!!!!!!!!!!!!!!!!!!!!!!!!!!!!!
20220805 025848.540 INFO             PET3 Running with ESMF Version   : v8.3.0b17-27-g5b5163fc0a
20220805 025848.540 INFO             PET3 ESMF library build date/time: "Aug  5 2022" "02:37:23"
20220805 025848.540 INFO             PET3 ESMF library build location : /scratch1/NCEPDEV/stmp2/Rocky.Dunlap/esmf-testing/gfortran_9.2.0b_openmpi_O_feature_large-messages/esmf
20220805 025848.540 INFO             PET3 ESMF_COMM                   : openmpi
20220805 025848.541 INFO             PET3 ESMF_MOAB                   : enabled
20220805 025848.541 INFO             PET3 ESMF_LAPACK                 : enabled
20220805 025848.541 INFO             PET3 ESMF_NETCDF                 : disabled
20220805 025848.541 INFO             PET3 ESMF_PNETCDF                : disabled
20220805 025848.541 INFO             PET3 ESMF_PIO                    : disabled
20220805 025848.541 INFO             PET3 ESMF_YAMLCPP                : enabled
20220805 025848.541 DEBUG            PET3 VMK::send():4407, size=40 in 1 chunks
20220805 025848.541 DEBUG            PET3 VMK::send():4407, size=40 in 1 chunks
20220805 025848.541 DEBUG            PET3 VMK::send():4407, size=40 in 1 chunks
20220805 025848.542 DEBUG            PET3 epochBuffer:4353 non-blocking send to dst=0 firstFlag=1 msg size=40
20220805 025848.542 DEBUG            PET3 epochBuffer:4063 ready to clear outstanding comm
20220805 025848.542 INFO             PET3 VMK::sendBuffer::clear():1.0 - MemInfo: [/proc/meminfo - SSI]	MemTotal:       97470692 kB
20220805 025848.542 INFO             PET3 VMK::sendBuffer::clear():1.0 - MemInfo: [/proc/meminfo - SSI]	MemFree:        91984740 kB
20220805 025848.542 INFO             PET3 VMK::sendBuffer::clear():1.0 - MemInfo: [/proc/meminfo - SSI]	MemAvailable:   92224692 kB
20220805 025848.542 INFO             PET3 VMK::sendBuffer::clear():1.0 - MemInfo: [/proc/meminfo - SSI]	Committed_AS:     835232 kB
20220805 025848.542 INFO             PET3 VMK::sendBuffer::clear():1.0 - MemInfo: [/proc/meminfo - SSI]	CommittedPercent: 0.856906 %
20220805 025848.542 INFO             PET3 VMK::sendBuffer::clear():1.0 - MemInfo: [/proc/self/status]	VmPeak:	  450276 kB
20220805 025848.542 INFO             PET3 VMK::sendBuffer::clear():1.0 - MemInfo: [/proc/self/status]	VmSize:	  416144 kB
20220805 025848.542 INFO             PET3 VMK::sendBuffer::clear():1.0 - MemInfo: [/proc/self/status]	VmLck:	       0 kB
20220805 025848.542 INFO             PET3 VMK::sendBuffer::clear():1.0 - MemInfo: [/proc/self/status]	VmPin:	   68020 kB
20220805 025848.542 INFO             PET3 VMK::sendBuffer::clear():1.0 - MemInfo: [/proc/self/status]	VmHWM:	  105144 kB
20220805 025848.542 INFO             PET3 VMK::sendBuffer::clear():1.0 - MemInfo: [/proc/self/status]	VmRSS:	   62508 kB
20220805 025848.542 INFO             PET3 VMK::sendBuffer::clear():1.0 - MemInfo: [/proc/self/status]	VmData:	  212812 kB
20220805 025848.542 INFO             PET3 VMK::sendBuffer::clear():1.0 - MemInfo: [/proc/self/status]	VmStk:	     144 kB
20220805 025848.542 INFO             PET3 VMK::sendBuffer::clear():1.0 - MemInfo: [/proc/self/status]	VmExe:	      12 kB
20220805 025848.542 INFO             PET3 VMK::sendBuffer::clear():1.0 - MemInfo: [/proc/self/status]	VmLib:	   46216 kB
20220805 025848.542 INFO             PET3 VMK::sendBuffer::clear():1.0 - MemInfo: [/proc/self/status]	VmPTE:	     404 kB
20220805 025848.542 INFO             PET3 VMK::sendBuffer::clear():1.0 - MemInfo: [/proc/self/status]	VmSwap:	       0 kB
20220805 025848.542 INFO             PET3 VMK::sendBuffer::clear():1.0 - MemInfo: [/proc/self/status]	VmRSSPercent: 0.06413 %
20220805 025848.542 INFO             PET3 VMK::sendBuffer::clear():1.0 - MemInfo: [malloc] Non-mmapped space allocated:                 3440640 Byte
20220805 025848.542 INFO             PET3 VMK::sendBuffer::clear():1.0 - MemInfo: [malloc] Space allocated in mmapped regions:          5603328 Byte
20220805 025848.542 INFO             PET3 VMK::sendBuffer::clear():1.0 - MemInfo: [malloc] Maximum total allocated space:                     0 Byte
20220805 025848.542 INFO             PET3 VMK::sendBuffer::clear():1.0 - MemInfo: [malloc] Space in freed fastbin blocks:                  3792 Byte
20220805 025848.542 INFO             PET3 VMK::sendBuffer::clear():1.0 - MemInfo: [malloc] Total allocated space:                       3061904 Byte
20220805 025848.542 INFO             PET3 VMK::sendBuffer::clear():1.0 - MemInfo: [malloc] Total free space:                             378736 Byte
20220805 025848.542 INFO             PET3 VMK::sendBuffer::clear():1.0 - MemInfo: [malloc] Top-most, releasable space:                    96944 Byte
20220805 025848.542 INFO             PET3 VMK::sendBuffer::clear():1.0 - MemInfo: [malloc] Total space in use, mmap + non-mmap:         8665232 Byte
20220805 025848.542 INFO             PET3 VMK::sendBuffer::clear():1.0 - MemInfo: [malloc] Total space held (mmap + non-mmap):          9043968 Byte
20220805 025848.542 INFO             PET3 VMK::sendBuffer::clear():1.0 - MemInfo: [malloc] Total space used (mmap + non-mmap):          8674416 Byte
20220805 025848.542 INFO             PET3 VMK::sendBuffer::clear():1.0 - MemInfo: Wall-clock time since execution start:               0.006975 seconds
20220805 025848.542 INFO             PET3 VMK::sendBuffer::clear():2.0 - MemInfo: [/proc/meminfo - SSI]	MemTotal:       97470692 kB
20220805 025848.542 INFO             PET3 VMK::sendBuffer::clear():2.0 - MemInfo: [/proc/meminfo - SSI]	MemFree:        91984740 kB
20220805 025848.542 INFO             PET3 VMK::sendBuffer::clear():2.0 - MemInfo: [/proc/meminfo - SSI]	MemAvailable:   92224692 kB
20220805 025848.542 INFO             PET3 VMK::sendBuffer::clear():2.0 - MemInfo: [/proc/meminfo - SSI]	Committed_AS:     835232 kB
20220805 025848.542 INFO             PET3 VMK::sendBuffer::clear():2.0 - MemInfo: [/proc/meminfo - SSI]	CommittedPercent: 0.856906 %
20220805 025848.542 INFO             PET3 VMK::sendBuffer::clear():2.0 - MemInfo: [/proc/self/status]	VmPeak:	  450276 kB
20220805 025848.542 INFO             PET3 VMK::sendBuffer::clear():2.0 - MemInfo: [/proc/self/status]	VmSize:	  416144 kB
20220805 025848.542 INFO             PET3 VMK::sendBuffer::clear():2.0 - MemInfo: [/proc/self/status]	VmLck:	       0 kB
20220805 025848.542 INFO             PET3 VMK::sendBuffer::clear():2.0 - MemInfo: [/proc/self/status]	VmPin:	   68020 kB
20220805 025848.542 INFO             PET3 VMK::sendBuffer::clear():2.0 - MemInfo: [/proc/self/status]	VmHWM:	  105144 kB
20220805 025848.542 INFO             PET3 VMK::sendBuffer::clear():2.0 - MemInfo: [/proc/self/status]	VmRSS:	   62556 kB
20220805 025848.542 INFO             PET3 VMK::sendBuffer::clear():2.0 - MemInfo: [/proc/self/status]	VmData:	  212812 kB
20220805 025848.542 INFO             PET3 VMK::sendBuffer::clear():2.0 - MemInfo: [/proc/self/status]	VmStk:	     144 kB
20220805 025848.542 INFO             PET3 VMK::sendBuffer::clear():2.0 - MemInfo: [/proc/self/status]	VmExe:	      12 kB
20220805 025848.542 INFO             PET3 VMK::sendBuffer::clear():2.0 - MemInfo: [/proc/self/status]	VmLib:	   46216 kB
20220805 025848.542 INFO             PET3 VMK::sendBuffer::clear():2.0 - MemInfo: [/proc/self/status]	VmPTE:	     404 kB
20220805 025848.542 INFO             PET3 VMK::sendBuffer::clear():2.0 - MemInfo: [/proc/self/status]	VmSwap:	       0 kB
20220805 025848.542 INFO             PET3 VMK::sendBuffer::clear():2.0 - MemInfo: [/proc/self/status]	VmRSSPercent: 0.0641793 %
20220805 025848.542 INFO             PET3 VMK::sendBuffer::clear():2.0 - MemInfo: [malloc] Non-mmapped space allocated:                 3440640 Byte
20220805 025848.542 INFO             PET3 VMK::sendBuffer::clear():2.0 - MemInfo: [malloc] Space allocated in mmapped regions:          5603328 Byte
20220805 025848.542 INFO             PET3 VMK::sendBuffer::clear():2.0 - MemInfo: [malloc] Maximum total allocated space:                     0 Byte
20220805 025848.542 INFO             PET3 VMK::sendBuffer::clear():2.0 - MemInfo: [malloc] Space in freed fastbin blocks:                  3744 Byte
20220805 025848.542 INFO             PET3 VMK::sendBuffer::clear():2.0 - MemInfo: [malloc] Total allocated space:                       3061808 Byte
20220805 025848.542 INFO             PET3 VMK::sendBuffer::clear():2.0 - MemInfo: [malloc] Total free space:                             378832 Byte
20220805 025848.542 INFO             PET3 VMK::sendBuffer::clear():2.0 - MemInfo: [malloc] Top-most, releasable space:                    95920 Byte
20220805 025848.542 INFO             PET3 VMK::sendBuffer::clear():2.0 - MemInfo: [malloc] Total space in use, mmap + non-mmap:         8665136 Byte
20220805 025848.542 INFO             PET3 VMK::sendBuffer::clear():2.0 - MemInfo: [malloc] Total space held (mmap + non-mmap):          9043968 Byte
20220805 025848.542 INFO             PET3 VMK::sendBuffer::clear():2.0 - MemInfo: [malloc] Total space used (mmap + non-mmap):          8674288 Byte
20220805 025848.542 INFO             PET3 VMK::sendBuffer::clear():2.0 - MemInfo: Wall-clock time since execution start:              0.0072469 seconds
20220805 025848.542 INFO             PET3 VMK::sendBuffer::clear():3.0 - MemInfo: [/proc/meminfo - SSI]	MemTotal:       97470692 kB
20220805 025848.542 INFO             PET3 VMK::sendBuffer::clear():3.0 - MemInfo: [/proc/meminfo - SSI]	MemFree:        91984740 kB
20220805 025848.542 INFO             PET3 VMK::sendBuffer::clear():3.0 - MemInfo: [/proc/meminfo - SSI]	MemAvailable:   92224692 kB
20220805 025848.542 INFO             PET3 VMK::sendBuffer::clear():3.0 - MemInfo: [/proc/meminfo - SSI]	Committed_AS:     835232 kB
20220805 025848.542 INFO             PET3 VMK::sendBuffer::clear():3.0 - MemInfo: [/proc/meminfo - SSI]	CommittedPercent: 0.856906 %
20220805 025848.542 INFO             PET3 VMK::sendBuffer::clear():3.0 - MemInfo: [/proc/self/status]	VmPeak:	  450276 kB
20220805 025848.542 INFO             PET3 VMK::sendBuffer::clear():3.0 - MemInfo: [/proc/self/status]	VmSize:	  416144 kB
20220805 025848.542 INFO             PET3 VMK::sendBuffer::clear():3.0 - MemInfo: [/proc/self/status]	VmLck:	       0 kB
20220805 025848.542 INFO             PET3 VMK::sendBuffer::clear():3.0 - MemInfo: [/proc/self/status]	VmPin:	   68020 kB
20220805 025848.542 INFO             PET3 VMK::sendBuffer::clear():3.0 - MemInfo: [/proc/self/status]	VmHWM:	  105144 kB
20220805 025848.543 INFO             PET3 VMK::sendBuffer::clear():3.0 - MemInfo: [/proc/self/status]	VmRSS:	   62556 kB
20220805 025848.543 INFO             PET3 VMK::sendBuffer::clear():3.0 - MemInfo: [/proc/self/status]	VmData:	  212812 kB
20220805 025848.543 INFO             PET3 VMK::sendBuffer::clear():3.0 - MemInfo: [/proc/self/status]	VmStk:	     144 kB
20220805 025848.543 INFO             PET3 VMK::sendBuffer::clear():3.0 - MemInfo: [/proc/self/status]	VmExe:	      12 kB
20220805 025848.543 INFO             PET3 VMK::sendBuffer::clear():3.0 - MemInfo: [/proc/self/status]	VmLib:	   46216 kB
20220805 025848.543 INFO             PET3 VMK::sendBuffer::clear():3.0 - MemInfo: [/proc/self/status]	VmPTE:	     404 kB
20220805 025848.543 INFO             PET3 VMK::sendBuffer::clear():3.0 - MemInfo: [/proc/self/status]	VmSwap:	       0 kB
20220805 025848.543 INFO             PET3 VMK::sendBuffer::clear():3.0 - MemInfo: [/proc/self/status]	VmRSSPercent: 0.0641793 %
20220805 025848.543 INFO             PET3 VMK::sendBuffer::clear():3.0 - MemInfo: [malloc] Non-mmapped space allocated:                 3440640 Byte
20220805 025848.543 INFO             PET3 VMK::sendBuffer::clear():3.0 - MemInfo: [malloc] Space allocated in mmapped regions:          5603328 Byte
20220805 025848.543 INFO             PET3 VMK::sendBuffer::clear():3.0 - MemInfo: [malloc] Maximum total allocated space:                     0 Byte
20220805 025848.543 INFO             PET3 VMK::sendBuffer::clear():3.0 - MemInfo: [malloc] Space in freed fastbin blocks:                  4032 Byte
20220805 025848.543 INFO             PET3 VMK::sendBuffer::clear():3.0 - MemInfo: [malloc] Total allocated space:                       3061712 Byte
20220805 025848.543 INFO             PET3 VMK::sendBuffer::clear():3.0 - MemInfo: [malloc] Total free space:                             378928 Byte
20220805 025848.543 INFO             PET3 VMK::sendBuffer::clear():3.0 - MemInfo: [malloc] Top-most, releasable space:                    96688 Byte
20220805 025848.543 INFO             PET3 VMK::sendBuffer::clear():3.0 - MemInfo: [malloc] Total space in use, mmap + non-mmap:         8665040 Byte
20220805 025848.543 INFO             PET3 VMK::sendBuffer::clear():3.0 - MemInfo: [malloc] Total space held (mmap + non-mmap):          9043968 Byte
20220805 025848.543 INFO             PET3 VMK::sendBuffer::clear():3.0 - MemInfo: [malloc] Total space used (mmap + non-mmap):          8675408 Byte
20220805 025848.543 INFO             PET3 VMK::sendBuffer::clear():3.0 - MemInfo: Wall-clock time since execution start:              0.0074894 seconds
20220805 025848.543 DEBUG            PET3 epochBuffer:4376 non-blocking send write complete, current stream size=52
20220805 025848.543 DEBUG            PET3 epochBuffer:4353 non-blocking send to dst=0 firstFlag=0 msg size=40
20220805 025848.543 DEBUG            PET3 epochBuffer:4376 non-blocking send write complete, current stream size=104
20220805 025848.543 DEBUG            PET3 epochBuffer:3868 unacknowledged sends to dst=0: 0
20220805 025848.543 INFO             PET3 VMK::epochExit:1.0 - MemInfo: [/proc/meminfo - SSI]	MemTotal:       97470692 kB
20220805 025848.543 INFO             PET3 VMK::epochExit:1.0 - MemInfo: [/proc/meminfo - SSI]	MemFree:        91984740 kB
20220805 025848.543 INFO             PET3 VMK::epochExit:1.0 - MemInfo: [/proc/meminfo - SSI]	MemAvailable:   92224692 kB
20220805 025848.543 INFO             PET3 VMK::epochExit:1.0 - MemInfo: [/proc/meminfo - SSI]	Committed_AS:     835232 kB
20220805 025848.543 INFO             PET3 VMK::epochExit:1.0 - MemInfo: [/proc/meminfo - SSI]	CommittedPercent: 0.856906 %
20220805 025848.543 INFO             PET3 VMK::epochExit:1.0 - MemInfo: [/proc/self/status]	VmPeak:	  450276 kB
20220805 025848.543 INFO             PET3 VMK::epochExit:1.0 - MemInfo: [/proc/self/status]	VmSize:	  416144 kB
20220805 025848.543 INFO             PET3 VMK::epochExit:1.0 - MemInfo: [/proc/self/status]	VmLck:	       0 kB
20220805 025848.543 INFO             PET3 VMK::epochExit:1.0 - MemInfo: [/proc/self/status]	VmPin:	   68020 kB
20220805 025848.543 INFO             PET3 VMK::epochExit:1.0 - MemInfo: [/proc/self/status]	VmHWM:	  105144 kB
20220805 025848.543 INFO             PET3 VMK::epochExit:1.0 - MemInfo: [/proc/self/status]	VmRSS:	   62560 kB
20220805 025848.543 INFO             PET3 VMK::epochExit:1.0 - MemInfo: [/proc/self/status]	VmData:	  212812 kB
20220805 025848.543 INFO             PET3 VMK::epochExit:1.0 - MemInfo: [/proc/self/status]	VmStk:	     144 kB
20220805 025848.543 INFO             PET3 VMK::epochExit:1.0 - MemInfo: [/proc/self/status]	VmExe:	      12 kB
20220805 025848.543 INFO             PET3 VMK::epochExit:1.0 - MemInfo: [/proc/self/status]	VmLib:	   46216 kB
20220805 025848.543 INFO             PET3 VMK::epochExit:1.0 - MemInfo: [/proc/self/status]	VmPTE:	     404 kB
20220805 025848.543 INFO             PET3 VMK::epochExit:1.0 - MemInfo: [/proc/self/status]	VmSwap:	       0 kB
20220805 025848.543 INFO             PET3 VMK::epochExit:1.0 - MemInfo: [/proc/self/status]	VmRSSPercent: 0.0641834 %
20220805 025848.543 INFO             PET3 VMK::epochExit:1.0 - MemInfo: [malloc] Non-mmapped space allocated:                 3440640 Byte
20220805 025848.543 INFO             PET3 VMK::epochExit:1.0 - MemInfo: [malloc] Space allocated in mmapped regions:          5603328 Byte
20220805 025848.543 INFO             PET3 VMK::epochExit:1.0 - MemInfo: [malloc] Maximum total allocated space:                     0 Byte
20220805 025848.543 INFO             PET3 VMK::epochExit:1.0 - MemInfo: [malloc] Space in freed fastbin blocks:                  4464 Byte
20220805 025848.543 INFO             PET3 VMK::epochExit:1.0 - MemInfo: [malloc] Total allocated space:                       3061072 Byte
20220805 025848.543 INFO             PET3 VMK::epochExit:1.0 - MemInfo: [malloc] Total free space:                             379568 Byte
20220805 025848.543 INFO             PET3 VMK::epochExit:1.0 - MemInfo: [malloc] Top-most, releasable space:                    96304 Byte
20220805 025848.543 INFO             PET3 VMK::epochExit:1.0 - MemInfo: [malloc] Total space in use, mmap + non-mmap:         8664400 Byte
20220805 025848.543 INFO             PET3 VMK::epochExit:1.0 - MemInfo: [malloc] Total space held (mmap + non-mmap):          9043968 Byte
20220805 025848.543 INFO             PET3 VMK::epochExit:1.0 - MemInfo: [malloc] Total space used (mmap + non-mmap):          8673632 Byte
20220805 025848.543 INFO             PET3 VMK::epochExit:1.0 - MemInfo: Wall-clock time since execution start:             0.00790061 seconds
20220805 025848.543 INFO             PET3 VMK::epochExit:2.0 - MemInfo: [/proc/meminfo - SSI]	MemTotal:       97470692 kB
20220805 025848.543 INFO             PET3 VMK::epochExit:2.0 - MemInfo: [/proc/meminfo - SSI]	MemFree:        91984740 kB
20220805 025848.543 INFO             PET3 VMK::epochExit:2.0 - MemInfo: [/proc/meminfo - SSI]	MemAvailable:   92224692 kB
20220805 025848.543 INFO             PET3 VMK::epochExit:2.0 - MemInfo: [/proc/meminfo - SSI]	Committed_AS:     835232 kB
20220805 025848.543 INFO             PET3 VMK::epochExit:2.0 - MemInfo: [/proc/meminfo - SSI]	CommittedPercent: 0.856906 %
20220805 025848.543 INFO             PET3 VMK::epochExit:2.0 - MemInfo: [/proc/self/status]	VmPeak:	  450276 kB
20220805 025848.543 INFO             PET3 VMK::epochExit:2.0 - MemInfo: [/proc/self/status]	VmSize:	  416144 kB
20220805 025848.543 INFO             PET3 VMK::epochExit:2.0 - MemInfo: [/proc/self/status]	VmLck:	       0 kB
20220805 025848.543 INFO             PET3 VMK::epochExit:2.0 - MemInfo: [/proc/self/status]	VmPin:	   68020 kB
20220805 025848.543 INFO             PET3 VMK::epochExit:2.0 - MemInfo: [/proc/self/status]	VmHWM:	  105144 kB
20220805 025848.543 INFO             PET3 VMK::epochExit:2.0 - MemInfo: [/proc/self/status]	VmRSS:	   62560 kB
20220805 025848.543 INFO             PET3 VMK::epochExit:2.0 - MemInfo: [/proc/self/status]	VmData:	  212812 kB
20220805 025848.543 INFO             PET3 VMK::epochExit:2.0 - MemInfo: [/proc/self/status]	VmStk:	     144 kB
20220805 025848.543 INFO             PET3 VMK::epochExit:2.0 - MemInfo: [/proc/self/status]	VmExe:	      12 kB
20220805 025848.543 INFO             PET3 VMK::epochExit:2.0 - MemInfo: [/proc/self/status]	VmLib:	   46216 kB
20220805 025848.543 INFO             PET3 VMK::epochExit:2.0 - MemInfo: [/proc/self/status]	VmPTE:	     404 kB
20220805 025848.543 INFO             PET3 VMK::epochExit:2.0 - MemInfo: [/proc/self/status]	VmSwap:	       0 kB
20220805 025848.543 INFO             PET3 VMK::epochExit:2.0 - MemInfo: [/proc/self/status]	VmRSSPercent: 0.0641834 %
20220805 025848.543 INFO             PET3 VMK::epochExit:2.0 - MemInfo: [malloc] Non-mmapped space allocated:                 3440640 Byte
20220805 025848.543 INFO             PET3 VMK::epochExit:2.0 - MemInfo: [malloc] Space allocated in mmapped regions:          5603328 Byte
20220805 025848.543 INFO             PET3 VMK::epochExit:2.0 - MemInfo: [malloc] Maximum total allocated space:                     0 Byte
20220805 025848.543 INFO             PET3 VMK::epochExit:2.0 - MemInfo: [malloc] Space in freed fastbin blocks:                  3584 Byte
20220805 025848.543 INFO             PET3 VMK::epochExit:2.0 - MemInfo: [malloc] Total allocated space:                       3060992 Byte
20220805 025848.543 INFO             PET3 VMK::epochExit:2.0 - MemInfo: [malloc] Total free space:                             379648 Byte
20220805 025848.543 INFO             PET3 VMK::epochExit:2.0 - MemInfo: [malloc] Top-most, releasable space:                    95968 Byte
20220805 025848.543 INFO             PET3 VMK::epochExit:2.0 - MemInfo: [malloc] Total space in use, mmap + non-mmap:         8664320 Byte
20220805 025848.543 INFO             PET3 VMK::epochExit:2.0 - MemInfo: [malloc] Total space held (mmap + non-mmap):          9043968 Byte
20220805 025848.543 INFO             PET3 VMK::epochExit:2.0 - MemInfo: [malloc] Total space used (mmap + non-mmap):          8673520 Byte
20220805 025848.543 INFO             PET3 VMK::epochExit:2.0 - MemInfo: Wall-clock time since execution start:             0.00813103 seconds
20220805 025848.543 DEBUG            PET3 epochBuffer:3920 ready to post non-blocking send: dst=0 size=104 buffer=0x219ce50
20220805 025848.543 DEBUG            PET3 epochBuffer:3971 time in non-blocking send: 4.48525e-06 seconds
20220805 025848.543 INFO             PET3 VMK::epochExit:3.0 - MemInfo: [/proc/meminfo - SSI]	MemTotal:       97470692 kB
20220805 025848.543 INFO             PET3 VMK::epochExit:3.0 - MemInfo: [/proc/meminfo - SSI]	MemFree:        91984740 kB
20220805 025848.543 INFO             PET3 VMK::epochExit:3.0 - MemInfo: [/proc/meminfo - SSI]	MemAvailable:   92224692 kB
20220805 025848.543 INFO             PET3 VMK::epochExit:3.0 - MemInfo: [/proc/meminfo - SSI]	Committed_AS:     835232 kB
20220805 025848.543 INFO             PET3 VMK::epochExit:3.0 - MemInfo: [/proc/meminfo - SSI]	CommittedPercent: 0.856906 %
20220805 025848.543 INFO             PET3 VMK::epochExit:3.0 - MemInfo: [/proc/self/status]	VmPeak:	  450276 kB
20220805 025848.543 INFO             PET3 VMK::epochExit:3.0 - MemInfo: [/proc/self/status]	VmSize:	  416144 kB
20220805 025848.543 INFO             PET3 VMK::epochExit:3.0 - MemInfo: [/proc/self/status]	VmLck:	       0 kB
20220805 025848.543 INFO             PET3 VMK::epochExit:3.0 - MemInfo: [/proc/self/status]	VmPin:	   68020 kB
20220805 025848.543 INFO             PET3 VMK::epochExit:3.0 - MemInfo: [/proc/self/status]	VmHWM:	  105144 kB
20220805 025848.543 INFO             PET3 VMK::epochExit:3.0 - MemInfo: [/proc/self/status]	VmRSS:	   62564 kB
20220805 025848.543 INFO             PET3 VMK::epochExit:3.0 - MemInfo: [/proc/self/status]	VmData:	  212812 kB
20220805 025848.543 INFO             PET3 VMK::epochExit:3.0 - MemInfo: [/proc/self/status]	VmStk:	     144 kB
20220805 025848.543 INFO             PET3 VMK::epochExit:3.0 - MemInfo: [/proc/self/status]	VmExe:	      12 kB
20220805 025848.543 INFO             PET3 VMK::epochExit:3.0 - MemInfo: [/proc/self/status]	VmLib:	   46216 kB
20220805 025848.543 INFO             PET3 VMK::epochExit:3.0 - MemInfo: [/proc/self/status]	VmPTE:	     404 kB
20220805 025848.543 INFO             PET3 VMK::epochExit:3.0 - MemInfo: [/proc/self/status]	VmSwap:	       0 kB
20220805 025848.543 INFO             PET3 VMK::epochExit:3.0 - MemInfo: [/proc/self/status]	VmRSSPercent: 0.0641875 %
20220805 025848.543 INFO             PET3 VMK::epochExit:3.0 - MemInfo: [malloc] Non-mmapped space allocated:                 3440640 Byte
20220805 025848.543 INFO             PET3 VMK::epochExit:3.0 - MemInfo: [malloc] Space allocated in mmapped regions:          5603328 Byte
20220805 025848.543 INFO             PET3 VMK::epochExit:3.0 - MemInfo: [malloc] Maximum total allocated space:                     0 Byte
20220805 025848.543 INFO             PET3 VMK::epochExit:3.0 - MemInfo: [malloc] Space in freed fastbin blocks:                  3312 Byte
20220805 025848.543 INFO             PET3 VMK::epochExit:3.0 - MemInfo: [malloc] Total allocated space:                       3061072 Byte
20220805 025848.543 INFO             PET3 VMK::epochExit:3.0 - MemInfo: [malloc] Total free space:                             379568 Byte
20220805 025848.543 INFO             PET3 VMK::epochExit:3.0 - MemInfo: [malloc] Top-most, releasable space:                    97984 Byte
20220805 025848.543 INFO             PET3 VMK::epochExit:3.0 - MemInfo: [malloc] Total space in use, mmap + non-mmap:         8664400 Byte
20220805 025848.543 INFO             PET3 VMK::epochExit:3.0 - MemInfo: [malloc] Total space held (mmap + non-mmap):          9043968 Byte
20220805 025848.543 INFO             PET3 VMK::epochExit:3.0 - MemInfo: [malloc] Total space used (mmap + non-mmap):          8673632 Byte
20220805 025848.543 INFO             PET3 VMK::epochExit:3.0 - MemInfo: Wall-clock time since execution start:             0.00835477 seconds
20220805 025848.543 DEBUG            PET3 epochBuffer:3987 unacknowledged sends to dst=0: 1
20220805 025848.544 INFO             PET3 VMK::epochExit:4.0 - MemInfo: [/proc/meminfo - SSI]	MemTotal:       97470692 kB
20220805 025848.544 INFO             PET3 VMK::epochExit:4.0 - MemInfo: [/proc/meminfo - SSI]	MemFree:        91984740 kB
20220805 025848.544 INFO             PET3 VMK::epochExit:4.0 - MemInfo: [/proc/meminfo - SSI]	MemAvailable:   92224692 kB
20220805 025848.544 INFO             PET3 VMK::epochExit:4.0 - MemInfo: [/proc/meminfo - SSI]	Committed_AS:     835232 kB
20220805 025848.544 INFO             PET3 VMK::epochExit:4.0 - MemInfo: [/proc/meminfo - SSI]	CommittedPercent: 0.856906 %
20220805 025848.544 INFO             PET3 VMK::epochExit:4.0 - MemInfo: [/proc/self/status]	VmPeak:	  450276 kB
20220805 025848.544 INFO             PET3 VMK::epochExit:4.0 - MemInfo: [/proc/self/status]	VmSize:	  416144 kB
20220805 025848.544 INFO             PET3 VMK::epochExit:4.0 - MemInfo: [/proc/self/status]	VmLck:	       0 kB
20220805 025848.544 INFO             PET3 VMK::epochExit:4.0 - MemInfo: [/proc/self/status]	VmPin:	   68020 kB
20220805 025848.544 INFO             PET3 VMK::epochExit:4.0 - MemInfo: [/proc/self/status]	VmHWM:	  105144 kB
20220805 025848.544 INFO             PET3 VMK::epochExit:4.0 - MemInfo: [/proc/self/status]	VmRSS:	   62568 kB
20220805 025848.544 INFO             PET3 VMK::epochExit:4.0 - MemInfo: [/proc/self/status]	VmData:	  212812 kB
20220805 025848.544 INFO             PET3 VMK::epochExit:4.0 - MemInfo: [/proc/self/status]	VmStk:	     144 kB
20220805 025848.544 INFO             PET3 VMK::epochExit:4.0 - MemInfo: [/proc/self/status]	VmExe:	      12 kB
20220805 025848.544 INFO             PET3 VMK::epochExit:4.0 - MemInfo: [/proc/self/status]	VmLib:	   46216 kB
20220805 025848.544 INFO             PET3 VMK::epochExit:4.0 - MemInfo: [/proc/self/status]	VmPTE:	     404 kB
20220805 025848.544 INFO             PET3 VMK::epochExit:4.0 - MemInfo: [/proc/self/status]	VmSwap:	       0 kB
20220805 025848.544 INFO             PET3 VMK::epochExit:4.0 - MemInfo: [/proc/self/status]	VmRSSPercent: 0.0641916 %
20220805 025848.544 INFO             PET3 VMK::epochExit:4.0 - MemInfo: [malloc] Non-mmapped space allocated:                 3440640 Byte
20220805 025848.544 INFO             PET3 VMK::epochExit:4.0 - MemInfo: [malloc] Space allocated in mmapped regions:          5603328 Byte
20220805 025848.544 INFO             PET3 VMK::epochExit:4.0 - MemInfo: [malloc] Maximum total allocated space:                     0 Byte
20220805 025848.544 INFO             PET3 VMK::epochExit:4.0 - MemInfo: [malloc] Space in freed fastbin blocks:                  3712 Byte
20220805 025848.544 INFO             PET3 VMK::epochExit:4.0 - MemInfo: [malloc] Total allocated space:                       3061072 Byte
20220805 025848.544 INFO             PET3 VMK::epochExit:4.0 - MemInfo: [malloc] Total free space:                             379568 Byte
20220805 025848.544 INFO             PET3 VMK::epochExit:4.0 - MemInfo: [malloc] Top-most, releasable space:                    97680 Byte
20220805 025848.544 INFO             PET3 VMK::epochExit:4.0 - MemInfo: [malloc] Total space in use, mmap + non-mmap:         8664400 Byte
20220805 025848.544 INFO             PET3 VMK::epochExit:4.0 - MemInfo: [malloc] Total space held (mmap + non-mmap):          9043968 Byte
20220805 025848.544 INFO             PET3 VMK::epochExit:4.0 - MemInfo: [malloc] Total space used (mmap + non-mmap):          8673632 Byte
20220805 025848.544 INFO             PET3 VMK::epochExit:4.0 - MemInfo: Wall-clock time since execution start:             0.00861353 seconds
20220805 025848.544 DEBUG            PET3 epochBuffer:3868 unacknowledged sends to dst=0: 1
20220805 025848.544 INFO             PET3 VMK::epochExit:1.0 - MemInfo: [/proc/meminfo - SSI]	MemTotal:       97470692 kB
20220805 025848.544 INFO             PET3 VMK::epochExit:1.0 - MemInfo: [/proc/meminfo - SSI]	MemFree:        91984740 kB
20220805 025848.544 INFO             PET3 VMK::epochExit:1.0 - MemInfo: [/proc/meminfo - SSI]	MemAvailable:   92224692 kB
20220805 025848.544 INFO             PET3 VMK::epochExit:1.0 - MemInfo: [/proc/meminfo - SSI]	Committed_AS:     835232 kB
20220805 025848.544 INFO             PET3 VMK::epochExit:1.0 - MemInfo: [/proc/meminfo - SSI]	CommittedPercent: 0.856906 %
20220805 025848.544 INFO             PET3 VMK::epochExit:1.0 - MemInfo: [/proc/self/status]	VmPeak:	  450276 kB
20220805 025848.544 INFO             PET3 VMK::epochExit:1.0 - MemInfo: [/proc/self/status]	VmSize:	  416144 kB
20220805 025848.544 INFO             PET3 VMK::epochExit:1.0 - MemInfo: [/proc/self/status]	VmLck:	       0 kB
20220805 025848.544 INFO             PET3 VMK::epochExit:1.0 - MemInfo: [/proc/self/status]	VmPin:	   68020 kB
20220805 025848.544 INFO             PET3 VMK::epochExit:1.0 - MemInfo: [/proc/self/status]	VmHWM:	  105144 kB
20220805 025848.544 INFO             PET3 VMK::epochExit:1.0 - MemInfo: [/proc/self/status]	VmRSS:	   62568 kB
20220805 025848.544 INFO             PET3 VMK::epochExit:1.0 - MemInfo: [/proc/self/status]	VmData:	  212812 kB
20220805 025848.544 INFO             PET3 VMK::epochExit:1.0 - MemInfo: [/proc/self/status]	VmStk:	     144 kB
20220805 025848.544 INFO             PET3 VMK::epochExit:1.0 - MemInfo: [/proc/self/status]	VmExe:	      12 kB
20220805 025848.544 INFO             PET3 VMK::epochExit:1.0 - MemInfo: [/proc/self/status]	VmLib:	   46216 kB
20220805 025848.544 INFO             PET3 VMK::epochExit:1.0 - MemInfo: [/proc/self/status]	VmPTE:	     404 kB
20220805 025848.544 INFO             PET3 VMK::epochExit:1.0 - MemInfo: [/proc/self/status]	VmSwap:	       0 kB
20220805 025848.544 INFO             PET3 VMK::epochExit:1.0 - MemInfo: [/proc/self/status]	VmRSSPercent: 0.0641916 %
20220805 025848.544 INFO             PET3 VMK::epochExit:1.0 - MemInfo: [malloc] Non-mmapped space allocated:                 3440640 Byte
20220805 025848.544 INFO             PET3 VMK::epochExit:1.0 - MemInfo: [malloc] Space allocated in mmapped regions:          5603328 Byte
20220805 025848.544 INFO             PET3 VMK::epochExit:1.0 - MemInfo: [malloc] Maximum total allocated space:                     0 Byte
20220805 025848.544 INFO             PET3 VMK::epochExit:1.0 - MemInfo: [malloc] Space in freed fastbin blocks:                  3696 Byte
20220805 025848.544 INFO             PET3 VMK::epochExit:1.0 - MemInfo: [malloc] Total allocated space:                       3060944 Byte
20220805 025848.544 INFO             PET3 VMK::epochExit:1.0 - MemInfo: [malloc] Total free space:                             379696 Byte
20220805 025848.544 INFO             PET3 VMK::epochExit:1.0 - MemInfo: [malloc] Top-most, releasable space:                    97568 Byte
20220805 025848.544 INFO             PET3 VMK::epochExit:1.0 - MemInfo: [malloc] Total space in use, mmap + non-mmap:         8664272 Byte
20220805 025848.544 INFO             PET3 VMK::epochExit:1.0 - MemInfo: [malloc] Total space held (mmap + non-mmap):          9043968 Byte
20220805 025848.544 INFO             PET3 VMK::epochExit:1.0 - MemInfo: [malloc] Total space used (mmap + non-mmap):          8673504 Byte
20220805 025848.544 INFO             PET3 VMK::epochExit:1.0 - MemInfo: Wall-clock time since execution start:             0.00886133 seconds
20220805 025848.544 INFO             PET3 VMK::epochExit:2.0 - MemInfo: [/proc/meminfo - SSI]	MemTotal:       97470692 kB
20220805 025848.544 INFO             PET3 VMK::epochExit:2.0 - MemInfo: [/proc/meminfo - SSI]	MemFree:        91984740 kB
20220805 025848.544 INFO             PET3 VMK::epochExit:2.0 - MemInfo: [/proc/meminfo - SSI]	MemAvailable:   92224692 kB
20220805 025848.544 INFO             PET3 VMK::epochExit:2.0 - MemInfo: [/proc/meminfo - SSI]	Committed_AS:     835232 kB
20220805 025848.544 INFO             PET3 VMK::epochExit:2.0 - MemInfo: [/proc/meminfo - SSI]	CommittedPercent: 0.856906 %
20220805 025848.544 INFO             PET3 VMK::epochExit:2.0 - MemInfo: [/proc/self/status]	VmPeak:	  450276 kB
20220805 025848.544 INFO             PET3 VMK::epochExit:2.0 - MemInfo: [/proc/self/status]	VmSize:	  416144 kB
20220805 025848.544 INFO             PET3 VMK::epochExit:2.0 - MemInfo: [/proc/self/status]	VmLck:	       0 kB
20220805 025848.544 INFO             PET3 VMK::epochExit:2.0 - MemInfo: [/proc/self/status]	VmPin:	   68020 kB
20220805 025848.544 INFO             PET3 VMK::epochExit:2.0 - MemInfo: [/proc/self/status]	VmHWM:	  105144 kB
20220805 025848.544 INFO             PET3 VMK::epochExit:2.0 - MemInfo: [/proc/self/status]	VmRSS:	   62568 kB
20220805 025848.544 INFO             PET3 VMK::epochExit:2.0 - MemInfo: [/proc/self/status]	VmData:	  212812 kB
20220805 025848.544 INFO             PET3 VMK::epochExit:2.0 - MemInfo: [/proc/self/status]	VmStk:	     144 kB
20220805 025848.544 INFO             PET3 VMK::epochExit:2.0 - MemInfo: [/proc/self/status]	VmExe:	      12 kB
20220805 025848.544 INFO             PET3 VMK::epochExit:2.0 - MemInfo: [/proc/self/status]	VmLib:	   46216 kB
20220805 025848.544 INFO             PET3 VMK::epochExit:2.0 - MemInfo: [/proc/self/status]	VmPTE:	     404 kB
20220805 025848.544 INFO             PET3 VMK::epochExit:2.0 - MemInfo: [/proc/self/status]	VmSwap:	       0 kB
20220805 025848.544 INFO             PET3 VMK::epochExit:2.0 - MemInfo: [/proc/self/status]	VmRSSPercent: 0.0641916 %
20220805 025848.544 INFO             PET3 VMK::epochExit:2.0 - MemInfo: [malloc] Non-mmapped space allocated:                 3440640 Byte
20220805 025848.544 INFO             PET3 VMK::epochExit:2.0 - MemInfo: [malloc] Space allocated in mmapped regions:          5603328 Byte
20220805 025848.544 INFO             PET3 VMK::epochExit:2.0 - MemInfo: [malloc] Maximum total allocated space:                     0 Byte
20220805 025848.544 INFO             PET3 VMK::epochExit:2.0 - MemInfo: [malloc] Space in freed fastbin blocks:                  3488 Byte
20220805 025848.544 INFO             PET3 VMK::epochExit:2.0 - MemInfo: [malloc] Total allocated space:                       3060864 Byte
20220805 025848.544 INFO             PET3 VMK::epochExit:2.0 - MemInfo: [malloc] Total free space:                             379776 Byte
20220805 025848.544 INFO             PET3 VMK::epochExit:2.0 - MemInfo: [malloc] Top-most, releasable space:                    97840 Byte
20220805 025848.544 INFO             PET3 VMK::epochExit:2.0 - MemInfo: [malloc] Total space in use, mmap + non-mmap:         8664192 Byte
20220805 025848.544 INFO             PET3 VMK::epochExit:2.0 - MemInfo: [malloc] Total space held (mmap + non-mmap):          9043968 Byte
20220805 025848.544 INFO             PET3 VMK::epochExit:2.0 - MemInfo: [malloc] Total space used (mmap + non-mmap):          8673392 Byte
20220805 025848.544 INFO             PET3 VMK::epochExit:2.0 - MemInfo: Wall-clock time since execution start:             0.00908887 seconds
20220805 025848.544 INFO             PET3 VMK::epochExit:3.0 - MemInfo: [/proc/meminfo - SSI]	MemTotal:       97470692 kB
20220805 025848.544 INFO             PET3 VMK::epochExit:3.0 - MemInfo: [/proc/meminfo - SSI]	MemFree:        91984740 kB
20220805 025848.544 INFO             PET3 VMK::epochExit:3.0 - MemInfo: [/proc/meminfo - SSI]	MemAvailable:   92224692 kB
20220805 025848.544 INFO             PET3 VMK::epochExit:3.0 - MemInfo: [/proc/meminfo - SSI]	Committed_AS:     835232 kB
20220805 025848.544 INFO             PET3 VMK::epochExit:3.0 - MemInfo: [/proc/meminfo - SSI]	CommittedPercent: 0.856906 %
20220805 025848.544 INFO             PET3 VMK::epochExit:3.0 - MemInfo: [/proc/self/status]	VmPeak:	  450276 kB
20220805 025848.544 INFO             PET3 VMK::epochExit:3.0 - MemInfo: [/proc/self/status]	VmSize:	  416144 kB
20220805 025848.544 INFO             PET3 VMK::epochExit:3.0 - MemInfo: [/proc/self/status]	VmLck:	       0 kB
20220805 025848.544 INFO             PET3 VMK::epochExit:3.0 - MemInfo: [/proc/self/status]	VmPin:	   68020 kB
20220805 025848.544 INFO             PET3 VMK::epochExit:3.0 - MemInfo: [/proc/self/status]	VmHWM:	  105144 kB
20220805 025848.544 INFO             PET3 VMK::epochExit:3.0 - MemInfo: [/proc/self/status]	VmRSS:	   62568 kB
20220805 025848.544 INFO             PET3 VMK::epochExit:3.0 - MemInfo: [/proc/self/status]	VmData:	  212812 kB
20220805 025848.544 INFO             PET3 VMK::epochExit:3.0 - MemInfo: [/proc/self/status]	VmStk:	     144 kB
20220805 025848.544 INFO             PET3 VMK::epochExit:3.0 - MemInfo: [/proc/self/status]	VmExe:	      12 kB
20220805 025848.544 INFO             PET3 VMK::epochExit:3.0 - MemInfo: [/proc/self/status]	VmLib:	   46216 kB
20220805 025848.544 INFO             PET3 VMK::epochExit:3.0 - MemInfo: [/proc/self/status]	VmPTE:	     404 kB
20220805 025848.544 INFO             PET3 VMK::epochExit:3.0 - MemInfo: [/proc/self/status]	VmSwap:	       0 kB
20220805 025848.544 INFO             PET3 VMK::epochExit:3.0 - MemInfo: [/proc/self/status]	VmRSSPercent: 0.0641916 %
20220805 025848.544 INFO             PET3 VMK::epochExit:3.0 - MemInfo: [malloc] Non-mmapped space allocated:                 3440640 Byte
20220805 025848.544 INFO             PET3 VMK::epochExit:3.0 - MemInfo: [malloc] Space allocated in mmapped regions:          5603328 Byte
20220805 025848.544 INFO             PET3 VMK::epochExit:3.0 - MemInfo: [malloc] Maximum total allocated space:                     0 Byte
20220805 025848.544 INFO             PET3 VMK::epochExit:3.0 - MemInfo: [malloc] Space in freed fastbin blocks:                  3648 Byte
20220805 025848.544 INFO             PET3 VMK::epochExit:3.0 - MemInfo: [malloc] Total allocated space:                       3060784 Byte
20220805 025848.544 INFO             PET3 VMK::epochExit:3.0 - MemInfo: [malloc] Total free space:                             379856 Byte
20220805 025848.544 INFO             PET3 VMK::epochExit:3.0 - MemInfo: [malloc] Top-most, releasable space:                    98096 Byte
20220805 025848.544 INFO             PET3 VMK::epochExit:3.0 - MemInfo: [malloc] Total space in use, mmap + non-mmap:         8664112 Byte
20220805 025848.544 INFO             PET3 VMK::epochExit:3.0 - MemInfo: [malloc] Total space held (mmap + non-mmap):          9043968 Byte
20220805 025848.544 INFO             PET3 VMK::epochExit:3.0 - MemInfo: [malloc] Total space used (mmap + non-mmap):          8673280 Byte
20220805 025848.544 INFO             PET3 VMK::epochExit:3.0 - MemInfo: Wall-clock time since execution start:             0.00931052 seconds
20220805 025848.544 INFO             PET3 VMK::epochExit:4.0 - MemInfo: [/proc/meminfo - SSI]	MemTotal:       97470692 kB
20220805 025848.544 INFO             PET3 VMK::epochExit:4.0 - MemInfo: [/proc/meminfo - SSI]	MemFree:        91984740 kB
20220805 025848.544 INFO             PET3 VMK::epochExit:4.0 - MemInfo: [/proc/meminfo - SSI]	MemAvailable:   92224692 kB
20220805 025848.544 INFO             PET3 VMK::epochExit:4.0 - MemInfo: [/proc/meminfo - SSI]	Committed_AS:     835232 kB
20220805 025848.544 INFO             PET3 VMK::epochExit:4.0 - MemInfo: [/proc/meminfo - SSI]	CommittedPercent: 0.856906 %
20220805 025848.545 INFO             PET3 VMK::epochExit:4.0 - MemInfo: [/proc/self/status]	VmPeak:	  450276 kB
20220805 025848.545 INFO             PET3 VMK::epochExit:4.0 - MemInfo: [/proc/self/status]	VmSize:	  416144 kB
20220805 025848.545 INFO             PET3 VMK::epochExit:4.0 - MemInfo: [/proc/self/status]	VmLck:	       0 kB
20220805 025848.545 INFO             PET3 VMK::epochExit:4.0 - MemInfo: [/proc/self/status]	VmPin:	   68020 kB
20220805 025848.545 INFO             PET3 VMK::epochExit:4.0 - MemInfo: [/proc/self/status]	VmHWM:	  105144 kB
20220805 025848.545 INFO             PET3 VMK::epochExit:4.0 - MemInfo: [/proc/self/status]	VmRSS:	   62568 kB
20220805 025848.545 INFO             PET3 VMK::epochExit:4.0 - MemInfo: [/proc/self/status]	VmData:	  212812 kB
20220805 025848.545 INFO             PET3 VMK::epochExit:4.0 - MemInfo: [/proc/self/status]	VmStk:	     144 kB
20220805 025848.545 INFO             PET3 VMK::epochExit:4.0 - MemInfo: [/proc/self/status]	VmExe:	      12 kB
20220805 025848.545 INFO             PET3 VMK::epochExit:4.0 - MemInfo: [/proc/self/status]	VmLib:	   46216 kB
20220805 025848.545 INFO             PET3 VMK::epochExit:4.0 - MemInfo: [/proc/self/status]	VmPTE:	     404 kB
20220805 025848.545 INFO             PET3 VMK::epochExit:4.0 - MemInfo: [/proc/self/status]	VmSwap:	       0 kB
20220805 025848.545 INFO             PET3 VMK::epochExit:4.0 - MemInfo: [/proc/self/status]	VmRSSPercent: 0.0641916 %
20220805 025848.545 INFO             PET3 VMK::epochExit:4.0 - MemInfo: [malloc] Non-mmapped space allocated:                 3440640 Byte
20220805 025848.545 INFO             PET3 VMK::epochExit:4.0 - MemInfo: [malloc] Space allocated in mmapped regions:          5603328 Byte
20220805 025848.545 INFO             PET3 VMK::epochExit:4.0 - MemInfo: [malloc] Maximum total allocated space:                     0 Byte
20220805 025848.545 INFO             PET3 VMK::epochExit:4.0 - MemInfo: [malloc] Space in freed fastbin blocks:                  3520 Byte
20220805 025848.545 INFO             PET3 VMK::epochExit:4.0 - MemInfo: [malloc] Total allocated space:                       3060704 Byte
20220805 025848.545 INFO             PET3 VMK::epochExit:4.0 - MemInfo: [malloc] Total free space:                             379936 Byte
20220805 025848.545 INFO             PET3 VMK::epochExit:4.0 - MemInfo: [malloc] Top-most, releasable space:                    98304 Byte
20220805 025848.545 INFO             PET3 VMK::epochExit:4.0 - MemInfo: [malloc] Total space in use, mmap + non-mmap:         8664032 Byte
20220805 025848.545 INFO             PET3 VMK::epochExit:4.0 - MemInfo: [malloc] Total space held (mmap + non-mmap):          9043968 Byte
20220805 025848.545 INFO             PET3 VMK::epochExit:4.0 - MemInfo: [malloc] Total space used (mmap + non-mmap):          8674272 Byte
20220805 025848.545 INFO             PET3 VMK::epochExit:4.0 - MemInfo: Wall-clock time since execution start:              0.0095416 seconds
20220805 025848.545 INFO             PET3  NUMBER_OF_PROCESSORS           4
20220805 025848.545 INFO             PET3  PASS  Example ESMF_VMNonBlockingEx, ESMF_VMNonBlockingEx.F90, line 433
20220805 025848.545 INFO             PET3 Finalizing ESMF
20220805 025848.545 DEBUG            PET3 epochFinal
20220805 025848.545 DEBUG            PET3 epochBuffer:3817 ready to clear outstanding comm: dst=0 size=0 buffer=0x219ce50
20220805 025848.545 DEBUG            PET3 epochBuffer:4063 ready to clear outstanding comm
20220805 025848.545 INFO             PET3 VMK::sendBuffer::clear():1.0 - MemInfo: [/proc/meminfo - SSI]	MemTotal:       97470692 kB
20220805 025848.545 INFO             PET3 VMK::sendBuffer::clear():1.0 - MemInfo: [/proc/meminfo - SSI]	MemFree:        91984740 kB
20220805 025848.545 INFO             PET3 VMK::sendBuffer::clear():1.0 - MemInfo: [/proc/meminfo - SSI]	MemAvailable:   92224692 kB
20220805 025848.545 INFO             PET3 VMK::sendBuffer::clear():1.0 - MemInfo: [/proc/meminfo - SSI]	Committed_AS:     835232 kB
20220805 025848.545 INFO             PET3 VMK::sendBuffer::clear():1.0 - MemInfo: [/proc/meminfo - SSI]	CommittedPercent: 0.856906 %
20220805 025848.545 INFO             PET3 VMK::sendBuffer::clear():1.0 - MemInfo: [/proc/self/status]	VmPeak:	  450276 kB
20220805 025848.545 INFO             PET3 VMK::sendBuffer::clear():1.0 - MemInfo: [/proc/self/status]	VmSize:	  416144 kB
20220805 025848.545 INFO             PET3 VMK::sendBuffer::clear():1.0 - MemInfo: [/proc/self/status]	VmLck:	       0 kB
20220805 025848.545 INFO             PET3 VMK::sendBuffer::clear():1.0 - MemInfo: [/proc/self/status]	VmPin:	   68020 kB
20220805 025848.545 INFO             PET3 VMK::sendBuffer::clear():1.0 - MemInfo: [/proc/self/status]	VmHWM:	  105144 kB
20220805 025848.545 INFO             PET3 VMK::sendBuffer::clear():1.0 - MemInfo: [/proc/self/status]	VmRSS:	   62596 kB
20220805 025848.545 INFO             PET3 VMK::sendBuffer::clear():1.0 - MemInfo: [/proc/self/status]	VmData:	  212812 kB
20220805 025848.545 INFO             PET3 VMK::sendBuffer::clear():1.0 - MemInfo: [/proc/self/status]	VmStk:	     144 kB
20220805 025848.545 INFO             PET3 VMK::sendBuffer::clear():1.0 - MemInfo: [/proc/self/status]	VmExe:	      12 kB
20220805 025848.545 INFO             PET3 VMK::sendBuffer::clear():1.0 - MemInfo: [/proc/self/status]	VmLib:	   46216 kB
20220805 025848.545 INFO             PET3 VMK::sendBuffer::clear():1.0 - MemInfo: [/proc/self/status]	VmPTE:	     404 kB
20220805 025848.545 INFO             PET3 VMK::sendBuffer::clear():1.0 - MemInfo: [/proc/self/status]	VmSwap:	       0 kB
20220805 025848.545 INFO             PET3 VMK::sendBuffer::clear():1.0 - MemInfo: [/proc/self/status]	VmRSSPercent: 0.0642203 %
20220805 025848.545 INFO             PET3 VMK::sendBuffer::clear():1.0 - MemInfo: [malloc] Non-mmapped space allocated:                 3440640 Byte
20220805 025848.545 INFO             PET3 VMK::sendBuffer::clear():1.0 - MemInfo: [malloc] Space allocated in mmapped regions:          5603328 Byte
20220805 025848.545 INFO             PET3 VMK::sendBuffer::clear():1.0 - MemInfo: [malloc] Maximum total allocated space:                     0 Byte
20220805 025848.545 INFO             PET3 VMK::sendBuffer::clear():1.0 - MemInfo: [malloc] Space in freed fastbin blocks:                  1440 Byte
20220805 025848.545 INFO             PET3 VMK::sendBuffer::clear():1.0 - MemInfo: [malloc] Total allocated space:                       3061392 Byte
20220805 025848.545 INFO             PET3 VMK::sendBuffer::clear():1.0 - MemInfo: [malloc] Total free space:                             379248 Byte
20220805 025848.545 INFO             PET3 VMK::sendBuffer::clear():1.0 - MemInfo: [malloc] Top-most, releasable space:                    98624 Byte
20220805 025848.545 INFO             PET3 VMK::sendBuffer::clear():1.0 - MemInfo: [malloc] Total space in use, mmap + non-mmap:         8664720 Byte
20220805 025848.545 INFO             PET3 VMK::sendBuffer::clear():1.0 - MemInfo: [malloc] Total space held (mmap + non-mmap):          9043968 Byte
20220805 025848.545 INFO             PET3 VMK::sendBuffer::clear():1.0 - MemInfo: [malloc] Total space used (mmap + non-mmap):          8675088 Byte
20220805 025848.545 INFO             PET3 VMK::sendBuffer::clear():1.0 - MemInfo: Wall-clock time since execution start:             0.00984331 seconds
20220805 025848.545 DEBUG            PET3 epochBuffer:4091 posting MPI_Wait()
20220805 025848.545 DEBUG            PET3 epochBuffer:4100 time in MPI_Wait(): 2.52947e-06 seconds
20220805 025848.545 INFO             PET3 VMK::sendBuffer::clear():2.0 - MemInfo: [/proc/meminfo - SSI]	MemTotal:       97470692 kB
20220805 025848.545 INFO             PET3 VMK::sendBuffer::clear():2.0 - MemInfo: [/proc/meminfo - SSI]	MemFree:        91984740 kB
20220805 025848.545 INFO             PET3 VMK::sendBuffer::clear():2.0 - MemInfo: [/proc/meminfo - SSI]	MemAvailable:   92224692 kB
20220805 025848.545 INFO             PET3 VMK::sendBuffer::clear():2.0 - MemInfo: [/proc/meminfo - SSI]	Committed_AS:     835232 kB
20220805 025848.545 INFO             PET3 VMK::sendBuffer::clear():2.0 - MemInfo: [/proc/meminfo - SSI]	CommittedPercent: 0.856906 %
20220805 025848.545 INFO             PET3 VMK::sendBuffer::clear():2.0 - MemInfo: [/proc/self/status]	VmPeak:	  450276 kB
20220805 025848.545 INFO             PET3 VMK::sendBuffer::clear():2.0 - MemInfo: [/proc/self/status]	VmSize:	  416144 kB
20220805 025848.545 INFO             PET3 VMK::sendBuffer::clear():2.0 - MemInfo: [/proc/self/status]	VmLck:	       0 kB
20220805 025848.545 INFO             PET3 VMK::sendBuffer::clear():2.0 - MemInfo: [/proc/self/status]	VmPin:	   68020 kB
20220805 025848.545 INFO             PET3 VMK::sendBuffer::clear():2.0 - MemInfo: [/proc/self/status]	VmHWM:	  105144 kB
20220805 025848.545 INFO             PET3 VMK::sendBuffer::clear():2.0 - MemInfo: [/proc/self/status]	VmRSS:	   62596 kB
20220805 025848.545 INFO             PET3 VMK::sendBuffer::clear():2.0 - MemInfo: [/proc/self/status]	VmData:	  212812 kB
20220805 025848.545 INFO             PET3 VMK::sendBuffer::clear():2.0 - MemInfo: [/proc/self/status]	VmStk:	     144 kB
20220805 025848.545 INFO             PET3 VMK::sendBuffer::clear():2.0 - MemInfo: [/proc/self/status]	VmExe:	      12 kB
20220805 025848.545 INFO             PET3 VMK::sendBuffer::clear():2.0 - MemInfo: [/proc/self/status]	VmLib:	   46216 kB
20220805 025848.545 INFO             PET3 VMK::sendBuffer::clear():2.0 - MemInfo: [/proc/self/status]	VmPTE:	     404 kB
20220805 025848.545 INFO             PET3 VMK::sendBuffer::clear():2.0 - MemInfo: [/proc/self/status]	VmSwap:	       0 kB
20220805 025848.545 INFO             PET3 VMK::sendBuffer::clear():2.0 - MemInfo: [/proc/self/status]	VmRSSPercent: 0.0642203 %
20220805 025848.545 INFO             PET3 VMK::sendBuffer::clear():2.0 - MemInfo: [malloc] Non-mmapped space allocated:                 3440640 Byte
20220805 025848.545 INFO             PET3 VMK::sendBuffer::clear():2.0 - MemInfo: [malloc] Space allocated in mmapped regions:          5603328 Byte
20220805 025848.545 INFO             PET3 VMK::sendBuffer::clear():2.0 - MemInfo: [malloc] Maximum total allocated space:                     0 Byte
20220805 025848.545 INFO             PET3 VMK::sendBuffer::clear():2.0 - MemInfo: [malloc] Space in freed fastbin blocks:                  3920 Byte
20220805 025848.545 INFO             PET3 VMK::sendBuffer::clear():2.0 - MemInfo: [malloc] Total allocated space:                       3061472 Byte
20220805 025848.545 INFO             PET3 VMK::sendBuffer::clear():2.0 - MemInfo: [malloc] Total free space:                             379168 Byte
20220805 025848.545 INFO             PET3 VMK::sendBuffer::clear():2.0 - MemInfo: [malloc] Top-most, releasable space:                    97152 Byte
20220805 025848.545 INFO             PET3 VMK::sendBuffer::clear():2.0 - MemInfo: [malloc] Total space in use, mmap + non-mmap:         8664800 Byte
20220805 025848.545 INFO             PET3 VMK::sendBuffer::clear():2.0 - MemInfo: [malloc] Total space held (mmap + non-mmap):          9043968 Byte
20220805 025848.545 INFO             PET3 VMK::sendBuffer::clear():2.0 - MemInfo: [malloc] Total space used (mmap + non-mmap):          8673952 Byte
20220805 025848.545 INFO             PET3 VMK::sendBuffer::clear():2.0 - MemInfo: Wall-clock time since execution start:              0.0100832 seconds
20220805 025848.545 INFO             PET3 VMK::sendBuffer::clear():3.0 - MemInfo: [/proc/meminfo - SSI]	MemTotal:       97470692 kB
20220805 025848.545 INFO             PET3 VMK::sendBuffer::clear():3.0 - MemInfo: [/proc/meminfo - SSI]	MemFree:        91984740 kB
20220805 025848.545 INFO             PET3 VMK::sendBuffer::clear():3.0 - MemInfo: [/proc/meminfo - SSI]	MemAvailable:   92224692 kB
20220805 025848.545 INFO             PET3 VMK::sendBuffer::clear():3.0 - MemInfo: [/proc/meminfo - SSI]	Committed_AS:     835232 kB
20220805 025848.545 INFO             PET3 VMK::sendBuffer::clear():3.0 - MemInfo: [/proc/meminfo - SSI]	CommittedPercent: 0.856906 %
20220805 025848.545 INFO             PET3 VMK::sendBuffer::clear():3.0 - MemInfo: [/proc/self/status]	VmPeak:	  450276 kB
20220805 025848.545 INFO             PET3 VMK::sendBuffer::clear():3.0 - MemInfo: [/proc/self/status]	VmSize:	  416144 kB
20220805 025848.545 INFO             PET3 VMK::sendBuffer::clear():3.0 - MemInfo: [/proc/self/status]	VmLck:	       0 kB
20220805 025848.545 INFO             PET3 VMK::sendBuffer::clear():3.0 - MemInfo: [/proc/self/status]	VmPin:	   68020 kB
20220805 025848.545 INFO             PET3 VMK::sendBuffer::clear():3.0 - MemInfo: [/proc/self/status]	VmHWM:	  105144 kB
20220805 025848.545 INFO             PET3 VMK::sendBuffer::clear():3.0 - MemInfo: [/proc/self/status]	VmRSS:	   62596 kB
20220805 025848.545 INFO             PET3 VMK::sendBuffer::clear():3.0 - MemInfo: [/proc/self/status]	VmData:	  212812 kB
20220805 025848.545 INFO             PET3 VMK::sendBuffer::clear():3.0 - MemInfo: [/proc/self/status]	VmStk:	     144 kB
20220805 025848.545 INFO             PET3 VMK::sendBuffer::clear():3.0 - MemInfo: [/proc/self/status]	VmExe:	      12 kB
20220805 025848.545 INFO             PET3 VMK::sendBuffer::clear():3.0 - MemInfo: [/proc/self/status]	VmLib:	   46216 kB
20220805 025848.545 INFO             PET3 VMK::sendBuffer::clear():3.0 - MemInfo: [/proc/self/status]	VmPTE:	     404 kB
20220805 025848.545 INFO             PET3 VMK::sendBuffer::clear():3.0 - MemInfo: [/proc/self/status]	VmSwap:	       0 kB
20220805 025848.545 INFO             PET3 VMK::sendBuffer::clear():3.0 - MemInfo: [/proc/self/status]	VmRSSPercent: 0.0642203 %
20220805 025848.545 INFO             PET3 VMK::sendBuffer::clear():3.0 - MemInfo: [malloc] Non-mmapped space allocated:                 3440640 Byte
20220805 025848.545 INFO             PET3 VMK::sendBuffer::clear():3.0 - MemInfo: [malloc] Space allocated in mmapped regions:          5603328 Byte
20220805 025848.545 INFO             PET3 VMK::sendBuffer::clear():3.0 - MemInfo: [malloc] Maximum total allocated space:                     0 Byte
20220805 025848.545 INFO             PET3 VMK::sendBuffer::clear():3.0 - MemInfo: [malloc] Space in freed fastbin blocks:                  3904 Byte
20220805 025848.545 INFO             PET3 VMK::sendBuffer::clear():3.0 - MemInfo: [malloc] Total allocated space:                       3061248 Byte
20220805 025848.545 INFO             PET3 VMK::sendBuffer::clear():3.0 - MemInfo: [malloc] Total free space:                             379392 Byte
20220805 025848.545 INFO             PET3 VMK::sendBuffer::clear():3.0 - MemInfo: [malloc] Top-most, releasable space:                    97248 Byte
20220805 025848.545 INFO             PET3 VMK::sendBuffer::clear():3.0 - MemInfo: [malloc] Total space in use, mmap + non-mmap:         8664576 Byte
20220805 025848.545 INFO             PET3 VMK::sendBuffer::clear():3.0 - MemInfo: [malloc] Total space held (mmap + non-mmap):          9043968 Byte
20220805 025848.545 INFO             PET3 VMK::sendBuffer::clear():3.0 - MemInfo: [malloc] Total space used (mmap + non-mmap):          8674944 Byte
20220805 025848.545 INFO             PET3 VMK::sendBuffer::clear():3.0 - MemInfo: Wall-clock time since execution start:                0.01031 seconds
20220805 025848.545 DEBUG            PET3 epochBuffer:3827 drain unacknowledged sends to dst=0: 1
