2022-08-07 02:47:31
20220807 032614.094 INFO             PET0 !!!!!!!!!!!!!!!!!!!!!!!!!!!!!!!!!!!!!!!!!!!!!!!!!!!!!!
20220807 032614.094 INFO             PET0 !!! THE ESMF_LOG IS SET TO OUTPUT ALL LOG MESSAGES !!!
20220807 032614.094 INFO             PET0 !!!     THIS MAY CAUSE SLOWDOWN IN PERFORMANCE     !!!
20220807 032614.094 INFO             PET0 !!! FOR PRODUCTION RUNS, USE:                      !!!
20220807 032614.094 INFO             PET0 !!!                   ESMF_LOGKIND_Multi_On_Error  !!!
20220807 032614.094 INFO             PET0 !!!!!!!!!!!!!!!!!!!!!!!!!!!!!!!!!!!!!!!!!!!!!!!!!!!!!!
20220807 032614.094 INFO             PET0 Running with ESMF Version   : v8.3.0b17-30-g0de4558e1e
20220807 032614.094 INFO             PET0 ESMF library build date/time: "Aug  7 2022" "02:46:30"
20220807 032614.094 INFO             PET0 ESMF library build location : /scratch1/NCEPDEV/stmp2/Rocky.Dunlap/esmf-testing/gfortran_9.2.0b_openmpi_O_feature_large-messages/esmf
20220807 032614.094 INFO             PET0 ESMF_COMM                   : openmpi
20220807 032614.095 INFO             PET0 ESMF_MOAB                   : enabled
20220807 032614.095 INFO             PET0 ESMF_LAPACK                 : enabled
20220807 032614.095 INFO             PET0 ESMF_NETCDF                 : disabled
20220807 032614.095 INFO             PET0 ESMF_PNETCDF                : disabled
20220807 032614.095 INFO             PET0 ESMF_PIO                    : disabled
20220807 032614.095 INFO             PET0 ESMF_YAMLCPP                : enabled
20220807 032614.096 DEBUG            PET0 VMK::recv():4898, size=100 in 1 chunks
20220807 032614.096 DEBUG            PET0 VMK::send():4407, size=100 in 1 chunks
20220807 032614.096 DEBUG            PET0 VMK::send():4407, size=100 in 1 chunks
20220807 032614.096 DEBUG            PET0 VMK::send():4407, size=100 in 1 chunks
20220807 032614.096 DEBUG            PET0 VMK::recv():4898, size=400 in 1 chunks
20220807 032614.096 DEBUG            PET0 VMK::send():4407, size=400 in 1 chunks
20220807 032614.096 DEBUG            PET0 VMK::send():4407, size=400 in 1 chunks
20220807 032614.096 DEBUG            PET0 VMK::send():4407, size=400 in 1 chunks
20220807 032614.096 DEBUG            PET0 VMK::recv():4898, size=200 in 1 chunks
20220807 032614.096 DEBUG            PET0 VMK::send():4407, size=200 in 1 chunks
20220807 032614.096 DEBUG            PET0 VMK::send():4407, size=200 in 1 chunks
20220807 032614.096 DEBUG            PET0 VMK::send():4407, size=200 in 1 chunks
20220807 032614.096 DEBUG            PET0 VMK::recv():4898, size=100 in 1 chunks
20220807 032614.096 DEBUG            PET0 VMK::send():4407, size=100 in 1 chunks
20220807 032614.096 DEBUG            PET0 VMK::send():4407, size=100 in 1 chunks
20220807 032614.096 DEBUG            PET0 VMK::send():4407, size=100 in 1 chunks
20220807 032614.096 DEBUG            PET0 VMK::recv():4898, size=400 in 1 chunks
20220807 032614.096 DEBUG            PET0 VMK::send():4407, size=400 in 1 chunks
20220807 032614.096 DEBUG            PET0 VMK::send():4407, size=400 in 1 chunks
20220807 032614.096 DEBUG            PET0 VMK::send():4407, size=400 in 1 chunks
20220807 032614.096 DEBUG            PET0 VMK::recv():4898, size=200 in 1 chunks
20220807 032614.096 DEBUG            PET0 VMK::recv():4898, size=200 in 1 chunks
20220807 032614.096 DEBUG            PET0 VMK::recv():4898, size=500 in 1 chunks
20220807 032614.096 DEBUG            PET0 VMK::send():4407, size=500 in 1 chunks
20220807 032614.096 DEBUG            PET0 VMK::recv():4898, size=4 in 1 chunks
20220807 032614.096 DEBUG            PET0 VMK::send():4407, size=500 in 1 chunks
20220807 032614.096 DEBUG            PET0 VMK::recv():4898, size=4 in 1 chunks
20220807 032614.096 DEBUG            PET0 VMK::send():4407, size=500 in 1 chunks
20220807 032614.096 DEBUG            PET0 VMK::recv():4898, size=4 in 1 chunks
20220807 032614.096 DEBUG            PET0 VMK::send():4407, size=4 in 1 chunks
20220807 032614.097 DEBUG            PET0 VMK::recv():4898, size=1100 in 1 chunks
20220807 032614.097 DEBUG            PET0 VMK::recv():4898, size=1100 in 1 chunks
20220807 032614.097 DEBUG            PET0 VMK::recv():4898, size=1100 in 1 chunks
20220807 032614.097 DEBUG            PET0 VMK::send():4407, size=1100 in 1 chunks
20220807 032614.097 DEBUG            PET0 VMK::recv():4898, size=500 in 1 chunks
20220807 032614.097 DEBUG            PET0 VMK::recv():4898, size=500 in 1 chunks
20220807 032614.097 DEBUG            PET0 VMK::send():4407, size=4 in 1 chunks
20220807 032614.097 DEBUG            PET0 VMK::send():4407, size=4 in 1 chunks
20220807 032614.097 DEBUG            PET0 VMK::send():4407, size=1100 in 1 chunks
20220807 032614.097 DEBUG            PET0 VMK::send():4407, size=1100 in 1 chunks
20220807 032614.097 DEBUG            PET0 VMK::send():4407, size=240 in 1 chunks
20220807 032614.097 DEBUG            PET0 VMK::send():4407, size=160 in 1 chunks
20220807 032614.097 DEBUG            PET0 VMK::send():4407, size=240 in 1 chunks
20220807 032614.097 DEBUG            PET0 VMK::send():4407, size=160 in 1 chunks
20220807 032614.097 DEBUG            PET0 VMK::send():4407, size=240 in 1 chunks
20220807 032614.097 DEBUG            PET0 VMK::send():4407, size=160 in 1 chunks
20220807 032614.097 DEBUG            PET0 VMK::send():4407, size=240 in 1 chunks
20220807 032614.097 DEBUG            PET0 VMK::send():4407, size=160 in 1 chunks
20220807 032614.097 DEBUG            PET0 VMK::send():4407, size=240 in 1 chunks
20220807 032614.097 DEBUG            PET0 VMK::send():4407, size=160 in 1 chunks
20220807 032614.097 DEBUG            PET0 VMK::send():4407, size=240 in 1 chunks
20220807 032614.097 DEBUG            PET0 VMK::send():4407, size=160 in 1 chunks
20220807 032614.097 DEBUG            PET0 VMK::send():4407, size=240 in 1 chunks
20220807 032614.097 DEBUG            PET0 VMK::send():4407, size=160 in 1 chunks
20220807 032614.097 DEBUG            PET0 VMK::send():4407, size=240 in 1 chunks
20220807 032614.097 DEBUG            PET0 VMK::send():4407, size=160 in 1 chunks
20220807 032614.097 DEBUG            PET0 VMK::send():4407, size=240 in 1 chunks
20220807 032614.097 DEBUG            PET0 VMK::send():4407, size=160 in 1 chunks
20220807 032614.097 DEBUG            PET0 VMK::send():4407, size=240 in 1 chunks
20220807 032614.097 DEBUG            PET0 VMK::send():4407, size=160 in 1 chunks
20220807 032614.097 DEBUG            PET0 VMK::send():4407, size=240 in 1 chunks
20220807 032614.097 DEBUG            PET0 VMK::send():4407, size=160 in 1 chunks
20220807 032614.097 DEBUG            PET0 VMK::send():4407, size=240 in 1 chunks
20220807 032614.097 DEBUG            PET0 VMK::send():4407, size=160 in 1 chunks
20220807 032614.097 DEBUG            PET0 VMK::send():4407, size=240 in 1 chunks
20220807 032614.097 DEBUG            PET0 VMK::send():4407, size=160 in 1 chunks
20220807 032614.097 DEBUG            PET0 VMK::send():4407, size=240 in 1 chunks
20220807 032614.097 DEBUG            PET0 VMK::send():4407, size=160 in 1 chunks
20220807 032614.097 DEBUG            PET0 VMK::send():4407, size=240 in 1 chunks
20220807 032614.097 DEBUG            PET0 VMK::send():4407, size=160 in 1 chunks
20220807 032614.097 DEBUG            PET0 VMK::send():4407, size=240 in 1 chunks
20220807 032614.097 DEBUG            PET0 VMK::send():4407, size=160 in 1 chunks
20220807 032614.097 DEBUG            PET0 VMK::send():4407, size=240 in 1 chunks
20220807 032614.097 DEBUG            PET0 VMK::send():4407, size=160 in 1 chunks
20220807 032614.097 DEBUG            PET0 VMK::send():4407, size=240 in 1 chunks
20220807 032614.097 DEBUG            PET0 VMK::send():4407, size=160 in 1 chunks
20220807 032614.097 DEBUG            PET0 VMK::send():4407, size=240 in 1 chunks
20220807 032614.097 DEBUG            PET0 VMK::send():4407, size=160 in 1 chunks
20220807 032614.097 DEBUG            PET0 VMK::send():4407, size=240 in 1 chunks
20220807 032614.097 DEBUG            PET0 VMK::send():4407, size=160 in 1 chunks
20220807 032614.097 DEBUG            PET0 VMK::send():4407, size=240 in 1 chunks
20220807 032614.097 DEBUG            PET0 VMK::send():4407, size=160 in 1 chunks
20220807 032614.097 DEBUG            PET0 VMK::send():4407, size=240 in 1 chunks
20220807 032614.097 DEBUG            PET0 VMK::send():4407, size=160 in 1 chunks
20220807 032614.097 DEBUG            PET0 VMK::send():4407, size=240 in 1 chunks
20220807 032614.097 DEBUG            PET0 VMK::send():4407, size=160 in 1 chunks
20220807 032614.097 DEBUG            PET0 VMK::send():4407, size=240 in 1 chunks
20220807 032614.097 DEBUG            PET0 VMK::send():4407, size=160 in 1 chunks
20220807 032614.097 DEBUG            PET0 VMK::send():4407, size=240 in 1 chunks
20220807 032614.097 DEBUG            PET0 VMK::send():4407, size=160 in 1 chunks
20220807 032614.097 DEBUG            PET0 VMK::send():4407, size=240 in 1 chunks
20220807 032614.097 DEBUG            PET0 VMK::send():4407, size=160 in 1 chunks
20220807 032614.097 DEBUG            PET0 VMK::send():4407, size=240 in 1 chunks
20220807 032614.097 DEBUG            PET0 VMK::send():4407, size=160 in 1 chunks
20220807 032614.097 DEBUG            PET0 VMK::send():4407, size=240 in 1 chunks
20220807 032614.097 DEBUG            PET0 VMK::send():4407, size=160 in 1 chunks
20220807 032614.097 DEBUG            PET0 VMK::send():4407, size=240 in 1 chunks
20220807 032614.097 DEBUG            PET0 VMK::send():4407, size=160 in 1 chunks
20220807 032614.097 DEBUG            PET0 VMK::send():4407, size=240 in 1 chunks
20220807 032614.097 DEBUG            PET0 VMK::send():4407, size=160 in 1 chunks
20220807 032614.098 DEBUG            PET0 VMK::send():4407, size=240 in 1 chunks
20220807 032614.098 DEBUG            PET0 VMK::send():4407, size=160 in 1 chunks
20220807 032614.098 DEBUG            PET0 epochBuffer:4353 non-blocking send to dst=2 firstFlag=1 msg size=240
20220807 032614.098 DEBUG            PET0 epochBuffer:4063 ready to clear outstanding comm
20220807 032614.098 DEBUG            PET0 epochBuffer:4376 non-blocking send write complete, current stream size=252
20220807 032614.098 DEBUG            PET0 epochBuffer:4353 non-blocking send to dst=2 firstFlag=0 msg size=160
20220807 032614.098 DEBUG            PET0 epochBuffer:4376 non-blocking send write complete, current stream size=424
20220807 032614.098 DEBUG            PET0 epochBuffer:3868 unacknowledged sends to dst=2: 0
20220807 032614.098 DEBUG            PET0 epochBuffer:3920 ready to post non-blocking send: dst=2 size=424 buffer=0x272bac0
20220807 032614.098 DEBUG            PET0 epochBuffer:3971 time in non-blocking send: 4.07919e-07 seconds
20220807 032614.098 DEBUG            PET0 epochBuffer:3987 unacknowledged sends to dst=2: 1
20220807 032614.098 INFO             PET0  NUMBER_OF_PROCESSORS           4
20220807 032614.098 INFO             PET0  PASS  Example ESMF_RHandleVMEpochEx, ESMF_RHandleVMEpochEx.F90, line 247
20220807 032614.098 INFO             PET0 Finalizing ESMF
20220807 032614.098 DEBUG            PET0 epochFinal
20220807 032614.098 DEBUG            PET0 epochBuffer:3817 ready to clear outstanding comm: dst=2 size=0 buffer=0x272bac0
20220807 032614.098 DEBUG            PET0 epochBuffer:4063 ready to clear outstanding comm
20220807 032614.098 DEBUG            PET0 epochBuffer:4091 posting MPI_Wait()
20220807 032614.098 DEBUG            PET0 epochBuffer:4100 time in MPI_Wait(): 1.3141e-06 seconds
20220807 032614.098 DEBUG            PET0 epochBuffer:3827 drain unacknowledged sends to dst=2: 1
20220807 032614.094 INFO             PET1 !!!!!!!!!!!!!!!!!!!!!!!!!!!!!!!!!!!!!!!!!!!!!!!!!!!!!!
20220807 032614.094 INFO             PET1 !!! THE ESMF_LOG IS SET TO OUTPUT ALL LOG MESSAGES !!!
20220807 032614.094 INFO             PET1 !!!     THIS MAY CAUSE SLOWDOWN IN PERFORMANCE     !!!
20220807 032614.094 INFO             PET1 !!! FOR PRODUCTION RUNS, USE:                      !!!
20220807 032614.094 INFO             PET1 !!!                   ESMF_LOGKIND_Multi_On_Error  !!!
20220807 032614.094 INFO             PET1 !!!!!!!!!!!!!!!!!!!!!!!!!!!!!!!!!!!!!!!!!!!!!!!!!!!!!!
20220807 032614.094 INFO             PET1 Running with ESMF Version   : v8.3.0b17-30-g0de4558e1e
20220807 032614.094 INFO             PET1 ESMF library build date/time: "Aug  7 2022" "02:46:30"
20220807 032614.094 INFO             PET1 ESMF library build location : /scratch1/NCEPDEV/stmp2/Rocky.Dunlap/esmf-testing/gfortran_9.2.0b_openmpi_O_feature_large-messages/esmf
20220807 032614.094 INFO             PET1 ESMF_COMM                   : openmpi
20220807 032614.095 INFO             PET1 ESMF_MOAB                   : enabled
20220807 032614.095 INFO             PET1 ESMF_LAPACK                 : enabled
20220807 032614.095 INFO             PET1 ESMF_NETCDF                 : disabled
20220807 032614.095 INFO             PET1 ESMF_PNETCDF                : disabled
20220807 032614.095 INFO             PET1 ESMF_PIO                    : disabled
20220807 032614.095 INFO             PET1 ESMF_YAMLCPP                : enabled
20220807 032614.096 DEBUG            PET1 VMK::recv():4898, size=100 in 1 chunks
20220807 032614.096 DEBUG            PET1 VMK::send():4407, size=100 in 1 chunks
20220807 032614.096 DEBUG            PET1 VMK::send():4407, size=100 in 1 chunks
20220807 032614.096 DEBUG            PET1 VMK::send():4407, size=100 in 1 chunks
20220807 032614.096 DEBUG            PET1 VMK::recv():4898, size=400 in 1 chunks
20220807 032614.096 DEBUG            PET1 VMK::send():4407, size=400 in 1 chunks
20220807 032614.096 DEBUG            PET1 VMK::send():4407, size=400 in 1 chunks
20220807 032614.096 DEBUG            PET1 VMK::send():4407, size=400 in 1 chunks
20220807 032614.096 DEBUG            PET1 VMK::recv():4898, size=200 in 1 chunks
20220807 032614.096 DEBUG            PET1 VMK::send():4407, size=200 in 1 chunks
20220807 032614.096 DEBUG            PET1 VMK::send():4407, size=200 in 1 chunks
20220807 032614.096 DEBUG            PET1 VMK::send():4407, size=200 in 1 chunks
20220807 032614.096 DEBUG            PET1 VMK::recv():4898, size=100 in 1 chunks
20220807 032614.096 DEBUG            PET1 VMK::send():4407, size=100 in 1 chunks
20220807 032614.096 DEBUG            PET1 VMK::send():4407, size=100 in 1 chunks
20220807 032614.096 DEBUG            PET1 VMK::send():4407, size=100 in 1 chunks
20220807 032614.096 DEBUG            PET1 VMK::recv():4898, size=400 in 1 chunks
20220807 032614.096 DEBUG            PET1 VMK::send():4407, size=400 in 1 chunks
20220807 032614.096 DEBUG            PET1 VMK::send():4407, size=400 in 1 chunks
20220807 032614.096 DEBUG            PET1 VMK::send():4407, size=400 in 1 chunks
20220807 032614.096 DEBUG            PET1 VMK::recv():4898, size=200 in 1 chunks
20220807 032614.096 DEBUG            PET1 VMK::recv():4898, size=200 in 1 chunks
20220807 032614.096 DEBUG            PET1 VMK::recv():4898, size=500 in 1 chunks
20220807 032614.096 DEBUG            PET1 VMK::send():4407, size=500 in 1 chunks
20220807 032614.096 DEBUG            PET1 VMK::recv():4898, size=4 in 1 chunks
20220807 032614.096 DEBUG            PET1 VMK::send():4407, size=500 in 1 chunks
20220807 032614.096 DEBUG            PET1 VMK::recv():4898, size=4 in 1 chunks
20220807 032614.096 DEBUG            PET1 VMK::send():4407, size=500 in 1 chunks
20220807 032614.096 DEBUG            PET1 VMK::recv():4898, size=4 in 1 chunks
20220807 032614.096 DEBUG            PET1 VMK::send():4407, size=4 in 1 chunks
20220807 032614.097 DEBUG            PET1 VMK::recv():4898, size=1100 in 1 chunks
20220807 032614.097 DEBUG            PET1 VMK::recv():4898, size=1100 in 1 chunks
20220807 032614.097 DEBUG            PET1 VMK::recv():4898, size=1100 in 1 chunks
20220807 032614.097 DEBUG            PET1 VMK::send():4407, size=1100 in 1 chunks
20220807 032614.097 DEBUG            PET1 VMK::recv():4898, size=500 in 1 chunks
20220807 032614.097 DEBUG            PET1 VMK::recv():4898, size=500 in 1 chunks
20220807 032614.097 DEBUG            PET1 VMK::send():4407, size=4 in 1 chunks
20220807 032614.097 DEBUG            PET1 VMK::send():4407, size=4 in 1 chunks
20220807 032614.097 DEBUG            PET1 VMK::send():4407, size=1100 in 1 chunks
20220807 032614.097 DEBUG            PET1 VMK::send():4407, size=1100 in 1 chunks
20220807 032614.097 DEBUG            PET1 VMK::send():4407, size=240 in 1 chunks
20220807 032614.097 DEBUG            PET1 VMK::send():4407, size=160 in 1 chunks
20220807 032614.097 DEBUG            PET1 VMK::send():4407, size=240 in 1 chunks
20220807 032614.097 DEBUG            PET1 VMK::send():4407, size=160 in 1 chunks
20220807 032614.097 DEBUG            PET1 VMK::send():4407, size=240 in 1 chunks
20220807 032614.097 DEBUG            PET1 VMK::send():4407, size=160 in 1 chunks
20220807 032614.097 DEBUG            PET1 VMK::send():4407, size=240 in 1 chunks
20220807 032614.097 DEBUG            PET1 VMK::send():4407, size=160 in 1 chunks
20220807 032614.097 DEBUG            PET1 VMK::send():4407, size=240 in 1 chunks
20220807 032614.097 DEBUG            PET1 VMK::send():4407, size=160 in 1 chunks
20220807 032614.097 DEBUG            PET1 VMK::send():4407, size=240 in 1 chunks
20220807 032614.097 DEBUG            PET1 VMK::send():4407, size=160 in 1 chunks
20220807 032614.097 DEBUG            PET1 VMK::send():4407, size=240 in 1 chunks
20220807 032614.097 DEBUG            PET1 VMK::send():4407, size=160 in 1 chunks
20220807 032614.097 DEBUG            PET1 VMK::send():4407, size=240 in 1 chunks
20220807 032614.097 DEBUG            PET1 VMK::send():4407, size=160 in 1 chunks
20220807 032614.097 DEBUG            PET1 VMK::send():4407, size=240 in 1 chunks
20220807 032614.097 DEBUG            PET1 VMK::send():4407, size=160 in 1 chunks
20220807 032614.097 DEBUG            PET1 VMK::send():4407, size=240 in 1 chunks
20220807 032614.097 DEBUG            PET1 VMK::send():4407, size=160 in 1 chunks
20220807 032614.097 DEBUG            PET1 VMK::send():4407, size=240 in 1 chunks
20220807 032614.097 DEBUG            PET1 VMK::send():4407, size=160 in 1 chunks
20220807 032614.097 DEBUG            PET1 VMK::send():4407, size=240 in 1 chunks
20220807 032614.097 DEBUG            PET1 VMK::send():4407, size=160 in 1 chunks
20220807 032614.097 DEBUG            PET1 VMK::send():4407, size=240 in 1 chunks
20220807 032614.097 DEBUG            PET1 VMK::send():4407, size=160 in 1 chunks
20220807 032614.097 DEBUG            PET1 VMK::send():4407, size=240 in 1 chunks
20220807 032614.097 DEBUG            PET1 VMK::send():4407, size=160 in 1 chunks
20220807 032614.097 DEBUG            PET1 VMK::send():4407, size=240 in 1 chunks
20220807 032614.097 DEBUG            PET1 VMK::send():4407, size=160 in 1 chunks
20220807 032614.097 DEBUG            PET1 VMK::send():4407, size=240 in 1 chunks
20220807 032614.097 DEBUG            PET1 VMK::send():4407, size=160 in 1 chunks
20220807 032614.097 DEBUG            PET1 VMK::send():4407, size=240 in 1 chunks
20220807 032614.097 DEBUG            PET1 VMK::send():4407, size=160 in 1 chunks
20220807 032614.097 DEBUG            PET1 VMK::send():4407, size=240 in 1 chunks
20220807 032614.097 DEBUG            PET1 VMK::send():4407, size=160 in 1 chunks
20220807 032614.097 DEBUG            PET1 VMK::send():4407, size=240 in 1 chunks
20220807 032614.097 DEBUG            PET1 VMK::send():4407, size=160 in 1 chunks
20220807 032614.097 DEBUG            PET1 VMK::send():4407, size=240 in 1 chunks
20220807 032614.097 DEBUG            PET1 VMK::send():4407, size=160 in 1 chunks
20220807 032614.097 DEBUG            PET1 VMK::send():4407, size=240 in 1 chunks
20220807 032614.097 DEBUG            PET1 VMK::send():4407, size=160 in 1 chunks
20220807 032614.097 DEBUG            PET1 VMK::send():4407, size=240 in 1 chunks
20220807 032614.097 DEBUG            PET1 VMK::send():4407, size=160 in 1 chunks
20220807 032614.097 DEBUG            PET1 VMK::send():4407, size=240 in 1 chunks
20220807 032614.097 DEBUG            PET1 VMK::send():4407, size=160 in 1 chunks
20220807 032614.097 DEBUG            PET1 VMK::send():4407, size=240 in 1 chunks
20220807 032614.097 DEBUG            PET1 VMK::send():4407, size=160 in 1 chunks
20220807 032614.097 DEBUG            PET1 VMK::send():4407, size=240 in 1 chunks
20220807 032614.097 DEBUG            PET1 VMK::send():4407, size=160 in 1 chunks
20220807 032614.097 DEBUG            PET1 VMK::send():4407, size=240 in 1 chunks
20220807 032614.097 DEBUG            PET1 VMK::send():4407, size=160 in 1 chunks
20220807 032614.097 DEBUG            PET1 VMK::send():4407, size=240 in 1 chunks
20220807 032614.097 DEBUG            PET1 VMK::send():4407, size=160 in 1 chunks
20220807 032614.097 DEBUG            PET1 VMK::send():4407, size=240 in 1 chunks
20220807 032614.097 DEBUG            PET1 VMK::send():4407, size=160 in 1 chunks
20220807 032614.097 DEBUG            PET1 VMK::send():4407, size=240 in 1 chunks
20220807 032614.097 DEBUG            PET1 VMK::send():4407, size=160 in 1 chunks
20220807 032614.097 DEBUG            PET1 VMK::send():4407, size=240 in 1 chunks
20220807 032614.097 DEBUG            PET1 VMK::send():4407, size=160 in 1 chunks
20220807 032614.098 DEBUG            PET1 VMK::send():4407, size=240 in 1 chunks
20220807 032614.098 DEBUG            PET1 VMK::send():4407, size=160 in 1 chunks
20220807 032614.098 DEBUG            PET1 epochBuffer:4353 non-blocking send to dst=3 firstFlag=1 msg size=240
20220807 032614.098 DEBUG            PET1 epochBuffer:4063 ready to clear outstanding comm
20220807 032614.098 DEBUG            PET1 epochBuffer:4376 non-blocking send write complete, current stream size=252
20220807 032614.098 DEBUG            PET1 epochBuffer:4353 non-blocking send to dst=3 firstFlag=0 msg size=160
20220807 032614.098 DEBUG            PET1 epochBuffer:4376 non-blocking send write complete, current stream size=424
20220807 032614.098 DEBUG            PET1 epochBuffer:3868 unacknowledged sends to dst=3: 0
20220807 032614.098 DEBUG            PET1 epochBuffer:3920 ready to post non-blocking send: dst=3 size=424 buffer=0x1d0ed00
20220807 032614.098 DEBUG            PET1 epochBuffer:3971 time in non-blocking send: 3.94881e-07 seconds
20220807 032614.098 DEBUG            PET1 epochBuffer:3987 unacknowledged sends to dst=3: 1
20220807 032614.098 INFO             PET1  NUMBER_OF_PROCESSORS           4
20220807 032614.098 INFO             PET1  PASS  Example ESMF_RHandleVMEpochEx, ESMF_RHandleVMEpochEx.F90, line 247
20220807 032614.098 INFO             PET1 Finalizing ESMF
20220807 032614.098 DEBUG            PET1 epochFinal
20220807 032614.098 DEBUG            PET1 epochBuffer:3817 ready to clear outstanding comm: dst=3 size=0 buffer=0x1d0ed00
20220807 032614.098 DEBUG            PET1 epochBuffer:4063 ready to clear outstanding comm
20220807 032614.098 DEBUG            PET1 epochBuffer:4091 posting MPI_Wait()
20220807 032614.098 DEBUG            PET1 epochBuffer:4100 time in MPI_Wait(): 1.5758e-06 seconds
20220807 032614.098 DEBUG            PET1 epochBuffer:3827 drain unacknowledged sends to dst=3: 1
20220807 032614.095 INFO             PET2 !!!!!!!!!!!!!!!!!!!!!!!!!!!!!!!!!!!!!!!!!!!!!!!!!!!!!!
20220807 032614.095 INFO             PET2 !!! THE ESMF_LOG IS SET TO OUTPUT ALL LOG MESSAGES !!!
20220807 032614.095 INFO             PET2 !!!     THIS MAY CAUSE SLOWDOWN IN PERFORMANCE     !!!
20220807 032614.095 INFO             PET2 !!! FOR PRODUCTION RUNS, USE:                      !!!
20220807 032614.095 INFO             PET2 !!!                   ESMF_LOGKIND_Multi_On_Error  !!!
20220807 032614.095 INFO             PET2 !!!!!!!!!!!!!!!!!!!!!!!!!!!!!!!!!!!!!!!!!!!!!!!!!!!!!!
20220807 032614.095 INFO             PET2 Running with ESMF Version   : v8.3.0b17-30-g0de4558e1e
20220807 032614.095 INFO             PET2 ESMF library build date/time: "Aug  7 2022" "02:46:30"
20220807 032614.095 INFO             PET2 ESMF library build location : /scratch1/NCEPDEV/stmp2/Rocky.Dunlap/esmf-testing/gfortran_9.2.0b_openmpi_O_feature_large-messages/esmf
20220807 032614.095 INFO             PET2 ESMF_COMM                   : openmpi
20220807 032614.095 INFO             PET2 ESMF_MOAB                   : enabled
20220807 032614.095 INFO             PET2 ESMF_LAPACK                 : enabled
20220807 032614.095 INFO             PET2 ESMF_NETCDF                 : disabled
20220807 032614.095 INFO             PET2 ESMF_PNETCDF                : disabled
20220807 032614.095 INFO             PET2 ESMF_PIO                    : disabled
20220807 032614.095 INFO             PET2 ESMF_YAMLCPP                : enabled
20220807 032614.096 DEBUG            PET2 VMK::recv():4898, size=100 in 1 chunks
20220807 032614.096 DEBUG            PET2 VMK::recv():4898, size=100 in 1 chunks
20220807 032614.096 DEBUG            PET2 VMK::recv():4898, size=400 in 1 chunks
20220807 032614.096 DEBUG            PET2 VMK::recv():4898, size=400 in 1 chunks
20220807 032614.096 DEBUG            PET2 VMK::recv():4898, size=200 in 1 chunks
20220807 032614.096 DEBUG            PET2 VMK::recv():4898, size=200 in 1 chunks
20220807 032614.096 DEBUG            PET2 VMK::recv():4898, size=100 in 1 chunks
20220807 032614.096 DEBUG            PET2 VMK::recv():4898, size=100 in 1 chunks
20220807 032614.096 DEBUG            PET2 VMK::recv():4898, size=400 in 1 chunks
20220807 032614.096 DEBUG            PET2 VMK::recv():4898, size=400 in 1 chunks
20220807 032614.096 DEBUG            PET2 VMK::recv():4898, size=200 in 1 chunks
20220807 032614.096 DEBUG            PET2 VMK::send():4407, size=200 in 1 chunks
20220807 032614.096 DEBUG            PET2 VMK::send():4407, size=200 in 1 chunks
20220807 032614.096 DEBUG            PET2 VMK::send():4407, size=200 in 1 chunks
20220807 032614.096 DEBUG            PET2 VMK::recv():4898, size=500 in 1 chunks
20220807 032614.096 DEBUG            PET2 VMK::recv():4898, size=500 in 1 chunks
20220807 032614.096 DEBUG            PET2 VMK::send():4407, size=4 in 1 chunks
20220807 032614.096 DEBUG            PET2 VMK::send():4407, size=4 in 1 chunks
20220807 032614.096 DEBUG            PET2 VMK::send():4407, size=1100 in 1 chunks
20220807 032614.096 DEBUG            PET2 VMK::send():4407, size=1100 in 1 chunks
20220807 032614.096 DEBUG            PET2 VMK::recv():4898, size=500 in 1 chunks
20220807 032614.096 DEBUG            PET2 VMK::send():4407, size=500 in 1 chunks
20220807 032614.096 DEBUG            PET2 VMK::recv():4898, size=4 in 1 chunks
20220807 032614.097 DEBUG            PET2 VMK::send():4407, size=500 in 1 chunks
20220807 032614.097 DEBUG            PET2 VMK::recv():4898, size=4 in 1 chunks
20220807 032614.097 DEBUG            PET2 VMK::send():4407, size=500 in 1 chunks
20220807 032614.097 DEBUG            PET2 VMK::recv():4898, size=4 in 1 chunks
20220807 032614.097 DEBUG            PET2 VMK::send():4407, size=4 in 1 chunks
20220807 032614.097 DEBUG            PET2 VMK::recv():4898, size=1100 in 1 chunks
20220807 032614.097 DEBUG            PET2 VMK::recv():4898, size=1100 in 1 chunks
20220807 032614.097 DEBUG            PET2 VMK::recv():4898, size=1100 in 1 chunks
20220807 032614.097 DEBUG            PET2 VMK::send():4407, size=1100 in 1 chunks
20220807 032614.097 DEBUG            PET2 VMK::recv():4898, size=240 in 1 chunks
20220807 032614.097 DEBUG            PET2 VMK::recv():4898, size=160 in 1 chunks
20220807 032614.097 DEBUG            PET2 VMK::recv():4898, size=240 in 1 chunks
20220807 032614.097 DEBUG            PET2 VMK::recv():4898, size=160 in 1 chunks
20220807 032614.097 DEBUG            PET2 VMK::recv():4898, size=240 in 1 chunks
20220807 032614.097 DEBUG            PET2 VMK::recv():4898, size=160 in 1 chunks
20220807 032614.097 DEBUG            PET2 VMK::recv():4898, size=240 in 1 chunks
20220807 032614.097 DEBUG            PET2 VMK::recv():4898, size=160 in 1 chunks
20220807 032614.097 DEBUG            PET2 VMK::recv():4898, size=240 in 1 chunks
20220807 032614.097 DEBUG            PET2 VMK::recv():4898, size=160 in 1 chunks
20220807 032614.097 DEBUG            PET2 VMK::recv():4898, size=240 in 1 chunks
20220807 032614.097 DEBUG            PET2 VMK::recv():4898, size=160 in 1 chunks
20220807 032614.097 DEBUG            PET2 VMK::recv():4898, size=240 in 1 chunks
20220807 032614.097 DEBUG            PET2 VMK::recv():4898, size=160 in 1 chunks
20220807 032614.097 DEBUG            PET2 VMK::recv():4898, size=240 in 1 chunks
20220807 032614.097 DEBUG            PET2 VMK::recv():4898, size=160 in 1 chunks
20220807 032614.097 DEBUG            PET2 VMK::recv():4898, size=240 in 1 chunks
20220807 032614.097 DEBUG            PET2 VMK::recv():4898, size=160 in 1 chunks
20220807 032614.097 DEBUG            PET2 VMK::recv():4898, size=240 in 1 chunks
20220807 032614.097 DEBUG            PET2 VMK::recv():4898, size=160 in 1 chunks
20220807 032614.097 DEBUG            PET2 VMK::recv():4898, size=240 in 1 chunks
20220807 032614.097 DEBUG            PET2 VMK::recv():4898, size=160 in 1 chunks
20220807 032614.097 DEBUG            PET2 VMK::recv():4898, size=240 in 1 chunks
20220807 032614.097 DEBUG            PET2 VMK::recv():4898, size=160 in 1 chunks
20220807 032614.097 DEBUG            PET2 VMK::recv():4898, size=240 in 1 chunks
20220807 032614.097 DEBUG            PET2 VMK::recv():4898, size=160 in 1 chunks
20220807 032614.097 DEBUG            PET2 VMK::recv():4898, size=240 in 1 chunks
20220807 032614.097 DEBUG            PET2 VMK::recv():4898, size=160 in 1 chunks
20220807 032614.097 DEBUG            PET2 VMK::recv():4898, size=240 in 1 chunks
20220807 032614.097 DEBUG            PET2 VMK::recv():4898, size=160 in 1 chunks
20220807 032614.097 DEBUG            PET2 VMK::recv():4898, size=240 in 1 chunks
20220807 032614.097 DEBUG            PET2 VMK::recv():4898, size=160 in 1 chunks
20220807 032614.097 DEBUG            PET2 VMK::recv():4898, size=240 in 1 chunks
20220807 032614.097 DEBUG            PET2 VMK::recv():4898, size=160 in 1 chunks
20220807 032614.097 DEBUG            PET2 VMK::recv():4898, size=240 in 1 chunks
20220807 032614.097 DEBUG            PET2 VMK::recv():4898, size=160 in 1 chunks
20220807 032614.097 DEBUG            PET2 VMK::recv():4898, size=240 in 1 chunks
20220807 032614.097 DEBUG            PET2 VMK::recv():4898, size=160 in 1 chunks
20220807 032614.097 DEBUG            PET2 VMK::recv():4898, size=240 in 1 chunks
20220807 032614.097 DEBUG            PET2 VMK::recv():4898, size=160 in 1 chunks
20220807 032614.097 DEBUG            PET2 VMK::recv():4898, size=240 in 1 chunks
20220807 032614.097 DEBUG            PET2 VMK::recv():4898, size=160 in 1 chunks
20220807 032614.097 DEBUG            PET2 VMK::recv():4898, size=240 in 1 chunks
20220807 032614.097 DEBUG            PET2 VMK::recv():4898, size=160 in 1 chunks
20220807 032614.097 DEBUG            PET2 VMK::recv():4898, size=240 in 1 chunks
20220807 032614.097 DEBUG            PET2 VMK::recv():4898, size=160 in 1 chunks
20220807 032614.097 DEBUG            PET2 VMK::recv():4898, size=240 in 1 chunks
20220807 032614.097 DEBUG            PET2 VMK::recv():4898, size=160 in 1 chunks
20220807 032614.097 DEBUG            PET2 VMK::recv():4898, size=240 in 1 chunks
20220807 032614.097 DEBUG            PET2 VMK::recv():4898, size=160 in 1 chunks
20220807 032614.097 DEBUG            PET2 VMK::recv():4898, size=240 in 1 chunks
20220807 032614.097 DEBUG            PET2 VMK::recv():4898, size=160 in 1 chunks
20220807 032614.097 DEBUG            PET2 VMK::recv():4898, size=240 in 1 chunks
20220807 032614.097 DEBUG            PET2 VMK::recv():4898, size=160 in 1 chunks
20220807 032614.097 DEBUG            PET2 VMK::recv():4898, size=240 in 1 chunks
20220807 032614.097 DEBUG            PET2 VMK::recv():4898, size=160 in 1 chunks
20220807 032614.097 DEBUG            PET2 VMK::recv():4898, size=240 in 1 chunks
20220807 032614.097 DEBUG            PET2 VMK::recv():4898, size=160 in 1 chunks
20220807 032614.097 DEBUG            PET2 VMK::recv():4898, size=240 in 1 chunks
20220807 032614.097 DEBUG            PET2 VMK::recv():4898, size=160 in 1 chunks
20220807 032614.098 DEBUG            PET2 VMK::recv():4898, size=240 in 1 chunks
20220807 032614.098 DEBUG            PET2 VMK::recv():4898, size=160 in 1 chunks
20220807 032614.098 DEBUG            PET2 epochBuffer:4765 non-blocking recv firstFlag=1 size=240
20220807 032614.098 DEBUG            PET2 epochBuffer:4778 ready to probe: src=0
20220807 032614.098 DEBUG            PET2 epochBuffer:4813 time in blocking probe: 3.90699e-05 seconds
20220807 032614.098 DEBUG            PET2 epochBuffer:4817 incoming message of size=424
20220807 032614.098 DEBUG            PET2 epochBuffer:4830 ready to post blocking recv: src=0 size=424 streamBuffer=0x1b38340
20220807 032614.098 DEBUG            PET2 epochBuffer:4849 time in blocking recv: 4.2282e-06 seconds
20220807 032614.098 DEBUG            PET2 epochBuffer:4863 processing recv chunk: buffer=0x1b38340 chunkSize=240 chunkTag=0
20220807 032614.098 DEBUG            PET2 epochBuffer:4765 non-blocking recv firstFlag=0 size=160
20220807 032614.098 DEBUG            PET2 epochBuffer:4863 processing recv chunk: buffer=0x1b3843c chunkSize=160 chunkTag=0
20220807 032614.098 INFO             PET2  NUMBER_OF_PROCESSORS           4
20220807 032614.098 INFO             PET2  PASS  Example ESMF_RHandleVMEpochEx, ESMF_RHandleVMEpochEx.F90, line 247
20220807 032614.098 INFO             PET2 Finalizing ESMF
20220807 032614.098 DEBUG            PET2 epochFinal
20220807 032614.094 INFO             PET3 !!!!!!!!!!!!!!!!!!!!!!!!!!!!!!!!!!!!!!!!!!!!!!!!!!!!!!
20220807 032614.094 INFO             PET3 !!! THE ESMF_LOG IS SET TO OUTPUT ALL LOG MESSAGES !!!
20220807 032614.094 INFO             PET3 !!!     THIS MAY CAUSE SLOWDOWN IN PERFORMANCE     !!!
20220807 032614.094 INFO             PET3 !!! FOR PRODUCTION RUNS, USE:                      !!!
20220807 032614.094 INFO             PET3 !!!                   ESMF_LOGKIND_Multi_On_Error  !!!
20220807 032614.094 INFO             PET3 !!!!!!!!!!!!!!!!!!!!!!!!!!!!!!!!!!!!!!!!!!!!!!!!!!!!!!
20220807 032614.094 INFO             PET3 Running with ESMF Version   : v8.3.0b17-30-g0de4558e1e
20220807 032614.094 INFO             PET3 ESMF library build date/time: "Aug  7 2022" "02:46:30"
20220807 032614.094 INFO             PET3 ESMF library build location : /scratch1/NCEPDEV/stmp2/Rocky.Dunlap/esmf-testing/gfortran_9.2.0b_openmpi_O_feature_large-messages/esmf
20220807 032614.094 INFO             PET3 ESMF_COMM                   : openmpi
20220807 032614.095 INFO             PET3 ESMF_MOAB                   : enabled
20220807 032614.095 INFO             PET3 ESMF_LAPACK                 : enabled
20220807 032614.095 INFO             PET3 ESMF_NETCDF                 : disabled
20220807 032614.095 INFO             PET3 ESMF_PNETCDF                : disabled
20220807 032614.095 INFO             PET3 ESMF_PIO                    : disabled
20220807 032614.095 INFO             PET3 ESMF_YAMLCPP                : enabled
20220807 032614.096 DEBUG            PET3 VMK::recv():4898, size=100 in 1 chunks
20220807 032614.096 DEBUG            PET3 VMK::recv():4898, size=100 in 1 chunks
20220807 032614.096 DEBUG            PET3 VMK::recv():4898, size=400 in 1 chunks
20220807 032614.096 DEBUG            PET3 VMK::recv():4898, size=400 in 1 chunks
20220807 032614.096 DEBUG            PET3 VMK::recv():4898, size=200 in 1 chunks
20220807 032614.096 DEBUG            PET3 VMK::recv():4898, size=200 in 1 chunks
20220807 032614.096 DEBUG            PET3 VMK::recv():4898, size=100 in 1 chunks
20220807 032614.096 DEBUG            PET3 VMK::recv():4898, size=100 in 1 chunks
20220807 032614.096 DEBUG            PET3 VMK::recv():4898, size=400 in 1 chunks
20220807 032614.096 DEBUG            PET3 VMK::recv():4898, size=400 in 1 chunks
20220807 032614.096 DEBUG            PET3 VMK::recv():4898, size=200 in 1 chunks
20220807 032614.096 DEBUG            PET3 VMK::send():4407, size=200 in 1 chunks
20220807 032614.096 DEBUG            PET3 VMK::send():4407, size=200 in 1 chunks
20220807 032614.096 DEBUG            PET3 VMK::send():4407, size=200 in 1 chunks
20220807 032614.096 DEBUG            PET3 VMK::recv():4898, size=500 in 1 chunks
20220807 032614.096 DEBUG            PET3 VMK::recv():4898, size=500 in 1 chunks
20220807 032614.096 DEBUG            PET3 VMK::send():4407, size=4 in 1 chunks
20220807 032614.096 DEBUG            PET3 VMK::send():4407, size=4 in 1 chunks
20220807 032614.096 DEBUG            PET3 VMK::send():4407, size=1100 in 1 chunks
20220807 032614.096 DEBUG            PET3 VMK::send():4407, size=1100 in 1 chunks
20220807 032614.096 DEBUG            PET3 VMK::recv():4898, size=500 in 1 chunks
20220807 032614.096 DEBUG            PET3 VMK::send():4407, size=500 in 1 chunks
20220807 032614.096 DEBUG            PET3 VMK::recv():4898, size=4 in 1 chunks
20220807 032614.096 DEBUG            PET3 VMK::send():4407, size=500 in 1 chunks
20220807 032614.096 DEBUG            PET3 VMK::recv():4898, size=4 in 1 chunks
20220807 032614.097 DEBUG            PET3 VMK::send():4407, size=500 in 1 chunks
20220807 032614.097 DEBUG            PET3 VMK::recv():4898, size=4 in 1 chunks
20220807 032614.097 DEBUG            PET3 VMK::send():4407, size=4 in 1 chunks
20220807 032614.097 DEBUG            PET3 VMK::recv():4898, size=1100 in 1 chunks
20220807 032614.097 DEBUG            PET3 VMK::recv():4898, size=1100 in 1 chunks
20220807 032614.097 DEBUG            PET3 VMK::recv():4898, size=1100 in 1 chunks
20220807 032614.097 DEBUG            PET3 VMK::send():4407, size=1100 in 1 chunks
20220807 032614.097 DEBUG            PET3 VMK::recv():4898, size=240 in 1 chunks
20220807 032614.097 DEBUG            PET3 VMK::recv():4898, size=160 in 1 chunks
20220807 032614.097 DEBUG            PET3 VMK::recv():4898, size=240 in 1 chunks
20220807 032614.097 DEBUG            PET3 VMK::recv():4898, size=160 in 1 chunks
20220807 032614.097 DEBUG            PET3 VMK::recv():4898, size=240 in 1 chunks
20220807 032614.097 DEBUG            PET3 VMK::recv():4898, size=160 in 1 chunks
20220807 032614.097 DEBUG            PET3 VMK::recv():4898, size=240 in 1 chunks
20220807 032614.097 DEBUG            PET3 VMK::recv():4898, size=160 in 1 chunks
20220807 032614.097 DEBUG            PET3 VMK::recv():4898, size=240 in 1 chunks
20220807 032614.097 DEBUG            PET3 VMK::recv():4898, size=160 in 1 chunks
20220807 032614.097 DEBUG            PET3 VMK::recv():4898, size=240 in 1 chunks
20220807 032614.097 DEBUG            PET3 VMK::recv():4898, size=160 in 1 chunks
20220807 032614.097 DEBUG            PET3 VMK::recv():4898, size=240 in 1 chunks
20220807 032614.097 DEBUG            PET3 VMK::recv():4898, size=160 in 1 chunks
20220807 032614.097 DEBUG            PET3 VMK::recv():4898, size=240 in 1 chunks
20220807 032614.097 DEBUG            PET3 VMK::recv():4898, size=160 in 1 chunks
20220807 032614.097 DEBUG            PET3 VMK::recv():4898, size=240 in 1 chunks
20220807 032614.097 DEBUG            PET3 VMK::recv():4898, size=160 in 1 chunks
20220807 032614.097 DEBUG            PET3 VMK::recv():4898, size=240 in 1 chunks
20220807 032614.097 DEBUG            PET3 VMK::recv():4898, size=160 in 1 chunks
20220807 032614.097 DEBUG            PET3 VMK::recv():4898, size=240 in 1 chunks
20220807 032614.097 DEBUG            PET3 VMK::recv():4898, size=160 in 1 chunks
20220807 032614.097 DEBUG            PET3 VMK::recv():4898, size=240 in 1 chunks
20220807 032614.097 DEBUG            PET3 VMK::recv():4898, size=160 in 1 chunks
20220807 032614.097 DEBUG            PET3 VMK::recv():4898, size=240 in 1 chunks
20220807 032614.097 DEBUG            PET3 VMK::recv():4898, size=160 in 1 chunks
20220807 032614.097 DEBUG            PET3 VMK::recv():4898, size=240 in 1 chunks
20220807 032614.097 DEBUG            PET3 VMK::recv():4898, size=160 in 1 chunks
20220807 032614.097 DEBUG            PET3 VMK::recv():4898, size=240 in 1 chunks
20220807 032614.097 DEBUG            PET3 VMK::recv():4898, size=160 in 1 chunks
20220807 032614.097 DEBUG            PET3 VMK::recv():4898, size=240 in 1 chunks
20220807 032614.097 DEBUG            PET3 VMK::recv():4898, size=160 in 1 chunks
20220807 032614.097 DEBUG            PET3 VMK::recv():4898, size=240 in 1 chunks
20220807 032614.097 DEBUG            PET3 VMK::recv():4898, size=160 in 1 chunks
20220807 032614.097 DEBUG            PET3 VMK::recv():4898, size=240 in 1 chunks
20220807 032614.097 DEBUG            PET3 VMK::recv():4898, size=160 in 1 chunks
20220807 032614.097 DEBUG            PET3 VMK::recv():4898, size=240 in 1 chunks
20220807 032614.097 DEBUG            PET3 VMK::recv():4898, size=160 in 1 chunks
20220807 032614.097 DEBUG            PET3 VMK::recv():4898, size=240 in 1 chunks
20220807 032614.097 DEBUG            PET3 VMK::recv():4898, size=160 in 1 chunks
20220807 032614.097 DEBUG            PET3 VMK::recv():4898, size=240 in 1 chunks
20220807 032614.097 DEBUG            PET3 VMK::recv():4898, size=160 in 1 chunks
20220807 032614.097 DEBUG            PET3 VMK::recv():4898, size=240 in 1 chunks
20220807 032614.097 DEBUG            PET3 VMK::recv():4898, size=160 in 1 chunks
20220807 032614.097 DEBUG            PET3 VMK::recv():4898, size=240 in 1 chunks
20220807 032614.097 DEBUG            PET3 VMK::recv():4898, size=160 in 1 chunks
20220807 032614.097 DEBUG            PET3 VMK::recv():4898, size=240 in 1 chunks
20220807 032614.097 DEBUG            PET3 VMK::recv():4898, size=160 in 1 chunks
20220807 032614.097 DEBUG            PET3 VMK::recv():4898, size=240 in 1 chunks
20220807 032614.097 DEBUG            PET3 VMK::recv():4898, size=160 in 1 chunks
20220807 032614.097 DEBUG            PET3 VMK::recv():4898, size=240 in 1 chunks
20220807 032614.097 DEBUG            PET3 VMK::recv():4898, size=160 in 1 chunks
20220807 032614.097 DEBUG            PET3 VMK::recv():4898, size=240 in 1 chunks
20220807 032614.097 DEBUG            PET3 VMK::recv():4898, size=160 in 1 chunks
20220807 032614.097 DEBUG            PET3 VMK::recv():4898, size=240 in 1 chunks
20220807 032614.097 DEBUG            PET3 VMK::recv():4898, size=160 in 1 chunks
20220807 032614.097 DEBUG            PET3 VMK::recv():4898, size=240 in 1 chunks
20220807 032614.097 DEBUG            PET3 VMK::recv():4898, size=160 in 1 chunks
20220807 032614.097 DEBUG            PET3 VMK::recv():4898, size=240 in 1 chunks
20220807 032614.097 DEBUG            PET3 VMK::recv():4898, size=160 in 1 chunks
20220807 032614.098 DEBUG            PET3 VMK::recv():4898, size=240 in 1 chunks
20220807 032614.098 DEBUG            PET3 VMK::recv():4898, size=160 in 1 chunks
20220807 032614.098 DEBUG            PET3 epochBuffer:4765 non-blocking recv firstFlag=1 size=240
20220807 032614.098 DEBUG            PET3 epochBuffer:4778 ready to probe: src=1
20220807 032614.098 DEBUG            PET3 epochBuffer:4813 time in blocking probe: 4.87091e-05 seconds
20220807 032614.098 DEBUG            PET3 epochBuffer:4817 incoming message of size=424
20220807 032614.098 DEBUG            PET3 epochBuffer:4830 ready to post blocking recv: src=1 size=424 streamBuffer=0x141c340
20220807 032614.098 DEBUG            PET3 epochBuffer:4849 time in blocking recv: 3.74857e-06 seconds
20220807 032614.098 DEBUG            PET3 epochBuffer:4863 processing recv chunk: buffer=0x141c340 chunkSize=240 chunkTag=0
20220807 032614.098 DEBUG            PET3 epochBuffer:4765 non-blocking recv firstFlag=0 size=160
20220807 032614.098 DEBUG            PET3 epochBuffer:4863 processing recv chunk: buffer=0x141c43c chunkSize=160 chunkTag=0
20220807 032614.098 INFO             PET3  NUMBER_OF_PROCESSORS           4
20220807 032614.098 INFO             PET3  PASS  Example ESMF_RHandleVMEpochEx, ESMF_RHandleVMEpochEx.F90, line 247
20220807 032614.098 INFO             PET3 Finalizing ESMF
20220807 032614.098 DEBUG            PET3 epochFinal
