2022-08-09 02:54:30
[1660014827.244236] [h35m34:179846:0]         mxm.c:196  MXM  WARN  The 'ulimit -s' on the system is set to 'unlimited'. This may have negative performance implications. Please set the stack size to the default value (10240) 
[1660014827.244265] [h35m34:179844:0]         mxm.c:196  MXM  WARN  The 'ulimit -s' on the system is set to 'unlimited'. This may have negative performance implications. Please set the stack size to the default value (10240) 
[1660014827.244423] [h35m34:179843:0]         mxm.c:196  MXM  WARN  The 'ulimit -s' on the system is set to 'unlimited'. This may have negative performance implications. Please set the stack size to the default value (10240) 
[1660014827.244305] [h35m34:179845:0]         mxm.c:196  MXM  WARN  The 'ulimit -s' on the system is set to 'unlimited'. This may have negative performance implications. Please set the stack size to the default value (10240) 
[1660014827.249721] [h35m34:179846:0]         mxm.c:196  MXM  WARN  The 'ulimit -s' on the system is set to 'unlimited'. This may have negative performance implications. Please set the stack size to the default value (10240) 
[1660014827.249891] [h35m34:179845:0]         mxm.c:196  MXM  WARN  The 'ulimit -s' on the system is set to 'unlimited'. This may have negative performance implications. Please set the stack size to the default value (10240) 
[1660014827.249936] [h35m34:179844:0]         mxm.c:196  MXM  WARN  The 'ulimit -s' on the system is set to 'unlimited'. This may have negative performance implications. Please set the stack size to the default value (10240) 
[1660014827.249952] [h35m34:179843:0]         mxm.c:196  MXM  WARN  The 'ulimit -s' on the system is set to 'unlimited'. This may have negative performance implications. Please set the stack size to the default value (10240) 
 ESMF_LogWrite(): ESMF_Log not open -- cannot ESMF_LogWrite().  Log message = epochInit
 ESMF_LogWrite(): ESMF_Log not open -- cannot ESMF_LogWrite().  Log message = epochInit
 ESMF_LogWrite(): ESMF_Log not open -- cannot ESMF_LogWrite().  Log message = epochInit
 ESMF_LogWrite(): ESMF_Log not open -- cannot ESMF_LogWrite().  Log message = epochInit
  PASS  Example ESMF_LocStreamEx, ESMF_LocStreamEx.F90, line 784
  PASS  Example ESMF_LocStreamEx, ESMF_LocStreamEx.F90, line 784
  PASS  Example ESMF_LocStreamEx, ESMF_LocStreamEx.F90, line 784
  PASS  Example ESMF_LocStreamEx, ESMF_LocStreamEx.F90, line 784
 PASS: ESMF_LocStreamEx.F90
 PASS: ESMF_LocStreamEx.F90
 PASS: ESMF_LocStreamEx.F90
 PASS: ESMF_LocStreamEx.F90
