2022-08-22 01:38:23
20220822 015558.766 INFO             PET0 !!!!!!!!!!!!!!!!!!!!!!!!!!!!!!!!!!!!!!!!!!!!!!!!!!!!!!
20220822 015558.766 INFO             PET0 !!! THE ESMF_LOG IS SET TO OUTPUT ALL LOG MESSAGES !!!
20220822 015558.766 INFO             PET0 !!!     THIS MAY CAUSE SLOWDOWN IN PERFORMANCE     !!!
20220822 015558.766 INFO             PET0 !!! FOR PRODUCTION RUNS, USE:                      !!!
20220822 015558.766 INFO             PET0 !!!                   ESMF_LOGKIND_Multi_On_Error  !!!
20220822 015558.766 INFO             PET0 !!!!!!!!!!!!!!!!!!!!!!!!!!!!!!!!!!!!!!!!!!!!!!!!!!!!!!
20220822 015558.766 INFO             PET0 Running with ESMF Version   : v8.4.0b10-13-g13eb3e40aa
20220822 015558.766 INFO             PET0 ESMF library build date/time: "Aug 22 2022" "01:37:20"
20220822 015558.766 INFO             PET0 ESMF library build location : /discover/nobackup/projects/sbu/mpotts/esmf-test/gfortran_8.3.0_mpiuni_O_develop/esmf
20220822 015558.766 INFO             PET0 ESMF_COMM                   : mpiuni
20220822 015558.766 INFO             PET0 ESMF_MOAB                   : enabled
20220822 015558.766 INFO             PET0 ESMF_LAPACK                 : enabled
20220822 015558.766 INFO             PET0 ESMF_NETCDF                 : disabled
20220822 015558.766 INFO             PET0 ESMF_PNETCDF                : disabled
20220822 015558.766 INFO             PET0 ESMF_PIO                    : disabled
20220822 015558.766 INFO             PET0 ESMF_YAMLCPP                : enabled
20220822 015558.769 INFO             PET0 ESMF_FieldRedistStoreNF(): Just entered routine.
20220822 015558.867 INFO             PET0 ESMF_FieldRedistStoreNF(): Leaving routine.
20220822 015558.874 INFO             PET0  NUMBER_OF_PROCESSORS           1
20220822 015558.874 INFO             PET0  PASS  Example ESMF_RHandleFromFileEx, ESMF_RHandleFromFileEx.F90, line 192
20220822 015558.874 INFO             PET0 Finalizing ESMF
