2022-09-07 02:34:21
[1662538323.039799] [Orion-01-71:450553:0]       ib_verbs.h:84   UCX  ERROR ibv_exp_query_device(mlx5_0) returned 38: No space left on device
[1662538323.039844] [Orion-01-71:450555:0]       ib_verbs.h:84   UCX  ERROR ibv_exp_query_device(mlx5_0) returned 38: No space left on device
[1662538323.043807] [Orion-01-71:450552:0]       ib_verbs.h:84   UCX  ERROR ibv_exp_query_device(mlx5_0) returned 38: No space left on device
[1662538323.043768] [Orion-01-71:450554:0]       ib_verbs.h:84   UCX  ERROR ibv_exp_query_device(mlx5_0) returned 38: No space left on device
 Executing procedure_f77style2()
 Executing procedure_f77style2()
 Executing procedure_f77style2()
 Executing procedure_f77style2()
 Executing procedure_ocnCommon()
 Executing procedure_subModule1()
 Executing procedure_subModule2()
 Executing procedure_ocnCommon()
 Executing procedure_subModule1()
 Executing procedure_subModule2()
 Executing procedure_ocnCommon()
 Executing procedure_subModule1()
 Executing procedure_subModule2()
 Executing procedure_ocnCommon()
 Executing procedure_subModule1()
 Executing procedure_subModule2()
