2022-09-05 02:35:19
[1662364844.273566] [Orion-13-46:141490:0]       ib_verbs.h:84   UCX  ERROR ibv_exp_query_device(mlx5_0) returned 38: No space left on device
[1662364844.273594] [Orion-13-46:141492:0]       ib_verbs.h:84   UCX  ERROR ibv_exp_query_device(mlx5_0) returned 38: No space left on device
[1662364844.284186] [Orion-13-46:141489:0]       ib_verbs.h:84   UCX  ERROR ibv_exp_query_device(mlx5_0) returned 38: No space left on device
[1662364844.284226] [Orion-13-46:141491:0]       ib_verbs.h:84   UCX  ERROR ibv_exp_query_device(mlx5_0) returned 38: No space left on device
 NUOPC_DriverPrint for PET:           0
   Model, Mediator, and Driver components, in the order
   that they were added to the Driver:
           1 :  ATM
           2 :  OCN
           3 :  MED
   Connector components, in the order
   that they were added to the Driver:
           1 :  MED-TO-OCN
           2 :  MED-TO-ATM
           3 :  OCN-TO-MED
           4 :  ATM-TO-MED
NUOPC_RunSequenceArrayPrint: element     1 out of      5
runSeq::
 runElementPrint:     -2     0     0 F T
 runElementPrint:      3     1     1 F T
 runElementPrint:     -3     0     0 F T
 runElementPrint:      3     2     1 F T
 runElementPrint:     -1    -1     0 F F
::
NUOPC_RunSequenceArrayPrint: element     2 out of      5
runSeq::
 runElementPrint:      3    -1     1 F T
 runElementPrint:      3     2     1 F T
 runElementPrint:      3     1     1 F T
 runElementPrint:      1    -1     1 F T
 runElementPrint:      2    -1     1 F T
 runElementPrint:      2     3     1 F T
 runElementPrint:      1     3     1 F T
 runElementPrint:     -2    -1     0 F F
::
NUOPC_RunSequenceArrayPrint: element     3 out of      5
runSeq::
 runElementPrint:      3    -1     1 F T
 runElementPrint:      3     1     1 F T
 runElementPrint:      3     2     1 F T
 runElementPrint:      1    -1     1 F T
 runElementPrint:      2    -1     1 F T
 runElementPrint:      1     3     1 F T
 runElementPrint:      2     3     1 F T
 runElementPrint:     -3    -1     0 F F
::
NUOPC_RunSequenceArrayPrint: element     4 out of      5
runSeq::
 runElementPrint:     -4    -1     0 T F
::
NUOPC_RunSequenceArrayPrint: element     5 out of      5
runSeq::
 runElementPrint:     -5    -1     0 T F
::
 NUOPC_DriverPrint for PET:           1
   Model, Mediator, and Driver components, in the order
   that they were added to the Driver:
           1 :  ATM
           2 :  OCN
           3 :  MED
   Connector components, in the order
   that they were added to the Driver:
           1 :  MED-TO-OCN
           2 :  MED-TO-ATM
           3 :  OCN-TO-MED
           4 :  ATM-TO-MED
NUOPC_RunSequenceArrayPrint: element     1 out of      5
runSeq::
 runElementPrint:     -2     0     0 F T
 runElementPrint:      3     1     1 F T
 runElementPrint:     -3     0     0 F T
 runElementPrint:      3     2     1 F T
 runElementPrint:     -1    -1     0 F F
::
NUOPC_RunSequenceArrayPrint: element     2 out of      5
runSeq::
 runElementPrint:      3    -1     1 F T
 runElementPrint:      3     2     1 F T
 runElementPrint:      3     1     1 F T
 runElementPrint:      1    -1     1 F T
 runElementPrint:      2    -1     1 F T
 runElementPrint:      2     3     1 F T
 runElementPrint:      1     3     1 F T
 runElementPrint:     -2    -1     0 F F
::
NUOPC_RunSequenceArrayPrint: element     3 out of      5
runSeq::
 runElementPrint:      3    -1     1 F T
 runElementPrint:      3     1     1 F T
 runElementPrint:      3     2     1 F T
 runElementPrint:      1    -1     1 F T
 runElementPrint:      2    -1     1 F T
 runElementPrint:      1     3     1 F T
 runElementPrint:      2     3     1 F T
 runElementPrint:     -3    -1     0 F F
::
NUOPC_RunSequenceArrayPrint: element     4 out of      5
runSeq::
 runElementPrint:     -4    -1     0 T F
::
NUOPC_RunSequenceArrayPrint: element     5 out of      5
runSeq::
 runElementPrint:     -5    -1     0 T F
::
 NUOPC_DriverPrint for PET:           2
   Model, Mediator, and Driver components, in the order
   that they were added to the Driver:
           1 :  ATM
           2 :  OCN
           3 :  MED
   Connector components, in the order
   that they were added to the Driver:
           1 :  MED-TO-OCN
           2 :  MED-TO-ATM
           3 :  OCN-TO-MED
           4 :  ATM-TO-MED
NUOPC_RunSequenceArrayPrint: element     1 out of      5
runSeq::
 runElementPrint:     -2     0     0 F T
 runElementPrint:      3     1     1 F T
 runElementPrint:     -3     0     0 F T
 runElementPrint:      3     2     1 F T
 runElementPrint:     -1    -1     0 F F
::
NUOPC_RunSequenceArrayPrint: element     2 out of      5
runSeq::
 runElementPrint:      3    -1     1 F T
 runElementPrint:      3     2     1 F T
 runElementPrint:      3     1     1 F T
 runElementPrint:      1    -1     1 F T
 runElementPrint:      2    -1     1 F T
 runElementPrint:      2     3     1 F T
 runElementPrint:      1     3     1 F T
 runElementPrint:     -2    -1     0 F F
::
NUOPC_RunSequenceArrayPrint: element     3 out of      5
runSeq::
 runElementPrint:      3    -1     1 F T
 runElementPrint:      3     1     1 F T
 runElementPrint:      3     2     1 F T
 runElementPrint:      1    -1     1 F T
 runElementPrint:      2    -1     1 F T
 runElementPrint:      1     3     1 F T
 runElementPrint:      2     3     1 F T
 runElementPrint:     -3    -1     0 F F
::
NUOPC_RunSequenceArrayPrint: element     4 out of      5
runSeq::
 runElementPrint:     -4    -1     0 T F
::
NUOPC_RunSequenceArrayPrint: element     5 out of      5
runSeq::
 runElementPrint:     -5    -1     0 T F
::
 NUOPC_DriverPrint for PET:           3
   Model, Mediator, and Driver components, in the order
   that they were added to the Driver:
           1 :  ATM
           2 :  OCN
           3 :  MED
   Connector components, in the order
   that they were added to the Driver:
           1 :  MED-TO-OCN
           2 :  MED-TO-ATM
           3 :  OCN-TO-MED
           4 :  ATM-TO-MED
NUOPC_RunSequenceArrayPrint: element     1 out of      5
runSeq::
 runElementPrint:     -2     0     0 F T
 runElementPrint:      3     1     1 F T
 runElementPrint:     -3     0     0 F T
 runElementPrint:      3     2     1 F T
 runElementPrint:     -1    -1     0 F F
::
NUOPC_RunSequenceArrayPrint: element     2 out of      5
runSeq::
 runElementPrint:      3    -1     1 F T
 runElementPrint:      3     2     1 F T
 runElementPrint:      3     1     1 F T
 runElementPrint:      1    -1     1 F T
 runElementPrint:      2    -1     1 F T
 runElementPrint:      2     3     1 F T
 runElementPrint:      1     3     1 F T
 runElementPrint:     -2    -1     0 F F
::
NUOPC_RunSequenceArrayPrint: element     3 out of      5
runSeq::
 runElementPrint:      3    -1     1 F T
 runElementPrint:      3     1     1 F T
 runElementPrint:      3     2     1 F T
 runElementPrint:      1    -1     1 F T
 runElementPrint:      2    -1     1 F T
 runElementPrint:      1     3     1 F T
 runElementPrint:      2     3     1 F T
 runElementPrint:     -3    -1     0 F F
::
NUOPC_RunSequenceArrayPrint: element     4 out of      5
runSeq::
 runElementPrint:     -4    -1     0 T F
::
NUOPC_RunSequenceArrayPrint: element     5 out of      5
runSeq::
 runElementPrint:     -5    -1     0 T F
::
