2022-08-18 05:31:30
20220818 062059.531 INFO             PET0 !!!!!!!!!!!!!!!!!!!!!!!!!!!!!!!!!!!!!!!!!!!!!!!!!!!!!!
20220818 062059.531 INFO             PET0 !!! THE ESMF_LOG IS SET TO OUTPUT ALL LOG MESSAGES !!!
20220818 062059.531 INFO             PET0 !!!     THIS MAY CAUSE SLOWDOWN IN PERFORMANCE     !!!
20220818 062059.531 INFO             PET0 !!! FOR PRODUCTION RUNS, USE:                      !!!
20220818 062059.531 INFO             PET0 !!!                   ESMF_LOGKIND_Multi_On_Error  !!!
20220818 062059.531 INFO             PET0 !!!!!!!!!!!!!!!!!!!!!!!!!!!!!!!!!!!!!!!!!!!!!!!!!!!!!!
20220818 062059.531 INFO             PET0 Running with ESMF Version   : v8.4.0b10-1-g8e54e9d227
20220818 062059.531 INFO             PET0 ESMF library build date/time: "Aug 18 2022" "05:27:03"
20220818 062059.531 INFO             PET0 ESMF library build location : /glade/scratch/dunlap/esmf-testing/intel_18.0.5_mpiuni_O_develop/esmf
20220818 062059.531 INFO             PET0 ESMF_COMM                   : mpiuni
20220818 062059.531 INFO             PET0 ESMF_MOAB                   : enabled
20220818 062059.531 INFO             PET0 ESMF_LAPACK                 : enabled
20220818 062059.531 INFO             PET0 ESMF_NETCDF                 : enabled
20220818 062059.531 INFO             PET0 ESMF_PNETCDF                : disabled
20220818 062059.531 INFO             PET0 ESMF_PIO                    : disabled
20220818 062059.531 INFO             PET0 ESMF_YAMLCPP                : enabled
20220818 062059.533 INFO             PET0  NUMBER_OF_PROCESSORS           1
20220818 062059.533 INFO             PET0  PASS  Example ESMF_SCompEx, ESMF_SCompEx.F90, line 385
20220818 062059.533 INFO             PET0 Finalizing ESMF
