2022-08-25 05:23:24
 NUOPC_DriverPrint for PET:            1
   Model, Mediator, and Driver components, in the order
   that they were added to the Driver:
            1 :  ATM
            2 :  OCN
            3 :  MED
   Connector components, in the order
   that they were added to the Driver:
            1 :  OCN-TO-MED
            2 :  MED-TO-OCN
            3 :  MED-TO-ATM
            4 :  ATM-TO-MED
NUOPC_RunSequenceArrayPrint: element     1 out of      2
runSeq::
 runElementPrint:      2     3     1 F T
 runElementPrint:      3    -1     1 F T
 runElementPrint:      3     2     1 F T
 runElementPrint:      2    -1     1 F T
 runElementPrint:     -2     0     0 F T
 runElementPrint:     -1    -1     0 F F
::
NUOPC_RunSequenceArrayPrint: element     2 out of      2
runSeq::
 runElementPrint:      3    -1     2 F T
 runElementPrint:      3     1     1 F T
 runElementPrint:      1    -1     1 F T
 runElementPrint:      1     3     1 F T
 runElementPrint:      3    -1     3 F T
 runElementPrint:     -2    -1     0 F F
::
 NUOPC_DriverPrint for PET:            3
   Model, Mediator, and Driver components, in the order
   that they were added to the Driver:
            1 :  ATM
            2 :  OCN
            3 :  MED
   Connector components, in the order
   that they were added to the Driver:
            1 :  OCN-TO-MED
            2 :  MED-TO-OCN
            3 :  MED-TO-ATM
            4 :  ATM-TO-MED
NUOPC_RunSequenceArrayPrint: element     1 out of      2
runSeq::
 runElementPrint:      2     3     1 F T
 runElementPrint:      3    -1     1 F T
 runElementPrint:      3     2     1 F T
 runElementPrint:      2    -1     1 F T
 runElementPrint:     -2     0     0 F T
 runElementPrint:     -1    -1     0 F F
::
NUOPC_RunSequenceArrayPrint: element     2 out of      2
runSeq::
 runElementPrint:      3    -1     2 F T
 runElementPrint:      3     1     1 F T
 runElementPrint:      1    -1     1 F T
 runElementPrint:      1     3     1 F T
 runElementPrint:      3    -1     3 F T
 runElementPrint:     -2    -1     0 F F
::
 NUOPC_DriverPrint for PET:            0
   Model, Mediator, and Driver components, in the order
   that they were added to the Driver:
            1 :  ATM
            2 :  OCN
            3 :  MED
   Connector components, in the order
   that they were added to the Driver:
            1 :  OCN-TO-MED
            2 :  MED-TO-OCN
            3 :  MED-TO-ATM
            4 :  ATM-TO-MED
NUOPC_RunSequenceArrayPrint: element     1 out of      2
runSeq::
 runElementPrint:      2     3     1 F T
 runElementPrint:      3    -1     1 F T
 runElementPrint:      3     2     1 F T
 runElementPrint:      2    -1     1 F T
 runElementPrint:     -2     0     0 F T
 runElementPrint:     -1    -1     0 F F
::
NUOPC_RunSequenceArrayPrint: element     2 out of      2
runSeq::
 runElementPrint:      3    -1     2 F T
 runElementPrint:      3     1     1 F T
 runElementPrint:      1    -1     1 F T
 runElementPrint:      1     3     1 F T
 runElementPrint:      3    -1     3 F T
 runElementPrint:     -2    -1     0 F F
::
[Orion-25-02:311180:0:311180] Caught signal 11 (Segmentation fault: address not mapped to object at address 0x4f1b591)
[Orion-25-02:311181:0:311181] Caught signal 11 (Segmentation fault: address not mapped to object at address 0x4f1b591)
[Orion-25-02:311183:0:311183] Caught signal 11 (Segmentation fault: address not mapped to object at address 0x4f1b591)

/work/noaa/da/mpotts/sandbox/pgi_2019_openmpi_O_patch_8.3.1/esmf/src/Infrastructure/LogErr/src/ESMCI_LogErr.C: [ ESMCI::LogErr::MsgFoundError() ]
      ...

/work/noaa/da/mpotts/sandbox/pgi_2019_openmpi_O_patch_8.3.1/esmf/src/Infrastructure/LogErr/src/ESMCI_LogErr.C: [ ESMCI::LogErr::MsgFoundError() ]
      ...
      583 {
      584     bool result=false;
      585 #ifdef ESMC_SUCCESSDEFAULT_ON
==>   586     if (rcToReturn != ESMC_NULL_POINTER) *rcToReturn=ESMF_SUCCESS;
      587 #endif
      588     if (trace) {
      589         Write(ESMC_METHOD,ESMC_LOGMSG_TRACE,
      583 {
      584     bool result=false;
      585 #ifdef ESMC_SUCCESSDEFAULT_ON
==>   586     if (rcToReturn != ESMC_NULL_POINTER) *rcToReturn=ESMF_SUCCESS;
      587 #endif
      588     if (trace) {
      589         Write(ESMC_METHOD,ESMC_LOGMSG_TRACE,



/work/noaa/da/mpotts/sandbox/pgi_2019_openmpi_O_patch_8.3.1/esmf/src/Infrastructure/LogErr/src/ESMCI_LogErr.C: [ ESMCI::LogErr::MsgFoundError() ]
      ...
      583 {
      584     bool result=false;
      585 #ifdef ESMC_SUCCESSDEFAULT_ON
==>   586     if (rcToReturn != ESMC_NULL_POINTER) *rcToReturn=ESMF_SUCCESS;
      587 #endif
      588     if (trace) {
      589         Write(ESMC_METHOD,ESMC_LOGMSG_TRACE,

==== backtrace (tid: 311183) ====
 0 0x000000000071ddc3 ESMCI::LogErr::MsgFoundError()  /work/noaa/da/mpotts/sandbox/pgi_2019_openmpi_O_patch_8.3.1/esmf/src/Infrastructure/LogErr/src/ESMCI_LogErr.C:586
 1 0x0000000000875ec1 c_esmc_meshcreatenodedistgrid_()  /work/noaa/da/mpotts/sandbox/pgi_2019_openmpi_O_patch_8.3.1/esmf/src/Infrastructure/Mesh/interface/ESMCI_Mesh_F.C:248
 2 0x0000000000f8195c esmf_meshmod_esmf_meshcreatefrompointer_()  /work/noaa/da/mpotts/sandbox/pgi_2019_openmpi_O_patch_8.3.1/esmf/src/Infrastructure/Mesh/interface/ESMF_Mesh.F90:3091
 3 0x0000000000e63b02 esmf_gridutilmod_esmf_gridtomesh_()  /work/noaa/da/mpotts/sandbox/pgi_2019_openmpi_O_patch_8.3.1/esmf/src/Infrastructure/GridUtil/interface/ESMF_GridUtil.F90:453
 4 0x0000000000d88ac6 esmf_fieldregridmod_b_or_p_gridtomesh_()  /work/noaa/da/mpotts/sandbox/pgi_2019_openmpi_O_patch_8.3.1/esmf/src/Infrastructure/Field/src/ESMF_FieldRegrid.F90:3228
 5 0x0000000000d85ff4 esmf_fieldregridmod_getmeshwithnodesonfieldloc_()  /work/noaa/da/mpotts/sandbox/pgi_2019_openmpi_O_patch_8.3.1/esmf/src/Infrastructure/Field/src/ESMF_FieldRegrid.F90:1346
 6 0x0000000000d8458a esmf_fieldregridmod_esmf_fieldregridstorenx_()  /work/noaa/da/mpotts/sandbox/pgi_2019_openmpi_O_patch_8.3.1/esmf/src/Infrastructure/Field/src/ESMF_FieldRegrid.F90:971
 7 0x0000000001210ccf nuopc_connector_fieldbundlecplstore_()  /work/noaa/da/mpotts/sandbox/pgi_2019_openmpi_O_patch_8.3.1/esmf/src/addon/NUOPC/src/NUOPC_Connector.F90:7919
 8 0x00000000011f8174 nuopc_connector_initializeipdv05p6b_()  /work/noaa/da/mpotts/sandbox/pgi_2019_openmpi_O_patch_8.3.1/esmf/src/addon/NUOPC/src/NUOPC_Connector.F90:5386
 9 0x000000000064bd9f ESMCI::FTable::callVFuncPtr()  /work/noaa/da/mpotts/sandbox/pgi_2019_openmpi_O_patch_8.3.1/esmf/src/Superstructure/Component/src/ESMCI_FTable.C:2167
10 0x0000000000649faa ESMCI_FTableCallEntryPointVMHop()  /work/noaa/da/mpotts/sandbox/pgi_2019_openmpi_O_patch_8.3.1/esmf/src/Superstructure/Component/src/ESMCI_FTable.C:824
11 0x0000000000a23228 ESMCI::VM::enter()  /work/noaa/da/mpotts/sandbox/pgi_2019_openmpi_O_patch_8.3.1/esmf/src/Infrastructure/VM/src/ESMCI_VM.C:1216
12 0x000000000064a387 c_esmc_ftablecallentrypointvm_()  /work/noaa/da/mpotts/sandbox/pgi_2019_openmpi_O_patch_8.3.1/esmf/src/Superstructure/Component/src/ESMCI_FTable.C:981
13 0x0000000000bfb8fb esmf_compmod_esmf_compexecute_()  /work/noaa/da/mpotts/sandbox/pgi_2019_openmpi_O_patch_8.3.1/esmf/src/Superstructure/Component/src/ESMF_Comp.F90:1222
14 0x0000000000c0c0f1 esmf_cplcompmod_esmf_cplcompinitialize_()  /work/noaa/da/mpotts/sandbox/pgi_2019_openmpi_O_patch_8.3.1/esmf/src/Superstructure/Component/src/ESMF_CplComp.F90:1160
15 0x000000000122fd41 nuopc_driver_loopconnectorcompss_()  /work/noaa/da/mpotts/sandbox/pgi_2019_openmpi_O_patch_8.3.1/esmf/src/addon/NUOPC/src/NUOPC_Driver.F90:2721
16 0x0000000001227738 nuopc_driver_initializeipdv02p3_()  /work/noaa/da/mpotts/sandbox/pgi_2019_openmpi_O_patch_8.3.1/esmf/src/addon/NUOPC/src/NUOPC_Driver.F90:1943
17 0x00000000012177ea nuopc_driver_initializep1_()  /work/noaa/da/mpotts/sandbox/pgi_2019_openmpi_O_patch_8.3.1/esmf/src/addon/NUOPC/src/NUOPC_Driver.F90:458
18 0x000000000064bd9f ESMCI::FTable::callVFuncPtr()  /work/noaa/da/mpotts/sandbox/pgi_2019_openmpi_O_patch_8.3.1/esmf/src/Superstructure/Component/src/ESMCI_FTable.C:2167
19 0x0000000000649faa ESMCI_FTableCallEntryPointVMHop()  /work/noaa/da/mpotts/sandbox/pgi_2019_openmpi_O_patch_8.3.1/esmf/src/Superstructure/Component/src/ESMCI_FTable.C:824
20 0x0000000000a23228 ESMCI::VM::enter()  /work/noaa/da/mpotts/sandbox/pgi_2019_openmpi_O_patch_8.3.1/esmf/src/Infrastructure/VM/src/ESMCI_VM.C:1216
21 0x000000000064a387 c_esmc_ftablecallentrypointvm_()  /work/noaa/da/mpotts/sandbox/pgi_2019_openmpi_O_patch_8.3.1/esmf/src/Superstructure/Component/src/ESMCI_FTable.C:981
22 0x0000000000bfb8fb esmf_compmod_esmf_compexecute_()  /work/noaa/da/mpotts/sandbox/pgi_2019_openmpi_O_patch_8.3.1/esmf/src/Superstructure/Component/src/ESMF_Comp.F90:1222
23 0x0000000000dca331 esmf_gridcompmod_esmf_gridcompinitialize_()  /work/noaa/da/mpotts/sandbox/pgi_2019_openmpi_O_patch_8.3.1/esmf/src/Superstructure/Component/src/ESMF_GridComp.F90:1407
24 0x00000000004065e7 MAIN_()  /work/noaa/da/mpotts/sandbox/pgi_2019_openmpi_O_patch_8.3.1/nuopc-app-prototypes/AtmOcnMedPetListTimescalesSplitFastProto/esmApp.F90:58
25 0x0000000000406263 main()  ???:0
26 0x0000000000022495 __libc_start_main()  ???:0
27 0x0000000000406169 _start()  ???:0
=================================
[Orion-25-02:311183] *** Process received signal ***
[Orion-25-02:311183] Signal: Segmentation fault (11)
[Orion-25-02:311183] Signal code:  (-6)
[Orion-25-02:311183] Failing at address: 0x20e50004bf8f
==== backtrace (tid: 311181) ====
 0 0x000000000071ddc3 ESMCI::LogErr::MsgFoundError()  /work/noaa/da/mpotts/sandbox/pgi_2019_openmpi_O_patch_8.3.1/esmf/src/Infrastructure/LogErr/src/ESMCI_LogErr.C:586
 1 0x0000000000875ec1 c_esmc_meshcreatenodedistgrid_()  /work/noaa/da/mpotts/sandbox/pgi_2019_openmpi_O_patch_8.3.1/esmf/src/Infrastructure/Mesh/interface/ESMCI_Mesh_F.C:248
 2 0x0000000000f8195c esmf_meshmod_esmf_meshcreatefrompointer_()  /work/noaa/da/mpotts/sandbox/pgi_2019_openmpi_O_patch_8.3.1/esmf/src/Infrastructure/Mesh/interface/ESMF_Mesh.F90:3091
 3 0x0000000000e63b02 esmf_gridutilmod_esmf_gridtomesh_()  /work/noaa/da/mpotts/sandbox/pgi_2019_openmpi_O_patch_8.3.1/esmf/src/Infrastructure/GridUtil/interface/ESMF_GridUtil.F90:453
 4 0x0000000000d88ac6 esmf_fieldregridmod_b_or_p_gridtomesh_()  /work/noaa/da/mpotts/sandbox/pgi_2019_openmpi_O_patch_8.3.1/esmf/src/Infrastructure/Field/src/ESMF_FieldRegrid.F90:3228
 5 0x0000000000d85ff4 esmf_fieldregridmod_getmeshwithnodesonfieldloc_()  /work/noaa/da/mpotts/sandbox/pgi_2019_openmpi_O_patch_8.3.1/esmf/src/Infrastructure/Field/src/ESMF_FieldRegrid.F90:1346
 6 0x0000000000d8458a esmf_fieldregridmod_esmf_fieldregridstorenx_()  /work/noaa/da/mpotts/sandbox/pgi_2019_openmpi_O_patch_8.3.1/esmf/src/Infrastructure/Field/src/ESMF_FieldRegrid.F90:971
 7 0x0000000001210ccf nuopc_connector_fieldbundlecplstore_()  /work/noaa/da/mpotts/sandbox/pgi_2019_openmpi_O_patch_8.3.1/esmf/src/addon/NUOPC/src/NUOPC_Connector.F90:7919
 8 0x00000000011f8174 nuopc_connector_initializeipdv05p6b_()  /work/noaa/da/mpotts/sandbox/pgi_2019_openmpi_O_patch_8.3.1/esmf/src/addon/NUOPC/src/NUOPC_Connector.F90:5386
 9 0x000000000064bd9f ESMCI::FTable::callVFuncPtr()  /work/noaa/da/mpotts/sandbox/pgi_2019_openmpi_O_patch_8.3.1/esmf/src/Superstructure/Component/src/ESMCI_FTable.C:2167
10 0x0000000000649faa ESMCI_FTableCallEntryPointVMHop()  /work/noaa/da/mpotts/sandbox/pgi_2019_openmpi_O_patch_8.3.1/esmf/src/Superstructure/Component/src/ESMCI_FTable.C:824
11 0x0000000000a23228 ESMCI::VM::enter()  /work/noaa/da/mpotts/sandbox/pgi_2019_openmpi_O_patch_8.3.1/esmf/src/Infrastructure/VM/src/ESMCI_VM.C:1216
12 0x000000000064a387 c_esmc_ftablecallentrypointvm_()  /work/noaa/da/mpotts/sandbox/pgi_2019_openmpi_O_patch_8.3.1/esmf/src/Superstructure/Component/src/ESMCI_FTable.C:981
13 0x0000000000bfb8fb esmf_compmod_esmf_compexecute_()  /work/noaa/da/mpotts/sandbox/pgi_2019_openmpi_O_patch_8.3.1/esmf/src/Superstructure/Component/src/ESMF_Comp.F90:1222
14 0x0000000000c0c0f1 esmf_cplcompmod_esmf_cplcompinitialize_()  /work/noaa/da/mpotts/sandbox/pgi_2019_openmpi_O_patch_8.3.1/esmf/src/Superstructure/Component/src/ESMF_CplComp.F90:1160
15 0x000000000122fd41 nuopc_driver_loopconnectorcompss_()  /work/noaa/da/mpotts/sandbox/pgi_2019_openmpi_O_patch_8.3.1/esmf/src/addon/NUOPC/src/NUOPC_Driver.F90:2721
16 0x0000000001227738 nuopc_driver_initializeipdv02p3_()  /work/noaa/da/mpotts/sandbox/pgi_2019_openmpi_O_patch_8.3.1/esmf/src/addon/NUOPC/src/NUOPC_Driver.F90:1943
17 0x00000000012177ea nuopc_driver_initializep1_()  /work/noaa/da/mpotts/sandbox/pgi_2019_openmpi_O_patch_8.3.1/esmf/src/addon/NUOPC/src/NUOPC_Driver.F90:458
18 0x000000000064bd9f ESMCI::FTable::callVFuncPtr()  /work/noaa/da/mpotts/sandbox/pgi_2019_openmpi_O_patch_8.3.1/esmf/src/Superstructure/Component/src/ESMCI_FTable.C:2167
19 0x0000000000649faa ESMCI_FTableCallEntryPointVMHop()  /work/noaa/da/mpotts/sandbox/pgi_2019_openmpi_O_patch_8.3.1/esmf/src/Superstructure/Component/src/ESMCI_FTable.C:824
20 0x0000000000a23228 ESMCI::VM::enter()  /work/noaa/da/mpotts/sandbox/pgi_2019_openmpi_O_patch_8.3.1/esmf/src/Infrastructure/VM/src/ESMCI_VM.C:1216
21 0x000000000064a387 c_esmc_ftablecallentrypointvm_()  /work/noaa/da/mpotts/sandbox/pgi_2019_openmpi_O_patch_8.3.1/esmf/src/Superstructure/Component/src/ESMCI_FTable.C:981
22 0x0000000000bfb8fb esmf_compmod_esmf_compexecute_()  /work/noaa/da/mpotts/sandbox/pgi_2019_openmpi_O_patch_8.3.1/esmf/src/Superstructure/Component/src/ESMF_Comp.F90:1222
[Orion-25-02:311183] [ 0] /lib64/libpthread.so.0(+0xf5d0)[0x7fac762d95d0]
23 0x0000000000dca331 esmf_gridcompmod_esmf_gridcompinitialize_()  /work/noaa/da/mpotts/sandbox/pgi_2019_openmpi_O_patch_8.3.1/esmf/src/Superstructure/Component/src/ESMF_GridComp.F90:1407
24 0x00000000004065e7 MAIN_()  /work/noaa/da/mpotts/sandbox/pgi_2019_openmpi_O_patch_8.3.1/nuopc-app-prototypes/AtmOcnMedPetListTimescalesSplitFastProto/esmApp.F90:58
25 0x0000000000406263 main()  ???:0
26 0x0000000000022495 __libc_start_main()  ???:0
27 0x0000000000406169 _start()  ???:0
=================================
[Orion-25-02:311181] *** Process received signal ***
[Orion-25-02:311181] Signal: Segmentation fault (11)
[Orion-25-02:311181] Signal code:  (-6)
[Orion-25-02:311181] Failing at address: 0x20e50004bf8d
[Orion-25-02:311183] [ 1] /work/noaa/da/mpotts/sandbox/pgi_2019_openmpi_O_patch_8.3.1/esmf/DEFAULTINSTALLDIR/lib/libO/Linux.pgi.64.openmpi.default/libesmf.so(_ZN5ESMCI6LogErr13MsgFoundErrorEiPKciS2_S2_Pi+0x33)[0x7fac74acadc3]
[Orion-25-02:311181] [ 0] /lib64/libpthread.so.0(+0xf5d0)[0x7f13f43045d0]
[Orion-25-02:311183] [ 2] /work/noaa/da/mpotts/sandbox/pgi_2019_openmpi_O_patch_8.3.1/esmf/DEFAULTINSTALLDIR/lib/libO/Linux.pgi.64.openmpi.default/libesmf.so(c_esmc_meshcreatenodedistgrid_+0xa1)[0x7fac74c22ec1]
[Orion-25-02:311181] [ 1] /work/noaa/da/mpotts/sandbox/pgi_2019_openmpi_O_patch_8.3.1/esmf/DEFAULTINSTALLDIR/lib/libO/Linux.pgi.64.openmpi.default/libesmf.so(_ZN5ESMCI6LogErr13MsgFoundErrorEiPKciS2_S2_Pi+0x33)[0x7f13f2af5dc3]
[Orion-25-02:311183] [ 3] /work/noaa/da/mpotts/sandbox/pgi_2019_openmpi_O_patch_8.3.1/esmf/DEFAULTINSTALLDIR/lib/libO/Linux.pgi.64.openmpi.default/libesmf.so(esmf_meshmod_esmf_meshcreatefrompointer_+0x4c)[0x7fac7532e95c]
[Orion-25-02:311181] [ 2] /work/noaa/da/mpotts/sandbox/pgi_2019_openmpi_O_patch_8.3.1/esmf/DEFAULTINSTALLDIR/lib/libO/Linux.pgi.64.openmpi.default/libesmf.so(c_esmc_meshcreatenodedistgrid_+0xa1)[0x7f13f2c4dec1]
[Orion-25-02:311183] [ 4] /work/noaa/da/mpotts/sandbox/pgi_2019_openmpi_O_patch_8.3.1/esmf/DEFAULTINSTALLDIR/lib/libO/Linux.pgi.64.openmpi.default/libesmf.so(esmf_gridutilmod_esmf_gridtomesh_+0x352)[0x7fac75210b02]
[Orion-25-02:311181] [ 3] /work/noaa/da/mpotts/sandbox/pgi_2019_openmpi_O_patch_8.3.1/esmf/DEFAULTINSTALLDIR/lib/libO/Linux.pgi.64.openmpi.default/libesmf.so(esmf_meshmod_esmf_meshcreatefrompointer_+0x4c)[0x7f13f335995c]
[Orion-25-02:311183] [ 5] /work/noaa/da/mpotts/sandbox/pgi_2019_openmpi_O_patch_8.3.1/esmf/DEFAULTINSTALLDIR/lib/libO/Linux.pgi.64.openmpi.default/libesmf.so(esmf_fieldregridmod_b_or_p_gridtomesh_+0x156)[0x7fac75135ac6]
[Orion-25-02:311181] [ 4] /work/noaa/da/mpotts/sandbox/pgi_2019_openmpi_O_patch_8.3.1/esmf/DEFAULTINSTALLDIR/lib/libO/Linux.pgi.64.openmpi.default/libesmf.so(esmf_gridutilmod_esmf_gridtomesh_+0x352)[0x7f13f323bb02]
[Orion-25-02:311183] [ 6] /work/noaa/da/mpotts/sandbox/pgi_2019_openmpi_O_patch_8.3.1/esmf/DEFAULTINSTALLDIR/lib/libO/Linux.pgi.64.openmpi.default/libesmf.so(esmf_fieldregridmod_getmeshwithnodesonfieldloc_+0x394)[0x7fac75132ff4]
[Orion-25-02:311181] [ 5] /work/noaa/da/mpotts/sandbox/pgi_2019_openmpi_O_patch_8.3.1/esmf/DEFAULTINSTALLDIR/lib/libO/Linux.pgi.64.openmpi.default/libesmf.so(esmf_fieldregridmod_b_or_p_gridtomesh_+0x156)[0x7f13f3160ac6]
[Orion-25-02:311183] [ 7] /work/noaa/da/mpotts/sandbox/pgi_2019_openmpi_O_patch_8.3.1/esmf/DEFAULTINSTALLDIR/lib/libO/Linux.pgi.64.openmpi.default/libesmf.so(esmf_fieldregridmod_esmf_fieldregridstorenx_+0x9ba)[0x7fac7513158a]
[Orion-25-02:311181] [ 6] /work/noaa/da/mpotts/sandbox/pgi_2019_openmpi_O_patch_8.3.1/esmf/DEFAULTINSTALLDIR/lib/libO/Linux.pgi.64.openmpi.default/libesmf.so(esmf_fieldregridmod_getmeshwithnodesonfieldloc_+0x394)[0x7f13f315dff4]
[Orion-25-02:311183] [ 8] /work/noaa/da/mpotts/sandbox/pgi_2019_openmpi_O_patch_8.3.1/esmf/DEFAULTINSTALLDIR/lib/libO/Linux.pgi.64.openmpi.default/libesmf.so(nuopc_connector_fieldbundlecplstore_+0xbc5f)[0x7fac755bdccf]
[Orion-25-02:311181] [ 7] /work/noaa/da/mpotts/sandbox/pgi_2019_openmpi_O_patch_8.3.1/esmf/DEFAULTINSTALLDIR/lib/libO/Linux.pgi.64.openmpi.default/libesmf.so(esmf_fieldregridmod_esmf_fieldregridstorenx_+0x9ba)[0x7f13f315c58a]
[Orion-25-02:311183] [ 9] /work/noaa/da/mpotts/sandbox/pgi_2019_openmpi_O_patch_8.3.1/esmf/DEFAULTINSTALLDIR/lib/libO/Linux.pgi.64.openmpi.default/libesmf.so(nuopc_connector_initializeipdv05p6b_+0x4f34)[0x7fac755a5174]
[Orion-25-02:311181] [ 8] /work/noaa/da/mpotts/sandbox/pgi_2019_openmpi_O_patch_8.3.1/esmf/DEFAULTINSTALLDIR/lib/libO/Linux.pgi.64.openmpi.default/libesmf.so(nuopc_connector_fieldbundlecplstore_+0xbc5f)[0x7f13f35e8ccf]
[Orion-25-02:311183] [10] /work/noaa/da/mpotts/sandbox/pgi_2019_openmpi_O_patch_8.3.1/esmf/DEFAULTINSTALLDIR/lib/libO/Linux.pgi.64.openmpi.default/libesmf.so(_ZN5ESMCI6FTable12callVFuncPtrEPKcPNS_2VMEPi+0x40f)[0x7fac749f8d9f]
[Orion-25-02:311183] [11] /work/noaa/da/mpotts/sandbox/pgi_2019_openmpi_O_patch_8.3.1/esmf/DEFAULTINSTALLDIR/lib/libO/Linux.pgi.64.openmpi.default/libesmf.so(ESMCI_FTableCallEntryPointVMHop+0x1ea)[0x7fac749f6faa]
[Orion-25-02:311181] [ 9] /work/noaa/da/mpotts/sandbox/pgi_2019_openmpi_O_patch_8.3.1/esmf/DEFAULTINSTALLDIR/lib/libO/Linux.pgi.64.openmpi.default/libesmf.so(nuopc_connector_initializeipdv05p6b_+0x4f34)[0x7f13f35d0174]
[Orion-25-02:311181] [10] /work/noaa/da/mpotts/sandbox/pgi_2019_openmpi_O_patch_8.3.1/esmf/DEFAULTINSTALLDIR/lib/libO/Linux.pgi.64.openmpi.default/libesmf.so(_ZN5ESMCI6FTable12callVFuncPtrEPKcPNS_2VMEPi+0x40f)[0x7f13f2a23d9f]
[Orion-25-02:311183] [12] /work/noaa/da/mpotts/sandbox/pgi_2019_openmpi_O_patch_8.3.1/esmf/DEFAULTINSTALLDIR/lib/libO/Linux.pgi.64.openmpi.default/libesmf.so(_ZN5ESMCI2VM5enterEPNS_6VMPlanEPvS3_+0x18)[0x7fac74dd0228]
[Orion-25-02:311181] [11] /work/noaa/da/mpotts/sandbox/pgi_2019_openmpi_O_patch_8.3.1/esmf/DEFAULTINSTALLDIR/lib/libO/Linux.pgi.64.openmpi.default/libesmf.so(ESMCI_FTableCallEntryPointVMHop+0x1ea)[0x7f13f2a21faa]
[Orion-25-02:311183] [13] /work/noaa/da/mpotts/sandbox/pgi_2019_openmpi_O_patch_8.3.1/esmf/DEFAULTINSTALLDIR/lib/libO/Linux.pgi.64.openmpi.default/libesmf.so(c_esmc_ftablecallentrypointvm_+0x337)[0x7fac749f7387]
[Orion-25-02:311181] [12] /work/noaa/da/mpotts/sandbox/pgi_2019_openmpi_O_patch_8.3.1/esmf/DEFAULTINSTALLDIR/lib/libO/Linux.pgi.64.openmpi.default/libesmf.so(_ZN5ESMCI2VM5enterEPNS_6VMPlanEPvS3_+0x18)[0x7f13f2dfb228]
[Orion-25-02:311183] [14] /work/noaa/da/mpotts/sandbox/pgi_2019_openmpi_O_patch_8.3.1/esmf/DEFAULTINSTALLDIR/lib/libO/Linux.pgi.64.openmpi.default/libesmf.so(esmf_compmod_esmf_compexecute_+0x7cb)[0x7fac74fa88fb]
[Orion-25-02:311181] [13] /work/noaa/da/mpotts/sandbox/pgi_2019_openmpi_O_patch_8.3.1/esmf/DEFAULTINSTALLDIR/lib/libO/Linux.pgi.64.openmpi.default/libesmf.so(c_esmc_ftablecallentrypointvm_+0x337)[0x7f13f2a22387]
[Orion-25-02:311183] [15] /work/noaa/da/mpotts/sandbox/pgi_2019_openmpi_O_patch_8.3.1/esmf/DEFAULTINSTALLDIR/lib/libO/Linux.pgi.64.openmpi.default/libesmf.so(esmf_cplcompmod_esmf_cplcompinitialize_+0x161)[0x7fac74fb90f1]
[Orion-25-02:311181] [14] /work/noaa/da/mpotts/sandbox/pgi_2019_openmpi_O_patch_8.3.1/esmf/DEFAULTINSTALLDIR/lib/libO/Linux.pgi.64.openmpi.default/libesmf.so(esmf_compmod_esmf_compexecute_+0x7cb)[0x7f13f2fd38fb]
[Orion-25-02:311183] [16] /work/noaa/da/mpotts/sandbox/pgi_2019_openmpi_O_patch_8.3.1/esmf/DEFAULTINSTALLDIR/lib/libO/Linux.pgi.64.openmpi.default/libesmf.so(nuopc_driver_loopconnectorcompss_+0xea1)[0x7fac755dcd41]
[Orion-25-02:311181] [15] /work/noaa/da/mpotts/sandbox/pgi_2019_openmpi_O_patch_8.3.1/esmf/DEFAULTINSTALLDIR/lib/libO/Linux.pgi.64.openmpi.default/libesmf.so(esmf_cplcompmod_esmf_cplcompinitialize_+0x161)[0x7f13f2fe40f1]
[Orion-25-02:311183] [17] /work/noaa/da/mpotts/sandbox/pgi_2019_openmpi_O_patch_8.3.1/esmf/DEFAULTINSTALLDIR/lib/libO/Linux.pgi.64.openmpi.default/libesmf.so(nuopc_driver_initializeipdv02p3_+0x1f38)[0x7fac755d4738]
[Orion-25-02:311181] [16] /work/noaa/da/mpotts/sandbox/pgi_2019_openmpi_O_patch_8.3.1/esmf/DEFAULTINSTALLDIR/lib/libO/Linux.pgi.64.openmpi.default/libesmf.so(nuopc_driver_loopconnectorcompss_+0xea1)[0x7f13f3607d41]
[Orion-25-02:311183] [18] /work/noaa/da/mpotts/sandbox/pgi_2019_openmpi_O_patch_8.3.1/esmf/DEFAULTINSTALLDIR/lib/libO/Linux.pgi.64.openmpi.default/libesmf.so(nuopc_driver_initializep1_+0x56a)[0x7fac755c47ea]
[Orion-25-02:311181] [17] /work/noaa/da/mpotts/sandbox/pgi_2019_openmpi_O_patch_8.3.1/esmf/DEFAULTINSTALLDIR/lib/libO/Linux.pgi.64.openmpi.default/libesmf.so(nuopc_driver_initializeipdv02p3_+0x1f38)[0x7f13f35ff738]
[Orion-25-02:311183] [19] /work/noaa/da/mpotts/sandbox/pgi_2019_openmpi_O_patch_8.3.1/esmf/DEFAULTINSTALLDIR/lib/libO/Linux.pgi.64.openmpi.default/libesmf.so(_ZN5ESMCI6FTable12callVFuncPtrEPKcPNS_2VMEPi+0x40f)[0x7fac749f8d9f]
[Orion-25-02:311183] [20] /work/noaa/da/mpotts/sandbox/pgi_2019_openmpi_O_patch_8.3.1/esmf/DEFAULTINSTALLDIR/lib/libO/Linux.pgi.64.openmpi.default/libesmf.so(ESMCI_FTableCallEntryPointVMHop+0x1ea)[0x7fac749f6faa]
[Orion-25-02:311181] [18] /work/noaa/da/mpotts/sandbox/pgi_2019_openmpi_O_patch_8.3.1/esmf/DEFAULTINSTALLDIR/lib/libO/Linux.pgi.64.openmpi.default/libesmf.so(nuopc_driver_initializep1_+0x56a)[0x7f13f35ef7ea]
[Orion-25-02:311181] [19] /work/noaa/da/mpotts/sandbox/pgi_2019_openmpi_O_patch_8.3.1/esmf/DEFAULTINSTALLDIR/lib/libO/Linux.pgi.64.openmpi.default/libesmf.so(_ZN5ESMCI6FTable12callVFuncPtrEPKcPNS_2VMEPi+0x40f)[0x7f13f2a23d9f]
[Orion-25-02:311183] [21] /work/noaa/da/mpotts/sandbox/pgi_2019_openmpi_O_patch_8.3.1/esmf/DEFAULTINSTALLDIR/lib/libO/Linux.pgi.64.openmpi.default/libesmf.so(_ZN5ESMCI2VM5enterEPNS_6VMPlanEPvS3_+0x18)[0x7fac74dd0228]
[Orion-25-02:311181] [20] /work/noaa/da/mpotts/sandbox/pgi_2019_openmpi_O_patch_8.3.1/esmf/DEFAULTINSTALLDIR/lib/libO/Linux.pgi.64.openmpi.default/libesmf.so(ESMCI_FTableCallEntryPointVMHop+0x1ea)[0x7f13f2a21faa]
[Orion-25-02:311183] [22] /work/noaa/da/mpotts/sandbox/pgi_2019_openmpi_O_patch_8.3.1/esmf/DEFAULTINSTALLDIR/lib/libO/Linux.pgi.64.openmpi.default/libesmf.so(c_esmc_ftablecallentrypointvm_+0x337)[0x7fac749f7387]
[Orion-25-02:311181] [21] /work/noaa/da/mpotts/sandbox/pgi_2019_openmpi_O_patch_8.3.1/esmf/DEFAULTINSTALLDIR/lib/libO/Linux.pgi.64.openmpi.default/libesmf.so(_ZN5ESMCI2VM5enterEPNS_6VMPlanEPvS3_+0x18)[0x7f13f2dfb228]
[Orion-25-02:311183] [23] /work/noaa/da/mpotts/sandbox/pgi_2019_openmpi_O_patch_8.3.1/esmf/DEFAULTINSTALLDIR/lib/libO/Linux.pgi.64.openmpi.default/libesmf.so(esmf_compmod_esmf_compexecute_+0x7cb)[0x7fac74fa88fb]
[Orion-25-02:311181] [22] /work/noaa/da/mpotts/sandbox/pgi_2019_openmpi_O_patch_8.3.1/esmf/DEFAULTINSTALLDIR/lib/libO/Linux.pgi.64.openmpi.default/libesmf.so(c_esmc_ftablecallentrypointvm_+0x337)[0x7f13f2a22387]
[Orion-25-02:311183] [24] /work/noaa/da/mpotts/sandbox/pgi_2019_openmpi_O_patch_8.3.1/esmf/DEFAULTINSTALLDIR/lib/libO/Linux.pgi.64.openmpi.default/libesmf.so(esmf_gridcompmod_esmf_gridcompinitialize_+0x161)[0x7fac75177331]
[Orion-25-02:311183] [25] /work/noaa/da/mpotts/sandbox/pgi_2019_openmpi_O_patch_8.3.1/nuopc-app-prototypes/AtmOcnMedPetListTimescalesSplitFastProto/./esmApp[0x4065e7]
[Orion-25-02:311183] [26] /work/noaa/da/mpotts/sandbox/pgi_2019_openmpi_O_patch_8.3.1/nuopc-app-prototypes/AtmOcnMedPetListTimescalesSplitFastProto/./esmApp[0x406263]
[Orion-25-02:311183] [27] /lib64/libc.so.6(__libc_start_main+0xf5)[0x7fac707fa495]
[Orion-25-02:311183] [28] /work/noaa/da/mpotts/sandbox/pgi_2019_openmpi_O_patch_8.3.1/nuopc-app-prototypes/AtmOcnMedPetListTimescalesSplitFastProto/./esmApp[0x406169]
[Orion-25-02:311181] [23] /work/noaa/da/mpotts/sandbox/pgi_2019_openmpi_O_patch_8.3.1/esmf/DEFAULTINSTALLDIR/lib/libO/Linux.pgi.64.openmpi.default/libesmf.so(esmf_compmod_esmf_compexecute_+0x7cb)[0x7f13f2fd38fb]
[Orion-25-02:311183] *** End of error message ***
[Orion-25-02:311181] [24] /work/noaa/da/mpotts/sandbox/pgi_2019_openmpi_O_patch_8.3.1/esmf/DEFAULTINSTALLDIR/lib/libO/Linux.pgi.64.openmpi.default/libesmf.so(esmf_gridcompmod_esmf_gridcompinitialize_+0x161)[0x7f13f31a2331]
[Orion-25-02:311181] [25] /work/noaa/da/mpotts/sandbox/pgi_2019_openmpi_O_patch_8.3.1/nuopc-app-prototypes/AtmOcnMedPetListTimescalesSplitFastProto/./esmApp[0x4065e7]
[Orion-25-02:311181] [26] /work/noaa/da/mpotts/sandbox/pgi_2019_openmpi_O_patch_8.3.1/nuopc-app-prototypes/AtmOcnMedPetListTimescalesSplitFastProto/./esmApp[0x406263]
[Orion-25-02:311181] [27] /lib64/libc.so.6(__libc_start_main+0xf5)[0x7f13ee825495]
[Orion-25-02:311181] [28] /work/noaa/da/mpotts/sandbox/pgi_2019_openmpi_O_patch_8.3.1/nuopc-app-prototypes/AtmOcnMedPetListTimescalesSplitFastProto/./esmApp[0x406169]
[Orion-25-02:311181] *** End of error message ***
==== backtrace (tid: 311180) ====
 0 0x000000000071ddc3 ESMCI::LogErr::MsgFoundError()  /work/noaa/da/mpotts/sandbox/pgi_2019_openmpi_O_patch_8.3.1/esmf/src/Infrastructure/LogErr/src/ESMCI_LogErr.C:586
 1 0x0000000000875ec1 c_esmc_meshcreatenodedistgrid_()  /work/noaa/da/mpotts/sandbox/pgi_2019_openmpi_O_patch_8.3.1/esmf/src/Infrastructure/Mesh/interface/ESMCI_Mesh_F.C:248
 2 0x0000000000f8195c esmf_meshmod_esmf_meshcreatefrompointer_()  /work/noaa/da/mpotts/sandbox/pgi_2019_openmpi_O_patch_8.3.1/esmf/src/Infrastructure/Mesh/interface/ESMF_Mesh.F90:3091
 3 0x0000000000e63b02 esmf_gridutilmod_esmf_gridtomesh_()  /work/noaa/da/mpotts/sandbox/pgi_2019_openmpi_O_patch_8.3.1/esmf/src/Infrastructure/GridUtil/interface/ESMF_GridUtil.F90:453
 4 0x0000000000d88ac6 esmf_fieldregridmod_b_or_p_gridtomesh_()  /work/noaa/da/mpotts/sandbox/pgi_2019_openmpi_O_patch_8.3.1/esmf/src/Infrastructure/Field/src/ESMF_FieldRegrid.F90:3228
 5 0x0000000000d85ff4 esmf_fieldregridmod_getmeshwithnodesonfieldloc_()  /work/noaa/da/mpotts/sandbox/pgi_2019_openmpi_O_patch_8.3.1/esmf/src/Infrastructure/Field/src/ESMF_FieldRegrid.F90:1346
 6 0x0000000000d8458a esmf_fieldregridmod_esmf_fieldregridstorenx_()  /work/noaa/da/mpotts/sandbox/pgi_2019_openmpi_O_patch_8.3.1/esmf/src/Infrastructure/Field/src/ESMF_FieldRegrid.F90:971
 7 0x0000000001210ccf nuopc_connector_fieldbundlecplstore_()  /work/noaa/da/mpotts/sandbox/pgi_2019_openmpi_O_patch_8.3.1/esmf/src/addon/NUOPC/src/NUOPC_Connector.F90:7919
 8 0x00000000011f8174 nuopc_connector_initializeipdv05p6b_()  /work/noaa/da/mpotts/sandbox/pgi_2019_openmpi_O_patch_8.3.1/esmf/src/addon/NUOPC/src/NUOPC_Connector.F90:5386
 9 0x000000000064bd9f ESMCI::FTable::callVFuncPtr()  /work/noaa/da/mpotts/sandbox/pgi_2019_openmpi_O_patch_8.3.1/esmf/src/Superstructure/Component/src/ESMCI_FTable.C:2167
10 0x0000000000649faa ESMCI_FTableCallEntryPointVMHop()  /work/noaa/da/mpotts/sandbox/pgi_2019_openmpi_O_patch_8.3.1/esmf/src/Superstructure/Component/src/ESMCI_FTable.C:824
11 0x0000000000a23228 ESMCI::VM::enter()  /work/noaa/da/mpotts/sandbox/pgi_2019_openmpi_O_patch_8.3.1/esmf/src/Infrastructure/VM/src/ESMCI_VM.C:1216
12 0x000000000064a387 c_esmc_ftablecallentrypointvm_()  /work/noaa/da/mpotts/sandbox/pgi_2019_openmpi_O_patch_8.3.1/esmf/src/Superstructure/Component/src/ESMCI_FTable.C:981
13 0x0000000000bfb8fb esmf_compmod_esmf_compexecute_()  /work/noaa/da/mpotts/sandbox/pgi_2019_openmpi_O_patch_8.3.1/esmf/src/Superstructure/Component/src/ESMF_Comp.F90:1222
14 0x0000000000c0c0f1 esmf_cplcompmod_esmf_cplcompinitialize_()  /work/noaa/da/mpotts/sandbox/pgi_2019_openmpi_O_patch_8.3.1/esmf/src/Superstructure/Component/src/ESMF_CplComp.F90:1160
15 0x000000000122fd41 nuopc_driver_loopconnectorcompss_()  /work/noaa/da/mpotts/sandbox/pgi_2019_openmpi_O_patch_8.3.1/esmf/src/addon/NUOPC/src/NUOPC_Driver.F90:2721
16 0x0000000001227738 nuopc_driver_initializeipdv02p3_()  /work/noaa/da/mpotts/sandbox/pgi_2019_openmpi_O_patch_8.3.1/esmf/src/addon/NUOPC/src/NUOPC_Driver.F90:1943
17 0x00000000012177ea nuopc_driver_initializep1_()  /work/noaa/da/mpotts/sandbox/pgi_2019_openmpi_O_patch_8.3.1/esmf/src/addon/NUOPC/src/NUOPC_Driver.F90:458
18 0x000000000064bd9f ESMCI::FTable::callVFuncPtr()  /work/noaa/da/mpotts/sandbox/pgi_2019_openmpi_O_patch_8.3.1/esmf/src/Superstructure/Component/src/ESMCI_FTable.C:2167
19 0x0000000000649faa ESMCI_FTableCallEntryPointVMHop()  /work/noaa/da/mpotts/sandbox/pgi_2019_openmpi_O_patch_8.3.1/esmf/src/Superstructure/Component/src/ESMCI_FTable.C:824
20 0x0000000000a23228 ESMCI::VM::enter()  /work/noaa/da/mpotts/sandbox/pgi_2019_openmpi_O_patch_8.3.1/esmf/src/Infrastructure/VM/src/ESMCI_VM.C:1216
21 0x000000000064a387 c_esmc_ftablecallentrypointvm_()  /work/noaa/da/mpotts/sandbox/pgi_2019_openmpi_O_patch_8.3.1/esmf/src/Superstructure/Component/src/ESMCI_FTable.C:981
22 0x0000000000bfb8fb esmf_compmod_esmf_compexecute_()  /work/noaa/da/mpotts/sandbox/pgi_2019_openmpi_O_patch_8.3.1/esmf/src/Superstructure/Component/src/ESMF_Comp.F90:1222
23 0x0000000000dca331 esmf_gridcompmod_esmf_gridcompinitialize_()  /work/noaa/da/mpotts/sandbox/pgi_2019_openmpi_O_patch_8.3.1/esmf/src/Superstructure/Component/src/ESMF_GridComp.F90:1407
24 0x00000000004065e7 MAIN_()  /work/noaa/da/mpotts/sandbox/pgi_2019_openmpi_O_patch_8.3.1/nuopc-app-prototypes/AtmOcnMedPetListTimescalesSplitFastProto/esmApp.F90:58
25 0x0000000000406263 main()  ???:0
26 0x0000000000022495 __libc_start_main()  ???:0
27 0x0000000000406169 _start()  ???:0
=================================
[Orion-25-02:311180] *** Process received signal ***
[Orion-25-02:311180] Signal: Segmentation fault (11)
[Orion-25-02:311180] Signal code:  (-6)
[Orion-25-02:311180] Failing at address: 0x20e50004bf8c
[Orion-25-02:311180] [ 0] /lib64/libpthread.so.0(+0xf5d0)[0x7f532f6a25d0]
[Orion-25-02:311180] [ 1] /work/noaa/da/mpotts/sandbox/pgi_2019_openmpi_O_patch_8.3.1/esmf/DEFAULTINSTALLDIR/lib/libO/Linux.pgi.64.openmpi.default/libesmf.so(_ZN5ESMCI6LogErr13MsgFoundErrorEiPKciS2_S2_Pi+0x33)[0x7f532de93dc3]
[Orion-25-02:311180] [ 2] /work/noaa/da/mpotts/sandbox/pgi_2019_openmpi_O_patch_8.3.1/esmf/DEFAULTINSTALLDIR/lib/libO/Linux.pgi.64.openmpi.default/libesmf.so(c_esmc_meshcreatenodedistgrid_+0xa1)[0x7f532dfebec1]
[Orion-25-02:311180] [ 3] /work/noaa/da/mpotts/sandbox/pgi_2019_openmpi_O_patch_8.3.1/esmf/DEFAULTINSTALLDIR/lib/libO/Linux.pgi.64.openmpi.default/libesmf.so(esmf_meshmod_esmf_meshcreatefrompointer_+0x4c)[0x7f532e6f795c]
[Orion-25-02:311180] [ 4] /work/noaa/da/mpotts/sandbox/pgi_2019_openmpi_O_patch_8.3.1/esmf/DEFAULTINSTALLDIR/lib/libO/Linux.pgi.64.openmpi.default/libesmf.so(esmf_gridutilmod_esmf_gridtomesh_+0x352)[0x7f532e5d9b02]
[Orion-25-02:311180] [ 5] /work/noaa/da/mpotts/sandbox/pgi_2019_openmpi_O_patch_8.3.1/esmf/DEFAULTINSTALLDIR/lib/libO/Linux.pgi.64.openmpi.default/libesmf.so(esmf_fieldregridmod_b_or_p_gridtomesh_+0x156)[0x7f532e4feac6]
[Orion-25-02:311180] [ 6] /work/noaa/da/mpotts/sandbox/pgi_2019_openmpi_O_patch_8.3.1/esmf/DEFAULTINSTALLDIR/lib/libO/Linux.pgi.64.openmpi.default/libesmf.so(esmf_fieldregridmod_getmeshwithnodesonfieldloc_+0x394)[0x7f532e4fbff4]
[Orion-25-02:311180] [ 7] /work/noaa/da/mpotts/sandbox/pgi_2019_openmpi_O_patch_8.3.1/esmf/DEFAULTINSTALLDIR/lib/libO/Linux.pgi.64.openmpi.default/libesmf.so(esmf_fieldregridmod_esmf_fieldregridstorenx_+0x9ba)[0x7f532e4fa58a]
[Orion-25-02:311180] [ 8] /work/noaa/da/mpotts/sandbox/pgi_2019_openmpi_O_patch_8.3.1/esmf/DEFAULTINSTALLDIR/lib/libO/Linux.pgi.64.openmpi.default/libesmf.so(nuopc_connector_fieldbundlecplstore_+0xbc5f)[0x7f532e986ccf]
[Orion-25-02:311180] [ 9] /work/noaa/da/mpotts/sandbox/pgi_2019_openmpi_O_patch_8.3.1/esmf/DEFAULTINSTALLDIR/lib/libO/Linux.pgi.64.openmpi.default/libesmf.so(nuopc_connector_initializeipdv05p6b_+0x4f34)[0x7f532e96e174]
[Orion-25-02:311180] [10] /work/noaa/da/mpotts/sandbox/pgi_2019_openmpi_O_patch_8.3.1/esmf/DEFAULTINSTALLDIR/lib/libO/Linux.pgi.64.openmpi.default/libesmf.so(_ZN5ESMCI6FTable12callVFuncPtrEPKcPNS_2VMEPi+0x40f)[0x7f532ddc1d9f]
[Orion-25-02:311180] [11] /work/noaa/da/mpotts/sandbox/pgi_2019_openmpi_O_patch_8.3.1/esmf/DEFAULTINSTALLDIR/lib/libO/Linux.pgi.64.openmpi.default/libesmf.so(ESMCI_FTableCallEntryPointVMHop+0x1ea)[0x7f532ddbffaa]
[Orion-25-02:311180] [12] /work/noaa/da/mpotts/sandbox/pgi_2019_openmpi_O_patch_8.3.1/esmf/DEFAULTINSTALLDIR/lib/libO/Linux.pgi.64.openmpi.default/libesmf.so(_ZN5ESMCI2VM5enterEPNS_6VMPlanEPvS3_+0x18)[0x7f532e199228]
[Orion-25-02:311180] [13] /work/noaa/da/mpotts/sandbox/pgi_2019_openmpi_O_patch_8.3.1/esmf/DEFAULTINSTALLDIR/lib/libO/Linux.pgi.64.openmpi.default/libesmf.so(c_esmc_ftablecallentrypointvm_+0x337)[0x7f532ddc0387]
[Orion-25-02:311180] [14] /work/noaa/da/mpotts/sandbox/pgi_2019_openmpi_O_patch_8.3.1/esmf/DEFAULTINSTALLDIR/lib/libO/Linux.pgi.64.openmpi.default/libesmf.so(esmf_compmod_esmf_compexecute_+0x7cb)[0x7f532e3718fb]
[Orion-25-02:311180] [15] /work/noaa/da/mpotts/sandbox/pgi_2019_openmpi_O_patch_8.3.1/esmf/DEFAULTINSTALLDIR/lib/libO/Linux.pgi.64.openmpi.default/libesmf.so(esmf_cplcompmod_esmf_cplcompinitialize_+0x161)[0x7f532e3820f1]
[Orion-25-02:311180] [16] /work/noaa/da/mpotts/sandbox/pgi_2019_openmpi_O_patch_8.3.1/esmf/DEFAULTINSTALLDIR/lib/libO/Linux.pgi.64.openmpi.default/libesmf.so(nuopc_driver_loopconnectorcompss_+0xea1)[0x7f532e9a5d41]
[Orion-25-02:311180] [17] /work/noaa/da/mpotts/sandbox/pgi_2019_openmpi_O_patch_8.3.1/esmf/DEFAULTINSTALLDIR/lib/libO/Linux.pgi.64.openmpi.default/libesmf.so(nuopc_driver_initializeipdv02p3_+0x1f38)[0x7f532e99d738]
[Orion-25-02:311180] [18] /work/noaa/da/mpotts/sandbox/pgi_2019_openmpi_O_patch_8.3.1/esmf/DEFAULTINSTALLDIR/lib/libO/Linux.pgi.64.openmpi.default/libesmf.so(nuopc_driver_initializep1_+0x56a)[0x7f532e98d7ea]
[Orion-25-02:311180] [19] /work/noaa/da/mpotts/sandbox/pgi_2019_openmpi_O_patch_8.3.1/esmf/DEFAULTINSTALLDIR/lib/libO/Linux.pgi.64.openmpi.default/libesmf.so(_ZN5ESMCI6FTable12callVFuncPtrEPKcPNS_2VMEPi+0x40f)[0x7f532ddc1d9f]
[Orion-25-02:311180] [20] /work/noaa/da/mpotts/sandbox/pgi_2019_openmpi_O_patch_8.3.1/esmf/DEFAULTINSTALLDIR/lib/libO/Linux.pgi.64.openmpi.default/libesmf.so(ESMCI_FTableCallEntryPointVMHop+0x1ea)[0x7f532ddbffaa]
[Orion-25-02:311180] [21] /work/noaa/da/mpotts/sandbox/pgi_2019_openmpi_O_patch_8.3.1/esmf/DEFAULTINSTALLDIR/lib/libO/Linux.pgi.64.openmpi.default/libesmf.so(_ZN5ESMCI2VM5enterEPNS_6VMPlanEPvS3_+0x18)[0x7f532e199228]
[Orion-25-02:311180] [22] /work/noaa/da/mpotts/sandbox/pgi_2019_openmpi_O_patch_8.3.1/esmf/DEFAULTINSTALLDIR/lib/libO/Linux.pgi.64.openmpi.default/libesmf.so(c_esmc_ftablecallentrypointvm_+0x337)[0x7f532ddc0387]
[Orion-25-02:311180] [23] /work/noaa/da/mpotts/sandbox/pgi_2019_openmpi_O_patch_8.3.1/esmf/DEFAULTINSTALLDIR/lib/libO/Linux.pgi.64.openmpi.default/libesmf.so(esmf_compmod_esmf_compexecute_+0x7cb)[0x7f532e3718fb]
[Orion-25-02:311180] [24] /work/noaa/da/mpotts/sandbox/pgi_2019_openmpi_O_patch_8.3.1/esmf/DEFAULTINSTALLDIR/lib/libO/Linux.pgi.64.openmpi.default/libesmf.so(esmf_gridcompmod_esmf_gridcompinitialize_+0x161)[0x7f532e540331]
[Orion-25-02:311180] [25] /work/noaa/da/mpotts/sandbox/pgi_2019_openmpi_O_patch_8.3.1/nuopc-app-prototypes/AtmOcnMedPetListTimescalesSplitFastProto/./esmApp[0x4065e7]
[Orion-25-02:311180] [26] /work/noaa/da/mpotts/sandbox/pgi_2019_openmpi_O_patch_8.3.1/nuopc-app-prototypes/AtmOcnMedPetListTimescalesSplitFastProto/./esmApp[0x406263]
[Orion-25-02:311180] [27] /lib64/libc.so.6(__libc_start_main+0xf5)[0x7f5329bc3495]
[Orion-25-02:311180] [28] /work/noaa/da/mpotts/sandbox/pgi_2019_openmpi_O_patch_8.3.1/nuopc-app-prototypes/AtmOcnMedPetListTimescalesSplitFastProto/./esmApp[0x406169]
[Orion-25-02:311180] *** End of error message ***
srun: error: Orion-25-02: tasks 0-1,3: Segmentation fault
srun: launch/slurm: _step_signal: Terminating StepId=6547903.15
slurmstepd: error: *** STEP 6547903.15 ON Orion-25-02 CANCELLED AT 2022-08-25T08:01:53 ***
srun: error: Orion-25-02: task 2: Terminated
srun: Force Terminated StepId=6547903.15
