2022-08-25 05:23:24
20220825 075807.990 INFO             PET0 !!!!!!!!!!!!!!!!!!!!!!!!!!!!!!!!!!!!!!!!!!!!!!!!!!!!!!
20220825 075807.991 INFO             PET0 !!! THE ESMF_LOG IS SET TO OUTPUT ALL LOG MESSAGES !!!
20220825 075807.991 INFO             PET0 !!!     THIS MAY CAUSE SLOWDOWN IN PERFORMANCE     !!!
20220825 075807.991 INFO             PET0 !!! FOR PRODUCTION RUNS, USE:                      !!!
20220825 075807.991 INFO             PET0 !!!                   ESMF_LOGKIND_Multi_On_Error  !!!
20220825 075807.991 INFO             PET0 !!!!!!!!!!!!!!!!!!!!!!!!!!!!!!!!!!!!!!!!!!!!!!!!!!!!!!
20220825 075807.991 INFO             PET0 Running with ESMF Version   : v8.3.1b05
20220825 075807.991 INFO             PET0 ESMF library build date/time: "Aug 25 2022" "05:18:25"
20220825 075807.991 INFO             PET0 ESMF library build location : /work/noaa/da/mpotts/sandbox/pgi_2019_openmpi_O_patch_8.3.1/esmf
20220825 075807.991 INFO             PET0 ESMF_COMM                   : openmpi
20220825 075807.992 INFO             PET0 ESMF_MOAB                   : enabled
20220825 075807.992 INFO             PET0 ESMF_LAPACK                 : enabled
20220825 075807.992 INFO             PET0 ESMF_NETCDF                 : enabled
20220825 075807.992 INFO             PET0 ESMF_PNETCDF                : disabled
20220825 075807.992 INFO             PET0 ESMF_PIO                    : enabled
20220825 075807.992 INFO             PET0 ESMF_YAMLCPP                : enabled
20220825 075807.992 INFO             PET0 esmApp STARTING
20220825 075807.994 INFO             PET0 esm: InitializeP1 intro.
20220825 075807.995 INFO             PET0   esm: InitializeIPDv02p1 intro.
20220825 075807.995 INFO             PET0     >>>esm: entered Initialize (phase=<none>) without valid internal Clock.
20220825 075807.995 INFO             PET0     esm - Creating model component ATM with petList of size 2 :
20220825 075807.995 INFO             PET0           0      1
20220825 075807.996 INFO             PET0     esm - Creating model component OCN with petList of size 2 :
20220825 075807.996 INFO             PET0           2      3
20220825 075807.996 INFO             PET0     esm - Creating connector component ATM-TO-OCN with petList of size 4 :
20220825 075807.996 INFO             PET0           0      1      2      3
20220825 075808.000 INFO             PET0     esm - Creating connector component OCN-TO-ATM with petList of size 4 :
20220825 075808.000 INFO             PET0           2      3      0      1
20220825 075808.003 INFO             PET0     esm - Creating state: modelComp 1 Import State
20220825 075808.003 INFO             PET0     esm - Creating state: modelComp 1 Export State
20220825 075808.003 INFO             PET0     esm - Creating state: modelComp 2 Import State
20220825 075808.003 INFO             PET0     esm - Creating state: modelComp 2 Export State
20220825 075808.003 INFO             PET0     ATM: InitializeP0 intro.
20220825 075808.004 INFO             PET0     ATM: InitializeP0 extro.
20220825 075808.005 INFO             PET0     ATM-TO-OCN: InitializeP0 intro.
20220825 075808.005 INFO             PET0     ATM-TO-OCN: InitializeP0 extro.
20220825 075808.006 INFO             PET0     OCN-TO-ATM: InitializeP0 intro.
20220825 075808.006 INFO             PET0     OCN-TO-ATM: InitializeP0 extro.
20220825 075808.006 INFO             PET0     esm: IInitAdvertise intro.
20220825 075808.006 INFO             PET0     esm: IInitAdvertise extro.
20220825 075808.007 INFO             PET0     ATM: InitializeIPDvXp01 intro.
20220825 075808.009 INFO             PET0     ATM: InitializeIPDvXp01 extro.
20220825 075808.011 INFO             PET0     ATM-TO-OCN: InitializeIPDv05p1 intro.
20220825 075808.014 INFO             PET0     ATM-TO-OCN: InitializeIPDv05p1 extro.
20220825 075808.014 INFO             PET0     OCN-TO-ATM: InitializeIPDv05p1 intro.
20220825 075808.015 INFO             PET0     OCN-TO-ATM: InitializeIPDv05p1 extro.
20220825 075808.015 INFO             PET0     esm: IInitAdvertiseFinish intro.
20220825 075808.015 INFO             PET0     esm: IInitAdvertiseFinish extro.
20220825 075808.016 INFO             PET0     ATM-TO-OCN: InitializeIPDv05p2a intro.
20220825 075808.018 INFO             PET0     ATM-TO-OCN: InitializeIPDv05p2a extro.
20220825 075808.018 INFO             PET0     OCN-TO-ATM: InitializeIPDv05p2a intro.
20220825 075808.019 INFO             PET0     OCN-TO-ATM: InitializeIPDv05p2a extro.
20220825 075808.019 INFO             PET0     ATM-TO-OCN: InitializeIPDv05p2b intro.
20220825 075808.022 INFO             PET0     ATM-TO-OCN: InitializeIPDv05p2b extro.
20220825 075808.022 INFO             PET0     OCN-TO-ATM: InitializeIPDv05p2b intro.
20220825 075808.023 INFO             PET0     OCN-TO-ATM: InitializeIPDv05p2b extro.
20220825 075808.023 INFO             PET0     esm: IInitModifyCplLists intro.
20220825 075808.023 INFO             PET0     esm: IInitModifyCplLists extro.
20220825 075808.023 INFO             PET0     ATM-TO-OCN: InitializeIPDv05p3 intro.
20220825 075808.026 INFO             PET0       ATM-TO-OCN: handle cplList(1): air_pressure_at_sea_level, cplSetList(1): __UNSPECIFIED__
20220825 075808.026 INFO             PET0       ATM-TO-OCN: - connected.
20220825 075808.026 INFO             PET0       ATM-TO-OCN: handle cplList(2): surface_net_downward_shortwave_flux, cplSetList(2): __UNSPECIFIED__
20220825 075808.026 INFO             PET0       ATM-TO-OCN: - connected.
20220825 075808.026 INFO             PET0     ATM-TO-OCN: InitializeIPDv05p3 extro.
20220825 075808.026 INFO             PET0     OCN-TO-ATM: InitializeIPDv05p3 intro.
20220825 075808.027 INFO             PET0       OCN-TO-ATM: handle cplList(1): sea_surface_temperature, cplSetList(1): __UNSPECIFIED__
20220825 075808.027 INFO             PET0       OCN-TO-ATM: - connected.
20220825 075808.027 INFO             PET0     OCN-TO-ATM: InitializeIPDv05p3 extro.
20220825 075808.027 INFO             PET0     <<<esm: leaving Initialize (phase=<none>) with current time: 2010  6  1  0  0  0   0
20220825 075808.027 INFO             PET0   esm: InitializeIPDv02p1 extro.
20220825 075808.028 INFO             PET0   esm: InitializeIPDv02p3 intro.
20220825 075808.028 INFO             PET0     >>>esm: entered Initialize (phase=<none>) with current time: 2010  6  1  0  0  0   0
20220825 075808.028 INFO             PET0     esm: IInitCheck intro.
20220825 075808.028 INFO             PET0     esm: IInitCheck extro.
20220825 075808.028 INFO             PET0     ATM: InitializeIPDvXp04 intro.
20220825 075808.031 INFO             PET0     ATM: InitializeIPDvXp04 extro.
20220825 075808.035 INFO             PET0     ATM-TO-OCN: InitializeIPDv05p4 intro.
20220825 075808.039 INFO             PET0       ATM-TO-OCN: handle cplList(1): air_pressure_at_sea_level, cplSetList(1): __UNSPECIFIED__
20220825 075808.039 INFO             PET0       ATM-TO-OCN: - nothing shared or transferred
20220825 075808.039 INFO             PET0       ATM-TO-OCN: handle cplList(2): surface_net_downward_shortwave_flux, cplSetList(2): __UNSPECIFIED__
20220825 075808.039 INFO             PET0       ATM-TO-OCN: - nothing shared or transferred
20220825 075808.039 INFO             PET0     ATM-TO-OCN: InitializeIPDv05p4 extro.
20220825 075808.039 INFO             PET0     OCN-TO-ATM: InitializeIPDv05p4 intro.
20220825 075808.041 INFO             PET0       OCN-TO-ATM: handle cplList(1): sea_surface_temperature, cplSetList(1): __UNSPECIFIED__
20220825 075808.041 INFO             PET0       OCN-TO-ATM: - nothing shared or transferred
20220825 075808.041 INFO             PET0     OCN-TO-ATM: InitializeIPDv05p4 extro.
20220825 075808.041 INFO             PET0     ATM-TO-OCN: InitializeIPDv05p5 intro.
20220825 075808.045 INFO             PET0       ATM-TO-OCN: handle cplList(1): air_pressure_at_sea_level, cplSetList(1): __UNSPECIFIED__
20220825 075808.045 INFO             PET0       ATM-TO-OCN: - nothing shared or transferred, or may already be handled
20220825 075808.045 INFO             PET0       ATM-TO-OCN: handle cplList(2): surface_net_downward_shortwave_flux, cplSetList(2): __UNSPECIFIED__
20220825 075808.045 INFO             PET0       ATM-TO-OCN: - nothing shared or transferred, or may already be handled
20220825 075808.045 INFO             PET0     ATM-TO-OCN: InitializeIPDv05p5 extro.
20220825 075808.045 INFO             PET0     OCN-TO-ATM: InitializeIPDv05p5 intro.
20220825 075808.047 INFO             PET0       OCN-TO-ATM: handle cplList(1): sea_surface_temperature, cplSetList(1): __UNSPECIFIED__
20220825 075808.047 INFO             PET0       OCN-TO-ATM: - nothing shared or transferred, or may already be handled
20220825 075808.047 INFO             PET0     OCN-TO-ATM: InitializeIPDv05p5 extro.
20220825 075808.047 INFO             PET0     esm: IInitRealize intro.
20220825 075808.047 INFO             PET0     esm: IInitRealize extro.
20220825 075808.047 INFO             PET0     ATM-TO-OCN: InitializeIPDv05p6a intro.
20220825 075808.051 INFO             PET0     ATM-TO-OCN: InitializeIPDv05p6a extro.
20220825 075808.051 INFO             PET0     OCN-TO-ATM: InitializeIPDv05p6a intro.
20220825 075808.053 INFO             PET0     OCN-TO-ATM: InitializeIPDv05p6a extro.
20220825 075808.053 INFO             PET0     ATM-TO-OCN: InitializeIPDv05p6b intro.
20220825 075808.053 INFO             PET0       ATM-TO-OCN: handle cplList(1): air_pressure_at_sea_level, cplSetList(1): __UNSPECIFIED__
20220825 075808.053 INFO             PET0       ATM-TO-OCN: - no Field sharing between import and export side: remap.
20220825 075808.053 INFO             PET0       ATM-TO-OCN: handle cplList(2): surface_net_downward_shortwave_flux, cplSetList(2): __UNSPECIFIED__
20220825 075807.991 INFO             PET1 !!!!!!!!!!!!!!!!!!!!!!!!!!!!!!!!!!!!!!!!!!!!!!!!!!!!!!
20220825 075807.991 INFO             PET1 !!! THE ESMF_LOG IS SET TO OUTPUT ALL LOG MESSAGES !!!
20220825 075807.991 INFO             PET1 !!!     THIS MAY CAUSE SLOWDOWN IN PERFORMANCE     !!!
20220825 075807.991 INFO             PET1 !!! FOR PRODUCTION RUNS, USE:                      !!!
20220825 075807.991 INFO             PET1 !!!                   ESMF_LOGKIND_Multi_On_Error  !!!
20220825 075807.991 INFO             PET1 !!!!!!!!!!!!!!!!!!!!!!!!!!!!!!!!!!!!!!!!!!!!!!!!!!!!!!
20220825 075807.991 INFO             PET1 Running with ESMF Version   : v8.3.1b05
20220825 075807.991 INFO             PET1 ESMF library build date/time: "Aug 25 2022" "05:18:25"
20220825 075807.991 INFO             PET1 ESMF library build location : /work/noaa/da/mpotts/sandbox/pgi_2019_openmpi_O_patch_8.3.1/esmf
20220825 075807.991 INFO             PET1 ESMF_COMM                   : openmpi
20220825 075807.992 INFO             PET1 ESMF_MOAB                   : enabled
20220825 075807.992 INFO             PET1 ESMF_LAPACK                 : enabled
20220825 075807.992 INFO             PET1 ESMF_NETCDF                 : enabled
20220825 075807.992 INFO             PET1 ESMF_PNETCDF                : disabled
20220825 075807.992 INFO             PET1 ESMF_PIO                    : enabled
20220825 075807.992 INFO             PET1 ESMF_YAMLCPP                : enabled
20220825 075807.992 INFO             PET1 esmApp STARTING
20220825 075807.994 INFO             PET1 esm: InitializeP1 intro.
20220825 075807.994 INFO             PET1   esm: InitializeIPDv02p1 intro.
20220825 075807.995 INFO             PET1     >>>esm: entered Initialize (phase=<none>) without valid internal Clock.
20220825 075807.995 INFO             PET1     esm - Creating model component ATM with petList of size 2 :
20220825 075807.995 INFO             PET1           0      1
20220825 075807.996 INFO             PET1     esm - Creating model component OCN with petList of size 2 :
20220825 075807.996 INFO             PET1           2      3
20220825 075807.996 INFO             PET1     esm - Creating connector component ATM-TO-OCN with petList of size 4 :
20220825 075807.996 INFO             PET1           0      1      2      3
20220825 075808.000 INFO             PET1     esm - Creating connector component OCN-TO-ATM with petList of size 4 :
20220825 075808.000 INFO             PET1           2      3      0      1
20220825 075808.002 INFO             PET1     esm - Creating state: modelComp 1 Import State
20220825 075808.002 INFO             PET1     esm - Creating state: modelComp 1 Export State
20220825 075808.003 INFO             PET1     esm - Creating state: modelComp 2 Import State
20220825 075808.003 INFO             PET1     esm - Creating state: modelComp 2 Export State
20220825 075808.003 INFO             PET1     ATM: InitializeP0 intro.
20220825 075808.004 INFO             PET1     ATM: InitializeP0 extro.
20220825 075808.005 INFO             PET1     ATM-TO-OCN: InitializeP0 intro.
20220825 075808.005 INFO             PET1     ATM-TO-OCN: InitializeP0 extro.
20220825 075808.006 INFO             PET1     OCN-TO-ATM: InitializeP0 intro.
20220825 075808.006 INFO             PET1     OCN-TO-ATM: InitializeP0 extro.
20220825 075808.006 INFO             PET1     esm: IInitAdvertise intro.
20220825 075808.006 INFO             PET1     esm: IInitAdvertise extro.
20220825 075808.007 INFO             PET1     ATM: InitializeIPDvXp01 intro.
20220825 075808.008 INFO             PET1     ATM: InitializeIPDvXp01 extro.
20220825 075808.011 INFO             PET1     ATM-TO-OCN: InitializeIPDv05p1 intro.
20220825 075808.014 INFO             PET1     ATM-TO-OCN: InitializeIPDv05p1 extro.
20220825 075808.014 INFO             PET1     OCN-TO-ATM: InitializeIPDv05p1 intro.
20220825 075808.015 INFO             PET1     OCN-TO-ATM: InitializeIPDv05p1 extro.
20220825 075808.015 INFO             PET1     esm: IInitAdvertiseFinish intro.
20220825 075808.015 INFO             PET1     esm: IInitAdvertiseFinish extro.
20220825 075808.016 INFO             PET1     ATM-TO-OCN: InitializeIPDv05p2a intro.
20220825 075808.018 INFO             PET1     ATM-TO-OCN: InitializeIPDv05p2a extro.
20220825 075808.018 INFO             PET1     OCN-TO-ATM: InitializeIPDv05p2a intro.
20220825 075808.019 INFO             PET1     OCN-TO-ATM: InitializeIPDv05p2a extro.
20220825 075808.019 INFO             PET1     ATM-TO-OCN: InitializeIPDv05p2b intro.
20220825 075808.022 INFO             PET1     ATM-TO-OCN: InitializeIPDv05p2b extro.
20220825 075808.022 INFO             PET1     OCN-TO-ATM: InitializeIPDv05p2b intro.
20220825 075808.023 INFO             PET1     OCN-TO-ATM: InitializeIPDv05p2b extro.
20220825 075808.023 INFO             PET1     esm: IInitModifyCplLists intro.
20220825 075808.023 INFO             PET1     esm: IInitModifyCplLists extro.
20220825 075808.023 INFO             PET1     ATM-TO-OCN: InitializeIPDv05p3 intro.
20220825 075808.026 INFO             PET1       ATM-TO-OCN: handle cplList(1): air_pressure_at_sea_level, cplSetList(1): __UNSPECIFIED__
20220825 075808.026 INFO             PET1       ATM-TO-OCN: - connected.
20220825 075808.026 INFO             PET1       ATM-TO-OCN: handle cplList(2): surface_net_downward_shortwave_flux, cplSetList(2): __UNSPECIFIED__
20220825 075808.026 INFO             PET1       ATM-TO-OCN: - connected.
20220825 075808.026 INFO             PET1     ATM-TO-OCN: InitializeIPDv05p3 extro.
20220825 075808.026 INFO             PET1     OCN-TO-ATM: InitializeIPDv05p3 intro.
20220825 075808.027 INFO             PET1       OCN-TO-ATM: handle cplList(1): sea_surface_temperature, cplSetList(1): __UNSPECIFIED__
20220825 075808.027 INFO             PET1       OCN-TO-ATM: - connected.
20220825 075808.027 INFO             PET1     OCN-TO-ATM: InitializeIPDv05p3 extro.
20220825 075808.027 INFO             PET1     <<<esm: leaving Initialize (phase=<none>) with current time: 2010  6  1  0  0  0   0
20220825 075808.027 INFO             PET1   esm: InitializeIPDv02p1 extro.
20220825 075808.027 INFO             PET1   esm: InitializeIPDv02p3 intro.
20220825 075808.028 INFO             PET1     >>>esm: entered Initialize (phase=<none>) with current time: 2010  6  1  0  0  0   0
20220825 075808.028 INFO             PET1     esm: IInitCheck intro.
20220825 075808.028 INFO             PET1     esm: IInitCheck extro.
20220825 075808.028 INFO             PET1     ATM: InitializeIPDvXp04 intro.
20220825 075808.031 INFO             PET1     ATM: InitializeIPDvXp04 extro.
20220825 075808.035 INFO             PET1     ATM-TO-OCN: InitializeIPDv05p4 intro.
20220825 075808.039 INFO             PET1       ATM-TO-OCN: handle cplList(1): air_pressure_at_sea_level, cplSetList(1): __UNSPECIFIED__
20220825 075808.039 INFO             PET1       ATM-TO-OCN: - nothing shared or transferred
20220825 075808.039 INFO             PET1       ATM-TO-OCN: handle cplList(2): surface_net_downward_shortwave_flux, cplSetList(2): __UNSPECIFIED__
20220825 075808.039 INFO             PET1       ATM-TO-OCN: - nothing shared or transferred
20220825 075808.039 INFO             PET1     ATM-TO-OCN: InitializeIPDv05p4 extro.
20220825 075808.039 INFO             PET1     OCN-TO-ATM: InitializeIPDv05p4 intro.
20220825 075808.041 INFO             PET1       OCN-TO-ATM: handle cplList(1): sea_surface_temperature, cplSetList(1): __UNSPECIFIED__
20220825 075808.041 INFO             PET1       OCN-TO-ATM: - nothing shared or transferred
20220825 075808.041 INFO             PET1     OCN-TO-ATM: InitializeIPDv05p4 extro.
20220825 075808.041 INFO             PET1     ATM-TO-OCN: InitializeIPDv05p5 intro.
20220825 075808.045 INFO             PET1       ATM-TO-OCN: handle cplList(1): air_pressure_at_sea_level, cplSetList(1): __UNSPECIFIED__
20220825 075808.045 INFO             PET1       ATM-TO-OCN: - nothing shared or transferred, or may already be handled
20220825 075808.045 INFO             PET1       ATM-TO-OCN: handle cplList(2): surface_net_downward_shortwave_flux, cplSetList(2): __UNSPECIFIED__
20220825 075808.045 INFO             PET1       ATM-TO-OCN: - nothing shared or transferred, or may already be handled
20220825 075808.045 INFO             PET1     ATM-TO-OCN: InitializeIPDv05p5 extro.
20220825 075808.045 INFO             PET1     OCN-TO-ATM: InitializeIPDv05p5 intro.
20220825 075808.047 INFO             PET1       OCN-TO-ATM: handle cplList(1): sea_surface_temperature, cplSetList(1): __UNSPECIFIED__
20220825 075808.047 INFO             PET1       OCN-TO-ATM: - nothing shared or transferred, or may already be handled
20220825 075808.047 INFO             PET1     OCN-TO-ATM: InitializeIPDv05p5 extro.
20220825 075808.047 INFO             PET1     esm: IInitRealize intro.
20220825 075808.047 INFO             PET1     esm: IInitRealize extro.
20220825 075808.047 INFO             PET1     ATM-TO-OCN: InitializeIPDv05p6a intro.
20220825 075808.051 INFO             PET1     ATM-TO-OCN: InitializeIPDv05p6a extro.
20220825 075808.051 INFO             PET1     OCN-TO-ATM: InitializeIPDv05p6a intro.
20220825 075808.053 INFO             PET1     OCN-TO-ATM: InitializeIPDv05p6a extro.
20220825 075808.053 INFO             PET1     ATM-TO-OCN: InitializeIPDv05p6b intro.
20220825 075808.053 INFO             PET1       ATM-TO-OCN: handle cplList(1): air_pressure_at_sea_level, cplSetList(1): __UNSPECIFIED__
20220825 075808.053 INFO             PET1       ATM-TO-OCN: - no Field sharing between import and export side: remap.
20220825 075808.053 INFO             PET1       ATM-TO-OCN: handle cplList(2): surface_net_downward_shortwave_flux, cplSetList(2): __UNSPECIFIED__
20220825 075807.990 INFO             PET2 !!!!!!!!!!!!!!!!!!!!!!!!!!!!!!!!!!!!!!!!!!!!!!!!!!!!!!
20220825 075807.991 INFO             PET2 !!! THE ESMF_LOG IS SET TO OUTPUT ALL LOG MESSAGES !!!
20220825 075807.991 INFO             PET2 !!!     THIS MAY CAUSE SLOWDOWN IN PERFORMANCE     !!!
20220825 075807.991 INFO             PET2 !!! FOR PRODUCTION RUNS, USE:                      !!!
20220825 075807.991 INFO             PET2 !!!                   ESMF_LOGKIND_Multi_On_Error  !!!
20220825 075807.991 INFO             PET2 !!!!!!!!!!!!!!!!!!!!!!!!!!!!!!!!!!!!!!!!!!!!!!!!!!!!!!
20220825 075807.991 INFO             PET2 Running with ESMF Version   : v8.3.1b05
20220825 075807.991 INFO             PET2 ESMF library build date/time: "Aug 25 2022" "05:18:25"
20220825 075807.991 INFO             PET2 ESMF library build location : /work/noaa/da/mpotts/sandbox/pgi_2019_openmpi_O_patch_8.3.1/esmf
20220825 075807.991 INFO             PET2 ESMF_COMM                   : openmpi
20220825 075807.991 INFO             PET2 ESMF_MOAB                   : enabled
20220825 075807.991 INFO             PET2 ESMF_LAPACK                 : enabled
20220825 075807.992 INFO             PET2 ESMF_NETCDF                 : enabled
20220825 075807.992 INFO             PET2 ESMF_PNETCDF                : disabled
20220825 075807.992 INFO             PET2 ESMF_PIO                    : enabled
20220825 075807.992 INFO             PET2 ESMF_YAMLCPP                : enabled
20220825 075807.992 INFO             PET2 esmApp STARTING
20220825 075807.994 INFO             PET2 esm: InitializeP1 intro.
20220825 075807.995 INFO             PET2   esm: InitializeIPDv02p1 intro.
20220825 075807.995 INFO             PET2     >>>esm: entered Initialize (phase=<none>) without valid internal Clock.
20220825 075807.995 INFO             PET2     esm - Creating model component ATM with petList of size 2 :
20220825 075807.995 INFO             PET2           0      1
20220825 075807.996 INFO             PET2     esm - Creating model component OCN with petList of size 2 :
20220825 075807.996 INFO             PET2           2      3
20220825 075807.998 INFO             PET2     esm - Creating connector component ATM-TO-OCN with petList of size 4 :
20220825 075807.998 INFO             PET2           0      1      2      3
20220825 075808.000 INFO             PET2     esm - Creating connector component OCN-TO-ATM with petList of size 4 :
20220825 075808.000 INFO             PET2           2      3      0      1
20220825 075808.003 INFO             PET2     esm - Creating state: modelComp 1 Import State
20220825 075808.003 INFO             PET2     esm - Creating state: modelComp 1 Export State
20220825 075808.003 INFO             PET2     esm - Creating state: modelComp 2 Import State
20220825 075808.003 INFO             PET2     esm - Creating state: modelComp 2 Export State
20220825 075808.004 INFO             PET2     OCN: InitializeP0 intro.
20220825 075808.005 INFO             PET2     OCN: InitializeP0 extro.
20220825 075808.005 INFO             PET2     ATM-TO-OCN: InitializeP0 intro.
20220825 075808.005 INFO             PET2     ATM-TO-OCN: InitializeP0 extro.
20220825 075808.006 INFO             PET2     OCN-TO-ATM: InitializeP0 intro.
20220825 075808.006 INFO             PET2     OCN-TO-ATM: InitializeP0 extro.
20220825 075808.006 INFO             PET2     esm: IInitAdvertise intro.
20220825 075808.006 INFO             PET2     esm: IInitAdvertise extro.
20220825 075808.009 INFO             PET2     OCN: InitializeIPDvXp01 intro.
20220825 075808.011 INFO             PET2     OCN: InitializeIPDvXp01 extro.
20220825 075808.011 INFO             PET2     ATM-TO-OCN: InitializeIPDv05p1 intro.
20220825 075808.014 INFO             PET2     ATM-TO-OCN: InitializeIPDv05p1 extro.
20220825 075808.014 INFO             PET2     OCN-TO-ATM: InitializeIPDv05p1 intro.
20220825 075808.015 INFO             PET2     OCN-TO-ATM: InitializeIPDv05p1 extro.
20220825 075808.015 INFO             PET2     esm: IInitAdvertiseFinish intro.
20220825 075808.015 INFO             PET2     esm: IInitAdvertiseFinish extro.
20220825 075808.016 INFO             PET2     ATM-TO-OCN: InitializeIPDv05p2a intro.
20220825 075808.018 INFO             PET2     ATM-TO-OCN: InitializeIPDv05p2a extro.
20220825 075808.018 INFO             PET2     OCN-TO-ATM: InitializeIPDv05p2a intro.
20220825 075808.019 INFO             PET2     OCN-TO-ATM: InitializeIPDv05p2a extro.
20220825 075808.019 INFO             PET2     ATM-TO-OCN: InitializeIPDv05p2b intro.
20220825 075808.022 INFO             PET2     ATM-TO-OCN: InitializeIPDv05p2b extro.
20220825 075808.022 INFO             PET2     OCN-TO-ATM: InitializeIPDv05p2b intro.
20220825 075808.023 INFO             PET2     OCN-TO-ATM: InitializeIPDv05p2b extro.
20220825 075808.023 INFO             PET2     esm: IInitModifyCplLists intro.
20220825 075808.023 INFO             PET2     esm: IInitModifyCplLists extro.
20220825 075808.023 INFO             PET2     ATM-TO-OCN: InitializeIPDv05p3 intro.
20220825 075808.026 INFO             PET2       ATM-TO-OCN: handle cplList(1): air_pressure_at_sea_level, cplSetList(1): __UNSPECIFIED__
20220825 075808.026 INFO             PET2       ATM-TO-OCN: - connected.
20220825 075808.026 INFO             PET2       ATM-TO-OCN: handle cplList(2): surface_net_downward_shortwave_flux, cplSetList(2): __UNSPECIFIED__
20220825 075808.026 INFO             PET2       ATM-TO-OCN: - connected.
20220825 075808.026 INFO             PET2     ATM-TO-OCN: InitializeIPDv05p3 extro.
20220825 075808.026 INFO             PET2     OCN-TO-ATM: InitializeIPDv05p3 intro.
20220825 075808.027 INFO             PET2       OCN-TO-ATM: handle cplList(1): sea_surface_temperature, cplSetList(1): __UNSPECIFIED__
20220825 075808.027 INFO             PET2       OCN-TO-ATM: - connected.
20220825 075808.027 INFO             PET2     OCN-TO-ATM: InitializeIPDv05p3 extro.
20220825 075808.027 INFO             PET2     <<<esm: leaving Initialize (phase=<none>) with current time: 2010  6  1  0  0  0   0
20220825 075808.028 INFO             PET2   esm: InitializeIPDv02p1 extro.
20220825 075808.028 INFO             PET2   esm: InitializeIPDv02p3 intro.
20220825 075808.028 INFO             PET2     >>>esm: entered Initialize (phase=<none>) with current time: 2010  6  1  0  0  0   0
20220825 075808.028 INFO             PET2     esm: IInitCheck intro.
20220825 075808.028 INFO             PET2     esm: IInitCheck extro.
20220825 075808.031 INFO             PET2     OCN: InitializeIPDvXp04 intro.
20220825 075808.034 INFO             PET2     OCN: InitializeIPDvXp04 extro.
20220825 075808.035 INFO             PET2     ATM-TO-OCN: InitializeIPDv05p4 intro.
20220825 075808.039 INFO             PET2       ATM-TO-OCN: handle cplList(1): air_pressure_at_sea_level, cplSetList(1): __UNSPECIFIED__
20220825 075808.039 INFO             PET2       ATM-TO-OCN: - nothing shared or transferred
20220825 075808.039 INFO             PET2       ATM-TO-OCN: handle cplList(2): surface_net_downward_shortwave_flux, cplSetList(2): __UNSPECIFIED__
20220825 075808.039 INFO             PET2       ATM-TO-OCN: - nothing shared or transferred
20220825 075808.039 INFO             PET2     ATM-TO-OCN: InitializeIPDv05p4 extro.
20220825 075808.039 INFO             PET2     OCN-TO-ATM: InitializeIPDv05p4 intro.
20220825 075808.041 INFO             PET2       OCN-TO-ATM: handle cplList(1): sea_surface_temperature, cplSetList(1): __UNSPECIFIED__
20220825 075808.041 INFO             PET2       OCN-TO-ATM: - nothing shared or transferred
20220825 075808.041 INFO             PET2     OCN-TO-ATM: InitializeIPDv05p4 extro.
20220825 075808.041 INFO             PET2     ATM-TO-OCN: InitializeIPDv05p5 intro.
20220825 075808.045 INFO             PET2       ATM-TO-OCN: handle cplList(1): air_pressure_at_sea_level, cplSetList(1): __UNSPECIFIED__
20220825 075808.045 INFO             PET2       ATM-TO-OCN: - nothing shared or transferred, or may already be handled
20220825 075808.045 INFO             PET2       ATM-TO-OCN: handle cplList(2): surface_net_downward_shortwave_flux, cplSetList(2): __UNSPECIFIED__
20220825 075808.045 INFO             PET2       ATM-TO-OCN: - nothing shared or transferred, or may already be handled
20220825 075808.045 INFO             PET2     ATM-TO-OCN: InitializeIPDv05p5 extro.
20220825 075808.045 INFO             PET2     OCN-TO-ATM: InitializeIPDv05p5 intro.
20220825 075808.047 INFO             PET2       OCN-TO-ATM: handle cplList(1): sea_surface_temperature, cplSetList(1): __UNSPECIFIED__
20220825 075808.047 INFO             PET2       OCN-TO-ATM: - nothing shared or transferred, or may already be handled
20220825 075808.047 INFO             PET2     OCN-TO-ATM: InitializeIPDv05p5 extro.
20220825 075808.047 INFO             PET2     esm: IInitRealize intro.
20220825 075808.047 INFO             PET2     esm: IInitRealize extro.
20220825 075808.047 INFO             PET2     ATM-TO-OCN: InitializeIPDv05p6a intro.
20220825 075808.051 INFO             PET2     ATM-TO-OCN: InitializeIPDv05p6a extro.
20220825 075808.051 INFO             PET2     OCN-TO-ATM: InitializeIPDv05p6a intro.
20220825 075808.053 INFO             PET2     OCN-TO-ATM: InitializeIPDv05p6a extro.
20220825 075808.053 INFO             PET2     ATM-TO-OCN: InitializeIPDv05p6b intro.
20220825 075808.053 INFO             PET2       ATM-TO-OCN: handle cplList(1): air_pressure_at_sea_level, cplSetList(1): __UNSPECIFIED__
20220825 075808.053 INFO             PET2       ATM-TO-OCN: - no Field sharing between import and export side: remap.
20220825 075808.053 INFO             PET2       ATM-TO-OCN: handle cplList(2): surface_net_downward_shortwave_flux, cplSetList(2): __UNSPECIFIED__
20220825 075807.990 INFO             PET3 !!!!!!!!!!!!!!!!!!!!!!!!!!!!!!!!!!!!!!!!!!!!!!!!!!!!!!
20220825 075807.991 INFO             PET3 !!! THE ESMF_LOG IS SET TO OUTPUT ALL LOG MESSAGES !!!
20220825 075807.991 INFO             PET3 !!!     THIS MAY CAUSE SLOWDOWN IN PERFORMANCE     !!!
20220825 075807.991 INFO             PET3 !!! FOR PRODUCTION RUNS, USE:                      !!!
20220825 075807.991 INFO             PET3 !!!                   ESMF_LOGKIND_Multi_On_Error  !!!
20220825 075807.991 INFO             PET3 !!!!!!!!!!!!!!!!!!!!!!!!!!!!!!!!!!!!!!!!!!!!!!!!!!!!!!
20220825 075807.991 INFO             PET3 Running with ESMF Version   : v8.3.1b05
20220825 075807.991 INFO             PET3 ESMF library build date/time: "Aug 25 2022" "05:18:25"
20220825 075807.991 INFO             PET3 ESMF library build location : /work/noaa/da/mpotts/sandbox/pgi_2019_openmpi_O_patch_8.3.1/esmf
20220825 075807.991 INFO             PET3 ESMF_COMM                   : openmpi
20220825 075807.992 INFO             PET3 ESMF_MOAB                   : enabled
20220825 075807.992 INFO             PET3 ESMF_LAPACK                 : enabled
20220825 075807.992 INFO             PET3 ESMF_NETCDF                 : enabled
20220825 075807.992 INFO             PET3 ESMF_PNETCDF                : disabled
20220825 075807.992 INFO             PET3 ESMF_PIO                    : enabled
20220825 075807.992 INFO             PET3 ESMF_YAMLCPP                : enabled
20220825 075807.992 INFO             PET3 esmApp STARTING
20220825 075807.994 INFO             PET3 esm: InitializeP1 intro.
20220825 075807.994 INFO             PET3   esm: InitializeIPDv02p1 intro.
20220825 075807.994 INFO             PET3     >>>esm: entered Initialize (phase=<none>) without valid internal Clock.
20220825 075807.995 INFO             PET3     esm - Creating model component ATM with petList of size 2 :
20220825 075807.995 INFO             PET3           0      1
20220825 075807.996 INFO             PET3     esm - Creating model component OCN with petList of size 2 :
20220825 075807.996 INFO             PET3           2      3
20220825 075807.998 INFO             PET3     esm - Creating connector component ATM-TO-OCN with petList of size 4 :
20220825 075807.998 INFO             PET3           0      1      2      3
20220825 075808.000 INFO             PET3     esm - Creating connector component OCN-TO-ATM with petList of size 4 :
20220825 075808.000 INFO             PET3           2      3      0      1
20220825 075808.002 INFO             PET3     esm - Creating state: modelComp 1 Import State
20220825 075808.002 INFO             PET3     esm - Creating state: modelComp 1 Export State
20220825 075808.003 INFO             PET3     esm - Creating state: modelComp 2 Import State
20220825 075808.003 INFO             PET3     esm - Creating state: modelComp 2 Export State
20220825 075808.004 INFO             PET3     OCN: InitializeP0 intro.
20220825 075808.005 INFO             PET3     OCN: InitializeP0 extro.
20220825 075808.005 INFO             PET3     ATM-TO-OCN: InitializeP0 intro.
20220825 075808.005 INFO             PET3     ATM-TO-OCN: InitializeP0 extro.
20220825 075808.006 INFO             PET3     OCN-TO-ATM: InitializeP0 intro.
20220825 075808.006 INFO             PET3     OCN-TO-ATM: InitializeP0 extro.
20220825 075808.006 INFO             PET3     esm: IInitAdvertise intro.
20220825 075808.006 INFO             PET3     esm: IInitAdvertise extro.
20220825 075808.009 INFO             PET3     OCN: InitializeIPDvXp01 intro.
20220825 075808.011 INFO             PET3     OCN: InitializeIPDvXp01 extro.
20220825 075808.011 INFO             PET3     ATM-TO-OCN: InitializeIPDv05p1 intro.
20220825 075808.014 INFO             PET3     ATM-TO-OCN: InitializeIPDv05p1 extro.
20220825 075808.014 INFO             PET3     OCN-TO-ATM: InitializeIPDv05p1 intro.
20220825 075808.015 INFO             PET3     OCN-TO-ATM: InitializeIPDv05p1 extro.
20220825 075808.015 INFO             PET3     esm: IInitAdvertiseFinish intro.
20220825 075808.015 INFO             PET3     esm: IInitAdvertiseFinish extro.
20220825 075808.016 INFO             PET3     ATM-TO-OCN: InitializeIPDv05p2a intro.
20220825 075808.018 INFO             PET3     ATM-TO-OCN: InitializeIPDv05p2a extro.
20220825 075808.018 INFO             PET3     OCN-TO-ATM: InitializeIPDv05p2a intro.
20220825 075808.019 INFO             PET3     OCN-TO-ATM: InitializeIPDv05p2a extro.
20220825 075808.019 INFO             PET3     ATM-TO-OCN: InitializeIPDv05p2b intro.
20220825 075808.022 INFO             PET3     ATM-TO-OCN: InitializeIPDv05p2b extro.
20220825 075808.022 INFO             PET3     OCN-TO-ATM: InitializeIPDv05p2b intro.
20220825 075808.023 INFO             PET3     OCN-TO-ATM: InitializeIPDv05p2b extro.
20220825 075808.023 INFO             PET3     esm: IInitModifyCplLists intro.
20220825 075808.023 INFO             PET3     esm: IInitModifyCplLists extro.
20220825 075808.023 INFO             PET3     ATM-TO-OCN: InitializeIPDv05p3 intro.
20220825 075808.026 INFO             PET3       ATM-TO-OCN: handle cplList(1): air_pressure_at_sea_level, cplSetList(1): __UNSPECIFIED__
20220825 075808.026 INFO             PET3       ATM-TO-OCN: - connected.
20220825 075808.026 INFO             PET3       ATM-TO-OCN: handle cplList(2): surface_net_downward_shortwave_flux, cplSetList(2): __UNSPECIFIED__
20220825 075808.026 INFO             PET3       ATM-TO-OCN: - connected.
20220825 075808.026 INFO             PET3     ATM-TO-OCN: InitializeIPDv05p3 extro.
20220825 075808.026 INFO             PET3     OCN-TO-ATM: InitializeIPDv05p3 intro.
20220825 075808.027 INFO             PET3       OCN-TO-ATM: handle cplList(1): sea_surface_temperature, cplSetList(1): __UNSPECIFIED__
20220825 075808.027 INFO             PET3       OCN-TO-ATM: - connected.
20220825 075808.027 INFO             PET3     OCN-TO-ATM: InitializeIPDv05p3 extro.
20220825 075808.027 INFO             PET3     <<<esm: leaving Initialize (phase=<none>) with current time: 2010  6  1  0  0  0   0
20220825 075808.027 INFO             PET3   esm: InitializeIPDv02p1 extro.
20220825 075808.027 INFO             PET3   esm: InitializeIPDv02p3 intro.
20220825 075808.028 INFO             PET3     >>>esm: entered Initialize (phase=<none>) with current time: 2010  6  1  0  0  0   0
20220825 075808.028 INFO             PET3     esm: IInitCheck intro.
20220825 075808.028 INFO             PET3     esm: IInitCheck extro.
20220825 075808.031 INFO             PET3     OCN: InitializeIPDvXp04 intro.
20220825 075808.034 INFO             PET3     OCN: InitializeIPDvXp04 extro.
20220825 075808.035 INFO             PET3     ATM-TO-OCN: InitializeIPDv05p4 intro.
20220825 075808.039 INFO             PET3       ATM-TO-OCN: handle cplList(1): air_pressure_at_sea_level, cplSetList(1): __UNSPECIFIED__
20220825 075808.039 INFO             PET3       ATM-TO-OCN: - nothing shared or transferred
20220825 075808.039 INFO             PET3       ATM-TO-OCN: handle cplList(2): surface_net_downward_shortwave_flux, cplSetList(2): __UNSPECIFIED__
20220825 075808.039 INFO             PET3       ATM-TO-OCN: - nothing shared or transferred
20220825 075808.039 INFO             PET3     ATM-TO-OCN: InitializeIPDv05p4 extro.
20220825 075808.039 INFO             PET3     OCN-TO-ATM: InitializeIPDv05p4 intro.
20220825 075808.041 INFO             PET3       OCN-TO-ATM: handle cplList(1): sea_surface_temperature, cplSetList(1): __UNSPECIFIED__
20220825 075808.041 INFO             PET3       OCN-TO-ATM: - nothing shared or transferred
20220825 075808.041 INFO             PET3     OCN-TO-ATM: InitializeIPDv05p4 extro.
20220825 075808.041 INFO             PET3     ATM-TO-OCN: InitializeIPDv05p5 intro.
20220825 075808.045 INFO             PET3       ATM-TO-OCN: handle cplList(1): air_pressure_at_sea_level, cplSetList(1): __UNSPECIFIED__
20220825 075808.045 INFO             PET3       ATM-TO-OCN: - nothing shared or transferred, or may already be handled
20220825 075808.045 INFO             PET3       ATM-TO-OCN: handle cplList(2): surface_net_downward_shortwave_flux, cplSetList(2): __UNSPECIFIED__
20220825 075808.045 INFO             PET3       ATM-TO-OCN: - nothing shared or transferred, or may already be handled
20220825 075808.045 INFO             PET3     ATM-TO-OCN: InitializeIPDv05p5 extro.
20220825 075808.045 INFO             PET3     OCN-TO-ATM: InitializeIPDv05p5 intro.
20220825 075808.047 INFO             PET3       OCN-TO-ATM: handle cplList(1): sea_surface_temperature, cplSetList(1): __UNSPECIFIED__
20220825 075808.047 INFO             PET3       OCN-TO-ATM: - nothing shared or transferred, or may already be handled
20220825 075808.047 INFO             PET3     OCN-TO-ATM: InitializeIPDv05p5 extro.
20220825 075808.047 INFO             PET3     esm: IInitRealize intro.
20220825 075808.047 INFO             PET3     esm: IInitRealize extro.
20220825 075808.047 INFO             PET3     ATM-TO-OCN: InitializeIPDv05p6a intro.
20220825 075808.051 INFO             PET3     ATM-TO-OCN: InitializeIPDv05p6a extro.
20220825 075808.051 INFO             PET3     OCN-TO-ATM: InitializeIPDv05p6a intro.
20220825 075808.053 INFO             PET3     OCN-TO-ATM: InitializeIPDv05p6a extro.
20220825 075808.053 INFO             PET3     ATM-TO-OCN: InitializeIPDv05p6b intro.
20220825 075808.053 INFO             PET3       ATM-TO-OCN: handle cplList(1): air_pressure_at_sea_level, cplSetList(1): __UNSPECIFIED__
20220825 075808.053 INFO             PET3       ATM-TO-OCN: - no Field sharing between import and export side: remap.
20220825 075808.053 INFO             PET3       ATM-TO-OCN: handle cplList(2): surface_net_downward_shortwave_flux, cplSetList(2): __UNSPECIFIED__
