2022-08-25 05:23:24
[Orion-25-02:309861:0:309861] Caught signal 11 (Segmentation fault: address not mapped to object at address 0x4f1b591)
[Orion-25-02:309862:0:309862] Caught signal 11 (Segmentation fault: address not mapped to object at address 0x4f1b591)
[Orion-25-02:309863:0:309863] Caught signal 11 (Segmentation fault: address not mapped to object at address 0x4f1b591)
[Orion-25-02:309864:0:309864] Caught signal 11 (Segmentation fault: address not mapped to object at address 0x4f1b591)

/work/noaa/da/mpotts/sandbox/pgi_2019_openmpi_O_patch_8.3.1/esmf/src/Infrastructure/LogErr/src/ESMCI_LogErr.C: [ ESMCI::LogErr::MsgFoundError() ]
      ...
      583 {
      584     bool result=false;
      585 #ifdef ESMC_SUCCESSDEFAULT_ON
==>   586     if (rcToReturn != ESMC_NULL_POINTER) *rcToReturn=ESMF_SUCCESS;
      587 #endif
      588     if (trace) {
      589         Write(ESMC_METHOD,ESMC_LOGMSG_TRACE,

/work/noaa/da/mpotts/sandbox/pgi_2019_openmpi_O_patch_8.3.1/esmf/src/Infrastructure/LogErr/src/ESMCI_LogErr.C: [ ESMCI::LogErr::MsgFoundError() ]
      ...

      583 {
      584     bool result=false;
      585 #ifdef ESMC_SUCCESSDEFAULT_ON
==>   586     if (rcToReturn != ESMC_NULL_POINTER) *rcToReturn=ESMF_SUCCESS;
      587 #endif
      588     if (trace) {
      589         Write(ESMC_METHOD,ESMC_LOGMSG_TRACE,


/work/noaa/da/mpotts/sandbox/pgi_2019_openmpi_O_patch_8.3.1/esmf/src/Infrastructure/LogErr/src/ESMCI_LogErr.C: [ ESMCI::LogErr::MsgFoundError() ]
      ...
      583 {
      584     bool result=false;
      585 #ifdef ESMC_SUCCESSDEFAULT_ON
==>   586     if (rcToReturn != ESMC_NULL_POINTER) *rcToReturn=ESMF_SUCCESS;
      587 #endif
      588     if (trace) {
      589         Write(ESMC_METHOD,ESMC_LOGMSG_TRACE,


/work/noaa/da/mpotts/sandbox/pgi_2019_openmpi_O_patch_8.3.1/esmf/src/Infrastructure/LogErr/src/ESMCI_LogErr.C: [ ESMCI::LogErr::MsgFoundError() ]
      ...
      583 {
      584     bool result=false;
      585 #ifdef ESMC_SUCCESSDEFAULT_ON
==>   586     if (rcToReturn != ESMC_NULL_POINTER) *rcToReturn=ESMF_SUCCESS;
      587 #endif
      588     if (trace) {
      589         Write(ESMC_METHOD,ESMC_LOGMSG_TRACE,

==== backtrace (tid: 309864) ====
 0 0x000000000071ddc3 ESMCI::LogErr::MsgFoundError()  /work/noaa/da/mpotts/sandbox/pgi_2019_openmpi_O_patch_8.3.1/esmf/src/Infrastructure/LogErr/src/ESMCI_LogErr.C:586
 1 0x0000000000875ec1 c_esmc_meshcreatenodedistgrid_()  /work/noaa/da/mpotts/sandbox/pgi_2019_openmpi_O_patch_8.3.1/esmf/src/Infrastructure/Mesh/interface/ESMCI_Mesh_F.C:248
 2 0x0000000000f8195c esmf_meshmod_esmf_meshcreatefrompointer_()  /work/noaa/da/mpotts/sandbox/pgi_2019_openmpi_O_patch_8.3.1/esmf/src/Infrastructure/Mesh/interface/ESMF_Mesh.F90:3091
 3 0x0000000000e63b02 esmf_gridutilmod_esmf_gridtomesh_()  /work/noaa/da/mpotts/sandbox/pgi_2019_openmpi_O_patch_8.3.1/esmf/src/Infrastructure/GridUtil/interface/ESMF_GridUtil.F90:453
 4 0x0000000000d88ac6 esmf_fieldregridmod_b_or_p_gridtomesh_()  /work/noaa/da/mpotts/sandbox/pgi_2019_openmpi_O_patch_8.3.1/esmf/src/Infrastructure/Field/src/ESMF_FieldRegrid.F90:3228
 5 0x0000000000d85ff4 esmf_fieldregridmod_getmeshwithnodesonfieldloc_()  /work/noaa/da/mpotts/sandbox/pgi_2019_openmpi_O_patch_8.3.1/esmf/src/Infrastructure/Field/src/ESMF_FieldRegrid.F90:1346
 6 0x0000000000d8458a esmf_fieldregridmod_esmf_fieldregridstorenx_()  /work/noaa/da/mpotts/sandbox/pgi_2019_openmpi_O_patch_8.3.1/esmf/src/Infrastructure/Field/src/ESMF_FieldRegrid.F90:971
 7 0x0000000000c647a1 esmf_fieldbundlemod_esmf_fieldbundleregridstore_()  /work/noaa/da/mpotts/sandbox/pgi_2019_openmpi_O_patch_8.3.1/esmf/src/Infrastructure/FieldBundle/src/ESMF_FieldBundle.F90:15935
 8 0x000000000040a99f con_computerh_()  /work/noaa/da/mpotts/sandbox/pgi_2019_openmpi_O_patch_8.3.1/nuopc-app-prototypes/AtmOcnConProto/conn.F90:160
 9 0x00000000009146ec ESMCI::MethodElement::execute()  /work/noaa/da/mpotts/sandbox/pgi_2019_openmpi_O_patch_8.3.1/esmf/src/Superstructure/Component/src/ESMCI_MethodTable.C:377
10 0x00000000009146ec ESMCI::MethodTable::execute()  /work/noaa/da/mpotts/sandbox/pgi_2019_openmpi_O_patch_8.3.1/esmf/src/Superstructure/Component/src/ESMCI_MethodTable.C:563
11 0x0000000000911761 c_esmc_methodtableexecuteef_()  /work/noaa/da/mpotts/sandbox/pgi_2019_openmpi_O_patch_8.3.1/esmf/src/Superstructure/Component/src/ESMCI_MethodTable.C:347
12 0x0000000000ae2510 esmf_attachmethodsmod_esmf_methodcplcompexecute_()  /work/noaa/da/mpotts/sandbox/pgi_2019_openmpi_O_patch_8.3.1/esmf/src/Superstructure/AttachMethods/src/ESMF_AttachMethods.F90:1197
13 0x00000000011f7e40 nuopc_connector_initializeipdv05p6b_()  /work/noaa/da/mpotts/sandbox/pgi_2019_openmpi_O_patch_8.3.1/esmf/src/addon/NUOPC/src/NUOPC_Connector.F90:5359
14 0x000000000064bd9f ESMCI::FTable::callVFuncPtr()  /work/noaa/da/mpotts/sandbox/pgi_2019_openmpi_O_patch_8.3.1/esmf/src/Superstructure/Component/src/ESMCI_FTable.C:2167
15 0x0000000000649faa ESMCI_FTableCallEntryPointVMHop()  /work/noaa/da/mpotts/sandbox/pgi_2019_openmpi_O_patch_8.3.1/esmf/src/Superstructure/Component/src/ESMCI_FTable.C:824
16 0x0000000000a23228 ESMCI::VM::enter()  /work/noaa/da/mpotts/sandbox/pgi_2019_openmpi_O_patch_8.3.1/esmf/src/Infrastructure/VM/src/ESMCI_VM.C:1216
17 0x000000000064a387 c_esmc_ftablecallentrypointvm_()  /work/noaa/da/mpotts/sandbox/pgi_2019_openmpi_O_patch_8.3.1/esmf/src/Superstructure/Component/src/ESMCI_FTable.C:981
18 0x0000000000bfb8fb esmf_compmod_esmf_compexecute_()  /work/noaa/da/mpotts/sandbox/pgi_2019_openmpi_O_patch_8.3.1/esmf/src/Superstructure/Component/src/ESMF_Comp.F90:1222
19 0x0000000000c0c0f1 esmf_cplcompmod_esmf_cplcompinitialize_()  /work/noaa/da/mpotts/sandbox/pgi_2019_openmpi_O_patch_8.3.1/esmf/src/Superstructure/Component/src/ESMF_CplComp.F90:1160
20 0x000000000122fd41 nuopc_driver_loopconnectorcompss_()  /work/noaa/da/mpotts/sandbox/pgi_2019_openmpi_O_patch_8.3.1/esmf/src/addon/NUOPC/src/NUOPC_Driver.F90:2721
21 0x0000000001227738 nuopc_driver_initializeipdv02p3_()  /work/noaa/da/mpotts/sandbox/pgi_2019_openmpi_O_patch_8.3.1/esmf/src/addon/NUOPC/src/NUOPC_Driver.F90:1943
22 0x00000000012177ea nuopc_driver_initializep1_()  /work/noaa/da/mpotts/sandbox/pgi_2019_openmpi_O_patch_8.3.1/esmf/src/addon/NUOPC/src/NUOPC_Driver.F90:458
23 0x000000000064bd9f ESMCI::FTable::callVFuncPtr()  /work/noaa/da/mpotts/sandbox/pgi_2019_openmpi_O_patch_8.3.1/esmf/src/Superstructure/Component/src/ESMCI_FTable.C:2167
24 0x0000000000649faa ESMCI_FTableCallEntryPointVMHop()  /work/noaa/da/mpotts/sandbox/pgi_2019_openmpi_O_patch_8.3.1/esmf/src/Superstructure/Component/src/ESMCI_FTable.C:824
25 0x0000000000a23228 ESMCI::VM::enter()  /work/noaa/da/mpotts/sandbox/pgi_2019_openmpi_O_patch_8.3.1/esmf/src/Infrastructure/VM/src/ESMCI_VM.C:1216
26 0x000000000064a387 c_esmc_ftablecallentrypointvm_()  /work/noaa/da/mpotts/sandbox/pgi_2019_openmpi_O_patch_8.3.1/esmf/src/Superstructure/Component/src/ESMCI_FTable.C:981
27 0x0000000000bfb8fb esmf_compmod_esmf_compexecute_()  /work/noaa/da/mpotts/sandbox/pgi_2019_openmpi_O_patch_8.3.1/esmf/src/Superstructure/Component/src/ESMF_Comp.F90:1222
28 0x0000000000dca331 esmf_gridcompmod_esmf_gridcompinitialize_()  /work/noaa/da/mpotts/sandbox/pgi_2019_openmpi_O_patch_8.3.1/esmf/src/Superstructure/Component/src/ESMF_GridComp.F90:1407
29 0x0000000000406862 MAIN_()  /work/noaa/da/mpotts/sandbox/pgi_2019_openmpi_O_patch_8.3.1/nuopc-app-prototypes/AtmOcnConProto/esmApp.F90:57
30 0x00000000004064e3 main()  ???:0
31 0x0000000000022495 __libc_start_main()  ???:0
32 0x00000000004063e9 _start()  ???:0
=================================
[Orion-25-02:309864] *** Process received signal ***
==== backtrace (tid: 309862) ====
 0 0x000000000071ddc3 ESMCI::LogErr::MsgFoundError()  /work/noaa/da/mpotts/sandbox/pgi_2019_openmpi_O_patch_8.3.1/esmf/src/Infrastructure/LogErr/src/ESMCI_LogErr.C:586
 1 0x0000000000875ec1 c_esmc_meshcreatenodedistgrid_()  /work/noaa/da/mpotts/sandbox/pgi_2019_openmpi_O_patch_8.3.1/esmf/src/Infrastructure/Mesh/interface/ESMCI_Mesh_F.C:248
 2 0x0000000000f8195c esmf_meshmod_esmf_meshcreatefrompointer_()  /work/noaa/da/mpotts/sandbox/pgi_2019_openmpi_O_patch_8.3.1/esmf/src/Infrastructure/Mesh/interface/ESMF_Mesh.F90:3091
 3 0x0000000000e63b02 esmf_gridutilmod_esmf_gridtomesh_()  /work/noaa/da/mpotts/sandbox/pgi_2019_openmpi_O_patch_8.3.1/esmf/src/Infrastructure/GridUtil/interface/ESMF_GridUtil.F90:453
 4 0x0000000000d88ac6 esmf_fieldregridmod_b_or_p_gridtomesh_()  /work/noaa/da/mpotts/sandbox/pgi_2019_openmpi_O_patch_8.3.1/esmf/src/Infrastructure/Field/src/ESMF_FieldRegrid.F90:3228
 5 0x0000000000d85ff4 esmf_fieldregridmod_getmeshwithnodesonfieldloc_()  /work/noaa/da/mpotts/sandbox/pgi_2019_openmpi_O_patch_8.3.1/esmf/src/Infrastructure/Field/src/ESMF_FieldRegrid.F90:1346
 6 0x0000000000d8458a esmf_fieldregridmod_esmf_fieldregridstorenx_()  /work/noaa/da/mpotts/sandbox/pgi_2019_openmpi_O_patch_8.3.1/esmf/src/Infrastructure/Field/src/ESMF_FieldRegrid.F90:971
 7 0x0000000000c647a1 esmf_fieldbundlemod_esmf_fieldbundleregridstore_()  /work/noaa/da/mpotts/sandbox/pgi_2019_openmpi_O_patch_8.3.1/esmf/src/Infrastructure/FieldBundle/src/ESMF_FieldBundle.F90:15935
 8 0x000000000040a99f con_computerh_()  /work/noaa/da/mpotts/sandbox/pgi_2019_openmpi_O_patch_8.3.1/nuopc-app-prototypes/AtmOcnConProto/conn.F90:160
 9 0x00000000009146ec ESMCI::MethodElement::execute()  /work/noaa/da/mpotts/sandbox/pgi_2019_openmpi_O_patch_8.3.1/esmf/src/Superstructure/Component/src/ESMCI_MethodTable.C:377
10 0x00000000009146ec ESMCI::MethodTable::execute()  /work/noaa/da/mpotts/sandbox/pgi_2019_openmpi_O_patch_8.3.1/esmf/src/Superstructure/Component/src/ESMCI_MethodTable.C:563
11 0x0000000000911761 c_esmc_methodtableexecuteef_()  /work/noaa/da/mpotts/sandbox/pgi_2019_openmpi_O_patch_8.3.1/esmf/src/Superstructure/Component/src/ESMCI_MethodTable.C:347
12 0x0000000000ae2510 esmf_attachmethodsmod_esmf_methodcplcompexecute_()  /work/noaa/da/mpotts/sandbox/pgi_2019_openmpi_O_patch_8.3.1/esmf/src/Superstructure/AttachMethods/src/ESMF_AttachMethods.F90:1197
13 0x00000000011f7e40 nuopc_connector_initializeipdv05p6b_()  /work/noaa/da/mpotts/sandbox/pgi_2019_openmpi_O_patch_8.3.1/esmf/src/addon/NUOPC/src/NUOPC_Connector.F90:5359
14 0x000000000064bd9f ESMCI::FTable::callVFuncPtr()  /work/noaa/da/mpotts/sandbox/pgi_2019_openmpi_O_patch_8.3.1/esmf/src/Superstructure/Component/src/ESMCI_FTable.C:2167
15 0x0000000000649faa ESMCI_FTableCallEntryPointVMHop()  /work/noaa/da/mpotts/sandbox/pgi_2019_openmpi_O_patch_8.3.1/esmf/src/Superstructure/Component/src/ESMCI_FTable.C:824
16 0x0000000000a23228 ESMCI::VM::enter()  /work/noaa/da/mpotts/sandbox/pgi_2019_openmpi_O_patch_8.3.1/esmf/src/Infrastructure/VM/src/ESMCI_VM.C:1216
17 0x000000000064a387 c_esmc_ftablecallentrypointvm_()  /work/noaa/da/mpotts/sandbox/pgi_2019_openmpi_O_patch_8.3.1/esmf/src/Superstructure/Component/src/ESMCI_FTable.C:981
18 0x0000000000bfb8fb esmf_compmod_esmf_compexecute_()  /work/noaa/da/mpotts/sandbox/pgi_2019_openmpi_O_patch_8.3.1/esmf/src/Superstructure/Component/src/ESMF_Comp.F90:1222
19 0x0000000000c0c0f1 esmf_cplcompmod_esmf_cplcompinitialize_()  /work/noaa/da/mpotts/sandbox/pgi_2019_openmpi_O_patch_8.3.1/esmf/src/Superstructure/Component/src/ESMF_CplComp.F90:1160
20 0x000000000122fd41 nuopc_driver_loopconnectorcompss_()  /work/noaa/da/mpotts/sandbox/pgi_2019_openmpi_O_patch_8.3.1/esmf/src/addon/NUOPC/src/NUOPC_Driver.F90:2721
21 0x0000000001227738 nuopc_driver_initializeipdv02p3_()  /work/noaa/da/mpotts/sandbox/pgi_2019_openmpi_O_patch_8.3.1/esmf/src/addon/NUOPC/src/NUOPC_Driver.F90:1943
22 0x00000000012177ea nuopc_driver_initializep1_()  /work/noaa/da/mpotts/sandbox/pgi_2019_openmpi_O_patch_8.3.1/esmf/src/addon/NUOPC/src/NUOPC_Driver.F90:458
[Orion-25-02:309864] Signal: Segmentation fault (11)
[Orion-25-02:309864] Signal code:  (-6)
[Orion-25-02:309864] Failing at address: 0x20e50004ba68
[Orion-25-02:309864] [ 0] /lib64/libpthread.so.0(+0xf5d0)[0x7fd95b5db5d0]
23 0x000000000064bd9f ESMCI::FTable::callVFuncPtr()  /work/noaa/da/mpotts/sandbox/pgi_2019_openmpi_O_patch_8.3.1/esmf/src/Superstructure/Component/src/ESMCI_FTable.C:2167
24 0x0000000000649faa ESMCI_FTableCallEntryPointVMHop()  /work/noaa/da/mpotts/sandbox/pgi_2019_openmpi_O_patch_8.3.1/esmf/src/Superstructure/Component/src/ESMCI_FTable.C:824
25 0x0000000000a23228 ESMCI::VM::enter()  /work/noaa/da/mpotts/sandbox/pgi_2019_openmpi_O_patch_8.3.1/esmf/src/Infrastructure/VM/src/ESMCI_VM.C:1216
26 0x000000000064a387 c_esmc_ftablecallentrypointvm_()  /work/noaa/da/mpotts/sandbox/pgi_2019_openmpi_O_patch_8.3.1/esmf/src/Superstructure/Component/src/ESMCI_FTable.C:981
27 0x0000000000bfb8fb esmf_compmod_esmf_compexecute_()  /work/noaa/da/mpotts/sandbox/pgi_2019_openmpi_O_patch_8.3.1/esmf/src/Superstructure/Component/src/ESMF_Comp.F90:1222
28 0x0000000000dca331 esmf_gridcompmod_esmf_gridcompinitialize_()  /work/noaa/da/mpotts/sandbox/pgi_2019_openmpi_O_patch_8.3.1/esmf/src/Superstructure/Component/src/ESMF_GridComp.F90:1407
29 0x0000000000406862 MAIN_()  /work/noaa/da/mpotts/sandbox/pgi_2019_openmpi_O_patch_8.3.1/nuopc-app-prototypes/AtmOcnConProto/esmApp.F90:57
30 0x00000000004064e3 main()  ???:0
31 0x0000000000022495 __libc_start_main()  ???:0
32 0x00000000004063e9 _start()  ???:0
=================================
[Orion-25-02:309862] *** Process received signal ***
[Orion-25-02:309862] Signal: Segmentation fault (11)
[Orion-25-02:309862] Signal code:  (-6)
[Orion-25-02:309862] Failing at address: 0x20e50004ba66
[Orion-25-02:309864] [ 1] /work/noaa/da/mpotts/sandbox/pgi_2019_openmpi_O_patch_8.3.1/esmf/DEFAULTINSTALLDIR/lib/libO/Linux.pgi.64.openmpi.default/libesmf.so(_ZN5ESMCI6LogErr13MsgFoundErrorEiPKciS2_S2_Pi+0x33)[0x7fd959dccdc3]
[Orion-25-02:309862] [ 0] /lib64/libpthread.so.0(+0xf5d0)[0x7f288d6d65d0]
[Orion-25-02:309864] [ 2] /work/noaa/da/mpotts/sandbox/pgi_2019_openmpi_O_patch_8.3.1/esmf/DEFAULTINSTALLDIR/lib/libO/Linux.pgi.64.openmpi.default/libesmf.so(c_esmc_meshcreatenodedistgrid_+0xa1)[0x7fd959f24ec1]
[Orion-25-02:309862] [ 1] /work/noaa/da/mpotts/sandbox/pgi_2019_openmpi_O_patch_8.3.1/esmf/DEFAULTINSTALLDIR/lib/libO/Linux.pgi.64.openmpi.default/libesmf.so(_ZN5ESMCI6LogErr13MsgFoundErrorEiPKciS2_S2_Pi+0x33)[0x7f288bec7dc3]
[Orion-25-02:309864] [ 3] /work/noaa/da/mpotts/sandbox/pgi_2019_openmpi_O_patch_8.3.1/esmf/DEFAULTINSTALLDIR/lib/libO/Linux.pgi.64.openmpi.default/libesmf.so(esmf_meshmod_esmf_meshcreatefrompointer_+0x4c)[0x7fd95a63095c]
[Orion-25-02:309862] [ 2] /work/noaa/da/mpotts/sandbox/pgi_2019_openmpi_O_patch_8.3.1/esmf/DEFAULTINSTALLDIR/lib/libO/Linux.pgi.64.openmpi.default/libesmf.so(c_esmc_meshcreatenodedistgrid_+0xa1)[0x7f288c01fec1]
[Orion-25-02:309864] [ 4] /work/noaa/da/mpotts/sandbox/pgi_2019_openmpi_O_patch_8.3.1/esmf/DEFAULTINSTALLDIR/lib/libO/Linux.pgi.64.openmpi.default/libesmf.so(esmf_gridutilmod_esmf_gridtomesh_+0x352)[0x7fd95a512b02]
[Orion-25-02:309862] [ 3] /work/noaa/da/mpotts/sandbox/pgi_2019_openmpi_O_patch_8.3.1/esmf/DEFAULTINSTALLDIR/lib/libO/Linux.pgi.64.openmpi.default/libesmf.so(esmf_meshmod_esmf_meshcreatefrompointer_+0x4c)[0x7f288c72b95c]
[Orion-25-02:309864] [ 5] /work/noaa/da/mpotts/sandbox/pgi_2019_openmpi_O_patch_8.3.1/esmf/DEFAULTINSTALLDIR/lib/libO/Linux.pgi.64.openmpi.default/libesmf.so(esmf_fieldregridmod_b_or_p_gridtomesh_+0x156)[0x7fd95a437ac6]
[Orion-25-02:309862] [ 4] /work/noaa/da/mpotts/sandbox/pgi_2019_openmpi_O_patch_8.3.1/esmf/DEFAULTINSTALLDIR/lib/libO/Linux.pgi.64.openmpi.default/libesmf.so(esmf_gridutilmod_esmf_gridtomesh_+0x352)[0x7f288c60db02]
[Orion-25-02:309864] [ 6] /work/noaa/da/mpotts/sandbox/pgi_2019_openmpi_O_patch_8.3.1/esmf/DEFAULTINSTALLDIR/lib/libO/Linux.pgi.64.openmpi.default/libesmf.so(esmf_fieldregridmod_getmeshwithnodesonfieldloc_+0x394)[0x7fd95a434ff4]
[Orion-25-02:309862] [ 5] /work/noaa/da/mpotts/sandbox/pgi_2019_openmpi_O_patch_8.3.1/esmf/DEFAULTINSTALLDIR/lib/libO/Linux.pgi.64.openmpi.default/libesmf.so(esmf_fieldregridmod_b_or_p_gridtomesh_+0x156)[0x7f288c532ac6]
[Orion-25-02:309864] [ 7] /work/noaa/da/mpotts/sandbox/pgi_2019_openmpi_O_patch_8.3.1/esmf/DEFAULTINSTALLDIR/lib/libO/Linux.pgi.64.openmpi.default/libesmf.so(esmf_fieldregridmod_esmf_fieldregridstorenx_+0x9ba)[0x7fd95a43358a]
[Orion-25-02:309862] [ 6] /work/noaa/da/mpotts/sandbox/pgi_2019_openmpi_O_patch_8.3.1/esmf/DEFAULTINSTALLDIR/lib/libO/Linux.pgi.64.openmpi.default/libesmf.so(esmf_fieldregridmod_getmeshwithnodesonfieldloc_+0x394)[0x7f288c52fff4]
[Orion-25-02:309864] [ 8] /work/noaa/da/mpotts/sandbox/pgi_2019_openmpi_O_patch_8.3.1/esmf/DEFAULTINSTALLDIR/lib/libO/Linux.pgi.64.openmpi.default/libesmf.so(esmf_fieldbundlemod_esmf_fieldbundleregridstore_+0x30c1)[0x7fd95a3137a1]
[Orion-25-02:309862] [ 7] /work/noaa/da/mpotts/sandbox/pgi_2019_openmpi_O_patch_8.3.1/esmf/DEFAULTINSTALLDIR/lib/libO/Linux.pgi.64.openmpi.default/libesmf.so(esmf_fieldregridmod_esmf_fieldregridstorenx_+0x9ba)[0x7f288c52e58a]
[Orion-25-02:309864] [ 9] /work/noaa/da/mpotts/sandbox/pgi_2019_openmpi_O_patch_8.3.1/nuopc-app-prototypes/AtmOcnConProto/./esmApp[0x40a99f]
[Orion-25-02:309864] [10] /work/noaa/da/mpotts/sandbox/pgi_2019_openmpi_O_patch_8.3.1/esmf/DEFAULTINSTALLDIR/lib/libO/Linux.pgi.64.openmpi.default/libesmf.so(_ZN5ESMCI11MethodTable7executeESsPvPiPb+0x25c)[0x7fd959fc36ec]
[Orion-25-02:309862] [ 8] /work/noaa/da/mpotts/sandbox/pgi_2019_openmpi_O_patch_8.3.1/esmf/DEFAULTINSTALLDIR/lib/libO/Linux.pgi.64.openmpi.default/libesmf.so(esmf_fieldbundlemod_esmf_fieldbundleregridstore_+0x30c1)[0x7f288c40e7a1]
[Orion-25-02:309862] [ 9] /work/noaa/da/mpotts/sandbox/pgi_2019_openmpi_O_patch_8.3.1/nuopc-app-prototypes/AtmOcnConProto/./esmApp[0x40a99f]
[Orion-25-02:309864] [11] /work/noaa/da/mpotts/sandbox/pgi_2019_openmpi_O_patch_8.3.1/esmf/DEFAULTINSTALLDIR/lib/libO/Linux.pgi.64.openmpi.default/libesmf.so(c_esmc_methodtableexecuteef_+0x1a1)[0x7fd959fc0761]
[Orion-25-02:309862] [10] /work/noaa/da/mpotts/sandbox/pgi_2019_openmpi_O_patch_8.3.1/esmf/DEFAULTINSTALLDIR/lib/libO/Linux.pgi.64.openmpi.default/libesmf.so(_ZN5ESMCI11MethodTable7executeESsPvPiPb+0x25c)[0x7f288c0be6ec]
[Orion-25-02:309862] [11] /work/noaa/da/mpotts/sandbox/pgi_2019_openmpi_O_patch_8.3.1/esmf/DEFAULTINSTALLDIR/lib/libO/Linux.pgi.64.openmpi.default/libesmf.so(c_esmc_methodtableexecuteef_+0x1a1)[0x7f288c0bb761]
[Orion-25-02:309864] [12] /work/noaa/da/mpotts/sandbox/pgi_2019_openmpi_O_patch_8.3.1/esmf/DEFAULTINSTALLDIR/lib/libO/Linux.pgi.64.openmpi.default/libesmf.so(esmf_attachmethodsmod_esmf_methodcplcompexecute_+0xd0)[0x7fd95a191510]
[Orion-25-02:309864] [13] /work/noaa/da/mpotts/sandbox/pgi_2019_openmpi_O_patch_8.3.1/esmf/DEFAULTINSTALLDIR/lib/libO/Linux.pgi.64.openmpi.default/libesmf.so(nuopc_connector_initializeipdv05p6b_+0x4c00)[0x7fd95a8a6e40]
[Orion-25-02:309862] [12] /work/noaa/da/mpotts/sandbox/pgi_2019_openmpi_O_patch_8.3.1/esmf/DEFAULTINSTALLDIR/lib/libO/Linux.pgi.64.openmpi.default/libesmf.so(esmf_attachmethodsmod_esmf_methodcplcompexecute_+0xd0)[0x7f288c28c510]
[Orion-25-02:309864] [14] /work/noaa/da/mpotts/sandbox/pgi_2019_openmpi_O_patch_8.3.1/esmf/DEFAULTINSTALLDIR/lib/libO/Linux.pgi.64.openmpi.default/libesmf.so(_ZN5ESMCI6FTable12callVFuncPtrEPKcPNS_2VMEPi+0x40f)[0x7fd959cfad9f]
[Orion-25-02:309862] [13] /work/noaa/da/mpotts/sandbox/pgi_2019_openmpi_O_patch_8.3.1/esmf/DEFAULTINSTALLDIR/lib/libO/Linux.pgi.64.openmpi.default/libesmf.so(nuopc_connector_initializeipdv05p6b_+0x4c00)[0x7f288c9a1e40]
[Orion-25-02:309864] [15] /work/noaa/da/mpotts/sandbox/pgi_2019_openmpi_O_patch_8.3.1/esmf/DEFAULTINSTALLDIR/lib/libO/Linux.pgi.64.openmpi.default/libesmf.so(ESMCI_FTableCallEntryPointVMHop+0x1ea)[0x7fd959cf8faa]
[Orion-25-02:309862] [14] /work/noaa/da/mpotts/sandbox/pgi_2019_openmpi_O_patch_8.3.1/esmf/DEFAULTINSTALLDIR/lib/libO/Linux.pgi.64.openmpi.default/libesmf.so(_ZN5ESMCI6FTable12callVFuncPtrEPKcPNS_2VMEPi+0x40f)[0x7f288bdf5d9f]
[Orion-25-02:309864] [16] /work/noaa/da/mpotts/sandbox/pgi_2019_openmpi_O_patch_8.3.1/esmf/DEFAULTINSTALLDIR/lib/libO/Linux.pgi.64.openmpi.default/libesmf.so(_ZN5ESMCI2VM5enterEPNS_6VMPlanEPvS3_+0x18)[0x7fd95a0d2228]
[Orion-25-02:309862] [15] /work/noaa/da/mpotts/sandbox/pgi_2019_openmpi_O_patch_8.3.1/esmf/DEFAULTINSTALLDIR/lib/libO/Linux.pgi.64.openmpi.default/libesmf.so(ESMCI_FTableCallEntryPointVMHop+0x1ea)[0x7f288bdf3faa]
[Orion-25-02:309864] [17] /work/noaa/da/mpotts/sandbox/pgi_2019_openmpi_O_patch_8.3.1/esmf/DEFAULTINSTALLDIR/lib/libO/Linux.pgi.64.openmpi.default/libesmf.so(c_esmc_ftablecallentrypointvm_+0x337)[0x7fd959cf9387]
[Orion-25-02:309862] [16] /work/noaa/da/mpotts/sandbox/pgi_2019_openmpi_O_patch_8.3.1/esmf/DEFAULTINSTALLDIR/lib/libO/Linux.pgi.64.openmpi.default/libesmf.so(_ZN5ESMCI2VM5enterEPNS_6VMPlanEPvS3_+0x18)[0x7f288c1cd228]
[Orion-25-02:309862] [17] /work/noaa/da/mpotts/sandbox/pgi_2019_openmpi_O_patch_8.3.1/esmf/DEFAULTINSTALLDIR/lib/libO/Linux.pgi.64.openmpi.default/libesmf.so(c_esmc_ftablecallentrypointvm_+0x337)[0x7f288bdf4387]
[Orion-25-02:309864] [18] /work/noaa/da/mpotts/sandbox/pgi_2019_openmpi_O_patch_8.3.1/esmf/DEFAULTINSTALLDIR/lib/libO/Linux.pgi.64.openmpi.default/libesmf.so(esmf_compmod_esmf_compexecute_+0x7cb)[0x7fd95a2aa8fb]
[Orion-25-02:309862] [18] /work/noaa/da/mpotts/sandbox/pgi_2019_openmpi_O_patch_8.3.1/esmf/DEFAULTINSTALLDIR/lib/libO/Linux.pgi.64.openmpi.default/libesmf.so(esmf_compmod_esmf_compexecute_+0x7cb)[0x7f288c3a58fb]
[Orion-25-02:309864] [19] /work/noaa/da/mpotts/sandbox/pgi_2019_openmpi_O_patch_8.3.1/esmf/DEFAULTINSTALLDIR/lib/libO/Linux.pgi.64.openmpi.default/libesmf.so(esmf_cplcompmod_esmf_cplcompinitialize_+0x161)[0x7fd95a2bb0f1]
[Orion-25-02:309864] [20] /work/noaa/da/mpotts/sandbox/pgi_2019_openmpi_O_patch_8.3.1/esmf/DEFAULTINSTALLDIR/lib/libO/Linux.pgi.64.openmpi.default/libesmf.so(nuopc_driver_loopconnectorcompss_+0xea1)[0x7fd95a8ded41]
[Orion-25-02:309862] [19] /work/noaa/da/mpotts/sandbox/pgi_2019_openmpi_O_patch_8.3.1/esmf/DEFAULTINSTALLDIR/lib/libO/Linux.pgi.64.openmpi.default/libesmf.so(esmf_cplcompmod_esmf_cplcompinitialize_+0x161)[0x7f288c3b60f1]
[Orion-25-02:309864] [21] /work/noaa/da/mpotts/sandbox/pgi_2019_openmpi_O_patch_8.3.1/esmf/DEFAULTINSTALLDIR/lib/libO/Linux.pgi.64.openmpi.default/libesmf.so(nuopc_driver_initializeipdv02p3_+0x1f38)[0x7fd95a8d6738]
[Orion-25-02:309862] [20] /work/noaa/da/mpotts/sandbox/pgi_2019_openmpi_O_patch_8.3.1/esmf/DEFAULTINSTALLDIR/lib/libO/Linux.pgi.64.openmpi.default/libesmf.so(nuopc_driver_loopconnectorcompss_+0xea1)[0x7f288c9d9d41]
[Orion-25-02:309864] [22] /work/noaa/da/mpotts/sandbox/pgi_2019_openmpi_O_patch_8.3.1/esmf/DEFAULTINSTALLDIR/lib/libO/Linux.pgi.64.openmpi.default/libesmf.so(nuopc_driver_initializep1_+0x56a)[0x7fd95a8c67ea]
[Orion-25-02:309862] [21] /work/noaa/da/mpotts/sandbox/pgi_2019_openmpi_O_patch_8.3.1/esmf/DEFAULTINSTALLDIR/lib/libO/Linux.pgi.64.openmpi.default/libesmf.so(nuopc_driver_initializeipdv02p3_+0x1f38)[0x7f288c9d1738]
[Orion-25-02:309864] [23] /work/noaa/da/mpotts/sandbox/pgi_2019_openmpi_O_patch_8.3.1/esmf/DEFAULTINSTALLDIR/lib/libO/Linux.pgi.64.openmpi.default/libesmf.so(_ZN5ESMCI6FTable12callVFuncPtrEPKcPNS_2VMEPi+0x40f)[0x7fd959cfad9f]
[Orion-25-02:309862] [22] /work/noaa/da/mpotts/sandbox/pgi_2019_openmpi_O_patch_8.3.1/esmf/DEFAULTINSTALLDIR/lib/libO/Linux.pgi.64.openmpi.default/libesmf.so(nuopc_driver_initializep1_+0x56a)[0x7f288c9c17ea]
[Orion-25-02:309864] [24] /work/noaa/da/mpotts/sandbox/pgi_2019_openmpi_O_patch_8.3.1/esmf/DEFAULTINSTALLDIR/lib/libO/Linux.pgi.64.openmpi.default/libesmf.so(ESMCI_FTableCallEntryPointVMHop+0x1ea)[0x7fd959cf8faa]
[Orion-25-02:309862] [23] /work/noaa/da/mpotts/sandbox/pgi_2019_openmpi_O_patch_8.3.1/esmf/DEFAULTINSTALLDIR/lib/libO/Linux.pgi.64.openmpi.default/libesmf.so(_ZN5ESMCI6FTable12callVFuncPtrEPKcPNS_2VMEPi+0x40f)[0x7f288bdf5d9f]
[Orion-25-02:309864] [25] /work/noaa/da/mpotts/sandbox/pgi_2019_openmpi_O_patch_8.3.1/esmf/DEFAULTINSTALLDIR/lib/libO/Linux.pgi.64.openmpi.default/libesmf.so(_ZN5ESMCI2VM5enterEPNS_6VMPlanEPvS3_+0x18)[0x7fd95a0d2228]
[Orion-25-02:309862] [24] /work/noaa/da/mpotts/sandbox/pgi_2019_openmpi_O_patch_8.3.1/esmf/DEFAULTINSTALLDIR/lib/libO/Linux.pgi.64.openmpi.default/libesmf.so(ESMCI_FTableCallEntryPointVMHop+0x1ea)[0x7f288bdf3faa]
[Orion-25-02:309864] [26] /work/noaa/da/mpotts/sandbox/pgi_2019_openmpi_O_patch_8.3.1/esmf/DEFAULTINSTALLDIR/lib/libO/Linux.pgi.64.openmpi.default/libesmf.so(c_esmc_ftablecallentrypointvm_+0x337)[0x7fd959cf9387]
[Orion-25-02:309862] [25] /work/noaa/da/mpotts/sandbox/pgi_2019_openmpi_O_patch_8.3.1/esmf/DEFAULTINSTALLDIR/lib/libO/Linux.pgi.64.openmpi.default/libesmf.so(_ZN5ESMCI2VM5enterEPNS_6VMPlanEPvS3_+0x18)[0x7f288c1cd228]
[Orion-25-02:309862] [26] /work/noaa/da/mpotts/sandbox/pgi_2019_openmpi_O_patch_8.3.1/esmf/DEFAULTINSTALLDIR/lib/libO/Linux.pgi.64.openmpi.default/libesmf.so(c_esmc_ftablecallentrypointvm_+0x337)[0x7f288bdf4387]
[Orion-25-02:309864] [27] /work/noaa/da/mpotts/sandbox/pgi_2019_openmpi_O_patch_8.3.1/esmf/DEFAULTINSTALLDIR/lib/libO/Linux.pgi.64.openmpi.default/libesmf.so(esmf_compmod_esmf_compexecute_+0x7cb)[0x7fd95a2aa8fb]
[Orion-25-02:309862] [27] /work/noaa/da/mpotts/sandbox/pgi_2019_openmpi_O_patch_8.3.1/esmf/DEFAULTINSTALLDIR/lib/libO/Linux.pgi.64.openmpi.default/libesmf.so(esmf_compmod_esmf_compexecute_+0x7cb)[0x7f288c3a58fb]
[Orion-25-02:309864] [28] /work/noaa/da/mpotts/sandbox/pgi_2019_openmpi_O_patch_8.3.1/esmf/DEFAULTINSTALLDIR/lib/libO/Linux.pgi.64.openmpi.default/libesmf.so(esmf_gridcompmod_esmf_gridcompinitialize_+0x161)[0x7fd95a479331]
[Orion-25-02:309864] [29] /work/noaa/da/mpotts/sandbox/pgi_2019_openmpi_O_patch_8.3.1/nuopc-app-prototypes/AtmOcnConProto/./esmApp[0x406862]
[Orion-25-02:309864] *** End of error message ***
[Orion-25-02:309862] [28] /work/noaa/da/mpotts/sandbox/pgi_2019_openmpi_O_patch_8.3.1/esmf/DEFAULTINSTALLDIR/lib/libO/Linux.pgi.64.openmpi.default/libesmf.so(esmf_gridcompmod_esmf_gridcompinitialize_+0x161)[0x7f288c574331]
[Orion-25-02:309862] [29] /work/noaa/da/mpotts/sandbox/pgi_2019_openmpi_O_patch_8.3.1/nuopc-app-prototypes/AtmOcnConProto/./esmApp[0x406862]
[Orion-25-02:309862] *** End of error message ***
==== backtrace (tid: 309863) ====
 0 0x000000000071ddc3 ESMCI::LogErr::MsgFoundError()  /work/noaa/da/mpotts/sandbox/pgi_2019_openmpi_O_patch_8.3.1/esmf/src/Infrastructure/LogErr/src/ESMCI_LogErr.C:586
 1 0x0000000000875ec1 c_esmc_meshcreatenodedistgrid_()  /work/noaa/da/mpotts/sandbox/pgi_2019_openmpi_O_patch_8.3.1/esmf/src/Infrastructure/Mesh/interface/ESMCI_Mesh_F.C:248
 2 0x0000000000f8195c esmf_meshmod_esmf_meshcreatefrompointer_()  /work/noaa/da/mpotts/sandbox/pgi_2019_openmpi_O_patch_8.3.1/esmf/src/Infrastructure/Mesh/interface/ESMF_Mesh.F90:3091
 3 0x0000000000e63b02 esmf_gridutilmod_esmf_gridtomesh_()  /work/noaa/da/mpotts/sandbox/pgi_2019_openmpi_O_patch_8.3.1/esmf/src/Infrastructure/GridUtil/interface/ESMF_GridUtil.F90:453
 4 0x0000000000d88ac6 esmf_fieldregridmod_b_or_p_gridtomesh_()  /work/noaa/da/mpotts/sandbox/pgi_2019_openmpi_O_patch_8.3.1/esmf/src/Infrastructure/Field/src/ESMF_FieldRegrid.F90:3228
 5 0x0000000000d85ff4 esmf_fieldregridmod_getmeshwithnodesonfieldloc_()  /work/noaa/da/mpotts/sandbox/pgi_2019_openmpi_O_patch_8.3.1/esmf/src/Infrastructure/Field/src/ESMF_FieldRegrid.F90:1346
 6 0x0000000000d8458a esmf_fieldregridmod_esmf_fieldregridstorenx_()  /work/noaa/da/mpotts/sandbox/pgi_2019_openmpi_O_patch_8.3.1/esmf/src/Infrastructure/Field/src/ESMF_FieldRegrid.F90:971
 7 0x0000000000c647a1 esmf_fieldbundlemod_esmf_fieldbundleregridstore_()  /work/noaa/da/mpotts/sandbox/pgi_2019_openmpi_O_patch_8.3.1/esmf/src/Infrastructure/FieldBundle/src/ESMF_FieldBundle.F90:15935
 8 0x000000000040a99f con_computerh_()  /work/noaa/da/mpotts/sandbox/pgi_2019_openmpi_O_patch_8.3.1/nuopc-app-prototypes/AtmOcnConProto/conn.F90:160
 9 0x00000000009146ec ESMCI::MethodElement::execute()  /work/noaa/da/mpotts/sandbox/pgi_2019_openmpi_O_patch_8.3.1/esmf/src/Superstructure/Component/src/ESMCI_MethodTable.C:377
10 0x00000000009146ec ESMCI::MethodTable::execute()  /work/noaa/da/mpotts/sandbox/pgi_2019_openmpi_O_patch_8.3.1/esmf/src/Superstructure/Component/src/ESMCI_MethodTable.C:563
11 0x0000000000911761 c_esmc_methodtableexecuteef_()  /work/noaa/da/mpotts/sandbox/pgi_2019_openmpi_O_patch_8.3.1/esmf/src/Superstructure/Component/src/ESMCI_MethodTable.C:347
12 0x0000000000ae2510 esmf_attachmethodsmod_esmf_methodcplcompexecute_()  /work/noaa/da/mpotts/sandbox/pgi_2019_openmpi_O_patch_8.3.1/esmf/src/Superstructure/AttachMethods/src/ESMF_AttachMethods.F90:1197
13 0x00000000011f7e40 nuopc_connector_initializeipdv05p6b_()  /work/noaa/da/mpotts/sandbox/pgi_2019_openmpi_O_patch_8.3.1/esmf/src/addon/NUOPC/src/NUOPC_Connector.F90:5359
14 0x000000000064bd9f ESMCI::FTable::callVFuncPtr()  /work/noaa/da/mpotts/sandbox/pgi_2019_openmpi_O_patch_8.3.1/esmf/src/Superstructure/Component/src/ESMCI_FTable.C:2167
15 0x0000000000649faa ESMCI_FTableCallEntryPointVMHop()  /work/noaa/da/mpotts/sandbox/pgi_2019_openmpi_O_patch_8.3.1/esmf/src/Superstructure/Component/src/ESMCI_FTable.C:824
16 0x0000000000a23228 ESMCI::VM::enter()  /work/noaa/da/mpotts/sandbox/pgi_2019_openmpi_O_patch_8.3.1/esmf/src/Infrastructure/VM/src/ESMCI_VM.C:1216
17 0x000000000064a387 c_esmc_ftablecallentrypointvm_()  /work/noaa/da/mpotts/sandbox/pgi_2019_openmpi_O_patch_8.3.1/esmf/src/Superstructure/Component/src/ESMCI_FTable.C:981
18 0x0000000000bfb8fb esmf_compmod_esmf_compexecute_()  /work/noaa/da/mpotts/sandbox/pgi_2019_openmpi_O_patch_8.3.1/esmf/src/Superstructure/Component/src/ESMF_Comp.F90:1222
19 0x0000000000c0c0f1 esmf_cplcompmod_esmf_cplcompinitialize_()  /work/noaa/da/mpotts/sandbox/pgi_2019_openmpi_O_patch_8.3.1/esmf/src/Superstructure/Component/src/ESMF_CplComp.F90:1160
20 0x000000000122fd41 nuopc_driver_loopconnectorcompss_()  /work/noaa/da/mpotts/sandbox/pgi_2019_openmpi_O_patch_8.3.1/esmf/src/addon/NUOPC/src/NUOPC_Driver.F90:2721
21 0x0000000001227738 nuopc_driver_initializeipdv02p3_()  /work/noaa/da/mpotts/sandbox/pgi_2019_openmpi_O_patch_8.3.1/esmf/src/addon/NUOPC/src/NUOPC_Driver.F90:1943
22 0x00000000012177ea nuopc_driver_initializep1_()  /work/noaa/da/mpotts/sandbox/pgi_2019_openmpi_O_patch_8.3.1/esmf/src/addon/NUOPC/src/NUOPC_Driver.F90:458
23 0x000000000064bd9f ESMCI::FTable::callVFuncPtr()  /work/noaa/da/mpotts/sandbox/pgi_2019_openmpi_O_patch_8.3.1/esmf/src/Superstructure/Component/src/ESMCI_FTable.C:2167
24 0x0000000000649faa ESMCI_FTableCallEntryPointVMHop()  /work/noaa/da/mpotts/sandbox/pgi_2019_openmpi_O_patch_8.3.1/esmf/src/Superstructure/Component/src/ESMCI_FTable.C:824
25 0x0000000000a23228 ESMCI::VM::enter()  /work/noaa/da/mpotts/sandbox/pgi_2019_openmpi_O_patch_8.3.1/esmf/src/Infrastructure/VM/src/ESMCI_VM.C:1216
26 0x000000000064a387 c_esmc_ftablecallentrypointvm_()  /work/noaa/da/mpotts/sandbox/pgi_2019_openmpi_O_patch_8.3.1/esmf/src/Superstructure/Component/src/ESMCI_FTable.C:981
27 0x0000000000bfb8fb esmf_compmod_esmf_compexecute_()  /work/noaa/da/mpotts/sandbox/pgi_2019_openmpi_O_patch_8.3.1/esmf/src/Superstructure/Component/src/ESMF_Comp.F90:1222
28 0x0000000000dca331 esmf_gridcompmod_esmf_gridcompinitialize_()  /work/noaa/da/mpotts/sandbox/pgi_2019_openmpi_O_patch_8.3.1/esmf/src/Superstructure/Component/src/ESMF_GridComp.F90:1407
29 0x0000000000406862 MAIN_()  /work/noaa/da/mpotts/sandbox/pgi_2019_openmpi_O_patch_8.3.1/nuopc-app-prototypes/AtmOcnConProto/esmApp.F90:57
30 0x00000000004064e3 main()  ???:0
31 0x0000000000022495 __libc_start_main()  ???:0
32 0x00000000004063e9 _start()  ???:0
=================================
[Orion-25-02:309863] *** Process received signal ***
[Orion-25-02:309863] Signal: Segmentation fault (11)
[Orion-25-02:309863] Signal code:  (-6)
[Orion-25-02:309863] Failing at address: 0x20e50004ba67
[Orion-25-02:309863] [ 0] /lib64/libpthread.so.0(+0xf5d0)[0x7fd42c6735d0]
[Orion-25-02:309863] [ 1] /work/noaa/da/mpotts/sandbox/pgi_2019_openmpi_O_patch_8.3.1/esmf/DEFAULTINSTALLDIR/lib/libO/Linux.pgi.64.openmpi.default/libesmf.so(_ZN5ESMCI6LogErr13MsgFoundErrorEiPKciS2_S2_Pi+0x33)[0x7fd42ae64dc3]
[Orion-25-02:309863] [ 2] /work/noaa/da/mpotts/sandbox/pgi_2019_openmpi_O_patch_8.3.1/esmf/DEFAULTINSTALLDIR/lib/libO/Linux.pgi.64.openmpi.default/libesmf.so(c_esmc_meshcreatenodedistgrid_+0xa1)[0x7fd42afbcec1]
[Orion-25-02:309863] [ 3] /work/noaa/da/mpotts/sandbox/pgi_2019_openmpi_O_patch_8.3.1/esmf/DEFAULTINSTALLDIR/lib/libO/Linux.pgi.64.openmpi.default/libesmf.so(esmf_meshmod_esmf_meshcreatefrompointer_+0x4c)[0x7fd42b6c895c]
[Orion-25-02:309863] [ 4] /work/noaa/da/mpotts/sandbox/pgi_2019_openmpi_O_patch_8.3.1/esmf/DEFAULTINSTALLDIR/lib/libO/Linux.pgi.64.openmpi.default/libesmf.so(esmf_gridutilmod_esmf_gridtomesh_+0x352)[0x7fd42b5aab02]
[Orion-25-02:309863] [ 5] /work/noaa/da/mpotts/sandbox/pgi_2019_openmpi_O_patch_8.3.1/esmf/DEFAULTINSTALLDIR/lib/libO/Linux.pgi.64.openmpi.default/libesmf.so(esmf_fieldregridmod_b_or_p_gridtomesh_+0x156)[0x7fd42b4cfac6]
[Orion-25-02:309863] [ 6] /work/noaa/da/mpotts/sandbox/pgi_2019_openmpi_O_patch_8.3.1/esmf/DEFAULTINSTALLDIR/lib/libO/Linux.pgi.64.openmpi.default/libesmf.so(esmf_fieldregridmod_getmeshwithnodesonfieldloc_+0x394)[0x7fd42b4ccff4]
[Orion-25-02:309863] [ 7] /work/noaa/da/mpotts/sandbox/pgi_2019_openmpi_O_patch_8.3.1/esmf/DEFAULTINSTALLDIR/lib/libO/Linux.pgi.64.openmpi.default/libesmf.so(esmf_fieldregridmod_esmf_fieldregridstorenx_+0x9ba)[0x7fd42b4cb58a]
[Orion-25-02:309863] [ 8] /work/noaa/da/mpotts/sandbox/pgi_2019_openmpi_O_patch_8.3.1/esmf/DEFAULTINSTALLDIR/lib/libO/Linux.pgi.64.openmpi.default/libesmf.so(esmf_fieldbundlemod_esmf_fieldbundleregridstore_+0x30c1)[0x7fd42b3ab7a1]
[Orion-25-02:309863] [ 9] /work/noaa/da/mpotts/sandbox/pgi_2019_openmpi_O_patch_8.3.1/nuopc-app-prototypes/AtmOcnConProto/./esmApp[0x40a99f]
[Orion-25-02:309863] [10] /work/noaa/da/mpotts/sandbox/pgi_2019_openmpi_O_patch_8.3.1/esmf/DEFAULTINSTALLDIR/lib/libO/Linux.pgi.64.openmpi.default/libesmf.so(_ZN5ESMCI11MethodTable7executeESsPvPiPb+0x25c)[0x7fd42b05b6ec]
[Orion-25-02:309863] [11] /work/noaa/da/mpotts/sandbox/pgi_2019_openmpi_O_patch_8.3.1/esmf/DEFAULTINSTALLDIR/lib/libO/Linux.pgi.64.openmpi.default/libesmf.so(c_esmc_methodtableexecuteef_+0x1a1)[0x7fd42b058761]
[Orion-25-02:309863] [12] /work/noaa/da/mpotts/sandbox/pgi_2019_openmpi_O_patch_8.3.1/esmf/DEFAULTINSTALLDIR/lib/libO/Linux.pgi.64.openmpi.default/libesmf.so(esmf_attachmethodsmod_esmf_methodcplcompexecute_+0xd0)[0x7fd42b229510]
[Orion-25-02:309863] [13] /work/noaa/da/mpotts/sandbox/pgi_2019_openmpi_O_patch_8.3.1/esmf/DEFAULTINSTALLDIR/lib/libO/Linux.pgi.64.openmpi.default/libesmf.so(nuopc_connector_initializeipdv05p6b_+0x4c00)[0x7fd42b93ee40]
[Orion-25-02:309863] [14] /work/noaa/da/mpotts/sandbox/pgi_2019_openmpi_O_patch_8.3.1/esmf/DEFAULTINSTALLDIR/lib/libO/Linux.pgi.64.openmpi.default/libesmf.so(_ZN5ESMCI6FTable12callVFuncPtrEPKcPNS_2VMEPi+0x40f)[0x7fd42ad92d9f]
[Orion-25-02:309863] [15] /work/noaa/da/mpotts/sandbox/pgi_2019_openmpi_O_patch_8.3.1/esmf/DEFAULTINSTALLDIR/lib/libO/Linux.pgi.64.openmpi.default/libesmf.so(ESMCI_FTableCallEntryPointVMHop+0x1ea)[0x7fd42ad90faa]
[Orion-25-02:309863] [16] /work/noaa/da/mpotts/sandbox/pgi_2019_openmpi_O_patch_8.3.1/esmf/DEFAULTINSTALLDIR/lib/libO/Linux.pgi.64.openmpi.default/libesmf.so(_ZN5ESMCI2VM5enterEPNS_6VMPlanEPvS3_+0x18)[0x7fd42b16a228]
[Orion-25-02:309863] [17] /work/noaa/da/mpotts/sandbox/pgi_2019_openmpi_O_patch_8.3.1/esmf/DEFAULTINSTALLDIR/lib/libO/Linux.pgi.64.openmpi.default/libesmf.so(c_esmc_ftablecallentrypointvm_+0x337)[0x7fd42ad91387]
[Orion-25-02:309863] [18] /work/noaa/da/mpotts/sandbox/pgi_2019_openmpi_O_patch_8.3.1/esmf/DEFAULTINSTALLDIR/lib/libO/Linux.pgi.64.openmpi.default/libesmf.so(esmf_compmod_esmf_compexecute_+0x7cb)[0x7fd42b3428fb]
[Orion-25-02:309863] [19] /work/noaa/da/mpotts/sandbox/pgi_2019_openmpi_O_patch_8.3.1/esmf/DEFAULTINSTALLDIR/lib/libO/Linux.pgi.64.openmpi.default/libesmf.so(esmf_cplcompmod_esmf_cplcompinitialize_+0x161)[0x7fd42b3530f1]
[Orion-25-02:309863] [20] /work/noaa/da/mpotts/sandbox/pgi_2019_openmpi_O_patch_8.3.1/esmf/DEFAULTINSTALLDIR/lib/libO/Linux.pgi.64.openmpi.default/libesmf.so(nuopc_driver_loopconnectorcompss_+0xea1)[0x7fd42b976d41]
[Orion-25-02:309863] [21] /work/noaa/da/mpotts/sandbox/pgi_2019_openmpi_O_patch_8.3.1/esmf/DEFAULTINSTALLDIR/lib/libO/Linux.pgi.64.openmpi.default/libesmf.so(nuopc_driver_initializeipdv02p3_+0x1f38)[0x7fd42b96e738]
[Orion-25-02:309863] [22] /work/noaa/da/mpotts/sandbox/pgi_2019_openmpi_O_patch_8.3.1/esmf/DEFAULTINSTALLDIR/lib/libO/Linux.pgi.64.openmpi.default/libesmf.so(nuopc_driver_initializep1_+0x56a)[0x7fd42b95e7ea]
[Orion-25-02:309863] [23] /work/noaa/da/mpotts/sandbox/pgi_2019_openmpi_O_patch_8.3.1/esmf/DEFAULTINSTALLDIR/lib/libO/Linux.pgi.64.openmpi.default/libesmf.so(_ZN5ESMCI6FTable12callVFuncPtrEPKcPNS_2VMEPi+0x40f)[0x7fd42ad92d9f]
[Orion-25-02:309863] [24] /work/noaa/da/mpotts/sandbox/pgi_2019_openmpi_O_patch_8.3.1/esmf/DEFAULTINSTALLDIR/lib/libO/Linux.pgi.64.openmpi.default/libesmf.so(ESMCI_FTableCallEntryPointVMHop+0x1ea)[0x7fd42ad90faa]
[Orion-25-02:309863] [25] /work/noaa/da/mpotts/sandbox/pgi_2019_openmpi_O_patch_8.3.1/esmf/DEFAULTINSTALLDIR/lib/libO/Linux.pgi.64.openmpi.default/libesmf.so(_ZN5ESMCI2VM5enterEPNS_6VMPlanEPvS3_+0x18)[0x7fd42b16a228]
[Orion-25-02:309863] [26] /work/noaa/da/mpotts/sandbox/pgi_2019_openmpi_O_patch_8.3.1/esmf/DEFAULTINSTALLDIR/lib/libO/Linux.pgi.64.openmpi.default/libesmf.so(c_esmc_ftablecallentrypointvm_+0x337)[0x7fd42ad91387]
[Orion-25-02:309863] [27] /work/noaa/da/mpotts/sandbox/pgi_2019_openmpi_O_patch_8.3.1/esmf/DEFAULTINSTALLDIR/lib/libO/Linux.pgi.64.openmpi.default/libesmf.so(esmf_compmod_esmf_compexecute_+0x7cb)[0x7fd42b3428fb]
[Orion-25-02:309863] [28] /work/noaa/da/mpotts/sandbox/pgi_2019_openmpi_O_patch_8.3.1/esmf/DEFAULTINSTALLDIR/lib/libO/Linux.pgi.64.openmpi.default/libesmf.so(esmf_gridcompmod_esmf_gridcompinitialize_+0x161)[0x7fd42b511331]
[Orion-25-02:309863] [29] /work/noaa/da/mpotts/sandbox/pgi_2019_openmpi_O_patch_8.3.1/nuopc-app-prototypes/AtmOcnConProto/./esmApp[0x406862]
[Orion-25-02:309863] *** End of error message ***
==== backtrace (tid: 309861) ====
 0 0x000000000071ddc3 ESMCI::LogErr::MsgFoundError()  /work/noaa/da/mpotts/sandbox/pgi_2019_openmpi_O_patch_8.3.1/esmf/src/Infrastructure/LogErr/src/ESMCI_LogErr.C:586
 1 0x0000000000875ec1 c_esmc_meshcreatenodedistgrid_()  /work/noaa/da/mpotts/sandbox/pgi_2019_openmpi_O_patch_8.3.1/esmf/src/Infrastructure/Mesh/interface/ESMCI_Mesh_F.C:248
 2 0x0000000000f8195c esmf_meshmod_esmf_meshcreatefrompointer_()  /work/noaa/da/mpotts/sandbox/pgi_2019_openmpi_O_patch_8.3.1/esmf/src/Infrastructure/Mesh/interface/ESMF_Mesh.F90:3091
 3 0x0000000000e63b02 esmf_gridutilmod_esmf_gridtomesh_()  /work/noaa/da/mpotts/sandbox/pgi_2019_openmpi_O_patch_8.3.1/esmf/src/Infrastructure/GridUtil/interface/ESMF_GridUtil.F90:453
 4 0x0000000000d88ac6 esmf_fieldregridmod_b_or_p_gridtomesh_()  /work/noaa/da/mpotts/sandbox/pgi_2019_openmpi_O_patch_8.3.1/esmf/src/Infrastructure/Field/src/ESMF_FieldRegrid.F90:3228
 5 0x0000000000d85ff4 esmf_fieldregridmod_getmeshwithnodesonfieldloc_()  /work/noaa/da/mpotts/sandbox/pgi_2019_openmpi_O_patch_8.3.1/esmf/src/Infrastructure/Field/src/ESMF_FieldRegrid.F90:1346
 6 0x0000000000d8458a esmf_fieldregridmod_esmf_fieldregridstorenx_()  /work/noaa/da/mpotts/sandbox/pgi_2019_openmpi_O_patch_8.3.1/esmf/src/Infrastructure/Field/src/ESMF_FieldRegrid.F90:971
 7 0x0000000000c647a1 esmf_fieldbundlemod_esmf_fieldbundleregridstore_()  /work/noaa/da/mpotts/sandbox/pgi_2019_openmpi_O_patch_8.3.1/esmf/src/Infrastructure/FieldBundle/src/ESMF_FieldBundle.F90:15935
 8 0x000000000040a99f con_computerh_()  /work/noaa/da/mpotts/sandbox/pgi_2019_openmpi_O_patch_8.3.1/nuopc-app-prototypes/AtmOcnConProto/conn.F90:160
 9 0x00000000009146ec ESMCI::MethodElement::execute()  /work/noaa/da/mpotts/sandbox/pgi_2019_openmpi_O_patch_8.3.1/esmf/src/Superstructure/Component/src/ESMCI_MethodTable.C:377
10 0x00000000009146ec ESMCI::MethodTable::execute()  /work/noaa/da/mpotts/sandbox/pgi_2019_openmpi_O_patch_8.3.1/esmf/src/Superstructure/Component/src/ESMCI_MethodTable.C:563
11 0x0000000000911761 c_esmc_methodtableexecuteef_()  /work/noaa/da/mpotts/sandbox/pgi_2019_openmpi_O_patch_8.3.1/esmf/src/Superstructure/Component/src/ESMCI_MethodTable.C:347
12 0x0000000000ae2510 esmf_attachmethodsmod_esmf_methodcplcompexecute_()  /work/noaa/da/mpotts/sandbox/pgi_2019_openmpi_O_patch_8.3.1/esmf/src/Superstructure/AttachMethods/src/ESMF_AttachMethods.F90:1197
13 0x00000000011f7e40 nuopc_connector_initializeipdv05p6b_()  /work/noaa/da/mpotts/sandbox/pgi_2019_openmpi_O_patch_8.3.1/esmf/src/addon/NUOPC/src/NUOPC_Connector.F90:5359
14 0x000000000064bd9f ESMCI::FTable::callVFuncPtr()  /work/noaa/da/mpotts/sandbox/pgi_2019_openmpi_O_patch_8.3.1/esmf/src/Superstructure/Component/src/ESMCI_FTable.C:2167
15 0x0000000000649faa ESMCI_FTableCallEntryPointVMHop()  /work/noaa/da/mpotts/sandbox/pgi_2019_openmpi_O_patch_8.3.1/esmf/src/Superstructure/Component/src/ESMCI_FTable.C:824
16 0x0000000000a23228 ESMCI::VM::enter()  /work/noaa/da/mpotts/sandbox/pgi_2019_openmpi_O_patch_8.3.1/esmf/src/Infrastructure/VM/src/ESMCI_VM.C:1216
17 0x000000000064a387 c_esmc_ftablecallentrypointvm_()  /work/noaa/da/mpotts/sandbox/pgi_2019_openmpi_O_patch_8.3.1/esmf/src/Superstructure/Component/src/ESMCI_FTable.C:981
18 0x0000000000bfb8fb esmf_compmod_esmf_compexecute_()  /work/noaa/da/mpotts/sandbox/pgi_2019_openmpi_O_patch_8.3.1/esmf/src/Superstructure/Component/src/ESMF_Comp.F90:1222
19 0x0000000000c0c0f1 esmf_cplcompmod_esmf_cplcompinitialize_()  /work/noaa/da/mpotts/sandbox/pgi_2019_openmpi_O_patch_8.3.1/esmf/src/Superstructure/Component/src/ESMF_CplComp.F90:1160
20 0x000000000122fd41 nuopc_driver_loopconnectorcompss_()  /work/noaa/da/mpotts/sandbox/pgi_2019_openmpi_O_patch_8.3.1/esmf/src/addon/NUOPC/src/NUOPC_Driver.F90:2721
21 0x0000000001227738 nuopc_driver_initializeipdv02p3_()  /work/noaa/da/mpotts/sandbox/pgi_2019_openmpi_O_patch_8.3.1/esmf/src/addon/NUOPC/src/NUOPC_Driver.F90:1943
22 0x00000000012177ea nuopc_driver_initializep1_()  /work/noaa/da/mpotts/sandbox/pgi_2019_openmpi_O_patch_8.3.1/esmf/src/addon/NUOPC/src/NUOPC_Driver.F90:458
23 0x000000000064bd9f ESMCI::FTable::callVFuncPtr()  /work/noaa/da/mpotts/sandbox/pgi_2019_openmpi_O_patch_8.3.1/esmf/src/Superstructure/Component/src/ESMCI_FTable.C:2167
24 0x0000000000649faa ESMCI_FTableCallEntryPointVMHop()  /work/noaa/da/mpotts/sandbox/pgi_2019_openmpi_O_patch_8.3.1/esmf/src/Superstructure/Component/src/ESMCI_FTable.C:824
25 0x0000000000a23228 ESMCI::VM::enter()  /work/noaa/da/mpotts/sandbox/pgi_2019_openmpi_O_patch_8.3.1/esmf/src/Infrastructure/VM/src/ESMCI_VM.C:1216
26 0x000000000064a387 c_esmc_ftablecallentrypointvm_()  /work/noaa/da/mpotts/sandbox/pgi_2019_openmpi_O_patch_8.3.1/esmf/src/Superstructure/Component/src/ESMCI_FTable.C:981
27 0x0000000000bfb8fb esmf_compmod_esmf_compexecute_()  /work/noaa/da/mpotts/sandbox/pgi_2019_openmpi_O_patch_8.3.1/esmf/src/Superstructure/Component/src/ESMF_Comp.F90:1222
28 0x0000000000dca331 esmf_gridcompmod_esmf_gridcompinitialize_()  /work/noaa/da/mpotts/sandbox/pgi_2019_openmpi_O_patch_8.3.1/esmf/src/Superstructure/Component/src/ESMF_GridComp.F90:1407
29 0x0000000000406862 MAIN_()  /work/noaa/da/mpotts/sandbox/pgi_2019_openmpi_O_patch_8.3.1/nuopc-app-prototypes/AtmOcnConProto/esmApp.F90:57
30 0x00000000004064e3 main()  ???:0
31 0x0000000000022495 __libc_start_main()  ???:0
32 0x00000000004063e9 _start()  ???:0
=================================
[Orion-25-02:309861] *** Process received signal ***
[Orion-25-02:309861] Signal: Segmentation fault (11)
[Orion-25-02:309861] Signal code:  (-6)
[Orion-25-02:309861] Failing at address: 0x20e50004ba65
[Orion-25-02:309861] [ 0] /lib64/libpthread.so.0(+0xf5d0)[0x7f2f29d585d0]
[Orion-25-02:309861] [ 1] /work/noaa/da/mpotts/sandbox/pgi_2019_openmpi_O_patch_8.3.1/esmf/DEFAULTINSTALLDIR/lib/libO/Linux.pgi.64.openmpi.default/libesmf.so(_ZN5ESMCI6LogErr13MsgFoundErrorEiPKciS2_S2_Pi+0x33)[0x7f2f28549dc3]
[Orion-25-02:309861] [ 2] /work/noaa/da/mpotts/sandbox/pgi_2019_openmpi_O_patch_8.3.1/esmf/DEFAULTINSTALLDIR/lib/libO/Linux.pgi.64.openmpi.default/libesmf.so(c_esmc_meshcreatenodedistgrid_+0xa1)[0x7f2f286a1ec1]
[Orion-25-02:309861] [ 3] /work/noaa/da/mpotts/sandbox/pgi_2019_openmpi_O_patch_8.3.1/esmf/DEFAULTINSTALLDIR/lib/libO/Linux.pgi.64.openmpi.default/libesmf.so(esmf_meshmod_esmf_meshcreatefrompointer_+0x4c)[0x7f2f28dad95c]
[Orion-25-02:309861] [ 4] /work/noaa/da/mpotts/sandbox/pgi_2019_openmpi_O_patch_8.3.1/esmf/DEFAULTINSTALLDIR/lib/libO/Linux.pgi.64.openmpi.default/libesmf.so(esmf_gridutilmod_esmf_gridtomesh_+0x352)[0x7f2f28c8fb02]
[Orion-25-02:309861] [ 5] /work/noaa/da/mpotts/sandbox/pgi_2019_openmpi_O_patch_8.3.1/esmf/DEFAULTINSTALLDIR/lib/libO/Linux.pgi.64.openmpi.default/libesmf.so(esmf_fieldregridmod_b_or_p_gridtomesh_+0x156)[0x7f2f28bb4ac6]
[Orion-25-02:309861] [ 6] /work/noaa/da/mpotts/sandbox/pgi_2019_openmpi_O_patch_8.3.1/esmf/DEFAULTINSTALLDIR/lib/libO/Linux.pgi.64.openmpi.default/libesmf.so(esmf_fieldregridmod_getmeshwithnodesonfieldloc_+0x394)[0x7f2f28bb1ff4]
[Orion-25-02:309861] [ 7] /work/noaa/da/mpotts/sandbox/pgi_2019_openmpi_O_patch_8.3.1/esmf/DEFAULTINSTALLDIR/lib/libO/Linux.pgi.64.openmpi.default/libesmf.so(esmf_fieldregridmod_esmf_fieldregridstorenx_+0x9ba)[0x7f2f28bb058a]
[Orion-25-02:309861] [ 8] /work/noaa/da/mpotts/sandbox/pgi_2019_openmpi_O_patch_8.3.1/esmf/DEFAULTINSTALLDIR/lib/libO/Linux.pgi.64.openmpi.default/libesmf.so(esmf_fieldbundlemod_esmf_fieldbundleregridstore_+0x30c1)[0x7f2f28a907a1]
[Orion-25-02:309861] [ 9] /work/noaa/da/mpotts/sandbox/pgi_2019_openmpi_O_patch_8.3.1/nuopc-app-prototypes/AtmOcnConProto/./esmApp[0x40a99f]
[Orion-25-02:309861] [10] /work/noaa/da/mpotts/sandbox/pgi_2019_openmpi_O_patch_8.3.1/esmf/DEFAULTINSTALLDIR/lib/libO/Linux.pgi.64.openmpi.default/libesmf.so(_ZN5ESMCI11MethodTable7executeESsPvPiPb+0x25c)[0x7f2f287406ec]
[Orion-25-02:309861] [11] /work/noaa/da/mpotts/sandbox/pgi_2019_openmpi_O_patch_8.3.1/esmf/DEFAULTINSTALLDIR/lib/libO/Linux.pgi.64.openmpi.default/libesmf.so(c_esmc_methodtableexecuteef_+0x1a1)[0x7f2f2873d761]
[Orion-25-02:309861] [12] /work/noaa/da/mpotts/sandbox/pgi_2019_openmpi_O_patch_8.3.1/esmf/DEFAULTINSTALLDIR/lib/libO/Linux.pgi.64.openmpi.default/libesmf.so(esmf_attachmethodsmod_esmf_methodcplcompexecute_+0xd0)[0x7f2f2890e510]
[Orion-25-02:309861] [13] /work/noaa/da/mpotts/sandbox/pgi_2019_openmpi_O_patch_8.3.1/esmf/DEFAULTINSTALLDIR/lib/libO/Linux.pgi.64.openmpi.default/libesmf.so(nuopc_connector_initializeipdv05p6b_+0x4c00)[0x7f2f29023e40]
[Orion-25-02:309861] [14] /work/noaa/da/mpotts/sandbox/pgi_2019_openmpi_O_patch_8.3.1/esmf/DEFAULTINSTALLDIR/lib/libO/Linux.pgi.64.openmpi.default/libesmf.so(_ZN5ESMCI6FTable12callVFuncPtrEPKcPNS_2VMEPi+0x40f)[0x7f2f28477d9f]
[Orion-25-02:309861] [15] /work/noaa/da/mpotts/sandbox/pgi_2019_openmpi_O_patch_8.3.1/esmf/DEFAULTINSTALLDIR/lib/libO/Linux.pgi.64.openmpi.default/libesmf.so(ESMCI_FTableCallEntryPointVMHop+0x1ea)[0x7f2f28475faa]
[Orion-25-02:309861] [16] /work/noaa/da/mpotts/sandbox/pgi_2019_openmpi_O_patch_8.3.1/esmf/DEFAULTINSTALLDIR/lib/libO/Linux.pgi.64.openmpi.default/libesmf.so(_ZN5ESMCI2VM5enterEPNS_6VMPlanEPvS3_+0x18)[0x7f2f2884f228]
[Orion-25-02:309861] [17] /work/noaa/da/mpotts/sandbox/pgi_2019_openmpi_O_patch_8.3.1/esmf/DEFAULTINSTALLDIR/lib/libO/Linux.pgi.64.openmpi.default/libesmf.so(c_esmc_ftablecallentrypointvm_+0x337)[0x7f2f28476387]
[Orion-25-02:309861] [18] /work/noaa/da/mpotts/sandbox/pgi_2019_openmpi_O_patch_8.3.1/esmf/DEFAULTINSTALLDIR/lib/libO/Linux.pgi.64.openmpi.default/libesmf.so(esmf_compmod_esmf_compexecute_+0x7cb)[0x7f2f28a278fb]
[Orion-25-02:309861] [19] /work/noaa/da/mpotts/sandbox/pgi_2019_openmpi_O_patch_8.3.1/esmf/DEFAULTINSTALLDIR/lib/libO/Linux.pgi.64.openmpi.default/libesmf.so(esmf_cplcompmod_esmf_cplcompinitialize_+0x161)[0x7f2f28a380f1]
[Orion-25-02:309861] [20] /work/noaa/da/mpotts/sandbox/pgi_2019_openmpi_O_patch_8.3.1/esmf/DEFAULTINSTALLDIR/lib/libO/Linux.pgi.64.openmpi.default/libesmf.so(nuopc_driver_loopconnectorcompss_+0xea1)[0x7f2f2905bd41]
[Orion-25-02:309861] [21] /work/noaa/da/mpotts/sandbox/pgi_2019_openmpi_O_patch_8.3.1/esmf/DEFAULTINSTALLDIR/lib/libO/Linux.pgi.64.openmpi.default/libesmf.so(nuopc_driver_initializeipdv02p3_+0x1f38)[0x7f2f29053738]
[Orion-25-02:309861] [22] /work/noaa/da/mpotts/sandbox/pgi_2019_openmpi_O_patch_8.3.1/esmf/DEFAULTINSTALLDIR/lib/libO/Linux.pgi.64.openmpi.default/libesmf.so(nuopc_driver_initializep1_+0x56a)[0x7f2f290437ea]
[Orion-25-02:309861] [23] /work/noaa/da/mpotts/sandbox/pgi_2019_openmpi_O_patch_8.3.1/esmf/DEFAULTINSTALLDIR/lib/libO/Linux.pgi.64.openmpi.default/libesmf.so(_ZN5ESMCI6FTable12callVFuncPtrEPKcPNS_2VMEPi+0x40f)[0x7f2f28477d9f]
[Orion-25-02:309861] [24] /work/noaa/da/mpotts/sandbox/pgi_2019_openmpi_O_patch_8.3.1/esmf/DEFAULTINSTALLDIR/lib/libO/Linux.pgi.64.openmpi.default/libesmf.so(ESMCI_FTableCallEntryPointVMHop+0x1ea)[0x7f2f28475faa]
[Orion-25-02:309861] [25] /work/noaa/da/mpotts/sandbox/pgi_2019_openmpi_O_patch_8.3.1/esmf/DEFAULTINSTALLDIR/lib/libO/Linux.pgi.64.openmpi.default/libesmf.so(_ZN5ESMCI2VM5enterEPNS_6VMPlanEPvS3_+0x18)[0x7f2f2884f228]
[Orion-25-02:309861] [26] /work/noaa/da/mpotts/sandbox/pgi_2019_openmpi_O_patch_8.3.1/esmf/DEFAULTINSTALLDIR/lib/libO/Linux.pgi.64.openmpi.default/libesmf.so(c_esmc_ftablecallentrypointvm_+0x337)[0x7f2f28476387]
[Orion-25-02:309861] [27] /work/noaa/da/mpotts/sandbox/pgi_2019_openmpi_O_patch_8.3.1/esmf/DEFAULTINSTALLDIR/lib/libO/Linux.pgi.64.openmpi.default/libesmf.so(esmf_compmod_esmf_compexecute_+0x7cb)[0x7f2f28a278fb]
[Orion-25-02:309861] [28] /work/noaa/da/mpotts/sandbox/pgi_2019_openmpi_O_patch_8.3.1/esmf/DEFAULTINSTALLDIR/lib/libO/Linux.pgi.64.openmpi.default/libesmf.so(esmf_gridcompmod_esmf_gridcompinitialize_+0x161)[0x7f2f28bf6331]
[Orion-25-02:309861] [29] /work/noaa/da/mpotts/sandbox/pgi_2019_openmpi_O_patch_8.3.1/nuopc-app-prototypes/AtmOcnConProto/./esmApp[0x406862]
[Orion-25-02:309861] *** End of error message ***
srun: error: Orion-25-02: tasks 0-3: Segmentation fault
srun: launch/slurm: _step_signal: Terminating StepId=6547903.3
