2022-08-25 05:23:24
[Orion-25-02:310203:0:310203] Caught signal 11 (Segmentation fault: address not mapped to object at address 0x4f1b591)
[Orion-25-02:310204:0:310204] Caught signal 11 (Segmentation fault: address not mapped to object at address 0x4f1b591)
[Orion-25-02:310205:0:310205] Caught signal 11 (Segmentation fault: address not mapped to object at address 0x4f1b591)
[Orion-25-02:310206:0:310206] Caught signal 11 (Segmentation fault: address not mapped to object at address 0x4f1b591)

/work/noaa/da/mpotts/sandbox/pgi_2019_openmpi_O_patch_8.3.1/esmf/src/Infrastructure/LogErr/src/ESMCI_LogErr.C: [ ESMCI::LogErr::MsgFoundError() ]
      ...

/work/noaa/da/mpotts/sandbox/pgi_2019_openmpi_O_patch_8.3.1/esmf/src/Infrastructure/LogErr/src/ESMCI_LogErr.C: [ ESMCI::LogErr::MsgFoundError() ]
      ...
      583 {
      584     bool result=false;
      585 #ifdef ESMC_SUCCESSDEFAULT_ON
==>   586     if (rcToReturn != ESMC_NULL_POINTER) *rcToReturn=ESMF_SUCCESS;
      587 #endif
      588     if (trace) {
      589         Write(ESMC_METHOD,ESMC_LOGMSG_TRACE,
      583 {
      584     bool result=false;
      585 #ifdef ESMC_SUCCESSDEFAULT_ON
==>   586     if (rcToReturn != ESMC_NULL_POINTER) *rcToReturn=ESMF_SUCCESS;
      587 #endif
      588     if (trace) {
      589         Write(ESMC_METHOD,ESMC_LOGMSG_TRACE,



/work/noaa/da/mpotts/sandbox/pgi_2019_openmpi_O_patch_8.3.1/esmf/src/Infrastructure/LogErr/src/ESMCI_LogErr.C: [ ESMCI::LogErr::MsgFoundError() ]
      ...
      583 {
      584     bool result=false;
      585 #ifdef ESMC_SUCCESSDEFAULT_ON
==>   586     if (rcToReturn != ESMC_NULL_POINTER) *rcToReturn=ESMF_SUCCESS;
      587 #endif
      588     if (trace) {
      589         Write(ESMC_METHOD,ESMC_LOGMSG_TRACE,


/work/noaa/da/mpotts/sandbox/pgi_2019_openmpi_O_patch_8.3.1/esmf/src/Infrastructure/LogErr/src/ESMCI_LogErr.C: [ ESMCI::LogErr::MsgFoundError() ]
      ...
      583 {
      584     bool result=false;
      585 #ifdef ESMC_SUCCESSDEFAULT_ON
==>   586     if (rcToReturn != ESMC_NULL_POINTER) *rcToReturn=ESMF_SUCCESS;
      587 #endif
      588     if (trace) {
      589         Write(ESMC_METHOD,ESMC_LOGMSG_TRACE,

==== backtrace (tid: 310205) ====
 0 0x000000000071ddc3 ESMCI::LogErr::MsgFoundError()  /work/noaa/da/mpotts/sandbox/pgi_2019_openmpi_O_patch_8.3.1/esmf/src/Infrastructure/LogErr/src/ESMCI_LogErr.C:586
 1 0x0000000000875ec1 c_esmc_meshcreatenodedistgrid_()  /work/noaa/da/mpotts/sandbox/pgi_2019_openmpi_O_patch_8.3.1/esmf/src/Infrastructure/Mesh/interface/ESMCI_Mesh_F.C:248
 2 0x0000000000f8195c esmf_meshmod_esmf_meshcreatefrompointer_()  /work/noaa/da/mpotts/sandbox/pgi_2019_openmpi_O_patch_8.3.1/esmf/src/Infrastructure/Mesh/interface/ESMF_Mesh.F90:3091
 3 0x0000000000e63b02 esmf_gridutilmod_esmf_gridtomesh_()  /work/noaa/da/mpotts/sandbox/pgi_2019_openmpi_O_patch_8.3.1/esmf/src/Infrastructure/GridUtil/interface/ESMF_GridUtil.F90:453
 4 0x0000000000d88ac6 esmf_fieldregridmod_b_or_p_gridtomesh_()  /work/noaa/da/mpotts/sandbox/pgi_2019_openmpi_O_patch_8.3.1/esmf/src/Infrastructure/Field/src/ESMF_FieldRegrid.F90:3228
 5 0x0000000000d85ff4 esmf_fieldregridmod_getmeshwithnodesonfieldloc_()  /work/noaa/da/mpotts/sandbox/pgi_2019_openmpi_O_patch_8.3.1/esmf/src/Infrastructure/Field/src/ESMF_FieldRegrid.F90:1346
 6 0x0000000000d8458a esmf_fieldregridmod_esmf_fieldregridstorenx_()  /work/noaa/da/mpotts/sandbox/pgi_2019_openmpi_O_patch_8.3.1/esmf/src/Infrastructure/Field/src/ESMF_FieldRegrid.F90:971
 7 0x0000000001210ccf nuopc_connector_fieldbundlecplstore_()  /work/noaa/da/mpotts/sandbox/pgi_2019_openmpi_O_patch_8.3.1/esmf/src/addon/NUOPC/src/NUOPC_Connector.F90:7919
 8 0x00000000011f8174 nuopc_connector_initializeipdv05p6b_()  /work/noaa/da/mpotts/sandbox/pgi_2019_openmpi_O_patch_8.3.1/esmf/src/addon/NUOPC/src/NUOPC_Connector.F90:5386
 9 0x000000000064bd9f ESMCI::FTable::callVFuncPtr()  /work/noaa/da/mpotts/sandbox/pgi_2019_openmpi_O_patch_8.3.1/esmf/src/Superstructure/Component/src/ESMCI_FTable.C:2167
10 0x0000000000649faa ESMCI_FTableCallEntryPointVMHop()  /work/noaa/da/mpotts/sandbox/pgi_2019_openmpi_O_patch_8.3.1/esmf/src/Superstructure/Component/src/ESMCI_FTable.C:824
11 0x0000000000a23228 ESMCI::VM::enter()  /work/noaa/da/mpotts/sandbox/pgi_2019_openmpi_O_patch_8.3.1/esmf/src/Infrastructure/VM/src/ESMCI_VM.C:1216
12 0x000000000064a387 c_esmc_ftablecallentrypointvm_()  /work/noaa/da/mpotts/sandbox/pgi_2019_openmpi_O_patch_8.3.1/esmf/src/Superstructure/Component/src/ESMCI_FTable.C:981
13 0x0000000000bfb8fb esmf_compmod_esmf_compexecute_()  /work/noaa/da/mpotts/sandbox/pgi_2019_openmpi_O_patch_8.3.1/esmf/src/Superstructure/Component/src/ESMF_Comp.F90:1222
14 0x0000000000c0c0f1 esmf_cplcompmod_esmf_cplcompinitialize_()  /work/noaa/da/mpotts/sandbox/pgi_2019_openmpi_O_patch_8.3.1/esmf/src/Superstructure/Component/src/ESMF_CplComp.F90:1160
15 0x000000000122fd41 nuopc_driver_loopconnectorcompss_()  /work/noaa/da/mpotts/sandbox/pgi_2019_openmpi_O_patch_8.3.1/esmf/src/addon/NUOPC/src/NUOPC_Driver.F90:2721
16 0x0000000001227738 nuopc_driver_initializeipdv02p3_()  /work/noaa/da/mpotts/sandbox/pgi_2019_openmpi_O_patch_8.3.1/esmf/src/addon/NUOPC/src/NUOPC_Driver.F90:1943
17 0x00000000012177ea nuopc_driver_initializep1_()  /work/noaa/da/mpotts/sandbox/pgi_2019_openmpi_O_patch_8.3.1/esmf/src/addon/NUOPC/src/NUOPC_Driver.F90:458
18 0x000000000064bd9f ESMCI::FTable::callVFuncPtr()  /work/noaa/da/mpotts/sandbox/pgi_2019_openmpi_O_patch_8.3.1/esmf/src/Superstructure/Component/src/ESMCI_FTable.C:2167
19 0x0000000000649faa ESMCI_FTableCallEntryPointVMHop()  /work/noaa/da/mpotts/sandbox/pgi_2019_openmpi_O_patch_8.3.1/esmf/src/Superstructure/Component/src/ESMCI_FTable.C:824
20 0x0000000000a23228 ESMCI::VM::enter()  /work/noaa/da/mpotts/sandbox/pgi_2019_openmpi_O_patch_8.3.1/esmf/src/Infrastructure/VM/src/ESMCI_VM.C:1216
21 0x000000000064a387 c_esmc_ftablecallentrypointvm_()  /work/noaa/da/mpotts/sandbox/pgi_2019_openmpi_O_patch_8.3.1/esmf/src/Superstructure/Component/src/ESMCI_FTable.C:981
22 0x0000000000bfb8fb esmf_compmod_esmf_compexecute_()  /work/noaa/da/mpotts/sandbox/pgi_2019_openmpi_O_patch_8.3.1/esmf/src/Superstructure/Component/src/ESMF_Comp.F90:1222
23 0x0000000000dca331 esmf_gridcompmod_esmf_gridcompinitialize_()  /work/noaa/da/mpotts/sandbox/pgi_2019_openmpi_O_patch_8.3.1/esmf/src/Superstructure/Component/src/ESMF_GridComp.F90:1407
24 0x0000000000405efa MAIN_()  /work/noaa/da/mpotts/sandbox/pgi_2019_openmpi_O_patch_8.3.1/nuopc-app-prototypes/AtmOcnFDSynoProto/esmApp.F90:99
25 0x0000000000405913 main()  ???:0
26 0x0000000000022495 __libc_start_main()  ???:0
27 0x0000000000405819 _start()  ???:0
=================================
[Orion-25-02:310205] *** Process received signal ***
[Orion-25-02:310205] Signal: Segmentation fault (11)
[Orion-25-02:310205] Signal code:  (-6)
[Orion-25-02:310205] Failing at address: 0x20e50004bbbd
[Orion-25-02:310205] [ 0] /lib64/libpthread.so.0(+0xf5d0)[0x7f683dc2c5d0]
[Orion-25-02:310205] [ 1] /work/noaa/da/mpotts/sandbox/pgi_2019_openmpi_O_patch_8.3.1/esmf/DEFAULTINSTALLDIR/lib/libO/Linux.pgi.64.openmpi.default/libesmf.so(_ZN5ESMCI6LogErr13MsgFoundErrorEiPKciS2_S2_Pi+0x33)[0x7f683c41ddc3]
[Orion-25-02:310205] [ 2] /work/noaa/da/mpotts/sandbox/pgi_2019_openmpi_O_patch_8.3.1/esmf/DEFAULTINSTALLDIR/lib/libO/Linux.pgi.64.openmpi.default/libesmf.so(c_esmc_meshcreatenodedistgrid_+0xa1)[0x7f683c575ec1]
[Orion-25-02:310205] [ 3] /work/noaa/da/mpotts/sandbox/pgi_2019_openmpi_O_patch_8.3.1/esmf/DEFAULTINSTALLDIR/lib/libO/Linux.pgi.64.openmpi.default/libesmf.so(esmf_meshmod_esmf_meshcreatefrompointer_+0x4c)[0x7f683cc8195c]
[Orion-25-02:310205] [ 4] /work/noaa/da/mpotts/sandbox/pgi_2019_openmpi_O_patch_8.3.1/esmf/DEFAULTINSTALLDIR/lib/libO/Linux.pgi.64.openmpi.default/libesmf.so(esmf_gridutilmod_esmf_gridtomesh_+0x352)[0x7f683cb63b02]
[Orion-25-02:310205] [ 5] /work/noaa/da/mpotts/sandbox/pgi_2019_openmpi_O_patch_8.3.1/esmf/DEFAULTINSTALLDIR/lib/libO/Linux.pgi.64.openmpi.default/libesmf.so(esmf_fieldregridmod_b_or_p_gridtomesh_+0x156)[0x7f683ca88ac6]
[Orion-25-02:310205] [ 6] /work/noaa/da/mpotts/sandbox/pgi_2019_openmpi_O_patch_8.3.1/esmf/DEFAULTINSTALLDIR/lib/libO/Linux.pgi.64.openmpi.default/libesmf.so(esmf_fieldregridmod_getmeshwithnodesonfieldloc_+0x394)[0x7f683ca85ff4]
[Orion-25-02:310205] [ 7] /work/noaa/da/mpotts/sandbox/pgi_2019_openmpi_O_patch_8.3.1/esmf/DEFAULTINSTALLDIR/lib/libO/Linux.pgi.64.openmpi.default/libesmf.so(esmf_fieldregridmod_esmf_fieldregridstorenx_+0x9ba)[0x7f683ca8458a]
[Orion-25-02:310205] [ 8] /work/noaa/da/mpotts/sandbox/pgi_2019_openmpi_O_patch_8.3.1/esmf/DEFAULTINSTALLDIR/lib/libO/Linux.pgi.64.openmpi.default/libesmf.so(nuopc_connector_fieldbundlecplstore_+0xbc5f)[0x7f683cf10ccf]
[Orion-25-02:310205] [ 9] /work/noaa/da/mpotts/sandbox/pgi_2019_openmpi_O_patch_8.3.1/esmf/DEFAULTINSTALLDIR/lib/libO/Linux.pgi.64.openmpi.default/libesmf.so(nuopc_connector_initializeipdv05p6b_+0x4f34)[0x7f683cef8174]
[Orion-25-02:310205] [10] /work/noaa/da/mpotts/sandbox/pgi_2019_openmpi_O_patch_8.3.1/esmf/DEFAULTINSTALLDIR/lib/libO/Linux.pgi.64.openmpi.default/libesmf.so(_ZN5ESMCI6FTable12callVFuncPtrEPKcPNS_2VMEPi+0x40f)[0x7f683c34bd9f]
[Orion-25-02:310205] [11] /work/noaa/da/mpotts/sandbox/pgi_2019_openmpi_O_patch_8.3.1/esmf/DEFAULTINSTALLDIR/lib/libO/Linux.pgi.64.openmpi.default/libesmf.so(ESMCI_FTableCallEntryPointVMHop+0x1ea)[0x7f683c349faa]
[Orion-25-02:310205] [12] /work/noaa/da/mpotts/sandbox/pgi_2019_openmpi_O_patch_8.3.1/esmf/DEFAULTINSTALLDIR/lib/libO/Linux.pgi.64.openmpi.default/libesmf.so(_ZN5ESMCI2VM5enterEPNS_6VMPlanEPvS3_+0x18)[0x7f683c723228]
[Orion-25-02:310205] [13] /work/noaa/da/mpotts/sandbox/pgi_2019_openmpi_O_patch_8.3.1/esmf/DEFAULTINSTALLDIR/lib/libO/Linux.pgi.64.openmpi.default/libesmf.so(c_esmc_ftablecallentrypointvm_+0x337)[0x7f683c34a387]
[Orion-25-02:310205] [14] /work/noaa/da/mpotts/sandbox/pgi_2019_openmpi_O_patch_8.3.1/esmf/DEFAULTINSTALLDIR/lib/libO/Linux.pgi.64.openmpi.default/libesmf.so(esmf_compmod_esmf_compexecute_+0x7cb)[0x7f683c8fb8fb]
[Orion-25-02:310205] [15] /work/noaa/da/mpotts/sandbox/pgi_2019_openmpi_O_patch_8.3.1/esmf/DEFAULTINSTALLDIR/lib/libO/Linux.pgi.64.openmpi.default/libesmf.so(esmf_cplcompmod_esmf_cplcompinitialize_+0x161)[0x7f683c90c0f1]
[Orion-25-02:310205] [16] /work/noaa/da/mpotts/sandbox/pgi_2019_openmpi_O_patch_8.3.1/esmf/DEFAULTINSTALLDIR/lib/libO/Linux.pgi.64.openmpi.default/libesmf.so(nuopc_driver_loopconnectorcompss_+0xea1)[0x7f683cf2fd41]
[Orion-25-02:310205] [17] /work/noaa/da/mpotts/sandbox/pgi_2019_openmpi_O_patch_8.3.1/esmf/DEFAULTINSTALLDIR/lib/libO/Linux.pgi.64.openmpi.default/libesmf.so(nuopc_driver_initializeipdv02p3_+0x1f38)[0x7f683cf27738]
[Orion-25-02:310205] [18] /work/noaa/da/mpotts/sandbox/pgi_2019_openmpi_O_patch_8.3.1/esmf/DEFAULTINSTALLDIR/lib/libO/Linux.pgi.64.openmpi.default/libesmf.so(nuopc_driver_initializep1_+0x56a)[0x7f683cf177ea]
[Orion-25-02:310205] [19] /work/noaa/da/mpotts/sandbox/pgi_2019_openmpi_O_patch_8.3.1/esmf/DEFAULTINSTALLDIR/lib/libO/Linux.pgi.64.openmpi.default/libesmf.so(_ZN5ESMCI6FTable12callVFuncPtrEPKcPNS_2VMEPi+0x40f)[0x7f683c34bd9f]
[Orion-25-02:310205] [20] /work/noaa/da/mpotts/sandbox/pgi_2019_openmpi_O_patch_8.3.1/esmf/DEFAULTINSTALLDIR/lib/libO/Linux.pgi.64.openmpi.default/libesmf.so(ESMCI_FTableCallEntryPointVMHop+0x1ea)[0x7f683c349faa]
[Orion-25-02:310205] [21] /work/noaa/da/mpotts/sandbox/pgi_2019_openmpi_O_patch_8.3.1/esmf/DEFAULTINSTALLDIR/lib/libO/Linux.pgi.64.openmpi.default/libesmf.so(_ZN5ESMCI2VM5enterEPNS_6VMPlanEPvS3_+0x18)[0x7f683c723228]
[Orion-25-02:310205] [22] /work/noaa/da/mpotts/sandbox/pgi_2019_openmpi_O_patch_8.3.1/esmf/DEFAULTINSTALLDIR/lib/libO/Linux.pgi.64.openmpi.default/libesmf.so(c_esmc_ftablecallentrypointvm_+0x337)[0x7f683c34a387]
[Orion-25-02:310205] [23] /work/noaa/da/mpotts/sandbox/pgi_2019_openmpi_O_patch_8.3.1/esmf/DEFAULTINSTALLDIR/lib/libO/Linux.pgi.64.openmpi.default/libesmf.so(esmf_compmod_esmf_compexecute_+0x7cb)[0x7f683c8fb8fb]
[Orion-25-02:310205] [24] /work/noaa/da/mpotts/sandbox/pgi_2019_openmpi_O_patch_8.3.1/esmf/DEFAULTINSTALLDIR/lib/libO/Linux.pgi.64.openmpi.default/libesmf.so(esmf_gridcompmod_esmf_gridcompinitialize_+0x161)[0x7f683caca331]
[Orion-25-02:310205] [25] /work/noaa/da/mpotts/sandbox/pgi_2019_openmpi_O_patch_8.3.1/nuopc-app-prototypes/AtmOcnFDSynoProto/./esmApp[0x405efa]
[Orion-25-02:310205] [26] /work/noaa/da/mpotts/sandbox/pgi_2019_openmpi_O_patch_8.3.1/nuopc-app-prototypes/AtmOcnFDSynoProto/./esmApp[0x405913]
[Orion-25-02:310205] [27] /lib64/libc.so.6(__libc_start_main+0xf5)[0x7f683814d495]
[Orion-25-02:310205] [28] /work/noaa/da/mpotts/sandbox/pgi_2019_openmpi_O_patch_8.3.1/nuopc-app-prototypes/AtmOcnFDSynoProto/./esmApp[0x405819]
[Orion-25-02:310205] *** End of error message ***
==== backtrace (tid: 310203) ====
 0 0x000000000071ddc3 ESMCI::LogErr::MsgFoundError()  /work/noaa/da/mpotts/sandbox/pgi_2019_openmpi_O_patch_8.3.1/esmf/src/Infrastructure/LogErr/src/ESMCI_LogErr.C:586
 1 0x0000000000875ec1 c_esmc_meshcreatenodedistgrid_()  /work/noaa/da/mpotts/sandbox/pgi_2019_openmpi_O_patch_8.3.1/esmf/src/Infrastructure/Mesh/interface/ESMCI_Mesh_F.C:248
 2 0x0000000000f8195c esmf_meshmod_esmf_meshcreatefrompointer_()  /work/noaa/da/mpotts/sandbox/pgi_2019_openmpi_O_patch_8.3.1/esmf/src/Infrastructure/Mesh/interface/ESMF_Mesh.F90:3091
 3 0x0000000000e63b02 esmf_gridutilmod_esmf_gridtomesh_()  /work/noaa/da/mpotts/sandbox/pgi_2019_openmpi_O_patch_8.3.1/esmf/src/Infrastructure/GridUtil/interface/ESMF_GridUtil.F90:453
 4 0x0000000000d88ac6 esmf_fieldregridmod_b_or_p_gridtomesh_()  /work/noaa/da/mpotts/sandbox/pgi_2019_openmpi_O_patch_8.3.1/esmf/src/Infrastructure/Field/src/ESMF_FieldRegrid.F90:3228
 5 0x0000000000d85ff4 esmf_fieldregridmod_getmeshwithnodesonfieldloc_()  /work/noaa/da/mpotts/sandbox/pgi_2019_openmpi_O_patch_8.3.1/esmf/src/Infrastructure/Field/src/ESMF_FieldRegrid.F90:1346
 6 0x0000000000d8458a esmf_fieldregridmod_esmf_fieldregridstorenx_()  /work/noaa/da/mpotts/sandbox/pgi_2019_openmpi_O_patch_8.3.1/esmf/src/Infrastructure/Field/src/ESMF_FieldRegrid.F90:971
 7 0x0000000001210ccf nuopc_connector_fieldbundlecplstore_()  /work/noaa/da/mpotts/sandbox/pgi_2019_openmpi_O_patch_8.3.1/esmf/src/addon/NUOPC/src/NUOPC_Connector.F90:7919
 8 0x00000000011f8174 nuopc_connector_initializeipdv05p6b_()  /work/noaa/da/mpotts/sandbox/pgi_2019_openmpi_O_patch_8.3.1/esmf/src/addon/NUOPC/src/NUOPC_Connector.F90:5386
 9 0x000000000064bd9f ESMCI::FTable::callVFuncPtr()  /work/noaa/da/mpotts/sandbox/pgi_2019_openmpi_O_patch_8.3.1/esmf/src/Superstructure/Component/src/ESMCI_FTable.C:2167
10 0x0000000000649faa ESMCI_FTableCallEntryPointVMHop()  /work/noaa/da/mpotts/sandbox/pgi_2019_openmpi_O_patch_8.3.1/esmf/src/Superstructure/Component/src/ESMCI_FTable.C:824
11 0x0000000000a23228 ESMCI::VM::enter()  /work/noaa/da/mpotts/sandbox/pgi_2019_openmpi_O_patch_8.3.1/esmf/src/Infrastructure/VM/src/ESMCI_VM.C:1216
12 0x000000000064a387 c_esmc_ftablecallentrypointvm_()  /work/noaa/da/mpotts/sandbox/pgi_2019_openmpi_O_patch_8.3.1/esmf/src/Superstructure/Component/src/ESMCI_FTable.C:981
13 0x0000000000bfb8fb esmf_compmod_esmf_compexecute_()  /work/noaa/da/mpotts/sandbox/pgi_2019_openmpi_O_patch_8.3.1/esmf/src/Superstructure/Component/src/ESMF_Comp.F90:1222
14 0x0000000000c0c0f1 esmf_cplcompmod_esmf_cplcompinitialize_()  /work/noaa/da/mpotts/sandbox/pgi_2019_openmpi_O_patch_8.3.1/esmf/src/Superstructure/Component/src/ESMF_CplComp.F90:1160
15 0x000000000122fd41 nuopc_driver_loopconnectorcompss_()  /work/noaa/da/mpotts/sandbox/pgi_2019_openmpi_O_patch_8.3.1/esmf/src/addon/NUOPC/src/NUOPC_Driver.F90:2721
16 0x0000000001227738 nuopc_driver_initializeipdv02p3_()  /work/noaa/da/mpotts/sandbox/pgi_2019_openmpi_O_patch_8.3.1/esmf/src/addon/NUOPC/src/NUOPC_Driver.F90:1943
17 0x00000000012177ea nuopc_driver_initializep1_()  /work/noaa/da/mpotts/sandbox/pgi_2019_openmpi_O_patch_8.3.1/esmf/src/addon/NUOPC/src/NUOPC_Driver.F90:458
18 0x000000000064bd9f ESMCI::FTable::callVFuncPtr()  /work/noaa/da/mpotts/sandbox/pgi_2019_openmpi_O_patch_8.3.1/esmf/src/Superstructure/Component/src/ESMCI_FTable.C:2167
19 0x0000000000649faa ESMCI_FTableCallEntryPointVMHop()  /work/noaa/da/mpotts/sandbox/pgi_2019_openmpi_O_patch_8.3.1/esmf/src/Superstructure/Component/src/ESMCI_FTable.C:824
20 0x0000000000a23228 ESMCI::VM::enter()  /work/noaa/da/mpotts/sandbox/pgi_2019_openmpi_O_patch_8.3.1/esmf/src/Infrastructure/VM/src/ESMCI_VM.C:1216
21 0x000000000064a387 c_esmc_ftablecallentrypointvm_()  /work/noaa/da/mpotts/sandbox/pgi_2019_openmpi_O_patch_8.3.1/esmf/src/Superstructure/Component/src/ESMCI_FTable.C:981
22 0x0000000000bfb8fb esmf_compmod_esmf_compexecute_()  /work/noaa/da/mpotts/sandbox/pgi_2019_openmpi_O_patch_8.3.1/esmf/src/Superstructure/Component/src/ESMF_Comp.F90:1222
23 0x0000000000dca331 esmf_gridcompmod_esmf_gridcompinitialize_()  /work/noaa/da/mpotts/sandbox/pgi_2019_openmpi_O_patch_8.3.1/esmf/src/Superstructure/Component/src/ESMF_GridComp.F90:1407
24 0x0000000000405efa MAIN_()  /work/noaa/da/mpotts/sandbox/pgi_2019_openmpi_O_patch_8.3.1/nuopc-app-prototypes/AtmOcnFDSynoProto/esmApp.F90:99
25 0x0000000000405913 main()  ???:0
26 0x0000000000022495 __libc_start_main()  ???:0
27 0x0000000000405819 _start()  ???:0
=================================
[Orion-25-02:310203] *** Process received signal ***
[Orion-25-02:310203] Signal: Segmentation fault (11)
[Orion-25-02:310203] Signal code:  (-6)
[Orion-25-02:310203] Failing at address: 0x20e50004bbbb
[Orion-25-02:310203] [ 0] /lib64/libpthread.so.0(+0xf5d0)[0x7f2b9ea1c5d0]
[Orion-25-02:310203] [ 1] /work/noaa/da/mpotts/sandbox/pgi_2019_openmpi_O_patch_8.3.1/esmf/DEFAULTINSTALLDIR/lib/libO/Linux.pgi.64.openmpi.default/libesmf.so(_ZN5ESMCI6LogErr13MsgFoundErrorEiPKciS2_S2_Pi+0x33)[0x7f2b9d20ddc3]
[Orion-25-02:310203] [ 2] /work/noaa/da/mpotts/sandbox/pgi_2019_openmpi_O_patch_8.3.1/esmf/DEFAULTINSTALLDIR/lib/libO/Linux.pgi.64.openmpi.default/libesmf.so(c_esmc_meshcreatenodedistgrid_+0xa1)[0x7f2b9d365ec1]
[Orion-25-02:310203] [ 3] /work/noaa/da/mpotts/sandbox/pgi_2019_openmpi_O_patch_8.3.1/esmf/DEFAULTINSTALLDIR/lib/libO/Linux.pgi.64.openmpi.default/libesmf.so(esmf_meshmod_esmf_meshcreatefrompointer_+0x4c)[0x7f2b9da7195c]
[Orion-25-02:310203] [ 4] /work/noaa/da/mpotts/sandbox/pgi_2019_openmpi_O_patch_8.3.1/esmf/DEFAULTINSTALLDIR/lib/libO/Linux.pgi.64.openmpi.default/libesmf.so(esmf_gridutilmod_esmf_gridtomesh_+0x352)[0x7f2b9d953b02]
[Orion-25-02:310203] [ 5] /work/noaa/da/mpotts/sandbox/pgi_2019_openmpi_O_patch_8.3.1/esmf/DEFAULTINSTALLDIR/lib/libO/Linux.pgi.64.openmpi.default/libesmf.so(esmf_fieldregridmod_b_or_p_gridtomesh_+0x156)[0x7f2b9d878ac6]
[Orion-25-02:310203] [ 6] /work/noaa/da/mpotts/sandbox/pgi_2019_openmpi_O_patch_8.3.1/esmf/DEFAULTINSTALLDIR/lib/libO/Linux.pgi.64.openmpi.default/libesmf.so(esmf_fieldregridmod_getmeshwithnodesonfieldloc_+0x394)[0x7f2b9d875ff4]
[Orion-25-02:310203] [ 7] /work/noaa/da/mpotts/sandbox/pgi_2019_openmpi_O_patch_8.3.1/esmf/DEFAULTINSTALLDIR/lib/libO/Linux.pgi.64.openmpi.default/libesmf.so(esmf_fieldregridmod_esmf_fieldregridstorenx_+0x9ba)[0x7f2b9d87458a]
[Orion-25-02:310203] [ 8] /work/noaa/da/mpotts/sandbox/pgi_2019_openmpi_O_patch_8.3.1/esmf/DEFAULTINSTALLDIR/lib/libO/Linux.pgi.64.openmpi.default/libesmf.so(nuopc_connector_fieldbundlecplstore_+0xbc5f)[0x7f2b9dd00ccf]
[Orion-25-02:310203] [ 9] /work/noaa/da/mpotts/sandbox/pgi_2019_openmpi_O_patch_8.3.1/esmf/DEFAULTINSTALLDIR/lib/libO/Linux.pgi.64.openmpi.default/libesmf.so(nuopc_connector_initializeipdv05p6b_+0x4f34)[0x7f2b9dce8174]
[Orion-25-02:310203] [10] /work/noaa/da/mpotts/sandbox/pgi_2019_openmpi_O_patch_8.3.1/esmf/DEFAULTINSTALLDIR/lib/libO/Linux.pgi.64.openmpi.default/libesmf.so(_ZN5ESMCI6FTable12callVFuncPtrEPKcPNS_2VMEPi+0x40f)[0x7f2b9d13bd9f]
[Orion-25-02:310203] [11] /work/noaa/da/mpotts/sandbox/pgi_2019_openmpi_O_patch_8.3.1/esmf/DEFAULTINSTALLDIR/lib/libO/Linux.pgi.64.openmpi.default/libesmf.so(ESMCI_FTableCallEntryPointVMHop+0x1ea)[0x7f2b9d139faa]
[Orion-25-02:310203] [12] /work/noaa/da/mpotts/sandbox/pgi_2019_openmpi_O_patch_8.3.1/esmf/DEFAULTINSTALLDIR/lib/libO/Linux.pgi.64.openmpi.default/libesmf.so(_ZN5ESMCI2VM5enterEPNS_6VMPlanEPvS3_+0x18)[0x7f2b9d513228]
[Orion-25-02:310203] [13] /work/noaa/da/mpotts/sandbox/pgi_2019_openmpi_O_patch_8.3.1/esmf/DEFAULTINSTALLDIR/lib/libO/Linux.pgi.64.openmpi.default/libesmf.so(c_esmc_ftablecallentrypointvm_+0x337)[0x7f2b9d13a387]
[Orion-25-02:310203] [14] /work/noaa/da/mpotts/sandbox/pgi_2019_openmpi_O_patch_8.3.1/esmf/DEFAULTINSTALLDIR/lib/libO/Linux.pgi.64.openmpi.default/libesmf.so(esmf_compmod_esmf_compexecute_+0x7cb)[0x7f2b9d6eb8fb]
[Orion-25-02:310203] [15] /work/noaa/da/mpotts/sandbox/pgi_2019_openmpi_O_patch_8.3.1/esmf/DEFAULTINSTALLDIR/lib/libO/Linux.pgi.64.openmpi.default/libesmf.so(esmf_cplcompmod_esmf_cplcompinitialize_+0x161)[0x7f2b9d6fc0f1]
[Orion-25-02:310203] [16] /work/noaa/da/mpotts/sandbox/pgi_2019_openmpi_O_patch_8.3.1/esmf/DEFAULTINSTALLDIR/lib/libO/Linux.pgi.64.openmpi.default/libesmf.so(nuopc_driver_loopconnectorcompss_+0xea1)[0x7f2b9dd1fd41]
[Orion-25-02:310203] [17] /work/noaa/da/mpotts/sandbox/pgi_2019_openmpi_O_patch_8.3.1/esmf/DEFAULTINSTALLDIR/lib/libO/Linux.pgi.64.openmpi.default/libesmf.so(nuopc_driver_initializeipdv02p3_+0x1f38)[0x7f2b9dd17738]
[Orion-25-02:310203] [18] /work/noaa/da/mpotts/sandbox/pgi_2019_openmpi_O_patch_8.3.1/esmf/DEFAULTINSTALLDIR/lib/libO/Linux.pgi.64.openmpi.default/libesmf.so(nuopc_driver_initializep1_+0x56a)[0x7f2b9dd077ea]
[Orion-25-02:310203] [19] /work/noaa/da/mpotts/sandbox/pgi_2019_openmpi_O_patch_8.3.1/esmf/DEFAULTINSTALLDIR/lib/libO/Linux.pgi.64.openmpi.default/libesmf.so(_ZN5ESMCI6FTable12callVFuncPtrEPKcPNS_2VMEPi+0x40f)[0x7f2b9d13bd9f]
[Orion-25-02:310203] [20] /work/noaa/da/mpotts/sandbox/pgi_2019_openmpi_O_patch_8.3.1/esmf/DEFAULTINSTALLDIR/lib/libO/Linux.pgi.64.openmpi.default/libesmf.so(ESMCI_FTableCallEntryPointVMHop+0x1ea)[0x7f2b9d139faa]
[Orion-25-02:310203] [21] /work/noaa/da/mpotts/sandbox/pgi_2019_openmpi_O_patch_8.3.1/esmf/DEFAULTINSTALLDIR/lib/libO/Linux.pgi.64.openmpi.default/libesmf.so(_ZN5ESMCI2VM5enterEPNS_6VMPlanEPvS3_+0x18)[0x7f2b9d513228]
[Orion-25-02:310203] [22] /work/noaa/da/mpotts/sandbox/pgi_2019_openmpi_O_patch_8.3.1/esmf/DEFAULTINSTALLDIR/lib/libO/Linux.pgi.64.openmpi.default/libesmf.so(c_esmc_ftablecallentrypointvm_+0x337)[0x7f2b9d13a387]
[Orion-25-02:310203] [23] /work/noaa/da/mpotts/sandbox/pgi_2019_openmpi_O_patch_8.3.1/esmf/DEFAULTINSTALLDIR/lib/libO/Linux.pgi.64.openmpi.default/libesmf.so(esmf_compmod_esmf_compexecute_+0x7cb)[0x7f2b9d6eb8fb]
[Orion-25-02:310203] [24] /work/noaa/da/mpotts/sandbox/pgi_2019_openmpi_O_patch_8.3.1/esmf/DEFAULTINSTALLDIR/lib/libO/Linux.pgi.64.openmpi.default/libesmf.so(esmf_gridcompmod_esmf_gridcompinitialize_+0x161)[0x7f2b9d8ba331]
[Orion-25-02:310203] [25] /work/noaa/da/mpotts/sandbox/pgi_2019_openmpi_O_patch_8.3.1/nuopc-app-prototypes/AtmOcnFDSynoProto/./esmApp[0x405efa]
[Orion-25-02:310203] [26] /work/noaa/da/mpotts/sandbox/pgi_2019_openmpi_O_patch_8.3.1/nuopc-app-prototypes/AtmOcnFDSynoProto/./esmApp[0x405913]
[Orion-25-02:310203] [27] /lib64/libc.so.6(__libc_start_main+0xf5)[0x7f2b98f3d495]
[Orion-25-02:310203] [28] /work/noaa/da/mpotts/sandbox/pgi_2019_openmpi_O_patch_8.3.1/nuopc-app-prototypes/AtmOcnFDSynoProto/./esmApp[0x405819]
[Orion-25-02:310203] *** End of error message ***
==== backtrace (tid: 310206) ====
 0 0x000000000071ddc3 ESMCI::LogErr::MsgFoundError()  /work/noaa/da/mpotts/sandbox/pgi_2019_openmpi_O_patch_8.3.1/esmf/src/Infrastructure/LogErr/src/ESMCI_LogErr.C:586
 1 0x0000000000875ec1 c_esmc_meshcreatenodedistgrid_()  /work/noaa/da/mpotts/sandbox/pgi_2019_openmpi_O_patch_8.3.1/esmf/src/Infrastructure/Mesh/interface/ESMCI_Mesh_F.C:248
 2 0x0000000000f8195c esmf_meshmod_esmf_meshcreatefrompointer_()  /work/noaa/da/mpotts/sandbox/pgi_2019_openmpi_O_patch_8.3.1/esmf/src/Infrastructure/Mesh/interface/ESMF_Mesh.F90:3091
 3 0x0000000000e63b02 esmf_gridutilmod_esmf_gridtomesh_()  /work/noaa/da/mpotts/sandbox/pgi_2019_openmpi_O_patch_8.3.1/esmf/src/Infrastructure/GridUtil/interface/ESMF_GridUtil.F90:453
 4 0x0000000000d88ac6 esmf_fieldregridmod_b_or_p_gridtomesh_()  /work/noaa/da/mpotts/sandbox/pgi_2019_openmpi_O_patch_8.3.1/esmf/src/Infrastructure/Field/src/ESMF_FieldRegrid.F90:3228
 5 0x0000000000d85ff4 esmf_fieldregridmod_getmeshwithnodesonfieldloc_()  /work/noaa/da/mpotts/sandbox/pgi_2019_openmpi_O_patch_8.3.1/esmf/src/Infrastructure/Field/src/ESMF_FieldRegrid.F90:1346
 6 0x0000000000d8458a esmf_fieldregridmod_esmf_fieldregridstorenx_()  /work/noaa/da/mpotts/sandbox/pgi_2019_openmpi_O_patch_8.3.1/esmf/src/Infrastructure/Field/src/ESMF_FieldRegrid.F90:971
 7 0x0000000001210ccf nuopc_connector_fieldbundlecplstore_()  /work/noaa/da/mpotts/sandbox/pgi_2019_openmpi_O_patch_8.3.1/esmf/src/addon/NUOPC/src/NUOPC_Connector.F90:7919
 8 0x00000000011f8174 nuopc_connector_initializeipdv05p6b_()  /work/noaa/da/mpotts/sandbox/pgi_2019_openmpi_O_patch_8.3.1/esmf/src/addon/NUOPC/src/NUOPC_Connector.F90:5386
 9 0x000000000064bd9f ESMCI::FTable::callVFuncPtr()  /work/noaa/da/mpotts/sandbox/pgi_2019_openmpi_O_patch_8.3.1/esmf/src/Superstructure/Component/src/ESMCI_FTable.C:2167
10 0x0000000000649faa ESMCI_FTableCallEntryPointVMHop()  /work/noaa/da/mpotts/sandbox/pgi_2019_openmpi_O_patch_8.3.1/esmf/src/Superstructure/Component/src/ESMCI_FTable.C:824
11 0x0000000000a23228 ESMCI::VM::enter()  /work/noaa/da/mpotts/sandbox/pgi_2019_openmpi_O_patch_8.3.1/esmf/src/Infrastructure/VM/src/ESMCI_VM.C:1216
12 0x000000000064a387 c_esmc_ftablecallentrypointvm_()  /work/noaa/da/mpotts/sandbox/pgi_2019_openmpi_O_patch_8.3.1/esmf/src/Superstructure/Component/src/ESMCI_FTable.C:981
13 0x0000000000bfb8fb esmf_compmod_esmf_compexecute_()  /work/noaa/da/mpotts/sandbox/pgi_2019_openmpi_O_patch_8.3.1/esmf/src/Superstructure/Component/src/ESMF_Comp.F90:1222
14 0x0000000000c0c0f1 esmf_cplcompmod_esmf_cplcompinitialize_()  /work/noaa/da/mpotts/sandbox/pgi_2019_openmpi_O_patch_8.3.1/esmf/src/Superstructure/Component/src/ESMF_CplComp.F90:1160
15 0x000000000122fd41 nuopc_driver_loopconnectorcompss_()  /work/noaa/da/mpotts/sandbox/pgi_2019_openmpi_O_patch_8.3.1/esmf/src/addon/NUOPC/src/NUOPC_Driver.F90:2721
16 0x0000000001227738 nuopc_driver_initializeipdv02p3_()  /work/noaa/da/mpotts/sandbox/pgi_2019_openmpi_O_patch_8.3.1/esmf/src/addon/NUOPC/src/NUOPC_Driver.F90:1943
17 0x00000000012177ea nuopc_driver_initializep1_()  /work/noaa/da/mpotts/sandbox/pgi_2019_openmpi_O_patch_8.3.1/esmf/src/addon/NUOPC/src/NUOPC_Driver.F90:458
18 0x000000000064bd9f ESMCI::FTable::callVFuncPtr()  /work/noaa/da/mpotts/sandbox/pgi_2019_openmpi_O_patch_8.3.1/esmf/src/Superstructure/Component/src/ESMCI_FTable.C:2167
19 0x0000000000649faa ESMCI_FTableCallEntryPointVMHop()  /work/noaa/da/mpotts/sandbox/pgi_2019_openmpi_O_patch_8.3.1/esmf/src/Superstructure/Component/src/ESMCI_FTable.C:824
20 0x0000000000a23228 ESMCI::VM::enter()  /work/noaa/da/mpotts/sandbox/pgi_2019_openmpi_O_patch_8.3.1/esmf/src/Infrastructure/VM/src/ESMCI_VM.C:1216
21 0x000000000064a387 c_esmc_ftablecallentrypointvm_()  /work/noaa/da/mpotts/sandbox/pgi_2019_openmpi_O_patch_8.3.1/esmf/src/Superstructure/Component/src/ESMCI_FTable.C:981
22 0x0000000000bfb8fb esmf_compmod_esmf_compexecute_()  /work/noaa/da/mpotts/sandbox/pgi_2019_openmpi_O_patch_8.3.1/esmf/src/Superstructure/Component/src/ESMF_Comp.F90:1222
23 0x0000000000dca331 esmf_gridcompmod_esmf_gridcompinitialize_()  /work/noaa/da/mpotts/sandbox/pgi_2019_openmpi_O_patch_8.3.1/esmf/src/Superstructure/Component/src/ESMF_GridComp.F90:1407
24 0x0000000000405efa MAIN_()  /work/noaa/da/mpotts/sandbox/pgi_2019_openmpi_O_patch_8.3.1/nuopc-app-prototypes/AtmOcnFDSynoProto/esmApp.F90:99
25 0x0000000000405913 main()  ???:0
26 0x0000000000022495 __libc_start_main()  ???:0
27 0x0000000000405819 _start()  ???:0
=================================
[Orion-25-02:310206] *** Process received signal ***
[Orion-25-02:310206] Signal: Segmentation fault (11)
[Orion-25-02:310206] Signal code:  (-6)
[Orion-25-02:310206] Failing at address: 0x20e50004bbbe
[Orion-25-02:310206] [ 0] /lib64/libpthread.so.0(+0xf5d0)[0x7f832a3d55d0]
[Orion-25-02:310206] [ 1] /work/noaa/da/mpotts/sandbox/pgi_2019_openmpi_O_patch_8.3.1/esmf/DEFAULTINSTALLDIR/lib/libO/Linux.pgi.64.openmpi.default/libesmf.so(_ZN5ESMCI6LogErr13MsgFoundErrorEiPKciS2_S2_Pi+0x33)[0x7f8328bc6dc3]
[Orion-25-02:310206] [ 2] /work/noaa/da/mpotts/sandbox/pgi_2019_openmpi_O_patch_8.3.1/esmf/DEFAULTINSTALLDIR/lib/libO/Linux.pgi.64.openmpi.default/libesmf.so(c_esmc_meshcreatenodedistgrid_+0xa1)[0x7f8328d1eec1]
==== backtrace (tid: 310204) ====
 0 0x000000000071ddc3 ESMCI::LogErr::MsgFoundError()  /work/noaa/da/mpotts/sandbox/pgi_2019_openmpi_O_patch_8.3.1/esmf/src/Infrastructure/LogErr/src/ESMCI_LogErr.C:586
 1 0x0000000000875ec1 c_esmc_meshcreatenodedistgrid_()  /work/noaa/da/mpotts/sandbox/pgi_2019_openmpi_O_patch_8.3.1/esmf/src/Infrastructure/Mesh/interface/ESMCI_Mesh_F.C:248
 2 0x0000000000f8195c esmf_meshmod_esmf_meshcreatefrompointer_()  /work/noaa/da/mpotts/sandbox/pgi_2019_openmpi_O_patch_8.3.1/esmf/src/Infrastructure/Mesh/interface/ESMF_Mesh.F90:3091
 3 0x0000000000e63b02 esmf_gridutilmod_esmf_gridtomesh_()  /work/noaa/da/mpotts/sandbox/pgi_2019_openmpi_O_patch_8.3.1/esmf/src/Infrastructure/GridUtil/interface/ESMF_GridUtil.F90:453
 4 0x0000000000d88ac6 esmf_fieldregridmod_b_or_p_gridtomesh_()  /work/noaa/da/mpotts/sandbox/pgi_2019_openmpi_O_patch_8.3.1/esmf/src/Infrastructure/Field/src/ESMF_FieldRegrid.F90:3228
 5 0x0000000000d85ff4 esmf_fieldregridmod_getmeshwithnodesonfieldloc_()  /work/noaa/da/mpotts/sandbox/pgi_2019_openmpi_O_patch_8.3.1/esmf/src/Infrastructure/Field/src/ESMF_FieldRegrid.F90:1346
 6 0x0000000000d8458a esmf_fieldregridmod_esmf_fieldregridstorenx_()  /work/noaa/da/mpotts/sandbox/pgi_2019_openmpi_O_patch_8.3.1/esmf/src/Infrastructure/Field/src/ESMF_FieldRegrid.F90:971
 7 0x0000000001210ccf nuopc_connector_fieldbundlecplstore_()  /work/noaa/da/mpotts/sandbox/pgi_2019_openmpi_O_patch_8.3.1/esmf/src/addon/NUOPC/src/NUOPC_Connector.F90:7919
 8 0x00000000011f8174 nuopc_connector_initializeipdv05p6b_()  /work/noaa/da/mpotts/sandbox/pgi_2019_openmpi_O_patch_8.3.1/esmf/src/addon/NUOPC/src/NUOPC_Connector.F90:5386
 9 0x000000000064bd9f ESMCI::FTable::callVFuncPtr()  /work/noaa/da/mpotts/sandbox/pgi_2019_openmpi_O_patch_8.3.1/esmf/src/Superstructure/Component/src/ESMCI_FTable.C:2167
10 0x0000000000649faa ESMCI_FTableCallEntryPointVMHop()  /work/noaa/da/mpotts/sandbox/pgi_2019_openmpi_O_patch_8.3.1/esmf/src/Superstructure/Component/src/ESMCI_FTable.C:824
11 0x0000000000a23228 ESMCI::VM::enter()  /work/noaa/da/mpotts/sandbox/pgi_2019_openmpi_O_patch_8.3.1/esmf/src/Infrastructure/VM/src/ESMCI_VM.C:1216
12 0x000000000064a387 c_esmc_ftablecallentrypointvm_()  /work/noaa/da/mpotts/sandbox/pgi_2019_openmpi_O_patch_8.3.1/esmf/src/Superstructure/Component/src/ESMCI_FTable.C:981
13 0x0000000000bfb8fb esmf_compmod_esmf_compexecute_()  /work/noaa/da/mpotts/sandbox/pgi_2019_openmpi_O_patch_8.3.1/esmf/src/Superstructure/Component/src/ESMF_Comp.F90:1222
14 0x0000000000c0c0f1 esmf_cplcompmod_esmf_cplcompinitialize_()  /work/noaa/da/mpotts/sandbox/pgi_2019_openmpi_O_patch_8.3.1/esmf/src/Superstructure/Component/src/ESMF_CplComp.F90:1160
15 0x000000000122fd41 nuopc_driver_loopconnectorcompss_()  /work/noaa/da/mpotts/sandbox/pgi_2019_openmpi_O_patch_8.3.1/esmf/src/addon/NUOPC/src/NUOPC_Driver.F90:2721
16 0x0000000001227738 nuopc_driver_initializeipdv02p3_()  /work/noaa/da/mpotts/sandbox/pgi_2019_openmpi_O_patch_8.3.1/esmf/src/addon/NUOPC/src/NUOPC_Driver.F90:1943
17 0x00000000012177ea nuopc_driver_initializep1_()  /work/noaa/da/mpotts/sandbox/pgi_2019_openmpi_O_patch_8.3.1/esmf/src/addon/NUOPC/src/NUOPC_Driver.F90:458
18 0x000000000064bd9f ESMCI::FTable::callVFuncPtr()  /work/noaa/da/mpotts/sandbox/pgi_2019_openmpi_O_patch_8.3.1/esmf/src/Superstructure/Component/src/ESMCI_FTable.C:2167
19 0x0000000000649faa ESMCI_FTableCallEntryPointVMHop()  /work/noaa/da/mpotts/sandbox/pgi_2019_openmpi_O_patch_8.3.1/esmf/src/Superstructure/Component/src/ESMCI_FTable.C:824
20 0x0000000000a23228 ESMCI::VM::enter()  /work/noaa/da/mpotts/sandbox/pgi_2019_openmpi_O_patch_8.3.1/esmf/src/Infrastructure/VM/src/ESMCI_VM.C:1216
21 0x000000000064a387 c_esmc_ftablecallentrypointvm_()  /work/noaa/da/mpotts/sandbox/pgi_2019_openmpi_O_patch_8.3.1/esmf/src/Superstructure/Component/src/ESMCI_FTable.C:981
22 0x0000000000bfb8fb esmf_compmod_esmf_compexecute_()  /work/noaa/da/mpotts/sandbox/pgi_2019_openmpi_O_patch_8.3.1/esmf/src/Superstructure/Component/src/ESMF_Comp.F90:1222
23 0x0000000000dca331 esmf_gridcompmod_esmf_gridcompinitialize_()  /work/noaa/da/mpotts/sandbox/pgi_2019_openmpi_O_patch_8.3.1/esmf/src/Superstructure/Component/src/ESMF_GridComp.F90:1407
[Orion-25-02:310206] [ 3] /work/noaa/da/mpotts/sandbox/pgi_2019_openmpi_O_patch_8.3.1/esmf/DEFAULTINSTALLDIR/lib/libO/Linux.pgi.64.openmpi.default/libesmf.so(esmf_meshmod_esmf_meshcreatefrompointer_+0x4c)[0x7f832942a95c]
24 0x0000000000405efa MAIN_()  /work/noaa/da/mpotts/sandbox/pgi_2019_openmpi_O_patch_8.3.1/nuopc-app-prototypes/AtmOcnFDSynoProto/esmApp.F90:99
25 0x0000000000405913 main()  ???:0
26 0x0000000000022495 __libc_start_main()  ???:0
27 0x0000000000405819 _start()  ???:0
=================================
[Orion-25-02:310204] *** Process received signal ***
[Orion-25-02:310204] Signal: Segmentation fault (11)
[Orion-25-02:310204] Signal code:  (-6)
[Orion-25-02:310204] Failing at address: 0x20e50004bbbc
[Orion-25-02:310206] [ 4] /work/noaa/da/mpotts/sandbox/pgi_2019_openmpi_O_patch_8.3.1/esmf/DEFAULTINSTALLDIR/lib/libO/Linux.pgi.64.openmpi.default/libesmf.so(esmf_gridutilmod_esmf_gridtomesh_+0x352)[0x7f832930cb02]
[Orion-25-02:310204] [ 0] /lib64/libpthread.so.0(+0xf5d0)[0x7f03498735d0]
[Orion-25-02:310206] [ 5] /work/noaa/da/mpotts/sandbox/pgi_2019_openmpi_O_patch_8.3.1/esmf/DEFAULTINSTALLDIR/lib/libO/Linux.pgi.64.openmpi.default/libesmf.so(esmf_fieldregridmod_b_or_p_gridtomesh_+0x156)[0x7f8329231ac6]
[Orion-25-02:310204] [ 1] /work/noaa/da/mpotts/sandbox/pgi_2019_openmpi_O_patch_8.3.1/esmf/DEFAULTINSTALLDIR/lib/libO/Linux.pgi.64.openmpi.default/libesmf.so(_ZN5ESMCI6LogErr13MsgFoundErrorEiPKciS2_S2_Pi+0x33)[0x7f0348064dc3]
[Orion-25-02:310206] [ 6] /work/noaa/da/mpotts/sandbox/pgi_2019_openmpi_O_patch_8.3.1/esmf/DEFAULTINSTALLDIR/lib/libO/Linux.pgi.64.openmpi.default/libesmf.so(esmf_fieldregridmod_getmeshwithnodesonfieldloc_+0x394)[0x7f832922eff4]
[Orion-25-02:310204] [ 2] /work/noaa/da/mpotts/sandbox/pgi_2019_openmpi_O_patch_8.3.1/esmf/DEFAULTINSTALLDIR/lib/libO/Linux.pgi.64.openmpi.default/libesmf.so(c_esmc_meshcreatenodedistgrid_+0xa1)[0x7f03481bcec1]
[Orion-25-02:310206] [ 7] /work/noaa/da/mpotts/sandbox/pgi_2019_openmpi_O_patch_8.3.1/esmf/DEFAULTINSTALLDIR/lib/libO/Linux.pgi.64.openmpi.default/libesmf.so(esmf_fieldregridmod_esmf_fieldregridstorenx_+0x9ba)[0x7f832922d58a]
[Orion-25-02:310204] [ 3] /work/noaa/da/mpotts/sandbox/pgi_2019_openmpi_O_patch_8.3.1/esmf/DEFAULTINSTALLDIR/lib/libO/Linux.pgi.64.openmpi.default/libesmf.so(esmf_meshmod_esmf_meshcreatefrompointer_+0x4c)[0x7f03488c895c]
[Orion-25-02:310206] [ 8] /work/noaa/da/mpotts/sandbox/pgi_2019_openmpi_O_patch_8.3.1/esmf/DEFAULTINSTALLDIR/lib/libO/Linux.pgi.64.openmpi.default/libesmf.so(nuopc_connector_fieldbundlecplstore_+0xbc5f)[0x7f83296b9ccf]
[Orion-25-02:310204] [ 4] /work/noaa/da/mpotts/sandbox/pgi_2019_openmpi_O_patch_8.3.1/esmf/DEFAULTINSTALLDIR/lib/libO/Linux.pgi.64.openmpi.default/libesmf.so(esmf_gridutilmod_esmf_gridtomesh_+0x352)[0x7f03487aab02]
[Orion-25-02:310206] [ 9] /work/noaa/da/mpotts/sandbox/pgi_2019_openmpi_O_patch_8.3.1/esmf/DEFAULTINSTALLDIR/lib/libO/Linux.pgi.64.openmpi.default/libesmf.so(nuopc_connector_initializeipdv05p6b_+0x4f34)[0x7f83296a1174]
[Orion-25-02:310204] [ 5] /work/noaa/da/mpotts/sandbox/pgi_2019_openmpi_O_patch_8.3.1/esmf/DEFAULTINSTALLDIR/lib/libO/Linux.pgi.64.openmpi.default/libesmf.so(esmf_fieldregridmod_b_or_p_gridtomesh_+0x156)[0x7f03486cfac6]
[Orion-25-02:310206] [10] /work/noaa/da/mpotts/sandbox/pgi_2019_openmpi_O_patch_8.3.1/esmf/DEFAULTINSTALLDIR/lib/libO/Linux.pgi.64.openmpi.default/libesmf.so(_ZN5ESMCI6FTable12callVFuncPtrEPKcPNS_2VMEPi+0x40f)[0x7f8328af4d9f]
[Orion-25-02:310206] [11] /work/noaa/da/mpotts/sandbox/pgi_2019_openmpi_O_patch_8.3.1/esmf/DEFAULTINSTALLDIR/lib/libO/Linux.pgi.64.openmpi.default/libesmf.so(ESMCI_FTableCallEntryPointVMHop+0x1ea)[0x7f8328af2faa]
[Orion-25-02:310204] [ 6] /work/noaa/da/mpotts/sandbox/pgi_2019_openmpi_O_patch_8.3.1/esmf/DEFAULTINSTALLDIR/lib/libO/Linux.pgi.64.openmpi.default/libesmf.so(esmf_fieldregridmod_getmeshwithnodesonfieldloc_+0x394)[0x7f03486ccff4]
[Orion-25-02:310206] [12] /work/noaa/da/mpotts/sandbox/pgi_2019_openmpi_O_patch_8.3.1/esmf/DEFAULTINSTALLDIR/lib/libO/Linux.pgi.64.openmpi.default/libesmf.so(_ZN5ESMCI2VM5enterEPNS_6VMPlanEPvS3_+0x18)[0x7f8328ecc228]
[Orion-25-02:310204] [ 7] /work/noaa/da/mpotts/sandbox/pgi_2019_openmpi_O_patch_8.3.1/esmf/DEFAULTINSTALLDIR/lib/libO/Linux.pgi.64.openmpi.default/libesmf.so(esmf_fieldregridmod_esmf_fieldregridstorenx_+0x9ba)[0x7f03486cb58a]
[Orion-25-02:310206] [13] /work/noaa/da/mpotts/sandbox/pgi_2019_openmpi_O_patch_8.3.1/esmf/DEFAULTINSTALLDIR/lib/libO/Linux.pgi.64.openmpi.default/libesmf.so(c_esmc_ftablecallentrypointvm_+0x337)[0x7f8328af3387]
[Orion-25-02:310204] [ 8] /work/noaa/da/mpotts/sandbox/pgi_2019_openmpi_O_patch_8.3.1/esmf/DEFAULTINSTALLDIR/lib/libO/Linux.pgi.64.openmpi.default/libesmf.so(nuopc_connector_fieldbundlecplstore_+0xbc5f)[0x7f0348b57ccf]
[Orion-25-02:310206] [14] /work/noaa/da/mpotts/sandbox/pgi_2019_openmpi_O_patch_8.3.1/esmf/DEFAULTINSTALLDIR/lib/libO/Linux.pgi.64.openmpi.default/libesmf.so(esmf_compmod_esmf_compexecute_+0x7cb)[0x7f83290a48fb]
[Orion-25-02:310204] [ 9] /work/noaa/da/mpotts/sandbox/pgi_2019_openmpi_O_patch_8.3.1/esmf/DEFAULTINSTALLDIR/lib/libO/Linux.pgi.64.openmpi.default/libesmf.so(nuopc_connector_initializeipdv05p6b_+0x4f34)[0x7f0348b3f174]
[Orion-25-02:310204] [10] /work/noaa/da/mpotts/sandbox/pgi_2019_openmpi_O_patch_8.3.1/esmf/DEFAULTINSTALLDIR/lib/libO/Linux.pgi.64.openmpi.default/libesmf.so(_ZN5ESMCI6FTable12callVFuncPtrEPKcPNS_2VMEPi+0x40f)[0x7f0347f92d9f]
[Orion-25-02:310206] [15] /work/noaa/da/mpotts/sandbox/pgi_2019_openmpi_O_patch_8.3.1/esmf/DEFAULTINSTALLDIR/lib/libO/Linux.pgi.64.openmpi.default/libesmf.so(esmf_cplcompmod_esmf_cplcompinitialize_+0x161)[0x7f83290b50f1]
[Orion-25-02:310204] [11] /work/noaa/da/mpotts/sandbox/pgi_2019_openmpi_O_patch_8.3.1/esmf/DEFAULTINSTALLDIR/lib/libO/Linux.pgi.64.openmpi.default/libesmf.so(ESMCI_FTableCallEntryPointVMHop+0x1ea)[0x7f0347f90faa]
[Orion-25-02:310206] [16] /work/noaa/da/mpotts/sandbox/pgi_2019_openmpi_O_patch_8.3.1/esmf/DEFAULTINSTALLDIR/lib/libO/Linux.pgi.64.openmpi.default/libesmf.so(nuopc_driver_loopconnectorcompss_+0xea1)[0x7f83296d8d41]
[Orion-25-02:310204] [12] /work/noaa/da/mpotts/sandbox/pgi_2019_openmpi_O_patch_8.3.1/esmf/DEFAULTINSTALLDIR/lib/libO/Linux.pgi.64.openmpi.default/libesmf.so(_ZN5ESMCI2VM5enterEPNS_6VMPlanEPvS3_+0x18)[0x7f034836a228]
[Orion-25-02:310206] [17] /work/noaa/da/mpotts/sandbox/pgi_2019_openmpi_O_patch_8.3.1/esmf/DEFAULTINSTALLDIR/lib/libO/Linux.pgi.64.openmpi.default/libesmf.so(nuopc_driver_initializeipdv02p3_+0x1f38)[0x7f83296d0738]
[Orion-25-02:310204] [13] /work/noaa/da/mpotts/sandbox/pgi_2019_openmpi_O_patch_8.3.1/esmf/DEFAULTINSTALLDIR/lib/libO/Linux.pgi.64.openmpi.default/libesmf.so(c_esmc_ftablecallentrypointvm_+0x337)[0x7f0347f91387]
[Orion-25-02:310206] [18] /work/noaa/da/mpotts/sandbox/pgi_2019_openmpi_O_patch_8.3.1/esmf/DEFAULTINSTALLDIR/lib/libO/Linux.pgi.64.openmpi.default/libesmf.so(nuopc_driver_initializep1_+0x56a)[0x7f83296c07ea]
[Orion-25-02:310206] [19] /work/noaa/da/mpotts/sandbox/pgi_2019_openmpi_O_patch_8.3.1/esmf/DEFAULTINSTALLDIR/lib/libO/Linux.pgi.64.openmpi.default/libesmf.so(_ZN5ESMCI6FTable12callVFuncPtrEPKcPNS_2VMEPi+0x40f)[0x7f8328af4d9f]
[Orion-25-02:310204] [14] /work/noaa/da/mpotts/sandbox/pgi_2019_openmpi_O_patch_8.3.1/esmf/DEFAULTINSTALLDIR/lib/libO/Linux.pgi.64.openmpi.default/libesmf.so(esmf_compmod_esmf_compexecute_+0x7cb)[0x7f03485428fb]
[Orion-25-02:310206] [20] /work/noaa/da/mpotts/sandbox/pgi_2019_openmpi_O_patch_8.3.1/esmf/DEFAULTINSTALLDIR/lib/libO/Linux.pgi.64.openmpi.default/libesmf.so(ESMCI_FTableCallEntryPointVMHop+0x1ea)[0x7f8328af2faa]
[Orion-25-02:310204] [15] /work/noaa/da/mpotts/sandbox/pgi_2019_openmpi_O_patch_8.3.1/esmf/DEFAULTINSTALLDIR/lib/libO/Linux.pgi.64.openmpi.default/libesmf.so(esmf_cplcompmod_esmf_cplcompinitialize_+0x161)[0x7f03485530f1]
[Orion-25-02:310206] [21] /work/noaa/da/mpotts/sandbox/pgi_2019_openmpi_O_patch_8.3.1/esmf/DEFAULTINSTALLDIR/lib/libO/Linux.pgi.64.openmpi.default/libesmf.so(_ZN5ESMCI2VM5enterEPNS_6VMPlanEPvS3_+0x18)[0x7f8328ecc228]
[Orion-25-02:310204] [16] /work/noaa/da/mpotts/sandbox/pgi_2019_openmpi_O_patch_8.3.1/esmf/DEFAULTINSTALLDIR/lib/libO/Linux.pgi.64.openmpi.default/libesmf.so(nuopc_driver_loopconnectorcompss_+0xea1)[0x7f0348b76d41]
[Orion-25-02:310206] [22] /work/noaa/da/mpotts/sandbox/pgi_2019_openmpi_O_patch_8.3.1/esmf/DEFAULTINSTALLDIR/lib/libO/Linux.pgi.64.openmpi.default/libesmf.so(c_esmc_ftablecallentrypointvm_+0x337)[0x7f8328af3387]
[Orion-25-02:310204] [17] /work/noaa/da/mpotts/sandbox/pgi_2019_openmpi_O_patch_8.3.1/esmf/DEFAULTINSTALLDIR/lib/libO/Linux.pgi.64.openmpi.default/libesmf.so(nuopc_driver_initializeipdv02p3_+0x1f38)[0x7f0348b6e738]
[Orion-25-02:310206] [23] /work/noaa/da/mpotts/sandbox/pgi_2019_openmpi_O_patch_8.3.1/esmf/DEFAULTINSTALLDIR/lib/libO/Linux.pgi.64.openmpi.default/libesmf.so(esmf_compmod_esmf_compexecute_+0x7cb)[0x7f83290a48fb]
[Orion-25-02:310204] [18] /work/noaa/da/mpotts/sandbox/pgi_2019_openmpi_O_patch_8.3.1/esmf/DEFAULTINSTALLDIR/lib/libO/Linux.pgi.64.openmpi.default/libesmf.so(nuopc_driver_initializep1_+0x56a)[0x7f0348b5e7ea]
[Orion-25-02:310204] [19] /work/noaa/da/mpotts/sandbox/pgi_2019_openmpi_O_patch_8.3.1/esmf/DEFAULTINSTALLDIR/lib/libO/Linux.pgi.64.openmpi.default/libesmf.so(_ZN5ESMCI6FTable12callVFuncPtrEPKcPNS_2VMEPi+0x40f)[0x7f0347f92d9f]
[Orion-25-02:310206] [24] /work/noaa/da/mpotts/sandbox/pgi_2019_openmpi_O_patch_8.3.1/esmf/DEFAULTINSTALLDIR/lib/libO/Linux.pgi.64.openmpi.default/libesmf.so(esmf_gridcompmod_esmf_gridcompinitialize_+0x161)[0x7f8329273331]
[Orion-25-02:310206] [25] /work/noaa/da/mpotts/sandbox/pgi_2019_openmpi_O_patch_8.3.1/nuopc-app-prototypes/AtmOcnFDSynoProto/./esmApp[0x405efa]
[Orion-25-02:310206] [26] /work/noaa/da/mpotts/sandbox/pgi_2019_openmpi_O_patch_8.3.1/nuopc-app-prototypes/AtmOcnFDSynoProto/./esmApp[0x405913]
[Orion-25-02:310206] [27] /lib64/libc.so.6(__libc_start_main+0xf5)[0x7f83248f6495]
[Orion-25-02:310206] [28] /work/noaa/da/mpotts/sandbox/pgi_2019_openmpi_O_patch_8.3.1/nuopc-app-prototypes/AtmOcnFDSynoProto/./esmApp[0x405819]
[Orion-25-02:310206] *** End of error message ***
[Orion-25-02:310204] [20] /work/noaa/da/mpotts/sandbox/pgi_2019_openmpi_O_patch_8.3.1/esmf/DEFAULTINSTALLDIR/lib/libO/Linux.pgi.64.openmpi.default/libesmf.so(ESMCI_FTableCallEntryPointVMHop+0x1ea)[0x7f0347f90faa]
[Orion-25-02:310204] [21] /work/noaa/da/mpotts/sandbox/pgi_2019_openmpi_O_patch_8.3.1/esmf/DEFAULTINSTALLDIR/lib/libO/Linux.pgi.64.openmpi.default/libesmf.so(_ZN5ESMCI2VM5enterEPNS_6VMPlanEPvS3_+0x18)[0x7f034836a228]
[Orion-25-02:310204] [22] /work/noaa/da/mpotts/sandbox/pgi_2019_openmpi_O_patch_8.3.1/esmf/DEFAULTINSTALLDIR/lib/libO/Linux.pgi.64.openmpi.default/libesmf.so(c_esmc_ftablecallentrypointvm_+0x337)[0x7f0347f91387]
[Orion-25-02:310204] [23] /work/noaa/da/mpotts/sandbox/pgi_2019_openmpi_O_patch_8.3.1/esmf/DEFAULTINSTALLDIR/lib/libO/Linux.pgi.64.openmpi.default/libesmf.so(esmf_compmod_esmf_compexecute_+0x7cb)[0x7f03485428fb]
[Orion-25-02:310204] [24] /work/noaa/da/mpotts/sandbox/pgi_2019_openmpi_O_patch_8.3.1/esmf/DEFAULTINSTALLDIR/lib/libO/Linux.pgi.64.openmpi.default/libesmf.so(esmf_gridcompmod_esmf_gridcompinitialize_+0x161)[0x7f0348711331]
[Orion-25-02:310204] [25] /work/noaa/da/mpotts/sandbox/pgi_2019_openmpi_O_patch_8.3.1/nuopc-app-prototypes/AtmOcnFDSynoProto/./esmApp[0x405efa]
[Orion-25-02:310204] [26] /work/noaa/da/mpotts/sandbox/pgi_2019_openmpi_O_patch_8.3.1/nuopc-app-prototypes/AtmOcnFDSynoProto/./esmApp[0x405913]
[Orion-25-02:310204] [27] /lib64/libc.so.6(__libc_start_main+0xf5)[0x7f0343d94495]
[Orion-25-02:310204] [28] /work/noaa/da/mpotts/sandbox/pgi_2019_openmpi_O_patch_8.3.1/nuopc-app-prototypes/AtmOcnFDSynoProto/./esmApp[0x405819]
[Orion-25-02:310204] *** End of error message ***
srun: error: Orion-25-02: tasks 0-3: Segmentation fault
srun: launch/slurm: _step_signal: Terminating StepId=6547903.6
