2022-08-25 05:23:24
[Orion-25-02:310304:0:310304] Caught signal 11 (Segmentation fault: address not mapped to object at address 0x4f1b591)
[Orion-25-02:310305:0:310305] Caught signal 11 (Segmentation fault: address not mapped to object at address 0x4f1b591)
[Orion-25-02:310307:0:310307] Caught signal 11 (Segmentation fault: address not mapped to object at address 0x4f1b591)

/work/noaa/da/mpotts/sandbox/pgi_2019_openmpi_O_patch_8.3.1/esmf/src/Infrastructure/LogErr/src/ESMCI_LogErr.C: [ ESMCI::LogErr::MsgFoundError() ]
      ...
      583 {
      584     bool result=false;
      585 #ifdef ESMC_SUCCESSDEFAULT_ON
==>   586     if (rcToReturn != ESMC_NULL_POINTER) *rcToReturn=ESMF_SUCCESS;
      587 #endif
      588     if (trace) {
      589         Write(ESMC_METHOD,ESMC_LOGMSG_TRACE,


/work/noaa/da/mpotts/sandbox/pgi_2019_openmpi_O_patch_8.3.1/esmf/src/Infrastructure/LogErr/src/ESMCI_LogErr.C: [ ESMCI::LogErr::MsgFoundError() ]
      ...
      583 {
      584     bool result=false;
      585 #ifdef ESMC_SUCCESSDEFAULT_ON
==>   586     if (rcToReturn != ESMC_NULL_POINTER) *rcToReturn=ESMF_SUCCESS;
      587 #endif
      588     if (trace) {
      589         Write(ESMC_METHOD,ESMC_LOGMSG_TRACE,


/work/noaa/da/mpotts/sandbox/pgi_2019_openmpi_O_patch_8.3.1/esmf/src/Infrastructure/LogErr/src/ESMCI_LogErr.C: [ ESMCI::LogErr::MsgFoundError() ]
      ...
      583 {
      584     bool result=false;
      585 #ifdef ESMC_SUCCESSDEFAULT_ON
==>   586     if (rcToReturn != ESMC_NULL_POINTER) *rcToReturn=ESMF_SUCCESS;
      587 #endif
      588     if (trace) {
      589         Write(ESMC_METHOD,ESMC_LOGMSG_TRACE,

==== backtrace (tid: 310304) ====
 0 0x000000000071ddc3 ESMCI::LogErr::MsgFoundError()  /work/noaa/da/mpotts/sandbox/pgi_2019_openmpi_O_patch_8.3.1/esmf/src/Infrastructure/LogErr/src/ESMCI_LogErr.C:586
 1 0x0000000000875ec1 c_esmc_meshcreatenodedistgrid_()  /work/noaa/da/mpotts/sandbox/pgi_2019_openmpi_O_patch_8.3.1/esmf/src/Infrastructure/Mesh/interface/ESMCI_Mesh_F.C:248
 2 0x0000000000f8195c esmf_meshmod_esmf_meshcreatefrompointer_()  /work/noaa/da/mpotts/sandbox/pgi_2019_openmpi_O_patch_8.3.1/esmf/src/Infrastructure/Mesh/interface/ESMF_Mesh.F90:3091
 3 0x0000000000e63b02 esmf_gridutilmod_esmf_gridtomesh_()  /work/noaa/da/mpotts/sandbox/pgi_2019_openmpi_O_patch_8.3.1/esmf/src/Infrastructure/GridUtil/interface/ESMF_GridUtil.F90:453
 4 0x0000000000d88ac6 esmf_fieldregridmod_b_or_p_gridtomesh_()  /work/noaa/da/mpotts/sandbox/pgi_2019_openmpi_O_patch_8.3.1/esmf/src/Infrastructure/Field/src/ESMF_FieldRegrid.F90:3228
 5 0x0000000000d85ff4 esmf_fieldregridmod_getmeshwithnodesonfieldloc_()  /work/noaa/da/mpotts/sandbox/pgi_2019_openmpi_O_patch_8.3.1/esmf/src/Infrastructure/Field/src/ESMF_FieldRegrid.F90:1346
 6 0x0000000000d8458a esmf_fieldregridmod_esmf_fieldregridstorenx_()  /work/noaa/da/mpotts/sandbox/pgi_2019_openmpi_O_patch_8.3.1/esmf/src/Infrastructure/Field/src/ESMF_FieldRegrid.F90:971
 7 0x0000000001210ccf nuopc_connector_fieldbundlecplstore_()  /work/noaa/da/mpotts/sandbox/pgi_2019_openmpi_O_patch_8.3.1/esmf/src/addon/NUOPC/src/NUOPC_Connector.F90:7919
 8 0x00000000011f8174 nuopc_connector_initializeipdv05p6b_()  /work/noaa/da/mpotts/sandbox/pgi_2019_openmpi_O_patch_8.3.1/esmf/src/addon/NUOPC/src/NUOPC_Connector.F90:5386
 9 0x000000000064bd9f ESMCI::FTable::callVFuncPtr()  /work/noaa/da/mpotts/sandbox/pgi_2019_openmpi_O_patch_8.3.1/esmf/src/Superstructure/Component/src/ESMCI_FTable.C:2167
10 0x0000000000649faa ESMCI_FTableCallEntryPointVMHop()  /work/noaa/da/mpotts/sandbox/pgi_2019_openmpi_O_patch_8.3.1/esmf/src/Superstructure/Component/src/ESMCI_FTable.C:824
11 0x0000000000a23228 ESMCI::VM::enter()  /work/noaa/da/mpotts/sandbox/pgi_2019_openmpi_O_patch_8.3.1/esmf/src/Infrastructure/VM/src/ESMCI_VM.C:1216
12 0x000000000064a387 c_esmc_ftablecallentrypointvm_()  /work/noaa/da/mpotts/sandbox/pgi_2019_openmpi_O_patch_8.3.1/esmf/src/Superstructure/Component/src/ESMCI_FTable.C:981
13 0x0000000000bfb8fb esmf_compmod_esmf_compexecute_()  /work/noaa/da/mpotts/sandbox/pgi_2019_openmpi_O_patch_8.3.1/esmf/src/Superstructure/Component/src/ESMF_Comp.F90:1222
14 0x0000000000c0c0f1 esmf_cplcompmod_esmf_cplcompinitialize_()  /work/noaa/da/mpotts/sandbox/pgi_2019_openmpi_O_patch_8.3.1/esmf/src/Superstructure/Component/src/ESMF_CplComp.F90:1160
15 0x000000000122fd41 nuopc_driver_loopconnectorcompss_()  /work/noaa/da/mpotts/sandbox/pgi_2019_openmpi_O_patch_8.3.1/esmf/src/addon/NUOPC/src/NUOPC_Driver.F90:2721
16 0x0000000001227738 nuopc_driver_initializeipdv02p3_()  /work/noaa/da/mpotts/sandbox/pgi_2019_openmpi_O_patch_8.3.1/esmf/src/addon/NUOPC/src/NUOPC_Driver.F90:1943
17 0x00000000012177ea nuopc_driver_initializep1_()  /work/noaa/da/mpotts/sandbox/pgi_2019_openmpi_O_patch_8.3.1/esmf/src/addon/NUOPC/src/NUOPC_Driver.F90:458
18 0x000000000064bd9f ESMCI::FTable::callVFuncPtr()  /work/noaa/da/mpotts/sandbox/pgi_2019_openmpi_O_patch_8.3.1/esmf/src/Superstructure/Component/src/ESMCI_FTable.C:2167
19 0x0000000000649faa ESMCI_FTableCallEntryPointVMHop()  /work/noaa/da/mpotts/sandbox/pgi_2019_openmpi_O_patch_8.3.1/esmf/src/Superstructure/Component/src/ESMCI_FTable.C:824
20 0x0000000000a23228 ESMCI::VM::enter()  /work/noaa/da/mpotts/sandbox/pgi_2019_openmpi_O_patch_8.3.1/esmf/src/Infrastructure/VM/src/ESMCI_VM.C:1216
21 0x000000000064a387 c_esmc_ftablecallentrypointvm_()  /work/noaa/da/mpotts/sandbox/pgi_2019_openmpi_O_patch_8.3.1/esmf/src/Superstructure/Component/src/ESMCI_FTable.C:981
22 0x0000000000bfb8fb esmf_compmod_esmf_compexecute_()  /work/noaa/da/mpotts/sandbox/pgi_2019_openmpi_O_patch_8.3.1/esmf/src/Superstructure/Component/src/ESMF_Comp.F90:1222
23 0x0000000000dca331 esmf_gridcompmod_esmf_gridcompinitialize_()  /work/noaa/da/mpotts/sandbox/pgi_2019_openmpi_O_patch_8.3.1/esmf/src/Superstructure/Component/src/ESMF_GridComp.F90:1407
24 0x0000000000406007 MAIN_()  /work/noaa/da/mpotts/sandbox/pgi_2019_openmpi_O_patch_8.3.1/nuopc-app-prototypes/AtmOcnIceSimpleImplicitProto/esmApp.F90:58
25 0x0000000000405c83 main()  ???:0
26 0x0000000000022495 __libc_start_main()  ???:0
27 0x0000000000405b89 _start()  ???:0
=================================
[Orion-25-02:310304] *** Process received signal ***
[Orion-25-02:310304] Signal: Segmentation fault (11)
[Orion-25-02:310304] Signal code:  (-6)
[Orion-25-02:310304] Failing at address: 0x20e50004bc20
[Orion-25-02:310304] [ 0] /lib64/libpthread.so.0(+0xf5d0)[0x7f9799a7f5d0]
[Orion-25-02:310304] [ 1] /work/noaa/da/mpotts/sandbox/pgi_2019_openmpi_O_patch_8.3.1/esmf/DEFAULTINSTALLDIR/lib/libO/Linux.pgi.64.openmpi.default/libesmf.so(_ZN5ESMCI6LogErr13MsgFoundErrorEiPKciS2_S2_Pi+0x33)[0x7f9798270dc3]
[Orion-25-02:310304] [ 2] /work/noaa/da/mpotts/sandbox/pgi_2019_openmpi_O_patch_8.3.1/esmf/DEFAULTINSTALLDIR/lib/libO/Linux.pgi.64.openmpi.default/libesmf.so(c_esmc_meshcreatenodedistgrid_+0xa1)[0x7f97983c8ec1]
[Orion-25-02:310304] [ 3] /work/noaa/da/mpotts/sandbox/pgi_2019_openmpi_O_patch_8.3.1/esmf/DEFAULTINSTALLDIR/lib/libO/Linux.pgi.64.openmpi.default/libesmf.so(esmf_meshmod_esmf_meshcreatefrompointer_+0x4c)[0x7f9798ad495c]
[Orion-25-02:310304] [ 4] /work/noaa/da/mpotts/sandbox/pgi_2019_openmpi_O_patch_8.3.1/esmf/DEFAULTINSTALLDIR/lib/libO/Linux.pgi.64.openmpi.default/libesmf.so(esmf_gridutilmod_esmf_gridtomesh_+0x352)[0x7f97989b6b02]
[Orion-25-02:310304] [ 5] /work/noaa/da/mpotts/sandbox/pgi_2019_openmpi_O_patch_8.3.1/esmf/DEFAULTINSTALLDIR/lib/libO/Linux.pgi.64.openmpi.default/libesmf.so(esmf_fieldregridmod_b_or_p_gridtomesh_+0x156)[0x7f97988dbac6]
[Orion-25-02:310304] [ 6] /work/noaa/da/mpotts/sandbox/pgi_2019_openmpi_O_patch_8.3.1/esmf/DEFAULTINSTALLDIR/lib/libO/Linux.pgi.64.openmpi.default/libesmf.so(esmf_fieldregridmod_getmeshwithnodesonfieldloc_+0x394)[0x7f97988d8ff4]
[Orion-25-02:310304] [ 7] /work/noaa/da/mpotts/sandbox/pgi_2019_openmpi_O_patch_8.3.1/esmf/DEFAULTINSTALLDIR/lib/libO/Linux.pgi.64.openmpi.default/libesmf.so(esmf_fieldregridmod_esmf_fieldregridstorenx_+0x9ba)[0x7f97988d758a]
[Orion-25-02:310304] [ 8] /work/noaa/da/mpotts/sandbox/pgi_2019_openmpi_O_patch_8.3.1/esmf/DEFAULTINSTALLDIR/lib/libO/Linux.pgi.64.openmpi.default/libesmf.so(nuopc_connector_fieldbundlecplstore_+0xbc5f)[0x7f9798d63ccf]
[Orion-25-02:310304] [ 9] /work/noaa/da/mpotts/sandbox/pgi_2019_openmpi_O_patch_8.3.1/esmf/DEFAULTINSTALLDIR/lib/libO/Linux.pgi.64.openmpi.default/libesmf.so(nuopc_connector_initializeipdv05p6b_+0x4f34)[0x7f9798d4b174]
[Orion-25-02:310304] [10] /work/noaa/da/mpotts/sandbox/pgi_2019_openmpi_O_patch_8.3.1/esmf/DEFAULTINSTALLDIR/lib/libO/Linux.pgi.64.openmpi.default/libesmf.so(_ZN5ESMCI6FTable12callVFuncPtrEPKcPNS_2VMEPi+0x40f)[0x7f979819ed9f]
[Orion-25-02:310304] [11] /work/noaa/da/mpotts/sandbox/pgi_2019_openmpi_O_patch_8.3.1/esmf/DEFAULTINSTALLDIR/lib/libO/Linux.pgi.64.openmpi.default/libesmf.so(ESMCI_FTableCallEntryPointVMHop+0x1ea)[0x7f979819cfaa]
[Orion-25-02:310304] [12] /work/noaa/da/mpotts/sandbox/pgi_2019_openmpi_O_patch_8.3.1/esmf/DEFAULTINSTALLDIR/lib/libO/Linux.pgi.64.openmpi.default/libesmf.so(_ZN5ESMCI2VM5enterEPNS_6VMPlanEPvS3_+0x18)[0x7f9798576228]
[Orion-25-02:310304] [13] /work/noaa/da/mpotts/sandbox/pgi_2019_openmpi_O_patch_8.3.1/esmf/DEFAULTINSTALLDIR/lib/libO/Linux.pgi.64.openmpi.default/libesmf.so(c_esmc_ftablecallentrypointvm_+0x337)[0x7f979819d387]
[Orion-25-02:310304] [14] /work/noaa/da/mpotts/sandbox/pgi_2019_openmpi_O_patch_8.3.1/esmf/DEFAULTINSTALLDIR/lib/libO/Linux.pgi.64.openmpi.default/libesmf.so(esmf_compmod_esmf_compexecute_+0x7cb)[0x7f979874e8fb]
[Orion-25-02:310304] [15] /work/noaa/da/mpotts/sandbox/pgi_2019_openmpi_O_patch_8.3.1/esmf/DEFAULTINSTALLDIR/lib/libO/Linux.pgi.64.openmpi.default/libesmf.so(esmf_cplcompmod_esmf_cplcompinitialize_+0x161)[0x7f979875f0f1]
[Orion-25-02:310304] [16] /work/noaa/da/mpotts/sandbox/pgi_2019_openmpi_O_patch_8.3.1/esmf/DEFAULTINSTALLDIR/lib/libO/Linux.pgi.64.openmpi.default/libesmf.so(nuopc_driver_loopconnectorcompss_+0xea1)[0x7f9798d82d41]
[Orion-25-02:310304] [17] /work/noaa/da/mpotts/sandbox/pgi_2019_openmpi_O_patch_8.3.1/esmf/DEFAULTINSTALLDIR/lib/libO/Linux.pgi.64.openmpi.default/libesmf.so(nuopc_driver_initializeipdv02p3_+0x1f38)[0x7f9798d7a738]
[Orion-25-02:310304] [18] /work/noaa/da/mpotts/sandbox/pgi_2019_openmpi_O_patch_8.3.1/esmf/DEFAULTINSTALLDIR/lib/libO/Linux.pgi.64.openmpi.default/libesmf.so(nuopc_driver_initializep1_+0x56a)[0x7f9798d6a7ea]
[Orion-25-02:310304] [19] /work/noaa/da/mpotts/sandbox/pgi_2019_openmpi_O_patch_8.3.1/esmf/DEFAULTINSTALLDIR/lib/libO/Linux.pgi.64.openmpi.default/libesmf.so(_ZN5ESMCI6FTable12callVFuncPtrEPKcPNS_2VMEPi+0x40f)[0x7f979819ed9f]
[Orion-25-02:310304] [20] /work/noaa/da/mpotts/sandbox/pgi_2019_openmpi_O_patch_8.3.1/esmf/DEFAULTINSTALLDIR/lib/libO/Linux.pgi.64.openmpi.default/libesmf.so(ESMCI_FTableCallEntryPointVMHop+0x1ea)[0x7f979819cfaa]
[Orion-25-02:310304] [21] /work/noaa/da/mpotts/sandbox/pgi_2019_openmpi_O_patch_8.3.1/esmf/DEFAULTINSTALLDIR/lib/libO/Linux.pgi.64.openmpi.default/libesmf.so(_ZN5ESMCI2VM5enterEPNS_6VMPlanEPvS3_+0x18)[0x7f9798576228]
[Orion-25-02:310304] [22] /work/noaa/da/mpotts/sandbox/pgi_2019_openmpi_O_patch_8.3.1/esmf/DEFAULTINSTALLDIR/lib/libO/Linux.pgi.64.openmpi.default/libesmf.so(c_esmc_ftablecallentrypointvm_+0x337)[0x7f979819d387]
[Orion-25-02:310304] [23] /work/noaa/da/mpotts/sandbox/pgi_2019_openmpi_O_patch_8.3.1/esmf/DEFAULTINSTALLDIR/lib/libO/Linux.pgi.64.openmpi.default/libesmf.so(esmf_compmod_esmf_compexecute_+0x7cb)[0x7f979874e8fb]
[Orion-25-02:310304] [24] /work/noaa/da/mpotts/sandbox/pgi_2019_openmpi_O_patch_8.3.1/esmf/DEFAULTINSTALLDIR/lib/libO/Linux.pgi.64.openmpi.default/libesmf.so(esmf_gridcompmod_esmf_gridcompinitialize_+0x161)[0x7f979891d331]
[Orion-25-02:310304] [25] /work/noaa/da/mpotts/sandbox/pgi_2019_openmpi_O_patch_8.3.1/nuopc-app-prototypes/AtmOcnIceSimpleImplicitProto/./esmApp[0x406007]
[Orion-25-02:310304] [26] /work/noaa/da/mpotts/sandbox/pgi_2019_openmpi_O_patch_8.3.1/nuopc-app-prototypes/AtmOcnIceSimpleImplicitProto/./esmApp[0x405c83]
[Orion-25-02:310304] [27] /lib64/libc.so.6(__libc_start_main+0xf5)[0x7f9793fa0495]
[Orion-25-02:310304] [28] /work/noaa/da/mpotts/sandbox/pgi_2019_openmpi_O_patch_8.3.1/nuopc-app-prototypes/AtmOcnIceSimpleImplicitProto/./esmApp[0x405b89]
[Orion-25-02:310304] *** End of error message ***
==== backtrace (tid: 310305) ====
 0 0x000000000071ddc3 ESMCI::LogErr::MsgFoundError()  /work/noaa/da/mpotts/sandbox/pgi_2019_openmpi_O_patch_8.3.1/esmf/src/Infrastructure/LogErr/src/ESMCI_LogErr.C:586
 1 0x0000000000875ec1 c_esmc_meshcreatenodedistgrid_()  /work/noaa/da/mpotts/sandbox/pgi_2019_openmpi_O_patch_8.3.1/esmf/src/Infrastructure/Mesh/interface/ESMCI_Mesh_F.C:248
 2 0x0000000000f8195c esmf_meshmod_esmf_meshcreatefrompointer_()  /work/noaa/da/mpotts/sandbox/pgi_2019_openmpi_O_patch_8.3.1/esmf/src/Infrastructure/Mesh/interface/ESMF_Mesh.F90:3091
 3 0x0000000000e63b02 esmf_gridutilmod_esmf_gridtomesh_()  /work/noaa/da/mpotts/sandbox/pgi_2019_openmpi_O_patch_8.3.1/esmf/src/Infrastructure/GridUtil/interface/ESMF_GridUtil.F90:453
 4 0x0000000000d88ac6 esmf_fieldregridmod_b_or_p_gridtomesh_()  /work/noaa/da/mpotts/sandbox/pgi_2019_openmpi_O_patch_8.3.1/esmf/src/Infrastructure/Field/src/ESMF_FieldRegrid.F90:3228
 5 0x0000000000d85ff4 esmf_fieldregridmod_getmeshwithnodesonfieldloc_()  /work/noaa/da/mpotts/sandbox/pgi_2019_openmpi_O_patch_8.3.1/esmf/src/Infrastructure/Field/src/ESMF_FieldRegrid.F90:1346
 6 0x0000000000d8458a esmf_fieldregridmod_esmf_fieldregridstorenx_()  /work/noaa/da/mpotts/sandbox/pgi_2019_openmpi_O_patch_8.3.1/esmf/src/Infrastructure/Field/src/ESMF_FieldRegrid.F90:971
 7 0x0000000001210ccf nuopc_connector_fieldbundlecplstore_()  /work/noaa/da/mpotts/sandbox/pgi_2019_openmpi_O_patch_8.3.1/esmf/src/addon/NUOPC/src/NUOPC_Connector.F90:7919
 8 0x00000000011f8174 nuopc_connector_initializeipdv05p6b_()  /work/noaa/da/mpotts/sandbox/pgi_2019_openmpi_O_patch_8.3.1/esmf/src/addon/NUOPC/src/NUOPC_Connector.F90:5386
 9 0x000000000064bd9f ESMCI::FTable::callVFuncPtr()  /work/noaa/da/mpotts/sandbox/pgi_2019_openmpi_O_patch_8.3.1/esmf/src/Superstructure/Component/src/ESMCI_FTable.C:2167
10 0x0000000000649faa ESMCI_FTableCallEntryPointVMHop()  /work/noaa/da/mpotts/sandbox/pgi_2019_openmpi_O_patch_8.3.1/esmf/src/Superstructure/Component/src/ESMCI_FTable.C:824
11 0x0000000000a23228 ESMCI::VM::enter()  /work/noaa/da/mpotts/sandbox/pgi_2019_openmpi_O_patch_8.3.1/esmf/src/Infrastructure/VM/src/ESMCI_VM.C:1216
12 0x000000000064a387 c_esmc_ftablecallentrypointvm_()  /work/noaa/da/mpotts/sandbox/pgi_2019_openmpi_O_patch_8.3.1/esmf/src/Superstructure/Component/src/ESMCI_FTable.C:981
13 0x0000000000bfb8fb esmf_compmod_esmf_compexecute_()  /work/noaa/da/mpotts/sandbox/pgi_2019_openmpi_O_patch_8.3.1/esmf/src/Superstructure/Component/src/ESMF_Comp.F90:1222
14 0x0000000000c0c0f1 esmf_cplcompmod_esmf_cplcompinitialize_()  /work/noaa/da/mpotts/sandbox/pgi_2019_openmpi_O_patch_8.3.1/esmf/src/Superstructure/Component/src/ESMF_CplComp.F90:1160
15 0x000000000122fd41 nuopc_driver_loopconnectorcompss_()  /work/noaa/da/mpotts/sandbox/pgi_2019_openmpi_O_patch_8.3.1/esmf/src/addon/NUOPC/src/NUOPC_Driver.F90:2721
16 0x0000000001227738 nuopc_driver_initializeipdv02p3_()  /work/noaa/da/mpotts/sandbox/pgi_2019_openmpi_O_patch_8.3.1/esmf/src/addon/NUOPC/src/NUOPC_Driver.F90:1943
17 0x00000000012177ea nuopc_driver_initializep1_()  /work/noaa/da/mpotts/sandbox/pgi_2019_openmpi_O_patch_8.3.1/esmf/src/addon/NUOPC/src/NUOPC_Driver.F90:458
18 0x000000000064bd9f ESMCI::FTable::callVFuncPtr()  /work/noaa/da/mpotts/sandbox/pgi_2019_openmpi_O_patch_8.3.1/esmf/src/Superstructure/Component/src/ESMCI_FTable.C:2167
19 0x0000000000649faa ESMCI_FTableCallEntryPointVMHop()  /work/noaa/da/mpotts/sandbox/pgi_2019_openmpi_O_patch_8.3.1/esmf/src/Superstructure/Component/src/ESMCI_FTable.C:824
20 0x0000000000a23228 ESMCI::VM::enter()  /work/noaa/da/mpotts/sandbox/pgi_2019_openmpi_O_patch_8.3.1/esmf/src/Infrastructure/VM/src/ESMCI_VM.C:1216
21 0x000000000064a387 c_esmc_ftablecallentrypointvm_()  /work/noaa/da/mpotts/sandbox/pgi_2019_openmpi_O_patch_8.3.1/esmf/src/Superstructure/Component/src/ESMCI_FTable.C:981
22 0x0000000000bfb8fb esmf_compmod_esmf_compexecute_()  /work/noaa/da/mpotts/sandbox/pgi_2019_openmpi_O_patch_8.3.1/esmf/src/Superstructure/Component/src/ESMF_Comp.F90:1222
23 0x0000000000dca331 esmf_gridcompmod_esmf_gridcompinitialize_()  /work/noaa/da/mpotts/sandbox/pgi_2019_openmpi_O_patch_8.3.1/esmf/src/Superstructure/Component/src/ESMF_GridComp.F90:1407
24 0x0000000000406007 MAIN_()  /work/noaa/da/mpotts/sandbox/pgi_2019_openmpi_O_patch_8.3.1/nuopc-app-prototypes/AtmOcnIceSimpleImplicitProto/esmApp.F90:58
25 0x0000000000405c83 main()  ???:0
26 0x0000000000022495 __libc_start_main()  ???:0
27 0x0000000000405b89 _start()  ???:0
=================================
[Orion-25-02:310305] *** Process received signal ***
[Orion-25-02:310305] Signal: Segmentation fault (11)
[Orion-25-02:310305] Signal code:  (-6)
[Orion-25-02:310305] Failing at address: 0x20e50004bc21
==== backtrace (tid: 310307) ====
 0 0x000000000071ddc3 ESMCI::LogErr::MsgFoundError()  /work/noaa/da/mpotts/sandbox/pgi_2019_openmpi_O_patch_8.3.1/esmf/src/Infrastructure/LogErr/src/ESMCI_LogErr.C:586
 1 0x0000000000875ec1 c_esmc_meshcreatenodedistgrid_()  /work/noaa/da/mpotts/sandbox/pgi_2019_openmpi_O_patch_8.3.1/esmf/src/Infrastructure/Mesh/interface/ESMCI_Mesh_F.C:248
 2 0x0000000000f8195c esmf_meshmod_esmf_meshcreatefrompointer_()  /work/noaa/da/mpotts/sandbox/pgi_2019_openmpi_O_patch_8.3.1/esmf/src/Infrastructure/Mesh/interface/ESMF_Mesh.F90:3091
 3 0x0000000000e63b02 esmf_gridutilmod_esmf_gridtomesh_()  /work/noaa/da/mpotts/sandbox/pgi_2019_openmpi_O_patch_8.3.1/esmf/src/Infrastructure/GridUtil/interface/ESMF_GridUtil.F90:453
 4 0x0000000000d88ac6 esmf_fieldregridmod_b_or_p_gridtomesh_()  /work/noaa/da/mpotts/sandbox/pgi_2019_openmpi_O_patch_8.3.1/esmf/src/Infrastructure/Field/src/ESMF_FieldRegrid.F90:3228
 5 0x0000000000d85ff4 esmf_fieldregridmod_getmeshwithnodesonfieldloc_()  /work/noaa/da/mpotts/sandbox/pgi_2019_openmpi_O_patch_8.3.1/esmf/src/Infrastructure/Field/src/ESMF_FieldRegrid.F90:1346
 6 0x0000000000d8458a esmf_fieldregridmod_esmf_fieldregridstorenx_()  /work/noaa/da/mpotts/sandbox/pgi_2019_openmpi_O_patch_8.3.1/esmf/src/Infrastructure/Field/src/ESMF_FieldRegrid.F90:971
 7 0x0000000001210ccf nuopc_connector_fieldbundlecplstore_()  /work/noaa/da/mpotts/sandbox/pgi_2019_openmpi_O_patch_8.3.1/esmf/src/addon/NUOPC/src/NUOPC_Connector.F90:7919
 8 0x00000000011f8174 nuopc_connector_initializeipdv05p6b_()  /work/noaa/da/mpotts/sandbox/pgi_2019_openmpi_O_patch_8.3.1/esmf/src/addon/NUOPC/src/NUOPC_Connector.F90:5386
 9 0x000000000064bd9f ESMCI::FTable::callVFuncPtr()  /work/noaa/da/mpotts/sandbox/pgi_2019_openmpi_O_patch_8.3.1/esmf/src/Superstructure/Component/src/ESMCI_FTable.C:2167
10 0x0000000000649faa ESMCI_FTableCallEntryPointVMHop()  /work/noaa/da/mpotts/sandbox/pgi_2019_openmpi_O_patch_8.3.1/esmf/src/Superstructure/Component/src/ESMCI_FTable.C:824
11 0x0000000000a23228 ESMCI::VM::enter()  /work/noaa/da/mpotts/sandbox/pgi_2019_openmpi_O_patch_8.3.1/esmf/src/Infrastructure/VM/src/ESMCI_VM.C:1216
12 0x000000000064a387 c_esmc_ftablecallentrypointvm_()  /work/noaa/da/mpotts/sandbox/pgi_2019_openmpi_O_patch_8.3.1/esmf/src/Superstructure/Component/src/ESMCI_FTable.C:981
13 0x0000000000bfb8fb esmf_compmod_esmf_compexecute_()  /work/noaa/da/mpotts/sandbox/pgi_2019_openmpi_O_patch_8.3.1/esmf/src/Superstructure/Component/src/ESMF_Comp.F90:1222
14 0x0000000000c0c0f1 esmf_cplcompmod_esmf_cplcompinitialize_()  /work/noaa/da/mpotts/sandbox/pgi_2019_openmpi_O_patch_8.3.1/esmf/src/Superstructure/Component/src/ESMF_CplComp.F90:1160
15 0x000000000122fd41 nuopc_driver_loopconnectorcompss_()  /work/noaa/da/mpotts/sandbox/pgi_2019_openmpi_O_patch_8.3.1/esmf/src/addon/NUOPC/src/NUOPC_Driver.F90:2721
16 0x0000000001227738 nuopc_driver_initializeipdv02p3_()  /work/noaa/da/mpotts/sandbox/pgi_2019_openmpi_O_patch_8.3.1/esmf/src/addon/NUOPC/src/NUOPC_Driver.F90:1943
17 0x00000000012177ea nuopc_driver_initializep1_()  /work/noaa/da/mpotts/sandbox/pgi_2019_openmpi_O_patch_8.3.1/esmf/src/addon/NUOPC/src/NUOPC_Driver.F90:458
[Orion-25-02:310305] [ 0] /lib64/libpthread.so.0(+0xf5d0)[0x7facd36ce5d0]
18 0x000000000064bd9f ESMCI::FTable::callVFuncPtr()  /work/noaa/da/mpotts/sandbox/pgi_2019_openmpi_O_patch_8.3.1/esmf/src/Superstructure/Component/src/ESMCI_FTable.C:2167
19 0x0000000000649faa ESMCI_FTableCallEntryPointVMHop()  /work/noaa/da/mpotts/sandbox/pgi_2019_openmpi_O_patch_8.3.1/esmf/src/Superstructure/Component/src/ESMCI_FTable.C:824
20 0x0000000000a23228 ESMCI::VM::enter()  /work/noaa/da/mpotts/sandbox/pgi_2019_openmpi_O_patch_8.3.1/esmf/src/Infrastructure/VM/src/ESMCI_VM.C:1216
21 0x000000000064a387 c_esmc_ftablecallentrypointvm_()  /work/noaa/da/mpotts/sandbox/pgi_2019_openmpi_O_patch_8.3.1/esmf/src/Superstructure/Component/src/ESMCI_FTable.C:981
22 0x0000000000bfb8fb esmf_compmod_esmf_compexecute_()  /work/noaa/da/mpotts/sandbox/pgi_2019_openmpi_O_patch_8.3.1/esmf/src/Superstructure/Component/src/ESMF_Comp.F90:1222
23 0x0000000000dca331 esmf_gridcompmod_esmf_gridcompinitialize_()  /work/noaa/da/mpotts/sandbox/pgi_2019_openmpi_O_patch_8.3.1/esmf/src/Superstructure/Component/src/ESMF_GridComp.F90:1407
24 0x0000000000406007 MAIN_()  /work/noaa/da/mpotts/sandbox/pgi_2019_openmpi_O_patch_8.3.1/nuopc-app-prototypes/AtmOcnIceSimpleImplicitProto/esmApp.F90:58
25 0x0000000000405c83 main()  ???:0
26 0x0000000000022495 __libc_start_main()  ???:0
27 0x0000000000405b89 _start()  ???:0
=================================
[Orion-25-02:310307] *** Process received signal ***
[Orion-25-02:310307] Signal: Segmentation fault (11)
[Orion-25-02:310307] Signal code:  (-6)
[Orion-25-02:310307] Failing at address: 0x20e50004bc23
[Orion-25-02:310305] [ 1] /work/noaa/da/mpotts/sandbox/pgi_2019_openmpi_O_patch_8.3.1/esmf/DEFAULTINSTALLDIR/lib/libO/Linux.pgi.64.openmpi.default/libesmf.so(_ZN5ESMCI6LogErr13MsgFoundErrorEiPKciS2_S2_Pi+0x33)[0x7facd1ebfdc3]
[Orion-25-02:310307] [ 0] /lib64/libpthread.so.0(+0xf5d0)[0x7f2e506185d0]
[Orion-25-02:310305] [ 2] /work/noaa/da/mpotts/sandbox/pgi_2019_openmpi_O_patch_8.3.1/esmf/DEFAULTINSTALLDIR/lib/libO/Linux.pgi.64.openmpi.default/libesmf.so(c_esmc_meshcreatenodedistgrid_+0xa1)[0x7facd2017ec1]
[Orion-25-02:310307] [ 1] /work/noaa/da/mpotts/sandbox/pgi_2019_openmpi_O_patch_8.3.1/esmf/DEFAULTINSTALLDIR/lib/libO/Linux.pgi.64.openmpi.default/libesmf.so(_ZN5ESMCI6LogErr13MsgFoundErrorEiPKciS2_S2_Pi+0x33)[0x7f2e4ee09dc3]
[Orion-25-02:310305] [ 3] /work/noaa/da/mpotts/sandbox/pgi_2019_openmpi_O_patch_8.3.1/esmf/DEFAULTINSTALLDIR/lib/libO/Linux.pgi.64.openmpi.default/libesmf.so(esmf_meshmod_esmf_meshcreatefrompointer_+0x4c)[0x7facd272395c]
[Orion-25-02:310307] [ 2] /work/noaa/da/mpotts/sandbox/pgi_2019_openmpi_O_patch_8.3.1/esmf/DEFAULTINSTALLDIR/lib/libO/Linux.pgi.64.openmpi.default/libesmf.so(c_esmc_meshcreatenodedistgrid_+0xa1)[0x7f2e4ef61ec1]
[Orion-25-02:310305] [ 4] /work/noaa/da/mpotts/sandbox/pgi_2019_openmpi_O_patch_8.3.1/esmf/DEFAULTINSTALLDIR/lib/libO/Linux.pgi.64.openmpi.default/libesmf.so(esmf_gridutilmod_esmf_gridtomesh_+0x352)[0x7facd2605b02]
[Orion-25-02:310307] [ 3] /work/noaa/da/mpotts/sandbox/pgi_2019_openmpi_O_patch_8.3.1/esmf/DEFAULTINSTALLDIR/lib/libO/Linux.pgi.64.openmpi.default/libesmf.so(esmf_meshmod_esmf_meshcreatefrompointer_+0x4c)[0x7f2e4f66d95c]
[Orion-25-02:310305] [ 5] /work/noaa/da/mpotts/sandbox/pgi_2019_openmpi_O_patch_8.3.1/esmf/DEFAULTINSTALLDIR/lib/libO/Linux.pgi.64.openmpi.default/libesmf.so(esmf_fieldregridmod_b_or_p_gridtomesh_+0x156)[0x7facd252aac6]
[Orion-25-02:310307] [ 4] /work/noaa/da/mpotts/sandbox/pgi_2019_openmpi_O_patch_8.3.1/esmf/DEFAULTINSTALLDIR/lib/libO/Linux.pgi.64.openmpi.default/libesmf.so(esmf_gridutilmod_esmf_gridtomesh_+0x352)[0x7f2e4f54fb02]
[Orion-25-02:310305] [ 6] /work/noaa/da/mpotts/sandbox/pgi_2019_openmpi_O_patch_8.3.1/esmf/DEFAULTINSTALLDIR/lib/libO/Linux.pgi.64.openmpi.default/libesmf.so(esmf_fieldregridmod_getmeshwithnodesonfieldloc_+0x394)[0x7facd2527ff4]
[Orion-25-02:310307] [ 5] /work/noaa/da/mpotts/sandbox/pgi_2019_openmpi_O_patch_8.3.1/esmf/DEFAULTINSTALLDIR/lib/libO/Linux.pgi.64.openmpi.default/libesmf.so(esmf_fieldregridmod_b_or_p_gridtomesh_+0x156)[0x7f2e4f474ac6]
[Orion-25-02:310305] [ 7] /work/noaa/da/mpotts/sandbox/pgi_2019_openmpi_O_patch_8.3.1/esmf/DEFAULTINSTALLDIR/lib/libO/Linux.pgi.64.openmpi.default/libesmf.so(esmf_fieldregridmod_esmf_fieldregridstorenx_+0x9ba)[0x7facd252658a]
[Orion-25-02:310307] [ 6] /work/noaa/da/mpotts/sandbox/pgi_2019_openmpi_O_patch_8.3.1/esmf/DEFAULTINSTALLDIR/lib/libO/Linux.pgi.64.openmpi.default/libesmf.so(esmf_fieldregridmod_getmeshwithnodesonfieldloc_+0x394)[0x7f2e4f471ff4]
[Orion-25-02:310305] [ 8] /work/noaa/da/mpotts/sandbox/pgi_2019_openmpi_O_patch_8.3.1/esmf/DEFAULTINSTALLDIR/lib/libO/Linux.pgi.64.openmpi.default/libesmf.so(nuopc_connector_fieldbundlecplstore_+0xbc5f)[0x7facd29b2ccf]
[Orion-25-02:310307] [ 7] /work/noaa/da/mpotts/sandbox/pgi_2019_openmpi_O_patch_8.3.1/esmf/DEFAULTINSTALLDIR/lib/libO/Linux.pgi.64.openmpi.default/libesmf.so(esmf_fieldregridmod_esmf_fieldregridstorenx_+0x9ba)[0x7f2e4f47058a]
[Orion-25-02:310305] [ 9] /work/noaa/da/mpotts/sandbox/pgi_2019_openmpi_O_patch_8.3.1/esmf/DEFAULTINSTALLDIR/lib/libO/Linux.pgi.64.openmpi.default/libesmf.so(nuopc_connector_initializeipdv05p6b_+0x4f34)[0x7facd299a174]
[Orion-25-02:310307] [ 8] /work/noaa/da/mpotts/sandbox/pgi_2019_openmpi_O_patch_8.3.1/esmf/DEFAULTINSTALLDIR/lib/libO/Linux.pgi.64.openmpi.default/libesmf.so(nuopc_connector_fieldbundlecplstore_+0xbc5f)[0x7f2e4f8fcccf]
[Orion-25-02:310305] [10] /work/noaa/da/mpotts/sandbox/pgi_2019_openmpi_O_patch_8.3.1/esmf/DEFAULTINSTALLDIR/lib/libO/Linux.pgi.64.openmpi.default/libesmf.so(_ZN5ESMCI6FTable12callVFuncPtrEPKcPNS_2VMEPi+0x40f)[0x7facd1dedd9f]
[Orion-25-02:310307] [ 9] /work/noaa/da/mpotts/sandbox/pgi_2019_openmpi_O_patch_8.3.1/esmf/DEFAULTINSTALLDIR/lib/libO/Linux.pgi.64.openmpi.default/libesmf.so(nuopc_connector_initializeipdv05p6b_+0x4f34)[0x7f2e4f8e4174]
[Orion-25-02:310305] [11] /work/noaa/da/mpotts/sandbox/pgi_2019_openmpi_O_patch_8.3.1/esmf/DEFAULTINSTALLDIR/lib/libO/Linux.pgi.64.openmpi.default/libesmf.so(ESMCI_FTableCallEntryPointVMHop+0x1ea)[0x7facd1debfaa]
[Orion-25-02:310307] [10] /work/noaa/da/mpotts/sandbox/pgi_2019_openmpi_O_patch_8.3.1/esmf/DEFAULTINSTALLDIR/lib/libO/Linux.pgi.64.openmpi.default/libesmf.so(_ZN5ESMCI6FTable12callVFuncPtrEPKcPNS_2VMEPi+0x40f)[0x7f2e4ed37d9f]
[Orion-25-02:310305] [12] /work/noaa/da/mpotts/sandbox/pgi_2019_openmpi_O_patch_8.3.1/esmf/DEFAULTINSTALLDIR/lib/libO/Linux.pgi.64.openmpi.default/libesmf.so(_ZN5ESMCI2VM5enterEPNS_6VMPlanEPvS3_+0x18)[0x7facd21c5228]
[Orion-25-02:310307] [11] /work/noaa/da/mpotts/sandbox/pgi_2019_openmpi_O_patch_8.3.1/esmf/DEFAULTINSTALLDIR/lib/libO/Linux.pgi.64.openmpi.default/libesmf.so(ESMCI_FTableCallEntryPointVMHop+0x1ea)[0x7f2e4ed35faa]
[Orion-25-02:310305] [13] /work/noaa/da/mpotts/sandbox/pgi_2019_openmpi_O_patch_8.3.1/esmf/DEFAULTINSTALLDIR/lib/libO/Linux.pgi.64.openmpi.default/libesmf.so(c_esmc_ftablecallentrypointvm_+0x337)[0x7facd1dec387]
[Orion-25-02:310307] [12] /work/noaa/da/mpotts/sandbox/pgi_2019_openmpi_O_patch_8.3.1/esmf/DEFAULTINSTALLDIR/lib/libO/Linux.pgi.64.openmpi.default/libesmf.so(_ZN5ESMCI2VM5enterEPNS_6VMPlanEPvS3_+0x18)[0x7f2e4f10f228]
[Orion-25-02:310305] [14] /work/noaa/da/mpotts/sandbox/pgi_2019_openmpi_O_patch_8.3.1/esmf/DEFAULTINSTALLDIR/lib/libO/Linux.pgi.64.openmpi.default/libesmf.so(esmf_compmod_esmf_compexecute_+0x7cb)[0x7facd239d8fb]
[Orion-25-02:310307] [13] /work/noaa/da/mpotts/sandbox/pgi_2019_openmpi_O_patch_8.3.1/esmf/DEFAULTINSTALLDIR/lib/libO/Linux.pgi.64.openmpi.default/libesmf.so(c_esmc_ftablecallentrypointvm_+0x337)[0x7f2e4ed36387]
[Orion-25-02:310305] [15] /work/noaa/da/mpotts/sandbox/pgi_2019_openmpi_O_patch_8.3.1/esmf/DEFAULTINSTALLDIR/lib/libO/Linux.pgi.64.openmpi.default/libesmf.so(esmf_cplcompmod_esmf_cplcompinitialize_+0x161)[0x7facd23ae0f1]
[Orion-25-02:310307] [14] /work/noaa/da/mpotts/sandbox/pgi_2019_openmpi_O_patch_8.3.1/esmf/DEFAULTINSTALLDIR/lib/libO/Linux.pgi.64.openmpi.default/libesmf.so(esmf_compmod_esmf_compexecute_+0x7cb)[0x7f2e4f2e78fb]
[Orion-25-02:310305] [16] /work/noaa/da/mpotts/sandbox/pgi_2019_openmpi_O_patch_8.3.1/esmf/DEFAULTINSTALLDIR/lib/libO/Linux.pgi.64.openmpi.default/libesmf.so(nuopc_driver_loopconnectorcompss_+0xea1)[0x7facd29d1d41]
[Orion-25-02:310307] [15] /work/noaa/da/mpotts/sandbox/pgi_2019_openmpi_O_patch_8.3.1/esmf/DEFAULTINSTALLDIR/lib/libO/Linux.pgi.64.openmpi.default/libesmf.so(esmf_cplcompmod_esmf_cplcompinitialize_+0x161)[0x7f2e4f2f80f1]
[Orion-25-02:310305] [17] /work/noaa/da/mpotts/sandbox/pgi_2019_openmpi_O_patch_8.3.1/esmf/DEFAULTINSTALLDIR/lib/libO/Linux.pgi.64.openmpi.default/libesmf.so(nuopc_driver_initializeipdv02p3_+0x1f38)[0x7facd29c9738]
[Orion-25-02:310307] [16] /work/noaa/da/mpotts/sandbox/pgi_2019_openmpi_O_patch_8.3.1/esmf/DEFAULTINSTALLDIR/lib/libO/Linux.pgi.64.openmpi.default/libesmf.so(nuopc_driver_loopconnectorcompss_+0xea1)[0x7f2e4f91bd41]
[Orion-25-02:310305] [18] /work/noaa/da/mpotts/sandbox/pgi_2019_openmpi_O_patch_8.3.1/esmf/DEFAULTINSTALLDIR/lib/libO/Linux.pgi.64.openmpi.default/libesmf.so(nuopc_driver_initializep1_+0x56a)[0x7facd29b97ea]
[Orion-25-02:310307] [17] /work/noaa/da/mpotts/sandbox/pgi_2019_openmpi_O_patch_8.3.1/esmf/DEFAULTINSTALLDIR/lib/libO/Linux.pgi.64.openmpi.default/libesmf.so(nuopc_driver_initializeipdv02p3_+0x1f38)[0x7f2e4f913738]
[Orion-25-02:310305] [19] /work/noaa/da/mpotts/sandbox/pgi_2019_openmpi_O_patch_8.3.1/esmf/DEFAULTINSTALLDIR/lib/libO/Linux.pgi.64.openmpi.default/libesmf.so(_ZN5ESMCI6FTable12callVFuncPtrEPKcPNS_2VMEPi+0x40f)[0x7facd1dedd9f]
[Orion-25-02:310307] [18] /work/noaa/da/mpotts/sandbox/pgi_2019_openmpi_O_patch_8.3.1/esmf/DEFAULTINSTALLDIR/lib/libO/Linux.pgi.64.openmpi.default/libesmf.so(nuopc_driver_initializep1_+0x56a)[0x7f2e4f9037ea]
[Orion-25-02:310305] [20] /work/noaa/da/mpotts/sandbox/pgi_2019_openmpi_O_patch_8.3.1/esmf/DEFAULTINSTALLDIR/lib/libO/Linux.pgi.64.openmpi.default/libesmf.so(ESMCI_FTableCallEntryPointVMHop+0x1ea)[0x7facd1debfaa]
[Orion-25-02:310307] [19] /work/noaa/da/mpotts/sandbox/pgi_2019_openmpi_O_patch_8.3.1/esmf/DEFAULTINSTALLDIR/lib/libO/Linux.pgi.64.openmpi.default/libesmf.so(_ZN5ESMCI6FTable12callVFuncPtrEPKcPNS_2VMEPi+0x40f)[0x7f2e4ed37d9f]
[Orion-25-02:310305] [21] /work/noaa/da/mpotts/sandbox/pgi_2019_openmpi_O_patch_8.3.1/esmf/DEFAULTINSTALLDIR/lib/libO/Linux.pgi.64.openmpi.default/libesmf.so(_ZN5ESMCI2VM5enterEPNS_6VMPlanEPvS3_+0x18)[0x7facd21c5228]
[Orion-25-02:310307] [20] /work/noaa/da/mpotts/sandbox/pgi_2019_openmpi_O_patch_8.3.1/esmf/DEFAULTINSTALLDIR/lib/libO/Linux.pgi.64.openmpi.default/libesmf.so(ESMCI_FTableCallEntryPointVMHop+0x1ea)[0x7f2e4ed35faa]
[Orion-25-02:310305] [22] /work/noaa/da/mpotts/sandbox/pgi_2019_openmpi_O_patch_8.3.1/esmf/DEFAULTINSTALLDIR/lib/libO/Linux.pgi.64.openmpi.default/libesmf.so(c_esmc_ftablecallentrypointvm_+0x337)[0x7facd1dec387]
[Orion-25-02:310307] [21] /work/noaa/da/mpotts/sandbox/pgi_2019_openmpi_O_patch_8.3.1/esmf/DEFAULTINSTALLDIR/lib/libO/Linux.pgi.64.openmpi.default/libesmf.so(_ZN5ESMCI2VM5enterEPNS_6VMPlanEPvS3_+0x18)[0x7f2e4f10f228]
[Orion-25-02:310305] [23] /work/noaa/da/mpotts/sandbox/pgi_2019_openmpi_O_patch_8.3.1/esmf/DEFAULTINSTALLDIR/lib/libO/Linux.pgi.64.openmpi.default/libesmf.so(esmf_compmod_esmf_compexecute_+0x7cb)[0x7facd239d8fb]
[Orion-25-02:310307] [22] /work/noaa/da/mpotts/sandbox/pgi_2019_openmpi_O_patch_8.3.1/esmf/DEFAULTINSTALLDIR/lib/libO/Linux.pgi.64.openmpi.default/libesmf.so(c_esmc_ftablecallentrypointvm_+0x337)[0x7f2e4ed36387]
[Orion-25-02:310305] [24] /work/noaa/da/mpotts/sandbox/pgi_2019_openmpi_O_patch_8.3.1/esmf/DEFAULTINSTALLDIR/lib/libO/Linux.pgi.64.openmpi.default/libesmf.so(esmf_gridcompmod_esmf_gridcompinitialize_+0x161)[0x7facd256c331]
[Orion-25-02:310305] [25] /work/noaa/da/mpotts/sandbox/pgi_2019_openmpi_O_patch_8.3.1/nuopc-app-prototypes/AtmOcnIceSimpleImplicitProto/./esmApp[0x406007]
[Orion-25-02:310305] [26] /work/noaa/da/mpotts/sandbox/pgi_2019_openmpi_O_patch_8.3.1/nuopc-app-prototypes/AtmOcnIceSimpleImplicitProto/./esmApp[0x405c83]
[Orion-25-02:310307] [23] /work/noaa/da/mpotts/sandbox/pgi_2019_openmpi_O_patch_8.3.1/esmf/DEFAULTINSTALLDIR/lib/libO/Linux.pgi.64.openmpi.default/libesmf.so(esmf_compmod_esmf_compexecute_+0x7cb)[0x7f2e4f2e78fb]
[Orion-25-02:310305] [27] /lib64/libc.so.6(__libc_start_main+0xf5)[0x7faccdbef495]
[Orion-25-02:310305] [28] /work/noaa/da/mpotts/sandbox/pgi_2019_openmpi_O_patch_8.3.1/nuopc-app-prototypes/AtmOcnIceSimpleImplicitProto/./esmApp[0x405b89]
[Orion-25-02:310305] *** End of error message ***
[Orion-25-02:310307] [24] /work/noaa/da/mpotts/sandbox/pgi_2019_openmpi_O_patch_8.3.1/esmf/DEFAULTINSTALLDIR/lib/libO/Linux.pgi.64.openmpi.default/libesmf.so(esmf_gridcompmod_esmf_gridcompinitialize_+0x161)[0x7f2e4f4b6331]
[Orion-25-02:310307] [25] /work/noaa/da/mpotts/sandbox/pgi_2019_openmpi_O_patch_8.3.1/nuopc-app-prototypes/AtmOcnIceSimpleImplicitProto/./esmApp[0x406007]
[Orion-25-02:310307] [26] /work/noaa/da/mpotts/sandbox/pgi_2019_openmpi_O_patch_8.3.1/nuopc-app-prototypes/AtmOcnIceSimpleImplicitProto/./esmApp[0x405c83]
[Orion-25-02:310307] [27] /lib64/libc.so.6(__libc_start_main+0xf5)[0x7f2e4ab39495]
[Orion-25-02:310307] [28] /work/noaa/da/mpotts/sandbox/pgi_2019_openmpi_O_patch_8.3.1/nuopc-app-prototypes/AtmOcnIceSimpleImplicitProto/./esmApp[0x405b89]
[Orion-25-02:310307] *** End of error message ***
srun: error: Orion-25-02: tasks 0-1,3: Segmentation fault
srun: launch/slurm: _step_signal: Terminating StepId=6547903.7
slurmstepd: error: *** STEP 6547903.7 ON Orion-25-02 CANCELLED AT 2022-08-25T07:59:19 ***
srun: error: Orion-25-02: task 2: Terminated
srun: Force Terminated StepId=6547903.7
