2022-08-25 05:23:24
20220825 081102.240 INFO             PET0 !!!!!!!!!!!!!!!!!!!!!!!!!!!!!!!!!!!!!!!!!!!!!!!!!!!!!!
20220825 081102.241 INFO             PET0 !!! THE ESMF_LOG IS SET TO OUTPUT ALL LOG MESSAGES !!!
20220825 081102.241 INFO             PET0 !!!     THIS MAY CAUSE SLOWDOWN IN PERFORMANCE     !!!
20220825 081102.241 INFO             PET0 !!! FOR PRODUCTION RUNS, USE:                      !!!
20220825 081102.241 INFO             PET0 !!!                   ESMF_LOGKIND_Multi_On_Error  !!!
20220825 081102.241 INFO             PET0 !!!!!!!!!!!!!!!!!!!!!!!!!!!!!!!!!!!!!!!!!!!!!!!!!!!!!!
20220825 081102.241 INFO             PET0 Running with ESMF Version   : v8.3.1b05
20220825 081102.241 INFO             PET0 ESMF library build date/time: "Aug 25 2022" "05:18:25"
20220825 081102.241 INFO             PET0 ESMF library build location : /work/noaa/da/mpotts/sandbox/pgi_2019_openmpi_O_patch_8.3.1/esmf
20220825 081102.241 INFO             PET0 ESMF_COMM                   : openmpi
20220825 081102.242 INFO             PET0 ESMF_MOAB                   : enabled
20220825 081102.242 INFO             PET0 ESMF_LAPACK                 : enabled
20220825 081102.242 INFO             PET0 ESMF_NETCDF                 : enabled
20220825 081102.242 INFO             PET0 ESMF_PNETCDF                : disabled
20220825 081102.242 INFO             PET0 ESMF_PIO                    : enabled
20220825 081102.242 INFO             PET0 ESMF_YAMLCPP                : enabled
20220825 081102.242 INFO             PET0 mainApp STARTING
20220825 081102.244 INFO             PET0 driver: InitializeP1 intro.
20220825 081102.244 INFO             PET0   driver: InitializeIPDv02p1 intro.
20220825 081102.244 INFO             PET0     >>>driver: entered Initialize (phase=<none>) without valid internal Clock.
20220825 081102.245 INFO             PET0     driver - Creating model component ATM1 without petList.
20220825 081102.246 INFO             PET0     driver - Creating model component ATM2 without petList.
20220825 081102.248 INFO             PET0     driver - Creating model component MED without petList.
20220825 081102.249 INFO             PET0     driver - Creating connector component ATM1-TO-MED without petList.
20220825 081102.251 INFO             PET0     driver - Creating connector component MED-TO-ATM1 without petList.
20220825 081102.254 INFO             PET0     driver - Creating connector component ATM2-TO-MED without petList.
20220825 081102.256 INFO             PET0     driver - Creating connector component MED-TO-ATM2 without petList.
20220825 081102.258 INFO             PET0     driver - Creating state: modelComp 1 Import State
20220825 081102.258 INFO             PET0     driver - Creating state: modelComp 1 Export State
20220825 081102.259 INFO             PET0     driver - Creating state: modelComp 2 Import State
20220825 081102.259 INFO             PET0     driver - Creating state: modelComp 2 Export State
20220825 081102.259 INFO             PET0     driver - Creating state: modelComp 3 Import State
20220825 081102.259 INFO             PET0     driver - Creating state: modelComp 3 Export State
20220825 081102.260 INFO             PET0     ATM1: InitializeP0 intro.
20220825 081102.260 INFO             PET0     ATM1: InitializeP0 extro.
20220825 081102.261 INFO             PET0     ATM2: InitializeP0 intro.
20220825 081102.261 INFO             PET0     ATM2: InitializeP0 extro.
20220825 081102.261 INFO             PET0     MED: InitializeP0 intro.
20220825 081102.262 INFO             PET0     MED: InitializeP0 extro.
20220825 081102.262 INFO             PET0     ATM1-TO-MED: InitializeP0 intro.
20220825 081102.262 INFO             PET0     ATM1-TO-MED: InitializeP0 extro.
20220825 081102.263 INFO             PET0     ATM2-TO-MED: InitializeP0 intro.
20220825 081102.263 INFO             PET0     ATM2-TO-MED: InitializeP0 extro.
20220825 081102.263 INFO             PET0     MED-TO-ATM1: InitializeP0 intro.
20220825 081102.263 INFO             PET0     MED-TO-ATM1: InitializeP0 extro.
20220825 081102.263 INFO             PET0     MED-TO-ATM2: InitializeP0 intro.
20220825 081102.264 INFO             PET0     MED-TO-ATM2: InitializeP0 extro.
20220825 081102.264 INFO             PET0     driver: IInitAdvertise intro.
20220825 081102.264 INFO             PET0     driver: IInitAdvertise extro.
20220825 081102.265 INFO             PET0     ATM1: InitializeIPDvXp01 intro.
20220825 081102.267 INFO             PET0     ATM1: InitializeIPDvXp01 extro.
20220825 081102.267 INFO             PET0     ATM2: InitializeIPDvXp01 intro.
20220825 081102.269 INFO             PET0     ATM2: InitializeIPDvXp01 extro.
20220825 081102.269 INFO             PET0     MED: InitializeIPDvXp01 intro.
20220825 081102.273 INFO             PET0     MED: InitializeIPDvXp01 extro.
20220825 081102.273 INFO             PET0     ATM1-TO-MED: InitializeIPDv05p1 intro.
20220825 081102.275 ERROR            PET0 ESMF_StateAPI.cppF90:2097 ESMF_StateGetInfo       Object being used before creation  - Bad Object
20220825 081102.275 ERROR            PET0 ESMF_InfoDescribe.F90:274 fillMembersState()       Object being used before creation  - Internal subroutine call returned Error
20220825 081102.275 ERROR            PET0 ESMF_InfoDescribe.F90:591 updateWithState()       Object being used before creation  - Internal subroutine call returned Error
20220825 081102.275 ERROR            PET0 ESMF_InfoDescribe.F90:295 fillMembersState()       Object being used before creation  - Internal subroutine call returned Error
20220825 081102.275 ERROR            PET0 ESMF_InfoDescribe.F90:591 updateWithState()       Object being used before creation  - Internal subroutine call returned Error
20220825 081102.275 ERROR            PET0 ESMF_InfoCache.F90:154 ESMF_InfoCacheUpdateFields()       Object being used before creation  - Internal subroutine call returned Error
20220825 081102.275 ERROR            PET0 ESMF_StateReconcile.F90:410 ESMF_StateReconcile_driver       Object being used before creation  - Internal subroutine call returned Error
20220825 081102.275 ERROR            PET0 ESMF_StateReconcile.F90:207 ESMF_StateReconcile       Object being used before creation  - Internal subroutine call returned Error
20220825 081102.275 ERROR            PET0 src/addon/NUOPC/src/NUOPC_Base.F90:4414       Object being used before creation  - Passing error in return code
20220825 081102.275 ERROR            PET0 ATM1-TO-MED:src/addon/NUOPC/src/NUOPC_Connector.F90:522       Object being used before creation  - Passing error in return code
20220825 081102.275 ERROR            PET0 driver:src/addon/NUOPC/src/NUOPC_Driver.F90:2734       Object being used before creation  - Phase 'IPDv05p1' Initialize for connectorComp 1 -> 3: ATM1-TO-MED did not return ESMF_SUCCESS
20220825 081102.275 ERROR            PET0 driver:src/addon/NUOPC/src/NUOPC_Driver.F90:1291       Object being used before creation  - Passing error in return code
20220825 081102.275 ERROR            PET0 driver:src/addon/NUOPC/src/NUOPC_Driver.F90:457       Object being used before creation  - Passing error in return code
20220825 081102.275 ERROR            PET0 mainApp.F90:67       Object being used before creation  - Passing error in return code
20220825 081102.275 INFO             PET0       Finalizing ESMF
20220825 081102.240 INFO             PET1 !!!!!!!!!!!!!!!!!!!!!!!!!!!!!!!!!!!!!!!!!!!!!!!!!!!!!!
20220825 081102.241 INFO             PET1 !!! THE ESMF_LOG IS SET TO OUTPUT ALL LOG MESSAGES !!!
20220825 081102.241 INFO             PET1 !!!     THIS MAY CAUSE SLOWDOWN IN PERFORMANCE     !!!
20220825 081102.241 INFO             PET1 !!! FOR PRODUCTION RUNS, USE:                      !!!
20220825 081102.241 INFO             PET1 !!!                   ESMF_LOGKIND_Multi_On_Error  !!!
20220825 081102.241 INFO             PET1 !!!!!!!!!!!!!!!!!!!!!!!!!!!!!!!!!!!!!!!!!!!!!!!!!!!!!!
20220825 081102.241 INFO             PET1 Running with ESMF Version   : v8.3.1b05
20220825 081102.241 INFO             PET1 ESMF library build date/time: "Aug 25 2022" "05:18:25"
20220825 081102.241 INFO             PET1 ESMF library build location : /work/noaa/da/mpotts/sandbox/pgi_2019_openmpi_O_patch_8.3.1/esmf
20220825 081102.241 INFO             PET1 ESMF_COMM                   : openmpi
20220825 081102.241 INFO             PET1 ESMF_MOAB                   : enabled
20220825 081102.241 INFO             PET1 ESMF_LAPACK                 : enabled
20220825 081102.241 INFO             PET1 ESMF_NETCDF                 : enabled
20220825 081102.241 INFO             PET1 ESMF_PNETCDF                : disabled
20220825 081102.241 INFO             PET1 ESMF_PIO                    : enabled
20220825 081102.241 INFO             PET1 ESMF_YAMLCPP                : enabled
20220825 081102.242 INFO             PET1 mainApp STARTING
20220825 081102.244 INFO             PET1 driver: InitializeP1 intro.
20220825 081102.244 INFO             PET1   driver: InitializeIPDv02p1 intro.
20220825 081102.245 INFO             PET1     >>>driver: entered Initialize (phase=<none>) without valid internal Clock.
20220825 081102.245 INFO             PET1     driver - Creating model component ATM1 without petList.
20220825 081102.246 INFO             PET1     driver - Creating model component ATM2 without petList.
20220825 081102.248 INFO             PET1     driver - Creating model component MED without petList.
20220825 081102.249 INFO             PET1     driver - Creating connector component ATM1-TO-MED without petList.
20220825 081102.251 INFO             PET1     driver - Creating connector component MED-TO-ATM1 without petList.
20220825 081102.254 INFO             PET1     driver - Creating connector component ATM2-TO-MED without petList.
20220825 081102.256 INFO             PET1     driver - Creating connector component MED-TO-ATM2 without petList.
20220825 081102.258 INFO             PET1     driver - Creating state: modelComp 1 Import State
20220825 081102.258 INFO             PET1     driver - Creating state: modelComp 1 Export State
20220825 081102.259 INFO             PET1     driver - Creating state: modelComp 2 Import State
20220825 081102.259 INFO             PET1     driver - Creating state: modelComp 2 Export State
20220825 081102.259 INFO             PET1     driver - Creating state: modelComp 3 Import State
20220825 081102.259 INFO             PET1     driver - Creating state: modelComp 3 Export State
20220825 081102.260 INFO             PET1     ATM1: InitializeP0 intro.
20220825 081102.260 INFO             PET1     ATM1: InitializeP0 extro.
20220825 081102.261 INFO             PET1     ATM2: InitializeP0 intro.
20220825 081102.261 INFO             PET1     ATM2: InitializeP0 extro.
20220825 081102.261 INFO             PET1     MED: InitializeP0 intro.
20220825 081102.262 INFO             PET1     MED: InitializeP0 extro.
20220825 081102.262 INFO             PET1     ATM1-TO-MED: InitializeP0 intro.
20220825 081102.262 INFO             PET1     ATM1-TO-MED: InitializeP0 extro.
20220825 081102.263 INFO             PET1     ATM2-TO-MED: InitializeP0 intro.
20220825 081102.263 INFO             PET1     ATM2-TO-MED: InitializeP0 extro.
20220825 081102.263 INFO             PET1     MED-TO-ATM1: InitializeP0 intro.
20220825 081102.263 INFO             PET1     MED-TO-ATM1: InitializeP0 extro.
20220825 081102.263 INFO             PET1     MED-TO-ATM2: InitializeP0 intro.
20220825 081102.264 INFO             PET1     MED-TO-ATM2: InitializeP0 extro.
20220825 081102.265 INFO             PET1     driver: IInitAdvertise intro.
20220825 081102.265 INFO             PET1     driver: IInitAdvertise extro.
20220825 081102.265 INFO             PET1     ATM1: InitializeIPDvXp01 intro.
20220825 081102.267 INFO             PET1     ATM1: InitializeIPDvXp01 extro.
20220825 081102.267 INFO             PET1     ATM2: InitializeIPDvXp01 intro.
20220825 081102.269 INFO             PET1     ATM2: InitializeIPDvXp01 extro.
20220825 081102.269 INFO             PET1     MED: InitializeIPDvXp01 intro.
20220825 081102.273 INFO             PET1     MED: InitializeIPDvXp01 extro.
20220825 081102.274 INFO             PET1     ATM1-TO-MED: InitializeIPDv05p1 intro.
20220825 081102.275 ERROR            PET1 ESMF_StateAPI.cppF90:2097 ESMF_StateGetInfo       Object being used before creation  - Bad Object
20220825 081102.275 ERROR            PET1 ESMF_InfoDescribe.F90:274 fillMembersState()       Object being used before creation  - Internal subroutine call returned Error
20220825 081102.275 ERROR            PET1 ESMF_InfoDescribe.F90:591 updateWithState()       Object being used before creation  - Internal subroutine call returned Error
20220825 081102.275 ERROR            PET1 ESMF_InfoDescribe.F90:295 fillMembersState()       Object being used before creation  - Internal subroutine call returned Error
20220825 081102.275 ERROR            PET1 ESMF_InfoDescribe.F90:591 updateWithState()       Object being used before creation  - Internal subroutine call returned Error
20220825 081102.275 ERROR            PET1 ESMF_InfoCache.F90:154 ESMF_InfoCacheUpdateFields()       Object being used before creation  - Internal subroutine call returned Error
20220825 081102.275 ERROR            PET1 ESMF_StateReconcile.F90:410 ESMF_StateReconcile_driver       Object being used before creation  - Internal subroutine call returned Error
20220825 081102.275 ERROR            PET1 ESMF_StateReconcile.F90:207 ESMF_StateReconcile       Object being used before creation  - Internal subroutine call returned Error
20220825 081102.275 ERROR            PET1 src/addon/NUOPC/src/NUOPC_Base.F90:4414       Object being used before creation  - Passing error in return code
20220825 081102.275 ERROR            PET1 ATM1-TO-MED:src/addon/NUOPC/src/NUOPC_Connector.F90:522       Object being used before creation  - Passing error in return code
20220825 081102.275 ERROR            PET1 driver:src/addon/NUOPC/src/NUOPC_Driver.F90:2734       Object being used before creation  - Phase 'IPDv05p1' Initialize for connectorComp 1 -> 3: ATM1-TO-MED did not return ESMF_SUCCESS
20220825 081102.275 ERROR            PET1 driver:src/addon/NUOPC/src/NUOPC_Driver.F90:1291       Object being used before creation  - Passing error in return code
20220825 081102.275 ERROR            PET1 driver:src/addon/NUOPC/src/NUOPC_Driver.F90:457       Object being used before creation  - Passing error in return code
20220825 081102.275 ERROR            PET1 mainApp.F90:67       Object being used before creation  - Passing error in return code
20220825 081102.275 INFO             PET1       Finalizing ESMF
20220825 081102.240 INFO             PET2 !!!!!!!!!!!!!!!!!!!!!!!!!!!!!!!!!!!!!!!!!!!!!!!!!!!!!!
20220825 081102.241 INFO             PET2 !!! THE ESMF_LOG IS SET TO OUTPUT ALL LOG MESSAGES !!!
20220825 081102.241 INFO             PET2 !!!     THIS MAY CAUSE SLOWDOWN IN PERFORMANCE     !!!
20220825 081102.241 INFO             PET2 !!! FOR PRODUCTION RUNS, USE:                      !!!
20220825 081102.241 INFO             PET2 !!!                   ESMF_LOGKIND_Multi_On_Error  !!!
20220825 081102.241 INFO             PET2 !!!!!!!!!!!!!!!!!!!!!!!!!!!!!!!!!!!!!!!!!!!!!!!!!!!!!!
20220825 081102.241 INFO             PET2 Running with ESMF Version   : v8.3.1b05
20220825 081102.241 INFO             PET2 ESMF library build date/time: "Aug 25 2022" "05:18:25"
20220825 081102.241 INFO             PET2 ESMF library build location : /work/noaa/da/mpotts/sandbox/pgi_2019_openmpi_O_patch_8.3.1/esmf
20220825 081102.241 INFO             PET2 ESMF_COMM                   : openmpi
20220825 081102.241 INFO             PET2 ESMF_MOAB                   : enabled
20220825 081102.241 INFO             PET2 ESMF_LAPACK                 : enabled
20220825 081102.241 INFO             PET2 ESMF_NETCDF                 : enabled
20220825 081102.241 INFO             PET2 ESMF_PNETCDF                : disabled
20220825 081102.241 INFO             PET2 ESMF_PIO                    : enabled
20220825 081102.241 INFO             PET2 ESMF_YAMLCPP                : enabled
20220825 081102.242 INFO             PET2 mainApp STARTING
20220825 081102.244 INFO             PET2 driver: InitializeP1 intro.
20220825 081102.244 INFO             PET2   driver: InitializeIPDv02p1 intro.
20220825 081102.244 INFO             PET2     >>>driver: entered Initialize (phase=<none>) without valid internal Clock.
20220825 081102.245 INFO             PET2     driver - Creating model component ATM1 without petList.
20220825 081102.246 INFO             PET2     driver - Creating model component ATM2 without petList.
20220825 081102.248 INFO             PET2     driver - Creating model component MED without petList.
20220825 081102.249 INFO             PET2     driver - Creating connector component ATM1-TO-MED without petList.
20220825 081102.251 INFO             PET2     driver - Creating connector component MED-TO-ATM1 without petList.
20220825 081102.254 INFO             PET2     driver - Creating connector component ATM2-TO-MED without petList.
20220825 081102.256 INFO             PET2     driver - Creating connector component MED-TO-ATM2 without petList.
20220825 081102.258 INFO             PET2     driver - Creating state: modelComp 1 Import State
20220825 081102.258 INFO             PET2     driver - Creating state: modelComp 1 Export State
20220825 081102.259 INFO             PET2     driver - Creating state: modelComp 2 Import State
20220825 081102.259 INFO             PET2     driver - Creating state: modelComp 2 Export State
20220825 081102.259 INFO             PET2     driver - Creating state: modelComp 3 Import State
20220825 081102.259 INFO             PET2     driver - Creating state: modelComp 3 Export State
20220825 081102.260 INFO             PET2     ATM1: InitializeP0 intro.
20220825 081102.260 INFO             PET2     ATM1: InitializeP0 extro.
20220825 081102.260 INFO             PET2     ATM2: InitializeP0 intro.
20220825 081102.261 INFO             PET2     ATM2: InitializeP0 extro.
20220825 081102.261 INFO             PET2     MED: InitializeP0 intro.
20220825 081102.262 INFO             PET2     MED: InitializeP0 extro.
20220825 081102.262 INFO             PET2     ATM1-TO-MED: InitializeP0 intro.
20220825 081102.262 INFO             PET2     ATM1-TO-MED: InitializeP0 extro.
20220825 081102.263 INFO             PET2     ATM2-TO-MED: InitializeP0 intro.
20220825 081102.263 INFO             PET2     ATM2-TO-MED: InitializeP0 extro.
20220825 081102.263 INFO             PET2     MED-TO-ATM1: InitializeP0 intro.
20220825 081102.263 INFO             PET2     MED-TO-ATM1: InitializeP0 extro.
20220825 081102.263 INFO             PET2     MED-TO-ATM2: InitializeP0 intro.
20220825 081102.264 INFO             PET2     MED-TO-ATM2: InitializeP0 extro.
20220825 081102.264 INFO             PET2     driver: IInitAdvertise intro.
20220825 081102.264 INFO             PET2     driver: IInitAdvertise extro.
20220825 081102.265 INFO             PET2     ATM1: InitializeIPDvXp01 intro.
20220825 081102.267 INFO             PET2     ATM1: InitializeIPDvXp01 extro.
20220825 081102.267 INFO             PET2     ATM2: InitializeIPDvXp01 intro.
20220825 081102.269 INFO             PET2     ATM2: InitializeIPDvXp01 extro.
20220825 081102.269 INFO             PET2     MED: InitializeIPDvXp01 intro.
20220825 081102.273 INFO             PET2     MED: InitializeIPDvXp01 extro.
20220825 081102.273 INFO             PET2     ATM1-TO-MED: InitializeIPDv05p1 intro.
20220825 081102.275 ERROR            PET2 ESMF_StateAPI.cppF90:2097 ESMF_StateGetInfo       Object being used before creation  - Bad Object
20220825 081102.275 ERROR            PET2 ESMF_InfoDescribe.F90:274 fillMembersState()       Object being used before creation  - Internal subroutine call returned Error
20220825 081102.275 ERROR            PET2 ESMF_InfoDescribe.F90:591 updateWithState()       Object being used before creation  - Internal subroutine call returned Error
20220825 081102.275 ERROR            PET2 ESMF_InfoDescribe.F90:295 fillMembersState()       Object being used before creation  - Internal subroutine call returned Error
20220825 081102.275 ERROR            PET2 ESMF_InfoDescribe.F90:591 updateWithState()       Object being used before creation  - Internal subroutine call returned Error
20220825 081102.275 ERROR            PET2 ESMF_InfoCache.F90:154 ESMF_InfoCacheUpdateFields()       Object being used before creation  - Internal subroutine call returned Error
20220825 081102.275 ERROR            PET2 ESMF_StateReconcile.F90:410 ESMF_StateReconcile_driver       Object being used before creation  - Internal subroutine call returned Error
20220825 081102.275 ERROR            PET2 ESMF_StateReconcile.F90:207 ESMF_StateReconcile       Object being used before creation  - Internal subroutine call returned Error
20220825 081102.275 ERROR            PET2 src/addon/NUOPC/src/NUOPC_Base.F90:4414       Object being used before creation  - Passing error in return code
20220825 081102.275 ERROR            PET2 ATM1-TO-MED:src/addon/NUOPC/src/NUOPC_Connector.F90:522       Object being used before creation  - Passing error in return code
20220825 081102.275 ERROR            PET2 driver:src/addon/NUOPC/src/NUOPC_Driver.F90:2734       Object being used before creation  - Phase 'IPDv05p1' Initialize for connectorComp 1 -> 3: ATM1-TO-MED did not return ESMF_SUCCESS
20220825 081102.275 ERROR            PET2 driver:src/addon/NUOPC/src/NUOPC_Driver.F90:1291       Object being used before creation  - Passing error in return code
20220825 081102.275 ERROR            PET2 driver:src/addon/NUOPC/src/NUOPC_Driver.F90:457       Object being used before creation  - Passing error in return code
20220825 081102.275 ERROR            PET2 mainApp.F90:67       Object being used before creation  - Passing error in return code
20220825 081102.275 INFO             PET2       Finalizing ESMF
20220825 081102.240 INFO             PET3 !!!!!!!!!!!!!!!!!!!!!!!!!!!!!!!!!!!!!!!!!!!!!!!!!!!!!!
20220825 081102.241 INFO             PET3 !!! THE ESMF_LOG IS SET TO OUTPUT ALL LOG MESSAGES !!!
20220825 081102.241 INFO             PET3 !!!     THIS MAY CAUSE SLOWDOWN IN PERFORMANCE     !!!
20220825 081102.241 INFO             PET3 !!! FOR PRODUCTION RUNS, USE:                      !!!
20220825 081102.241 INFO             PET3 !!!                   ESMF_LOGKIND_Multi_On_Error  !!!
20220825 081102.241 INFO             PET3 !!!!!!!!!!!!!!!!!!!!!!!!!!!!!!!!!!!!!!!!!!!!!!!!!!!!!!
20220825 081102.241 INFO             PET3 Running with ESMF Version   : v8.3.1b05
20220825 081102.241 INFO             PET3 ESMF library build date/time: "Aug 25 2022" "05:18:25"
20220825 081102.241 INFO             PET3 ESMF library build location : /work/noaa/da/mpotts/sandbox/pgi_2019_openmpi_O_patch_8.3.1/esmf
20220825 081102.241 INFO             PET3 ESMF_COMM                   : openmpi
20220825 081102.241 INFO             PET3 ESMF_MOAB                   : enabled
20220825 081102.241 INFO             PET3 ESMF_LAPACK                 : enabled
20220825 081102.241 INFO             PET3 ESMF_NETCDF                 : enabled
20220825 081102.241 INFO             PET3 ESMF_PNETCDF                : disabled
20220825 081102.241 INFO             PET3 ESMF_PIO                    : enabled
20220825 081102.241 INFO             PET3 ESMF_YAMLCPP                : enabled
20220825 081102.242 INFO             PET3 mainApp STARTING
20220825 081102.244 INFO             PET3 driver: InitializeP1 intro.
20220825 081102.244 INFO             PET3   driver: InitializeIPDv02p1 intro.
20220825 081102.244 INFO             PET3     >>>driver: entered Initialize (phase=<none>) without valid internal Clock.
20220825 081102.245 INFO             PET3     driver - Creating model component ATM1 without petList.
20220825 081102.246 INFO             PET3     driver - Creating model component ATM2 without petList.
20220825 081102.248 INFO             PET3     driver - Creating model component MED without petList.
20220825 081102.249 INFO             PET3     driver - Creating connector component ATM1-TO-MED without petList.
20220825 081102.251 INFO             PET3     driver - Creating connector component MED-TO-ATM1 without petList.
20220825 081102.254 INFO             PET3     driver - Creating connector component ATM2-TO-MED without petList.
20220825 081102.256 INFO             PET3     driver - Creating connector component MED-TO-ATM2 without petList.
20220825 081102.258 INFO             PET3     driver - Creating state: modelComp 1 Import State
20220825 081102.258 INFO             PET3     driver - Creating state: modelComp 1 Export State
20220825 081102.259 INFO             PET3     driver - Creating state: modelComp 2 Import State
20220825 081102.259 INFO             PET3     driver - Creating state: modelComp 2 Export State
20220825 081102.259 INFO             PET3     driver - Creating state: modelComp 3 Import State
20220825 081102.259 INFO             PET3     driver - Creating state: modelComp 3 Export State
20220825 081102.260 INFO             PET3     ATM1: InitializeP0 intro.
20220825 081102.260 INFO             PET3     ATM1: InitializeP0 extro.
20220825 081102.261 INFO             PET3     ATM2: InitializeP0 intro.
20220825 081102.261 INFO             PET3     ATM2: InitializeP0 extro.
20220825 081102.261 INFO             PET3     MED: InitializeP0 intro.
20220825 081102.262 INFO             PET3     MED: InitializeP0 extro.
20220825 081102.262 INFO             PET3     ATM1-TO-MED: InitializeP0 intro.
20220825 081102.262 INFO             PET3     ATM1-TO-MED: InitializeP0 extro.
20220825 081102.263 INFO             PET3     ATM2-TO-MED: InitializeP0 intro.
20220825 081102.263 INFO             PET3     ATM2-TO-MED: InitializeP0 extro.
20220825 081102.263 INFO             PET3     MED-TO-ATM1: InitializeP0 intro.
20220825 081102.263 INFO             PET3     MED-TO-ATM1: InitializeP0 extro.
20220825 081102.263 INFO             PET3     MED-TO-ATM2: InitializeP0 intro.
20220825 081102.264 INFO             PET3     MED-TO-ATM2: InitializeP0 extro.
20220825 081102.264 INFO             PET3     driver: IInitAdvertise intro.
20220825 081102.265 INFO             PET3     driver: IInitAdvertise extro.
20220825 081102.265 INFO             PET3     ATM1: InitializeIPDvXp01 intro.
20220825 081102.267 INFO             PET3     ATM1: InitializeIPDvXp01 extro.
20220825 081102.267 INFO             PET3     ATM2: InitializeIPDvXp01 intro.
20220825 081102.269 INFO             PET3     ATM2: InitializeIPDvXp01 extro.
20220825 081102.269 INFO             PET3     MED: InitializeIPDvXp01 intro.
20220825 081102.273 INFO             PET3     MED: InitializeIPDvXp01 extro.
20220825 081102.274 INFO             PET3     ATM1-TO-MED: InitializeIPDv05p1 intro.
20220825 081102.275 ERROR            PET3 ESMF_StateAPI.cppF90:2097 ESMF_StateGetInfo       Object being used before creation  - Bad Object
20220825 081102.275 ERROR            PET3 ESMF_InfoDescribe.F90:274 fillMembersState()       Object being used before creation  - Internal subroutine call returned Error
20220825 081102.275 ERROR            PET3 ESMF_InfoDescribe.F90:591 updateWithState()       Object being used before creation  - Internal subroutine call returned Error
20220825 081102.275 ERROR            PET3 ESMF_InfoDescribe.F90:295 fillMembersState()       Object being used before creation  - Internal subroutine call returned Error
20220825 081102.275 ERROR            PET3 ESMF_InfoDescribe.F90:591 updateWithState()       Object being used before creation  - Internal subroutine call returned Error
20220825 081102.275 ERROR            PET3 ESMF_InfoCache.F90:154 ESMF_InfoCacheUpdateFields()       Object being used before creation  - Internal subroutine call returned Error
20220825 081102.275 ERROR            PET3 ESMF_StateReconcile.F90:410 ESMF_StateReconcile_driver       Object being used before creation  - Internal subroutine call returned Error
20220825 081102.275 ERROR            PET3 ESMF_StateReconcile.F90:207 ESMF_StateReconcile       Object being used before creation  - Internal subroutine call returned Error
20220825 081102.275 ERROR            PET3 src/addon/NUOPC/src/NUOPC_Base.F90:4414       Object being used before creation  - Passing error in return code
20220825 081102.275 ERROR            PET3 ATM1-TO-MED:src/addon/NUOPC/src/NUOPC_Connector.F90:522       Object being used before creation  - Passing error in return code
20220825 081102.275 ERROR            PET3 driver:src/addon/NUOPC/src/NUOPC_Driver.F90:2734       Object being used before creation  - Phase 'IPDv05p1' Initialize for connectorComp 1 -> 3: ATM1-TO-MED did not return ESMF_SUCCESS
20220825 081102.275 ERROR            PET3 driver:src/addon/NUOPC/src/NUOPC_Driver.F90:1291       Object being used before creation  - Passing error in return code
20220825 081102.275 ERROR            PET3 driver:src/addon/NUOPC/src/NUOPC_Driver.F90:457       Object being used before creation  - Passing error in return code
20220825 081102.275 ERROR            PET3 mainApp.F90:67       Object being used before creation  - Passing error in return code
20220825 081102.275 INFO             PET3       Finalizing ESMF
