2022-09-13 01:38:48
20220913 020511.190 INFO             PET0 !!!!!!!!!!!!!!!!!!!!!!!!!!!!!!!!!!!!!!!!!!!!!!!!!!!!!!
20220913 020511.190 INFO             PET0 !!! THE ESMF_LOG IS SET TO OUTPUT ALL LOG MESSAGES !!!
20220913 020511.190 INFO             PET0 !!!     THIS MAY CAUSE SLOWDOWN IN PERFORMANCE     !!!
20220913 020511.190 INFO             PET0 !!! FOR PRODUCTION RUNS, USE:                      !!!
20220913 020511.190 INFO             PET0 !!!                   ESMF_LOGKIND_Multi_On_Error  !!!
20220913 020511.190 INFO             PET0 !!!!!!!!!!!!!!!!!!!!!!!!!!!!!!!!!!!!!!!!!!!!!!!!!!!!!!
20220913 020511.190 INFO             PET0 Running with ESMF Version   : v8.3.1b05
20220913 020511.190 INFO             PET0 ESMF library build date/time: "Sep 13 2022" "01:36:39"
20220913 020511.190 INFO             PET0 ESMF library build location : /discover/nobackup/projects/sbu/mpotts/esmf-test/intel_19.1.3_intelmpi_O_patch_8.3.1/esmf
20220913 020511.190 INFO             PET0 ESMF_COMM                   : intelmpi
20220913 020511.191 INFO             PET0 ESMF_MOAB                   : enabled
20220913 020511.191 INFO             PET0 ESMF_LAPACK                 : enabled
20220913 020511.191 INFO             PET0 ESMF_NETCDF                 : enabled
20220913 020511.191 INFO             PET0 ESMF_PNETCDF                : disabled
20220913 020511.191 INFO             PET0 ESMF_PIO                    : enabled
20220913 020511.191 INFO             PET0 ESMF_YAMLCPP                : enabled
20220913 020511.192 INFO             PET0 mainApp STARTING
20220913 020511.194 INFO             PET0 driver: InitializeP1 intro.
20220913 020511.194 INFO             PET0   driver: InitializeIPDv02p1 intro.
20220913 020511.194 INFO             PET0     >>>driver: entered Initialize (phase=<none>) without valid internal Clock.
20220913 020511.194 INFO             PET0     driver - Creating model component MODEL without petList.
20220913 020511.195 INFO             PET0      GridCompIsPetLocal:  T
20220913 020511.195 INFO             PET0      VmIsCreated:  T
20220913 020511.195 INFO             PET0      valid MPI_COMM with size=           4
20220913 020511.195 INFO             PET0     driver - Creating state: modelComp 1 Import State
20220913 020511.195 INFO             PET0     driver - Creating state: modelComp 1 Export State
20220913 020511.196 INFO             PET0     MODEL: InitializeP0 intro.
20220913 020511.196 INFO             PET0       >>>MODEL: entered Initialize (phase=<none>) without valid internal Clock.
20220913 020511.196 INFO             PET0       <<<MODEL: leaving Initialize (phase=<none>) without valid internal Clock.
20220913 020511.196 INFO             PET0     MODEL: InitializeP0 extro.
20220913 020511.197 INFO             PET0     driver: IInitAdvertise intro.
20220913 020511.197 INFO             PET0     driver: IInitAdvertise extro.
20220913 020511.197 INFO             PET0     MODEL: InitializeIPDvXp01 intro.
20220913 020511.197 INFO             PET0       >>>MODEL: entered Initialize (phase=IPDvXp01) without valid internal Clock.
20220913 020511.198 INFO             PET0       <<<MODEL: leaving Initialize (phase=IPDvXp01) without valid internal Clock.
20220913 020511.198 INFO             PET0     MODEL: InitializeIPDvXp01 extro.
20220913 020511.198 INFO             PET0     driver: IInitAdvertiseFinish intro.
20220913 020511.198 INFO             PET0     driver: IInitAdvertiseFinish extro.
20220913 020511.198 INFO             PET0     driver: IInitModifyCplLists intro.
20220913 020511.198 INFO             PET0     driver: IInitModifyCplLists extro.
20220913 020511.198 INFO             PET0     <<<driver: leaving Initialize (phase=<none>) with current time:    0  1  1  0  0  0   0
20220913 020511.198 INFO             PET0   driver: InitializeIPDv02p1 extro.
20220913 020511.198 INFO             PET0   driver: InitializeIPDv02p3 intro.
20220913 020511.198 INFO             PET0     >>>driver: entered Initialize (phase=<none>) with current time:    0  1  1  0  0  0   0
20220913 020511.199 INFO             PET0     driver: IInitCheck intro.
20220913 020511.199 INFO             PET0     driver: IInitCheck extro.
20220913 020511.199 INFO             PET0     MODEL: InitializeIPDvXp04 intro.
20220913 020511.199 INFO             PET0       >>>MODEL: entered Initialize (phase=IPDvXp04) without valid internal Clock.
20220913 020511.200 INFO             PET0       After Realize: - MemInfo: [/proc/meminfo - SSI]	MemTotal:       196174516 kB
20220913 020511.200 INFO             PET0       After Realize: - MemInfo: [/proc/meminfo - SSI]	MemFree:        184284608 kB
20220913 020511.200 INFO             PET0       After Realize: - MemInfo: [/proc/meminfo - SSI]	MemAvailable:   169416240 kB
20220913 020511.201 INFO             PET0       After Realize: - MemInfo: [/proc/meminfo - SSI]	Committed_AS:    3710472 kB
20220913 020511.201 INFO             PET0       After Realize: - MemInfo: [/proc/meminfo - SSI]	CommittedPercent: 1.89141 %
20220913 020511.201 INFO             PET0       After Realize: - MemInfo: [/proc/self/status]	VmPeak:	 3764532 kB
20220913 020511.201 INFO             PET0       After Realize: - MemInfo: [/proc/self/status]	VmSize:	 3750764 kB
20220913 020511.201 INFO             PET0       After Realize: - MemInfo: [/proc/self/status]	VmLck:	       0 kB
20220913 020511.201 INFO             PET0       After Realize: - MemInfo: [/proc/self/status]	VmPin:	   71900 kB
20220913 020511.201 INFO             PET0       After Realize: - MemInfo: [/proc/self/status]	VmHWM:	  137572 kB
20220913 020511.201 INFO             PET0       After Realize: - MemInfo: [/proc/self/status]	VmRSS:	  137572 kB
20220913 020511.201 INFO             PET0       After Realize: - MemInfo: [/proc/self/status]	VmData:	  194780 kB
20220913 020511.201 INFO             PET0       After Realize: - MemInfo: [/proc/self/status]	VmStk:	     512 kB
20220913 020511.201 INFO             PET0       After Realize: - MemInfo: [/proc/self/status]	VmExe:	    1892 kB
20220913 020511.201 INFO             PET0       After Realize: - MemInfo: [/proc/self/status]	VmLib:	  104848 kB
20220913 020511.201 INFO             PET0       After Realize: - MemInfo: [/proc/self/status]	VmPTE:	     764 kB
20220913 020511.201 INFO             PET0       After Realize: - MemInfo: [/proc/self/status]	VmPMD:	      36 kB
20220913 020511.201 INFO             PET0       After Realize: - MemInfo: [/proc/self/status]	VmSwap:	       0 kB
20220913 020511.201 INFO             PET0       After Realize: - MemInfo: [/proc/self/status]	VmRSSPercent: 0.0701274 %
20220913 020511.201 INFO             PET0       After Realize: - MemInfo: [malloc] Non-mmapped space allocated:                 3375104 Byte
20220913 020511.201 INFO             PET0       After Realize: - MemInfo: [malloc] Space allocated in mmapped regions:         73412608 Byte
20220913 020511.201 INFO             PET0       After Realize: - MemInfo: [malloc] Maximum total allocated space:                     0 Byte
20220913 020511.201 INFO             PET0       After Realize: - MemInfo: [malloc] Space in freed fastbin blocks:                   848 Byte
20220913 020511.201 INFO             PET0       After Realize: - MemInfo: [malloc] Total allocated space:                       3183760 Byte
20220913 020511.201 INFO             PET0       After Realize: - MemInfo: [malloc] Total free space:                             191344 Byte
20220913 020511.201 INFO             PET0       After Realize: - MemInfo: [malloc] Top-most, releasable space:                    58784 Byte
20220913 020511.201 INFO             PET0       After Realize: - MemInfo: [malloc] Total space in use, mmap + non-mmap:        76596368 Byte
20220913 020511.201 INFO             PET0       After Realize: - MemInfo: [malloc] Total space held (mmap + non-mmap):         76787712 Byte
20220913 020511.201 INFO             PET0       After Realize: - MemInfo: [malloc] Total space used (mmap + non-mmap):         76605728 Byte
20220913 020511.201 INFO             PET0       After Realize: - MemInfo: Wall-clock time since execution start:              0.0199865 seconds
20220913 020511.201 INFO             PET0       <<<MODEL: leaving Initialize (phase=IPDvXp04) without valid internal Clock.
20220913 020511.201 INFO             PET0     MODEL: InitializeIPDvXp04 extro.
20220913 020511.201 INFO             PET0     driver: IInitRealize intro.
20220913 020511.201 INFO             PET0     driver: IInitRealize extro.
20220913 020511.201 INFO             PET0     MODEL: InitializeIPDvXp07 intro.
20220913 020511.201 INFO             PET0       >>>MODEL: entered Initialize (phase=IPDvXp07) without valid internal Clock.
20220913 020511.201 INFO             PET0       <<<MODEL: leaving Initialize (phase=IPDvXp07) with current time:    0  1  1  0  0  0   0
20220913 020511.201 INFO             PET0     MODEL: InitializeIPDvXp07 extro.
20220913 020511.202 INFO             PET0     <<<driver: leaving Initialize (phase=<none>) with current time:    0  1  1  0  0  0   0
20220913 020511.202 INFO             PET0   driver: InitializeIPDv02p3 extro.
20220913 020511.202 INFO             PET0   driver: InitializeIPDv02p5 intro.
20220913 020511.202 INFO             PET0     >>>driver: entered Initialize (phase=<none>) with current time:    0  1  1  0  0  0   0
20220913 020511.202 INFO             PET0     driver: this is a top level driver, no 'Updated' and 'InitializeDataComplete' info on this level.
20220913 020511.202 INFO             PET0     driver: InitializeIPDv02p5Data intro.
20220913 020511.202 INFO             PET0       driver: InternalInitializeComplete intro.
20220913 020511.202 INFO             PET0         driver: InitializeDataComplete='true'
20220913 020511.202 INFO             PET0       driver: InternalInitializeComplete extro.
20220913 020511.202 INFO             PET0       MODEL: InitializeIPDvXp08 intro.
20220913 020511.202 INFO             PET0         >>>MODEL: entered Initialize (phase=IPDv05p8) with current time:    0  1  1  0  0  0   0
20220913 020511.202 INFO             PET0         MODEL: InitializeDataProgress='false', InitializeDataComplete='false'
20220913 020511.202 INFO             PET0         <<<MODEL: leaving Initialize (phase=IPDv05p8) with current time:    0  1  1  0  0  0   0
20220913 020511.202 INFO             PET0       MODEL: InitializeIPDvXp08 extro.
20220913 020511.202 INFO             PET0       driver: components present that trigger loopDataDependentInitialize().
20220913 020511.202 INFO             PET0       driver: loopDataDependentInitialize intro.
20220913 020511.202 INFO             PET0         driver: component    0=driver, dataComplete (local): true
20220913 020511.202 INFO             PET0         driver: component    0=driver, dataComplete (global):  T
20220913 020511.202 INFO             PET0         driver: component    1=MODEL, dataComplete (local): false
20220913 020511.202 INFO             PET0         driver: component    1=MODEL, dataComplete (global):  F
20220913 020511.202 INFO             PET0         MODEL: InitializeIPDvXp08 intro.
20220913 020511.202 INFO             PET0           >>>MODEL: entered Initialize (phase=IPDv05p8) with current time:    0  1  1  0  0  0   0
20220913 020511.202 INFO             PET0           MODEL: InitializeDataProgress='true', InitializeDataComplete='true'
20220913 020511.202 INFO             PET0           <<<MODEL: leaving Initialize (phase=IPDv05p8) with current time:    0  1  1  0  0  0   0
20220913 020511.202 INFO             PET0         MODEL: InitializeIPDvXp08 extro.
20220913 020511.203 INFO             PET0         driver: component    1=MODEL, someProgress (local): true
20220913 020511.203 INFO             PET0         driver: component    1=MODEL, someProgress (global):  T
20220913 020511.203 INFO             PET0         driver: someProgress= T, allComplete= F, present(dataDepAllComplete)= T
20220913 020511.203 INFO             PET0         driver: component    0=driver, dataComplete (local): true
20220913 020511.203 INFO             PET0         driver: component    0=driver, dataComplete (global):  T
20220913 020511.203 INFO             PET0         driver: component    1=MODEL, dataComplete (local): true
20220913 020511.203 INFO             PET0         driver: component    1=MODEL, dataComplete (global):  T
20220913 020511.203 INFO             PET0         driver: someProgress= F, allComplete= T, present(dataDepAllComplete)= T
20220913 020511.203 INFO             PET0         driver: finished resolving initialize data dependencies on this level.
20220913 020511.203 INFO             PET0       driver: loopDataDependentInitialize extro.
20220913 020511.203 INFO             PET0       driver: loopDataDependentInitialize() returned with dataDepAllComplete:  T
20220913 020511.203 INFO             PET0     driver: InitializeIPDv02p5Data extro.
20220913 020511.203 INFO             PET0     <<<driver: leaving Initialize (phase=<none>) with current time:    0  1  1  0  0  0   0
20220913 020511.203 INFO             PET0   driver: InitializeIPDv02p5 extro.
20220913 020511.203 INFO             PET0 driver: InitializeP1 extro.
20220913 020511.203 INFO             PET0 driver: Run intro.
20220913 020511.203 INFO             PET0   >>>driver entered Run (phase=RunPhase1) with current time:    0  1  1  0  0  0   0
20220913 020511.203 INFO             PET0   driver: after lable_SetRunClock, current time:    0  1  1  0  0  0   0
20220913 020511.203 INFO             PET0   driver: begin -------> RunSequence.
20220913 020511.203 INFO             PET0     driver: RunSequence event loopLevel=   1  levelMember=   1  loopIteration=   1, current time:    0  1  1  0  0  0   0
20220913 020511.203 INFO             PET0     MODEL: Run intro.
20220913 020511.203 INFO             PET0       >>>MODEL: entered Run (phase=RunPhase1) with current time:    0  1  1  0  0  0   0
20220913 020511.203 INFO             PET0       MODEL: time step-loop starting, current time:    0  1  1  0  0  0   0
20220913 020511.205 INFO             PET0       thread_num=   0   currentSsiPe=  10   num_threads=   3   max_threads=   3   num_procs=  11
20220913 020511.205 INFO             PET0       thread_num=   1   currentSsiPe=   2   num_threads=   3   max_threads=   3   num_procs=  11
20220913 020511.206 INFO             PET0       thread_num=   2   currentSsiPe=   3   num_threads=   3   max_threads=   3   num_procs=  11
20220913 020511.206 INFO             PET0       ---->Advancing Model from:    0  1  1  0  0  0   0
20220913 020511.206 INFO             PET0       ---------------------> to:    0  1  1  0  0 30   0
20220913 020511.206 INFO             PET0       MODEL: time step-loop ending,   current time:    0  1  1  0  0 30   0
20220913 020511.206 INFO             PET0       <<<MODEL: leaving Run (phase=RunPhase1) with current time:    0  1  1  0  0 30   0
20220913 020511.206 INFO             PET0     MODEL: Run extro.
20220913 020511.206 INFO             PET0     driver: RunSequence event loopLevel=   1  levelMember=   1  loopIteration=   2, current time:    0  1  1  0  0 30   0
20220913 020511.206 INFO             PET0     MODEL: Run intro.
20220913 020511.206 INFO             PET0       >>>MODEL: entered Run (phase=RunPhase1) with current time:    0  1  1  0  0 30   0
20220913 020511.206 INFO             PET0       MODEL: time step-loop starting, current time:    0  1  1  0  0 30   0
20220913 020511.206 INFO             PET0       thread_num=   2   currentSsiPe=   3   num_threads=   3   max_threads=   3   num_procs=  11
20220913 020511.206 INFO             PET0       thread_num=   0   currentSsiPe=  10   num_threads=   3   max_threads=   3   num_procs=  11
20220913 020511.206 INFO             PET0       thread_num=   1   currentSsiPe=   2   num_threads=   3   max_threads=   3   num_procs=  11
20220913 020511.206 INFO             PET0       ---->Advancing Model from:    0  1  1  0  0 30   0
20220913 020511.206 INFO             PET0       ---------------------> to:    0  1  1  0  1  0   0
20220913 020511.206 INFO             PET0       MODEL: time step-loop ending,   current time:    0  1  1  0  1  0   0
20220913 020511.206 INFO             PET0       <<<MODEL: leaving Run (phase=RunPhase1) with current time:    0  1  1  0  1  0   0
20220913 020511.206 INFO             PET0     MODEL: Run extro.
20220913 020511.206 INFO             PET0     driver: RunSequence event loopLevel=   1  levelMember=   1  loopIteration=   3, current time:    0  1  1  0  1  0   0
20220913 020511.207 INFO             PET0     MODEL: Run intro.
20220913 020511.207 INFO             PET0       >>>MODEL: entered Run (phase=RunPhase1) with current time:    0  1  1  0  1  0   0
20220913 020511.207 INFO             PET0       MODEL: time step-loop starting, current time:    0  1  1  0  1  0   0
20220913 020511.207 INFO             PET0       thread_num=   2   currentSsiPe=   3   num_threads=   3   max_threads=   3   num_procs=  11
20220913 020511.207 INFO             PET0       thread_num=   1   currentSsiPe=   2   num_threads=   3   max_threads=   3   num_procs=  11
20220913 020511.207 INFO             PET0       thread_num=   0   currentSsiPe=  10   num_threads=   3   max_threads=   3   num_procs=  11
20220913 020511.207 INFO             PET0       ---->Advancing Model from:    0  1  1  0  1  0   0
20220913 020511.207 INFO             PET0       ---------------------> to:    0  1  1  0  1 30   0
20220913 020511.207 INFO             PET0       MODEL: time step-loop ending,   current time:    0  1  1  0  1 30   0
20220913 020511.207 INFO             PET0       <<<MODEL: leaving Run (phase=RunPhase1) with current time:    0  1  1  0  1 30   0
20220913 020511.207 INFO             PET0     MODEL: Run extro.
20220913 020511.207 INFO             PET0     driver: RunSequence event loopLevel=   1  levelMember=   1  loopIteration=   4, current time:    0  1  1  0  1 30   0
20220913 020511.207 INFO             PET0     MODEL: Run intro.
20220913 020511.207 INFO             PET0       >>>MODEL: entered Run (phase=RunPhase1) with current time:    0  1  1  0  1 30   0
20220913 020511.207 INFO             PET0       MODEL: time step-loop starting, current time:    0  1  1  0  1 30   0
20220913 020511.207 INFO             PET0       thread_num=   2   currentSsiPe=   3   num_threads=   3   max_threads=   3   num_procs=  11
20220913 020511.207 INFO             PET0       thread_num=   1   currentSsiPe=   2   num_threads=   3   max_threads=   3   num_procs=  11
20220913 020511.207 INFO             PET0       thread_num=   0   currentSsiPe=  10   num_threads=   3   max_threads=   3   num_procs=  11
20220913 020511.207 INFO             PET0       ---->Advancing Model from:    0  1  1  0  1 30   0
20220913 020511.207 INFO             PET0       ---------------------> to:    0  1  1  0  2  0   0
20220913 020511.207 INFO             PET0       MODEL: time step-loop ending,   current time:    0  1  1  0  2  0   0
20220913 020511.207 INFO             PET0       <<<MODEL: leaving Run (phase=RunPhase1) with current time:    0  1  1  0  2  0   0
20220913 020511.207 INFO             PET0     MODEL: Run extro.
20220913 020511.207 INFO             PET0     driver: RunSequence event loopLevel=   1  levelMember=   1  loopIteration=   5, current time:    0  1  1  0  2  0   0
20220913 020511.207 INFO             PET0     MODEL: Run intro.
20220913 020511.207 INFO             PET0       >>>MODEL: entered Run (phase=RunPhase1) with current time:    0  1  1  0  2  0   0
20220913 020511.207 INFO             PET0       MODEL: time step-loop starting, current time:    0  1  1  0  2  0   0
20220913 020511.207 INFO             PET0       thread_num=   0   currentSsiPe=  10   num_threads=   3   max_threads=   3   num_procs=  11
20220913 020511.207 INFO             PET0       thread_num=   2   currentSsiPe=   3   num_threads=   3   max_threads=   3   num_procs=  11
20220913 020511.207 INFO             PET0       thread_num=   1   currentSsiPe=   2   num_threads=   3   max_threads=   3   num_procs=  11
20220913 020511.207 INFO             PET0       ---->Advancing Model from:    0  1  1  0  2  0   0
20220913 020511.207 INFO             PET0       ---------------------> to:    0  1  1  0  2 30   0
20220913 020511.207 INFO             PET0       MODEL: time step-loop ending,   current time:    0  1  1  0  2 30   0
20220913 020511.207 INFO             PET0       <<<MODEL: leaving Run (phase=RunPhase1) with current time:    0  1  1  0  2 30   0
20220913 020511.207 INFO             PET0     MODEL: Run extro.
20220913 020511.207 INFO             PET0   driver: end <--------- RunSequence
20220913 020511.207 INFO             PET0   <<<driver - leaving Run with current time:    0  1  1  0  2 30   0
20220913 020511.207 INFO             PET0 driver: Run extro.
20220913 020511.207 INFO             PET0 driver: Finalize intro.
20220913 020511.207 INFO             PET0   Calling Finalize phase 1 for modelComp: MODEL
20220913 020511.207 INFO             PET0   MODEL: Finalize intro.
20220913 020511.207 INFO             PET0     >>>MODEL: entered Finalize (phase=FinalizePhase1) with current time:    0  1  1  0  2 30   0
20220913 020511.207 INFO             PET0     <<<MODEL: leaving Finalize (phase=FinalizePhase1) with current time:    0  1  1  0  2 30   0
20220913 020511.207 INFO             PET0   MODEL: Finalize extro.
20220913 020511.207 INFO             PET0   Delete modelComp: MODEL
20220913 020511.207 INFO             PET0   Delete Import-/Export State for modelComp: MODEL
20220913 020511.207 INFO             PET0 driver: Finalize extro.
20220913 020511.207 INFO             PET0 mainApp FINISHED
20220913 020511.207 INFO             PET0 Finalizing ESMF
20220913 020511.190 INFO             PET1 !!!!!!!!!!!!!!!!!!!!!!!!!!!!!!!!!!!!!!!!!!!!!!!!!!!!!!
20220913 020511.190 INFO             PET1 !!! THE ESMF_LOG IS SET TO OUTPUT ALL LOG MESSAGES !!!
20220913 020511.190 INFO             PET1 !!!     THIS MAY CAUSE SLOWDOWN IN PERFORMANCE     !!!
20220913 020511.190 INFO             PET1 !!! FOR PRODUCTION RUNS, USE:                      !!!
20220913 020511.190 INFO             PET1 !!!                   ESMF_LOGKIND_Multi_On_Error  !!!
20220913 020511.190 INFO             PET1 !!!!!!!!!!!!!!!!!!!!!!!!!!!!!!!!!!!!!!!!!!!!!!!!!!!!!!
20220913 020511.190 INFO             PET1 Running with ESMF Version   : v8.3.1b05
20220913 020511.190 INFO             PET1 ESMF library build date/time: "Sep 13 2022" "01:36:39"
20220913 020511.190 INFO             PET1 ESMF library build location : /discover/nobackup/projects/sbu/mpotts/esmf-test/intel_19.1.3_intelmpi_O_patch_8.3.1/esmf
20220913 020511.190 INFO             PET1 ESMF_COMM                   : intelmpi
20220913 020511.190 INFO             PET1 ESMF_MOAB                   : enabled
20220913 020511.190 INFO             PET1 ESMF_LAPACK                 : enabled
20220913 020511.190 INFO             PET1 ESMF_NETCDF                 : enabled
20220913 020511.190 INFO             PET1 ESMF_PNETCDF                : disabled
20220913 020511.190 INFO             PET1 ESMF_PIO                    : enabled
20220913 020511.190 INFO             PET1 ESMF_YAMLCPP                : enabled
20220913 020511.192 INFO             PET1 mainApp STARTING
20220913 020511.194 INFO             PET1 driver: InitializeP1 intro.
20220913 020511.194 INFO             PET1   driver: InitializeIPDv02p1 intro.
20220913 020511.194 INFO             PET1     >>>driver: entered Initialize (phase=<none>) without valid internal Clock.
20220913 020511.194 INFO             PET1     driver - Creating model component MODEL without petList.
20220913 020511.195 INFO             PET1      GridCompIsPetLocal:  T
20220913 020511.195 INFO             PET1      VmIsCreated:  T
20220913 020511.195 INFO             PET1      valid MPI_COMM with size=           4
20220913 020511.195 INFO             PET1     driver - Creating state: modelComp 1 Import State
20220913 020511.195 INFO             PET1     driver - Creating state: modelComp 1 Export State
20220913 020511.196 INFO             PET1     MODEL: InitializeP0 intro.
20220913 020511.196 INFO             PET1       >>>MODEL: entered Initialize (phase=<none>) without valid internal Clock.
20220913 020511.196 INFO             PET1       <<<MODEL: leaving Initialize (phase=<none>) without valid internal Clock.
20220913 020511.196 INFO             PET1     MODEL: InitializeP0 extro.
20220913 020511.197 INFO             PET1     driver: IInitAdvertise intro.
20220913 020511.197 INFO             PET1     driver: IInitAdvertise extro.
20220913 020511.197 INFO             PET1     MODEL: InitializeIPDvXp01 intro.
20220913 020511.197 INFO             PET1       >>>MODEL: entered Initialize (phase=IPDvXp01) without valid internal Clock.
20220913 020511.198 INFO             PET1       <<<MODEL: leaving Initialize (phase=IPDvXp01) without valid internal Clock.
20220913 020511.198 INFO             PET1     MODEL: InitializeIPDvXp01 extro.
20220913 020511.198 INFO             PET1     driver: IInitAdvertiseFinish intro.
20220913 020511.198 INFO             PET1     driver: IInitAdvertiseFinish extro.
20220913 020511.198 INFO             PET1     driver: IInitModifyCplLists intro.
20220913 020511.198 INFO             PET1     driver: IInitModifyCplLists extro.
20220913 020511.198 INFO             PET1     <<<driver: leaving Initialize (phase=<none>) with current time:    0  1  1  0  0  0   0
20220913 020511.198 INFO             PET1   driver: InitializeIPDv02p1 extro.
20220913 020511.198 INFO             PET1   driver: InitializeIPDv02p3 intro.
20220913 020511.198 INFO             PET1     >>>driver: entered Initialize (phase=<none>) with current time:    0  1  1  0  0  0   0
20220913 020511.199 INFO             PET1     driver: IInitCheck intro.
20220913 020511.199 INFO             PET1     driver: IInitCheck extro.
20220913 020511.199 INFO             PET1     MODEL: InitializeIPDvXp04 intro.
20220913 020511.199 INFO             PET1       >>>MODEL: entered Initialize (phase=IPDvXp04) without valid internal Clock.
20220913 020511.200 INFO             PET1       After Realize: - MemInfo: [/proc/meminfo - SSI]	MemTotal:       196174516 kB
20220913 020511.200 INFO             PET1       After Realize: - MemInfo: [/proc/meminfo - SSI]	MemFree:        184284608 kB
20220913 020511.200 INFO             PET1       After Realize: - MemInfo: [/proc/meminfo - SSI]	MemAvailable:   169416240 kB
20220913 020511.200 INFO             PET1       After Realize: - MemInfo: [/proc/meminfo - SSI]	Committed_AS:    3710472 kB
20220913 020511.201 INFO             PET1       After Realize: - MemInfo: [/proc/meminfo - SSI]	CommittedPercent: 1.89141 %
20220913 020511.201 INFO             PET1       After Realize: - MemInfo: [/proc/self/status]	VmPeak:	 3763008 kB
20220913 020511.201 INFO             PET1       After Realize: - MemInfo: [/proc/self/status]	VmSize:	 3761008 kB
20220913 020511.201 INFO             PET1       After Realize: - MemInfo: [/proc/self/status]	VmLck:	       0 kB
20220913 020511.201 INFO             PET1       After Realize: - MemInfo: [/proc/self/status]	VmPin:	   82140 kB
20220913 020511.201 INFO             PET1       After Realize: - MemInfo: [/proc/self/status]	VmHWM:	  149200 kB
20220913 020511.201 INFO             PET1       After Realize: - MemInfo: [/proc/self/status]	VmRSS:	  149200 kB
20220913 020511.201 INFO             PET1       After Realize: - MemInfo: [/proc/self/status]	VmData:	  205024 kB
20220913 020511.201 INFO             PET1       After Realize: - MemInfo: [/proc/self/status]	VmStk:	     512 kB
20220913 020511.201 INFO             PET1       After Realize: - MemInfo: [/proc/self/status]	VmExe:	    1892 kB
20220913 020511.201 INFO             PET1       After Realize: - MemInfo: [/proc/self/status]	VmLib:	  104848 kB
20220913 020511.201 INFO             PET1       After Realize: - MemInfo: [/proc/self/status]	VmPTE:	     764 kB
20220913 020511.201 INFO             PET1       After Realize: - MemInfo: [/proc/self/status]	VmPMD:	      32 kB
20220913 020511.201 INFO             PET1       After Realize: - MemInfo: [/proc/self/status]	VmSwap:	       0 kB
20220913 020511.201 INFO             PET1       After Realize: - MemInfo: [/proc/self/status]	VmRSSPercent: 0.0760547 %
20220913 020511.201 INFO             PET1       After Realize: - MemInfo: [malloc] Non-mmapped space allocated:                 3375104 Byte
20220913 020511.201 INFO             PET1       After Realize: - MemInfo: [malloc] Space allocated in mmapped regions:         85999616 Byte
20220913 020511.201 INFO             PET1       After Realize: - MemInfo: [malloc] Maximum total allocated space:                     0 Byte
20220913 020511.201 INFO             PET1       After Realize: - MemInfo: [malloc] Space in freed fastbin blocks:                   848 Byte
20220913 020511.201 INFO             PET1       After Realize: - MemInfo: [malloc] Total allocated space:                       3184976 Byte
20220913 020511.201 INFO             PET1       After Realize: - MemInfo: [malloc] Total free space:                             190128 Byte
20220913 020511.201 INFO             PET1       After Realize: - MemInfo: [malloc] Top-most, releasable space:                    56336 Byte
20220913 020511.201 INFO             PET1       After Realize: - MemInfo: [malloc] Total space in use, mmap + non-mmap:        89184592 Byte
20220913 020511.201 INFO             PET1       After Realize: - MemInfo: [malloc] Total space held (mmap + non-mmap):         89374720 Byte
20220913 020511.201 INFO             PET1       After Realize: - MemInfo: [malloc] Total space used (mmap + non-mmap):         89193952 Byte
20220913 020511.201 INFO             PET1       After Realize: - MemInfo: Wall-clock time since execution start:              0.0199791 seconds
20220913 020511.201 INFO             PET1       <<<MODEL: leaving Initialize (phase=IPDvXp04) without valid internal Clock.
20220913 020511.201 INFO             PET1     MODEL: InitializeIPDvXp04 extro.
20220913 020511.201 INFO             PET1     driver: IInitRealize intro.
20220913 020511.201 INFO             PET1     driver: IInitRealize extro.
20220913 020511.201 INFO             PET1     MODEL: InitializeIPDvXp07 intro.
20220913 020511.201 INFO             PET1       >>>MODEL: entered Initialize (phase=IPDvXp07) without valid internal Clock.
20220913 020511.201 INFO             PET1       <<<MODEL: leaving Initialize (phase=IPDvXp07) with current time:    0  1  1  0  0  0   0
20220913 020511.201 INFO             PET1     MODEL: InitializeIPDvXp07 extro.
20220913 020511.202 INFO             PET1     <<<driver: leaving Initialize (phase=<none>) with current time:    0  1  1  0  0  0   0
20220913 020511.202 INFO             PET1   driver: InitializeIPDv02p3 extro.
20220913 020511.202 INFO             PET1   driver: InitializeIPDv02p5 intro.
20220913 020511.202 INFO             PET1     >>>driver: entered Initialize (phase=<none>) with current time:    0  1  1  0  0  0   0
20220913 020511.202 INFO             PET1     driver: this is a top level driver, no 'Updated' and 'InitializeDataComplete' info on this level.
20220913 020511.202 INFO             PET1     driver: InitializeIPDv02p5Data intro.
20220913 020511.202 INFO             PET1       driver: InternalInitializeComplete intro.
20220913 020511.202 INFO             PET1         driver: InitializeDataComplete='true'
20220913 020511.202 INFO             PET1       driver: InternalInitializeComplete extro.
20220913 020511.202 INFO             PET1       MODEL: InitializeIPDvXp08 intro.
20220913 020511.202 INFO             PET1         >>>MODEL: entered Initialize (phase=IPDv05p8) with current time:    0  1  1  0  0  0   0
20220913 020511.202 INFO             PET1         MODEL: InitializeDataProgress='false', InitializeDataComplete='false'
20220913 020511.202 INFO             PET1         <<<MODEL: leaving Initialize (phase=IPDv05p8) with current time:    0  1  1  0  0  0   0
20220913 020511.202 INFO             PET1       MODEL: InitializeIPDvXp08 extro.
20220913 020511.202 INFO             PET1       driver: components present that trigger loopDataDependentInitialize().
20220913 020511.202 INFO             PET1       driver: loopDataDependentInitialize intro.
20220913 020511.202 INFO             PET1         driver: component    0=driver, dataComplete (local): true
20220913 020511.202 INFO             PET1         driver: component    0=driver, dataComplete (global):  T
20220913 020511.202 INFO             PET1         driver: component    1=MODEL, dataComplete (local): false
20220913 020511.202 INFO             PET1         driver: component    1=MODEL, dataComplete (global):  F
20220913 020511.202 INFO             PET1         MODEL: InitializeIPDvXp08 intro.
20220913 020511.202 INFO             PET1           >>>MODEL: entered Initialize (phase=IPDv05p8) with current time:    0  1  1  0  0  0   0
20220913 020511.202 INFO             PET1           MODEL: InitializeDataProgress='true', InitializeDataComplete='true'
20220913 020511.202 INFO             PET1           <<<MODEL: leaving Initialize (phase=IPDv05p8) with current time:    0  1  1  0  0  0   0
20220913 020511.202 INFO             PET1         MODEL: InitializeIPDvXp08 extro.
20220913 020511.203 INFO             PET1         driver: component    1=MODEL, someProgress (local): true
20220913 020511.203 INFO             PET1         driver: component    1=MODEL, someProgress (global):  T
20220913 020511.203 INFO             PET1         driver: someProgress= T, allComplete= F, present(dataDepAllComplete)= T
20220913 020511.203 INFO             PET1         driver: component    0=driver, dataComplete (local): true
20220913 020511.203 INFO             PET1         driver: component    0=driver, dataComplete (global):  T
20220913 020511.203 INFO             PET1         driver: component    1=MODEL, dataComplete (local): true
20220913 020511.203 INFO             PET1         driver: component    1=MODEL, dataComplete (global):  T
20220913 020511.203 INFO             PET1         driver: someProgress= F, allComplete= T, present(dataDepAllComplete)= T
20220913 020511.203 INFO             PET1         driver: finished resolving initialize data dependencies on this level.
20220913 020511.203 INFO             PET1       driver: loopDataDependentInitialize extro.
20220913 020511.203 INFO             PET1       driver: loopDataDependentInitialize() returned with dataDepAllComplete:  T
20220913 020511.203 INFO             PET1     driver: InitializeIPDv02p5Data extro.
20220913 020511.203 INFO             PET1     <<<driver: leaving Initialize (phase=<none>) with current time:    0  1  1  0  0  0   0
20220913 020511.203 INFO             PET1   driver: InitializeIPDv02p5 extro.
20220913 020511.203 INFO             PET1 driver: InitializeP1 extro.
20220913 020511.203 INFO             PET1 driver: Run intro.
20220913 020511.203 INFO             PET1   >>>driver entered Run (phase=RunPhase1) with current time:    0  1  1  0  0  0   0
20220913 020511.203 INFO             PET1   driver: after lable_SetRunClock, current time:    0  1  1  0  0  0   0
20220913 020511.203 INFO             PET1   driver: begin -------> RunSequence.
20220913 020511.203 INFO             PET1     driver: RunSequence event loopLevel=   1  levelMember=   1  loopIteration=   1, current time:    0  1  1  0  0  0   0
20220913 020511.203 INFO             PET1     MODEL: Run intro.
20220913 020511.203 INFO             PET1       >>>MODEL: entered Run (phase=RunPhase1) with current time:    0  1  1  0  0  0   0
20220913 020511.203 INFO             PET1       MODEL: time step-loop starting, current time:    0  1  1  0  0  0   0
20220913 020511.205 INFO             PET1       thread_num=   0   currentSsiPe=  21   num_threads=   3   max_threads=   3   num_procs=  11
20220913 020511.205 INFO             PET1       thread_num=   2   currentSsiPe=  14   num_threads=   3   max_threads=   3   num_procs=  11
20220913 020511.205 INFO             PET1       thread_num=   1   currentSsiPe=  12   num_threads=   3   max_threads=   3   num_procs=  11
20220913 020511.205 INFO             PET1       ---->Advancing Model from:    0  1  1  0  0  0   0
20220913 020511.205 INFO             PET1       ---------------------> to:    0  1  1  0  0 30   0
20220913 020511.205 INFO             PET1       MODEL: time step-loop ending,   current time:    0  1  1  0  0 30   0
20220913 020511.205 INFO             PET1       <<<MODEL: leaving Run (phase=RunPhase1) with current time:    0  1  1  0  0 30   0
20220913 020511.205 INFO             PET1     MODEL: Run extro.
20220913 020511.205 INFO             PET1     driver: RunSequence event loopLevel=   1  levelMember=   1  loopIteration=   2, current time:    0  1  1  0  0 30   0
20220913 020511.205 INFO             PET1     MODEL: Run intro.
20220913 020511.205 INFO             PET1       >>>MODEL: entered Run (phase=RunPhase1) with current time:    0  1  1  0  0 30   0
20220913 020511.205 INFO             PET1       MODEL: time step-loop starting, current time:    0  1  1  0  0 30   0
20220913 020511.205 INFO             PET1       thread_num=   1   currentSsiPe=  12   num_threads=   3   max_threads=   3   num_procs=  11
20220913 020511.205 INFO             PET1       thread_num=   2   currentSsiPe=  14   num_threads=   3   max_threads=   3   num_procs=  11
20220913 020511.205 INFO             PET1       thread_num=   0   currentSsiPe=  21   num_threads=   3   max_threads=   3   num_procs=  11
20220913 020511.205 INFO             PET1       ---->Advancing Model from:    0  1  1  0  0 30   0
20220913 020511.205 INFO             PET1       ---------------------> to:    0  1  1  0  1  0   0
20220913 020511.205 INFO             PET1       MODEL: time step-loop ending,   current time:    0  1  1  0  1  0   0
20220913 020511.205 INFO             PET1       <<<MODEL: leaving Run (phase=RunPhase1) with current time:    0  1  1  0  1  0   0
20220913 020511.205 INFO             PET1     MODEL: Run extro.
20220913 020511.205 INFO             PET1     driver: RunSequence event loopLevel=   1  levelMember=   1  loopIteration=   3, current time:    0  1  1  0  1  0   0
20220913 020511.205 INFO             PET1     MODEL: Run intro.
20220913 020511.205 INFO             PET1       >>>MODEL: entered Run (phase=RunPhase1) with current time:    0  1  1  0  1  0   0
20220913 020511.205 INFO             PET1       MODEL: time step-loop starting, current time:    0  1  1  0  1  0   0
20220913 020511.205 INFO             PET1       thread_num=   0   currentSsiPe=  21   num_threads=   3   max_threads=   3   num_procs=  11
20220913 020511.205 INFO             PET1       thread_num=   2   currentSsiPe=  14   num_threads=   3   max_threads=   3   num_procs=  11
20220913 020511.205 INFO             PET1       thread_num=   1   currentSsiPe=  12   num_threads=   3   max_threads=   3   num_procs=  11
20220913 020511.205 INFO             PET1       ---->Advancing Model from:    0  1  1  0  1  0   0
20220913 020511.205 INFO             PET1       ---------------------> to:    0  1  1  0  1 30   0
20220913 020511.205 INFO             PET1       MODEL: time step-loop ending,   current time:    0  1  1  0  1 30   0
20220913 020511.205 INFO             PET1       <<<MODEL: leaving Run (phase=RunPhase1) with current time:    0  1  1  0  1 30   0
20220913 020511.205 INFO             PET1     MODEL: Run extro.
20220913 020511.205 INFO             PET1     driver: RunSequence event loopLevel=   1  levelMember=   1  loopIteration=   4, current time:    0  1  1  0  1 30   0
20220913 020511.205 INFO             PET1     MODEL: Run intro.
20220913 020511.205 INFO             PET1       >>>MODEL: entered Run (phase=RunPhase1) with current time:    0  1  1  0  1 30   0
20220913 020511.205 INFO             PET1       MODEL: time step-loop starting, current time:    0  1  1  0  1 30   0
20220913 020511.205 INFO             PET1       thread_num=   1   currentSsiPe=  12   num_threads=   3   max_threads=   3   num_procs=  11
20220913 020511.205 INFO             PET1       thread_num=   2   currentSsiPe=  14   num_threads=   3   max_threads=   3   num_procs=  11
20220913 020511.205 INFO             PET1       thread_num=   0   currentSsiPe=  21   num_threads=   3   max_threads=   3   num_procs=  11
20220913 020511.205 INFO             PET1       ---->Advancing Model from:    0  1  1  0  1 30   0
20220913 020511.205 INFO             PET1       ---------------------> to:    0  1  1  0  2  0   0
20220913 020511.205 INFO             PET1       MODEL: time step-loop ending,   current time:    0  1  1  0  2  0   0
20220913 020511.206 INFO             PET1       <<<MODEL: leaving Run (phase=RunPhase1) with current time:    0  1  1  0  2  0   0
20220913 020511.206 INFO             PET1     MODEL: Run extro.
20220913 020511.206 INFO             PET1     driver: RunSequence event loopLevel=   1  levelMember=   1  loopIteration=   5, current time:    0  1  1  0  2  0   0
20220913 020511.206 INFO             PET1     MODEL: Run intro.
20220913 020511.206 INFO             PET1       >>>MODEL: entered Run (phase=RunPhase1) with current time:    0  1  1  0  2  0   0
20220913 020511.206 INFO             PET1       MODEL: time step-loop starting, current time:    0  1  1  0  2  0   0
20220913 020511.206 INFO             PET1       thread_num=   2   currentSsiPe=  14   num_threads=   3   max_threads=   3   num_procs=  11
20220913 020511.206 INFO             PET1       thread_num=   0   currentSsiPe=  21   num_threads=   3   max_threads=   3   num_procs=  11
20220913 020511.206 INFO             PET1       thread_num=   1   currentSsiPe=  12   num_threads=   3   max_threads=   3   num_procs=  11
20220913 020511.206 INFO             PET1       ---->Advancing Model from:    0  1  1  0  2  0   0
20220913 020511.206 INFO             PET1       ---------------------> to:    0  1  1  0  2 30   0
20220913 020511.206 INFO             PET1       MODEL: time step-loop ending,   current time:    0  1  1  0  2 30   0
20220913 020511.206 INFO             PET1       <<<MODEL: leaving Run (phase=RunPhase1) with current time:    0  1  1  0  2 30   0
20220913 020511.206 INFO             PET1     MODEL: Run extro.
20220913 020511.206 INFO             PET1   driver: end <--------- RunSequence
20220913 020511.206 INFO             PET1   <<<driver - leaving Run with current time:    0  1  1  0  2 30   0
20220913 020511.206 INFO             PET1 driver: Run extro.
20220913 020511.206 INFO             PET1 driver: Finalize intro.
20220913 020511.206 INFO             PET1   Calling Finalize phase 1 for modelComp: MODEL
20220913 020511.206 INFO             PET1   MODEL: Finalize intro.
20220913 020511.206 INFO             PET1     >>>MODEL: entered Finalize (phase=FinalizePhase1) with current time:    0  1  1  0  2 30   0
20220913 020511.206 INFO             PET1     <<<MODEL: leaving Finalize (phase=FinalizePhase1) with current time:    0  1  1  0  2 30   0
20220913 020511.206 INFO             PET1   MODEL: Finalize extro.
20220913 020511.206 INFO             PET1   Delete modelComp: MODEL
20220913 020511.206 INFO             PET1   Delete Import-/Export State for modelComp: MODEL
20220913 020511.206 INFO             PET1 driver: Finalize extro.
20220913 020511.206 INFO             PET1 mainApp FINISHED
20220913 020511.206 INFO             PET1 Finalizing ESMF
20220913 020511.190 INFO             PET2 !!!!!!!!!!!!!!!!!!!!!!!!!!!!!!!!!!!!!!!!!!!!!!!!!!!!!!
20220913 020511.190 INFO             PET2 !!! THE ESMF_LOG IS SET TO OUTPUT ALL LOG MESSAGES !!!
20220913 020511.190 INFO             PET2 !!!     THIS MAY CAUSE SLOWDOWN IN PERFORMANCE     !!!
20220913 020511.190 INFO             PET2 !!! FOR PRODUCTION RUNS, USE:                      !!!
20220913 020511.190 INFO             PET2 !!!                   ESMF_LOGKIND_Multi_On_Error  !!!
20220913 020511.190 INFO             PET2 !!!!!!!!!!!!!!!!!!!!!!!!!!!!!!!!!!!!!!!!!!!!!!!!!!!!!!
20220913 020511.190 INFO             PET2 Running with ESMF Version   : v8.3.1b05
20220913 020511.190 INFO             PET2 ESMF library build date/time: "Sep 13 2022" "01:36:39"
20220913 020511.190 INFO             PET2 ESMF library build location : /discover/nobackup/projects/sbu/mpotts/esmf-test/intel_19.1.3_intelmpi_O_patch_8.3.1/esmf
20220913 020511.190 INFO             PET2 ESMF_COMM                   : intelmpi
20220913 020511.190 INFO             PET2 ESMF_MOAB                   : enabled
20220913 020511.190 INFO             PET2 ESMF_LAPACK                 : enabled
20220913 020511.190 INFO             PET2 ESMF_NETCDF                 : enabled
20220913 020511.190 INFO             PET2 ESMF_PNETCDF                : disabled
20220913 020511.190 INFO             PET2 ESMF_PIO                    : enabled
20220913 020511.190 INFO             PET2 ESMF_YAMLCPP                : enabled
20220913 020511.192 INFO             PET2 mainApp STARTING
20220913 020511.194 INFO             PET2 driver: InitializeP1 intro.
20220913 020511.194 INFO             PET2   driver: InitializeIPDv02p1 intro.
20220913 020511.194 INFO             PET2     >>>driver: entered Initialize (phase=<none>) without valid internal Clock.
20220913 020511.194 INFO             PET2     driver - Creating model component MODEL without petList.
20220913 020511.195 INFO             PET2      GridCompIsPetLocal:  T
20220913 020511.195 INFO             PET2      VmIsCreated:  T
20220913 020511.195 INFO             PET2      valid MPI_COMM with size=           4
20220913 020511.195 INFO             PET2     driver - Creating state: modelComp 1 Import State
20220913 020511.195 INFO             PET2     driver - Creating state: modelComp 1 Export State
20220913 020511.196 INFO             PET2     MODEL: InitializeP0 intro.
20220913 020511.196 INFO             PET2       >>>MODEL: entered Initialize (phase=<none>) without valid internal Clock.
20220913 020511.196 INFO             PET2       <<<MODEL: leaving Initialize (phase=<none>) without valid internal Clock.
20220913 020511.196 INFO             PET2     MODEL: InitializeP0 extro.
20220913 020511.197 INFO             PET2     driver: IInitAdvertise intro.
20220913 020511.197 INFO             PET2     driver: IInitAdvertise extro.
20220913 020511.197 INFO             PET2     MODEL: InitializeIPDvXp01 intro.
20220913 020511.197 INFO             PET2       >>>MODEL: entered Initialize (phase=IPDvXp01) without valid internal Clock.
20220913 020511.198 INFO             PET2       <<<MODEL: leaving Initialize (phase=IPDvXp01) without valid internal Clock.
20220913 020511.198 INFO             PET2     MODEL: InitializeIPDvXp01 extro.
20220913 020511.198 INFO             PET2     driver: IInitAdvertiseFinish intro.
20220913 020511.198 INFO             PET2     driver: IInitAdvertiseFinish extro.
20220913 020511.198 INFO             PET2     driver: IInitModifyCplLists intro.
20220913 020511.198 INFO             PET2     driver: IInitModifyCplLists extro.
20220913 020511.198 INFO             PET2     <<<driver: leaving Initialize (phase=<none>) with current time:    0  1  1  0  0  0   0
20220913 020511.198 INFO             PET2   driver: InitializeIPDv02p1 extro.
20220913 020511.198 INFO             PET2   driver: InitializeIPDv02p3 intro.
20220913 020511.198 INFO             PET2     >>>driver: entered Initialize (phase=<none>) with current time:    0  1  1  0  0  0   0
20220913 020511.199 INFO             PET2     driver: IInitCheck intro.
20220913 020511.199 INFO             PET2     driver: IInitCheck extro.
20220913 020511.199 INFO             PET2     MODEL: InitializeIPDvXp04 intro.
20220913 020511.199 INFO             PET2       >>>MODEL: entered Initialize (phase=IPDvXp04) without valid internal Clock.
20220913 020511.200 INFO             PET2       After Realize: - MemInfo: [/proc/meminfo - SSI]	MemTotal:       196174516 kB
20220913 020511.200 INFO             PET2       After Realize: - MemInfo: [/proc/meminfo - SSI]	MemFree:        184284608 kB
20220913 020511.201 INFO             PET2       After Realize: - MemInfo: [/proc/meminfo - SSI]	MemAvailable:   169416240 kB
20220913 020511.201 INFO             PET2       After Realize: - MemInfo: [/proc/meminfo - SSI]	Committed_AS:    3710472 kB
20220913 020511.201 INFO             PET2       After Realize: - MemInfo: [/proc/meminfo - SSI]	CommittedPercent: 1.89141 %
20220913 020511.201 INFO             PET2       After Realize: - MemInfo: [/proc/self/status]	VmPeak:	 3763056 kB
20220913 020511.201 INFO             PET2       After Realize: - MemInfo: [/proc/self/status]	VmSize:	 3763056 kB
20220913 020511.201 INFO             PET2       After Realize: - MemInfo: [/proc/self/status]	VmLck:	       0 kB
20220913 020511.201 INFO             PET2       After Realize: - MemInfo: [/proc/self/status]	VmPin:	   82140 kB
20220913 020511.201 INFO             PET2       After Realize: - MemInfo: [/proc/self/status]	VmHWM:	  151360 kB
20220913 020511.201 INFO             PET2       After Realize: - MemInfo: [/proc/self/status]	VmRSS:	  151360 kB
20220913 020511.201 INFO             PET2       After Realize: - MemInfo: [/proc/self/status]	VmData:	  207072 kB
20220913 020511.201 INFO             PET2       After Realize: - MemInfo: [/proc/self/status]	VmStk:	     512 kB
20220913 020511.201 INFO             PET2       After Realize: - MemInfo: [/proc/self/status]	VmExe:	    1892 kB
20220913 020511.201 INFO             PET2       After Realize: - MemInfo: [/proc/self/status]	VmLib:	  104848 kB
20220913 020511.201 INFO             PET2       After Realize: - MemInfo: [/proc/self/status]	VmPTE:	     756 kB
20220913 020511.201 INFO             PET2       After Realize: - MemInfo: [/proc/self/status]	VmPMD:	      36 kB
20220913 020511.201 INFO             PET2       After Realize: - MemInfo: [/proc/self/status]	VmSwap:	       0 kB
20220913 020511.201 INFO             PET2       After Realize: - MemInfo: [/proc/self/status]	VmRSSPercent: 0.0771558 %
20220913 020511.201 INFO             PET2       After Realize: - MemInfo: [malloc] Non-mmapped space allocated:                 3375104 Byte
20220913 020511.201 INFO             PET2       After Realize: - MemInfo: [malloc] Space allocated in mmapped regions:         85999616 Byte
20220913 020511.201 INFO             PET2       After Realize: - MemInfo: [malloc] Maximum total allocated space:                     0 Byte
20220913 020511.201 INFO             PET2       After Realize: - MemInfo: [malloc] Space in freed fastbin blocks:                   848 Byte
20220913 020511.201 INFO             PET2       After Realize: - MemInfo: [malloc] Total allocated space:                       3185008 Byte
20220913 020511.201 INFO             PET2       After Realize: - MemInfo: [malloc] Total free space:                             190096 Byte
20220913 020511.201 INFO             PET2       After Realize: - MemInfo: [malloc] Top-most, releasable space:                    56304 Byte
20220913 020511.201 INFO             PET2       After Realize: - MemInfo: [malloc] Total space in use, mmap + non-mmap:        89184624 Byte
20220913 020511.201 INFO             PET2       After Realize: - MemInfo: [malloc] Total space held (mmap + non-mmap):         89374720 Byte
20220913 020511.201 INFO             PET2       After Realize: - MemInfo: [malloc] Total space used (mmap + non-mmap):         89193984 Byte
20220913 020511.201 INFO             PET2       After Realize: - MemInfo: Wall-clock time since execution start:              0.0197325 seconds
20220913 020511.201 INFO             PET2       <<<MODEL: leaving Initialize (phase=IPDvXp04) without valid internal Clock.
20220913 020511.201 INFO             PET2     MODEL: InitializeIPDvXp04 extro.
20220913 020511.201 INFO             PET2     driver: IInitRealize intro.
20220913 020511.201 INFO             PET2     driver: IInitRealize extro.
20220913 020511.201 INFO             PET2     MODEL: InitializeIPDvXp07 intro.
20220913 020511.201 INFO             PET2       >>>MODEL: entered Initialize (phase=IPDvXp07) without valid internal Clock.
20220913 020511.201 INFO             PET2       <<<MODEL: leaving Initialize (phase=IPDvXp07) with current time:    0  1  1  0  0  0   0
20220913 020511.201 INFO             PET2     MODEL: InitializeIPDvXp07 extro.
20220913 020511.202 INFO             PET2     <<<driver: leaving Initialize (phase=<none>) with current time:    0  1  1  0  0  0   0
20220913 020511.202 INFO             PET2   driver: InitializeIPDv02p3 extro.
20220913 020511.202 INFO             PET2   driver: InitializeIPDv02p5 intro.
20220913 020511.202 INFO             PET2     >>>driver: entered Initialize (phase=<none>) with current time:    0  1  1  0  0  0   0
20220913 020511.202 INFO             PET2     driver: this is a top level driver, no 'Updated' and 'InitializeDataComplete' info on this level.
20220913 020511.202 INFO             PET2     driver: InitializeIPDv02p5Data intro.
20220913 020511.202 INFO             PET2       driver: InternalInitializeComplete intro.
20220913 020511.202 INFO             PET2         driver: InitializeDataComplete='true'
20220913 020511.202 INFO             PET2       driver: InternalInitializeComplete extro.
20220913 020511.202 INFO             PET2       MODEL: InitializeIPDvXp08 intro.
20220913 020511.202 INFO             PET2         >>>MODEL: entered Initialize (phase=IPDv05p8) with current time:    0  1  1  0  0  0   0
20220913 020511.202 INFO             PET2         MODEL: InitializeDataProgress='false', InitializeDataComplete='false'
20220913 020511.202 INFO             PET2         <<<MODEL: leaving Initialize (phase=IPDv05p8) with current time:    0  1  1  0  0  0   0
20220913 020511.202 INFO             PET2       MODEL: InitializeIPDvXp08 extro.
20220913 020511.202 INFO             PET2       driver: components present that trigger loopDataDependentInitialize().
20220913 020511.202 INFO             PET2       driver: loopDataDependentInitialize intro.
20220913 020511.202 INFO             PET2         driver: component    0=driver, dataComplete (local): true
20220913 020511.202 INFO             PET2         driver: component    0=driver, dataComplete (global):  T
20220913 020511.202 INFO             PET2         driver: component    1=MODEL, dataComplete (local): false
20220913 020511.202 INFO             PET2         driver: component    1=MODEL, dataComplete (global):  F
20220913 020511.202 INFO             PET2         MODEL: InitializeIPDvXp08 intro.
20220913 020511.202 INFO             PET2           >>>MODEL: entered Initialize (phase=IPDv05p8) with current time:    0  1  1  0  0  0   0
20220913 020511.202 INFO             PET2           MODEL: InitializeDataProgress='true', InitializeDataComplete='true'
20220913 020511.202 INFO             PET2           <<<MODEL: leaving Initialize (phase=IPDv05p8) with current time:    0  1  1  0  0  0   0
20220913 020511.202 INFO             PET2         MODEL: InitializeIPDvXp08 extro.
20220913 020511.203 INFO             PET2         driver: component    1=MODEL, someProgress (local): true
20220913 020511.203 INFO             PET2         driver: component    1=MODEL, someProgress (global):  T
20220913 020511.203 INFO             PET2         driver: someProgress= T, allComplete= F, present(dataDepAllComplete)= T
20220913 020511.203 INFO             PET2         driver: component    0=driver, dataComplete (local): true
20220913 020511.203 INFO             PET2         driver: component    0=driver, dataComplete (global):  T
20220913 020511.203 INFO             PET2         driver: component    1=MODEL, dataComplete (local): true
20220913 020511.203 INFO             PET2         driver: component    1=MODEL, dataComplete (global):  T
20220913 020511.203 INFO             PET2         driver: someProgress= F, allComplete= T, present(dataDepAllComplete)= T
20220913 020511.203 INFO             PET2         driver: finished resolving initialize data dependencies on this level.
20220913 020511.203 INFO             PET2       driver: loopDataDependentInitialize extro.
20220913 020511.203 INFO             PET2       driver: loopDataDependentInitialize() returned with dataDepAllComplete:  T
20220913 020511.203 INFO             PET2     driver: InitializeIPDv02p5Data extro.
20220913 020511.203 INFO             PET2     <<<driver: leaving Initialize (phase=<none>) with current time:    0  1  1  0  0  0   0
20220913 020511.203 INFO             PET2   driver: InitializeIPDv02p5 extro.
20220913 020511.203 INFO             PET2 driver: InitializeP1 extro.
20220913 020511.203 INFO             PET2 driver: Run intro.
20220913 020511.203 INFO             PET2   >>>driver entered Run (phase=RunPhase1) with current time:    0  1  1  0  0  0   0
20220913 020511.203 INFO             PET2   driver: after lable_SetRunClock, current time:    0  1  1  0  0  0   0
20220913 020511.203 INFO             PET2   driver: begin -------> RunSequence.
20220913 020511.203 INFO             PET2     driver: RunSequence event loopLevel=   1  levelMember=   1  loopIteration=   1, current time:    0  1  1  0  0  0   0
20220913 020511.203 INFO             PET2     MODEL: Run intro.
20220913 020511.203 INFO             PET2       >>>MODEL: entered Run (phase=RunPhase1) with current time:    0  1  1  0  0  0   0
20220913 020511.203 INFO             PET2       MODEL: time step-loop starting, current time:    0  1  1  0  0  0   0
20220913 020511.205 INFO             PET2       thread_num=   1   currentSsiPe=  27   num_threads=   3   max_threads=   3   num_procs=  11
20220913 020511.205 INFO             PET2       thread_num=   2   currentSsiPe=  28   num_threads=   3   max_threads=   3   num_procs=  11
20220913 020511.205 INFO             PET2       thread_num=   0   currentSsiPe=  32   num_threads=   3   max_threads=   3   num_procs=  11
20220913 020511.205 INFO             PET2       ---->Advancing Model from:    0  1  1  0  0  0   0
20220913 020511.205 INFO             PET2       ---------------------> to:    0  1  1  0  0 30   0
20220913 020511.205 INFO             PET2       MODEL: time step-loop ending,   current time:    0  1  1  0  0 30   0
20220913 020511.205 INFO             PET2       <<<MODEL: leaving Run (phase=RunPhase1) with current time:    0  1  1  0  0 30   0
20220913 020511.205 INFO             PET2     MODEL: Run extro.
20220913 020511.205 INFO             PET2     driver: RunSequence event loopLevel=   1  levelMember=   1  loopIteration=   2, current time:    0  1  1  0  0 30   0
20220913 020511.205 INFO             PET2     MODEL: Run intro.
20220913 020511.205 INFO             PET2       >>>MODEL: entered Run (phase=RunPhase1) with current time:    0  1  1  0  0 30   0
20220913 020511.205 INFO             PET2       MODEL: time step-loop starting, current time:    0  1  1  0  0 30   0
20220913 020511.205 INFO             PET2       thread_num=   0   currentSsiPe=  32   num_threads=   3   max_threads=   3   num_procs=  11
20220913 020511.205 INFO             PET2       thread_num=   2   currentSsiPe=  28   num_threads=   3   max_threads=   3   num_procs=  11
20220913 020511.205 INFO             PET2       thread_num=   1   currentSsiPe=  27   num_threads=   3   max_threads=   3   num_procs=  11
20220913 020511.205 INFO             PET2       ---->Advancing Model from:    0  1  1  0  0 30   0
20220913 020511.205 INFO             PET2       ---------------------> to:    0  1  1  0  1  0   0
20220913 020511.205 INFO             PET2       MODEL: time step-loop ending,   current time:    0  1  1  0  1  0   0
20220913 020511.205 INFO             PET2       <<<MODEL: leaving Run (phase=RunPhase1) with current time:    0  1  1  0  1  0   0
20220913 020511.205 INFO             PET2     MODEL: Run extro.
20220913 020511.205 INFO             PET2     driver: RunSequence event loopLevel=   1  levelMember=   1  loopIteration=   3, current time:    0  1  1  0  1  0   0
20220913 020511.205 INFO             PET2     MODEL: Run intro.
20220913 020511.205 INFO             PET2       >>>MODEL: entered Run (phase=RunPhase1) with current time:    0  1  1  0  1  0   0
20220913 020511.205 INFO             PET2       MODEL: time step-loop starting, current time:    0  1  1  0  1  0   0
20220913 020511.205 INFO             PET2       thread_num=   2   currentSsiPe=  28   num_threads=   3   max_threads=   3   num_procs=  11
20220913 020511.205 INFO             PET2       thread_num=   0   currentSsiPe=  32   num_threads=   3   max_threads=   3   num_procs=  11
20220913 020511.206 INFO             PET2       thread_num=   1   currentSsiPe=  27   num_threads=   3   max_threads=   3   num_procs=  11
20220913 020511.206 INFO             PET2       ---->Advancing Model from:    0  1  1  0  1  0   0
20220913 020511.206 INFO             PET2       ---------------------> to:    0  1  1  0  1 30   0
20220913 020511.206 INFO             PET2       MODEL: time step-loop ending,   current time:    0  1  1  0  1 30   0
20220913 020511.206 INFO             PET2       <<<MODEL: leaving Run (phase=RunPhase1) with current time:    0  1  1  0  1 30   0
20220913 020511.206 INFO             PET2     MODEL: Run extro.
20220913 020511.206 INFO             PET2     driver: RunSequence event loopLevel=   1  levelMember=   1  loopIteration=   4, current time:    0  1  1  0  1 30   0
20220913 020511.206 INFO             PET2     MODEL: Run intro.
20220913 020511.206 INFO             PET2       >>>MODEL: entered Run (phase=RunPhase1) with current time:    0  1  1  0  1 30   0
20220913 020511.206 INFO             PET2       MODEL: time step-loop starting, current time:    0  1  1  0  1 30   0
20220913 020511.206 INFO             PET2       thread_num=   1   currentSsiPe=  27   num_threads=   3   max_threads=   3   num_procs=  11
20220913 020511.206 INFO             PET2       thread_num=   0   currentSsiPe=  32   num_threads=   3   max_threads=   3   num_procs=  11
20220913 020511.206 INFO             PET2       thread_num=   2   currentSsiPe=  28   num_threads=   3   max_threads=   3   num_procs=  11
20220913 020511.206 INFO             PET2       ---->Advancing Model from:    0  1  1  0  1 30   0
20220913 020511.206 INFO             PET2       ---------------------> to:    0  1  1  0  2  0   0
20220913 020511.206 INFO             PET2       MODEL: time step-loop ending,   current time:    0  1  1  0  2  0   0
20220913 020511.206 INFO             PET2       <<<MODEL: leaving Run (phase=RunPhase1) with current time:    0  1  1  0  2  0   0
20220913 020511.206 INFO             PET2     MODEL: Run extro.
20220913 020511.206 INFO             PET2     driver: RunSequence event loopLevel=   1  levelMember=   1  loopIteration=   5, current time:    0  1  1  0  2  0   0
20220913 020511.206 INFO             PET2     MODEL: Run intro.
20220913 020511.206 INFO             PET2       >>>MODEL: entered Run (phase=RunPhase1) with current time:    0  1  1  0  2  0   0
20220913 020511.206 INFO             PET2       MODEL: time step-loop starting, current time:    0  1  1  0  2  0   0
20220913 020511.206 INFO             PET2       thread_num=   2   currentSsiPe=  28   num_threads=   3   max_threads=   3   num_procs=  11
20220913 020511.206 INFO             PET2       thread_num=   0   currentSsiPe=  32   num_threads=   3   max_threads=   3   num_procs=  11
20220913 020511.206 INFO             PET2       thread_num=   1   currentSsiPe=  27   num_threads=   3   max_threads=   3   num_procs=  11
20220913 020511.206 INFO             PET2       ---->Advancing Model from:    0  1  1  0  2  0   0
20220913 020511.206 INFO             PET2       ---------------------> to:    0  1  1  0  2 30   0
20220913 020511.206 INFO             PET2       MODEL: time step-loop ending,   current time:    0  1  1  0  2 30   0
20220913 020511.206 INFO             PET2       <<<MODEL: leaving Run (phase=RunPhase1) with current time:    0  1  1  0  2 30   0
20220913 020511.206 INFO             PET2     MODEL: Run extro.
20220913 020511.206 INFO             PET2   driver: end <--------- RunSequence
20220913 020511.206 INFO             PET2   <<<driver - leaving Run with current time:    0  1  1  0  2 30   0
20220913 020511.206 INFO             PET2 driver: Run extro.
20220913 020511.206 INFO             PET2 driver: Finalize intro.
20220913 020511.206 INFO             PET2   Calling Finalize phase 1 for modelComp: MODEL
20220913 020511.206 INFO             PET2   MODEL: Finalize intro.
20220913 020511.206 INFO             PET2     >>>MODEL: entered Finalize (phase=FinalizePhase1) with current time:    0  1  1  0  2 30   0
20220913 020511.206 INFO             PET2     <<<MODEL: leaving Finalize (phase=FinalizePhase1) with current time:    0  1  1  0  2 30   0
20220913 020511.206 INFO             PET2   MODEL: Finalize extro.
20220913 020511.206 INFO             PET2   Delete modelComp: MODEL
20220913 020511.206 INFO             PET2   Delete Import-/Export State for modelComp: MODEL
20220913 020511.206 INFO             PET2 driver: Finalize extro.
20220913 020511.206 INFO             PET2 mainApp FINISHED
20220913 020511.206 INFO             PET2 Finalizing ESMF
20220913 020511.191 INFO             PET3 !!!!!!!!!!!!!!!!!!!!!!!!!!!!!!!!!!!!!!!!!!!!!!!!!!!!!!
20220913 020511.191 INFO             PET3 !!! THE ESMF_LOG IS SET TO OUTPUT ALL LOG MESSAGES !!!
20220913 020511.191 INFO             PET3 !!!     THIS MAY CAUSE SLOWDOWN IN PERFORMANCE     !!!
20220913 020511.191 INFO             PET3 !!! FOR PRODUCTION RUNS, USE:                      !!!
20220913 020511.191 INFO             PET3 !!!                   ESMF_LOGKIND_Multi_On_Error  !!!
20220913 020511.191 INFO             PET3 !!!!!!!!!!!!!!!!!!!!!!!!!!!!!!!!!!!!!!!!!!!!!!!!!!!!!!
20220913 020511.191 INFO             PET3 Running with ESMF Version   : v8.3.1b05
20220913 020511.191 INFO             PET3 ESMF library build date/time: "Sep 13 2022" "01:36:39"
20220913 020511.191 INFO             PET3 ESMF library build location : /discover/nobackup/projects/sbu/mpotts/esmf-test/intel_19.1.3_intelmpi_O_patch_8.3.1/esmf
20220913 020511.191 INFO             PET3 ESMF_COMM                   : intelmpi
20220913 020511.191 INFO             PET3 ESMF_MOAB                   : enabled
20220913 020511.191 INFO             PET3 ESMF_LAPACK                 : enabled
20220913 020511.191 INFO             PET3 ESMF_NETCDF                 : enabled
20220913 020511.191 INFO             PET3 ESMF_PNETCDF                : disabled
20220913 020511.191 INFO             PET3 ESMF_PIO                    : enabled
20220913 020511.191 INFO             PET3 ESMF_YAMLCPP                : enabled
20220913 020511.192 INFO             PET3 mainApp STARTING
20220913 020511.194 INFO             PET3 driver: InitializeP1 intro.
20220913 020511.194 INFO             PET3   driver: InitializeIPDv02p1 intro.
20220913 020511.194 INFO             PET3     >>>driver: entered Initialize (phase=<none>) without valid internal Clock.
20220913 020511.194 INFO             PET3     driver - Creating model component MODEL without petList.
20220913 020511.195 INFO             PET3      GridCompIsPetLocal:  T
20220913 020511.195 INFO             PET3      VmIsCreated:  T
20220913 020511.195 INFO             PET3      valid MPI_COMM with size=           4
20220913 020511.195 INFO             PET3     driver - Creating state: modelComp 1 Import State
20220913 020511.195 INFO             PET3     driver - Creating state: modelComp 1 Export State
20220913 020511.196 INFO             PET3     MODEL: InitializeP0 intro.
20220913 020511.196 INFO             PET3       >>>MODEL: entered Initialize (phase=<none>) without valid internal Clock.
20220913 020511.196 INFO             PET3       <<<MODEL: leaving Initialize (phase=<none>) without valid internal Clock.
20220913 020511.196 INFO             PET3     MODEL: InitializeP0 extro.
20220913 020511.197 INFO             PET3     driver: IInitAdvertise intro.
20220913 020511.197 INFO             PET3     driver: IInitAdvertise extro.
20220913 020511.197 INFO             PET3     MODEL: InitializeIPDvXp01 intro.
20220913 020511.197 INFO             PET3       >>>MODEL: entered Initialize (phase=IPDvXp01) without valid internal Clock.
20220913 020511.198 INFO             PET3       <<<MODEL: leaving Initialize (phase=IPDvXp01) without valid internal Clock.
20220913 020511.198 INFO             PET3     MODEL: InitializeIPDvXp01 extro.
20220913 020511.198 INFO             PET3     driver: IInitAdvertiseFinish intro.
20220913 020511.198 INFO             PET3     driver: IInitAdvertiseFinish extro.
20220913 020511.198 INFO             PET3     driver: IInitModifyCplLists intro.
20220913 020511.198 INFO             PET3     driver: IInitModifyCplLists extro.
20220913 020511.198 INFO             PET3     <<<driver: leaving Initialize (phase=<none>) with current time:    0  1  1  0  0  0   0
20220913 020511.198 INFO             PET3   driver: InitializeIPDv02p1 extro.
20220913 020511.198 INFO             PET3   driver: InitializeIPDv02p3 intro.
20220913 020511.198 INFO             PET3     >>>driver: entered Initialize (phase=<none>) with current time:    0  1  1  0  0  0   0
20220913 020511.199 INFO             PET3     driver: IInitCheck intro.
20220913 020511.199 INFO             PET3     driver: IInitCheck extro.
20220913 020511.199 INFO             PET3     MODEL: InitializeIPDvXp04 intro.
20220913 020511.199 INFO             PET3       >>>MODEL: entered Initialize (phase=IPDvXp04) without valid internal Clock.
20220913 020511.200 INFO             PET3       After Realize: - MemInfo: [/proc/meminfo - SSI]	MemTotal:       196174516 kB
20220913 020511.200 INFO             PET3       After Realize: - MemInfo: [/proc/meminfo - SSI]	MemFree:        184284608 kB
20220913 020511.200 INFO             PET3       After Realize: - MemInfo: [/proc/meminfo - SSI]	MemAvailable:   169416240 kB
20220913 020511.200 INFO             PET3       After Realize: - MemInfo: [/proc/meminfo - SSI]	Committed_AS:    3710472 kB
20220913 020511.200 INFO             PET3       After Realize: - MemInfo: [/proc/meminfo - SSI]	CommittedPercent: 1.89141 %
20220913 020511.200 INFO             PET3       After Realize: - MemInfo: [/proc/self/status]	VmPeak:	 3765060 kB
20220913 020511.200 INFO             PET3       After Realize: - MemInfo: [/proc/self/status]	VmSize:	 3763060 kB
20220913 020511.201 INFO             PET3       After Realize: - MemInfo: [/proc/self/status]	VmLck:	       0 kB
20220913 020511.201 INFO             PET3       After Realize: - MemInfo: [/proc/self/status]	VmPin:	   82140 kB
20220913 020511.201 INFO             PET3       After Realize: - MemInfo: [/proc/self/status]	VmHWM:	  171252 kB
20220913 020511.201 INFO             PET3       After Realize: - MemInfo: [/proc/self/status]	VmRSS:	  171252 kB
20220913 020511.201 INFO             PET3       After Realize: - MemInfo: [/proc/self/status]	VmData:	  207072 kB
20220913 020511.201 INFO             PET3       After Realize: - MemInfo: [/proc/self/status]	VmStk:	     516 kB
20220913 020511.201 INFO             PET3       After Realize: - MemInfo: [/proc/self/status]	VmExe:	    1892 kB
20220913 020511.201 INFO             PET3       After Realize: - MemInfo: [/proc/self/status]	VmLib:	  104848 kB
20220913 020511.201 INFO             PET3       After Realize: - MemInfo: [/proc/self/status]	VmPTE:	     788 kB
20220913 020511.201 INFO             PET3       After Realize: - MemInfo: [/proc/self/status]	VmPMD:	      36 kB
20220913 020511.201 INFO             PET3       After Realize: - MemInfo: [/proc/self/status]	VmSwap:	       0 kB
20220913 020511.201 INFO             PET3       After Realize: - MemInfo: [/proc/self/status]	VmRSSPercent: 0.0872957 %
20220913 020511.201 INFO             PET3       After Realize: - MemInfo: [malloc] Non-mmapped space allocated:                 3375104 Byte
20220913 020511.201 INFO             PET3       After Realize: - MemInfo: [malloc] Space allocated in mmapped regions:         85999616 Byte
20220913 020511.201 INFO             PET3       After Realize: - MemInfo: [malloc] Maximum total allocated space:                     0 Byte
20220913 020511.201 INFO             PET3       After Realize: - MemInfo: [malloc] Space in freed fastbin blocks:                   848 Byte
20220913 020511.201 INFO             PET3       After Realize: - MemInfo: [malloc] Total allocated space:                       3184944 Byte
20220913 020511.201 INFO             PET3       After Realize: - MemInfo: [malloc] Total free space:                             190160 Byte
20220913 020511.201 INFO             PET3       After Realize: - MemInfo: [malloc] Top-most, releasable space:                    56368 Byte
20220913 020511.201 INFO             PET3       After Realize: - MemInfo: [malloc] Total space in use, mmap + non-mmap:        89184560 Byte
20220913 020511.201 INFO             PET3       After Realize: - MemInfo: [malloc] Total space held (mmap + non-mmap):         89374720 Byte
20220913 020511.201 INFO             PET3       After Realize: - MemInfo: [malloc] Total space used (mmap + non-mmap):         89193920 Byte
20220913 020511.201 INFO             PET3       After Realize: - MemInfo: Wall-clock time since execution start:              0.0200666 seconds
20220913 020511.201 INFO             PET3       <<<MODEL: leaving Initialize (phase=IPDvXp04) without valid internal Clock.
20220913 020511.201 INFO             PET3     MODEL: InitializeIPDvXp04 extro.
20220913 020511.201 INFO             PET3     driver: IInitRealize intro.
20220913 020511.201 INFO             PET3     driver: IInitRealize extro.
20220913 020511.201 INFO             PET3     MODEL: InitializeIPDvXp07 intro.
20220913 020511.201 INFO             PET3       >>>MODEL: entered Initialize (phase=IPDvXp07) without valid internal Clock.
20220913 020511.201 INFO             PET3       <<<MODEL: leaving Initialize (phase=IPDvXp07) with current time:    0  1  1  0  0  0   0
20220913 020511.201 INFO             PET3     MODEL: InitializeIPDvXp07 extro.
20220913 020511.202 INFO             PET3     <<<driver: leaving Initialize (phase=<none>) with current time:    0  1  1  0  0  0   0
20220913 020511.202 INFO             PET3   driver: InitializeIPDv02p3 extro.
20220913 020511.202 INFO             PET3   driver: InitializeIPDv02p5 intro.
20220913 020511.202 INFO             PET3     >>>driver: entered Initialize (phase=<none>) with current time:    0  1  1  0  0  0   0
20220913 020511.202 INFO             PET3     driver: this is a top level driver, no 'Updated' and 'InitializeDataComplete' info on this level.
20220913 020511.202 INFO             PET3     driver: InitializeIPDv02p5Data intro.
20220913 020511.202 INFO             PET3       driver: InternalInitializeComplete intro.
20220913 020511.202 INFO             PET3         driver: InitializeDataComplete='true'
20220913 020511.202 INFO             PET3       driver: InternalInitializeComplete extro.
20220913 020511.202 INFO             PET3       MODEL: InitializeIPDvXp08 intro.
20220913 020511.202 INFO             PET3         >>>MODEL: entered Initialize (phase=IPDv05p8) with current time:    0  1  1  0  0  0   0
20220913 020511.202 INFO             PET3         MODEL: InitializeDataProgress='false', InitializeDataComplete='false'
20220913 020511.202 INFO             PET3         <<<MODEL: leaving Initialize (phase=IPDv05p8) with current time:    0  1  1  0  0  0   0
20220913 020511.202 INFO             PET3       MODEL: InitializeIPDvXp08 extro.
20220913 020511.202 INFO             PET3       driver: components present that trigger loopDataDependentInitialize().
20220913 020511.202 INFO             PET3       driver: loopDataDependentInitialize intro.
20220913 020511.202 INFO             PET3         driver: component    0=driver, dataComplete (local): true
20220913 020511.202 INFO             PET3         driver: component    0=driver, dataComplete (global):  T
20220913 020511.202 INFO             PET3         driver: component    1=MODEL, dataComplete (local): false
20220913 020511.202 INFO             PET3         driver: component    1=MODEL, dataComplete (global):  F
20220913 020511.202 INFO             PET3         MODEL: InitializeIPDvXp08 intro.
20220913 020511.202 INFO             PET3           >>>MODEL: entered Initialize (phase=IPDv05p8) with current time:    0  1  1  0  0  0   0
20220913 020511.202 INFO             PET3           MODEL: InitializeDataProgress='true', InitializeDataComplete='true'
20220913 020511.202 INFO             PET3           <<<MODEL: leaving Initialize (phase=IPDv05p8) with current time:    0  1  1  0  0  0   0
20220913 020511.202 INFO             PET3         MODEL: InitializeIPDvXp08 extro.
20220913 020511.203 INFO             PET3         driver: component    1=MODEL, someProgress (local): true
20220913 020511.203 INFO             PET3         driver: component    1=MODEL, someProgress (global):  T
20220913 020511.203 INFO             PET3         driver: someProgress= T, allComplete= F, present(dataDepAllComplete)= T
20220913 020511.203 INFO             PET3         driver: component    0=driver, dataComplete (local): true
20220913 020511.203 INFO             PET3         driver: component    0=driver, dataComplete (global):  T
20220913 020511.203 INFO             PET3         driver: component    1=MODEL, dataComplete (local): true
20220913 020511.203 INFO             PET3         driver: component    1=MODEL, dataComplete (global):  T
20220913 020511.203 INFO             PET3         driver: someProgress= F, allComplete= T, present(dataDepAllComplete)= T
20220913 020511.203 INFO             PET3         driver: finished resolving initialize data dependencies on this level.
20220913 020511.203 INFO             PET3       driver: loopDataDependentInitialize extro.
20220913 020511.203 INFO             PET3       driver: loopDataDependentInitialize() returned with dataDepAllComplete:  T
20220913 020511.203 INFO             PET3     driver: InitializeIPDv02p5Data extro.
20220913 020511.203 INFO             PET3     <<<driver: leaving Initialize (phase=<none>) with current time:    0  1  1  0  0  0   0
20220913 020511.203 INFO             PET3   driver: InitializeIPDv02p5 extro.
20220913 020511.203 INFO             PET3 driver: InitializeP1 extro.
20220913 020511.203 INFO             PET3 driver: Run intro.
20220913 020511.203 INFO             PET3   >>>driver entered Run (phase=RunPhase1) with current time:    0  1  1  0  0  0   0
20220913 020511.203 INFO             PET3   driver: after lable_SetRunClock, current time:    0  1  1  0  0  0   0
20220913 020511.203 INFO             PET3   driver: begin -------> RunSequence.
20220913 020511.203 INFO             PET3     driver: RunSequence event loopLevel=   1  levelMember=   1  loopIteration=   1, current time:    0  1  1  0  0  0   0
20220913 020511.203 INFO             PET3     MODEL: Run intro.
20220913 020511.203 INFO             PET3       >>>MODEL: entered Run (phase=RunPhase1) with current time:    0  1  1  0  0  0   0
20220913 020511.203 INFO             PET3       MODEL: time step-loop starting, current time:    0  1  1  0  0  0   0
20220913 020511.205 INFO             PET3       thread_num=   2   currentSsiPe=  37   num_threads=   3   max_threads=   3   num_procs=  11
20220913 020511.205 INFO             PET3       thread_num=   0   currentSsiPe=  43   num_threads=   3   max_threads=   3   num_procs=  11
20220913 020511.205 INFO             PET3       thread_num=   1   currentSsiPe=  35   num_threads=   3   max_threads=   3   num_procs=  11
20220913 020511.205 INFO             PET3       ---->Advancing Model from:    0  1  1  0  0  0   0
20220913 020511.205 INFO             PET3       ---------------------> to:    0  1  1  0  0 30   0
20220913 020511.205 INFO             PET3       MODEL: time step-loop ending,   current time:    0  1  1  0  0 30   0
20220913 020511.205 INFO             PET3       <<<MODEL: leaving Run (phase=RunPhase1) with current time:    0  1  1  0  0 30   0
20220913 020511.205 INFO             PET3     MODEL: Run extro.
20220913 020511.205 INFO             PET3     driver: RunSequence event loopLevel=   1  levelMember=   1  loopIteration=   2, current time:    0  1  1  0  0 30   0
20220913 020511.205 INFO             PET3     MODEL: Run intro.
20220913 020511.205 INFO             PET3       >>>MODEL: entered Run (phase=RunPhase1) with current time:    0  1  1  0  0 30   0
20220913 020511.205 INFO             PET3       MODEL: time step-loop starting, current time:    0  1  1  0  0 30   0
20220913 020511.205 INFO             PET3       thread_num=   2   currentSsiPe=  37   num_threads=   3   max_threads=   3   num_procs=  11
20220913 020511.205 INFO             PET3       thread_num=   0   currentSsiPe=  43   num_threads=   3   max_threads=   3   num_procs=  11
20220913 020511.205 INFO             PET3       thread_num=   1   currentSsiPe=  35   num_threads=   3   max_threads=   3   num_procs=  11
20220913 020511.205 INFO             PET3       ---->Advancing Model from:    0  1  1  0  0 30   0
20220913 020511.205 INFO             PET3       ---------------------> to:    0  1  1  0  1  0   0
20220913 020511.205 INFO             PET3       MODEL: time step-loop ending,   current time:    0  1  1  0  1  0   0
20220913 020511.205 INFO             PET3       <<<MODEL: leaving Run (phase=RunPhase1) with current time:    0  1  1  0  1  0   0
20220913 020511.205 INFO             PET3     MODEL: Run extro.
20220913 020511.205 INFO             PET3     driver: RunSequence event loopLevel=   1  levelMember=   1  loopIteration=   3, current time:    0  1  1  0  1  0   0
20220913 020511.205 INFO             PET3     MODEL: Run intro.
20220913 020511.205 INFO             PET3       >>>MODEL: entered Run (phase=RunPhase1) with current time:    0  1  1  0  1  0   0
20220913 020511.205 INFO             PET3       MODEL: time step-loop starting, current time:    0  1  1  0  1  0   0
20220913 020511.205 INFO             PET3       thread_num=   2   currentSsiPe=  37   num_threads=   3   max_threads=   3   num_procs=  11
20220913 020511.205 INFO             PET3       thread_num=   0   currentSsiPe=  43   num_threads=   3   max_threads=   3   num_procs=  11
20220913 020511.205 INFO             PET3       thread_num=   1   currentSsiPe=  35   num_threads=   3   max_threads=   3   num_procs=  11
20220913 020511.205 INFO             PET3       ---->Advancing Model from:    0  1  1  0  1  0   0
20220913 020511.205 INFO             PET3       ---------------------> to:    0  1  1  0  1 30   0
20220913 020511.205 INFO             PET3       MODEL: time step-loop ending,   current time:    0  1  1  0  1 30   0
20220913 020511.205 INFO             PET3       <<<MODEL: leaving Run (phase=RunPhase1) with current time:    0  1  1  0  1 30   0
20220913 020511.205 INFO             PET3     MODEL: Run extro.
20220913 020511.205 INFO             PET3     driver: RunSequence event loopLevel=   1  levelMember=   1  loopIteration=   4, current time:    0  1  1  0  1 30   0
20220913 020511.205 INFO             PET3     MODEL: Run intro.
20220913 020511.206 INFO             PET3       >>>MODEL: entered Run (phase=RunPhase1) with current time:    0  1  1  0  1 30   0
20220913 020511.206 INFO             PET3       MODEL: time step-loop starting, current time:    0  1  1  0  1 30   0
20220913 020511.206 INFO             PET3       thread_num=   2   currentSsiPe=  37   num_threads=   3   max_threads=   3   num_procs=  11
20220913 020511.206 INFO             PET3       thread_num=   1   currentSsiPe=  35   num_threads=   3   max_threads=   3   num_procs=  11
20220913 020511.206 INFO             PET3       thread_num=   0   currentSsiPe=  43   num_threads=   3   max_threads=   3   num_procs=  11
20220913 020511.206 INFO             PET3       ---->Advancing Model from:    0  1  1  0  1 30   0
20220913 020511.206 INFO             PET3       ---------------------> to:    0  1  1  0  2  0   0
20220913 020511.206 INFO             PET3       MODEL: time step-loop ending,   current time:    0  1  1  0  2  0   0
20220913 020511.206 INFO             PET3       <<<MODEL: leaving Run (phase=RunPhase1) with current time:    0  1  1  0  2  0   0
20220913 020511.206 INFO             PET3     MODEL: Run extro.
20220913 020511.206 INFO             PET3     driver: RunSequence event loopLevel=   1  levelMember=   1  loopIteration=   5, current time:    0  1  1  0  2  0   0
20220913 020511.206 INFO             PET3     MODEL: Run intro.
20220913 020511.206 INFO             PET3       >>>MODEL: entered Run (phase=RunPhase1) with current time:    0  1  1  0  2  0   0
20220913 020511.206 INFO             PET3       MODEL: time step-loop starting, current time:    0  1  1  0  2  0   0
20220913 020511.206 INFO             PET3       thread_num=   2   currentSsiPe=  37   num_threads=   3   max_threads=   3   num_procs=  11
20220913 020511.206 INFO             PET3       thread_num=   1   currentSsiPe=  35   num_threads=   3   max_threads=   3   num_procs=  11
20220913 020511.206 INFO             PET3       thread_num=   0   currentSsiPe=  43   num_threads=   3   max_threads=   3   num_procs=  11
20220913 020511.206 INFO             PET3       ---->Advancing Model from:    0  1  1  0  2  0   0
20220913 020511.206 INFO             PET3       ---------------------> to:    0  1  1  0  2 30   0
20220913 020511.206 INFO             PET3       MODEL: time step-loop ending,   current time:    0  1  1  0  2 30   0
20220913 020511.206 INFO             PET3       <<<MODEL: leaving Run (phase=RunPhase1) with current time:    0  1  1  0  2 30   0
20220913 020511.206 INFO             PET3     MODEL: Run extro.
20220913 020511.206 INFO             PET3   driver: end <--------- RunSequence
20220913 020511.206 INFO             PET3   <<<driver - leaving Run with current time:    0  1  1  0  2 30   0
20220913 020511.206 INFO             PET3 driver: Run extro.
20220913 020511.206 INFO             PET3 driver: Finalize intro.
20220913 020511.206 INFO             PET3   Calling Finalize phase 1 for modelComp: MODEL
20220913 020511.206 INFO             PET3   MODEL: Finalize intro.
20220913 020511.206 INFO             PET3     >>>MODEL: entered Finalize (phase=FinalizePhase1) with current time:    0  1  1  0  2 30   0
20220913 020511.206 INFO             PET3     <<<MODEL: leaving Finalize (phase=FinalizePhase1) with current time:    0  1  1  0  2 30   0
20220913 020511.206 INFO             PET3   MODEL: Finalize extro.
20220913 020511.206 INFO             PET3   Delete modelComp: MODEL
20220913 020511.206 INFO             PET3   Delete Import-/Export State for modelComp: MODEL
20220913 020511.206 INFO             PET3 driver: Finalize extro.
20220913 020511.206 INFO             PET3 mainApp FINISHED
20220913 020511.206 INFO             PET3 Finalizing ESMF
