2022-09-21 06:35:00
20220921 073635.488 INFO             PET0 !!!!!!!!!!!!!!!!!!!!!!!!!!!!!!!!!!!!!!!!!!!!!!!!!!!!!!
20220921 073635.488 INFO             PET0 !!! THE ESMF_LOG IS SET TO OUTPUT ALL LOG MESSAGES !!!
20220921 073635.488 INFO             PET0 !!!     THIS MAY CAUSE SLOWDOWN IN PERFORMANCE     !!!
20220921 073635.489 INFO             PET0 !!! FOR PRODUCTION RUNS, USE:                      !!!
20220921 073635.489 INFO             PET0 !!!                   ESMF_LOGKIND_Multi_On_Error  !!!
20220921 073635.489 INFO             PET0 !!!!!!!!!!!!!!!!!!!!!!!!!!!!!!!!!!!!!!!!!!!!!!!!!!!!!!
20220921 073635.489 INFO             PET0 Running with ESMF Version   : v8.3.1
20220921 073635.489 INFO             PET0 ESMF library build date/time: "Sep 21 2022" "06:28:42"
20220921 073635.489 INFO             PET0 ESMF library build location : /glade/scratch/dunlap/esmf-testing/intel_18.0.5_openmpi_g_v8.3.1/esmf
20220921 073635.489 INFO             PET0 ESMF_COMM                   : openmpi
20220921 073635.489 INFO             PET0 ESMF_MOAB                   : enabled
20220921 073635.489 INFO             PET0 ESMF_LAPACK                 : enabled
20220921 073635.489 INFO             PET0 ESMF_NETCDF                 : enabled
20220921 073635.489 INFO             PET0 ESMF_PNETCDF                : disabled
20220921 073635.489 INFO             PET0 ESMF_PIO                    : enabled
20220921 073635.489 INFO             PET0 ESMF_YAMLCPP                : enabled
20220921 073635.490 INFO             PET0  NUMBER_OF_PROCESSORS           1
20220921 073635.490 INFO             PET0  PASS  Example ESMF_AlarmEx, ESMF_AlarmEx.F90, line 244
20220921 073635.490 INFO             PET0 Finalizing ESMF
