2022-08-06 02:48:52
20220806 032336.927 INFO             PET0 !!!!!!!!!!!!!!!!!!!!!!!!!!!!!!!!!!!!!!!!!!!!!!!!!!!!!!
20220806 032336.927 INFO             PET0 !!! THE ESMF_LOG IS SET TO OUTPUT ALL LOG MESSAGES !!!
20220806 032336.927 INFO             PET0 !!!     THIS MAY CAUSE SLOWDOWN IN PERFORMANCE     !!!
20220806 032336.927 INFO             PET0 !!! FOR PRODUCTION RUNS, USE:                      !!!
20220806 032336.927 INFO             PET0 !!!                   ESMF_LOGKIND_Multi_On_Error  !!!
20220806 032336.927 INFO             PET0 !!!!!!!!!!!!!!!!!!!!!!!!!!!!!!!!!!!!!!!!!!!!!!!!!!!!!!
20220806 032336.927 INFO             PET0 Running with ESMF Version   : v8.3.0b17-30-g0de4558e1e
20220806 032336.927 INFO             PET0 ESMF library build date/time: "Aug  6 2022" "02:45:54"
20220806 032336.927 INFO             PET0 ESMF library build location : /glade/scratch/dunlap/esmf-testing/gfortran_7.4.0_openmpi_g_feature_large-messages/esmf
20220806 032336.927 INFO             PET0 ESMF_COMM                   : openmpi
20220806 032336.927 INFO             PET0 ESMF_MOAB                   : enabled
20220806 032336.927 INFO             PET0 ESMF_LAPACK                 : enabled
20220806 032336.927 INFO             PET0 ESMF_NETCDF                 : enabled
20220806 032336.927 INFO             PET0 ESMF_PNETCDF                : disabled
20220806 032336.927 INFO             PET0 ESMF_PIO                    : enabled
20220806 032336.927 INFO             PET0 ESMF_YAMLCPP                : enabled
20220806 032336.932 DEBUG            PET0 VMK::recv():4970, size=32 using MPIUNI channel via memcpy() in one chunk
20220806 032336.932 DEBUG            PET0 VMK::send():4482, size=32 using MPIUNI channel via memcpy() in one chunk
20220806 032336.932 DEBUG            PET0 VMK::recv():4970, size=32 using MPIUNI channel via memcpy() in one chunk
20220806 032336.932 DEBUG            PET0 VMK::send():4482, size=32 using MPIUNI channel via memcpy() in one chunk
20220806 032336.932 DEBUG            PET0 VMK::recv():4970, size=32 using MPIUNI channel via memcpy() in one chunk
20220806 032336.932 DEBUG            PET0 VMK::send():4482, size=32 using MPIUNI channel via memcpy() in one chunk
20220806 032336.932 DEBUG            PET0 VMK::recv():4970, size=32 using MPIUNI channel via memcpy() in one chunk
20220806 032336.932 DEBUG            PET0 VMK::send():4482, size=32 using MPIUNI channel via memcpy() in one chunk
20220806 032336.932 DEBUG            PET0 VMK::recv():4970, size=32 using MPIUNI channel via memcpy() in one chunk
20220806 032336.932 DEBUG            PET0 VMK::send():4482, size=32 using MPIUNI channel via memcpy() in one chunk
20220806 032336.932 DEBUG            PET0 VMK::recv():4970, size=32 using MPIUNI channel via memcpy() in one chunk
20220806 032336.932 DEBUG            PET0 VMK::send():4482, size=32 using MPIUNI channel via memcpy() in one chunk
20220806 032336.932 DEBUG            PET0 VMK::recv():4970, size=32 using MPIUNI channel via memcpy() in one chunk
20220806 032336.932 DEBUG            PET0 VMK::send():4482, size=32 using MPIUNI channel via memcpy() in one chunk
20220806 032336.932 DEBUG            PET0 VMK::recv():4970, size=32 using MPIUNI channel via memcpy() in one chunk
20220806 032336.932 DEBUG            PET0 VMK::send():4482, size=32 using MPIUNI channel via memcpy() in one chunk
20220806 032336.932 DEBUG            PET0 VMK::recv():4970, size=32 using MPIUNI channel via memcpy() in one chunk
20220806 032336.932 DEBUG            PET0 VMK::send():4482, size=32 using MPIUNI channel via memcpy() in one chunk
20220806 032336.932 DEBUG            PET0 VMK::recv():4970, size=32 using MPIUNI channel via memcpy() in one chunk
20220806 032336.932 DEBUG            PET0 VMK::send():4482, size=32 using MPIUNI channel via memcpy() in one chunk
20220806 032336.932 DEBUG            PET0 VMK::recv():4970, size=32 using MPIUNI channel via memcpy() in one chunk
20220806 032336.932 DEBUG            PET0 VMK::send():4482, size=32 using MPIUNI channel via memcpy() in one chunk
20220806 032336.933 DEBUG            PET0 VMK::recv():4970, size=16 using MPIUNI channel via memcpy() in one chunk
20220806 032336.933 DEBUG            PET0 VMK::send():4482, size=16 using MPIUNI channel via memcpy() in one chunk
20220806 032336.933 DEBUG            PET0 VMK::recv():4970, size=16 using MPIUNI channel via memcpy() in one chunk
20220806 032336.933 DEBUG            PET0 VMK::send():4482, size=16 using MPIUNI channel via memcpy() in one chunk
20220806 032336.933 DEBUG            PET0 VMK::recv():4970, size=16 using MPIUNI channel via memcpy() in one chunk
20220806 032336.933 DEBUG            PET0 VMK::send():4482, size=16 using MPIUNI channel via memcpy() in one chunk
20220806 032336.933 DEBUG            PET0 VMK::recv():4970, size=16 using MPIUNI channel via memcpy() in one chunk
20220806 032336.933 DEBUG            PET0 VMK::send():4482, size=16 using MPIUNI channel via memcpy() in one chunk
20220806 032336.935 DEBUG            PET0 VMK::recv():4970, size=16 using MPIUNI channel via memcpy() in one chunk
20220806 032336.935 DEBUG            PET0 VMK::send():4482, size=16 using MPIUNI channel via memcpy() in one chunk
20220806 032336.935 DEBUG            PET0 VMK::recv():4970, size=16 using MPIUNI channel via memcpy() in one chunk
20220806 032336.935 DEBUG            PET0 VMK::send():4482, size=16 using MPIUNI channel via memcpy() in one chunk
20220806 032336.935 DEBUG            PET0 VMK::recv():4970, size=16 using MPIUNI channel via memcpy() in one chunk
20220806 032336.935 DEBUG            PET0 VMK::send():4482, size=16 using MPIUNI channel via memcpy() in one chunk
20220806 032336.935 DEBUG            PET0 VMK::recv():4970, size=16 using MPIUNI channel via memcpy() in one chunk
20220806 032336.935 DEBUG            PET0 VMK::send():4482, size=16 using MPIUNI channel via memcpy() in one chunk
20220806 032336.935 DEBUG            PET0 VMK::recv():4970, size=16 using MPIUNI channel via memcpy() in one chunk
20220806 032336.935 DEBUG            PET0 VMK::send():4482, size=16 using MPIUNI channel via memcpy() in one chunk
20220806 032336.935 DEBUG            PET0 VMK::recv():4970, size=16 using MPIUNI channel via memcpy() in one chunk
20220806 032336.935 DEBUG            PET0 VMK::send():4482, size=16 using MPIUNI channel via memcpy() in one chunk
20220806 032336.935 DEBUG            PET0 VMK::recv():4970, size=16 using MPIUNI channel via memcpy() in one chunk
20220806 032336.935 DEBUG            PET0 VMK::send():4482, size=16 using MPIUNI channel via memcpy() in one chunk
20220806 032336.936 DEBUG            PET0 VMK::recv():4970, size=96 using MPIUNI channel via memcpy() in one chunk
20220806 032336.936 DEBUG            PET0 VMK::send():4482, size=96 using MPIUNI channel via memcpy() in one chunk
20220806 032336.936 DEBUG            PET0 VMK::recv():4970, size=96 using MPIUNI channel via memcpy() in one chunk
20220806 032336.936 DEBUG            PET0 VMK::send():4482, size=96 using MPIUNI channel via memcpy() in one chunk
20220806 032336.936 DEBUG            PET0 VMK::recv():4970, size=96 using MPIUNI channel via memcpy() in one chunk
20220806 032336.936 DEBUG            PET0 VMK::send():4482, size=96 using MPIUNI channel via memcpy() in one chunk
20220806 032336.936 DEBUG            PET0 VMK::recv():4970, size=96 using MPIUNI channel via memcpy() in one chunk
20220806 032336.936 DEBUG            PET0 VMK::send():4482, size=96 using MPIUNI channel via memcpy() in one chunk
20220806 032336.936 DEBUG            PET0 VMK::recv():4970, size=96 using MPIUNI channel via memcpy() in one chunk
20220806 032336.936 DEBUG            PET0 VMK::send():4482, size=96 using MPIUNI channel via memcpy() in one chunk
20220806 032336.936 DEBUG            PET0 VMK::recv():4970, size=96 using MPIUNI channel via memcpy() in one chunk
20220806 032336.936 DEBUG            PET0 VMK::send():4482, size=96 using MPIUNI channel via memcpy() in one chunk
20220806 032336.936 DEBUG            PET0 VMK::recv():4970, size=96 using MPIUNI channel via memcpy() in one chunk
20220806 032336.936 DEBUG            PET0 VMK::send():4482, size=96 using MPIUNI channel via memcpy() in one chunk
20220806 032336.936 DEBUG            PET0 VMK::recv():4970, size=96 using MPIUNI channel via memcpy() in one chunk
20220806 032336.936 DEBUG            PET0 VMK::send():4482, size=96 using MPIUNI channel via memcpy() in one chunk
20220806 032336.936 DEBUG            PET0 VMK::recv():4970, size=96 using MPIUNI channel via memcpy() in one chunk
20220806 032336.936 DEBUG            PET0 VMK::send():4482, size=96 using MPIUNI channel via memcpy() in one chunk
20220806 032336.936 DEBUG            PET0 VMK::recv():4970, size=96 using MPIUNI channel via memcpy() in one chunk
20220806 032336.936 DEBUG            PET0 VMK::send():4482, size=96 using MPIUNI channel via memcpy() in one chunk
20220806 032336.936 DEBUG            PET0 VMK::recv():4970, size=96 using MPIUNI channel via memcpy() in one chunk
20220806 032336.936 DEBUG            PET0 VMK::send():4482, size=96 using MPIUNI channel via memcpy() in one chunk
20220806 032336.936 DEBUG            PET0 VMK::recv():4970, size=32 using MPIUNI channel via memcpy() in one chunk
20220806 032336.936 DEBUG            PET0 VMK::send():4482, size=32 using MPIUNI channel via memcpy() in one chunk
20220806 032336.936 DEBUG            PET0 VMK::recv():4970, size=16 using MPIUNI channel via memcpy() in one chunk
20220806 032336.936 DEBUG            PET0 VMK::send():4482, size=16 using MPIUNI channel via memcpy() in one chunk
20220806 032336.936 DEBUG            PET0 VMK::recv():4970, size=96 using MPIUNI channel via memcpy() in one chunk
20220806 032336.936 DEBUG            PET0 VMK::send():4482, size=96 using MPIUNI channel via memcpy() in one chunk
20220806 032336.936 INFO             PET0  NUMBER_OF_PROCESSORS           1
20220806 032336.936 INFO             PET0  PASS  Example ESMF_XGridSparseMatEx, ESMF_XGridSparseMatEx.F90, line 642
20220806 032336.936 INFO             PET0 Finalizing ESMF
20220806 032336.936 DEBUG            PET0 epochFinal
