2022-08-05 02:38:20
20220805 030048.096 INFO             PET0 !!!!!!!!!!!!!!!!!!!!!!!!!!!!!!!!!!!!!!!!!!!!!!!!!!!!!!
20220805 030048.096 INFO             PET0 !!! THE ESMF_LOG IS SET TO OUTPUT ALL LOG MESSAGES !!!
20220805 030048.096 INFO             PET0 !!!     THIS MAY CAUSE SLOWDOWN IN PERFORMANCE     !!!
20220805 030048.096 INFO             PET0 !!! FOR PRODUCTION RUNS, USE:                      !!!
20220805 030048.096 INFO             PET0 !!!                   ESMF_LOGKIND_Multi_On_Error  !!!
20220805 030048.096 INFO             PET0 !!!!!!!!!!!!!!!!!!!!!!!!!!!!!!!!!!!!!!!!!!!!!!!!!!!!!!
20220805 030048.096 INFO             PET0 Running with ESMF Version   : v8.3.0b17-27-g5b5163fc0a
20220805 030048.096 INFO             PET0 ESMF library build date/time: "Aug  5 2022" "02:36:58"
20220805 030048.096 INFO             PET0 ESMF library build location : /scratch1/NCEPDEV/stmp2/Rocky.Dunlap/esmf-testing/gfortran_9.2.0b_openmpi_g_feature_large-messages/esmf
20220805 030048.096 INFO             PET0 ESMF_COMM                   : openmpi
20220805 030048.097 INFO             PET0 ESMF_MOAB                   : enabled
20220805 030048.097 INFO             PET0 ESMF_LAPACK                 : enabled
20220805 030048.097 INFO             PET0 ESMF_NETCDF                 : disabled
20220805 030048.097 INFO             PET0 ESMF_PNETCDF                : disabled
20220805 030048.097 INFO             PET0 ESMF_PIO                    : disabled
20220805 030048.097 INFO             PET0 ESMF_YAMLCPP                : enabled
20220805 030048.097 DEBUG            PET0 VMK::recv():4898, size=40 in 1 chunks
20220805 030048.097 DEBUG            PET0 VMK::recv():4898, size=40 in 1 chunks
20220805 030048.097 DEBUG            PET0 VMK::recv():4898, size=40 in 1 chunks
20220805 030048.098 DEBUG            PET0 epochBuffer:4765 non-blocking recv firstFlag=1 size=40
20220805 030048.098 DEBUG            PET0 epochBuffer:4778 ready to probe: src=3
20220805 030048.100 DEBUG            PET0 epochBuffer:4813 time in blocking probe: 0.00197366 seconds
20220805 030048.100 DEBUG            PET0 epochBuffer:4817 incoming message of size=104
20220805 030048.100 DEBUG            PET0 epochBuffer:4830 ready to post blocking recv: src=3 size=104 streamBuffer=0x20eb390
20220805 030048.100 DEBUG            PET0 epochBuffer:4849 time in blocking recv: 4.22169e-06 seconds
20220805 030048.100 DEBUG            PET0 epochBuffer:4863 processing recv chunk: buffer=0x20eb390 chunkSize=40 chunkTag=3000
20220805 030048.100 DEBUG            PET0 epochBuffer:4765 non-blocking recv firstFlag=0 size=40
20220805 030048.100 DEBUG            PET0 epochBuffer:4863 processing recv chunk: buffer=0x20eb3c4 chunkSize=40 chunkTag=3000
20220805 030048.100 INFO             PET0  NUMBER_OF_PROCESSORS           4
20220805 030048.100 INFO             PET0  PASS  Example ESMF_VMNonBlockingEx, ESMF_VMNonBlockingEx.F90, line 433
20220805 030048.100 INFO             PET0 Finalizing ESMF
20220805 030048.100 DEBUG            PET0 epochFinal
20220805 030048.096 INFO             PET1 !!!!!!!!!!!!!!!!!!!!!!!!!!!!!!!!!!!!!!!!!!!!!!!!!!!!!!
20220805 030048.096 INFO             PET1 !!! THE ESMF_LOG IS SET TO OUTPUT ALL LOG MESSAGES !!!
20220805 030048.096 INFO             PET1 !!!     THIS MAY CAUSE SLOWDOWN IN PERFORMANCE     !!!
20220805 030048.097 INFO             PET1 !!! FOR PRODUCTION RUNS, USE:                      !!!
20220805 030048.097 INFO             PET1 !!!                   ESMF_LOGKIND_Multi_On_Error  !!!
20220805 030048.097 INFO             PET1 !!!!!!!!!!!!!!!!!!!!!!!!!!!!!!!!!!!!!!!!!!!!!!!!!!!!!!
20220805 030048.097 INFO             PET1 Running with ESMF Version   : v8.3.0b17-27-g5b5163fc0a
20220805 030048.097 INFO             PET1 ESMF library build date/time: "Aug  5 2022" "02:36:58"
20220805 030048.097 INFO             PET1 ESMF library build location : /scratch1/NCEPDEV/stmp2/Rocky.Dunlap/esmf-testing/gfortran_9.2.0b_openmpi_g_feature_large-messages/esmf
20220805 030048.097 INFO             PET1 ESMF_COMM                   : openmpi
20220805 030048.097 INFO             PET1 ESMF_MOAB                   : enabled
20220805 030048.097 INFO             PET1 ESMF_LAPACK                 : enabled
20220805 030048.097 INFO             PET1 ESMF_NETCDF                 : disabled
20220805 030048.097 INFO             PET1 ESMF_PNETCDF                : disabled
20220805 030048.097 INFO             PET1 ESMF_PIO                    : disabled
20220805 030048.097 INFO             PET1 ESMF_YAMLCPP                : enabled
20220805 030048.097 INFO             PET1  NUMBER_OF_PROCESSORS           4
20220805 030048.097 INFO             PET1  PASS  Example ESMF_VMNonBlockingEx, ESMF_VMNonBlockingEx.F90, line 433
20220805 030048.097 INFO             PET1 Finalizing ESMF
20220805 030048.097 DEBUG            PET1 epochFinal
20220805 030048.096 INFO             PET2 !!!!!!!!!!!!!!!!!!!!!!!!!!!!!!!!!!!!!!!!!!!!!!!!!!!!!!
20220805 030048.096 INFO             PET2 !!! THE ESMF_LOG IS SET TO OUTPUT ALL LOG MESSAGES !!!
20220805 030048.096 INFO             PET2 !!!     THIS MAY CAUSE SLOWDOWN IN PERFORMANCE     !!!
20220805 030048.096 INFO             PET2 !!! FOR PRODUCTION RUNS, USE:                      !!!
20220805 030048.096 INFO             PET2 !!!                   ESMF_LOGKIND_Multi_On_Error  !!!
20220805 030048.096 INFO             PET2 !!!!!!!!!!!!!!!!!!!!!!!!!!!!!!!!!!!!!!!!!!!!!!!!!!!!!!
20220805 030048.096 INFO             PET2 Running with ESMF Version   : v8.3.0b17-27-g5b5163fc0a
20220805 030048.096 INFO             PET2 ESMF library build date/time: "Aug  5 2022" "02:36:58"
20220805 030048.096 INFO             PET2 ESMF library build location : /scratch1/NCEPDEV/stmp2/Rocky.Dunlap/esmf-testing/gfortran_9.2.0b_openmpi_g_feature_large-messages/esmf
20220805 030048.096 INFO             PET2 ESMF_COMM                   : openmpi
20220805 030048.097 INFO             PET2 ESMF_MOAB                   : enabled
20220805 030048.097 INFO             PET2 ESMF_LAPACK                 : enabled
20220805 030048.097 INFO             PET2 ESMF_NETCDF                 : disabled
20220805 030048.097 INFO             PET2 ESMF_PNETCDF                : disabled
20220805 030048.097 INFO             PET2 ESMF_PIO                    : disabled
20220805 030048.097 INFO             PET2 ESMF_YAMLCPP                : enabled
20220805 030048.097 INFO             PET2  NUMBER_OF_PROCESSORS           4
20220805 030048.097 INFO             PET2  PASS  Example ESMF_VMNonBlockingEx, ESMF_VMNonBlockingEx.F90, line 433
20220805 030048.097 INFO             PET2 Finalizing ESMF
20220805 030048.097 DEBUG            PET2 epochFinal
20220805 030048.096 INFO             PET3 !!!!!!!!!!!!!!!!!!!!!!!!!!!!!!!!!!!!!!!!!!!!!!!!!!!!!!
20220805 030048.096 INFO             PET3 !!! THE ESMF_LOG IS SET TO OUTPUT ALL LOG MESSAGES !!!
20220805 030048.096 INFO             PET3 !!!     THIS MAY CAUSE SLOWDOWN IN PERFORMANCE     !!!
20220805 030048.096 INFO             PET3 !!! FOR PRODUCTION RUNS, USE:                      !!!
20220805 030048.096 INFO             PET3 !!!                   ESMF_LOGKIND_Multi_On_Error  !!!
20220805 030048.096 INFO             PET3 !!!!!!!!!!!!!!!!!!!!!!!!!!!!!!!!!!!!!!!!!!!!!!!!!!!!!!
20220805 030048.096 INFO             PET3 Running with ESMF Version   : v8.3.0b17-27-g5b5163fc0a
20220805 030048.096 INFO             PET3 ESMF library build date/time: "Aug  5 2022" "02:36:58"
20220805 030048.096 INFO             PET3 ESMF library build location : /scratch1/NCEPDEV/stmp2/Rocky.Dunlap/esmf-testing/gfortran_9.2.0b_openmpi_g_feature_large-messages/esmf
20220805 030048.096 INFO             PET3 ESMF_COMM                   : openmpi
20220805 030048.097 INFO             PET3 ESMF_MOAB                   : enabled
20220805 030048.097 INFO             PET3 ESMF_LAPACK                 : enabled
20220805 030048.097 INFO             PET3 ESMF_NETCDF                 : disabled
20220805 030048.097 INFO             PET3 ESMF_PNETCDF                : disabled
20220805 030048.097 INFO             PET3 ESMF_PIO                    : disabled
20220805 030048.097 INFO             PET3 ESMF_YAMLCPP                : enabled
20220805 030048.097 DEBUG            PET3 VMK::send():4407, size=40 in 1 chunks
20220805 030048.097 DEBUG            PET3 VMK::send():4407, size=40 in 1 chunks
20220805 030048.097 DEBUG            PET3 VMK::send():4407, size=40 in 1 chunks
20220805 030048.098 DEBUG            PET3 epochBuffer:4353 non-blocking send to dst=0 firstFlag=1 msg size=40
20220805 030048.098 DEBUG            PET3 epochBuffer:4063 ready to clear outstanding comm
20220805 030048.098 INFO             PET3 VMK::sendBuffer::clear():1.0 - MemInfo: [/proc/meminfo - SSI]	MemTotal:       97470692 kB
20220805 030048.098 INFO             PET3 VMK::sendBuffer::clear():1.0 - MemInfo: [/proc/meminfo - SSI]	MemFree:        90521368 kB
20220805 030048.098 INFO             PET3 VMK::sendBuffer::clear():1.0 - MemInfo: [/proc/meminfo - SSI]	MemAvailable:   92088804 kB
20220805 030048.098 INFO             PET3 VMK::sendBuffer::clear():1.0 - MemInfo: [/proc/meminfo - SSI]	Committed_AS:     839648 kB
20220805 030048.098 INFO             PET3 VMK::sendBuffer::clear():1.0 - MemInfo: [/proc/meminfo - SSI]	CommittedPercent: 0.861436 %
20220805 030048.098 INFO             PET3 VMK::sendBuffer::clear():1.0 - MemInfo: [/proc/self/status]	VmPeak:	  474912 kB
20220805 030048.098 INFO             PET3 VMK::sendBuffer::clear():1.0 - MemInfo: [/proc/self/status]	VmSize:	  440780 kB
20220805 030048.098 INFO             PET3 VMK::sendBuffer::clear():1.0 - MemInfo: [/proc/self/status]	VmLck:	       0 kB
20220805 030048.098 INFO             PET3 VMK::sendBuffer::clear():1.0 - MemInfo: [/proc/self/status]	VmPin:	   68020 kB
20220805 030048.098 INFO             PET3 VMK::sendBuffer::clear():1.0 - MemInfo: [/proc/self/status]	VmHWM:	  113256 kB
20220805 030048.098 INFO             PET3 VMK::sendBuffer::clear():1.0 - MemInfo: [/proc/self/status]	VmRSS:	   70808 kB
20220805 030048.098 INFO             PET3 VMK::sendBuffer::clear():1.0 - MemInfo: [/proc/self/status]	VmData:	  212820 kB
20220805 030048.098 INFO             PET3 VMK::sendBuffer::clear():1.0 - MemInfo: [/proc/self/status]	VmStk:	     144 kB
20220805 030048.098 INFO             PET3 VMK::sendBuffer::clear():1.0 - MemInfo: [/proc/self/status]	VmExe:	      16 kB
20220805 030048.098 INFO             PET3 VMK::sendBuffer::clear():1.0 - MemInfo: [/proc/self/status]	VmLib:	   70476 kB
20220805 030048.098 INFO             PET3 VMK::sendBuffer::clear():1.0 - MemInfo: [/proc/self/status]	VmPTE:	     428 kB
20220805 030048.098 INFO             PET3 VMK::sendBuffer::clear():1.0 - MemInfo: [/proc/self/status]	VmSwap:	       0 kB
20220805 030048.098 INFO             PET3 VMK::sendBuffer::clear():1.0 - MemInfo: [/proc/self/status]	VmRSSPercent: 0.0726454 %
20220805 030048.098 INFO             PET3 VMK::sendBuffer::clear():1.0 - MemInfo: [malloc] Non-mmapped space allocated:                 3440640 Byte
20220805 030048.098 INFO             PET3 VMK::sendBuffer::clear():1.0 - MemInfo: [malloc] Space allocated in mmapped regions:          5603328 Byte
20220805 030048.098 INFO             PET3 VMK::sendBuffer::clear():1.0 - MemInfo: [malloc] Maximum total allocated space:                     0 Byte
20220805 030048.098 INFO             PET3 VMK::sendBuffer::clear():1.0 - MemInfo: [malloc] Space in freed fastbin blocks:                  4064 Byte
20220805 030048.098 INFO             PET3 VMK::sendBuffer::clear():1.0 - MemInfo: [malloc] Total allocated space:                       3061600 Byte
20220805 030048.098 INFO             PET3 VMK::sendBuffer::clear():1.0 - MemInfo: [malloc] Total free space:                             379040 Byte
20220805 030048.098 INFO             PET3 VMK::sendBuffer::clear():1.0 - MemInfo: [malloc] Top-most, releasable space:                    97008 Byte
20220805 030048.098 INFO             PET3 VMK::sendBuffer::clear():1.0 - MemInfo: [malloc] Total space in use, mmap + non-mmap:         8664928 Byte
20220805 030048.098 INFO             PET3 VMK::sendBuffer::clear():1.0 - MemInfo: [malloc] Total space held (mmap + non-mmap):          9043968 Byte
20220805 030048.098 INFO             PET3 VMK::sendBuffer::clear():1.0 - MemInfo: [malloc] Total space used (mmap + non-mmap):          8674112 Byte
20220805 030048.098 INFO             PET3 VMK::sendBuffer::clear():1.0 - MemInfo: Wall-clock time since execution start:             0.00662343 seconds
20220805 030048.098 INFO             PET3 VMK::sendBuffer::clear():2.0 - MemInfo: [/proc/meminfo - SSI]	MemTotal:       97470692 kB
20220805 030048.098 INFO             PET3 VMK::sendBuffer::clear():2.0 - MemInfo: [/proc/meminfo - SSI]	MemFree:        90521368 kB
20220805 030048.098 INFO             PET3 VMK::sendBuffer::clear():2.0 - MemInfo: [/proc/meminfo - SSI]	MemAvailable:   92088804 kB
20220805 030048.098 INFO             PET3 VMK::sendBuffer::clear():2.0 - MemInfo: [/proc/meminfo - SSI]	Committed_AS:     839648 kB
20220805 030048.098 INFO             PET3 VMK::sendBuffer::clear():2.0 - MemInfo: [/proc/meminfo - SSI]	CommittedPercent: 0.861436 %
20220805 030048.098 INFO             PET3 VMK::sendBuffer::clear():2.0 - MemInfo: [/proc/self/status]	VmPeak:	  474912 kB
20220805 030048.098 INFO             PET3 VMK::sendBuffer::clear():2.0 - MemInfo: [/proc/self/status]	VmSize:	  440780 kB
20220805 030048.098 INFO             PET3 VMK::sendBuffer::clear():2.0 - MemInfo: [/proc/self/status]	VmLck:	       0 kB
20220805 030048.098 INFO             PET3 VMK::sendBuffer::clear():2.0 - MemInfo: [/proc/self/status]	VmPin:	   68020 kB
20220805 030048.098 INFO             PET3 VMK::sendBuffer::clear():2.0 - MemInfo: [/proc/self/status]	VmHWM:	  113256 kB
20220805 030048.098 INFO             PET3 VMK::sendBuffer::clear():2.0 - MemInfo: [/proc/self/status]	VmRSS:	   70888 kB
20220805 030048.098 INFO             PET3 VMK::sendBuffer::clear():2.0 - MemInfo: [/proc/self/status]	VmData:	  212820 kB
20220805 030048.098 INFO             PET3 VMK::sendBuffer::clear():2.0 - MemInfo: [/proc/self/status]	VmStk:	     144 kB
20220805 030048.098 INFO             PET3 VMK::sendBuffer::clear():2.0 - MemInfo: [/proc/self/status]	VmExe:	      16 kB
20220805 030048.098 INFO             PET3 VMK::sendBuffer::clear():2.0 - MemInfo: [/proc/self/status]	VmLib:	   70476 kB
20220805 030048.098 INFO             PET3 VMK::sendBuffer::clear():2.0 - MemInfo: [/proc/self/status]	VmPTE:	     428 kB
20220805 030048.098 INFO             PET3 VMK::sendBuffer::clear():2.0 - MemInfo: [/proc/self/status]	VmSwap:	       0 kB
20220805 030048.098 INFO             PET3 VMK::sendBuffer::clear():2.0 - MemInfo: [/proc/self/status]	VmRSSPercent: 0.0727275 %
20220805 030048.098 INFO             PET3 VMK::sendBuffer::clear():2.0 - MemInfo: [malloc] Non-mmapped space allocated:                 3440640 Byte
20220805 030048.098 INFO             PET3 VMK::sendBuffer::clear():2.0 - MemInfo: [malloc] Space allocated in mmapped regions:          5603328 Byte
20220805 030048.098 INFO             PET3 VMK::sendBuffer::clear():2.0 - MemInfo: [malloc] Maximum total allocated space:                     0 Byte
20220805 030048.098 INFO             PET3 VMK::sendBuffer::clear():2.0 - MemInfo: [malloc] Space in freed fastbin blocks:                  3984 Byte
20220805 030048.098 INFO             PET3 VMK::sendBuffer::clear():2.0 - MemInfo: [malloc] Total allocated space:                       3061504 Byte
20220805 030048.098 INFO             PET3 VMK::sendBuffer::clear():2.0 - MemInfo: [malloc] Total free space:                             379136 Byte
20220805 030048.098 INFO             PET3 VMK::sendBuffer::clear():2.0 - MemInfo: [malloc] Top-most, releasable space:                    95856 Byte
20220805 030048.098 INFO             PET3 VMK::sendBuffer::clear():2.0 - MemInfo: [malloc] Total space in use, mmap + non-mmap:         8664832 Byte
20220805 030048.098 INFO             PET3 VMK::sendBuffer::clear():2.0 - MemInfo: [malloc] Total space held (mmap + non-mmap):          9043968 Byte
20220805 030048.098 INFO             PET3 VMK::sendBuffer::clear():2.0 - MemInfo: [malloc] Total space used (mmap + non-mmap):          8673984 Byte
20220805 030048.099 INFO             PET3 VMK::sendBuffer::clear():2.0 - MemInfo: Wall-clock time since execution start:             0.00690928 seconds
20220805 030048.099 INFO             PET3 VMK::sendBuffer::clear():3.0 - MemInfo: [/proc/meminfo - SSI]	MemTotal:       97470692 kB
20220805 030048.099 INFO             PET3 VMK::sendBuffer::clear():3.0 - MemInfo: [/proc/meminfo - SSI]	MemFree:        90521368 kB
20220805 030048.099 INFO             PET3 VMK::sendBuffer::clear():3.0 - MemInfo: [/proc/meminfo - SSI]	MemAvailable:   92088804 kB
20220805 030048.099 INFO             PET3 VMK::sendBuffer::clear():3.0 - MemInfo: [/proc/meminfo - SSI]	Committed_AS:     839648 kB
20220805 030048.099 INFO             PET3 VMK::sendBuffer::clear():3.0 - MemInfo: [/proc/meminfo - SSI]	CommittedPercent: 0.861436 %
20220805 030048.099 INFO             PET3 VMK::sendBuffer::clear():3.0 - MemInfo: [/proc/self/status]	VmPeak:	  474912 kB
20220805 030048.099 INFO             PET3 VMK::sendBuffer::clear():3.0 - MemInfo: [/proc/self/status]	VmSize:	  440780 kB
20220805 030048.099 INFO             PET3 VMK::sendBuffer::clear():3.0 - MemInfo: [/proc/self/status]	VmLck:	       0 kB
20220805 030048.099 INFO             PET3 VMK::sendBuffer::clear():3.0 - MemInfo: [/proc/self/status]	VmPin:	   68020 kB
20220805 030048.099 INFO             PET3 VMK::sendBuffer::clear():3.0 - MemInfo: [/proc/self/status]	VmHWM:	  113256 kB
20220805 030048.099 INFO             PET3 VMK::sendBuffer::clear():3.0 - MemInfo: [/proc/self/status]	VmRSS:	   70904 kB
20220805 030048.099 INFO             PET3 VMK::sendBuffer::clear():3.0 - MemInfo: [/proc/self/status]	VmData:	  212820 kB
20220805 030048.099 INFO             PET3 VMK::sendBuffer::clear():3.0 - MemInfo: [/proc/self/status]	VmStk:	     144 kB
20220805 030048.099 INFO             PET3 VMK::sendBuffer::clear():3.0 - MemInfo: [/proc/self/status]	VmExe:	      16 kB
20220805 030048.099 INFO             PET3 VMK::sendBuffer::clear():3.0 - MemInfo: [/proc/self/status]	VmLib:	   70476 kB
20220805 030048.099 INFO             PET3 VMK::sendBuffer::clear():3.0 - MemInfo: [/proc/self/status]	VmPTE:	     428 kB
20220805 030048.099 INFO             PET3 VMK::sendBuffer::clear():3.0 - MemInfo: [/proc/self/status]	VmSwap:	       0 kB
20220805 030048.099 INFO             PET3 VMK::sendBuffer::clear():3.0 - MemInfo: [/proc/self/status]	VmRSSPercent: 0.0727439 %
20220805 030048.099 INFO             PET3 VMK::sendBuffer::clear():3.0 - MemInfo: [malloc] Non-mmapped space allocated:                 3440640 Byte
20220805 030048.099 INFO             PET3 VMK::sendBuffer::clear():3.0 - MemInfo: [malloc] Space allocated in mmapped regions:          5603328 Byte
20220805 030048.099 INFO             PET3 VMK::sendBuffer::clear():3.0 - MemInfo: [malloc] Maximum total allocated space:                     0 Byte
20220805 030048.099 INFO             PET3 VMK::sendBuffer::clear():3.0 - MemInfo: [malloc] Space in freed fastbin blocks:                  4272 Byte
20220805 030048.099 INFO             PET3 VMK::sendBuffer::clear():3.0 - MemInfo: [malloc] Total allocated space:                       3061408 Byte
20220805 030048.099 INFO             PET3 VMK::sendBuffer::clear():3.0 - MemInfo: [malloc] Total free space:                             379232 Byte
20220805 030048.099 INFO             PET3 VMK::sendBuffer::clear():3.0 - MemInfo: [malloc] Top-most, releasable space:                    96800 Byte
20220805 030048.099 INFO             PET3 VMK::sendBuffer::clear():3.0 - MemInfo: [malloc] Total space in use, mmap + non-mmap:         8664736 Byte
20220805 030048.099 INFO             PET3 VMK::sendBuffer::clear():3.0 - MemInfo: [malloc] Total space held (mmap + non-mmap):          9043968 Byte
20220805 030048.099 INFO             PET3 VMK::sendBuffer::clear():3.0 - MemInfo: [malloc] Total space used (mmap + non-mmap):          8675104 Byte
20220805 030048.099 INFO             PET3 VMK::sendBuffer::clear():3.0 - MemInfo: Wall-clock time since execution start:             0.00718918 seconds
20220805 030048.099 DEBUG            PET3 epochBuffer:4376 non-blocking send write complete, current stream size=52
20220805 030048.099 DEBUG            PET3 epochBuffer:4353 non-blocking send to dst=0 firstFlag=0 msg size=40
20220805 030048.099 DEBUG            PET3 epochBuffer:4376 non-blocking send write complete, current stream size=104
20220805 030048.099 DEBUG            PET3 epochBuffer:3868 unacknowledged sends to dst=0: 0
20220805 030048.099 INFO             PET3 VMK::epochExit:1.0 - MemInfo: [/proc/meminfo - SSI]	MemTotal:       97470692 kB
20220805 030048.099 INFO             PET3 VMK::epochExit:1.0 - MemInfo: [/proc/meminfo - SSI]	MemFree:        90521368 kB
20220805 030048.099 INFO             PET3 VMK::epochExit:1.0 - MemInfo: [/proc/meminfo - SSI]	MemAvailable:   92088804 kB
20220805 030048.099 INFO             PET3 VMK::epochExit:1.0 - MemInfo: [/proc/meminfo - SSI]	Committed_AS:     839648 kB
20220805 030048.099 INFO             PET3 VMK::epochExit:1.0 - MemInfo: [/proc/meminfo - SSI]	CommittedPercent: 0.861436 %
20220805 030048.099 INFO             PET3 VMK::epochExit:1.0 - MemInfo: [/proc/self/status]	VmPeak:	  474912 kB
20220805 030048.099 INFO             PET3 VMK::epochExit:1.0 - MemInfo: [/proc/self/status]	VmSize:	  440780 kB
20220805 030048.099 INFO             PET3 VMK::epochExit:1.0 - MemInfo: [/proc/self/status]	VmLck:	       0 kB
20220805 030048.099 INFO             PET3 VMK::epochExit:1.0 - MemInfo: [/proc/self/status]	VmPin:	   68020 kB
20220805 030048.099 INFO             PET3 VMK::epochExit:1.0 - MemInfo: [/proc/self/status]	VmHWM:	  113256 kB
20220805 030048.099 INFO             PET3 VMK::epochExit:1.0 - MemInfo: [/proc/self/status]	VmRSS:	   70932 kB
20220805 030048.099 INFO             PET3 VMK::epochExit:1.0 - MemInfo: [/proc/self/status]	VmData:	  212820 kB
20220805 030048.099 INFO             PET3 VMK::epochExit:1.0 - MemInfo: [/proc/self/status]	VmStk:	     144 kB
20220805 030048.099 INFO             PET3 VMK::epochExit:1.0 - MemInfo: [/proc/self/status]	VmExe:	      16 kB
20220805 030048.099 INFO             PET3 VMK::epochExit:1.0 - MemInfo: [/proc/self/status]	VmLib:	   70476 kB
20220805 030048.099 INFO             PET3 VMK::epochExit:1.0 - MemInfo: [/proc/self/status]	VmPTE:	     428 kB
20220805 030048.099 INFO             PET3 VMK::epochExit:1.0 - MemInfo: [/proc/self/status]	VmSwap:	       0 kB
20220805 030048.099 INFO             PET3 VMK::epochExit:1.0 - MemInfo: [/proc/self/status]	VmRSSPercent: 0.0727726 %
20220805 030048.099 INFO             PET3 VMK::epochExit:1.0 - MemInfo: [malloc] Non-mmapped space allocated:                 3440640 Byte
20220805 030048.099 INFO             PET3 VMK::epochExit:1.0 - MemInfo: [malloc] Space allocated in mmapped regions:          5603328 Byte
20220805 030048.099 INFO             PET3 VMK::epochExit:1.0 - MemInfo: [malloc] Maximum total allocated space:                     0 Byte
20220805 030048.099 INFO             PET3 VMK::epochExit:1.0 - MemInfo: [malloc] Space in freed fastbin blocks:                  4848 Byte
20220805 030048.099 INFO             PET3 VMK::epochExit:1.0 - MemInfo: [malloc] Total allocated space:                       3060752 Byte
20220805 030048.099 INFO             PET3 VMK::epochExit:1.0 - MemInfo: [malloc] Total free space:                             379888 Byte
20220805 030048.099 INFO             PET3 VMK::epochExit:1.0 - MemInfo: [malloc] Top-most, releasable space:                    96288 Byte
20220805 030048.099 INFO             PET3 VMK::epochExit:1.0 - MemInfo: [malloc] Total space in use, mmap + non-mmap:         8664080 Byte
20220805 030048.099 INFO             PET3 VMK::epochExit:1.0 - MemInfo: [malloc] Total space held (mmap + non-mmap):          9043968 Byte
20220805 030048.099 INFO             PET3 VMK::epochExit:1.0 - MemInfo: [malloc] Total space used (mmap + non-mmap):          8673312 Byte
20220805 030048.099 INFO             PET3 VMK::epochExit:1.0 - MemInfo: Wall-clock time since execution start:              0.0076864 seconds
20220805 030048.099 INFO             PET3 VMK::epochExit:2.0 - MemInfo: [/proc/meminfo - SSI]	MemTotal:       97470692 kB
20220805 030048.099 INFO             PET3 VMK::epochExit:2.0 - MemInfo: [/proc/meminfo - SSI]	MemFree:        90521368 kB
20220805 030048.099 INFO             PET3 VMK::epochExit:2.0 - MemInfo: [/proc/meminfo - SSI]	MemAvailable:   92088804 kB
20220805 030048.099 INFO             PET3 VMK::epochExit:2.0 - MemInfo: [/proc/meminfo - SSI]	Committed_AS:     839648 kB
20220805 030048.099 INFO             PET3 VMK::epochExit:2.0 - MemInfo: [/proc/meminfo - SSI]	CommittedPercent: 0.861436 %
20220805 030048.099 INFO             PET3 VMK::epochExit:2.0 - MemInfo: [/proc/self/status]	VmPeak:	  474912 kB
20220805 030048.099 INFO             PET3 VMK::epochExit:2.0 - MemInfo: [/proc/self/status]	VmSize:	  440780 kB
20220805 030048.099 INFO             PET3 VMK::epochExit:2.0 - MemInfo: [/proc/self/status]	VmLck:	       0 kB
20220805 030048.099 INFO             PET3 VMK::epochExit:2.0 - MemInfo: [/proc/self/status]	VmPin:	   68020 kB
20220805 030048.099 INFO             PET3 VMK::epochExit:2.0 - MemInfo: [/proc/self/status]	VmHWM:	  113256 kB
20220805 030048.099 INFO             PET3 VMK::epochExit:2.0 - MemInfo: [/proc/self/status]	VmRSS:	   70932 kB
20220805 030048.099 INFO             PET3 VMK::epochExit:2.0 - MemInfo: [/proc/self/status]	VmData:	  212820 kB
20220805 030048.099 INFO             PET3 VMK::epochExit:2.0 - MemInfo: [/proc/self/status]	VmStk:	     144 kB
20220805 030048.099 INFO             PET3 VMK::epochExit:2.0 - MemInfo: [/proc/self/status]	VmExe:	      16 kB
20220805 030048.099 INFO             PET3 VMK::epochExit:2.0 - MemInfo: [/proc/self/status]	VmLib:	   70476 kB
20220805 030048.099 INFO             PET3 VMK::epochExit:2.0 - MemInfo: [/proc/self/status]	VmPTE:	     428 kB
20220805 030048.099 INFO             PET3 VMK::epochExit:2.0 - MemInfo: [/proc/self/status]	VmSwap:	       0 kB
20220805 030048.099 INFO             PET3 VMK::epochExit:2.0 - MemInfo: [/proc/self/status]	VmRSSPercent: 0.0727726 %
20220805 030048.099 INFO             PET3 VMK::epochExit:2.0 - MemInfo: [malloc] Non-mmapped space allocated:                 3440640 Byte
20220805 030048.099 INFO             PET3 VMK::epochExit:2.0 - MemInfo: [malloc] Space allocated in mmapped regions:          5603328 Byte
20220805 030048.099 INFO             PET3 VMK::epochExit:2.0 - MemInfo: [malloc] Maximum total allocated space:                     0 Byte
20220805 030048.099 INFO             PET3 VMK::epochExit:2.0 - MemInfo: [malloc] Space in freed fastbin blocks:                  4000 Byte
20220805 030048.099 INFO             PET3 VMK::epochExit:2.0 - MemInfo: [malloc] Total allocated space:                       3060672 Byte
20220805 030048.099 INFO             PET3 VMK::epochExit:2.0 - MemInfo: [malloc] Total free space:                             379968 Byte
20220805 030048.099 INFO             PET3 VMK::epochExit:2.0 - MemInfo: [malloc] Top-most, releasable space:                    96176 Byte
20220805 030048.100 INFO             PET3 VMK::epochExit:2.0 - MemInfo: [malloc] Total space in use, mmap + non-mmap:         8664000 Byte
20220805 030048.100 INFO             PET3 VMK::epochExit:2.0 - MemInfo: [malloc] Total space held (mmap + non-mmap):          9043968 Byte
20220805 030048.100 INFO             PET3 VMK::epochExit:2.0 - MemInfo: [malloc] Total space used (mmap + non-mmap):          8673200 Byte
20220805 030048.100 INFO             PET3 VMK::epochExit:2.0 - MemInfo: Wall-clock time since execution start:              0.0079354 seconds
20220805 030048.100 DEBUG            PET3 epochBuffer:3920 ready to post non-blocking send: dst=0 size=104 buffer=0x1957080
20220805 030048.100 DEBUG            PET3 epochBuffer:3971 time in non-blocking send: 4.44055e-06 seconds
20220805 030048.100 INFO             PET3 VMK::epochExit:3.0 - MemInfo: [/proc/meminfo - SSI]	MemTotal:       97470692 kB
20220805 030048.100 INFO             PET3 VMK::epochExit:3.0 - MemInfo: [/proc/meminfo - SSI]	MemFree:        90521368 kB
20220805 030048.100 INFO             PET3 VMK::epochExit:3.0 - MemInfo: [/proc/meminfo - SSI]	MemAvailable:   92088804 kB
20220805 030048.100 INFO             PET3 VMK::epochExit:3.0 - MemInfo: [/proc/meminfo - SSI]	Committed_AS:     839648 kB
20220805 030048.100 INFO             PET3 VMK::epochExit:3.0 - MemInfo: [/proc/meminfo - SSI]	CommittedPercent: 0.861436 %
20220805 030048.100 INFO             PET3 VMK::epochExit:3.0 - MemInfo: [/proc/self/status]	VmPeak:	  474912 kB
20220805 030048.100 INFO             PET3 VMK::epochExit:3.0 - MemInfo: [/proc/self/status]	VmSize:	  440780 kB
20220805 030048.100 INFO             PET3 VMK::epochExit:3.0 - MemInfo: [/proc/self/status]	VmLck:	       0 kB
20220805 030048.100 INFO             PET3 VMK::epochExit:3.0 - MemInfo: [/proc/self/status]	VmPin:	   68020 kB
20220805 030048.100 INFO             PET3 VMK::epochExit:3.0 - MemInfo: [/proc/self/status]	VmHWM:	  113256 kB
20220805 030048.100 INFO             PET3 VMK::epochExit:3.0 - MemInfo: [/proc/self/status]	VmRSS:	   70936 kB
20220805 030048.100 INFO             PET3 VMK::epochExit:3.0 - MemInfo: [/proc/self/status]	VmData:	  212820 kB
20220805 030048.100 INFO             PET3 VMK::epochExit:3.0 - MemInfo: [/proc/self/status]	VmStk:	     144 kB
20220805 030048.100 INFO             PET3 VMK::epochExit:3.0 - MemInfo: [/proc/self/status]	VmExe:	      16 kB
20220805 030048.100 INFO             PET3 VMK::epochExit:3.0 - MemInfo: [/proc/self/status]	VmLib:	   70476 kB
20220805 030048.100 INFO             PET3 VMK::epochExit:3.0 - MemInfo: [/proc/self/status]	VmPTE:	     428 kB
20220805 030048.100 INFO             PET3 VMK::epochExit:3.0 - MemInfo: [/proc/self/status]	VmSwap:	       0 kB
20220805 030048.100 INFO             PET3 VMK::epochExit:3.0 - MemInfo: [/proc/self/status]	VmRSSPercent: 0.0727767 %
20220805 030048.100 INFO             PET3 VMK::epochExit:3.0 - MemInfo: [malloc] Non-mmapped space allocated:                 3440640 Byte
20220805 030048.100 INFO             PET3 VMK::epochExit:3.0 - MemInfo: [malloc] Space allocated in mmapped regions:          5603328 Byte
20220805 030048.100 INFO             PET3 VMK::epochExit:3.0 - MemInfo: [malloc] Maximum total allocated space:                     0 Byte
20220805 030048.100 INFO             PET3 VMK::epochExit:3.0 - MemInfo: [malloc] Space in freed fastbin blocks:                  3632 Byte
20220805 030048.100 INFO             PET3 VMK::epochExit:3.0 - MemInfo: [malloc] Total allocated space:                       3060752 Byte
20220805 030048.100 INFO             PET3 VMK::epochExit:3.0 - MemInfo: [malloc] Total free space:                             379888 Byte
20220805 030048.100 INFO             PET3 VMK::epochExit:3.0 - MemInfo: [malloc] Top-most, releasable space:                    96800 Byte
20220805 030048.100 INFO             PET3 VMK::epochExit:3.0 - MemInfo: [malloc] Total space in use, mmap + non-mmap:         8664080 Byte
20220805 030048.100 INFO             PET3 VMK::epochExit:3.0 - MemInfo: [malloc] Total space held (mmap + non-mmap):          9043968 Byte
20220805 030048.100 INFO             PET3 VMK::epochExit:3.0 - MemInfo: [malloc] Total space used (mmap + non-mmap):          8673312 Byte
20220805 030048.100 INFO             PET3 VMK::epochExit:3.0 - MemInfo: Wall-clock time since execution start:             0.00817629 seconds
20220805 030048.100 DEBUG            PET3 epochBuffer:3987 unacknowledged sends to dst=0: 1
20220805 030048.100 INFO             PET3 VMK::epochExit:4.0 - MemInfo: [/proc/meminfo - SSI]	MemTotal:       97470692 kB
20220805 030048.100 INFO             PET3 VMK::epochExit:4.0 - MemInfo: [/proc/meminfo - SSI]	MemFree:        90521368 kB
20220805 030048.100 INFO             PET3 VMK::epochExit:4.0 - MemInfo: [/proc/meminfo - SSI]	MemAvailable:   92088804 kB
20220805 030048.100 INFO             PET3 VMK::epochExit:4.0 - MemInfo: [/proc/meminfo - SSI]	Committed_AS:     839648 kB
20220805 030048.100 INFO             PET3 VMK::epochExit:4.0 - MemInfo: [/proc/meminfo - SSI]	CommittedPercent: 0.861436 %
20220805 030048.100 INFO             PET3 VMK::epochExit:4.0 - MemInfo: [/proc/self/status]	VmPeak:	  474912 kB
20220805 030048.100 INFO             PET3 VMK::epochExit:4.0 - MemInfo: [/proc/self/status]	VmSize:	  440780 kB
20220805 030048.100 INFO             PET3 VMK::epochExit:4.0 - MemInfo: [/proc/self/status]	VmLck:	       0 kB
20220805 030048.100 INFO             PET3 VMK::epochExit:4.0 - MemInfo: [/proc/self/status]	VmPin:	   68020 kB
20220805 030048.100 INFO             PET3 VMK::epochExit:4.0 - MemInfo: [/proc/self/status]	VmHWM:	  113256 kB
20220805 030048.100 INFO             PET3 VMK::epochExit:4.0 - MemInfo: [/proc/self/status]	VmRSS:	   70948 kB
20220805 030048.100 INFO             PET3 VMK::epochExit:4.0 - MemInfo: [/proc/self/status]	VmData:	  212820 kB
20220805 030048.100 INFO             PET3 VMK::epochExit:4.0 - MemInfo: [/proc/self/status]	VmStk:	     144 kB
20220805 030048.100 INFO             PET3 VMK::epochExit:4.0 - MemInfo: [/proc/self/status]	VmExe:	      16 kB
20220805 030048.100 INFO             PET3 VMK::epochExit:4.0 - MemInfo: [/proc/self/status]	VmLib:	   70476 kB
20220805 030048.100 INFO             PET3 VMK::epochExit:4.0 - MemInfo: [/proc/self/status]	VmPTE:	     428 kB
20220805 030048.100 INFO             PET3 VMK::epochExit:4.0 - MemInfo: [/proc/self/status]	VmSwap:	       0 kB
20220805 030048.100 INFO             PET3 VMK::epochExit:4.0 - MemInfo: [/proc/self/status]	VmRSSPercent: 0.0727891 %
20220805 030048.100 INFO             PET3 VMK::epochExit:4.0 - MemInfo: [malloc] Non-mmapped space allocated:                 3440640 Byte
20220805 030048.100 INFO             PET3 VMK::epochExit:4.0 - MemInfo: [malloc] Space allocated in mmapped regions:          5603328 Byte
20220805 030048.100 INFO             PET3 VMK::epochExit:4.0 - MemInfo: [malloc] Maximum total allocated space:                     0 Byte
20220805 030048.100 INFO             PET3 VMK::epochExit:4.0 - MemInfo: [malloc] Space in freed fastbin blocks:                  4064 Byte
20220805 030048.100 INFO             PET3 VMK::epochExit:4.0 - MemInfo: [malloc] Total allocated space:                       3060752 Byte
20220805 030048.100 INFO             PET3 VMK::epochExit:4.0 - MemInfo: [malloc] Total free space:                             379888 Byte
20220805 030048.100 INFO             PET3 VMK::epochExit:4.0 - MemInfo: [malloc] Top-most, releasable space:                    96800 Byte
20220805 030048.100 INFO             PET3 VMK::epochExit:4.0 - MemInfo: [malloc] Total space in use, mmap + non-mmap:         8664080 Byte
20220805 030048.100 INFO             PET3 VMK::epochExit:4.0 - MemInfo: [malloc] Total space held (mmap + non-mmap):          9043968 Byte
20220805 030048.100 INFO             PET3 VMK::epochExit:4.0 - MemInfo: [malloc] Total space used (mmap + non-mmap):          8673312 Byte
20220805 030048.100 INFO             PET3 VMK::epochExit:4.0 - MemInfo: Wall-clock time since execution start:             0.00844955 seconds
20220805 030048.100 DEBUG            PET3 epochBuffer:3868 unacknowledged sends to dst=0: 1
20220805 030048.100 INFO             PET3 VMK::epochExit:1.0 - MemInfo: [/proc/meminfo - SSI]	MemTotal:       97470692 kB
20220805 030048.100 INFO             PET3 VMK::epochExit:1.0 - MemInfo: [/proc/meminfo - SSI]	MemFree:        90521368 kB
20220805 030048.100 INFO             PET3 VMK::epochExit:1.0 - MemInfo: [/proc/meminfo - SSI]	MemAvailable:   92088804 kB
20220805 030048.100 INFO             PET3 VMK::epochExit:1.0 - MemInfo: [/proc/meminfo - SSI]	Committed_AS:     839648 kB
20220805 030048.100 INFO             PET3 VMK::epochExit:1.0 - MemInfo: [/proc/meminfo - SSI]	CommittedPercent: 0.861436 %
20220805 030048.100 INFO             PET3 VMK::epochExit:1.0 - MemInfo: [/proc/self/status]	VmPeak:	  474912 kB
20220805 030048.100 INFO             PET3 VMK::epochExit:1.0 - MemInfo: [/proc/self/status]	VmSize:	  440780 kB
20220805 030048.100 INFO             PET3 VMK::epochExit:1.0 - MemInfo: [/proc/self/status]	VmLck:	       0 kB
20220805 030048.100 INFO             PET3 VMK::epochExit:1.0 - MemInfo: [/proc/self/status]	VmPin:	   68020 kB
20220805 030048.100 INFO             PET3 VMK::epochExit:1.0 - MemInfo: [/proc/self/status]	VmHWM:	  113256 kB
20220805 030048.100 INFO             PET3 VMK::epochExit:1.0 - MemInfo: [/proc/self/status]	VmRSS:	   70948 kB
20220805 030048.100 INFO             PET3 VMK::epochExit:1.0 - MemInfo: [/proc/self/status]	VmData:	  212820 kB
20220805 030048.100 INFO             PET3 VMK::epochExit:1.0 - MemInfo: [/proc/self/status]	VmStk:	     144 kB
20220805 030048.100 INFO             PET3 VMK::epochExit:1.0 - MemInfo: [/proc/self/status]	VmExe:	      16 kB
20220805 030048.100 INFO             PET3 VMK::epochExit:1.0 - MemInfo: [/proc/self/status]	VmLib:	   70476 kB
20220805 030048.100 INFO             PET3 VMK::epochExit:1.0 - MemInfo: [/proc/self/status]	VmPTE:	     428 kB
20220805 030048.100 INFO             PET3 VMK::epochExit:1.0 - MemInfo: [/proc/self/status]	VmSwap:	       0 kB
20220805 030048.100 INFO             PET3 VMK::epochExit:1.0 - MemInfo: [/proc/self/status]	VmRSSPercent: 0.0727891 %
20220805 030048.100 INFO             PET3 VMK::epochExit:1.0 - MemInfo: [malloc] Non-mmapped space allocated:                 3440640 Byte
20220805 030048.100 INFO             PET3 VMK::epochExit:1.0 - MemInfo: [malloc] Space allocated in mmapped regions:          5603328 Byte
20220805 030048.100 INFO             PET3 VMK::epochExit:1.0 - MemInfo: [malloc] Maximum total allocated space:                     0 Byte
20220805 030048.100 INFO             PET3 VMK::epochExit:1.0 - MemInfo: [malloc] Space in freed fastbin blocks:                  3968 Byte
20220805 030048.100 INFO             PET3 VMK::epochExit:1.0 - MemInfo: [malloc] Total allocated space:                       3060624 Byte
20220805 030048.100 INFO             PET3 VMK::epochExit:1.0 - MemInfo: [malloc] Total free space:                             380016 Byte
20220805 030048.100 INFO             PET3 VMK::epochExit:1.0 - MemInfo: [malloc] Top-most, releasable space:                    96800 Byte
20220805 030048.100 INFO             PET3 VMK::epochExit:1.0 - MemInfo: [malloc] Total space in use, mmap + non-mmap:         8663952 Byte
20220805 030048.100 INFO             PET3 VMK::epochExit:1.0 - MemInfo: [malloc] Total space held (mmap + non-mmap):          9043968 Byte
20220805 030048.100 INFO             PET3 VMK::epochExit:1.0 - MemInfo: [malloc] Total space used (mmap + non-mmap):          8673184 Byte
20220805 030048.100 INFO             PET3 VMK::epochExit:1.0 - MemInfo: Wall-clock time since execution start:             0.00871555 seconds
20220805 030048.100 INFO             PET3 VMK::epochExit:2.0 - MemInfo: [/proc/meminfo - SSI]	MemTotal:       97470692 kB
20220805 030048.100 INFO             PET3 VMK::epochExit:2.0 - MemInfo: [/proc/meminfo - SSI]	MemFree:        90521368 kB
20220805 030048.100 INFO             PET3 VMK::epochExit:2.0 - MemInfo: [/proc/meminfo - SSI]	MemAvailable:   92088804 kB
20220805 030048.100 INFO             PET3 VMK::epochExit:2.0 - MemInfo: [/proc/meminfo - SSI]	Committed_AS:     839648 kB
20220805 030048.100 INFO             PET3 VMK::epochExit:2.0 - MemInfo: [/proc/meminfo - SSI]	CommittedPercent: 0.861436 %
20220805 030048.100 INFO             PET3 VMK::epochExit:2.0 - MemInfo: [/proc/self/status]	VmPeak:	  474912 kB
20220805 030048.100 INFO             PET3 VMK::epochExit:2.0 - MemInfo: [/proc/self/status]	VmSize:	  440780 kB
20220805 030048.100 INFO             PET3 VMK::epochExit:2.0 - MemInfo: [/proc/self/status]	VmLck:	       0 kB
20220805 030048.100 INFO             PET3 VMK::epochExit:2.0 - MemInfo: [/proc/self/status]	VmPin:	   68020 kB
20220805 030048.100 INFO             PET3 VMK::epochExit:2.0 - MemInfo: [/proc/self/status]	VmHWM:	  113256 kB
20220805 030048.100 INFO             PET3 VMK::epochExit:2.0 - MemInfo: [/proc/self/status]	VmRSS:	   70948 kB
20220805 030048.100 INFO             PET3 VMK::epochExit:2.0 - MemInfo: [/proc/self/status]	VmData:	  212820 kB
20220805 030048.100 INFO             PET3 VMK::epochExit:2.0 - MemInfo: [/proc/self/status]	VmStk:	     144 kB
20220805 030048.100 INFO             PET3 VMK::epochExit:2.0 - MemInfo: [/proc/self/status]	VmExe:	      16 kB
20220805 030048.100 INFO             PET3 VMK::epochExit:2.0 - MemInfo: [/proc/self/status]	VmLib:	   70476 kB
20220805 030048.100 INFO             PET3 VMK::epochExit:2.0 - MemInfo: [/proc/self/status]	VmPTE:	     428 kB
20220805 030048.100 INFO             PET3 VMK::epochExit:2.0 - MemInfo: [/proc/self/status]	VmSwap:	       0 kB
20220805 030048.100 INFO             PET3 VMK::epochExit:2.0 - MemInfo: [/proc/self/status]	VmRSSPercent: 0.0727891 %
20220805 030048.100 INFO             PET3 VMK::epochExit:2.0 - MemInfo: [malloc] Non-mmapped space allocated:                 3440640 Byte
20220805 030048.101 INFO             PET3 VMK::epochExit:2.0 - MemInfo: [malloc] Space allocated in mmapped regions:          5603328 Byte
20220805 030048.101 INFO             PET3 VMK::epochExit:2.0 - MemInfo: [malloc] Maximum total allocated space:                     0 Byte
20220805 030048.101 INFO             PET3 VMK::epochExit:2.0 - MemInfo: [malloc] Space in freed fastbin blocks:                  3680 Byte
20220805 030048.101 INFO             PET3 VMK::epochExit:2.0 - MemInfo: [malloc] Total allocated space:                       3060544 Byte
20220805 030048.101 INFO             PET3 VMK::epochExit:2.0 - MemInfo: [malloc] Total free space:                             380096 Byte
20220805 030048.101 INFO             PET3 VMK::epochExit:2.0 - MemInfo: [malloc] Top-most, releasable space:                    98448 Byte
20220805 030048.101 INFO             PET3 VMK::epochExit:2.0 - MemInfo: [malloc] Total space in use, mmap + non-mmap:         8663872 Byte
20220805 030048.101 INFO             PET3 VMK::epochExit:2.0 - MemInfo: [malloc] Total space held (mmap + non-mmap):          9043968 Byte
20220805 030048.101 INFO             PET3 VMK::epochExit:2.0 - MemInfo: [malloc] Total space used (mmap + non-mmap):          8673072 Byte
20220805 030048.101 INFO             PET3 VMK::epochExit:2.0 - MemInfo: Wall-clock time since execution start:             0.00895799 seconds
20220805 030048.101 INFO             PET3 VMK::epochExit:3.0 - MemInfo: [/proc/meminfo - SSI]	MemTotal:       97470692 kB
20220805 030048.101 INFO             PET3 VMK::epochExit:3.0 - MemInfo: [/proc/meminfo - SSI]	MemFree:        90521368 kB
20220805 030048.101 INFO             PET3 VMK::epochExit:3.0 - MemInfo: [/proc/meminfo - SSI]	MemAvailable:   92088804 kB
20220805 030048.101 INFO             PET3 VMK::epochExit:3.0 - MemInfo: [/proc/meminfo - SSI]	Committed_AS:     839648 kB
20220805 030048.101 INFO             PET3 VMK::epochExit:3.0 - MemInfo: [/proc/meminfo - SSI]	CommittedPercent: 0.861436 %
20220805 030048.101 INFO             PET3 VMK::epochExit:3.0 - MemInfo: [/proc/self/status]	VmPeak:	  474912 kB
20220805 030048.101 INFO             PET3 VMK::epochExit:3.0 - MemInfo: [/proc/self/status]	VmSize:	  440780 kB
20220805 030048.101 INFO             PET3 VMK::epochExit:3.0 - MemInfo: [/proc/self/status]	VmLck:	       0 kB
20220805 030048.101 INFO             PET3 VMK::epochExit:3.0 - MemInfo: [/proc/self/status]	VmPin:	   68020 kB
20220805 030048.101 INFO             PET3 VMK::epochExit:3.0 - MemInfo: [/proc/self/status]	VmHWM:	  113256 kB
20220805 030048.101 INFO             PET3 VMK::epochExit:3.0 - MemInfo: [/proc/self/status]	VmRSS:	   70948 kB
20220805 030048.101 INFO             PET3 VMK::epochExit:3.0 - MemInfo: [/proc/self/status]	VmData:	  212820 kB
20220805 030048.101 INFO             PET3 VMK::epochExit:3.0 - MemInfo: [/proc/self/status]	VmStk:	     144 kB
20220805 030048.101 INFO             PET3 VMK::epochExit:3.0 - MemInfo: [/proc/self/status]	VmExe:	      16 kB
20220805 030048.101 INFO             PET3 VMK::epochExit:3.0 - MemInfo: [/proc/self/status]	VmLib:	   70476 kB
20220805 030048.101 INFO             PET3 VMK::epochExit:3.0 - MemInfo: [/proc/self/status]	VmPTE:	     428 kB
20220805 030048.101 INFO             PET3 VMK::epochExit:3.0 - MemInfo: [/proc/self/status]	VmSwap:	       0 kB
20220805 030048.101 INFO             PET3 VMK::epochExit:3.0 - MemInfo: [/proc/self/status]	VmRSSPercent: 0.0727891 %
20220805 030048.101 INFO             PET3 VMK::epochExit:3.0 - MemInfo: [malloc] Non-mmapped space allocated:                 3440640 Byte
20220805 030048.101 INFO             PET3 VMK::epochExit:3.0 - MemInfo: [malloc] Space allocated in mmapped regions:          5603328 Byte
20220805 030048.101 INFO             PET3 VMK::epochExit:3.0 - MemInfo: [malloc] Maximum total allocated space:                     0 Byte
20220805 030048.101 INFO             PET3 VMK::epochExit:3.0 - MemInfo: [malloc] Space in freed fastbin blocks:                  3552 Byte
20220805 030048.101 INFO             PET3 VMK::epochExit:3.0 - MemInfo: [malloc] Total allocated space:                       3060464 Byte
20220805 030048.101 INFO             PET3 VMK::epochExit:3.0 - MemInfo: [malloc] Total free space:                             380176 Byte
20220805 030048.101 INFO             PET3 VMK::epochExit:3.0 - MemInfo: [malloc] Top-most, releasable space:                    98224 Byte
20220805 030048.101 INFO             PET3 VMK::epochExit:3.0 - MemInfo: [malloc] Total space in use, mmap + non-mmap:         8663792 Byte
20220805 030048.101 INFO             PET3 VMK::epochExit:3.0 - MemInfo: [malloc] Total space held (mmap + non-mmap):          9043968 Byte
20220805 030048.101 INFO             PET3 VMK::epochExit:3.0 - MemInfo: [malloc] Total space used (mmap + non-mmap):          8672960 Byte
20220805 030048.101 INFO             PET3 VMK::epochExit:3.0 - MemInfo: Wall-clock time since execution start:             0.00919372 seconds
20220805 030048.101 INFO             PET3 VMK::epochExit:4.0 - MemInfo: [/proc/meminfo - SSI]	MemTotal:       97470692 kB
20220805 030048.101 INFO             PET3 VMK::epochExit:4.0 - MemInfo: [/proc/meminfo - SSI]	MemFree:        90521368 kB
20220805 030048.101 INFO             PET3 VMK::epochExit:4.0 - MemInfo: [/proc/meminfo - SSI]	MemAvailable:   92088804 kB
20220805 030048.101 INFO             PET3 VMK::epochExit:4.0 - MemInfo: [/proc/meminfo - SSI]	Committed_AS:     839648 kB
20220805 030048.101 INFO             PET3 VMK::epochExit:4.0 - MemInfo: [/proc/meminfo - SSI]	CommittedPercent: 0.861436 %
20220805 030048.101 INFO             PET3 VMK::epochExit:4.0 - MemInfo: [/proc/self/status]	VmPeak:	  474912 kB
20220805 030048.101 INFO             PET3 VMK::epochExit:4.0 - MemInfo: [/proc/self/status]	VmSize:	  440780 kB
20220805 030048.101 INFO             PET3 VMK::epochExit:4.0 - MemInfo: [/proc/self/status]	VmLck:	       0 kB
20220805 030048.101 INFO             PET3 VMK::epochExit:4.0 - MemInfo: [/proc/self/status]	VmPin:	   68020 kB
20220805 030048.101 INFO             PET3 VMK::epochExit:4.0 - MemInfo: [/proc/self/status]	VmHWM:	  113256 kB
20220805 030048.101 INFO             PET3 VMK::epochExit:4.0 - MemInfo: [/proc/self/status]	VmRSS:	   70948 kB
20220805 030048.101 INFO             PET3 VMK::epochExit:4.0 - MemInfo: [/proc/self/status]	VmData:	  212820 kB
20220805 030048.101 INFO             PET3 VMK::epochExit:4.0 - MemInfo: [/proc/self/status]	VmStk:	     144 kB
20220805 030048.101 INFO             PET3 VMK::epochExit:4.0 - MemInfo: [/proc/self/status]	VmExe:	      16 kB
20220805 030048.101 INFO             PET3 VMK::epochExit:4.0 - MemInfo: [/proc/self/status]	VmLib:	   70476 kB
20220805 030048.101 INFO             PET3 VMK::epochExit:4.0 - MemInfo: [/proc/self/status]	VmPTE:	     428 kB
20220805 030048.101 INFO             PET3 VMK::epochExit:4.0 - MemInfo: [/proc/self/status]	VmSwap:	       0 kB
20220805 030048.101 INFO             PET3 VMK::epochExit:4.0 - MemInfo: [/proc/self/status]	VmRSSPercent: 0.0727891 %
20220805 030048.101 INFO             PET3 VMK::epochExit:4.0 - MemInfo: [malloc] Non-mmapped space allocated:                 3440640 Byte
20220805 030048.101 INFO             PET3 VMK::epochExit:4.0 - MemInfo: [malloc] Space allocated in mmapped regions:          5603328 Byte
20220805 030048.101 INFO             PET3 VMK::epochExit:4.0 - MemInfo: [malloc] Maximum total allocated space:                     0 Byte
20220805 030048.101 INFO             PET3 VMK::epochExit:4.0 - MemInfo: [malloc] Space in freed fastbin blocks:                  3840 Byte
20220805 030048.101 INFO             PET3 VMK::epochExit:4.0 - MemInfo: [malloc] Total allocated space:                       3060384 Byte
20220805 030048.101 INFO             PET3 VMK::epochExit:4.0 - MemInfo: [malloc] Total free space:                             380256 Byte
20220805 030048.101 INFO             PET3 VMK::epochExit:4.0 - MemInfo: [malloc] Top-most, releasable space:                    98400 Byte
20220805 030048.101 INFO             PET3 VMK::epochExit:4.0 - MemInfo: [malloc] Total space in use, mmap + non-mmap:         8663712 Byte
20220805 030048.101 INFO             PET3 VMK::epochExit:4.0 - MemInfo: [malloc] Total space held (mmap + non-mmap):          9043968 Byte
20220805 030048.101 INFO             PET3 VMK::epochExit:4.0 - MemInfo: [malloc] Total space used (mmap + non-mmap):          8673952 Byte
20220805 030048.101 INFO             PET3 VMK::epochExit:4.0 - MemInfo: Wall-clock time since execution start:             0.00942844 seconds
20220805 030048.101 INFO             PET3  NUMBER_OF_PROCESSORS           4
20220805 030048.101 INFO             PET3  PASS  Example ESMF_VMNonBlockingEx, ESMF_VMNonBlockingEx.F90, line 433
20220805 030048.101 INFO             PET3 Finalizing ESMF
20220805 030048.101 DEBUG            PET3 epochFinal
20220805 030048.101 DEBUG            PET3 epochBuffer:3817 ready to clear outstanding comm: dst=0 size=0 buffer=0x1957080
20220805 030048.101 DEBUG            PET3 epochBuffer:4063 ready to clear outstanding comm
20220805 030048.101 INFO             PET3 VMK::sendBuffer::clear():1.0 - MemInfo: [/proc/meminfo - SSI]	MemTotal:       97470692 kB
20220805 030048.101 INFO             PET3 VMK::sendBuffer::clear():1.0 - MemInfo: [/proc/meminfo - SSI]	MemFree:        90521368 kB
20220805 030048.101 INFO             PET3 VMK::sendBuffer::clear():1.0 - MemInfo: [/proc/meminfo - SSI]	MemAvailable:   92088804 kB
20220805 030048.101 INFO             PET3 VMK::sendBuffer::clear():1.0 - MemInfo: [/proc/meminfo - SSI]	Committed_AS:     839648 kB
20220805 030048.101 INFO             PET3 VMK::sendBuffer::clear():1.0 - MemInfo: [/proc/meminfo - SSI]	CommittedPercent: 0.861436 %
20220805 030048.101 INFO             PET3 VMK::sendBuffer::clear():1.0 - MemInfo: [/proc/self/status]	VmPeak:	  474912 kB
20220805 030048.101 INFO             PET3 VMK::sendBuffer::clear():1.0 - MemInfo: [/proc/self/status]	VmSize:	  440780 kB
20220805 030048.101 INFO             PET3 VMK::sendBuffer::clear():1.0 - MemInfo: [/proc/self/status]	VmLck:	       0 kB
20220805 030048.101 INFO             PET3 VMK::sendBuffer::clear():1.0 - MemInfo: [/proc/self/status]	VmPin:	   68020 kB
20220805 030048.101 INFO             PET3 VMK::sendBuffer::clear():1.0 - MemInfo: [/proc/self/status]	VmHWM:	  113256 kB
20220805 030048.101 INFO             PET3 VMK::sendBuffer::clear():1.0 - MemInfo: [/proc/self/status]	VmRSS:	   70968 kB
20220805 030048.101 INFO             PET3 VMK::sendBuffer::clear():1.0 - MemInfo: [/proc/self/status]	VmData:	  212820 kB
20220805 030048.101 INFO             PET3 VMK::sendBuffer::clear():1.0 - MemInfo: [/proc/self/status]	VmStk:	     144 kB
20220805 030048.101 INFO             PET3 VMK::sendBuffer::clear():1.0 - MemInfo: [/proc/self/status]	VmExe:	      16 kB
20220805 030048.101 INFO             PET3 VMK::sendBuffer::clear():1.0 - MemInfo: [/proc/self/status]	VmLib:	   70476 kB
20220805 030048.101 INFO             PET3 VMK::sendBuffer::clear():1.0 - MemInfo: [/proc/self/status]	VmPTE:	     428 kB
20220805 030048.101 INFO             PET3 VMK::sendBuffer::clear():1.0 - MemInfo: [/proc/self/status]	VmSwap:	       0 kB
20220805 030048.101 INFO             PET3 VMK::sendBuffer::clear():1.0 - MemInfo: [/proc/self/status]	VmRSSPercent: 0.0728096 %
20220805 030048.101 INFO             PET3 VMK::sendBuffer::clear():1.0 - MemInfo: [malloc] Non-mmapped space allocated:                 3440640 Byte
20220805 030048.101 INFO             PET3 VMK::sendBuffer::clear():1.0 - MemInfo: [malloc] Space allocated in mmapped regions:          5603328 Byte
20220805 030048.101 INFO             PET3 VMK::sendBuffer::clear():1.0 - MemInfo: [malloc] Maximum total allocated space:                     0 Byte
20220805 030048.101 INFO             PET3 VMK::sendBuffer::clear():1.0 - MemInfo: [malloc] Space in freed fastbin blocks:                  3680 Byte
20220805 030048.101 INFO             PET3 VMK::sendBuffer::clear():1.0 - MemInfo: [malloc] Total allocated space:                       3061056 Byte
20220805 030048.101 INFO             PET3 VMK::sendBuffer::clear():1.0 - MemInfo: [malloc] Total free space:                             379584 Byte
20220805 030048.101 INFO             PET3 VMK::sendBuffer::clear():1.0 - MemInfo: [malloc] Top-most, releasable space:                    97536 Byte
20220805 030048.101 INFO             PET3 VMK::sendBuffer::clear():1.0 - MemInfo: [malloc] Total space in use, mmap + non-mmap:         8664384 Byte
20220805 030048.101 INFO             PET3 VMK::sendBuffer::clear():1.0 - MemInfo: [malloc] Total space held (mmap + non-mmap):          9043968 Byte
20220805 030048.101 INFO             PET3 VMK::sendBuffer::clear():1.0 - MemInfo: [malloc] Total space used (mmap + non-mmap):          8674768 Byte
20220805 030048.101 INFO             PET3 VMK::sendBuffer::clear():1.0 - MemInfo: Wall-clock time since execution start:             0.00975612 seconds
20220805 030048.101 DEBUG            PET3 epochBuffer:4091 posting MPI_Wait()
20220805 030048.101 DEBUG            PET3 epochBuffer:4100 time in MPI_Wait(): 2.73157e-06 seconds
20220805 030048.101 INFO             PET3 VMK::sendBuffer::clear():2.0 - MemInfo: [/proc/meminfo - SSI]	MemTotal:       97470692 kB
20220805 030048.101 INFO             PET3 VMK::sendBuffer::clear():2.0 - MemInfo: [/proc/meminfo - SSI]	MemFree:        90521368 kB
20220805 030048.101 INFO             PET3 VMK::sendBuffer::clear():2.0 - MemInfo: [/proc/meminfo - SSI]	MemAvailable:   92088804 kB
20220805 030048.101 INFO             PET3 VMK::sendBuffer::clear():2.0 - MemInfo: [/proc/meminfo - SSI]	Committed_AS:     839648 kB
20220805 030048.101 INFO             PET3 VMK::sendBuffer::clear():2.0 - MemInfo: [/proc/meminfo - SSI]	CommittedPercent: 0.861436 %
20220805 030048.101 INFO             PET3 VMK::sendBuffer::clear():2.0 - MemInfo: [/proc/self/status]	VmPeak:	  474912 kB
20220805 030048.101 INFO             PET3 VMK::sendBuffer::clear():2.0 - MemInfo: [/proc/self/status]	VmSize:	  440780 kB
20220805 030048.101 INFO             PET3 VMK::sendBuffer::clear():2.0 - MemInfo: [/proc/self/status]	VmLck:	       0 kB
20220805 030048.101 INFO             PET3 VMK::sendBuffer::clear():2.0 - MemInfo: [/proc/self/status]	VmPin:	   68020 kB
20220805 030048.101 INFO             PET3 VMK::sendBuffer::clear():2.0 - MemInfo: [/proc/self/status]	VmHWM:	  113256 kB
20220805 030048.101 INFO             PET3 VMK::sendBuffer::clear():2.0 - MemInfo: [/proc/self/status]	VmRSS:	   70968 kB
20220805 030048.101 INFO             PET3 VMK::sendBuffer::clear():2.0 - MemInfo: [/proc/self/status]	VmData:	  212820 kB
20220805 030048.101 INFO             PET3 VMK::sendBuffer::clear():2.0 - MemInfo: [/proc/self/status]	VmStk:	     144 kB
20220805 030048.101 INFO             PET3 VMK::sendBuffer::clear():2.0 - MemInfo: [/proc/self/status]	VmExe:	      16 kB
20220805 030048.101 INFO             PET3 VMK::sendBuffer::clear():2.0 - MemInfo: [/proc/self/status]	VmLib:	   70476 kB
20220805 030048.101 INFO             PET3 VMK::sendBuffer::clear():2.0 - MemInfo: [/proc/self/status]	VmPTE:	     428 kB
20220805 030048.102 INFO             PET3 VMK::sendBuffer::clear():2.0 - MemInfo: [/proc/self/status]	VmSwap:	       0 kB
20220805 030048.102 INFO             PET3 VMK::sendBuffer::clear():2.0 - MemInfo: [/proc/self/status]	VmRSSPercent: 0.0728096 %
20220805 030048.102 INFO             PET3 VMK::sendBuffer::clear():2.0 - MemInfo: [malloc] Non-mmapped space allocated:                 3440640 Byte
20220805 030048.102 INFO             PET3 VMK::sendBuffer::clear():2.0 - MemInfo: [malloc] Space allocated in mmapped regions:          5603328 Byte
20220805 030048.102 INFO             PET3 VMK::sendBuffer::clear():2.0 - MemInfo: [malloc] Maximum total allocated space:                     0 Byte
20220805 030048.102 INFO             PET3 VMK::sendBuffer::clear():2.0 - MemInfo: [malloc] Space in freed fastbin blocks:                  4272 Byte
20220805 030048.102 INFO             PET3 VMK::sendBuffer::clear():2.0 - MemInfo: [malloc] Total allocated space:                       3061152 Byte
20220805 030048.102 INFO             PET3 VMK::sendBuffer::clear():2.0 - MemInfo: [malloc] Total free space:                             379488 Byte
20220805 030048.102 INFO             PET3 VMK::sendBuffer::clear():2.0 - MemInfo: [malloc] Top-most, releasable space:                    96512 Byte
20220805 030048.102 INFO             PET3 VMK::sendBuffer::clear():2.0 - MemInfo: [malloc] Total space in use, mmap + non-mmap:         8664480 Byte
20220805 030048.102 INFO             PET3 VMK::sendBuffer::clear():2.0 - MemInfo: [malloc] Total space held (mmap + non-mmap):          9043968 Byte
20220805 030048.102 INFO             PET3 VMK::sendBuffer::clear():2.0 - MemInfo: [malloc] Total space used (mmap + non-mmap):          8673632 Byte
20220805 030048.102 INFO             PET3 VMK::sendBuffer::clear():2.0 - MemInfo: Wall-clock time since execution start:              0.0100094 seconds
20220805 030048.102 INFO             PET3 VMK::sendBuffer::clear():3.0 - MemInfo: [/proc/meminfo - SSI]	MemTotal:       97470692 kB
20220805 030048.102 INFO             PET3 VMK::sendBuffer::clear():3.0 - MemInfo: [/proc/meminfo - SSI]	MemFree:        90521368 kB
20220805 030048.102 INFO             PET3 VMK::sendBuffer::clear():3.0 - MemInfo: [/proc/meminfo - SSI]	MemAvailable:   92088804 kB
20220805 030048.102 INFO             PET3 VMK::sendBuffer::clear():3.0 - MemInfo: [/proc/meminfo - SSI]	Committed_AS:     839648 kB
20220805 030048.102 INFO             PET3 VMK::sendBuffer::clear():3.0 - MemInfo: [/proc/meminfo - SSI]	CommittedPercent: 0.861436 %
20220805 030048.102 INFO             PET3 VMK::sendBuffer::clear():3.0 - MemInfo: [/proc/self/status]	VmPeak:	  474912 kB
20220805 030048.102 INFO             PET3 VMK::sendBuffer::clear():3.0 - MemInfo: [/proc/self/status]	VmSize:	  440780 kB
20220805 030048.102 INFO             PET3 VMK::sendBuffer::clear():3.0 - MemInfo: [/proc/self/status]	VmLck:	       0 kB
20220805 030048.102 INFO             PET3 VMK::sendBuffer::clear():3.0 - MemInfo: [/proc/self/status]	VmPin:	   68020 kB
20220805 030048.102 INFO             PET3 VMK::sendBuffer::clear():3.0 - MemInfo: [/proc/self/status]	VmHWM:	  113256 kB
20220805 030048.102 INFO             PET3 VMK::sendBuffer::clear():3.0 - MemInfo: [/proc/self/status]	VmRSS:	   70968 kB
20220805 030048.102 INFO             PET3 VMK::sendBuffer::clear():3.0 - MemInfo: [/proc/self/status]	VmData:	  212820 kB
20220805 030048.102 INFO             PET3 VMK::sendBuffer::clear():3.0 - MemInfo: [/proc/self/status]	VmStk:	     144 kB
20220805 030048.102 INFO             PET3 VMK::sendBuffer::clear():3.0 - MemInfo: [/proc/self/status]	VmExe:	      16 kB
20220805 030048.102 INFO             PET3 VMK::sendBuffer::clear():3.0 - MemInfo: [/proc/self/status]	VmLib:	   70476 kB
20220805 030048.102 INFO             PET3 VMK::sendBuffer::clear():3.0 - MemInfo: [/proc/self/status]	VmPTE:	     428 kB
20220805 030048.102 INFO             PET3 VMK::sendBuffer::clear():3.0 - MemInfo: [/proc/self/status]	VmSwap:	       0 kB
20220805 030048.102 INFO             PET3 VMK::sendBuffer::clear():3.0 - MemInfo: [/proc/self/status]	VmRSSPercent: 0.0728096 %
20220805 030048.102 INFO             PET3 VMK::sendBuffer::clear():3.0 - MemInfo: [malloc] Non-mmapped space allocated:                 3440640 Byte
20220805 030048.102 INFO             PET3 VMK::sendBuffer::clear():3.0 - MemInfo: [malloc] Space allocated in mmapped regions:          5603328 Byte
20220805 030048.102 INFO             PET3 VMK::sendBuffer::clear():3.0 - MemInfo: [malloc] Maximum total allocated space:                     0 Byte
20220805 030048.102 INFO             PET3 VMK::sendBuffer::clear():3.0 - MemInfo: [malloc] Space in freed fastbin blocks:                  4400 Byte
20220805 030048.102 INFO             PET3 VMK::sendBuffer::clear():3.0 - MemInfo: [malloc] Total allocated space:                       3060944 Byte
20220805 030048.102 INFO             PET3 VMK::sendBuffer::clear():3.0 - MemInfo: [malloc] Total free space:                             379696 Byte
20220805 030048.102 INFO             PET3 VMK::sendBuffer::clear():3.0 - MemInfo: [malloc] Top-most, releasable space:                    97056 Byte
20220805 030048.102 INFO             PET3 VMK::sendBuffer::clear():3.0 - MemInfo: [malloc] Total space in use, mmap + non-mmap:         8664272 Byte
20220805 030048.102 INFO             PET3 VMK::sendBuffer::clear():3.0 - MemInfo: [malloc] Total space held (mmap + non-mmap):          9043968 Byte
20220805 030048.102 INFO             PET3 VMK::sendBuffer::clear():3.0 - MemInfo: [malloc] Total space used (mmap + non-mmap):          8674640 Byte
20220805 030048.102 INFO             PET3 VMK::sendBuffer::clear():3.0 - MemInfo: Wall-clock time since execution start:              0.0102507 seconds
20220805 030048.102 DEBUG            PET3 epochBuffer:3827 drain unacknowledged sends to dst=0: 1
