2022-09-04 00:49:01
20220904 041107.824 INFO             PET0 !!!!!!!!!!!!!!!!!!!!!!!!!!!!!!!!!!!!!!!!!!!!!!!!!!!!!!
20220904 041107.825 INFO             PET0 !!! THE ESMF_LOG IS SET TO OUTPUT ALL LOG MESSAGES !!!
20220904 041107.825 INFO             PET0 !!!     THIS MAY CAUSE SLOWDOWN IN PERFORMANCE     !!!
20220904 041107.825 INFO             PET0 !!! FOR PRODUCTION RUNS, USE:                      !!!
20220904 041107.825 INFO             PET0 !!!                   ESMF_LOGKIND_Multi_On_Error  !!!
20220904 041107.825 INFO             PET0 !!!!!!!!!!!!!!!!!!!!!!!!!!!!!!!!!!!!!!!!!!!!!!!!!!!!!!
20220904 041107.825 INFO             PET0 Running with ESMF Version   : v8.3.1b05
20220904 041107.825 INFO             PET0 ESMF library build date/time: "Sep  4 2022" "00:47:23"
20220904 041107.825 INFO             PET0 ESMF library build location : /lustre/f2/dev/Mark.Potts/esmf-test/gfortran_8.3.0_mpi_g_patch_8.3.1/esmf
20220904 041107.825 INFO             PET0 ESMF_COMM                   : mpi
20220904 041107.826 INFO             PET0 ESMF_MOAB                   : enabled
20220904 041107.826 INFO             PET0 ESMF_LAPACK                 : enabled
20220904 041107.826 INFO             PET0 ESMF_NETCDF                 : enabled
20220904 041107.826 INFO             PET0 ESMF_PNETCDF                : disabled
20220904 041107.826 INFO             PET0 ESMF_PIO                    : enabled
20220904 041107.826 INFO             PET0 ESMF_YAMLCPP                : enabled
20220904 041107.877 INFO             PET0  NUMBER_OF_PROCESSORS           1
20220904 041107.877 INFO             PET0  PASS  Example ESMF_XGridSparseMatEx, ESMF_XGridSparseMatEx.F90, line 642
20220904 041107.878 INFO             PET0 Finalizing ESMF
