2022-09-21 00:49:42
20220921 012404.085 INFO             PET0 !!!!!!!!!!!!!!!!!!!!!!!!!!!!!!!!!!!!!!!!!!!!!!!!!!!!!!
20220921 012404.085 INFO             PET0 !!! THE ESMF_LOG IS SET TO OUTPUT ALL LOG MESSAGES !!!
20220921 012404.085 INFO             PET0 !!!     THIS MAY CAUSE SLOWDOWN IN PERFORMANCE     !!!
20220921 012404.085 INFO             PET0 !!! FOR PRODUCTION RUNS, USE:                      !!!
20220921 012404.085 INFO             PET0 !!!                   ESMF_LOGKIND_Multi_On_Error  !!!
20220921 012404.085 INFO             PET0 !!!!!!!!!!!!!!!!!!!!!!!!!!!!!!!!!!!!!!!!!!!!!!!!!!!!!!
20220921 012404.085 INFO             PET0 Running with ESMF Version   : v8.3.1
20220921 012404.086 INFO             PET0 ESMF library build date/time: "Sep 21 2022" "00:48:06"
20220921 012404.086 INFO             PET0 ESMF library build location : /lustre/f2/dev/Mark.Potts/esmf-test/intel_2019.5_mpi_O_v8.3.1/esmf
20220921 012404.086 INFO             PET0 ESMF_COMM                   : mpi
20220921 012404.087 INFO             PET0 ESMF_MOAB                   : enabled
20220921 012404.087 INFO             PET0 ESMF_LAPACK                 : enabled
20220921 012404.087 INFO             PET0 ESMF_NETCDF                 : enabled
20220921 012404.087 INFO             PET0 ESMF_PNETCDF                : disabled
20220921 012404.087 INFO             PET0 ESMF_PIO                    : enabled
20220921 012404.087 INFO             PET0 ESMF_YAMLCPP                : enabled
20220921 012404.088 INFO             PET0  NUMBER_OF_PROCESSORS           1
20220921 012404.088 INFO             PET0  PASS  Example ESMF_AlarmEx, ESMF_AlarmEx.F90, line 244
20220921 012404.088 INFO             PET0 Finalizing ESMF
