2022-09-05 05:47:20
20220905 064901.540 INFO             PET0 !!!!!!!!!!!!!!!!!!!!!!!!!!!!!!!!!!!!!!!!!!!!!!!!!!!!!!
20220905 064901.540 INFO             PET0 !!! THE ESMF_LOG IS SET TO OUTPUT ALL LOG MESSAGES !!!
20220905 064901.540 INFO             PET0 !!!     THIS MAY CAUSE SLOWDOWN IN PERFORMANCE     !!!
20220905 064901.540 INFO             PET0 !!! FOR PRODUCTION RUNS, USE:                      !!!
20220905 064901.540 INFO             PET0 !!!                   ESMF_LOGKIND_Multi_On_Error  !!!
20220905 064901.540 INFO             PET0 !!!!!!!!!!!!!!!!!!!!!!!!!!!!!!!!!!!!!!!!!!!!!!!!!!!!!!
20220905 064901.540 INFO             PET0 Running with ESMF Version   : v8.3.1b05
20220905 064901.540 INFO             PET0 ESMF library build date/time: "Sep  5 2022" "05:40:33"
20220905 064901.540 INFO             PET0 ESMF library build location : /glade/scratch/dunlap/esmf-testing/intel_18.0.5_mpt_g_patch_8.3.1/esmf
20220905 064901.540 INFO             PET0 ESMF_COMM                   : mpt
20220905 064901.540 INFO             PET0 ESMF_MOAB                   : enabled
20220905 064901.540 INFO             PET0 ESMF_LAPACK                 : enabled
20220905 064901.540 INFO             PET0 ESMF_NETCDF                 : enabled
20220905 064901.540 INFO             PET0 ESMF_PNETCDF                : disabled
20220905 064901.540 INFO             PET0 ESMF_PIO                    : enabled
20220905 064901.540 INFO             PET0 ESMF_YAMLCPP                : enabled
20220905 064901.541 INFO             PET0  NUMBER_OF_PROCESSORS           4
20220905 064901.541 INFO             PET0  PASS  Example ESMF_VMUserMpiCommMultiEx, ESMF_VMUserMpiCommMultiEx.F90, line 126
20220905 064901.541 INFO             PET0 Finalizing ESMF
20220905 064901.540 INFO             PET0 !!!!!!!!!!!!!!!!!!!!!!!!!!!!!!!!!!!!!!!!!!!!!!!!!!!!!!
20220905 064901.540 INFO             PET0 !!! THE ESMF_LOG IS SET TO OUTPUT ALL LOG MESSAGES !!!
20220905 064901.540 INFO             PET0 !!!     THIS MAY CAUSE SLOWDOWN IN PERFORMANCE     !!!
20220905 064901.540 INFO             PET0 !!! FOR PRODUCTION RUNS, USE:                      !!!
20220905 064901.540 INFO             PET0 !!!                   ESMF_LOGKIND_Multi_On_Error  !!!
20220905 064901.540 INFO             PET0 !!!!!!!!!!!!!!!!!!!!!!!!!!!!!!!!!!!!!!!!!!!!!!!!!!!!!!
20220905 064901.540 INFO             PET0 Running with ESMF Version   : v8.3.1b05
20220905 064901.540 INFO             PET0 ESMF library build date/time: "Sep  5 2022" "05:40:33"
20220905 064901.540 INFO             PET0 ESMF library build location : /glade/scratch/dunlap/esmf-testing/intel_18.0.5_mpt_g_patch_8.3.1/esmf
20220905 064901.540 INFO             PET0 ESMF_COMM                   : mpt
20220905 064901.540 INFO             PET0 ESMF_MOAB                   : enabled
20220905 064901.540 INFO             PET0 ESMF_LAPACK                 : enabled
20220905 064901.540 INFO             PET0 ESMF_NETCDF                 : enabled
20220905 064901.540 INFO             PET0 ESMF_PNETCDF                : disabled
20220905 064901.540 INFO             PET0 ESMF_PIO                    : enabled
20220905 064901.540 INFO             PET0 ESMF_YAMLCPP                : enabled
20220905 064901.541 INFO             PET0  NUMBER_OF_PROCESSORS           4
20220905 064901.541 INFO             PET0  PASS  Example ESMF_VMUserMpiCommMultiEx, ESMF_VMUserMpiCommMultiEx.F90, line 154
20220905 064901.541 INFO             PET0 Finalizing ESMF
20220905 064901.540 INFO             PET1 !!!!!!!!!!!!!!!!!!!!!!!!!!!!!!!!!!!!!!!!!!!!!!!!!!!!!!
20220905 064901.540 INFO             PET1 !!! THE ESMF_LOG IS SET TO OUTPUT ALL LOG MESSAGES !!!
20220905 064901.540 INFO             PET1 !!!     THIS MAY CAUSE SLOWDOWN IN PERFORMANCE     !!!
20220905 064901.540 INFO             PET1 !!! FOR PRODUCTION RUNS, USE:                      !!!
20220905 064901.540 INFO             PET1 !!!                   ESMF_LOGKIND_Multi_On_Error  !!!
20220905 064901.540 INFO             PET1 !!!!!!!!!!!!!!!!!!!!!!!!!!!!!!!!!!!!!!!!!!!!!!!!!!!!!!
20220905 064901.540 INFO             PET1 Running with ESMF Version   : v8.3.1b05
20220905 064901.540 INFO             PET1 ESMF library build date/time: "Sep  5 2022" "05:40:33"
20220905 064901.540 INFO             PET1 ESMF library build location : /glade/scratch/dunlap/esmf-testing/intel_18.0.5_mpt_g_patch_8.3.1/esmf
20220905 064901.540 INFO             PET1 ESMF_COMM                   : mpt
20220905 064901.540 INFO             PET1 ESMF_MOAB                   : enabled
20220905 064901.540 INFO             PET1 ESMF_LAPACK                 : enabled
20220905 064901.540 INFO             PET1 ESMF_NETCDF                 : enabled
20220905 064901.540 INFO             PET1 ESMF_PNETCDF                : disabled
20220905 064901.540 INFO             PET1 ESMF_PIO                    : enabled
20220905 064901.540 INFO             PET1 ESMF_YAMLCPP                : enabled
20220905 064901.541 INFO             PET1  NUMBER_OF_PROCESSORS           4
20220905 064901.541 INFO             PET1  PASS  Example ESMF_VMUserMpiCommMultiEx, ESMF_VMUserMpiCommMultiEx.F90, line 126
20220905 064901.541 INFO             PET1 Finalizing ESMF
20220905 064901.540 INFO             PET1 !!!!!!!!!!!!!!!!!!!!!!!!!!!!!!!!!!!!!!!!!!!!!!!!!!!!!!
20220905 064901.540 INFO             PET1 !!! THE ESMF_LOG IS SET TO OUTPUT ALL LOG MESSAGES !!!
20220905 064901.540 INFO             PET1 !!!     THIS MAY CAUSE SLOWDOWN IN PERFORMANCE     !!!
20220905 064901.540 INFO             PET1 !!! FOR PRODUCTION RUNS, USE:                      !!!
20220905 064901.540 INFO             PET1 !!!                   ESMF_LOGKIND_Multi_On_Error  !!!
20220905 064901.540 INFO             PET1 !!!!!!!!!!!!!!!!!!!!!!!!!!!!!!!!!!!!!!!!!!!!!!!!!!!!!!
20220905 064901.540 INFO             PET1 Running with ESMF Version   : v8.3.1b05
20220905 064901.540 INFO             PET1 ESMF library build date/time: "Sep  5 2022" "05:40:33"
20220905 064901.540 INFO             PET1 ESMF library build location : /glade/scratch/dunlap/esmf-testing/intel_18.0.5_mpt_g_patch_8.3.1/esmf
20220905 064901.540 INFO             PET1 ESMF_COMM                   : mpt
20220905 064901.540 INFO             PET1 ESMF_MOAB                   : enabled
20220905 064901.540 INFO             PET1 ESMF_LAPACK                 : enabled
20220905 064901.540 INFO             PET1 ESMF_NETCDF                 : enabled
20220905 064901.540 INFO             PET1 ESMF_PNETCDF                : disabled
20220905 064901.540 INFO             PET1 ESMF_PIO                    : enabled
20220905 064901.540 INFO             PET1 ESMF_YAMLCPP                : enabled
20220905 064901.541 INFO             PET1  NUMBER_OF_PROCESSORS           4
20220905 064901.541 INFO             PET1  PASS  Example ESMF_VMUserMpiCommMultiEx, ESMF_VMUserMpiCommMultiEx.F90, line 154
20220905 064901.541 INFO             PET1 Finalizing ESMF
