2022-09-20 09:31:05
 NUOPC_DriverPrint for PET:            0
   Model, Mediator, and Driver components, in the order
   that they were added to the Driver:
            1 :  ATM
            2 :  OCN
            3 :  MED
   Connector components, in the order
   that they were added to the Driver:
            1 :  OCN-TO-MED
            2 :  MED-TO-OCN
            3 :  MED-TO-ATM
            4 :  ATM-TO-MED
NUOPC_RunSequenceArrayPrint: element     1 out of      2
runSeq::
 runElementPrint:      2     3     1 F T
 runElementPrint:      3    -1     1 F T
 runElementPrint:      3     2     1 F T
 runElementPrint:      2    -1     1 F T
 runElementPrint:     -2     0     0 F T
 runElementPrint:     -1    -1     0 F F
::
NUOPC_RunSequenceArrayPrint: element     2 out of      2
runSeq::
 runElementPrint:      3    -1     2 F T
 runElementPrint:      3     1     1 F T
 runElementPrint:      1    -1     1 F T
 runElementPrint:      1     3     1 F T
 runElementPrint:      3    -1     3 F T
 runElementPrint:     -2    -1     0 F F
::
 NUOPC_DriverPrint for PET:            1
   Model, Mediator, and Driver components, in the order
   that they were added to the Driver:
            1 :  ATM
            2 :  OCN
            3 :  MED
   Connector components, in the order
   that they were added to the Driver:
            1 :  OCN-TO-MED
            2 :  MED-TO-OCN
            3 :  MED-TO-ATM
            4 :  ATM-TO-MED
NUOPC_RunSequenceArrayPrint: element     1 out of      2
runSeq::
 runElementPrint:      2     3     1 F T
 runElementPrint:      3    -1     1 F T
 runElementPrint:      3     2     1 F T
 runElementPrint:      2    -1     1 F T
 runElementPrint:     -2     0     0 F T
 runElementPrint:     -1    -1     0 F F
::
NUOPC_RunSequenceArrayPrint: element     2 out of      2
runSeq::
 runElementPrint:      3    -1     2 F T
 runElementPrint:      3     1     1 F T
 runElementPrint:      1    -1     1 F T
 runElementPrint:      1     3     1 F T
 runElementPrint:      3    -1     3 F T
 runElementPrint:     -2    -1     0 F F
::
 NUOPC_DriverPrint for PET:            2
   Model, Mediator, and Driver components, in the order
   that they were added to the Driver:
            1 :  ATM
            2 :  OCN
            3 :  MED
   Connector components, in the order
   that they were added to the Driver:
            1 :  OCN-TO-MED
            2 :  MED-TO-OCN
            3 :  MED-TO-ATM
            4 :  ATM-TO-MED
NUOPC_RunSequenceArrayPrint: element     1 out of      2
runSeq::
 runElementPrint:      2     3     1 F T
 runElementPrint:      3    -1     1 F T
 runElementPrint:      3     2     1 F T
 runElementPrint:      2    -1     1 F T
 runElementPrint:     -2     0     0 F T
 runElementPrint:     -1    -1     0 F F
::
NUOPC_RunSequenceArrayPrint: element     2 out of      2
runSeq::
 runElementPrint:      3    -1     2 F T
 runElementPrint:      3     1     1 F T
 runElementPrint:      1    -1     1 F T
 runElementPrint:      1     3     1 F T
 runElementPrint:      3    -1     3 F T
 runElementPrint:     -2    -1     0 F F
::
 NUOPC_DriverPrint for PET:            3
   Model, Mediator, and Driver components, in the order
   that they were added to the Driver:
            1 :  ATM
            2 :  OCN
            3 :  MED
   Connector components, in the order
   that they were added to the Driver:
            1 :  OCN-TO-MED
            2 :  MED-TO-OCN
            3 :  MED-TO-ATM
            4 :  ATM-TO-MED
NUOPC_RunSequenceArrayPrint: element     1 out of      2
runSeq::
 runElementPrint:      2     3     1 F T
 runElementPrint:      3    -1     1 F T
 runElementPrint:      3     2     1 F T
 runElementPrint:      2    -1     1 F T
 runElementPrint:     -2     0     0 F T
 runElementPrint:     -1    -1     0 F F
::
NUOPC_RunSequenceArrayPrint: element     2 out of      2
runSeq::
 runElementPrint:      3    -1     2 F T
 runElementPrint:      3     1     1 F T
 runElementPrint:      1    -1     1 F T
 runElementPrint:      1     3     1 F T
 runElementPrint:      3    -1     3 F T
 runElementPrint:     -2    -1     0 F F
::
MPT ERROR: Rank 1(g:1) received signal SIGSEGV(11).
	Process ID: 58093, Host: r3i0n9, Program: /glade/scratch/dunlap/esmf-testing/nvhpc_22.2_mpt_g_develop/nuopc-app-prototypes/AtmOcnMedPetListTimescalesSplitFastProto/esmApp
	MPT Version: HPE MPT 2.25  08/14/21 03:05:20

MPT: --------stack traceback-------
MPT: Attaching to program: /proc/58093/exe, process 58093
MPT: (No debugging symbols found in /usr/lib64/gcc/x86_64-suse-linux/4.8/../../../../lib64/libcurl.so.4)
MPT: [Thread debugging using libthread_db enabled]
MPT: Using host libthread_db library "/glade/u/apps/ch/os/lib64/libthread_db.so.1".
MPT: (No debugging symbols found in /glade/u/apps/opt/nvhpc/22.2/Linux_x86_64/22.2/compilers/lib/libnvhpcatm.so)
MPT: (No debugging symbols found in /usr/lib64/gcc/x86_64-suse-linux/4.8/../../../../lib64/libstdc++.so.6)
MPT: (No debugging symbols found in /glade/u/apps/opt/nvhpc/22.2/Linux_x86_64/22.2/compilers/lib/libnvf.so)
MPT: (No debugging symbols found in /glade/u/apps/opt/nvhpc/22.2/Linux_x86_64/22.2/compilers/lib/libnvcpumath.so)
MPT: (No debugging symbols found in /glade/u/apps/opt/nvhpc/22.2/Linux_x86_64/22.2/compilers/lib/libnvc.so)
MPT: Missing separate debuginfo for /glade/u/apps/ch/os/lib64/libgcc_s.so.1
MPT: Try: zypper install -C "debuginfo(build-id)=c7e890ab90e29cffd785bf25e7d90f2f0af3a102"
MPT: (No debugging symbols found in /glade/u/apps/ch/os/lib64/libgcc_s.so.1)
MPT: (No debugging symbols found in /usr/lib64/gcc/x86_64-suse-linux/4.8/../../../../lib64/libatomic.so.1)
MPT: (No debugging symbols found in /usr/lib64/gcc/x86_64-suse-linux/4.8/../../../../lib64/libnghttp2.so.14)
MPT: (No debugging symbols found in /usr/lib64/gcc/x86_64-suse-linux/4.8/../../../../lib64/libssh.so.4)
MPT: Missing separate debuginfo for /glade/u/apps/ch/os/lib64/libssl.so.1.0.0
MPT: Try: zypper install -C "debuginfo(build-id)=7607ed9b6a82bfaecf5318ac9d65cae5a22865ef"
MPT: (No debugging symbols found in /glade/u/apps/ch/os/lib64/libssl.so.1.0.0)
MPT: Missing separate debuginfo for /glade/u/apps/ch/os/lib64/libcrypto.so.1.0.0
MPT: Try: zypper install -C "debuginfo(build-id)=63a385acb8b045f7cfa7b53e2d9bfb745edc1693"
MPT: (No debugging symbols found in /glade/u/apps/ch/os/lib64/libcrypto.so.1.0.0)
MPT: (No debugging symbols found in /usr/lib64/gcc/x86_64-suse-linux/4.8/../../../../lib64/libgssapi_krb5.so.2)
MPT: (No debugging symbols found in /usr/lib64/gcc/x86_64-suse-linux/4.8/../../../../lib64/libldap-2.4.so.2)
MPT: (No debugging symbols found in /usr/lib64/gcc/x86_64-suse-linux/4.8/../../../../lib64/liblber-2.4.so.2)
MPT: (No debugging symbols found in /usr/lib64/gcc/x86_64-suse-linux/4.8/../../../../lib64/libkrb5.so.3)
MPT: (No debugging symbols found in /usr/lib64/gcc/x86_64-suse-linux/4.8/../../../../lib64/libk5crypto.so.3)
MPT: (No debugging symbols found in /usr/lib64/gcc/x86_64-suse-linux/4.8/../../../../lib64/libcom_err.so.2)
MPT: (No debugging symbols found in /usr/lib64/gcc/x86_64-suse-linux/4.8/../../../../lib64/libkrb5support.so.0)
MPT: (No debugging symbols found in /usr/lib64/gcc/x86_64-suse-linux/4.8/../../../../lib64/libsasl2.so.3)
MPT: Missing separate debuginfo for /glade/u/apps/ch/os/lib64/libkeyutils.so.1
MPT: Try: zypper install -C "debuginfo(build-id)=8982882fa17c60fed02166f229335a9d0eaf77c9"
MPT: (No debugging symbols found in /glade/u/apps/ch/os/lib64/libkeyutils.so.1)
MPT: Missing separate debuginfo for /glade/u/apps/ch/os/lib64/libselinux.so.1
MPT: Try: zypper install -C "debuginfo(build-id)=0627d20b9e481e6a9c6fcacaf8e3f5c2318529cf"
MPT: (No debugging symbols found in /glade/u/apps/ch/os/lib64/libselinux.so.1)
MPT: (No debugging symbols found in /usr/lib64/gcc/x86_64-suse-linux/4.8/../../../../lib64/libpcre.so.1)
MPT: (No debugging symbols found in /usr/lib64/gcc/x86_64-suse-linux/4.8/../../../../lib64/libibverbs.so.1)
MPT: (No debugging symbols found in /usr/lib64/gcc/x86_64-suse-linux/4.8/../../../../lib64/libnl-route-3.so.200)
MPT: (No debugging symbols found in /usr/lib64/gcc/x86_64-suse-linux/4.8/../../../../lib64/libnl-3.so.200)
MPT: (No debugging symbols found in /usr/lib64/gcc/x86_64-suse-linux/4.8/../../../../lib64/libmlx5.so.1)
MPT: 0x00002b2050fe67da in __waitpid (pid=pid@entry=58096, 
MPT:     stat_loc=stat_loc@entry=0x7ffc345a1620, options=options@entry=0)
MPT:     at ../sysdeps/unix/sysv/linux/waitpid.c:29
MPT: 29	../sysdeps/unix/sysv/linux/waitpid.c: No such file or directory.
MPT: Missing separate debuginfos, use: zypper install krb5-debuginfo-1.12.5-40.37.7.x86_64 libatomic1-debuginfo-9.3.1+git1296-1.7.2.x86_64 libcom_err2-debuginfo-1.43.8-3.14.1.x86_64 libcurl4-debuginfo-7.60.0-4.15.2.x86_64 libibverbs-debuginfo-41mlnx1-OFED.4.7.0.0.2.47329.x86_64 libldap-2_4-2-debuginfo-2.4.41-18.71.2.x86_64 libmlx5-debuginfo-41mlnx1-OFED.4.7.0.3.3.47329.x86_64 libnghttp2-14-debuginfo-1.7.1-1.84.x86_64 libnl3-200-debuginfo-3.2.23-2.21.x86_64 libpcre1-debuginfo-8.39-8.3.1.x86_64 libsasl2-3-debuginfo-2.1.26-8.10.1.x86_64 libssh4-debuginfo-0.6.3-12.12.1.x86_64 libstdc++6-debuginfo-9.3.1+git1296-1.7.2.x86_64
MPT: (gdb) #0  0x00002b2050fe67da in __waitpid (pid=pid@entry=58096, 
MPT:     stat_loc=stat_loc@entry=0x7ffc345a1620, options=options@entry=0)
MPT:     at ../sysdeps/unix/sysv/linux/waitpid.c:29
MPT: #1  0x00002b205132bc66 in mpi_sgi_system (
MPT: #2  MPI_SGI_stacktraceback (
MPT:     header=header@entry=0x7ffc345a1c50 "MPT ERROR: Rank 1(g:1) received signal SIGSEGV(11).\n\tProcess ID: 58093, Host: r3i0n9, Program: /glade/scratch/dunlap/esmf-testing/nvhpc_22.2_mpt_g_develop/nuopc-app-prototypes/AtmOcnMedPetListTimescal"...) at sig.c:340
MPT: #3  0x00002b205132be66 in first_arriver_handler (signo=signo@entry=11, 
MPT:     stack_trace_sem=stack_trace_sem@entry=0x2b20581e0080) at sig.c:489
MPT: #4  0x00002b205132c0f3 in slave_sig_handler (signo=11, 
MPT:     siginfo=<optimized out>, extra=<optimized out>) at sig.c:565
MPT: #5  <signal handler called>
MPT: #6  0x00002b204d1a3a34 in ESMCI::LogErr::MsgFoundError (rcToCheck=0, 
MPT:     msg=0x2b204ef3c9bc <.S70839> "Internal subroutine call returned Error", 
MPT:     LINE=1755, FILE=0x2b204ef3c9ac <.S70841> "ESMCI_MeshCap.C", 
MPT:     method=0x2b204ef3c836 <.S71197> "MeshCap::meshcreatenodedistgrid()", 
MPT:     rcToReturn=0x4f1b591)
MPT:     at /glade/scratch/dunlap/esmf-testing/nvhpc_22.2_mpt_g_develop/esmf/src/Infrastructure/LogErr/src/ESMCI_LogErr.C:586
MPT: #7  0x00002b204d3c513f in ESMCI::MeshCap::meshcreatenodedistgrid (
MPT:     rc=0x4f1b591)
MPT:     at /glade/scratch/dunlap/esmf-testing/nvhpc_22.2_mpt_g_develop/esmf/src/Infrastructure/Mesh/src/ESMCI_MeshCap.C:1754
MPT: #8  0x00002b204d418381 in c_esmc_meshcreatenodedistgrid_ (
MPT:     meshpp=0x7ffc345a2a60, rc=0x7ffc345a28cc)
MPT:     at /glade/scratch/dunlap/esmf-testing/nvhpc_22.2_mpt_g_develop/esmf/src/Infrastructure/Mesh/interface/ESMCI_Mesh_F.C:247
MPT: #9  0x00002b204e0fb8ed in esmf_meshmod::esmf_meshcreatefrompointer (
MPT:     mesh_pointer=..., 
MPT:     rc=<error reading variable: Cannot access memory at address 0x0>)
MPT:     at /glade/scratch/dunlap/esmf-testing/nvhpc_22.2_mpt_g_develop/esmf/src/Infrastructure/Mesh/interface/ESMF_Mesh.F90:3091
MPT: #10 0x00002b204df5732d in esmf_gridutilmod::esmf_gridtomesh (grid=..., 
MPT:     staggerloc=..., issphere=0, islatlondeg=.FALSE., maskvalues=..., 
MPT:     regridconserve=..., rc=878328268)
MPT:     at /glade/scratch/dunlap/esmf-testing/nvhpc_22.2_mpt_g_develop/esmf/src/Infrastructure/GridUtil/interface/ESMF_GridUtil.F90:453
MPT: #11 0x00002b204de16be8 in esmf_fieldregridmod::b_or_p_gridtomesh (grid=..., 
MPT:     staggerloc=..., maskvalues=..., turnedonmeshnodemask=.FALSE., rc=18)
MPT:     at /glade/scratch/dunlap/esmf-testing/nvhpc_22.2_mpt_g_develop/esmf/src/Infrastructure/Field/src/ESMF_FieldRegrid.F90:3228
MPT: #12 0x00002b204de1209e in esmf_fieldregridmod::getmeshwithnodesonfieldloc (
MPT:     field=..., maskvalues=..., createdtmpmesh=.FALSE., mesh=..., 
MPT:     turnedonmeshnodemask=.FALSE., rc=0)
MPT:     at /glade/scratch/dunlap/esmf-testing/nvhpc_22.2_mpt_g_develop/esmf/src/Infrastructure/Field/src/ESMF_FieldRegrid.F90:1346
MPT: #13 0x00002b204de0fbc1 in esmf_fieldregridmod::esmf_fieldregridstorenx (
MPT:     srcfield=..., dstfield=..., keywordenforcer=..., srcmaskvalues=..., 
MPT:     dstmaskvalues=..., regridmethod=..., polemethod=..., 
MPT:     regridpolenpnts=878348916, linetype=..., normtype=..., extrapmethod=..., 
MPT:     extrapnumsrcpnts=878354468, extrapdistexponent=2.03610853e-07, 
MPT:     extrapnumlevels=878354460, unmappedaction=..., 
MPT:     ignoredegenerate=878351348, srctermprocessing=878345784, 
MPT:     pipelinedepth=878345748, routehandle=..., factorlist=0x7ffc345acd50, 
MPT:     factorindexlist=0x7ffc345accc8, weights=0x0, indices=0x0, 
MPT:     srcfracfield=..., dstfracfield=..., dststatusfield=..., 
MPT:     unmappeddstlist=0x0, checkflag=.FALSE., rc=878364628)
MPT:     at /glade/scratch/dunlap/esmf-testing/nvhpc_22.2_mpt_g_develop/esmf/src/Infrastructure/Field/src/ESMF_FieldRegrid.F90:971
MPT: #14 0x00002b204e56f086 in nuopc_connector::fieldbundlecplstore (srcfb=..., 
MPT:     dstfb=..., cpllist=..., rh=..., zeroregions=0x2b22050, 
MPT:     termorders=0x2b458a0, name=..., rc=878423396)
MPT:     at /glade/scratch/dunlap/esmf-testing/nvhpc_22.2_mpt_g_develop/esmf/src/addon/NUOPC/src/NUOPC_Connector.F90:7919
MPT: #15 0x00002b204e549a35 in nuopc_connector::initializeipdv05p6b (
MPT:     connector=..., importstate=..., exportstate=..., clock=..., rc=0)
MPT:     at /glade/scratch/dunlap/esmf-testing/nvhpc_22.2_mpt_g_develop/esmf/src/addon/NUOPC/src/NUOPC_Connector.F90:5386
MPT: #16 0x00002b204cfefbfc in ESMCI::FTable::callVFuncPtr (
MPT:     name=0x2b10730 "InitializeIC07P", vm_pointer=0x2a3f980, 
MPT:     userrc=0x7ffc345bad64)
MPT:     at /glade/scratch/dunlap/esmf-testing/nvhpc_22.2_mpt_g_develop/esmf/src/Superstructure/Component/src/ESMCI_FTable.C:2167
MPT: #17 0x00002b204cfeae53 in ESMCI_FTableCallEntryPointVMHop (vm=0x2a3f980, 
MPT:     cargoCast=0x2b10730)
MPT:     at /glade/scratch/dunlap/esmf-testing/nvhpc_22.2_mpt_g_develop/esmf/src/Superstructure/Component/src/ESMCI_FTable.C:824
MPT: #18 0x00002b204d84673b in ESMCI::VMK::enter (vmp=0x2a3e950, arg=0x2a42cf0, 
MPT:     argvmkt=0x2b10730)
MPT:     at /glade/scratch/dunlap/esmf-testing/nvhpc_22.2_mpt_g_develop/esmf/src/Infrastructure/VM/src/ESMCI_VMKernel.C:2318
MPT: #19 0x00002b204d86f87e in ESMCI::VM (vmp=0x2a3e950, info=0x2a42cf0, 
MPT:     cargo=0x2b10730)
MPT:     at /glade/scratch/dunlap/esmf-testing/nvhpc_22.2_mpt_g_develop/esmf/src/Infrastructure/VM/src/ESMCI_VM.C:1216
MPT: #20 0x00002b204cfeb313 in c_esmc_ftablecallentrypointvm_ (f90comp=0x2a411d0, 
MPT:     ptr_vm_parent=0x2a412f8, ptr_vmplan=0x2a413a0, vm_info=0x2a413b0, 
MPT:     vm_cargo=0x2a413b8, ptr=0x2a40740, 
MPT:     method=0x2b204fe4d128 <_esmf_compmod_8_+40>, phase=0x7ffc345bb09c, 
MPT:     port=0x7ffc345bb098, timeout=0x7ffc345bb094, recursionCount=0x2a413c0, 
MPT:     rc=0x7ffc345bb0bc)
MPT:     at /glade/scratch/dunlap/esmf-testing/nvhpc_22.2_mpt_g_develop/esmf/src/Superstructure/Component/src/ESMCI_FTable.C:981
MPT: #21 0x00002b204db9b7f0 in esmf_compmod::esmf_compexecute (compp=0x2a40740, 
MPT:     method=..., importstate=..., exportstate=..., clock=..., 
MPT:     syncflag=<error reading variable: Cannot access memory at address 0x0>, 
MPT:     phase=878436380, port=0, timeout=878425028, userrc=878433180, 
MPT:     rc=878425124)
MPT:     at /glade/scratch/dunlap/esmf-testing/nvhpc_22.2_mpt_g_develop/esmf/src/Superstructure/Component/src/ESMF_Comp.F90:1223
MPT: #22 0x00002b204dbb49de in esmf_cplcompmod::esmf_cplcompinitialize (
MPT:     cplcomp=..., keywordenforcer=..., importstate=..., exportstate=..., 
MPT:     clock=..., 
MPT:     syncflag=<error reading variable: Cannot access memory at address 0x0>, 
MPT:     phase=878436380, timeout=0, timeoutflag=.FALSE., userrc=878433180, 
MPT:     rc=878496676)
MPT:     at /glade/scratch/dunlap/esmf-testing/nvhpc_22.2_mpt_g_develop/esmf/src/Superstructure/Component/src/ESMF_CplComp.F90:1165
MPT: #23 0x00002b204e5a0663 in nuopc_driver::loopconnectorcompss (driver=..., 
MPT:     phasestring=..., 
MPT:     execflag=<error reading variable: Cannot access memory at address 0x0>, 
MPT:     rc=18)
MPT:     at /glade/scratch/dunlap/esmf-testing/nvhpc_22.2_mpt_g_develop/esmf/src/addon/NUOPC/src/NUOPC_Driver.F90:2869
MPT: #24 0x00002b204e593e42 in nuopc_driver::initializeipdv02p3 (driver=..., 
MPT:     importstate=..., exportstate=..., clock=..., rc=18)
MPT:     at /glade/scratch/dunlap/esmf-testing/nvhpc_22.2_mpt_g_develop/esmf/src/addon/NUOPC/src/NUOPC_Driver.F90:2020
MPT: #25 0x00002b204e578ae0 in nuopc_driver::initializegeneric (driver=..., 
MPT:     importstate=..., exportstate=..., clock=..., rc=18)
MPT:     at /glade/scratch/dunlap/esmf-testing/nvhpc_22.2_mpt_g_develop/esmf/src/addon/NUOPC/src/NUOPC_Driver.F90:479
MPT: #26 0x00002b204cfefbfc in ESMCI::FTable::callVFuncPtr (
MPT:     name=0x27bdde0 "InitializeIC01P", vm_pointer=0x27bd790, 
MPT:     userrc=0x7ffc345ccba4)
MPT:     at /glade/scratch/dunlap/esmf-testing/nvhpc_22.2_mpt_g_develop/esmf/src/Superstructure/Component/src/ESMCI_FTable.C:2167
MPT: #27 0x00002b204cfeae53 in ESMCI_FTableCallEntryPointVMHop (vm=0x27bd790, 
MPT:     cargoCast=0x27bdde0)
MPT:     at /glade/scratch/dunlap/esmf-testing/nvhpc_22.2_mpt_g_develop/esmf/src/Superstructure/Component/src/ESMCI_FTable.C:824
MPT: #28 0x00002b204d84673b in ESMCI::VMK::enter (vmp=0x27bc940, arg=0x27bd9b0, 
MPT:     argvmkt=0x27bdde0)
MPT:     at /glade/scratch/dunlap/esmf-testing/nvhpc_22.2_mpt_g_develop/esmf/src/Infrastructure/VM/src/ESMCI_VMKernel.C:2318
MPT: #29 0x00002b204d86f87e in ESMCI::VM (vmp=0x27bc940, info=0x27bd9b0, 
MPT:     cargo=0x27bdde0)
MPT:     at /glade/scratch/dunlap/esmf-testing/nvhpc_22.2_mpt_g_develop/esmf/src/Infrastructure/VM/src/ESMCI_VM.C:1216
MPT: #30 0x00002b204cfeb313 in c_esmc_ftablecallentrypointvm_ (f90comp=0x2823920, 
MPT:     ptr_vm_parent=0x2823a48, ptr_vmplan=0x2823af0, vm_info=0x2823b00, 
MPT:     vm_cargo=0x2823b08, ptr=0x2822e90, 
MPT:     method=0x2b204fe4d128 <_esmf_compmod_8_+40>, phase=0x7ffc345ccedc, 
MPT:     port=0x7ffc345cced8, timeout=0x7ffc345cced4, recursionCount=0x2823b10, 
MPT:     rc=0x7ffc345ccefc)
MPT:     at /glade/scratch/dunlap/esmf-testing/nvhpc_22.2_mpt_g_develop/esmf/src/Superstructure/Component/src/ESMCI_FTable.C:981
MPT: #31 0x00002b204db9b7f0 in esmf_compmod::esmf_compexecute (compp=0x2822e90, 
MPT:     method=..., 
MPT:     importstate=<error reading variable: Cannot access memory at address 0x0>, exportstate=<error reading variable: Cannot access memory at address 0x0>, 
MPT:     clock=<error reading variable: Cannot access memory at address 0x0>, 
MPT:     syncflag=<error reading variable: Cannot access memory at address 0x0>, 
MPT:     phase=0, port=0, timeout=878498308, userrc=878498828, rc=878498404)
MPT:     at /glade/scratch/dunlap/esmf-testing/nvhpc_22.2_mpt_g_develop/esmf/src/Superstructure/Component/src/ESMF_Comp.F90:1223
MPT: #32 0x00002b204de75d1e in esmf_gridcompmod::esmf_gridcompinitialize (
MPT:     gridcomp=..., keywordenforcer=..., 
MPT:     importstate=<error reading variable: Cannot access memory at address 0x0>, exportstate=<error reading variable: Cannot access memory at address 0x0>, 
MPT:     clock=<error reading variable: Cannot access memory at address 0x0>, 
MPT:     syncflag=<error reading variable: Cannot access memory at address 0x0>, 
MPT:     phase=0, timeout=0, timeoutflag=.FALSE., userrc=878498828, rc=878499116)
MPT:     at /glade/scratch/dunlap/esmf-testing/nvhpc_22.2_mpt_g_develop/esmf/src/Superstructure/Component/src/ESMF_GridComp.F90:1412
MPT: #33 0x0000000000407726 in esmapp () at esmApp.F90:58
MPT: #34 0x00000000004071f3 in main ()
MPT: #35 0x00002b2053948a35 in __libc_start_main (main=0x4071c0 <main>, argc=1, 
MPT:     argv=0x7ffc345cd638, init=<optimized out>, fini=<optimized out>, 
MPT:     rtld_fini=<optimized out>, stack_end=0x7ffc345cd628) at libc-start.c:289
MPT: #36 0x00000000004070e9 in _start () at ../sysdeps/x86_64/start.S:118
MPT: (gdb) A debugging session is active.
MPT: 
MPT: 	Inferior 1 [process 58093] will be detached.
MPT: 
MPT: Quit anyway? (y or n) [answered Y; input not from terminal]
MPT: Detaching from program: /proc/58093/exe, process 58093
MPT: [Inferior 1 (process 58093) detached]

MPT: -----stack traceback ends-----
MPT: On host r3i0n9, Program /glade/scratch/dunlap/esmf-testing/nvhpc_22.2_mpt_g_develop/nuopc-app-prototypes/AtmOcnMedPetListTimescalesSplitFastProto/esmApp, Rank 1, Process 58093: Dumping core on signal SIGSEGV(11) into directory /glade/scratch/dunlap/esmf-testing/nvhpc_22.2_mpt_g_develop/nuopc-app-prototypes/AtmOcnMedPetListTimescalesSplitFastProto
MPT ERROR: MPI_COMM_WORLD rank 1 has terminated without calling MPI_Finalize()
	aborting job
MPT: Received signal 11
