2022-07-25 09:50:22
20220725 101902.582 INFO             PET0 !!!!!!!!!!!!!!!!!!!!!!!!!!!!!!!!!!!!!!!!!!!!!!!!!!!!!!
20220725 101902.582 INFO             PET0 !!! THE ESMF_LOG IS SET TO OUTPUT ALL LOG MESSAGES !!!
20220725 101902.582 INFO             PET0 !!!     THIS MAY CAUSE SLOWDOWN IN PERFORMANCE     !!!
20220725 101902.582 INFO             PET0 !!! FOR PRODUCTION RUNS, USE:                      !!!
20220725 101902.582 INFO             PET0 !!!                   ESMF_LOGKIND_Multi_On_Error  !!!
20220725 101902.582 INFO             PET0 !!!!!!!!!!!!!!!!!!!!!!!!!!!!!!!!!!!!!!!!!!!!!!!!!!!!!!
20220725 101902.582 INFO             PET0 Running with ESMF Version   : v8.4.0b07-1-g01938799a9
20220725 101902.582 INFO             PET0 ESMF library build date/time: "Jul 25 2022" "09:48:21"
20220725 101902.582 INFO             PET0 ESMF library build location : /glade/scratch/dunlap/esmf-testing/gfortran_7.4.0_openmpi_O_develop/esmf
20220725 101902.582 INFO             PET0 ESMF_COMM                   : openmpi
20220725 101902.582 INFO             PET0 ESMF_MOAB                   : enabled
20220725 101902.582 INFO             PET0 ESMF_LAPACK                 : enabled
20220725 101902.582 INFO             PET0 ESMF_NETCDF                 : enabled
20220725 101902.582 INFO             PET0 ESMF_PNETCDF                : disabled
20220725 101902.582 INFO             PET0 ESMF_PIO                    : enabled
20220725 101902.582 INFO             PET0 ESMF_YAMLCPP                : enabled
20220725 101902.584 INFO             PET0  NUMBER_OF_PROCESSORS           4
20220725 101902.584 INFO             PET0  PASS  Example ESMF_VMUserMpiCommMultiEx, ESMF_VMUserMpiCommMultiEx.F90, line 126
20220725 101902.584 INFO             PET0 Finalizing ESMF
20220725 101902.584 INFO             PET0 !!!!!!!!!!!!!!!!!!!!!!!!!!!!!!!!!!!!!!!!!!!!!!!!!!!!!!
20220725 101902.584 INFO             PET0 !!! THE ESMF_LOG IS SET TO OUTPUT ALL LOG MESSAGES !!!
20220725 101902.584 INFO             PET0 !!!     THIS MAY CAUSE SLOWDOWN IN PERFORMANCE     !!!
20220725 101902.584 INFO             PET0 !!! FOR PRODUCTION RUNS, USE:                      !!!
20220725 101902.584 INFO             PET0 !!!                   ESMF_LOGKIND_Multi_On_Error  !!!
20220725 101902.584 INFO             PET0 !!!!!!!!!!!!!!!!!!!!!!!!!!!!!!!!!!!!!!!!!!!!!!!!!!!!!!
20220725 101902.584 INFO             PET0 Running with ESMF Version   : v8.4.0b07-1-g01938799a9
20220725 101902.584 INFO             PET0 ESMF library build date/time: "Jul 25 2022" "09:48:21"
20220725 101902.584 INFO             PET0 ESMF library build location : /glade/scratch/dunlap/esmf-testing/gfortran_7.4.0_openmpi_O_develop/esmf
20220725 101902.584 INFO             PET0 ESMF_COMM                   : openmpi
20220725 101902.585 INFO             PET0 ESMF_MOAB                   : enabled
20220725 101902.585 INFO             PET0 ESMF_LAPACK                 : enabled
20220725 101902.585 INFO             PET0 ESMF_NETCDF                 : enabled
20220725 101902.585 INFO             PET0 ESMF_PNETCDF                : disabled
20220725 101902.585 INFO             PET0 ESMF_PIO                    : enabled
20220725 101902.585 INFO             PET0 ESMF_YAMLCPP                : enabled
20220725 101902.585 INFO             PET0  NUMBER_OF_PROCESSORS           4
20220725 101902.585 INFO             PET0  PASS  Example ESMF_VMUserMpiCommMultiEx, ESMF_VMUserMpiCommMultiEx.F90, line 154
20220725 101902.585 INFO             PET0 Finalizing ESMF
20220725 101902.584 INFO             PET1 !!!!!!!!!!!!!!!!!!!!!!!!!!!!!!!!!!!!!!!!!!!!!!!!!!!!!!
20220725 101902.584 INFO             PET1 !!! THE ESMF_LOG IS SET TO OUTPUT ALL LOG MESSAGES !!!
20220725 101902.584 INFO             PET1 !!!     THIS MAY CAUSE SLOWDOWN IN PERFORMANCE     !!!
20220725 101902.584 INFO             PET1 !!! FOR PRODUCTION RUNS, USE:                      !!!
20220725 101902.584 INFO             PET1 !!!                   ESMF_LOGKIND_Multi_On_Error  !!!
20220725 101902.584 INFO             PET1 !!!!!!!!!!!!!!!!!!!!!!!!!!!!!!!!!!!!!!!!!!!!!!!!!!!!!!
20220725 101902.584 INFO             PET1 Running with ESMF Version   : v8.4.0b07-1-g01938799a9
20220725 101902.584 INFO             PET1 ESMF library build date/time: "Jul 25 2022" "09:48:21"
20220725 101902.584 INFO             PET1 ESMF library build location : /glade/scratch/dunlap/esmf-testing/gfortran_7.4.0_openmpi_O_develop/esmf
20220725 101902.584 INFO             PET1 ESMF_COMM                   : openmpi
20220725 101902.584 INFO             PET1 ESMF_MOAB                   : enabled
20220725 101902.584 INFO             PET1 ESMF_LAPACK                 : enabled
20220725 101902.584 INFO             PET1 ESMF_NETCDF                 : enabled
20220725 101902.584 INFO             PET1 ESMF_PNETCDF                : disabled
20220725 101902.584 INFO             PET1 ESMF_PIO                    : enabled
20220725 101902.584 INFO             PET1 ESMF_YAMLCPP                : enabled
20220725 101902.584 INFO             PET1  NUMBER_OF_PROCESSORS           4
20220725 101902.584 INFO             PET1  PASS  Example ESMF_VMUserMpiCommMultiEx, ESMF_VMUserMpiCommMultiEx.F90, line 126
20220725 101902.584 INFO             PET1 Finalizing ESMF
20220725 101902.583 INFO             PET1 !!!!!!!!!!!!!!!!!!!!!!!!!!!!!!!!!!!!!!!!!!!!!!!!!!!!!!
20220725 101902.583 INFO             PET1 !!! THE ESMF_LOG IS SET TO OUTPUT ALL LOG MESSAGES !!!
20220725 101902.583 INFO             PET1 !!!     THIS MAY CAUSE SLOWDOWN IN PERFORMANCE     !!!
20220725 101902.583 INFO             PET1 !!! FOR PRODUCTION RUNS, USE:                      !!!
20220725 101902.583 INFO             PET1 !!!                   ESMF_LOGKIND_Multi_On_Error  !!!
20220725 101902.583 INFO             PET1 !!!!!!!!!!!!!!!!!!!!!!!!!!!!!!!!!!!!!!!!!!!!!!!!!!!!!!
20220725 101902.583 INFO             PET1 Running with ESMF Version   : v8.4.0b07-1-g01938799a9
20220725 101902.583 INFO             PET1 ESMF library build date/time: "Jul 25 2022" "09:48:21"
20220725 101902.583 INFO             PET1 ESMF library build location : /glade/scratch/dunlap/esmf-testing/gfortran_7.4.0_openmpi_O_develop/esmf
20220725 101902.583 INFO             PET1 ESMF_COMM                   : openmpi
20220725 101902.583 INFO             PET1 ESMF_MOAB                   : enabled
20220725 101902.583 INFO             PET1 ESMF_LAPACK                 : enabled
20220725 101902.583 INFO             PET1 ESMF_NETCDF                 : enabled
20220725 101902.583 INFO             PET1 ESMF_PNETCDF                : disabled
20220725 101902.583 INFO             PET1 ESMF_PIO                    : enabled
20220725 101902.583 INFO             PET1 ESMF_YAMLCPP                : enabled
20220725 101902.585 INFO             PET1  NUMBER_OF_PROCESSORS           4
20220725 101902.585 INFO             PET1  PASS  Example ESMF_VMUserMpiCommMultiEx, ESMF_VMUserMpiCommMultiEx.F90, line 154
20220725 101902.585 INFO             PET1 Finalizing ESMF
