2022-08-08 03:49:04
20220808 041955.886 INFO             PET0 !!!!!!!!!!!!!!!!!!!!!!!!!!!!!!!!!!!!!!!!!!!!!!!!!!!!!!
20220808 041955.886 INFO             PET0 !!! THE ESMF_LOG IS SET TO OUTPUT ALL LOG MESSAGES !!!
20220808 041955.886 INFO             PET0 !!!     THIS MAY CAUSE SLOWDOWN IN PERFORMANCE     !!!
20220808 041955.886 INFO             PET0 !!! FOR PRODUCTION RUNS, USE:                      !!!
20220808 041955.886 INFO             PET0 !!!                   ESMF_LOGKIND_Multi_On_Error  !!!
20220808 041955.886 INFO             PET0 !!!!!!!!!!!!!!!!!!!!!!!!!!!!!!!!!!!!!!!!!!!!!!!!!!!!!!
20220808 041955.886 INFO             PET0 Running with ESMF Version   : v8.3.0b17-30-g0de4558e1e
20220808 041955.886 INFO             PET0 ESMF library build date/time: "Aug  8 2022" "03:47:02"
20220808 041955.886 INFO             PET0 ESMF library build location : /glade/scratch/dunlap/esmf-testing/gfortran_9.1.0_openmpi_O_feature_large-messages/esmf
20220808 041955.886 INFO             PET0 ESMF_COMM                   : openmpi
20220808 041955.886 INFO             PET0 ESMF_MOAB                   : enabled
20220808 041955.886 INFO             PET0 ESMF_LAPACK                 : enabled
20220808 041955.886 INFO             PET0 ESMF_NETCDF                 : enabled
20220808 041955.886 INFO             PET0 ESMF_PNETCDF                : disabled
20220808 041955.886 INFO             PET0 ESMF_PIO                    : enabled
20220808 041955.886 INFO             PET0 ESMF_YAMLCPP                : enabled
20220808 041955.888 DEBUG            PET0 VMK::recv():4898, size=100 in 1 chunks
20220808 041955.888 DEBUG            PET0 VMK::send():4407, size=100 in 1 chunks
20220808 041955.888 DEBUG            PET0 VMK::recv():4898, size=400 in 1 chunks
20220808 041955.888 DEBUG            PET0 VMK::send():4407, size=400 in 1 chunks
20220808 041955.888 DEBUG            PET0 VMK::recv():4898, size=200 in 1 chunks
20220808 041955.888 DEBUG            PET0 VMK::send():4407, size=200 in 1 chunks
20220808 041955.888 DEBUG            PET0 VMK::recv():4898, size=100 in 1 chunks
20220808 041955.888 DEBUG            PET0 VMK::send():4407, size=100 in 1 chunks
20220808 041955.888 DEBUG            PET0 VMK::recv():4898, size=400 in 1 chunks
20220808 041955.888 DEBUG            PET0 VMK::send():4407, size=400 in 1 chunks
20220808 041955.888 DEBUG            PET0 VMK::recv():4898, size=200 in 1 chunks
20220808 041955.888 DEBUG            PET0 VMK::send():4407, size=200 in 1 chunks
20220808 041955.888 DEBUG            PET0 VMK::recv():4898, size=500 in 1 chunks
20220808 041955.888 DEBUG            PET0 VMK::send():4407, size=500 in 1 chunks
20220808 041955.888 DEBUG            PET0 VMK::recv():4898, size=4 in 1 chunks
20220808 041955.888 DEBUG            PET0 VMK::send():4407, size=4 in 1 chunks
20220808 041955.888 DEBUG            PET0 VMK::recv():4898, size=1100 in 1 chunks
20220808 041955.888 DEBUG            PET0 VMK::send():4407, size=1100 in 1 chunks
20220808 041955.888 DEBUG            PET0 VMK::recv():4898, size=500 in 1 chunks
20220808 041955.888 DEBUG            PET0 VMK::send():4407, size=500 in 1 chunks
20220808 041955.888 DEBUG            PET0 VMK::recv():4898, size=4 in 1 chunks
20220808 041955.888 DEBUG            PET0 VMK::send():4407, size=4 in 1 chunks
20220808 041955.888 DEBUG            PET0 VMK::recv():4898, size=1100 in 1 chunks
20220808 041955.888 DEBUG            PET0 VMK::send():4407, size=1100 in 1 chunks
20220808 041955.889 DEBUG            PET0 VMK::recv():4898, size=200 in 1 chunks
20220808 041955.889 DEBUG            PET0 VMK::send():4407, size=200 in 1 chunks
20220808 041955.889 DEBUG            PET0 VMK::recv():4898, size=200 in 1 chunks
20220808 041955.889 DEBUG            PET0 VMK::send():4407, size=200 in 1 chunks
20220808 041955.889 DEBUG            PET0 VMK::recv():4898, size=200 in 1 chunks
20220808 041955.889 DEBUG            PET0 VMK::send():4407, size=200 in 1 chunks
20220808 041955.889 DEBUG            PET0 VMK::recv():4898, size=200 in 1 chunks
20220808 041955.889 DEBUG            PET0 VMK::send():4407, size=200 in 1 chunks
20220808 041955.889 DEBUG            PET0 VMK::recv():4898, size=200 in 1 chunks
20220808 041955.889 DEBUG            PET0 VMK::send():4407, size=200 in 1 chunks
20220808 041955.889 DEBUG            PET0 VMK::recv():4898, size=200 in 1 chunks
20220808 041955.889 DEBUG            PET0 VMK::send():4407, size=200 in 1 chunks
20220808 041955.889 DEBUG            PET0 VMK::recv():4898, size=200 in 1 chunks
20220808 041955.889 DEBUG            PET0 VMK::send():4407, size=200 in 1 chunks
20220808 041955.889 DEBUG            PET0 VMK::recv():4898, size=200 in 1 chunks
20220808 041955.889 DEBUG            PET0 VMK::send():4407, size=200 in 1 chunks
20220808 041955.891 DEBUG            PET0 VMK::recv():4898, size=200 in 1 chunks
20220808 041955.891 DEBUG            PET0 VMK::send():4407, size=200 in 1 chunks
20220808 041955.891 DEBUG            PET0 VMK::recv():4898, size=200 in 1 chunks
20220808 041955.891 DEBUG            PET0 VMK::send():4407, size=200 in 1 chunks
20220808 041955.891 DEBUG            PET0 VMK::recv():4898, size=200 in 1 chunks
20220808 041955.891 DEBUG            PET0 VMK::send():4407, size=200 in 1 chunks
20220808 041955.891 DEBUG            PET0 VMK::recv():4898, size=200 in 1 chunks
20220808 041955.891 DEBUG            PET0 VMK::send():4407, size=200 in 1 chunks
20220808 041955.891 DEBUG            PET0 VMK::recv():4898, size=200 in 1 chunks
20220808 041955.891 DEBUG            PET0 VMK::send():4407, size=200 in 1 chunks
20220808 041955.891 DEBUG            PET0 VMK::recv():4898, size=200 in 1 chunks
20220808 041955.891 DEBUG            PET0 VMK::send():4407, size=200 in 1 chunks
20220808 041955.891 DEBUG            PET0 VMK::recv():4898, size=200 in 1 chunks
20220808 041955.891 DEBUG            PET0 VMK::send():4407, size=200 in 1 chunks
20220808 041955.891 DEBUG            PET0 VMK::recv():4898, size=200 in 1 chunks
20220808 041955.891 DEBUG            PET0 VMK::send():4407, size=200 in 1 chunks
20220808 041955.891 DEBUG            PET0 VMK::recv():4898, size=200 in 1 chunks
20220808 041955.891 DEBUG            PET0 VMK::send():4407, size=200 in 1 chunks
20220808 041955.891 DEBUG            PET0 VMK::recv():4898, size=200 in 1 chunks
20220808 041955.891 DEBUG            PET0 VMK::send():4407, size=200 in 1 chunks
20220808 041955.891 DEBUG            PET0 VMK::recv():4898, size=200 in 1 chunks
20220808 041955.891 DEBUG            PET0 VMK::send():4407, size=200 in 1 chunks
20220808 041955.891 DEBUG            PET0 VMK::recv():4898, size=200 in 1 chunks
20220808 041955.891 DEBUG            PET0 VMK::send():4407, size=200 in 1 chunks
20220808 041955.891 DEBUG            PET0 VMK::recv():4898, size=200 in 1 chunks
20220808 041955.891 DEBUG            PET0 VMK::send():4407, size=200 in 1 chunks
20220808 041955.891 DEBUG            PET0 VMK::recv():4898, size=200 in 1 chunks
20220808 041955.891 DEBUG            PET0 VMK::send():4407, size=200 in 1 chunks
20220808 041955.891 DEBUG            PET0 VMK::recv():4898, size=200 in 1 chunks
20220808 041955.891 DEBUG            PET0 VMK::send():4407, size=200 in 1 chunks
20220808 041955.891 DEBUG            PET0 VMK::recv():4898, size=200 in 1 chunks
20220808 041955.891 DEBUG            PET0 VMK::send():4407, size=200 in 1 chunks
20220808 041955.891 DEBUG            PET0 VMK::recv():4898, size=200 in 1 chunks
20220808 041955.891 DEBUG            PET0 VMK::send():4407, size=200 in 1 chunks
20220808 041955.891 DEBUG            PET0 VMK::recv():4898, size=200 in 1 chunks
20220808 041955.891 DEBUG            PET0 VMK::send():4407, size=200 in 1 chunks
20220808 041955.891 DEBUG            PET0 VMK::recv():4898, size=200 in 1 chunks
20220808 041955.891 DEBUG            PET0 VMK::send():4407, size=200 in 1 chunks
20220808 041955.892 DEBUG            PET0 VMK::recv():4898, size=200 in 1 chunks
20220808 041955.892 DEBUG            PET0 VMK::send():4407, size=200 in 1 chunks
20220808 041955.892 DEBUG            PET0 VMK::recv():4898, size=200 in 1 chunks
20220808 041955.892 DEBUG            PET0 VMK::send():4407, size=200 in 1 chunks
20220808 041955.892 DEBUG            PET0 VMK::recv():4898, size=200 in 1 chunks
20220808 041955.892 DEBUG            PET0 VMK::send():4407, size=200 in 1 chunks
20220808 041955.892 DEBUG            PET0 VMK::recv():4898, size=200 in 1 chunks
20220808 041955.892 DEBUG            PET0 VMK::send():4407, size=200 in 1 chunks
20220808 041955.892 DEBUG            PET0 VMK::recv():4898, size=800 in 1 chunks
20220808 041955.892 DEBUG            PET0 VMK::send():4407, size=800 in 1 chunks
20220808 041955.892 DEBUG            PET0 VMK::recv():4898, size=800 in 1 chunks
20220808 041955.892 DEBUG            PET0 VMK::send():4407, size=800 in 1 chunks
20220808 041955.892 DEBUG            PET0 VMK::recv():4898, size=800 in 1 chunks
20220808 041955.892 DEBUG            PET0 VMK::send():4407, size=800 in 1 chunks
20220808 041955.893 DEBUG            PET0 VMK::recv():4898, size=100 in 1 chunks
20220808 041955.893 DEBUG            PET0 VMK::send():4407, size=100 in 1 chunks
20220808 041955.893 DEBUG            PET0 VMK::recv():4898, size=400 in 1 chunks
20220808 041955.893 DEBUG            PET0 VMK::send():4407, size=400 in 1 chunks
20220808 041955.893 DEBUG            PET0 VMK::recv():4898, size=200 in 1 chunks
20220808 041955.893 DEBUG            PET0 VMK::send():4407, size=200 in 1 chunks
20220808 041955.893 DEBUG            PET0 VMK::recv():4898, size=100 in 1 chunks
20220808 041955.893 DEBUG            PET0 VMK::send():4407, size=100 in 1 chunks
20220808 041955.893 DEBUG            PET0 VMK::recv():4898, size=400 in 1 chunks
20220808 041955.893 DEBUG            PET0 VMK::send():4407, size=400 in 1 chunks
20220808 041955.893 DEBUG            PET0 VMK::recv():4898, size=200 in 1 chunks
20220808 041955.893 DEBUG            PET0 VMK::send():4407, size=200 in 1 chunks
20220808 041955.893 DEBUG            PET0 VMK::recv():4898, size=500 in 1 chunks
20220808 041955.893 DEBUG            PET0 VMK::send():4407, size=500 in 1 chunks
20220808 041955.893 DEBUG            PET0 VMK::recv():4898, size=4 in 1 chunks
20220808 041955.893 DEBUG            PET0 VMK::send():4407, size=4 in 1 chunks
20220808 041955.893 DEBUG            PET0 VMK::recv():4898, size=1100 in 1 chunks
20220808 041955.893 DEBUG            PET0 VMK::send():4407, size=1100 in 1 chunks
20220808 041955.893 DEBUG            PET0 VMK::recv():4898, size=500 in 1 chunks
20220808 041955.893 DEBUG            PET0 VMK::send():4407, size=500 in 1 chunks
20220808 041955.893 DEBUG            PET0 VMK::recv():4898, size=4 in 1 chunks
20220808 041955.893 DEBUG            PET0 VMK::send():4407, size=4 in 1 chunks
20220808 041955.893 DEBUG            PET0 VMK::recv():4898, size=1100 in 1 chunks
20220808 041955.893 DEBUG            PET0 VMK::send():4407, size=1100 in 1 chunks
20220808 041955.893 DEBUG            PET0 VMK::recv():4898, size=200 in 1 chunks
20220808 041955.893 DEBUG            PET0 VMK::send():4407, size=200 in 1 chunks
20220808 041955.893 DEBUG            PET0 VMK::recv():4898, size=200 in 1 chunks
20220808 041955.893 DEBUG            PET0 VMK::send():4407, size=200 in 1 chunks
20220808 041955.893 DEBUG            PET0 VMK::recv():4898, size=200 in 1 chunks
20220808 041955.893 DEBUG            PET0 VMK::send():4407, size=200 in 1 chunks
20220808 041955.893 DEBUG            PET0 VMK::recv():4898, size=200 in 1 chunks
20220808 041955.893 DEBUG            PET0 VMK::send():4407, size=200 in 1 chunks
20220808 041955.893 DEBUG            PET0 VMK::recv():4898, size=200 in 1 chunks
20220808 041955.893 DEBUG            PET0 VMK::send():4407, size=200 in 1 chunks
20220808 041955.893 DEBUG            PET0 VMK::recv():4898, size=200 in 1 chunks
20220808 041955.893 DEBUG            PET0 VMK::send():4407, size=200 in 1 chunks
20220808 041955.893 DEBUG            PET0 VMK::recv():4898, size=200 in 1 chunks
20220808 041955.893 DEBUG            PET0 VMK::send():4407, size=200 in 1 chunks
20220808 041955.893 DEBUG            PET0 VMK::recv():4898, size=200 in 1 chunks
20220808 041955.893 DEBUG            PET0 VMK::send():4407, size=200 in 1 chunks
20220808 041955.893 DEBUG            PET0 VMK::recv():4898, size=200 in 1 chunks
20220808 041955.893 DEBUG            PET0 VMK::send():4407, size=200 in 1 chunks
20220808 041955.893 DEBUG            PET0 VMK::recv():4898, size=200 in 1 chunks
20220808 041955.893 DEBUG            PET0 VMK::send():4407, size=200 in 1 chunks
20220808 041955.893 DEBUG            PET0 VMK::recv():4898, size=200 in 1 chunks
20220808 041955.893 DEBUG            PET0 VMK::send():4407, size=200 in 1 chunks
20220808 041955.893 DEBUG            PET0 VMK::recv():4898, size=200 in 1 chunks
20220808 041955.893 DEBUG            PET0 VMK::send():4407, size=200 in 1 chunks
20220808 041955.893 DEBUG            PET0 VMK::recv():4898, size=200 in 1 chunks
20220808 041955.893 DEBUG            PET0 VMK::send():4407, size=200 in 1 chunks
20220808 041955.893 DEBUG            PET0 VMK::recv():4898, size=200 in 1 chunks
20220808 041955.893 DEBUG            PET0 VMK::send():4407, size=200 in 1 chunks
20220808 041955.893 DEBUG            PET0 VMK::recv():4898, size=200 in 1 chunks
20220808 041955.893 DEBUG            PET0 VMK::send():4407, size=200 in 1 chunks
20220808 041955.893 DEBUG            PET0 VMK::recv():4898, size=200 in 1 chunks
20220808 041955.893 DEBUG            PET0 VMK::send():4407, size=200 in 1 chunks
20220808 041955.893 DEBUG            PET0 VMK::recv():4898, size=200 in 1 chunks
20220808 041955.893 DEBUG            PET0 VMK::send():4407, size=200 in 1 chunks
20220808 041955.893 DEBUG            PET0 VMK::recv():4898, size=200 in 1 chunks
20220808 041955.893 DEBUG            PET0 VMK::send():4407, size=200 in 1 chunks
20220808 041955.893 DEBUG            PET0 VMK::recv():4898, size=200 in 1 chunks
20220808 041955.893 DEBUG            PET0 VMK::send():4407, size=200 in 1 chunks
20220808 041955.893 DEBUG            PET0 VMK::recv():4898, size=200 in 1 chunks
20220808 041955.893 DEBUG            PET0 VMK::send():4407, size=200 in 1 chunks
20220808 041955.893 DEBUG            PET0 VMK::recv():4898, size=200 in 1 chunks
20220808 041955.893 DEBUG            PET0 VMK::send():4407, size=200 in 1 chunks
20220808 041955.893 DEBUG            PET0 VMK::recv():4898, size=200 in 1 chunks
20220808 041955.893 DEBUG            PET0 VMK::send():4407, size=200 in 1 chunks
20220808 041955.893 DEBUG            PET0 VMK::recv():4898, size=200 in 1 chunks
20220808 041955.893 DEBUG            PET0 VMK::send():4407, size=200 in 1 chunks
20220808 041955.893 DEBUG            PET0 VMK::recv():4898, size=200 in 1 chunks
20220808 041955.893 DEBUG            PET0 VMK::send():4407, size=200 in 1 chunks
20220808 041955.893 DEBUG            PET0 VMK::recv():4898, size=200 in 1 chunks
20220808 041955.893 DEBUG            PET0 VMK::send():4407, size=200 in 1 chunks
20220808 041955.893 DEBUG            PET0 VMK::recv():4898, size=200 in 1 chunks
20220808 041955.893 DEBUG            PET0 VMK::send():4407, size=200 in 1 chunks
20220808 041955.893 DEBUG            PET0 VMK::recv():4898, size=200 in 1 chunks
20220808 041955.893 DEBUG            PET0 VMK::send():4407, size=200 in 1 chunks
20220808 041955.893 DEBUG            PET0 VMK::recv():4898, size=200 in 1 chunks
20220808 041955.893 DEBUG            PET0 VMK::send():4407, size=200 in 1 chunks
20220808 041955.893 DEBUG            PET0 VMK::recv():4898, size=200 in 1 chunks
20220808 041955.893 DEBUG            PET0 VMK::send():4407, size=200 in 1 chunks
20220808 041955.893 DEBUG            PET0 VMK::recv():4898, size=200 in 1 chunks
20220808 041955.893 DEBUG            PET0 VMK::send():4407, size=200 in 1 chunks
20220808 041955.893 DEBUG            PET0 VMK::recv():4898, size=200 in 1 chunks
20220808 041955.893 DEBUG            PET0 VMK::send():4407, size=200 in 1 chunks
20220808 041955.894 DEBUG            PET0 VMK::recv():4898, size=600 in 1 chunks
20220808 041955.894 DEBUG            PET0 VMK::send():4407, size=600 in 1 chunks
20220808 041955.894 INFO             PET0  NUMBER_OF_PROCESSORS           4
20220808 041955.894 INFO             PET0  PASS  Example ESMF_FieldBundleRedistEx, ESMF_FieldBundleRedistEx.F90, line 280
20220808 041955.894 INFO             PET0 Finalizing ESMF
20220808 041955.894 DEBUG            PET0 epochFinal
20220808 041955.885 INFO             PET1 !!!!!!!!!!!!!!!!!!!!!!!!!!!!!!!!!!!!!!!!!!!!!!!!!!!!!!
20220808 041955.885 INFO             PET1 !!! THE ESMF_LOG IS SET TO OUTPUT ALL LOG MESSAGES !!!
20220808 041955.885 INFO             PET1 !!!     THIS MAY CAUSE SLOWDOWN IN PERFORMANCE     !!!
20220808 041955.885 INFO             PET1 !!! FOR PRODUCTION RUNS, USE:                      !!!
20220808 041955.885 INFO             PET1 !!!                   ESMF_LOGKIND_Multi_On_Error  !!!
20220808 041955.885 INFO             PET1 !!!!!!!!!!!!!!!!!!!!!!!!!!!!!!!!!!!!!!!!!!!!!!!!!!!!!!
20220808 041955.885 INFO             PET1 Running with ESMF Version   : v8.3.0b17-30-g0de4558e1e
20220808 041955.885 INFO             PET1 ESMF library build date/time: "Aug  8 2022" "03:47:02"
20220808 041955.885 INFO             PET1 ESMF library build location : /glade/scratch/dunlap/esmf-testing/gfortran_9.1.0_openmpi_O_feature_large-messages/esmf
20220808 041955.885 INFO             PET1 ESMF_COMM                   : openmpi
20220808 041955.885 INFO             PET1 ESMF_MOAB                   : enabled
20220808 041955.885 INFO             PET1 ESMF_LAPACK                 : enabled
20220808 041955.885 INFO             PET1 ESMF_NETCDF                 : enabled
20220808 041955.885 INFO             PET1 ESMF_PNETCDF                : disabled
20220808 041955.885 INFO             PET1 ESMF_PIO                    : enabled
20220808 041955.885 INFO             PET1 ESMF_YAMLCPP                : enabled
20220808 041955.888 DEBUG            PET1 VMK::recv():4898, size=100 in 1 chunks
20220808 041955.888 DEBUG            PET1 VMK::send():4407, size=100 in 1 chunks
20220808 041955.888 DEBUG            PET1 VMK::recv():4898, size=400 in 1 chunks
20220808 041955.888 DEBUG            PET1 VMK::send():4407, size=400 in 1 chunks
20220808 041955.888 DEBUG            PET1 VMK::recv():4898, size=200 in 1 chunks
20220808 041955.888 DEBUG            PET1 VMK::send():4407, size=200 in 1 chunks
20220808 041955.888 DEBUG            PET1 VMK::recv():4898, size=100 in 1 chunks
20220808 041955.888 DEBUG            PET1 VMK::send():4407, size=100 in 1 chunks
20220808 041955.888 DEBUG            PET1 VMK::recv():4898, size=400 in 1 chunks
20220808 041955.888 DEBUG            PET1 VMK::send():4407, size=400 in 1 chunks
20220808 041955.888 DEBUG            PET1 VMK::recv():4898, size=200 in 1 chunks
20220808 041955.888 DEBUG            PET1 VMK::send():4407, size=200 in 1 chunks
20220808 041955.888 DEBUG            PET1 VMK::recv():4898, size=500 in 1 chunks
20220808 041955.888 DEBUG            PET1 VMK::send():4407, size=500 in 1 chunks
20220808 041955.888 DEBUG            PET1 VMK::recv():4898, size=4 in 1 chunks
20220808 041955.888 DEBUG            PET1 VMK::send():4407, size=4 in 1 chunks
20220808 041955.888 DEBUG            PET1 VMK::recv():4898, size=1100 in 1 chunks
20220808 041955.888 DEBUG            PET1 VMK::send():4407, size=1100 in 1 chunks
20220808 041955.888 DEBUG            PET1 VMK::recv():4898, size=500 in 1 chunks
20220808 041955.888 DEBUG            PET1 VMK::send():4407, size=500 in 1 chunks
20220808 041955.888 DEBUG            PET1 VMK::recv():4898, size=4 in 1 chunks
20220808 041955.888 DEBUG            PET1 VMK::send():4407, size=4 in 1 chunks
20220808 041955.888 DEBUG            PET1 VMK::recv():4898, size=1100 in 1 chunks
20220808 041955.888 DEBUG            PET1 VMK::send():4407, size=1100 in 1 chunks
20220808 041955.889 DEBUG            PET1 VMK::recv():4898, size=200 in 1 chunks
20220808 041955.889 DEBUG            PET1 VMK::send():4407, size=200 in 1 chunks
20220808 041955.889 DEBUG            PET1 VMK::recv():4898, size=200 in 1 chunks
20220808 041955.889 DEBUG            PET1 VMK::send():4407, size=200 in 1 chunks
20220808 041955.889 DEBUG            PET1 VMK::recv():4898, size=200 in 1 chunks
20220808 041955.889 DEBUG            PET1 VMK::send():4407, size=200 in 1 chunks
20220808 041955.889 DEBUG            PET1 VMK::recv():4898, size=200 in 1 chunks
20220808 041955.889 DEBUG            PET1 VMK::send():4407, size=200 in 1 chunks
20220808 041955.889 DEBUG            PET1 VMK::recv():4898, size=200 in 1 chunks
20220808 041955.889 DEBUG            PET1 VMK::send():4407, size=200 in 1 chunks
20220808 041955.889 DEBUG            PET1 VMK::recv():4898, size=200 in 1 chunks
20220808 041955.889 DEBUG            PET1 VMK::send():4407, size=200 in 1 chunks
20220808 041955.889 DEBUG            PET1 VMK::recv():4898, size=200 in 1 chunks
20220808 041955.889 DEBUG            PET1 VMK::send():4407, size=200 in 1 chunks
20220808 041955.889 DEBUG            PET1 VMK::recv():4898, size=200 in 1 chunks
20220808 041955.889 DEBUG            PET1 VMK::send():4407, size=200 in 1 chunks
20220808 041955.891 DEBUG            PET1 VMK::recv():4898, size=200 in 1 chunks
20220808 041955.891 DEBUG            PET1 VMK::send():4407, size=200 in 1 chunks
20220808 041955.891 DEBUG            PET1 VMK::recv():4898, size=200 in 1 chunks
20220808 041955.891 DEBUG            PET1 VMK::send():4407, size=200 in 1 chunks
20220808 041955.891 DEBUG            PET1 VMK::recv():4898, size=200 in 1 chunks
20220808 041955.891 DEBUG            PET1 VMK::send():4407, size=200 in 1 chunks
20220808 041955.891 DEBUG            PET1 VMK::recv():4898, size=200 in 1 chunks
20220808 041955.891 DEBUG            PET1 VMK::send():4407, size=200 in 1 chunks
20220808 041955.891 DEBUG            PET1 VMK::recv():4898, size=200 in 1 chunks
20220808 041955.891 DEBUG            PET1 VMK::send():4407, size=200 in 1 chunks
20220808 041955.891 DEBUG            PET1 VMK::recv():4898, size=200 in 1 chunks
20220808 041955.891 DEBUG            PET1 VMK::send():4407, size=200 in 1 chunks
20220808 041955.891 DEBUG            PET1 VMK::recv():4898, size=200 in 1 chunks
20220808 041955.891 DEBUG            PET1 VMK::send():4407, size=200 in 1 chunks
20220808 041955.891 DEBUG            PET1 VMK::recv():4898, size=200 in 1 chunks
20220808 041955.891 DEBUG            PET1 VMK::send():4407, size=200 in 1 chunks
20220808 041955.891 DEBUG            PET1 VMK::recv():4898, size=200 in 1 chunks
20220808 041955.891 DEBUG            PET1 VMK::send():4407, size=200 in 1 chunks
20220808 041955.891 DEBUG            PET1 VMK::recv():4898, size=200 in 1 chunks
20220808 041955.891 DEBUG            PET1 VMK::send():4407, size=200 in 1 chunks
20220808 041955.891 DEBUG            PET1 VMK::recv():4898, size=200 in 1 chunks
20220808 041955.891 DEBUG            PET1 VMK::send():4407, size=200 in 1 chunks
20220808 041955.891 DEBUG            PET1 VMK::recv():4898, size=200 in 1 chunks
20220808 041955.891 DEBUG            PET1 VMK::send():4407, size=200 in 1 chunks
20220808 041955.891 DEBUG            PET1 VMK::recv():4898, size=200 in 1 chunks
20220808 041955.891 DEBUG            PET1 VMK::send():4407, size=200 in 1 chunks
20220808 041955.891 DEBUG            PET1 VMK::recv():4898, size=200 in 1 chunks
20220808 041955.891 DEBUG            PET1 VMK::send():4407, size=200 in 1 chunks
20220808 041955.891 DEBUG            PET1 VMK::recv():4898, size=200 in 1 chunks
20220808 041955.891 DEBUG            PET1 VMK::send():4407, size=200 in 1 chunks
20220808 041955.891 DEBUG            PET1 VMK::recv():4898, size=200 in 1 chunks
20220808 041955.891 DEBUG            PET1 VMK::send():4407, size=200 in 1 chunks
20220808 041955.891 DEBUG            PET1 VMK::recv():4898, size=200 in 1 chunks
20220808 041955.891 DEBUG            PET1 VMK::send():4407, size=200 in 1 chunks
20220808 041955.891 DEBUG            PET1 VMK::recv():4898, size=200 in 1 chunks
20220808 041955.891 DEBUG            PET1 VMK::send():4407, size=200 in 1 chunks
20220808 041955.891 DEBUG            PET1 VMK::recv():4898, size=200 in 1 chunks
20220808 041955.891 DEBUG            PET1 VMK::send():4407, size=200 in 1 chunks
20220808 041955.892 DEBUG            PET1 VMK::recv():4898, size=200 in 1 chunks
20220808 041955.892 DEBUG            PET1 VMK::send():4407, size=200 in 1 chunks
20220808 041955.892 DEBUG            PET1 VMK::recv():4898, size=200 in 1 chunks
20220808 041955.892 DEBUG            PET1 VMK::send():4407, size=200 in 1 chunks
20220808 041955.892 DEBUG            PET1 VMK::recv():4898, size=200 in 1 chunks
20220808 041955.892 DEBUG            PET1 VMK::send():4407, size=200 in 1 chunks
20220808 041955.892 DEBUG            PET1 VMK::recv():4898, size=200 in 1 chunks
20220808 041955.892 DEBUG            PET1 VMK::send():4407, size=200 in 1 chunks
20220808 041955.892 DEBUG            PET1 VMK::recv():4898, size=800 in 1 chunks
20220808 041955.892 DEBUG            PET1 VMK::send():4407, size=800 in 1 chunks
20220808 041955.892 DEBUG            PET1 VMK::recv():4898, size=800 in 1 chunks
20220808 041955.892 DEBUG            PET1 VMK::send():4407, size=800 in 1 chunks
20220808 041955.892 DEBUG            PET1 VMK::recv():4898, size=800 in 1 chunks
20220808 041955.892 DEBUG            PET1 VMK::send():4407, size=800 in 1 chunks
20220808 041955.893 DEBUG            PET1 VMK::recv():4898, size=100 in 1 chunks
20220808 041955.893 DEBUG            PET1 VMK::send():4407, size=100 in 1 chunks
20220808 041955.893 DEBUG            PET1 VMK::recv():4898, size=400 in 1 chunks
20220808 041955.893 DEBUG            PET1 VMK::send():4407, size=400 in 1 chunks
20220808 041955.893 DEBUG            PET1 VMK::recv():4898, size=200 in 1 chunks
20220808 041955.893 DEBUG            PET1 VMK::send():4407, size=200 in 1 chunks
20220808 041955.893 DEBUG            PET1 VMK::recv():4898, size=100 in 1 chunks
20220808 041955.893 DEBUG            PET1 VMK::send():4407, size=100 in 1 chunks
20220808 041955.893 DEBUG            PET1 VMK::recv():4898, size=400 in 1 chunks
20220808 041955.893 DEBUG            PET1 VMK::send():4407, size=400 in 1 chunks
20220808 041955.893 DEBUG            PET1 VMK::recv():4898, size=200 in 1 chunks
20220808 041955.893 DEBUG            PET1 VMK::send():4407, size=200 in 1 chunks
20220808 041955.893 DEBUG            PET1 VMK::recv():4898, size=500 in 1 chunks
20220808 041955.893 DEBUG            PET1 VMK::send():4407, size=500 in 1 chunks
20220808 041955.893 DEBUG            PET1 VMK::recv():4898, size=4 in 1 chunks
20220808 041955.893 DEBUG            PET1 VMK::send():4407, size=4 in 1 chunks
20220808 041955.893 DEBUG            PET1 VMK::recv():4898, size=1100 in 1 chunks
20220808 041955.893 DEBUG            PET1 VMK::send():4407, size=1100 in 1 chunks
20220808 041955.893 DEBUG            PET1 VMK::recv():4898, size=500 in 1 chunks
20220808 041955.893 DEBUG            PET1 VMK::send():4407, size=500 in 1 chunks
20220808 041955.893 DEBUG            PET1 VMK::recv():4898, size=4 in 1 chunks
20220808 041955.893 DEBUG            PET1 VMK::send():4407, size=4 in 1 chunks
20220808 041955.893 DEBUG            PET1 VMK::recv():4898, size=1100 in 1 chunks
20220808 041955.893 DEBUG            PET1 VMK::send():4407, size=1100 in 1 chunks
20220808 041955.893 DEBUG            PET1 VMK::recv():4898, size=200 in 1 chunks
20220808 041955.893 DEBUG            PET1 VMK::send():4407, size=200 in 1 chunks
20220808 041955.893 DEBUG            PET1 VMK::recv():4898, size=200 in 1 chunks
20220808 041955.893 DEBUG            PET1 VMK::send():4407, size=200 in 1 chunks
20220808 041955.893 DEBUG            PET1 VMK::recv():4898, size=200 in 1 chunks
20220808 041955.893 DEBUG            PET1 VMK::send():4407, size=200 in 1 chunks
20220808 041955.893 DEBUG            PET1 VMK::recv():4898, size=200 in 1 chunks
20220808 041955.893 DEBUG            PET1 VMK::send():4407, size=200 in 1 chunks
20220808 041955.893 DEBUG            PET1 VMK::recv():4898, size=200 in 1 chunks
20220808 041955.893 DEBUG            PET1 VMK::send():4407, size=200 in 1 chunks
20220808 041955.893 DEBUG            PET1 VMK::recv():4898, size=200 in 1 chunks
20220808 041955.893 DEBUG            PET1 VMK::send():4407, size=200 in 1 chunks
20220808 041955.893 DEBUG            PET1 VMK::recv():4898, size=200 in 1 chunks
20220808 041955.893 DEBUG            PET1 VMK::send():4407, size=200 in 1 chunks
20220808 041955.893 DEBUG            PET1 VMK::recv():4898, size=200 in 1 chunks
20220808 041955.893 DEBUG            PET1 VMK::send():4407, size=200 in 1 chunks
20220808 041955.893 DEBUG            PET1 VMK::recv():4898, size=200 in 1 chunks
20220808 041955.893 DEBUG            PET1 VMK::send():4407, size=200 in 1 chunks
20220808 041955.893 DEBUG            PET1 VMK::recv():4898, size=200 in 1 chunks
20220808 041955.893 DEBUG            PET1 VMK::send():4407, size=200 in 1 chunks
20220808 041955.893 DEBUG            PET1 VMK::recv():4898, size=200 in 1 chunks
20220808 041955.893 DEBUG            PET1 VMK::send():4407, size=200 in 1 chunks
20220808 041955.893 DEBUG            PET1 VMK::recv():4898, size=200 in 1 chunks
20220808 041955.893 DEBUG            PET1 VMK::send():4407, size=200 in 1 chunks
20220808 041955.893 DEBUG            PET1 VMK::recv():4898, size=200 in 1 chunks
20220808 041955.893 DEBUG            PET1 VMK::send():4407, size=200 in 1 chunks
20220808 041955.893 DEBUG            PET1 VMK::recv():4898, size=200 in 1 chunks
20220808 041955.893 DEBUG            PET1 VMK::send():4407, size=200 in 1 chunks
20220808 041955.893 DEBUG            PET1 VMK::recv():4898, size=200 in 1 chunks
20220808 041955.893 DEBUG            PET1 VMK::send():4407, size=200 in 1 chunks
20220808 041955.893 DEBUG            PET1 VMK::recv():4898, size=200 in 1 chunks
20220808 041955.893 DEBUG            PET1 VMK::send():4407, size=200 in 1 chunks
20220808 041955.893 DEBUG            PET1 VMK::recv():4898, size=200 in 1 chunks
20220808 041955.893 DEBUG            PET1 VMK::send():4407, size=200 in 1 chunks
20220808 041955.893 DEBUG            PET1 VMK::recv():4898, size=200 in 1 chunks
20220808 041955.893 DEBUG            PET1 VMK::send():4407, size=200 in 1 chunks
20220808 041955.893 DEBUG            PET1 VMK::recv():4898, size=200 in 1 chunks
20220808 041955.893 DEBUG            PET1 VMK::send():4407, size=200 in 1 chunks
20220808 041955.893 DEBUG            PET1 VMK::recv():4898, size=200 in 1 chunks
20220808 041955.893 DEBUG            PET1 VMK::send():4407, size=200 in 1 chunks
20220808 041955.893 DEBUG            PET1 VMK::recv():4898, size=200 in 1 chunks
20220808 041955.893 DEBUG            PET1 VMK::send():4407, size=200 in 1 chunks
20220808 041955.893 DEBUG            PET1 VMK::recv():4898, size=200 in 1 chunks
20220808 041955.893 DEBUG            PET1 VMK::send():4407, size=200 in 1 chunks
20220808 041955.893 DEBUG            PET1 VMK::recv():4898, size=200 in 1 chunks
20220808 041955.893 DEBUG            PET1 VMK::send():4407, size=200 in 1 chunks
20220808 041955.893 DEBUG            PET1 VMK::recv():4898, size=200 in 1 chunks
20220808 041955.893 DEBUG            PET1 VMK::send():4407, size=200 in 1 chunks
20220808 041955.893 DEBUG            PET1 VMK::recv():4898, size=200 in 1 chunks
20220808 041955.893 DEBUG            PET1 VMK::send():4407, size=200 in 1 chunks
20220808 041955.893 DEBUG            PET1 VMK::recv():4898, size=200 in 1 chunks
20220808 041955.893 DEBUG            PET1 VMK::send():4407, size=200 in 1 chunks
20220808 041955.893 DEBUG            PET1 VMK::recv():4898, size=200 in 1 chunks
20220808 041955.893 DEBUG            PET1 VMK::send():4407, size=200 in 1 chunks
20220808 041955.893 DEBUG            PET1 VMK::recv():4898, size=200 in 1 chunks
20220808 041955.893 DEBUG            PET1 VMK::send():4407, size=200 in 1 chunks
20220808 041955.893 DEBUG            PET1 VMK::recv():4898, size=200 in 1 chunks
20220808 041955.893 DEBUG            PET1 VMK::send():4407, size=200 in 1 chunks
20220808 041955.893 DEBUG            PET1 VMK::recv():4898, size=200 in 1 chunks
20220808 041955.893 DEBUG            PET1 VMK::send():4407, size=200 in 1 chunks
20220808 041955.893 DEBUG            PET1 VMK::recv():4898, size=200 in 1 chunks
20220808 041955.893 DEBUG            PET1 VMK::send():4407, size=200 in 1 chunks
20220808 041955.894 DEBUG            PET1 VMK::recv():4898, size=600 in 1 chunks
20220808 041955.894 DEBUG            PET1 VMK::send():4407, size=600 in 1 chunks
20220808 041955.894 INFO             PET1  NUMBER_OF_PROCESSORS           4
20220808 041955.894 INFO             PET1  PASS  Example ESMF_FieldBundleRedistEx, ESMF_FieldBundleRedistEx.F90, line 280
20220808 041955.894 INFO             PET1 Finalizing ESMF
20220808 041955.894 DEBUG            PET1 epochFinal
20220808 041955.885 INFO             PET2 !!!!!!!!!!!!!!!!!!!!!!!!!!!!!!!!!!!!!!!!!!!!!!!!!!!!!!
20220808 041955.885 INFO             PET2 !!! THE ESMF_LOG IS SET TO OUTPUT ALL LOG MESSAGES !!!
20220808 041955.885 INFO             PET2 !!!     THIS MAY CAUSE SLOWDOWN IN PERFORMANCE     !!!
20220808 041955.885 INFO             PET2 !!! FOR PRODUCTION RUNS, USE:                      !!!
20220808 041955.885 INFO             PET2 !!!                   ESMF_LOGKIND_Multi_On_Error  !!!
20220808 041955.885 INFO             PET2 !!!!!!!!!!!!!!!!!!!!!!!!!!!!!!!!!!!!!!!!!!!!!!!!!!!!!!
20220808 041955.885 INFO             PET2 Running with ESMF Version   : v8.3.0b17-30-g0de4558e1e
20220808 041955.885 INFO             PET2 ESMF library build date/time: "Aug  8 2022" "03:47:02"
20220808 041955.885 INFO             PET2 ESMF library build location : /glade/scratch/dunlap/esmf-testing/gfortran_9.1.0_openmpi_O_feature_large-messages/esmf
20220808 041955.885 INFO             PET2 ESMF_COMM                   : openmpi
20220808 041955.885 INFO             PET2 ESMF_MOAB                   : enabled
20220808 041955.885 INFO             PET2 ESMF_LAPACK                 : enabled
20220808 041955.885 INFO             PET2 ESMF_NETCDF                 : enabled
20220808 041955.885 INFO             PET2 ESMF_PNETCDF                : disabled
20220808 041955.885 INFO             PET2 ESMF_PIO                    : enabled
20220808 041955.885 INFO             PET2 ESMF_YAMLCPP                : enabled
20220808 041955.888 DEBUG            PET2 VMK::recv():4898, size=100 in 1 chunks
20220808 041955.888 DEBUG            PET2 VMK::send():4407, size=100 in 1 chunks
20220808 041955.888 DEBUG            PET2 VMK::recv():4898, size=400 in 1 chunks
20220808 041955.888 DEBUG            PET2 VMK::send():4407, size=400 in 1 chunks
20220808 041955.888 DEBUG            PET2 VMK::recv():4898, size=200 in 1 chunks
20220808 041955.888 DEBUG            PET2 VMK::send():4407, size=200 in 1 chunks
20220808 041955.888 DEBUG            PET2 VMK::recv():4898, size=100 in 1 chunks
20220808 041955.888 DEBUG            PET2 VMK::send():4407, size=100 in 1 chunks
20220808 041955.888 DEBUG            PET2 VMK::recv():4898, size=400 in 1 chunks
20220808 041955.888 DEBUG            PET2 VMK::send():4407, size=400 in 1 chunks
20220808 041955.888 DEBUG            PET2 VMK::recv():4898, size=200 in 1 chunks
20220808 041955.888 DEBUG            PET2 VMK::send():4407, size=200 in 1 chunks
20220808 041955.888 DEBUG            PET2 VMK::recv():4898, size=500 in 1 chunks
20220808 041955.888 DEBUG            PET2 VMK::send():4407, size=500 in 1 chunks
20220808 041955.888 DEBUG            PET2 VMK::recv():4898, size=4 in 1 chunks
20220808 041955.888 DEBUG            PET2 VMK::send():4407, size=4 in 1 chunks
20220808 041955.888 DEBUG            PET2 VMK::recv():4898, size=1100 in 1 chunks
20220808 041955.888 DEBUG            PET2 VMK::send():4407, size=1100 in 1 chunks
20220808 041955.888 DEBUG            PET2 VMK::recv():4898, size=500 in 1 chunks
20220808 041955.888 DEBUG            PET2 VMK::send():4407, size=500 in 1 chunks
20220808 041955.888 DEBUG            PET2 VMK::recv():4898, size=4 in 1 chunks
20220808 041955.888 DEBUG            PET2 VMK::send():4407, size=4 in 1 chunks
20220808 041955.888 DEBUG            PET2 VMK::recv():4898, size=1100 in 1 chunks
20220808 041955.888 DEBUG            PET2 VMK::send():4407, size=1100 in 1 chunks
20220808 041955.889 DEBUG            PET2 VMK::recv():4898, size=200 in 1 chunks
20220808 041955.889 DEBUG            PET2 VMK::send():4407, size=200 in 1 chunks
20220808 041955.889 DEBUG            PET2 VMK::recv():4898, size=200 in 1 chunks
20220808 041955.889 DEBUG            PET2 VMK::send():4407, size=200 in 1 chunks
20220808 041955.889 DEBUG            PET2 VMK::recv():4898, size=200 in 1 chunks
20220808 041955.889 DEBUG            PET2 VMK::send():4407, size=200 in 1 chunks
20220808 041955.889 DEBUG            PET2 VMK::recv():4898, size=200 in 1 chunks
20220808 041955.889 DEBUG            PET2 VMK::send():4407, size=200 in 1 chunks
20220808 041955.889 DEBUG            PET2 VMK::recv():4898, size=200 in 1 chunks
20220808 041955.889 DEBUG            PET2 VMK::send():4407, size=200 in 1 chunks
20220808 041955.889 DEBUG            PET2 VMK::recv():4898, size=200 in 1 chunks
20220808 041955.889 DEBUG            PET2 VMK::send():4407, size=200 in 1 chunks
20220808 041955.889 DEBUG            PET2 VMK::recv():4898, size=200 in 1 chunks
20220808 041955.889 DEBUG            PET2 VMK::send():4407, size=200 in 1 chunks
20220808 041955.889 DEBUG            PET2 VMK::recv():4898, size=200 in 1 chunks
20220808 041955.889 DEBUG            PET2 VMK::send():4407, size=200 in 1 chunks
20220808 041955.891 DEBUG            PET2 VMK::recv():4898, size=200 in 1 chunks
20220808 041955.891 DEBUG            PET2 VMK::send():4407, size=200 in 1 chunks
20220808 041955.891 DEBUG            PET2 VMK::recv():4898, size=200 in 1 chunks
20220808 041955.891 DEBUG            PET2 VMK::send():4407, size=200 in 1 chunks
20220808 041955.891 DEBUG            PET2 VMK::recv():4898, size=200 in 1 chunks
20220808 041955.891 DEBUG            PET2 VMK::send():4407, size=200 in 1 chunks
20220808 041955.891 DEBUG            PET2 VMK::recv():4898, size=200 in 1 chunks
20220808 041955.891 DEBUG            PET2 VMK::send():4407, size=200 in 1 chunks
20220808 041955.891 DEBUG            PET2 VMK::recv():4898, size=200 in 1 chunks
20220808 041955.891 DEBUG            PET2 VMK::send():4407, size=200 in 1 chunks
20220808 041955.891 DEBUG            PET2 VMK::recv():4898, size=200 in 1 chunks
20220808 041955.891 DEBUG            PET2 VMK::send():4407, size=200 in 1 chunks
20220808 041955.891 DEBUG            PET2 VMK::recv():4898, size=200 in 1 chunks
20220808 041955.891 DEBUG            PET2 VMK::send():4407, size=200 in 1 chunks
20220808 041955.891 DEBUG            PET2 VMK::recv():4898, size=200 in 1 chunks
20220808 041955.891 DEBUG            PET2 VMK::send():4407, size=200 in 1 chunks
20220808 041955.891 DEBUG            PET2 VMK::recv():4898, size=200 in 1 chunks
20220808 041955.891 DEBUG            PET2 VMK::send():4407, size=200 in 1 chunks
20220808 041955.891 DEBUG            PET2 VMK::recv():4898, size=200 in 1 chunks
20220808 041955.891 DEBUG            PET2 VMK::send():4407, size=200 in 1 chunks
20220808 041955.891 DEBUG            PET2 VMK::recv():4898, size=200 in 1 chunks
20220808 041955.891 DEBUG            PET2 VMK::send():4407, size=200 in 1 chunks
20220808 041955.891 DEBUG            PET2 VMK::recv():4898, size=200 in 1 chunks
20220808 041955.891 DEBUG            PET2 VMK::send():4407, size=200 in 1 chunks
20220808 041955.891 DEBUG            PET2 VMK::recv():4898, size=200 in 1 chunks
20220808 041955.891 DEBUG            PET2 VMK::send():4407, size=200 in 1 chunks
20220808 041955.891 DEBUG            PET2 VMK::recv():4898, size=200 in 1 chunks
20220808 041955.891 DEBUG            PET2 VMK::send():4407, size=200 in 1 chunks
20220808 041955.891 DEBUG            PET2 VMK::recv():4898, size=200 in 1 chunks
20220808 041955.891 DEBUG            PET2 VMK::send():4407, size=200 in 1 chunks
20220808 041955.891 DEBUG            PET2 VMK::recv():4898, size=200 in 1 chunks
20220808 041955.891 DEBUG            PET2 VMK::send():4407, size=200 in 1 chunks
20220808 041955.891 DEBUG            PET2 VMK::recv():4898, size=200 in 1 chunks
20220808 041955.891 DEBUG            PET2 VMK::send():4407, size=200 in 1 chunks
20220808 041955.891 DEBUG            PET2 VMK::recv():4898, size=200 in 1 chunks
20220808 041955.891 DEBUG            PET2 VMK::send():4407, size=200 in 1 chunks
20220808 041955.891 DEBUG            PET2 VMK::recv():4898, size=200 in 1 chunks
20220808 041955.891 DEBUG            PET2 VMK::send():4407, size=200 in 1 chunks
20220808 041955.892 DEBUG            PET2 VMK::recv():4898, size=200 in 1 chunks
20220808 041955.892 DEBUG            PET2 VMK::send():4407, size=200 in 1 chunks
20220808 041955.892 DEBUG            PET2 VMK::recv():4898, size=200 in 1 chunks
20220808 041955.892 DEBUG            PET2 VMK::send():4407, size=200 in 1 chunks
20220808 041955.892 DEBUG            PET2 VMK::recv():4898, size=200 in 1 chunks
20220808 041955.892 DEBUG            PET2 VMK::send():4407, size=200 in 1 chunks
20220808 041955.892 DEBUG            PET2 VMK::recv():4898, size=200 in 1 chunks
20220808 041955.892 DEBUG            PET2 VMK::send():4407, size=200 in 1 chunks
20220808 041955.892 DEBUG            PET2 VMK::recv():4898, size=800 in 1 chunks
20220808 041955.892 DEBUG            PET2 VMK::send():4407, size=800 in 1 chunks
20220808 041955.892 DEBUG            PET2 VMK::recv():4898, size=800 in 1 chunks
20220808 041955.892 DEBUG            PET2 VMK::send():4407, size=800 in 1 chunks
20220808 041955.892 DEBUG            PET2 VMK::recv():4898, size=800 in 1 chunks
20220808 041955.892 DEBUG            PET2 VMK::send():4407, size=800 in 1 chunks
20220808 041955.893 DEBUG            PET2 VMK::recv():4898, size=100 in 1 chunks
20220808 041955.893 DEBUG            PET2 VMK::send():4407, size=100 in 1 chunks
20220808 041955.893 DEBUG            PET2 VMK::recv():4898, size=400 in 1 chunks
20220808 041955.893 DEBUG            PET2 VMK::send():4407, size=400 in 1 chunks
20220808 041955.893 DEBUG            PET2 VMK::recv():4898, size=200 in 1 chunks
20220808 041955.893 DEBUG            PET2 VMK::send():4407, size=200 in 1 chunks
20220808 041955.893 DEBUG            PET2 VMK::recv():4898, size=100 in 1 chunks
20220808 041955.893 DEBUG            PET2 VMK::send():4407, size=100 in 1 chunks
20220808 041955.893 DEBUG            PET2 VMK::recv():4898, size=400 in 1 chunks
20220808 041955.893 DEBUG            PET2 VMK::send():4407, size=400 in 1 chunks
20220808 041955.893 DEBUG            PET2 VMK::recv():4898, size=200 in 1 chunks
20220808 041955.893 DEBUG            PET2 VMK::send():4407, size=200 in 1 chunks
20220808 041955.893 DEBUG            PET2 VMK::recv():4898, size=500 in 1 chunks
20220808 041955.893 DEBUG            PET2 VMK::send():4407, size=500 in 1 chunks
20220808 041955.893 DEBUG            PET2 VMK::recv():4898, size=4 in 1 chunks
20220808 041955.893 DEBUG            PET2 VMK::send():4407, size=4 in 1 chunks
20220808 041955.893 DEBUG            PET2 VMK::recv():4898, size=1100 in 1 chunks
20220808 041955.893 DEBUG            PET2 VMK::send():4407, size=1100 in 1 chunks
20220808 041955.893 DEBUG            PET2 VMK::recv():4898, size=500 in 1 chunks
20220808 041955.893 DEBUG            PET2 VMK::send():4407, size=500 in 1 chunks
20220808 041955.893 DEBUG            PET2 VMK::recv():4898, size=4 in 1 chunks
20220808 041955.893 DEBUG            PET2 VMK::send():4407, size=4 in 1 chunks
20220808 041955.893 DEBUG            PET2 VMK::recv():4898, size=1100 in 1 chunks
20220808 041955.893 DEBUG            PET2 VMK::send():4407, size=1100 in 1 chunks
20220808 041955.893 DEBUG            PET2 VMK::recv():4898, size=200 in 1 chunks
20220808 041955.893 DEBUG            PET2 VMK::send():4407, size=200 in 1 chunks
20220808 041955.893 DEBUG            PET2 VMK::recv():4898, size=200 in 1 chunks
20220808 041955.893 DEBUG            PET2 VMK::send():4407, size=200 in 1 chunks
20220808 041955.893 DEBUG            PET2 VMK::recv():4898, size=200 in 1 chunks
20220808 041955.893 DEBUG            PET2 VMK::send():4407, size=200 in 1 chunks
20220808 041955.893 DEBUG            PET2 VMK::recv():4898, size=200 in 1 chunks
20220808 041955.893 DEBUG            PET2 VMK::send():4407, size=200 in 1 chunks
20220808 041955.893 DEBUG            PET2 VMK::recv():4898, size=200 in 1 chunks
20220808 041955.893 DEBUG            PET2 VMK::send():4407, size=200 in 1 chunks
20220808 041955.893 DEBUG            PET2 VMK::recv():4898, size=200 in 1 chunks
20220808 041955.893 DEBUG            PET2 VMK::send():4407, size=200 in 1 chunks
20220808 041955.893 DEBUG            PET2 VMK::recv():4898, size=200 in 1 chunks
20220808 041955.893 DEBUG            PET2 VMK::send():4407, size=200 in 1 chunks
20220808 041955.893 DEBUG            PET2 VMK::recv():4898, size=200 in 1 chunks
20220808 041955.893 DEBUG            PET2 VMK::send():4407, size=200 in 1 chunks
20220808 041955.893 DEBUG            PET2 VMK::recv():4898, size=200 in 1 chunks
20220808 041955.893 DEBUG            PET2 VMK::send():4407, size=200 in 1 chunks
20220808 041955.893 DEBUG            PET2 VMK::recv():4898, size=200 in 1 chunks
20220808 041955.893 DEBUG            PET2 VMK::send():4407, size=200 in 1 chunks
20220808 041955.893 DEBUG            PET2 VMK::recv():4898, size=200 in 1 chunks
20220808 041955.893 DEBUG            PET2 VMK::send():4407, size=200 in 1 chunks
20220808 041955.893 DEBUG            PET2 VMK::recv():4898, size=200 in 1 chunks
20220808 041955.893 DEBUG            PET2 VMK::send():4407, size=200 in 1 chunks
20220808 041955.893 DEBUG            PET2 VMK::recv():4898, size=200 in 1 chunks
20220808 041955.893 DEBUG            PET2 VMK::send():4407, size=200 in 1 chunks
20220808 041955.893 DEBUG            PET2 VMK::recv():4898, size=200 in 1 chunks
20220808 041955.893 DEBUG            PET2 VMK::send():4407, size=200 in 1 chunks
20220808 041955.893 DEBUG            PET2 VMK::recv():4898, size=200 in 1 chunks
20220808 041955.893 DEBUG            PET2 VMK::send():4407, size=200 in 1 chunks
20220808 041955.893 DEBUG            PET2 VMK::recv():4898, size=200 in 1 chunks
20220808 041955.893 DEBUG            PET2 VMK::send():4407, size=200 in 1 chunks
20220808 041955.893 DEBUG            PET2 VMK::recv():4898, size=200 in 1 chunks
20220808 041955.893 DEBUG            PET2 VMK::send():4407, size=200 in 1 chunks
20220808 041955.893 DEBUG            PET2 VMK::recv():4898, size=200 in 1 chunks
20220808 041955.893 DEBUG            PET2 VMK::send():4407, size=200 in 1 chunks
20220808 041955.893 DEBUG            PET2 VMK::recv():4898, size=200 in 1 chunks
20220808 041955.893 DEBUG            PET2 VMK::send():4407, size=200 in 1 chunks
20220808 041955.893 DEBUG            PET2 VMK::recv():4898, size=200 in 1 chunks
20220808 041955.893 DEBUG            PET2 VMK::send():4407, size=200 in 1 chunks
20220808 041955.893 DEBUG            PET2 VMK::recv():4898, size=200 in 1 chunks
20220808 041955.893 DEBUG            PET2 VMK::send():4407, size=200 in 1 chunks
20220808 041955.893 DEBUG            PET2 VMK::recv():4898, size=200 in 1 chunks
20220808 041955.893 DEBUG            PET2 VMK::send():4407, size=200 in 1 chunks
20220808 041955.893 DEBUG            PET2 VMK::recv():4898, size=200 in 1 chunks
20220808 041955.893 DEBUG            PET2 VMK::send():4407, size=200 in 1 chunks
20220808 041955.893 DEBUG            PET2 VMK::recv():4898, size=200 in 1 chunks
20220808 041955.893 DEBUG            PET2 VMK::send():4407, size=200 in 1 chunks
20220808 041955.893 DEBUG            PET2 VMK::recv():4898, size=200 in 1 chunks
20220808 041955.893 DEBUG            PET2 VMK::send():4407, size=200 in 1 chunks
20220808 041955.893 DEBUG            PET2 VMK::recv():4898, size=200 in 1 chunks
20220808 041955.893 DEBUG            PET2 VMK::send():4407, size=200 in 1 chunks
20220808 041955.893 DEBUG            PET2 VMK::recv():4898, size=200 in 1 chunks
20220808 041955.893 DEBUG            PET2 VMK::send():4407, size=200 in 1 chunks
20220808 041955.893 DEBUG            PET2 VMK::recv():4898, size=200 in 1 chunks
20220808 041955.893 DEBUG            PET2 VMK::send():4407, size=200 in 1 chunks
20220808 041955.893 DEBUG            PET2 VMK::recv():4898, size=200 in 1 chunks
20220808 041955.893 DEBUG            PET2 VMK::send():4407, size=200 in 1 chunks
20220808 041955.893 DEBUG            PET2 VMK::recv():4898, size=200 in 1 chunks
20220808 041955.893 DEBUG            PET2 VMK::send():4407, size=200 in 1 chunks
20220808 041955.893 DEBUG            PET2 VMK::recv():4898, size=200 in 1 chunks
20220808 041955.893 DEBUG            PET2 VMK::send():4407, size=200 in 1 chunks
20220808 041955.894 DEBUG            PET2 VMK::recv():4898, size=600 in 1 chunks
20220808 041955.894 DEBUG            PET2 VMK::send():4407, size=600 in 1 chunks
20220808 041955.894 INFO             PET2  NUMBER_OF_PROCESSORS           4
20220808 041955.894 INFO             PET2  PASS  Example ESMF_FieldBundleRedistEx, ESMF_FieldBundleRedistEx.F90, line 280
20220808 041955.894 INFO             PET2 Finalizing ESMF
20220808 041955.894 DEBUG            PET2 epochFinal
20220808 041955.885 INFO             PET3 !!!!!!!!!!!!!!!!!!!!!!!!!!!!!!!!!!!!!!!!!!!!!!!!!!!!!!
20220808 041955.885 INFO             PET3 !!! THE ESMF_LOG IS SET TO OUTPUT ALL LOG MESSAGES !!!
20220808 041955.885 INFO             PET3 !!!     THIS MAY CAUSE SLOWDOWN IN PERFORMANCE     !!!
20220808 041955.885 INFO             PET3 !!! FOR PRODUCTION RUNS, USE:                      !!!
20220808 041955.885 INFO             PET3 !!!                   ESMF_LOGKIND_Multi_On_Error  !!!
20220808 041955.885 INFO             PET3 !!!!!!!!!!!!!!!!!!!!!!!!!!!!!!!!!!!!!!!!!!!!!!!!!!!!!!
20220808 041955.885 INFO             PET3 Running with ESMF Version   : v8.3.0b17-30-g0de4558e1e
20220808 041955.885 INFO             PET3 ESMF library build date/time: "Aug  8 2022" "03:47:02"
20220808 041955.885 INFO             PET3 ESMF library build location : /glade/scratch/dunlap/esmf-testing/gfortran_9.1.0_openmpi_O_feature_large-messages/esmf
20220808 041955.885 INFO             PET3 ESMF_COMM                   : openmpi
20220808 041955.885 INFO             PET3 ESMF_MOAB                   : enabled
20220808 041955.885 INFO             PET3 ESMF_LAPACK                 : enabled
20220808 041955.885 INFO             PET3 ESMF_NETCDF                 : enabled
20220808 041955.885 INFO             PET3 ESMF_PNETCDF                : disabled
20220808 041955.885 INFO             PET3 ESMF_PIO                    : enabled
20220808 041955.885 INFO             PET3 ESMF_YAMLCPP                : enabled
20220808 041955.888 DEBUG            PET3 VMK::recv():4898, size=100 in 1 chunks
20220808 041955.888 DEBUG            PET3 VMK::send():4407, size=100 in 1 chunks
20220808 041955.888 DEBUG            PET3 VMK::recv():4898, size=400 in 1 chunks
20220808 041955.888 DEBUG            PET3 VMK::send():4407, size=400 in 1 chunks
20220808 041955.888 DEBUG            PET3 VMK::recv():4898, size=200 in 1 chunks
20220808 041955.888 DEBUG            PET3 VMK::send():4407, size=200 in 1 chunks
20220808 041955.888 DEBUG            PET3 VMK::recv():4898, size=100 in 1 chunks
20220808 041955.888 DEBUG            PET3 VMK::send():4407, size=100 in 1 chunks
20220808 041955.888 DEBUG            PET3 VMK::recv():4898, size=400 in 1 chunks
20220808 041955.888 DEBUG            PET3 VMK::send():4407, size=400 in 1 chunks
20220808 041955.888 DEBUG            PET3 VMK::recv():4898, size=200 in 1 chunks
20220808 041955.888 DEBUG            PET3 VMK::send():4407, size=200 in 1 chunks
20220808 041955.888 DEBUG            PET3 VMK::recv():4898, size=500 in 1 chunks
20220808 041955.888 DEBUG            PET3 VMK::send():4407, size=500 in 1 chunks
20220808 041955.888 DEBUG            PET3 VMK::recv():4898, size=4 in 1 chunks
20220808 041955.888 DEBUG            PET3 VMK::send():4407, size=4 in 1 chunks
20220808 041955.888 DEBUG            PET3 VMK::recv():4898, size=1100 in 1 chunks
20220808 041955.888 DEBUG            PET3 VMK::send():4407, size=1100 in 1 chunks
20220808 041955.888 DEBUG            PET3 VMK::recv():4898, size=500 in 1 chunks
20220808 041955.888 DEBUG            PET3 VMK::send():4407, size=500 in 1 chunks
20220808 041955.888 DEBUG            PET3 VMK::recv():4898, size=4 in 1 chunks
20220808 041955.888 DEBUG            PET3 VMK::send():4407, size=4 in 1 chunks
20220808 041955.888 DEBUG            PET3 VMK::recv():4898, size=1100 in 1 chunks
20220808 041955.888 DEBUG            PET3 VMK::send():4407, size=1100 in 1 chunks
20220808 041955.889 DEBUG            PET3 VMK::recv():4898, size=200 in 1 chunks
20220808 041955.889 DEBUG            PET3 VMK::send():4407, size=200 in 1 chunks
20220808 041955.889 DEBUG            PET3 VMK::recv():4898, size=200 in 1 chunks
20220808 041955.889 DEBUG            PET3 VMK::send():4407, size=200 in 1 chunks
20220808 041955.889 DEBUG            PET3 VMK::recv():4898, size=200 in 1 chunks
20220808 041955.889 DEBUG            PET3 VMK::send():4407, size=200 in 1 chunks
20220808 041955.889 DEBUG            PET3 VMK::recv():4898, size=200 in 1 chunks
20220808 041955.889 DEBUG            PET3 VMK::send():4407, size=200 in 1 chunks
20220808 041955.889 DEBUG            PET3 VMK::recv():4898, size=200 in 1 chunks
20220808 041955.889 DEBUG            PET3 VMK::send():4407, size=200 in 1 chunks
20220808 041955.889 DEBUG            PET3 VMK::recv():4898, size=200 in 1 chunks
20220808 041955.889 DEBUG            PET3 VMK::send():4407, size=200 in 1 chunks
20220808 041955.889 DEBUG            PET3 VMK::recv():4898, size=200 in 1 chunks
20220808 041955.889 DEBUG            PET3 VMK::send():4407, size=200 in 1 chunks
20220808 041955.889 DEBUG            PET3 VMK::recv():4898, size=200 in 1 chunks
20220808 041955.889 DEBUG            PET3 VMK::send():4407, size=200 in 1 chunks
20220808 041955.891 DEBUG            PET3 VMK::recv():4898, size=200 in 1 chunks
20220808 041955.891 DEBUG            PET3 VMK::send():4407, size=200 in 1 chunks
20220808 041955.891 DEBUG            PET3 VMK::recv():4898, size=200 in 1 chunks
20220808 041955.891 DEBUG            PET3 VMK::send():4407, size=200 in 1 chunks
20220808 041955.891 DEBUG            PET3 VMK::recv():4898, size=200 in 1 chunks
20220808 041955.891 DEBUG            PET3 VMK::send():4407, size=200 in 1 chunks
20220808 041955.891 DEBUG            PET3 VMK::recv():4898, size=200 in 1 chunks
20220808 041955.891 DEBUG            PET3 VMK::send():4407, size=200 in 1 chunks
20220808 041955.891 DEBUG            PET3 VMK::recv():4898, size=200 in 1 chunks
20220808 041955.891 DEBUG            PET3 VMK::send():4407, size=200 in 1 chunks
20220808 041955.891 DEBUG            PET3 VMK::recv():4898, size=200 in 1 chunks
20220808 041955.891 DEBUG            PET3 VMK::send():4407, size=200 in 1 chunks
20220808 041955.891 DEBUG            PET3 VMK::recv():4898, size=200 in 1 chunks
20220808 041955.891 DEBUG            PET3 VMK::send():4407, size=200 in 1 chunks
20220808 041955.891 DEBUG            PET3 VMK::recv():4898, size=200 in 1 chunks
20220808 041955.891 DEBUG            PET3 VMK::send():4407, size=200 in 1 chunks
20220808 041955.891 DEBUG            PET3 VMK::recv():4898, size=200 in 1 chunks
20220808 041955.891 DEBUG            PET3 VMK::send():4407, size=200 in 1 chunks
20220808 041955.891 DEBUG            PET3 VMK::recv():4898, size=200 in 1 chunks
20220808 041955.891 DEBUG            PET3 VMK::send():4407, size=200 in 1 chunks
20220808 041955.891 DEBUG            PET3 VMK::recv():4898, size=200 in 1 chunks
20220808 041955.891 DEBUG            PET3 VMK::send():4407, size=200 in 1 chunks
20220808 041955.891 DEBUG            PET3 VMK::recv():4898, size=200 in 1 chunks
20220808 041955.891 DEBUG            PET3 VMK::send():4407, size=200 in 1 chunks
20220808 041955.891 DEBUG            PET3 VMK::recv():4898, size=200 in 1 chunks
20220808 041955.891 DEBUG            PET3 VMK::send():4407, size=200 in 1 chunks
20220808 041955.891 DEBUG            PET3 VMK::recv():4898, size=200 in 1 chunks
20220808 041955.891 DEBUG            PET3 VMK::send():4407, size=200 in 1 chunks
20220808 041955.891 DEBUG            PET3 VMK::recv():4898, size=200 in 1 chunks
20220808 041955.891 DEBUG            PET3 VMK::send():4407, size=200 in 1 chunks
20220808 041955.891 DEBUG            PET3 VMK::recv():4898, size=200 in 1 chunks
20220808 041955.891 DEBUG            PET3 VMK::send():4407, size=200 in 1 chunks
20220808 041955.891 DEBUG            PET3 VMK::recv():4898, size=200 in 1 chunks
20220808 041955.891 DEBUG            PET3 VMK::send():4407, size=200 in 1 chunks
20220808 041955.891 DEBUG            PET3 VMK::recv():4898, size=200 in 1 chunks
20220808 041955.891 DEBUG            PET3 VMK::send():4407, size=200 in 1 chunks
20220808 041955.891 DEBUG            PET3 VMK::recv():4898, size=200 in 1 chunks
20220808 041955.891 DEBUG            PET3 VMK::send():4407, size=200 in 1 chunks
20220808 041955.892 DEBUG            PET3 VMK::recv():4898, size=200 in 1 chunks
20220808 041955.892 DEBUG            PET3 VMK::send():4407, size=200 in 1 chunks
20220808 041955.892 DEBUG            PET3 VMK::recv():4898, size=200 in 1 chunks
20220808 041955.892 DEBUG            PET3 VMK::send():4407, size=200 in 1 chunks
20220808 041955.892 DEBUG            PET3 VMK::recv():4898, size=200 in 1 chunks
20220808 041955.892 DEBUG            PET3 VMK::send():4407, size=200 in 1 chunks
20220808 041955.892 DEBUG            PET3 VMK::recv():4898, size=200 in 1 chunks
20220808 041955.892 DEBUG            PET3 VMK::send():4407, size=200 in 1 chunks
20220808 041955.892 DEBUG            PET3 VMK::recv():4898, size=800 in 1 chunks
20220808 041955.892 DEBUG            PET3 VMK::send():4407, size=800 in 1 chunks
20220808 041955.892 DEBUG            PET3 VMK::recv():4898, size=800 in 1 chunks
20220808 041955.892 DEBUG            PET3 VMK::send():4407, size=800 in 1 chunks
20220808 041955.892 DEBUG            PET3 VMK::recv():4898, size=800 in 1 chunks
20220808 041955.892 DEBUG            PET3 VMK::send():4407, size=800 in 1 chunks
20220808 041955.893 DEBUG            PET3 VMK::recv():4898, size=100 in 1 chunks
20220808 041955.893 DEBUG            PET3 VMK::send():4407, size=100 in 1 chunks
20220808 041955.893 DEBUG            PET3 VMK::recv():4898, size=400 in 1 chunks
20220808 041955.893 DEBUG            PET3 VMK::send():4407, size=400 in 1 chunks
20220808 041955.893 DEBUG            PET3 VMK::recv():4898, size=200 in 1 chunks
20220808 041955.893 DEBUG            PET3 VMK::send():4407, size=200 in 1 chunks
20220808 041955.893 DEBUG            PET3 VMK::recv():4898, size=100 in 1 chunks
20220808 041955.893 DEBUG            PET3 VMK::send():4407, size=100 in 1 chunks
20220808 041955.893 DEBUG            PET3 VMK::recv():4898, size=400 in 1 chunks
20220808 041955.893 DEBUG            PET3 VMK::send():4407, size=400 in 1 chunks
20220808 041955.893 DEBUG            PET3 VMK::recv():4898, size=200 in 1 chunks
20220808 041955.893 DEBUG            PET3 VMK::send():4407, size=200 in 1 chunks
20220808 041955.893 DEBUG            PET3 VMK::recv():4898, size=500 in 1 chunks
20220808 041955.893 DEBUG            PET3 VMK::send():4407, size=500 in 1 chunks
20220808 041955.893 DEBUG            PET3 VMK::recv():4898, size=4 in 1 chunks
20220808 041955.893 DEBUG            PET3 VMK::send():4407, size=4 in 1 chunks
20220808 041955.893 DEBUG            PET3 VMK::recv():4898, size=1100 in 1 chunks
20220808 041955.893 DEBUG            PET3 VMK::send():4407, size=1100 in 1 chunks
20220808 041955.893 DEBUG            PET3 VMK::recv():4898, size=500 in 1 chunks
20220808 041955.893 DEBUG            PET3 VMK::send():4407, size=500 in 1 chunks
20220808 041955.893 DEBUG            PET3 VMK::recv():4898, size=4 in 1 chunks
20220808 041955.893 DEBUG            PET3 VMK::send():4407, size=4 in 1 chunks
20220808 041955.893 DEBUG            PET3 VMK::recv():4898, size=1100 in 1 chunks
20220808 041955.893 DEBUG            PET3 VMK::send():4407, size=1100 in 1 chunks
20220808 041955.893 DEBUG            PET3 VMK::recv():4898, size=200 in 1 chunks
20220808 041955.893 DEBUG            PET3 VMK::send():4407, size=200 in 1 chunks
20220808 041955.893 DEBUG            PET3 VMK::recv():4898, size=200 in 1 chunks
20220808 041955.893 DEBUG            PET3 VMK::send():4407, size=200 in 1 chunks
20220808 041955.893 DEBUG            PET3 VMK::recv():4898, size=200 in 1 chunks
20220808 041955.893 DEBUG            PET3 VMK::send():4407, size=200 in 1 chunks
20220808 041955.893 DEBUG            PET3 VMK::recv():4898, size=200 in 1 chunks
20220808 041955.893 DEBUG            PET3 VMK::send():4407, size=200 in 1 chunks
20220808 041955.893 DEBUG            PET3 VMK::recv():4898, size=200 in 1 chunks
20220808 041955.893 DEBUG            PET3 VMK::send():4407, size=200 in 1 chunks
20220808 041955.893 DEBUG            PET3 VMK::recv():4898, size=200 in 1 chunks
20220808 041955.893 DEBUG            PET3 VMK::send():4407, size=200 in 1 chunks
20220808 041955.893 DEBUG            PET3 VMK::recv():4898, size=200 in 1 chunks
20220808 041955.893 DEBUG            PET3 VMK::send():4407, size=200 in 1 chunks
20220808 041955.893 DEBUG            PET3 VMK::recv():4898, size=200 in 1 chunks
20220808 041955.893 DEBUG            PET3 VMK::send():4407, size=200 in 1 chunks
20220808 041955.893 DEBUG            PET3 VMK::recv():4898, size=200 in 1 chunks
20220808 041955.893 DEBUG            PET3 VMK::send():4407, size=200 in 1 chunks
20220808 041955.893 DEBUG            PET3 VMK::recv():4898, size=200 in 1 chunks
20220808 041955.893 DEBUG            PET3 VMK::send():4407, size=200 in 1 chunks
20220808 041955.893 DEBUG            PET3 VMK::recv():4898, size=200 in 1 chunks
20220808 041955.893 DEBUG            PET3 VMK::send():4407, size=200 in 1 chunks
20220808 041955.893 DEBUG            PET3 VMK::recv():4898, size=200 in 1 chunks
20220808 041955.893 DEBUG            PET3 VMK::send():4407, size=200 in 1 chunks
20220808 041955.893 DEBUG            PET3 VMK::recv():4898, size=200 in 1 chunks
20220808 041955.893 DEBUG            PET3 VMK::send():4407, size=200 in 1 chunks
20220808 041955.893 DEBUG            PET3 VMK::recv():4898, size=200 in 1 chunks
20220808 041955.893 DEBUG            PET3 VMK::send():4407, size=200 in 1 chunks
20220808 041955.893 DEBUG            PET3 VMK::recv():4898, size=200 in 1 chunks
20220808 041955.893 DEBUG            PET3 VMK::send():4407, size=200 in 1 chunks
20220808 041955.893 DEBUG            PET3 VMK::recv():4898, size=200 in 1 chunks
20220808 041955.893 DEBUG            PET3 VMK::send():4407, size=200 in 1 chunks
20220808 041955.893 DEBUG            PET3 VMK::recv():4898, size=200 in 1 chunks
20220808 041955.893 DEBUG            PET3 VMK::send():4407, size=200 in 1 chunks
20220808 041955.893 DEBUG            PET3 VMK::recv():4898, size=200 in 1 chunks
20220808 041955.893 DEBUG            PET3 VMK::send():4407, size=200 in 1 chunks
20220808 041955.893 DEBUG            PET3 VMK::recv():4898, size=200 in 1 chunks
20220808 041955.893 DEBUG            PET3 VMK::send():4407, size=200 in 1 chunks
20220808 041955.893 DEBUG            PET3 VMK::recv():4898, size=200 in 1 chunks
20220808 041955.893 DEBUG            PET3 VMK::send():4407, size=200 in 1 chunks
20220808 041955.893 DEBUG            PET3 VMK::recv():4898, size=200 in 1 chunks
20220808 041955.893 DEBUG            PET3 VMK::send():4407, size=200 in 1 chunks
20220808 041955.893 DEBUG            PET3 VMK::recv():4898, size=200 in 1 chunks
20220808 041955.893 DEBUG            PET3 VMK::send():4407, size=200 in 1 chunks
20220808 041955.893 DEBUG            PET3 VMK::recv():4898, size=200 in 1 chunks
20220808 041955.893 DEBUG            PET3 VMK::send():4407, size=200 in 1 chunks
20220808 041955.893 DEBUG            PET3 VMK::recv():4898, size=200 in 1 chunks
20220808 041955.893 DEBUG            PET3 VMK::send():4407, size=200 in 1 chunks
20220808 041955.893 DEBUG            PET3 VMK::recv():4898, size=200 in 1 chunks
20220808 041955.893 DEBUG            PET3 VMK::send():4407, size=200 in 1 chunks
20220808 041955.893 DEBUG            PET3 VMK::recv():4898, size=200 in 1 chunks
20220808 041955.893 DEBUG            PET3 VMK::send():4407, size=200 in 1 chunks
20220808 041955.893 DEBUG            PET3 VMK::recv():4898, size=200 in 1 chunks
20220808 041955.893 DEBUG            PET3 VMK::send():4407, size=200 in 1 chunks
20220808 041955.893 DEBUG            PET3 VMK::recv():4898, size=200 in 1 chunks
20220808 041955.893 DEBUG            PET3 VMK::send():4407, size=200 in 1 chunks
20220808 041955.893 DEBUG            PET3 VMK::recv():4898, size=200 in 1 chunks
20220808 041955.893 DEBUG            PET3 VMK::send():4407, size=200 in 1 chunks
20220808 041955.893 DEBUG            PET3 VMK::recv():4898, size=200 in 1 chunks
20220808 041955.893 DEBUG            PET3 VMK::send():4407, size=200 in 1 chunks
20220808 041955.893 DEBUG            PET3 VMK::recv():4898, size=200 in 1 chunks
20220808 041955.893 DEBUG            PET3 VMK::send():4407, size=200 in 1 chunks
20220808 041955.894 DEBUG            PET3 VMK::recv():4898, size=600 in 1 chunks
20220808 041955.894 DEBUG            PET3 VMK::send():4407, size=600 in 1 chunks
20220808 041955.894 INFO             PET3  NUMBER_OF_PROCESSORS           4
20220808 041955.894 INFO             PET3  PASS  Example ESMF_FieldBundleRedistEx, ESMF_FieldBundleRedistEx.F90, line 280
20220808 041955.894 INFO             PET3 Finalizing ESMF
20220808 041955.894 DEBUG            PET3 epochFinal
