2022-08-05 02:37:38
20220805 030701.291 INFO             PET0 !!!!!!!!!!!!!!!!!!!!!!!!!!!!!!!!!!!!!!!!!!!!!!!!!!!!!!
20220805 030701.291 INFO             PET0 !!! THE ESMF_LOG IS SET TO OUTPUT ALL LOG MESSAGES !!!
20220805 030701.291 INFO             PET0 !!!     THIS MAY CAUSE SLOWDOWN IN PERFORMANCE     !!!
20220805 030701.291 INFO             PET0 !!! FOR PRODUCTION RUNS, USE:                      !!!
20220805 030701.291 INFO             PET0 !!!                   ESMF_LOGKIND_Multi_On_Error  !!!
20220805 030701.291 INFO             PET0 !!!!!!!!!!!!!!!!!!!!!!!!!!!!!!!!!!!!!!!!!!!!!!!!!!!!!!
20220805 030701.291 INFO             PET0 Running with ESMF Version   : v8.3.0b17-27-g5b5163fc0a
20220805 030701.291 INFO             PET0 ESMF library build date/time: "Aug  5 2022" "02:35:36"
20220805 030701.291 INFO             PET0 ESMF library build location : /glade/scratch/dunlap/esmf-testing/gfortran_9.1.0_openmpi_O_feature_large-messages/esmf
20220805 030701.291 INFO             PET0 ESMF_COMM                   : openmpi
20220805 030701.291 INFO             PET0 ESMF_MOAB                   : enabled
20220805 030701.291 INFO             PET0 ESMF_LAPACK                 : enabled
20220805 030701.291 INFO             PET0 ESMF_NETCDF                 : enabled
20220805 030701.291 INFO             PET0 ESMF_PNETCDF                : disabled
20220805 030701.291 INFO             PET0 ESMF_PIO                    : enabled
20220805 030701.291 INFO             PET0 ESMF_YAMLCPP                : enabled
20220805 030701.293 DEBUG            PET0 VMK::recv():4898, size=40 in 1 chunks
20220805 030701.293 DEBUG            PET0 VMK::recv():4898, size=40 in 1 chunks
20220805 030701.293 DEBUG            PET0 VMK::recv():4898, size=40 in 1 chunks
20220805 030701.293 DEBUG            PET0 epochBuffer:4765 non-blocking recv firstFlag=1 size=40
20220805 030701.293 DEBUG            PET0 epochBuffer:4778 ready to probe: src=3
20220805 030701.297 DEBUG            PET0 epochBuffer:4813 time in blocking probe: 0.0040069 seconds
20220805 030701.297 DEBUG            PET0 epochBuffer:4817 incoming message of size=104
20220805 030701.297 DEBUG            PET0 epochBuffer:4830 ready to post blocking recv: src=3 size=104 streamBuffer=0x1c83700
20220805 030701.297 DEBUG            PET0 epochBuffer:4849 time in blocking recv: 3.981e-06 seconds
20220805 030701.297 DEBUG            PET0 epochBuffer:4863 processing recv chunk: buffer=0x1c83700 chunkSize=40 chunkTag=3000
20220805 030701.297 DEBUG            PET0 epochBuffer:4765 non-blocking recv firstFlag=0 size=40
20220805 030701.297 DEBUG            PET0 epochBuffer:4863 processing recv chunk: buffer=0x1c83734 chunkSize=40 chunkTag=3000
20220805 030701.297 INFO             PET0  NUMBER_OF_PROCESSORS           4
20220805 030701.297 INFO             PET0  PASS  Example ESMF_VMNonBlockingEx, ESMF_VMNonBlockingEx.F90, line 433
20220805 030701.297 INFO             PET0 Finalizing ESMF
20220805 030701.297 DEBUG            PET0 epochFinal
20220805 030701.291 INFO             PET1 !!!!!!!!!!!!!!!!!!!!!!!!!!!!!!!!!!!!!!!!!!!!!!!!!!!!!!
20220805 030701.291 INFO             PET1 !!! THE ESMF_LOG IS SET TO OUTPUT ALL LOG MESSAGES !!!
20220805 030701.291 INFO             PET1 !!!     THIS MAY CAUSE SLOWDOWN IN PERFORMANCE     !!!
20220805 030701.291 INFO             PET1 !!! FOR PRODUCTION RUNS, USE:                      !!!
20220805 030701.291 INFO             PET1 !!!                   ESMF_LOGKIND_Multi_On_Error  !!!
20220805 030701.291 INFO             PET1 !!!!!!!!!!!!!!!!!!!!!!!!!!!!!!!!!!!!!!!!!!!!!!!!!!!!!!
20220805 030701.291 INFO             PET1 Running with ESMF Version   : v8.3.0b17-27-g5b5163fc0a
20220805 030701.291 INFO             PET1 ESMF library build date/time: "Aug  5 2022" "02:35:36"
20220805 030701.291 INFO             PET1 ESMF library build location : /glade/scratch/dunlap/esmf-testing/gfortran_9.1.0_openmpi_O_feature_large-messages/esmf
20220805 030701.291 INFO             PET1 ESMF_COMM                   : openmpi
20220805 030701.291 INFO             PET1 ESMF_MOAB                   : enabled
20220805 030701.291 INFO             PET1 ESMF_LAPACK                 : enabled
20220805 030701.291 INFO             PET1 ESMF_NETCDF                 : enabled
20220805 030701.291 INFO             PET1 ESMF_PNETCDF                : disabled
20220805 030701.291 INFO             PET1 ESMF_PIO                    : enabled
20220805 030701.291 INFO             PET1 ESMF_YAMLCPP                : enabled
20220805 030701.293 INFO             PET1  NUMBER_OF_PROCESSORS           4
20220805 030701.293 INFO             PET1  PASS  Example ESMF_VMNonBlockingEx, ESMF_VMNonBlockingEx.F90, line 433
20220805 030701.293 INFO             PET1 Finalizing ESMF
20220805 030701.293 DEBUG            PET1 epochFinal
20220805 030701.292 INFO             PET2 !!!!!!!!!!!!!!!!!!!!!!!!!!!!!!!!!!!!!!!!!!!!!!!!!!!!!!
20220805 030701.292 INFO             PET2 !!! THE ESMF_LOG IS SET TO OUTPUT ALL LOG MESSAGES !!!
20220805 030701.292 INFO             PET2 !!!     THIS MAY CAUSE SLOWDOWN IN PERFORMANCE     !!!
20220805 030701.292 INFO             PET2 !!! FOR PRODUCTION RUNS, USE:                      !!!
20220805 030701.292 INFO             PET2 !!!                   ESMF_LOGKIND_Multi_On_Error  !!!
20220805 030701.292 INFO             PET2 !!!!!!!!!!!!!!!!!!!!!!!!!!!!!!!!!!!!!!!!!!!!!!!!!!!!!!
20220805 030701.292 INFO             PET2 Running with ESMF Version   : v8.3.0b17-27-g5b5163fc0a
20220805 030701.292 INFO             PET2 ESMF library build date/time: "Aug  5 2022" "02:35:36"
20220805 030701.292 INFO             PET2 ESMF library build location : /glade/scratch/dunlap/esmf-testing/gfortran_9.1.0_openmpi_O_feature_large-messages/esmf
20220805 030701.292 INFO             PET2 ESMF_COMM                   : openmpi
20220805 030701.292 INFO             PET2 ESMF_MOAB                   : enabled
20220805 030701.292 INFO             PET2 ESMF_LAPACK                 : enabled
20220805 030701.292 INFO             PET2 ESMF_NETCDF                 : enabled
20220805 030701.292 INFO             PET2 ESMF_PNETCDF                : disabled
20220805 030701.292 INFO             PET2 ESMF_PIO                    : enabled
20220805 030701.292 INFO             PET2 ESMF_YAMLCPP                : enabled
20220805 030701.293 INFO             PET2  NUMBER_OF_PROCESSORS           4
20220805 030701.293 INFO             PET2  PASS  Example ESMF_VMNonBlockingEx, ESMF_VMNonBlockingEx.F90, line 433
20220805 030701.293 INFO             PET2 Finalizing ESMF
20220805 030701.293 DEBUG            PET2 epochFinal
20220805 030701.292 INFO             PET3 !!!!!!!!!!!!!!!!!!!!!!!!!!!!!!!!!!!!!!!!!!!!!!!!!!!!!!
20220805 030701.292 INFO             PET3 !!! THE ESMF_LOG IS SET TO OUTPUT ALL LOG MESSAGES !!!
20220805 030701.292 INFO             PET3 !!!     THIS MAY CAUSE SLOWDOWN IN PERFORMANCE     !!!
20220805 030701.292 INFO             PET3 !!! FOR PRODUCTION RUNS, USE:                      !!!
20220805 030701.292 INFO             PET3 !!!                   ESMF_LOGKIND_Multi_On_Error  !!!
20220805 030701.292 INFO             PET3 !!!!!!!!!!!!!!!!!!!!!!!!!!!!!!!!!!!!!!!!!!!!!!!!!!!!!!
20220805 030701.292 INFO             PET3 Running with ESMF Version   : v8.3.0b17-27-g5b5163fc0a
20220805 030701.292 INFO             PET3 ESMF library build date/time: "Aug  5 2022" "02:35:36"
20220805 030701.292 INFO             PET3 ESMF library build location : /glade/scratch/dunlap/esmf-testing/gfortran_9.1.0_openmpi_O_feature_large-messages/esmf
20220805 030701.292 INFO             PET3 ESMF_COMM                   : openmpi
20220805 030701.292 INFO             PET3 ESMF_MOAB                   : enabled
20220805 030701.292 INFO             PET3 ESMF_LAPACK                 : enabled
20220805 030701.292 INFO             PET3 ESMF_NETCDF                 : enabled
20220805 030701.292 INFO             PET3 ESMF_PNETCDF                : disabled
20220805 030701.292 INFO             PET3 ESMF_PIO                    : enabled
20220805 030701.292 INFO             PET3 ESMF_YAMLCPP                : enabled
20220805 030701.293 DEBUG            PET3 VMK::send():4407, size=40 in 1 chunks
20220805 030701.293 DEBUG            PET3 VMK::send():4407, size=40 in 1 chunks
20220805 030701.293 DEBUG            PET3 VMK::send():4407, size=40 in 1 chunks
20220805 030701.293 DEBUG            PET3 epochBuffer:4353 non-blocking send to dst=0 firstFlag=1 msg size=40
20220805 030701.293 DEBUG            PET3 epochBuffer:4063 ready to clear outstanding comm
20220805 030701.293 INFO             PET3 VMK::sendBuffer::clear():1.0 - MemInfo: [/proc/meminfo - SSI]	MemTotal:       65507008 kB
20220805 030701.293 INFO             PET3 VMK::sendBuffer::clear():1.0 - MemInfo: [/proc/meminfo - SSI]	MemFree:        49600052 kB
20220805 030701.293 INFO             PET3 VMK::sendBuffer::clear():1.0 - MemInfo: [/proc/meminfo - SSI]	MemAvailable:   49375168 kB
20220805 030701.293 INFO             PET3 VMK::sendBuffer::clear():1.0 - MemInfo: [/proc/meminfo - SSI]	Committed_AS:   13522696 kB
20220805 030701.293 INFO             PET3 VMK::sendBuffer::clear():1.0 - MemInfo: [/proc/meminfo - SSI]	CommittedPercent: 20.6431 %
20220805 030701.293 INFO             PET3 VMK::sendBuffer::clear():1.0 - MemInfo: [/proc/self/status]	VmPeak:	  506988 kB
20220805 030701.293 INFO             PET3 VMK::sendBuffer::clear():1.0 - MemInfo: [/proc/self/status]	VmSize:	  506988 kB
20220805 030701.293 INFO             PET3 VMK::sendBuffer::clear():1.0 - MemInfo: [/proc/self/status]	VmLck:	       0 kB
20220805 030701.293 INFO             PET3 VMK::sendBuffer::clear():1.0 - MemInfo: [/proc/self/status]	VmPin:	       0 kB
20220805 030701.293 INFO             PET3 VMK::sendBuffer::clear():1.0 - MemInfo: [/proc/self/status]	VmHWM:	   64812 kB
20220805 030701.293 INFO             PET3 VMK::sendBuffer::clear():1.0 - MemInfo: [/proc/self/status]	VmRSS:	   17572 kB
20220805 030701.293 INFO             PET3 VMK::sendBuffer::clear():1.0 - MemInfo: [/proc/self/status]	VmData:	   15240 kB
20220805 030701.293 INFO             PET3 VMK::sendBuffer::clear():1.0 - MemInfo: [/proc/self/status]	VmStk:	     148 kB
20220805 030701.293 INFO             PET3 VMK::sendBuffer::clear():1.0 - MemInfo: [/proc/self/status]	VmExe:	     200 kB
20220805 030701.293 INFO             PET3 VMK::sendBuffer::clear():1.0 - MemInfo: [/proc/self/status]	VmLib:	   49580 kB
20220805 030701.293 INFO             PET3 VMK::sendBuffer::clear():1.0 - MemInfo: [/proc/self/status]	VmPTE:	     724 kB
20220805 030701.293 INFO             PET3 VMK::sendBuffer::clear():1.0 - MemInfo: [/proc/self/status]	VmPMD:	      12 kB
20220805 030701.293 INFO             PET3 VMK::sendBuffer::clear():1.0 - MemInfo: [/proc/self/status]	VmSwap:	       0 kB
20220805 030701.293 INFO             PET3 VMK::sendBuffer::clear():1.0 - MemInfo: [/proc/self/status]	VmRSSPercent: 0.0268246 %
20220805 030701.293 INFO             PET3 VMK::sendBuffer::clear():1.0 - MemInfo: [malloc] Non-mmapped space allocated:                 3268608 Byte
20220805 030701.293 INFO             PET3 VMK::sendBuffer::clear():1.0 - MemInfo: [malloc] Space allocated in mmapped regions:          1581056 Byte
20220805 030701.293 INFO             PET3 VMK::sendBuffer::clear():1.0 - MemInfo: [malloc] Maximum total allocated space:                     0 Byte
20220805 030701.293 INFO             PET3 VMK::sendBuffer::clear():1.0 - MemInfo: [malloc] Space in freed fastbin blocks:                  2640 Byte
20220805 030701.293 INFO             PET3 VMK::sendBuffer::clear():1.0 - MemInfo: [malloc] Total allocated space:                       2340288 Byte
20220805 030701.293 INFO             PET3 VMK::sendBuffer::clear():1.0 - MemInfo: [malloc] Total free space:                             928320 Byte
20220805 030701.296 INFO             PET3 VMK::sendBuffer::clear():1.0 - MemInfo: [malloc] Top-most, releasable space:                   135088 Byte
20220805 030701.296 INFO             PET3 VMK::sendBuffer::clear():1.0 - MemInfo: [malloc] Total space in use, mmap + non-mmap:         3921344 Byte
20220805 030701.296 INFO             PET3 VMK::sendBuffer::clear():1.0 - MemInfo: [malloc] Total space held (mmap + non-mmap):          4849664 Byte
20220805 030701.296 INFO             PET3 VMK::sendBuffer::clear():1.0 - MemInfo: [malloc] Total space used (mmap + non-mmap):          3930544 Byte
20220805 030701.296 INFO             PET3 VMK::sendBuffer::clear():1.0 - MemInfo: Wall-clock time since execution start:             0.00583948 seconds
20220805 030701.296 INFO             PET3 VMK::sendBuffer::clear():2.0 - MemInfo: [/proc/meminfo - SSI]	MemTotal:       65507008 kB
20220805 030701.296 INFO             PET3 VMK::sendBuffer::clear():2.0 - MemInfo: [/proc/meminfo - SSI]	MemFree:        49600052 kB
20220805 030701.296 INFO             PET3 VMK::sendBuffer::clear():2.0 - MemInfo: [/proc/meminfo - SSI]	MemAvailable:   49375168 kB
20220805 030701.296 INFO             PET3 VMK::sendBuffer::clear():2.0 - MemInfo: [/proc/meminfo - SSI]	Committed_AS:   13522696 kB
20220805 030701.296 INFO             PET3 VMK::sendBuffer::clear():2.0 - MemInfo: [/proc/meminfo - SSI]	CommittedPercent: 20.6431 %
20220805 030701.296 INFO             PET3 VMK::sendBuffer::clear():2.0 - MemInfo: [/proc/self/status]	VmPeak:	  506988 kB
20220805 030701.296 INFO             PET3 VMK::sendBuffer::clear():2.0 - MemInfo: [/proc/self/status]	VmSize:	  506988 kB
20220805 030701.296 INFO             PET3 VMK::sendBuffer::clear():2.0 - MemInfo: [/proc/self/status]	VmLck:	       0 kB
20220805 030701.296 INFO             PET3 VMK::sendBuffer::clear():2.0 - MemInfo: [/proc/self/status]	VmPin:	       0 kB
20220805 030701.296 INFO             PET3 VMK::sendBuffer::clear():2.0 - MemInfo: [/proc/self/status]	VmHWM:	   64812 kB
20220805 030701.296 INFO             PET3 VMK::sendBuffer::clear():2.0 - MemInfo: [/proc/self/status]	VmRSS:	   17624 kB
20220805 030701.296 INFO             PET3 VMK::sendBuffer::clear():2.0 - MemInfo: [/proc/self/status]	VmData:	   15240 kB
20220805 030701.296 INFO             PET3 VMK::sendBuffer::clear():2.0 - MemInfo: [/proc/self/status]	VmStk:	     148 kB
20220805 030701.296 INFO             PET3 VMK::sendBuffer::clear():2.0 - MemInfo: [/proc/self/status]	VmExe:	     200 kB
20220805 030701.296 INFO             PET3 VMK::sendBuffer::clear():2.0 - MemInfo: [/proc/self/status]	VmLib:	   49580 kB
20220805 030701.296 INFO             PET3 VMK::sendBuffer::clear():2.0 - MemInfo: [/proc/self/status]	VmPTE:	     724 kB
20220805 030701.296 INFO             PET3 VMK::sendBuffer::clear():2.0 - MemInfo: [/proc/self/status]	VmPMD:	      12 kB
20220805 030701.296 INFO             PET3 VMK::sendBuffer::clear():2.0 - MemInfo: [/proc/self/status]	VmSwap:	       0 kB
20220805 030701.296 INFO             PET3 VMK::sendBuffer::clear():2.0 - MemInfo: [/proc/self/status]	VmRSSPercent: 0.026904 %
20220805 030701.296 INFO             PET3 VMK::sendBuffer::clear():2.0 - MemInfo: [malloc] Non-mmapped space allocated:                 3268608 Byte
20220805 030701.296 INFO             PET3 VMK::sendBuffer::clear():2.0 - MemInfo: [malloc] Space allocated in mmapped regions:          1581056 Byte
20220805 030701.296 INFO             PET3 VMK::sendBuffer::clear():2.0 - MemInfo: [malloc] Maximum total allocated space:                     0 Byte
20220805 030701.296 INFO             PET3 VMK::sendBuffer::clear():2.0 - MemInfo: [malloc] Space in freed fastbin blocks:                  2736 Byte
20220805 030701.296 INFO             PET3 VMK::sendBuffer::clear():2.0 - MemInfo: [malloc] Total allocated space:                       2340288 Byte
20220805 030701.296 INFO             PET3 VMK::sendBuffer::clear():2.0 - MemInfo: [malloc] Total free space:                             928320 Byte
20220805 030701.296 INFO             PET3 VMK::sendBuffer::clear():2.0 - MemInfo: [malloc] Top-most, releasable space:                   135088 Byte
20220805 030701.296 INFO             PET3 VMK::sendBuffer::clear():2.0 - MemInfo: [malloc] Total space in use, mmap + non-mmap:         3921344 Byte
20220805 030701.296 INFO             PET3 VMK::sendBuffer::clear():2.0 - MemInfo: [malloc] Total space held (mmap + non-mmap):          4849664 Byte
20220805 030701.296 INFO             PET3 VMK::sendBuffer::clear():2.0 - MemInfo: [malloc] Total space used (mmap + non-mmap):          3930544 Byte
20220805 030701.296 INFO             PET3 VMK::sendBuffer::clear():2.0 - MemInfo: Wall-clock time since execution start:             0.00607739 seconds
20220805 030701.296 INFO             PET3 VMK::sendBuffer::clear():3.0 - MemInfo: [/proc/meminfo - SSI]	MemTotal:       65507008 kB
20220805 030701.296 INFO             PET3 VMK::sendBuffer::clear():3.0 - MemInfo: [/proc/meminfo - SSI]	MemFree:        49600052 kB
20220805 030701.296 INFO             PET3 VMK::sendBuffer::clear():3.0 - MemInfo: [/proc/meminfo - SSI]	MemAvailable:   49375168 kB
20220805 030701.296 INFO             PET3 VMK::sendBuffer::clear():3.0 - MemInfo: [/proc/meminfo - SSI]	Committed_AS:   13522696 kB
20220805 030701.296 INFO             PET3 VMK::sendBuffer::clear():3.0 - MemInfo: [/proc/meminfo - SSI]	CommittedPercent: 20.6431 %
20220805 030701.296 INFO             PET3 VMK::sendBuffer::clear():3.0 - MemInfo: [/proc/self/status]	VmPeak:	  506988 kB
20220805 030701.296 INFO             PET3 VMK::sendBuffer::clear():3.0 - MemInfo: [/proc/self/status]	VmSize:	  506988 kB
20220805 030701.296 INFO             PET3 VMK::sendBuffer::clear():3.0 - MemInfo: [/proc/self/status]	VmLck:	       0 kB
20220805 030701.296 INFO             PET3 VMK::sendBuffer::clear():3.0 - MemInfo: [/proc/self/status]	VmPin:	       0 kB
20220805 030701.296 INFO             PET3 VMK::sendBuffer::clear():3.0 - MemInfo: [/proc/self/status]	VmHWM:	   64812 kB
20220805 030701.296 INFO             PET3 VMK::sendBuffer::clear():3.0 - MemInfo: [/proc/self/status]	VmRSS:	   17624 kB
20220805 030701.296 INFO             PET3 VMK::sendBuffer::clear():3.0 - MemInfo: [/proc/self/status]	VmData:	   15240 kB
20220805 030701.296 INFO             PET3 VMK::sendBuffer::clear():3.0 - MemInfo: [/proc/self/status]	VmStk:	     148 kB
20220805 030701.296 INFO             PET3 VMK::sendBuffer::clear():3.0 - MemInfo: [/proc/self/status]	VmExe:	     200 kB
20220805 030701.296 INFO             PET3 VMK::sendBuffer::clear():3.0 - MemInfo: [/proc/self/status]	VmLib:	   49580 kB
20220805 030701.296 INFO             PET3 VMK::sendBuffer::clear():3.0 - MemInfo: [/proc/self/status]	VmPTE:	     724 kB
20220805 030701.296 INFO             PET3 VMK::sendBuffer::clear():3.0 - MemInfo: [/proc/self/status]	VmPMD:	      12 kB
20220805 030701.296 INFO             PET3 VMK::sendBuffer::clear():3.0 - MemInfo: [/proc/self/status]	VmSwap:	       0 kB
20220805 030701.296 INFO             PET3 VMK::sendBuffer::clear():3.0 - MemInfo: [/proc/self/status]	VmRSSPercent: 0.026904 %
20220805 030701.296 INFO             PET3 VMK::sendBuffer::clear():3.0 - MemInfo: [malloc] Non-mmapped space allocated:                 3268608 Byte
20220805 030701.296 INFO             PET3 VMK::sendBuffer::clear():3.0 - MemInfo: [malloc] Space allocated in mmapped regions:          1581056 Byte
20220805 030701.296 INFO             PET3 VMK::sendBuffer::clear():3.0 - MemInfo: [malloc] Maximum total allocated space:                     0 Byte
20220805 030701.296 INFO             PET3 VMK::sendBuffer::clear():3.0 - MemInfo: [malloc] Space in freed fastbin blocks:                  2848 Byte
20220805 030701.296 INFO             PET3 VMK::sendBuffer::clear():3.0 - MemInfo: [malloc] Total allocated space:                       2340288 Byte
20220805 030701.296 INFO             PET3 VMK::sendBuffer::clear():3.0 - MemInfo: [malloc] Total free space:                             928320 Byte
20220805 030701.296 INFO             PET3 VMK::sendBuffer::clear():3.0 - MemInfo: [malloc] Top-most, releasable space:                   135088 Byte
20220805 030701.296 INFO             PET3 VMK::sendBuffer::clear():3.0 - MemInfo: [malloc] Total space in use, mmap + non-mmap:         3921344 Byte
20220805 030701.296 INFO             PET3 VMK::sendBuffer::clear():3.0 - MemInfo: [malloc] Total space held (mmap + non-mmap):          4849664 Byte
20220805 030701.296 INFO             PET3 VMK::sendBuffer::clear():3.0 - MemInfo: [malloc] Total space used (mmap + non-mmap):          3930544 Byte
20220805 030701.296 INFO             PET3 VMK::sendBuffer::clear():3.0 - MemInfo: Wall-clock time since execution start:              0.0062887 seconds
20220805 030701.296 DEBUG            PET3 epochBuffer:4376 non-blocking send write complete, current stream size=52
20220805 030701.296 DEBUG            PET3 epochBuffer:4353 non-blocking send to dst=0 firstFlag=0 msg size=40
20220805 030701.296 DEBUG            PET3 epochBuffer:4376 non-blocking send write complete, current stream size=104
20220805 030701.296 DEBUG            PET3 epochBuffer:3868 unacknowledged sends to dst=0: 0
20220805 030701.296 INFO             PET3 VMK::epochExit:1.0 - MemInfo: [/proc/meminfo - SSI]	MemTotal:       65507008 kB
20220805 030701.296 INFO             PET3 VMK::epochExit:1.0 - MemInfo: [/proc/meminfo - SSI]	MemFree:        49600052 kB
20220805 030701.296 INFO             PET3 VMK::epochExit:1.0 - MemInfo: [/proc/meminfo - SSI]	MemAvailable:   49375168 kB
20220805 030701.296 INFO             PET3 VMK::epochExit:1.0 - MemInfo: [/proc/meminfo - SSI]	Committed_AS:   13522696 kB
20220805 030701.296 INFO             PET3 VMK::epochExit:1.0 - MemInfo: [/proc/meminfo - SSI]	CommittedPercent: 20.6431 %
20220805 030701.296 INFO             PET3 VMK::epochExit:1.0 - MemInfo: [/proc/self/status]	VmPeak:	  506988 kB
20220805 030701.296 INFO             PET3 VMK::epochExit:1.0 - MemInfo: [/proc/self/status]	VmSize:	  506988 kB
20220805 030701.296 INFO             PET3 VMK::epochExit:1.0 - MemInfo: [/proc/self/status]	VmLck:	       0 kB
20220805 030701.296 INFO             PET3 VMK::epochExit:1.0 - MemInfo: [/proc/self/status]	VmPin:	       0 kB
20220805 030701.296 INFO             PET3 VMK::epochExit:1.0 - MemInfo: [/proc/self/status]	VmHWM:	   64812 kB
20220805 030701.296 INFO             PET3 VMK::epochExit:1.0 - MemInfo: [/proc/self/status]	VmRSS:	   17628 kB
20220805 030701.296 INFO             PET3 VMK::epochExit:1.0 - MemInfo: [/proc/self/status]	VmData:	   15240 kB
20220805 030701.296 INFO             PET3 VMK::epochExit:1.0 - MemInfo: [/proc/self/status]	VmStk:	     148 kB
20220805 030701.296 INFO             PET3 VMK::epochExit:1.0 - MemInfo: [/proc/self/status]	VmExe:	     200 kB
20220805 030701.296 INFO             PET3 VMK::epochExit:1.0 - MemInfo: [/proc/self/status]	VmLib:	   49580 kB
20220805 030701.296 INFO             PET3 VMK::epochExit:1.0 - MemInfo: [/proc/self/status]	VmPTE:	     724 kB
20220805 030701.296 INFO             PET3 VMK::epochExit:1.0 - MemInfo: [/proc/self/status]	VmPMD:	      12 kB
20220805 030701.296 INFO             PET3 VMK::epochExit:1.0 - MemInfo: [/proc/self/status]	VmSwap:	       0 kB
20220805 030701.296 INFO             PET3 VMK::epochExit:1.0 - MemInfo: [/proc/self/status]	VmRSSPercent: 0.0269101 %
20220805 030701.296 INFO             PET3 VMK::epochExit:1.0 - MemInfo: [malloc] Non-mmapped space allocated:                 3268608 Byte
20220805 030701.296 INFO             PET3 VMK::epochExit:1.0 - MemInfo: [malloc] Space allocated in mmapped regions:          1581056 Byte
20220805 030701.296 INFO             PET3 VMK::epochExit:1.0 - MemInfo: [malloc] Maximum total allocated space:                     0 Byte
20220805 030701.296 INFO             PET3 VMK::epochExit:1.0 - MemInfo: [malloc] Space in freed fastbin blocks:                  2064 Byte
20220805 030701.296 INFO             PET3 VMK::epochExit:1.0 - MemInfo: [malloc] Total allocated space:                       2339664 Byte
20220805 030701.297 INFO             PET3 VMK::epochExit:1.0 - MemInfo: [malloc] Total free space:                             928944 Byte
20220805 030701.297 INFO             PET3 VMK::epochExit:1.0 - MemInfo: [malloc] Top-most, releasable space:                   135088 Byte
20220805 030701.297 INFO             PET3 VMK::epochExit:1.0 - MemInfo: [malloc] Total space in use, mmap + non-mmap:         3920720 Byte
20220805 030701.297 INFO             PET3 VMK::epochExit:1.0 - MemInfo: [malloc] Total space held (mmap + non-mmap):          4849664 Byte
20220805 030701.297 INFO             PET3 VMK::epochExit:1.0 - MemInfo: [malloc] Total space used (mmap + non-mmap):          3930064 Byte
20220805 030701.297 INFO             PET3 VMK::epochExit:1.0 - MemInfo: Wall-clock time since execution start:              0.0065823 seconds
20220805 030701.297 INFO             PET3 VMK::epochExit:2.0 - MemInfo: [/proc/meminfo - SSI]	MemTotal:       65507008 kB
20220805 030701.297 INFO             PET3 VMK::epochExit:2.0 - MemInfo: [/proc/meminfo - SSI]	MemFree:        49600052 kB
20220805 030701.297 INFO             PET3 VMK::epochExit:2.0 - MemInfo: [/proc/meminfo - SSI]	MemAvailable:   49375168 kB
20220805 030701.297 INFO             PET3 VMK::epochExit:2.0 - MemInfo: [/proc/meminfo - SSI]	Committed_AS:   13522696 kB
20220805 030701.297 INFO             PET3 VMK::epochExit:2.0 - MemInfo: [/proc/meminfo - SSI]	CommittedPercent: 20.6431 %
20220805 030701.297 INFO             PET3 VMK::epochExit:2.0 - MemInfo: [/proc/self/status]	VmPeak:	  506988 kB
20220805 030701.297 INFO             PET3 VMK::epochExit:2.0 - MemInfo: [/proc/self/status]	VmSize:	  506988 kB
20220805 030701.297 INFO             PET3 VMK::epochExit:2.0 - MemInfo: [/proc/self/status]	VmLck:	       0 kB
20220805 030701.297 INFO             PET3 VMK::epochExit:2.0 - MemInfo: [/proc/self/status]	VmPin:	       0 kB
20220805 030701.297 INFO             PET3 VMK::epochExit:2.0 - MemInfo: [/proc/self/status]	VmHWM:	   64812 kB
20220805 030701.297 INFO             PET3 VMK::epochExit:2.0 - MemInfo: [/proc/self/status]	VmRSS:	   17632 kB
20220805 030701.297 INFO             PET3 VMK::epochExit:2.0 - MemInfo: [/proc/self/status]	VmData:	   15240 kB
20220805 030701.297 INFO             PET3 VMK::epochExit:2.0 - MemInfo: [/proc/self/status]	VmStk:	     148 kB
20220805 030701.297 INFO             PET3 VMK::epochExit:2.0 - MemInfo: [/proc/self/status]	VmExe:	     200 kB
20220805 030701.297 INFO             PET3 VMK::epochExit:2.0 - MemInfo: [/proc/self/status]	VmLib:	   49580 kB
20220805 030701.297 INFO             PET3 VMK::epochExit:2.0 - MemInfo: [/proc/self/status]	VmPTE:	     724 kB
20220805 030701.297 INFO             PET3 VMK::epochExit:2.0 - MemInfo: [/proc/self/status]	VmPMD:	      12 kB
20220805 030701.297 INFO             PET3 VMK::epochExit:2.0 - MemInfo: [/proc/self/status]	VmSwap:	       0 kB
20220805 030701.297 INFO             PET3 VMK::epochExit:2.0 - MemInfo: [/proc/self/status]	VmRSSPercent: 0.0269162 %
20220805 030701.297 INFO             PET3 VMK::epochExit:2.0 - MemInfo: [malloc] Non-mmapped space allocated:                 3268608 Byte
20220805 030701.297 INFO             PET3 VMK::epochExit:2.0 - MemInfo: [malloc] Space allocated in mmapped regions:          1581056 Byte
20220805 030701.297 INFO             PET3 VMK::epochExit:2.0 - MemInfo: [malloc] Maximum total allocated space:                     0 Byte
20220805 030701.297 INFO             PET3 VMK::epochExit:2.0 - MemInfo: [malloc] Space in freed fastbin blocks:                  2288 Byte
20220805 030701.297 INFO             PET3 VMK::epochExit:2.0 - MemInfo: [malloc] Total allocated space:                       2339664 Byte
20220805 030701.297 INFO             PET3 VMK::epochExit:2.0 - MemInfo: [malloc] Total free space:                             928944 Byte
20220805 030701.297 INFO             PET3 VMK::epochExit:2.0 - MemInfo: [malloc] Top-most, releasable space:                   135088 Byte
20220805 030701.297 INFO             PET3 VMK::epochExit:2.0 - MemInfo: [malloc] Total space in use, mmap + non-mmap:         3920720 Byte
20220805 030701.297 INFO             PET3 VMK::epochExit:2.0 - MemInfo: [malloc] Total space held (mmap + non-mmap):          4849664 Byte
20220805 030701.297 INFO             PET3 VMK::epochExit:2.0 - MemInfo: [malloc] Total space used (mmap + non-mmap):          3930064 Byte
20220805 030701.297 INFO             PET3 VMK::epochExit:2.0 - MemInfo: Wall-clock time since execution start:             0.00679647 seconds
20220805 030701.297 DEBUG            PET3 epochBuffer:3920 ready to post non-blocking send: dst=0 size=104 buffer=0xb57bf0
20220805 030701.297 DEBUG            PET3 epochBuffer:3971 time in non-blocking send: 1.216e-06 seconds
20220805 030701.297 INFO             PET3 VMK::epochExit:3.0 - MemInfo: [/proc/meminfo - SSI]	MemTotal:       65507008 kB
20220805 030701.297 INFO             PET3 VMK::epochExit:3.0 - MemInfo: [/proc/meminfo - SSI]	MemFree:        49600052 kB
20220805 030701.297 INFO             PET3 VMK::epochExit:3.0 - MemInfo: [/proc/meminfo - SSI]	MemAvailable:   49375168 kB
20220805 030701.297 INFO             PET3 VMK::epochExit:3.0 - MemInfo: [/proc/meminfo - SSI]	Committed_AS:   13522696 kB
20220805 030701.297 INFO             PET3 VMK::epochExit:3.0 - MemInfo: [/proc/meminfo - SSI]	CommittedPercent: 20.6431 %
20220805 030701.297 INFO             PET3 VMK::epochExit:3.0 - MemInfo: [/proc/self/status]	VmPeak:	  506988 kB
20220805 030701.297 INFO             PET3 VMK::epochExit:3.0 - MemInfo: [/proc/self/status]	VmSize:	  506988 kB
20220805 030701.297 INFO             PET3 VMK::epochExit:3.0 - MemInfo: [/proc/self/status]	VmLck:	       0 kB
20220805 030701.297 INFO             PET3 VMK::epochExit:3.0 - MemInfo: [/proc/self/status]	VmPin:	       0 kB
20220805 030701.297 INFO             PET3 VMK::epochExit:3.0 - MemInfo: [/proc/self/status]	VmHWM:	   64812 kB
20220805 030701.297 INFO             PET3 VMK::epochExit:3.0 - MemInfo: [/proc/self/status]	VmRSS:	   17632 kB
20220805 030701.297 INFO             PET3 VMK::epochExit:3.0 - MemInfo: [/proc/self/status]	VmData:	   15240 kB
20220805 030701.297 INFO             PET3 VMK::epochExit:3.0 - MemInfo: [/proc/self/status]	VmStk:	     148 kB
20220805 030701.297 INFO             PET3 VMK::epochExit:3.0 - MemInfo: [/proc/self/status]	VmExe:	     200 kB
20220805 030701.297 INFO             PET3 VMK::epochExit:3.0 - MemInfo: [/proc/self/status]	VmLib:	   49580 kB
20220805 030701.297 INFO             PET3 VMK::epochExit:3.0 - MemInfo: [/proc/self/status]	VmPTE:	     724 kB
20220805 030701.297 INFO             PET3 VMK::epochExit:3.0 - MemInfo: [/proc/self/status]	VmPMD:	      12 kB
20220805 030701.297 INFO             PET3 VMK::epochExit:3.0 - MemInfo: [/proc/self/status]	VmSwap:	       0 kB
20220805 030701.297 INFO             PET3 VMK::epochExit:3.0 - MemInfo: [/proc/self/status]	VmRSSPercent: 0.0269162 %
20220805 030701.297 INFO             PET3 VMK::epochExit:3.0 - MemInfo: [malloc] Non-mmapped space allocated:                 3268608 Byte
20220805 030701.297 INFO             PET3 VMK::epochExit:3.0 - MemInfo: [malloc] Space allocated in mmapped regions:          1581056 Byte
20220805 030701.297 INFO             PET3 VMK::epochExit:3.0 - MemInfo: [malloc] Maximum total allocated space:                     0 Byte
20220805 030701.297 INFO             PET3 VMK::epochExit:3.0 - MemInfo: [malloc] Space in freed fastbin blocks:                  3072 Byte
20220805 030701.297 INFO             PET3 VMK::epochExit:3.0 - MemInfo: [malloc] Total allocated space:                       2339008 Byte
20220805 030701.297 INFO             PET3 VMK::epochExit:3.0 - MemInfo: [malloc] Total free space:                             929600 Byte
20220805 030701.297 INFO             PET3 VMK::epochExit:3.0 - MemInfo: [malloc] Top-most, releasable space:                   135088 Byte
20220805 030701.297 INFO             PET3 VMK::epochExit:3.0 - MemInfo: [malloc] Total space in use, mmap + non-mmap:         3920064 Byte
20220805 030701.297 INFO             PET3 VMK::epochExit:3.0 - MemInfo: [malloc] Total space held (mmap + non-mmap):          4849664 Byte
20220805 030701.297 INFO             PET3 VMK::epochExit:3.0 - MemInfo: [malloc] Total space used (mmap + non-mmap):          3930304 Byte
20220805 030701.297 INFO             PET3 VMK::epochExit:3.0 - MemInfo: Wall-clock time since execution start:              0.0070337 seconds
20220805 030701.297 DEBUG            PET3 epochBuffer:3987 unacknowledged sends to dst=0: 1
20220805 030701.297 INFO             PET3 VMK::epochExit:4.0 - MemInfo: [/proc/meminfo - SSI]	MemTotal:       65507008 kB
20220805 030701.297 INFO             PET3 VMK::epochExit:4.0 - MemInfo: [/proc/meminfo - SSI]	MemFree:        49600052 kB
20220805 030701.297 INFO             PET3 VMK::epochExit:4.0 - MemInfo: [/proc/meminfo - SSI]	MemAvailable:   49375168 kB
20220805 030701.297 INFO             PET3 VMK::epochExit:4.0 - MemInfo: [/proc/meminfo - SSI]	Committed_AS:   13522696 kB
20220805 030701.297 INFO             PET3 VMK::epochExit:4.0 - MemInfo: [/proc/meminfo - SSI]	CommittedPercent: 20.6431 %
20220805 030701.297 INFO             PET3 VMK::epochExit:4.0 - MemInfo: [/proc/self/status]	VmPeak:	  506988 kB
20220805 030701.297 INFO             PET3 VMK::epochExit:4.0 - MemInfo: [/proc/self/status]	VmSize:	  506988 kB
20220805 030701.297 INFO             PET3 VMK::epochExit:4.0 - MemInfo: [/proc/self/status]	VmLck:	       0 kB
20220805 030701.297 INFO             PET3 VMK::epochExit:4.0 - MemInfo: [/proc/self/status]	VmPin:	       0 kB
20220805 030701.297 INFO             PET3 VMK::epochExit:4.0 - MemInfo: [/proc/self/status]	VmHWM:	   64812 kB
20220805 030701.297 INFO             PET3 VMK::epochExit:4.0 - MemInfo: [/proc/self/status]	VmRSS:	   17636 kB
20220805 030701.297 INFO             PET3 VMK::epochExit:4.0 - MemInfo: [/proc/self/status]	VmData:	   15240 kB
20220805 030701.297 INFO             PET3 VMK::epochExit:4.0 - MemInfo: [/proc/self/status]	VmStk:	     148 kB
20220805 030701.297 INFO             PET3 VMK::epochExit:4.0 - MemInfo: [/proc/self/status]	VmExe:	     200 kB
20220805 030701.297 INFO             PET3 VMK::epochExit:4.0 - MemInfo: [/proc/self/status]	VmLib:	   49580 kB
20220805 030701.297 INFO             PET3 VMK::epochExit:4.0 - MemInfo: [/proc/self/status]	VmPTE:	     724 kB
20220805 030701.297 INFO             PET3 VMK::epochExit:4.0 - MemInfo: [/proc/self/status]	VmPMD:	      12 kB
20220805 030701.297 INFO             PET3 VMK::epochExit:4.0 - MemInfo: [/proc/self/status]	VmSwap:	       0 kB
20220805 030701.297 INFO             PET3 VMK::epochExit:4.0 - MemInfo: [/proc/self/status]	VmRSSPercent: 0.0269223 %
20220805 030701.297 INFO             PET3 VMK::epochExit:4.0 - MemInfo: [malloc] Non-mmapped space allocated:                 3268608 Byte
20220805 030701.297 INFO             PET3 VMK::epochExit:4.0 - MemInfo: [malloc] Space allocated in mmapped regions:          1581056 Byte
20220805 030701.297 INFO             PET3 VMK::epochExit:4.0 - MemInfo: [malloc] Maximum total allocated space:                     0 Byte
20220805 030701.297 INFO             PET3 VMK::epochExit:4.0 - MemInfo: [malloc] Space in freed fastbin blocks:                  3648 Byte
20220805 030701.297 INFO             PET3 VMK::epochExit:4.0 - MemInfo: [malloc] Total allocated space:                       2339104 Byte
20220805 030701.297 INFO             PET3 VMK::epochExit:4.0 - MemInfo: [malloc] Total free space:                             929504 Byte
20220805 030701.297 INFO             PET3 VMK::epochExit:4.0 - MemInfo: [malloc] Top-most, releasable space:                   135088 Byte
20220805 030701.297 INFO             PET3 VMK::epochExit:4.0 - MemInfo: [malloc] Total space in use, mmap + non-mmap:         3920160 Byte
20220805 030701.297 INFO             PET3 VMK::epochExit:4.0 - MemInfo: [malloc] Total space held (mmap + non-mmap):          4849664 Byte
20220805 030701.297 INFO             PET3 VMK::epochExit:4.0 - MemInfo: [malloc] Total space used (mmap + non-mmap):          3930384 Byte
20220805 030701.297 INFO             PET3 VMK::epochExit:4.0 - MemInfo: Wall-clock time since execution start:             0.00724893 seconds
20220805 030701.297 DEBUG            PET3 epochBuffer:3868 unacknowledged sends to dst=0: 1
20220805 030701.297 INFO             PET3 VMK::epochExit:1.0 - MemInfo: [/proc/meminfo - SSI]	MemTotal:       65507008 kB
20220805 030701.297 INFO             PET3 VMK::epochExit:1.0 - MemInfo: [/proc/meminfo - SSI]	MemFree:        49600052 kB
20220805 030701.297 INFO             PET3 VMK::epochExit:1.0 - MemInfo: [/proc/meminfo - SSI]	MemAvailable:   49375168 kB
20220805 030701.297 INFO             PET3 VMK::epochExit:1.0 - MemInfo: [/proc/meminfo - SSI]	Committed_AS:   13522696 kB
20220805 030701.297 INFO             PET3 VMK::epochExit:1.0 - MemInfo: [/proc/meminfo - SSI]	CommittedPercent: 20.6431 %
20220805 030701.297 INFO             PET3 VMK::epochExit:1.0 - MemInfo: [/proc/self/status]	VmPeak:	  506988 kB
20220805 030701.297 INFO             PET3 VMK::epochExit:1.0 - MemInfo: [/proc/self/status]	VmSize:	  506988 kB
20220805 030701.297 INFO             PET3 VMK::epochExit:1.0 - MemInfo: [/proc/self/status]	VmLck:	       0 kB
20220805 030701.297 INFO             PET3 VMK::epochExit:1.0 - MemInfo: [/proc/self/status]	VmPin:	       0 kB
20220805 030701.297 INFO             PET3 VMK::epochExit:1.0 - MemInfo: [/proc/self/status]	VmHWM:	   64812 kB
20220805 030701.297 INFO             PET3 VMK::epochExit:1.0 - MemInfo: [/proc/self/status]	VmRSS:	   17636 kB
20220805 030701.297 INFO             PET3 VMK::epochExit:1.0 - MemInfo: [/proc/self/status]	VmData:	   15240 kB
20220805 030701.297 INFO             PET3 VMK::epochExit:1.0 - MemInfo: [/proc/self/status]	VmStk:	     148 kB
20220805 030701.297 INFO             PET3 VMK::epochExit:1.0 - MemInfo: [/proc/self/status]	VmExe:	     200 kB
20220805 030701.297 INFO             PET3 VMK::epochExit:1.0 - MemInfo: [/proc/self/status]	VmLib:	   49580 kB
20220805 030701.297 INFO             PET3 VMK::epochExit:1.0 - MemInfo: [/proc/self/status]	VmPTE:	     724 kB
20220805 030701.297 INFO             PET3 VMK::epochExit:1.0 - MemInfo: [/proc/self/status]	VmPMD:	      12 kB
20220805 030701.297 INFO             PET3 VMK::epochExit:1.0 - MemInfo: [/proc/self/status]	VmSwap:	       0 kB
20220805 030701.297 INFO             PET3 VMK::epochExit:1.0 - MemInfo: [/proc/self/status]	VmRSSPercent: 0.0269223 %
20220805 030701.297 INFO             PET3 VMK::epochExit:1.0 - MemInfo: [malloc] Non-mmapped space allocated:                 3268608 Byte
20220805 030701.297 INFO             PET3 VMK::epochExit:1.0 - MemInfo: [malloc] Space allocated in mmapped regions:          1581056 Byte
20220805 030701.297 INFO             PET3 VMK::epochExit:1.0 - MemInfo: [malloc] Maximum total allocated space:                     0 Byte
20220805 030701.297 INFO             PET3 VMK::epochExit:1.0 - MemInfo: [malloc] Space in freed fastbin blocks:                  3344 Byte
20220805 030701.297 INFO             PET3 VMK::epochExit:1.0 - MemInfo: [malloc] Total allocated space:                       2339056 Byte
20220805 030701.297 INFO             PET3 VMK::epochExit:1.0 - MemInfo: [malloc] Total free space:                             929552 Byte
20220805 030701.297 INFO             PET3 VMK::epochExit:1.0 - MemInfo: [malloc] Top-most, releasable space:                   135088 Byte
20220805 030701.297 INFO             PET3 VMK::epochExit:1.0 - MemInfo: [malloc] Total space in use, mmap + non-mmap:         3920112 Byte
20220805 030701.297 INFO             PET3 VMK::epochExit:1.0 - MemInfo: [malloc] Total space held (mmap + non-mmap):          4849664 Byte
20220805 030701.297 INFO             PET3 VMK::epochExit:1.0 - MemInfo: [malloc] Total space used (mmap + non-mmap):          3929264 Byte
20220805 030701.297 INFO             PET3 VMK::epochExit:1.0 - MemInfo: Wall-clock time since execution start:             0.00746145 seconds
20220805 030701.297 INFO             PET3 VMK::epochExit:2.0 - MemInfo: [/proc/meminfo - SSI]	MemTotal:       65507008 kB
20220805 030701.297 INFO             PET3 VMK::epochExit:2.0 - MemInfo: [/proc/meminfo - SSI]	MemFree:        49600052 kB
20220805 030701.297 INFO             PET3 VMK::epochExit:2.0 - MemInfo: [/proc/meminfo - SSI]	MemAvailable:   49375168 kB
20220805 030701.297 INFO             PET3 VMK::epochExit:2.0 - MemInfo: [/proc/meminfo - SSI]	Committed_AS:   13522696 kB
20220805 030701.297 INFO             PET3 VMK::epochExit:2.0 - MemInfo: [/proc/meminfo - SSI]	CommittedPercent: 20.6431 %
20220805 030701.297 INFO             PET3 VMK::epochExit:2.0 - MemInfo: [/proc/self/status]	VmPeak:	  506988 kB
20220805 030701.297 INFO             PET3 VMK::epochExit:2.0 - MemInfo: [/proc/self/status]	VmSize:	  506988 kB
20220805 030701.297 INFO             PET3 VMK::epochExit:2.0 - MemInfo: [/proc/self/status]	VmLck:	       0 kB
20220805 030701.297 INFO             PET3 VMK::epochExit:2.0 - MemInfo: [/proc/self/status]	VmPin:	       0 kB
20220805 030701.297 INFO             PET3 VMK::epochExit:2.0 - MemInfo: [/proc/self/status]	VmHWM:	   64812 kB
20220805 030701.297 INFO             PET3 VMK::epochExit:2.0 - MemInfo: [/proc/self/status]	VmRSS:	   17636 kB
20220805 030701.297 INFO             PET3 VMK::epochExit:2.0 - MemInfo: [/proc/self/status]	VmData:	   15240 kB
20220805 030701.298 INFO             PET3 VMK::epochExit:2.0 - MemInfo: [/proc/self/status]	VmStk:	     148 kB
20220805 030701.298 INFO             PET3 VMK::epochExit:2.0 - MemInfo: [/proc/self/status]	VmExe:	     200 kB
20220805 030701.298 INFO             PET3 VMK::epochExit:2.0 - MemInfo: [/proc/self/status]	VmLib:	   49580 kB
20220805 030701.298 INFO             PET3 VMK::epochExit:2.0 - MemInfo: [/proc/self/status]	VmPTE:	     724 kB
20220805 030701.298 INFO             PET3 VMK::epochExit:2.0 - MemInfo: [/proc/self/status]	VmPMD:	      12 kB
20220805 030701.298 INFO             PET3 VMK::epochExit:2.0 - MemInfo: [/proc/self/status]	VmSwap:	       0 kB
20220805 030701.298 INFO             PET3 VMK::epochExit:2.0 - MemInfo: [/proc/self/status]	VmRSSPercent: 0.0269223 %
20220805 030701.298 INFO             PET3 VMK::epochExit:2.0 - MemInfo: [malloc] Non-mmapped space allocated:                 3268608 Byte
20220805 030701.298 INFO             PET3 VMK::epochExit:2.0 - MemInfo: [malloc] Space allocated in mmapped regions:          1581056 Byte
20220805 030701.298 INFO             PET3 VMK::epochExit:2.0 - MemInfo: [malloc] Maximum total allocated space:                     0 Byte
20220805 030701.298 INFO             PET3 VMK::epochExit:2.0 - MemInfo: [malloc] Space in freed fastbin blocks:                  2304 Byte
20220805 030701.298 INFO             PET3 VMK::epochExit:2.0 - MemInfo: [malloc] Total allocated space:                       2339056 Byte
20220805 030701.298 INFO             PET3 VMK::epochExit:2.0 - MemInfo: [malloc] Total free space:                             929552 Byte
20220805 030701.298 INFO             PET3 VMK::epochExit:2.0 - MemInfo: [malloc] Top-most, releasable space:                   135088 Byte
20220805 030701.298 INFO             PET3 VMK::epochExit:2.0 - MemInfo: [malloc] Total space in use, mmap + non-mmap:         3920112 Byte
20220805 030701.298 INFO             PET3 VMK::epochExit:2.0 - MemInfo: [malloc] Total space held (mmap + non-mmap):          4849664 Byte
20220805 030701.298 INFO             PET3 VMK::epochExit:2.0 - MemInfo: [malloc] Total space used (mmap + non-mmap):          3929264 Byte
20220805 030701.298 INFO             PET3 VMK::epochExit:2.0 - MemInfo: Wall-clock time since execution start:             0.00766368 seconds
20220805 030701.298 INFO             PET3 VMK::epochExit:3.0 - MemInfo: [/proc/meminfo - SSI]	MemTotal:       65507008 kB
20220805 030701.298 INFO             PET3 VMK::epochExit:3.0 - MemInfo: [/proc/meminfo - SSI]	MemFree:        49600052 kB
20220805 030701.298 INFO             PET3 VMK::epochExit:3.0 - MemInfo: [/proc/meminfo - SSI]	MemAvailable:   49375168 kB
20220805 030701.298 INFO             PET3 VMK::epochExit:3.0 - MemInfo: [/proc/meminfo - SSI]	Committed_AS:   13522696 kB
20220805 030701.298 INFO             PET3 VMK::epochExit:3.0 - MemInfo: [/proc/meminfo - SSI]	CommittedPercent: 20.6431 %
20220805 030701.298 INFO             PET3 VMK::epochExit:3.0 - MemInfo: [/proc/self/status]	VmPeak:	  506988 kB
20220805 030701.298 INFO             PET3 VMK::epochExit:3.0 - MemInfo: [/proc/self/status]	VmSize:	  506988 kB
20220805 030701.298 INFO             PET3 VMK::epochExit:3.0 - MemInfo: [/proc/self/status]	VmLck:	       0 kB
20220805 030701.298 INFO             PET3 VMK::epochExit:3.0 - MemInfo: [/proc/self/status]	VmPin:	       0 kB
20220805 030701.298 INFO             PET3 VMK::epochExit:3.0 - MemInfo: [/proc/self/status]	VmHWM:	   64812 kB
20220805 030701.298 INFO             PET3 VMK::epochExit:3.0 - MemInfo: [/proc/self/status]	VmRSS:	   17636 kB
20220805 030701.298 INFO             PET3 VMK::epochExit:3.0 - MemInfo: [/proc/self/status]	VmData:	   15240 kB
20220805 030701.298 INFO             PET3 VMK::epochExit:3.0 - MemInfo: [/proc/self/status]	VmStk:	     148 kB
20220805 030701.298 INFO             PET3 VMK::epochExit:3.0 - MemInfo: [/proc/self/status]	VmExe:	     200 kB
20220805 030701.298 INFO             PET3 VMK::epochExit:3.0 - MemInfo: [/proc/self/status]	VmLib:	   49580 kB
20220805 030701.298 INFO             PET3 VMK::epochExit:3.0 - MemInfo: [/proc/self/status]	VmPTE:	     724 kB
20220805 030701.298 INFO             PET3 VMK::epochExit:3.0 - MemInfo: [/proc/self/status]	VmPMD:	      12 kB
20220805 030701.298 INFO             PET3 VMK::epochExit:3.0 - MemInfo: [/proc/self/status]	VmSwap:	       0 kB
20220805 030701.298 INFO             PET3 VMK::epochExit:3.0 - MemInfo: [/proc/self/status]	VmRSSPercent: 0.0269223 %
20220805 030701.298 INFO             PET3 VMK::epochExit:3.0 - MemInfo: [malloc] Non-mmapped space allocated:                 3268608 Byte
20220805 030701.298 INFO             PET3 VMK::epochExit:3.0 - MemInfo: [malloc] Space allocated in mmapped regions:          1581056 Byte
20220805 030701.298 INFO             PET3 VMK::epochExit:3.0 - MemInfo: [malloc] Maximum total allocated space:                     0 Byte
20220805 030701.298 INFO             PET3 VMK::epochExit:3.0 - MemInfo: [malloc] Space in freed fastbin blocks:                  2192 Byte
20220805 030701.298 INFO             PET3 VMK::epochExit:3.0 - MemInfo: [malloc] Total allocated space:                       2339056 Byte
20220805 030701.298 INFO             PET3 VMK::epochExit:3.0 - MemInfo: [malloc] Total free space:                             929552 Byte
20220805 030701.298 INFO             PET3 VMK::epochExit:3.0 - MemInfo: [malloc] Top-most, releasable space:                   135088 Byte
20220805 030701.298 INFO             PET3 VMK::epochExit:3.0 - MemInfo: [malloc] Total space in use, mmap + non-mmap:         3920112 Byte
20220805 030701.298 INFO             PET3 VMK::epochExit:3.0 - MemInfo: [malloc] Total space held (mmap + non-mmap):          4849664 Byte
20220805 030701.298 INFO             PET3 VMK::epochExit:3.0 - MemInfo: [malloc] Total space used (mmap + non-mmap):          3929264 Byte
20220805 030701.298 INFO             PET3 VMK::epochExit:3.0 - MemInfo: Wall-clock time since execution start:             0.00786451 seconds
20220805 030701.298 INFO             PET3 VMK::epochExit:4.0 - MemInfo: [/proc/meminfo - SSI]	MemTotal:       65507008 kB
20220805 030701.298 INFO             PET3 VMK::epochExit:4.0 - MemInfo: [/proc/meminfo - SSI]	MemFree:        49600052 kB
20220805 030701.298 INFO             PET3 VMK::epochExit:4.0 - MemInfo: [/proc/meminfo - SSI]	MemAvailable:   49375168 kB
20220805 030701.298 INFO             PET3 VMK::epochExit:4.0 - MemInfo: [/proc/meminfo - SSI]	Committed_AS:   13522696 kB
20220805 030701.298 INFO             PET3 VMK::epochExit:4.0 - MemInfo: [/proc/meminfo - SSI]	CommittedPercent: 20.6431 %
20220805 030701.298 INFO             PET3 VMK::epochExit:4.0 - MemInfo: [/proc/self/status]	VmPeak:	  506988 kB
20220805 030701.298 INFO             PET3 VMK::epochExit:4.0 - MemInfo: [/proc/self/status]	VmSize:	  506988 kB
20220805 030701.298 INFO             PET3 VMK::epochExit:4.0 - MemInfo: [/proc/self/status]	VmLck:	       0 kB
20220805 030701.298 INFO             PET3 VMK::epochExit:4.0 - MemInfo: [/proc/self/status]	VmPin:	       0 kB
20220805 030701.298 INFO             PET3 VMK::epochExit:4.0 - MemInfo: [/proc/self/status]	VmHWM:	   64812 kB
20220805 030701.298 INFO             PET3 VMK::epochExit:4.0 - MemInfo: [/proc/self/status]	VmRSS:	   17636 kB
20220805 030701.298 INFO             PET3 VMK::epochExit:4.0 - MemInfo: [/proc/self/status]	VmData:	   15240 kB
20220805 030701.298 INFO             PET3 VMK::epochExit:4.0 - MemInfo: [/proc/self/status]	VmStk:	     148 kB
20220805 030701.298 INFO             PET3 VMK::epochExit:4.0 - MemInfo: [/proc/self/status]	VmExe:	     200 kB
20220805 030701.298 INFO             PET3 VMK::epochExit:4.0 - MemInfo: [/proc/self/status]	VmLib:	   49580 kB
20220805 030701.298 INFO             PET3 VMK::epochExit:4.0 - MemInfo: [/proc/self/status]	VmPTE:	     724 kB
20220805 030701.298 INFO             PET3 VMK::epochExit:4.0 - MemInfo: [/proc/self/status]	VmPMD:	      12 kB
20220805 030701.298 INFO             PET3 VMK::epochExit:4.0 - MemInfo: [/proc/self/status]	VmSwap:	       0 kB
20220805 030701.298 INFO             PET3 VMK::epochExit:4.0 - MemInfo: [/proc/self/status]	VmRSSPercent: 0.0269223 %
20220805 030701.298 INFO             PET3 VMK::epochExit:4.0 - MemInfo: [malloc] Non-mmapped space allocated:                 3268608 Byte
20220805 030701.298 INFO             PET3 VMK::epochExit:4.0 - MemInfo: [malloc] Space allocated in mmapped regions:          1581056 Byte
20220805 030701.298 INFO             PET3 VMK::epochExit:4.0 - MemInfo: [malloc] Maximum total allocated space:                     0 Byte
20220805 030701.298 INFO             PET3 VMK::epochExit:4.0 - MemInfo: [malloc] Space in freed fastbin blocks:                  2304 Byte
20220805 030701.298 INFO             PET3 VMK::epochExit:4.0 - MemInfo: [malloc] Total allocated space:                       2339056 Byte
20220805 030701.298 INFO             PET3 VMK::epochExit:4.0 - MemInfo: [malloc] Total free space:                             929552 Byte
20220805 030701.298 INFO             PET3 VMK::epochExit:4.0 - MemInfo: [malloc] Top-most, releasable space:                   135088 Byte
20220805 030701.298 INFO             PET3 VMK::epochExit:4.0 - MemInfo: [malloc] Total space in use, mmap + non-mmap:         3920112 Byte
20220805 030701.298 INFO             PET3 VMK::epochExit:4.0 - MemInfo: [malloc] Total space held (mmap + non-mmap):          4849664 Byte
20220805 030701.298 INFO             PET3 VMK::epochExit:4.0 - MemInfo: [malloc] Total space used (mmap + non-mmap):          3929264 Byte
20220805 030701.298 INFO             PET3 VMK::epochExit:4.0 - MemInfo: Wall-clock time since execution start:             0.00806449 seconds
20220805 030701.298 INFO             PET3  NUMBER_OF_PROCESSORS           4
20220805 030701.298 INFO             PET3  PASS  Example ESMF_VMNonBlockingEx, ESMF_VMNonBlockingEx.F90, line 433
20220805 030701.298 INFO             PET3 Finalizing ESMF
20220805 030701.298 DEBUG            PET3 epochFinal
20220805 030701.298 DEBUG            PET3 epochBuffer:3817 ready to clear outstanding comm: dst=0 size=0 buffer=0xb57bf0
20220805 030701.298 DEBUG            PET3 epochBuffer:4063 ready to clear outstanding comm
20220805 030701.298 INFO             PET3 VMK::sendBuffer::clear():1.0 - MemInfo: [/proc/meminfo - SSI]	MemTotal:       65507008 kB
20220805 030701.298 INFO             PET3 VMK::sendBuffer::clear():1.0 - MemInfo: [/proc/meminfo - SSI]	MemFree:        49600052 kB
20220805 030701.298 INFO             PET3 VMK::sendBuffer::clear():1.0 - MemInfo: [/proc/meminfo - SSI]	MemAvailable:   49375168 kB
20220805 030701.298 INFO             PET3 VMK::sendBuffer::clear():1.0 - MemInfo: [/proc/meminfo - SSI]	Committed_AS:   13522696 kB
20220805 030701.298 INFO             PET3 VMK::sendBuffer::clear():1.0 - MemInfo: [/proc/meminfo - SSI]	CommittedPercent: 20.6431 %
20220805 030701.298 INFO             PET3 VMK::sendBuffer::clear():1.0 - MemInfo: [/proc/self/status]	VmPeak:	  506988 kB
20220805 030701.298 INFO             PET3 VMK::sendBuffer::clear():1.0 - MemInfo: [/proc/self/status]	VmSize:	  506988 kB
20220805 030701.298 INFO             PET3 VMK::sendBuffer::clear():1.0 - MemInfo: [/proc/self/status]	VmLck:	       0 kB
20220805 030701.298 INFO             PET3 VMK::sendBuffer::clear():1.0 - MemInfo: [/proc/self/status]	VmPin:	       0 kB
20220805 030701.298 INFO             PET3 VMK::sendBuffer::clear():1.0 - MemInfo: [/proc/self/status]	VmHWM:	   64812 kB
20220805 030701.298 INFO             PET3 VMK::sendBuffer::clear():1.0 - MemInfo: [/proc/self/status]	VmRSS:	   17668 kB
20220805 030701.298 INFO             PET3 VMK::sendBuffer::clear():1.0 - MemInfo: [/proc/self/status]	VmData:	   15240 kB
20220805 030701.298 INFO             PET3 VMK::sendBuffer::clear():1.0 - MemInfo: [/proc/self/status]	VmStk:	     148 kB
20220805 030701.298 INFO             PET3 VMK::sendBuffer::clear():1.0 - MemInfo: [/proc/self/status]	VmExe:	     200 kB
20220805 030701.298 INFO             PET3 VMK::sendBuffer::clear():1.0 - MemInfo: [/proc/self/status]	VmLib:	   49580 kB
20220805 030701.298 INFO             PET3 VMK::sendBuffer::clear():1.0 - MemInfo: [/proc/self/status]	VmPTE:	     724 kB
20220805 030701.298 INFO             PET3 VMK::sendBuffer::clear():1.0 - MemInfo: [/proc/self/status]	VmPMD:	      12 kB
20220805 030701.298 INFO             PET3 VMK::sendBuffer::clear():1.0 - MemInfo: [/proc/self/status]	VmSwap:	       0 kB
20220805 030701.298 INFO             PET3 VMK::sendBuffer::clear():1.0 - MemInfo: [/proc/self/status]	VmRSSPercent: 0.0269712 %
20220805 030701.298 INFO             PET3 VMK::sendBuffer::clear():1.0 - MemInfo: [malloc] Non-mmapped space allocated:                 3268608 Byte
20220805 030701.298 INFO             PET3 VMK::sendBuffer::clear():1.0 - MemInfo: [malloc] Space allocated in mmapped regions:          1581056 Byte
20220805 030701.298 INFO             PET3 VMK::sendBuffer::clear():1.0 - MemInfo: [malloc] Maximum total allocated space:                     0 Byte
20220805 030701.298 INFO             PET3 VMK::sendBuffer::clear():1.0 - MemInfo: [malloc] Space in freed fastbin blocks:                  2800 Byte
20220805 030701.298 INFO             PET3 VMK::sendBuffer::clear():1.0 - MemInfo: [malloc] Total allocated space:                       2339744 Byte
20220805 030701.298 INFO             PET3 VMK::sendBuffer::clear():1.0 - MemInfo: [malloc] Total free space:                             928864 Byte
20220805 030701.298 INFO             PET3 VMK::sendBuffer::clear():1.0 - MemInfo: [malloc] Top-most, releasable space:                   135088 Byte
20220805 030701.298 INFO             PET3 VMK::sendBuffer::clear():1.0 - MemInfo: [malloc] Total space in use, mmap + non-mmap:         3920800 Byte
20220805 030701.298 INFO             PET3 VMK::sendBuffer::clear():1.0 - MemInfo: [malloc] Total space held (mmap + non-mmap):          4849664 Byte
20220805 030701.298 INFO             PET3 VMK::sendBuffer::clear():1.0 - MemInfo: [malloc] Total space used (mmap + non-mmap):          3929936 Byte
20220805 030701.298 INFO             PET3 VMK::sendBuffer::clear():1.0 - MemInfo: Wall-clock time since execution start:             0.00833924 seconds
20220805 030701.298 DEBUG            PET3 epochBuffer:4091 posting MPI_Wait()
20220805 030701.298 DEBUG            PET3 epochBuffer:4100 time in MPI_Wait(): 2.84e-07 seconds
20220805 030701.298 INFO             PET3 VMK::sendBuffer::clear():2.0 - MemInfo: [/proc/meminfo - SSI]	MemTotal:       65507008 kB
20220805 030701.298 INFO             PET3 VMK::sendBuffer::clear():2.0 - MemInfo: [/proc/meminfo - SSI]	MemFree:        49600052 kB
20220805 030701.298 INFO             PET3 VMK::sendBuffer::clear():2.0 - MemInfo: [/proc/meminfo - SSI]	MemAvailable:   49375168 kB
20220805 030701.298 INFO             PET3 VMK::sendBuffer::clear():2.0 - MemInfo: [/proc/meminfo - SSI]	Committed_AS:   13522696 kB
20220805 030701.298 INFO             PET3 VMK::sendBuffer::clear():2.0 - MemInfo: [/proc/meminfo - SSI]	CommittedPercent: 20.6431 %
20220805 030701.298 INFO             PET3 VMK::sendBuffer::clear():2.0 - MemInfo: [/proc/self/status]	VmPeak:	  506988 kB
20220805 030701.298 INFO             PET3 VMK::sendBuffer::clear():2.0 - MemInfo: [/proc/self/status]	VmSize:	  506988 kB
20220805 030701.298 INFO             PET3 VMK::sendBuffer::clear():2.0 - MemInfo: [/proc/self/status]	VmLck:	       0 kB
20220805 030701.298 INFO             PET3 VMK::sendBuffer::clear():2.0 - MemInfo: [/proc/self/status]	VmPin:	       0 kB
20220805 030701.298 INFO             PET3 VMK::sendBuffer::clear():2.0 - MemInfo: [/proc/self/status]	VmHWM:	   64812 kB
20220805 030701.298 INFO             PET3 VMK::sendBuffer::clear():2.0 - MemInfo: [/proc/self/status]	VmRSS:	   17668 kB
20220805 030701.298 INFO             PET3 VMK::sendBuffer::clear():2.0 - MemInfo: [/proc/self/status]	VmData:	   15240 kB
20220805 030701.298 INFO             PET3 VMK::sendBuffer::clear():2.0 - MemInfo: [/proc/self/status]	VmStk:	     148 kB
20220805 030701.298 INFO             PET3 VMK::sendBuffer::clear():2.0 - MemInfo: [/proc/self/status]	VmExe:	     200 kB
20220805 030701.298 INFO             PET3 VMK::sendBuffer::clear():2.0 - MemInfo: [/proc/self/status]	VmLib:	   49580 kB
20220805 030701.298 INFO             PET3 VMK::sendBuffer::clear():2.0 - MemInfo: [/proc/self/status]	VmPTE:	     724 kB
20220805 030701.298 INFO             PET3 VMK::sendBuffer::clear():2.0 - MemInfo: [/proc/self/status]	VmPMD:	      12 kB
20220805 030701.298 INFO             PET3 VMK::sendBuffer::clear():2.0 - MemInfo: [/proc/self/status]	VmSwap:	       0 kB
20220805 030701.298 INFO             PET3 VMK::sendBuffer::clear():2.0 - MemInfo: [/proc/self/status]	VmRSSPercent: 0.0269712 %
20220805 030701.298 INFO             PET3 VMK::sendBuffer::clear():2.0 - MemInfo: [malloc] Non-mmapped space allocated:                 3268608 Byte
20220805 030701.298 INFO             PET3 VMK::sendBuffer::clear():2.0 - MemInfo: [malloc] Space allocated in mmapped regions:          1581056 Byte
20220805 030701.298 INFO             PET3 VMK::sendBuffer::clear():2.0 - MemInfo: [malloc] Maximum total allocated space:                     0 Byte
20220805 030701.298 INFO             PET3 VMK::sendBuffer::clear():2.0 - MemInfo: [malloc] Space in freed fastbin blocks:                  2800 Byte
20220805 030701.298 INFO             PET3 VMK::sendBuffer::clear():2.0 - MemInfo: [malloc] Total allocated space:                       2339936 Byte
20220805 030701.298 INFO             PET3 VMK::sendBuffer::clear():2.0 - MemInfo: [malloc] Total free space:                             928672 Byte
20220805 030701.298 INFO             PET3 VMK::sendBuffer::clear():2.0 - MemInfo: [malloc] Top-most, releasable space:                   135088 Byte
20220805 030701.298 INFO             PET3 VMK::sendBuffer::clear():2.0 - MemInfo: [malloc] Total space in use, mmap + non-mmap:         3920992 Byte
20220805 030701.298 INFO             PET3 VMK::sendBuffer::clear():2.0 - MemInfo: [malloc] Total space held (mmap + non-mmap):          4849664 Byte
20220805 030701.298 INFO             PET3 VMK::sendBuffer::clear():2.0 - MemInfo: [malloc] Total space used (mmap + non-mmap):          3930192 Byte
20220805 030701.298 INFO             PET3 VMK::sendBuffer::clear():2.0 - MemInfo: Wall-clock time since execution start:             0.00855614 seconds
20220805 030701.299 INFO             PET3 VMK::sendBuffer::clear():3.0 - MemInfo: [/proc/meminfo - SSI]	MemTotal:       65507008 kB
20220805 030701.299 INFO             PET3 VMK::sendBuffer::clear():3.0 - MemInfo: [/proc/meminfo - SSI]	MemFree:        49600052 kB
20220805 030701.299 INFO             PET3 VMK::sendBuffer::clear():3.0 - MemInfo: [/proc/meminfo - SSI]	MemAvailable:   49375168 kB
20220805 030701.299 INFO             PET3 VMK::sendBuffer::clear():3.0 - MemInfo: [/proc/meminfo - SSI]	Committed_AS:   13522696 kB
20220805 030701.299 INFO             PET3 VMK::sendBuffer::clear():3.0 - MemInfo: [/proc/meminfo - SSI]	CommittedPercent: 20.6431 %
20220805 030701.299 INFO             PET3 VMK::sendBuffer::clear():3.0 - MemInfo: [/proc/self/status]	VmPeak:	  506988 kB
20220805 030701.299 INFO             PET3 VMK::sendBuffer::clear():3.0 - MemInfo: [/proc/self/status]	VmSize:	  506988 kB
20220805 030701.299 INFO             PET3 VMK::sendBuffer::clear():3.0 - MemInfo: [/proc/self/status]	VmLck:	       0 kB
20220805 030701.299 INFO             PET3 VMK::sendBuffer::clear():3.0 - MemInfo: [/proc/self/status]	VmPin:	       0 kB
20220805 030701.299 INFO             PET3 VMK::sendBuffer::clear():3.0 - MemInfo: [/proc/self/status]	VmHWM:	   64812 kB
20220805 030701.299 INFO             PET3 VMK::sendBuffer::clear():3.0 - MemInfo: [/proc/self/status]	VmRSS:	   17668 kB
20220805 030701.299 INFO             PET3 VMK::sendBuffer::clear():3.0 - MemInfo: [/proc/self/status]	VmData:	   15240 kB
20220805 030701.299 INFO             PET3 VMK::sendBuffer::clear():3.0 - MemInfo: [/proc/self/status]	VmStk:	     148 kB
20220805 030701.299 INFO             PET3 VMK::sendBuffer::clear():3.0 - MemInfo: [/proc/self/status]	VmExe:	     200 kB
20220805 030701.299 INFO             PET3 VMK::sendBuffer::clear():3.0 - MemInfo: [/proc/self/status]	VmLib:	   49580 kB
20220805 030701.299 INFO             PET3 VMK::sendBuffer::clear():3.0 - MemInfo: [/proc/self/status]	VmPTE:	     724 kB
20220805 030701.299 INFO             PET3 VMK::sendBuffer::clear():3.0 - MemInfo: [/proc/self/status]	VmPMD:	      12 kB
20220805 030701.299 INFO             PET3 VMK::sendBuffer::clear():3.0 - MemInfo: [/proc/self/status]	VmSwap:	       0 kB
20220805 030701.299 INFO             PET3 VMK::sendBuffer::clear():3.0 - MemInfo: [/proc/self/status]	VmRSSPercent: 0.0269712 %
20220805 030701.299 INFO             PET3 VMK::sendBuffer::clear():3.0 - MemInfo: [malloc] Non-mmapped space allocated:                 3268608 Byte
20220805 030701.299 INFO             PET3 VMK::sendBuffer::clear():3.0 - MemInfo: [malloc] Space allocated in mmapped regions:          1581056 Byte
20220805 030701.299 INFO             PET3 VMK::sendBuffer::clear():3.0 - MemInfo: [malloc] Maximum total allocated space:                     0 Byte
20220805 030701.299 INFO             PET3 VMK::sendBuffer::clear():3.0 - MemInfo: [malloc] Space in freed fastbin blocks:                  2864 Byte
20220805 030701.299 INFO             PET3 VMK::sendBuffer::clear():3.0 - MemInfo: [malloc] Total allocated space:                       2339824 Byte
20220805 030701.299 INFO             PET3 VMK::sendBuffer::clear():3.0 - MemInfo: [malloc] Total free space:                             928784 Byte
20220805 030701.299 INFO             PET3 VMK::sendBuffer::clear():3.0 - MemInfo: [malloc] Top-most, releasable space:                   135088 Byte
20220805 030701.299 INFO             PET3 VMK::sendBuffer::clear():3.0 - MemInfo: [malloc] Total space in use, mmap + non-mmap:         3920880 Byte
20220805 030701.299 INFO             PET3 VMK::sendBuffer::clear():3.0 - MemInfo: [malloc] Total space held (mmap + non-mmap):          4849664 Byte
20220805 030701.299 INFO             PET3 VMK::sendBuffer::clear():3.0 - MemInfo: [malloc] Total space used (mmap + non-mmap):          3930080 Byte
20220805 030701.299 INFO             PET3 VMK::sendBuffer::clear():3.0 - MemInfo: Wall-clock time since execution start:             0.00876185 seconds
20220805 030701.299 DEBUG            PET3 epochBuffer:3827 drain unacknowledged sends to dst=0: 1
