2022-08-05 06:28:21
0: ESMF_LogWrite(): ESMF_Log not open -- cannot ESMF_LogWrite().  Log message = 
0: epochInit
1: ESMF_LogWrite(): ESMF_Log not open -- cannot ESMF_LogWrite().  Log message = 
1: epochInit
2: ESMF_LogWrite(): ESMF_Log not open -- cannot ESMF_LogWrite().  Log message = 
2: epochInit
3: ESMF_LogWrite(): ESMF_Log not open -- cannot ESMF_LogWrite().  Log message = 
3: epochInit
1:           1 -           1           2 -           3           2 -
1:  0.0000000E+00  0.0000000E+00  0.0000000E+00
1:  PASS  Example ESMF_FieldSMMEx, ESMF_FieldSMMEx.F90, line 419
2:           2 -           1           3 -           3           3 -
3:           3 -           1           4 -           3           4 -
0:           0 -           1           1 -           3           1 -
0:  0.0000000E+00  0.0000000E+00   1.300000    
2:  0.0000000E+00   2.250000      0.0000000E+00
3:  0.0000000E+00  0.0000000E+00   3.100000    
0:  PASS  Example ESMF_FieldSMMEx, ESMF_FieldSMMEx.F90, line 419
2:  PASS  Example ESMF_FieldSMMEx, ESMF_FieldSMMEx.F90, line 419
3:  PASS  Example ESMF_FieldSMMEx, ESMF_FieldSMMEx.F90, line 419
1: PASS: ESMF_FieldSMMEx.F90
2: PASS: ESMF_FieldSMMEx.F90
0: PASS: ESMF_FieldSMMEx.F90
3: PASS: ESMF_FieldSMMEx.F90
