2022-08-08 02:58:31
20220808 032353.296 INFO             PET0 !!!!!!!!!!!!!!!!!!!!!!!!!!!!!!!!!!!!!!!!!!!!!!!!!!!!!!
20220808 032353.296 INFO             PET0 !!! THE ESMF_LOG IS SET TO OUTPUT ALL LOG MESSAGES !!!
20220808 032353.296 INFO             PET0 !!!     THIS MAY CAUSE SLOWDOWN IN PERFORMANCE     !!!
20220808 032353.296 INFO             PET0 !!! FOR PRODUCTION RUNS, USE:                      !!!
20220808 032353.296 INFO             PET0 !!!                   ESMF_LOGKIND_Multi_On_Error  !!!
20220808 032353.296 INFO             PET0 !!!!!!!!!!!!!!!!!!!!!!!!!!!!!!!!!!!!!!!!!!!!!!!!!!!!!!
20220808 032353.296 INFO             PET0 Running with ESMF Version   : v8.3.0b17-30-g0de4558e1e
20220808 032353.296 INFO             PET0 ESMF library build date/time: "Aug  8 2022" "02:56:51"
20220808 032353.296 INFO             PET0 ESMF library build location : /scratch1/NCEPDEV/stmp2/Rocky.Dunlap/esmf-testing/intel_18.0.5a_mpiuni_O_feature_large-messages/esmf
20220808 032353.296 INFO             PET0 ESMF_COMM                   : mpiuni
20220808 032353.297 INFO             PET0 ESMF_MOAB                   : enabled
20220808 032353.297 INFO             PET0 ESMF_LAPACK                 : enabled
20220808 032353.297 INFO             PET0 ESMF_NETCDF                 : enabled
20220808 032353.297 INFO             PET0 ESMF_PNETCDF                : disabled
20220808 032353.297 INFO             PET0 ESMF_PIO                    : disabled
20220808 032353.297 INFO             PET0 ESMF_YAMLCPP                : enabled
20220808 032353.308 DEBUG            PET0 VMK::recv():4970, size=4608 using MPIUNI channel via memcpy() in one chunk
20220808 032353.308 DEBUG            PET0 VMK::send():4482, size=4608 using MPIUNI channel via memcpy() in one chunk
20220808 032353.308 DEBUG            PET0 VMK::recv():4970, size=4608 using MPIUNI channel via memcpy() in one chunk
20220808 032353.308 DEBUG            PET0 VMK::send():4482, size=4608 using MPIUNI channel via memcpy() in one chunk
20220808 032353.308 DEBUG            PET0 VMK::recv():4970, size=4608 using MPIUNI channel via memcpy() in one chunk
20220808 032353.308 DEBUG            PET0 VMK::send():4482, size=4608 using MPIUNI channel via memcpy() in one chunk
20220808 032353.308 DEBUG            PET0 VMK::recv():4970, size=4608 using MPIUNI channel via memcpy() in one chunk
20220808 032353.308 DEBUG            PET0 VMK::send():4482, size=4608 using MPIUNI channel via memcpy() in one chunk
20220808 032353.308 DEBUG            PET0 VMK::recv():4970, size=4608 using MPIUNI channel via memcpy() in one chunk
20220808 032353.308 DEBUG            PET0 VMK::send():4482, size=4608 using MPIUNI channel via memcpy() in one chunk
20220808 032353.308 DEBUG            PET0 VMK::recv():4970, size=4608 using MPIUNI channel via memcpy() in one chunk
20220808 032353.308 DEBUG            PET0 VMK::send():4482, size=4608 using MPIUNI channel via memcpy() in one chunk
20220808 032353.308 DEBUG            PET0 VMK::recv():4970, size=4608 using MPIUNI channel via memcpy() in one chunk
20220808 032353.308 DEBUG            PET0 VMK::send():4482, size=4608 using MPIUNI channel via memcpy() in one chunk
20220808 032353.308 DEBUG            PET0 VMK::recv():4970, size=4608 using MPIUNI channel via memcpy() in one chunk
20220808 032353.308 DEBUG            PET0 VMK::send():4482, size=4608 using MPIUNI channel via memcpy() in one chunk
20220808 032353.308 DEBUG            PET0 VMK::recv():4970, size=4608 using MPIUNI channel via memcpy() in one chunk
20220808 032353.308 DEBUG            PET0 VMK::send():4482, size=4608 using MPIUNI channel via memcpy() in one chunk
20220808 032353.308 DEBUG            PET0 VMK::recv():4970, size=4608 using MPIUNI channel via memcpy() in one chunk
20220808 032353.308 DEBUG            PET0 VMK::send():4482, size=4608 using MPIUNI channel via memcpy() in one chunk
20220808 032353.309 DEBUG            PET0 VMK::recv():4970, size=4608 using MPIUNI channel via memcpy() in one chunk
20220808 032353.309 DEBUG            PET0 VMK::send():4482, size=4608 using MPIUNI channel via memcpy() in one chunk
20220808 032353.309 DEBUG            PET0 VMK::recv():4970, size=4608 using MPIUNI channel via memcpy() in one chunk
20220808 032353.309 DEBUG            PET0 VMK::send():4482, size=4608 using MPIUNI channel via memcpy() in one chunk
20220808 032353.309 DEBUG            PET0 VMK::recv():4970, size=4608 using MPIUNI channel via memcpy() in one chunk
20220808 032353.309 DEBUG            PET0 VMK::send():4482, size=4608 using MPIUNI channel via memcpy() in one chunk
20220808 032353.309 DEBUG            PET0 VMK::recv():4970, size=4608 using MPIUNI channel via memcpy() in one chunk
20220808 032353.309 DEBUG            PET0 VMK::send():4482, size=4608 using MPIUNI channel via memcpy() in one chunk
20220808 032353.309 DEBUG            PET0 VMK::recv():4970, size=4608 using MPIUNI channel via memcpy() in one chunk
20220808 032353.309 DEBUG            PET0 VMK::send():4482, size=4608 using MPIUNI channel via memcpy() in one chunk
20220808 032353.319 DEBUG            PET0 VMK::recv():4970, size=4608 using MPIUNI channel via memcpy() in one chunk
20220808 032353.319 DEBUG            PET0 VMK::send():4482, size=4608 using MPIUNI channel via memcpy() in one chunk
20220808 032353.319 DEBUG            PET0 VMK::recv():4970, size=4608 using MPIUNI channel via memcpy() in one chunk
20220808 032353.319 DEBUG            PET0 VMK::send():4482, size=4608 using MPIUNI channel via memcpy() in one chunk
20220808 032353.319 DEBUG            PET0 VMK::recv():4970, size=4608 using MPIUNI channel via memcpy() in one chunk
20220808 032353.319 DEBUG            PET0 VMK::send():4482, size=4608 using MPIUNI channel via memcpy() in one chunk
20220808 032353.319 DEBUG            PET0 VMK::recv():4970, size=4608 using MPIUNI channel via memcpy() in one chunk
20220808 032353.319 DEBUG            PET0 VMK::send():4482, size=4608 using MPIUNI channel via memcpy() in one chunk
20220808 032353.319 DEBUG            PET0 VMK::recv():4970, size=4608 using MPIUNI channel via memcpy() in one chunk
20220808 032353.319 DEBUG            PET0 VMK::send():4482, size=4608 using MPIUNI channel via memcpy() in one chunk
20220808 032353.319 DEBUG            PET0 VMK::recv():4970, size=4608 using MPIUNI channel via memcpy() in one chunk
20220808 032353.319 DEBUG            PET0 VMK::send():4482, size=4608 using MPIUNI channel via memcpy() in one chunk
20220808 032353.319 DEBUG            PET0 VMK::recv():4970, size=4608 using MPIUNI channel via memcpy() in one chunk
20220808 032353.319 DEBUG            PET0 VMK::send():4482, size=4608 using MPIUNI channel via memcpy() in one chunk
20220808 032353.319 DEBUG            PET0 VMK::recv():4970, size=4608 using MPIUNI channel via memcpy() in one chunk
20220808 032353.319 DEBUG            PET0 VMK::send():4482, size=4608 using MPIUNI channel via memcpy() in one chunk
20220808 032353.319 DEBUG            PET0 VMK::recv():4970, size=4608 using MPIUNI channel via memcpy() in one chunk
20220808 032353.319 DEBUG            PET0 VMK::send():4482, size=4608 using MPIUNI channel via memcpy() in one chunk
20220808 032353.319 DEBUG            PET0 VMK::recv():4970, size=4608 using MPIUNI channel via memcpy() in one chunk
20220808 032353.319 DEBUG            PET0 VMK::send():4482, size=4608 using MPIUNI channel via memcpy() in one chunk
20220808 032353.319 DEBUG            PET0 VMK::recv():4970, size=4608 using MPIUNI channel via memcpy() in one chunk
20220808 032353.319 DEBUG            PET0 VMK::send():4482, size=4608 using MPIUNI channel via memcpy() in one chunk
20220808 032353.319 DEBUG            PET0 VMK::recv():4970, size=92160 using MPIUNI channel via memcpy() in one chunk
20220808 032353.319 DEBUG            PET0 VMK::send():4482, size=92160 using MPIUNI channel via memcpy() in one chunk
20220808 032353.319 DEBUG            PET0 VMK::recv():4970, size=92160 using MPIUNI channel via memcpy() in one chunk
20220808 032353.319 DEBUG            PET0 VMK::send():4482, size=92160 using MPIUNI channel via memcpy() in one chunk
20220808 032353.323 DEBUG            PET0 VMK::recv():4970, size=92160 using MPIUNI channel via memcpy() in one chunk
20220808 032353.323 DEBUG            PET0 VMK::send():4482, size=92160 using MPIUNI channel via memcpy() in one chunk
20220808 032353.332 DEBUG            PET0 VMK::recv():4970, size=2304 using MPIUNI channel via memcpy() in one chunk
20220808 032353.332 DEBUG            PET0 VMK::send():4482, size=2304 using MPIUNI channel via memcpy() in one chunk
20220808 032353.332 DEBUG            PET0 VMK::recv():4970, size=2304 using MPIUNI channel via memcpy() in one chunk
20220808 032353.332 DEBUG            PET0 VMK::send():4482, size=2304 using MPIUNI channel via memcpy() in one chunk
20220808 032353.332 DEBUG            PET0 VMK::recv():4970, size=2304 using MPIUNI channel via memcpy() in one chunk
20220808 032353.332 DEBUG            PET0 VMK::send():4482, size=2304 using MPIUNI channel via memcpy() in one chunk
20220808 032353.332 DEBUG            PET0 VMK::recv():4970, size=2304 using MPIUNI channel via memcpy() in one chunk
20220808 032353.332 DEBUG            PET0 VMK::send():4482, size=2304 using MPIUNI channel via memcpy() in one chunk
20220808 032353.332 DEBUG            PET0 VMK::recv():4970, size=2304 using MPIUNI channel via memcpy() in one chunk
20220808 032353.332 DEBUG            PET0 VMK::send():4482, size=2304 using MPIUNI channel via memcpy() in one chunk
20220808 032353.332 DEBUG            PET0 VMK::recv():4970, size=2304 using MPIUNI channel via memcpy() in one chunk
20220808 032353.332 DEBUG            PET0 VMK::send():4482, size=2304 using MPIUNI channel via memcpy() in one chunk
20220808 032353.332 DEBUG            PET0 VMK::recv():4970, size=2304 using MPIUNI channel via memcpy() in one chunk
20220808 032353.332 DEBUG            PET0 VMK::send():4482, size=2304 using MPIUNI channel via memcpy() in one chunk
20220808 032353.332 DEBUG            PET0 VMK::recv():4970, size=2304 using MPIUNI channel via memcpy() in one chunk
20220808 032353.332 DEBUG            PET0 VMK::send():4482, size=2304 using MPIUNI channel via memcpy() in one chunk
20220808 032353.332 DEBUG            PET0 VMK::recv():4970, size=2304 using MPIUNI channel via memcpy() in one chunk
20220808 032353.332 DEBUG            PET0 VMK::send():4482, size=2304 using MPIUNI channel via memcpy() in one chunk
20220808 032353.332 DEBUG            PET0 VMK::recv():4970, size=2304 using MPIUNI channel via memcpy() in one chunk
20220808 032353.332 DEBUG            PET0 VMK::send():4482, size=2304 using MPIUNI channel via memcpy() in one chunk
20220808 032353.333 DEBUG            PET0 VMK::recv():4970, size=2304 using MPIUNI channel via memcpy() in one chunk
20220808 032353.333 DEBUG            PET0 VMK::send():4482, size=2304 using MPIUNI channel via memcpy() in one chunk
20220808 032353.333 DEBUG            PET0 VMK::recv():4970, size=2304 using MPIUNI channel via memcpy() in one chunk
20220808 032353.333 DEBUG            PET0 VMK::send():4482, size=2304 using MPIUNI channel via memcpy() in one chunk
20220808 032353.333 INFO             PET0  NUMBER_OF_PROCESSORS           1
20220808 032353.333 INFO             PET0  PASS  Example ESMF_RHandleDynamicMaskingEx, ESMF_RHandleDynamicMaskingEx.F90, line 1116
20220808 032353.333 INFO             PET0 Finalizing ESMF
20220808 032353.333 DEBUG            PET0 epochFinal
