2022-09-05 00:54:18
Rank 0 [Mon Sep  5 02:09:14 2022] [c2-0c1s12n1] application called MPI_Abort(comm=0x84000007, 1) - process 0

Program received signal SIGABRT: Process abort signal.

Backtrace for this error:
Rank 2 [Mon Sep  5 02:09:14 2022] [c2-0c1s12n1] application called MPI_Abort(comm=0x84000004, 1) - process 2

Program received signal SIGABRT: Process abort signal.

Backtrace for this error:
Rank 1 [Mon Sep  5 02:09:14 2022] [c2-0c1s12n1] application called MPI_Abort(comm=0x84000004, 1) - process 1

Program received signal SIGABRT: Process abort signal.

Backtrace for this error:
Rank 3 [Mon Sep  5 02:09:14 2022] [c2-0c1s12n1] application called MPI_Abort(comm=0x84000004, 1) - process 3

Program received signal SIGABRT: Process abort signal.

Backtrace for this error:
#0  0x144a96f in ???
	at /home/abuild/rpmbuild/BUILD/glibc-2.26/nptl/../sysdeps/unix/sysv/linux/x86_64/sigaction.c:0
#0  0x144a96f in ???
	at /home/abuild/rpmbuild/BUILD/glibc-2.26/nptl/../sysdeps/unix/sysv/linux/x86_64/sigaction.c:0
#1  0x178f160 in raise
	at ../sysdeps/unix/sysv/linux/raise.c:51
#1  0x178f160 in raise
	at ../sysdeps/unix/sysv/linux/raise.c:51
#2  0x1a1c840 in abort
	at /home/abuild/rpmbuild/BUILD/glibc-2.26/stdlib/abort.c:79
#3  0x1813cb1 in ???
#4  0x17c067a in ???
#2  0x1a1c840 in abort
	at /home/abuild/rpmbuild/BUILD/glibc-2.26/stdlib/abort.c:79
#3  0x1813cb1 in ???
#4  0x17c067a in ???
#5  0xf277af in ???
#5  0xf277af in ???
#6  0xf1f92d in ???
#7  0xab1ee2 in ???
#8  0x50690d in ???
#9  0x650fbe in ???
#6  0xf1f92d in ???
#7  0xab1ee2 in ???
#8  0x50690d in ???
#9  0x650fbe in ???
#10  0x406fe4 in ???
#10  0x406fe4 in ???
#11  0x1a1378e in __libc_start_main
	at ../csu/libc-start.c:308
#11  0x1a1378e in __libc_start_main
	at ../csu/libc-start.c:308
#12  0x406849 in ???
	at ../sysdeps/x86_64/start.S:120
#12  0x406849 in ???
	at ../sysdeps/x86_64/start.S:120
#0  0x144a96f in ???
	at /home/abuild/rpmbuild/BUILD/glibc-2.26/nptl/../sysdeps/unix/sysv/linux/x86_64/sigaction.c:0
#1  0x178f160 in raise
	at ../sysdeps/unix/sysv/linux/raise.c:51
#0  0x144a96f in ???
	at /home/abuild/rpmbuild/BUILD/glibc-2.26/nptl/../sysdeps/unix/sysv/linux/x86_64/sigaction.c:0
#1  0x178f160 in raise
	at ../sysdeps/unix/sysv/linux/raise.c:51
#2  0x1a1c840 in abort
	at /home/abuild/rpmbuild/BUILD/glibc-2.26/stdlib/abort.c:79
#2  0x1a1c840 in abort
	at /home/abuild/rpmbuild/BUILD/glibc-2.26/stdlib/abort.c:79
#3  0x1813cb1 in ???
#3  0x1813cb1 in ???
#4  0x17c067a in ???
#4  0x17c067a in ???
#5  0xf277af in ???
#6  0xf1f92d in ???
#5  0xf277af in ???
#6  0xf1f92d in ???
#7  0xab1ee2 in ???
#8  0x50690d in ???
#7  0xab1ee2 in ???
#8  0x50690d in ???
#9  0x650fbe in ???
#10  0x406fe4 in ???
#9  0x650fbe in ???
#10  0x406fe4 in ???
#11  0x1a1378e in __libc_start_main
	at ../csu/libc-start.c:308
#12  0x406849 in ???
	at ../sysdeps/x86_64/start.S:120
#11  0x1a1378e in __libc_start_main
	at ../csu/libc-start.c:308
#12  0x406849 in ???
	at ../sysdeps/x86_64/start.S:120
srun: error: nid00497: tasks 0-3: Aborted
srun: launch/slurm: _step_signal: Terminating StepId=269117735.366
