2022-09-03 04:11:31
20220903 044945.976 INFO             PET0 !!!!!!!!!!!!!!!!!!!!!!!!!!!!!!!!!!!!!!!!!!!!!!!!!!!!!!
20220903 044945.977 INFO             PET0 !!! THE ESMF_LOG IS SET TO OUTPUT ALL LOG MESSAGES !!!
20220903 044945.977 INFO             PET0 !!!     THIS MAY CAUSE SLOWDOWN IN PERFORMANCE     !!!
20220903 044945.977 INFO             PET0 !!! FOR PRODUCTION RUNS, USE:                      !!!
20220903 044945.977 INFO             PET0 !!!                   ESMF_LOGKIND_Multi_On_Error  !!!
20220903 044945.977 INFO             PET0 !!!!!!!!!!!!!!!!!!!!!!!!!!!!!!!!!!!!!!!!!!!!!!!!!!!!!!
20220903 044945.977 INFO             PET0 Running with ESMF Version   : v8.4.0b12
20220903 044945.977 INFO             PET0 ESMF library build date/time: "Sep  3 2022" "04:09:16"
20220903 044945.977 INFO             PET0 ESMF library build location : /lfs4/HFIP/hfv3gfs/Mark.Potts/esmf-tests/intel_2020.2_intelmpi_g_develop/esmf
20220903 044945.977 INFO             PET0 ESMF_COMM                   : intelmpi
20220903 044945.978 INFO             PET0 ESMF_MOAB                   : enabled
20220903 044945.978 INFO             PET0 ESMF_LAPACK                 : enabled
20220903 044945.978 INFO             PET0 ESMF_NETCDF                 : enabled
20220903 044945.978 INFO             PET0 ESMF_PNETCDF                : disabled
20220903 044945.978 INFO             PET0 ESMF_PIO                    : enabled
20220903 044945.978 INFO             PET0 ESMF_YAMLCPP                : enabled
20220903 044945.979 INFO             PET0  NUMBER_OF_PROCESSORS           1
20220903 044945.979 INFO             PET0  PASS  Example ESMF_TimeEx, ESMF_TimeEx.F90, line 141
20220903 044945.979 INFO             PET0 Finalizing ESMF
