2022-09-15 04:10:50
20220915 045126.819 INFO             PET0 !!!!!!!!!!!!!!!!!!!!!!!!!!!!!!!!!!!!!!!!!!!!!!!!!!!!!!
20220915 045126.819 INFO             PET0 !!! THE ESMF_LOG IS SET TO OUTPUT ALL LOG MESSAGES !!!
20220915 045126.819 INFO             PET0 !!!     THIS MAY CAUSE SLOWDOWN IN PERFORMANCE     !!!
20220915 045126.819 INFO             PET0 !!! FOR PRODUCTION RUNS, USE:                      !!!
20220915 045126.819 INFO             PET0 !!!                   ESMF_LOGKIND_Multi_On_Error  !!!
20220915 045126.819 INFO             PET0 !!!!!!!!!!!!!!!!!!!!!!!!!!!!!!!!!!!!!!!!!!!!!!!!!!!!!!
20220915 045126.819 INFO             PET0 Running with ESMF Version   : v8.4.0b13-32-g4d665c296a
20220915 045126.819 INFO             PET0 ESMF library build date/time: "Sep 15 2022" "04:08:34"
20220915 045126.819 INFO             PET0 ESMF library build location : /lfs4/HFIP/hfv3gfs/Mark.Potts/esmf-tests/intel_2020.2_intelmpi_g_develop/esmf
20220915 045126.819 INFO             PET0 ESMF_COMM                   : intelmpi
20220915 045126.821 INFO             PET0 ESMF_MOAB                   : enabled
20220915 045126.821 INFO             PET0 ESMF_LAPACK                 : enabled
20220915 045126.821 INFO             PET0 ESMF_NETCDF                 : enabled
20220915 045126.821 INFO             PET0 ESMF_PNETCDF                : disabled
20220915 045126.821 INFO             PET0 ESMF_PIO                    : enabled
20220915 045126.821 INFO             PET0 ESMF_YAMLCPP                : enabled
20220915 045126.825 INFO             PET0 ESMF_FieldRedistStoreNF(): Just entered routine.
20220915 045126.830 INFO             PET0 ESMF_FieldRedistStoreNF(): Leaving routine.
20220915 045126.839 INFO             PET0 ESMF_FieldRedistStoreNF(): Just entered routine.
20220915 045126.841 INFO             PET0 ESMF_FieldRedistStoreNF(): Leaving routine.
20220915 045126.841 INFO             PET0 ESMF_FieldRedistStoreNF(): Just entered routine.
20220915 045126.843 INFO             PET0 ESMF_FieldRedistStoreNF(): Leaving routine.
20220915 045126.843 INFO             PET0  NUMBER_OF_PROCESSORS           4
20220915 045126.844 INFO             PET0  PASS  Example ESMF_FieldRedistEx, ESMF_FieldRedistEx.F90, line 521
20220915 045126.844 INFO             PET0 Finalizing ESMF
20220915 045126.819 INFO             PET1 !!!!!!!!!!!!!!!!!!!!!!!!!!!!!!!!!!!!!!!!!!!!!!!!!!!!!!
20220915 045126.820 INFO             PET1 !!! THE ESMF_LOG IS SET TO OUTPUT ALL LOG MESSAGES !!!
20220915 045126.820 INFO             PET1 !!!     THIS MAY CAUSE SLOWDOWN IN PERFORMANCE     !!!
20220915 045126.820 INFO             PET1 !!! FOR PRODUCTION RUNS, USE:                      !!!
20220915 045126.820 INFO             PET1 !!!                   ESMF_LOGKIND_Multi_On_Error  !!!
20220915 045126.820 INFO             PET1 !!!!!!!!!!!!!!!!!!!!!!!!!!!!!!!!!!!!!!!!!!!!!!!!!!!!!!
20220915 045126.820 INFO             PET1 Running with ESMF Version   : v8.4.0b13-32-g4d665c296a
20220915 045126.820 INFO             PET1 ESMF library build date/time: "Sep 15 2022" "04:08:34"
20220915 045126.820 INFO             PET1 ESMF library build location : /lfs4/HFIP/hfv3gfs/Mark.Potts/esmf-tests/intel_2020.2_intelmpi_g_develop/esmf
20220915 045126.820 INFO             PET1 ESMF_COMM                   : intelmpi
20220915 045126.821 INFO             PET1 ESMF_MOAB                   : enabled
20220915 045126.821 INFO             PET1 ESMF_LAPACK                 : enabled
20220915 045126.821 INFO             PET1 ESMF_NETCDF                 : enabled
20220915 045126.821 INFO             PET1 ESMF_PNETCDF                : disabled
20220915 045126.821 INFO             PET1 ESMF_PIO                    : enabled
20220915 045126.821 INFO             PET1 ESMF_YAMLCPP                : enabled
20220915 045126.825 INFO             PET1 ESMF_FieldRedistStoreNF(): Just entered routine.
20220915 045126.830 INFO             PET1 ESMF_FieldRedistStoreNF(): Leaving routine.
20220915 045126.839 INFO             PET1 ESMF_FieldRedistStoreNF(): Just entered routine.
20220915 045126.841 INFO             PET1 ESMF_FieldRedistStoreNF(): Leaving routine.
20220915 045126.841 INFO             PET1 ESMF_FieldRedistStoreNF(): Just entered routine.
20220915 045126.843 INFO             PET1 ESMF_FieldRedistStoreNF(): Leaving routine.
20220915 045126.843 INFO             PET1  NUMBER_OF_PROCESSORS           4
20220915 045126.844 INFO             PET1  PASS  Example ESMF_FieldRedistEx, ESMF_FieldRedistEx.F90, line 521
20220915 045126.844 INFO             PET1 Finalizing ESMF
20220915 045126.820 INFO             PET2 !!!!!!!!!!!!!!!!!!!!!!!!!!!!!!!!!!!!!!!!!!!!!!!!!!!!!!
20220915 045126.820 INFO             PET2 !!! THE ESMF_LOG IS SET TO OUTPUT ALL LOG MESSAGES !!!
20220915 045126.820 INFO             PET2 !!!     THIS MAY CAUSE SLOWDOWN IN PERFORMANCE     !!!
20220915 045126.820 INFO             PET2 !!! FOR PRODUCTION RUNS, USE:                      !!!
20220915 045126.820 INFO             PET2 !!!                   ESMF_LOGKIND_Multi_On_Error  !!!
20220915 045126.820 INFO             PET2 !!!!!!!!!!!!!!!!!!!!!!!!!!!!!!!!!!!!!!!!!!!!!!!!!!!!!!
20220915 045126.820 INFO             PET2 Running with ESMF Version   : v8.4.0b13-32-g4d665c296a
20220915 045126.820 INFO             PET2 ESMF library build date/time: "Sep 15 2022" "04:08:34"
20220915 045126.820 INFO             PET2 ESMF library build location : /lfs4/HFIP/hfv3gfs/Mark.Potts/esmf-tests/intel_2020.2_intelmpi_g_develop/esmf
20220915 045126.820 INFO             PET2 ESMF_COMM                   : intelmpi
20220915 045126.821 INFO             PET2 ESMF_MOAB                   : enabled
20220915 045126.821 INFO             PET2 ESMF_LAPACK                 : enabled
20220915 045126.821 INFO             PET2 ESMF_NETCDF                 : enabled
20220915 045126.821 INFO             PET2 ESMF_PNETCDF                : disabled
20220915 045126.821 INFO             PET2 ESMF_PIO                    : enabled
20220915 045126.821 INFO             PET2 ESMF_YAMLCPP                : enabled
20220915 045126.825 INFO             PET2 ESMF_FieldRedistStoreNF(): Just entered routine.
20220915 045126.830 INFO             PET2 ESMF_FieldRedistStoreNF(): Leaving routine.
20220915 045126.839 INFO             PET2 ESMF_FieldRedistStoreNF(): Just entered routine.
20220915 045126.841 INFO             PET2 ESMF_FieldRedistStoreNF(): Leaving routine.
20220915 045126.841 INFO             PET2 ESMF_FieldRedistStoreNF(): Just entered routine.
20220915 045126.843 INFO             PET2 ESMF_FieldRedistStoreNF(): Leaving routine.
20220915 045126.843 INFO             PET2  NUMBER_OF_PROCESSORS           4
20220915 045126.844 INFO             PET2  PASS  Example ESMF_FieldRedistEx, ESMF_FieldRedistEx.F90, line 521
20220915 045126.844 INFO             PET2 Finalizing ESMF
20220915 045126.819 INFO             PET3 !!!!!!!!!!!!!!!!!!!!!!!!!!!!!!!!!!!!!!!!!!!!!!!!!!!!!!
20220915 045126.820 INFO             PET3 !!! THE ESMF_LOG IS SET TO OUTPUT ALL LOG MESSAGES !!!
20220915 045126.820 INFO             PET3 !!!     THIS MAY CAUSE SLOWDOWN IN PERFORMANCE     !!!
20220915 045126.820 INFO             PET3 !!! FOR PRODUCTION RUNS, USE:                      !!!
20220915 045126.820 INFO             PET3 !!!                   ESMF_LOGKIND_Multi_On_Error  !!!
20220915 045126.820 INFO             PET3 !!!!!!!!!!!!!!!!!!!!!!!!!!!!!!!!!!!!!!!!!!!!!!!!!!!!!!
20220915 045126.820 INFO             PET3 Running with ESMF Version   : v8.4.0b13-32-g4d665c296a
20220915 045126.820 INFO             PET3 ESMF library build date/time: "Sep 15 2022" "04:08:34"
20220915 045126.820 INFO             PET3 ESMF library build location : /lfs4/HFIP/hfv3gfs/Mark.Potts/esmf-tests/intel_2020.2_intelmpi_g_develop/esmf
20220915 045126.820 INFO             PET3 ESMF_COMM                   : intelmpi
20220915 045126.821 INFO             PET3 ESMF_MOAB                   : enabled
20220915 045126.821 INFO             PET3 ESMF_LAPACK                 : enabled
20220915 045126.821 INFO             PET3 ESMF_NETCDF                 : enabled
20220915 045126.821 INFO             PET3 ESMF_PNETCDF                : disabled
20220915 045126.821 INFO             PET3 ESMF_PIO                    : enabled
20220915 045126.821 INFO             PET3 ESMF_YAMLCPP                : enabled
20220915 045126.825 INFO             PET3 ESMF_FieldRedistStoreNF(): Just entered routine.
20220915 045126.830 INFO             PET3 ESMF_FieldRedistStoreNF(): Leaving routine.
20220915 045126.839 INFO             PET3 ESMF_FieldRedistStoreNF(): Just entered routine.
20220915 045126.841 INFO             PET3 ESMF_FieldRedistStoreNF(): Leaving routine.
20220915 045126.841 INFO             PET3 ESMF_FieldRedistStoreNF(): Just entered routine.
20220915 045126.843 INFO             PET3 ESMF_FieldRedistStoreNF(): Leaving routine.
20220915 045126.843 INFO             PET3  NUMBER_OF_PROCESSORS           4
20220915 045126.844 INFO             PET3  PASS  Example ESMF_FieldRedistEx, ESMF_FieldRedistEx.F90, line 521
20220915 045126.844 INFO             PET3 Finalizing ESMF
