2022-08-09 01:35:58
srun: cluster configuration lacks support for cpu binding
 ESMF_LogWrite(): ESMF_Log not open -- cannot ESMF_LogWrite().  Log message = 
 epochInit
 ESMF_LogWrite(): ESMF_Log not open -- cannot ESMF_LogWrite().  Log message = 
 ESMF_LogWrite(): ESMF_Log not open -- cannot ESMF_LogWrite().  Log message = 
 epochInit
 epochInit
 ESMF_LogWrite(): ESMF_Log not open -- cannot ESMF_LogWrite().  Log message = 
 epochInit
  PASS  Example ESMF_RHandleDynamicMaskingEx, ESMF_RHandleDynamicMaskingEx.F90, 
  PASS  Example ESMF_RHandleDynamicMaskingEx, ESMF_RHandleDynamicMaskingEx.F90, 
 line 1116
  PASS  Example ESMF_RHandleDynamicMaskingEx, ESMF_RHandleDynamicMaskingEx.F90, 
 line 1116
  PASS  Example ESMF_RHandleDynamicMaskingEx, ESMF_RHandleDynamicMaskingEx.F90, 
 line 1116
 line 1116
 PASS: ESMF_RHandleDynamicMaskingEx.F90
 PASS: ESMF_RHandleDynamicMaskingEx.F90
 PASS: ESMF_RHandleDynamicMaskingEx.F90
 PASS: ESMF_RHandleDynamicMaskingEx.F90
