2022-08-08 01:39:48
20220808 021535.939 INFO             PET0 !!!!!!!!!!!!!!!!!!!!!!!!!!!!!!!!!!!!!!!!!!!!!!!!!!!!!!
20220808 021535.939 INFO             PET0 !!! THE ESMF_LOG IS SET TO OUTPUT ALL LOG MESSAGES !!!
20220808 021535.939 INFO             PET0 !!!     THIS MAY CAUSE SLOWDOWN IN PERFORMANCE     !!!
20220808 021535.939 INFO             PET0 !!! FOR PRODUCTION RUNS, USE:                      !!!
20220808 021535.939 INFO             PET0 !!!                   ESMF_LOGKIND_Multi_On_Error  !!!
20220808 021535.939 INFO             PET0 !!!!!!!!!!!!!!!!!!!!!!!!!!!!!!!!!!!!!!!!!!!!!!!!!!!!!!
20220808 021535.939 INFO             PET0 Running with ESMF Version   : v8.3.0b17-30-g0de4558e1e
20220808 021535.939 INFO             PET0 ESMF library build date/time: "Aug  8 2022" "01:36:55"
20220808 021535.939 INFO             PET0 ESMF library build location : /discover/nobackup/projects/sbu/mpotts/esmf-test/intel_19.1.3_intelmpi_g_feature_large-messages/esmf
20220808 021535.939 INFO             PET0 ESMF_COMM                   : intelmpi
20220808 021535.940 INFO             PET0 ESMF_MOAB                   : enabled
20220808 021535.940 INFO             PET0 ESMF_LAPACK                 : enabled
20220808 021535.940 INFO             PET0 ESMF_NETCDF                 : enabled
20220808 021535.940 INFO             PET0 ESMF_PNETCDF                : disabled
20220808 021535.940 INFO             PET0 ESMF_PIO                    : enabled
20220808 021535.940 INFO             PET0 ESMF_YAMLCPP                : enabled
20220808 021535.943 DEBUG            PET0 VMK::send():4407, size=40 in 1 chunks
20220808 021535.944 DEBUG            PET0 VMK::send():4407, size=40 in 1 chunks
20220808 021535.944 DEBUG            PET0 VMK::send():4407, size=40 in 1 chunks
20220808 021535.944 DEBUG            PET0 VMK::send():4407, size=160 in 1 chunks
20220808 021535.944 DEBUG            PET0 VMK::send():4407, size=160 in 1 chunks
20220808 021535.944 DEBUG            PET0 VMK::send():4407, size=160 in 1 chunks
20220808 021535.944 DEBUG            PET0 VMK::send():4407, size=80 in 1 chunks
20220808 021535.944 DEBUG            PET0 VMK::send():4407, size=80 in 1 chunks
20220808 021535.944 DEBUG            PET0 VMK::send():4407, size=80 in 1 chunks
20220808 021535.944 DEBUG            PET0 VMK::send():4407, size=40 in 1 chunks
20220808 021535.944 DEBUG            PET0 VMK::send():4407, size=40 in 1 chunks
20220808 021535.944 DEBUG            PET0 VMK::send():4407, size=40 in 1 chunks
20220808 021535.944 DEBUG            PET0 VMK::send():4407, size=160 in 1 chunks
20220808 021535.944 DEBUG            PET0 VMK::send():4407, size=160 in 1 chunks
20220808 021535.944 DEBUG            PET0 VMK::send():4407, size=160 in 1 chunks
20220808 021535.944 DEBUG            PET0 VMK::recv():4898, size=24 in 1 chunks
20220808 021535.944 DEBUG            PET0 VMK::recv():4898, size=16 in 1 chunks
20220808 021535.944 DEBUG            PET0 VMK::recv():4898, size=16 in 1 chunks
20220808 021535.944 DEBUG            PET0 VMK::send():4407, size=16 in 1 chunks
20220808 021535.944 DEBUG            PET0 VMK::send():4407, size=24 in 1 chunks
20220808 021535.944 DEBUG            PET0 VMK::send():4407, size=16 in 1 chunks
20220808 021535.945 DEBUG            PET0 VMK::send():4407, size=200 in 1 chunks
20220808 021535.945 DEBUG            PET0 VMK::recv():4898, size=4 in 1 chunks
20220808 021535.945 DEBUG            PET0 VMK::send():4407, size=200 in 1 chunks
20220808 021535.945 DEBUG            PET0 VMK::recv():4898, size=4 in 1 chunks
20220808 021535.945 DEBUG            PET0 VMK::send():4407, size=200 in 1 chunks
20220808 021535.945 DEBUG            PET0 VMK::recv():4898, size=4 in 1 chunks
20220808 021535.945 DEBUG            PET0 VMK::recv():4898, size=440 in 1 chunks
20220808 021535.945 DEBUG            PET0 VMK::recv():4898, size=440 in 1 chunks
20220808 021535.945 DEBUG            PET0 VMK::recv():4898, size=440 in 1 chunks
20220808 021535.945 DEBUG            PET0 VMK::recv():4898, size=60 in 1 chunks
20220808 021535.945 DEBUG            PET0 VMK::recv():4898, size=40 in 1 chunks
20220808 021535.945 DEBUG            PET0 VMK::recv():4898, size=40 in 1 chunks
20220808 021535.945 DEBUG            PET0 VMK::send():4407, size=40 in 1 chunks
20220808 021535.945 DEBUG            PET0 VMK::recv():4898, size=4 in 1 chunks
20220808 021535.945 DEBUG            PET0 VMK::send():4407, size=60 in 1 chunks
20220808 021535.945 DEBUG            PET0 VMK::recv():4898, size=4 in 1 chunks
20220808 021535.945 DEBUG            PET0 VMK::send():4407, size=40 in 1 chunks
20220808 021535.945 DEBUG            PET0 VMK::recv():4898, size=4 in 1 chunks
20220808 021535.945 DEBUG            PET0 VMK::send():4407, size=4 in 1 chunks
20220808 021535.945 DEBUG            PET0 VMK::send():4407, size=4 in 1 chunks
20220808 021535.945 DEBUG            PET0 VMK::send():4407, size=4 in 1 chunks
20220808 021535.945 DEBUG            PET0 VMK::recv():4898, size=88 in 1 chunks
20220808 021535.945 DEBUG            PET0 VMK::recv():4898, size=132 in 1 chunks
20220808 021535.945 DEBUG            PET0 VMK::recv():4898, size=88 in 1 chunks
20220808 021535.945 DEBUG            PET0 VMK::send():4407, size=132 in 1 chunks
20220808 021535.945 DEBUG            PET0 VMK::send():4407, size=88 in 1 chunks
20220808 021535.945 DEBUG            PET0 VMK::send():4407, size=88 in 1 chunks
20220808 021535.947 DEBUG            PET0 VMK::recv():4898, size=40 in 1 chunks
20220808 021535.947 DEBUG            PET0 VMK::send():4407, size=40 in 1 chunks
20220808 021535.947 DEBUG            PET0 VMK::send():4407, size=40 in 1 chunks
20220808 021535.947 DEBUG            PET0 VMK::send():4407, size=40 in 1 chunks
20220808 021535.947 DEBUG            PET0 VMK::send():4407, size=40 in 1 chunks
20220808 021535.947 DEBUG            PET0 VMK::recv():4898, size=40 in 1 chunks
20220808 021535.947 DEBUG            PET0 VMK::send():4407, size=40 in 1 chunks
20220808 021535.947 DEBUG            PET0 VMK::send():4407, size=40 in 1 chunks
20220808 021535.947 DEBUG            PET0 VMK::send():4407, size=40 in 1 chunks
20220808 021535.947 DEBUG            PET0 VMK::send():4407, size=40 in 1 chunks
20220808 021535.947 DEBUG            PET0 VMK::recv():4898, size=40 in 1 chunks
20220808 021535.947 DEBUG            PET0 VMK::send():4407, size=40 in 1 chunks
20220808 021535.947 DEBUG            PET0 VMK::send():4407, size=40 in 1 chunks
20220808 021535.947 DEBUG            PET0 VMK::send():4407, size=40 in 1 chunks
20220808 021535.947 DEBUG            PET0 VMK::send():4407, size=40 in 1 chunks
20220808 021535.947 DEBUG            PET0 VMK::recv():4898, size=40 in 1 chunks
20220808 021535.947 DEBUG            PET0 VMK::send():4407, size=40 in 1 chunks
20220808 021535.947 DEBUG            PET0 VMK::send():4407, size=40 in 1 chunks
20220808 021535.947 DEBUG            PET0 VMK::send():4407, size=40 in 1 chunks
20220808 021535.947 DEBUG            PET0 VMK::send():4407, size=40 in 1 chunks
20220808 021535.947 DEBUG            PET0 VMK::recv():4898, size=40 in 1 chunks
20220808 021535.947 DEBUG            PET0 VMK::send():4407, size=40 in 1 chunks
20220808 021535.947 DEBUG            PET0 VMK::send():4407, size=40 in 1 chunks
20220808 021535.947 DEBUG            PET0 VMK::send():4407, size=40 in 1 chunks
20220808 021535.947 DEBUG            PET0 VMK::send():4407, size=40 in 1 chunks
20220808 021535.947 DEBUG            PET0 VMK::recv():4898, size=40 in 1 chunks
20220808 021535.947 DEBUG            PET0 VMK::send():4407, size=40 in 1 chunks
20220808 021535.947 DEBUG            PET0 VMK::send():4407, size=40 in 1 chunks
20220808 021535.947 DEBUG            PET0 VMK::send():4407, size=40 in 1 chunks
20220808 021535.947 DEBUG            PET0 VMK::send():4407, size=40 in 1 chunks
20220808 021535.947 DEBUG            PET0 VMK::recv():4898, size=40 in 1 chunks
20220808 021535.947 DEBUG            PET0 VMK::send():4407, size=40 in 1 chunks
20220808 021535.947 DEBUG            PET0 VMK::send():4407, size=40 in 1 chunks
20220808 021535.947 DEBUG            PET0 VMK::send():4407, size=40 in 1 chunks
20220808 021535.947 DEBUG            PET0 VMK::send():4407, size=40 in 1 chunks
20220808 021535.947 DEBUG            PET0 VMK::recv():4898, size=40 in 1 chunks
20220808 021535.947 DEBUG            PET0 VMK::send():4407, size=40 in 1 chunks
20220808 021535.947 DEBUG            PET0 VMK::send():4407, size=40 in 1 chunks
20220808 021535.947 DEBUG            PET0 VMK::send():4407, size=40 in 1 chunks
20220808 021535.947 DEBUG            PET0 VMK::send():4407, size=40 in 1 chunks
20220808 021535.947 DEBUG            PET0 VMK::recv():4898, size=40 in 1 chunks
20220808 021535.947 DEBUG            PET0 VMK::send():4407, size=40 in 1 chunks
20220808 021535.947 DEBUG            PET0 VMK::send():4407, size=40 in 1 chunks
20220808 021535.947 DEBUG            PET0 VMK::send():4407, size=40 in 1 chunks
20220808 021535.947 DEBUG            PET0 VMK::send():4407, size=40 in 1 chunks
20220808 021535.947 DEBUG            PET0 VMK::recv():4898, size=40 in 1 chunks
20220808 021535.947 DEBUG            PET0 VMK::send():4407, size=40 in 1 chunks
20220808 021535.947 DEBUG            PET0 VMK::send():4407, size=40 in 1 chunks
20220808 021535.947 DEBUG            PET0 VMK::send():4407, size=40 in 1 chunks
20220808 021535.947 DEBUG            PET0 VMK::send():4407, size=40 in 1 chunks
20220808 021535.948 DEBUG            PET0 VMK::recv():4898, size=40 in 1 chunks
20220808 021535.948 DEBUG            PET0 VMK::send():4407, size=40 in 1 chunks
20220808 021535.948 DEBUG            PET0 VMK::send():4407, size=40 in 1 chunks
20220808 021535.948 DEBUG            PET0 VMK::send():4407, size=40 in 1 chunks
20220808 021535.948 DEBUG            PET0 VMK::send():4407, size=40 in 1 chunks
20220808 021535.948 DEBUG            PET0 VMK::recv():4898, size=40 in 1 chunks
20220808 021535.948 DEBUG            PET0 VMK::send():4407, size=40 in 1 chunks
20220808 021535.948 DEBUG            PET0 VMK::send():4407, size=40 in 1 chunks
20220808 021535.948 DEBUG            PET0 VMK::send():4407, size=40 in 1 chunks
20220808 021535.948 DEBUG            PET0 VMK::send():4407, size=40 in 1 chunks
20220808 021535.948 DEBUG            PET0 VMK::recv():4898, size=40 in 1 chunks
20220808 021535.948 DEBUG            PET0 VMK::send():4407, size=40 in 1 chunks
20220808 021535.948 DEBUG            PET0 VMK::send():4407, size=40 in 1 chunks
20220808 021535.948 DEBUG            PET0 VMK::send():4407, size=40 in 1 chunks
20220808 021535.948 DEBUG            PET0 VMK::send():4407, size=40 in 1 chunks
20220808 021535.948 DEBUG            PET0 VMK::recv():4898, size=40 in 1 chunks
20220808 021535.948 DEBUG            PET0 VMK::send():4407, size=40 in 1 chunks
20220808 021535.948 DEBUG            PET0 VMK::send():4407, size=40 in 1 chunks
20220808 021535.948 DEBUG            PET0 VMK::send():4407, size=40 in 1 chunks
20220808 021535.948 DEBUG            PET0 VMK::send():4407, size=40 in 1 chunks
20220808 021535.948 DEBUG            PET0 VMK::recv():4898, size=40 in 1 chunks
20220808 021535.948 DEBUG            PET0 VMK::send():4407, size=40 in 1 chunks
20220808 021535.948 DEBUG            PET0 VMK::send():4407, size=40 in 1 chunks
20220808 021535.948 DEBUG            PET0 VMK::send():4407, size=40 in 1 chunks
20220808 021535.948 DEBUG            PET0 VMK::send():4407, size=40 in 1 chunks
20220808 021535.948 DEBUG            PET0 VMK::recv():4898, size=40 in 1 chunks
20220808 021535.948 DEBUG            PET0 VMK::send():4407, size=40 in 1 chunks
20220808 021535.948 DEBUG            PET0 VMK::send():4407, size=40 in 1 chunks
20220808 021535.948 DEBUG            PET0 VMK::send():4407, size=40 in 1 chunks
20220808 021535.948 DEBUG            PET0 VMK::send():4407, size=40 in 1 chunks
20220808 021535.948 DEBUG            PET0 VMK::recv():4898, size=40 in 1 chunks
20220808 021535.948 DEBUG            PET0 VMK::send():4407, size=40 in 1 chunks
20220808 021535.948 DEBUG            PET0 VMK::send():4407, size=40 in 1 chunks
20220808 021535.948 DEBUG            PET0 VMK::send():4407, size=40 in 1 chunks
20220808 021535.948 DEBUG            PET0 VMK::send():4407, size=40 in 1 chunks
20220808 021535.948 DEBUG            PET0 VMK::recv():4898, size=40 in 1 chunks
20220808 021535.948 DEBUG            PET0 VMK::send():4407, size=40 in 1 chunks
20220808 021535.948 DEBUG            PET0 VMK::send():4407, size=40 in 1 chunks
20220808 021535.948 DEBUG            PET0 VMK::send():4407, size=40 in 1 chunks
20220808 021535.948 DEBUG            PET0 VMK::send():4407, size=40 in 1 chunks
20220808 021535.948 DEBUG            PET0 VMK::recv():4898, size=40 in 1 chunks
20220808 021535.948 DEBUG            PET0 VMK::send():4407, size=40 in 1 chunks
20220808 021535.948 DEBUG            PET0 VMK::send():4407, size=40 in 1 chunks
20220808 021535.948 DEBUG            PET0 VMK::send():4407, size=40 in 1 chunks
20220808 021535.948 DEBUG            PET0 VMK::send():4407, size=40 in 1 chunks
20220808 021535.948 DEBUG            PET0 VMK::recv():4898, size=40 in 1 chunks
20220808 021535.948 DEBUG            PET0 VMK::send():4407, size=40 in 1 chunks
20220808 021535.948 DEBUG            PET0 VMK::send():4407, size=40 in 1 chunks
20220808 021535.948 DEBUG            PET0 VMK::send():4407, size=40 in 1 chunks
20220808 021535.948 DEBUG            PET0 VMK::send():4407, size=40 in 1 chunks
20220808 021535.948 DEBUG            PET0 VMK::recv():4898, size=40 in 1 chunks
20220808 021535.948 DEBUG            PET0 VMK::send():4407, size=40 in 1 chunks
20220808 021535.949 DEBUG            PET0 VMK::send():4407, size=40 in 1 chunks
20220808 021535.949 DEBUG            PET0 VMK::send():4407, size=40 in 1 chunks
20220808 021535.949 DEBUG            PET0 VMK::send():4407, size=40 in 1 chunks
20220808 021535.949 DEBUG            PET0 VMK::recv():4898, size=40 in 1 chunks
20220808 021535.949 DEBUG            PET0 VMK::send():4407, size=40 in 1 chunks
20220808 021535.949 DEBUG            PET0 VMK::send():4407, size=40 in 1 chunks
20220808 021535.949 DEBUG            PET0 VMK::send():4407, size=40 in 1 chunks
20220808 021535.949 DEBUG            PET0 VMK::send():4407, size=40 in 1 chunks
20220808 021535.949 DEBUG            PET0 VMK::recv():4898, size=40 in 1 chunks
20220808 021535.949 DEBUG            PET0 VMK::send():4407, size=40 in 1 chunks
20220808 021535.949 DEBUG            PET0 VMK::send():4407, size=40 in 1 chunks
20220808 021535.949 DEBUG            PET0 VMK::send():4407, size=40 in 1 chunks
20220808 021535.949 DEBUG            PET0 VMK::send():4407, size=40 in 1 chunks
20220808 021535.949 DEBUG            PET0 VMK::recv():4898, size=40 in 1 chunks
20220808 021535.949 DEBUG            PET0 VMK::send():4407, size=40 in 1 chunks
20220808 021535.949 DEBUG            PET0 VMK::send():4407, size=40 in 1 chunks
20220808 021535.949 DEBUG            PET0 VMK::send():4407, size=40 in 1 chunks
20220808 021535.949 DEBUG            PET0 VMK::send():4407, size=40 in 1 chunks
20220808 021535.949 DEBUG            PET0 VMK::recv():4898, size=40 in 1 chunks
20220808 021535.949 DEBUG            PET0 VMK::send():4407, size=40 in 1 chunks
20220808 021535.949 DEBUG            PET0 VMK::send():4407, size=40 in 1 chunks
20220808 021535.949 DEBUG            PET0 VMK::send():4407, size=40 in 1 chunks
20220808 021535.949 DEBUG            PET0 VMK::send():4407, size=40 in 1 chunks
20220808 021535.949 DEBUG            PET0 VMK::recv():4898, size=40 in 1 chunks
20220808 021535.949 DEBUG            PET0 VMK::send():4407, size=40 in 1 chunks
20220808 021535.949 DEBUG            PET0 VMK::send():4407, size=40 in 1 chunks
20220808 021535.949 DEBUG            PET0 VMK::send():4407, size=40 in 1 chunks
20220808 021535.949 DEBUG            PET0 VMK::send():4407, size=40 in 1 chunks
20220808 021535.949 DEBUG            PET0 VMK::recv():4898, size=40 in 1 chunks
20220808 021535.949 DEBUG            PET0 VMK::send():4407, size=40 in 1 chunks
20220808 021535.949 DEBUG            PET0 VMK::send():4407, size=40 in 1 chunks
20220808 021535.949 DEBUG            PET0 VMK::send():4407, size=40 in 1 chunks
20220808 021535.949 DEBUG            PET0 VMK::send():4407, size=40 in 1 chunks
20220808 021535.949 DEBUG            PET0 VMK::recv():4898, size=40 in 1 chunks
20220808 021535.949 DEBUG            PET0 VMK::send():4407, size=40 in 1 chunks
20220808 021535.949 DEBUG            PET0 VMK::send():4407, size=40 in 1 chunks
20220808 021535.949 DEBUG            PET0 VMK::send():4407, size=40 in 1 chunks
20220808 021535.949 DEBUG            PET0 VMK::send():4407, size=40 in 1 chunks
20220808 021535.949 DEBUG            PET0 VMK::recv():4898, size=40 in 1 chunks
20220808 021535.949 DEBUG            PET0 VMK::send():4407, size=40 in 1 chunks
20220808 021535.949 DEBUG            PET0 VMK::send():4407, size=40 in 1 chunks
20220808 021535.949 DEBUG            PET0 VMK::send():4407, size=40 in 1 chunks
20220808 021535.949 DEBUG            PET0 VMK::send():4407, size=40 in 1 chunks
20220808 021535.949 DEBUG            PET0 VMK::recv():4898, size=40 in 1 chunks
20220808 021535.949 DEBUG            PET0 VMK::send():4407, size=40 in 1 chunks
20220808 021535.949 DEBUG            PET0 VMK::send():4407, size=40 in 1 chunks
20220808 021535.949 DEBUG            PET0 VMK::send():4407, size=40 in 1 chunks
20220808 021535.949 DEBUG            PET0 VMK::send():4407, size=40 in 1 chunks
20220808 021535.949 DEBUG            PET0 VMK::recv():4898, size=40 in 1 chunks
20220808 021535.949 DEBUG            PET0 VMK::send():4407, size=40 in 1 chunks
20220808 021535.949 DEBUG            PET0 VMK::send():4407, size=40 in 1 chunks
20220808 021535.949 DEBUG            PET0 VMK::send():4407, size=40 in 1 chunks
20220808 021535.949 DEBUG            PET0 VMK::send():4407, size=40 in 1 chunks
20220808 021535.950 DEBUG            PET0 VMK::recv():4898, size=40 in 1 chunks
20220808 021535.950 DEBUG            PET0 VMK::send():4407, size=40 in 1 chunks
20220808 021535.950 DEBUG            PET0 VMK::send():4407, size=40 in 1 chunks
20220808 021535.950 DEBUG            PET0 VMK::send():4407, size=40 in 1 chunks
20220808 021535.950 DEBUG            PET0 VMK::send():4407, size=40 in 1 chunks
20220808 021535.950 DEBUG            PET0 VMK::recv():4898, size=12 in 1 chunks
20220808 021535.950 DEBUG            PET0 VMK::recv():4898, size=8 in 1 chunks
20220808 021535.950 DEBUG            PET0 VMK::recv():4898, size=8 in 1 chunks
20220808 021535.950 DEBUG            PET0 VMK::send():4407, size=8 in 1 chunks
20220808 021535.950 DEBUG            PET0 VMK::send():4407, size=12 in 1 chunks
20220808 021535.950 DEBUG            PET0 VMK::send():4407, size=8 in 1 chunks
20220808 021535.950 DEBUG            PET0 VMK::recv():4898, size=48 in 1 chunks
20220808 021535.950 DEBUG            PET0 VMK::recv():4898, size=32 in 1 chunks
20220808 021535.950 DEBUG            PET0 VMK::recv():4898, size=32 in 1 chunks
20220808 021535.950 DEBUG            PET0 VMK::send():4407, size=32 in 1 chunks
20220808 021535.950 DEBUG            PET0 VMK::send():4407, size=48 in 1 chunks
20220808 021535.950 DEBUG            PET0 VMK::send():4407, size=32 in 1 chunks
20220808 021535.950 DEBUG            PET0 VMK::recv():4898, size=24 in 1 chunks
20220808 021535.950 DEBUG            PET0 VMK::recv():4898, size=16 in 1 chunks
20220808 021535.950 DEBUG            PET0 VMK::recv():4898, size=16 in 1 chunks
20220808 021535.950 DEBUG            PET0 VMK::send():4407, size=16 in 1 chunks
20220808 021535.950 DEBUG            PET0 VMK::send():4407, size=24 in 1 chunks
20220808 021535.950 DEBUG            PET0 VMK::send():4407, size=16 in 1 chunks
20220808 021535.951 DEBUG            PET0 VMK::recv():4898, size=12 in 1 chunks
20220808 021535.951 DEBUG            PET0 VMK::recv():4898, size=8 in 1 chunks
20220808 021535.951 DEBUG            PET0 VMK::recv():4898, size=8 in 1 chunks
20220808 021535.951 DEBUG            PET0 VMK::send():4407, size=8 in 1 chunks
20220808 021535.951 DEBUG            PET0 VMK::send():4407, size=12 in 1 chunks
20220808 021535.951 DEBUG            PET0 VMK::send():4407, size=8 in 1 chunks
20220808 021535.951 DEBUG            PET0 VMK::recv():4898, size=48 in 1 chunks
20220808 021535.951 DEBUG            PET0 VMK::recv():4898, size=32 in 1 chunks
20220808 021535.951 DEBUG            PET0 VMK::recv():4898, size=32 in 1 chunks
20220808 021535.951 DEBUG            PET0 VMK::send():4407, size=32 in 1 chunks
20220808 021535.951 DEBUG            PET0 VMK::send():4407, size=48 in 1 chunks
20220808 021535.951 DEBUG            PET0 VMK::send():4407, size=32 in 1 chunks
20220808 021535.951 DEBUG            PET0 VMK::send():4407, size=80 in 1 chunks
20220808 021535.951 DEBUG            PET0 VMK::send():4407, size=80 in 1 chunks
20220808 021535.951 DEBUG            PET0 VMK::send():4407, size=80 in 1 chunks
20220808 021535.951 DEBUG            PET0 VMK::recv():4898, size=60 in 1 chunks
20220808 021535.951 DEBUG            PET0 VMK::recv():4898, size=40 in 1 chunks
20220808 021535.951 DEBUG            PET0 VMK::recv():4898, size=40 in 1 chunks
20220808 021535.951 DEBUG            PET0 VMK::send():4407, size=40 in 1 chunks
20220808 021535.951 DEBUG            PET0 VMK::recv():4898, size=4 in 1 chunks
20220808 021535.951 DEBUG            PET0 VMK::send():4407, size=60 in 1 chunks
20220808 021535.951 DEBUG            PET0 VMK::recv():4898, size=4 in 1 chunks
20220808 021535.951 DEBUG            PET0 VMK::send():4407, size=40 in 1 chunks
20220808 021535.951 DEBUG            PET0 VMK::recv():4898, size=4 in 1 chunks
20220808 021535.951 DEBUG            PET0 VMK::send():4407, size=4 in 1 chunks
20220808 021535.951 DEBUG            PET0 VMK::send():4407, size=4 in 1 chunks
20220808 021535.951 DEBUG            PET0 VMK::send():4407, size=4 in 1 chunks
20220808 021535.951 DEBUG            PET0 VMK::recv():4898, size=88 in 1 chunks
20220808 021535.952 DEBUG            PET0 VMK::recv():4898, size=132 in 1 chunks
20220808 021535.952 DEBUG            PET0 VMK::recv():4898, size=88 in 1 chunks
20220808 021535.952 DEBUG            PET0 VMK::send():4407, size=132 in 1 chunks
20220808 021535.952 DEBUG            PET0 VMK::send():4407, size=88 in 1 chunks
20220808 021535.952 DEBUG            PET0 VMK::send():4407, size=88 in 1 chunks
20220808 021535.952 DEBUG            PET0 VMK::send():4407, size=200 in 1 chunks
20220808 021535.952 DEBUG            PET0 VMK::recv():4898, size=4 in 1 chunks
20220808 021535.952 DEBUG            PET0 VMK::send():4407, size=200 in 1 chunks
20220808 021535.952 DEBUG            PET0 VMK::recv():4898, size=4 in 1 chunks
20220808 021535.952 DEBUG            PET0 VMK::send():4407, size=200 in 1 chunks
20220808 021535.952 DEBUG            PET0 VMK::recv():4898, size=4 in 1 chunks
20220808 021535.952 DEBUG            PET0 VMK::recv():4898, size=440 in 1 chunks
20220808 021535.952 DEBUG            PET0 VMK::recv():4898, size=440 in 1 chunks
20220808 021535.952 DEBUG            PET0 VMK::recv():4898, size=440 in 1 chunks
20220808 021535.952 DEBUG            PET0 VMK::recv():4898, size=40 in 1 chunks
20220808 021535.952 DEBUG            PET0 VMK::send():4407, size=40 in 1 chunks
20220808 021535.953 DEBUG            PET0 VMK::recv():4898, size=40 in 1 chunks
20220808 021535.953 DEBUG            PET0 VMK::recv():4898, size=40 in 1 chunks
20220808 021535.953 DEBUG            PET0 VMK::recv():4898, size=40 in 1 chunks
20220808 021535.953 DEBUG            PET0 VMK::recv():4898, size=40 in 1 chunks
20220808 021535.953 DEBUG            PET0 VMK::send():4407, size=40 in 1 chunks
20220808 021535.953 DEBUG            PET0 VMK::recv():4898, size=40 in 1 chunks
20220808 021535.953 DEBUG            PET0 VMK::recv():4898, size=40 in 1 chunks
20220808 021535.953 DEBUG            PET0 VMK::recv():4898, size=40 in 1 chunks
20220808 021535.953 DEBUG            PET0 VMK::recv():4898, size=40 in 1 chunks
20220808 021535.953 DEBUG            PET0 VMK::send():4407, size=40 in 1 chunks
20220808 021535.953 DEBUG            PET0 VMK::recv():4898, size=40 in 1 chunks
20220808 021535.953 DEBUG            PET0 VMK::recv():4898, size=40 in 1 chunks
20220808 021535.953 DEBUG            PET0 VMK::recv():4898, size=40 in 1 chunks
20220808 021535.953 DEBUG            PET0 VMK::recv():4898, size=40 in 1 chunks
20220808 021535.953 DEBUG            PET0 VMK::send():4407, size=40 in 1 chunks
20220808 021535.953 DEBUG            PET0 VMK::recv():4898, size=40 in 1 chunks
20220808 021535.953 DEBUG            PET0 VMK::recv():4898, size=40 in 1 chunks
20220808 021535.953 DEBUG            PET0 VMK::recv():4898, size=40 in 1 chunks
20220808 021535.953 DEBUG            PET0 VMK::recv():4898, size=40 in 1 chunks
20220808 021535.953 DEBUG            PET0 VMK::send():4407, size=40 in 1 chunks
20220808 021535.953 DEBUG            PET0 VMK::recv():4898, size=40 in 1 chunks
20220808 021535.953 DEBUG            PET0 VMK::recv():4898, size=40 in 1 chunks
20220808 021535.953 DEBUG            PET0 VMK::recv():4898, size=40 in 1 chunks
20220808 021535.953 DEBUG            PET0 VMK::recv():4898, size=40 in 1 chunks
20220808 021535.953 DEBUG            PET0 VMK::send():4407, size=40 in 1 chunks
20220808 021535.953 DEBUG            PET0 VMK::recv():4898, size=40 in 1 chunks
20220808 021535.953 DEBUG            PET0 VMK::recv():4898, size=40 in 1 chunks
20220808 021535.953 DEBUG            PET0 VMK::recv():4898, size=40 in 1 chunks
20220808 021535.953 DEBUG            PET0 VMK::recv():4898, size=40 in 1 chunks
20220808 021535.953 DEBUG            PET0 VMK::send():4407, size=40 in 1 chunks
20220808 021535.953 DEBUG            PET0 VMK::recv():4898, size=40 in 1 chunks
20220808 021535.953 DEBUG            PET0 VMK::recv():4898, size=40 in 1 chunks
20220808 021535.953 DEBUG            PET0 VMK::recv():4898, size=40 in 1 chunks
20220808 021535.953 DEBUG            PET0 VMK::recv():4898, size=40 in 1 chunks
20220808 021535.953 DEBUG            PET0 VMK::send():4407, size=40 in 1 chunks
20220808 021535.953 DEBUG            PET0 VMK::recv():4898, size=40 in 1 chunks
20220808 021535.953 DEBUG            PET0 VMK::recv():4898, size=40 in 1 chunks
20220808 021535.953 DEBUG            PET0 VMK::recv():4898, size=40 in 1 chunks
20220808 021535.953 DEBUG            PET0 VMK::recv():4898, size=40 in 1 chunks
20220808 021535.953 DEBUG            PET0 VMK::send():4407, size=40 in 1 chunks
20220808 021535.953 DEBUG            PET0 VMK::recv():4898, size=40 in 1 chunks
20220808 021535.953 DEBUG            PET0 VMK::recv():4898, size=40 in 1 chunks
20220808 021535.953 DEBUG            PET0 VMK::recv():4898, size=40 in 1 chunks
20220808 021535.953 DEBUG            PET0 VMK::recv():4898, size=40 in 1 chunks
20220808 021535.953 DEBUG            PET0 VMK::send():4407, size=40 in 1 chunks
20220808 021535.953 DEBUG            PET0 VMK::recv():4898, size=40 in 1 chunks
20220808 021535.953 DEBUG            PET0 VMK::recv():4898, size=40 in 1 chunks
20220808 021535.953 DEBUG            PET0 VMK::recv():4898, size=40 in 1 chunks
20220808 021535.953 DEBUG            PET0 VMK::recv():4898, size=40 in 1 chunks
20220808 021535.953 DEBUG            PET0 VMK::recv():4898, size=40 in 1 chunks
20220808 021535.953 DEBUG            PET0 VMK::send():4407, size=40 in 1 chunks
20220808 021535.953 DEBUG            PET0 VMK::recv():4898, size=40 in 1 chunks
20220808 021535.954 DEBUG            PET0 VMK::recv():4898, size=40 in 1 chunks
20220808 021535.954 DEBUG            PET0 VMK::recv():4898, size=40 in 1 chunks
20220808 021535.954 DEBUG            PET0 VMK::recv():4898, size=40 in 1 chunks
20220808 021535.954 DEBUG            PET0 VMK::send():4407, size=40 in 1 chunks
20220808 021535.954 DEBUG            PET0 VMK::recv():4898, size=40 in 1 chunks
20220808 021535.954 DEBUG            PET0 VMK::recv():4898, size=40 in 1 chunks
20220808 021535.954 DEBUG            PET0 VMK::recv():4898, size=40 in 1 chunks
20220808 021535.954 DEBUG            PET0 VMK::recv():4898, size=40 in 1 chunks
20220808 021535.954 DEBUG            PET0 VMK::send():4407, size=40 in 1 chunks
20220808 021535.954 DEBUG            PET0 VMK::recv():4898, size=40 in 1 chunks
20220808 021535.954 DEBUG            PET0 VMK::recv():4898, size=40 in 1 chunks
20220808 021535.954 DEBUG            PET0 VMK::recv():4898, size=40 in 1 chunks
20220808 021535.954 DEBUG            PET0 VMK::recv():4898, size=40 in 1 chunks
20220808 021535.954 DEBUG            PET0 VMK::send():4407, size=40 in 1 chunks
20220808 021535.954 DEBUG            PET0 VMK::recv():4898, size=40 in 1 chunks
20220808 021535.954 DEBUG            PET0 VMK::recv():4898, size=40 in 1 chunks
20220808 021535.954 DEBUG            PET0 VMK::recv():4898, size=40 in 1 chunks
20220808 021535.954 DEBUG            PET0 VMK::recv():4898, size=40 in 1 chunks
20220808 021535.954 DEBUG            PET0 VMK::send():4407, size=40 in 1 chunks
20220808 021535.954 DEBUG            PET0 VMK::recv():4898, size=40 in 1 chunks
20220808 021535.954 DEBUG            PET0 VMK::recv():4898, size=40 in 1 chunks
20220808 021535.954 DEBUG            PET0 VMK::recv():4898, size=40 in 1 chunks
20220808 021535.954 DEBUG            PET0 VMK::recv():4898, size=40 in 1 chunks
20220808 021535.954 DEBUG            PET0 VMK::send():4407, size=40 in 1 chunks
20220808 021535.954 DEBUG            PET0 VMK::recv():4898, size=40 in 1 chunks
20220808 021535.954 DEBUG            PET0 VMK::recv():4898, size=40 in 1 chunks
20220808 021535.954 DEBUG            PET0 VMK::recv():4898, size=40 in 1 chunks
20220808 021535.954 DEBUG            PET0 VMK::recv():4898, size=40 in 1 chunks
20220808 021535.954 DEBUG            PET0 VMK::send():4407, size=40 in 1 chunks
20220808 021535.954 DEBUG            PET0 VMK::recv():4898, size=40 in 1 chunks
20220808 021535.954 DEBUG            PET0 VMK::recv():4898, size=40 in 1 chunks
20220808 021535.954 DEBUG            PET0 VMK::recv():4898, size=40 in 1 chunks
20220808 021535.954 DEBUG            PET0 VMK::recv():4898, size=40 in 1 chunks
20220808 021535.954 DEBUG            PET0 VMK::send():4407, size=40 in 1 chunks
20220808 021535.954 DEBUG            PET0 VMK::recv():4898, size=40 in 1 chunks
20220808 021535.954 DEBUG            PET0 VMK::recv():4898, size=40 in 1 chunks
20220808 021535.954 DEBUG            PET0 VMK::recv():4898, size=40 in 1 chunks
20220808 021535.954 DEBUG            PET0 VMK::recv():4898, size=40 in 1 chunks
20220808 021535.954 DEBUG            PET0 VMK::send():4407, size=40 in 1 chunks
20220808 021535.954 DEBUG            PET0 VMK::recv():4898, size=40 in 1 chunks
20220808 021535.954 DEBUG            PET0 VMK::recv():4898, size=40 in 1 chunks
20220808 021535.954 DEBUG            PET0 VMK::recv():4898, size=40 in 1 chunks
20220808 021535.954 DEBUG            PET0 VMK::recv():4898, size=40 in 1 chunks
20220808 021535.954 DEBUG            PET0 VMK::send():4407, size=40 in 1 chunks
20220808 021535.954 DEBUG            PET0 VMK::recv():4898, size=40 in 1 chunks
20220808 021535.954 DEBUG            PET0 VMK::recv():4898, size=40 in 1 chunks
20220808 021535.954 DEBUG            PET0 VMK::recv():4898, size=40 in 1 chunks
20220808 021535.954 DEBUG            PET0 VMK::recv():4898, size=40 in 1 chunks
20220808 021535.954 DEBUG            PET0 VMK::recv():4898, size=40 in 1 chunks
20220808 021535.954 DEBUG            PET0 VMK::recv():4898, size=40 in 1 chunks
20220808 021535.954 DEBUG            PET0 VMK::send():4407, size=40 in 1 chunks
20220808 021535.954 DEBUG            PET0 VMK::recv():4898, size=40 in 1 chunks
20220808 021535.954 DEBUG            PET0 VMK::recv():4898, size=40 in 1 chunks
20220808 021535.954 DEBUG            PET0 VMK::recv():4898, size=40 in 1 chunks
20220808 021535.954 DEBUG            PET0 VMK::recv():4898, size=40 in 1 chunks
20220808 021535.954 DEBUG            PET0 VMK::send():4407, size=40 in 1 chunks
20220808 021535.954 DEBUG            PET0 VMK::recv():4898, size=40 in 1 chunks
20220808 021535.954 DEBUG            PET0 VMK::recv():4898, size=40 in 1 chunks
20220808 021535.955 DEBUG            PET0 VMK::recv():4898, size=40 in 1 chunks
20220808 021535.955 DEBUG            PET0 VMK::recv():4898, size=40 in 1 chunks
20220808 021535.955 DEBUG            PET0 VMK::send():4407, size=40 in 1 chunks
20220808 021535.955 DEBUG            PET0 VMK::recv():4898, size=40 in 1 chunks
20220808 021535.955 DEBUG            PET0 VMK::recv():4898, size=40 in 1 chunks
20220808 021535.955 DEBUG            PET0 VMK::recv():4898, size=40 in 1 chunks
20220808 021535.955 DEBUG            PET0 VMK::recv():4898, size=40 in 1 chunks
20220808 021535.955 DEBUG            PET0 VMK::send():4407, size=40 in 1 chunks
20220808 021535.955 DEBUG            PET0 VMK::recv():4898, size=40 in 1 chunks
20220808 021535.955 DEBUG            PET0 VMK::recv():4898, size=40 in 1 chunks
20220808 021535.955 DEBUG            PET0 VMK::recv():4898, size=40 in 1 chunks
20220808 021535.955 DEBUG            PET0 VMK::recv():4898, size=40 in 1 chunks
20220808 021535.955 DEBUG            PET0 VMK::send():4407, size=40 in 1 chunks
20220808 021535.955 DEBUG            PET0 VMK::recv():4898, size=40 in 1 chunks
20220808 021535.955 DEBUG            PET0 VMK::recv():4898, size=40 in 1 chunks
20220808 021535.955 DEBUG            PET0 VMK::recv():4898, size=40 in 1 chunks
20220808 021535.955 DEBUG            PET0 VMK::recv():4898, size=40 in 1 chunks
20220808 021535.955 DEBUG            PET0 VMK::send():4407, size=40 in 1 chunks
20220808 021535.955 DEBUG            PET0 VMK::recv():4898, size=40 in 1 chunks
20220808 021535.955 DEBUG            PET0 VMK::recv():4898, size=40 in 1 chunks
20220808 021535.955 DEBUG            PET0 VMK::recv():4898, size=40 in 1 chunks
20220808 021535.955 DEBUG            PET0 VMK::recv():4898, size=40 in 1 chunks
20220808 021535.955 DEBUG            PET0 VMK::send():4407, size=40 in 1 chunks
20220808 021535.955 DEBUG            PET0 VMK::recv():4898, size=40 in 1 chunks
20220808 021535.955 DEBUG            PET0 VMK::recv():4898, size=40 in 1 chunks
20220808 021535.955 DEBUG            PET0 VMK::recv():4898, size=40 in 1 chunks
20220808 021535.955 DEBUG            PET0 VMK::recv():4898, size=40 in 1 chunks
20220808 021535.955 DEBUG            PET0 VMK::send():4407, size=40 in 1 chunks
20220808 021535.955 DEBUG            PET0 VMK::recv():4898, size=40 in 1 chunks
20220808 021535.955 DEBUG            PET0 VMK::recv():4898, size=40 in 1 chunks
20220808 021535.955 DEBUG            PET0 VMK::recv():4898, size=40 in 1 chunks
20220808 021535.955 DEBUG            PET0 VMK::recv():4898, size=40 in 1 chunks
20220808 021535.955 DEBUG            PET0 VMK::send():4407, size=40 in 1 chunks
20220808 021535.955 DEBUG            PET0 VMK::recv():4898, size=40 in 1 chunks
20220808 021535.955 DEBUG            PET0 VMK::recv():4898, size=40 in 1 chunks
20220808 021535.955 DEBUG            PET0 VMK::recv():4898, size=40 in 1 chunks
20220808 021535.955 DEBUG            PET0 VMK::recv():4898, size=40 in 1 chunks
20220808 021535.955 DEBUG            PET0 VMK::send():4407, size=40 in 1 chunks
20220808 021535.955 DEBUG            PET0 VMK::recv():4898, size=40 in 1 chunks
20220808 021535.955 DEBUG            PET0 VMK::recv():4898, size=40 in 1 chunks
20220808 021535.955 DEBUG            PET0 VMK::recv():4898, size=40 in 1 chunks
20220808 021535.955 DEBUG            PET0 VMK::recv():4898, size=40 in 1 chunks
20220808 021535.955 DEBUG            PET0 VMK::send():4407, size=40 in 1 chunks
20220808 021535.955 DEBUG            PET0 VMK::recv():4898, size=40 in 1 chunks
20220808 021535.955 DEBUG            PET0 VMK::recv():4898, size=40 in 1 chunks
20220808 021535.955 DEBUG            PET0 VMK::recv():4898, size=40 in 1 chunks
20220808 021535.955 DEBUG            PET0 VMK::recv():4898, size=40 in 1 chunks
20220808 021535.955 DEBUG            PET0 VMK::send():4407, size=40 in 1 chunks
20220808 021535.956 INFO             PET0  NUMBER_OF_PROCESSORS           4
20220808 021535.956 INFO             PET0  PASS  Example ESMF_ArrayScatterGatherArbEx, ESMF_ArrayScatterGatherArbEx.F90, line 313
20220808 021535.956 INFO             PET0 Finalizing ESMF
20220808 021535.956 DEBUG            PET0 epochFinal
20220808 021535.939 INFO             PET1 !!!!!!!!!!!!!!!!!!!!!!!!!!!!!!!!!!!!!!!!!!!!!!!!!!!!!!
20220808 021535.939 INFO             PET1 !!! THE ESMF_LOG IS SET TO OUTPUT ALL LOG MESSAGES !!!
20220808 021535.939 INFO             PET1 !!!     THIS MAY CAUSE SLOWDOWN IN PERFORMANCE     !!!
20220808 021535.939 INFO             PET1 !!! FOR PRODUCTION RUNS, USE:                      !!!
20220808 021535.939 INFO             PET1 !!!                   ESMF_LOGKIND_Multi_On_Error  !!!
20220808 021535.939 INFO             PET1 !!!!!!!!!!!!!!!!!!!!!!!!!!!!!!!!!!!!!!!!!!!!!!!!!!!!!!
20220808 021535.939 INFO             PET1 Running with ESMF Version   : v8.3.0b17-30-g0de4558e1e
20220808 021535.939 INFO             PET1 ESMF library build date/time: "Aug  8 2022" "01:36:55"
20220808 021535.939 INFO             PET1 ESMF library build location : /discover/nobackup/projects/sbu/mpotts/esmf-test/intel_19.1.3_intelmpi_g_feature_large-messages/esmf
20220808 021535.939 INFO             PET1 ESMF_COMM                   : intelmpi
20220808 021535.940 INFO             PET1 ESMF_MOAB                   : enabled
20220808 021535.940 INFO             PET1 ESMF_LAPACK                 : enabled
20220808 021535.940 INFO             PET1 ESMF_NETCDF                 : enabled
20220808 021535.940 INFO             PET1 ESMF_PNETCDF                : disabled
20220808 021535.940 INFO             PET1 ESMF_PIO                    : enabled
20220808 021535.940 INFO             PET1 ESMF_YAMLCPP                : enabled
20220808 021535.943 DEBUG            PET1 VMK::recv():4898, size=40 in 1 chunks
20220808 021535.944 DEBUG            PET1 VMK::recv():4898, size=160 in 1 chunks
20220808 021535.944 DEBUG            PET1 VMK::recv():4898, size=80 in 1 chunks
20220808 021535.944 DEBUG            PET1 VMK::recv():4898, size=40 in 1 chunks
20220808 021535.944 DEBUG            PET1 VMK::recv():4898, size=160 in 1 chunks
20220808 021535.944 DEBUG            PET1 VMK::recv():4898, size=24 in 1 chunks
20220808 021535.944 DEBUG            PET1 VMK::recv():4898, size=24 in 1 chunks
20220808 021535.944 DEBUG            PET1 VMK::recv():4898, size=16 in 1 chunks
20220808 021535.944 DEBUG            PET1 VMK::send():4407, size=24 in 1 chunks
20220808 021535.944 DEBUG            PET1 VMK::send():4407, size=16 in 1 chunks
20220808 021535.944 DEBUG            PET1 VMK::send():4407, size=24 in 1 chunks
20220808 021535.944 DEBUG            PET1 VMK::recv():4898, size=200 in 1 chunks
20220808 021535.945 DEBUG            PET1 VMK::send():4407, size=4 in 1 chunks
20220808 021535.945 DEBUG            PET1 VMK::send():4407, size=440 in 1 chunks
20220808 021535.945 DEBUG            PET1 VMK::recv():4898, size=60 in 1 chunks
20220808 021535.945 DEBUG            PET1 VMK::recv():4898, size=60 in 1 chunks
20220808 021535.945 DEBUG            PET1 VMK::recv():4898, size=40 in 1 chunks
20220808 021535.945 DEBUG            PET1 VMK::send():4407, size=60 in 1 chunks
20220808 021535.945 DEBUG            PET1 VMK::recv():4898, size=4 in 1 chunks
20220808 021535.945 DEBUG            PET1 VMK::send():4407, size=40 in 1 chunks
20220808 021535.945 DEBUG            PET1 VMK::recv():4898, size=4 in 1 chunks
20220808 021535.945 DEBUG            PET1 VMK::send():4407, size=60 in 1 chunks
20220808 021535.945 DEBUG            PET1 VMK::recv():4898, size=4 in 1 chunks
20220808 021535.945 DEBUG            PET1 VMK::send():4407, size=4 in 1 chunks
20220808 021535.945 DEBUG            PET1 VMK::send():4407, size=4 in 1 chunks
20220808 021535.945 DEBUG            PET1 VMK::send():4407, size=4 in 1 chunks
20220808 021535.945 DEBUG            PET1 VMK::recv():4898, size=132 in 1 chunks
20220808 021535.945 DEBUG            PET1 VMK::recv():4898, size=88 in 1 chunks
20220808 021535.945 DEBUG            PET1 VMK::recv():4898, size=132 in 1 chunks
20220808 021535.945 DEBUG            PET1 VMK::send():4407, size=132 in 1 chunks
20220808 021535.945 DEBUG            PET1 VMK::send():4407, size=132 in 1 chunks
20220808 021535.945 DEBUG            PET1 VMK::send():4407, size=88 in 1 chunks
20220808 021535.947 DEBUG            PET1 VMK::recv():4898, size=40 in 1 chunks
20220808 021535.947 DEBUG            PET1 VMK::recv():4898, size=40 in 1 chunks
20220808 021535.947 DEBUG            PET1 VMK::recv():4898, size=40 in 1 chunks
20220808 021535.947 DEBUG            PET1 VMK::recv():4898, size=40 in 1 chunks
20220808 021535.947 DEBUG            PET1 VMK::recv():4898, size=40 in 1 chunks
20220808 021535.947 DEBUG            PET1 VMK::recv():4898, size=40 in 1 chunks
20220808 021535.947 DEBUG            PET1 VMK::recv():4898, size=40 in 1 chunks
20220808 021535.947 DEBUG            PET1 VMK::recv():4898, size=40 in 1 chunks
20220808 021535.947 DEBUG            PET1 VMK::recv():4898, size=40 in 1 chunks
20220808 021535.947 DEBUG            PET1 VMK::recv():4898, size=40 in 1 chunks
20220808 021535.948 DEBUG            PET1 VMK::recv():4898, size=40 in 1 chunks
20220808 021535.948 DEBUG            PET1 VMK::recv():4898, size=40 in 1 chunks
20220808 021535.948 DEBUG            PET1 VMK::recv():4898, size=40 in 1 chunks
20220808 021535.948 DEBUG            PET1 VMK::recv():4898, size=40 in 1 chunks
20220808 021535.948 DEBUG            PET1 VMK::recv():4898, size=40 in 1 chunks
20220808 021535.948 DEBUG            PET1 VMK::recv():4898, size=40 in 1 chunks
20220808 021535.948 DEBUG            PET1 VMK::recv():4898, size=40 in 1 chunks
20220808 021535.948 DEBUG            PET1 VMK::recv():4898, size=40 in 1 chunks
20220808 021535.948 DEBUG            PET1 VMK::recv():4898, size=40 in 1 chunks
20220808 021535.948 DEBUG            PET1 VMK::recv():4898, size=40 in 1 chunks
20220808 021535.948 DEBUG            PET1 VMK::recv():4898, size=40 in 1 chunks
20220808 021535.949 DEBUG            PET1 VMK::recv():4898, size=40 in 1 chunks
20220808 021535.949 DEBUG            PET1 VMK::recv():4898, size=40 in 1 chunks
20220808 021535.949 DEBUG            PET1 VMK::recv():4898, size=40 in 1 chunks
20220808 021535.949 DEBUG            PET1 VMK::recv():4898, size=40 in 1 chunks
20220808 021535.949 DEBUG            PET1 VMK::recv():4898, size=40 in 1 chunks
20220808 021535.949 DEBUG            PET1 VMK::recv():4898, size=40 in 1 chunks
20220808 021535.949 DEBUG            PET1 VMK::recv():4898, size=40 in 1 chunks
20220808 021535.949 DEBUG            PET1 VMK::recv():4898, size=40 in 1 chunks
20220808 021535.949 DEBUG            PET1 VMK::recv():4898, size=40 in 1 chunks
20220808 021535.949 DEBUG            PET1 VMK::recv():4898, size=40 in 1 chunks
20220808 021535.950 DEBUG            PET1 VMK::recv():4898, size=40 in 1 chunks
20220808 021535.950 DEBUG            PET1 VMK::recv():4898, size=12 in 1 chunks
20220808 021535.950 DEBUG            PET1 VMK::recv():4898, size=12 in 1 chunks
20220808 021535.950 DEBUG            PET1 VMK::recv():4898, size=8 in 1 chunks
20220808 021535.950 DEBUG            PET1 VMK::send():4407, size=12 in 1 chunks
20220808 021535.950 DEBUG            PET1 VMK::send():4407, size=8 in 1 chunks
20220808 021535.950 DEBUG            PET1 VMK::send():4407, size=12 in 1 chunks
20220808 021535.950 DEBUG            PET1 VMK::recv():4898, size=48 in 1 chunks
20220808 021535.950 DEBUG            PET1 VMK::recv():4898, size=48 in 1 chunks
20220808 021535.950 DEBUG            PET1 VMK::recv():4898, size=32 in 1 chunks
20220808 021535.950 DEBUG            PET1 VMK::send():4407, size=48 in 1 chunks
20220808 021535.950 DEBUG            PET1 VMK::send():4407, size=32 in 1 chunks
20220808 021535.950 DEBUG            PET1 VMK::send():4407, size=48 in 1 chunks
20220808 021535.950 DEBUG            PET1 VMK::recv():4898, size=24 in 1 chunks
20220808 021535.950 DEBUG            PET1 VMK::recv():4898, size=24 in 1 chunks
20220808 021535.950 DEBUG            PET1 VMK::recv():4898, size=16 in 1 chunks
20220808 021535.950 DEBUG            PET1 VMK::send():4407, size=24 in 1 chunks
20220808 021535.950 DEBUG            PET1 VMK::send():4407, size=16 in 1 chunks
20220808 021535.950 DEBUG            PET1 VMK::send():4407, size=24 in 1 chunks
20220808 021535.951 DEBUG            PET1 VMK::recv():4898, size=12 in 1 chunks
20220808 021535.951 DEBUG            PET1 VMK::recv():4898, size=12 in 1 chunks
20220808 021535.951 DEBUG            PET1 VMK::recv():4898, size=8 in 1 chunks
20220808 021535.951 DEBUG            PET1 VMK::send():4407, size=12 in 1 chunks
20220808 021535.951 DEBUG            PET1 VMK::send():4407, size=8 in 1 chunks
20220808 021535.951 DEBUG            PET1 VMK::send():4407, size=12 in 1 chunks
20220808 021535.951 DEBUG            PET1 VMK::recv():4898, size=48 in 1 chunks
20220808 021535.951 DEBUG            PET1 VMK::recv():4898, size=48 in 1 chunks
20220808 021535.951 DEBUG            PET1 VMK::recv():4898, size=32 in 1 chunks
20220808 021535.951 DEBUG            PET1 VMK::send():4407, size=48 in 1 chunks
20220808 021535.951 DEBUG            PET1 VMK::send():4407, size=32 in 1 chunks
20220808 021535.951 DEBUG            PET1 VMK::send():4407, size=48 in 1 chunks
20220808 021535.951 DEBUG            PET1 VMK::recv():4898, size=80 in 1 chunks
20220808 021535.951 DEBUG            PET1 VMK::recv():4898, size=60 in 1 chunks
20220808 021535.951 DEBUG            PET1 VMK::recv():4898, size=60 in 1 chunks
20220808 021535.951 DEBUG            PET1 VMK::recv():4898, size=40 in 1 chunks
20220808 021535.951 DEBUG            PET1 VMK::send():4407, size=60 in 1 chunks
20220808 021535.951 DEBUG            PET1 VMK::recv():4898, size=4 in 1 chunks
20220808 021535.951 DEBUG            PET1 VMK::send():4407, size=40 in 1 chunks
20220808 021535.951 DEBUG            PET1 VMK::recv():4898, size=4 in 1 chunks
20220808 021535.951 DEBUG            PET1 VMK::send():4407, size=60 in 1 chunks
20220808 021535.951 DEBUG            PET1 VMK::recv():4898, size=4 in 1 chunks
20220808 021535.951 DEBUG            PET1 VMK::send():4407, size=4 in 1 chunks
20220808 021535.951 DEBUG            PET1 VMK::send():4407, size=4 in 1 chunks
20220808 021535.951 DEBUG            PET1 VMK::send():4407, size=4 in 1 chunks
20220808 021535.951 DEBUG            PET1 VMK::recv():4898, size=132 in 1 chunks
20220808 021535.951 DEBUG            PET1 VMK::recv():4898, size=88 in 1 chunks
20220808 021535.952 DEBUG            PET1 VMK::recv():4898, size=132 in 1 chunks
20220808 021535.952 DEBUG            PET1 VMK::send():4407, size=132 in 1 chunks
20220808 021535.952 DEBUG            PET1 VMK::send():4407, size=132 in 1 chunks
20220808 021535.952 DEBUG            PET1 VMK::send():4407, size=88 in 1 chunks
20220808 021535.952 DEBUG            PET1 VMK::recv():4898, size=200 in 1 chunks
20220808 021535.952 DEBUG            PET1 VMK::send():4407, size=4 in 1 chunks
20220808 021535.952 DEBUG            PET1 VMK::send():4407, size=440 in 1 chunks
20220808 021535.952 DEBUG            PET1 VMK::send():4407, size=40 in 1 chunks
20220808 021535.953 DEBUG            PET1 VMK::send():4407, size=40 in 1 chunks
20220808 021535.953 DEBUG            PET1 VMK::send():4407, size=40 in 1 chunks
20220808 021535.953 DEBUG            PET1 VMK::send():4407, size=40 in 1 chunks
20220808 021535.953 DEBUG            PET1 VMK::send():4407, size=40 in 1 chunks
20220808 021535.953 DEBUG            PET1 VMK::send():4407, size=40 in 1 chunks
20220808 021535.953 DEBUG            PET1 VMK::send():4407, size=40 in 1 chunks
20220808 021535.953 DEBUG            PET1 VMK::send():4407, size=40 in 1 chunks
20220808 021535.953 DEBUG            PET1 VMK::send():4407, size=40 in 1 chunks
20220808 021535.953 DEBUG            PET1 VMK::send():4407, size=40 in 1 chunks
20220808 021535.953 DEBUG            PET1 VMK::send():4407, size=40 in 1 chunks
20220808 021535.954 DEBUG            PET1 VMK::send():4407, size=40 in 1 chunks
20220808 021535.954 DEBUG            PET1 VMK::send():4407, size=40 in 1 chunks
20220808 021535.954 DEBUG            PET1 VMK::send():4407, size=40 in 1 chunks
20220808 021535.954 DEBUG            PET1 VMK::send():4407, size=40 in 1 chunks
20220808 021535.954 DEBUG            PET1 VMK::send():4407, size=40 in 1 chunks
20220808 021535.954 DEBUG            PET1 VMK::send():4407, size=40 in 1 chunks
20220808 021535.954 DEBUG            PET1 VMK::send():4407, size=40 in 1 chunks
20220808 021535.954 DEBUG            PET1 VMK::send():4407, size=40 in 1 chunks
20220808 021535.954 DEBUG            PET1 VMK::send():4407, size=40 in 1 chunks
20220808 021535.954 DEBUG            PET1 VMK::send():4407, size=40 in 1 chunks
20220808 021535.954 DEBUG            PET1 VMK::send():4407, size=40 in 1 chunks
20220808 021535.954 DEBUG            PET1 VMK::send():4407, size=40 in 1 chunks
20220808 021535.955 DEBUG            PET1 VMK::send():4407, size=40 in 1 chunks
20220808 021535.955 DEBUG            PET1 VMK::send():4407, size=40 in 1 chunks
20220808 021535.955 DEBUG            PET1 VMK::send():4407, size=40 in 1 chunks
20220808 021535.955 DEBUG            PET1 VMK::send():4407, size=40 in 1 chunks
20220808 021535.955 DEBUG            PET1 VMK::send():4407, size=40 in 1 chunks
20220808 021535.955 DEBUG            PET1 VMK::send():4407, size=40 in 1 chunks
20220808 021535.955 DEBUG            PET1 VMK::send():4407, size=40 in 1 chunks
20220808 021535.955 DEBUG            PET1 VMK::send():4407, size=40 in 1 chunks
20220808 021535.955 DEBUG            PET1 VMK::send():4407, size=40 in 1 chunks
20220808 021535.955 INFO             PET1  NUMBER_OF_PROCESSORS           4
20220808 021535.956 INFO             PET1  PASS  Example ESMF_ArrayScatterGatherArbEx, ESMF_ArrayScatterGatherArbEx.F90, line 313
20220808 021535.956 INFO             PET1 Finalizing ESMF
20220808 021535.956 DEBUG            PET1 epochFinal
20220808 021535.940 INFO             PET2 !!!!!!!!!!!!!!!!!!!!!!!!!!!!!!!!!!!!!!!!!!!!!!!!!!!!!!
20220808 021535.940 INFO             PET2 !!! THE ESMF_LOG IS SET TO OUTPUT ALL LOG MESSAGES !!!
20220808 021535.940 INFO             PET2 !!!     THIS MAY CAUSE SLOWDOWN IN PERFORMANCE     !!!
20220808 021535.940 INFO             PET2 !!! FOR PRODUCTION RUNS, USE:                      !!!
20220808 021535.940 INFO             PET2 !!!                   ESMF_LOGKIND_Multi_On_Error  !!!
20220808 021535.940 INFO             PET2 !!!!!!!!!!!!!!!!!!!!!!!!!!!!!!!!!!!!!!!!!!!!!!!!!!!!!!
20220808 021535.940 INFO             PET2 Running with ESMF Version   : v8.3.0b17-30-g0de4558e1e
20220808 021535.940 INFO             PET2 ESMF library build date/time: "Aug  8 2022" "01:36:55"
20220808 021535.940 INFO             PET2 ESMF library build location : /discover/nobackup/projects/sbu/mpotts/esmf-test/intel_19.1.3_intelmpi_g_feature_large-messages/esmf
20220808 021535.940 INFO             PET2 ESMF_COMM                   : intelmpi
20220808 021535.941 INFO             PET2 ESMF_MOAB                   : enabled
20220808 021535.941 INFO             PET2 ESMF_LAPACK                 : enabled
20220808 021535.941 INFO             PET2 ESMF_NETCDF                 : enabled
20220808 021535.941 INFO             PET2 ESMF_PNETCDF                : disabled
20220808 021535.941 INFO             PET2 ESMF_PIO                    : enabled
20220808 021535.941 INFO             PET2 ESMF_YAMLCPP                : enabled
20220808 021535.943 DEBUG            PET2 VMK::recv():4898, size=40 in 1 chunks
20220808 021535.944 DEBUG            PET2 VMK::recv():4898, size=160 in 1 chunks
20220808 021535.944 DEBUG            PET2 VMK::recv():4898, size=80 in 1 chunks
20220808 021535.944 DEBUG            PET2 VMK::recv():4898, size=40 in 1 chunks
20220808 021535.944 DEBUG            PET2 VMK::recv():4898, size=160 in 1 chunks
20220808 021535.944 DEBUG            PET2 VMK::recv():4898, size=16 in 1 chunks
20220808 021535.944 DEBUG            PET2 VMK::recv():4898, size=24 in 1 chunks
20220808 021535.944 DEBUG            PET2 VMK::recv():4898, size=24 in 1 chunks
20220808 021535.944 DEBUG            PET2 VMK::send():4407, size=24 in 1 chunks
20220808 021535.944 DEBUG            PET2 VMK::send():4407, size=16 in 1 chunks
20220808 021535.944 DEBUG            PET2 VMK::send():4407, size=24 in 1 chunks
20220808 021535.944 DEBUG            PET2 VMK::recv():4898, size=200 in 1 chunks
20220808 021535.945 DEBUG            PET2 VMK::send():4407, size=4 in 1 chunks
20220808 021535.945 DEBUG            PET2 VMK::send():4407, size=440 in 1 chunks
20220808 021535.945 DEBUG            PET2 VMK::recv():4898, size=40 in 1 chunks
20220808 021535.945 DEBUG            PET2 VMK::recv():4898, size=60 in 1 chunks
20220808 021535.945 DEBUG            PET2 VMK::recv():4898, size=60 in 1 chunks
20220808 021535.945 DEBUG            PET2 VMK::send():4407, size=60 in 1 chunks
20220808 021535.945 DEBUG            PET2 VMK::recv():4898, size=4 in 1 chunks
20220808 021535.945 DEBUG            PET2 VMK::send():4407, size=40 in 1 chunks
20220808 021535.945 DEBUG            PET2 VMK::recv():4898, size=4 in 1 chunks
20220808 021535.945 DEBUG            PET2 VMK::send():4407, size=60 in 1 chunks
20220808 021535.945 DEBUG            PET2 VMK::recv():4898, size=4 in 1 chunks
20220808 021535.945 DEBUG            PET2 VMK::send():4407, size=4 in 1 chunks
20220808 021535.945 DEBUG            PET2 VMK::send():4407, size=4 in 1 chunks
20220808 021535.945 DEBUG            PET2 VMK::send():4407, size=4 in 1 chunks
20220808 021535.945 DEBUG            PET2 VMK::recv():4898, size=132 in 1 chunks
20220808 021535.945 DEBUG            PET2 VMK::recv():4898, size=88 in 1 chunks
20220808 021535.945 DEBUG            PET2 VMK::recv():4898, size=132 in 1 chunks
20220808 021535.945 DEBUG            PET2 VMK::send():4407, size=88 in 1 chunks
20220808 021535.945 DEBUG            PET2 VMK::send():4407, size=132 in 1 chunks
20220808 021535.945 DEBUG            PET2 VMK::send():4407, size=132 in 1 chunks
20220808 021535.947 DEBUG            PET2 VMK::recv():4898, size=40 in 1 chunks
20220808 021535.947 DEBUG            PET2 VMK::recv():4898, size=40 in 1 chunks
20220808 021535.947 DEBUG            PET2 VMK::recv():4898, size=40 in 1 chunks
20220808 021535.947 DEBUG            PET2 VMK::recv():4898, size=40 in 1 chunks
20220808 021535.947 DEBUG            PET2 VMK::recv():4898, size=40 in 1 chunks
20220808 021535.947 DEBUG            PET2 VMK::recv():4898, size=40 in 1 chunks
20220808 021535.947 DEBUG            PET2 VMK::recv():4898, size=40 in 1 chunks
20220808 021535.947 DEBUG            PET2 VMK::recv():4898, size=40 in 1 chunks
20220808 021535.947 DEBUG            PET2 VMK::recv():4898, size=40 in 1 chunks
20220808 021535.947 DEBUG            PET2 VMK::recv():4898, size=40 in 1 chunks
20220808 021535.948 DEBUG            PET2 VMK::recv():4898, size=40 in 1 chunks
20220808 021535.948 DEBUG            PET2 VMK::recv():4898, size=40 in 1 chunks
20220808 021535.948 DEBUG            PET2 VMK::recv():4898, size=40 in 1 chunks
20220808 021535.948 DEBUG            PET2 VMK::recv():4898, size=40 in 1 chunks
20220808 021535.948 DEBUG            PET2 VMK::recv():4898, size=40 in 1 chunks
20220808 021535.948 DEBUG            PET2 VMK::recv():4898, size=40 in 1 chunks
20220808 021535.948 DEBUG            PET2 VMK::recv():4898, size=40 in 1 chunks
20220808 021535.948 DEBUG            PET2 VMK::recv():4898, size=40 in 1 chunks
20220808 021535.948 DEBUG            PET2 VMK::recv():4898, size=40 in 1 chunks
20220808 021535.948 DEBUG            PET2 VMK::recv():4898, size=40 in 1 chunks
20220808 021535.948 DEBUG            PET2 VMK::recv():4898, size=40 in 1 chunks
20220808 021535.949 DEBUG            PET2 VMK::recv():4898, size=40 in 1 chunks
20220808 021535.949 DEBUG            PET2 VMK::recv():4898, size=40 in 1 chunks
20220808 021535.949 DEBUG            PET2 VMK::recv():4898, size=40 in 1 chunks
20220808 021535.949 DEBUG            PET2 VMK::recv():4898, size=40 in 1 chunks
20220808 021535.949 DEBUG            PET2 VMK::recv():4898, size=40 in 1 chunks
20220808 021535.949 DEBUG            PET2 VMK::recv():4898, size=40 in 1 chunks
20220808 021535.949 DEBUG            PET2 VMK::recv():4898, size=40 in 1 chunks
20220808 021535.949 DEBUG            PET2 VMK::recv():4898, size=40 in 1 chunks
20220808 021535.949 DEBUG            PET2 VMK::recv():4898, size=40 in 1 chunks
20220808 021535.949 DEBUG            PET2 VMK::recv():4898, size=40 in 1 chunks
20220808 021535.950 DEBUG            PET2 VMK::recv():4898, size=40 in 1 chunks
20220808 021535.950 DEBUG            PET2 VMK::recv():4898, size=8 in 1 chunks
20220808 021535.950 DEBUG            PET2 VMK::recv():4898, size=12 in 1 chunks
20220808 021535.950 DEBUG            PET2 VMK::recv():4898, size=12 in 1 chunks
20220808 021535.950 DEBUG            PET2 VMK::send():4407, size=12 in 1 chunks
20220808 021535.950 DEBUG            PET2 VMK::send():4407, size=8 in 1 chunks
20220808 021535.950 DEBUG            PET2 VMK::send():4407, size=12 in 1 chunks
20220808 021535.950 DEBUG            PET2 VMK::recv():4898, size=32 in 1 chunks
20220808 021535.950 DEBUG            PET2 VMK::recv():4898, size=48 in 1 chunks
20220808 021535.950 DEBUG            PET2 VMK::recv():4898, size=48 in 1 chunks
20220808 021535.950 DEBUG            PET2 VMK::send():4407, size=48 in 1 chunks
20220808 021535.950 DEBUG            PET2 VMK::send():4407, size=32 in 1 chunks
20220808 021535.950 DEBUG            PET2 VMK::send():4407, size=48 in 1 chunks
20220808 021535.950 DEBUG            PET2 VMK::recv():4898, size=16 in 1 chunks
20220808 021535.950 DEBUG            PET2 VMK::recv():4898, size=24 in 1 chunks
20220808 021535.950 DEBUG            PET2 VMK::recv():4898, size=24 in 1 chunks
20220808 021535.950 DEBUG            PET2 VMK::send():4407, size=24 in 1 chunks
20220808 021535.950 DEBUG            PET2 VMK::send():4407, size=16 in 1 chunks
20220808 021535.950 DEBUG            PET2 VMK::send():4407, size=24 in 1 chunks
20220808 021535.951 DEBUG            PET2 VMK::recv():4898, size=8 in 1 chunks
20220808 021535.951 DEBUG            PET2 VMK::recv():4898, size=12 in 1 chunks
20220808 021535.951 DEBUG            PET2 VMK::recv():4898, size=12 in 1 chunks
20220808 021535.951 DEBUG            PET2 VMK::send():4407, size=12 in 1 chunks
20220808 021535.951 DEBUG            PET2 VMK::send():4407, size=8 in 1 chunks
20220808 021535.951 DEBUG            PET2 VMK::send():4407, size=12 in 1 chunks
20220808 021535.951 DEBUG            PET2 VMK::recv():4898, size=32 in 1 chunks
20220808 021535.951 DEBUG            PET2 VMK::recv():4898, size=48 in 1 chunks
20220808 021535.951 DEBUG            PET2 VMK::recv():4898, size=48 in 1 chunks
20220808 021535.951 DEBUG            PET2 VMK::send():4407, size=48 in 1 chunks
20220808 021535.951 DEBUG            PET2 VMK::send():4407, size=32 in 1 chunks
20220808 021535.951 DEBUG            PET2 VMK::send():4407, size=48 in 1 chunks
20220808 021535.951 DEBUG            PET2 VMK::recv():4898, size=80 in 1 chunks
20220808 021535.951 DEBUG            PET2 VMK::recv():4898, size=40 in 1 chunks
20220808 021535.951 DEBUG            PET2 VMK::recv():4898, size=60 in 1 chunks
20220808 021535.951 DEBUG            PET2 VMK::recv():4898, size=60 in 1 chunks
20220808 021535.951 DEBUG            PET2 VMK::send():4407, size=60 in 1 chunks
20220808 021535.951 DEBUG            PET2 VMK::recv():4898, size=4 in 1 chunks
20220808 021535.951 DEBUG            PET2 VMK::send():4407, size=40 in 1 chunks
20220808 021535.951 DEBUG            PET2 VMK::recv():4898, size=4 in 1 chunks
20220808 021535.951 DEBUG            PET2 VMK::send():4407, size=60 in 1 chunks
20220808 021535.951 DEBUG            PET2 VMK::recv():4898, size=4 in 1 chunks
20220808 021535.951 DEBUG            PET2 VMK::send():4407, size=4 in 1 chunks
20220808 021535.952 DEBUG            PET2 VMK::send():4407, size=4 in 1 chunks
20220808 021535.952 DEBUG            PET2 VMK::send():4407, size=4 in 1 chunks
20220808 021535.952 DEBUG            PET2 VMK::recv():4898, size=132 in 1 chunks
20220808 021535.952 DEBUG            PET2 VMK::recv():4898, size=88 in 1 chunks
20220808 021535.952 DEBUG            PET2 VMK::recv():4898, size=132 in 1 chunks
20220808 021535.952 DEBUG            PET2 VMK::send():4407, size=88 in 1 chunks
20220808 021535.952 DEBUG            PET2 VMK::send():4407, size=132 in 1 chunks
20220808 021535.952 DEBUG            PET2 VMK::send():4407, size=132 in 1 chunks
20220808 021535.952 DEBUG            PET2 VMK::recv():4898, size=200 in 1 chunks
20220808 021535.952 DEBUG            PET2 VMK::send():4407, size=4 in 1 chunks
20220808 021535.952 DEBUG            PET2 VMK::send():4407, size=440 in 1 chunks
20220808 021535.952 DEBUG            PET2 VMK::send():4407, size=40 in 1 chunks
20220808 021535.953 DEBUG            PET2 VMK::send():4407, size=40 in 1 chunks
20220808 021535.953 DEBUG            PET2 VMK::send():4407, size=40 in 1 chunks
20220808 021535.953 DEBUG            PET2 VMK::send():4407, size=40 in 1 chunks
20220808 021535.953 DEBUG            PET2 VMK::send():4407, size=40 in 1 chunks
20220808 021535.953 DEBUG            PET2 VMK::send():4407, size=40 in 1 chunks
20220808 021535.953 DEBUG            PET2 VMK::send():4407, size=40 in 1 chunks
20220808 021535.953 DEBUG            PET2 VMK::send():4407, size=40 in 1 chunks
20220808 021535.953 DEBUG            PET2 VMK::send():4407, size=40 in 1 chunks
20220808 021535.953 DEBUG            PET2 VMK::send():4407, size=40 in 1 chunks
20220808 021535.953 DEBUG            PET2 VMK::send():4407, size=40 in 1 chunks
20220808 021535.954 DEBUG            PET2 VMK::send():4407, size=40 in 1 chunks
20220808 021535.954 DEBUG            PET2 VMK::send():4407, size=40 in 1 chunks
20220808 021535.954 DEBUG            PET2 VMK::send():4407, size=40 in 1 chunks
20220808 021535.954 DEBUG            PET2 VMK::send():4407, size=40 in 1 chunks
20220808 021535.954 DEBUG            PET2 VMK::send():4407, size=40 in 1 chunks
20220808 021535.954 DEBUG            PET2 VMK::send():4407, size=40 in 1 chunks
20220808 021535.954 DEBUG            PET2 VMK::send():4407, size=40 in 1 chunks
20220808 021535.954 DEBUG            PET2 VMK::send():4407, size=40 in 1 chunks
20220808 021535.954 DEBUG            PET2 VMK::send():4407, size=40 in 1 chunks
20220808 021535.954 DEBUG            PET2 VMK::send():4407, size=40 in 1 chunks
20220808 021535.954 DEBUG            PET2 VMK::send():4407, size=40 in 1 chunks
20220808 021535.954 DEBUG            PET2 VMK::send():4407, size=40 in 1 chunks
20220808 021535.955 DEBUG            PET2 VMK::send():4407, size=40 in 1 chunks
20220808 021535.955 DEBUG            PET2 VMK::send():4407, size=40 in 1 chunks
20220808 021535.955 DEBUG            PET2 VMK::send():4407, size=40 in 1 chunks
20220808 021535.955 DEBUG            PET2 VMK::send():4407, size=40 in 1 chunks
20220808 021535.955 DEBUG            PET2 VMK::send():4407, size=40 in 1 chunks
20220808 021535.955 DEBUG            PET2 VMK::send():4407, size=40 in 1 chunks
20220808 021535.955 DEBUG            PET2 VMK::send():4407, size=40 in 1 chunks
20220808 021535.955 DEBUG            PET2 VMK::send():4407, size=40 in 1 chunks
20220808 021535.955 DEBUG            PET2 VMK::send():4407, size=40 in 1 chunks
20220808 021535.955 INFO             PET2  NUMBER_OF_PROCESSORS           4
20220808 021535.955 INFO             PET2  PASS  Example ESMF_ArrayScatterGatherArbEx, ESMF_ArrayScatterGatherArbEx.F90, line 313
20220808 021535.956 INFO             PET2 Finalizing ESMF
20220808 021535.956 DEBUG            PET2 epochFinal
20220808 021535.940 INFO             PET3 !!!!!!!!!!!!!!!!!!!!!!!!!!!!!!!!!!!!!!!!!!!!!!!!!!!!!!
20220808 021535.940 INFO             PET3 !!! THE ESMF_LOG IS SET TO OUTPUT ALL LOG MESSAGES !!!
20220808 021535.940 INFO             PET3 !!!     THIS MAY CAUSE SLOWDOWN IN PERFORMANCE     !!!
20220808 021535.940 INFO             PET3 !!! FOR PRODUCTION RUNS, USE:                      !!!
20220808 021535.940 INFO             PET3 !!!                   ESMF_LOGKIND_Multi_On_Error  !!!
20220808 021535.940 INFO             PET3 !!!!!!!!!!!!!!!!!!!!!!!!!!!!!!!!!!!!!!!!!!!!!!!!!!!!!!
20220808 021535.940 INFO             PET3 Running with ESMF Version   : v8.3.0b17-30-g0de4558e1e
20220808 021535.940 INFO             PET3 ESMF library build date/time: "Aug  8 2022" "01:36:55"
20220808 021535.940 INFO             PET3 ESMF library build location : /discover/nobackup/projects/sbu/mpotts/esmf-test/intel_19.1.3_intelmpi_g_feature_large-messages/esmf
20220808 021535.940 INFO             PET3 ESMF_COMM                   : intelmpi
20220808 021535.941 INFO             PET3 ESMF_MOAB                   : enabled
20220808 021535.941 INFO             PET3 ESMF_LAPACK                 : enabled
20220808 021535.941 INFO             PET3 ESMF_NETCDF                 : enabled
20220808 021535.941 INFO             PET3 ESMF_PNETCDF                : disabled
20220808 021535.941 INFO             PET3 ESMF_PIO                    : enabled
20220808 021535.941 INFO             PET3 ESMF_YAMLCPP                : enabled
20220808 021535.943 DEBUG            PET3 VMK::recv():4898, size=40 in 1 chunks
20220808 021535.944 DEBUG            PET3 VMK::recv():4898, size=160 in 1 chunks
20220808 021535.944 DEBUG            PET3 VMK::recv():4898, size=80 in 1 chunks
20220808 021535.944 DEBUG            PET3 VMK::recv():4898, size=40 in 1 chunks
20220808 021535.944 DEBUG            PET3 VMK::recv():4898, size=160 in 1 chunks
20220808 021535.944 DEBUG            PET3 VMK::recv():4898, size=16 in 1 chunks
20220808 021535.944 DEBUG            PET3 VMK::recv():4898, size=16 in 1 chunks
20220808 021535.944 DEBUG            PET3 VMK::recv():4898, size=24 in 1 chunks
20220808 021535.944 DEBUG            PET3 VMK::send():4407, size=16 in 1 chunks
20220808 021535.944 DEBUG            PET3 VMK::send():4407, size=24 in 1 chunks
20220808 021535.944 DEBUG            PET3 VMK::send():4407, size=16 in 1 chunks
20220808 021535.944 DEBUG            PET3 VMK::recv():4898, size=200 in 1 chunks
20220808 021535.945 DEBUG            PET3 VMK::send():4407, size=4 in 1 chunks
20220808 021535.945 DEBUG            PET3 VMK::send():4407, size=440 in 1 chunks
20220808 021535.945 DEBUG            PET3 VMK::recv():4898, size=40 in 1 chunks
20220808 021535.945 DEBUG            PET3 VMK::recv():4898, size=40 in 1 chunks
20220808 021535.945 DEBUG            PET3 VMK::recv():4898, size=60 in 1 chunks
20220808 021535.945 DEBUG            PET3 VMK::send():4407, size=40 in 1 chunks
20220808 021535.945 DEBUG            PET3 VMK::recv():4898, size=4 in 1 chunks
20220808 021535.945 DEBUG            PET3 VMK::send():4407, size=60 in 1 chunks
20220808 021535.945 DEBUG            PET3 VMK::recv():4898, size=4 in 1 chunks
20220808 021535.945 DEBUG            PET3 VMK::send():4407, size=40 in 1 chunks
20220808 021535.945 DEBUG            PET3 VMK::recv():4898, size=4 in 1 chunks
20220808 021535.945 DEBUG            PET3 VMK::send():4407, size=4 in 1 chunks
20220808 021535.945 DEBUG            PET3 VMK::send():4407, size=4 in 1 chunks
20220808 021535.945 DEBUG            PET3 VMK::send():4407, size=4 in 1 chunks
20220808 021535.945 DEBUG            PET3 VMK::recv():4898, size=88 in 1 chunks
20220808 021535.945 DEBUG            PET3 VMK::recv():4898, size=132 in 1 chunks
20220808 021535.945 DEBUG            PET3 VMK::recv():4898, size=88 in 1 chunks
20220808 021535.945 DEBUG            PET3 VMK::send():4407, size=88 in 1 chunks
20220808 021535.945 DEBUG            PET3 VMK::send():4407, size=88 in 1 chunks
20220808 021535.945 DEBUG            PET3 VMK::send():4407, size=132 in 1 chunks
20220808 021535.947 DEBUG            PET3 VMK::recv():4898, size=40 in 1 chunks
20220808 021535.947 DEBUG            PET3 VMK::recv():4898, size=40 in 1 chunks
20220808 021535.947 DEBUG            PET3 VMK::recv():4898, size=40 in 1 chunks
20220808 021535.947 DEBUG            PET3 VMK::recv():4898, size=40 in 1 chunks
20220808 021535.947 DEBUG            PET3 VMK::recv():4898, size=40 in 1 chunks
20220808 021535.947 DEBUG            PET3 VMK::recv():4898, size=40 in 1 chunks
20220808 021535.947 DEBUG            PET3 VMK::recv():4898, size=40 in 1 chunks
20220808 021535.947 DEBUG            PET3 VMK::recv():4898, size=40 in 1 chunks
20220808 021535.947 DEBUG            PET3 VMK::recv():4898, size=40 in 1 chunks
20220808 021535.947 DEBUG            PET3 VMK::recv():4898, size=40 in 1 chunks
20220808 021535.948 DEBUG            PET3 VMK::recv():4898, size=40 in 1 chunks
20220808 021535.948 DEBUG            PET3 VMK::recv():4898, size=40 in 1 chunks
20220808 021535.948 DEBUG            PET3 VMK::recv():4898, size=40 in 1 chunks
20220808 021535.948 DEBUG            PET3 VMK::recv():4898, size=40 in 1 chunks
20220808 021535.948 DEBUG            PET3 VMK::recv():4898, size=40 in 1 chunks
20220808 021535.948 DEBUG            PET3 VMK::recv():4898, size=40 in 1 chunks
20220808 021535.948 DEBUG            PET3 VMK::recv():4898, size=40 in 1 chunks
20220808 021535.948 DEBUG            PET3 VMK::recv():4898, size=40 in 1 chunks
20220808 021535.948 DEBUG            PET3 VMK::recv():4898, size=40 in 1 chunks
20220808 021535.948 DEBUG            PET3 VMK::recv():4898, size=40 in 1 chunks
20220808 021535.948 DEBUG            PET3 VMK::recv():4898, size=40 in 1 chunks
20220808 021535.949 DEBUG            PET3 VMK::recv():4898, size=40 in 1 chunks
20220808 021535.949 DEBUG            PET3 VMK::recv():4898, size=40 in 1 chunks
20220808 021535.949 DEBUG            PET3 VMK::recv():4898, size=40 in 1 chunks
20220808 021535.949 DEBUG            PET3 VMK::recv():4898, size=40 in 1 chunks
20220808 021535.949 DEBUG            PET3 VMK::recv():4898, size=40 in 1 chunks
20220808 021535.949 DEBUG            PET3 VMK::recv():4898, size=40 in 1 chunks
20220808 021535.949 DEBUG            PET3 VMK::recv():4898, size=40 in 1 chunks
20220808 021535.949 DEBUG            PET3 VMK::recv():4898, size=40 in 1 chunks
20220808 021535.949 DEBUG            PET3 VMK::recv():4898, size=40 in 1 chunks
20220808 021535.949 DEBUG            PET3 VMK::recv():4898, size=40 in 1 chunks
20220808 021535.950 DEBUG            PET3 VMK::recv():4898, size=40 in 1 chunks
20220808 021535.950 DEBUG            PET3 VMK::recv():4898, size=8 in 1 chunks
20220808 021535.950 DEBUG            PET3 VMK::recv():4898, size=8 in 1 chunks
20220808 021535.950 DEBUG            PET3 VMK::recv():4898, size=12 in 1 chunks
20220808 021535.950 DEBUG            PET3 VMK::send():4407, size=8 in 1 chunks
20220808 021535.950 DEBUG            PET3 VMK::send():4407, size=12 in 1 chunks
20220808 021535.950 DEBUG            PET3 VMK::send():4407, size=8 in 1 chunks
20220808 021535.950 DEBUG            PET3 VMK::recv():4898, size=32 in 1 chunks
20220808 021535.950 DEBUG            PET3 VMK::recv():4898, size=32 in 1 chunks
20220808 021535.950 DEBUG            PET3 VMK::recv():4898, size=48 in 1 chunks
20220808 021535.950 DEBUG            PET3 VMK::send():4407, size=32 in 1 chunks
20220808 021535.950 DEBUG            PET3 VMK::send():4407, size=48 in 1 chunks
20220808 021535.950 DEBUG            PET3 VMK::send():4407, size=32 in 1 chunks
20220808 021535.950 DEBUG            PET3 VMK::recv():4898, size=16 in 1 chunks
20220808 021535.950 DEBUG            PET3 VMK::recv():4898, size=16 in 1 chunks
20220808 021535.950 DEBUG            PET3 VMK::recv():4898, size=24 in 1 chunks
20220808 021535.950 DEBUG            PET3 VMK::send():4407, size=16 in 1 chunks
20220808 021535.950 DEBUG            PET3 VMK::send():4407, size=24 in 1 chunks
20220808 021535.950 DEBUG            PET3 VMK::send():4407, size=16 in 1 chunks
20220808 021535.951 DEBUG            PET3 VMK::recv():4898, size=8 in 1 chunks
20220808 021535.951 DEBUG            PET3 VMK::recv():4898, size=8 in 1 chunks
20220808 021535.951 DEBUG            PET3 VMK::recv():4898, size=12 in 1 chunks
20220808 021535.951 DEBUG            PET3 VMK::send():4407, size=8 in 1 chunks
20220808 021535.951 DEBUG            PET3 VMK::send():4407, size=12 in 1 chunks
20220808 021535.951 DEBUG            PET3 VMK::send():4407, size=8 in 1 chunks
20220808 021535.951 DEBUG            PET3 VMK::recv():4898, size=32 in 1 chunks
20220808 021535.951 DEBUG            PET3 VMK::recv():4898, size=32 in 1 chunks
20220808 021535.951 DEBUG            PET3 VMK::recv():4898, size=48 in 1 chunks
20220808 021535.951 DEBUG            PET3 VMK::send():4407, size=32 in 1 chunks
20220808 021535.951 DEBUG            PET3 VMK::send():4407, size=48 in 1 chunks
20220808 021535.951 DEBUG            PET3 VMK::send():4407, size=32 in 1 chunks
20220808 021535.951 DEBUG            PET3 VMK::recv():4898, size=80 in 1 chunks
20220808 021535.951 DEBUG            PET3 VMK::recv():4898, size=40 in 1 chunks
20220808 021535.951 DEBUG            PET3 VMK::recv():4898, size=40 in 1 chunks
20220808 021535.951 DEBUG            PET3 VMK::recv():4898, size=60 in 1 chunks
20220808 021535.951 DEBUG            PET3 VMK::send():4407, size=40 in 1 chunks
20220808 021535.951 DEBUG            PET3 VMK::recv():4898, size=4 in 1 chunks
20220808 021535.951 DEBUG            PET3 VMK::send():4407, size=60 in 1 chunks
20220808 021535.951 DEBUG            PET3 VMK::recv():4898, size=4 in 1 chunks
20220808 021535.951 DEBUG            PET3 VMK::send():4407, size=40 in 1 chunks
20220808 021535.951 DEBUG            PET3 VMK::recv():4898, size=4 in 1 chunks
20220808 021535.951 DEBUG            PET3 VMK::send():4407, size=4 in 1 chunks
20220808 021535.951 DEBUG            PET3 VMK::send():4407, size=4 in 1 chunks
20220808 021535.951 DEBUG            PET3 VMK::send():4407, size=4 in 1 chunks
20220808 021535.951 DEBUG            PET3 VMK::recv():4898, size=88 in 1 chunks
20220808 021535.952 DEBUG            PET3 VMK::recv():4898, size=132 in 1 chunks
20220808 021535.952 DEBUG            PET3 VMK::recv():4898, size=88 in 1 chunks
20220808 021535.952 DEBUG            PET3 VMK::send():4407, size=88 in 1 chunks
20220808 021535.952 DEBUG            PET3 VMK::send():4407, size=88 in 1 chunks
20220808 021535.952 DEBUG            PET3 VMK::send():4407, size=132 in 1 chunks
20220808 021535.952 DEBUG            PET3 VMK::recv():4898, size=200 in 1 chunks
20220808 021535.952 DEBUG            PET3 VMK::send():4407, size=4 in 1 chunks
20220808 021535.952 DEBUG            PET3 VMK::send():4407, size=440 in 1 chunks
20220808 021535.952 DEBUG            PET3 VMK::send():4407, size=40 in 1 chunks
20220808 021535.953 DEBUG            PET3 VMK::send():4407, size=40 in 1 chunks
20220808 021535.953 DEBUG            PET3 VMK::send():4407, size=40 in 1 chunks
20220808 021535.953 DEBUG            PET3 VMK::send():4407, size=40 in 1 chunks
20220808 021535.953 DEBUG            PET3 VMK::send():4407, size=40 in 1 chunks
20220808 021535.953 DEBUG            PET3 VMK::send():4407, size=40 in 1 chunks
20220808 021535.953 DEBUG            PET3 VMK::send():4407, size=40 in 1 chunks
20220808 021535.953 DEBUG            PET3 VMK::send():4407, size=40 in 1 chunks
20220808 021535.953 DEBUG            PET3 VMK::send():4407, size=40 in 1 chunks
20220808 021535.953 DEBUG            PET3 VMK::send():4407, size=40 in 1 chunks
20220808 021535.953 DEBUG            PET3 VMK::send():4407, size=40 in 1 chunks
20220808 021535.954 DEBUG            PET3 VMK::send():4407, size=40 in 1 chunks
20220808 021535.954 DEBUG            PET3 VMK::send():4407, size=40 in 1 chunks
20220808 021535.954 DEBUG            PET3 VMK::send():4407, size=40 in 1 chunks
20220808 021535.954 DEBUG            PET3 VMK::send():4407, size=40 in 1 chunks
20220808 021535.954 DEBUG            PET3 VMK::send():4407, size=40 in 1 chunks
20220808 021535.954 DEBUG            PET3 VMK::send():4407, size=40 in 1 chunks
20220808 021535.954 DEBUG            PET3 VMK::send():4407, size=40 in 1 chunks
20220808 021535.954 DEBUG            PET3 VMK::send():4407, size=40 in 1 chunks
20220808 021535.954 DEBUG            PET3 VMK::send():4407, size=40 in 1 chunks
20220808 021535.954 DEBUG            PET3 VMK::send():4407, size=40 in 1 chunks
20220808 021535.954 DEBUG            PET3 VMK::send():4407, size=40 in 1 chunks
20220808 021535.954 DEBUG            PET3 VMK::send():4407, size=40 in 1 chunks
20220808 021535.955 DEBUG            PET3 VMK::send():4407, size=40 in 1 chunks
20220808 021535.955 DEBUG            PET3 VMK::send():4407, size=40 in 1 chunks
20220808 021535.955 DEBUG            PET3 VMK::send():4407, size=40 in 1 chunks
20220808 021535.955 DEBUG            PET3 VMK::send():4407, size=40 in 1 chunks
20220808 021535.955 DEBUG            PET3 VMK::send():4407, size=40 in 1 chunks
20220808 021535.955 DEBUG            PET3 VMK::send():4407, size=40 in 1 chunks
20220808 021535.955 DEBUG            PET3 VMK::send():4407, size=40 in 1 chunks
20220808 021535.955 DEBUG            PET3 VMK::send():4407, size=40 in 1 chunks
20220808 021535.955 DEBUG            PET3 VMK::send():4407, size=40 in 1 chunks
20220808 021535.955 INFO             PET3  NUMBER_OF_PROCESSORS           4
20220808 021535.955 INFO             PET3  PASS  Example ESMF_ArrayScatterGatherArbEx, ESMF_ArrayScatterGatherArbEx.F90, line 313
20220808 021535.956 INFO             PET3 Finalizing ESMF
20220808 021535.956 DEBUG            PET3 epochFinal
