2022-08-03 06:32:30
20220803 073203.415 INFO             PET0 !!!!!!!!!!!!!!!!!!!!!!!!!!!!!!!!!!!!!!!!!!!!!!!!!!!!!!
20220803 073203.415 INFO             PET0 !!! THE ESMF_LOG IS SET TO OUTPUT ALL LOG MESSAGES !!!
20220803 073203.415 INFO             PET0 !!!     THIS MAY CAUSE SLOWDOWN IN PERFORMANCE     !!!
20220803 073203.415 INFO             PET0 !!! FOR PRODUCTION RUNS, USE:                      !!!
20220803 073203.415 INFO             PET0 !!!                   ESMF_LOGKIND_Multi_On_Error  !!!
20220803 073203.415 INFO             PET0 !!!!!!!!!!!!!!!!!!!!!!!!!!!!!!!!!!!!!!!!!!!!!!!!!!!!!!
20220803 073203.415 INFO             PET0 Running with ESMF Version   : v8.4.0b08-1-ge3b41e6a98
20220803 073203.415 INFO             PET0 ESMF library build date/time: "Aug  3 2022" "06:26:48"
20220803 073203.415 INFO             PET0 ESMF library build location : /glade/scratch/dunlap/esmf-testing/intel_18.0.5_mpt_O_fix_cygwin/esmf
20220803 073203.415 INFO             PET0 ESMF_COMM                   : mpt
20220803 073203.416 INFO             PET0 ESMF_MOAB                   : enabled
20220803 073203.416 INFO             PET0 ESMF_LAPACK                 : enabled
20220803 073203.416 INFO             PET0 ESMF_NETCDF                 : enabled
20220803 073203.416 INFO             PET0 ESMF_PNETCDF                : disabled
20220803 073203.416 INFO             PET0 ESMF_PIO                    : enabled
20220803 073203.416 INFO             PET0 ESMF_YAMLCPP                : enabled
20220803 073203.416 INFO             PET0  NUMBER_OF_PROCESSORS           4
20220803 073203.416 INFO             PET0  PASS  Example ESMF_VMUserMpiCommMultiEx, ESMF_VMUserMpiCommMultiEx.F90, line 126
20220803 073203.416 INFO             PET0 Finalizing ESMF
20220803 073203.415 INFO             PET0 !!!!!!!!!!!!!!!!!!!!!!!!!!!!!!!!!!!!!!!!!!!!!!!!!!!!!!
20220803 073203.415 INFO             PET0 !!! THE ESMF_LOG IS SET TO OUTPUT ALL LOG MESSAGES !!!
20220803 073203.415 INFO             PET0 !!!     THIS MAY CAUSE SLOWDOWN IN PERFORMANCE     !!!
20220803 073203.415 INFO             PET0 !!! FOR PRODUCTION RUNS, USE:                      !!!
20220803 073203.415 INFO             PET0 !!!                   ESMF_LOGKIND_Multi_On_Error  !!!
20220803 073203.415 INFO             PET0 !!!!!!!!!!!!!!!!!!!!!!!!!!!!!!!!!!!!!!!!!!!!!!!!!!!!!!
20220803 073203.415 INFO             PET0 Running with ESMF Version   : v8.4.0b08-1-ge3b41e6a98
20220803 073203.415 INFO             PET0 ESMF library build date/time: "Aug  3 2022" "06:26:48"
20220803 073203.415 INFO             PET0 ESMF library build location : /glade/scratch/dunlap/esmf-testing/intel_18.0.5_mpt_O_fix_cygwin/esmf
20220803 073203.415 INFO             PET0 ESMF_COMM                   : mpt
20220803 073203.415 INFO             PET0 ESMF_MOAB                   : enabled
20220803 073203.415 INFO             PET0 ESMF_LAPACK                 : enabled
20220803 073203.415 INFO             PET0 ESMF_NETCDF                 : enabled
20220803 073203.415 INFO             PET0 ESMF_PNETCDF                : disabled
20220803 073203.415 INFO             PET0 ESMF_PIO                    : enabled
20220803 073203.415 INFO             PET0 ESMF_YAMLCPP                : enabled
20220803 073203.416 INFO             PET0  NUMBER_OF_PROCESSORS           4
20220803 073203.416 INFO             PET0  PASS  Example ESMF_VMUserMpiCommMultiEx, ESMF_VMUserMpiCommMultiEx.F90, line 154
20220803 073203.416 INFO             PET0 Finalizing ESMF
20220803 073203.415 INFO             PET1 !!!!!!!!!!!!!!!!!!!!!!!!!!!!!!!!!!!!!!!!!!!!!!!!!!!!!!
20220803 073203.415 INFO             PET1 !!! THE ESMF_LOG IS SET TO OUTPUT ALL LOG MESSAGES !!!
20220803 073203.415 INFO             PET1 !!!     THIS MAY CAUSE SLOWDOWN IN PERFORMANCE     !!!
20220803 073203.415 INFO             PET1 !!! FOR PRODUCTION RUNS, USE:                      !!!
20220803 073203.415 INFO             PET1 !!!                   ESMF_LOGKIND_Multi_On_Error  !!!
20220803 073203.415 INFO             PET1 !!!!!!!!!!!!!!!!!!!!!!!!!!!!!!!!!!!!!!!!!!!!!!!!!!!!!!
20220803 073203.415 INFO             PET1 Running with ESMF Version   : v8.4.0b08-1-ge3b41e6a98
20220803 073203.415 INFO             PET1 ESMF library build date/time: "Aug  3 2022" "06:26:48"
20220803 073203.415 INFO             PET1 ESMF library build location : /glade/scratch/dunlap/esmf-testing/intel_18.0.5_mpt_O_fix_cygwin/esmf
20220803 073203.415 INFO             PET1 ESMF_COMM                   : mpt
20220803 073203.415 INFO             PET1 ESMF_MOAB                   : enabled
20220803 073203.415 INFO             PET1 ESMF_LAPACK                 : enabled
20220803 073203.415 INFO             PET1 ESMF_NETCDF                 : enabled
20220803 073203.415 INFO             PET1 ESMF_PNETCDF                : disabled
20220803 073203.415 INFO             PET1 ESMF_PIO                    : enabled
20220803 073203.415 INFO             PET1 ESMF_YAMLCPP                : enabled
20220803 073203.416 INFO             PET1  NUMBER_OF_PROCESSORS           4
20220803 073203.416 INFO             PET1  PASS  Example ESMF_VMUserMpiCommMultiEx, ESMF_VMUserMpiCommMultiEx.F90, line 126
20220803 073203.416 INFO             PET1 Finalizing ESMF
20220803 073203.415 INFO             PET1 !!!!!!!!!!!!!!!!!!!!!!!!!!!!!!!!!!!!!!!!!!!!!!!!!!!!!!
20220803 073203.415 INFO             PET1 !!! THE ESMF_LOG IS SET TO OUTPUT ALL LOG MESSAGES !!!
20220803 073203.415 INFO             PET1 !!!     THIS MAY CAUSE SLOWDOWN IN PERFORMANCE     !!!
20220803 073203.415 INFO             PET1 !!! FOR PRODUCTION RUNS, USE:                      !!!
20220803 073203.415 INFO             PET1 !!!                   ESMF_LOGKIND_Multi_On_Error  !!!
20220803 073203.415 INFO             PET1 !!!!!!!!!!!!!!!!!!!!!!!!!!!!!!!!!!!!!!!!!!!!!!!!!!!!!!
20220803 073203.415 INFO             PET1 Running with ESMF Version   : v8.4.0b08-1-ge3b41e6a98
20220803 073203.415 INFO             PET1 ESMF library build date/time: "Aug  3 2022" "06:26:48"
20220803 073203.415 INFO             PET1 ESMF library build location : /glade/scratch/dunlap/esmf-testing/intel_18.0.5_mpt_O_fix_cygwin/esmf
20220803 073203.415 INFO             PET1 ESMF_COMM                   : mpt
20220803 073203.416 INFO             PET1 ESMF_MOAB                   : enabled
20220803 073203.416 INFO             PET1 ESMF_LAPACK                 : enabled
20220803 073203.416 INFO             PET1 ESMF_NETCDF                 : enabled
20220803 073203.416 INFO             PET1 ESMF_PNETCDF                : disabled
20220803 073203.416 INFO             PET1 ESMF_PIO                    : enabled
20220803 073203.416 INFO             PET1 ESMF_YAMLCPP                : enabled
20220803 073203.416 INFO             PET1  NUMBER_OF_PROCESSORS           4
20220803 073203.416 INFO             PET1  PASS  Example ESMF_VMUserMpiCommMultiEx, ESMF_VMUserMpiCommMultiEx.F90, line 154
20220803 073203.416 INFO             PET1 Finalizing ESMF
