2022-08-15 10:55:45
20220815 114320.706 INFO             PET0 !!!!!!!!!!!!!!!!!!!!!!!!!!!!!!!!!!!!!!!!!!!!!!!!!!!!!!
20220815 114320.706 INFO             PET0 !!! THE ESMF_LOG IS SET TO OUTPUT ALL LOG MESSAGES !!!
20220815 114320.706 INFO             PET0 !!!     THIS MAY CAUSE SLOWDOWN IN PERFORMANCE     !!!
20220815 114320.706 INFO             PET0 !!! FOR PRODUCTION RUNS, USE:                      !!!
20220815 114320.706 INFO             PET0 !!!                   ESMF_LOGKIND_Multi_On_Error  !!!
20220815 114320.706 INFO             PET0 !!!!!!!!!!!!!!!!!!!!!!!!!!!!!!!!!!!!!!!!!!!!!!!!!!!!!!
20220815 114320.706 INFO             PET0 Running with ESMF Version   : v8.3.1b03
20220815 114320.706 INFO             PET0 ESMF library build date/time: "Aug 15 2022" "10:52:45"
20220815 114320.706 INFO             PET0 ESMF library build location : /glade/scratch/dunlap/esmf-testing/nvhpc_22.2_mpt_O_patch_8.3.1/esmf
20220815 114320.706 INFO             PET0 ESMF_COMM                   : mpt
20220815 114320.706 INFO             PET0 ESMF_MOAB                   : enabled
20220815 114320.706 INFO             PET0 ESMF_LAPACK                 : enabled
20220815 114320.706 INFO             PET0 ESMF_NETCDF                 : enabled
20220815 114320.706 INFO             PET0 ESMF_PNETCDF                : disabled
20220815 114320.706 INFO             PET0 ESMF_PIO                    : enabled
20220815 114320.706 INFO             PET0 ESMF_YAMLCPP                : enabled
20220815 114320.707 INFO             PET0  NUMBER_OF_PROCESSORS            1
20220815 114320.707 INFO             PET0  PASS  Example ESMF_AlarmEx, ESMF_AlarmEx.F90, line 244
20220815 114320.707 INFO             PET0 Finalizing ESMF
