2022-09-20 01:19:11
20220920 014856.637 INFO             PET0 !!!!!!!!!!!!!!!!!!!!!!!!!!!!!!!!!!!!!!!!!!!!!!!!!!!!!!
20220920 014856.637 INFO             PET0 !!! THE ESMF_LOG IS SET TO OUTPUT ALL LOG MESSAGES !!!
20220920 014856.637 INFO             PET0 !!!     THIS MAY CAUSE SLOWDOWN IN PERFORMANCE     !!!
20220920 014856.637 INFO             PET0 !!! FOR PRODUCTION RUNS, USE:                      !!!
20220920 014856.637 INFO             PET0 !!!                   ESMF_LOGKIND_Multi_On_Error  !!!
20220920 014856.637 INFO             PET0 !!!!!!!!!!!!!!!!!!!!!!!!!!!!!!!!!!!!!!!!!!!!!!!!!!!!!!
20220920 014856.637 INFO             PET0 Running with ESMF Version   : v8.4.0b13-94-gfa383530e0
20220920 014856.637 INFO             PET0 ESMF library build date/time: "Sep 20 2022" "01:17:41"
20220920 014856.637 INFO             PET0 ESMF library build location : /discover/nobackup/projects/sbu/mpotts/esmf-test/gfortran_10.1.0_intelmpi_g_develop/esmf
20220920 014856.637 INFO             PET0 ESMF_COMM                   : intelmpi
20220920 014856.638 INFO             PET0 ESMF_MOAB                   : enabled
20220920 014856.638 INFO             PET0 ESMF_LAPACK                 : enabled
20220920 014856.638 INFO             PET0 ESMF_NETCDF                 : disabled
20220920 014856.638 INFO             PET0 ESMF_PNETCDF                : disabled
20220920 014856.638 INFO             PET0 ESMF_PIO                    : disabled
20220920 014856.638 INFO             PET0 ESMF_YAMLCPP                : enabled
20220920 014856.643 INFO             PET0  NUMBER_OF_PROCESSORS           1
20220920 014856.643 INFO             PET0  PASS  Example ESMF_XGridSparseMatEx, ESMF_XGridSparseMatEx.F90, line 642
20220920 014856.643 INFO             PET0 Finalizing ESMF
