2022-09-12 02:32:02
[1662951132.715514] [h33m48:38429:0]         mxm.c:196  MXM  WARN  The 'ulimit -s' on the system is set to 'unlimited'. This may have negative performance implications. Please set the stack size to the default value (10240) 
[1662951132.720566] [h33m48:38429:0]         mxm.c:196  MXM  WARN  The 'ulimit -s' on the system is set to 'unlimited'. This may have negative performance implications. Please set the stack size to the default value (10240) 
[1662951132.715618] [h33m48:38427:0]         mxm.c:196  MXM  WARN  The 'ulimit -s' on the system is set to 'unlimited'. This may have negative performance implications. Please set the stack size to the default value (10240) 
[1662951132.720665] [h33m48:38427:0]         mxm.c:196  MXM  WARN  The 'ulimit -s' on the system is set to 'unlimited'. This may have negative performance implications. Please set the stack size to the default value (10240) 
[1662951132.708151] [h33m48:38428:0]         mxm.c:196  MXM  WARN  The 'ulimit -s' on the system is set to 'unlimited'. This may have negative performance implications. Please set the stack size to the default value (10240) 
[1662951132.712979] [h33m48:38428:0]         mxm.c:196  MXM  WARN  The 'ulimit -s' on the system is set to 'unlimited'. This may have negative performance implications. Please set the stack size to the default value (10240) 
[1662951132.708604] [h33m48:38426:0]         mxm.c:196  MXM  WARN  The 'ulimit -s' on the system is set to 'unlimited'. This may have negative performance implications. Please set the stack size to the default value (10240) 
[1662951132.713372] [h33m48:38426:0]         mxm.c:196  MXM  WARN  The 'ulimit -s' on the system is set to 'unlimited'. This may have negative performance implications. Please set the stack size to the default value (10240) 
 contents before scatter/gather:
           0  array1:            1
           0  array1:            2
           0  array1:            3
           0  array1:            4
 contents before scatter/gather:
           1  array1:          101
           1  array1:          102
           1  array1:          103
           1  array1:          104
           1  array1:          105
           1  array1:          106
           1  array1:          107
 contents before scatter/gather:
           2  array1:          201
           2  array1:          202
           2  array1:          203
           2  array1:          204
           2  array1:          205
           2  array1:          206
           2  array1:          207
           2  array1:          208
 contents before scatter/gather:
           3  array1:          301
           3  array1:          302
           3  array1:          303
           3  array1:          304
           3  array1:          305
           3  array1:          306
           3  array1:          307
           3  array1:          308
           0  array1:            5
           0  array1:            6
           0  array1:            7
           0  array1:            8
           1  array1:          108
 scatter result:
           2  array2:            5
           2  array2:            6
 scatter result:
           1  array2:            3
           1  array2:            4
 gather result:
           2  array1:          201
           2  array1:          202
           2  array1:          203
           2  array1:          204
           2  array1:          205
           2  array1:          206
           2  array1:          207
           2  array1:          208
 gather result:
           1  array1:          101
           1  array1:          102
           1  array1:          103
           1  array1:          104
           1  array1:          105
           1  array1:          106
           1  array1:          107
           1  array1:          108
  PASS  Example ESMF_VMScatterVMGatherEx, ESMF_VMScatterVMGatherEx.F90, line 120
  PASS  Example ESMF_VMScatterVMGatherEx, ESMF_VMScatterVMGatherEx.F90, line 120
 scatter result:
           0  array2:            1
           0  array2:            2
 gather result:
 scatter result:
           3  array2:            7
           3  array2:            8
 gather result:
           3  array1:            1
           3  array1:            2
           3  array1:            3
           0  array1:            1
           0  array1:            2
           0  array1:            3
           0  array1:            4
           0  array1:            5
           0  array1:            6
           0  array1:            7
           0  array1:            8
           3  array1:            4
           3  array1:            5
           3  array1:            6
           3  array1:            7
           3  array1:            8
  PASS  Example ESMF_VMScatterVMGatherEx, ESMF_VMScatterVMGatherEx.F90, line 120
  PASS  Example ESMF_VMScatterVMGatherEx, ESMF_VMScatterVMGatherEx.F90, line 120
 PASS: ESMF_VMScatterVMGatherEx.F90
 PASS: ESMF_VMScatterVMGatherEx.F90
 PASS: ESMF_VMScatterVMGatherEx.F90
 PASS: ESMF_VMScatterVMGatherEx.F90
