2022-07-31 02:29:03
20220731 030121.752 INFO             PET0 !!!!!!!!!!!!!!!!!!!!!!!!!!!!!!!!!!!!!!!!!!!!!!!!!!!!!!
20220731 030121.752 INFO             PET0 !!! THE ESMF_LOG IS SET TO OUTPUT ALL LOG MESSAGES !!!
20220731 030121.752 INFO             PET0 !!!     THIS MAY CAUSE SLOWDOWN IN PERFORMANCE     !!!
20220731 030121.752 INFO             PET0 !!! FOR PRODUCTION RUNS, USE:                      !!!
20220731 030121.752 INFO             PET0 !!!                   ESMF_LOGKIND_Multi_On_Error  !!!
20220731 030121.752 INFO             PET0 !!!!!!!!!!!!!!!!!!!!!!!!!!!!!!!!!!!!!!!!!!!!!!!!!!!!!!
20220731 030121.752 INFO             PET0 Running with ESMF Version   : v8.4.0b08
20220731 030121.752 INFO             PET0 ESMF library build date/time: "Jul 31 2022" "02:26:06"
20220731 030121.752 INFO             PET0 ESMF library build location : /glade/scratch/dunlap/esmf-testing/gfortran_9.1.0_openmpi_g_develop/esmf
20220731 030121.752 INFO             PET0 ESMF_COMM                   : openmpi
20220731 030121.752 INFO             PET0 ESMF_MOAB                   : enabled
20220731 030121.752 INFO             PET0 ESMF_LAPACK                 : enabled
20220731 030121.752 INFO             PET0 ESMF_NETCDF                 : enabled
20220731 030121.752 INFO             PET0 ESMF_PNETCDF                : disabled
20220731 030121.752 INFO             PET0 ESMF_PIO                    : enabled
20220731 030121.752 INFO             PET0 ESMF_YAMLCPP                : enabled
20220731 030121.753 INFO             PET0  NUMBER_OF_PROCESSORS           4
20220731 030121.753 INFO             PET0  PASS  Example ESMF_VMUserMpiCommMultiEx, ESMF_VMUserMpiCommMultiEx.F90, line 126
20220731 030121.753 INFO             PET0 Finalizing ESMF
20220731 030121.753 INFO             PET0 !!!!!!!!!!!!!!!!!!!!!!!!!!!!!!!!!!!!!!!!!!!!!!!!!!!!!!
20220731 030121.753 INFO             PET0 !!! THE ESMF_LOG IS SET TO OUTPUT ALL LOG MESSAGES !!!
20220731 030121.753 INFO             PET0 !!!     THIS MAY CAUSE SLOWDOWN IN PERFORMANCE     !!!
20220731 030121.753 INFO             PET0 !!! FOR PRODUCTION RUNS, USE:                      !!!
20220731 030121.753 INFO             PET0 !!!                   ESMF_LOGKIND_Multi_On_Error  !!!
20220731 030121.753 INFO             PET0 !!!!!!!!!!!!!!!!!!!!!!!!!!!!!!!!!!!!!!!!!!!!!!!!!!!!!!
20220731 030121.753 INFO             PET0 Running with ESMF Version   : v8.4.0b08
20220731 030121.753 INFO             PET0 ESMF library build date/time: "Jul 31 2022" "02:26:06"
20220731 030121.753 INFO             PET0 ESMF library build location : /glade/scratch/dunlap/esmf-testing/gfortran_9.1.0_openmpi_g_develop/esmf
20220731 030121.753 INFO             PET0 ESMF_COMM                   : openmpi
20220731 030121.753 INFO             PET0 ESMF_MOAB                   : enabled
20220731 030121.753 INFO             PET0 ESMF_LAPACK                 : enabled
20220731 030121.753 INFO             PET0 ESMF_NETCDF                 : enabled
20220731 030121.753 INFO             PET0 ESMF_PNETCDF                : disabled
20220731 030121.753 INFO             PET0 ESMF_PIO                    : enabled
20220731 030121.753 INFO             PET0 ESMF_YAMLCPP                : enabled
20220731 030121.754 INFO             PET0  NUMBER_OF_PROCESSORS           4
20220731 030121.754 INFO             PET0  PASS  Example ESMF_VMUserMpiCommMultiEx, ESMF_VMUserMpiCommMultiEx.F90, line 154
20220731 030121.754 INFO             PET0 Finalizing ESMF
20220731 030121.753 INFO             PET1 !!!!!!!!!!!!!!!!!!!!!!!!!!!!!!!!!!!!!!!!!!!!!!!!!!!!!!
20220731 030121.753 INFO             PET1 !!! THE ESMF_LOG IS SET TO OUTPUT ALL LOG MESSAGES !!!
20220731 030121.753 INFO             PET1 !!!     THIS MAY CAUSE SLOWDOWN IN PERFORMANCE     !!!
20220731 030121.753 INFO             PET1 !!! FOR PRODUCTION RUNS, USE:                      !!!
20220731 030121.753 INFO             PET1 !!!                   ESMF_LOGKIND_Multi_On_Error  !!!
20220731 030121.753 INFO             PET1 !!!!!!!!!!!!!!!!!!!!!!!!!!!!!!!!!!!!!!!!!!!!!!!!!!!!!!
20220731 030121.753 INFO             PET1 Running with ESMF Version   : v8.4.0b08
20220731 030121.753 INFO             PET1 ESMF library build date/time: "Jul 31 2022" "02:26:06"
20220731 030121.753 INFO             PET1 ESMF library build location : /glade/scratch/dunlap/esmf-testing/gfortran_9.1.0_openmpi_g_develop/esmf
20220731 030121.753 INFO             PET1 ESMF_COMM                   : openmpi
20220731 030121.753 INFO             PET1 ESMF_MOAB                   : enabled
20220731 030121.753 INFO             PET1 ESMF_LAPACK                 : enabled
20220731 030121.753 INFO             PET1 ESMF_NETCDF                 : enabled
20220731 030121.753 INFO             PET1 ESMF_PNETCDF                : disabled
20220731 030121.753 INFO             PET1 ESMF_PIO                    : enabled
20220731 030121.753 INFO             PET1 ESMF_YAMLCPP                : enabled
20220731 030121.753 INFO             PET1  NUMBER_OF_PROCESSORS           4
20220731 030121.753 INFO             PET1  PASS  Example ESMF_VMUserMpiCommMultiEx, ESMF_VMUserMpiCommMultiEx.F90, line 126
20220731 030121.753 INFO             PET1 Finalizing ESMF
20220731 030121.753 INFO             PET1 !!!!!!!!!!!!!!!!!!!!!!!!!!!!!!!!!!!!!!!!!!!!!!!!!!!!!!
20220731 030121.753 INFO             PET1 !!! THE ESMF_LOG IS SET TO OUTPUT ALL LOG MESSAGES !!!
20220731 030121.753 INFO             PET1 !!!     THIS MAY CAUSE SLOWDOWN IN PERFORMANCE     !!!
20220731 030121.753 INFO             PET1 !!! FOR PRODUCTION RUNS, USE:                      !!!
20220731 030121.753 INFO             PET1 !!!                   ESMF_LOGKIND_Multi_On_Error  !!!
20220731 030121.753 INFO             PET1 !!!!!!!!!!!!!!!!!!!!!!!!!!!!!!!!!!!!!!!!!!!!!!!!!!!!!!
20220731 030121.753 INFO             PET1 Running with ESMF Version   : v8.4.0b08
20220731 030121.753 INFO             PET1 ESMF library build date/time: "Jul 31 2022" "02:26:06"
20220731 030121.753 INFO             PET1 ESMF library build location : /glade/scratch/dunlap/esmf-testing/gfortran_9.1.0_openmpi_g_develop/esmf
20220731 030121.753 INFO             PET1 ESMF_COMM                   : openmpi
20220731 030121.753 INFO             PET1 ESMF_MOAB                   : enabled
20220731 030121.753 INFO             PET1 ESMF_LAPACK                 : enabled
20220731 030121.753 INFO             PET1 ESMF_NETCDF                 : enabled
20220731 030121.753 INFO             PET1 ESMF_PNETCDF                : disabled
20220731 030121.753 INFO             PET1 ESMF_PIO                    : enabled
20220731 030121.753 INFO             PET1 ESMF_YAMLCPP                : enabled
20220731 030121.754 INFO             PET1  NUMBER_OF_PROCESSORS           4
20220731 030121.754 INFO             PET1  PASS  Example ESMF_VMUserMpiCommMultiEx, ESMF_VMUserMpiCommMultiEx.F90, line 154
20220731 030121.754 INFO             PET1 Finalizing ESMF
