2022-08-10 03:33:30
20220810 040741.935 INFO             PET0 !!!!!!!!!!!!!!!!!!!!!!!!!!!!!!!!!!!!!!!!!!!!!!!!!!!!!!
20220810 040741.935 INFO             PET0 !!! THE ESMF_LOG IS SET TO OUTPUT ALL LOG MESSAGES !!!
20220810 040741.935 INFO             PET0 !!!     THIS MAY CAUSE SLOWDOWN IN PERFORMANCE     !!!
20220810 040741.935 INFO             PET0 !!! FOR PRODUCTION RUNS, USE:                      !!!
20220810 040741.935 INFO             PET0 !!!                   ESMF_LOGKIND_Multi_On_Error  !!!
20220810 040741.935 INFO             PET0 !!!!!!!!!!!!!!!!!!!!!!!!!!!!!!!!!!!!!!!!!!!!!!!!!!!!!!
20220810 040741.935 INFO             PET0 Running with ESMF Version   : v8.4.0b09
20220810 040741.935 INFO             PET0 ESMF library build date/time: "Aug 10 2022" "03:30:30"
20220810 040741.935 INFO             PET0 ESMF library build location : /glade/scratch/dunlap/esmf-testing/gfortran_9.1.0_openmpi_g_develop/esmf
20220810 040741.935 INFO             PET0 ESMF_COMM                   : openmpi
20220810 040741.935 INFO             PET0 ESMF_MOAB                   : enabled
20220810 040741.935 INFO             PET0 ESMF_LAPACK                 : enabled
20220810 040741.935 INFO             PET0 ESMF_NETCDF                 : enabled
20220810 040741.935 INFO             PET0 ESMF_PNETCDF                : disabled
20220810 040741.935 INFO             PET0 ESMF_PIO                    : enabled
20220810 040741.936 INFO             PET0 ESMF_YAMLCPP                : enabled
20220810 040741.938 INFO             PET0 ESMF_FieldRedistStoreNF(): Just entered routine.
20220810 040741.941 INFO             PET0 ESMF_FieldRedistStoreNF(): Leaving routine.
20220810 040741.945 INFO             PET0 ESMF_FieldRedistStoreNF(): Just entered routine.
20220810 040741.946 INFO             PET0 ESMF_FieldRedistStoreNF(): Leaving routine.
20220810 040741.946 INFO             PET0 ESMF_FieldRedistStoreNF(): Just entered routine.
20220810 040741.947 INFO             PET0 ESMF_FieldRedistStoreNF(): Leaving routine.
20220810 040741.947 INFO             PET0  NUMBER_OF_PROCESSORS           4
20220810 040741.947 INFO             PET0  PASS  Example ESMF_FieldRedistEx, ESMF_FieldRedistEx.F90, line 521
20220810 040741.947 INFO             PET0 Finalizing ESMF
20220810 040741.936 INFO             PET1 !!!!!!!!!!!!!!!!!!!!!!!!!!!!!!!!!!!!!!!!!!!!!!!!!!!!!!
20220810 040741.936 INFO             PET1 !!! THE ESMF_LOG IS SET TO OUTPUT ALL LOG MESSAGES !!!
20220810 040741.936 INFO             PET1 !!!     THIS MAY CAUSE SLOWDOWN IN PERFORMANCE     !!!
20220810 040741.936 INFO             PET1 !!! FOR PRODUCTION RUNS, USE:                      !!!
20220810 040741.936 INFO             PET1 !!!                   ESMF_LOGKIND_Multi_On_Error  !!!
20220810 040741.936 INFO             PET1 !!!!!!!!!!!!!!!!!!!!!!!!!!!!!!!!!!!!!!!!!!!!!!!!!!!!!!
20220810 040741.936 INFO             PET1 Running with ESMF Version   : v8.4.0b09
20220810 040741.936 INFO             PET1 ESMF library build date/time: "Aug 10 2022" "03:30:30"
20220810 040741.936 INFO             PET1 ESMF library build location : /glade/scratch/dunlap/esmf-testing/gfortran_9.1.0_openmpi_g_develop/esmf
20220810 040741.936 INFO             PET1 ESMF_COMM                   : openmpi
20220810 040741.937 INFO             PET1 ESMF_MOAB                   : enabled
20220810 040741.937 INFO             PET1 ESMF_LAPACK                 : enabled
20220810 040741.937 INFO             PET1 ESMF_NETCDF                 : enabled
20220810 040741.937 INFO             PET1 ESMF_PNETCDF                : disabled
20220810 040741.937 INFO             PET1 ESMF_PIO                    : enabled
20220810 040741.937 INFO             PET1 ESMF_YAMLCPP                : enabled
20220810 040741.938 INFO             PET1 ESMF_FieldRedistStoreNF(): Just entered routine.
20220810 040741.941 INFO             PET1 ESMF_FieldRedistStoreNF(): Leaving routine.
20220810 040741.945 INFO             PET1 ESMF_FieldRedistStoreNF(): Just entered routine.
20220810 040741.946 INFO             PET1 ESMF_FieldRedistStoreNF(): Leaving routine.
20220810 040741.946 INFO             PET1 ESMF_FieldRedistStoreNF(): Just entered routine.
20220810 040741.947 INFO             PET1 ESMF_FieldRedistStoreNF(): Leaving routine.
20220810 040741.947 INFO             PET1  NUMBER_OF_PROCESSORS           4
20220810 040741.947 INFO             PET1  PASS  Example ESMF_FieldRedistEx, ESMF_FieldRedistEx.F90, line 521
20220810 040741.947 INFO             PET1 Finalizing ESMF
20220810 040741.935 INFO             PET2 !!!!!!!!!!!!!!!!!!!!!!!!!!!!!!!!!!!!!!!!!!!!!!!!!!!!!!
20220810 040741.935 INFO             PET2 !!! THE ESMF_LOG IS SET TO OUTPUT ALL LOG MESSAGES !!!
20220810 040741.935 INFO             PET2 !!!     THIS MAY CAUSE SLOWDOWN IN PERFORMANCE     !!!
20220810 040741.935 INFO             PET2 !!! FOR PRODUCTION RUNS, USE:                      !!!
20220810 040741.935 INFO             PET2 !!!                   ESMF_LOGKIND_Multi_On_Error  !!!
20220810 040741.935 INFO             PET2 !!!!!!!!!!!!!!!!!!!!!!!!!!!!!!!!!!!!!!!!!!!!!!!!!!!!!!
20220810 040741.935 INFO             PET2 Running with ESMF Version   : v8.4.0b09
20220810 040741.935 INFO             PET2 ESMF library build date/time: "Aug 10 2022" "03:30:30"
20220810 040741.935 INFO             PET2 ESMF library build location : /glade/scratch/dunlap/esmf-testing/gfortran_9.1.0_openmpi_g_develop/esmf
20220810 040741.935 INFO             PET2 ESMF_COMM                   : openmpi
20220810 040741.935 INFO             PET2 ESMF_MOAB                   : enabled
20220810 040741.935 INFO             PET2 ESMF_LAPACK                 : enabled
20220810 040741.935 INFO             PET2 ESMF_NETCDF                 : enabled
20220810 040741.935 INFO             PET2 ESMF_PNETCDF                : disabled
20220810 040741.935 INFO             PET2 ESMF_PIO                    : enabled
20220810 040741.935 INFO             PET2 ESMF_YAMLCPP                : enabled
20220810 040741.938 INFO             PET2 ESMF_FieldRedistStoreNF(): Just entered routine.
20220810 040741.941 INFO             PET2 ESMF_FieldRedistStoreNF(): Leaving routine.
20220810 040741.945 INFO             PET2 ESMF_FieldRedistStoreNF(): Just entered routine.
20220810 040741.946 INFO             PET2 ESMF_FieldRedistStoreNF(): Leaving routine.
20220810 040741.946 INFO             PET2 ESMF_FieldRedistStoreNF(): Just entered routine.
20220810 040741.947 INFO             PET2 ESMF_FieldRedistStoreNF(): Leaving routine.
20220810 040741.947 INFO             PET2  NUMBER_OF_PROCESSORS           4
20220810 040741.947 INFO             PET2  PASS  Example ESMF_FieldRedistEx, ESMF_FieldRedistEx.F90, line 521
20220810 040741.947 INFO             PET2 Finalizing ESMF
20220810 040741.936 INFO             PET3 !!!!!!!!!!!!!!!!!!!!!!!!!!!!!!!!!!!!!!!!!!!!!!!!!!!!!!
20220810 040741.936 INFO             PET3 !!! THE ESMF_LOG IS SET TO OUTPUT ALL LOG MESSAGES !!!
20220810 040741.936 INFO             PET3 !!!     THIS MAY CAUSE SLOWDOWN IN PERFORMANCE     !!!
20220810 040741.936 INFO             PET3 !!! FOR PRODUCTION RUNS, USE:                      !!!
20220810 040741.936 INFO             PET3 !!!                   ESMF_LOGKIND_Multi_On_Error  !!!
20220810 040741.936 INFO             PET3 !!!!!!!!!!!!!!!!!!!!!!!!!!!!!!!!!!!!!!!!!!!!!!!!!!!!!!
20220810 040741.936 INFO             PET3 Running with ESMF Version   : v8.4.0b09
20220810 040741.936 INFO             PET3 ESMF library build date/time: "Aug 10 2022" "03:30:30"
20220810 040741.936 INFO             PET3 ESMF library build location : /glade/scratch/dunlap/esmf-testing/gfortran_9.1.0_openmpi_g_develop/esmf
20220810 040741.936 INFO             PET3 ESMF_COMM                   : openmpi
20220810 040741.936 INFO             PET3 ESMF_MOAB                   : enabled
20220810 040741.936 INFO             PET3 ESMF_LAPACK                 : enabled
20220810 040741.936 INFO             PET3 ESMF_NETCDF                 : enabled
20220810 040741.936 INFO             PET3 ESMF_PNETCDF                : disabled
20220810 040741.936 INFO             PET3 ESMF_PIO                    : enabled
20220810 040741.936 INFO             PET3 ESMF_YAMLCPP                : enabled
20220810 040741.938 INFO             PET3 ESMF_FieldRedistStoreNF(): Just entered routine.
20220810 040741.941 INFO             PET3 ESMF_FieldRedistStoreNF(): Leaving routine.
20220810 040741.945 INFO             PET3 ESMF_FieldRedistStoreNF(): Just entered routine.
20220810 040741.946 INFO             PET3 ESMF_FieldRedistStoreNF(): Leaving routine.
20220810 040741.946 INFO             PET3 ESMF_FieldRedistStoreNF(): Just entered routine.
20220810 040741.947 INFO             PET3 ESMF_FieldRedistStoreNF(): Leaving routine.
20220810 040741.947 INFO             PET3  NUMBER_OF_PROCESSORS           4
20220810 040741.947 INFO             PET3  PASS  Example ESMF_FieldRedistEx, ESMF_FieldRedistEx.F90, line 521
20220810 040741.947 INFO             PET3 Finalizing ESMF
