2022-09-12 02:50:36
20220912 032628.890 INFO             PET0 !!!!!!!!!!!!!!!!!!!!!!!!!!!!!!!!!!!!!!!!!!!!!!!!!!!!!!
20220912 032628.890 INFO             PET0 !!! THE ESMF_LOG IS SET TO OUTPUT ALL LOG MESSAGES !!!
20220912 032628.890 INFO             PET0 !!!     THIS MAY CAUSE SLOWDOWN IN PERFORMANCE     !!!
20220912 032628.890 INFO             PET0 !!! FOR PRODUCTION RUNS, USE:                      !!!
20220912 032628.890 INFO             PET0 !!!                   ESMF_LOGKIND_Multi_On_Error  !!!
20220912 032628.890 INFO             PET0 !!!!!!!!!!!!!!!!!!!!!!!!!!!!!!!!!!!!!!!!!!!!!!!!!!!!!!
20220912 032628.890 INFO             PET0 Running with ESMF Version   : v8.4.0b12-4-g371b6fcbcf
20220912 032628.890 INFO             PET0 ESMF library build date/time: "Sep 12 2022" "02:47:39"
20220912 032628.890 INFO             PET0 ESMF library build location : /glade/scratch/dunlap/esmf-testing/gfortran_9.1.0_openmpi_g_develop/esmf
20220912 032628.890 INFO             PET0 ESMF_COMM                   : openmpi
20220912 032628.890 INFO             PET0 ESMF_MOAB                   : enabled
20220912 032628.890 INFO             PET0 ESMF_LAPACK                 : enabled
20220912 032628.890 INFO             PET0 ESMF_NETCDF                 : enabled
20220912 032628.890 INFO             PET0 ESMF_PNETCDF                : disabled
20220912 032628.890 INFO             PET0 ESMF_PIO                    : enabled
20220912 032628.890 INFO             PET0 ESMF_YAMLCPP                : enabled
20220912 032628.893 DEBUG            PET0 ESMCI_CompTunnel.C:1063 ESMCI::ServiceLoop() ServiceLoop: entering with port argument: 61010 and timeout: 20
20220912 032628.893 DEBUG            PET0 ESMCI_CompTunnel.C:345 ESMCI::CompTunnel::negotiate() negotiate socketBased actual: port=61010, timeout=20
20220912 032630.895 DEBUG            PET0 ESMCI_CompTunnel.C:476 ESMCI::CompTunnel::negotiate() finished socketBased negotiate() on actual component side
20220912 032630.895 DEBUG            PET0 ESMCI_CompTunnel.C:872 ESMCI::CompTunnel::dual2actual() dual2actual() socketBased (actual side)...
20220912 032630.895 DEBUG            PET0 ESMCI_CompTunnel.C:872 ESMCI::CompTunnel::dual2actual() dual2actual() socketBased (actual side)...
20220912 032630.942 DEBUG            PET0 ESMCI_CompTunnel.C:1122 ESMCI::ServiceLoop() ServiceLoop: received method: InitializeIC and phase: 1
20220912 032630.942 INFO             PET0 Actual Component Initialize
20220912 032630.942 DEBUG            PET0 ESMCI_CompTunnel.C:957 ESMCI::CompTunnel::actual2dual() actual2dual() socketBased (actual side)...
20220912 032630.943 DEBUG            PET0 ESMCI_CompTunnel.C:872 ESMCI::CompTunnel::dual2actual() dual2actual() socketBased (actual side)...
20220912 032630.943 DEBUG            PET0 ESMCI_CompTunnel.C:872 ESMCI::CompTunnel::dual2actual() dual2actual() socketBased (actual side)...
20220912 032630.986 DEBUG            PET0 ESMCI_CompTunnel.C:1122 ESMCI::ServiceLoop() ServiceLoop: received method: RunIC and phase: 1
20220912 032630.986 INFO             PET0 Actual Component Run
20220912 032630.986 DEBUG            PET0 ESMCI_CompTunnel.C:957 ESMCI::CompTunnel::actual2dual() actual2dual() socketBased (actual side)...
20220912 032630.987 DEBUG            PET0 ESMCI_CompTunnel.C:872 ESMCI::CompTunnel::dual2actual() dual2actual() socketBased (actual side)...
20220912 032630.987 DEBUG            PET0 ESMCI_CompTunnel.C:872 ESMCI::CompTunnel::dual2actual() dual2actual() socketBased (actual side)...
20220912 032631.030 DEBUG            PET0 ESMCI_CompTunnel.C:1122 ESMCI::ServiceLoop() ServiceLoop: received method: FinalizeIC and phase: 1
20220912 032631.030 INFO             PET0 Actual Component Finalize
20220912 032631.030 DEBUG            PET0 ESMCI_CompTunnel.C:957 ESMCI::CompTunnel::actual2dual() actual2dual() socketBased (actual side)...
20220912 032631.030 DEBUG            PET0 ESMCI_CompTunnel.C:872 ESMCI::CompTunnel::dual2actual() dual2actual() socketBased (actual side)...
20220912 032631.031 DEBUG            PET0 ESMCI_CompTunnel.C:872 ESMCI::CompTunnel::dual2actual() dual2actual() socketBased (actual side)...
20220912 032631.074 DEBUG            PET0 ESMCI_CompTunnel.C:1122 ESMCI::ServiceLoop() ServiceLoop: received method: InitializeIC and phase: 1
20220912 032631.074 INFO             PET0 Actual Component Initialize
20220912 032631.074 DEBUG            PET0 ESMCI_CompTunnel.C:957 ESMCI::CompTunnel::actual2dual() actual2dual() socketBased (actual side)...
20220912 032631.075 DEBUG            PET0 ESMCI_CompTunnel.C:872 ESMCI::CompTunnel::dual2actual() dual2actual() socketBased (actual side)...
20220912 032631.075 DEBUG            PET0 ESMCI_CompTunnel.C:872 ESMCI::CompTunnel::dual2actual() dual2actual() socketBased (actual side)...
20220912 032631.118 DEBUG            PET0 ESMCI_CompTunnel.C:1122 ESMCI::ServiceLoop() ServiceLoop: received method: InitializeIC and phase: 1
20220912 032631.118 INFO             PET0 Actual Component Initialize
20220912 032631.118 DEBUG            PET0 ESMCI_CompTunnel.C:957 ESMCI::CompTunnel::actual2dual() actual2dual() socketBased (actual side)...
20220912 032631.118 DEBUG            PET0 ESMCI_CompTunnel.C:872 ESMCI::CompTunnel::dual2actual() dual2actual() socketBased (actual side)...
20220912 032631.119 DEBUG            PET0 ESMCI_CompTunnel.C:872 ESMCI::CompTunnel::dual2actual() dual2actual() socketBased (actual side)...
20220912 032631.162 DEBUG            PET0 ESMCI_CompTunnel.C:1122 ESMCI::ServiceLoop() ServiceLoop: received method: RunIC and phase: 1
20220912 032631.162 INFO             PET0 Actual Component Run
20220912 032631.162 DEBUG            PET0 ESMCI_CompTunnel.C:957 ESMCI::CompTunnel::actual2dual() actual2dual() socketBased (actual side)...
20220912 032631.163 DEBUG            PET0 ESMCI_CompTunnel.C:872 ESMCI::CompTunnel::dual2actual() dual2actual() socketBased (actual side)...
20220912 032631.163 DEBUG            PET0 ESMCI_CompTunnel.C:872 ESMCI::CompTunnel::dual2actual() dual2actual() socketBased (actual side)...
20220912 032631.206 DEBUG            PET0 ESMCI_CompTunnel.C:1122 ESMCI::ServiceLoop() ServiceLoop: received method: None and phase: 1
20220912 032631.206 DEBUG            PET0 ESMCI_CompTunnel.C:957 ESMCI::CompTunnel::actual2dual() actual2dual() socketBased (actual side)...
20220912 032631.206 DEBUG            PET0 ESMCI_CompTunnel.C:1153 ESMCI::ServiceLoop() ServiceLoop: exiting
20220912 032631.207 INFO             PET0  NUMBER_OF_PROCESSORS           6
20220912 032631.207 INFO             PET0  PASS  Example ESMF_CompTunnelEx, ESMF_CompTunnelEx.F90, line 549
20220912 032631.207 INFO             PET0 Finalizing ESMF
20220912 032628.891 INFO             PET1 !!!!!!!!!!!!!!!!!!!!!!!!!!!!!!!!!!!!!!!!!!!!!!!!!!!!!!
20220912 032628.891 INFO             PET1 !!! THE ESMF_LOG IS SET TO OUTPUT ALL LOG MESSAGES !!!
20220912 032628.891 INFO             PET1 !!!     THIS MAY CAUSE SLOWDOWN IN PERFORMANCE     !!!
20220912 032628.891 INFO             PET1 !!! FOR PRODUCTION RUNS, USE:                      !!!
20220912 032628.891 INFO             PET1 !!!                   ESMF_LOGKIND_Multi_On_Error  !!!
20220912 032628.891 INFO             PET1 !!!!!!!!!!!!!!!!!!!!!!!!!!!!!!!!!!!!!!!!!!!!!!!!!!!!!!
20220912 032628.891 INFO             PET1 Running with ESMF Version   : v8.4.0b12-4-g371b6fcbcf
20220912 032628.891 INFO             PET1 ESMF library build date/time: "Sep 12 2022" "02:47:39"
20220912 032628.891 INFO             PET1 ESMF library build location : /glade/scratch/dunlap/esmf-testing/gfortran_9.1.0_openmpi_g_develop/esmf
20220912 032628.891 INFO             PET1 ESMF_COMM                   : openmpi
20220912 032628.891 INFO             PET1 ESMF_MOAB                   : enabled
20220912 032628.891 INFO             PET1 ESMF_LAPACK                 : enabled
20220912 032628.891 INFO             PET1 ESMF_NETCDF                 : enabled
20220912 032628.891 INFO             PET1 ESMF_PNETCDF                : disabled
20220912 032628.891 INFO             PET1 ESMF_PIO                    : enabled
20220912 032628.891 INFO             PET1 ESMF_YAMLCPP                : enabled
20220912 032628.893 DEBUG            PET1 ESMCI_CompTunnel.C:1063 ESMCI::ServiceLoop() ServiceLoop: entering with port argument: 61010 and timeout: 20
20220912 032630.895 DEBUG            PET1 ESMCI_CompTunnel.C:476 ESMCI::CompTunnel::negotiate() finished socketBased negotiate() on actual component side
20220912 032630.895 DEBUG            PET1 ESMCI_CompTunnel.C:872 ESMCI::CompTunnel::dual2actual() dual2actual() socketBased (actual side)...
20220912 032630.895 DEBUG            PET1 ESMCI_CompTunnel.C:872 ESMCI::CompTunnel::dual2actual() dual2actual() socketBased (actual side)...
20220912 032630.942 DEBUG            PET1 ESMCI_CompTunnel.C:1122 ESMCI::ServiceLoop() ServiceLoop: received method: InitializeIC and phase: 1
20220912 032630.942 INFO             PET1 Actual Component Initialize
20220912 032630.942 DEBUG            PET1 ESMCI_CompTunnel.C:957 ESMCI::CompTunnel::actual2dual() actual2dual() socketBased (actual side)...
20220912 032630.943 DEBUG            PET1 ESMCI_CompTunnel.C:872 ESMCI::CompTunnel::dual2actual() dual2actual() socketBased (actual side)...
20220912 032630.943 DEBUG            PET1 ESMCI_CompTunnel.C:872 ESMCI::CompTunnel::dual2actual() dual2actual() socketBased (actual side)...
20220912 032630.986 DEBUG            PET1 ESMCI_CompTunnel.C:1122 ESMCI::ServiceLoop() ServiceLoop: received method: RunIC and phase: 1
20220912 032630.987 INFO             PET1 Actual Component Run
20220912 032630.987 DEBUG            PET1 ESMCI_CompTunnel.C:957 ESMCI::CompTunnel::actual2dual() actual2dual() socketBased (actual side)...
20220912 032630.987 DEBUG            PET1 ESMCI_CompTunnel.C:872 ESMCI::CompTunnel::dual2actual() dual2actual() socketBased (actual side)...
20220912 032630.987 DEBUG            PET1 ESMCI_CompTunnel.C:872 ESMCI::CompTunnel::dual2actual() dual2actual() socketBased (actual side)...
20220912 032631.030 DEBUG            PET1 ESMCI_CompTunnel.C:1122 ESMCI::ServiceLoop() ServiceLoop: received method: FinalizeIC and phase: 1
20220912 032631.030 INFO             PET1 Actual Component Finalize
20220912 032631.030 DEBUG            PET1 ESMCI_CompTunnel.C:957 ESMCI::CompTunnel::actual2dual() actual2dual() socketBased (actual side)...
20220912 032631.030 DEBUG            PET1 ESMCI_CompTunnel.C:872 ESMCI::CompTunnel::dual2actual() dual2actual() socketBased (actual side)...
20220912 032631.031 DEBUG            PET1 ESMCI_CompTunnel.C:872 ESMCI::CompTunnel::dual2actual() dual2actual() socketBased (actual side)...
20220912 032631.074 DEBUG            PET1 ESMCI_CompTunnel.C:1122 ESMCI::ServiceLoop() ServiceLoop: received method: InitializeIC and phase: 1
20220912 032631.077 INFO             PET1 Actual Component Initialize
20220912 032631.077 DEBUG            PET1 ESMCI_CompTunnel.C:957 ESMCI::CompTunnel::actual2dual() actual2dual() socketBased (actual side)...
20220912 032631.077 DEBUG            PET1 ESMCI_CompTunnel.C:872 ESMCI::CompTunnel::dual2actual() dual2actual() socketBased (actual side)...
20220912 032631.077 DEBUG            PET1 ESMCI_CompTunnel.C:872 ESMCI::CompTunnel::dual2actual() dual2actual() socketBased (actual side)...
20220912 032631.118 DEBUG            PET1 ESMCI_CompTunnel.C:1122 ESMCI::ServiceLoop() ServiceLoop: received method: InitializeIC and phase: 1
20220912 032631.118 INFO             PET1 Actual Component Initialize
20220912 032631.118 DEBUG            PET1 ESMCI_CompTunnel.C:957 ESMCI::CompTunnel::actual2dual() actual2dual() socketBased (actual side)...
20220912 032631.118 DEBUG            PET1 ESMCI_CompTunnel.C:872 ESMCI::CompTunnel::dual2actual() dual2actual() socketBased (actual side)...
20220912 032631.119 DEBUG            PET1 ESMCI_CompTunnel.C:872 ESMCI::CompTunnel::dual2actual() dual2actual() socketBased (actual side)...
20220912 032631.162 DEBUG            PET1 ESMCI_CompTunnel.C:1122 ESMCI::ServiceLoop() ServiceLoop: received method: RunIC and phase: 1
20220912 032631.163 INFO             PET1 Actual Component Run
20220912 032631.163 DEBUG            PET1 ESMCI_CompTunnel.C:957 ESMCI::CompTunnel::actual2dual() actual2dual() socketBased (actual side)...
20220912 032631.163 DEBUG            PET1 ESMCI_CompTunnel.C:872 ESMCI::CompTunnel::dual2actual() dual2actual() socketBased (actual side)...
20220912 032631.163 DEBUG            PET1 ESMCI_CompTunnel.C:872 ESMCI::CompTunnel::dual2actual() dual2actual() socketBased (actual side)...
20220912 032631.206 DEBUG            PET1 ESMCI_CompTunnel.C:1122 ESMCI::ServiceLoop() ServiceLoop: received method: None and phase: 1
20220912 032631.206 DEBUG            PET1 ESMCI_CompTunnel.C:957 ESMCI::CompTunnel::actual2dual() actual2dual() socketBased (actual side)...
20220912 032631.206 DEBUG            PET1 ESMCI_CompTunnel.C:1153 ESMCI::ServiceLoop() ServiceLoop: exiting
20220912 032631.207 INFO             PET1  NUMBER_OF_PROCESSORS           6
20220912 032631.207 INFO             PET1  PASS  Example ESMF_CompTunnelEx, ESMF_CompTunnelEx.F90, line 549
20220912 032631.207 INFO             PET1 Finalizing ESMF
20220912 032628.889 INFO             PET2 !!!!!!!!!!!!!!!!!!!!!!!!!!!!!!!!!!!!!!!!!!!!!!!!!!!!!!
20220912 032628.889 INFO             PET2 !!! THE ESMF_LOG IS SET TO OUTPUT ALL LOG MESSAGES !!!
20220912 032628.889 INFO             PET2 !!!     THIS MAY CAUSE SLOWDOWN IN PERFORMANCE     !!!
20220912 032628.889 INFO             PET2 !!! FOR PRODUCTION RUNS, USE:                      !!!
20220912 032628.889 INFO             PET2 !!!                   ESMF_LOGKIND_Multi_On_Error  !!!
20220912 032628.889 INFO             PET2 !!!!!!!!!!!!!!!!!!!!!!!!!!!!!!!!!!!!!!!!!!!!!!!!!!!!!!
20220912 032628.889 INFO             PET2 Running with ESMF Version   : v8.4.0b12-4-g371b6fcbcf
20220912 032628.889 INFO             PET2 ESMF library build date/time: "Sep 12 2022" "02:47:39"
20220912 032628.889 INFO             PET2 ESMF library build location : /glade/scratch/dunlap/esmf-testing/gfortran_9.1.0_openmpi_g_develop/esmf
20220912 032628.889 INFO             PET2 ESMF_COMM                   : openmpi
20220912 032628.889 INFO             PET2 ESMF_MOAB                   : enabled
20220912 032628.889 INFO             PET2 ESMF_LAPACK                 : enabled
20220912 032628.889 INFO             PET2 ESMF_NETCDF                 : enabled
20220912 032628.889 INFO             PET2 ESMF_PNETCDF                : disabled
20220912 032628.889 INFO             PET2 ESMF_PIO                    : enabled
20220912 032628.889 INFO             PET2 ESMF_YAMLCPP                : enabled
20220912 032628.893 DEBUG            PET2 ESMCI_CompTunnel.C:1063 ESMCI::ServiceLoop() ServiceLoop: entering with port argument: 61010 and timeout: 20
20220912 032630.895 DEBUG            PET2 ESMCI_CompTunnel.C:476 ESMCI::CompTunnel::negotiate() finished socketBased negotiate() on actual component side
20220912 032630.895 DEBUG            PET2 ESMCI_CompTunnel.C:872 ESMCI::CompTunnel::dual2actual() dual2actual() socketBased (actual side)...
20220912 032630.895 DEBUG            PET2 ESMCI_CompTunnel.C:872 ESMCI::CompTunnel::dual2actual() dual2actual() socketBased (actual side)...
20220912 032630.942 DEBUG            PET2 ESMCI_CompTunnel.C:1122 ESMCI::ServiceLoop() ServiceLoop: received method: InitializeIC and phase: 1
20220912 032630.942 INFO             PET2 Actual Component Initialize
20220912 032630.942 DEBUG            PET2 ESMCI_CompTunnel.C:957 ESMCI::CompTunnel::actual2dual() actual2dual() socketBased (actual side)...
20220912 032630.943 DEBUG            PET2 ESMCI_CompTunnel.C:872 ESMCI::CompTunnel::dual2actual() dual2actual() socketBased (actual side)...
20220912 032630.943 DEBUG            PET2 ESMCI_CompTunnel.C:872 ESMCI::CompTunnel::dual2actual() dual2actual() socketBased (actual side)...
20220912 032630.986 DEBUG            PET2 ESMCI_CompTunnel.C:1122 ESMCI::ServiceLoop() ServiceLoop: received method: RunIC and phase: 1
20220912 032630.987 INFO             PET2 Actual Component Run
20220912 032630.987 DEBUG            PET2 ESMCI_CompTunnel.C:957 ESMCI::CompTunnel::actual2dual() actual2dual() socketBased (actual side)...
20220912 032630.987 DEBUG            PET2 ESMCI_CompTunnel.C:872 ESMCI::CompTunnel::dual2actual() dual2actual() socketBased (actual side)...
20220912 032630.987 DEBUG            PET2 ESMCI_CompTunnel.C:872 ESMCI::CompTunnel::dual2actual() dual2actual() socketBased (actual side)...
20220912 032631.030 DEBUG            PET2 ESMCI_CompTunnel.C:1122 ESMCI::ServiceLoop() ServiceLoop: received method: FinalizeIC and phase: 1
20220912 032631.030 INFO             PET2 Actual Component Finalize
20220912 032631.030 DEBUG            PET2 ESMCI_CompTunnel.C:957 ESMCI::CompTunnel::actual2dual() actual2dual() socketBased (actual side)...
20220912 032631.030 DEBUG            PET2 ESMCI_CompTunnel.C:872 ESMCI::CompTunnel::dual2actual() dual2actual() socketBased (actual side)...
20220912 032631.031 DEBUG            PET2 ESMCI_CompTunnel.C:872 ESMCI::CompTunnel::dual2actual() dual2actual() socketBased (actual side)...
20220912 032631.074 DEBUG            PET2 ESMCI_CompTunnel.C:1122 ESMCI::ServiceLoop() ServiceLoop: received method: InitializeIC and phase: 1
20220912 032631.076 INFO             PET2 Actual Component Initialize
20220912 032631.076 DEBUG            PET2 ESMCI_CompTunnel.C:957 ESMCI::CompTunnel::actual2dual() actual2dual() socketBased (actual side)...
20220912 032631.076 DEBUG            PET2 ESMCI_CompTunnel.C:872 ESMCI::CompTunnel::dual2actual() dual2actual() socketBased (actual side)...
20220912 032631.076 DEBUG            PET2 ESMCI_CompTunnel.C:872 ESMCI::CompTunnel::dual2actual() dual2actual() socketBased (actual side)...
20220912 032631.118 DEBUG            PET2 ESMCI_CompTunnel.C:1122 ESMCI::ServiceLoop() ServiceLoop: received method: InitializeIC and phase: 1
20220912 032631.118 INFO             PET2 Actual Component Initialize
20220912 032631.118 DEBUG            PET2 ESMCI_CompTunnel.C:957 ESMCI::CompTunnel::actual2dual() actual2dual() socketBased (actual side)...
20220912 032631.118 DEBUG            PET2 ESMCI_CompTunnel.C:872 ESMCI::CompTunnel::dual2actual() dual2actual() socketBased (actual side)...
20220912 032631.119 DEBUG            PET2 ESMCI_CompTunnel.C:872 ESMCI::CompTunnel::dual2actual() dual2actual() socketBased (actual side)...
20220912 032631.162 DEBUG            PET2 ESMCI_CompTunnel.C:1122 ESMCI::ServiceLoop() ServiceLoop: received method: RunIC and phase: 1
20220912 032631.163 INFO             PET2 Actual Component Run
20220912 032631.163 DEBUG            PET2 ESMCI_CompTunnel.C:957 ESMCI::CompTunnel::actual2dual() actual2dual() socketBased (actual side)...
20220912 032631.163 DEBUG            PET2 ESMCI_CompTunnel.C:872 ESMCI::CompTunnel::dual2actual() dual2actual() socketBased (actual side)...
20220912 032631.163 DEBUG            PET2 ESMCI_CompTunnel.C:872 ESMCI::CompTunnel::dual2actual() dual2actual() socketBased (actual side)...
20220912 032631.206 DEBUG            PET2 ESMCI_CompTunnel.C:1122 ESMCI::ServiceLoop() ServiceLoop: received method: None and phase: 1
20220912 032631.206 DEBUG            PET2 ESMCI_CompTunnel.C:957 ESMCI::CompTunnel::actual2dual() actual2dual() socketBased (actual side)...
20220912 032631.206 DEBUG            PET2 ESMCI_CompTunnel.C:1153 ESMCI::ServiceLoop() ServiceLoop: exiting
20220912 032631.207 INFO             PET2  NUMBER_OF_PROCESSORS           6
20220912 032631.207 INFO             PET2  PASS  Example ESMF_CompTunnelEx, ESMF_CompTunnelEx.F90, line 549
20220912 032631.207 INFO             PET2 Finalizing ESMF
20220912 032628.889 INFO             PET3 !!!!!!!!!!!!!!!!!!!!!!!!!!!!!!!!!!!!!!!!!!!!!!!!!!!!!!
20220912 032628.889 INFO             PET3 !!! THE ESMF_LOG IS SET TO OUTPUT ALL LOG MESSAGES !!!
20220912 032628.889 INFO             PET3 !!!     THIS MAY CAUSE SLOWDOWN IN PERFORMANCE     !!!
20220912 032628.889 INFO             PET3 !!! FOR PRODUCTION RUNS, USE:                      !!!
20220912 032628.889 INFO             PET3 !!!                   ESMF_LOGKIND_Multi_On_Error  !!!
20220912 032628.889 INFO             PET3 !!!!!!!!!!!!!!!!!!!!!!!!!!!!!!!!!!!!!!!!!!!!!!!!!!!!!!
20220912 032628.889 INFO             PET3 Running with ESMF Version   : v8.4.0b12-4-g371b6fcbcf
20220912 032628.889 INFO             PET3 ESMF library build date/time: "Sep 12 2022" "02:47:39"
20220912 032628.889 INFO             PET3 ESMF library build location : /glade/scratch/dunlap/esmf-testing/gfortran_9.1.0_openmpi_g_develop/esmf
20220912 032628.889 INFO             PET3 ESMF_COMM                   : openmpi
20220912 032628.889 INFO             PET3 ESMF_MOAB                   : enabled
20220912 032628.889 INFO             PET3 ESMF_LAPACK                 : enabled
20220912 032628.889 INFO             PET3 ESMF_NETCDF                 : enabled
20220912 032628.889 INFO             PET3 ESMF_PNETCDF                : disabled
20220912 032628.889 INFO             PET3 ESMF_PIO                    : enabled
20220912 032628.889 INFO             PET3 ESMF_YAMLCPP                : enabled
20220912 032628.893 DEBUG            PET3 ESMCI_CompTunnel.C:1063 ESMCI::ServiceLoop() ServiceLoop: entering with port argument: 61011 and timeout: 2
20220912 032628.893 DEBUG            PET3 ESMCI_CompTunnel.C:345 ESMCI::CompTunnel::negotiate() negotiate socketBased actual: port=61011, timeout=2
20220912 032630.893 ERROR            PET3 ESMCI_CompTunnel.C:354 ESMCI::CompTunnel::negotiate() Timeout reached  - - No client connected, time out!
20220912 032630.893 ERROR            PET3 ESMCI_CompTunnel.C:1099 ESMCI::ServiceLoop() Timeout reached  - Internal subroutine call returned Error
20220912 032630.894 DEBUG            PET3 ESMCI_CompTunnel.C:577 ESMCI::CompTunnel::negotiate() finished socketBased negotiate() on dual component side
20220912 032630.895 DEBUG            PET3 ESMCI_CompTunnel.C:841 ESMCI::CompTunnel::dual2actual() dual2actual() socketBased (dual side)...
20220912 032630.895 DEBUG            PET3 ESMCI_CompTunnel.C:841 ESMCI::CompTunnel::dual2actual() dual2actual() socketBased (dual side)...
20220912 032630.895 DEBUG            PET3 ESMCI_CompTunnel.C:988 ESMCI::CompTunnel::actual2dual() actual2dual() socketBased (dual side)...
20220912 032630.943 DEBUG            PET3 ESMCI_CompTunnel.C:841 ESMCI::CompTunnel::dual2actual() dual2actual() socketBased (dual side)...
20220912 032630.943 DEBUG            PET3 ESMCI_CompTunnel.C:841 ESMCI::CompTunnel::dual2actual() dual2actual() socketBased (dual side)...
20220912 032630.943 DEBUG            PET3 ESMCI_CompTunnel.C:988 ESMCI::CompTunnel::actual2dual() actual2dual() socketBased (dual side)...
20220912 032630.987 DEBUG            PET3 ESMCI_CompTunnel.C:841 ESMCI::CompTunnel::dual2actual() dual2actual() socketBased (dual side)...
20220912 032630.987 DEBUG            PET3 ESMCI_CompTunnel.C:841 ESMCI::CompTunnel::dual2actual() dual2actual() socketBased (dual side)...
20220912 032630.987 DEBUG            PET3 ESMCI_CompTunnel.C:988 ESMCI::CompTunnel::actual2dual() actual2dual() socketBased (dual side)...
20220912 032631.031 DEBUG            PET3 ESMCI_CompTunnel.C:841 ESMCI::CompTunnel::dual2actual() dual2actual() socketBased (dual side)...
20220912 032631.031 DEBUG            PET3 ESMCI_CompTunnel.C:841 ESMCI::CompTunnel::dual2actual() dual2actual() socketBased (dual side)...
20220912 032631.031 DEBUG            PET3 ESMCI_CompTunnel.C:988 ESMCI::CompTunnel::actual2dual() actual2dual() socketBased (dual side)...
20220912 032631.075 DEBUG            PET3 ESMCI_CompTunnel.C:841 ESMCI::CompTunnel::dual2actual() dual2actual() socketBased (dual side)...
20220912 032631.075 DEBUG            PET3 ESMCI_CompTunnel.C:841 ESMCI::CompTunnel::dual2actual() dual2actual() socketBased (dual side)...
20220912 032631.075 DEBUG            PET3 ESMCI_CompTunnel.C:988 ESMCI::CompTunnel::actual2dual() actual2dual() socketBased (dual side)...
20220912 032631.119 DEBUG            PET3 ESMCI_CompTunnel.C:841 ESMCI::CompTunnel::dual2actual() dual2actual() socketBased (dual side)...
20220912 032631.119 DEBUG            PET3 ESMCI_CompTunnel.C:841 ESMCI::CompTunnel::dual2actual() dual2actual() socketBased (dual side)...
20220912 032631.119 DEBUG            PET3 ESMCI_CompTunnel.C:988 ESMCI::CompTunnel::actual2dual() actual2dual() socketBased (dual side)...
20220912 032631.163 DEBUG            PET3 ESMCI_CompTunnel.C:841 ESMCI::CompTunnel::dual2actual() dual2actual() socketBased (dual side)...
20220912 032631.164 DEBUG            PET3 ESMCI_CompTunnel.C:841 ESMCI::CompTunnel::dual2actual() dual2actual() socketBased (dual side)...
20220912 032631.164 DEBUG            PET3 ESMCI_CompTunnel.C:988 ESMCI::CompTunnel::actual2dual() actual2dual() socketBased (dual side)...
20220912 032631.207 INFO             PET3  NUMBER_OF_PROCESSORS           6
20220912 032631.207 INFO             PET3  PASS  Example ESMF_CompTunnelEx, ESMF_CompTunnelEx.F90, line 549
20220912 032631.207 INFO             PET3 Finalizing ESMF
20220912 032628.890 INFO             PET4 !!!!!!!!!!!!!!!!!!!!!!!!!!!!!!!!!!!!!!!!!!!!!!!!!!!!!!
20220912 032628.890 INFO             PET4 !!! THE ESMF_LOG IS SET TO OUTPUT ALL LOG MESSAGES !!!
20220912 032628.890 INFO             PET4 !!!     THIS MAY CAUSE SLOWDOWN IN PERFORMANCE     !!!
20220912 032628.890 INFO             PET4 !!! FOR PRODUCTION RUNS, USE:                      !!!
20220912 032628.890 INFO             PET4 !!!                   ESMF_LOGKIND_Multi_On_Error  !!!
20220912 032628.890 INFO             PET4 !!!!!!!!!!!!!!!!!!!!!!!!!!!!!!!!!!!!!!!!!!!!!!!!!!!!!!
20220912 032628.890 INFO             PET4 Running with ESMF Version   : v8.4.0b12-4-g371b6fcbcf
20220912 032628.890 INFO             PET4 ESMF library build date/time: "Sep 12 2022" "02:47:39"
20220912 032628.890 INFO             PET4 ESMF library build location : /glade/scratch/dunlap/esmf-testing/gfortran_9.1.0_openmpi_g_develop/esmf
20220912 032628.890 INFO             PET4 ESMF_COMM                   : openmpi
20220912 032628.890 INFO             PET4 ESMF_MOAB                   : enabled
20220912 032628.890 INFO             PET4 ESMF_LAPACK                 : enabled
20220912 032628.890 INFO             PET4 ESMF_NETCDF                 : enabled
20220912 032628.890 INFO             PET4 ESMF_PNETCDF                : disabled
20220912 032628.890 INFO             PET4 ESMF_PIO                    : enabled
20220912 032628.890 INFO             PET4 ESMF_YAMLCPP                : enabled
20220912 032628.893 DEBUG            PET4 ESMCI_CompTunnel.C:1063 ESMCI::ServiceLoop() ServiceLoop: entering with port argument: 61011 and timeout: 2
20220912 032630.893 ERROR            PET4 ESMCI_CompTunnel.C:1099 ESMCI::ServiceLoop() Timeout reached  - Internal subroutine call returned Error
20220912 032630.893 DEBUG            PET4 ESMCI_CompTunnel.C:483 ESMCI::CompTunnel::negotiate() negotiate socketBased dual: port=61010, timeout=10
20220912 032630.894 DEBUG            PET4 ESMCI_CompTunnel.C:577 ESMCI::CompTunnel::negotiate() finished socketBased negotiate() on dual component side
20220912 032630.895 DEBUG            PET4 ESMCI_CompTunnel.C:841 ESMCI::CompTunnel::dual2actual() dual2actual() socketBased (dual side)...
20220912 032630.895 DEBUG            PET4 ESMCI_CompTunnel.C:841 ESMCI::CompTunnel::dual2actual() dual2actual() socketBased (dual side)...
20220912 032630.895 DEBUG            PET4 ESMCI_CompTunnel.C:988 ESMCI::CompTunnel::actual2dual() actual2dual() socketBased (dual side)...
20220912 032630.943 DEBUG            PET4 ESMCI_CompTunnel.C:841 ESMCI::CompTunnel::dual2actual() dual2actual() socketBased (dual side)...
20220912 032630.943 DEBUG            PET4 ESMCI_CompTunnel.C:841 ESMCI::CompTunnel::dual2actual() dual2actual() socketBased (dual side)...
20220912 032630.943 DEBUG            PET4 ESMCI_CompTunnel.C:988 ESMCI::CompTunnel::actual2dual() actual2dual() socketBased (dual side)...
20220912 032630.987 DEBUG            PET4 ESMCI_CompTunnel.C:841 ESMCI::CompTunnel::dual2actual() dual2actual() socketBased (dual side)...
20220912 032630.987 DEBUG            PET4 ESMCI_CompTunnel.C:841 ESMCI::CompTunnel::dual2actual() dual2actual() socketBased (dual side)...
20220912 032630.987 DEBUG            PET4 ESMCI_CompTunnel.C:988 ESMCI::CompTunnel::actual2dual() actual2dual() socketBased (dual side)...
20220912 032631.031 DEBUG            PET4 ESMCI_CompTunnel.C:841 ESMCI::CompTunnel::dual2actual() dual2actual() socketBased (dual side)...
20220912 032631.031 DEBUG            PET4 ESMCI_CompTunnel.C:841 ESMCI::CompTunnel::dual2actual() dual2actual() socketBased (dual side)...
20220912 032631.031 DEBUG            PET4 ESMCI_CompTunnel.C:988 ESMCI::CompTunnel::actual2dual() actual2dual() socketBased (dual side)...
20220912 032631.075 DEBUG            PET4 ESMCI_CompTunnel.C:841 ESMCI::CompTunnel::dual2actual() dual2actual() socketBased (dual side)...
20220912 032631.075 DEBUG            PET4 ESMCI_CompTunnel.C:841 ESMCI::CompTunnel::dual2actual() dual2actual() socketBased (dual side)...
20220912 032631.075 DEBUG            PET4 ESMCI_CompTunnel.C:988 ESMCI::CompTunnel::actual2dual() actual2dual() socketBased (dual side)...
20220912 032631.119 DEBUG            PET4 ESMCI_CompTunnel.C:841 ESMCI::CompTunnel::dual2actual() dual2actual() socketBased (dual side)...
20220912 032631.119 DEBUG            PET4 ESMCI_CompTunnel.C:841 ESMCI::CompTunnel::dual2actual() dual2actual() socketBased (dual side)...
20220912 032631.119 DEBUG            PET4 ESMCI_CompTunnel.C:988 ESMCI::CompTunnel::actual2dual() actual2dual() socketBased (dual side)...
20220912 032631.163 DEBUG            PET4 ESMCI_CompTunnel.C:841 ESMCI::CompTunnel::dual2actual() dual2actual() socketBased (dual side)...
20220912 032631.163 DEBUG            PET4 ESMCI_CompTunnel.C:841 ESMCI::CompTunnel::dual2actual() dual2actual() socketBased (dual side)...
20220912 032631.163 DEBUG            PET4 ESMCI_CompTunnel.C:988 ESMCI::CompTunnel::actual2dual() actual2dual() socketBased (dual side)...
20220912 032631.207 INFO             PET4  NUMBER_OF_PROCESSORS           6
20220912 032631.207 INFO             PET4  PASS  Example ESMF_CompTunnelEx, ESMF_CompTunnelEx.F90, line 549
20220912 032631.207 INFO             PET4 Finalizing ESMF
20220912 032628.891 INFO             PET5 !!!!!!!!!!!!!!!!!!!!!!!!!!!!!!!!!!!!!!!!!!!!!!!!!!!!!!
20220912 032628.891 INFO             PET5 !!! THE ESMF_LOG IS SET TO OUTPUT ALL LOG MESSAGES !!!
20220912 032628.891 INFO             PET5 !!!     THIS MAY CAUSE SLOWDOWN IN PERFORMANCE     !!!
20220912 032628.891 INFO             PET5 !!! FOR PRODUCTION RUNS, USE:                      !!!
20220912 032628.891 INFO             PET5 !!!                   ESMF_LOGKIND_Multi_On_Error  !!!
20220912 032628.891 INFO             PET5 !!!!!!!!!!!!!!!!!!!!!!!!!!!!!!!!!!!!!!!!!!!!!!!!!!!!!!
20220912 032628.891 INFO             PET5 Running with ESMF Version   : v8.4.0b12-4-g371b6fcbcf
20220912 032628.891 INFO             PET5 ESMF library build date/time: "Sep 12 2022" "02:47:39"
20220912 032628.891 INFO             PET5 ESMF library build location : /glade/scratch/dunlap/esmf-testing/gfortran_9.1.0_openmpi_g_develop/esmf
20220912 032628.891 INFO             PET5 ESMF_COMM                   : openmpi
20220912 032628.892 INFO             PET5 ESMF_MOAB                   : enabled
20220912 032628.892 INFO             PET5 ESMF_LAPACK                 : enabled
20220912 032628.892 INFO             PET5 ESMF_NETCDF                 : enabled
20220912 032628.892 INFO             PET5 ESMF_PNETCDF                : disabled
20220912 032628.892 INFO             PET5 ESMF_PIO                    : enabled
20220912 032628.892 INFO             PET5 ESMF_YAMLCPP                : enabled
20220912 032628.893 DEBUG            PET5 ESMCI_CompTunnel.C:1063 ESMCI::ServiceLoop() ServiceLoop: entering with port argument: 61011 and timeout: 2
20220912 032630.893 ERROR            PET5 ESMCI_CompTunnel.C:1099 ESMCI::ServiceLoop() Timeout reached  - Internal subroutine call returned Error
20220912 032630.894 DEBUG            PET5 ESMCI_CompTunnel.C:577 ESMCI::CompTunnel::negotiate() finished socketBased negotiate() on dual component side
20220912 032630.895 DEBUG            PET5 ESMCI_CompTunnel.C:841 ESMCI::CompTunnel::dual2actual() dual2actual() socketBased (dual side)...
20220912 032630.895 DEBUG            PET5 ESMCI_CompTunnel.C:841 ESMCI::CompTunnel::dual2actual() dual2actual() socketBased (dual side)...
20220912 032630.895 DEBUG            PET5 ESMCI_CompTunnel.C:988 ESMCI::CompTunnel::actual2dual() actual2dual() socketBased (dual side)...
20220912 032630.943 DEBUG            PET5 ESMCI_CompTunnel.C:841 ESMCI::CompTunnel::dual2actual() dual2actual() socketBased (dual side)...
20220912 032630.943 DEBUG            PET5 ESMCI_CompTunnel.C:841 ESMCI::CompTunnel::dual2actual() dual2actual() socketBased (dual side)...
20220912 032630.943 DEBUG            PET5 ESMCI_CompTunnel.C:988 ESMCI::CompTunnel::actual2dual() actual2dual() socketBased (dual side)...
20220912 032630.987 DEBUG            PET5 ESMCI_CompTunnel.C:841 ESMCI::CompTunnel::dual2actual() dual2actual() socketBased (dual side)...
20220912 032630.987 DEBUG            PET5 ESMCI_CompTunnel.C:841 ESMCI::CompTunnel::dual2actual() dual2actual() socketBased (dual side)...
20220912 032630.987 DEBUG            PET5 ESMCI_CompTunnel.C:988 ESMCI::CompTunnel::actual2dual() actual2dual() socketBased (dual side)...
20220912 032631.031 DEBUG            PET5 ESMCI_CompTunnel.C:841 ESMCI::CompTunnel::dual2actual() dual2actual() socketBased (dual side)...
20220912 032631.031 DEBUG            PET5 ESMCI_CompTunnel.C:841 ESMCI::CompTunnel::dual2actual() dual2actual() socketBased (dual side)...
20220912 032631.031 DEBUG            PET5 ESMCI_CompTunnel.C:988 ESMCI::CompTunnel::actual2dual() actual2dual() socketBased (dual side)...
20220912 032631.075 DEBUG            PET5 ESMCI_CompTunnel.C:841 ESMCI::CompTunnel::dual2actual() dual2actual() socketBased (dual side)...
20220912 032631.075 DEBUG            PET5 ESMCI_CompTunnel.C:841 ESMCI::CompTunnel::dual2actual() dual2actual() socketBased (dual side)...
20220912 032631.075 DEBUG            PET5 ESMCI_CompTunnel.C:988 ESMCI::CompTunnel::actual2dual() actual2dual() socketBased (dual side)...
20220912 032631.119 DEBUG            PET5 ESMCI_CompTunnel.C:841 ESMCI::CompTunnel::dual2actual() dual2actual() socketBased (dual side)...
20220912 032631.119 DEBUG            PET5 ESMCI_CompTunnel.C:841 ESMCI::CompTunnel::dual2actual() dual2actual() socketBased (dual side)...
20220912 032631.119 DEBUG            PET5 ESMCI_CompTunnel.C:988 ESMCI::CompTunnel::actual2dual() actual2dual() socketBased (dual side)...
20220912 032631.163 DEBUG            PET5 ESMCI_CompTunnel.C:841 ESMCI::CompTunnel::dual2actual() dual2actual() socketBased (dual side)...
20220912 032631.165 DEBUG            PET5 ESMCI_CompTunnel.C:841 ESMCI::CompTunnel::dual2actual() dual2actual() socketBased (dual side)...
20220912 032631.165 DEBUG            PET5 ESMCI_CompTunnel.C:988 ESMCI::CompTunnel::actual2dual() actual2dual() socketBased (dual side)...
20220912 032631.207 INFO             PET5  NUMBER_OF_PROCESSORS           6
20220912 032631.207 INFO             PET5  PASS  Example ESMF_CompTunnelEx, ESMF_CompTunnelEx.F90, line 549
20220912 032631.207 INFO             PET5 Finalizing ESMF
