2022-09-07 09:36:26
20220907 102907.935 INFO             PET0 !!!!!!!!!!!!!!!!!!!!!!!!!!!!!!!!!!!!!!!!!!!!!!!!!!!!!!
20220907 102907.935 INFO             PET0 !!! THE ESMF_LOG IS SET TO OUTPUT ALL LOG MESSAGES !!!
20220907 102907.935 INFO             PET0 !!!     THIS MAY CAUSE SLOWDOWN IN PERFORMANCE     !!!
20220907 102907.935 INFO             PET0 !!! FOR PRODUCTION RUNS, USE:                      !!!
20220907 102907.935 INFO             PET0 !!!                   ESMF_LOGKIND_Multi_On_Error  !!!
20220907 102907.935 INFO             PET0 !!!!!!!!!!!!!!!!!!!!!!!!!!!!!!!!!!!!!!!!!!!!!!!!!!!!!!
20220907 102907.935 INFO             PET0 Running with ESMF Version   : v8.3.1b05
20220907 102907.935 INFO             PET0 ESMF library build date/time: "Sep  7 2022" "09:33:23"
20220907 102907.935 INFO             PET0 ESMF library build location : /glade/scratch/dunlap/esmf-testing/nvhpc_21.11_openmpi_O_patch_8.3.1/esmf
20220907 102907.935 INFO             PET0 ESMF_COMM                   : openmpi
20220907 102907.935 INFO             PET0 ESMF_MOAB                   : enabled
20220907 102907.935 INFO             PET0 ESMF_LAPACK                 : enabled
20220907 102907.935 INFO             PET0 ESMF_NETCDF                 : enabled
20220907 102907.935 INFO             PET0 ESMF_PNETCDF                : disabled
20220907 102907.935 INFO             PET0 ESMF_PIO                    : enabled
20220907 102907.935 INFO             PET0 ESMF_YAMLCPP                : enabled
20220907 102907.942 INFO             PET0 ESMF_FieldRedistStoreNF(): Just entered routine.
20220907 102907.997 INFO             PET0 ESMF_FieldRedistStoreNF(): Leaving routine.
20220907 102908.001 INFO             PET0  NUMBER_OF_PROCESSORS            4
20220907 102908.001 INFO             PET0  PASS  Example ESMF_RHandleFromRHandleEx, ESMF_RHandleFromRHandleEx.F90, line 660
20220907 102908.001 INFO             PET0 Finalizing ESMF
20220907 102907.934 INFO             PET1 !!!!!!!!!!!!!!!!!!!!!!!!!!!!!!!!!!!!!!!!!!!!!!!!!!!!!!
20220907 102907.934 INFO             PET1 !!! THE ESMF_LOG IS SET TO OUTPUT ALL LOG MESSAGES !!!
20220907 102907.934 INFO             PET1 !!!     THIS MAY CAUSE SLOWDOWN IN PERFORMANCE     !!!
20220907 102907.934 INFO             PET1 !!! FOR PRODUCTION RUNS, USE:                      !!!
20220907 102907.934 INFO             PET1 !!!                   ESMF_LOGKIND_Multi_On_Error  !!!
20220907 102907.934 INFO             PET1 !!!!!!!!!!!!!!!!!!!!!!!!!!!!!!!!!!!!!!!!!!!!!!!!!!!!!!
20220907 102907.934 INFO             PET1 Running with ESMF Version   : v8.3.1b05
20220907 102907.934 INFO             PET1 ESMF library build date/time: "Sep  7 2022" "09:33:23"
20220907 102907.934 INFO             PET1 ESMF library build location : /glade/scratch/dunlap/esmf-testing/nvhpc_21.11_openmpi_O_patch_8.3.1/esmf
20220907 102907.934 INFO             PET1 ESMF_COMM                   : openmpi
20220907 102907.935 INFO             PET1 ESMF_MOAB                   : enabled
20220907 102907.935 INFO             PET1 ESMF_LAPACK                 : enabled
20220907 102907.935 INFO             PET1 ESMF_NETCDF                 : enabled
20220907 102907.935 INFO             PET1 ESMF_PNETCDF                : disabled
20220907 102907.935 INFO             PET1 ESMF_PIO                    : enabled
20220907 102907.935 INFO             PET1 ESMF_YAMLCPP                : enabled
20220907 102907.942 INFO             PET1 ESMF_FieldRedistStoreNF(): Just entered routine.
20220907 102907.997 INFO             PET1 ESMF_FieldRedistStoreNF(): Leaving routine.
20220907 102908.001 INFO             PET1  NUMBER_OF_PROCESSORS            4
20220907 102908.001 INFO             PET1  PASS  Example ESMF_RHandleFromRHandleEx, ESMF_RHandleFromRHandleEx.F90, line 660
20220907 102908.001 INFO             PET1 Finalizing ESMF
20220907 102907.936 INFO             PET2 !!!!!!!!!!!!!!!!!!!!!!!!!!!!!!!!!!!!!!!!!!!!!!!!!!!!!!
20220907 102907.936 INFO             PET2 !!! THE ESMF_LOG IS SET TO OUTPUT ALL LOG MESSAGES !!!
20220907 102907.936 INFO             PET2 !!!     THIS MAY CAUSE SLOWDOWN IN PERFORMANCE     !!!
20220907 102907.936 INFO             PET2 !!! FOR PRODUCTION RUNS, USE:                      !!!
20220907 102907.936 INFO             PET2 !!!                   ESMF_LOGKIND_Multi_On_Error  !!!
20220907 102907.936 INFO             PET2 !!!!!!!!!!!!!!!!!!!!!!!!!!!!!!!!!!!!!!!!!!!!!!!!!!!!!!
20220907 102907.936 INFO             PET2 Running with ESMF Version   : v8.3.1b05
20220907 102907.936 INFO             PET2 ESMF library build date/time: "Sep  7 2022" "09:33:23"
20220907 102907.936 INFO             PET2 ESMF library build location : /glade/scratch/dunlap/esmf-testing/nvhpc_21.11_openmpi_O_patch_8.3.1/esmf
20220907 102907.936 INFO             PET2 ESMF_COMM                   : openmpi
20220907 102907.936 INFO             PET2 ESMF_MOAB                   : enabled
20220907 102907.936 INFO             PET2 ESMF_LAPACK                 : enabled
20220907 102907.936 INFO             PET2 ESMF_NETCDF                 : enabled
20220907 102907.936 INFO             PET2 ESMF_PNETCDF                : disabled
20220907 102907.936 INFO             PET2 ESMF_PIO                    : enabled
20220907 102907.936 INFO             PET2 ESMF_YAMLCPP                : enabled
20220907 102907.942 INFO             PET2 ESMF_FieldRedistStoreNF(): Just entered routine.
20220907 102907.997 INFO             PET2 ESMF_FieldRedistStoreNF(): Leaving routine.
20220907 102907.999 INFO             PET2  NUMBER_OF_PROCESSORS            4
20220907 102907.999 INFO             PET2  PASS  Example ESMF_RHandleFromRHandleEx, ESMF_RHandleFromRHandleEx.F90, line 660
20220907 102907.999 INFO             PET2 Finalizing ESMF
20220907 102907.935 INFO             PET3 !!!!!!!!!!!!!!!!!!!!!!!!!!!!!!!!!!!!!!!!!!!!!!!!!!!!!!
20220907 102907.935 INFO             PET3 !!! THE ESMF_LOG IS SET TO OUTPUT ALL LOG MESSAGES !!!
20220907 102907.935 INFO             PET3 !!!     THIS MAY CAUSE SLOWDOWN IN PERFORMANCE     !!!
20220907 102907.935 INFO             PET3 !!! FOR PRODUCTION RUNS, USE:                      !!!
20220907 102907.935 INFO             PET3 !!!                   ESMF_LOGKIND_Multi_On_Error  !!!
20220907 102907.935 INFO             PET3 !!!!!!!!!!!!!!!!!!!!!!!!!!!!!!!!!!!!!!!!!!!!!!!!!!!!!!
20220907 102907.935 INFO             PET3 Running with ESMF Version   : v8.3.1b05
20220907 102907.935 INFO             PET3 ESMF library build date/time: "Sep  7 2022" "09:33:23"
20220907 102907.935 INFO             PET3 ESMF library build location : /glade/scratch/dunlap/esmf-testing/nvhpc_21.11_openmpi_O_patch_8.3.1/esmf
20220907 102907.935 INFO             PET3 ESMF_COMM                   : openmpi
20220907 102907.935 INFO             PET3 ESMF_MOAB                   : enabled
20220907 102907.935 INFO             PET3 ESMF_LAPACK                 : enabled
20220907 102907.935 INFO             PET3 ESMF_NETCDF                 : enabled
20220907 102907.935 INFO             PET3 ESMF_PNETCDF                : disabled
20220907 102907.935 INFO             PET3 ESMF_PIO                    : enabled
20220907 102907.935 INFO             PET3 ESMF_YAMLCPP                : enabled
20220907 102907.942 INFO             PET3 ESMF_FieldRedistStoreNF(): Just entered routine.
20220907 102907.997 INFO             PET3 ESMF_FieldRedistStoreNF(): Leaving routine.
20220907 102908.001 INFO             PET3  NUMBER_OF_PROCESSORS            4
20220907 102908.001 INFO             PET3  PASS  Example ESMF_RHandleFromRHandleEx, ESMF_RHandleFromRHandleEx.F90, line 660
20220907 102908.001 INFO             PET3 Finalizing ESMF
