2022-08-21 04:24:53
20220821 045345.322 INFO             PET0 !!!!!!!!!!!!!!!!!!!!!!!!!!!!!!!!!!!!!!!!!!!!!!!!!!!!!!
20220821 045345.322 INFO             PET0 !!! THE ESMF_LOG IS SET TO OUTPUT ALL LOG MESSAGES !!!
20220821 045345.322 INFO             PET0 !!!     THIS MAY CAUSE SLOWDOWN IN PERFORMANCE     !!!
20220821 045345.322 INFO             PET0 !!! FOR PRODUCTION RUNS, USE:                      !!!
20220821 045345.322 INFO             PET0 !!!                   ESMF_LOGKIND_Multi_On_Error  !!!
20220821 045345.322 INFO             PET0 !!!!!!!!!!!!!!!!!!!!!!!!!!!!!!!!!!!!!!!!!!!!!!!!!!!!!!
20220821 045345.322 INFO             PET0 Running with ESMF Version   : v8.3.1b05
20220821 045345.322 INFO             PET0 ESMF library build date/time: "Aug 21 2022" "04:22:52"
20220821 045345.322 INFO             PET0 ESMF library build location : /glade/scratch/dunlap/esmf-testing/gfortran_10.1.0_openmpi_O_patch_8.3.1/esmf
20220821 045345.322 INFO             PET0 ESMF_COMM                   : openmpi
20220821 045345.323 INFO             PET0 ESMF_MOAB                   : enabled
20220821 045345.323 INFO             PET0 ESMF_LAPACK                 : enabled
20220821 045345.323 INFO             PET0 ESMF_NETCDF                 : enabled
20220821 045345.323 INFO             PET0 ESMF_PNETCDF                : disabled
20220821 045345.323 INFO             PET0 ESMF_PIO                    : enabled
20220821 045345.323 INFO             PET0 ESMF_YAMLCPP                : enabled
20220821 045345.323 INFO             PET0  NUMBER_OF_PROCESSORS           1
20220821 045345.323 INFO             PET0  PASS  Example ESMF_ClockEx, ESMF_ClockEx.F90, line 220
20220821 045345.323 INFO             PET0 Finalizing ESMF
