2022-08-09 01:38:46
20220809 021117.253 INFO             PET0 !!!!!!!!!!!!!!!!!!!!!!!!!!!!!!!!!!!!!!!!!!!!!!!!!!!!!!
20220809 021117.253 INFO             PET0 !!! THE ESMF_LOG IS SET TO OUTPUT ALL LOG MESSAGES !!!
20220809 021117.253 INFO             PET0 !!!     THIS MAY CAUSE SLOWDOWN IN PERFORMANCE     !!!
20220809 021117.253 INFO             PET0 !!! FOR PRODUCTION RUNS, USE:                      !!!
20220809 021117.253 INFO             PET0 !!!                   ESMF_LOGKIND_Multi_On_Error  !!!
20220809 021117.253 INFO             PET0 !!!!!!!!!!!!!!!!!!!!!!!!!!!!!!!!!!!!!!!!!!!!!!!!!!!!!!
20220809 021117.253 INFO             PET0 Running with ESMF Version   : v8.4.0b08-10-gf7d2c1bdf8
20220809 021117.253 INFO             PET0 ESMF library build date/time: "Aug  9 2022" "01:36:33"
20220809 021117.253 INFO             PET0 ESMF library build location : /discover/nobackup/projects/sbu/mpotts/esmf-test/intel_19.1.3_intelmpi_O_develop/esmf
20220809 021117.253 INFO             PET0 ESMF_COMM                   : intelmpi
20220809 021117.254 INFO             PET0 ESMF_MOAB                   : enabled
20220809 021117.254 INFO             PET0 ESMF_LAPACK                 : enabled
20220809 021117.254 INFO             PET0 ESMF_NETCDF                 : enabled
20220809 021117.254 INFO             PET0 ESMF_PNETCDF                : disabled
20220809 021117.254 INFO             PET0 ESMF_PIO                    : enabled
20220809 021117.254 INFO             PET0 ESMF_YAMLCPP                : enabled
20220809 021117.255 INFO             PET0  NUMBER_OF_PROCESSORS           1
20220809 021117.255 INFO             PET0  PASS  Example ESMF_TimeEx, ESMF_TimeEx.F90, line 141
20220809 021117.255 INFO             PET0 Finalizing ESMF
