2022-08-07 02:34:31
20220807 025111.313 INFO             PET0 !!!!!!!!!!!!!!!!!!!!!!!!!!!!!!!!!!!!!!!!!!!!!!!!!!!!!!
20220807 025111.313 INFO             PET0 !!! THE ESMF_LOG IS SET TO OUTPUT ALL LOG MESSAGES !!!
20220807 025111.313 INFO             PET0 !!!     THIS MAY CAUSE SLOWDOWN IN PERFORMANCE     !!!
20220807 025111.313 INFO             PET0 !!! FOR PRODUCTION RUNS, USE:                      !!!
20220807 025111.313 INFO             PET0 !!!                   ESMF_LOGKIND_Multi_On_Error  !!!
20220807 025111.313 INFO             PET0 !!!!!!!!!!!!!!!!!!!!!!!!!!!!!!!!!!!!!!!!!!!!!!!!!!!!!!
20220807 025111.313 INFO             PET0 Running with ESMF Version   : v8.3.0b17-30-g0de4558
20220807 025111.313 INFO             PET0 ESMF library build date/time: "Aug  7 2022" "02:33:30"
20220807 025111.313 INFO             PET0 ESMF library build location : /work/noaa/da/mpotts/sandbox/gfortran_8.3.0_mpiuni_O_feature_large-messages/esmf
20220807 025111.313 INFO             PET0 ESMF_COMM                   : mpiuni
20220807 025111.313 INFO             PET0 ESMF_MOAB                   : enabled
20220807 025111.313 INFO             PET0 ESMF_LAPACK                 : enabled
20220807 025111.313 INFO             PET0 ESMF_NETCDF                 : enabled
20220807 025111.313 INFO             PET0 ESMF_PNETCDF                : disabled
20220807 025111.313 INFO             PET0 ESMF_PIO                    : disabled
20220807 025111.313 INFO             PET0 ESMF_YAMLCPP                : enabled
20220807 025111.314 INFO             PET0  NUMBER_OF_PROCESSORS           1
20220807 025111.314 INFO             PET0  PASS  Example ESMF_StateEx, ESMF_StateEx.F90, line 237
20220807 025111.314 INFO             PET0 Finalizing ESMF
20220807 025111.314 DEBUG            PET0 epochFinal
