2022-09-21 09:44:13
20220921 104716.059 INFO             PET0 !!!!!!!!!!!!!!!!!!!!!!!!!!!!!!!!!!!!!!!!!!!!!!!!!!!!!!
20220921 104716.059 INFO             PET0 !!! THE ESMF_LOG IS SET TO OUTPUT ALL LOG MESSAGES !!!
20220921 104716.059 INFO             PET0 !!!     THIS MAY CAUSE SLOWDOWN IN PERFORMANCE     !!!
20220921 104716.060 INFO             PET0 !!! FOR PRODUCTION RUNS, USE:                      !!!
20220921 104716.060 INFO             PET0 !!!                   ESMF_LOGKIND_Multi_On_Error  !!!
20220921 104716.060 INFO             PET0 !!!!!!!!!!!!!!!!!!!!!!!!!!!!!!!!!!!!!!!!!!!!!!!!!!!!!!
20220921 104716.060 INFO             PET0 Running with ESMF Version   : v8.3.1
20220921 104716.060 INFO             PET0 ESMF library build date/time: "Sep 21 2022" "09:41:04"
20220921 104716.060 INFO             PET0 ESMF library build location : /glade/scratch/dunlap/esmf-testing/nvhpc_21.11_openmpi_g_v8.3.1/esmf
20220921 104716.060 INFO             PET0 ESMF_COMM                   : openmpi
20220921 104716.060 INFO             PET0 ESMF_MOAB                   : enabled
20220921 104716.060 INFO             PET0 ESMF_LAPACK                 : enabled
20220921 104716.060 INFO             PET0 ESMF_NETCDF                 : enabled
20220921 104716.060 INFO             PET0 ESMF_PNETCDF                : disabled
20220921 104716.060 INFO             PET0 ESMF_PIO                    : enabled
20220921 104716.060 INFO             PET0 ESMF_YAMLCPP                : enabled
20220921 104716.061 INFO             PET0 esmApp STARTING
20220921 104716.069 INFO             PET0 esm: InitializeP1 intro.
20220921 104716.070 INFO             PET0   esm: InitializeIPDv02p1 intro.
20220921 104716.070 INFO             PET0     >>>esm: entered Initialize (phase=<none>) without valid internal Clock.
20220921 104716.159 INFO             PET0     esm - Creating state: modelComp 1 Import State
20220921 104716.159 INFO             PET0     esm - Creating state: modelComp 1 Export State
20220921 104716.160 INFO             PET0     esm - Creating state: modelComp 2 Import State
20220921 104716.160 INFO             PET0     esm - Creating state: modelComp 2 Export State
20220921 104716.160 INFO             PET0     esm - Creating state: modelComp 3 Import State
20220921 104716.160 INFO             PET0     esm - Creating state: modelComp 3 Export State
20220921 104716.162 INFO             PET0     ATM: InitializeP0 intro.
20220921 104716.164 INFO             PET0     ATM: InitializeP0 extro.
20220921 104716.168 INFO             PET0     LND: InitializeP0 intro.
20220921 104716.169 INFO             PET0     LND: InitializeP0 extro.
20220921 104716.170 INFO             PET0     ATM-TO-OCN: InitializeP0 intro.
20220921 104716.171 INFO             PET0     ATM-TO-OCN: InitializeP0 extro.
20220921 104716.172 INFO             PET0     ATM-TO-LND: InitializeP0 intro.
20220921 104716.173 INFO             PET0     ATM-TO-LND: InitializeP0 extro.
20220921 104716.174 INFO             PET0     OCN-TO-ATM: InitializeP0 intro.
20220921 104716.174 INFO             PET0     OCN-TO-ATM: InitializeP0 extro.
20220921 104716.175 INFO             PET0     LND-TO-ATM: InitializeP0 intro.
20220921 104716.176 INFO             PET0     LND-TO-ATM: InitializeP0 extro.
20220921 104716.189 INFO             PET0     esm: IInitAdvertise intro.
20220921 104716.189 INFO             PET0     esm: IInitAdvertise extro.
20220921 104716.190 INFO             PET0     ATM: InitializeIPDvXp01 intro.
20220921 104716.194 INFO             PET0     ATM: InitializeIPDvXp01 extro.
20220921 104716.200 INFO             PET0     LND: InitializeIPDvXp01 intro.
20220921 104716.200 INFO             PET0     LND: InitializeIPDvXp01 extro.
20220921 104716.201 INFO             PET0     ATM-TO-OCN: InitializeIPDv05p1 intro.
20220921 104716.210 INFO             PET0     ATM-TO-OCN: InitializeIPDv05p1 extro.
20220921 104716.210 INFO             PET0     ATM-TO-LND: InitializeIPDv05p1 intro.
20220921 104716.215 INFO             PET0     ATM-TO-LND: InitializeIPDv05p1 extro.
20220921 104716.215 INFO             PET0     OCN-TO-ATM: InitializeIPDv05p1 intro.
20220921 104716.219 INFO             PET0     OCN-TO-ATM: InitializeIPDv05p1 extro.
20220921 104716.219 INFO             PET0     LND-TO-ATM: InitializeIPDv05p1 intro.
20220921 104716.223 INFO             PET0     LND-TO-ATM: InitializeIPDv05p1 extro.
20220921 104716.223 INFO             PET0     esm: IInitAdvertiseFinish intro.
20220921 104716.223 INFO             PET0     esm: IInitAdvertiseFinish extro.
20220921 104716.224 INFO             PET0     ATM-TO-OCN: InitializeIPDv05p2a intro.
20220921 104716.229 INFO             PET0     ATM-TO-OCN: InitializeIPDv05p2a extro.
20220921 104716.231 INFO             PET0     ATM-TO-LND: InitializeIPDv05p2a intro.
20220921 104716.236 INFO             PET0     ATM-TO-LND: InitializeIPDv05p2a extro.
20220921 104716.236 INFO             PET0     OCN-TO-ATM: InitializeIPDv05p2a intro.
20220921 104716.240 INFO             PET0     OCN-TO-ATM: InitializeIPDv05p2a extro.
20220921 104716.241 INFO             PET0     LND-TO-ATM: InitializeIPDv05p2a intro.
20220921 104716.244 INFO             PET0     LND-TO-ATM: InitializeIPDv05p2a extro.
20220921 104716.245 INFO             PET0     ATM-TO-OCN: InitializeIPDv05p2b intro.
20220921 104716.250 INFO             PET0     ATM-TO-OCN: InitializeIPDv05p2b extro.
20220921 104716.250 INFO             PET0     ATM-TO-LND: InitializeIPDv05p2b intro.
20220921 104716.255 INFO             PET0     ATM-TO-LND: InitializeIPDv05p2b extro.
20220921 104716.255 INFO             PET0     OCN-TO-ATM: InitializeIPDv05p2b intro.
20220921 104716.259 INFO             PET0     OCN-TO-ATM: InitializeIPDv05p2b extro.
20220921 104716.260 INFO             PET0     LND-TO-ATM: InitializeIPDv05p2b intro.
20220921 104716.263 INFO             PET0     LND-TO-ATM: InitializeIPDv05p2b extro.
20220921 104716.264 INFO             PET0     esm: IInitModifyCplLists intro.
20220921 104716.264 INFO             PET0     esm: IInitModifyCplLists extro.
20220921 104716.264 INFO             PET0     ATM-TO-OCN: InitializeIPDv05p3 intro.
20220921 104716.270 INFO             PET0     ATM-TO-OCN: InitializeIPDv05p3 extro.
20220921 104716.270 INFO             PET0     ATM-TO-LND: InitializeIPDv05p3 intro.
20220921 104716.275 INFO             PET0     ATM-TO-LND: InitializeIPDv05p3 extro.
20220921 104716.275 INFO             PET0     OCN-TO-ATM: InitializeIPDv05p3 intro.
20220921 104716.280 INFO             PET0     OCN-TO-ATM: InitializeIPDv05p3 extro.
20220921 104716.280 INFO             PET0     LND-TO-ATM: InitializeIPDv05p3 intro.
20220921 104716.284 INFO             PET0     LND-TO-ATM: InitializeIPDv05p3 extro.
20220921 104716.284 INFO             PET0     <<<esm: leaving Initialize (phase=<none>) with current time: 2010  6  1  0  0  0   0
20220921 104716.284 INFO             PET0   esm: InitializeIPDv02p1 extro.
20220921 104716.285 INFO             PET0   esm: InitializeIPDv02p3 intro.
20220921 104716.285 INFO             PET0     esm: IInitCheck intro.
20220921 104716.285 INFO             PET0     esm: IInitCheck extro.
20220921 104716.285 INFO             PET0     ATM: InitializeIPDvXp04 intro.
20220921 104716.292 INFO             PET0     ATM: InitializeIPDvXp04 extro.
20220921 104716.300 INFO             PET0     LND: InitializeIPDvXp04 intro.
20220921 104716.300 INFO             PET0     LND: InitializeIPDvXp04 extro.
20220921 104716.301 INFO             PET0     ATM-TO-OCN: InitializeIPDv05p4 intro.
20220921 104716.313 INFO             PET0     ATM-TO-OCN: InitializeIPDv05p4 extro.
20220921 104716.313 INFO             PET0     ATM-TO-LND: InitializeIPDv05p4 intro.
20220921 104716.319 INFO             PET0     ATM-TO-LND: InitializeIPDv05p4 extro.
20220921 104716.319 INFO             PET0     OCN-TO-ATM: InitializeIPDv05p4 intro.
20220921 104716.325 INFO             PET0     OCN-TO-ATM: InitializeIPDv05p4 extro.
20220921 104716.325 INFO             PET0     LND-TO-ATM: InitializeIPDv05p4 intro.
20220921 104716.330 INFO             PET0     LND-TO-ATM: InitializeIPDv05p4 extro.
20220921 104716.330 INFO             PET0     ATM-TO-OCN: InitializeIPDv05p5 intro.
20220921 104716.338 INFO             PET0     ATM-TO-OCN: InitializeIPDv05p5 extro.
20220921 104716.339 INFO             PET0     ATM-TO-LND: InitializeIPDv05p5 intro.
20220921 104716.344 INFO             PET0     ATM-TO-LND: InitializeIPDv05p5 extro.
20220921 104716.345 INFO             PET0     OCN-TO-ATM: InitializeIPDv05p5 intro.
20220921 104716.351 INFO             PET0     OCN-TO-ATM: InitializeIPDv05p5 extro.
20220921 104716.351 INFO             PET0     LND-TO-ATM: InitializeIPDv05p5 intro.
20220921 104716.355 INFO             PET0     LND-TO-ATM: InitializeIPDv05p5 extro.
20220921 104716.356 INFO             PET0     esm: IInitRealize intro.
20220921 104716.356 INFO             PET0     esm: IInitRealize extro.
20220921 104716.356 INFO             PET0     ATM-TO-OCN: InitializeIPDv05p6a intro.
20220921 104716.364 INFO             PET0     ATM-TO-OCN: InitializeIPDv05p6a extro.
20220921 104716.364 INFO             PET0     ATM-TO-LND: InitializeIPDv05p6a intro.
20220921 104716.369 INFO             PET0     ATM-TO-LND: InitializeIPDv05p6a extro.
20220921 104716.370 INFO             PET0     OCN-TO-ATM: InitializeIPDv05p6a intro.
20220921 104716.375 INFO             PET0     OCN-TO-ATM: InitializeIPDv05p6a extro.
20220921 104716.375 INFO             PET0     LND-TO-ATM: InitializeIPDv05p6a intro.
20220921 104716.380 INFO             PET0     LND-TO-ATM: InitializeIPDv05p6a extro.
20220921 104716.380 INFO             PET0     ATM-TO-OCN: InitializeIPDv05p6b intro.
20220921 104716.061 INFO             PET1 !!!!!!!!!!!!!!!!!!!!!!!!!!!!!!!!!!!!!!!!!!!!!!!!!!!!!!
20220921 104716.061 INFO             PET1 !!! THE ESMF_LOG IS SET TO OUTPUT ALL LOG MESSAGES !!!
20220921 104716.061 INFO             PET1 !!!     THIS MAY CAUSE SLOWDOWN IN PERFORMANCE     !!!
20220921 104716.061 INFO             PET1 !!! FOR PRODUCTION RUNS, USE:                      !!!
20220921 104716.061 INFO             PET1 !!!                   ESMF_LOGKIND_Multi_On_Error  !!!
20220921 104716.061 INFO             PET1 !!!!!!!!!!!!!!!!!!!!!!!!!!!!!!!!!!!!!!!!!!!!!!!!!!!!!!
20220921 104716.061 INFO             PET1 Running with ESMF Version   : v8.3.1
20220921 104716.061 INFO             PET1 ESMF library build date/time: "Sep 21 2022" "09:41:04"
20220921 104716.061 INFO             PET1 ESMF library build location : /glade/scratch/dunlap/esmf-testing/nvhpc_21.11_openmpi_g_v8.3.1/esmf
20220921 104716.061 INFO             PET1 ESMF_COMM                   : openmpi
20220921 104716.061 INFO             PET1 ESMF_MOAB                   : enabled
20220921 104716.061 INFO             PET1 ESMF_LAPACK                 : enabled
20220921 104716.061 INFO             PET1 ESMF_NETCDF                 : enabled
20220921 104716.061 INFO             PET1 ESMF_PNETCDF                : disabled
20220921 104716.061 INFO             PET1 ESMF_PIO                    : enabled
20220921 104716.061 INFO             PET1 ESMF_YAMLCPP                : enabled
20220921 104716.061 INFO             PET1 esmApp STARTING
20220921 104716.070 INFO             PET1 esm: InitializeP1 intro.
20220921 104716.070 INFO             PET1   esm: InitializeIPDv02p1 intro.
20220921 104716.070 INFO             PET1     >>>esm: entered Initialize (phase=<none>) without valid internal Clock.
20220921 104716.161 INFO             PET1     esm - Creating state: modelComp 1 Import State
20220921 104716.162 INFO             PET1     esm - Creating state: modelComp 1 Export State
20220921 104716.162 INFO             PET1     esm - Creating state: modelComp 2 Import State
20220921 104716.162 INFO             PET1     esm - Creating state: modelComp 2 Export State
20220921 104716.163 INFO             PET1     esm - Creating state: modelComp 3 Import State
20220921 104716.163 INFO             PET1     esm - Creating state: modelComp 3 Export State
20220921 104716.165 INFO             PET1     ATM: InitializeP0 intro.
20220921 104716.167 INFO             PET1     ATM: InitializeP0 extro.
20220921 104716.172 INFO             PET1     LND: InitializeP0 intro.
20220921 104716.175 INFO             PET1     LND: InitializeP0 extro.
20220921 104716.176 INFO             PET1     ATM-TO-OCN: InitializeP0 intro.
20220921 104716.177 INFO             PET1     ATM-TO-OCN: InitializeP0 extro.
20220921 104716.178 INFO             PET1     ATM-TO-LND: InitializeP0 intro.
20220921 104716.179 INFO             PET1     ATM-TO-LND: InitializeP0 extro.
20220921 104716.180 INFO             PET1     OCN-TO-ATM: InitializeP0 intro.
20220921 104716.181 INFO             PET1     OCN-TO-ATM: InitializeP0 extro.
20220921 104716.182 INFO             PET1     LND-TO-ATM: InitializeP0 intro.
20220921 104716.183 INFO             PET1     LND-TO-ATM: InitializeP0 extro.
20220921 104716.190 INFO             PET1     esm: IInitAdvertise intro.
20220921 104716.190 INFO             PET1     esm: IInitAdvertise extro.
20220921 104716.190 INFO             PET1     ATM: InitializeIPDvXp01 intro.
20220921 104716.196 INFO             PET1     ATM: InitializeIPDvXp01 extro.
20220921 104716.203 INFO             PET1     LND: InitializeIPDvXp01 intro.
20220921 104716.203 INFO             PET1     LND: InitializeIPDvXp01 extro.
20220921 104716.205 INFO             PET1     ATM-TO-OCN: InitializeIPDv05p1 intro.
20220921 104716.210 INFO             PET1     ATM-TO-OCN: InitializeIPDv05p1 extro.
20220921 104716.211 INFO             PET1     ATM-TO-LND: InitializeIPDv05p1 intro.
20220921 104716.215 INFO             PET1     ATM-TO-LND: InitializeIPDv05p1 extro.
20220921 104716.215 INFO             PET1     OCN-TO-ATM: InitializeIPDv05p1 intro.
20220921 104716.219 INFO             PET1     OCN-TO-ATM: InitializeIPDv05p1 extro.
20220921 104716.220 INFO             PET1     LND-TO-ATM: InitializeIPDv05p1 intro.
20220921 104716.223 INFO             PET1     LND-TO-ATM: InitializeIPDv05p1 extro.
20220921 104716.224 INFO             PET1     esm: IInitAdvertiseFinish intro.
20220921 104716.224 INFO             PET1     esm: IInitAdvertiseFinish extro.
20220921 104716.224 INFO             PET1     ATM-TO-OCN: InitializeIPDv05p2a intro.
20220921 104716.229 INFO             PET1     ATM-TO-OCN: InitializeIPDv05p2a extro.
20220921 104716.231 INFO             PET1     ATM-TO-LND: InitializeIPDv05p2a intro.
20220921 104716.236 INFO             PET1     ATM-TO-LND: InitializeIPDv05p2a extro.
20220921 104716.236 INFO             PET1     OCN-TO-ATM: InitializeIPDv05p2a intro.
20220921 104716.241 INFO             PET1     OCN-TO-ATM: InitializeIPDv05p2a extro.
20220921 104716.241 INFO             PET1     LND-TO-ATM: InitializeIPDv05p2a intro.
20220921 104716.245 INFO             PET1     LND-TO-ATM: InitializeIPDv05p2a extro.
20220921 104716.245 INFO             PET1     ATM-TO-OCN: InitializeIPDv05p2b intro.
20220921 104716.250 INFO             PET1     ATM-TO-OCN: InitializeIPDv05p2b extro.
20220921 104716.251 INFO             PET1     ATM-TO-LND: InitializeIPDv05p2b intro.
20220921 104716.255 INFO             PET1     ATM-TO-LND: InitializeIPDv05p2b extro.
20220921 104716.255 INFO             PET1     OCN-TO-ATM: InitializeIPDv05p2b intro.
20220921 104716.260 INFO             PET1     OCN-TO-ATM: InitializeIPDv05p2b extro.
20220921 104716.260 INFO             PET1     LND-TO-ATM: InitializeIPDv05p2b intro.
20220921 104716.264 INFO             PET1     LND-TO-ATM: InitializeIPDv05p2b extro.
20220921 104716.264 INFO             PET1     esm: IInitModifyCplLists intro.
20220921 104716.264 INFO             PET1     esm: IInitModifyCplLists extro.
20220921 104716.265 INFO             PET1     ATM-TO-OCN: InitializeIPDv05p3 intro.
20220921 104716.270 INFO             PET1     ATM-TO-OCN: InitializeIPDv05p3 extro.
20220921 104716.271 INFO             PET1     ATM-TO-LND: InitializeIPDv05p3 intro.
20220921 104716.275 INFO             PET1     ATM-TO-LND: InitializeIPDv05p3 extro.
20220921 104716.275 INFO             PET1     OCN-TO-ATM: InitializeIPDv05p3 intro.
20220921 104716.280 INFO             PET1     OCN-TO-ATM: InitializeIPDv05p3 extro.
20220921 104716.281 INFO             PET1     LND-TO-ATM: InitializeIPDv05p3 intro.
20220921 104716.285 INFO             PET1     LND-TO-ATM: InitializeIPDv05p3 extro.
20220921 104716.285 INFO             PET1     <<<esm: leaving Initialize (phase=<none>) with current time: 2010  6  1  0  0  0   0
20220921 104716.285 INFO             PET1   esm: InitializeIPDv02p1 extro.
20220921 104716.285 INFO             PET1   esm: InitializeIPDv02p3 intro.
20220921 104716.285 INFO             PET1     esm: IInitCheck intro.
20220921 104716.285 INFO             PET1     esm: IInitCheck extro.
20220921 104716.285 INFO             PET1     ATM: InitializeIPDvXp04 intro.
20220921 104716.293 INFO             PET1     ATM: InitializeIPDvXp04 extro.
20220921 104716.303 INFO             PET1     LND: InitializeIPDvXp04 intro.
20220921 104716.303 INFO             PET1     LND: InitializeIPDvXp04 extro.
20220921 104716.305 INFO             PET1     ATM-TO-OCN: InitializeIPDv05p4 intro.
20220921 104716.313 INFO             PET1     ATM-TO-OCN: InitializeIPDv05p4 extro.
20220921 104716.313 INFO             PET1     ATM-TO-LND: InitializeIPDv05p4 intro.
20220921 104716.319 INFO             PET1     ATM-TO-LND: InitializeIPDv05p4 extro.
20220921 104716.319 INFO             PET1     OCN-TO-ATM: InitializeIPDv05p4 intro.
20220921 104716.325 INFO             PET1     OCN-TO-ATM: InitializeIPDv05p4 extro.
20220921 104716.326 INFO             PET1     LND-TO-ATM: InitializeIPDv05p4 intro.
20220921 104716.330 INFO             PET1     LND-TO-ATM: InitializeIPDv05p4 extro.
20220921 104716.331 INFO             PET1     ATM-TO-OCN: InitializeIPDv05p5 intro.
20220921 104716.339 INFO             PET1     ATM-TO-OCN: InitializeIPDv05p5 extro.
20220921 104716.339 INFO             PET1     ATM-TO-LND: InitializeIPDv05p5 intro.
20220921 104716.345 INFO             PET1     ATM-TO-LND: InitializeIPDv05p5 extro.
20220921 104716.345 INFO             PET1     OCN-TO-ATM: InitializeIPDv05p5 intro.
20220921 104716.351 INFO             PET1     OCN-TO-ATM: InitializeIPDv05p5 extro.
20220921 104716.351 INFO             PET1     LND-TO-ATM: InitializeIPDv05p5 intro.
20220921 104716.356 INFO             PET1     LND-TO-ATM: InitializeIPDv05p5 extro.
20220921 104716.356 INFO             PET1     esm: IInitRealize intro.
20220921 104716.356 INFO             PET1     esm: IInitRealize extro.
20220921 104716.356 INFO             PET1     ATM-TO-OCN: InitializeIPDv05p6a intro.
20220921 104716.364 INFO             PET1     ATM-TO-OCN: InitializeIPDv05p6a extro.
20220921 104716.364 INFO             PET1     ATM-TO-LND: InitializeIPDv05p6a intro.
20220921 104716.370 INFO             PET1     ATM-TO-LND: InitializeIPDv05p6a extro.
20220921 104716.370 INFO             PET1     OCN-TO-ATM: InitializeIPDv05p6a intro.
20220921 104716.375 INFO             PET1     OCN-TO-ATM: InitializeIPDv05p6a extro.
20220921 104716.375 INFO             PET1     LND-TO-ATM: InitializeIPDv05p6a intro.
20220921 104716.380 INFO             PET1     LND-TO-ATM: InitializeIPDv05p6a extro.
20220921 104716.380 INFO             PET1     ATM-TO-OCN: InitializeIPDv05p6b intro.
20220921 104716.058 INFO             PET2 !!!!!!!!!!!!!!!!!!!!!!!!!!!!!!!!!!!!!!!!!!!!!!!!!!!!!!
20220921 104716.059 INFO             PET2 !!! THE ESMF_LOG IS SET TO OUTPUT ALL LOG MESSAGES !!!
20220921 104716.059 INFO             PET2 !!!     THIS MAY CAUSE SLOWDOWN IN PERFORMANCE     !!!
20220921 104716.059 INFO             PET2 !!! FOR PRODUCTION RUNS, USE:                      !!!
20220921 104716.059 INFO             PET2 !!!                   ESMF_LOGKIND_Multi_On_Error  !!!
20220921 104716.059 INFO             PET2 !!!!!!!!!!!!!!!!!!!!!!!!!!!!!!!!!!!!!!!!!!!!!!!!!!!!!!
20220921 104716.059 INFO             PET2 Running with ESMF Version   : v8.3.1
20220921 104716.059 INFO             PET2 ESMF library build date/time: "Sep 21 2022" "09:41:04"
20220921 104716.059 INFO             PET2 ESMF library build location : /glade/scratch/dunlap/esmf-testing/nvhpc_21.11_openmpi_g_v8.3.1/esmf
20220921 104716.059 INFO             PET2 ESMF_COMM                   : openmpi
20220921 104716.059 INFO             PET2 ESMF_MOAB                   : enabled
20220921 104716.059 INFO             PET2 ESMF_LAPACK                 : enabled
20220921 104716.059 INFO             PET2 ESMF_NETCDF                 : enabled
20220921 104716.059 INFO             PET2 ESMF_PNETCDF                : disabled
20220921 104716.059 INFO             PET2 ESMF_PIO                    : enabled
20220921 104716.059 INFO             PET2 ESMF_YAMLCPP                : enabled
20220921 104716.061 INFO             PET2 esmApp STARTING
20220921 104716.069 INFO             PET2 esm: InitializeP1 intro.
20220921 104716.070 INFO             PET2   esm: InitializeIPDv02p1 intro.
20220921 104716.070 INFO             PET2     >>>esm: entered Initialize (phase=<none>) without valid internal Clock.
20220921 104716.159 INFO             PET2     esm - Creating state: modelComp 1 Import State
20220921 104716.159 INFO             PET2     esm - Creating state: modelComp 1 Export State
20220921 104716.160 INFO             PET2     esm - Creating state: modelComp 2 Import State
20220921 104716.160 INFO             PET2     esm - Creating state: modelComp 2 Export State
20220921 104716.160 INFO             PET2     esm - Creating state: modelComp 3 Import State
20220921 104716.160 INFO             PET2     esm - Creating state: modelComp 3 Export State
20220921 104716.162 INFO             PET2     ATM: InitializeP0 intro.
20220921 104716.164 INFO             PET2     ATM: InitializeP0 extro.
20220921 104716.168 INFO             PET2     LND: InitializeP0 intro.
20220921 104716.170 INFO             PET2     LND: InitializeP0 extro.
20220921 104716.171 INFO             PET2     ATM-TO-OCN: InitializeP0 intro.
20220921 104716.171 INFO             PET2     ATM-TO-OCN: InitializeP0 extro.
20220921 104716.172 INFO             PET2     ATM-TO-LND: InitializeP0 intro.
20220921 104716.173 INFO             PET2     ATM-TO-LND: InitializeP0 extro.
20220921 104716.174 INFO             PET2     OCN-TO-ATM: InitializeP0 intro.
20220921 104716.175 INFO             PET2     OCN-TO-ATM: InitializeP0 extro.
20220921 104716.176 INFO             PET2     LND-TO-ATM: InitializeP0 intro.
20220921 104716.176 INFO             PET2     LND-TO-ATM: InitializeP0 extro.
20220921 104716.189 INFO             PET2     esm: IInitAdvertise intro.
20220921 104716.189 INFO             PET2     esm: IInitAdvertise extro.
20220921 104716.190 INFO             PET2     ATM: InitializeIPDvXp01 intro.
20220921 104716.194 INFO             PET2     ATM: InitializeIPDvXp01 extro.
20220921 104716.200 INFO             PET2     LND: InitializeIPDvXp01 intro.
20220921 104716.200 INFO             PET2     LND: InitializeIPDvXp01 extro.
20220921 104716.201 INFO             PET2     ATM-TO-OCN: InitializeIPDv05p1 intro.
20220921 104716.210 INFO             PET2     ATM-TO-OCN: InitializeIPDv05p1 extro.
20220921 104716.210 INFO             PET2     ATM-TO-LND: InitializeIPDv05p1 intro.
20220921 104716.215 INFO             PET2     ATM-TO-LND: InitializeIPDv05p1 extro.
20220921 104716.215 INFO             PET2     OCN-TO-ATM: InitializeIPDv05p1 intro.
20220921 104716.219 INFO             PET2     OCN-TO-ATM: InitializeIPDv05p1 extro.
20220921 104716.219 INFO             PET2     LND-TO-ATM: InitializeIPDv05p1 intro.
20220921 104716.223 INFO             PET2     LND-TO-ATM: InitializeIPDv05p1 extro.
20220921 104716.223 INFO             PET2     esm: IInitAdvertiseFinish intro.
20220921 104716.223 INFO             PET2     esm: IInitAdvertiseFinish extro.
20220921 104716.224 INFO             PET2     ATM-TO-OCN: InitializeIPDv05p2a intro.
20220921 104716.229 INFO             PET2     ATM-TO-OCN: InitializeIPDv05p2a extro.
20220921 104716.232 INFO             PET2     ATM-TO-LND: InitializeIPDv05p2a intro.
20220921 104716.236 INFO             PET2     ATM-TO-LND: InitializeIPDv05p2a extro.
20220921 104716.236 INFO             PET2     OCN-TO-ATM: InitializeIPDv05p2a intro.
20220921 104716.240 INFO             PET2     OCN-TO-ATM: InitializeIPDv05p2a extro.
20220921 104716.241 INFO             PET2     LND-TO-ATM: InitializeIPDv05p2a intro.
20220921 104716.244 INFO             PET2     LND-TO-ATM: InitializeIPDv05p2a extro.
20220921 104716.245 INFO             PET2     ATM-TO-OCN: InitializeIPDv05p2b intro.
20220921 104716.250 INFO             PET2     ATM-TO-OCN: InitializeIPDv05p2b extro.
20220921 104716.250 INFO             PET2     ATM-TO-LND: InitializeIPDv05p2b intro.
20220921 104716.255 INFO             PET2     ATM-TO-LND: InitializeIPDv05p2b extro.
20220921 104716.255 INFO             PET2     OCN-TO-ATM: InitializeIPDv05p2b intro.
20220921 104716.259 INFO             PET2     OCN-TO-ATM: InitializeIPDv05p2b extro.
20220921 104716.260 INFO             PET2     LND-TO-ATM: InitializeIPDv05p2b intro.
20220921 104716.263 INFO             PET2     LND-TO-ATM: InitializeIPDv05p2b extro.
20220921 104716.264 INFO             PET2     esm: IInitModifyCplLists intro.
20220921 104716.264 INFO             PET2     esm: IInitModifyCplLists extro.
20220921 104716.264 INFO             PET2     ATM-TO-OCN: InitializeIPDv05p3 intro.
20220921 104716.270 INFO             PET2     ATM-TO-OCN: InitializeIPDv05p3 extro.
20220921 104716.270 INFO             PET2     ATM-TO-LND: InitializeIPDv05p3 intro.
20220921 104716.275 INFO             PET2     ATM-TO-LND: InitializeIPDv05p3 extro.
20220921 104716.275 INFO             PET2     OCN-TO-ATM: InitializeIPDv05p3 intro.
20220921 104716.280 INFO             PET2     OCN-TO-ATM: InitializeIPDv05p3 extro.
20220921 104716.280 INFO             PET2     LND-TO-ATM: InitializeIPDv05p3 intro.
20220921 104716.284 INFO             PET2     LND-TO-ATM: InitializeIPDv05p3 extro.
20220921 104716.284 INFO             PET2     <<<esm: leaving Initialize (phase=<none>) with current time: 2010  6  1  0  0  0   0
20220921 104716.284 INFO             PET2   esm: InitializeIPDv02p1 extro.
20220921 104716.285 INFO             PET2   esm: InitializeIPDv02p3 intro.
20220921 104716.285 INFO             PET2     esm: IInitCheck intro.
20220921 104716.285 INFO             PET2     esm: IInitCheck extro.
20220921 104716.285 INFO             PET2     ATM: InitializeIPDvXp04 intro.
20220921 104716.292 INFO             PET2     ATM: InitializeIPDvXp04 extro.
20220921 104716.300 INFO             PET2     LND: InitializeIPDvXp04 intro.
20220921 104716.300 INFO             PET2     LND: InitializeIPDvXp04 extro.
20220921 104716.301 INFO             PET2     ATM-TO-OCN: InitializeIPDv05p4 intro.
20220921 104716.313 INFO             PET2     ATM-TO-OCN: InitializeIPDv05p4 extro.
20220921 104716.313 INFO             PET2     ATM-TO-LND: InitializeIPDv05p4 intro.
20220921 104716.319 INFO             PET2     ATM-TO-LND: InitializeIPDv05p4 extro.
20220921 104716.319 INFO             PET2     OCN-TO-ATM: InitializeIPDv05p4 intro.
20220921 104716.325 INFO             PET2     OCN-TO-ATM: InitializeIPDv05p4 extro.
20220921 104716.325 INFO             PET2     LND-TO-ATM: InitializeIPDv05p4 intro.
20220921 104716.330 INFO             PET2     LND-TO-ATM: InitializeIPDv05p4 extro.
20220921 104716.330 INFO             PET2     ATM-TO-OCN: InitializeIPDv05p5 intro.
20220921 104716.338 INFO             PET2     ATM-TO-OCN: InitializeIPDv05p5 extro.
20220921 104716.339 INFO             PET2     ATM-TO-LND: InitializeIPDv05p5 intro.
20220921 104716.344 INFO             PET2     ATM-TO-LND: InitializeIPDv05p5 extro.
20220921 104716.345 INFO             PET2     OCN-TO-ATM: InitializeIPDv05p5 intro.
20220921 104716.351 INFO             PET2     OCN-TO-ATM: InitializeIPDv05p5 extro.
20220921 104716.351 INFO             PET2     LND-TO-ATM: InitializeIPDv05p5 intro.
20220921 104716.355 INFO             PET2     LND-TO-ATM: InitializeIPDv05p5 extro.
20220921 104716.356 INFO             PET2     esm: IInitRealize intro.
20220921 104716.356 INFO             PET2     esm: IInitRealize extro.
20220921 104716.356 INFO             PET2     ATM-TO-OCN: InitializeIPDv05p6a intro.
20220921 104716.364 INFO             PET2     ATM-TO-OCN: InitializeIPDv05p6a extro.
20220921 104716.364 INFO             PET2     ATM-TO-LND: InitializeIPDv05p6a intro.
20220921 104716.369 INFO             PET2     ATM-TO-LND: InitializeIPDv05p6a extro.
20220921 104716.370 INFO             PET2     OCN-TO-ATM: InitializeIPDv05p6a intro.
20220921 104716.375 INFO             PET2     OCN-TO-ATM: InitializeIPDv05p6a extro.
20220921 104716.375 INFO             PET2     LND-TO-ATM: InitializeIPDv05p6a intro.
20220921 104716.379 INFO             PET2     LND-TO-ATM: InitializeIPDv05p6a extro.
20220921 104716.380 INFO             PET2     ATM-TO-OCN: InitializeIPDv05p6b intro.
20220921 104716.060 INFO             PET3 !!!!!!!!!!!!!!!!!!!!!!!!!!!!!!!!!!!!!!!!!!!!!!!!!!!!!!
20220921 104716.060 INFO             PET3 !!! THE ESMF_LOG IS SET TO OUTPUT ALL LOG MESSAGES !!!
20220921 104716.060 INFO             PET3 !!!     THIS MAY CAUSE SLOWDOWN IN PERFORMANCE     !!!
20220921 104716.060 INFO             PET3 !!! FOR PRODUCTION RUNS, USE:                      !!!
20220921 104716.060 INFO             PET3 !!!                   ESMF_LOGKIND_Multi_On_Error  !!!
20220921 104716.060 INFO             PET3 !!!!!!!!!!!!!!!!!!!!!!!!!!!!!!!!!!!!!!!!!!!!!!!!!!!!!!
20220921 104716.060 INFO             PET3 Running with ESMF Version   : v8.3.1
20220921 104716.060 INFO             PET3 ESMF library build date/time: "Sep 21 2022" "09:41:04"
20220921 104716.060 INFO             PET3 ESMF library build location : /glade/scratch/dunlap/esmf-testing/nvhpc_21.11_openmpi_g_v8.3.1/esmf
20220921 104716.060 INFO             PET3 ESMF_COMM                   : openmpi
20220921 104716.060 INFO             PET3 ESMF_MOAB                   : enabled
20220921 104716.060 INFO             PET3 ESMF_LAPACK                 : enabled
20220921 104716.060 INFO             PET3 ESMF_NETCDF                 : enabled
20220921 104716.060 INFO             PET3 ESMF_PNETCDF                : disabled
20220921 104716.060 INFO             PET3 ESMF_PIO                    : enabled
20220921 104716.060 INFO             PET3 ESMF_YAMLCPP                : enabled
20220921 104716.061 INFO             PET3 esmApp STARTING
20220921 104716.069 INFO             PET3 esm: InitializeP1 intro.
20220921 104716.070 INFO             PET3   esm: InitializeIPDv02p1 intro.
20220921 104716.070 INFO             PET3     >>>esm: entered Initialize (phase=<none>) without valid internal Clock.
20220921 104716.159 INFO             PET3     esm - Creating state: modelComp 1 Import State
20220921 104716.159 INFO             PET3     esm - Creating state: modelComp 1 Export State
20220921 104716.160 INFO             PET3     esm - Creating state: modelComp 2 Import State
20220921 104716.160 INFO             PET3     esm - Creating state: modelComp 2 Export State
20220921 104716.160 INFO             PET3     esm - Creating state: modelComp 3 Import State
20220921 104716.160 INFO             PET3     esm - Creating state: modelComp 3 Export State
20220921 104716.162 INFO             PET3     ATM: InitializeP0 intro.
20220921 104716.164 INFO             PET3     ATM: InitializeP0 extro.
20220921 104716.172 INFO             PET3     LND: InitializeP0 intro.
20220921 104716.174 INFO             PET3     LND: InitializeP0 extro.
20220921 104716.176 INFO             PET3     ATM-TO-OCN: InitializeP0 intro.
20220921 104716.177 INFO             PET3     ATM-TO-OCN: InitializeP0 extro.
20220921 104716.178 INFO             PET3     ATM-TO-LND: InitializeP0 intro.
20220921 104716.179 INFO             PET3     ATM-TO-LND: InitializeP0 extro.
20220921 104716.180 INFO             PET3     OCN-TO-ATM: InitializeP0 intro.
20220921 104716.181 INFO             PET3     OCN-TO-ATM: InitializeP0 extro.
20220921 104716.182 INFO             PET3     LND-TO-ATM: InitializeP0 intro.
20220921 104716.183 INFO             PET3     LND-TO-ATM: InitializeP0 extro.
20220921 104716.189 INFO             PET3     esm: IInitAdvertise intro.
20220921 104716.189 INFO             PET3     esm: IInitAdvertise extro.
20220921 104716.190 INFO             PET3     ATM: InitializeIPDvXp01 intro.
20220921 104716.194 INFO             PET3     ATM: InitializeIPDvXp01 extro.
20220921 104716.203 INFO             PET3     LND: InitializeIPDvXp01 intro.
20220921 104716.203 INFO             PET3     LND: InitializeIPDvXp01 extro.
20220921 104716.204 INFO             PET3     ATM-TO-OCN: InitializeIPDv05p1 intro.
20220921 104716.210 INFO             PET3     ATM-TO-OCN: InitializeIPDv05p1 extro.
20220921 104716.210 INFO             PET3     ATM-TO-LND: InitializeIPDv05p1 intro.
20220921 104716.215 INFO             PET3     ATM-TO-LND: InitializeIPDv05p1 extro.
20220921 104716.215 INFO             PET3     OCN-TO-ATM: InitializeIPDv05p1 intro.
20220921 104716.219 INFO             PET3     OCN-TO-ATM: InitializeIPDv05p1 extro.
20220921 104716.219 INFO             PET3     LND-TO-ATM: InitializeIPDv05p1 intro.
20220921 104716.223 INFO             PET3     LND-TO-ATM: InitializeIPDv05p1 extro.
20220921 104716.223 INFO             PET3     esm: IInitAdvertiseFinish intro.
20220921 104716.223 INFO             PET3     esm: IInitAdvertiseFinish extro.
20220921 104716.224 INFO             PET3     ATM-TO-OCN: InitializeIPDv05p2a intro.
20220921 104716.229 INFO             PET3     ATM-TO-OCN: InitializeIPDv05p2a extro.
20220921 104716.232 INFO             PET3     ATM-TO-LND: InitializeIPDv05p2a intro.
20220921 104716.236 INFO             PET3     ATM-TO-LND: InitializeIPDv05p2a extro.
20220921 104716.236 INFO             PET3     OCN-TO-ATM: InitializeIPDv05p2a intro.
20220921 104716.240 INFO             PET3     OCN-TO-ATM: InitializeIPDv05p2a extro.
20220921 104716.241 INFO             PET3     LND-TO-ATM: InitializeIPDv05p2a intro.
20220921 104716.244 INFO             PET3     LND-TO-ATM: InitializeIPDv05p2a extro.
20220921 104716.245 INFO             PET3     ATM-TO-OCN: InitializeIPDv05p2b intro.
20220921 104716.250 INFO             PET3     ATM-TO-OCN: InitializeIPDv05p2b extro.
20220921 104716.250 INFO             PET3     ATM-TO-LND: InitializeIPDv05p2b intro.
20220921 104716.255 INFO             PET3     ATM-TO-LND: InitializeIPDv05p2b extro.
20220921 104716.255 INFO             PET3     OCN-TO-ATM: InitializeIPDv05p2b intro.
20220921 104716.259 INFO             PET3     OCN-TO-ATM: InitializeIPDv05p2b extro.
20220921 104716.260 INFO             PET3     LND-TO-ATM: InitializeIPDv05p2b intro.
20220921 104716.263 INFO             PET3     LND-TO-ATM: InitializeIPDv05p2b extro.
20220921 104716.264 INFO             PET3     esm: IInitModifyCplLists intro.
20220921 104716.264 INFO             PET3     esm: IInitModifyCplLists extro.
20220921 104716.264 INFO             PET3     ATM-TO-OCN: InitializeIPDv05p3 intro.
20220921 104716.270 INFO             PET3     ATM-TO-OCN: InitializeIPDv05p3 extro.
20220921 104716.270 INFO             PET3     ATM-TO-LND: InitializeIPDv05p3 intro.
20220921 104716.275 INFO             PET3     ATM-TO-LND: InitializeIPDv05p3 extro.
20220921 104716.275 INFO             PET3     OCN-TO-ATM: InitializeIPDv05p3 intro.
20220921 104716.280 INFO             PET3     OCN-TO-ATM: InitializeIPDv05p3 extro.
20220921 104716.280 INFO             PET3     LND-TO-ATM: InitializeIPDv05p3 intro.
20220921 104716.284 INFO             PET3     LND-TO-ATM: InitializeIPDv05p3 extro.
20220921 104716.284 INFO             PET3     <<<esm: leaving Initialize (phase=<none>) with current time: 2010  6  1  0  0  0   0
20220921 104716.284 INFO             PET3   esm: InitializeIPDv02p1 extro.
20220921 104716.285 INFO             PET3   esm: InitializeIPDv02p3 intro.
20220921 104716.285 INFO             PET3     esm: IInitCheck intro.
20220921 104716.285 INFO             PET3     esm: IInitCheck extro.
20220921 104716.285 INFO             PET3     ATM: InitializeIPDvXp04 intro.
20220921 104716.292 INFO             PET3     ATM: InitializeIPDvXp04 extro.
20220921 104716.303 INFO             PET3     LND: InitializeIPDvXp04 intro.
20220921 104716.303 INFO             PET3     LND: InitializeIPDvXp04 extro.
20220921 104716.305 INFO             PET3     ATM-TO-OCN: InitializeIPDv05p4 intro.
20220921 104716.313 INFO             PET3     ATM-TO-OCN: InitializeIPDv05p4 extro.
20220921 104716.313 INFO             PET3     ATM-TO-LND: InitializeIPDv05p4 intro.
20220921 104716.319 INFO             PET3     ATM-TO-LND: InitializeIPDv05p4 extro.
20220921 104716.319 INFO             PET3     OCN-TO-ATM: InitializeIPDv05p4 intro.
20220921 104716.325 INFO             PET3     OCN-TO-ATM: InitializeIPDv05p4 extro.
20220921 104716.325 INFO             PET3     LND-TO-ATM: InitializeIPDv05p4 intro.
20220921 104716.330 INFO             PET3     LND-TO-ATM: InitializeIPDv05p4 extro.
20220921 104716.330 INFO             PET3     ATM-TO-OCN: InitializeIPDv05p5 intro.
20220921 104716.338 INFO             PET3     ATM-TO-OCN: InitializeIPDv05p5 extro.
20220921 104716.339 INFO             PET3     ATM-TO-LND: InitializeIPDv05p5 intro.
20220921 104716.344 INFO             PET3     ATM-TO-LND: InitializeIPDv05p5 extro.
20220921 104716.345 INFO             PET3     OCN-TO-ATM: InitializeIPDv05p5 intro.
20220921 104716.350 INFO             PET3     OCN-TO-ATM: InitializeIPDv05p5 extro.
20220921 104716.351 INFO             PET3     LND-TO-ATM: InitializeIPDv05p5 intro.
20220921 104716.355 INFO             PET3     LND-TO-ATM: InitializeIPDv05p5 extro.
20220921 104716.356 INFO             PET3     esm: IInitRealize intro.
20220921 104716.356 INFO             PET3     esm: IInitRealize extro.
20220921 104716.356 INFO             PET3     ATM-TO-OCN: InitializeIPDv05p6a intro.
20220921 104716.364 INFO             PET3     ATM-TO-OCN: InitializeIPDv05p6a extro.
20220921 104716.364 INFO             PET3     ATM-TO-LND: InitializeIPDv05p6a intro.
20220921 104716.369 INFO             PET3     ATM-TO-LND: InitializeIPDv05p6a extro.
20220921 104716.370 INFO             PET3     OCN-TO-ATM: InitializeIPDv05p6a intro.
20220921 104716.375 INFO             PET3     OCN-TO-ATM: InitializeIPDv05p6a extro.
20220921 104716.375 INFO             PET3     LND-TO-ATM: InitializeIPDv05p6a intro.
20220921 104716.379 INFO             PET3     LND-TO-ATM: InitializeIPDv05p6a extro.
20220921 104716.380 INFO             PET3     ATM-TO-OCN: InitializeIPDv05p6b intro.
