2022-09-21 09:44:13
[r2i5n26:33633:0:33633] Caught signal 11 (Segmentation fault: address not mapped to object at address 0x4f1b591)
[r2i5n26:33634:0:33634] Caught signal 11 (Segmentation fault: address not mapped to object at address 0x4f1b591)
[r2i5n26:33635:0:33635] Caught signal 11 (Segmentation fault: address not mapped to object at address 0x4f1b591)
[r2i5n26:33632:0:33632] Caught signal 11 (Segmentation fault: address not mapped to object at address 0x4f1b591)
==== backtrace (tid:  33632) ====
 0  /glade/u/apps/ch/opt/ucx/1.11.0/lib/libucs.so.0(ucs_handle_error+0xe4) [0x2ae9061491b4]
 1  /glade/u/apps/ch/opt/ucx/1.11.0/lib/libucs.so.0(+0x2a4dc) [0x2ae9061494dc]
 2  /glade/u/apps/ch/opt/ucx/1.11.0/lib/libucs.so.0(+0x2a74b) [0x2ae90614974b]
 3  /glade/scratch/dunlap/esmf-testing/nvhpc_21.11_openmpi_g_v8.3.1/esmf/DEFAULTINSTALLDIR/lib/libg/Linux.nvhpc.64.openmpi.default/libesmf.so(_ZN5ESMCI6LogErr13MsgFoundErrorEiPKciS2_S2_Pi+0x34) [0x2ae8ec465db4]
 4  /glade/scratch/dunlap/esmf-testing/nvhpc_21.11_openmpi_g_v8.3.1/esmf/DEFAULTINSTALLDIR/lib/libg/Linux.nvhpc.64.openmpi.default/libesmf.so(_ZN5ESMCI7MeshCap22meshcreatenodedistgridEPi+0x7f) [0x2ae8ec68723f]
 5  /glade/scratch/dunlap/esmf-testing/nvhpc_21.11_openmpi_g_v8.3.1/esmf/DEFAULTINSTALLDIR/lib/libg/Linux.nvhpc.64.openmpi.default/libesmf.so(c_esmc_meshcreatenodedistgrid_+0xc1) [0x2ae8ec6da501]
 6  /glade/scratch/dunlap/esmf-testing/nvhpc_21.11_openmpi_g_v8.3.1/esmf/DEFAULTINSTALLDIR/lib/libg/Linux.nvhpc.64.openmpi.default/libesmf.so(esmf_meshmod_esmf_meshcreatefrompointer_+0x6d) [0x2ae8ed3bbfad]
 7  /glade/scratch/dunlap/esmf-testing/nvhpc_21.11_openmpi_g_v8.3.1/esmf/DEFAULTINSTALLDIR/lib/libg/Linux.nvhpc.64.openmpi.default/libesmf.so(esmf_gridutilmod_esmf_gridtomesh_+0x52d) [0x2ae8ed21852d]
 8  /glade/scratch/dunlap/esmf-testing/nvhpc_21.11_openmpi_g_v8.3.1/esmf/DEFAULTINSTALLDIR/lib/libg/Linux.nvhpc.64.openmpi.default/libesmf.so(esmf_fieldregridmod_b_or_p_gridtomesh_+0x5a8) [0x2ae8ed0d9268]
 9  /glade/scratch/dunlap/esmf-testing/nvhpc_21.11_openmpi_g_v8.3.1/esmf/DEFAULTINSTALLDIR/lib/libg/Linux.nvhpc.64.openmpi.default/libesmf.so(esmf_fieldregridmod_getmeshwithnodesonfieldloc_+0x55e) [0x2ae8ed0d471e]
==== backtrace (tid:  33634) ====
 0  /glade/u/apps/ch/opt/ucx/1.11.0/lib/libucs.so.0(ucs_handle_error+0xe4) [0x2b8de1f451b4]
 1  /glade/u/apps/ch/opt/ucx/1.11.0/lib/libucs.so.0(+0x2a4dc) [0x2b8de1f454dc]
 2  /glade/u/apps/ch/opt/ucx/1.11.0/lib/libucs.so.0(+0x2a74b) [0x2b8de1f4574b]
 3  /glade/scratch/dunlap/esmf-testing/nvhpc_21.11_openmpi_g_v8.3.1/esmf/DEFAULTINSTALLDIR/lib/libg/Linux.nvhpc.64.openmpi.default/libesmf.so(_ZN5ESMCI6LogErr13MsgFoundErrorEiPKciS2_S2_Pi+0x34) [0x2b8dc7ed0db4]
 4  /glade/scratch/dunlap/esmf-testing/nvhpc_21.11_openmpi_g_v8.3.1/esmf/DEFAULTINSTALLDIR/lib/libg/Linux.nvhpc.64.openmpi.default/libesmf.so(_ZN5ESMCI7MeshCap22meshcreatenodedistgridEPi+0x7f) [0x2b8dc80f223f]
 5  /glade/scratch/dunlap/esmf-testing/nvhpc_21.11_openmpi_g_v8.3.1/esmf/DEFAULTINSTALLDIR/lib/libg/Linux.nvhpc.64.openmpi.default/libesmf.so(c_esmc_meshcreatenodedistgrid_+0xc1) [0x2b8dc8145501]
 6  /glade/scratch/dunlap/esmf-testing/nvhpc_21.11_openmpi_g_v8.3.1/esmf/DEFAULTINSTALLDIR/lib/libg/Linux.nvhpc.64.openmpi.default/libesmf.so(esmf_meshmod_esmf_meshcreatefrompointer_+0x6d) [0x2b8dc8e26fad]
 7  /glade/scratch/dunlap/esmf-testing/nvhpc_21.11_openmpi_g_v8.3.1/esmf/DEFAULTINSTALLDIR/lib/libg/Linux.nvhpc.64.openmpi.default/libesmf.so(esmf_gridutilmod_esmf_gridtomesh_+0x52d) [0x2b8dc8c8352d]
 8  /glade/scratch/dunlap/esmf-testing/nvhpc_21.11_openmpi_g_v8.3.1/esmf/DEFAULTINSTALLDIR/lib/libg/Linux.nvhpc.64.openmpi.default/libesmf.so(esmf_fieldregridmod_b_or_p_gridtomesh_+0x5a8) [0x2b8dc8b44268]
10  /glade/scratch/dunlap/esmf-testing/nvhpc_21.11_openmpi_g_v8.3.1/esmf/DEFAULTINSTALLDIR/lib/libg/Linux.nvhpc.64.openmpi.default/libesmf.so(esmf_fieldregridmod_esmf_fieldregridstorenx_+0xf6d) [0x2ae8ed0d222d]
11  /glade/scratch/dunlap/esmf-testing/nvhpc_21.11_openmpi_g_v8.3.1/esmf/DEFAULTINSTALLDIR/lib/libg/Linux.nvhpc.64.openmpi.default/libesmf.so(nuopc_connector_fieldbundlecplstore_+0x1172a) [0x2ae8ed82be6a]
12  /glade/scratch/dunlap/esmf-testing/nvhpc_21.11_openmpi_g_v8.3.1/esmf/DEFAULTINSTALLDIR/lib/libg/Linux.nvhpc.64.openmpi.default/libesmf.so(nuopc_connector_initializeipdv05p6b_+0x79cc) [0x2ae8ed80684c]
13  /glade/scratch/dunlap/esmf-testing/nvhpc_21.11_openmpi_g_v8.3.1/esmf/DEFAULTINSTALLDIR/lib/libg/Linux.nvhpc.64.openmpi.default/libesmf.so(_ZN5ESMCI6FTable12callVFuncPtrEPKcPNS_2VMEPi+0xc30) [0x2ae8ec2b3230]
14  /glade/scratch/dunlap/esmf-testing/nvhpc_21.11_openmpi_g_v8.3.1/esmf/DEFAULTINSTALLDIR/lib/libg/Linux.nvhpc.64.openmpi.default/libesmf.so(ESMCI_FTableCallEntryPointVMHop+0x293) [0x2ae8ec2ae493]
15  /glade/scratch/dunlap/esmf-testing/nvhpc_21.11_openmpi_g_v8.3.1/esmf/DEFAULTINSTALLDIR/lib/libg/Linux.nvhpc.64.openmpi.default/libesmf.so(_ZN5ESMCI3VMK5enterEPNS_7VMKPlanEPvS3_+0xbb) [0x2ae8ecb074bb]
16  /glade/scratch/dunlap/esmf-testing/nvhpc_21.11_openmpi_g_v8.3.1/esmf/DEFAULTINSTALLDIR/lib/libg/Linux.nvhpc.64.openmpi.default/libesmf.so(_ZN5ESMCI2VM5enterEPNS_6VMPlanEPvS3_+0xbe) [0x2ae8ecb30a7e]
17  /glade/scratch/dunlap/esmf-testing/nvhpc_21.11_openmpi_g_v8.3.1/esmf/DEFAULTINSTALLDIR/lib/libg/Linux.nvhpc.64.openmpi.default/libesmf.so(c_esmc_ftablecallentrypointvm_+0x393) [0x2ae8ec2ae953]
 9  /glade/scratch/dunlap/esmf-testing/nvhpc_21.11_openmpi_g_v8.3.1/esmf/DEFAULTINSTALLDIR/lib/libg/Linux.nvhpc.64.openmpi.default/libesmf.so(esmf_fieldregridmod_getmeshwithnodesonfieldloc_+0x55e) [0x2b8dc8b3f71e]
10  /glade/scratch/dunlap/esmf-testing/nvhpc_21.11_openmpi_g_v8.3.1/esmf/DEFAULTINSTALLDIR/lib/libg/Linux.nvhpc.64.openmpi.default/libesmf.so(esmf_fieldregridmod_esmf_fieldregridstorenx_+0xf6d) [0x2b8dc8b3d22d]
11  /glade/scratch/dunlap/esmf-testing/nvhpc_21.11_openmpi_g_v8.3.1/esmf/DEFAULTINSTALLDIR/lib/libg/Linux.nvhpc.64.openmpi.default/libesmf.so(nuopc_connector_fieldbundlecplstore_+0x1172a) [0x2b8dc9296e6a]
12  /glade/scratch/dunlap/esmf-testing/nvhpc_21.11_openmpi_g_v8.3.1/esmf/DEFAULTINSTALLDIR/lib/libg/Linux.nvhpc.64.openmpi.default/libesmf.so(nuopc_connector_initializeipdv05p6b_+0x79cc) [0x2b8dc927184c]
13  /glade/scratch/dunlap/esmf-testing/nvhpc_21.11_openmpi_g_v8.3.1/esmf/DEFAULTINSTALLDIR/lib/libg/Linux.nvhpc.64.openmpi.default/libesmf.so(_ZN5ESMCI6FTable12callVFuncPtrEPKcPNS_2VMEPi+0xc30) [0x2b8dc7d1e230]
14  /glade/scratch/dunlap/esmf-testing/nvhpc_21.11_openmpi_g_v8.3.1/esmf/DEFAULTINSTALLDIR/lib/libg/Linux.nvhpc.64.openmpi.default/libesmf.so(ESMCI_FTableCallEntryPointVMHop+0x293) [0x2b8dc7d19493]
15  /glade/scratch/dunlap/esmf-testing/nvhpc_21.11_openmpi_g_v8.3.1/esmf/DEFAULTINSTALLDIR/lib/libg/Linux.nvhpc.64.openmpi.default/libesmf.so(_ZN5ESMCI3VMK5enterEPNS_7VMKPlanEPvS3_+0xbb) [0x2b8dc85724bb]
16  /glade/scratch/dunlap/esmf-testing/nvhpc_21.11_openmpi_g_v8.3.1/esmf/DEFAULTINSTALLDIR/lib/libg/Linux.nvhpc.64.openmpi.default/libesmf.so(_ZN5ESMCI2VM5enterEPNS_6VMPlanEPvS3_+0xbe) [0x2b8dc859ba7e]
17  /glade/scratch/dunlap/esmf-testing/nvhpc_21.11_openmpi_g_v8.3.1/esmf/DEFAULTINSTALLDIR/lib/libg/Linux.nvhpc.64.openmpi.default/libesmf.so(c_esmc_ftablecallentrypointvm_+0x393) [0x2b8dc7d19953]
18  /glade/scratch/dunlap/esmf-testing/nvhpc_21.11_openmpi_g_v8.3.1/esmf/DEFAULTINSTALLDIR/lib/libg/Linux.nvhpc.64.openmpi.default/libesmf.so(esmf_compmod_esmf_compexecute_+0xa26) [0x2b8dc88cf1a6]
19  /glade/scratch/dunlap/esmf-testing/nvhpc_21.11_openmpi_g_v8.3.1/esmf/DEFAULTINSTALLDIR/lib/libg/Linux.nvhpc.64.openmpi.default/libesmf.so(esmf_cplcompmod_esmf_cplcompinitialize_+0x1de) [0x2b8dc88e7e5e]
20  /glade/scratch/dunlap/esmf-testing/nvhpc_21.11_openmpi_g_v8.3.1/esmf/DEFAULTINSTALLDIR/lib/libg/Linux.nvhpc.64.openmpi.default/libesmf.so(nuopc_driver_loopconnectorcompss_+0x1636) [0x2b8dc92c6f36]
21  /glade/scratch/dunlap/esmf-testing/nvhpc_21.11_openmpi_g_v8.3.1/esmf/DEFAULTINSTALLDIR/lib/libg/Linux.nvhpc.64.openmpi.default/libesmf.so(nuopc_driver_initializeipdv02p3_+0x4286) [0x2b8dc92bb186]
22  /glade/scratch/dunlap/esmf-testing/nvhpc_21.11_openmpi_g_v8.3.1/esmf/DEFAULTINSTALLDIR/lib/libg/Linux.nvhpc.64.openmpi.default/libesmf.so(_ZN5ESMCI6FTable12callVFuncPtrEPKcPNS_2VMEPi+0xc30) [0x2b8dc7d1e230]
23  /glade/scratch/dunlap/esmf-testing/nvhpc_21.11_openmpi_g_v8.3.1/esmf/DEFAULTINSTALLDIR/lib/libg/Linux.nvhpc.64.openmpi.default/libesmf.so(ESMCI_FTableCallEntryPointVMHop+0x293) [0x2b8dc7d19493]
24  /glade/scratch/dunlap/esmf-testing/nvhpc_21.11_openmpi_g_v8.3.1/esmf/DEFAULTINSTALLDIR/lib/libg/Linux.nvhpc.64.openmpi.default/libesmf.so(_ZN5ESMCI3VMK5enterEPNS_7VMKPlanEPvS3_+0xbb) [0x2b8dc85724bb]
25  /glade/scratch/dunlap/esmf-testing/nvhpc_21.11_openmpi_g_v8.3.1/esmf/DEFAULTINSTALLDIR/lib/libg/Linux.nvhpc.64.openmpi.default/libesmf.so(_ZN5ESMCI2VM5enterEPNS_6VMPlanEPvS3_+0xbe) [0x2b8dc859ba7e]
26  /glade/scratch/dunlap/esmf-testing/nvhpc_21.11_openmpi_g_v8.3.1/esmf/DEFAULTINSTALLDIR/lib/libg/Linux.nvhpc.64.openmpi.default/libesmf.so(c_esmc_ftablecallentrypointvm_+0x393) [0x2b8dc7d19953]
18  /glade/scratch/dunlap/esmf-testing/nvhpc_21.11_openmpi_g_v8.3.1/esmf/DEFAULTINSTALLDIR/lib/libg/Linux.nvhpc.64.openmpi.default/libesmf.so(esmf_compmod_esmf_compexecute_+0xa26) [0x2ae8ece641a6]
19  /glade/scratch/dunlap/esmf-testing/nvhpc_21.11_openmpi_g_v8.3.1/esmf/DEFAULTINSTALLDIR/lib/libg/Linux.nvhpc.64.openmpi.default/libesmf.so(esmf_cplcompmod_esmf_cplcompinitialize_+0x1de) [0x2ae8ece7ce5e]
20  /glade/scratch/dunlap/esmf-testing/nvhpc_21.11_openmpi_g_v8.3.1/esmf/DEFAULTINSTALLDIR/lib/libg/Linux.nvhpc.64.openmpi.default/libesmf.so(nuopc_driver_loopconnectorcompss_+0x1636) [0x2ae8ed85bf36]
21  /glade/scratch/dunlap/esmf-testing/nvhpc_21.11_openmpi_g_v8.3.1/esmf/DEFAULTINSTALLDIR/lib/libg/Linux.nvhpc.64.openmpi.default/libesmf.so(nuopc_driver_initializeipdv02p3_+0x4286) [0x2ae8ed850186]
22  /glade/scratch/dunlap/esmf-testing/nvhpc_21.11_openmpi_g_v8.3.1/esmf/DEFAULTINSTALLDIR/lib/libg/Linux.nvhpc.64.openmpi.default/libesmf.so(_ZN5ESMCI6FTable12callVFuncPtrEPKcPNS_2VMEPi+0xc30) [0x2ae8ec2b3230]
23  /glade/scratch/dunlap/esmf-testing/nvhpc_21.11_openmpi_g_v8.3.1/esmf/DEFAULTINSTALLDIR/lib/libg/Linux.nvhpc.64.openmpi.default/libesmf.so(ESMCI_FTableCallEntryPointVMHop+0x293) [0x2ae8ec2ae493]
24  /glade/scratch/dunlap/esmf-testing/nvhpc_21.11_openmpi_g_v8.3.1/esmf/DEFAULTINSTALLDIR/lib/libg/Linux.nvhpc.64.openmpi.default/libesmf.so(_ZN5ESMCI3VMK5enterEPNS_7VMKPlanEPvS3_+0xbb) [0x2ae8ecb074bb]
25  /glade/scratch/dunlap/esmf-testing/nvhpc_21.11_openmpi_g_v8.3.1/esmf/DEFAULTINSTALLDIR/lib/libg/Linux.nvhpc.64.openmpi.default/libesmf.so(_ZN5ESMCI2VM5enterEPNS_6VMPlanEPvS3_+0xbe) [0x2ae8ecb30a7e]
26  /glade/scratch/dunlap/esmf-testing/nvhpc_21.11_openmpi_g_v8.3.1/esmf/DEFAULTINSTALLDIR/lib/libg/Linux.nvhpc.64.openmpi.default/libesmf.so(c_esmc_ftablecallentrypointvm_+0x393) [0x2ae8ec2ae953]
27  /glade/scratch/dunlap/esmf-testing/nvhpc_21.11_openmpi_g_v8.3.1/esmf/DEFAULTINSTALLDIR/lib/libg/Linux.nvhpc.64.openmpi.default/libesmf.so(esmf_compmod_esmf_compexecute_+0xa26) [0x2ae8ece641a6]
28  /glade/scratch/dunlap/esmf-testing/nvhpc_21.11_openmpi_g_v8.3.1/esmf/DEFAULTINSTALLDIR/lib/libg/Linux.nvhpc.64.openmpi.default/libesmf.so(esmf_gridcompmod_esmf_gridcompinitialize_+0x1de) [0x2ae8ed13749e]
29  ./externalApp() [0x40986a]
30  ./externalApp() [0x407edd]
31  ./externalApp() [0x407bd9]
27  /glade/scratch/dunlap/esmf-testing/nvhpc_21.11_openmpi_g_v8.3.1/esmf/DEFAULTINSTALLDIR/lib/libg/Linux.nvhpc.64.openmpi.default/libesmf.so(esmf_compmod_esmf_compexecute_+0xa26) [0x2b8dc88cf1a6]
28  /glade/scratch/dunlap/esmf-testing/nvhpc_21.11_openmpi_g_v8.3.1/esmf/DEFAULTINSTALLDIR/lib/libg/Linux.nvhpc.64.openmpi.default/libesmf.so(esmf_gridcompmod_esmf_gridcompinitialize_+0x1de) [0x2b8dc8ba249e]
29  ./externalApp() [0x40986a]
30  ./externalApp() [0x4083f4]
31  ./externalApp() [0x407c0d]
32  ./externalApp() [0x407a73]
33  /glade/u/apps/ch/os/lib64/libc.so.6(__libc_start_main+0xf5) [0x2b8dce9eaa35]
34  ./externalApp() [0x407969]
=================================
32  ./externalApp() [0x407a73]
33  /glade/u/apps/ch/os/lib64/libc.so.6(__libc_start_main+0xf5) [0x2ae8f2f7fa35]
34  ./externalApp() [0x407969]
=================================
==== backtrace (tid:  33635) ====
 0  /glade/u/apps/ch/opt/ucx/1.11.0/lib/libucs.so.0(ucs_handle_error+0xe4) [0x2b61ec9031b4]
 1  /glade/u/apps/ch/opt/ucx/1.11.0/lib/libucs.so.0(+0x2a4dc) [0x2b61ec9034dc]
 2  /glade/u/apps/ch/opt/ucx/1.11.0/lib/libucs.so.0(+0x2a74b) [0x2b61ec90374b]
 3  /glade/scratch/dunlap/esmf-testing/nvhpc_21.11_openmpi_g_v8.3.1/esmf/DEFAULTINSTALLDIR/lib/libg/Linux.nvhpc.64.openmpi.default/libesmf.so(_ZN5ESMCI6LogErr13MsgFoundErrorEiPKciS2_S2_Pi+0x34) [0x2b61d2a9cdb4]
 4  /glade/scratch/dunlap/esmf-testing/nvhpc_21.11_openmpi_g_v8.3.1/esmf/DEFAULTINSTALLDIR/lib/libg/Linux.nvhpc.64.openmpi.default/libesmf.so(_ZN5ESMCI7MeshCap22meshcreatenodedistgridEPi+0x7f) [0x2b61d2cbe23f]
 5  /glade/scratch/dunlap/esmf-testing/nvhpc_21.11_openmpi_g_v8.3.1/esmf/DEFAULTINSTALLDIR/lib/libg/Linux.nvhpc.64.openmpi.default/libesmf.so(c_esmc_meshcreatenodedistgrid_+0xc1) [0x2b61d2d11501]
 6  /glade/scratch/dunlap/esmf-testing/nvhpc_21.11_openmpi_g_v8.3.1/esmf/DEFAULTINSTALLDIR/lib/libg/Linux.nvhpc.64.openmpi.default/libesmf.so(esmf_meshmod_esmf_meshcreatefrompointer_+0x6d) [0x2b61d39f2fad]
 7  /glade/scratch/dunlap/esmf-testing/nvhpc_21.11_openmpi_g_v8.3.1/esmf/DEFAULTINSTALLDIR/lib/libg/Linux.nvhpc.64.openmpi.default/libesmf.so(esmf_gridutilmod_esmf_gridtomesh_+0x52d) [0x2b61d384f52d]
 8  /glade/scratch/dunlap/esmf-testing/nvhpc_21.11_openmpi_g_v8.3.1/esmf/DEFAULTINSTALLDIR/lib/libg/Linux.nvhpc.64.openmpi.default/libesmf.so(esmf_fieldregridmod_b_or_p_gridtomesh_+0x5a8) [0x2b61d3710268]
 9  /glade/scratch/dunlap/esmf-testing/nvhpc_21.11_openmpi_g_v8.3.1/esmf/DEFAULTINSTALLDIR/lib/libg/Linux.nvhpc.64.openmpi.default/libesmf.so(esmf_fieldregridmod_getmeshwithnodesonfieldloc_+0x55e) [0x2b61d370b71e]
10  /glade/scratch/dunlap/esmf-testing/nvhpc_21.11_openmpi_g_v8.3.1/esmf/DEFAULTINSTALLDIR/lib/libg/Linux.nvhpc.64.openmpi.default/libesmf.so(esmf_fieldregridmod_esmf_fieldregridstorenx_+0xf6d) [0x2b61d370922d]
11  /glade/scratch/dunlap/esmf-testing/nvhpc_21.11_openmpi_g_v8.3.1/esmf/DEFAULTINSTALLDIR/lib/libg/Linux.nvhpc.64.openmpi.default/libesmf.so(nuopc_connector_fieldbundlecplstore_+0x1172a) [0x2b61d3e62e6a]
12  /glade/scratch/dunlap/esmf-testing/nvhpc_21.11_openmpi_g_v8.3.1/esmf/DEFAULTINSTALLDIR/lib/libg/Linux.nvhpc.64.openmpi.default/libesmf.so(nuopc_connector_initializeipdv05p6b_+0x79cc) [0x2b61d3e3d84c]
13  /glade/scratch/dunlap/esmf-testing/nvhpc_21.11_openmpi_g_v8.3.1/esmf/DEFAULTINSTALLDIR/lib/libg/Linux.nvhpc.64.openmpi.default/libesmf.so(_ZN5ESMCI6FTable12callVFuncPtrEPKcPNS_2VMEPi+0xc30) [0x2b61d28ea230]
14  /glade/scratch/dunlap/esmf-testing/nvhpc_21.11_openmpi_g_v8.3.1/esmf/DEFAULTINSTALLDIR/lib/libg/Linux.nvhpc.64.openmpi.default/libesmf.so(ESMCI_FTableCallEntryPointVMHop+0x293) [0x2b61d28e5493]
15  /glade/scratch/dunlap/esmf-testing/nvhpc_21.11_openmpi_g_v8.3.1/esmf/DEFAULTINSTALLDIR/lib/libg/Linux.nvhpc.64.openmpi.default/libesmf.so(_ZN5ESMCI3VMK5enterEPNS_7VMKPlanEPvS3_+0xbb) [0x2b61d313e4bb]
16  /glade/scratch/dunlap/esmf-testing/nvhpc_21.11_openmpi_g_v8.3.1/esmf/DEFAULTINSTALLDIR/lib/libg/Linux.nvhpc.64.openmpi.default/libesmf.so(_ZN5ESMCI2VM5enterEPNS_6VMPlanEPvS3_+0xbe) [0x2b61d3167a7e]
17  /glade/scratch/dunlap/esmf-testing/nvhpc_21.11_openmpi_g_v8.3.1/esmf/DEFAULTINSTALLDIR/lib/libg/Linux.nvhpc.64.openmpi.default/libesmf.so(c_esmc_ftablecallentrypointvm_+0x393) [0x2b61d28e5953]
18  /glade/scratch/dunlap/esmf-testing/nvhpc_21.11_openmpi_g_v8.3.1/esmf/DEFAULTINSTALLDIR/lib/libg/Linux.nvhpc.64.openmpi.default/libesmf.so(esmf_compmod_esmf_compexecute_+0xa26) [0x2b61d349b1a6]
19  /glade/scratch/dunlap/esmf-testing/nvhpc_21.11_openmpi_g_v8.3.1/esmf/DEFAULTINSTALLDIR/lib/libg/Linux.nvhpc.64.openmpi.default/libesmf.so(esmf_cplcompmod_esmf_cplcompinitialize_+0x1de) [0x2b61d34b3e5e]
20  /glade/scratch/dunlap/esmf-testing/nvhpc_21.11_openmpi_g_v8.3.1/esmf/DEFAULTINSTALLDIR/lib/libg/Linux.nvhpc.64.openmpi.default/libesmf.so(nuopc_driver_loopconnectorcompss_+0x1636) [0x2b61d3e92f36]
21  /glade/scratch/dunlap/esmf-testing/nvhpc_21.11_openmpi_g_v8.3.1/esmf/DEFAULTINSTALLDIR/lib/libg/Linux.nvhpc.64.openmpi.default/lib[r2i5n26:33634] *** Process received signal ***
[r2i5n26:33634] Signal: Segmentation fault (11)
[r2i5n26:33634] Signal code:  (-6)
[r2i5n26:33634] Failing at address: 0x105700008362
[r2i5n26:33634] [ 0] /glade/u/apps/ch/os/lib64/libpthread.so.0(+0x11c00)[0x2b8dce119c00]
[r2i5n26:33634] [ 1] /glade/scratch/dunlap/esmf-testing/nvhpc_21.11_openmpi_g_v8.3.1/esmf/DEFAULTINSTALLDIR/lib/libg/Linux.nvhpc.64.openmpi.default/libesmf.so(_ZN5ESMCI6LogErr13MsgFoundErrorEiPKciS2_S2_Pi+0x34)[0x2b8dc7ed0db4]
[r2i5n26:33634] [ 2] /glade/scratch/dunlap/esmf-testing/nvhpc_21.11_openmpi_g_v8.3.1/esmf/DEFAULTINSTALLDIR/lib/libg/Linux.nvhpc.64.openmpi.default/libesmf.so(_ZN5ESMCI7MeshCap22meshcreatenodedistgridEPi+0x7f)[0x2b8dc80f223f]
[r2i5n26:33634] [ 3] ==== backtrace (tid:  33633) ====
 0  /glade/u/apps/ch/opt/ucx/1.11.0/lib/libucs.so.0(ucs_handle_error+0xe4) [0x2b584a9521b4]
 1  /glade/u/apps/ch/opt/ucx/1.11.0/lib/libucs.so.0(+0x2a4dc) [0x2b584a9524dc]
 2  /glade/u/apps/ch/opt/ucx/1.11.0/lib/libucs.so.0(+0x2a74b) [0x2b584a95274b]
 3  /glade/scratch/dunlap/esmf-testing/nvhpc_21.11_openmpi_g_v8.3.1/esmf/DEFAULTINSTALLDIR/lib/libg/Linux.nvhpc.64.openmpi.default/libesmf.so(_ZN5ESMCI6LogErr13MsgFoundErrorEiPKciS2_S2_Pi+0x34) [0x2b5830ae7db4]
 4  /glade/scratch/dunlap/esmf-testing/nvhpc_21.11_openmpi_g_v8.3.1/esmf/DEFAULTINSTALLDIR/lib/libg/Linux.nvhpc.64.openmpi.default/libesmf.so(_ZN5ESMCI7MeshCap22meshcreatenodedistgridEPi+0x7f) [0x2b5830d0923f]
 5  /glade/scratch/dunlap/esmf-testing/nvhpc_21.11_openmpi_g_v8.3.1/esmf/DEFAULTINSTALLDIR/lib/libg/Linux.nvhpc.64.openmpi.default/libesmf.so(c_esmc_meshcreatenodedistgrid_+0xc1) [0x2b5830d5c501]
 6  /glade/scratch/dunlap/esmf-testing/nvhpc_21.11_openmpi_g_v8.3.1/esmf/DEFAULTINSTALLDIR/lib/libg/Linux.nvhpc.64.openmpi.default/libesmf.so(esmf_meshmod_esmf_meshcreatefrompointer_+0x6d) [0x2b5831a3dfad]
 7  /glade/scratch/dunlap/esmf-testing/nvhpc_21.11_openmpi_g_v8.3.1/esmf/DEFAULTINSTALLDIR/lib/libg/Linux.nvhpc.64.openmpi.default/libesmf.so(esmf_gridutilmod_esmf_gridtomesh_+0x52d) [0x2b583189a52d]
 8  /glade/scratch/dunlap/esmf-testing/nvhpc_21.11_openmpi_g_v8.3.1/esmf/DEFAULTINSTALLDIR/lib/libg/Linux.nvhpc.64.openmpi.default/libesmf.so(esmf_fieldregridmod_b_or_p_gridtomesh_+0x5a8) [0x2b583175b268]
 9  /glade/scratch/dunlap/esmf-testing/nvhpc_21.11_openmpi_g_v8.3.1/esmf/DEFAULTINSTALLDIR/lib/libg/Linux.nvhpc.64.openmpi.default/libesmf.so(esmf_fieldregridmod_getmeshwithnodesonfieldloc_+0x55e) [0x2b583175671e]
10  /glade/scratch/dunlap/esmf-testing/nvhpc_21.11_openmpi_g_v8.3.1/esmf/DEFAULTINSTALLDIR/lib/libg/Linux.nvhpc.64.openmpi.default/libesmf.so(esmf_fieldregridmod_esmf_fieldregridstorenx_+0xf6d) [0x2b583175422d]
11  /glade/scratch/dunlap/esmf-testing/nvhpc_21.11_openmpi_g_v8.3.1/esmf/DEFAULTINSTALLDIR/lib/libg/Linux.nvhpc.64.openmpi.default/libesmf.so(nuopc_connector_fieldbundlecplstore_+0x1172a) [0x2b5831eade6a]
12  /glade/scratch/dunlap/esmf-testing/nvhpc_21.11_openmpi_g_v8.3.1/esmf/DEFAULTINSTALLDIR/lib/libg/Linux.nvhpc.64.openmpi.default/libesmf.so(nuopc_connector_initializeipdv05p6b_+0x79cc) [0x2b5831e8884c]
13  /glade/scratch/dunlap/esmf-testing/nvhpc_21.11_openmpi_g_v8.3.1/esmf/DEFAULTINSTALLDIR/lib/libg/Linux.nvhpc.64.openmpi.default/libesmf.so(_ZN5ESMCI6FTable12callVFuncPtrEPKcPNS_2VMEPi+0xc30) [0x2b5830935230]
14  /glade/scratch/dunlap/esmf-testing/nvhpc_21.11_openmpi_g_v8.3.1/esmf/DEFAULTINSTALLDIR/lib/libg/Linux.nvhpc.64.openmpi.default/libesmf.so(ESMCI_FTableCallEntryPointVMHop+0x293) [0x2b5830930493]
15  /glade/scratch/dunlap/esmf-testing/nvhpc_21.11_openmpi_g_v8.3.1/esmf/DEFAULTINSTALLDIR/lib/libg/Linux.nvhpc.64.openmpi.default/libesmf.so(_ZN5ESMCI3VMK5enterEPNS_7VMKPlanEPvS3_+0xbb) [0x2b58311894bb]
16  /glade/scratch/dunlap/esmf-testing/nvhpc_21.11_openmpi_g_v8.3.1/esmf/DEFAULTINSTALLDIR/lib/libg/Linux.nvhpc.64.openmpi.default/libesmf.so(_ZN5ESMCI2VM5enterEPNS_6VMPlanEPvS3_+0xbe) [0x2b58311b2a7e]
17  /glade/scratch/dunlap/esmf-testing/nvhpc_21.11_openmpi_g_v8.3.1/esmf/DEFAULTINSTALLDIR/lib/libg/Linux.nvhpc.64.openmpi.default/libesmf.so(c_esmc_ftablecallentrypointvm_+0x393) [0x2b5830930953]
18  /glade/scratch/dunlap/esmf-testing/nvhpc_21.11_openmpi_g_v8.3.1/esmf/DEFAULTINSTALLDIR/lib/libg/Linux.nvhpc.64.openmpi.default/libesmf.so(esmf_compmod_esmf_compexecute_+0xa26) [0x2b58314e61a6]
19  /glade/scratch/dunlap/esmf-testing/nvhpc_21.11_openmpi_g_v8.3.1/esmf/DEFAULTINSTALLDIR/lib/libg/Linux.nvhpc.64.openmpi.default/libesmf.so(esmf_cplcompmod_esmf_cplcompinitialize_+0x1de) [0x2b58314fee5e]
20  /glade/scratch/dunlap/esmf-testing/nvhpc_21.11_openmpi_g_v8.3.1/esmf/DEFAULTINSTALLDIR/lib/libg/Linux.nvhpc.64.openmpi.default/libesmf.so(nuopc_driver_loopconnectorcompss_+0x1636) [0x2b5831eddf36]
21  /glade/scratch/dunlap/esmf-testing/nvhpc_21.11_openmpi_g_v8.3.1/esmf/DEFAULTINSTALLDIR/lib/libg/Linux.nvhpc.64.openmpi.default/lib[r2i5n26:33632] *** Process received signal ***
[r2i5n26:33632] Signal: Segmentation fault (11)
[r2i5n26:33632] Signal code:  (-6)
[r2i5n26:33632] Failing at address: 0x105700008360
[r2i5n26:33632] [ 0] /glade/u/apps/ch/os/lib64/libpthread.so.0(+0x11c00)[0x2ae8f26aec00]
[r2i5n26:33632] [ 1] /glade/scratch/dunlap/esmf-testing/nvhpc_21.11_openmpi_g_v8.3.1/esmf/DEFAULTINSTALLDIR/lib/libg/Linux.nvhpc.64.openmpi.default/libesmf.so(_ZN5ESMCI6LogErr13MsgFoundErrorEiPKciS2_S2_Pi+0x34)[0x2ae8ec465db4]
[r2i5n26:33632] [ 2] /glade/scratch/dunlap/esmf-testing/nvhpc_21.11_openmpi_g_v8.3.1/esmf/DEFAULTINSTALLDIR/lib/libg/Linux.nvhpc.64.openmpi.default/libesmf.so(_ZN5ESMCI7MeshCap22meshcreatenodedistgridEPi+0x7f)[0x2ae8ec68723f]
[r2i5n26:33632] [ 3] esmf.so(nuopc_driver_initializeipdv02p3_+0x4286) [0x2b5831ed2186]
22  /glade/scratch/dunlap/esmf-testing/nvhpc_21.11_openmpi_g_v8.3.1/esmf/DEFAULTINSTALLDIR/lib/libg/Linux.nvhpc.64.openmpi.default/libesmf.so(_ZN5ESMCI6FTable12callVFuncPtrEPKcPNS_2VMEPi+0xc30) [0x2b5830935230]
23  /glade/scratch/dunlap/esmf-testing/nvhpc_21.11_openmpi_g_v8.3.1/esmf/DEFAULTINSTALLDIR/lib/libg/Linux.nvhpc.64.openmpi.default/libesmf.so(ESMCI_FTableCallEntryPointVMHop+0x293) [0x2b5830930493]
24  /glade/scratch/dunlap/esmf-testing/nvhpc_21.11_openmpi_g_v8.3.1/esmf/DEFAULTINSTALLDIR/lib/libg/Linux.nvhpc.64.openmpi.default/libesmf.so(_ZN5ESMCI3VMK5enterEPNS_7VMKPlanEPvS3_+0xbb) [0x2b58311894bb]
25  /glade/scratch/dunlap/esmf-testing/nvhpc_21.11_openmpi_g_v8.3.1/esmf/DEFAULTINSTALLDIR/lib/libg/Linux.nvhpc.64.openmpi.default/libesmf.so(_ZN5ESMCI2VM5enterEPNS_6VMPlanEPvS3_+0xbe) [0x2b58311b2a7e]
26  /glade/scratch/dunlap/esmf-testing/nvhpc_21.11_openmpi_g_v8.3.1/esmf/DEFAULTINSTALLDIR/lib/libg/Linux.nvhpc.64.openmpi.default/libesmf.so(c_esmc_ftablecallentrypointvm_+0x393) [0x2b5830930953]
27  /glade/scratch/dunlap/esmf-testing/nvhpc_21.11_openmpi_g_v8.3.1/esmf/DEFAULTINSTALLDIR/lib/libg/Linux.nvhpc.64.openmpi.default/libesmf.so(esmf_compmod_esmf_compexecute_+0xa26) [0x2b58314e61a6]
28  /glade/scratch/dunlap/esmf-testing/nvhpc_21.11_openmpi_g_v8.3.1/esmf/DEFAULTINSTALLDIR/lib/libg/Linux.nvhpc.64.openmpi.default/libesmf.so(esmf_gridcompmod_esmf_gridcompinitialize_+0x1de) [0x2b58317b949e]
29  ./externalApp() [0x40986a]
30  ./externalApp() [0x407edd]
31  ./externalApp() [0x407bd9]
32  ./externalApp() [0x407a73]
33  /glade/u/apps/ch/os/lib64/libc.so.6(__libc_start_main+0xf5) [0x2b5837601a35]
34  ./externalApp() [0x407969]
=================================
[r2i5n26:33633] *** Process received signal ***
[r2i5n26:33633] Signal: Segmentation fault (11)
[r2i5n26:33633] Signal code:  (-6)
[r2i5n26:33633] Failing at address: 0x105700008361
[r2i5n26:33633] [ 0] /glade/u/apps/ch/os/lib64/libpthread.so.0(+0x11c00)[0x2b5836d30c00]
[r2i5n26:33633] [ 1] /glade/scratch/dunlap/esmf-testing/nvhpc_21.11_openmpi_g_v8.3.1/esmf/DEFAULTINSTALLDIR/lib/libg/Linux.nvhpc.64.openmpi.default/libesmf.so(_ZN5ESMCI6LogErr13MsgFoundErrorEiPKciS2_S2_Pi+0x34)[0x2b5830ae7db4]
[r2i5n26:33633] [ 2] /glade/scratch/dunlap/esmf-testing/nvhpc_21.11_openmpi_g_v8.3.1/esmf/DEFAULTINSTALLDIR/lib/libg/Linux.nvhpc.64.openmpi.default/libesmf.so(_ZN5ESMCI7MeshCap22meshcreatenodedistgridEPi+0x7f)[0x2b5830d0923f]
[r2i5n26:33633] [ 3] esmf.so(nuopc_driver_initializeipdv02p3_+0x4286) [0x2b61d3e87186]
22  /glade/scratch/dunlap/esmf-testing/nvhpc_21.11_openmpi_g_v8.3.1/esmf/DEFAULTINSTALLDIR/lib/libg/Linux.nvhpc.64.openmpi.default/libesmf.so(_ZN5ESMCI6FTable12callVFuncPtrEPKcPNS_2VMEPi+0xc30) [0x2b61d28ea230]
23  /glade/scratch/dunlap/esmf-testing/nvhpc_21.11_openmpi_g_v8.3.1/esmf/DEFAULTINSTALLDIR/lib/libg/Linux.nvhpc.64.openmpi.default/libesmf.so(ESMCI_FTableCallEntryPointVMHop+0x293) [0x2b61d28e5493]
24  /glade/scratch/dunlap/esmf-testing/nvhpc_21.11_openmpi_g_v8.3.1/esmf/DEFAULTINSTALLDIR/lib/libg/Linux.nvhpc.64.openmpi.default/libesmf.so(_ZN5ESMCI3VMK5enterEPNS_7VMKPlanEPvS3_+0xbb) [0x2b61d313e4bb]
25  /glade/scratch/dunlap/esmf-testing/nvhpc_21.11_openmpi_g_v8.3.1/esmf/DEFAULTINSTALLDIR/lib/libg/Linux.nvhpc.64.openmpi.default/libesmf.so(_ZN5ESMCI2VM5enterEPNS_6VMPlanEPvS3_+0xbe) [0x2b61d3167a7e]
26  /glade/scratch/dunlap/esmf-testing/nvhpc_21.11_openmpi_g_v8.3.1/esmf/DEFAULTINSTALLDIR/lib/libg/Linux.nvhpc.64.openmpi.default/libesmf.so(c_esmc_ftablecallentrypointvm_+0x393) [0x2b61d28e5953]
27  /glade/scratch/dunlap/esmf-testing/nvhpc_21.11_openmpi_g_v8.3.1/esmf/DEFAULTINSTALLDIR/lib/libg/Linux.nvhpc.64.openmpi.default/libesmf.so(esmf_compmod_esmf_compexecute_+0xa26) [0x2b61d349b1a6]
28  /glade/scratch/dunlap/esmf-testing/nvhpc_21.11_openmpi_g_v8.3.1/esmf/DEFAULTINSTALLDIR/lib/libg/Linux.nvhpc.64.openmpi.default/libesmf.so(esmf_gridcompmod_esmf_gridcompinitialize_+0x1de) [0x2b61d376e49e]
29  ./externalApp() [0x40986a]
30  ./externalApp() [0x4083f4]
31  ./externalApp() [0x407c0d]
32  ./externalApp() [0x407a73]
33  /glade/u/apps/ch/os/lib64/libc.so.6(__libc_start_main+0xf5) [0x2b61d95b6a35]
34  ./externalApp() [0x407969]
=================================
[r2i5n26:33635] *** Process received signal ***
[r2i5n26:33635] Signal: Segmentation fault (11)
[r2i5n26:33635] Signal code:  (-6)
[r2i5n26:33635] Failing at address: 0x105700008363
[r2i5n26:33635] [ 0] /glade/u/apps/ch/os/lib64/libpthread.so.0(+0x11c00)[0x2b61d8ce5c00]
[r2i5n26:33635] [ 1] /glade/scratch/dunlap/esmf-testing/nvhpc_21.11_openmpi_g_v8.3.1/esmf/DEFAULTINSTALLDIR/lib/libg/Linux.nvhpc.64.openmpi.default/libesmf.so(_ZN5ESMCI6LogErr13MsgFoundErrorEiPKciS2_S2_Pi+0x34)[0x2b61d2a9cdb4]
[r2i5n26:33635] [ 2] /glade/scratch/dunlap/esmf-testing/nvhpc_21.11_openmpi_g_v8.3.1/esmf/DEFAULTINSTALLDIR/lib/libg/Linux.nvhpc.64.openmpi.default/libesmf.so(_ZN5ESMCI7MeshCap22meshcreatenodedistgridEPi+0x7f)[0x2b61d2cbe23f]
[r2i5n26:33635] [ 3] /glade/scratch/dunlap/esmf-testing/nvhpc_21.11_openmpi_g_v8.3.1/esmf/DEFAULTINSTALLDIR/lib/libg/Linux.nvhpc.64.openmpi.default/libesmf.so(c_esmc_meshcreatenodedistgrid_+0xc1)[0x2b8dc8145501]
[r2i5n26:33634] [ 4] /glade/scratch/dunlap/esmf-testing/nvhpc_21.11_openmpi_g_v8.3.1/esmf/DEFAULTINSTALLDIR/lib/libg/Linux.nvhpc.64.openmpi.default/libesmf.so(c_esmc_meshcreatenodedistgrid_+0xc1)[0x2ae8ec6da501]
[r2i5n26:33632] [ 4] /glade/scratch/dunlap/esmf-testing/nvhpc_21.11_openmpi_g_v8.3.1/esmf/DEFAULTINSTALLDIR/lib/libg/Linux.nvhpc.64.openmpi.default/libesmf.so(c_esmc_meshcreatenodedistgrid_+0xc1)[0x2b5830d5c501]
[r2i5n26:33633] [ 4] /glade/scratch/dunlap/esmf-testing/nvhpc_21.11_openmpi_g_v8.3.1/esmf/DEFAULTINSTALLDIR/lib/libg/Linux.nvhpc.64.openmpi.default/libesmf.so(c_esmc_meshcreatenodedistgrid_+0xc1)[0x2b61d2d11501]
[r2i5n26:33635] [ 4] /glade/scratch/dunlap/esmf-testing/nvhpc_21.11_openmpi_g_v8.3.1/esmf/DEFAULTINSTALLDIR/lib/libg/Linux.nvhpc.64.openmpi.default/libesmf.so(esmf_meshmod_esmf_meshcreatefrompointer_+0x6d)[0x2b8dc8e26fad]
[r2i5n26:33634] [ 5] /glade/scratch/dunlap/esmf-testing/nvhpc_21.11_openmpi_g_v8.3.1/esmf/DEFAULTINSTALLDIR/lib/libg/Linux.nvhpc.64.openmpi.default/libesmf.so(esmf_meshmod_esmf_meshcreatefrompointer_+0x6d)[0x2ae8ed3bbfad]
[r2i5n26:33632] [ 5] /glade/scratch/dunlap/esmf-testing/nvhpc_21.11_openmpi_g_v8.3.1/esmf/DEFAULTINSTALLDIR/lib/libg/Linux.nvhpc.64.openmpi.default/libesmf.so(esmf_meshmod_esmf_meshcreatefrompointer_+0x6d)[0x2b61d39f2fad]
[r2i5n26:33635] [ 5] /glade/scratch/dunlap/esmf-testing/nvhpc_21.11_openmpi_g_v8.3.1/esmf/DEFAULTINSTALLDIR/lib/libg/Linux.nvhpc.64.openmpi.default/libesmf.so(esmf_meshmod_esmf_meshcreatefrompointer_+0x6d)[0x2b5831a3dfad]
[r2i5n26:33633] [ 5] /glade/scratch/dunlap/esmf-testing/nvhpc_21.11_openmpi_g_v8.3.1/esmf/DEFAULTINSTALLDIR/lib/libg/Linux.nvhpc.64.openmpi.default/libesmf.so(esmf_gridutilmod_esmf_gridtomesh_+0x52d)[0x2b8dc8c8352d]
[r2i5n26:33634] [ 6] /glade/scratch/dunlap/esmf-testing/nvhpc_21.11_openmpi_g_v8.3.1/esmf/DEFAULTINSTALLDIR/lib/libg/Linux.nvhpc.64.openmpi.default/libesmf.so(esmf_gridutilmod_esmf_gridtomesh_+0x52d)[0x2ae8ed21852d]
[r2i5n26:33632] [ 6] /glade/scratch/dunlap/esmf-testing/nvhpc_21.11_openmpi_g_v8.3.1/esmf/DEFAULTINSTALLDIR/lib/libg/Linux.nvhpc.64.openmpi.default/libesmf.so(esmf_gridutilmod_esmf_gridtomesh_+0x52d)[0x2b583189a52d]
[r2i5n26:33633] [ 6] /glade/scratch/dunlap/esmf-testing/nvhpc_21.11_openmpi_g_v8.3.1/esmf/DEFAULTINSTALLDIR/lib/libg/Linux.nvhpc.64.openmpi.default/libesmf.so(esmf_gridutilmod_esmf_gridtomesh_+0x52d)[0x2b61d384f52d]
[r2i5n26:33635] [ 6] /glade/scratch/dunlap/esmf-testing/nvhpc_21.11_openmpi_g_v8.3.1/esmf/DEFAULTINSTALLDIR/lib/libg/Linux.nvhpc.64.openmpi.default/libesmf.so(esmf_fieldregridmod_b_or_p_gridtomesh_+0x5a8)[0x2b8dc8b44268]
[r2i5n26:33634] [ 7] /glade/scratch/dunlap/esmf-testing/nvhpc_21.11_openmpi_g_v8.3.1/esmf/DEFAULTINSTALLDIR/lib/libg/Linux.nvhpc.64.openmpi.default/libesmf.so(esmf_fieldregridmod_b_or_p_gridtomesh_+0x5a8)[0x2ae8ed0d9268]
[r2i5n26:33632] [ 7] /glade/scratch/dunlap/esmf-testing/nvhpc_21.11_openmpi_g_v8.3.1/esmf/DEFAULTINSTALLDIR/lib/libg/Linux.nvhpc.64.openmpi.default/libesmf.so(esmf_fieldregridmod_b_or_p_gridtomesh_+0x5a8)[0x2b583175b268]
[r2i5n26:33633] [ 7] /glade/scratch/dunlap/esmf-testing/nvhpc_21.11_openmpi_g_v8.3.1/esmf/DEFAULTINSTALLDIR/lib/libg/Linux.nvhpc.64.openmpi.default/libesmf.so(esmf_fieldregridmod_b_or_p_gridtomesh_+0x5a8)[0x2b61d3710268]
[r2i5n26:33635] [ 7] /glade/scratch/dunlap/esmf-testing/nvhpc_21.11_openmpi_g_v8.3.1/esmf/DEFAULTINSTALLDIR/lib/libg/Linux.nvhpc.64.openmpi.default/libesmf.so(esmf_fieldregridmod_getmeshwithnodesonfieldloc_+0x55e)[0x2b8dc8b3f71e]
[r2i5n26:33634] [ 8] /glade/scratch/dunlap/esmf-testing/nvhpc_21.11_openmpi_g_v8.3.1/esmf/DEFAULTINSTALLDIR/lib/libg/Linux.nvhpc.64.openmpi.default/libesmf.so(esmf_fieldregridmod_getmeshwithnodesonfieldloc_+0x55e)[0x2b583175671e]
[r2i5n26:33633] [ 8] /glade/scratch/dunlap/esmf-testing/nvhpc_21.11_openmpi_g_v8.3.1/esmf/DEFAULTINSTALLDIR/lib/libg/Linux.nvhpc.64.openmpi.default/libesmf.so(esmf_fieldregridmod_getmeshwithnodesonfieldloc_+0x55e)[0x2ae8ed0d471e]
[r2i5n26:33632] [ 8] /glade/scratch/dunlap/esmf-testing/nvhpc_21.11_openmpi_g_v8.3.1/esmf/DEFAULTINSTALLDIR/lib/libg/Linux.nvhpc.64.openmpi.default/libesmf.so(esmf_fieldregridmod_getmeshwithnodesonfieldloc_+0x55e)[0x2b61d370b71e]
[r2i5n26:33635] [ 8] /glade/scratch/dunlap/esmf-testing/nvhpc_21.11_openmpi_g_v8.3.1/esmf/DEFAULTINSTALLDIR/lib/libg/Linux.nvhpc.64.openmpi.default/libesmf.so(esmf_fieldregridmod_esmf_fieldregridstorenx_+0xf6d)[0x2b8dc8b3d22d]
[r2i5n26:33634] [ 9] /glade/scratch/dunlap/esmf-testing/nvhpc_21.11_openmpi_g_v8.3.1/esmf/DEFAULTINSTALLDIR/lib/libg/Linux.nvhpc.64.openmpi.default/libesmf.so(esmf_fieldregridmod_esmf_fieldregridstorenx_+0xf6d)[0x2ae8ed0d222d]
[r2i5n26:33632] [ 9] /glade/scratch/dunlap/esmf-testing/nvhpc_21.11_openmpi_g_v8.3.1/esmf/DEFAULTINSTALLDIR/lib/libg/Linux.nvhpc.64.openmpi.default/libesmf.so(esmf_fieldregridmod_esmf_fieldregridstorenx_+0xf6d)[0x2b583175422d]
[r2i5n26:33633] [ 9] /glade/scratch/dunlap/esmf-testing/nvhpc_21.11_openmpi_g_v8.3.1/esmf/DEFAULTINSTALLDIR/lib/libg/Linux.nvhpc.64.openmpi.default/libesmf.so(esmf_fieldregridmod_esmf_fieldregridstorenx_+0xf6d)[0x2b61d370922d]
[r2i5n26:33635] [ 9] /glade/scratch/dunlap/esmf-testing/nvhpc_21.11_openmpi_g_v8.3.1/esmf/DEFAULTINSTALLDIR/lib/libg/Linux.nvhpc.64.openmpi.default/libesmf.so(nuopc_connector_fieldbundlecplstore_+0x1172a)[0x2b8dc9296e6a]
[r2i5n26:33634] [10] /glade/scratch/dunlap/esmf-testing/nvhpc_21.11_openmpi_g_v8.3.1/esmf/DEFAULTINSTALLDIR/lib/libg/Linux.nvhpc.64.openmpi.default/libesmf.so(nuopc_connector_fieldbundlecplstore_+0x1172a)[0x2b5831eade6a]
[r2i5n26:33633] [10] /glade/scratch/dunlap/esmf-testing/nvhpc_21.11_openmpi_g_v8.3.1/esmf/DEFAULTINSTALLDIR/lib/libg/Linux.nvhpc.64.openmpi.default/libesmf.so(nuopc_connector_fieldbundlecplstore_+0x1172a)[0x2ae8ed82be6a]
[r2i5n26:33632] [10] /glade/scratch/dunlap/esmf-testing/nvhpc_21.11_openmpi_g_v8.3.1/esmf/DEFAULTINSTALLDIR/lib/libg/Linux.nvhpc.64.openmpi.default/libesmf.so(nuopc_connector_fieldbundlecplstore_+0x1172a)[0x2b61d3e62e6a]
[r2i5n26:33635] [10] /glade/scratch/dunlap/esmf-testing/nvhpc_21.11_openmpi_g_v8.3.1/esmf/DEFAULTINSTALLDIR/lib/libg/Linux.nvhpc.64.openmpi.default/libesmf.so(nuopc_connector_initializeipdv05p6b_+0x79cc)[0x2b8dc927184c]
[r2i5n26:33634] [11] /glade/scratch/dunlap/esmf-testing/nvhpc_21.11_openmpi_g_v8.3.1/esmf/DEFAULTINSTALLDIR/lib/libg/Linux.nvhpc.64.openmpi.default/libesmf.so(nuopc_connector_initializeipdv05p6b_+0x79cc)[0x2b5831e8884c]
[r2i5n26:33633] [11] /glade/scratch/dunlap/esmf-testing/nvhpc_21.11_openmpi_g_v8.3.1/esmf/DEFAULTINSTALLDIR/lib/libg/Linux.nvhpc.64.openmpi.default/libesmf.so(nuopc_connector_initializeipdv05p6b_+0x79cc)[0x2b61d3e3d84c]
[r2i5n26:33635] [11] /glade/scratch/dunlap/esmf-testing/nvhpc_21.11_openmpi_g_v8.3.1/esmf/DEFAULTINSTALLDIR/lib/libg/Linux.nvhpc.64.openmpi.default/libesmf.so(nuopc_connector_initializeipdv05p6b_+0x79cc)[0x2ae8ed80684c]
[r2i5n26:33632] [11] /glade/scratch/dunlap/esmf-testing/nvhpc_21.11_openmpi_g_v8.3.1/esmf/DEFAULTINSTALLDIR/lib/libg/Linux.nvhpc.64.openmpi.default/libesmf.so(_ZN5ESMCI6FTable12callVFuncPtrEPKcPNS_2VMEPi+0xc30)[0x2b8dc7d1e230]
[r2i5n26:33634] [12] /glade/scratch/dunlap/esmf-testing/nvhpc_21.11_openmpi_g_v8.3.1/esmf/DEFAULTINSTALLDIR/lib/libg/Linux.nvhpc.64.openmpi.default/libesmf.so(_ZN5ESMCI6FTable12callVFuncPtrEPKcPNS_2VMEPi+0xc30)[0x2b5830935230]
[r2i5n26:33633] [12] /glade/scratch/dunlap/esmf-testing/nvhpc_21.11_openmpi_g_v8.3.1/esmf/DEFAULTINSTALLDIR/lib/libg/Linux.nvhpc.64.openmpi.default/libesmf.so(_ZN5ESMCI6FTable12callVFuncPtrEPKcPNS_2VMEPi+0xc30)[0x2b61d28ea230]
[r2i5n26:33635] [12] /glade/scratch/dunlap/esmf-testing/nvhpc_21.11_openmpi_g_v8.3.1/esmf/DEFAULTINSTALLDIR/lib/libg/Linux.nvhpc.64.openmpi.default/libesmf.so(_ZN5ESMCI6FTable12callVFuncPtrEPKcPNS_2VMEPi+0xc30)[0x2ae8ec2b3230]
[r2i5n26:33632] [12] /glade/scratch/dunlap/esmf-testing/nvhpc_21.11_openmpi_g_v8.3.1/esmf/DEFAULTINSTALLDIR/lib/libg/Linux.nvhpc.64.openmpi.default/libesmf.so(ESMCI_FTableCallEntryPointVMHop+0x293)[0x2b8dc7d19493]
[r2i5n26:33634] [13] /glade/scratch/dunlap/esmf-testing/nvhpc_21.11_openmpi_g_v8.3.1/esmf/DEFAULTINSTALLDIR/lib/libg/Linux.nvhpc.64.openmpi.default/libesmf.so(ESMCI_FTableCallEntryPointVMHop+0x293)[0x2b5830930493]
[r2i5n26:33633] [13] /glade/scratch/dunlap/esmf-testing/nvhpc_21.11_openmpi_g_v8.3.1/esmf/DEFAULTINSTALLDIR/lib/libg/Linux.nvhpc.64.openmpi.default/libesmf.so(ESMCI_FTableCallEntryPointVMHop+0x293)[0x2b61d28e5493]
[r2i5n26:33635] [13] /glade/scratch/dunlap/esmf-testing/nvhpc_21.11_openmpi_g_v8.3.1/esmf/DEFAULTINSTALLDIR/lib/libg/Linux.nvhpc.64.openmpi.default/libesmf.so(ESMCI_FTableCallEntryPointVMHop+0x293)[0x2ae8ec2ae493]
[r2i5n26:33632] [13] /glade/scratch/dunlap/esmf-testing/nvhpc_21.11_openmpi_g_v8.3.1/esmf/DEFAULTINSTALLDIR/lib/libg/Linux.nvhpc.64.openmpi.default/libesmf.so(_ZN5ESMCI3VMK5enterEPNS_7VMKPlanEPvS3_+0xbb)[0x2b8dc85724bb]
[r2i5n26:33634] [14] /glade/scratch/dunlap/esmf-testing/nvhpc_21.11_openmpi_g_v8.3.1/esmf/DEFAULTINSTALLDIR/lib/libg/Linux.nvhpc.64.openmpi.default/libesmf.so(_ZN5ESMCI3VMK5enterEPNS_7VMKPlanEPvS3_+0xbb)[0x2b61d313e4bb]
[r2i5n26:33635] [14] /glade/scratch/dunlap/esmf-testing/nvhpc_21.11_openmpi_g_v8.3.1/esmf/DEFAULTINSTALLDIR/lib/libg/Linux.nvhpc.64.openmpi.default/libesmf.so(_ZN5ESMCI3VMK5enterEPNS_7VMKPlanEPvS3_+0xbb)[0x2b58311894bb]
[r2i5n26:33633] [14] /glade/scratch/dunlap/esmf-testing/nvhpc_21.11_openmpi_g_v8.3.1/esmf/DEFAULTINSTALLDIR/lib/libg/Linux.nvhpc.64.openmpi.default/libesmf.so(_ZN5ESMCI3VMK5enterEPNS_7VMKPlanEPvS3_+0xbb)[0x2ae8ecb074bb]
[r2i5n26:33632] [14] /glade/scratch/dunlap/esmf-testing/nvhpc_21.11_openmpi_g_v8.3.1/esmf/DEFAULTINSTALLDIR/lib/libg/Linux.nvhpc.64.openmpi.default/libesmf.so(_ZN5ESMCI2VM5enterEPNS_6VMPlanEPvS3_+0xbe)[0x2b8dc859ba7e]
[r2i5n26:33634] [15] /glade/scratch/dunlap/esmf-testing/nvhpc_21.11_openmpi_g_v8.3.1/esmf/DEFAULTINSTALLDIR/lib/libg/Linux.nvhpc.64.openmpi.default/libesmf.so(_ZN5ESMCI2VM5enterEPNS_6VMPlanEPvS3_+0xbe)[0x2b58311b2a7e]
[r2i5n26:33633] [15] /glade/scratch/dunlap/esmf-testing/nvhpc_21.11_openmpi_g_v8.3.1/esmf/DEFAULTINSTALLDIR/lib/libg/Linux.nvhpc.64.openmpi.default/libesmf.so(_ZN5ESMCI2VM5enterEPNS_6VMPlanEPvS3_+0xbe)[0x2b61d3167a7e]
[r2i5n26:33635] [15] /glade/scratch/dunlap/esmf-testing/nvhpc_21.11_openmpi_g_v8.3.1/esmf/DEFAULTINSTALLDIR/lib/libg/Linux.nvhpc.64.openmpi.default/libesmf.so(_ZN5ESMCI2VM5enterEPNS_6VMPlanEPvS3_+0xbe)[0x2ae8ecb30a7e]
[r2i5n26:33632] [15] /glade/scratch/dunlap/esmf-testing/nvhpc_21.11_openmpi_g_v8.3.1/esmf/DEFAULTINSTALLDIR/lib/libg/Linux.nvhpc.64.openmpi.default/libesmf.so(c_esmc_ftablecallentrypointvm_+0x393)[0x2b8dc7d19953]
[r2i5n26:33634] [16] /glade/scratch/dunlap/esmf-testing/nvhpc_21.11_openmpi_g_v8.3.1/esmf/DEFAULTINSTALLDIR/lib/libg/Linux.nvhpc.64.openmpi.default/libesmf.so(c_esmc_ftablecallentrypointvm_+0x393)[0x2b61d28e5953]
[r2i5n26:33635] [16] /glade/scratch/dunlap/esmf-testing/nvhpc_21.11_openmpi_g_v8.3.1/esmf/DEFAULTINSTALLDIR/lib/libg/Linux.nvhpc.64.openmpi.default/libesmf.so(c_esmc_ftablecallentrypointvm_+0x393)[0x2b5830930953]
[r2i5n26:33633] [16] /glade/scratch/dunlap/esmf-testing/nvhpc_21.11_openmpi_g_v8.3.1/esmf/DEFAULTINSTALLDIR/lib/libg/Linux.nvhpc.64.openmpi.default/libesmf.so(c_esmc_ftablecallentrypointvm_+0x393)[0x2ae8ec2ae953]
[r2i5n26:33632] [16] /glade/scratch/dunlap/esmf-testing/nvhpc_21.11_openmpi_g_v8.3.1/esmf/DEFAULTINSTALLDIR/lib/libg/Linux.nvhpc.64.openmpi.default/libesmf.so(esmf_compmod_esmf_compexecute_+0xa26)[0x2b8dc88cf1a6]
[r2i5n26:33634] [17] /glade/scratch/dunlap/esmf-testing/nvhpc_21.11_openmpi_g_v8.3.1/esmf/DEFAULTINSTALLDIR/lib/libg/Linux.nvhpc.64.openmpi.default/libesmf.so(esmf_compmod_esmf_compexecute_+0xa26)[0x2b58314e61a6]
[r2i5n26:33633] [17] /glade/scratch/dunlap/esmf-testing/nvhpc_21.11_openmpi_g_v8.3.1/esmf/DEFAULTINSTALLDIR/lib/libg/Linux.nvhpc.64.openmpi.default/libesmf.so(esmf_compmod_esmf_compexecute_+0xa26)[0x2b61d349b1a6]
[r2i5n26:33635] [17] /glade/scratch/dunlap/esmf-testing/nvhpc_21.11_openmpi_g_v8.3.1/esmf/DEFAULTINSTALLDIR/lib/libg/Linux.nvhpc.64.openmpi.default/libesmf.so(esmf_compmod_esmf_compexecute_+0xa26)[0x2ae8ece641a6]
[r2i5n26:33632] [17] /glade/scratch/dunlap/esmf-testing/nvhpc_21.11_openmpi_g_v8.3.1/esmf/DEFAULTINSTALLDIR/lib/libg/Linux.nvhpc.64.openmpi.default/libesmf.so(esmf_cplcompmod_esmf_cplcompinitialize_+0x1de)[0x2b8dc88e7e5e]
[r2i5n26:33634] [18] /glade/scratch/dunlap/esmf-testing/nvhpc_21.11_openmpi_g_v8.3.1/esmf/DEFAULTINSTALLDIR/lib/libg/Linux.nvhpc.64.openmpi.default/libesmf.so(esmf_cplcompmod_esmf_cplcompinitialize_+0x1de)[0x2b61d34b3e5e]
[r2i5n26:33635] [18] /glade/scratch/dunlap/esmf-testing/nvhpc_21.11_openmpi_g_v8.3.1/esmf/DEFAULTINSTALLDIR/lib/libg/Linux.nvhpc.64.openmpi.default/libesmf.so(esmf_cplcompmod_esmf_cplcompinitialize_+0x1de)[0x2b58314fee5e]
[r2i5n26:33633] [18] /glade/scratch/dunlap/esmf-testing/nvhpc_21.11_openmpi_g_v8.3.1/esmf/DEFAULTINSTALLDIR/lib/libg/Linux.nvhpc.64.openmpi.default/libesmf.so(esmf_cplcompmod_esmf_cplcompinitialize_+0x1de)[0x2ae8ece7ce5e]
[r2i5n26:33632] [18] /glade/scratch/dunlap/esmf-testing/nvhpc_21.11_openmpi_g_v8.3.1/esmf/DEFAULTINSTALLDIR/lib/libg/Linux.nvhpc.64.openmpi.default/libesmf.so(nuopc_driver_loopconnectorcompss_+0x1636)[0x2b8dc92c6f36]
[r2i5n26:33634] [19] /glade/scratch/dunlap/esmf-testing/nvhpc_21.11_openmpi_g_v8.3.1/esmf/DEFAULTINSTALLDIR/lib/libg/Linux.nvhpc.64.openmpi.default/libesmf.so(nuopc_driver_loopconnectorcompss_+0x1636)[0x2b5831eddf36]
[r2i5n26:33633] [19] /glade/scratch/dunlap/esmf-testing/nvhpc_21.11_openmpi_g_v8.3.1/esmf/DEFAULTINSTALLDIR/lib/libg/Linux.nvhpc.64.openmpi.default/libesmf.so(nuopc_driver_loopconnectorcompss_+0x1636)[0x2b61d3e92f36]
[r2i5n26:33635] [19] /glade/scratch/dunlap/esmf-testing/nvhpc_21.11_openmpi_g_v8.3.1/esmf/DEFAULTINSTALLDIR/lib/libg/Linux.nvhpc.64.openmpi.default/libesmf.so(nuopc_driver_loopconnectorcompss_+0x1636)[0x2ae8ed85bf36]
[r2i5n26:33632] [19] /glade/scratch/dunlap/esmf-testing/nvhpc_21.11_openmpi_g_v8.3.1/esmf/DEFAULTINSTALLDIR/lib/libg/Linux.nvhpc.64.openmpi.default/libesmf.so(nuopc_driver_initializeipdv02p3_+0x4286)[0x2b8dc92bb186]
[r2i5n26:33634] [20] /glade/scratch/dunlap/esmf-testing/nvhpc_21.11_openmpi_g_v8.3.1/esmf/DEFAULTINSTALLDIR/lib/libg/Linux.nvhpc.64.openmpi.default/libesmf.so(nuopc_driver_initializeipdv02p3_+0x4286)[0x2b61d3e87186]
[r2i5n26:33635] [20] /glade/scratch/dunlap/esmf-testing/nvhpc_21.11_openmpi_g_v8.3.1/esmf/DEFAULTINSTALLDIR/lib/libg/Linux.nvhpc.64.openmpi.default/libesmf.so(nuopc_driver_initializeipdv02p3_+0x4286)[0x2b5831ed2186]
[r2i5n26:33633] [20] /glade/scratch/dunlap/esmf-testing/nvhpc_21.11_openmpi_g_v8.3.1/esmf/DEFAULTINSTALLDIR/lib/libg/Linux.nvhpc.64.openmpi.default/libesmf.so(nuopc_driver_initializeipdv02p3_+0x4286)[0x2ae8ed850186]
[r2i5n26:33632] [20] /glade/scratch/dunlap/esmf-testing/nvhpc_21.11_openmpi_g_v8.3.1/esmf/DEFAULTINSTALLDIR/lib/libg/Linux.nvhpc.64.openmpi.default/libesmf.so(_ZN5ESMCI6FTable12callVFuncPtrEPKcPNS_2VMEPi+0xc30)[0x2b8dc7d1e230]
[r2i5n26:33634] [21] /glade/scratch/dunlap/esmf-testing/nvhpc_21.11_openmpi_g_v8.3.1/esmf/DEFAULTINSTALLDIR/lib/libg/Linux.nvhpc.64.openmpi.default/libesmf.so(_ZN5ESMCI6FTable12callVFuncPtrEPKcPNS_2VMEPi+0xc30)[0x2b5830935230]
[r2i5n26:33633] [21] /glade/scratch/dunlap/esmf-testing/nvhpc_21.11_openmpi_g_v8.3.1/esmf/DEFAULTINSTALLDIR/lib/libg/Linux.nvhpc.64.openmpi.default/libesmf.so(_ZN5ESMCI6FTable12callVFuncPtrEPKcPNS_2VMEPi+0xc30)[0x2b61d28ea230]
[r2i5n26:33635] [21] /glade/scratch/dunlap/esmf-testing/nvhpc_21.11_openmpi_g_v8.3.1/esmf/DEFAULTINSTALLDIR/lib/libg/Linux.nvhpc.64.openmpi.default/libesmf.so(_ZN5ESMCI6FTable12callVFuncPtrEPKcPNS_2VMEPi+0xc30)[0x2ae8ec2b3230]
[r2i5n26:33632] [21] /glade/scratch/dunlap/esmf-testing/nvhpc_21.11_openmpi_g_v8.3.1/esmf/DEFAULTINSTALLDIR/lib/libg/Linux.nvhpc.64.openmpi.default/libesmf.so(ESMCI_FTableCallEntryPointVMHop+0x293)[0x2b8dc7d19493]
[r2i5n26:33634] [22] /glade/scratch/dunlap/esmf-testing/nvhpc_21.11_openmpi_g_v8.3.1/esmf/DEFAULTINSTALLDIR/lib/libg/Linux.nvhpc.64.openmpi.default/libesmf.so(ESMCI_FTableCallEntryPointVMHop+0x293)[0x2b5830930493]
[r2i5n26:33633] [22] /glade/scratch/dunlap/esmf-testing/nvhpc_21.11_openmpi_g_v8.3.1/esmf/DEFAULTINSTALLDIR/lib/libg/Linux.nvhpc.64.openmpi.default/libesmf.so(ESMCI_FTableCallEntryPointVMHop+0x293)[0x2b61d28e5493]
[r2i5n26:33635] [22] /glade/scratch/dunlap/esmf-testing/nvhpc_21.11_openmpi_g_v8.3.1/esmf/DEFAULTINSTALLDIR/lib/libg/Linux.nvhpc.64.openmpi.default/libesmf.so(ESMCI_FTableCallEntryPointVMHop+0x293)[0x2ae8ec2ae493]
[r2i5n26:33632] [22] /glade/scratch/dunlap/esmf-testing/nvhpc_21.11_openmpi_g_v8.3.1/esmf/DEFAULTINSTALLDIR/lib/libg/Linux.nvhpc.64.openmpi.default/libesmf.so(_ZN5ESMCI3VMK5enterEPNS_7VMKPlanEPvS3_+0xbb)[0x2b8dc85724bb]
[r2i5n26:33634] [23] /glade/scratch/dunlap/esmf-testing/nvhpc_21.11_openmpi_g_v8.3.1/esmf/DEFAULTINSTALLDIR/lib/libg/Linux.nvhpc.64.openmpi.default/libesmf.so(_ZN5ESMCI3VMK5enterEPNS_7VMKPlanEPvS3_+0xbb)[0x2b58311894bb]
[r2i5n26:33633] [23] /glade/scratch/dunlap/esmf-testing/nvhpc_21.11_openmpi_g_v8.3.1/esmf/DEFAULTINSTALLDIR/lib/libg/Linux.nvhpc.64.openmpi.default/libesmf.so(_ZN5ESMCI3VMK5enterEPNS_7VMKPlanEPvS3_+0xbb)[0x2b61d313e4bb]
[r2i5n26:33635] [23] /glade/scratch/dunlap/esmf-testing/nvhpc_21.11_openmpi_g_v8.3.1/esmf/DEFAULTINSTALLDIR/lib/libg/Linux.nvhpc.64.openmpi.default/libesmf.so(_ZN5ESMCI3VMK5enterEPNS_7VMKPlanEPvS3_+0xbb)[0x2ae8ecb074bb]
[r2i5n26:33632] [23] /glade/scratch/dunlap/esmf-testing/nvhpc_21.11_openmpi_g_v8.3.1/esmf/DEFAULTINSTALLDIR/lib/libg/Linux.nvhpc.64.openmpi.default/libesmf.so(_ZN5ESMCI2VM5enterEPNS_6VMPlanEPvS3_+0xbe)[0x2b8dc859ba7e]
[r2i5n26:33634] [24] /glade/scratch/dunlap/esmf-testing/nvhpc_21.11_openmpi_g_v8.3.1/esmf/DEFAULTINSTALLDIR/lib/libg/Linux.nvhpc.64.openmpi.default/libesmf.so(_ZN5ESMCI2VM5enterEPNS_6VMPlanEPvS3_+0xbe)[0x2b58311b2a7e]
[r2i5n26:33633] [24] /glade/scratch/dunlap/esmf-testing/nvhpc_21.11_openmpi_g_v8.3.1/esmf/DEFAULTINSTALLDIR/lib/libg/Linux.nvhpc.64.openmpi.default/libesmf.so(_ZN5ESMCI2VM5enterEPNS_6VMPlanEPvS3_+0xbe)[0x2b61d3167a7e]
[r2i5n26:33635] [24] /glade/scratch/dunlap/esmf-testing/nvhpc_21.11_openmpi_g_v8.3.1/esmf/DEFAULTINSTALLDIR/lib/libg/Linux.nvhpc.64.openmpi.default/libesmf.so(_ZN5ESMCI2VM5enterEPNS_6VMPlanEPvS3_+0xbe)[0x2ae8ecb30a7e]
[r2i5n26:33632] [24] /glade/scratch/dunlap/esmf-testing/nvhpc_21.11_openmpi_g_v8.3.1/esmf/DEFAULTINSTALLDIR/lib/libg/Linux.nvhpc.64.openmpi.default/libesmf.so(c_esmc_ftablecallentrypointvm_+0x393)[0x2b8dc7d19953]
[r2i5n26:33634] [25] /glade/scratch/dunlap/esmf-testing/nvhpc_21.11_openmpi_g_v8.3.1/esmf/DEFAULTINSTALLDIR/lib/libg/Linux.nvhpc.64.openmpi.default/libesmf.so(c_esmc_ftablecallentrypointvm_+0x393)[0x2b5830930953]
[r2i5n26:33633] [25] /glade/scratch/dunlap/esmf-testing/nvhpc_21.11_openmpi_g_v8.3.1/esmf/DEFAULTINSTALLDIR/lib/libg/Linux.nvhpc.64.openmpi.default/libesmf.so(c_esmc_ftablecallentrypointvm_+0x393)[0x2b61d28e5953]
[r2i5n26:33635] [25] /glade/scratch/dunlap/esmf-testing/nvhpc_21.11_openmpi_g_v8.3.1/esmf/DEFAULTINSTALLDIR/lib/libg/Linux.nvhpc.64.openmpi.default/libesmf.so(c_esmc_ftablecallentrypointvm_+0x393)[0x2ae8ec2ae953]
[r2i5n26:33632] [25] /glade/scratch/dunlap/esmf-testing/nvhpc_21.11_openmpi_g_v8.3.1/esmf/DEFAULTINSTALLDIR/lib/libg/Linux.nvhpc.64.openmpi.default/libesmf.so(esmf_compmod_esmf_compexecute_+0xa26)[0x2b8dc88cf1a6]
[r2i5n26:33634] [26] /glade/scratch/dunlap/esmf-testing/nvhpc_21.11_openmpi_g_v8.3.1/esmf/DEFAULTINSTALLDIR/lib/libg/Linux.nvhpc.64.openmpi.default/libesmf.so(esmf_compmod_esmf_compexecute_+0xa26)[0x2b58314e61a6]
[r2i5n26:33633] [26] /glade/scratch/dunlap/esmf-testing/nvhpc_21.11_openmpi_g_v8.3.1/esmf/DEFAULTINSTALLDIR/lib/libg/Linux.nvhpc.64.openmpi.default/libesmf.so(esmf_compmod_esmf_compexecute_+0xa26)[0x2b61d349b1a6]
[r2i5n26:33635] [26] /glade/scratch/dunlap/esmf-testing/nvhpc_21.11_openmpi_g_v8.3.1/esmf/DEFAULTINSTALLDIR/lib/libg/Linux.nvhpc.64.openmpi.default/libesmf.so(esmf_compmod_esmf_compexecute_+0xa26)[0x2ae8ece641a6]
[r2i5n26:33632] [26] /glade/scratch/dunlap/esmf-testing/nvhpc_21.11_openmpi_g_v8.3.1/esmf/DEFAULTINSTALLDIR/lib/libg/Linux.nvhpc.64.openmpi.default/libesmf.so(esmf_gridcompmod_esmf_gridcompinitialize_+0x1de)[0x2b8dc8ba249e]
[r2i5n26:33634] [27] ./externalApp[0x40986a]
[r2i5n26:33634] [28] ./externalApp[0x4083f4]
[r2i5n26:33634] [29] ./externalApp[0x407c0d]
[r2i5n26:33634] *** End of error message ***
/glade/scratch/dunlap/esmf-testing/nvhpc_21.11_openmpi_g_v8.3.1/esmf/DEFAULTINSTALLDIR/lib/libg/Linux.nvhpc.64.openmpi.default/libesmf.so(esmf_gridcompmod_esmf_gridcompinitialize_+0x1de)[0x2b58317b949e]
[r2i5n26:33633] [27] ./externalApp[0x40986a]
[r2i5n26:33633] [28] ./externalApp[0x407edd]
[r2i5n26:33633] [29] ./externalApp[0x407bd9]
[r2i5n26:33633] *** End of error message ***
/glade/scratch/dunlap/esmf-testing/nvhpc_21.11_openmpi_g_v8.3.1/esmf/DEFAULTINSTALLDIR/lib/libg/Linux.nvhpc.64.openmpi.default/libesmf.so(esmf_gridcompmod_esmf_gridcompinitialize_+0x1de)[0x2b61d376e49e]
[r2i5n26:33635] [27] ./externalApp[0x40986a]
[r2i5n26:33635] [28] ./externalApp[0x4083f4]
[r2i5n26:33635] [29] ./externalApp[0x407c0d]
[r2i5n26:33635] *** End of error message ***
/glade/scratch/dunlap/esmf-testing/nvhpc_21.11_openmpi_g_v8.3.1/esmf/DEFAULTINSTALLDIR/lib/libg/Linux.nvhpc.64.openmpi.default/libesmf.so(esmf_gridcompmod_esmf_gridcompinitialize_+0x1de)[0x2ae8ed13749e]
[r2i5n26:33632] [27] ./externalApp[0x40986a]
[r2i5n26:33632] [28] ./externalApp[0x407edd]
[r2i5n26:33632] [29] ./externalApp[0x407bd9]
[r2i5n26:33632] *** End of error message ***
--------------------------------------------------------------------------
Primary job  terminated normally, but 1 process returned
a non-zero exit code. Per user-direction, the job has been aborted.
--------------------------------------------------------------------------
--------------------------------------------------------------------------
mpirun noticed that process rank 3 with PID 0 on node r2i5n26 exited on signal 11 (Segmentation fault).
--------------------------------------------------------------------------
