2022-09-20 10:07:51
20220920 113143.047 INFO             PET0 !!!!!!!!!!!!!!!!!!!!!!!!!!!!!!!!!!!!!!!!!!!!!!!!!!!!!!
20220920 113143.047 INFO             PET0 !!! THE ESMF_LOG IS SET TO OUTPUT ALL LOG MESSAGES !!!
20220920 113143.047 INFO             PET0 !!!     THIS MAY CAUSE SLOWDOWN IN PERFORMANCE     !!!
20220920 113143.047 INFO             PET0 !!! FOR PRODUCTION RUNS, USE:                      !!!
20220920 113143.047 INFO             PET0 !!!                   ESMF_LOGKIND_Multi_On_Error  !!!
20220920 113143.047 INFO             PET0 !!!!!!!!!!!!!!!!!!!!!!!!!!!!!!!!!!!!!!!!!!!!!!!!!!!!!!
20220920 113143.047 INFO             PET0 Running with ESMF Version   : v8.3.1
20220920 113143.047 INFO             PET0 ESMF library build date/time: "Sep 20 2022" "10:04:41"
20220920 113143.047 INFO             PET0 ESMF library build location : /glade/scratch/dunlap/esmf-testing/nvhpc_21.11_openmpi_g_v8.3.1/esmf
20220920 113143.047 INFO             PET0 ESMF_COMM                   : openmpi
20220920 113143.047 INFO             PET0 ESMF_MOAB                   : enabled
20220920 113143.047 INFO             PET0 ESMF_LAPACK                 : enabled
20220920 113143.047 INFO             PET0 ESMF_NETCDF                 : enabled
20220920 113143.047 INFO             PET0 ESMF_PNETCDF                : disabled
20220920 113143.047 INFO             PET0 ESMF_PIO                    : enabled
20220920 113143.047 INFO             PET0 ESMF_YAMLCPP                : enabled
20220920 113143.048 INFO             PET0 mainApp STARTING
20220920 113143.054 INFO             PET0 driver: InitializeP1 intro.
20220920 113143.055 INFO             PET0   driver: InitializeIPDv02p1 intro.
20220920 113143.055 INFO             PET0     >>>driver: entered Initialize (phase=<none>) without valid internal Clock.
20220920 113143.055 INFO             PET0     driver - Creating model component MODEL without petList.
20220920 113143.059 INFO             PET0      GridCompIsPetLocal:   T
20220920 113143.059 INFO             PET0      VmIsCreated:   T
20220920 113143.059 INFO             PET0      valid MPI_COMM with size=            4
20220920 113143.059 INFO             PET0     driver - Creating state: modelComp 1 Import State
20220920 113143.059 INFO             PET0     driver - Creating state: modelComp 1 Export State
20220920 113143.060 INFO             PET0     MODEL: InitializeP0 intro.
20220920 113143.060 INFO             PET0       >>>MODEL: entered Initialize (phase=<none>) without valid internal Clock.
20220920 113143.062 INFO             PET0       <<<MODEL: leaving Initialize (phase=<none>) without valid internal Clock.
20220920 113143.062 INFO             PET0     MODEL: InitializeP0 extro.
20220920 113143.064 INFO             PET0     driver: IInitAdvertise intro.
20220920 113143.064 INFO             PET0     driver: IInitAdvertise extro.
20220920 113143.065 INFO             PET0     MODEL: InitializeIPDvXp01 intro.
20220920 113143.065 INFO             PET0       >>>MODEL: entered Initialize (phase=IPDvXp01) without valid internal Clock.
20220920 113143.068 INFO             PET0       <<<MODEL: leaving Initialize (phase=IPDvXp01) without valid internal Clock.
20220920 113143.068 INFO             PET0     MODEL: InitializeIPDvXp01 extro.
20220920 113143.069 INFO             PET0     driver: IInitAdvertiseFinish intro.
20220920 113143.069 INFO             PET0     driver: IInitAdvertiseFinish extro.
20220920 113143.069 INFO             PET0     driver: IInitModifyCplLists intro.
20220920 113143.069 INFO             PET0     driver: IInitModifyCplLists extro.
20220920 113143.069 INFO             PET0     <<<driver: leaving Initialize (phase=<none>) with current time:    0  1  1  0  0  0   0
20220920 113143.069 INFO             PET0   driver: InitializeIPDv02p1 extro.
20220920 113143.069 INFO             PET0   driver: InitializeIPDv02p3 intro.
20220920 113143.070 INFO             PET0     >>>driver: entered Initialize (phase=<none>) with current time:    0  1  1  0  0  0   0
20220920 113143.070 INFO             PET0     driver: IInitCheck intro.
20220920 113143.070 INFO             PET0     driver: IInitCheck extro.
20220920 113143.074 INFO             PET0     MODEL: InitializeIPDvXp04 intro.
20220920 113143.074 INFO             PET0       >>>MODEL: entered Initialize (phase=IPDvXp04) without valid internal Clock.
20220920 113143.079 INFO             PET0       After Realize: - MemInfo: [/proc/meminfo - SSI]	MemTotal:       65507008 kB
20220920 113143.079 INFO             PET0       After Realize: - MemInfo: [/proc/meminfo - SSI]	MemFree:        48731236 kB
20220920 113143.079 INFO             PET0       After Realize: - MemInfo: [/proc/meminfo - SSI]	MemAvailable:   48515340 kB
20220920 113143.079 INFO             PET0       After Realize: - MemInfo: [/proc/meminfo - SSI]	Committed_AS:   14465180 kB
20220920 113143.079 INFO             PET0       After Realize: - MemInfo: [/proc/meminfo - SSI]	CommittedPercent: 22.0819 %
20220920 113143.079 INFO             PET0       After Realize: - MemInfo: [/proc/self/status]	VmPeak:	  757432 kB
20220920 113143.079 INFO             PET0       After Realize: - MemInfo: [/proc/self/status]	VmSize:	  757432 kB
20220920 113143.079 INFO             PET0       After Realize: - MemInfo: [/proc/self/status]	VmLck:	       0 kB
20220920 113143.079 INFO             PET0       After Realize: - MemInfo: [/proc/self/status]	VmPin:	   44660 kB
20220920 113143.079 INFO             PET0       After Realize: - MemInfo: [/proc/self/status]	VmHWM:	   83416 kB
20220920 113143.079 INFO             PET0       After Realize: - MemInfo: [/proc/self/status]	VmRSS:	   83416 kB
20220920 113143.079 INFO             PET0       After Realize: - MemInfo: [/proc/self/status]	VmData:	   97484 kB
20220920 113143.079 INFO             PET0       After Realize: - MemInfo: [/proc/self/status]	VmStk:	     204 kB
20220920 113143.079 INFO             PET0       After Realize: - MemInfo: [/proc/self/status]	VmExe:	     272 kB
20220920 113143.079 INFO             PET0       After Realize: - MemInfo: [/proc/self/status]	VmLib:	   89924 kB
20220920 113143.079 INFO             PET0       After Realize: - MemInfo: [/proc/self/status]	VmPTE:	    1056 kB
20220920 113143.079 INFO             PET0       After Realize: - MemInfo: [/proc/self/status]	VmPMD:	      16 kB
20220920 113143.079 INFO             PET0       After Realize: - MemInfo: [/proc/self/status]	VmSwap:	       0 kB
20220920 113143.079 INFO             PET0       After Realize: - MemInfo: [/proc/self/status]	VmRSSPercent: 0.127339 %
20220920 113143.079 INFO             PET0       After Realize: - MemInfo: [malloc] Non-mmapped space allocated:                 5017600 Byte
20220920 113143.079 INFO             PET0       After Realize: - MemInfo: [malloc] Space allocated in mmapped regions:          9990144 Byte
20220920 113143.079 INFO             PET0       After Realize: - MemInfo: [malloc] Maximum total allocated space:                     0 Byte
20220920 113143.079 INFO             PET0       After Realize: - MemInfo: [malloc] Space in freed fastbin blocks:                  1248 Byte
20220920 113143.079 INFO             PET0       After Realize: - MemInfo: [malloc] Total allocated space:                       4576448 Byte
20220920 113143.079 INFO             PET0       After Realize: - MemInfo: [malloc] Total free space:                             441152 Byte
20220920 113143.079 INFO             PET0       After Realize: - MemInfo: [malloc] Top-most, releasable space:                   109344 Byte
20220920 113143.079 INFO             PET0       After Realize: - MemInfo: [malloc] Total space in use, mmap + non-mmap:        14566592 Byte
20220920 113143.079 INFO             PET0       After Realize: - MemInfo: [malloc] Total space held (mmap + non-mmap):         15007744 Byte
20220920 113143.080 INFO             PET0       After Realize: - MemInfo: [malloc] Total space used (mmap + non-mmap):         14577120 Byte
20220920 113143.080 INFO             PET0       After Realize: - MemInfo: Wall-clock time since execution start:              0.0362455 seconds
20220920 113143.080 INFO             PET0       <<<MODEL: leaving Initialize (phase=IPDvXp04) without valid internal Clock.
20220920 113143.080 INFO             PET0     MODEL: InitializeIPDvXp04 extro.
20220920 113143.081 INFO             PET0     driver: IInitRealize intro.
20220920 113143.081 INFO             PET0     driver: IInitRealize extro.
20220920 113143.081 INFO             PET0     MODEL: InitializeIPDvXp07 intro.
20220920 113143.081 INFO             PET0       >>>MODEL: entered Initialize (phase=IPDvXp07) without valid internal Clock.
20220920 113143.081 INFO             PET0       <<<MODEL: leaving Initialize (phase=IPDvXp07) with current time:    0  1  1  0  0  0   0
20220920 113143.081 INFO             PET0     MODEL: InitializeIPDvXp07 extro.
20220920 113143.082 INFO             PET0     <<<driver: leaving Initialize (phase=<none>) with current time:    0  1  1  0  0  0   0
20220920 113143.082 INFO             PET0   driver: InitializeIPDv02p3 extro.
20220920 113143.082 INFO             PET0   driver: InitializeIPDv02p5 intro.
20220920 113143.083 INFO             PET0     >>>driver: entered Initialize (phase=<none>) with current time:    0  1  1  0  0  0   0
20220920 113143.083 INFO             PET0     driver: this is a top level driver, no 'Updated' and 'InitializeDataComplete' info on this level.
20220920 113143.083 INFO             PET0     driver: InitializeIPDv02p5Data intro.
20220920 113143.083 INFO             PET0       driver: InternalInitializeComplete intro.
20220920 113143.083 INFO             PET0         driver: InitializeDataComplete='true'
20220920 113143.083 INFO             PET0       driver: InternalInitializeComplete extro.
20220920 113143.083 INFO             PET0       MODEL: InitializeIPDvXp08 intro.
20220920 113143.083 INFO             PET0         >>>MODEL: entered Initialize (phase=IPDv05p8) with current time:    0  1  1  0  0  0   0
20220920 113143.084 INFO             PET0         MODEL: InitializeDataProgress='false', InitializeDataComplete='false'
20220920 113143.084 INFO             PET0         <<<MODEL: leaving Initialize (phase=IPDv05p8) with current time:    0  1  1  0  0  0   0
20220920 113143.084 INFO             PET0       MODEL: InitializeIPDvXp08 extro.
20220920 113143.085 INFO             PET0       driver: components present that trigger loopDataDependentInitialize().
20220920 113143.085 INFO             PET0       driver: loopDataDependentInitialize intro.
20220920 113143.085 INFO             PET0         driver: component    0=driver, dataComplete (local): true
20220920 113143.085 INFO             PET0         driver: component    0=driver, dataComplete (global):  T
20220920 113143.086 INFO             PET0         driver: component    1=MODEL, dataComplete (local): false
20220920 113143.086 INFO             PET0         driver: component    1=MODEL, dataComplete (global):  F
20220920 113143.086 INFO             PET0         MODEL: InitializeIPDvXp08 intro.
20220920 113143.086 INFO             PET0           >>>MODEL: entered Initialize (phase=IPDv05p8) with current time:    0  1  1  0  0  0   0
20220920 113143.086 INFO             PET0           MODEL: InitializeDataProgress='true', InitializeDataComplete='true'
20220920 113143.086 INFO             PET0           <<<MODEL: leaving Initialize (phase=IPDv05p8) with current time:    0  1  1  0  0  0   0
20220920 113143.086 INFO             PET0         MODEL: InitializeIPDvXp08 extro.
20220920 113143.087 INFO             PET0         driver: component    1=MODEL, someProgress (local): true
20220920 113143.087 INFO             PET0         driver: component    1=MODEL, someProgress (global):  T
20220920 113143.087 INFO             PET0         driver: someProgress= T, allComplete= F, present(dataDepAllComplete)= T
20220920 113143.087 INFO             PET0         driver: component    0=driver, dataComplete (local): true
20220920 113143.087 INFO             PET0         driver: component    0=driver, dataComplete (global):  T
20220920 113143.088 INFO             PET0         driver: component    1=MODEL, dataComplete (local): true
20220920 113143.088 INFO             PET0         driver: component    1=MODEL, dataComplete (global):  T
20220920 113143.088 INFO             PET0         driver: someProgress= F, allComplete= T, present(dataDepAllComplete)= T
20220920 113143.088 INFO             PET0         driver: finished resolving initialize data dependencies on this level.
20220920 113143.088 INFO             PET0       driver: loopDataDependentInitialize extro.
20220920 113143.088 INFO             PET0       driver: loopDataDependentInitialize() returned with dataDepAllComplete:  T
20220920 113143.088 INFO             PET0     driver: InitializeIPDv02p5Data extro.
20220920 113143.088 INFO             PET0     <<<driver: leaving Initialize (phase=<none>) with current time:    0  1  1  0  0  0   0
20220920 113143.088 INFO             PET0   driver: InitializeIPDv02p5 extro.
20220920 113143.088 INFO             PET0 driver: InitializeP1 extro.
20220920 113143.088 INFO             PET0 driver: Run intro.
20220920 113143.088 INFO             PET0   >>>driver entered Run (phase=RunPhase1) with current time:    0  1  1  0  0  0   0
20220920 113143.088 INFO             PET0   driver: after lable_SetRunClock, current time:    0  1  1  0  0  0   0
20220920 113143.088 INFO             PET0   driver: begin -------> RunSequence.
20220920 113143.088 INFO             PET0     driver: RunSequence event loopLevel=   1  levelMember=   1  loopIteration=   1, current time:    0  1  1  0  0  0   0
20220920 113143.088 INFO             PET0     MODEL: Run intro.
20220920 113143.088 INFO             PET0       >>>MODEL: entered Run (phase=RunPhase1) with current time:    0  1  1  0  0  0   0
20220920 113143.088 INFO             PET0       MODEL: time step-loop starting, current time:    0  1  1  0  0  0   0
20220920 113143.089 INFO             PET0       thread_num=   0   currentSsiPe=   9   num_threads=   3   max_threads=   3   num_procs=  36
20220920 113143.089 INFO             PET0       thread_num=   1   currentSsiPe=   3   num_threads=   3   max_threads=   3   num_procs=  36
20220920 113143.089 INFO             PET0       thread_num=   2   currentSsiPe=   7   num_threads=   3   max_threads=   3   num_procs=  36
20220920 113143.089 INFO             PET0       ---->Advancing Model from:    0  1  1  0  0  0   0
20220920 113143.089 INFO             PET0       ---------------------> to:    0  1  1  0  0 30   0
20220920 113143.089 INFO             PET0       MODEL: time step-loop ending,   current time:    0  1  1  0  0 30   0
20220920 113143.089 INFO             PET0       <<<MODEL: leaving Run (phase=RunPhase1) with current time:    0  1  1  0  0 30   0
20220920 113143.089 INFO             PET0     MODEL: Run extro.
20220920 113143.089 INFO             PET0     driver: RunSequence event loopLevel=   1  levelMember=   1  loopIteration=   2, current time:    0  1  1  0  0 30   0
20220920 113143.089 INFO             PET0     MODEL: Run intro.
20220920 113143.089 INFO             PET0       >>>MODEL: entered Run (phase=RunPhase1) with current time:    0  1  1  0  0 30   0
20220920 113143.089 INFO             PET0       MODEL: time step-loop starting, current time:    0  1  1  0  0 30   0
20220920 113143.089 INFO             PET0       thread_num=   2   currentSsiPe=   7   num_threads=   3   max_threads=   3   num_procs=  36
20220920 113143.089 INFO             PET0       thread_num=   0   currentSsiPe=   9   num_threads=   3   max_threads=   3   num_procs=  36
20220920 113143.089 INFO             PET0       thread_num=   1   currentSsiPe=   3   num_threads=   3   max_threads=   3   num_procs=  36
20220920 113143.089 INFO             PET0       ---->Advancing Model from:    0  1  1  0  0 30   0
20220920 113143.089 INFO             PET0       ---------------------> to:    0  1  1  0  1  0   0
20220920 113143.089 INFO             PET0       MODEL: time step-loop ending,   current time:    0  1  1  0  1  0   0
20220920 113143.089 INFO             PET0       <<<MODEL: leaving Run (phase=RunPhase1) with current time:    0  1  1  0  1  0   0
20220920 113143.089 INFO             PET0     MODEL: Run extro.
20220920 113143.089 INFO             PET0     driver: RunSequence event loopLevel=   1  levelMember=   1  loopIteration=   3, current time:    0  1  1  0  1  0   0
20220920 113143.089 INFO             PET0     MODEL: Run intro.
20220920 113143.089 INFO             PET0       >>>MODEL: entered Run (phase=RunPhase1) with current time:    0  1  1  0  1  0   0
20220920 113143.090 INFO             PET0       MODEL: time step-loop starting, current time:    0  1  1  0  1  0   0
20220920 113143.090 INFO             PET0       thread_num=   1   currentSsiPe=   3   num_threads=   3   max_threads=   3   num_procs=  36
20220920 113143.090 INFO             PET0       thread_num=   0   currentSsiPe=   9   num_threads=   3   max_threads=   3   num_procs=  36
20220920 113143.090 INFO             PET0       thread_num=   2   currentSsiPe=   7   num_threads=   3   max_threads=   3   num_procs=  36
20220920 113143.090 INFO             PET0       ---->Advancing Model from:    0  1  1  0  1  0   0
20220920 113143.090 INFO             PET0       ---------------------> to:    0  1  1  0  1 30   0
20220920 113143.090 INFO             PET0       MODEL: time step-loop ending,   current time:    0  1  1  0  1 30   0
20220920 113143.090 INFO             PET0       <<<MODEL: leaving Run (phase=RunPhase1) with current time:    0  1  1  0  1 30   0
20220920 113143.090 INFO             PET0     MODEL: Run extro.
20220920 113143.090 INFO             PET0     driver: RunSequence event loopLevel=   1  levelMember=   1  loopIteration=   4, current time:    0  1  1  0  1 30   0
20220920 113143.090 INFO             PET0     MODEL: Run intro.
20220920 113143.090 INFO             PET0       >>>MODEL: entered Run (phase=RunPhase1) with current time:    0  1  1  0  1 30   0
20220920 113143.090 INFO             PET0       MODEL: time step-loop starting, current time:    0  1  1  0  1 30   0
20220920 113143.090 INFO             PET0       thread_num=   2   currentSsiPe=   7   num_threads=   3   max_threads=   3   num_procs=  36
20220920 113143.090 INFO             PET0       thread_num=   0   currentSsiPe=   9   num_threads=   3   max_threads=   3   num_procs=  36
20220920 113143.090 INFO             PET0       thread_num=   1   currentSsiPe=   3   num_threads=   3   max_threads=   3   num_procs=  36
20220920 113143.090 INFO             PET0       ---->Advancing Model from:    0  1  1  0  1 30   0
20220920 113143.090 INFO             PET0       ---------------------> to:    0  1  1  0  2  0   0
20220920 113143.090 INFO             PET0       MODEL: time step-loop ending,   current time:    0  1  1  0  2  0   0
20220920 113143.090 INFO             PET0       <<<MODEL: leaving Run (phase=RunPhase1) with current time:    0  1  1  0  2  0   0
20220920 113143.090 INFO             PET0     MODEL: Run extro.
20220920 113143.090 INFO             PET0     driver: RunSequence event loopLevel=   1  levelMember=   1  loopIteration=   5, current time:    0  1  1  0  2  0   0
20220920 113143.090 INFO             PET0     MODEL: Run intro.
20220920 113143.090 INFO             PET0       >>>MODEL: entered Run (phase=RunPhase1) with current time:    0  1  1  0  2  0   0
20220920 113143.090 INFO             PET0       MODEL: time step-loop starting, current time:    0  1  1  0  2  0   0
20220920 113143.090 INFO             PET0       thread_num=   1   currentSsiPe=   3   num_threads=   3   max_threads=   3   num_procs=  36
20220920 113143.090 INFO             PET0       thread_num=   0   currentSsiPe=   9   num_threads=   3   max_threads=   3   num_procs=  36
20220920 113143.090 INFO             PET0       thread_num=   2   currentSsiPe=   7   num_threads=   3   max_threads=   3   num_procs=  36
20220920 113143.090 INFO             PET0       ---->Advancing Model from:    0  1  1  0  2  0   0
20220920 113143.090 INFO             PET0       ---------------------> to:    0  1  1  0  2 30   0
20220920 113143.090 INFO             PET0       MODEL: time step-loop ending,   current time:    0  1  1  0  2 30   0
20220920 113143.090 INFO             PET0       <<<MODEL: leaving Run (phase=RunPhase1) with current time:    0  1  1  0  2 30   0
20220920 113143.091 INFO             PET0     MODEL: Run extro.
20220920 113143.091 INFO             PET0   driver: end <--------- RunSequence
20220920 113143.091 INFO             PET0   <<<driver - leaving Run with current time:    0  1  1  0  2 30   0
20220920 113143.091 INFO             PET0 driver: Run extro.
20220920 113143.091 INFO             PET0 driver: Finalize intro.
20220920 113143.091 INFO             PET0   Calling Finalize phase 1 for modelComp: MODEL
20220920 113143.091 INFO             PET0   MODEL: Finalize intro.
20220920 113143.091 INFO             PET0     >>>MODEL: entered Finalize (phase=FinalizePhase1) with current time:    0  1  1  0  2 30   0
20220920 113143.091 INFO             PET0     <<<MODEL: leaving Finalize (phase=FinalizePhase1) with current time:    0  1  1  0  2 30   0
20220920 113143.091 INFO             PET0   MODEL: Finalize extro.
20220920 113143.091 INFO             PET0   Delete modelComp: MODEL
20220920 113143.091 INFO             PET0   Delete Import-/Export State for modelComp: MODEL
20220920 113143.091 INFO             PET0 driver: Finalize extro.
20220920 113143.091 INFO             PET0 mainApp FINISHED
20220920 113143.091 INFO             PET0 Finalizing ESMF
20220920 113143.046 INFO             PET1 !!!!!!!!!!!!!!!!!!!!!!!!!!!!!!!!!!!!!!!!!!!!!!!!!!!!!!
20220920 113143.046 INFO             PET1 !!! THE ESMF_LOG IS SET TO OUTPUT ALL LOG MESSAGES !!!
20220920 113143.046 INFO             PET1 !!!     THIS MAY CAUSE SLOWDOWN IN PERFORMANCE     !!!
20220920 113143.046 INFO             PET1 !!! FOR PRODUCTION RUNS, USE:                      !!!
20220920 113143.046 INFO             PET1 !!!                   ESMF_LOGKIND_Multi_On_Error  !!!
20220920 113143.046 INFO             PET1 !!!!!!!!!!!!!!!!!!!!!!!!!!!!!!!!!!!!!!!!!!!!!!!!!!!!!!
20220920 113143.046 INFO             PET1 Running with ESMF Version   : v8.3.1
20220920 113143.046 INFO             PET1 ESMF library build date/time: "Sep 20 2022" "10:04:41"
20220920 113143.046 INFO             PET1 ESMF library build location : /glade/scratch/dunlap/esmf-testing/nvhpc_21.11_openmpi_g_v8.3.1/esmf
20220920 113143.046 INFO             PET1 ESMF_COMM                   : openmpi
20220920 113143.047 INFO             PET1 ESMF_MOAB                   : enabled
20220920 113143.047 INFO             PET1 ESMF_LAPACK                 : enabled
20220920 113143.047 INFO             PET1 ESMF_NETCDF                 : enabled
20220920 113143.047 INFO             PET1 ESMF_PNETCDF                : disabled
20220920 113143.047 INFO             PET1 ESMF_PIO                    : enabled
20220920 113143.047 INFO             PET1 ESMF_YAMLCPP                : enabled
20220920 113143.048 INFO             PET1 mainApp STARTING
20220920 113143.054 INFO             PET1 driver: InitializeP1 intro.
20220920 113143.055 INFO             PET1   driver: InitializeIPDv02p1 intro.
20220920 113143.055 INFO             PET1     >>>driver: entered Initialize (phase=<none>) without valid internal Clock.
20220920 113143.055 INFO             PET1     driver - Creating model component MODEL without petList.
20220920 113143.059 INFO             PET1      GridCompIsPetLocal:   T
20220920 113143.059 INFO             PET1      VmIsCreated:   T
20220920 113143.059 INFO             PET1      valid MPI_COMM with size=            4
20220920 113143.059 INFO             PET1     driver - Creating state: modelComp 1 Import State
20220920 113143.059 INFO             PET1     driver - Creating state: modelComp 1 Export State
20220920 113143.060 INFO             PET1     MODEL: InitializeP0 intro.
20220920 113143.060 INFO             PET1       >>>MODEL: entered Initialize (phase=<none>) without valid internal Clock.
20220920 113143.062 INFO             PET1       <<<MODEL: leaving Initialize (phase=<none>) without valid internal Clock.
20220920 113143.062 INFO             PET1     MODEL: InitializeP0 extro.
20220920 113143.065 INFO             PET1     driver: IInitAdvertise intro.
20220920 113143.065 INFO             PET1     driver: IInitAdvertise extro.
20220920 113143.065 INFO             PET1     MODEL: InitializeIPDvXp01 intro.
20220920 113143.065 INFO             PET1       >>>MODEL: entered Initialize (phase=IPDvXp01) without valid internal Clock.
20220920 113143.068 INFO             PET1       <<<MODEL: leaving Initialize (phase=IPDvXp01) without valid internal Clock.
20220920 113143.068 INFO             PET1     MODEL: InitializeIPDvXp01 extro.
20220920 113143.070 INFO             PET1     driver: IInitAdvertiseFinish intro.
20220920 113143.070 INFO             PET1     driver: IInitAdvertiseFinish extro.
20220920 113143.070 INFO             PET1     driver: IInitModifyCplLists intro.
20220920 113143.070 INFO             PET1     driver: IInitModifyCplLists extro.
20220920 113143.070 INFO             PET1     <<<driver: leaving Initialize (phase=<none>) with current time:    0  1  1  0  0  0   0
20220920 113143.070 INFO             PET1   driver: InitializeIPDv02p1 extro.
20220920 113143.070 INFO             PET1   driver: InitializeIPDv02p3 intro.
20220920 113143.070 INFO             PET1     >>>driver: entered Initialize (phase=<none>) with current time:    0  1  1  0  0  0   0
20220920 113143.070 INFO             PET1     driver: IInitCheck intro.
20220920 113143.070 INFO             PET1     driver: IInitCheck extro.
20220920 113143.072 INFO             PET1     MODEL: InitializeIPDvXp04 intro.
20220920 113143.072 INFO             PET1       >>>MODEL: entered Initialize (phase=IPDvXp04) without valid internal Clock.
20220920 113143.077 INFO             PET1       After Realize: - MemInfo: [/proc/meminfo - SSI]	MemTotal:       65507008 kB
20220920 113143.077 INFO             PET1       After Realize: - MemInfo: [/proc/meminfo - SSI]	MemFree:        48731236 kB
20220920 113143.077 INFO             PET1       After Realize: - MemInfo: [/proc/meminfo - SSI]	MemAvailable:   48515340 kB
20220920 113143.077 INFO             PET1       After Realize: - MemInfo: [/proc/meminfo - SSI]	Committed_AS:   14465180 kB
20220920 113143.077 INFO             PET1       After Realize: - MemInfo: [/proc/meminfo - SSI]	CommittedPercent: 22.0819 %
20220920 113143.077 INFO             PET1       After Realize: - MemInfo: [/proc/self/status]	VmPeak:	  745028 kB
20220920 113143.077 INFO             PET1       After Realize: - MemInfo: [/proc/self/status]	VmSize:	  745028 kB
20220920 113143.077 INFO             PET1       After Realize: - MemInfo: [/proc/self/status]	VmLck:	       0 kB
20220920 113143.077 INFO             PET1       After Realize: - MemInfo: [/proc/self/status]	VmPin:	   44660 kB
20220920 113143.077 INFO             PET1       After Realize: - MemInfo: [/proc/self/status]	VmHWM:	   82960 kB
20220920 113143.077 INFO             PET1       After Realize: - MemInfo: [/proc/self/status]	VmRSS:	   82960 kB
20220920 113143.077 INFO             PET1       After Realize: - MemInfo: [/proc/self/status]	VmData:	   89272 kB
20220920 113143.077 INFO             PET1       After Realize: - MemInfo: [/proc/self/status]	VmStk:	     208 kB
20220920 113143.077 INFO             PET1       After Realize: - MemInfo: [/proc/self/status]	VmExe:	     272 kB
20220920 113143.077 INFO             PET1       After Realize: - MemInfo: [/proc/self/status]	VmLib:	   89924 kB
20220920 113143.077 INFO             PET1       After Realize: - MemInfo: [/proc/self/status]	VmPTE:	    1048 kB
20220920 113143.077 INFO             PET1       After Realize: - MemInfo: [/proc/self/status]	VmPMD:	      12 kB
20220920 113143.077 INFO             PET1       After Realize: - MemInfo: [/proc/self/status]	VmSwap:	       0 kB
20220920 113143.078 INFO             PET1       After Realize: - MemInfo: [/proc/self/status]	VmRSSPercent: 0.126643 %
20220920 113143.078 INFO             PET1       After Realize: - MemInfo: [malloc] Non-mmapped space allocated:                 5017600 Byte
20220920 113143.078 INFO             PET1       After Realize: - MemInfo: [malloc] Space allocated in mmapped regions:          1581056 Byte
20220920 113143.078 INFO             PET1       After Realize: - MemInfo: [malloc] Maximum total allocated space:                     0 Byte
20220920 113143.078 INFO             PET1       After Realize: - MemInfo: [malloc] Space in freed fastbin blocks:                  1040 Byte
20220920 113143.078 INFO             PET1       After Realize: - MemInfo: [malloc] Total allocated space:                       4576224 Byte
20220920 113143.078 INFO             PET1       After Realize: - MemInfo: [malloc] Total free space:                             441376 Byte
20220920 113143.078 INFO             PET1       After Realize: - MemInfo: [malloc] Top-most, releasable space:                   109216 Byte
20220920 113143.078 INFO             PET1       After Realize: - MemInfo: [malloc] Total space in use, mmap + non-mmap:         6157280 Byte
20220920 113143.078 INFO             PET1       After Realize: - MemInfo: [malloc] Total space held (mmap + non-mmap):          6598656 Byte
20220920 113143.078 INFO             PET1       After Realize: - MemInfo: [malloc] Total space used (mmap + non-mmap):          6167808 Byte
20220920 113143.078 INFO             PET1       After Realize: - MemInfo: Wall-clock time since execution start:              0.0348827 seconds
20220920 113143.078 INFO             PET1       <<<MODEL: leaving Initialize (phase=IPDvXp04) without valid internal Clock.
20220920 113143.078 INFO             PET1     MODEL: InitializeIPDvXp04 extro.
20220920 113143.081 INFO             PET1     driver: IInitRealize intro.
20220920 113143.081 INFO             PET1     driver: IInitRealize extro.
20220920 113143.081 INFO             PET1     MODEL: InitializeIPDvXp07 intro.
20220920 113143.081 INFO             PET1       >>>MODEL: entered Initialize (phase=IPDvXp07) without valid internal Clock.
20220920 113143.082 INFO             PET1       <<<MODEL: leaving Initialize (phase=IPDvXp07) with current time:    0  1  1  0  0  0   0
20220920 113143.082 INFO             PET1     MODEL: InitializeIPDvXp07 extro.
20220920 113143.083 INFO             PET1     <<<driver: leaving Initialize (phase=<none>) with current time:    0  1  1  0  0  0   0
20220920 113143.083 INFO             PET1   driver: InitializeIPDv02p3 extro.
20220920 113143.083 INFO             PET1   driver: InitializeIPDv02p5 intro.
20220920 113143.083 INFO             PET1     >>>driver: entered Initialize (phase=<none>) with current time:    0  1  1  0  0  0   0
20220920 113143.083 INFO             PET1     driver: this is a top level driver, no 'Updated' and 'InitializeDataComplete' info on this level.
20220920 113143.083 INFO             PET1     driver: InitializeIPDv02p5Data intro.
20220920 113143.083 INFO             PET1       driver: InternalInitializeComplete intro.
20220920 113143.083 INFO             PET1         driver: InitializeDataComplete='true'
20220920 113143.083 INFO             PET1       driver: InternalInitializeComplete extro.
20220920 113143.083 INFO             PET1       MODEL: InitializeIPDvXp08 intro.
20220920 113143.084 INFO             PET1         >>>MODEL: entered Initialize (phase=IPDv05p8) with current time:    0  1  1  0  0  0   0
20220920 113143.084 INFO             PET1         MODEL: InitializeDataProgress='false', InitializeDataComplete='false'
20220920 113143.084 INFO             PET1         <<<MODEL: leaving Initialize (phase=IPDv05p8) with current time:    0  1  1  0  0  0   0
20220920 113143.084 INFO             PET1       MODEL: InitializeIPDvXp08 extro.
20220920 113143.085 INFO             PET1       driver: components present that trigger loopDataDependentInitialize().
20220920 113143.085 INFO             PET1       driver: loopDataDependentInitialize intro.
20220920 113143.085 INFO             PET1         driver: component    0=driver, dataComplete (local): true
20220920 113143.085 INFO             PET1         driver: component    0=driver, dataComplete (global):  T
20220920 113143.086 INFO             PET1         driver: component    1=MODEL, dataComplete (local): false
20220920 113143.086 INFO             PET1         driver: component    1=MODEL, dataComplete (global):  F
20220920 113143.086 INFO             PET1         MODEL: InitializeIPDvXp08 intro.
20220920 113143.086 INFO             PET1           >>>MODEL: entered Initialize (phase=IPDv05p8) with current time:    0  1  1  0  0  0   0
20220920 113143.086 INFO             PET1           MODEL: InitializeDataProgress='true', InitializeDataComplete='true'
20220920 113143.086 INFO             PET1           <<<MODEL: leaving Initialize (phase=IPDv05p8) with current time:    0  1  1  0  0  0   0
20220920 113143.086 INFO             PET1         MODEL: InitializeIPDvXp08 extro.
20220920 113143.087 INFO             PET1         driver: component    1=MODEL, someProgress (local): true
20220920 113143.087 INFO             PET1         driver: component    1=MODEL, someProgress (global):  T
20220920 113143.087 INFO             PET1         driver: someProgress= T, allComplete= F, present(dataDepAllComplete)= T
20220920 113143.087 INFO             PET1         driver: component    0=driver, dataComplete (local): true
20220920 113143.087 INFO             PET1         driver: component    0=driver, dataComplete (global):  T
20220920 113143.088 INFO             PET1         driver: component    1=MODEL, dataComplete (local): true
20220920 113143.088 INFO             PET1         driver: component    1=MODEL, dataComplete (global):  T
20220920 113143.088 INFO             PET1         driver: someProgress= F, allComplete= T, present(dataDepAllComplete)= T
20220920 113143.088 INFO             PET1         driver: finished resolving initialize data dependencies on this level.
20220920 113143.088 INFO             PET1       driver: loopDataDependentInitialize extro.
20220920 113143.088 INFO             PET1       driver: loopDataDependentInitialize() returned with dataDepAllComplete:  T
20220920 113143.088 INFO             PET1     driver: InitializeIPDv02p5Data extro.
20220920 113143.088 INFO             PET1     <<<driver: leaving Initialize (phase=<none>) with current time:    0  1  1  0  0  0   0
20220920 113143.088 INFO             PET1   driver: InitializeIPDv02p5 extro.
20220920 113143.088 INFO             PET1 driver: InitializeP1 extro.
20220920 113143.088 INFO             PET1 driver: Run intro.
20220920 113143.088 INFO             PET1   >>>driver entered Run (phase=RunPhase1) with current time:    0  1  1  0  0  0   0
20220920 113143.088 INFO             PET1   driver: after lable_SetRunClock, current time:    0  1  1  0  0  0   0
20220920 113143.088 INFO             PET1   driver: begin -------> RunSequence.
20220920 113143.088 INFO             PET1     driver: RunSequence event loopLevel=   1  levelMember=   1  loopIteration=   1, current time:    0  1  1  0  0  0   0
20220920 113143.088 INFO             PET1     MODEL: Run intro.
20220920 113143.088 INFO             PET1       >>>MODEL: entered Run (phase=RunPhase1) with current time:    0  1  1  0  0  0   0
20220920 113143.088 INFO             PET1       MODEL: time step-loop starting, current time:    0  1  1  0  0  0   0
20220920 113143.089 INFO             PET1       thread_num=   1   currentSsiPe=  35   num_threads=   3   max_threads=   3   num_procs=  36
20220920 113143.089 INFO             PET1       thread_num=   2   currentSsiPe=  61   num_threads=   3   max_threads=   3   num_procs=  36
20220920 113143.089 INFO             PET1       thread_num=   0   currentSsiPe=  21   num_threads=   3   max_threads=   3   num_procs=  36
20220920 113143.089 INFO             PET1       ---->Advancing Model from:    0  1  1  0  0  0   0
20220920 113143.089 INFO             PET1       ---------------------> to:    0  1  1  0  0 30   0
20220920 113143.089 INFO             PET1       MODEL: time step-loop ending,   current time:    0  1  1  0  0 30   0
20220920 113143.089 INFO             PET1       <<<MODEL: leaving Run (phase=RunPhase1) with current time:    0  1  1  0  0 30   0
20220920 113143.089 INFO             PET1     MODEL: Run extro.
20220920 113143.089 INFO             PET1     driver: RunSequence event loopLevel=   1  levelMember=   1  loopIteration=   2, current time:    0  1  1  0  0 30   0
20220920 113143.089 INFO             PET1     MODEL: Run intro.
20220920 113143.089 INFO             PET1       >>>MODEL: entered Run (phase=RunPhase1) with current time:    0  1  1  0  0 30   0
20220920 113143.089 INFO             PET1       MODEL: time step-loop starting, current time:    0  1  1  0  0 30   0
20220920 113143.089 INFO             PET1       thread_num=   2   currentSsiPe=  61   num_threads=   3   max_threads=   3   num_procs=  36
20220920 113143.089 INFO             PET1       thread_num=   0   currentSsiPe=  21   num_threads=   3   max_threads=   3   num_procs=  36
20220920 113143.089 INFO             PET1       thread_num=   1   currentSsiPe=  35   num_threads=   3   max_threads=   3   num_procs=  36
20220920 113143.089 INFO             PET1       ---->Advancing Model from:    0  1  1  0  0 30   0
20220920 113143.089 INFO             PET1       ---------------------> to:    0  1  1  0  1  0   0
20220920 113143.089 INFO             PET1       MODEL: time step-loop ending,   current time:    0  1  1  0  1  0   0
20220920 113143.089 INFO             PET1       <<<MODEL: leaving Run (phase=RunPhase1) with current time:    0  1  1  0  1  0   0
20220920 113143.089 INFO             PET1     MODEL: Run extro.
20220920 113143.089 INFO             PET1     driver: RunSequence event loopLevel=   1  levelMember=   1  loopIteration=   3, current time:    0  1  1  0  1  0   0
20220920 113143.089 INFO             PET1     MODEL: Run intro.
20220920 113143.089 INFO             PET1       >>>MODEL: entered Run (phase=RunPhase1) with current time:    0  1  1  0  1  0   0
20220920 113143.089 INFO             PET1       MODEL: time step-loop starting, current time:    0  1  1  0  1  0   0
20220920 113143.090 INFO             PET1       thread_num=   2   currentSsiPe=  61   num_threads=   3   max_threads=   3   num_procs=  36
20220920 113143.090 INFO             PET1       thread_num=   0   currentSsiPe=  21   num_threads=   3   max_threads=   3   num_procs=  36
20220920 113143.090 INFO             PET1       thread_num=   1   currentSsiPe=  35   num_threads=   3   max_threads=   3   num_procs=  36
20220920 113143.090 INFO             PET1       ---->Advancing Model from:    0  1  1  0  1  0   0
20220920 113143.090 INFO             PET1       ---------------------> to:    0  1  1  0  1 30   0
20220920 113143.090 INFO             PET1       MODEL: time step-loop ending,   current time:    0  1  1  0  1 30   0
20220920 113143.090 INFO             PET1       <<<MODEL: leaving Run (phase=RunPhase1) with current time:    0  1  1  0  1 30   0
20220920 113143.090 INFO             PET1     MODEL: Run extro.
20220920 113143.090 INFO             PET1     driver: RunSequence event loopLevel=   1  levelMember=   1  loopIteration=   4, current time:    0  1  1  0  1 30   0
20220920 113143.090 INFO             PET1     MODEL: Run intro.
20220920 113143.090 INFO             PET1       >>>MODEL: entered Run (phase=RunPhase1) with current time:    0  1  1  0  1 30   0
20220920 113143.090 INFO             PET1       MODEL: time step-loop starting, current time:    0  1  1  0  1 30   0
20220920 113143.090 INFO             PET1       thread_num=   2   currentSsiPe=  61   num_threads=   3   max_threads=   3   num_procs=  36
20220920 113143.090 INFO             PET1       thread_num=   0   currentSsiPe=  21   num_threads=   3   max_threads=   3   num_procs=  36
20220920 113143.090 INFO             PET1       thread_num=   1   currentSsiPe=  35   num_threads=   3   max_threads=   3   num_procs=  36
20220920 113143.090 INFO             PET1       ---->Advancing Model from:    0  1  1  0  1 30   0
20220920 113143.090 INFO             PET1       ---------------------> to:    0  1  1  0  2  0   0
20220920 113143.090 INFO             PET1       MODEL: time step-loop ending,   current time:    0  1  1  0  2  0   0
20220920 113143.090 INFO             PET1       <<<MODEL: leaving Run (phase=RunPhase1) with current time:    0  1  1  0  2  0   0
20220920 113143.090 INFO             PET1     MODEL: Run extro.
20220920 113143.090 INFO             PET1     driver: RunSequence event loopLevel=   1  levelMember=   1  loopIteration=   5, current time:    0  1  1  0  2  0   0
20220920 113143.090 INFO             PET1     MODEL: Run intro.
20220920 113143.090 INFO             PET1       >>>MODEL: entered Run (phase=RunPhase1) with current time:    0  1  1  0  2  0   0
20220920 113143.090 INFO             PET1       MODEL: time step-loop starting, current time:    0  1  1  0  2  0   0
20220920 113143.090 INFO             PET1       thread_num=   2   currentSsiPe=  61   num_threads=   3   max_threads=   3   num_procs=  36
20220920 113143.090 INFO             PET1       thread_num=   0   currentSsiPe=  21   num_threads=   3   max_threads=   3   num_procs=  36
20220920 113143.090 INFO             PET1       thread_num=   1   currentSsiPe=  35   num_threads=   3   max_threads=   3   num_procs=  36
20220920 113143.090 INFO             PET1       ---->Advancing Model from:    0  1  1  0  2  0   0
20220920 113143.090 INFO             PET1       ---------------------> to:    0  1  1  0  2 30   0
20220920 113143.090 INFO             PET1       MODEL: time step-loop ending,   current time:    0  1  1  0  2 30   0
20220920 113143.090 INFO             PET1       <<<MODEL: leaving Run (phase=RunPhase1) with current time:    0  1  1  0  2 30   0
20220920 113143.090 INFO             PET1     MODEL: Run extro.
20220920 113143.090 INFO             PET1   driver: end <--------- RunSequence
20220920 113143.090 INFO             PET1   <<<driver - leaving Run with current time:    0  1  1  0  2 30   0
20220920 113143.090 INFO             PET1 driver: Run extro.
20220920 113143.091 INFO             PET1 driver: Finalize intro.
20220920 113143.091 INFO             PET1   Calling Finalize phase 1 for modelComp: MODEL
20220920 113143.091 INFO             PET1   MODEL: Finalize intro.
20220920 113143.091 INFO             PET1     >>>MODEL: entered Finalize (phase=FinalizePhase1) with current time:    0  1  1  0  2 30   0
20220920 113143.091 INFO             PET1     <<<MODEL: leaving Finalize (phase=FinalizePhase1) with current time:    0  1  1  0  2 30   0
20220920 113143.091 INFO             PET1   MODEL: Finalize extro.
20220920 113143.091 INFO             PET1   Delete modelComp: MODEL
20220920 113143.091 INFO             PET1   Delete Import-/Export State for modelComp: MODEL
20220920 113143.091 INFO             PET1 driver: Finalize extro.
20220920 113143.091 INFO             PET1 mainApp FINISHED
20220920 113143.091 INFO             PET1 Finalizing ESMF
20220920 113143.047 INFO             PET2 !!!!!!!!!!!!!!!!!!!!!!!!!!!!!!!!!!!!!!!!!!!!!!!!!!!!!!
20220920 113143.047 INFO             PET2 !!! THE ESMF_LOG IS SET TO OUTPUT ALL LOG MESSAGES !!!
20220920 113143.047 INFO             PET2 !!!     THIS MAY CAUSE SLOWDOWN IN PERFORMANCE     !!!
20220920 113143.047 INFO             PET2 !!! FOR PRODUCTION RUNS, USE:                      !!!
20220920 113143.047 INFO             PET2 !!!                   ESMF_LOGKIND_Multi_On_Error  !!!
20220920 113143.047 INFO             PET2 !!!!!!!!!!!!!!!!!!!!!!!!!!!!!!!!!!!!!!!!!!!!!!!!!!!!!!
20220920 113143.047 INFO             PET2 Running with ESMF Version   : v8.3.1
20220920 113143.047 INFO             PET2 ESMF library build date/time: "Sep 20 2022" "10:04:41"
20220920 113143.047 INFO             PET2 ESMF library build location : /glade/scratch/dunlap/esmf-testing/nvhpc_21.11_openmpi_g_v8.3.1/esmf
20220920 113143.047 INFO             PET2 ESMF_COMM                   : openmpi
20220920 113143.047 INFO             PET2 ESMF_MOAB                   : enabled
20220920 113143.047 INFO             PET2 ESMF_LAPACK                 : enabled
20220920 113143.047 INFO             PET2 ESMF_NETCDF                 : enabled
20220920 113143.047 INFO             PET2 ESMF_PNETCDF                : disabled
20220920 113143.047 INFO             PET2 ESMF_PIO                    : enabled
20220920 113143.047 INFO             PET2 ESMF_YAMLCPP                : enabled
20220920 113143.048 INFO             PET2 mainApp STARTING
20220920 113143.054 INFO             PET2 driver: InitializeP1 intro.
20220920 113143.055 INFO             PET2   driver: InitializeIPDv02p1 intro.
20220920 113143.055 INFO             PET2     >>>driver: entered Initialize (phase=<none>) without valid internal Clock.
20220920 113143.055 INFO             PET2     driver - Creating model component MODEL without petList.
20220920 113143.059 INFO             PET2      GridCompIsPetLocal:   T
20220920 113143.059 INFO             PET2      VmIsCreated:   T
20220920 113143.059 INFO             PET2      valid MPI_COMM with size=            4
20220920 113143.059 INFO             PET2     driver - Creating state: modelComp 1 Import State
20220920 113143.059 INFO             PET2     driver - Creating state: modelComp 1 Export State
20220920 113143.060 INFO             PET2     MODEL: InitializeP0 intro.
20220920 113143.060 INFO             PET2       >>>MODEL: entered Initialize (phase=<none>) without valid internal Clock.
20220920 113143.062 INFO             PET2       <<<MODEL: leaving Initialize (phase=<none>) without valid internal Clock.
20220920 113143.062 INFO             PET2     MODEL: InitializeP0 extro.
20220920 113143.065 INFO             PET2     driver: IInitAdvertise intro.
20220920 113143.065 INFO             PET2     driver: IInitAdvertise extro.
20220920 113143.065 INFO             PET2     MODEL: InitializeIPDvXp01 intro.
20220920 113143.065 INFO             PET2       >>>MODEL: entered Initialize (phase=IPDvXp01) without valid internal Clock.
20220920 113143.068 INFO             PET2       <<<MODEL: leaving Initialize (phase=IPDvXp01) without valid internal Clock.
20220920 113143.068 INFO             PET2     MODEL: InitializeIPDvXp01 extro.
20220920 113143.069 INFO             PET2     driver: IInitAdvertiseFinish intro.
20220920 113143.069 INFO             PET2     driver: IInitAdvertiseFinish extro.
20220920 113143.070 INFO             PET2     driver: IInitModifyCplLists intro.
20220920 113143.070 INFO             PET2     driver: IInitModifyCplLists extro.
20220920 113143.070 INFO             PET2     <<<driver: leaving Initialize (phase=<none>) with current time:    0  1  1  0  0  0   0
20220920 113143.070 INFO             PET2   driver: InitializeIPDv02p1 extro.
20220920 113143.070 INFO             PET2   driver: InitializeIPDv02p3 intro.
20220920 113143.070 INFO             PET2     >>>driver: entered Initialize (phase=<none>) with current time:    0  1  1  0  0  0   0
20220920 113143.070 INFO             PET2     driver: IInitCheck intro.
20220920 113143.070 INFO             PET2     driver: IInitCheck extro.
20220920 113143.074 INFO             PET2     MODEL: InitializeIPDvXp04 intro.
20220920 113143.074 INFO             PET2       >>>MODEL: entered Initialize (phase=IPDvXp04) without valid internal Clock.
20220920 113143.079 INFO             PET2       After Realize: - MemInfo: [/proc/meminfo - SSI]	MemTotal:       65507008 kB
20220920 113143.079 INFO             PET2       After Realize: - MemInfo: [/proc/meminfo - SSI]	MemFree:        48731236 kB
20220920 113143.079 INFO             PET2       After Realize: - MemInfo: [/proc/meminfo - SSI]	MemAvailable:   48515340 kB
20220920 113143.079 INFO             PET2       After Realize: - MemInfo: [/proc/meminfo - SSI]	Committed_AS:   14465180 kB
20220920 113143.079 INFO             PET2       After Realize: - MemInfo: [/proc/meminfo - SSI]	CommittedPercent: 22.0819 %
20220920 113143.079 INFO             PET2       After Realize: - MemInfo: [/proc/self/status]	VmPeak:	  749040 kB
20220920 113143.079 INFO             PET2       After Realize: - MemInfo: [/proc/self/status]	VmSize:	  749040 kB
20220920 113143.079 INFO             PET2       After Realize: - MemInfo: [/proc/self/status]	VmLck:	       0 kB
20220920 113143.079 INFO             PET2       After Realize: - MemInfo: [/proc/self/status]	VmPin:	   44660 kB
20220920 113143.079 INFO             PET2       After Realize: - MemInfo: [/proc/self/status]	VmHWM:	   83384 kB
20220920 113143.079 INFO             PET2       After Realize: - MemInfo: [/proc/self/status]	VmRSS:	   83384 kB
20220920 113143.079 INFO             PET2       After Realize: - MemInfo: [/proc/self/status]	VmData:	   97484 kB
20220920 113143.079 INFO             PET2       After Realize: - MemInfo: [/proc/self/status]	VmStk:	     204 kB
20220920 113143.079 INFO             PET2       After Realize: - MemInfo: [/proc/self/status]	VmExe:	     272 kB
20220920 113143.079 INFO             PET2       After Realize: - MemInfo: [/proc/self/status]	VmLib:	   89924 kB
20220920 113143.079 INFO             PET2       After Realize: - MemInfo: [/proc/self/status]	VmPTE:	    1048 kB
20220920 113143.079 INFO             PET2       After Realize: - MemInfo: [/proc/self/status]	VmPMD:	      16 kB
20220920 113143.079 INFO             PET2       After Realize: - MemInfo: [/proc/self/status]	VmSwap:	       0 kB
20220920 113143.079 INFO             PET2       After Realize: - MemInfo: [/proc/self/status]	VmRSSPercent: 0.12729 %
20220920 113143.079 INFO             PET2       After Realize: - MemInfo: [malloc] Non-mmapped space allocated:                 5017600 Byte
20220920 113143.079 INFO             PET2       After Realize: - MemInfo: [malloc] Space allocated in mmapped regions:          9990144 Byte
20220920 113143.079 INFO             PET2       After Realize: - MemInfo: [malloc] Maximum total allocated space:                     0 Byte
20220920 113143.079 INFO             PET2       After Realize: - MemInfo: [malloc] Space in freed fastbin blocks:                  1040 Byte
20220920 113143.079 INFO             PET2       After Realize: - MemInfo: [malloc] Total allocated space:                       4574912 Byte
20220920 113143.079 INFO             PET2       After Realize: - MemInfo: [malloc] Total free space:                             442688 Byte
20220920 113143.079 INFO             PET2       After Realize: - MemInfo: [malloc] Top-most, releasable space:                   110528 Byte
20220920 113143.079 INFO             PET2       After Realize: - MemInfo: [malloc] Total space in use, mmap + non-mmap:        14565056 Byte
20220920 113143.079 INFO             PET2       After Realize: - MemInfo: [malloc] Total space held (mmap + non-mmap):         15007744 Byte
20220920 113143.080 INFO             PET2       After Realize: - MemInfo: [malloc] Total space used (mmap + non-mmap):         14575584 Byte
20220920 113143.080 INFO             PET2       After Realize: - MemInfo: Wall-clock time since execution start:              0.0362531 seconds
20220920 113143.080 INFO             PET2       <<<MODEL: leaving Initialize (phase=IPDvXp04) without valid internal Clock.
20220920 113143.080 INFO             PET2     MODEL: InitializeIPDvXp04 extro.
20220920 113143.081 INFO             PET2     driver: IInitRealize intro.
20220920 113143.081 INFO             PET2     driver: IInitRealize extro.
20220920 113143.081 INFO             PET2     MODEL: InitializeIPDvXp07 intro.
20220920 113143.082 INFO             PET2       >>>MODEL: entered Initialize (phase=IPDvXp07) without valid internal Clock.
20220920 113143.082 INFO             PET2       <<<MODEL: leaving Initialize (phase=IPDvXp07) with current time:    0  1  1  0  0  0   0
20220920 113143.082 INFO             PET2     MODEL: InitializeIPDvXp07 extro.
20220920 113143.083 INFO             PET2     <<<driver: leaving Initialize (phase=<none>) with current time:    0  1  1  0  0  0   0
20220920 113143.083 INFO             PET2   driver: InitializeIPDv02p3 extro.
20220920 113143.083 INFO             PET2   driver: InitializeIPDv02p5 intro.
20220920 113143.083 INFO             PET2     >>>driver: entered Initialize (phase=<none>) with current time:    0  1  1  0  0  0   0
20220920 113143.083 INFO             PET2     driver: this is a top level driver, no 'Updated' and 'InitializeDataComplete' info on this level.
20220920 113143.083 INFO             PET2     driver: InitializeIPDv02p5Data intro.
20220920 113143.083 INFO             PET2       driver: InternalInitializeComplete intro.
20220920 113143.083 INFO             PET2         driver: InitializeDataComplete='true'
20220920 113143.083 INFO             PET2       driver: InternalInitializeComplete extro.
20220920 113143.083 INFO             PET2       MODEL: InitializeIPDvXp08 intro.
20220920 113143.084 INFO             PET2         >>>MODEL: entered Initialize (phase=IPDv05p8) with current time:    0  1  1  0  0  0   0
20220920 113143.084 INFO             PET2         MODEL: InitializeDataProgress='false', InitializeDataComplete='false'
20220920 113143.084 INFO             PET2         <<<MODEL: leaving Initialize (phase=IPDv05p8) with current time:    0  1  1  0  0  0   0
20220920 113143.084 INFO             PET2       MODEL: InitializeIPDvXp08 extro.
20220920 113143.085 INFO             PET2       driver: components present that trigger loopDataDependentInitialize().
20220920 113143.085 INFO             PET2       driver: loopDataDependentInitialize intro.
20220920 113143.085 INFO             PET2         driver: component    0=driver, dataComplete (local): true
20220920 113143.085 INFO             PET2         driver: component    0=driver, dataComplete (global):  T
20220920 113143.086 INFO             PET2         driver: component    1=MODEL, dataComplete (local): false
20220920 113143.086 INFO             PET2         driver: component    1=MODEL, dataComplete (global):  F
20220920 113143.086 INFO             PET2         MODEL: InitializeIPDvXp08 intro.
20220920 113143.086 INFO             PET2           >>>MODEL: entered Initialize (phase=IPDv05p8) with current time:    0  1  1  0  0  0   0
20220920 113143.086 INFO             PET2           MODEL: InitializeDataProgress='true', InitializeDataComplete='true'
20220920 113143.086 INFO             PET2           <<<MODEL: leaving Initialize (phase=IPDv05p8) with current time:    0  1  1  0  0  0   0
20220920 113143.086 INFO             PET2         MODEL: InitializeIPDvXp08 extro.
20220920 113143.087 INFO             PET2         driver: component    1=MODEL, someProgress (local): true
20220920 113143.087 INFO             PET2         driver: component    1=MODEL, someProgress (global):  T
20220920 113143.087 INFO             PET2         driver: someProgress= T, allComplete= F, present(dataDepAllComplete)= T
20220920 113143.087 INFO             PET2         driver: component    0=driver, dataComplete (local): true
20220920 113143.087 INFO             PET2         driver: component    0=driver, dataComplete (global):  T
20220920 113143.088 INFO             PET2         driver: component    1=MODEL, dataComplete (local): true
20220920 113143.088 INFO             PET2         driver: component    1=MODEL, dataComplete (global):  T
20220920 113143.088 INFO             PET2         driver: someProgress= F, allComplete= T, present(dataDepAllComplete)= T
20220920 113143.088 INFO             PET2         driver: finished resolving initialize data dependencies on this level.
20220920 113143.088 INFO             PET2       driver: loopDataDependentInitialize extro.
20220920 113143.088 INFO             PET2       driver: loopDataDependentInitialize() returned with dataDepAllComplete:  T
20220920 113143.088 INFO             PET2     driver: InitializeIPDv02p5Data extro.
20220920 113143.088 INFO             PET2     <<<driver: leaving Initialize (phase=<none>) with current time:    0  1  1  0  0  0   0
20220920 113143.088 INFO             PET2   driver: InitializeIPDv02p5 extro.
20220920 113143.088 INFO             PET2 driver: InitializeP1 extro.
20220920 113143.088 INFO             PET2 driver: Run intro.
20220920 113143.088 INFO             PET2   >>>driver entered Run (phase=RunPhase1) with current time:    0  1  1  0  0  0   0
20220920 113143.088 INFO             PET2   driver: after lable_SetRunClock, current time:    0  1  1  0  0  0   0
20220920 113143.088 INFO             PET2   driver: begin -------> RunSequence.
20220920 113143.088 INFO             PET2     driver: RunSequence event loopLevel=   1  levelMember=   1  loopIteration=   1, current time:    0  1  1  0  0  0   0
20220920 113143.088 INFO             PET2     MODEL: Run intro.
20220920 113143.088 INFO             PET2       >>>MODEL: entered Run (phase=RunPhase1) with current time:    0  1  1  0  0  0   0
20220920 113143.088 INFO             PET2       MODEL: time step-loop starting, current time:    0  1  1  0  0  0   0
20220920 113143.089 INFO             PET2       thread_num=   0   currentSsiPe=   0   num_threads=   3   max_threads=   3   num_procs=  36
20220920 113143.089 INFO             PET2       thread_num=   1   currentSsiPe=  10   num_threads=   3   max_threads=   3   num_procs=  36
20220920 113143.089 INFO             PET2       thread_num=   2   currentSsiPe=  52   num_threads=   3   max_threads=   3   num_procs=  36
20220920 113143.089 INFO             PET2       ---->Advancing Model from:    0  1  1  0  0  0   0
20220920 113143.089 INFO             PET2       ---------------------> to:    0  1  1  0  0 30   0
20220920 113143.089 INFO             PET2       MODEL: time step-loop ending,   current time:    0  1  1  0  0 30   0
20220920 113143.089 INFO             PET2       <<<MODEL: leaving Run (phase=RunPhase1) with current time:    0  1  1  0  0 30   0
20220920 113143.089 INFO             PET2     MODEL: Run extro.
20220920 113143.089 INFO             PET2     driver: RunSequence event loopLevel=   1  levelMember=   1  loopIteration=   2, current time:    0  1  1  0  0 30   0
20220920 113143.089 INFO             PET2     MODEL: Run intro.
20220920 113143.089 INFO             PET2       >>>MODEL: entered Run (phase=RunPhase1) with current time:    0  1  1  0  0 30   0
20220920 113143.089 INFO             PET2       MODEL: time step-loop starting, current time:    0  1  1  0  0 30   0
20220920 113143.089 INFO             PET2       thread_num=   2   currentSsiPe=  52   num_threads=   3   max_threads=   3   num_procs=  36
20220920 113143.089 INFO             PET2       thread_num=   0   currentSsiPe=   0   num_threads=   3   max_threads=   3   num_procs=  36
20220920 113143.089 INFO             PET2       thread_num=   1   currentSsiPe=  10   num_threads=   3   max_threads=   3   num_procs=  36
20220920 113143.089 INFO             PET2       ---->Advancing Model from:    0  1  1  0  0 30   0
20220920 113143.089 INFO             PET2       ---------------------> to:    0  1  1  0  1  0   0
20220920 113143.089 INFO             PET2       MODEL: time step-loop ending,   current time:    0  1  1  0  1  0   0
20220920 113143.089 INFO             PET2       <<<MODEL: leaving Run (phase=RunPhase1) with current time:    0  1  1  0  1  0   0
20220920 113143.089 INFO             PET2     MODEL: Run extro.
20220920 113143.089 INFO             PET2     driver: RunSequence event loopLevel=   1  levelMember=   1  loopIteration=   3, current time:    0  1  1  0  1  0   0
20220920 113143.089 INFO             PET2     MODEL: Run intro.
20220920 113143.090 INFO             PET2       >>>MODEL: entered Run (phase=RunPhase1) with current time:    0  1  1  0  1  0   0
20220920 113143.090 INFO             PET2       MODEL: time step-loop starting, current time:    0  1  1  0  1  0   0
20220920 113143.090 INFO             PET2       thread_num=   1   currentSsiPe=  10   num_threads=   3   max_threads=   3   num_procs=  36
20220920 113143.090 INFO             PET2       thread_num=   0   currentSsiPe=   0   num_threads=   3   max_threads=   3   num_procs=  36
20220920 113143.090 INFO             PET2       thread_num=   2   currentSsiPe=  52   num_threads=   3   max_threads=   3   num_procs=  36
20220920 113143.090 INFO             PET2       ---->Advancing Model from:    0  1  1  0  1  0   0
20220920 113143.090 INFO             PET2       ---------------------> to:    0  1  1  0  1 30   0
20220920 113143.090 INFO             PET2       MODEL: time step-loop ending,   current time:    0  1  1  0  1 30   0
20220920 113143.090 INFO             PET2       <<<MODEL: leaving Run (phase=RunPhase1) with current time:    0  1  1  0  1 30   0
20220920 113143.090 INFO             PET2     MODEL: Run extro.
20220920 113143.090 INFO             PET2     driver: RunSequence event loopLevel=   1  levelMember=   1  loopIteration=   4, current time:    0  1  1  0  1 30   0
20220920 113143.090 INFO             PET2     MODEL: Run intro.
20220920 113143.090 INFO             PET2       >>>MODEL: entered Run (phase=RunPhase1) with current time:    0  1  1  0  1 30   0
20220920 113143.090 INFO             PET2       MODEL: time step-loop starting, current time:    0  1  1  0  1 30   0
20220920 113143.090 INFO             PET2       thread_num=   2   currentSsiPe=  52   num_threads=   3   max_threads=   3   num_procs=  36
20220920 113143.090 INFO             PET2       thread_num=   0   currentSsiPe=   0   num_threads=   3   max_threads=   3   num_procs=  36
20220920 113143.090 INFO             PET2       thread_num=   1   currentSsiPe=  10   num_threads=   3   max_threads=   3   num_procs=  36
20220920 113143.090 INFO             PET2       ---->Advancing Model from:    0  1  1  0  1 30   0
20220920 113143.090 INFO             PET2       ---------------------> to:    0  1  1  0  2  0   0
20220920 113143.090 INFO             PET2       MODEL: time step-loop ending,   current time:    0  1  1  0  2  0   0
20220920 113143.090 INFO             PET2       <<<MODEL: leaving Run (phase=RunPhase1) with current time:    0  1  1  0  2  0   0
20220920 113143.090 INFO             PET2     MODEL: Run extro.
20220920 113143.090 INFO             PET2     driver: RunSequence event loopLevel=   1  levelMember=   1  loopIteration=   5, current time:    0  1  1  0  2  0   0
20220920 113143.090 INFO             PET2     MODEL: Run intro.
20220920 113143.090 INFO             PET2       >>>MODEL: entered Run (phase=RunPhase1) with current time:    0  1  1  0  2  0   0
20220920 113143.090 INFO             PET2       MODEL: time step-loop starting, current time:    0  1  1  0  2  0   0
20220920 113143.090 INFO             PET2       thread_num=   1   currentSsiPe=  10   num_threads=   3   max_threads=   3   num_procs=  36
20220920 113143.090 INFO             PET2       thread_num=   0   currentSsiPe=   0   num_threads=   3   max_threads=   3   num_procs=  36
20220920 113143.090 INFO             PET2       thread_num=   2   currentSsiPe=  52   num_threads=   3   max_threads=   3   num_procs=  36
20220920 113143.090 INFO             PET2       ---->Advancing Model from:    0  1  1  0  2  0   0
20220920 113143.090 INFO             PET2       ---------------------> to:    0  1  1  0  2 30   0
20220920 113143.090 INFO             PET2       MODEL: time step-loop ending,   current time:    0  1  1  0  2 30   0
20220920 113143.091 INFO             PET2       <<<MODEL: leaving Run (phase=RunPhase1) with current time:    0  1  1  0  2 30   0
20220920 113143.091 INFO             PET2     MODEL: Run extro.
20220920 113143.091 INFO             PET2   driver: end <--------- RunSequence
20220920 113143.091 INFO             PET2   <<<driver - leaving Run with current time:    0  1  1  0  2 30   0
20220920 113143.091 INFO             PET2 driver: Run extro.
20220920 113143.091 INFO             PET2 driver: Finalize intro.
20220920 113143.091 INFO             PET2   Calling Finalize phase 1 for modelComp: MODEL
20220920 113143.091 INFO             PET2   MODEL: Finalize intro.
20220920 113143.091 INFO             PET2     >>>MODEL: entered Finalize (phase=FinalizePhase1) with current time:    0  1  1  0  2 30   0
20220920 113143.091 INFO             PET2     <<<MODEL: leaving Finalize (phase=FinalizePhase1) with current time:    0  1  1  0  2 30   0
20220920 113143.091 INFO             PET2   MODEL: Finalize extro.
20220920 113143.091 INFO             PET2   Delete modelComp: MODEL
20220920 113143.091 INFO             PET2   Delete Import-/Export State for modelComp: MODEL
20220920 113143.091 INFO             PET2 driver: Finalize extro.
20220920 113143.091 INFO             PET2 mainApp FINISHED
20220920 113143.091 INFO             PET2 Finalizing ESMF
20220920 113143.047 INFO             PET3 !!!!!!!!!!!!!!!!!!!!!!!!!!!!!!!!!!!!!!!!!!!!!!!!!!!!!!
20220920 113143.048 INFO             PET3 !!! THE ESMF_LOG IS SET TO OUTPUT ALL LOG MESSAGES !!!
20220920 113143.048 INFO             PET3 !!!     THIS MAY CAUSE SLOWDOWN IN PERFORMANCE     !!!
20220920 113143.048 INFO             PET3 !!! FOR PRODUCTION RUNS, USE:                      !!!
20220920 113143.048 INFO             PET3 !!!                   ESMF_LOGKIND_Multi_On_Error  !!!
20220920 113143.048 INFO             PET3 !!!!!!!!!!!!!!!!!!!!!!!!!!!!!!!!!!!!!!!!!!!!!!!!!!!!!!
20220920 113143.048 INFO             PET3 Running with ESMF Version   : v8.3.1
20220920 113143.048 INFO             PET3 ESMF library build date/time: "Sep 20 2022" "10:04:41"
20220920 113143.048 INFO             PET3 ESMF library build location : /glade/scratch/dunlap/esmf-testing/nvhpc_21.11_openmpi_g_v8.3.1/esmf
20220920 113143.048 INFO             PET3 ESMF_COMM                   : openmpi
20220920 113143.048 INFO             PET3 ESMF_MOAB                   : enabled
20220920 113143.048 INFO             PET3 ESMF_LAPACK                 : enabled
20220920 113143.048 INFO             PET3 ESMF_NETCDF                 : enabled
20220920 113143.048 INFO             PET3 ESMF_PNETCDF                : disabled
20220920 113143.048 INFO             PET3 ESMF_PIO                    : enabled
20220920 113143.048 INFO             PET3 ESMF_YAMLCPP                : enabled
20220920 113143.048 INFO             PET3 mainApp STARTING
20220920 113143.054 INFO             PET3 driver: InitializeP1 intro.
20220920 113143.055 INFO             PET3   driver: InitializeIPDv02p1 intro.
20220920 113143.055 INFO             PET3     >>>driver: entered Initialize (phase=<none>) without valid internal Clock.
20220920 113143.055 INFO             PET3     driver - Creating model component MODEL without petList.
20220920 113143.059 INFO             PET3      GridCompIsPetLocal:   T
20220920 113143.059 INFO             PET3      VmIsCreated:   T
20220920 113143.059 INFO             PET3      valid MPI_COMM with size=            4
20220920 113143.059 INFO             PET3     driver - Creating state: modelComp 1 Import State
20220920 113143.059 INFO             PET3     driver - Creating state: modelComp 1 Export State
20220920 113143.060 INFO             PET3     MODEL: InitializeP0 intro.
20220920 113143.060 INFO             PET3       >>>MODEL: entered Initialize (phase=<none>) without valid internal Clock.
20220920 113143.062 INFO             PET3       <<<MODEL: leaving Initialize (phase=<none>) without valid internal Clock.
20220920 113143.062 INFO             PET3     MODEL: InitializeP0 extro.
20220920 113143.065 INFO             PET3     driver: IInitAdvertise intro.
20220920 113143.065 INFO             PET3     driver: IInitAdvertise extro.
20220920 113143.065 INFO             PET3     MODEL: InitializeIPDvXp01 intro.
20220920 113143.065 INFO             PET3       >>>MODEL: entered Initialize (phase=IPDvXp01) without valid internal Clock.
20220920 113143.068 INFO             PET3       <<<MODEL: leaving Initialize (phase=IPDvXp01) without valid internal Clock.
20220920 113143.068 INFO             PET3     MODEL: InitializeIPDvXp01 extro.
20220920 113143.070 INFO             PET3     driver: IInitAdvertiseFinish intro.
20220920 113143.070 INFO             PET3     driver: IInitAdvertiseFinish extro.
20220920 113143.070 INFO             PET3     driver: IInitModifyCplLists intro.
20220920 113143.070 INFO             PET3     driver: IInitModifyCplLists extro.
20220920 113143.070 INFO             PET3     <<<driver: leaving Initialize (phase=<none>) with current time:    0  1  1  0  0  0   0
20220920 113143.070 INFO             PET3   driver: InitializeIPDv02p1 extro.
20220920 113143.070 INFO             PET3   driver: InitializeIPDv02p3 intro.
20220920 113143.070 INFO             PET3     >>>driver: entered Initialize (phase=<none>) with current time:    0  1  1  0  0  0   0
20220920 113143.070 INFO             PET3     driver: IInitCheck intro.
20220920 113143.070 INFO             PET3     driver: IInitCheck extro.
20220920 113143.072 INFO             PET3     MODEL: InitializeIPDvXp04 intro.
20220920 113143.072 INFO             PET3       >>>MODEL: entered Initialize (phase=IPDvXp04) without valid internal Clock.
20220920 113143.077 INFO             PET3       After Realize: - MemInfo: [/proc/meminfo - SSI]	MemTotal:       65507008 kB
20220920 113143.077 INFO             PET3       After Realize: - MemInfo: [/proc/meminfo - SSI]	MemFree:        48731236 kB
20220920 113143.077 INFO             PET3       After Realize: - MemInfo: [/proc/meminfo - SSI]	MemAvailable:   48515340 kB
20220920 113143.077 INFO             PET3       After Realize: - MemInfo: [/proc/meminfo - SSI]	Committed_AS:   14465180 kB
20220920 113143.077 INFO             PET3       After Realize: - MemInfo: [/proc/meminfo - SSI]	CommittedPercent: 22.0819 %
20220920 113143.077 INFO             PET3       After Realize: - MemInfo: [/proc/self/status]	VmPeak:	  740836 kB
20220920 113143.077 INFO             PET3       After Realize: - MemInfo: [/proc/self/status]	VmSize:	  740836 kB
20220920 113143.077 INFO             PET3       After Realize: - MemInfo: [/proc/self/status]	VmLck:	       0 kB
20220920 113143.077 INFO             PET3       After Realize: - MemInfo: [/proc/self/status]	VmPin:	   44660 kB
20220920 113143.077 INFO             PET3       After Realize: - MemInfo: [/proc/self/status]	VmHWM:	   82904 kB
20220920 113143.077 INFO             PET3       After Realize: - MemInfo: [/proc/self/status]	VmRSS:	   82904 kB
20220920 113143.077 INFO             PET3       After Realize: - MemInfo: [/proc/self/status]	VmData:	   89272 kB
20220920 113143.077 INFO             PET3       After Realize: - MemInfo: [/proc/self/status]	VmStk:	     212 kB
20220920 113143.077 INFO             PET3       After Realize: - MemInfo: [/proc/self/status]	VmExe:	     272 kB
20220920 113143.077 INFO             PET3       After Realize: - MemInfo: [/proc/self/status]	VmLib:	   89924 kB
20220920 113143.077 INFO             PET3       After Realize: - MemInfo: [/proc/self/status]	VmPTE:	    1036 kB
20220920 113143.077 INFO             PET3       After Realize: - MemInfo: [/proc/self/status]	VmPMD:	      16 kB
20220920 113143.077 INFO             PET3       After Realize: - MemInfo: [/proc/self/status]	VmSwap:	       0 kB
20220920 113143.078 INFO             PET3       After Realize: - MemInfo: [/proc/self/status]	VmRSSPercent: 0.126557 %
20220920 113143.078 INFO             PET3       After Realize: - MemInfo: [malloc] Non-mmapped space allocated:                 5017600 Byte
20220920 113143.078 INFO             PET3       After Realize: - MemInfo: [malloc] Space allocated in mmapped regions:          1581056 Byte
20220920 113143.078 INFO             PET3       After Realize: - MemInfo: [malloc] Maximum total allocated space:                     0 Byte
20220920 113143.078 INFO             PET3       After Realize: - MemInfo: [malloc] Space in freed fastbin blocks:                  1024 Byte
20220920 113143.078 INFO             PET3       After Realize: - MemInfo: [malloc] Total allocated space:                       4574752 Byte
20220920 113143.078 INFO             PET3       After Realize: - MemInfo: [malloc] Total free space:                             442848 Byte
20220920 113143.078 INFO             PET3       After Realize: - MemInfo: [malloc] Top-most, releasable space:                   110720 Byte
20220920 113143.078 INFO             PET3       After Realize: - MemInfo: [malloc] Total space in use, mmap + non-mmap:         6155808 Byte
20220920 113143.078 INFO             PET3       After Realize: - MemInfo: [malloc] Total space held (mmap + non-mmap):          6598656 Byte
20220920 113143.078 INFO             PET3       After Realize: - MemInfo: [malloc] Total space used (mmap + non-mmap):          6166352 Byte
20220920 113143.078 INFO             PET3       After Realize: - MemInfo: Wall-clock time since execution start:              0.0349136 seconds
20220920 113143.078 INFO             PET3       <<<MODEL: leaving Initialize (phase=IPDvXp04) without valid internal Clock.
20220920 113143.078 INFO             PET3     MODEL: InitializeIPDvXp04 extro.
20220920 113143.081 INFO             PET3     driver: IInitRealize intro.
20220920 113143.081 INFO             PET3     driver: IInitRealize extro.
20220920 113143.081 INFO             PET3     MODEL: InitializeIPDvXp07 intro.
20220920 113143.082 INFO             PET3       >>>MODEL: entered Initialize (phase=IPDvXp07) without valid internal Clock.
20220920 113143.082 INFO             PET3       <<<MODEL: leaving Initialize (phase=IPDvXp07) with current time:    0  1  1  0  0  0   0
20220920 113143.082 INFO             PET3     MODEL: InitializeIPDvXp07 extro.
20220920 113143.083 INFO             PET3     <<<driver: leaving Initialize (phase=<none>) with current time:    0  1  1  0  0  0   0
20220920 113143.083 INFO             PET3   driver: InitializeIPDv02p3 extro.
20220920 113143.083 INFO             PET3   driver: InitializeIPDv02p5 intro.
20220920 113143.083 INFO             PET3     >>>driver: entered Initialize (phase=<none>) with current time:    0  1  1  0  0  0   0
20220920 113143.083 INFO             PET3     driver: this is a top level driver, no 'Updated' and 'InitializeDataComplete' info on this level.
20220920 113143.083 INFO             PET3     driver: InitializeIPDv02p5Data intro.
20220920 113143.083 INFO             PET3       driver: InternalInitializeComplete intro.
20220920 113143.083 INFO             PET3         driver: InitializeDataComplete='true'
20220920 113143.083 INFO             PET3       driver: InternalInitializeComplete extro.
20220920 113143.083 INFO             PET3       MODEL: InitializeIPDvXp08 intro.
20220920 113143.084 INFO             PET3         >>>MODEL: entered Initialize (phase=IPDv05p8) with current time:    0  1  1  0  0  0   0
20220920 113143.084 INFO             PET3         MODEL: InitializeDataProgress='false', InitializeDataComplete='false'
20220920 113143.084 INFO             PET3         <<<MODEL: leaving Initialize (phase=IPDv05p8) with current time:    0  1  1  0  0  0   0
20220920 113143.084 INFO             PET3       MODEL: InitializeIPDvXp08 extro.
20220920 113143.085 INFO             PET3       driver: components present that trigger loopDataDependentInitialize().
20220920 113143.085 INFO             PET3       driver: loopDataDependentInitialize intro.
20220920 113143.085 INFO             PET3         driver: component    0=driver, dataComplete (local): true
20220920 113143.085 INFO             PET3         driver: component    0=driver, dataComplete (global):  T
20220920 113143.086 INFO             PET3         driver: component    1=MODEL, dataComplete (local): false
20220920 113143.086 INFO             PET3         driver: component    1=MODEL, dataComplete (global):  F
20220920 113143.086 INFO             PET3         MODEL: InitializeIPDvXp08 intro.
20220920 113143.086 INFO             PET3           >>>MODEL: entered Initialize (phase=IPDv05p8) with current time:    0  1  1  0  0  0   0
20220920 113143.086 INFO             PET3           MODEL: InitializeDataProgress='true', InitializeDataComplete='true'
20220920 113143.086 INFO             PET3           <<<MODEL: leaving Initialize (phase=IPDv05p8) with current time:    0  1  1  0  0  0   0
20220920 113143.086 INFO             PET3         MODEL: InitializeIPDvXp08 extro.
20220920 113143.087 INFO             PET3         driver: component    1=MODEL, someProgress (local): true
20220920 113143.087 INFO             PET3         driver: component    1=MODEL, someProgress (global):  T
20220920 113143.087 INFO             PET3         driver: someProgress= T, allComplete= F, present(dataDepAllComplete)= T
20220920 113143.087 INFO             PET3         driver: component    0=driver, dataComplete (local): true
20220920 113143.087 INFO             PET3         driver: component    0=driver, dataComplete (global):  T
20220920 113143.088 INFO             PET3         driver: component    1=MODEL, dataComplete (local): true
20220920 113143.088 INFO             PET3         driver: component    1=MODEL, dataComplete (global):  T
20220920 113143.088 INFO             PET3         driver: someProgress= F, allComplete= T, present(dataDepAllComplete)= T
20220920 113143.088 INFO             PET3         driver: finished resolving initialize data dependencies on this level.
20220920 113143.088 INFO             PET3       driver: loopDataDependentInitialize extro.
20220920 113143.088 INFO             PET3       driver: loopDataDependentInitialize() returned with dataDepAllComplete:  T
20220920 113143.088 INFO             PET3     driver: InitializeIPDv02p5Data extro.
20220920 113143.088 INFO             PET3     <<<driver: leaving Initialize (phase=<none>) with current time:    0  1  1  0  0  0   0
20220920 113143.088 INFO             PET3   driver: InitializeIPDv02p5 extro.
20220920 113143.088 INFO             PET3 driver: InitializeP1 extro.
20220920 113143.088 INFO             PET3 driver: Run intro.
20220920 113143.088 INFO             PET3   >>>driver entered Run (phase=RunPhase1) with current time:    0  1  1  0  0  0   0
20220920 113143.088 INFO             PET3   driver: after lable_SetRunClock, current time:    0  1  1  0  0  0   0
20220920 113143.088 INFO             PET3   driver: begin -------> RunSequence.
20220920 113143.088 INFO             PET3     driver: RunSequence event loopLevel=   1  levelMember=   1  loopIteration=   1, current time:    0  1  1  0  0  0   0
20220920 113143.088 INFO             PET3     MODEL: Run intro.
20220920 113143.088 INFO             PET3       >>>MODEL: entered Run (phase=RunPhase1) with current time:    0  1  1  0  0  0   0
20220920 113143.088 INFO             PET3       MODEL: time step-loop starting, current time:    0  1  1  0  0  0   0
20220920 113143.089 INFO             PET3       thread_num=   0   currentSsiPe=  55   num_threads=   3   max_threads=   3   num_procs=  36
20220920 113143.089 INFO             PET3       thread_num=   1   currentSsiPe=  56   num_threads=   3   max_threads=   3   num_procs=  36
20220920 113143.089 INFO             PET3       thread_num=   2   currentSsiPe=  63   num_threads=   3   max_threads=   3   num_procs=  36
20220920 113143.089 INFO             PET3       ---->Advancing Model from:    0  1  1  0  0  0   0
20220920 113143.089 INFO             PET3       ---------------------> to:    0  1  1  0  0 30   0
20220920 113143.089 INFO             PET3       MODEL: time step-loop ending,   current time:    0  1  1  0  0 30   0
20220920 113143.089 INFO             PET3       <<<MODEL: leaving Run (phase=RunPhase1) with current time:    0  1  1  0  0 30   0
20220920 113143.089 INFO             PET3     MODEL: Run extro.
20220920 113143.089 INFO             PET3     driver: RunSequence event loopLevel=   1  levelMember=   1  loopIteration=   2, current time:    0  1  1  0  0 30   0
20220920 113143.089 INFO             PET3     MODEL: Run intro.
20220920 113143.089 INFO             PET3       >>>MODEL: entered Run (phase=RunPhase1) with current time:    0  1  1  0  0 30   0
20220920 113143.089 INFO             PET3       MODEL: time step-loop starting, current time:    0  1  1  0  0 30   0
20220920 113143.089 INFO             PET3       thread_num=   2   currentSsiPe=  63   num_threads=   3   max_threads=   3   num_procs=  36
20220920 113143.089 INFO             PET3       thread_num=   1   currentSsiPe=  56   num_threads=   3   max_threads=   3   num_procs=  36
20220920 113143.089 INFO             PET3       thread_num=   0   currentSsiPe=  55   num_threads=   3   max_threads=   3   num_procs=  36
20220920 113143.089 INFO             PET3       ---->Advancing Model from:    0  1  1  0  0 30   0
20220920 113143.089 INFO             PET3       ---------------------> to:    0  1  1  0  1  0   0
20220920 113143.089 INFO             PET3       MODEL: time step-loop ending,   current time:    0  1  1  0  1  0   0
20220920 113143.089 INFO             PET3       <<<MODEL: leaving Run (phase=RunPhase1) with current time:    0  1  1  0  1  0   0
20220920 113143.089 INFO             PET3     MODEL: Run extro.
20220920 113143.089 INFO             PET3     driver: RunSequence event loopLevel=   1  levelMember=   1  loopIteration=   3, current time:    0  1  1  0  1  0   0
20220920 113143.089 INFO             PET3     MODEL: Run intro.
20220920 113143.089 INFO             PET3       >>>MODEL: entered Run (phase=RunPhase1) with current time:    0  1  1  0  1  0   0
20220920 113143.090 INFO             PET3       MODEL: time step-loop starting, current time:    0  1  1  0  1  0   0
20220920 113143.090 INFO             PET3       thread_num=   1   currentSsiPe=  56   num_threads=   3   max_threads=   3   num_procs=  36
20220920 113143.090 INFO             PET3       thread_num=   0   currentSsiPe=  55   num_threads=   3   max_threads=   3   num_procs=  36
20220920 113143.090 INFO             PET3       thread_num=   2   currentSsiPe=  63   num_threads=   3   max_threads=   3   num_procs=  36
20220920 113143.090 INFO             PET3       ---->Advancing Model from:    0  1  1  0  1  0   0
20220920 113143.090 INFO             PET3       ---------------------> to:    0  1  1  0  1 30   0
20220920 113143.090 INFO             PET3       MODEL: time step-loop ending,   current time:    0  1  1  0  1 30   0
20220920 113143.090 INFO             PET3       <<<MODEL: leaving Run (phase=RunPhase1) with current time:    0  1  1  0  1 30   0
20220920 113143.090 INFO             PET3     MODEL: Run extro.
20220920 113143.090 INFO             PET3     driver: RunSequence event loopLevel=   1  levelMember=   1  loopIteration=   4, current time:    0  1  1  0  1 30   0
20220920 113143.090 INFO             PET3     MODEL: Run intro.
20220920 113143.090 INFO             PET3       >>>MODEL: entered Run (phase=RunPhase1) with current time:    0  1  1  0  1 30   0
20220920 113143.090 INFO             PET3       MODEL: time step-loop starting, current time:    0  1  1  0  1 30   0
20220920 113143.090 INFO             PET3       thread_num=   2   currentSsiPe=  63   num_threads=   3   max_threads=   3   num_procs=  36
20220920 113143.090 INFO             PET3       thread_num=   0   currentSsiPe=  55   num_threads=   3   max_threads=   3   num_procs=  36
20220920 113143.090 INFO             PET3       thread_num=   1   currentSsiPe=  56   num_threads=   3   max_threads=   3   num_procs=  36
20220920 113143.090 INFO             PET3       ---->Advancing Model from:    0  1  1  0  1 30   0
20220920 113143.090 INFO             PET3       ---------------------> to:    0  1  1  0  2  0   0
20220920 113143.090 INFO             PET3       MODEL: time step-loop ending,   current time:    0  1  1  0  2  0   0
20220920 113143.090 INFO             PET3       <<<MODEL: leaving Run (phase=RunPhase1) with current time:    0  1  1  0  2  0   0
20220920 113143.090 INFO             PET3     MODEL: Run extro.
20220920 113143.090 INFO             PET3     driver: RunSequence event loopLevel=   1  levelMember=   1  loopIteration=   5, current time:    0  1  1  0  2  0   0
20220920 113143.090 INFO             PET3     MODEL: Run intro.
20220920 113143.090 INFO             PET3       >>>MODEL: entered Run (phase=RunPhase1) with current time:    0  1  1  0  2  0   0
20220920 113143.090 INFO             PET3       MODEL: time step-loop starting, current time:    0  1  1  0  2  0   0
20220920 113143.090 INFO             PET3       thread_num=   2   currentSsiPe=  63   num_threads=   3   max_threads=   3   num_procs=  36
20220920 113143.090 INFO             PET3       thread_num=   0   currentSsiPe=  55   num_threads=   3   max_threads=   3   num_procs=  36
20220920 113143.090 INFO             PET3       thread_num=   1   currentSsiPe=  56   num_threads=   3   max_threads=   3   num_procs=  36
20220920 113143.090 INFO             PET3       ---->Advancing Model from:    0  1  1  0  2  0   0
20220920 113143.090 INFO             PET3       ---------------------> to:    0  1  1  0  2 30   0
20220920 113143.090 INFO             PET3       MODEL: time step-loop ending,   current time:    0  1  1  0  2 30   0
20220920 113143.091 INFO             PET3       <<<MODEL: leaving Run (phase=RunPhase1) with current time:    0  1  1  0  2 30   0
20220920 113143.091 INFO             PET3     MODEL: Run extro.
20220920 113143.091 INFO             PET3   driver: end <--------- RunSequence
20220920 113143.091 INFO             PET3   <<<driver - leaving Run with current time:    0  1  1  0  2 30   0
20220920 113143.091 INFO             PET3 driver: Run extro.
20220920 113143.091 INFO             PET3 driver: Finalize intro.
20220920 113143.091 INFO             PET3   Calling Finalize phase 1 for modelComp: MODEL
20220920 113143.091 INFO             PET3   MODEL: Finalize intro.
20220920 113143.091 INFO             PET3     >>>MODEL: entered Finalize (phase=FinalizePhase1) with current time:    0  1  1  0  2 30   0
20220920 113143.091 INFO             PET3     <<<MODEL: leaving Finalize (phase=FinalizePhase1) with current time:    0  1  1  0  2 30   0
20220920 113143.091 INFO             PET3   MODEL: Finalize extro.
20220920 113143.091 INFO             PET3   Delete modelComp: MODEL
20220920 113143.091 INFO             PET3   Delete Import-/Export State for modelComp: MODEL
20220920 113143.091 INFO             PET3 driver: Finalize extro.
20220920 113143.091 INFO             PET3 mainApp FINISHED
20220920 113143.091 INFO             PET3 Finalizing ESMF
