2022-08-05 05:30:51
20220805 061748.837 INFO             PET0 !!!!!!!!!!!!!!!!!!!!!!!!!!!!!!!!!!!!!!!!!!!!!!!!!!!!!!
20220805 061748.837 INFO             PET0 !!! THE ESMF_LOG IS SET TO OUTPUT ALL LOG MESSAGES !!!
20220805 061748.837 INFO             PET0 !!!     THIS MAY CAUSE SLOWDOWN IN PERFORMANCE     !!!
20220805 061748.837 INFO             PET0 !!! FOR PRODUCTION RUNS, USE:                      !!!
20220805 061748.837 INFO             PET0 !!!                   ESMF_LOGKIND_Multi_On_Error  !!!
20220805 061748.837 INFO             PET0 !!!!!!!!!!!!!!!!!!!!!!!!!!!!!!!!!!!!!!!!!!!!!!!!!!!!!!
20220805 061748.837 INFO             PET0 Running with ESMF Version   : v8.3.0b17-27-g5b5163fc0a
20220805 061748.837 INFO             PET0 ESMF library build date/time: "Aug  5 2022" "05:26:29"
20220805 061748.837 INFO             PET0 ESMF library build location : /glade/scratch/dunlap/esmf-testing/intel_18.0.5_mpiuni_O_feature_large-messages/esmf
20220805 061748.837 INFO             PET0 ESMF_COMM                   : mpiuni
20220805 061748.838 INFO             PET0 ESMF_MOAB                   : enabled
20220805 061748.838 INFO             PET0 ESMF_LAPACK                 : enabled
20220805 061748.838 INFO             PET0 ESMF_NETCDF                 : enabled
20220805 061748.838 INFO             PET0 ESMF_PNETCDF                : disabled
20220805 061748.838 INFO             PET0 ESMF_PIO                    : disabled
20220805 061748.838 INFO             PET0 ESMF_YAMLCPP                : enabled
20220805 061748.840 INFO             PET0 ESMF_FieldRedistStoreNF(): Just entered routine.
20220805 061748.934 DEBUG            PET0 VMK::recv():4970, size=460800 using MPIUNI channel via memcpy() in one chunk
20220805 061748.934 DEBUG            PET0 VMK::send():4482, size=460800 using MPIUNI channel via memcpy() in one chunk
20220805 061748.935 DEBUG            PET0 VMK::recv():4970, size=460800 using MPIUNI channel via memcpy() in one chunk
20220805 061748.935 DEBUG            PET0 VMK::send():4482, size=460800 using MPIUNI channel via memcpy() in one chunk
20220805 061748.935 DEBUG            PET0 VMK::recv():4970, size=460800 using MPIUNI channel via memcpy() in one chunk
20220805 061748.935 DEBUG            PET0 VMK::send():4482, size=460800 using MPIUNI channel via memcpy() in one chunk
20220805 061748.935 DEBUG            PET0 VMK::recv():4970, size=460800 using MPIUNI channel via memcpy() in one chunk
20220805 061748.935 DEBUG            PET0 VMK::send():4482, size=460800 using MPIUNI channel via memcpy() in one chunk
20220805 061748.936 DEBUG            PET0 VMK::recv():4970, size=460800 using MPIUNI channel via memcpy() in one chunk
20220805 061748.936 DEBUG            PET0 VMK::send():4482, size=460800 using MPIUNI channel via memcpy() in one chunk
20220805 061748.936 DEBUG            PET0 VMK::recv():4970, size=460800 using MPIUNI channel via memcpy() in one chunk
20220805 061748.936 DEBUG            PET0 VMK::send():4482, size=460800 using MPIUNI channel via memcpy() in one chunk
20220805 061748.937 DEBUG            PET0 VMK::recv():4970, size=460800 using MPIUNI channel via memcpy() in one chunk
20220805 061748.937 DEBUG            PET0 VMK::send():4482, size=460800 using MPIUNI channel via memcpy() in one chunk
20220805 061748.937 DEBUG            PET0 VMK::recv():4970, size=460800 using MPIUNI channel via memcpy() in one chunk
20220805 061748.937 DEBUG            PET0 VMK::send():4482, size=460800 using MPIUNI channel via memcpy() in one chunk
20220805 061748.937 DEBUG            PET0 VMK::recv():4970, size=460800 using MPIUNI channel via memcpy() in one chunk
20220805 061748.937 DEBUG            PET0 VMK::send():4482, size=460800 using MPIUNI channel via memcpy() in one chunk
20220805 061748.938 DEBUG            PET0 VMK::recv():4970, size=460800 using MPIUNI channel via memcpy() in one chunk
20220805 061748.938 DEBUG            PET0 VMK::send():4482, size=460800 using MPIUNI channel via memcpy() in one chunk
20220805 061748.942 DEBUG            PET0 VMK::recv():4970, size=460800 using MPIUNI channel via memcpy() in one chunk
20220805 061748.942 DEBUG            PET0 VMK::send():4482, size=460800 using MPIUNI channel via memcpy() in one chunk
20220805 061748.942 INFO             PET0 ESMF_FieldRedistStoreNF(): Leaving routine.
20220805 061748.952 DEBUG            PET0 VMK::recv():4970, size=460800 using MPIUNI channel via memcpy() in one chunk
20220805 061748.952 DEBUG            PET0 VMK::send():4482, size=460800 using MPIUNI channel via memcpy() in one chunk
20220805 061748.952 INFO             PET0  NUMBER_OF_PROCESSORS           1
20220805 061748.952 INFO             PET0  PASS  Example ESMF_RHandleFromFileEx, ESMF_RHandleFromFileEx.F90, line 192
20220805 061748.952 INFO             PET0 Finalizing ESMF
20220805 061748.955 DEBUG            PET0 epochFinal
