2022-09-04 01:24:59
20220904 014715.892 INFO             PET0 !!!!!!!!!!!!!!!!!!!!!!!!!!!!!!!!!!!!!!!!!!!!!!!!!!!!!!
20220904 014715.892 INFO             PET0 !!! THE ESMF_LOG IS SET TO OUTPUT ALL LOG MESSAGES !!!
20220904 014715.892 INFO             PET0 !!!     THIS MAY CAUSE SLOWDOWN IN PERFORMANCE     !!!
20220904 014715.892 INFO             PET0 !!! FOR PRODUCTION RUNS, USE:                      !!!
20220904 014715.892 INFO             PET0 !!!                   ESMF_LOGKIND_Multi_On_Error  !!!
20220904 014715.892 INFO             PET0 !!!!!!!!!!!!!!!!!!!!!!!!!!!!!!!!!!!!!!!!!!!!!!!!!!!!!!
20220904 014715.892 INFO             PET0 Running with ESMF Version   : v8.3.1b05
20220904 014715.892 INFO             PET0 ESMF library build date/time: "Sep  4 2022" "01:23:43"
20220904 014715.892 INFO             PET0 ESMF library build location : /discover/nobackup/projects/sbu/mpotts/esmf-test/gfortran_8.3.0_mpiuni_g_patch_8.3.1/esmf
20220904 014715.892 INFO             PET0 ESMF_COMM                   : mpiuni
20220904 014715.892 INFO             PET0 ESMF_MOAB                   : enabled
20220904 014715.892 INFO             PET0 ESMF_LAPACK                 : enabled
20220904 014715.892 INFO             PET0 ESMF_NETCDF                 : disabled
20220904 014715.892 INFO             PET0 ESMF_PNETCDF                : disabled
20220904 014715.892 INFO             PET0 ESMF_PIO                    : disabled
20220904 014715.892 INFO             PET0 ESMF_YAMLCPP                : enabled
20220904 014715.898 INFO             PET0 ESMF_FieldRedistStoreNF(): Just entered routine.
20220904 014716.443 INFO             PET0 ESMF_FieldRedistStoreNF(): Leaving routine.
20220904 014716.453 INFO             PET0  NUMBER_OF_PROCESSORS           1
20220904 014716.453 INFO             PET0  PASS  Example ESMF_RHandleFromFileEx, ESMF_RHandleFromFileEx.F90, line 192
20220904 014716.453 INFO             PET0 Finalizing ESMF
