2022-07-29 21:19:11
[1659130874.030534] [h34m51:218526:0]         mxm.c:196  MXM  WARN  The 'ulimit -s' on the system is set to 'unlimited'. This may have negative performance implications. Please set the stack size to the default value (10240) 
[1659130874.030558] [h34m51:218528:0]         mxm.c:196  MXM  WARN  The 'ulimit -s' on the system is set to 'unlimited'. This may have negative performance implications. Please set the stack size to the default value (10240) 
[1659130874.030682] [h34m51:218527:0]         mxm.c:196  MXM  WARN  The 'ulimit -s' on the system is set to 'unlimited'. This may have negative performance implications. Please set the stack size to the default value (10240) 
[1659130874.030639] [h34m51:218529:0]         mxm.c:196  MXM  WARN  The 'ulimit -s' on the system is set to 'unlimited'. This may have negative performance implications. Please set the stack size to the default value (10240) 
[1659130874.036285] [h34m51:218528:0]         mxm.c:196  MXM  WARN  The 'ulimit -s' on the system is set to 'unlimited'. This may have negative performance implications. Please set the stack size to the default value (10240) 
[1659130874.036251] [h34m51:218526:0]         mxm.c:196  MXM  WARN  The 'ulimit -s' on the system is set to 'unlimited'. This may have negative performance implications. Please set the stack size to the default value (10240) 
[1659130874.036304] [h34m51:218529:0]         mxm.c:196  MXM  WARN  The 'ulimit -s' on the system is set to 'unlimited'. This may have negative performance implications. Please set the stack size to the default value (10240) 
[1659130874.036351] [h34m51:218527:0]         mxm.c:196  MXM  WARN  The 'ulimit -s' on the system is set to 'unlimited'. This may have negative performance implications. Please set the stack size to the default value (10240) 
 --------------------------------------- 
 Start of ESMF_TraceUser Example
 --------------------------------------- 
  PASS  Example ESMF_TraceUserEx, ESMF_TraceUserEx.F90, line 125
  PASS  Example ESMF_TraceUserEx, ESMF_TraceUserEx.F90, line 125
  PASS  Example ESMF_TraceUserEx, ESMF_TraceUserEx.F90, line 125
  PASS  Example ESMF_TraceUserEx, ESMF_TraceUserEx.F90, line 125
 PASS: ESMF_TraceUserEx.F90
 PASS: ESMF_TraceUserEx.F90
 PASS: ESMF_TraceUserEx.F90
 --------------------------------------- 
 End of ESMF_TraceUser Example
 --------------------------------------- 
 PASS: ESMF_TraceUserEx.F90
