2022-08-28 00:47:46
20220828 034944.665 INFO             PET0 !!!!!!!!!!!!!!!!!!!!!!!!!!!!!!!!!!!!!!!!!!!!!!!!!!!!!!
20220828 034944.665 INFO             PET0 !!! THE ESMF_LOG IS SET TO OUTPUT ALL LOG MESSAGES !!!
20220828 034944.665 INFO             PET0 !!!     THIS MAY CAUSE SLOWDOWN IN PERFORMANCE     !!!
20220828 034944.665 INFO             PET0 !!! FOR PRODUCTION RUNS, USE:                      !!!
20220828 034944.665 INFO             PET0 !!!                   ESMF_LOGKIND_Multi_On_Error  !!!
20220828 034944.665 INFO             PET0 !!!!!!!!!!!!!!!!!!!!!!!!!!!!!!!!!!!!!!!!!!!!!!!!!!!!!!
20220828 034944.665 INFO             PET0 Running with ESMF Version   : v8.3.1b05
20220828 034944.665 INFO             PET0 ESMF library build date/time: "Aug 28 2022" "00:46:23"
20220828 034944.665 INFO             PET0 ESMF library build location : /lustre/f2/dev/Mark.Potts/esmf-test/gfortran_8.3.0_mpiuni_O_patch_8.3.1/esmf
20220828 034944.665 INFO             PET0 ESMF_COMM                   : mpiuni
20220828 034944.666 INFO             PET0 ESMF_MOAB                   : enabled
20220828 034944.666 INFO             PET0 ESMF_LAPACK                 : enabled
20220828 034944.666 INFO             PET0 ESMF_NETCDF                 : enabled
20220828 034944.666 INFO             PET0 ESMF_PNETCDF                : disabled
20220828 034944.666 INFO             PET0 ESMF_PIO                    : disabled
20220828 034944.666 INFO             PET0 ESMF_YAMLCPP                : enabled
20220828 034944.667 INFO             PET0  NUMBER_OF_PROCESSORS           1
20220828 034944.667 INFO             PET0  PASS  Example ESMF_AppMainEx, ESMF_AppMainEx.F90, line 486
20220828 034944.667 INFO             PET0 Finalizing ESMF
