2022-09-07 01:23:26
20220907 014003.296 INFO             PET0 !!!!!!!!!!!!!!!!!!!!!!!!!!!!!!!!!!!!!!!!!!!!!!!!!!!!!!
20220907 014003.296 INFO             PET0 !!! THE ESMF_LOG IS SET TO OUTPUT ALL LOG MESSAGES !!!
20220907 014003.296 INFO             PET0 !!!     THIS MAY CAUSE SLOWDOWN IN PERFORMANCE     !!!
20220907 014003.296 INFO             PET0 !!! FOR PRODUCTION RUNS, USE:                      !!!
20220907 014003.296 INFO             PET0 !!!                   ESMF_LOGKIND_Multi_On_Error  !!!
20220907 014003.296 INFO             PET0 !!!!!!!!!!!!!!!!!!!!!!!!!!!!!!!!!!!!!!!!!!!!!!!!!!!!!!
20220907 014003.296 INFO             PET0 Running with ESMF Version   : v8.3.1b05
20220907 014003.296 INFO             PET0 ESMF library build date/time: "Sep  7 2022" "01:22:26"
20220907 014003.296 INFO             PET0 ESMF library build location : /discover/nobackup/projects/sbu/mpotts/esmf-test/gfortran_8.3.0_mpiuni_O_patch_8.3.1/esmf
20220907 014003.296 INFO             PET0 ESMF_COMM                   : mpiuni
20220907 014003.296 INFO             PET0 ESMF_MOAB                   : enabled
20220907 014003.296 INFO             PET0 ESMF_LAPACK                 : enabled
20220907 014003.296 INFO             PET0 ESMF_NETCDF                 : disabled
20220907 014003.296 INFO             PET0 ESMF_PNETCDF                : disabled
20220907 014003.296 INFO             PET0 ESMF_PIO                    : disabled
20220907 014003.296 INFO             PET0 ESMF_YAMLCPP                : enabled
20220907 014003.298 INFO             PET0 ESMF_FieldRedistStoreNF(): Just entered routine.
20220907 014003.400 INFO             PET0 ESMF_FieldRedistStoreNF(): Leaving routine.
20220907 014003.410 INFO             PET0  NUMBER_OF_PROCESSORS           1
20220907 014003.410 INFO             PET0  PASS  Example ESMF_RHandleFromFileEx, ESMF_RHandleFromFileEx.F90, line 192
20220907 014003.410 INFO             PET0 Finalizing ESMF
