2022-09-10 00:56:28
20220910 014234.812 INFO             PET0 !!!!!!!!!!!!!!!!!!!!!!!!!!!!!!!!!!!!!!!!!!!!!!!!!!!!!!
20220910 014234.812 INFO             PET0 !!! THE ESMF_LOG IS SET TO OUTPUT ALL LOG MESSAGES !!!
20220910 014234.812 INFO             PET0 !!!     THIS MAY CAUSE SLOWDOWN IN PERFORMANCE     !!!
20220910 014234.812 INFO             PET0 !!! FOR PRODUCTION RUNS, USE:                      !!!
20220910 014234.812 INFO             PET0 !!!                   ESMF_LOGKIND_Multi_On_Error  !!!
20220910 014234.812 INFO             PET0 !!!!!!!!!!!!!!!!!!!!!!!!!!!!!!!!!!!!!!!!!!!!!!!!!!!!!!
20220910 014234.812 INFO             PET0 Running with ESMF Version   : v8.3.1b05
20220910 014234.812 INFO             PET0 ESMF library build date/time: "Sep 10 2022" "00:54:47"
20220910 014234.812 INFO             PET0 ESMF library build location : /lustre/f2/dev/Mark.Potts/esmf-test/intel_2019.5_mpi_g_patch_8.3.1/esmf
20220910 014234.812 INFO             PET0 ESMF_COMM                   : mpi
20220910 014234.813 INFO             PET0 ESMF_MOAB                   : enabled
20220910 014234.813 INFO             PET0 ESMF_LAPACK                 : enabled
20220910 014234.813 INFO             PET0 ESMF_NETCDF                 : enabled
20220910 014234.813 INFO             PET0 ESMF_PNETCDF                : disabled
20220910 014234.813 INFO             PET0 ESMF_PIO                    : enabled
20220910 014234.813 INFO             PET0 ESMF_YAMLCPP                : enabled
20220910 014234.813 INFO             PET0  NUMBER_OF_PROCESSORS           2
20220910 014234.813 INFO             PET0  PASS  Example ESMF_VMUserMpiCommEx, ESMF_VMUserMpiCommEx.F90, line 113
20220910 014234.813 INFO             PET0 Finalizing ESMF
20220910 014234.799 INFO             PET1 !!!!!!!!!!!!!!!!!!!!!!!!!!!!!!!!!!!!!!!!!!!!!!!!!!!!!!
20220910 014234.799 INFO             PET1 !!! THE ESMF_LOG IS SET TO OUTPUT ALL LOG MESSAGES !!!
20220910 014234.799 INFO             PET1 !!!     THIS MAY CAUSE SLOWDOWN IN PERFORMANCE     !!!
20220910 014234.799 INFO             PET1 !!! FOR PRODUCTION RUNS, USE:                      !!!
20220910 014234.799 INFO             PET1 !!!                   ESMF_LOGKIND_Multi_On_Error  !!!
20220910 014234.799 INFO             PET1 !!!!!!!!!!!!!!!!!!!!!!!!!!!!!!!!!!!!!!!!!!!!!!!!!!!!!!
20220910 014234.799 INFO             PET1 Running with ESMF Version   : v8.3.1b05
20220910 014234.799 INFO             PET1 ESMF library build date/time: "Sep 10 2022" "00:54:47"
20220910 014234.799 INFO             PET1 ESMF library build location : /lustre/f2/dev/Mark.Potts/esmf-test/intel_2019.5_mpi_g_patch_8.3.1/esmf
20220910 014234.799 INFO             PET1 ESMF_COMM                   : mpi
20220910 014234.800 INFO             PET1 ESMF_MOAB                   : enabled
20220910 014234.800 INFO             PET1 ESMF_LAPACK                 : enabled
20220910 014234.800 INFO             PET1 ESMF_NETCDF                 : enabled
20220910 014234.800 INFO             PET1 ESMF_PNETCDF                : disabled
20220910 014234.800 INFO             PET1 ESMF_PIO                    : enabled
20220910 014234.800 INFO             PET1 ESMF_YAMLCPP                : enabled
20220910 014234.813 INFO             PET1  NUMBER_OF_PROCESSORS           2
20220910 014234.813 INFO             PET1  PASS  Example ESMF_VMUserMpiCommEx, ESMF_VMUserMpiCommEx.F90, line 113
20220910 014234.813 INFO             PET1 Finalizing ESMF
