2022-08-27 00:57:46
20220827 025918.878 INFO             PET0 !!!!!!!!!!!!!!!!!!!!!!!!!!!!!!!!!!!!!!!!!!!!!!!!!!!!!!
20220827 025918.878 INFO             PET0 !!! THE ESMF_LOG IS SET TO OUTPUT ALL LOG MESSAGES !!!
20220827 025918.878 INFO             PET0 !!!     THIS MAY CAUSE SLOWDOWN IN PERFORMANCE     !!!
20220827 025918.878 INFO             PET0 !!! FOR PRODUCTION RUNS, USE:                      !!!
20220827 025918.878 INFO             PET0 !!!                   ESMF_LOGKIND_Multi_On_Error  !!!
20220827 025918.878 INFO             PET0 !!!!!!!!!!!!!!!!!!!!!!!!!!!!!!!!!!!!!!!!!!!!!!!!!!!!!!
20220827 025918.878 INFO             PET0 Running with ESMF Version   : v8.3.1b05
20220827 025918.878 INFO             PET0 ESMF library build date/time: "Aug 27 2022" "00:56:03"
20220827 025918.878 INFO             PET0 ESMF library build location : /lustre/f2/dev/Mark.Potts/esmf-test/intel_2019.5_mpi_g_patch_8.3.1/esmf
20220827 025918.878 INFO             PET0 ESMF_COMM                   : mpi
20220827 025918.879 INFO             PET0 ESMF_MOAB                   : enabled
20220827 025918.879 INFO             PET0 ESMF_LAPACK                 : enabled
20220827 025918.879 INFO             PET0 ESMF_NETCDF                 : enabled
20220827 025918.879 INFO             PET0 ESMF_PNETCDF                : disabled
20220827 025918.879 INFO             PET0 ESMF_PIO                    : enabled
20220827 025918.879 INFO             PET0 ESMF_YAMLCPP                : enabled
20220827 025918.900 INFO             PET0  NUMBER_OF_PROCESSORS           4
20220827 025918.900 INFO             PET0  PASS  Example ESMF_FieldBundleCreateEx, ESMF_FieldBundleCreateEx.F90, line 561
20220827 025918.900 INFO             PET0 Finalizing ESMF
20220827 025918.889 INFO             PET1 !!!!!!!!!!!!!!!!!!!!!!!!!!!!!!!!!!!!!!!!!!!!!!!!!!!!!!
20220827 025918.889 INFO             PET1 !!! THE ESMF_LOG IS SET TO OUTPUT ALL LOG MESSAGES !!!
20220827 025918.889 INFO             PET1 !!!     THIS MAY CAUSE SLOWDOWN IN PERFORMANCE     !!!
20220827 025918.889 INFO             PET1 !!! FOR PRODUCTION RUNS, USE:                      !!!
20220827 025918.889 INFO             PET1 !!!                   ESMF_LOGKIND_Multi_On_Error  !!!
20220827 025918.889 INFO             PET1 !!!!!!!!!!!!!!!!!!!!!!!!!!!!!!!!!!!!!!!!!!!!!!!!!!!!!!
20220827 025918.889 INFO             PET1 Running with ESMF Version   : v8.3.1b05
20220827 025918.889 INFO             PET1 ESMF library build date/time: "Aug 27 2022" "00:56:03"
20220827 025918.889 INFO             PET1 ESMF library build location : /lustre/f2/dev/Mark.Potts/esmf-test/intel_2019.5_mpi_g_patch_8.3.1/esmf
20220827 025918.889 INFO             PET1 ESMF_COMM                   : mpi
20220827 025918.890 INFO             PET1 ESMF_MOAB                   : enabled
20220827 025918.890 INFO             PET1 ESMF_LAPACK                 : enabled
20220827 025918.890 INFO             PET1 ESMF_NETCDF                 : enabled
20220827 025918.890 INFO             PET1 ESMF_PNETCDF                : disabled
20220827 025918.890 INFO             PET1 ESMF_PIO                    : enabled
20220827 025918.890 INFO             PET1 ESMF_YAMLCPP                : enabled
20220827 025918.900 INFO             PET1  NUMBER_OF_PROCESSORS           4
20220827 025918.900 INFO             PET1  PASS  Example ESMF_FieldBundleCreateEx, ESMF_FieldBundleCreateEx.F90, line 561
20220827 025918.900 INFO             PET1 Finalizing ESMF
20220827 025918.878 INFO             PET2 !!!!!!!!!!!!!!!!!!!!!!!!!!!!!!!!!!!!!!!!!!!!!!!!!!!!!!
20220827 025918.878 INFO             PET2 !!! THE ESMF_LOG IS SET TO OUTPUT ALL LOG MESSAGES !!!
20220827 025918.878 INFO             PET2 !!!     THIS MAY CAUSE SLOWDOWN IN PERFORMANCE     !!!
20220827 025918.878 INFO             PET2 !!! FOR PRODUCTION RUNS, USE:                      !!!
20220827 025918.878 INFO             PET2 !!!                   ESMF_LOGKIND_Multi_On_Error  !!!
20220827 025918.878 INFO             PET2 !!!!!!!!!!!!!!!!!!!!!!!!!!!!!!!!!!!!!!!!!!!!!!!!!!!!!!
20220827 025918.878 INFO             PET2 Running with ESMF Version   : v8.3.1b05
20220827 025918.878 INFO             PET2 ESMF library build date/time: "Aug 27 2022" "00:56:03"
20220827 025918.878 INFO             PET2 ESMF library build location : /lustre/f2/dev/Mark.Potts/esmf-test/intel_2019.5_mpi_g_patch_8.3.1/esmf
20220827 025918.878 INFO             PET2 ESMF_COMM                   : mpi
20220827 025918.879 INFO             PET2 ESMF_MOAB                   : enabled
20220827 025918.879 INFO             PET2 ESMF_LAPACK                 : enabled
20220827 025918.879 INFO             PET2 ESMF_NETCDF                 : enabled
20220827 025918.879 INFO             PET2 ESMF_PNETCDF                : disabled
20220827 025918.879 INFO             PET2 ESMF_PIO                    : enabled
20220827 025918.879 INFO             PET2 ESMF_YAMLCPP                : enabled
20220827 025918.900 INFO             PET2  NUMBER_OF_PROCESSORS           4
20220827 025918.900 INFO             PET2  PASS  Example ESMF_FieldBundleCreateEx, ESMF_FieldBundleCreateEx.F90, line 561
20220827 025918.900 INFO             PET2 Finalizing ESMF
20220827 025918.892 INFO             PET3 !!!!!!!!!!!!!!!!!!!!!!!!!!!!!!!!!!!!!!!!!!!!!!!!!!!!!!
20220827 025918.892 INFO             PET3 !!! THE ESMF_LOG IS SET TO OUTPUT ALL LOG MESSAGES !!!
20220827 025918.892 INFO             PET3 !!!     THIS MAY CAUSE SLOWDOWN IN PERFORMANCE     !!!
20220827 025918.892 INFO             PET3 !!! FOR PRODUCTION RUNS, USE:                      !!!
20220827 025918.892 INFO             PET3 !!!                   ESMF_LOGKIND_Multi_On_Error  !!!
20220827 025918.892 INFO             PET3 !!!!!!!!!!!!!!!!!!!!!!!!!!!!!!!!!!!!!!!!!!!!!!!!!!!!!!
20220827 025918.892 INFO             PET3 Running with ESMF Version   : v8.3.1b05
20220827 025918.892 INFO             PET3 ESMF library build date/time: "Aug 27 2022" "00:56:03"
20220827 025918.892 INFO             PET3 ESMF library build location : /lustre/f2/dev/Mark.Potts/esmf-test/intel_2019.5_mpi_g_patch_8.3.1/esmf
20220827 025918.892 INFO             PET3 ESMF_COMM                   : mpi
20220827 025918.893 INFO             PET3 ESMF_MOAB                   : enabled
20220827 025918.893 INFO             PET3 ESMF_LAPACK                 : enabled
20220827 025918.893 INFO             PET3 ESMF_NETCDF                 : enabled
20220827 025918.893 INFO             PET3 ESMF_PNETCDF                : disabled
20220827 025918.893 INFO             PET3 ESMF_PIO                    : enabled
20220827 025918.893 INFO             PET3 ESMF_YAMLCPP                : enabled
20220827 025918.900 INFO             PET3  NUMBER_OF_PROCESSORS           4
20220827 025918.900 INFO             PET3  PASS  Example ESMF_FieldBundleCreateEx, ESMF_FieldBundleCreateEx.F90, line 561
20220827 025918.900 INFO             PET3 Finalizing ESMF
