2022-08-10 01:12:53
20220810 021749.225 INFO             PET0 !!!!!!!!!!!!!!!!!!!!!!!!!!!!!!!!!!!!!!!!!!!!!!!!!!!!!!
20220810 021749.226 INFO             PET0 !!! THE ESMF_LOG IS SET TO OUTPUT ALL LOG MESSAGES !!!
20220810 021749.226 INFO             PET0 !!!     THIS MAY CAUSE SLOWDOWN IN PERFORMANCE     !!!
20220810 021749.226 INFO             PET0 !!! FOR PRODUCTION RUNS, USE:                      !!!
20220810 021749.226 INFO             PET0 !!!                   ESMF_LOGKIND_Multi_On_Error  !!!
20220810 021749.226 INFO             PET0 !!!!!!!!!!!!!!!!!!!!!!!!!!!!!!!!!!!!!!!!!!!!!!!!!!!!!!
20220810 021749.226 INFO             PET0 Running with ESMF Version   : v8.3.1b02
20220810 021749.226 INFO             PET0 ESMF library build date/time: "Aug 10 2022" "01:08:58"
20220810 021749.227 INFO             PET0 ESMF library build location : /lustre/f2/dev/Mark.Potts/esmf-test/intel_2019.5_mpi_g_patch_8.3.1/esmf
20220810 021749.227 INFO             PET0 ESMF_COMM                   : mpi
20220810 021749.230 INFO             PET0 ESMF_MOAB                   : enabled
20220810 021749.230 INFO             PET0 ESMF_LAPACK                 : enabled
20220810 021749.230 INFO             PET0 ESMF_NETCDF                 : enabled
20220810 021749.230 INFO             PET0 ESMF_PNETCDF                : disabled
20220810 021749.230 INFO             PET0 ESMF_PIO                    : enabled
20220810 021749.230 INFO             PET0 ESMF_YAMLCPP                : enabled
20220810 021749.232 INFO             PET0  NUMBER_OF_PROCESSORS           1
20220810 021749.232 INFO             PET0  PASS  Example ESMF_ClockEx, ESMF_ClockEx.F90, line 220
20220810 021749.232 INFO             PET0 Finalizing ESMF
