2022-08-02 02:38:57
20220802 031437.630 INFO             PET0 !!!!!!!!!!!!!!!!!!!!!!!!!!!!!!!!!!!!!!!!!!!!!!!!!!!!!!
20220802 031437.630 INFO             PET0 !!! THE ESMF_LOG IS SET TO OUTPUT ALL LOG MESSAGES !!!
20220802 031437.630 INFO             PET0 !!!     THIS MAY CAUSE SLOWDOWN IN PERFORMANCE     !!!
20220802 031437.630 INFO             PET0 !!! FOR PRODUCTION RUNS, USE:                      !!!
20220802 031437.630 INFO             PET0 !!!                   ESMF_LOGKIND_Multi_On_Error  !!!
20220802 031437.630 INFO             PET0 !!!!!!!!!!!!!!!!!!!!!!!!!!!!!!!!!!!!!!!!!!!!!!!!!!!!!!
20220802 031437.630 INFO             PET0 Running with ESMF Version   : v8.4.0b08-1-ge3b41e6a98
20220802 031437.630 INFO             PET0 ESMF library build date/time: "Aug  2 2022" "02:35:54"
20220802 031437.630 INFO             PET0 ESMF library build location : /glade/scratch/dunlap/esmf-testing/gfortran_7.4.0_openmpi_g_fix_cygwin/esmf
20220802 031437.630 INFO             PET0 ESMF_COMM                   : openmpi
20220802 031437.630 INFO             PET0 ESMF_MOAB                   : enabled
20220802 031437.630 INFO             PET0 ESMF_LAPACK                 : enabled
20220802 031437.630 INFO             PET0 ESMF_NETCDF                 : enabled
20220802 031437.630 INFO             PET0 ESMF_PNETCDF                : disabled
20220802 031437.630 INFO             PET0 ESMF_PIO                    : enabled
20220802 031437.630 INFO             PET0 ESMF_YAMLCPP                : enabled
20220802 031437.731 DEBUG            PET0 about to destroy Grid: 0x27c3fd0
20220802 031437.743 DEBUG            PET0 about to destroy Grid: 0x27c60e0
20220802 031437.778 INFO             PET0  NUMBER_OF_PROCESSORS           4
20220802 031437.778 INFO             PET0  PASS  Example ESMF_NUOPCAtmModelEx, ESMF_NUOPCAtmModelEx.F90, line 806
20220802 031437.778 INFO             PET0 Finalizing ESMF
20220802 031437.629 INFO             PET1 !!!!!!!!!!!!!!!!!!!!!!!!!!!!!!!!!!!!!!!!!!!!!!!!!!!!!!
20220802 031437.629 INFO             PET1 !!! THE ESMF_LOG IS SET TO OUTPUT ALL LOG MESSAGES !!!
20220802 031437.629 INFO             PET1 !!!     THIS MAY CAUSE SLOWDOWN IN PERFORMANCE     !!!
20220802 031437.629 INFO             PET1 !!! FOR PRODUCTION RUNS, USE:                      !!!
20220802 031437.629 INFO             PET1 !!!                   ESMF_LOGKIND_Multi_On_Error  !!!
20220802 031437.629 INFO             PET1 !!!!!!!!!!!!!!!!!!!!!!!!!!!!!!!!!!!!!!!!!!!!!!!!!!!!!!
20220802 031437.629 INFO             PET1 Running with ESMF Version   : v8.4.0b08-1-ge3b41e6a98
20220802 031437.629 INFO             PET1 ESMF library build date/time: "Aug  2 2022" "02:35:54"
20220802 031437.629 INFO             PET1 ESMF library build location : /glade/scratch/dunlap/esmf-testing/gfortran_7.4.0_openmpi_g_fix_cygwin/esmf
20220802 031437.629 INFO             PET1 ESMF_COMM                   : openmpi
20220802 031437.629 INFO             PET1 ESMF_MOAB                   : enabled
20220802 031437.629 INFO             PET1 ESMF_LAPACK                 : enabled
20220802 031437.629 INFO             PET1 ESMF_NETCDF                 : enabled
20220802 031437.629 INFO             PET1 ESMF_PNETCDF                : disabled
20220802 031437.629 INFO             PET1 ESMF_PIO                    : enabled
20220802 031437.629 INFO             PET1 ESMF_YAMLCPP                : enabled
20220802 031437.731 DEBUG            PET1 about to destroy Grid: 0x2184da0
20220802 031437.743 DEBUG            PET1 about to destroy Grid: 0x2186080
20220802 031437.777 INFO             PET1  NUMBER_OF_PROCESSORS           4
20220802 031437.777 INFO             PET1  PASS  Example ESMF_NUOPCAtmModelEx, ESMF_NUOPCAtmModelEx.F90, line 806
20220802 031437.777 INFO             PET1 Finalizing ESMF
20220802 031437.628 INFO             PET2 !!!!!!!!!!!!!!!!!!!!!!!!!!!!!!!!!!!!!!!!!!!!!!!!!!!!!!
20220802 031437.628 INFO             PET2 !!! THE ESMF_LOG IS SET TO OUTPUT ALL LOG MESSAGES !!!
20220802 031437.628 INFO             PET2 !!!     THIS MAY CAUSE SLOWDOWN IN PERFORMANCE     !!!
20220802 031437.628 INFO             PET2 !!! FOR PRODUCTION RUNS, USE:                      !!!
20220802 031437.628 INFO             PET2 !!!                   ESMF_LOGKIND_Multi_On_Error  !!!
20220802 031437.628 INFO             PET2 !!!!!!!!!!!!!!!!!!!!!!!!!!!!!!!!!!!!!!!!!!!!!!!!!!!!!!
20220802 031437.629 INFO             PET2 Running with ESMF Version   : v8.4.0b08-1-ge3b41e6a98
20220802 031437.629 INFO             PET2 ESMF library build date/time: "Aug  2 2022" "02:35:54"
20220802 031437.629 INFO             PET2 ESMF library build location : /glade/scratch/dunlap/esmf-testing/gfortran_7.4.0_openmpi_g_fix_cygwin/esmf
20220802 031437.629 INFO             PET2 ESMF_COMM                   : openmpi
20220802 031437.629 INFO             PET2 ESMF_MOAB                   : enabled
20220802 031437.629 INFO             PET2 ESMF_LAPACK                 : enabled
20220802 031437.629 INFO             PET2 ESMF_NETCDF                 : enabled
20220802 031437.629 INFO             PET2 ESMF_PNETCDF                : disabled
20220802 031437.629 INFO             PET2 ESMF_PIO                    : enabled
20220802 031437.629 INFO             PET2 ESMF_YAMLCPP                : enabled
20220802 031437.731 DEBUG            PET2 about to destroy Grid: 0x186a750
20220802 031437.743 DEBUG            PET2 about to destroy Grid: 0x186b6e0
20220802 031437.778 INFO             PET2  NUMBER_OF_PROCESSORS           4
20220802 031437.778 INFO             PET2  PASS  Example ESMF_NUOPCAtmModelEx, ESMF_NUOPCAtmModelEx.F90, line 806
20220802 031437.778 INFO             PET2 Finalizing ESMF
20220802 031437.628 INFO             PET3 !!!!!!!!!!!!!!!!!!!!!!!!!!!!!!!!!!!!!!!!!!!!!!!!!!!!!!
20220802 031437.628 INFO             PET3 !!! THE ESMF_LOG IS SET TO OUTPUT ALL LOG MESSAGES !!!
20220802 031437.628 INFO             PET3 !!!     THIS MAY CAUSE SLOWDOWN IN PERFORMANCE     !!!
20220802 031437.628 INFO             PET3 !!! FOR PRODUCTION RUNS, USE:                      !!!
20220802 031437.628 INFO             PET3 !!!                   ESMF_LOGKIND_Multi_On_Error  !!!
20220802 031437.628 INFO             PET3 !!!!!!!!!!!!!!!!!!!!!!!!!!!!!!!!!!!!!!!!!!!!!!!!!!!!!!
20220802 031437.628 INFO             PET3 Running with ESMF Version   : v8.4.0b08-1-ge3b41e6a98
20220802 031437.628 INFO             PET3 ESMF library build date/time: "Aug  2 2022" "02:35:54"
20220802 031437.628 INFO             PET3 ESMF library build location : /glade/scratch/dunlap/esmf-testing/gfortran_7.4.0_openmpi_g_fix_cygwin/esmf
20220802 031437.628 INFO             PET3 ESMF_COMM                   : openmpi
20220802 031437.629 INFO             PET3 ESMF_MOAB                   : enabled
20220802 031437.629 INFO             PET3 ESMF_LAPACK                 : enabled
20220802 031437.629 INFO             PET3 ESMF_NETCDF                 : enabled
20220802 031437.629 INFO             PET3 ESMF_PNETCDF                : disabled
20220802 031437.629 INFO             PET3 ESMF_PIO                    : enabled
20220802 031437.629 INFO             PET3 ESMF_YAMLCPP                : enabled
20220802 031437.731 DEBUG            PET3 about to destroy Grid: 0x2341bb0
20220802 031437.743 DEBUG            PET3 about to destroy Grid: 0x2342f20
20220802 031437.778 INFO             PET3  NUMBER_OF_PROCESSORS           4
20220802 031437.778 INFO             PET3  PASS  Example ESMF_NUOPCAtmModelEx, ESMF_NUOPCAtmModelEx.F90, line 806
20220802 031437.778 INFO             PET3 Finalizing ESMF
