2022-08-22 02:49:49
20220822 031144.702 INFO             PET0 !!!!!!!!!!!!!!!!!!!!!!!!!!!!!!!!!!!!!!!!!!!!!!!!!!!!!!
20220822 031144.702 INFO             PET0 !!! THE ESMF_LOG IS SET TO OUTPUT ALL LOG MESSAGES !!!
20220822 031144.702 INFO             PET0 !!!     THIS MAY CAUSE SLOWDOWN IN PERFORMANCE     !!!
20220822 031144.702 INFO             PET0 !!! FOR PRODUCTION RUNS, USE:                      !!!
20220822 031144.702 INFO             PET0 !!!                   ESMF_LOGKIND_Multi_On_Error  !!!
20220822 031144.702 INFO             PET0 !!!!!!!!!!!!!!!!!!!!!!!!!!!!!!!!!!!!!!!!!!!!!!!!!!!!!!
20220822 031144.702 INFO             PET0 Running with ESMF Version   : v8.3.1b05
20220822 031144.702 INFO             PET0 ESMF library build date/time: "Aug 22 2022" "02:48:10"
20220822 031144.702 INFO             PET0 ESMF library build location : /scratch1/NCEPDEV/stmp2/Rocky.Dunlap/esmf-testing/intel_18.0.5a_mpiuni_O_patch_8.3.1/esmf
20220822 031144.702 INFO             PET0 ESMF_COMM                   : mpiuni
20220822 031144.703 INFO             PET0 ESMF_MOAB                   : enabled
20220822 031144.703 INFO             PET0 ESMF_LAPACK                 : enabled
20220822 031144.703 INFO             PET0 ESMF_NETCDF                 : enabled
20220822 031144.703 INFO             PET0 ESMF_PNETCDF                : disabled
20220822 031144.703 INFO             PET0 ESMF_PIO                    : disabled
20220822 031144.703 INFO             PET0 ESMF_YAMLCPP                : enabled
20220822 031144.704 INFO             PET0  NUMBER_OF_PROCESSORS           1
20220822 031144.704 INFO             PET0  PASS  Example ESMF_StateEx, ESMF_StateEx.F90, line 237
20220822 031144.704 INFO             PET0 Finalizing ESMF
