2022-08-09 01:30:17
20220809 014908.086 INFO             PET0 !!!!!!!!!!!!!!!!!!!!!!!!!!!!!!!!!!!!!!!!!!!!!!!!!!!!!!
20220809 014908.086 INFO             PET0 !!! THE ESMF_LOG IS SET TO OUTPUT ALL LOG MESSAGES !!!
20220809 014908.086 INFO             PET0 !!!     THIS MAY CAUSE SLOWDOWN IN PERFORMANCE     !!!
20220809 014908.086 INFO             PET0 !!! FOR PRODUCTION RUNS, USE:                      !!!
20220809 014908.086 INFO             PET0 !!!                   ESMF_LOGKIND_Multi_On_Error  !!!
20220809 014908.086 INFO             PET0 !!!!!!!!!!!!!!!!!!!!!!!!!!!!!!!!!!!!!!!!!!!!!!!!!!!!!!
20220809 014908.086 INFO             PET0 Running with ESMF Version   : v8.3.0b17-30-g0de4558e1e
20220809 014908.086 INFO             PET0 ESMF library build date/time: "Aug  9 2022" "01:29:08"
20220809 014908.086 INFO             PET0 ESMF library build location : /lfs/h1/emc/ptmp/Mark.Potts/intel_19.1.3_mpi_O_feature_large-messages/esmf
20220809 014908.086 INFO             PET0 ESMF_COMM                   : mpi
20220809 014908.087 INFO             PET0 ESMF_MOAB                   : enabled
20220809 014908.087 INFO             PET0 ESMF_LAPACK                 : enabled
20220809 014908.087 INFO             PET0 ESMF_NETCDF                 : enabled
20220809 014908.087 INFO             PET0 ESMF_PNETCDF                : disabled
20220809 014908.087 INFO             PET0 ESMF_PIO                    : enabled
20220809 014908.087 INFO             PET0 ESMF_YAMLCPP                : enabled
20220809 014908.088 DEBUG            PET0 epochInit
20220809 014908.091 INFO             PET0 ESMF_FieldRedistStoreNF(): Just entered routine.
20220809 014908.094 DEBUG            PET0 VMK::recv():4898, size=14400 in 1 chunks
20220809 014908.094 DEBUG            PET0 VMK::send():4407, size=14400 in 1 chunks
20220809 014908.094 DEBUG            PET0 VMK::send():4407, size=14400 in 1 chunks
20220809 014908.094 DEBUG            PET0 VMK::send():4407, size=14400 in 1 chunks
20220809 014908.095 DEBUG            PET0 VMK::recv():4898, size=72000 in 1 chunks
20220809 014908.095 DEBUG            PET0 VMK::send():4407, size=72000 in 1 chunks
20220809 014908.095 DEBUG            PET0 VMK::send():4407, size=72000 in 1 chunks
20220809 014908.095 DEBUG            PET0 VMK::send():4407, size=72000 in 1 chunks
20220809 014908.095 DEBUG            PET0 VMK::recv():4898, size=28800 in 1 chunks
20220809 014908.095 DEBUG            PET0 VMK::send():4407, size=28800 in 1 chunks
20220809 014908.096 DEBUG            PET0 VMK::send():4407, size=28800 in 1 chunks
20220809 014908.096 DEBUG            PET0 VMK::send():4407, size=28800 in 1 chunks
20220809 014908.097 DEBUG            PET0 VMK::recv():4898, size=14400 in 1 chunks
20220809 014908.097 DEBUG            PET0 VMK::send():4407, size=14400 in 1 chunks
20220809 014908.097 DEBUG            PET0 VMK::send():4407, size=14400 in 1 chunks
20220809 014908.097 DEBUG            PET0 VMK::send():4407, size=14400 in 1 chunks
20220809 014908.097 DEBUG            PET0 VMK::recv():4898, size=72000 in 1 chunks
20220809 014908.097 DEBUG            PET0 VMK::send():4407, size=72000 in 1 chunks
20220809 014908.097 DEBUG            PET0 VMK::send():4407, size=72000 in 1 chunks
20220809 014908.097 DEBUG            PET0 VMK::send():4407, size=72000 in 1 chunks
20220809 014908.097 DEBUG            PET0 VMK::recv():4898, size=57600 in 1 chunks
20220809 014908.100 DEBUG            PET0 VMK::recv():4898, size=72000 in 1 chunks
20220809 014908.100 DEBUG            PET0 VMK::send():4407, size=72000 in 1 chunks
20220809 014908.100 DEBUG            PET0 VMK::recv():4898, size=4 in 1 chunks
20220809 014908.101 DEBUG            PET0 VMK::send():4407, size=72000 in 1 chunks
20220809 014908.101 DEBUG            PET0 VMK::recv():4898, size=4 in 1 chunks
20220809 014908.101 DEBUG            PET0 VMK::send():4407, size=72000 in 1 chunks
20220809 014908.101 DEBUG            PET0 VMK::recv():4898, size=4 in 1 chunks
20220809 014908.102 DEBUG            PET0 VMK::send():4407, size=4 in 1 chunks
20220809 014908.102 DEBUG            PET0 VMK::recv():4898, size=158400 in 1 chunks
20220809 014908.102 DEBUG            PET0 VMK::recv():4898, size=158400 in 1 chunks
20220809 014908.102 DEBUG            PET0 VMK::recv():4898, size=158400 in 1 chunks
20220809 014908.102 DEBUG            PET0 VMK::send():4407, size=158400 in 1 chunks
20220809 014908.104 DEBUG            PET0 VMK::recv():4898, size=144000 in 1 chunks
20220809 014908.104 DEBUG            PET0 VMK::send():4407, size=4 in 1 chunks
20220809 014908.104 DEBUG            PET0 VMK::send():4407, size=316800 in 1 chunks
20220809 014908.118 DEBUG            PET0 VMK::send():4407, size=115200 in 1 chunks
20220809 014908.118 DEBUG            PET0 VMK::send():4407, size=115200 in 1 chunks
20220809 014908.118 DEBUG            PET0 VMK::send():4407, size=115200 in 1 chunks
20220809 014908.119 DEBUG            PET0 VMK::send():4407, size=115200 in 1 chunks
20220809 014908.119 DEBUG            PET0 VMK::send():4407, size=115200 in 1 chunks
20220809 014908.119 DEBUG            PET0 VMK::send():4407, size=115200 in 1 chunks
20220809 014908.119 DEBUG            PET0 VMK::send():4407, size=115200 in 1 chunks
20220809 014908.119 DEBUG            PET0 VMK::send():4407, size=115200 in 1 chunks
20220809 014908.119 DEBUG            PET0 VMK::send():4407, size=115200 in 1 chunks
20220809 014908.120 DEBUG            PET0 VMK::send():4407, size=115200 in 1 chunks
20220809 014908.122 DEBUG            PET0 VMK::send():4407, size=115200 in 1 chunks
20220809 014908.122 DEBUG            PET0 VMK::send():4407, size=115200 in 1 chunks
20220809 014908.122 DEBUG            PET0 VMK::send():4407, size=115200 in 1 chunks
20220809 014908.122 DEBUG            PET0 VMK::send():4407, size=115200 in 1 chunks
20220809 014908.123 DEBUG            PET0 VMK::send():4407, size=115200 in 1 chunks
20220809 014908.123 DEBUG            PET0 VMK::send():4407, size=115200 in 1 chunks
20220809 014908.123 DEBUG            PET0 VMK::send():4407, size=115200 in 1 chunks
20220809 014908.123 DEBUG            PET0 VMK::send():4407, size=115200 in 1 chunks
20220809 014908.123 DEBUG            PET0 VMK::send():4407, size=115200 in 1 chunks
20220809 014908.123 DEBUG            PET0 VMK::send():4407, size=115200 in 1 chunks
20220809 014908.126 DEBUG            PET0 VMK::send():4407, size=115200 in 1 chunks
20220809 014908.126 DEBUG            PET0 VMK::send():4407, size=115200 in 1 chunks
20220809 014908.126 DEBUG            PET0 VMK::send():4407, size=115200 in 1 chunks
20220809 014908.126 DEBUG            PET0 VMK::send():4407, size=115200 in 1 chunks
20220809 014908.126 DEBUG            PET0 VMK::send():4407, size=115200 in 1 chunks
20220809 014908.126 DEBUG            PET0 VMK::send():4407, size=115200 in 1 chunks
20220809 014908.127 DEBUG            PET0 VMK::send():4407, size=115200 in 1 chunks
20220809 014908.127 DEBUG            PET0 VMK::send():4407, size=115200 in 1 chunks
20220809 014908.127 DEBUG            PET0 VMK::send():4407, size=115200 in 1 chunks
20220809 014908.127 DEBUG            PET0 VMK::send():4407, size=115200 in 1 chunks
20220809 014908.130 DEBUG            PET0 VMK::send():4407, size=115200 in 1 chunks
20220809 014908.130 INFO             PET0 ESMF_FieldRedistStoreNF(): Leaving routine.
20220809 014908.130 DEBUG            PET0 VMK::recv():4898, size=8 in 1 chunks
20220809 014908.130 DEBUG            PET0 VMK::send():4175, size=8 in one chunk
20220809 014908.130 DEBUG            PET0 VMK::recv():4898, size=1085 in 1 chunks
20220809 014908.130 DEBUG            PET0 VMK::send():4175, size=1085 in one chunk
20220809 014908.130 DEBUG            PET0 VMK::send():4407, size=115200 in 1 chunks
20220809 014908.132 DEBUG            PET0 epochFinal
20220809 014908.132 INFO             PET0  NUMBER_OF_PROCESSORS           4
20220809 014908.132 INFO             PET0  PASS  Example ESMF_RHandleFromRHandleEx, ESMF_RHandleFromRHandleEx.F90, line 660
20220809 014908.132 INFO             PET0 Finalizing ESMF
20220809 014908.132 DEBUG            PET0 epochFinal
20220809 014908.087 INFO             PET1 !!!!!!!!!!!!!!!!!!!!!!!!!!!!!!!!!!!!!!!!!!!!!!!!!!!!!!
20220809 014908.087 INFO             PET1 !!! THE ESMF_LOG IS SET TO OUTPUT ALL LOG MESSAGES !!!
20220809 014908.087 INFO             PET1 !!!     THIS MAY CAUSE SLOWDOWN IN PERFORMANCE     !!!
20220809 014908.087 INFO             PET1 !!! FOR PRODUCTION RUNS, USE:                      !!!
20220809 014908.087 INFO             PET1 !!!                   ESMF_LOGKIND_Multi_On_Error  !!!
20220809 014908.087 INFO             PET1 !!!!!!!!!!!!!!!!!!!!!!!!!!!!!!!!!!!!!!!!!!!!!!!!!!!!!!
20220809 014908.087 INFO             PET1 Running with ESMF Version   : v8.3.0b17-30-g0de4558e1e
20220809 014908.087 INFO             PET1 ESMF library build date/time: "Aug  9 2022" "01:29:08"
20220809 014908.087 INFO             PET1 ESMF library build location : /lfs/h1/emc/ptmp/Mark.Potts/intel_19.1.3_mpi_O_feature_large-messages/esmf
20220809 014908.087 INFO             PET1 ESMF_COMM                   : mpi
20220809 014908.087 INFO             PET1 ESMF_MOAB                   : enabled
20220809 014908.087 INFO             PET1 ESMF_LAPACK                 : enabled
20220809 014908.087 INFO             PET1 ESMF_NETCDF                 : enabled
20220809 014908.087 INFO             PET1 ESMF_PNETCDF                : disabled
20220809 014908.087 INFO             PET1 ESMF_PIO                    : enabled
20220809 014908.087 INFO             PET1 ESMF_YAMLCPP                : enabled
20220809 014908.088 DEBUG            PET1 epochInit
20220809 014908.091 INFO             PET1 ESMF_FieldRedistStoreNF(): Just entered routine.
20220809 014908.094 DEBUG            PET1 VMK::recv():4898, size=14400 in 1 chunks
20220809 014908.094 DEBUG            PET1 VMK::send():4407, size=14400 in 1 chunks
20220809 014908.094 DEBUG            PET1 VMK::send():4407, size=14400 in 1 chunks
20220809 014908.094 DEBUG            PET1 VMK::send():4407, size=14400 in 1 chunks
20220809 014908.095 DEBUG            PET1 VMK::recv():4898, size=72000 in 1 chunks
20220809 014908.095 DEBUG            PET1 VMK::send():4407, size=72000 in 1 chunks
20220809 014908.095 DEBUG            PET1 VMK::send():4407, size=72000 in 1 chunks
20220809 014908.095 DEBUG            PET1 VMK::send():4407, size=72000 in 1 chunks
20220809 014908.095 DEBUG            PET1 VMK::recv():4898, size=28800 in 1 chunks
20220809 014908.095 DEBUG            PET1 VMK::send():4407, size=28800 in 1 chunks
20220809 014908.096 DEBUG            PET1 VMK::send():4407, size=28800 in 1 chunks
20220809 014908.096 DEBUG            PET1 VMK::send():4407, size=28800 in 1 chunks
20220809 014908.097 DEBUG            PET1 VMK::recv():4898, size=14400 in 1 chunks
20220809 014908.097 DEBUG            PET1 VMK::send():4407, size=14400 in 1 chunks
20220809 014908.097 DEBUG            PET1 VMK::send():4407, size=14400 in 1 chunks
20220809 014908.097 DEBUG            PET1 VMK::send():4407, size=14400 in 1 chunks
20220809 014908.097 DEBUG            PET1 VMK::recv():4898, size=72000 in 1 chunks
20220809 014908.097 DEBUG            PET1 VMK::send():4407, size=72000 in 1 chunks
20220809 014908.097 DEBUG            PET1 VMK::send():4407, size=72000 in 1 chunks
20220809 014908.097 DEBUG            PET1 VMK::send():4407, size=72000 in 1 chunks
20220809 014908.097 DEBUG            PET1 VMK::recv():4898, size=57600 in 1 chunks
20220809 014908.100 DEBUG            PET1 VMK::recv():4898, size=72000 in 1 chunks
20220809 014908.101 DEBUG            PET1 VMK::send():4407, size=72000 in 1 chunks
20220809 014908.101 DEBUG            PET1 VMK::recv():4898, size=4 in 1 chunks
20220809 014908.101 DEBUG            PET1 VMK::send():4407, size=72000 in 1 chunks
20220809 014908.101 DEBUG            PET1 VMK::recv():4898, size=4 in 1 chunks
20220809 014908.101 DEBUG            PET1 VMK::send():4407, size=72000 in 1 chunks
20220809 014908.101 DEBUG            PET1 VMK::recv():4898, size=4 in 1 chunks
20220809 014908.102 DEBUG            PET1 VMK::send():4407, size=4 in 1 chunks
20220809 014908.102 DEBUG            PET1 VMK::recv():4898, size=158400 in 1 chunks
20220809 014908.102 DEBUG            PET1 VMK::recv():4898, size=158400 in 1 chunks
20220809 014908.102 DEBUG            PET1 VMK::recv():4898, size=158400 in 1 chunks
20220809 014908.102 DEBUG            PET1 VMK::send():4407, size=158400 in 1 chunks
20220809 014908.104 DEBUG            PET1 VMK::recv():4898, size=144000 in 1 chunks
20220809 014908.104 DEBUG            PET1 VMK::send():4407, size=4 in 1 chunks
20220809 014908.104 DEBUG            PET1 VMK::send():4407, size=316800 in 1 chunks
20220809 014908.118 DEBUG            PET1 VMK::send():4407, size=115200 in 1 chunks
20220809 014908.118 DEBUG            PET1 VMK::send():4407, size=115200 in 1 chunks
20220809 014908.118 DEBUG            PET1 VMK::send():4407, size=115200 in 1 chunks
20220809 014908.119 DEBUG            PET1 VMK::send():4407, size=115200 in 1 chunks
20220809 014908.119 DEBUG            PET1 VMK::send():4407, size=115200 in 1 chunks
20220809 014908.119 DEBUG            PET1 VMK::send():4407, size=115200 in 1 chunks
20220809 014908.119 DEBUG            PET1 VMK::send():4407, size=115200 in 1 chunks
20220809 014908.119 DEBUG            PET1 VMK::send():4407, size=115200 in 1 chunks
20220809 014908.119 DEBUG            PET1 VMK::send():4407, size=115200 in 1 chunks
20220809 014908.120 DEBUG            PET1 VMK::send():4407, size=115200 in 1 chunks
20220809 014908.122 DEBUG            PET1 VMK::send():4407, size=115200 in 1 chunks
20220809 014908.122 DEBUG            PET1 VMK::send():4407, size=115200 in 1 chunks
20220809 014908.122 DEBUG            PET1 VMK::send():4407, size=115200 in 1 chunks
20220809 014908.122 DEBUG            PET1 VMK::send():4407, size=115200 in 1 chunks
20220809 014908.123 DEBUG            PET1 VMK::send():4407, size=115200 in 1 chunks
20220809 014908.123 DEBUG            PET1 VMK::send():4407, size=115200 in 1 chunks
20220809 014908.123 DEBUG            PET1 VMK::send():4407, size=115200 in 1 chunks
20220809 014908.123 DEBUG            PET1 VMK::send():4407, size=115200 in 1 chunks
20220809 014908.123 DEBUG            PET1 VMK::send():4407, size=115200 in 1 chunks
20220809 014908.123 DEBUG            PET1 VMK::send():4407, size=115200 in 1 chunks
20220809 014908.126 DEBUG            PET1 VMK::send():4407, size=115200 in 1 chunks
20220809 014908.126 DEBUG            PET1 VMK::send():4407, size=115200 in 1 chunks
20220809 014908.126 DEBUG            PET1 VMK::send():4407, size=115200 in 1 chunks
20220809 014908.126 DEBUG            PET1 VMK::send():4407, size=115200 in 1 chunks
20220809 014908.126 DEBUG            PET1 VMK::send():4407, size=115200 in 1 chunks
20220809 014908.126 DEBUG            PET1 VMK::send():4407, size=115200 in 1 chunks
20220809 014908.127 DEBUG            PET1 VMK::send():4407, size=115200 in 1 chunks
20220809 014908.127 DEBUG            PET1 VMK::send():4407, size=115200 in 1 chunks
20220809 014908.127 DEBUG            PET1 VMK::send():4407, size=115200 in 1 chunks
20220809 014908.127 DEBUG            PET1 VMK::send():4407, size=115200 in 1 chunks
20220809 014908.130 DEBUG            PET1 VMK::send():4407, size=115200 in 1 chunks
20220809 014908.130 INFO             PET1 ESMF_FieldRedistStoreNF(): Leaving routine.
20220809 014908.130 DEBUG            PET1 VMK::recv():4898, size=8 in 1 chunks
20220809 014908.130 DEBUG            PET1 VMK::send():4175, size=8 in one chunk
20220809 014908.130 DEBUG            PET1 VMK::recv():4898, size=1085 in 1 chunks
20220809 014908.130 DEBUG            PET1 VMK::send():4175, size=1085 in one chunk
20220809 014908.130 DEBUG            PET1 VMK::send():4407, size=115200 in 1 chunks
20220809 014908.132 DEBUG            PET1 epochFinal
20220809 014908.132 INFO             PET1  NUMBER_OF_PROCESSORS           4
20220809 014908.132 INFO             PET1  PASS  Example ESMF_RHandleFromRHandleEx, ESMF_RHandleFromRHandleEx.F90, line 660
20220809 014908.132 INFO             PET1 Finalizing ESMF
20220809 014908.132 DEBUG            PET1 epochFinal
20220809 014908.087 INFO             PET2 !!!!!!!!!!!!!!!!!!!!!!!!!!!!!!!!!!!!!!!!!!!!!!!!!!!!!!
20220809 014908.087 INFO             PET2 !!! THE ESMF_LOG IS SET TO OUTPUT ALL LOG MESSAGES !!!
20220809 014908.087 INFO             PET2 !!!     THIS MAY CAUSE SLOWDOWN IN PERFORMANCE     !!!
20220809 014908.087 INFO             PET2 !!! FOR PRODUCTION RUNS, USE:                      !!!
20220809 014908.087 INFO             PET2 !!!                   ESMF_LOGKIND_Multi_On_Error  !!!
20220809 014908.087 INFO             PET2 !!!!!!!!!!!!!!!!!!!!!!!!!!!!!!!!!!!!!!!!!!!!!!!!!!!!!!
20220809 014908.087 INFO             PET2 Running with ESMF Version   : v8.3.0b17-30-g0de4558e1e
20220809 014908.087 INFO             PET2 ESMF library build date/time: "Aug  9 2022" "01:29:08"
20220809 014908.087 INFO             PET2 ESMF library build location : /lfs/h1/emc/ptmp/Mark.Potts/intel_19.1.3_mpi_O_feature_large-messages/esmf
20220809 014908.087 INFO             PET2 ESMF_COMM                   : mpi
20220809 014908.087 INFO             PET2 ESMF_MOAB                   : enabled
20220809 014908.087 INFO             PET2 ESMF_LAPACK                 : enabled
20220809 014908.087 INFO             PET2 ESMF_NETCDF                 : enabled
20220809 014908.087 INFO             PET2 ESMF_PNETCDF                : disabled
20220809 014908.087 INFO             PET2 ESMF_PIO                    : enabled
20220809 014908.087 INFO             PET2 ESMF_YAMLCPP                : enabled
20220809 014908.088 DEBUG            PET2 epochInit
20220809 014908.091 INFO             PET2 ESMF_FieldRedistStoreNF(): Just entered routine.
20220809 014908.094 DEBUG            PET2 VMK::recv():4898, size=14400 in 1 chunks
20220809 014908.094 DEBUG            PET2 VMK::recv():4898, size=14400 in 1 chunks
20220809 014908.095 DEBUG            PET2 VMK::recv():4898, size=72000 in 1 chunks
20220809 014908.095 DEBUG            PET2 VMK::recv():4898, size=72000 in 1 chunks
20220809 014908.095 DEBUG            PET2 VMK::recv():4898, size=28800 in 1 chunks
20220809 014908.095 DEBUG            PET2 VMK::recv():4898, size=28800 in 1 chunks
20220809 014908.097 DEBUG            PET2 VMK::recv():4898, size=14400 in 1 chunks
20220809 014908.097 DEBUG            PET2 VMK::recv():4898, size=14400 in 1 chunks
20220809 014908.097 DEBUG            PET2 VMK::recv():4898, size=72000 in 1 chunks
20220809 014908.097 DEBUG            PET2 VMK::recv():4898, size=72000 in 1 chunks
20220809 014908.098 DEBUG            PET2 VMK::send():4407, size=57600 in 1 chunks
20220809 014908.098 DEBUG            PET2 VMK::send():4407, size=57600 in 1 chunks
20220809 014908.098 DEBUG            PET2 VMK::send():4407, size=57600 in 1 chunks
20220809 014908.100 DEBUG            PET2 VMK::recv():4898, size=72000 in 1 chunks
20220809 014908.100 DEBUG            PET2 VMK::recv():4898, size=72000 in 1 chunks
20220809 014908.101 DEBUG            PET2 VMK::send():4407, size=4 in 1 chunks
20220809 014908.101 DEBUG            PET2 VMK::send():4407, size=4 in 1 chunks
20220809 014908.101 DEBUG            PET2 VMK::send():4407, size=158400 in 1 chunks
20220809 014908.101 DEBUG            PET2 VMK::send():4407, size=158400 in 1 chunks
20220809 014908.103 DEBUG            PET2 VMK::send():4407, size=144000 in 1 chunks
20220809 014908.103 DEBUG            PET2 VMK::recv():4898, size=4 in 1 chunks
20220809 014908.103 DEBUG            PET2 VMK::send():4407, size=144000 in 1 chunks
20220809 014908.103 DEBUG            PET2 VMK::recv():4898, size=4 in 1 chunks
20220809 014908.104 DEBUG            PET2 VMK::send():4407, size=144000 in 1 chunks
20220809 014908.104 DEBUG            PET2 VMK::recv():4898, size=4 in 1 chunks
20220809 014908.105 DEBUG            PET2 VMK::recv():4898, size=316800 in 1 chunks
20220809 014908.105 DEBUG            PET2 VMK::recv():4898, size=316800 in 1 chunks
20220809 014908.105 DEBUG            PET2 VMK::recv():4898, size=316800 in 1 chunks
20220809 014908.118 DEBUG            PET2 VMK::recv():4898, size=115200 in 1 chunks
20220809 014908.118 DEBUG            PET2 VMK::recv():4898, size=115200 in 1 chunks
20220809 014908.118 DEBUG            PET2 VMK::recv():4898, size=115200 in 1 chunks
20220809 014908.118 DEBUG            PET2 VMK::recv():4898, size=115200 in 1 chunks
20220809 014908.118 DEBUG            PET2 VMK::recv():4898, size=115200 in 1 chunks
20220809 014908.119 DEBUG            PET2 VMK::recv():4898, size=115200 in 1 chunks
20220809 014908.119 DEBUG            PET2 VMK::recv():4898, size=115200 in 1 chunks
20220809 014908.119 DEBUG            PET2 VMK::recv():4898, size=115200 in 1 chunks
20220809 014908.119 DEBUG            PET2 VMK::recv():4898, size=115200 in 1 chunks
20220809 014908.119 DEBUG            PET2 VMK::recv():4898, size=115200 in 1 chunks
20220809 014908.119 DEBUG            PET2 VMK::recv():4898, size=115200 in 1 chunks
20220809 014908.119 DEBUG            PET2 VMK::recv():4898, size=115200 in 1 chunks
20220809 014908.119 DEBUG            PET2 VMK::recv():4898, size=115200 in 1 chunks
20220809 014908.119 DEBUG            PET2 VMK::recv():4898, size=115200 in 1 chunks
20220809 014908.119 DEBUG            PET2 VMK::recv():4898, size=115200 in 1 chunks
20220809 014908.119 DEBUG            PET2 VMK::recv():4898, size=115200 in 1 chunks
20220809 014908.119 DEBUG            PET2 VMK::recv():4898, size=115200 in 1 chunks
20220809 014908.120 DEBUG            PET2 VMK::recv():4898, size=115200 in 1 chunks
20220809 014908.120 DEBUG            PET2 VMK::recv():4898, size=115200 in 1 chunks
20220809 014908.120 DEBUG            PET2 VMK::recv():4898, size=115200 in 1 chunks
20220809 014908.122 DEBUG            PET2 VMK::recv():4898, size=115200 in 1 chunks
20220809 014908.122 DEBUG            PET2 VMK::recv():4898, size=115200 in 1 chunks
20220809 014908.122 DEBUG            PET2 VMK::recv():4898, size=115200 in 1 chunks
20220809 014908.122 DEBUG            PET2 VMK::recv():4898, size=115200 in 1 chunks
20220809 014908.122 DEBUG            PET2 VMK::recv():4898, size=115200 in 1 chunks
20220809 014908.122 DEBUG            PET2 VMK::recv():4898, size=115200 in 1 chunks
20220809 014908.122 DEBUG            PET2 VMK::recv():4898, size=115200 in 1 chunks
20220809 014908.122 DEBUG            PET2 VMK::recv():4898, size=115200 in 1 chunks
20220809 014908.123 DEBUG            PET2 VMK::recv():4898, size=115200 in 1 chunks
20220809 014908.123 DEBUG            PET2 VMK::recv():4898, size=115200 in 1 chunks
20220809 014908.123 DEBUG            PET2 VMK::recv():4898, size=115200 in 1 chunks
20220809 014908.123 DEBUG            PET2 VMK::recv():4898, size=115200 in 1 chunks
20220809 014908.123 DEBUG            PET2 VMK::recv():4898, size=115200 in 1 chunks
20220809 014908.123 DEBUG            PET2 VMK::recv():4898, size=115200 in 1 chunks
20220809 014908.123 DEBUG            PET2 VMK::recv():4898, size=115200 in 1 chunks
20220809 014908.123 DEBUG            PET2 VMK::recv():4898, size=115200 in 1 chunks
20220809 014908.123 DEBUG            PET2 VMK::recv():4898, size=115200 in 1 chunks
20220809 014908.123 DEBUG            PET2 VMK::recv():4898, size=115200 in 1 chunks
20220809 014908.123 DEBUG            PET2 VMK::recv():4898, size=115200 in 1 chunks
20220809 014908.123 DEBUG            PET2 VMK::recv():4898, size=115200 in 1 chunks
20220809 014908.126 DEBUG            PET2 VMK::recv():4898, size=115200 in 1 chunks
20220809 014908.126 DEBUG            PET2 VMK::recv():4898, size=115200 in 1 chunks
20220809 014908.126 DEBUG            PET2 VMK::recv():4898, size=115200 in 1 chunks
20220809 014908.126 DEBUG            PET2 VMK::recv():4898, size=115200 in 1 chunks
20220809 014908.126 DEBUG            PET2 VMK::recv():4898, size=115200 in 1 chunks
20220809 014908.126 DEBUG            PET2 VMK::recv():4898, size=115200 in 1 chunks
20220809 014908.126 DEBUG            PET2 VMK::recv():4898, size=115200 in 1 chunks
20220809 014908.126 DEBUG            PET2 VMK::recv():4898, size=115200 in 1 chunks
20220809 014908.126 DEBUG            PET2 VMK::recv():4898, size=115200 in 1 chunks
20220809 014908.126 DEBUG            PET2 VMK::recv():4898, size=115200 in 1 chunks
20220809 014908.126 DEBUG            PET2 VMK::recv():4898, size=115200 in 1 chunks
20220809 014908.126 DEBUG            PET2 VMK::recv():4898, size=115200 in 1 chunks
20220809 014908.127 DEBUG            PET2 VMK::recv():4898, size=115200 in 1 chunks
20220809 014908.127 DEBUG            PET2 VMK::recv():4898, size=115200 in 1 chunks
20220809 014908.127 DEBUG            PET2 VMK::recv():4898, size=115200 in 1 chunks
20220809 014908.127 DEBUG            PET2 VMK::recv():4898, size=115200 in 1 chunks
20220809 014908.127 DEBUG            PET2 VMK::recv():4898, size=115200 in 1 chunks
20220809 014908.127 DEBUG            PET2 VMK::recv():4898, size=115200 in 1 chunks
20220809 014908.127 DEBUG            PET2 VMK::recv():4898, size=115200 in 1 chunks
20220809 014908.127 DEBUG            PET2 VMK::recv():4898, size=115200 in 1 chunks
20220809 014908.130 DEBUG            PET2 VMK::recv():4898, size=115200 in 1 chunks
20220809 014908.130 DEBUG            PET2 VMK::recv():4898, size=115200 in 1 chunks
20220809 014908.130 INFO             PET2 ESMF_FieldRedistStoreNF(): Leaving routine.
20220809 014908.130 DEBUG            PET2 VMK::send():4175, size=8 in one chunk
20220809 014908.130 DEBUG            PET2 VMK::send():4175, size=1385739 in one chunk
20220809 014908.131 DEBUG            PET2 epochFinal
20220809 014908.131 INFO             PET2  NUMBER_OF_PROCESSORS           4
20220809 014908.131 INFO             PET2  PASS  Example ESMF_RHandleFromRHandleEx, ESMF_RHandleFromRHandleEx.F90, line 660
20220809 014908.131 INFO             PET2 Finalizing ESMF
20220809 014908.131 DEBUG            PET2 epochFinal
20220809 014908.086 INFO             PET3 !!!!!!!!!!!!!!!!!!!!!!!!!!!!!!!!!!!!!!!!!!!!!!!!!!!!!!
20220809 014908.086 INFO             PET3 !!! THE ESMF_LOG IS SET TO OUTPUT ALL LOG MESSAGES !!!
20220809 014908.086 INFO             PET3 !!!     THIS MAY CAUSE SLOWDOWN IN PERFORMANCE     !!!
20220809 014908.086 INFO             PET3 !!! FOR PRODUCTION RUNS, USE:                      !!!
20220809 014908.086 INFO             PET3 !!!                   ESMF_LOGKIND_Multi_On_Error  !!!
20220809 014908.086 INFO             PET3 !!!!!!!!!!!!!!!!!!!!!!!!!!!!!!!!!!!!!!!!!!!!!!!!!!!!!!
20220809 014908.086 INFO             PET3 Running with ESMF Version   : v8.3.0b17-30-g0de4558e1e
20220809 014908.086 INFO             PET3 ESMF library build date/time: "Aug  9 2022" "01:29:08"
20220809 014908.086 INFO             PET3 ESMF library build location : /lfs/h1/emc/ptmp/Mark.Potts/intel_19.1.3_mpi_O_feature_large-messages/esmf
20220809 014908.086 INFO             PET3 ESMF_COMM                   : mpi
20220809 014908.087 INFO             PET3 ESMF_MOAB                   : enabled
20220809 014908.087 INFO             PET3 ESMF_LAPACK                 : enabled
20220809 014908.087 INFO             PET3 ESMF_NETCDF                 : enabled
20220809 014908.087 INFO             PET3 ESMF_PNETCDF                : disabled
20220809 014908.087 INFO             PET3 ESMF_PIO                    : enabled
20220809 014908.087 INFO             PET3 ESMF_YAMLCPP                : enabled
20220809 014908.088 DEBUG            PET3 epochInit
20220809 014908.091 INFO             PET3 ESMF_FieldRedistStoreNF(): Just entered routine.
20220809 014908.094 DEBUG            PET3 VMK::recv():4898, size=14400 in 1 chunks
20220809 014908.094 DEBUG            PET3 VMK::recv():4898, size=14400 in 1 chunks
20220809 014908.095 DEBUG            PET3 VMK::recv():4898, size=72000 in 1 chunks
20220809 014908.095 DEBUG            PET3 VMK::recv():4898, size=72000 in 1 chunks
20220809 014908.095 DEBUG            PET3 VMK::recv():4898, size=28800 in 1 chunks
20220809 014908.095 DEBUG            PET3 VMK::recv():4898, size=28800 in 1 chunks
20220809 014908.097 DEBUG            PET3 VMK::recv():4898, size=14400 in 1 chunks
20220809 014908.097 DEBUG            PET3 VMK::recv():4898, size=14400 in 1 chunks
20220809 014908.097 DEBUG            PET3 VMK::recv():4898, size=72000 in 1 chunks
20220809 014908.097 DEBUG            PET3 VMK::recv():4898, size=72000 in 1 chunks
20220809 014908.097 DEBUG            PET3 VMK::recv():4898, size=57600 in 1 chunks
20220809 014908.100 DEBUG            PET3 VMK::recv():4898, size=72000 in 1 chunks
20220809 014908.100 DEBUG            PET3 VMK::recv():4898, size=72000 in 1 chunks
20220809 014908.101 DEBUG            PET3 VMK::send():4407, size=4 in 1 chunks
20220809 014908.101 DEBUG            PET3 VMK::send():4407, size=4 in 1 chunks
20220809 014908.101 DEBUG            PET3 VMK::send():4407, size=158400 in 1 chunks
20220809 014908.101 DEBUG            PET3 VMK::send():4407, size=158400 in 1 chunks
20220809 014908.102 DEBUG            PET3 VMK::recv():4898, size=144000 in 1 chunks
20220809 014908.104 DEBUG            PET3 VMK::send():4407, size=4 in 1 chunks
20220809 014908.104 DEBUG            PET3 VMK::send():4407, size=316800 in 1 chunks
20220809 014908.130 INFO             PET3 ESMF_FieldRedistStoreNF(): Leaving routine.
20220809 014908.130 DEBUG            PET3 VMK::recv():4898, size=8 in 1 chunks
20220809 014908.130 DEBUG            PET3 VMK::recv():4898, size=1385739 in 1 chunks
20220809 014908.132 DEBUG            PET3 VMK::recv():4898, size=115200 in 1 chunks
20220809 014908.132 DEBUG            PET3 VMK::recv():4898, size=115200 in 1 chunks
20220809 014908.132 DEBUG            PET3 epochFinal
20220809 014908.132 INFO             PET3  NUMBER_OF_PROCESSORS           4
20220809 014908.132 INFO             PET3  PASS  Example ESMF_RHandleFromRHandleEx, ESMF_RHandleFromRHandleEx.F90, line 660
20220809 014908.132 INFO             PET3 Finalizing ESMF
20220809 014908.132 DEBUG            PET3 epochFinal
