2022-08-05 01:30:18
20220805 014845.521 INFO             PET0 !!!!!!!!!!!!!!!!!!!!!!!!!!!!!!!!!!!!!!!!!!!!!!!!!!!!!!
20220805 014845.521 INFO             PET0 !!! THE ESMF_LOG IS SET TO OUTPUT ALL LOG MESSAGES !!!
20220805 014845.521 INFO             PET0 !!!     THIS MAY CAUSE SLOWDOWN IN PERFORMANCE     !!!
20220805 014845.521 INFO             PET0 !!! FOR PRODUCTION RUNS, USE:                      !!!
20220805 014845.521 INFO             PET0 !!!                   ESMF_LOGKIND_Multi_On_Error  !!!
20220805 014845.521 INFO             PET0 !!!!!!!!!!!!!!!!!!!!!!!!!!!!!!!!!!!!!!!!!!!!!!!!!!!!!!
20220805 014845.521 INFO             PET0 Running with ESMF Version   : v8.3.0b17-27-g5b5163fc0a
20220805 014845.521 INFO             PET0 ESMF library build date/time: "Aug  5 2022" "01:29:08"
20220805 014845.521 INFO             PET0 ESMF library build location : /lfs/h1/emc/ptmp/Mark.Potts/intel_19.1.3_mpi_O_feature_large-messages/esmf
20220805 014845.521 INFO             PET0 ESMF_COMM                   : mpi
20220805 014845.521 INFO             PET0 ESMF_MOAB                   : enabled
20220805 014845.521 INFO             PET0 ESMF_LAPACK                 : enabled
20220805 014845.521 INFO             PET0 ESMF_NETCDF                 : enabled
20220805 014845.521 INFO             PET0 ESMF_PNETCDF                : disabled
20220805 014845.521 INFO             PET0 ESMF_PIO                    : enabled
20220805 014845.521 INFO             PET0 ESMF_YAMLCPP                : enabled
20220805 014845.522 DEBUG            PET0 VMK::recv():4898, size=40 in 1 chunks
20220805 014845.522 DEBUG            PET0 VMK::recv():4898, size=40 in 1 chunks
20220805 014845.522 DEBUG            PET0 VMK::recv():4898, size=40 in 1 chunks
20220805 014845.522 DEBUG            PET0 epochBuffer:4765 non-blocking recv firstFlag=1 size=40
20220805 014845.522 DEBUG            PET0 epochBuffer:4778 ready to probe: src=3
20220805 014845.523 DEBUG            PET0 epochBuffer:4813 time in blocking probe: 0.0010316 seconds
20220805 014845.523 DEBUG            PET0 epochBuffer:4817 incoming message of size=104
20220805 014845.523 DEBUG            PET0 epochBuffer:4830 ready to post blocking recv: src=3 size=104 streamBuffer=0x1201110
20220805 014845.523 DEBUG            PET0 epochBuffer:4849 time in blocking recv: 5.351e-06 seconds
20220805 014845.523 DEBUG            PET0 epochBuffer:4863 processing recv chunk: buffer=0x1201110 chunkSize=40 chunkTag=3000
20220805 014845.523 DEBUG            PET0 epochBuffer:4765 non-blocking recv firstFlag=0 size=40
20220805 014845.523 DEBUG            PET0 epochBuffer:4863 processing recv chunk: buffer=0x1201144 chunkSize=40 chunkTag=3000
20220805 014845.523 INFO             PET0  NUMBER_OF_PROCESSORS           4
20220805 014845.523 INFO             PET0  PASS  Example ESMF_VMNonBlockingEx, ESMF_VMNonBlockingEx.F90, line 433
20220805 014845.523 INFO             PET0 Finalizing ESMF
20220805 014845.523 DEBUG            PET0 epochFinal
20220805 014845.521 INFO             PET1 !!!!!!!!!!!!!!!!!!!!!!!!!!!!!!!!!!!!!!!!!!!!!!!!!!!!!!
20220805 014845.521 INFO             PET1 !!! THE ESMF_LOG IS SET TO OUTPUT ALL LOG MESSAGES !!!
20220805 014845.521 INFO             PET1 !!!     THIS MAY CAUSE SLOWDOWN IN PERFORMANCE     !!!
20220805 014845.521 INFO             PET1 !!! FOR PRODUCTION RUNS, USE:                      !!!
20220805 014845.521 INFO             PET1 !!!                   ESMF_LOGKIND_Multi_On_Error  !!!
20220805 014845.521 INFO             PET1 !!!!!!!!!!!!!!!!!!!!!!!!!!!!!!!!!!!!!!!!!!!!!!!!!!!!!!
20220805 014845.521 INFO             PET1 Running with ESMF Version   : v8.3.0b17-27-g5b5163fc0a
20220805 014845.521 INFO             PET1 ESMF library build date/time: "Aug  5 2022" "01:29:08"
20220805 014845.521 INFO             PET1 ESMF library build location : /lfs/h1/emc/ptmp/Mark.Potts/intel_19.1.3_mpi_O_feature_large-messages/esmf
20220805 014845.521 INFO             PET1 ESMF_COMM                   : mpi
20220805 014845.522 INFO             PET1 ESMF_MOAB                   : enabled
20220805 014845.522 INFO             PET1 ESMF_LAPACK                 : enabled
20220805 014845.522 INFO             PET1 ESMF_NETCDF                 : enabled
20220805 014845.522 INFO             PET1 ESMF_PNETCDF                : disabled
20220805 014845.522 INFO             PET1 ESMF_PIO                    : enabled
20220805 014845.522 INFO             PET1 ESMF_YAMLCPP                : enabled
20220805 014845.522 INFO             PET1  NUMBER_OF_PROCESSORS           4
20220805 014845.522 INFO             PET1  PASS  Example ESMF_VMNonBlockingEx, ESMF_VMNonBlockingEx.F90, line 433
20220805 014845.522 INFO             PET1 Finalizing ESMF
20220805 014845.522 DEBUG            PET1 epochFinal
20220805 014845.521 INFO             PET2 !!!!!!!!!!!!!!!!!!!!!!!!!!!!!!!!!!!!!!!!!!!!!!!!!!!!!!
20220805 014845.521 INFO             PET2 !!! THE ESMF_LOG IS SET TO OUTPUT ALL LOG MESSAGES !!!
20220805 014845.521 INFO             PET2 !!!     THIS MAY CAUSE SLOWDOWN IN PERFORMANCE     !!!
20220805 014845.521 INFO             PET2 !!! FOR PRODUCTION RUNS, USE:                      !!!
20220805 014845.521 INFO             PET2 !!!                   ESMF_LOGKIND_Multi_On_Error  !!!
20220805 014845.521 INFO             PET2 !!!!!!!!!!!!!!!!!!!!!!!!!!!!!!!!!!!!!!!!!!!!!!!!!!!!!!
20220805 014845.521 INFO             PET2 Running with ESMF Version   : v8.3.0b17-27-g5b5163fc0a
20220805 014845.521 INFO             PET2 ESMF library build date/time: "Aug  5 2022" "01:29:08"
20220805 014845.521 INFO             PET2 ESMF library build location : /lfs/h1/emc/ptmp/Mark.Potts/intel_19.1.3_mpi_O_feature_large-messages/esmf
20220805 014845.521 INFO             PET2 ESMF_COMM                   : mpi
20220805 014845.521 INFO             PET2 ESMF_MOAB                   : enabled
20220805 014845.521 INFO             PET2 ESMF_LAPACK                 : enabled
20220805 014845.521 INFO             PET2 ESMF_NETCDF                 : enabled
20220805 014845.521 INFO             PET2 ESMF_PNETCDF                : disabled
20220805 014845.521 INFO             PET2 ESMF_PIO                    : enabled
20220805 014845.521 INFO             PET2 ESMF_YAMLCPP                : enabled
20220805 014845.522 INFO             PET2  NUMBER_OF_PROCESSORS           4
20220805 014845.522 INFO             PET2  PASS  Example ESMF_VMNonBlockingEx, ESMF_VMNonBlockingEx.F90, line 433
20220805 014845.522 INFO             PET2 Finalizing ESMF
20220805 014845.522 DEBUG            PET2 epochFinal
20220805 014845.521 INFO             PET3 !!!!!!!!!!!!!!!!!!!!!!!!!!!!!!!!!!!!!!!!!!!!!!!!!!!!!!
20220805 014845.521 INFO             PET3 !!! THE ESMF_LOG IS SET TO OUTPUT ALL LOG MESSAGES !!!
20220805 014845.521 INFO             PET3 !!!     THIS MAY CAUSE SLOWDOWN IN PERFORMANCE     !!!
20220805 014845.521 INFO             PET3 !!! FOR PRODUCTION RUNS, USE:                      !!!
20220805 014845.521 INFO             PET3 !!!                   ESMF_LOGKIND_Multi_On_Error  !!!
20220805 014845.521 INFO             PET3 !!!!!!!!!!!!!!!!!!!!!!!!!!!!!!!!!!!!!!!!!!!!!!!!!!!!!!
20220805 014845.521 INFO             PET3 Running with ESMF Version   : v8.3.0b17-27-g5b5163fc0a
20220805 014845.521 INFO             PET3 ESMF library build date/time: "Aug  5 2022" "01:29:08"
20220805 014845.521 INFO             PET3 ESMF library build location : /lfs/h1/emc/ptmp/Mark.Potts/intel_19.1.3_mpi_O_feature_large-messages/esmf
20220805 014845.521 INFO             PET3 ESMF_COMM                   : mpi
20220805 014845.521 INFO             PET3 ESMF_MOAB                   : enabled
20220805 014845.521 INFO             PET3 ESMF_LAPACK                 : enabled
20220805 014845.521 INFO             PET3 ESMF_NETCDF                 : enabled
20220805 014845.521 INFO             PET3 ESMF_PNETCDF                : disabled
20220805 014845.521 INFO             PET3 ESMF_PIO                    : enabled
20220805 014845.521 INFO             PET3 ESMF_YAMLCPP                : enabled
20220805 014845.522 DEBUG            PET3 VMK::send():4407, size=40 in 1 chunks
20220805 014845.522 DEBUG            PET3 VMK::send():4407, size=40 in 1 chunks
20220805 014845.522 DEBUG            PET3 VMK::send():4407, size=40 in 1 chunks
20220805 014845.522 DEBUG            PET3 epochBuffer:4353 non-blocking send to dst=0 firstFlag=1 msg size=40
20220805 014845.522 DEBUG            PET3 epochBuffer:4063 ready to clear outstanding comm
20220805 014845.522 INFO             PET3 VMK::sendBuffer::clear():1.0 - MemInfo: [/proc/meminfo - SSI]	MemTotal:       527077116 kB
20220805 014845.522 INFO             PET3 VMK::sendBuffer::clear():1.0 - MemInfo: [/proc/meminfo - SSI]	MemFree:        516139740 kB
20220805 014845.522 INFO             PET3 VMK::sendBuffer::clear():1.0 - MemInfo: [/proc/meminfo - SSI]	MemAvailable:   516990172 kB
20220805 014845.522 INFO             PET3 VMK::sendBuffer::clear():1.0 - MemInfo: [/proc/meminfo - SSI]	Committed_AS:    1533880 kB
20220805 014845.522 INFO             PET3 VMK::sendBuffer::clear():1.0 - MemInfo: [/proc/meminfo - SSI]	CommittedPercent: 0.291016 %
20220805 014845.522 INFO             PET3 VMK::sendBuffer::clear():1.0 - MemInfo: [/proc/self/status]	VmPeak:	  220852 kB
20220805 014845.522 INFO             PET3 VMK::sendBuffer::clear():1.0 - MemInfo: [/proc/self/status]	VmSize:	  220852 kB
20220805 014845.522 INFO             PET3 VMK::sendBuffer::clear():1.0 - MemInfo: [/proc/self/status]	VmLck:	       0 kB
20220805 014845.522 INFO             PET3 VMK::sendBuffer::clear():1.0 - MemInfo: [/proc/self/status]	VmPin:	       0 kB
20220805 014845.522 INFO             PET3 VMK::sendBuffer::clear():1.0 - MemInfo: [/proc/self/status]	VmHWM:	   25820 kB
20220805 014845.522 INFO             PET3 VMK::sendBuffer::clear():1.0 - MemInfo: [/proc/self/status]	VmRSS:	   25820 kB
20220805 014845.522 INFO             PET3 VMK::sendBuffer::clear():1.0 - MemInfo: [/proc/self/status]	VmData:	   19392 kB
20220805 014845.522 INFO             PET3 VMK::sendBuffer::clear():1.0 - MemInfo: [/proc/self/status]	VmStk:	     164 kB
20220805 014845.522 INFO             PET3 VMK::sendBuffer::clear():1.0 - MemInfo: [/proc/self/status]	VmExe:	    1964 kB
20220805 014845.522 INFO             PET3 VMK::sendBuffer::clear():1.0 - MemInfo: [/proc/self/status]	VmLib:	  120792 kB
20220805 014845.522 INFO             PET3 VMK::sendBuffer::clear():1.0 - MemInfo: [/proc/self/status]	VmPTE:	     372 kB
20220805 014845.522 INFO             PET3 VMK::sendBuffer::clear():1.0 - MemInfo: [/proc/self/status]	VmSwap:	       0 kB
20220805 014845.522 INFO             PET3 VMK::sendBuffer::clear():1.0 - MemInfo: [/proc/self/status]	VmRSSPercent: 0.00489871 %
20220805 014845.522 INFO             PET3 VMK::sendBuffer::clear():1.0 - MemInfo: [malloc] Non-mmapped space allocated:                  581632 Byte
20220805 014845.522 INFO             PET3 VMK::sendBuffer::clear():1.0 - MemInfo: [malloc] Space allocated in mmapped regions:          2838528 Byte
20220805 014845.522 INFO             PET3 VMK::sendBuffer::clear():1.0 - MemInfo: [malloc] Maximum total allocated space:                     0 Byte
20220805 014845.522 INFO             PET3 VMK::sendBuffer::clear():1.0 - MemInfo: [malloc] Space in freed fastbin blocks:                     0 Byte
20220805 014845.522 INFO             PET3 VMK::sendBuffer::clear():1.0 - MemInfo: [malloc] Total allocated space:                        548784 Byte
20220805 014845.522 INFO             PET3 VMK::sendBuffer::clear():1.0 - MemInfo: [malloc] Total free space:                              32848 Byte
20220805 014845.522 INFO             PET3 VMK::sendBuffer::clear():1.0 - MemInfo: [malloc] Top-most, releasable space:                    32848 Byte
20220805 014845.522 INFO             PET3 VMK::sendBuffer::clear():1.0 - MemInfo: [malloc] Total space in use, mmap + non-mmap:         3387312 Byte
20220805 014845.522 INFO             PET3 VMK::sendBuffer::clear():1.0 - MemInfo: [malloc] Total space held (mmap + non-mmap):          3420160 Byte
20220805 014845.522 INFO             PET3 VMK::sendBuffer::clear():1.0 - MemInfo: [malloc] Total space used (mmap + non-mmap):          3396048 Byte
20220805 014845.522 INFO             PET3 VMK::sendBuffer::clear():1.0 - MemInfo: Wall-clock time since execution start:             0.00441031 seconds
20220805 014845.522 INFO             PET3 VMK::sendBuffer::clear():2.0 - MemInfo: [/proc/meminfo - SSI]	MemTotal:       527077116 kB
20220805 014845.522 INFO             PET3 VMK::sendBuffer::clear():2.0 - MemInfo: [/proc/meminfo - SSI]	MemFree:        516139740 kB
20220805 014845.522 INFO             PET3 VMK::sendBuffer::clear():2.0 - MemInfo: [/proc/meminfo - SSI]	MemAvailable:   516990172 kB
20220805 014845.522 INFO             PET3 VMK::sendBuffer::clear():2.0 - MemInfo: [/proc/meminfo - SSI]	Committed_AS:    1533880 kB
20220805 014845.522 INFO             PET3 VMK::sendBuffer::clear():2.0 - MemInfo: [/proc/meminfo - SSI]	CommittedPercent: 0.291016 %
20220805 014845.522 INFO             PET3 VMK::sendBuffer::clear():2.0 - MemInfo: [/proc/self/status]	VmPeak:	  220852 kB
20220805 014845.522 INFO             PET3 VMK::sendBuffer::clear():2.0 - MemInfo: [/proc/self/status]	VmSize:	  220852 kB
20220805 014845.522 INFO             PET3 VMK::sendBuffer::clear():2.0 - MemInfo: [/proc/self/status]	VmLck:	       0 kB
20220805 014845.522 INFO             PET3 VMK::sendBuffer::clear():2.0 - MemInfo: [/proc/self/status]	VmPin:	       0 kB
20220805 014845.522 INFO             PET3 VMK::sendBuffer::clear():2.0 - MemInfo: [/proc/self/status]	VmHWM:	   25820 kB
20220805 014845.522 INFO             PET3 VMK::sendBuffer::clear():2.0 - MemInfo: [/proc/self/status]	VmRSS:	   25820 kB
20220805 014845.522 INFO             PET3 VMK::sendBuffer::clear():2.0 - MemInfo: [/proc/self/status]	VmData:	   19392 kB
20220805 014845.522 INFO             PET3 VMK::sendBuffer::clear():2.0 - MemInfo: [/proc/self/status]	VmStk:	     164 kB
20220805 014845.522 INFO             PET3 VMK::sendBuffer::clear():2.0 - MemInfo: [/proc/self/status]	VmExe:	    1964 kB
20220805 014845.522 INFO             PET3 VMK::sendBuffer::clear():2.0 - MemInfo: [/proc/self/status]	VmLib:	  120792 kB
20220805 014845.522 INFO             PET3 VMK::sendBuffer::clear():2.0 - MemInfo: [/proc/self/status]	VmPTE:	     372 kB
20220805 014845.522 INFO             PET3 VMK::sendBuffer::clear():2.0 - MemInfo: [/proc/self/status]	VmSwap:	       0 kB
20220805 014845.522 INFO             PET3 VMK::sendBuffer::clear():2.0 - MemInfo: [/proc/self/status]	VmRSSPercent: 0.00489871 %
20220805 014845.522 INFO             PET3 VMK::sendBuffer::clear():2.0 - MemInfo: [malloc] Non-mmapped space allocated:                  581632 Byte
20220805 014845.522 INFO             PET3 VMK::sendBuffer::clear():2.0 - MemInfo: [malloc] Space allocated in mmapped regions:          2838528 Byte
20220805 014845.522 INFO             PET3 VMK::sendBuffer::clear():2.0 - MemInfo: [malloc] Maximum total allocated space:                     0 Byte
20220805 014845.522 INFO             PET3 VMK::sendBuffer::clear():2.0 - MemInfo: [malloc] Space in freed fastbin blocks:                     0 Byte
20220805 014845.522 INFO             PET3 VMK::sendBuffer::clear():2.0 - MemInfo: [malloc] Total allocated space:                        549760 Byte
20220805 014845.522 INFO             PET3 VMK::sendBuffer::clear():2.0 - MemInfo: [malloc] Total free space:                              31872 Byte
20220805 014845.522 INFO             PET3 VMK::sendBuffer::clear():2.0 - MemInfo: [malloc] Top-most, releasable space:                    31872 Byte
20220805 014845.522 INFO             PET3 VMK::sendBuffer::clear():2.0 - MemInfo: [malloc] Total space in use, mmap + non-mmap:         3388288 Byte
20220805 014845.522 INFO             PET3 VMK::sendBuffer::clear():2.0 - MemInfo: [malloc] Total space held (mmap + non-mmap):          3420160 Byte
20220805 014845.522 INFO             PET3 VMK::sendBuffer::clear():2.0 - MemInfo: [malloc] Total space used (mmap + non-mmap):          3396496 Byte
20220805 014845.522 INFO             PET3 VMK::sendBuffer::clear():2.0 - MemInfo: Wall-clock time since execution start:             0.00459437 seconds
20220805 014845.522 INFO             PET3 VMK::sendBuffer::clear():3.0 - MemInfo: [/proc/meminfo - SSI]	MemTotal:       527077116 kB
20220805 014845.522 INFO             PET3 VMK::sendBuffer::clear():3.0 - MemInfo: [/proc/meminfo - SSI]	MemFree:        516139740 kB
20220805 014845.522 INFO             PET3 VMK::sendBuffer::clear():3.0 - MemInfo: [/proc/meminfo - SSI]	MemAvailable:   516990172 kB
20220805 014845.522 INFO             PET3 VMK::sendBuffer::clear():3.0 - MemInfo: [/proc/meminfo - SSI]	Committed_AS:    1533880 kB
20220805 014845.522 INFO             PET3 VMK::sendBuffer::clear():3.0 - MemInfo: [/proc/meminfo - SSI]	CommittedPercent: 0.291016 %
20220805 014845.522 INFO             PET3 VMK::sendBuffer::clear():3.0 - MemInfo: [/proc/self/status]	VmPeak:	  220852 kB
20220805 014845.522 INFO             PET3 VMK::sendBuffer::clear():3.0 - MemInfo: [/proc/self/status]	VmSize:	  220852 kB
20220805 014845.522 INFO             PET3 VMK::sendBuffer::clear():3.0 - MemInfo: [/proc/self/status]	VmLck:	       0 kB
20220805 014845.522 INFO             PET3 VMK::sendBuffer::clear():3.0 - MemInfo: [/proc/self/status]	VmPin:	       0 kB
20220805 014845.522 INFO             PET3 VMK::sendBuffer::clear():3.0 - MemInfo: [/proc/self/status]	VmHWM:	   25820 kB
20220805 014845.522 INFO             PET3 VMK::sendBuffer::clear():3.0 - MemInfo: [/proc/self/status]	VmRSS:	   25820 kB
20220805 014845.522 INFO             PET3 VMK::sendBuffer::clear():3.0 - MemInfo: [/proc/self/status]	VmData:	   19392 kB
20220805 014845.522 INFO             PET3 VMK::sendBuffer::clear():3.0 - MemInfo: [/proc/self/status]	VmStk:	     164 kB
20220805 014845.522 INFO             PET3 VMK::sendBuffer::clear():3.0 - MemInfo: [/proc/self/status]	VmExe:	    1964 kB
20220805 014845.522 INFO             PET3 VMK::sendBuffer::clear():3.0 - MemInfo: [/proc/self/status]	VmLib:	  120792 kB
20220805 014845.522 INFO             PET3 VMK::sendBuffer::clear():3.0 - MemInfo: [/proc/self/status]	VmPTE:	     372 kB
20220805 014845.522 INFO             PET3 VMK::sendBuffer::clear():3.0 - MemInfo: [/proc/self/status]	VmSwap:	       0 kB
20220805 014845.522 INFO             PET3 VMK::sendBuffer::clear():3.0 - MemInfo: [/proc/self/status]	VmRSSPercent: 0.00489871 %
20220805 014845.522 INFO             PET3 VMK::sendBuffer::clear():3.0 - MemInfo: [malloc] Non-mmapped space allocated:                  581632 Byte
20220805 014845.522 INFO             PET3 VMK::sendBuffer::clear():3.0 - MemInfo: [malloc] Space allocated in mmapped regions:          2838528 Byte
20220805 014845.522 INFO             PET3 VMK::sendBuffer::clear():3.0 - MemInfo: [malloc] Maximum total allocated space:                     0 Byte
20220805 014845.522 INFO             PET3 VMK::sendBuffer::clear():3.0 - MemInfo: [malloc] Space in freed fastbin blocks:                     0 Byte
20220805 014845.522 INFO             PET3 VMK::sendBuffer::clear():3.0 - MemInfo: [malloc] Total allocated space:                        549984 Byte
20220805 014845.522 INFO             PET3 VMK::sendBuffer::clear():3.0 - MemInfo: [malloc] Total free space:                              31648 Byte
20220805 014845.522 INFO             PET3 VMK::sendBuffer::clear():3.0 - MemInfo: [malloc] Top-most, releasable space:                    31648 Byte
20220805 014845.522 INFO             PET3 VMK::sendBuffer::clear():3.0 - MemInfo: [malloc] Total space in use, mmap + non-mmap:         3388512 Byte
20220805 014845.522 INFO             PET3 VMK::sendBuffer::clear():3.0 - MemInfo: [malloc] Total space held (mmap + non-mmap):          3420160 Byte
20220805 014845.522 INFO             PET3 VMK::sendBuffer::clear():3.0 - MemInfo: [malloc] Total space used (mmap + non-mmap):          3396720 Byte
20220805 014845.522 INFO             PET3 VMK::sendBuffer::clear():3.0 - MemInfo: Wall-clock time since execution start:             0.00476004 seconds
20220805 014845.522 DEBUG            PET3 epochBuffer:4376 non-blocking send write complete, current stream size=52
20220805 014845.522 DEBUG            PET3 epochBuffer:4353 non-blocking send to dst=0 firstFlag=0 msg size=40
20220805 014845.522 DEBUG            PET3 epochBuffer:4376 non-blocking send write complete, current stream size=104
20220805 014845.522 DEBUG            PET3 epochBuffer:3868 unacknowledged sends to dst=0: 0
20220805 014845.522 INFO             PET3 VMK::epochExit:1.0 - MemInfo: [/proc/meminfo - SSI]	MemTotal:       527077116 kB
20220805 014845.522 INFO             PET3 VMK::epochExit:1.0 - MemInfo: [/proc/meminfo - SSI]	MemFree:        516139740 kB
20220805 014845.522 INFO             PET3 VMK::epochExit:1.0 - MemInfo: [/proc/meminfo - SSI]	MemAvailable:   516990172 kB
20220805 014845.522 INFO             PET3 VMK::epochExit:1.0 - MemInfo: [/proc/meminfo - SSI]	Committed_AS:    1533880 kB
20220805 014845.523 INFO             PET3 VMK::epochExit:1.0 - MemInfo: [/proc/meminfo - SSI]	CommittedPercent: 0.291016 %
20220805 014845.523 INFO             PET3 VMK::epochExit:1.0 - MemInfo: [/proc/self/status]	VmPeak:	  220852 kB
20220805 014845.523 INFO             PET3 VMK::epochExit:1.0 - MemInfo: [/proc/self/status]	VmSize:	  220852 kB
20220805 014845.523 INFO             PET3 VMK::epochExit:1.0 - MemInfo: [/proc/self/status]	VmLck:	       0 kB
20220805 014845.523 INFO             PET3 VMK::epochExit:1.0 - MemInfo: [/proc/self/status]	VmPin:	       0 kB
20220805 014845.523 INFO             PET3 VMK::epochExit:1.0 - MemInfo: [/proc/self/status]	VmHWM:	   25820 kB
20220805 014845.523 INFO             PET3 VMK::epochExit:1.0 - MemInfo: [/proc/self/status]	VmRSS:	   25820 kB
20220805 014845.523 INFO             PET3 VMK::epochExit:1.0 - MemInfo: [/proc/self/status]	VmData:	   19392 kB
20220805 014845.523 INFO             PET3 VMK::epochExit:1.0 - MemInfo: [/proc/self/status]	VmStk:	     164 kB
20220805 014845.523 INFO             PET3 VMK::epochExit:1.0 - MemInfo: [/proc/self/status]	VmExe:	    1964 kB
20220805 014845.523 INFO             PET3 VMK::epochExit:1.0 - MemInfo: [/proc/self/status]	VmLib:	  120792 kB
20220805 014845.523 INFO             PET3 VMK::epochExit:1.0 - MemInfo: [/proc/self/status]	VmPTE:	     372 kB
20220805 014845.523 INFO             PET3 VMK::epochExit:1.0 - MemInfo: [/proc/self/status]	VmSwap:	       0 kB
20220805 014845.523 INFO             PET3 VMK::epochExit:1.0 - MemInfo: [/proc/self/status]	VmRSSPercent: 0.00489871 %
20220805 014845.523 INFO             PET3 VMK::epochExit:1.0 - MemInfo: [malloc] Non-mmapped space allocated:                  581632 Byte
20220805 014845.523 INFO             PET3 VMK::epochExit:1.0 - MemInfo: [malloc] Space allocated in mmapped regions:          2838528 Byte
20220805 014845.523 INFO             PET3 VMK::epochExit:1.0 - MemInfo: [malloc] Maximum total allocated space:                     0 Byte
20220805 014845.523 INFO             PET3 VMK::epochExit:1.0 - MemInfo: [malloc] Space in freed fastbin blocks:                     0 Byte
20220805 014845.523 INFO             PET3 VMK::epochExit:1.0 - MemInfo: [malloc] Total allocated space:                        550272 Byte
20220805 014845.523 INFO             PET3 VMK::epochExit:1.0 - MemInfo: [malloc] Total free space:                              31360 Byte
20220805 014845.523 INFO             PET3 VMK::epochExit:1.0 - MemInfo: [malloc] Top-most, releasable space:                    31360 Byte
20220805 014845.523 INFO             PET3 VMK::epochExit:1.0 - MemInfo: [malloc] Total space in use, mmap + non-mmap:         3388800 Byte
20220805 014845.523 INFO             PET3 VMK::epochExit:1.0 - MemInfo: [malloc] Total space held (mmap + non-mmap):          3420160 Byte
20220805 014845.523 INFO             PET3 VMK::epochExit:1.0 - MemInfo: [malloc] Total space used (mmap + non-mmap):          3397120 Byte
20220805 014845.523 INFO             PET3 VMK::epochExit:1.0 - MemInfo: Wall-clock time since execution start:             0.00499906 seconds
20220805 014845.523 INFO             PET3 VMK::epochExit:2.0 - MemInfo: [/proc/meminfo - SSI]	MemTotal:       527077116 kB
20220805 014845.523 INFO             PET3 VMK::epochExit:2.0 - MemInfo: [/proc/meminfo - SSI]	MemFree:        516139740 kB
20220805 014845.523 INFO             PET3 VMK::epochExit:2.0 - MemInfo: [/proc/meminfo - SSI]	MemAvailable:   516990172 kB
20220805 014845.523 INFO             PET3 VMK::epochExit:2.0 - MemInfo: [/proc/meminfo - SSI]	Committed_AS:    1533880 kB
20220805 014845.523 INFO             PET3 VMK::epochExit:2.0 - MemInfo: [/proc/meminfo - SSI]	CommittedPercent: 0.291016 %
20220805 014845.523 INFO             PET3 VMK::epochExit:2.0 - MemInfo: [/proc/self/status]	VmPeak:	  220852 kB
20220805 014845.523 INFO             PET3 VMK::epochExit:2.0 - MemInfo: [/proc/self/status]	VmSize:	  220852 kB
20220805 014845.523 INFO             PET3 VMK::epochExit:2.0 - MemInfo: [/proc/self/status]	VmLck:	       0 kB
20220805 014845.523 INFO             PET3 VMK::epochExit:2.0 - MemInfo: [/proc/self/status]	VmPin:	       0 kB
20220805 014845.523 INFO             PET3 VMK::epochExit:2.0 - MemInfo: [/proc/self/status]	VmHWM:	   25820 kB
20220805 014845.523 INFO             PET3 VMK::epochExit:2.0 - MemInfo: [/proc/self/status]	VmRSS:	   25820 kB
20220805 014845.523 INFO             PET3 VMK::epochExit:2.0 - MemInfo: [/proc/self/status]	VmData:	   19392 kB
20220805 014845.523 INFO             PET3 VMK::epochExit:2.0 - MemInfo: [/proc/self/status]	VmStk:	     164 kB
20220805 014845.523 INFO             PET3 VMK::epochExit:2.0 - MemInfo: [/proc/self/status]	VmExe:	    1964 kB
20220805 014845.523 INFO             PET3 VMK::epochExit:2.0 - MemInfo: [/proc/self/status]	VmLib:	  120792 kB
20220805 014845.523 INFO             PET3 VMK::epochExit:2.0 - MemInfo: [/proc/self/status]	VmPTE:	     372 kB
20220805 014845.523 INFO             PET3 VMK::epochExit:2.0 - MemInfo: [/proc/self/status]	VmSwap:	       0 kB
20220805 014845.523 INFO             PET3 VMK::epochExit:2.0 - MemInfo: [/proc/self/status]	VmRSSPercent: 0.00489871 %
20220805 014845.523 INFO             PET3 VMK::epochExit:2.0 - MemInfo: [malloc] Non-mmapped space allocated:                  581632 Byte
20220805 014845.523 INFO             PET3 VMK::epochExit:2.0 - MemInfo: [malloc] Space allocated in mmapped regions:          2838528 Byte
20220805 014845.523 INFO             PET3 VMK::epochExit:2.0 - MemInfo: [malloc] Maximum total allocated space:                     0 Byte
20220805 014845.523 INFO             PET3 VMK::epochExit:2.0 - MemInfo: [malloc] Space in freed fastbin blocks:                     0 Byte
20220805 014845.523 INFO             PET3 VMK::epochExit:2.0 - MemInfo: [malloc] Total allocated space:                        550608 Byte
20220805 014845.523 INFO             PET3 VMK::epochExit:2.0 - MemInfo: [malloc] Total free space:                              31024 Byte
20220805 014845.523 INFO             PET3 VMK::epochExit:2.0 - MemInfo: [malloc] Top-most, releasable space:                    31024 Byte
20220805 014845.523 INFO             PET3 VMK::epochExit:2.0 - MemInfo: [malloc] Total space in use, mmap + non-mmap:         3389136 Byte
20220805 014845.523 INFO             PET3 VMK::epochExit:2.0 - MemInfo: [malloc] Total space held (mmap + non-mmap):          3420160 Byte
20220805 014845.523 INFO             PET3 VMK::epochExit:2.0 - MemInfo: [malloc] Total space used (mmap + non-mmap):          3397344 Byte
20220805 014845.523 INFO             PET3 VMK::epochExit:2.0 - MemInfo: Wall-clock time since execution start:             0.00516977 seconds
20220805 014845.523 DEBUG            PET3 epochBuffer:3920 ready to post non-blocking send: dst=0 size=104 buffer=0x1d80760
20220805 014845.523 DEBUG            PET3 epochBuffer:3971 time in non-blocking send: 3.006e-06 seconds
20220805 014845.523 INFO             PET3 VMK::epochExit:3.0 - MemInfo: [/proc/meminfo - SSI]	MemTotal:       527077116 kB
20220805 014845.523 INFO             PET3 VMK::epochExit:3.0 - MemInfo: [/proc/meminfo - SSI]	MemFree:        516139740 kB
20220805 014845.523 INFO             PET3 VMK::epochExit:3.0 - MemInfo: [/proc/meminfo - SSI]	MemAvailable:   516990172 kB
20220805 014845.523 INFO             PET3 VMK::epochExit:3.0 - MemInfo: [/proc/meminfo - SSI]	Committed_AS:    1533880 kB
20220805 014845.523 INFO             PET3 VMK::epochExit:3.0 - MemInfo: [/proc/meminfo - SSI]	CommittedPercent: 0.291016 %
20220805 014845.523 INFO             PET3 VMK::epochExit:3.0 - MemInfo: [/proc/self/status]	VmPeak:	  220852 kB
20220805 014845.523 INFO             PET3 VMK::epochExit:3.0 - MemInfo: [/proc/self/status]	VmSize:	  220852 kB
20220805 014845.523 INFO             PET3 VMK::epochExit:3.0 - MemInfo: [/proc/self/status]	VmLck:	       0 kB
20220805 014845.523 INFO             PET3 VMK::epochExit:3.0 - MemInfo: [/proc/self/status]	VmPin:	       0 kB
20220805 014845.523 INFO             PET3 VMK::epochExit:3.0 - MemInfo: [/proc/self/status]	VmHWM:	   25820 kB
20220805 014845.523 INFO             PET3 VMK::epochExit:3.0 - MemInfo: [/proc/self/status]	VmRSS:	   25820 kB
20220805 014845.523 INFO             PET3 VMK::epochExit:3.0 - MemInfo: [/proc/self/status]	VmData:	   19392 kB
20220805 014845.523 INFO             PET3 VMK::epochExit:3.0 - MemInfo: [/proc/self/status]	VmStk:	     164 kB
20220805 014845.523 INFO             PET3 VMK::epochExit:3.0 - MemInfo: [/proc/self/status]	VmExe:	    1964 kB
20220805 014845.523 INFO             PET3 VMK::epochExit:3.0 - MemInfo: [/proc/self/status]	VmLib:	  120792 kB
20220805 014845.523 INFO             PET3 VMK::epochExit:3.0 - MemInfo: [/proc/self/status]	VmPTE:	     372 kB
20220805 014845.523 INFO             PET3 VMK::epochExit:3.0 - MemInfo: [/proc/self/status]	VmSwap:	       0 kB
20220805 014845.523 INFO             PET3 VMK::epochExit:3.0 - MemInfo: [/proc/self/status]	VmRSSPercent: 0.00489871 %
20220805 014845.523 INFO             PET3 VMK::epochExit:3.0 - MemInfo: [malloc] Non-mmapped space allocated:                  581632 Byte
20220805 014845.523 INFO             PET3 VMK::epochExit:3.0 - MemInfo: [malloc] Space allocated in mmapped regions:          2838528 Byte
20220805 014845.523 INFO             PET3 VMK::epochExit:3.0 - MemInfo: [malloc] Maximum total allocated space:                     0 Byte
20220805 014845.523 INFO             PET3 VMK::epochExit:3.0 - MemInfo: [malloc] Space in freed fastbin blocks:                     0 Byte
20220805 014845.523 INFO             PET3 VMK::epochExit:3.0 - MemInfo: [malloc] Total allocated space:                        550832 Byte
20220805 014845.523 INFO             PET3 VMK::epochExit:3.0 - MemInfo: [malloc] Total free space:                              30800 Byte
20220805 014845.523 INFO             PET3 VMK::epochExit:3.0 - MemInfo: [malloc] Top-most, releasable space:                    30800 Byte
20220805 014845.523 INFO             PET3 VMK::epochExit:3.0 - MemInfo: [malloc] Total space in use, mmap + non-mmap:         3389360 Byte
20220805 014845.523 INFO             PET3 VMK::epochExit:3.0 - MemInfo: [malloc] Total space held (mmap + non-mmap):          3420160 Byte
20220805 014845.523 INFO             PET3 VMK::epochExit:3.0 - MemInfo: [malloc] Total space used (mmap + non-mmap):          3397568 Byte
20220805 014845.523 INFO             PET3 VMK::epochExit:3.0 - MemInfo: Wall-clock time since execution start:             0.00532878 seconds
20220805 014845.523 DEBUG            PET3 epochBuffer:3987 unacknowledged sends to dst=0: 1
20220805 014845.523 INFO             PET3 VMK::epochExit:4.0 - MemInfo: [/proc/meminfo - SSI]	MemTotal:       527077116 kB
20220805 014845.523 INFO             PET3 VMK::epochExit:4.0 - MemInfo: [/proc/meminfo - SSI]	MemFree:        516139740 kB
20220805 014845.523 INFO             PET3 VMK::epochExit:4.0 - MemInfo: [/proc/meminfo - SSI]	MemAvailable:   516990172 kB
20220805 014845.523 INFO             PET3 VMK::epochExit:4.0 - MemInfo: [/proc/meminfo - SSI]	Committed_AS:    1533880 kB
20220805 014845.523 INFO             PET3 VMK::epochExit:4.0 - MemInfo: [/proc/meminfo - SSI]	CommittedPercent: 0.291016 %
20220805 014845.523 INFO             PET3 VMK::epochExit:4.0 - MemInfo: [/proc/self/status]	VmPeak:	  220852 kB
20220805 014845.523 INFO             PET3 VMK::epochExit:4.0 - MemInfo: [/proc/self/status]	VmSize:	  220852 kB
20220805 014845.523 INFO             PET3 VMK::epochExit:4.0 - MemInfo: [/proc/self/status]	VmLck:	       0 kB
20220805 014845.523 INFO             PET3 VMK::epochExit:4.0 - MemInfo: [/proc/self/status]	VmPin:	       0 kB
20220805 014845.523 INFO             PET3 VMK::epochExit:4.0 - MemInfo: [/proc/self/status]	VmHWM:	   25820 kB
20220805 014845.523 INFO             PET3 VMK::epochExit:4.0 - MemInfo: [/proc/self/status]	VmRSS:	   25820 kB
20220805 014845.523 INFO             PET3 VMK::epochExit:4.0 - MemInfo: [/proc/self/status]	VmData:	   19392 kB
20220805 014845.523 INFO             PET3 VMK::epochExit:4.0 - MemInfo: [/proc/self/status]	VmStk:	     164 kB
20220805 014845.523 INFO             PET3 VMK::epochExit:4.0 - MemInfo: [/proc/self/status]	VmExe:	    1964 kB
20220805 014845.523 INFO             PET3 VMK::epochExit:4.0 - MemInfo: [/proc/self/status]	VmLib:	  120792 kB
20220805 014845.523 INFO             PET3 VMK::epochExit:4.0 - MemInfo: [/proc/self/status]	VmPTE:	     372 kB
20220805 014845.523 INFO             PET3 VMK::epochExit:4.0 - MemInfo: [/proc/self/status]	VmSwap:	       0 kB
20220805 014845.523 INFO             PET3 VMK::epochExit:4.0 - MemInfo: [/proc/self/status]	VmRSSPercent: 0.00489871 %
20220805 014845.523 INFO             PET3 VMK::epochExit:4.0 - MemInfo: [malloc] Non-mmapped space allocated:                  581632 Byte
20220805 014845.523 INFO             PET3 VMK::epochExit:4.0 - MemInfo: [malloc] Space allocated in mmapped regions:          2838528 Byte
20220805 014845.523 INFO             PET3 VMK::epochExit:4.0 - MemInfo: [malloc] Maximum total allocated space:                     0 Byte
20220805 014845.523 INFO             PET3 VMK::epochExit:4.0 - MemInfo: [malloc] Space in freed fastbin blocks:                     0 Byte
20220805 014845.523 INFO             PET3 VMK::epochExit:4.0 - MemInfo: [malloc] Total allocated space:                        551056 Byte
20220805 014845.523 INFO             PET3 VMK::epochExit:4.0 - MemInfo: [malloc] Total free space:                              30576 Byte
20220805 014845.523 INFO             PET3 VMK::epochExit:4.0 - MemInfo: [malloc] Top-most, releasable space:                    30576 Byte
20220805 014845.523 INFO             PET3 VMK::epochExit:4.0 - MemInfo: [malloc] Total space in use, mmap + non-mmap:         3389584 Byte
20220805 014845.523 INFO             PET3 VMK::epochExit:4.0 - MemInfo: [malloc] Total space held (mmap + non-mmap):          3420160 Byte
20220805 014845.523 INFO             PET3 VMK::epochExit:4.0 - MemInfo: [malloc] Total space used (mmap + non-mmap):          3397792 Byte
20220805 014845.523 INFO             PET3 VMK::epochExit:4.0 - MemInfo: Wall-clock time since execution start:             0.00549925 seconds
20220805 014845.523 DEBUG            PET3 epochBuffer:3868 unacknowledged sends to dst=0: 1
20220805 014845.523 INFO             PET3 VMK::epochExit:1.0 - MemInfo: [/proc/meminfo - SSI]	MemTotal:       527077116 kB
20220805 014845.523 INFO             PET3 VMK::epochExit:1.0 - MemInfo: [/proc/meminfo - SSI]	MemFree:        516139740 kB
20220805 014845.523 INFO             PET3 VMK::epochExit:1.0 - MemInfo: [/proc/meminfo - SSI]	MemAvailable:   516990172 kB
20220805 014845.523 INFO             PET3 VMK::epochExit:1.0 - MemInfo: [/proc/meminfo - SSI]	Committed_AS:    1533880 kB
20220805 014845.523 INFO             PET3 VMK::epochExit:1.0 - MemInfo: [/proc/meminfo - SSI]	CommittedPercent: 0.291016 %
20220805 014845.523 INFO             PET3 VMK::epochExit:1.0 - MemInfo: [/proc/self/status]	VmPeak:	  220852 kB
20220805 014845.523 INFO             PET3 VMK::epochExit:1.0 - MemInfo: [/proc/self/status]	VmSize:	  220852 kB
20220805 014845.523 INFO             PET3 VMK::epochExit:1.0 - MemInfo: [/proc/self/status]	VmLck:	       0 kB
20220805 014845.523 INFO             PET3 VMK::epochExit:1.0 - MemInfo: [/proc/self/status]	VmPin:	       0 kB
20220805 014845.523 INFO             PET3 VMK::epochExit:1.0 - MemInfo: [/proc/self/status]	VmHWM:	   25820 kB
20220805 014845.523 INFO             PET3 VMK::epochExit:1.0 - MemInfo: [/proc/self/status]	VmRSS:	   25820 kB
20220805 014845.523 INFO             PET3 VMK::epochExit:1.0 - MemInfo: [/proc/self/status]	VmData:	   19392 kB
20220805 014845.523 INFO             PET3 VMK::epochExit:1.0 - MemInfo: [/proc/self/status]	VmStk:	     164 kB
20220805 014845.523 INFO             PET3 VMK::epochExit:1.0 - MemInfo: [/proc/self/status]	VmExe:	    1964 kB
20220805 014845.523 INFO             PET3 VMK::epochExit:1.0 - MemInfo: [/proc/self/status]	VmLib:	  120792 kB
20220805 014845.523 INFO             PET3 VMK::epochExit:1.0 - MemInfo: [/proc/self/status]	VmPTE:	     372 kB
20220805 014845.523 INFO             PET3 VMK::epochExit:1.0 - MemInfo: [/proc/self/status]	VmSwap:	       0 kB
20220805 014845.523 INFO             PET3 VMK::epochExit:1.0 - MemInfo: [/proc/self/status]	VmRSSPercent: 0.00489871 %
20220805 014845.523 INFO             PET3 VMK::epochExit:1.0 - MemInfo: [malloc] Non-mmapped space allocated:                  581632 Byte
20220805 014845.523 INFO             PET3 VMK::epochExit:1.0 - MemInfo: [malloc] Space allocated in mmapped regions:          2838528 Byte
20220805 014845.523 INFO             PET3 VMK::epochExit:1.0 - MemInfo: [malloc] Maximum total allocated space:                     0 Byte
20220805 014845.523 INFO             PET3 VMK::epochExit:1.0 - MemInfo: [malloc] Space in freed fastbin blocks:                     0 Byte
20220805 014845.523 INFO             PET3 VMK::epochExit:1.0 - MemInfo: [malloc] Total allocated space:                        551056 Byte
20220805 014845.523 INFO             PET3 VMK::epochExit:1.0 - MemInfo: [malloc] Total free space:                              30576 Byte
20220805 014845.523 INFO             PET3 VMK::epochExit:1.0 - MemInfo: [malloc] Top-most, releasable space:                    30352 Byte
20220805 014845.523 INFO             PET3 VMK::epochExit:1.0 - MemInfo: [malloc] Total space in use, mmap + non-mmap:         3389584 Byte
20220805 014845.523 INFO             PET3 VMK::epochExit:1.0 - MemInfo: [malloc] Total space held (mmap + non-mmap):          3420160 Byte
20220805 014845.523 INFO             PET3 VMK::epochExit:1.0 - MemInfo: [malloc] Total space used (mmap + non-mmap):          3397792 Byte
20220805 014845.523 INFO             PET3 VMK::epochExit:1.0 - MemInfo: Wall-clock time since execution start:             0.00566938 seconds
20220805 014845.523 INFO             PET3 VMK::epochExit:2.0 - MemInfo: [/proc/meminfo - SSI]	MemTotal:       527077116 kB
20220805 014845.523 INFO             PET3 VMK::epochExit:2.0 - MemInfo: [/proc/meminfo - SSI]	MemFree:        516139740 kB
20220805 014845.523 INFO             PET3 VMK::epochExit:2.0 - MemInfo: [/proc/meminfo - SSI]	MemAvailable:   516990172 kB
20220805 014845.523 INFO             PET3 VMK::epochExit:2.0 - MemInfo: [/proc/meminfo - SSI]	Committed_AS:    1533880 kB
20220805 014845.523 INFO             PET3 VMK::epochExit:2.0 - MemInfo: [/proc/meminfo - SSI]	CommittedPercent: 0.291016 %
20220805 014845.523 INFO             PET3 VMK::epochExit:2.0 - MemInfo: [/proc/self/status]	VmPeak:	  220852 kB
20220805 014845.523 INFO             PET3 VMK::epochExit:2.0 - MemInfo: [/proc/self/status]	VmSize:	  220852 kB
20220805 014845.523 INFO             PET3 VMK::epochExit:2.0 - MemInfo: [/proc/self/status]	VmLck:	       0 kB
20220805 014845.523 INFO             PET3 VMK::epochExit:2.0 - MemInfo: [/proc/self/status]	VmPin:	       0 kB
20220805 014845.523 INFO             PET3 VMK::epochExit:2.0 - MemInfo: [/proc/self/status]	VmHWM:	   25820 kB
20220805 014845.523 INFO             PET3 VMK::epochExit:2.0 - MemInfo: [/proc/self/status]	VmRSS:	   25820 kB
20220805 014845.523 INFO             PET3 VMK::epochExit:2.0 - MemInfo: [/proc/self/status]	VmData:	   19392 kB
20220805 014845.523 INFO             PET3 VMK::epochExit:2.0 - MemInfo: [/proc/self/status]	VmStk:	     164 kB
20220805 014845.523 INFO             PET3 VMK::epochExit:2.0 - MemInfo: [/proc/self/status]	VmExe:	    1964 kB
20220805 014845.523 INFO             PET3 VMK::epochExit:2.0 - MemInfo: [/proc/self/status]	VmLib:	  120792 kB
20220805 014845.523 INFO             PET3 VMK::epochExit:2.0 - MemInfo: [/proc/self/status]	VmPTE:	     372 kB
20220805 014845.523 INFO             PET3 VMK::epochExit:2.0 - MemInfo: [/proc/self/status]	VmSwap:	       0 kB
20220805 014845.523 INFO             PET3 VMK::epochExit:2.0 - MemInfo: [/proc/self/status]	VmRSSPercent: 0.00489871 %
20220805 014845.523 INFO             PET3 VMK::epochExit:2.0 - MemInfo: [malloc] Non-mmapped space allocated:                  581632 Byte
20220805 014845.523 INFO             PET3 VMK::epochExit:2.0 - MemInfo: [malloc] Space allocated in mmapped regions:          2838528 Byte
20220805 014845.523 INFO             PET3 VMK::epochExit:2.0 - MemInfo: [malloc] Maximum total allocated space:                     0 Byte
20220805 014845.523 INFO             PET3 VMK::epochExit:2.0 - MemInfo: [malloc] Space in freed fastbin blocks:                     0 Byte
20220805 014845.523 INFO             PET3 VMK::epochExit:2.0 - MemInfo: [malloc] Total allocated space:                        551056 Byte
20220805 014845.523 INFO             PET3 VMK::epochExit:2.0 - MemInfo: [malloc] Total free space:                              30576 Byte
20220805 014845.523 INFO             PET3 VMK::epochExit:2.0 - MemInfo: [malloc] Top-most, releasable space:                    30128 Byte
20220805 014845.523 INFO             PET3 VMK::epochExit:2.0 - MemInfo: [malloc] Total space in use, mmap + non-mmap:         3389584 Byte
20220805 014845.523 INFO             PET3 VMK::epochExit:2.0 - MemInfo: [malloc] Total space held (mmap + non-mmap):          3420160 Byte
20220805 014845.523 INFO             PET3 VMK::epochExit:2.0 - MemInfo: [malloc] Total space used (mmap + non-mmap):          3397792 Byte
20220805 014845.523 INFO             PET3 VMK::epochExit:2.0 - MemInfo: Wall-clock time since execution start:             0.00583482 seconds
20220805 014845.523 INFO             PET3 VMK::epochExit:3.0 - MemInfo: [/proc/meminfo - SSI]	MemTotal:       527077116 kB
20220805 014845.523 INFO             PET3 VMK::epochExit:3.0 - MemInfo: [/proc/meminfo - SSI]	MemFree:        516139740 kB
20220805 014845.523 INFO             PET3 VMK::epochExit:3.0 - MemInfo: [/proc/meminfo - SSI]	MemAvailable:   516990172 kB
20220805 014845.523 INFO             PET3 VMK::epochExit:3.0 - MemInfo: [/proc/meminfo - SSI]	Committed_AS:    1533880 kB
20220805 014845.524 INFO             PET3 VMK::epochExit:3.0 - MemInfo: [/proc/meminfo - SSI]	CommittedPercent: 0.291016 %
20220805 014845.524 INFO             PET3 VMK::epochExit:3.0 - MemInfo: [/proc/self/status]	VmPeak:	  220852 kB
20220805 014845.524 INFO             PET3 VMK::epochExit:3.0 - MemInfo: [/proc/self/status]	VmSize:	  220852 kB
20220805 014845.524 INFO             PET3 VMK::epochExit:3.0 - MemInfo: [/proc/self/status]	VmLck:	       0 kB
20220805 014845.524 INFO             PET3 VMK::epochExit:3.0 - MemInfo: [/proc/self/status]	VmPin:	       0 kB
20220805 014845.524 INFO             PET3 VMK::epochExit:3.0 - MemInfo: [/proc/self/status]	VmHWM:	   25820 kB
20220805 014845.524 INFO             PET3 VMK::epochExit:3.0 - MemInfo: [/proc/self/status]	VmRSS:	   25820 kB
20220805 014845.524 INFO             PET3 VMK::epochExit:3.0 - MemInfo: [/proc/self/status]	VmData:	   19392 kB
20220805 014845.524 INFO             PET3 VMK::epochExit:3.0 - MemInfo: [/proc/self/status]	VmStk:	     164 kB
20220805 014845.524 INFO             PET3 VMK::epochExit:3.0 - MemInfo: [/proc/self/status]	VmExe:	    1964 kB
20220805 014845.524 INFO             PET3 VMK::epochExit:3.0 - MemInfo: [/proc/self/status]	VmLib:	  120792 kB
20220805 014845.524 INFO             PET3 VMK::epochExit:3.0 - MemInfo: [/proc/self/status]	VmPTE:	     372 kB
20220805 014845.524 INFO             PET3 VMK::epochExit:3.0 - MemInfo: [/proc/self/status]	VmSwap:	       0 kB
20220805 014845.524 INFO             PET3 VMK::epochExit:3.0 - MemInfo: [/proc/self/status]	VmRSSPercent: 0.00489871 %
20220805 014845.524 INFO             PET3 VMK::epochExit:3.0 - MemInfo: [malloc] Non-mmapped space allocated:                  581632 Byte
20220805 014845.524 INFO             PET3 VMK::epochExit:3.0 - MemInfo: [malloc] Space allocated in mmapped regions:          2838528 Byte
20220805 014845.524 INFO             PET3 VMK::epochExit:3.0 - MemInfo: [malloc] Maximum total allocated space:                     0 Byte
20220805 014845.524 INFO             PET3 VMK::epochExit:3.0 - MemInfo: [malloc] Space in freed fastbin blocks:                     0 Byte
20220805 014845.524 INFO             PET3 VMK::epochExit:3.0 - MemInfo: [malloc] Total allocated space:                        551056 Byte
20220805 014845.524 INFO             PET3 VMK::epochExit:3.0 - MemInfo: [malloc] Total free space:                              30576 Byte
20220805 014845.524 INFO             PET3 VMK::epochExit:3.0 - MemInfo: [malloc] Top-most, releasable space:                    29904 Byte
20220805 014845.524 INFO             PET3 VMK::epochExit:3.0 - MemInfo: [malloc] Total space in use, mmap + non-mmap:         3389584 Byte
20220805 014845.524 INFO             PET3 VMK::epochExit:3.0 - MemInfo: [malloc] Total space held (mmap + non-mmap):          3420160 Byte
20220805 014845.524 INFO             PET3 VMK::epochExit:3.0 - MemInfo: [malloc] Total space used (mmap + non-mmap):          3397792 Byte
20220805 014845.524 INFO             PET3 VMK::epochExit:3.0 - MemInfo: Wall-clock time since execution start:             0.00600025 seconds
20220805 014845.524 INFO             PET3 VMK::epochExit:4.0 - MemInfo: [/proc/meminfo - SSI]	MemTotal:       527077116 kB
20220805 014845.524 INFO             PET3 VMK::epochExit:4.0 - MemInfo: [/proc/meminfo - SSI]	MemFree:        516139740 kB
20220805 014845.524 INFO             PET3 VMK::epochExit:4.0 - MemInfo: [/proc/meminfo - SSI]	MemAvailable:   516990172 kB
20220805 014845.524 INFO             PET3 VMK::epochExit:4.0 - MemInfo: [/proc/meminfo - SSI]	Committed_AS:    1533880 kB
20220805 014845.524 INFO             PET3 VMK::epochExit:4.0 - MemInfo: [/proc/meminfo - SSI]	CommittedPercent: 0.291016 %
20220805 014845.524 INFO             PET3 VMK::epochExit:4.0 - MemInfo: [/proc/self/status]	VmPeak:	  220852 kB
20220805 014845.524 INFO             PET3 VMK::epochExit:4.0 - MemInfo: [/proc/self/status]	VmSize:	  220852 kB
20220805 014845.524 INFO             PET3 VMK::epochExit:4.0 - MemInfo: [/proc/self/status]	VmLck:	       0 kB
20220805 014845.524 INFO             PET3 VMK::epochExit:4.0 - MemInfo: [/proc/self/status]	VmPin:	       0 kB
20220805 014845.524 INFO             PET3 VMK::epochExit:4.0 - MemInfo: [/proc/self/status]	VmHWM:	   25820 kB
20220805 014845.524 INFO             PET3 VMK::epochExit:4.0 - MemInfo: [/proc/self/status]	VmRSS:	   25820 kB
20220805 014845.524 INFO             PET3 VMK::epochExit:4.0 - MemInfo: [/proc/self/status]	VmData:	   19392 kB
20220805 014845.524 INFO             PET3 VMK::epochExit:4.0 - MemInfo: [/proc/self/status]	VmStk:	     164 kB
20220805 014845.524 INFO             PET3 VMK::epochExit:4.0 - MemInfo: [/proc/self/status]	VmExe:	    1964 kB
20220805 014845.524 INFO             PET3 VMK::epochExit:4.0 - MemInfo: [/proc/self/status]	VmLib:	  120792 kB
20220805 014845.524 INFO             PET3 VMK::epochExit:4.0 - MemInfo: [/proc/self/status]	VmPTE:	     372 kB
20220805 014845.524 INFO             PET3 VMK::epochExit:4.0 - MemInfo: [/proc/self/status]	VmSwap:	       0 kB
20220805 014845.524 INFO             PET3 VMK::epochExit:4.0 - MemInfo: [/proc/self/status]	VmRSSPercent: 0.00489871 %
20220805 014845.524 INFO             PET3 VMK::epochExit:4.0 - MemInfo: [malloc] Non-mmapped space allocated:                  581632 Byte
20220805 014845.524 INFO             PET3 VMK::epochExit:4.0 - MemInfo: [malloc] Space allocated in mmapped regions:          2838528 Byte
20220805 014845.524 INFO             PET3 VMK::epochExit:4.0 - MemInfo: [malloc] Maximum total allocated space:                     0 Byte
20220805 014845.524 INFO             PET3 VMK::epochExit:4.0 - MemInfo: [malloc] Space in freed fastbin blocks:                     0 Byte
20220805 014845.524 INFO             PET3 VMK::epochExit:4.0 - MemInfo: [malloc] Total allocated space:                        551056 Byte
20220805 014845.524 INFO             PET3 VMK::epochExit:4.0 - MemInfo: [malloc] Total free space:                              30576 Byte
20220805 014845.524 INFO             PET3 VMK::epochExit:4.0 - MemInfo: [malloc] Top-most, releasable space:                    29680 Byte
20220805 014845.524 INFO             PET3 VMK::epochExit:4.0 - MemInfo: [malloc] Total space in use, mmap + non-mmap:         3389584 Byte
20220805 014845.524 INFO             PET3 VMK::epochExit:4.0 - MemInfo: [malloc] Total space held (mmap + non-mmap):          3420160 Byte
20220805 014845.524 INFO             PET3 VMK::epochExit:4.0 - MemInfo: [malloc] Total space used (mmap + non-mmap):          3397792 Byte
20220805 014845.524 INFO             PET3 VMK::epochExit:4.0 - MemInfo: Wall-clock time since execution start:             0.00616904 seconds
20220805 014845.524 INFO             PET3  NUMBER_OF_PROCESSORS           4
20220805 014845.524 INFO             PET3  PASS  Example ESMF_VMNonBlockingEx, ESMF_VMNonBlockingEx.F90, line 433
20220805 014845.524 INFO             PET3 Finalizing ESMF
20220805 014845.524 DEBUG            PET3 epochFinal
20220805 014845.524 DEBUG            PET3 epochBuffer:3817 ready to clear outstanding comm: dst=0 size=0 buffer=0x1d80760
20220805 014845.524 DEBUG            PET3 epochBuffer:4063 ready to clear outstanding comm
20220805 014845.524 INFO             PET3 VMK::sendBuffer::clear():1.0 - MemInfo: [/proc/meminfo - SSI]	MemTotal:       527077116 kB
20220805 014845.524 INFO             PET3 VMK::sendBuffer::clear():1.0 - MemInfo: [/proc/meminfo - SSI]	MemFree:        516139740 kB
20220805 014845.524 INFO             PET3 VMK::sendBuffer::clear():1.0 - MemInfo: [/proc/meminfo - SSI]	MemAvailable:   516990172 kB
20220805 014845.524 INFO             PET3 VMK::sendBuffer::clear():1.0 - MemInfo: [/proc/meminfo - SSI]	Committed_AS:    1533880 kB
20220805 014845.524 INFO             PET3 VMK::sendBuffer::clear():1.0 - MemInfo: [/proc/meminfo - SSI]	CommittedPercent: 0.291016 %
20220805 014845.524 INFO             PET3 VMK::sendBuffer::clear():1.0 - MemInfo: [/proc/self/status]	VmPeak:	  220852 kB
20220805 014845.524 INFO             PET3 VMK::sendBuffer::clear():1.0 - MemInfo: [/proc/self/status]	VmSize:	  220852 kB
20220805 014845.524 INFO             PET3 VMK::sendBuffer::clear():1.0 - MemInfo: [/proc/self/status]	VmLck:	       0 kB
20220805 014845.524 INFO             PET3 VMK::sendBuffer::clear():1.0 - MemInfo: [/proc/self/status]	VmPin:	       0 kB
20220805 014845.524 INFO             PET3 VMK::sendBuffer::clear():1.0 - MemInfo: [/proc/self/status]	VmHWM:	   25820 kB
20220805 014845.524 INFO             PET3 VMK::sendBuffer::clear():1.0 - MemInfo: [/proc/self/status]	VmRSS:	   25820 kB
20220805 014845.524 INFO             PET3 VMK::sendBuffer::clear():1.0 - MemInfo: [/proc/self/status]	VmData:	   19392 kB
20220805 014845.524 INFO             PET3 VMK::sendBuffer::clear():1.0 - MemInfo: [/proc/self/status]	VmStk:	     164 kB
20220805 014845.524 INFO             PET3 VMK::sendBuffer::clear():1.0 - MemInfo: [/proc/self/status]	VmExe:	    1964 kB
20220805 014845.524 INFO             PET3 VMK::sendBuffer::clear():1.0 - MemInfo: [/proc/self/status]	VmLib:	  120792 kB
20220805 014845.524 INFO             PET3 VMK::sendBuffer::clear():1.0 - MemInfo: [/proc/self/status]	VmPTE:	     372 kB
20220805 014845.524 INFO             PET3 VMK::sendBuffer::clear():1.0 - MemInfo: [/proc/self/status]	VmSwap:	       0 kB
20220805 014845.524 INFO             PET3 VMK::sendBuffer::clear():1.0 - MemInfo: [/proc/self/status]	VmRSSPercent: 0.00489871 %
20220805 014845.524 INFO             PET3 VMK::sendBuffer::clear():1.0 - MemInfo: [malloc] Non-mmapped space allocated:                  581632 Byte
20220805 014845.524 INFO             PET3 VMK::sendBuffer::clear():1.0 - MemInfo: [malloc] Space allocated in mmapped regions:          2838528 Byte
20220805 014845.524 INFO             PET3 VMK::sendBuffer::clear():1.0 - MemInfo: [malloc] Maximum total allocated space:                     0 Byte
20220805 014845.524 INFO             PET3 VMK::sendBuffer::clear():1.0 - MemInfo: [malloc] Space in freed fastbin blocks:                     0 Byte
20220805 014845.524 INFO             PET3 VMK::sendBuffer::clear():1.0 - MemInfo: [malloc] Total allocated space:                        551920 Byte
20220805 014845.524 INFO             PET3 VMK::sendBuffer::clear():1.0 - MemInfo: [malloc] Total free space:                              29712 Byte
20220805 014845.524 INFO             PET3 VMK::sendBuffer::clear():1.0 - MemInfo: [malloc] Top-most, releasable space:                    29456 Byte
20220805 014845.524 INFO             PET3 VMK::sendBuffer::clear():1.0 - MemInfo: [malloc] Total space in use, mmap + non-mmap:         3390448 Byte
20220805 014845.524 INFO             PET3 VMK::sendBuffer::clear():1.0 - MemInfo: [malloc] Total space held (mmap + non-mmap):          3420160 Byte
20220805 014845.524 INFO             PET3 VMK::sendBuffer::clear():1.0 - MemInfo: [malloc] Total space used (mmap + non-mmap):          3398656 Byte
20220805 014845.524 INFO             PET3 VMK::sendBuffer::clear():1.0 - MemInfo: Wall-clock time since execution start:             0.00641133 seconds
20220805 014845.524 DEBUG            PET3 epochBuffer:4091 posting MPI_Wait()
20220805 014845.524 DEBUG            PET3 epochBuffer:4100 time in MPI_Wait(): 4.92e-07 seconds
20220805 014845.524 INFO             PET3 VMK::sendBuffer::clear():2.0 - MemInfo: [/proc/meminfo - SSI]	MemTotal:       527077116 kB
20220805 014845.524 INFO             PET3 VMK::sendBuffer::clear():2.0 - MemInfo: [/proc/meminfo - SSI]	MemFree:        516139740 kB
20220805 014845.524 INFO             PET3 VMK::sendBuffer::clear():2.0 - MemInfo: [/proc/meminfo - SSI]	MemAvailable:   516990172 kB
20220805 014845.524 INFO             PET3 VMK::sendBuffer::clear():2.0 - MemInfo: [/proc/meminfo - SSI]	Committed_AS:    1533880 kB
20220805 014845.524 INFO             PET3 VMK::sendBuffer::clear():2.0 - MemInfo: [/proc/meminfo - SSI]	CommittedPercent: 0.291016 %
20220805 014845.524 INFO             PET3 VMK::sendBuffer::clear():2.0 - MemInfo: [/proc/self/status]	VmPeak:	  220852 kB
20220805 014845.524 INFO             PET3 VMK::sendBuffer::clear():2.0 - MemInfo: [/proc/self/status]	VmSize:	  220852 kB
20220805 014845.524 INFO             PET3 VMK::sendBuffer::clear():2.0 - MemInfo: [/proc/self/status]	VmLck:	       0 kB
20220805 014845.524 INFO             PET3 VMK::sendBuffer::clear():2.0 - MemInfo: [/proc/self/status]	VmPin:	       0 kB
20220805 014845.524 INFO             PET3 VMK::sendBuffer::clear():2.0 - MemInfo: [/proc/self/status]	VmHWM:	   25820 kB
20220805 014845.524 INFO             PET3 VMK::sendBuffer::clear():2.0 - MemInfo: [/proc/self/status]	VmRSS:	   25820 kB
20220805 014845.524 INFO             PET3 VMK::sendBuffer::clear():2.0 - MemInfo: [/proc/self/status]	VmData:	   19392 kB
20220805 014845.524 INFO             PET3 VMK::sendBuffer::clear():2.0 - MemInfo: [/proc/self/status]	VmStk:	     164 kB
20220805 014845.524 INFO             PET3 VMK::sendBuffer::clear():2.0 - MemInfo: [/proc/self/status]	VmExe:	    1964 kB
20220805 014845.524 INFO             PET3 VMK::sendBuffer::clear():2.0 - MemInfo: [/proc/self/status]	VmLib:	  120792 kB
20220805 014845.524 INFO             PET3 VMK::sendBuffer::clear():2.0 - MemInfo: [/proc/self/status]	VmPTE:	     372 kB
20220805 014845.524 INFO             PET3 VMK::sendBuffer::clear():2.0 - MemInfo: [/proc/self/status]	VmSwap:	       0 kB
20220805 014845.524 INFO             PET3 VMK::sendBuffer::clear():2.0 - MemInfo: [/proc/self/status]	VmRSSPercent: 0.00489871 %
20220805 014845.524 INFO             PET3 VMK::sendBuffer::clear():2.0 - MemInfo: [malloc] Non-mmapped space allocated:                  581632 Byte
20220805 014845.524 INFO             PET3 VMK::sendBuffer::clear():2.0 - MemInfo: [malloc] Space allocated in mmapped regions:          2838528 Byte
20220805 014845.524 INFO             PET3 VMK::sendBuffer::clear():2.0 - MemInfo: [malloc] Maximum total allocated space:                     0 Byte
20220805 014845.524 INFO             PET3 VMK::sendBuffer::clear():2.0 - MemInfo: [malloc] Space in freed fastbin blocks:                     0 Byte
20220805 014845.524 INFO             PET3 VMK::sendBuffer::clear():2.0 - MemInfo: [malloc] Total allocated space:                        551920 Byte
20220805 014845.524 INFO             PET3 VMK::sendBuffer::clear():2.0 - MemInfo: [malloc] Total free space:                              29712 Byte
20220805 014845.524 INFO             PET3 VMK::sendBuffer::clear():2.0 - MemInfo: [malloc] Top-most, releasable space:                    29232 Byte
20220805 014845.524 INFO             PET3 VMK::sendBuffer::clear():2.0 - MemInfo: [malloc] Total space in use, mmap + non-mmap:         3390448 Byte
20220805 014845.524 INFO             PET3 VMK::sendBuffer::clear():2.0 - MemInfo: [malloc] Total space held (mmap + non-mmap):          3420160 Byte
20220805 014845.524 INFO             PET3 VMK::sendBuffer::clear():2.0 - MemInfo: [malloc] Total space used (mmap + non-mmap):          3398656 Byte
20220805 014845.524 INFO             PET3 VMK::sendBuffer::clear():2.0 - MemInfo: Wall-clock time since execution start:             0.00658276 seconds
20220805 014845.524 INFO             PET3 VMK::sendBuffer::clear():3.0 - MemInfo: [/proc/meminfo - SSI]	MemTotal:       527077116 kB
20220805 014845.524 INFO             PET3 VMK::sendBuffer::clear():3.0 - MemInfo: [/proc/meminfo - SSI]	MemFree:        516139740 kB
20220805 014845.524 INFO             PET3 VMK::sendBuffer::clear():3.0 - MemInfo: [/proc/meminfo - SSI]	MemAvailable:   516990172 kB
20220805 014845.524 INFO             PET3 VMK::sendBuffer::clear():3.0 - MemInfo: [/proc/meminfo - SSI]	Committed_AS:    1533880 kB
20220805 014845.524 INFO             PET3 VMK::sendBuffer::clear():3.0 - MemInfo: [/proc/meminfo - SSI]	CommittedPercent: 0.291016 %
20220805 014845.524 INFO             PET3 VMK::sendBuffer::clear():3.0 - MemInfo: [/proc/self/status]	VmPeak:	  220852 kB
20220805 014845.524 INFO             PET3 VMK::sendBuffer::clear():3.0 - MemInfo: [/proc/self/status]	VmSize:	  220852 kB
20220805 014845.524 INFO             PET3 VMK::sendBuffer::clear():3.0 - MemInfo: [/proc/self/status]	VmLck:	       0 kB
20220805 014845.524 INFO             PET3 VMK::sendBuffer::clear():3.0 - MemInfo: [/proc/self/status]	VmPin:	       0 kB
20220805 014845.524 INFO             PET3 VMK::sendBuffer::clear():3.0 - MemInfo: [/proc/self/status]	VmHWM:	   25820 kB
20220805 014845.524 INFO             PET3 VMK::sendBuffer::clear():3.0 - MemInfo: [/proc/self/status]	VmRSS:	   25820 kB
20220805 014845.524 INFO             PET3 VMK::sendBuffer::clear():3.0 - MemInfo: [/proc/self/status]	VmData:	   19392 kB
20220805 014845.524 INFO             PET3 VMK::sendBuffer::clear():3.0 - MemInfo: [/proc/self/status]	VmStk:	     164 kB
20220805 014845.524 INFO             PET3 VMK::sendBuffer::clear():3.0 - MemInfo: [/proc/self/status]	VmExe:	    1964 kB
20220805 014845.524 INFO             PET3 VMK::sendBuffer::clear():3.0 - MemInfo: [/proc/self/status]	VmLib:	  120792 kB
20220805 014845.524 INFO             PET3 VMK::sendBuffer::clear():3.0 - MemInfo: [/proc/self/status]	VmPTE:	     372 kB
20220805 014845.524 INFO             PET3 VMK::sendBuffer::clear():3.0 - MemInfo: [/proc/self/status]	VmSwap:	       0 kB
20220805 014845.524 INFO             PET3 VMK::sendBuffer::clear():3.0 - MemInfo: [/proc/self/status]	VmRSSPercent: 0.00489871 %
20220805 014845.524 INFO             PET3 VMK::sendBuffer::clear():3.0 - MemInfo: [malloc] Non-mmapped space allocated:                  581632 Byte
20220805 014845.524 INFO             PET3 VMK::sendBuffer::clear():3.0 - MemInfo: [malloc] Space allocated in mmapped regions:          2838528 Byte
20220805 014845.524 INFO             PET3 VMK::sendBuffer::clear():3.0 - MemInfo: [malloc] Maximum total allocated space:                     0 Byte
20220805 014845.524 INFO             PET3 VMK::sendBuffer::clear():3.0 - MemInfo: [malloc] Space in freed fastbin blocks:                     0 Byte
20220805 014845.524 INFO             PET3 VMK::sendBuffer::clear():3.0 - MemInfo: [malloc] Total allocated space:                        551920 Byte
20220805 014845.524 INFO             PET3 VMK::sendBuffer::clear():3.0 - MemInfo: [malloc] Total free space:                              29712 Byte
20220805 014845.524 INFO             PET3 VMK::sendBuffer::clear():3.0 - MemInfo: [malloc] Top-most, releasable space:                    29008 Byte
20220805 014845.524 INFO             PET3 VMK::sendBuffer::clear():3.0 - MemInfo: [malloc] Total space in use, mmap + non-mmap:         3390448 Byte
20220805 014845.524 INFO             PET3 VMK::sendBuffer::clear():3.0 - MemInfo: [malloc] Total space held (mmap + non-mmap):          3420160 Byte
20220805 014845.524 INFO             PET3 VMK::sendBuffer::clear():3.0 - MemInfo: [malloc] Total space used (mmap + non-mmap):          3398656 Byte
20220805 014845.524 INFO             PET3 VMK::sendBuffer::clear():3.0 - MemInfo: Wall-clock time since execution start:             0.00675491 seconds
20220805 014845.524 DEBUG            PET3 epochBuffer:3827 drain unacknowledged sends to dst=0: 1
