2022-08-18 02:25:30
20220818 032759.155 INFO             PET0 !!!!!!!!!!!!!!!!!!!!!!!!!!!!!!!!!!!!!!!!!!!!!!!!!!!!!!
20220818 032759.155 INFO             PET0 !!! THE ESMF_LOG IS SET TO OUTPUT ALL LOG MESSAGES !!!
20220818 032759.155 INFO             PET0 !!!     THIS MAY CAUSE SLOWDOWN IN PERFORMANCE     !!!
20220818 032759.155 INFO             PET0 !!! FOR PRODUCTION RUNS, USE:                      !!!
20220818 032759.155 INFO             PET0 !!!                   ESMF_LOGKIND_Multi_On_Error  !!!
20220818 032759.155 INFO             PET0 !!!!!!!!!!!!!!!!!!!!!!!!!!!!!!!!!!!!!!!!!!!!!!!!!!!!!!
20220818 032759.155 INFO             PET0 Running with ESMF Version   : v8.4.0b10-1-g8e54e9d227
20220818 032759.155 INFO             PET0 ESMF library build date/time: "Aug 18 2022" "02:21:30"
20220818 032759.155 INFO             PET0 ESMF library build location : /discover/nobackup/projects/sbu/mpotts/esmf-test/pgi_20.4_mpiuni_g_develop/esmf
20220818 032759.155 INFO             PET0 ESMF_COMM                   : mpiuni
20220818 032759.155 INFO             PET0 ESMF_MOAB                   : enabled
20220818 032759.155 INFO             PET0 ESMF_LAPACK                 : enabled
20220818 032759.155 INFO             PET0 ESMF_NETCDF                 : disabled
20220818 032759.155 INFO             PET0 ESMF_PNETCDF                : disabled
20220818 032759.155 INFO             PET0 ESMF_PIO                    : disabled
20220818 032759.155 INFO             PET0 ESMF_YAMLCPP                : enabled
20220818 032759.161 INFO             PET0 ESMF_FieldRedistStoreNF(): Just entered routine.
20220818 032759.644 INFO             PET0 ESMF_FieldRedistStoreNF(): Leaving routine.
20220818 032759.652 INFO             PET0  NUMBER_OF_PROCESSORS            1
20220818 032759.652 INFO             PET0  PASS  Example ESMF_RHandleFromFileEx, ESMF_RHandleFromFileEx.F90, line 192
20220818 032759.652 INFO             PET0 Finalizing ESMF
