2022-09-22 02:42:17
20220922 043944.646 INFO             PET0 !!!!!!!!!!!!!!!!!!!!!!!!!!!!!!!!!!!!!!!!!!!!!!!!!!!!!!
20220922 043944.646 INFO             PET0 !!! THE ESMF_LOG IS SET TO OUTPUT ALL LOG MESSAGES !!!
20220922 043944.646 INFO             PET0 !!!     THIS MAY CAUSE SLOWDOWN IN PERFORMANCE     !!!
20220922 043944.646 INFO             PET0 !!! FOR PRODUCTION RUNS, USE:                      !!!
20220922 043944.646 INFO             PET0 !!!                   ESMF_LOGKIND_Multi_On_Error  !!!
20220922 043944.646 INFO             PET0 !!!!!!!!!!!!!!!!!!!!!!!!!!!!!!!!!!!!!!!!!!!!!!!!!!!!!!
20220922 043944.646 INFO             PET0 Running with ESMF Version   : v8.4.0b14-4-g385fd8f7d2
20220922 043944.646 INFO             PET0 ESMF library build date/time: "Sep 22 2022" "02:38:14"
20220922 043944.646 INFO             PET0 ESMF library build location : /discover/nobackup/projects/sbu/mpotts/esmf-test/pgi_20.4_mpiuni_g_develop/esmf
20220922 043944.646 INFO             PET0 ESMF_COMM                   : mpiuni
20220922 043944.647 INFO             PET0 ESMF_MOAB                   : enabled
20220922 043944.647 INFO             PET0 ESMF_LAPACK                 : enabled
20220922 043944.647 INFO             PET0 ESMF_NETCDF                 : disabled
20220922 043944.647 INFO             PET0 ESMF_PNETCDF                : disabled
20220922 043944.647 INFO             PET0 ESMF_PIO                    : disabled
20220922 043944.647 INFO             PET0 ESMF_YAMLCPP                : enabled
20220922 043944.736 DEBUG            PET0 about to destroy Grid: 0x6b5730
20220922 043944.748 DEBUG            PET0 about to destroy Grid: 0x6b6a00
20220922 043944.783 INFO             PET0  NUMBER_OF_PROCESSORS            1
20220922 043944.783 INFO             PET0  PASS  Example ESMF_NUOPCAtmModelEx, ESMF_NUOPCAtmModelEx.F90, line 806
20220922 043944.783 INFO             PET0 Finalizing ESMF
