2022-08-27 02:30:06
20220827 024630.482 INFO             PET0 !!!!!!!!!!!!!!!!!!!!!!!!!!!!!!!!!!!!!!!!!!!!!!!!!!!!!!
20220827 024630.482 INFO             PET0 !!! THE ESMF_LOG IS SET TO OUTPUT ALL LOG MESSAGES !!!
20220827 024630.482 INFO             PET0 !!!     THIS MAY CAUSE SLOWDOWN IN PERFORMANCE     !!!
20220827 024630.482 INFO             PET0 !!! FOR PRODUCTION RUNS, USE:                      !!!
20220827 024630.482 INFO             PET0 !!!                   ESMF_LOGKIND_Multi_On_Error  !!!
20220827 024630.482 INFO             PET0 !!!!!!!!!!!!!!!!!!!!!!!!!!!!!!!!!!!!!!!!!!!!!!!!!!!!!!
20220827 024630.482 INFO             PET0 Running with ESMF Version   : v8.4.0b11
20220827 024630.482 INFO             PET0 ESMF library build date/time: "Aug 27 2022" "02:29:15"
20220827 024630.482 INFO             PET0 ESMF library build location : /scratch1/NCEPDEV/stmp2/Rocky.Dunlap/esmf-testing/gfortran_9.2.0a_mpiuni_O_develop/esmf
20220827 024630.482 INFO             PET0 ESMF_COMM                   : mpiuni
20220827 024630.483 INFO             PET0 ESMF_MOAB                   : enabled
20220827 024630.483 INFO             PET0 ESMF_LAPACK                 : enabled
20220827 024630.483 INFO             PET0 ESMF_NETCDF                 : enabled
20220827 024630.483 INFO             PET0 ESMF_PNETCDF                : disabled
20220827 024630.483 INFO             PET0 ESMF_PIO                    : disabled
20220827 024630.483 INFO             PET0 ESMF_YAMLCPP                : enabled
20220827 024630.484 INFO             PET0  NUMBER_OF_PROCESSORS           1
20220827 024630.484 INFO             PET0  PASS  Example ESMF_TimeIntervalEx, ESMF_TimeIntervalEx.F90, line 176
20220827 024630.484 INFO             PET0 Finalizing ESMF
