2022-08-22 03:33:53
20220822 040000.598 INFO             PET0 !!!!!!!!!!!!!!!!!!!!!!!!!!!!!!!!!!!!!!!!!!!!!!!!!!!!!!
20220822 040000.599 INFO             PET0 !!! THE ESMF_LOG IS SET TO OUTPUT ALL LOG MESSAGES !!!
20220822 040000.599 INFO             PET0 !!!     THIS MAY CAUSE SLOWDOWN IN PERFORMANCE     !!!
20220822 040000.599 INFO             PET0 !!! FOR PRODUCTION RUNS, USE:                      !!!
20220822 040000.599 INFO             PET0 !!!                   ESMF_LOGKIND_Multi_On_Error  !!!
20220822 040000.599 INFO             PET0 !!!!!!!!!!!!!!!!!!!!!!!!!!!!!!!!!!!!!!!!!!!!!!!!!!!!!!
20220822 040000.599 INFO             PET0 Running with ESMF Version   : v8.4.0b10-13-g13eb3e40aa
20220822 040000.599 INFO             PET0 ESMF library build date/time: "Aug 22 2022" "03:31:58"
20220822 040000.599 INFO             PET0 ESMF library build location : /glade/scratch/dunlap/esmf-testing/gfortran_9.1.0_mpt_O_develop/esmf
20220822 040000.599 INFO             PET0 ESMF_COMM                   : mpt
20220822 040000.599 INFO             PET0 ESMF_MOAB                   : enabled
20220822 040000.599 INFO             PET0 ESMF_LAPACK                 : enabled
20220822 040000.599 INFO             PET0 ESMF_NETCDF                 : enabled
20220822 040000.599 INFO             PET0 ESMF_PNETCDF                : disabled
20220822 040000.599 INFO             PET0 ESMF_PIO                    : enabled
20220822 040000.599 INFO             PET0 ESMF_YAMLCPP                : enabled
20220822 040000.601 INFO             PET0  NUMBER_OF_PROCESSORS           1
20220822 040000.601 INFO             PET0  PASS  Example ESMF_XGridSparseMatEx, ESMF_XGridSparseMatEx.F90, line 642
20220822 040000.601 INFO             PET0 Finalizing ESMF
