2022-08-21 23:14:57

Program received signal SIGILL: Illegal instruction.

Backtrace for this error:

Could not print backtrace: executable file is not an executable
#0  0x102faf0d0
#1  0x102fae75e
#2  0x7ff804354dfc
#3  0x7ff804358ee4
#4  0x7ff8043532d9
#5  0x7ff80433e20d
#6  0x102bdb207
#7  0x102c02f77
#8  0x102c052f2
#9  0x103340b71
#10  0x103329923
#11  0x10330776f
#12  0x1032ca1a3
#13  0x1032903b9
#14  0x102ad6ff4
#15  0x102ded3d0
#16  0x102c6817b
#17  0x10442ddb4
#18  0x10441f88a
#19  0x104438e8c
#20  0x104a7d3dc
#21  0x10497ba0c
#22  0x1023368e3
--------------------------------------------------------------------------
Primary job  terminated normally, but 1 process returned
a non-zero exit code. Per user-direction, the job has been aborted.
--------------------------------------------------------------------------
--------------------------------------------------------------------------
mpirun noticed that process rank 0 with PID 0 on node cgdm-catania exited on signal 4 (Illegal instruction: 4).
--------------------------------------------------------------------------
