2022-09-21 13:55:15
20220921 141234.370 INFO             PET0 !!!!!!!!!!!!!!!!!!!!!!!!!!!!!!!!!!!!!!!!!!!!!!!!!!!!!!
20220921 141234.370 INFO             PET0 !!! THE ESMF_LOG IS SET TO OUTPUT ALL LOG MESSAGES !!!
20220921 141234.370 INFO             PET0 !!!     THIS MAY CAUSE SLOWDOWN IN PERFORMANCE     !!!
20220921 141234.370 INFO             PET0 !!! FOR PRODUCTION RUNS, USE:                      !!!
20220921 141234.370 INFO             PET0 !!!                   ESMF_LOGKIND_Multi_On_Error  !!!
20220921 141234.370 INFO             PET0 !!!!!!!!!!!!!!!!!!!!!!!!!!!!!!!!!!!!!!!!!!!!!!!!!!!!!!
20220921 141234.370 INFO             PET0 Running with ESMF Version   : v8.3.1
20220921 141234.370 INFO             PET0 ESMF library build date/time: "Sep 21 2022" "13:54:13"
20220921 141234.370 INFO             PET0 ESMF library build location : /project/esmf/rocky/esmf-testing/gfortran_11.2.0_openmpi_O_v8.3.1/esmf
20220921 141234.370 INFO             PET0 ESMF_COMM                   : openmpi
20220921 141234.370 INFO             PET0 ESMF_MOAB                   : enabled
20220921 141234.370 INFO             PET0 ESMF_LAPACK                 : enabled
20220921 141234.370 INFO             PET0 ESMF_NETCDF                 : enabled
20220921 141234.370 INFO             PET0 ESMF_PNETCDF                : disabled
20220921 141234.370 INFO             PET0 ESMF_PIO                    : enabled
20220921 141234.370 INFO             PET0 ESMF_YAMLCPP                : enabled
20220921 141234.432 DEBUG            PET0 about to destroy Grid: 0x7fa2a401e400
20220921 141234.436 DEBUG            PET0 about to destroy Grid: 0x7fa2a4018e00
20220921 141234.449 INFO             PET0  NUMBER_OF_PROCESSORS           4
20220921 141234.449 INFO             PET0  PASS  Example ESMF_NUOPCAtmModelEx, ESMF_NUOPCAtmModelEx.F90, line 806
20220921 141234.449 INFO             PET0 Finalizing ESMF
20220921 141234.370 INFO             PET1 !!!!!!!!!!!!!!!!!!!!!!!!!!!!!!!!!!!!!!!!!!!!!!!!!!!!!!
20220921 141234.370 INFO             PET1 !!! THE ESMF_LOG IS SET TO OUTPUT ALL LOG MESSAGES !!!
20220921 141234.370 INFO             PET1 !!!     THIS MAY CAUSE SLOWDOWN IN PERFORMANCE     !!!
20220921 141234.370 INFO             PET1 !!! FOR PRODUCTION RUNS, USE:                      !!!
20220921 141234.370 INFO             PET1 !!!                   ESMF_LOGKIND_Multi_On_Error  !!!
20220921 141234.370 INFO             PET1 !!!!!!!!!!!!!!!!!!!!!!!!!!!!!!!!!!!!!!!!!!!!!!!!!!!!!!
20220921 141234.370 INFO             PET1 Running with ESMF Version   : v8.3.1
20220921 141234.370 INFO             PET1 ESMF library build date/time: "Sep 21 2022" "13:54:13"
20220921 141234.370 INFO             PET1 ESMF library build location : /project/esmf/rocky/esmf-testing/gfortran_11.2.0_openmpi_O_v8.3.1/esmf
20220921 141234.370 INFO             PET1 ESMF_COMM                   : openmpi
20220921 141234.371 INFO             PET1 ESMF_MOAB                   : enabled
20220921 141234.371 INFO             PET1 ESMF_LAPACK                 : enabled
20220921 141234.371 INFO             PET1 ESMF_NETCDF                 : enabled
20220921 141234.371 INFO             PET1 ESMF_PNETCDF                : disabled
20220921 141234.371 INFO             PET1 ESMF_PIO                    : enabled
20220921 141234.371 INFO             PET1 ESMF_YAMLCPP                : enabled
20220921 141234.432 DEBUG            PET1 about to destroy Grid: 0x7fa051840800
20220921 141234.436 DEBUG            PET1 about to destroy Grid: 0x7fa051836e00
20220921 141234.449 INFO             PET1  NUMBER_OF_PROCESSORS           4
20220921 141234.449 INFO             PET1  PASS  Example ESMF_NUOPCAtmModelEx, ESMF_NUOPCAtmModelEx.F90, line 806
20220921 141234.449 INFO             PET1 Finalizing ESMF
20220921 141234.370 INFO             PET2 !!!!!!!!!!!!!!!!!!!!!!!!!!!!!!!!!!!!!!!!!!!!!!!!!!!!!!
20220921 141234.370 INFO             PET2 !!! THE ESMF_LOG IS SET TO OUTPUT ALL LOG MESSAGES !!!
20220921 141234.370 INFO             PET2 !!!     THIS MAY CAUSE SLOWDOWN IN PERFORMANCE     !!!
20220921 141234.370 INFO             PET2 !!! FOR PRODUCTION RUNS, USE:                      !!!
20220921 141234.370 INFO             PET2 !!!                   ESMF_LOGKIND_Multi_On_Error  !!!
20220921 141234.370 INFO             PET2 !!!!!!!!!!!!!!!!!!!!!!!!!!!!!!!!!!!!!!!!!!!!!!!!!!!!!!
20220921 141234.370 INFO             PET2 Running with ESMF Version   : v8.3.1
20220921 141234.370 INFO             PET2 ESMF library build date/time: "Sep 21 2022" "13:54:13"
20220921 141234.370 INFO             PET2 ESMF library build location : /project/esmf/rocky/esmf-testing/gfortran_11.2.0_openmpi_O_v8.3.1/esmf
20220921 141234.370 INFO             PET2 ESMF_COMM                   : openmpi
20220921 141234.371 INFO             PET2 ESMF_MOAB                   : enabled
20220921 141234.371 INFO             PET2 ESMF_LAPACK                 : enabled
20220921 141234.371 INFO             PET2 ESMF_NETCDF                 : enabled
20220921 141234.371 INFO             PET2 ESMF_PNETCDF                : disabled
20220921 141234.371 INFO             PET2 ESMF_PIO                    : enabled
20220921 141234.371 INFO             PET2 ESMF_YAMLCPP                : enabled
20220921 141234.432 DEBUG            PET2 about to destroy Grid: 0x7f9082832200
20220921 141234.436 DEBUG            PET2 about to destroy Grid: 0x7f9082832e00
20220921 141234.449 INFO             PET2  NUMBER_OF_PROCESSORS           4
20220921 141234.449 INFO             PET2  PASS  Example ESMF_NUOPCAtmModelEx, ESMF_NUOPCAtmModelEx.F90, line 806
20220921 141234.449 INFO             PET2 Finalizing ESMF
20220921 141234.370 INFO             PET3 !!!!!!!!!!!!!!!!!!!!!!!!!!!!!!!!!!!!!!!!!!!!!!!!!!!!!!
20220921 141234.370 INFO             PET3 !!! THE ESMF_LOG IS SET TO OUTPUT ALL LOG MESSAGES !!!
20220921 141234.370 INFO             PET3 !!!     THIS MAY CAUSE SLOWDOWN IN PERFORMANCE     !!!
20220921 141234.370 INFO             PET3 !!! FOR PRODUCTION RUNS, USE:                      !!!
20220921 141234.370 INFO             PET3 !!!                   ESMF_LOGKIND_Multi_On_Error  !!!
20220921 141234.370 INFO             PET3 !!!!!!!!!!!!!!!!!!!!!!!!!!!!!!!!!!!!!!!!!!!!!!!!!!!!!!
20220921 141234.370 INFO             PET3 Running with ESMF Version   : v8.3.1
20220921 141234.370 INFO             PET3 ESMF library build date/time: "Sep 21 2022" "13:54:13"
20220921 141234.370 INFO             PET3 ESMF library build location : /project/esmf/rocky/esmf-testing/gfortran_11.2.0_openmpi_O_v8.3.1/esmf
20220921 141234.370 INFO             PET3 ESMF_COMM                   : openmpi
20220921 141234.370 INFO             PET3 ESMF_MOAB                   : enabled
20220921 141234.370 INFO             PET3 ESMF_LAPACK                 : enabled
20220921 141234.370 INFO             PET3 ESMF_NETCDF                 : enabled
20220921 141234.370 INFO             PET3 ESMF_PNETCDF                : disabled
20220921 141234.370 INFO             PET3 ESMF_PIO                    : enabled
20220921 141234.370 INFO             PET3 ESMF_YAMLCPP                : enabled
20220921 141234.432 DEBUG            PET3 about to destroy Grid: 0x7fc1e9853200
20220921 141234.436 DEBUG            PET3 about to destroy Grid: 0x7fc1e9853e00
20220921 141234.449 INFO             PET3  NUMBER_OF_PROCESSORS           4
20220921 141234.449 INFO             PET3  PASS  Example ESMF_NUOPCAtmModelEx, ESMF_NUOPCAtmModelEx.F90, line 806
20220921 141234.449 INFO             PET3 Finalizing ESMF
