2022-09-21 02:38:28
[1663747616.492191] [Orion-03-65:416771:0]       ib_verbs.h:84   UCX  ERROR ibv_exp_query_device(mlx5_0) returned 38: No space left on device
[1663747616.492761] [Orion-03-65:416767:0]       ib_verbs.h:84   UCX  ERROR ibv_exp_query_device(mlx5_0) returned 38: No space left on device
[1663747616.493172] [Orion-03-65:416769:0]       ib_verbs.h:84   UCX  ERROR ibv_exp_query_device(mlx5_0) returned 38: No space left on device
[1663747616.498871] [Orion-03-65:416770:0]       ib_verbs.h:84   UCX  ERROR ibv_exp_query_device(mlx5_0) returned 38: No space left on device
[1663747616.498821] [Orion-03-65:416772:0]       ib_verbs.h:84   UCX  ERROR ibv_exp_query_device(mlx5_0) returned 38: No space left on device
[1663747616.498932] [Orion-03-65:416768:0]       ib_verbs.h:84   UCX  ERROR ibv_exp_query_device(mlx5_0) returned 38: No space left on device
Hi there from socketServerInit()
Hi there from socketServerInit()
socketServerInit waited: 2.00017
Hi there from socketClientInit() with timeout 10
socketClientInit connect(), not yet established... continue: Operation now in progress
socketServerInit waited: 2.00157
socketServerInit: CONNECTED!
Hi there from socketSend()
socketClientInit: getsockopt() at 6.8212e-05 SO_ERROR: Success
socketClientInit waited: 6.8212e-05
socketClientInit: CONNECTED!
Hi there from socketRecv()
socketSend: buffer size=41, bytes sent=41
Hi there from socketRecv()
socketRecv: buffer size=160, bytes recvd=9
Hi there from socketSend()
socketRecv: buffer size=160, bytes recvd=41
Hi there from socketSend()
socketSend: buffer size=9, bytes sent=9
Hi there from socketRecv()
socketRecv: buffer size=160, bytes recvd=43
socketSend: buffer size=43, bytes sent=43
Hi there from socketSend()
socketSend: buffer size=4, bytes sent=4
Hi there from socketSend()
Hi there from socketRecv()
socketRecv: buffer size=4, bytes recvd=4
Hi there from socketRecv()
socketSend: buffer size=4, bytes sent=4
Hi there from socketRecv()
socketRecv: buffer size=4, bytes recvd=4
Hi there from socketSend()
socketSend: buffer size=8, bytes sent=8
Hi there from socketRecv()
socketRecv: buffer size=8, bytes recvd=8
Hi there from socketSend()
socketRecv: buffer size=4, bytes recvd=4
socketSend: buffer size=4, bytes sent=4
Hi there from socketSend()
socketSend: buffer size=4, bytes sent=4
Hi there from socketRecv()
Hi there from socketRecv()
socketRecv: buffer size=4, bytes recvd=4
Hi there from socketSend()
socketSend: buffer size=8, bytes sent=8
Hi there from socketRecv()
socketRecv: buffer size=8, bytes recvd=8
Hi there from socketSend()
socketSend: buffer size=4, bytes sent=4
socketRecv: buffer size=4, bytes recvd=4
Hi there from socketRecv()
Hi there from socketSend()
socketSend: buffer size=4, bytes sent=4
Hi there from socketRecv()
socketRecv: buffer size=4, bytes recvd=4
Hi there from socketSend()
socketSend: buffer size=8, bytes sent=8
Hi there from socketRecv()
socketRecv: buffer size=8, bytes recvd=8
Hi there from socketSend()
socketSend: buffer size=4, bytes sent=4
Hi there from socketSend()
socketRecv: buffer size=4, bytes recvd=4
socketSend: buffer size=4, bytes sent=4
Hi there from socketRecv()
Hi there from socketRecv()
socketRecv: buffer size=4, bytes recvd=4
Hi there from socketSend()
socketSend: buffer size=8, bytes sent=8
Hi there from socketRecv()
socketRecv: buffer size=8, bytes recvd=8
Hi there from socketSend()
socketSend: buffer size=4, bytes sent=4
socketRecv: buffer size=4, bytes recvd=4
Hi there from socketRecv()
Hi there from socketSend()
socketSend: buffer size=4, bytes sent=4
Hi there from socketRecv()
socketRecv: buffer size=4, bytes recvd=4
Hi there from socketSend()
socketSend: buffer size=8, bytes sent=8
Hi there from socketRecv()
socketRecv: buffer size=8, bytes recvd=8
Hi there from socketSend()
socketSend: buffer size=4, bytes sent=4
Hi there from socketSend()
socketRecv: buffer size=4, bytes recvd=4
socketSend: buffer size=4, bytes sent=4
Hi there from socketRecv()
Hi there from socketRecv()
socketRecv: buffer size=4, bytes recvd=4
Hi there from socketSend()
socketSend: buffer size=8, bytes sent=8
socketRecv: buffer size=8, bytes recvd=8
Hi there from socketRecv()
Hi there from socketSend()
socketSend: buffer size=4, bytes sent=4
socketRecv: buffer size=4, bytes recvd=4
Hi there from socketRecv()
Hi there from socketSend()
socketSend: buffer size=4, bytes sent=4
Hi there from socketRecv()
socketRecv: buffer size=4, bytes recvd=4
Hi there from socketSend()
socketSend: buffer size=8, bytes sent=8
socketRecv: buffer size=8, bytes recvd=8
calling CompTunnel::execute() for name: InitializeIC01P
in CompTunnel::execute() ... call CompTunnel::dual2actual() with method 7
calling CompTunnel::execute() for name: InitializeIC01P
in CompTunnel::execute() ... call CompTunnel::wait, cargo=0x15255c0
in CompTunnel::execute() ... call CompTunnel::wait really calling
calling CompTunnel::wait() for name: InitializeIC01P
in CompTunnel::wait() ... 
in CompTunnel::wait() ... received RC=0, userRC=0
calling CompTunnel::execute() for name: RunIC01P
in CompTunnel::execute() ... call CompTunnel::dual2actual() with method 8
calling CompTunnel::execute() for name: RunIC01P
in CompTunnel::execute() ... call CompTunnel::wait, cargo=0x15255c0
in CompTunnel::execute() ... call CompTunnel::wait really calling
calling CompTunnel::wait() for name: RunIC01P
in CompTunnel::wait() ... 
in CompTunnel::wait() ... received RC=0, userRC=0
calling CompTunnel::execute() for name: FinalizeIC01P
in CompTunnel::execute() ... call CompTunnel::dual2actual() with method 9
calling CompTunnel::execute() for name: FinalizeIC01P
in CompTunnel::execute() ... call CompTunnel::wait, cargo=0x15255c0
in CompTunnel::execute() ... call CompTunnel::wait really calling
calling CompTunnel::wait() for name: FinalizeIC01P
in CompTunnel::wait() ... 
in CompTunnel::wait() ... received RC=0, userRC=0
calling CompTunnel::execute() for name: InitializeIC01P
in CompTunnel::execute() ... call CompTunnel::dual2actual() with method 7
calling CompTunnel::execute() for name: InitializeIC01P
in CompTunnel::execute() ... call CompTunnel::wait, cargo=0x15255c0
in CompTunnel::execute() ... call CompTunnel::wait really calling
calling CompTunnel::wait() for name: InitializeIC01P
in CompTunnel::wait() ... 
in CompTunnel::wait() ... received RC=0, userRC=0
calling CompTunnel::execute() for name: InitializeIC01P
in CompTunnel::execute() ... call CompTunnel::dual2actual() with method 7
calling CompTunnel::execute() for name: InitializeIC01P
in CompTunnel::execute() ... call CompTunnel::wait, cargo=0x15255c0
in CompTunnel::execute() ... call CompTunnel::wait really calling
calling CompTunnel::wait() for name: InitializeIC01P
in CompTunnel::wait() ... 
in CompTunnel::wait() ... received RC=0, userRC=0
calling CompTunnel::execute() for name: RunIC01P
in CompTunnel::execute() ... call CompTunnel::dual2actual() with method 8
calling CompTunnel::execute() for name: RunIC01P
in CompTunnel::execute() ... call CompTunnel::wait, cargo=0x15255c0
in CompTunnel::execute() ... call CompTunnel::wait really calling
calling CompTunnel::wait() for name: RunIC01P
in CompTunnel::wait() ... 
in CompTunnel::wait() ... received RC=0, userRC=0
calling CompTunnel::execute() for name: None01P
in CompTunnel::execute() ... call CompTunnel::dual2actual() with method 0
calling CompTunnel::execute() for name: None01P
in CompTunnel::execute() ... call CompTunnel::wait, cargo=0x15255c0
in CompTunnel::execute() ... call CompTunnel::wait really calling
calling CompTunnel::wait() for name: None01P
in CompTunnel::wait() ... 
in CompTunnel::wait() ... received RC=0, userRC=0
  PASS  Example ESMF_CompTunnelEx, ESMF_CompTunnelEx.F90, line 549
 PASS: ESMF_CompTunnelEx.F90
calling CompTunnel::execute() for name: InitializeIC01P
in CompTunnel::execute() ... call CompTunnel::dual2actual() with method 7
calling CompTunnel::execute() for name: InitializeIC01P
in CompTunnel::execute() ... call CompTunnel::wait, cargo=0x1e39da0
in CompTunnel::execute() ... call CompTunnel::wait really calling
calling CompTunnel::wait() for name: InitializeIC01P
in CompTunnel::wait() ... 
in CompTunnel::wait() ... received RC=0, userRC=0
calling CompTunnel::execute() for name: RunIC01P
in CompTunnel::execute() ... call CompTunnel::dual2actual() with method 8
calling CompTunnel::execute() for name: RunIC01P
in CompTunnel::execute() ... call CompTunnel::wait, cargo=0x1e39da0
in CompTunnel::execute() ... call CompTunnel::wait really calling
calling CompTunnel::wait() for name: RunIC01P
in CompTunnel::wait() ... 
in CompTunnel::wait() ... received RC=0, userRC=0
calling CompTunnel::execute() for name: FinalizeIC01P
in CompTunnel::execute() ... call CompTunnel::dual2actual() with method 9
calling CompTunnel::execute() for name: FinalizeIC01P
in CompTunnel::execute() ... call CompTunnel::wait, cargo=0x1e39da0
in CompTunnel::execute() ... call CompTunnel::wait really calling
calling CompTunnel::wait() for name: FinalizeIC01P
in CompTunnel::wait() ... 
in CompTunnel::wait() ... received RC=0, userRC=0
calling CompTunnel::execute() for name: InitializeIC01P
in CompTunnel::execute() ... call CompTunnel::dual2actual() with method 7
calling CompTunnel::execute() for name: InitializeIC01P
in CompTunnel::execute() ... call CompTunnel::wait, cargo=0x1e39da0
in CompTunnel::execute() ... call CompTunnel::wait really calling
calling CompTunnel::wait() for name: InitializeIC01P
in CompTunnel::wait() ... 
in CompTunnel::wait() ... received RC=0, userRC=0
calling CompTunnel::execute() for name: InitializeIC01P
in CompTunnel::execute() ... call CompTunnel::dual2actual() with method 7
calling CompTunnel::execute() for name: InitializeIC01P
in CompTunnel::execute() ... call CompTunnel::wait, cargo=0x1e39da0
in CompTunnel::execute() ... call CompTunnel::wait really calling
calling CompTunnel::wait() for name: InitializeIC01P
in CompTunnel::wait() ... 
in CompTunnel::wait() ... received RC=0, userRC=0
calling CompTunnel::execute() for name: RunIC01P
in CompTunnel::execute() ... call CompTunnel::dual2actual() with method 8
calling CompTunnel::execute() for name: RunIC01P
in CompTunnel::execute() ... call CompTunnel::wait, cargo=0x1e39da0
in CompTunnel::execute() ... call CompTunnel::wait really calling
calling CompTunnel::wait() for name: RunIC01P
in CompTunnel::wait() ... 
in CompTunnel::wait() ... received RC=0, userRC=0
calling CompTunnel::execute() for name: None01P
in CompTunnel::execute() ... call CompTunnel::dual2actual() with method 0
calling CompTunnel::execute() for name: None01P
in CompTunnel::execute() ... call CompTunnel::wait, cargo=0x1e39da0
in CompTunnel::execute() ... call CompTunnel::wait really calling
calling CompTunnel::wait() for name: None01P
in CompTunnel::wait() ... 
in CompTunnel::wait() ... received RC=0, userRC=0
  PASS  Example ESMF_CompTunnelEx, ESMF_CompTunnelEx.F90, line 549
 PASS: ESMF_CompTunnelEx.F90
  PASS  Example ESMF_CompTunnelEx, ESMF_CompTunnelEx.F90, line 549
 PASS: ESMF_CompTunnelEx.F90
  PASS  Example ESMF_CompTunnelEx, ESMF_CompTunnelEx.F90, line 549
 PASS: ESMF_CompTunnelEx.F90
calling CompTunnel::execute() for name: InitializeIC01P
in CompTunnel::execute() ... call CompTunnel::dual2actual() with method 7
calling CompTunnel::execute() for name: InitializeIC01P
in CompTunnel::execute() ... call CompTunnel::wait, cargo=0x157cdd0
in CompTunnel::execute() ... call CompTunnel::wait really calling
calling CompTunnel::wait() for name: InitializeIC01P
in CompTunnel::wait() ... 
in CompTunnel::wait() ... received RC=0, userRC=0
calling CompTunnel::execute() for name: RunIC01P
in CompTunnel::execute() ... call CompTunnel::dual2actual() with method 8
calling CompTunnel::execute() for name: RunIC01P
in CompTunnel::execute() ... call CompTunnel::wait, cargo=0x157cdd0
in CompTunnel::execute() ... call CompTunnel::wait really calling
calling CompTunnel::wait() for name: RunIC01P
in CompTunnel::wait() ... 
in CompTunnel::wait() ... received RC=0, userRC=0
calling CompTunnel::execute() for name: FinalizeIC01P
in CompTunnel::execute() ... call CompTunnel::dual2actual() with method 9
calling CompTunnel::execute() for name: FinalizeIC01P
in CompTunnel::execute() ... call CompTunnel::wait, cargo=0x157cdd0
in CompTunnel::execute() ... call CompTunnel::wait really calling
calling CompTunnel::wait() for name: FinalizeIC01P
in CompTunnel::wait() ... 
in CompTunnel::wait() ... received RC=0, userRC=0
calling CompTunnel::execute() for name: InitializeIC01P
in CompTunnel::execute() ... call CompTunnel::dual2actual() with method 7
calling CompTunnel::execute() for name: InitializeIC01P
in CompTunnel::execute() ... call CompTunnel::wait, cargo=0x157cdd0
in CompTunnel::execute() ... call CompTunnel::wait really calling
calling CompTunnel::wait() for name: InitializeIC01P
in CompTunnel::wait() ... 
in CompTunnel::wait() ... received RC=0, userRC=0
calling CompTunnel::execute() for name: InitializeIC01P
in CompTunnel::execute() ... call CompTunnel::dual2actual() with method 7
calling CompTunnel::execute() for name: InitializeIC01P
in CompTunnel::execute() ... call CompTunnel::wait, cargo=0x157cdd0
in CompTunnel::execute() ... call CompTunnel::wait really calling
calling CompTunnel::wait() for name: InitializeIC01P
in CompTunnel::wait() ... 
in CompTunnel::wait() ... received RC=0, userRC=0
calling CompTunnel::execute() for name: RunIC01P
in CompTunnel::execute() ... call CompTunnel::dual2actual() with method 8
calling CompTunnel::execute() for name: RunIC01P
in CompTunnel::execute() ... call CompTunnel::wait, cargo=0x157cdd0
in CompTunnel::execute() ... call CompTunnel::wait really calling
calling CompTunnel::wait() for name: RunIC01P
in CompTunnel::wait() ... 
in CompTunnel::wait() ... received RC=0, userRC=0
calling CompTunnel::execute() for name: None01P
in CompTunnel::execute() ... call CompTunnel::dual2actual() with method 0
calling CompTunnel::execute() for name: None01P
in CompTunnel::execute() ... call CompTunnel::wait, cargo=0x157cdd0
in CompTunnel::execute() ... call CompTunnel::wait really calling
calling CompTunnel::wait() for name: None01P
in CompTunnel::wait() ... 
in CompTunnel::wait() ... received RC=0, userRC=0
  PASS  Example ESMF_CompTunnelEx, ESMF_CompTunnelEx.F90, line 549
 PASS: ESMF_CompTunnelEx.F90
  PASS  Example ESMF_CompTunnelEx, ESMF_CompTunnelEx.F90, line 549
 PASS: ESMF_CompTunnelEx.F90
