2022-08-19 01:31:26
20220819 021047.602 INFO             PET0 !!!!!!!!!!!!!!!!!!!!!!!!!!!!!!!!!!!!!!!!!!!!!!!!!!!!!!
20220819 021047.602 INFO             PET0 !!! THE ESMF_LOG IS SET TO OUTPUT ALL LOG MESSAGES !!!
20220819 021047.602 INFO             PET0 !!!     THIS MAY CAUSE SLOWDOWN IN PERFORMANCE     !!!
20220819 021047.602 INFO             PET0 !!! FOR PRODUCTION RUNS, USE:                      !!!
20220819 021047.602 INFO             PET0 !!!                   ESMF_LOGKIND_Multi_On_Error  !!!
20220819 021047.602 INFO             PET0 !!!!!!!!!!!!!!!!!!!!!!!!!!!!!!!!!!!!!!!!!!!!!!!!!!!!!!
20220819 021047.602 INFO             PET0 Running with ESMF Version   : v8.4.0b10-5-g9613e06ff0
20220819 021047.602 INFO             PET0 ESMF library build date/time: "Aug 19 2022" "01:28:42"
20220819 021047.602 INFO             PET0 ESMF library build location : /discover/nobackup/projects/sbu/mpotts/esmf-test/intel_19.1.3_intelmpi_g_develop/esmf
20220819 021047.602 INFO             PET0 ESMF_COMM                   : intelmpi
20220819 021047.603 INFO             PET0 ESMF_MOAB                   : enabled
20220819 021047.603 INFO             PET0 ESMF_LAPACK                 : enabled
20220819 021047.603 INFO             PET0 ESMF_NETCDF                 : enabled
20220819 021047.603 INFO             PET0 ESMF_PNETCDF                : disabled
20220819 021047.603 INFO             PET0 ESMF_PIO                    : enabled
20220819 021047.603 INFO             PET0 ESMF_YAMLCPP                : enabled
20220819 021047.604 INFO             PET0 esmApp STARTING
20220819 021047.613 INFO             PET0 esm: InitializeGeneric intro.
20220819 021047.613 INFO             PET0   esm: InitializeP0 intro.
20220819 021047.613 INFO             PET0   esm: InitializeP0 extro.
20220819 021047.613 INFO             PET0   esm: InitializeIPDv02p1 intro.
20220819 021047.613 INFO             PET0     >>>esm: entered Initialize (phase=<none>) without valid internal Clock.
20220819 021047.615 INFO             PET0     esm - Creating model component ATM with petList of size 2 :
20220819 021047.615 INFO             PET0           0      1
20220819 021047.619 INFO             PET0     esm - Creating model component OCN with petList of size 2 :
20220819 021047.619 INFO             PET0           2      3
20220819 021047.619 INFO             PET0     esm - Creating connector component ATM-TO-OCN with petList of size 4 :
20220819 021047.619 INFO             PET0           0      1      2      3
20220819 021047.631 INFO             PET0     esm - Creating connector component OCN-TO-ATM with petList of size 4 :
20220819 021047.631 INFO             PET0           2      3      0      1
20220819 021047.640 INFO             PET0     esm - Creating state: modelComp 1 Import State
20220819 021047.640 INFO             PET0     esm - Creating state: modelComp 1 Export State
20220819 021047.641 INFO             PET0     esm - Creating state: modelComp 2 Import State
20220819 021047.641 INFO             PET0     esm - Creating state: modelComp 2 Export State
20220819 021047.642 INFO             PET0     ATM: InitializeP0 intro.
20220819 021047.644 INFO             PET0     ATM: InitializeP0 extro.
20220819 021047.651 INFO             PET0     ATM-TO-OCN: InitializeP0 intro.
20220819 021047.651 INFO             PET0     ATM-TO-OCN: InitializeP0 extro.
20220819 021047.652 INFO             PET0     OCN-TO-ATM: InitializeP0 intro.
20220819 021047.653 INFO             PET0     OCN-TO-ATM: InitializeP0 extro.
20220819 021047.656 INFO             PET0     esm: IInitAdvertise intro.
20220819 021047.656 INFO             PET0     esm: IInitAdvertise extro.
20220819 021047.656 INFO             PET0     ATM: InitializeIPDvXp01 intro.
20220819 021047.663 INFO             PET0     ATM: InitializeIPDvXp01 extro.
20220819 021047.673 INFO             PET0     ATM-TO-OCN: InitializeIPDv05p1 intro.
20220819 021047.688 INFO             PET0     ATM-TO-OCN: InitializeIPDv05p1 extro.
20220819 021047.689 INFO             PET0     OCN-TO-ATM: InitializeIPDv05p1 intro.
20220819 021047.695 INFO             PET0     OCN-TO-ATM: InitializeIPDv05p1 extro.
20220819 021047.695 INFO             PET0     esm: IInitAdvertiseFinish intro.
20220819 021047.695 INFO             PET0     esm: IInitAdvertiseFinish extro.
20220819 021047.696 INFO             PET0     ATM-TO-OCN: InitializeIPDv05p2a intro.
20220819 021047.710 INFO             PET0     ATM-TO-OCN: InitializeIPDv05p2a extro.
20220819 021047.710 INFO             PET0     OCN-TO-ATM: InitializeIPDv05p2a intro.
20220819 021047.717 INFO             PET0     OCN-TO-ATM: InitializeIPDv05p2a extro.
20220819 021047.717 INFO             PET0     ATM-TO-OCN: InitializeIPDv05p2b intro.
20220819 021047.731 INFO             PET0     ATM-TO-OCN: InitializeIPDv05p2b extro.
20220819 021047.732 INFO             PET0     OCN-TO-ATM: InitializeIPDv05p2b intro.
20220819 021047.738 INFO             PET0     OCN-TO-ATM: InitializeIPDv05p2b extro.
20220819 021047.738 INFO             PET0     esm: IInitModifyCplLists intro.
20220819 021047.739 INFO             PET0       Driver is in ModifyCplLists()
20220819 021047.739 INFO             PET0        Found            2  Connectors. Modifying CplList Attribute....
20220819 021047.739 INFO             PET0        Modifying cplList Attribute on ATM-TO-OCN: air_pressure_at_sea_level
20220819 021047.739 INFO             PET0        Modified: air_pressure_at_sea_level:REMAPMETHOD=redist
20220819 021047.739 INFO             PET0        Modifying cplList Attribute on ATM-TO-OCN: surface_net_downward_longwave_flux
20220819 021047.739 INFO             PET0        Modified: surface_net_downward_longwave_flux:REMAPMETHOD=bilinear:SrcTermProcessing=1:DUMPWEIGHTS=true:TermOrder=SrcSeq
20220819 021047.739 INFO             PET0        Modifying cplList Attribute on ATM-TO-OCN: surface_net_downward_shortwave_flux
20220819 021047.739 INFO             PET0        Modified: surface_net_downward_shortwave_flux:REMAPMETHOD=redist
20220819 021047.739 INFO             PET0        Modifying cplList Attribute on ATM-TO-OCN: surface_downward_heat_flux_in_air
20220819 021047.739 INFO             PET0        Modified: surface_downward_heat_flux_in_air:REMAPMETHOD=bilinear:SrcTermProcessing=1:DUMPWEIGHTS=true:TermOrder=SrcSeq
20220819 021047.739 INFO             PET0        Modifying cplList Attribute on OCN-TO-ATM: sea_surface_temperature
20220819 021047.739 INFO             PET0        Modified: sea_surface_temperature:REMAPMETHOD=bilinear:SrcTermProcessing=1:DUMPWEIGHTS=true:TermOrder=SrcSeq
20220819 021047.739 INFO             PET0     esm: IInitModifyCplLists extro.
20220819 021047.740 INFO             PET0     ATM-TO-OCN: InitializeIPDv05p3 intro.
20220819 021047.754 INFO             PET0     ATM-TO-OCN: InitializeIPDv05p3 extro.
20220819 021047.754 INFO             PET0     OCN-TO-ATM: InitializeIPDv05p3 intro.
20220819 021047.761 INFO             PET0     OCN-TO-ATM: InitializeIPDv05p3 extro.
20220819 021047.761 INFO             PET0     <<<esm: leaving Initialize (phase=<none>) with current time: 2010  6  1  0  0  0   0
20220819 021047.761 INFO             PET0   esm: InitializeIPDv02p1 extro.
20220819 021047.762 INFO             PET0   esm: InitializeIPDv02p3 intro.
20220819 021047.762 INFO             PET0     >>>esm: entered Initialize (phase=<none>) with current time: 2010  6  1  0  0  0   0
20220819 021047.762 INFO             PET0     esm: IInitCheck intro.
20220819 021047.762 INFO             PET0     esm: IInitCheck extro.
20220819 021047.762 INFO             PET0     ATM: InitializeIPDvXp04 intro.
20220819 021047.774 INFO             PET0     ATM: InitializeIPDvXp04 extro.
20220819 021047.790 INFO             PET0     ATM-TO-OCN: InitializeIPDv05p4 intro.
20220819 021047.814 INFO             PET0     ATM-TO-OCN: InitializeIPDv05p4 extro.
20220819 021047.815 INFO             PET0     OCN-TO-ATM: InitializeIPDv05p4 intro.
20220819 021047.825 INFO             PET0     OCN-TO-ATM: InitializeIPDv05p4 extro.
20220819 021047.826 INFO             PET0     ATM-TO-OCN: InitializeIPDv05p5 intro.
20220819 021047.850 INFO             PET0     ATM-TO-OCN: InitializeIPDv05p5 extro.
20220819 021047.850 INFO             PET0     OCN-TO-ATM: InitializeIPDv05p5 intro.
20220819 021047.861 INFO             PET0     OCN-TO-ATM: InitializeIPDv05p5 extro.
20220819 021047.862 INFO             PET0     esm: IInitRealize intro.
20220819 021047.862 INFO             PET0     esm: IInitRealize extro.
20220819 021047.862 INFO             PET0     ATM-TO-OCN: InitializeIPDv05p6a intro.
20220819 021047.885 INFO             PET0     ATM-TO-OCN: InitializeIPDv05p6a extro.
20220819 021047.886 INFO             PET0     OCN-TO-ATM: InitializeIPDv05p6a intro.
20220819 021047.896 INFO             PET0     OCN-TO-ATM: InitializeIPDv05p6a extro.
20220819 021047.896 INFO             PET0     ATM-TO-OCN: InitializeIPDv05p6b intro.
20220819 021048.306 INFO             PET0     ATM-TO-OCN: InitializeIPDv05p6b extro.
20220819 021048.306 INFO             PET0     OCN-TO-ATM: InitializeIPDv05p6b intro.
20220819 021048.687 INFO             PET0     OCN-TO-ATM: InitializeIPDv05p6b extro.
20220819 021048.687 INFO             PET0     ATM: InitializeIPDvXp07 intro.
20220819 021048.687 INFO             PET0     ATM: InitializeIPDvXp07 extro.
20220819 021048.690 INFO             PET0     <<<esm: leaving Initialize (phase=<none>) with current time: 2010  6  1  0  0  0   0
20220819 021048.690 INFO             PET0   esm: InitializeIPDv02p3 extro.
20220819 021048.690 INFO             PET0   esm: InitializeIPDv02p5 intro.
20220819 021048.690 INFO             PET0     >>>esm: entered Initialize (phase=<none>) with current time: 2010  6  1  0  0  0   0
20220819 021048.690 INFO             PET0     esm: this is a top level driver, no 'Updated' and 'InitializeDataComplete' info on this level.
20220819 021048.690 INFO             PET0     esm: InitializeIPDv02p5Data intro.
20220819 021048.690 INFO             PET0       esm: InternalInitializeComplete intro.
20220819 021048.691 INFO             PET0         esm: InitializeDataComplete='true'
20220819 021048.691 INFO             PET0       esm: InternalInitializeComplete extro.
20220819 021048.691 INFO             PET0       ATM: InitializeIPDv01p5 intro.
20220819 021048.691 INFO             PET0       ATM: InitializeIPDv01p5 extro.
20220819 021048.693 INFO             PET0       esm: components present that trigger loopDataDependentInitialize().
20220819 021048.694 INFO             PET0       esm: loopDataDependentInitialize intro.
20220819 021048.694 INFO             PET0         esm: component    0=esm, dataComplete (local): true
20220819 021048.694 INFO             PET0         esm: component    0=esm, dataComplete (global):  T
20220819 021048.694 INFO             PET0         esm: component    1=ATM, dataComplete (local): true
20220819 021048.694 INFO             PET0         esm: component    1=ATM, dataComplete (global):  T
20220819 021048.694 INFO             PET0         esm: component    2=OCN, dataComplete (local): true
20220819 021048.694 INFO             PET0         esm: component    2=OCN, dataComplete (global):  T
20220819 021048.694 INFO             PET0         esm: someProgress= F, allComplete= T, present(dataDepAllComplete)= T
20220819 021048.694 INFO             PET0         esm: finished resolving initialize data dependencies on this level.
20220819 021048.694 INFO             PET0       esm: loopDataDependentInitialize extro.
20220819 021048.694 INFO             PET0       esm: loopDataDependentInitialize() returned with dataDepAllComplete:  T
20220819 021048.694 INFO             PET0     esm: InitializeIPDv02p5Data extro.
20220819 021048.694 INFO             PET0     <<<esm: leaving Initialize (phase=<none>) with current time: 2010  6  1  0  0  0   0
20220819 021048.694 INFO             PET0   esm: InitializeIPDv02p5 extro.
20220819 021048.694 INFO             PET0 esm: InitializeGeneric extro.
20220819 021048.694 INFO             PET0 esm: Run intro.
20220819 021048.694 INFO             PET0   >>>esm entered Run (phase=RunPhase1) with current time: 2010  6  1  0  0  0   0
20220819 021048.694 INFO             PET0   esm: after lable_SetRunClock, current time: 2010  6  1  0  0  0   0
20220819 021048.694 INFO             PET0   esm: begin -------> RunSequence.
20220819 021048.694 INFO             PET0     esm: RunSequence event loopLevel=   1  levelMember=   1  loopIteration=   1, current time: 2010  6  1  0  0  0   0
20220819 021048.695 INFO             PET0     ATM-TO-OCN: Run intro.
20220819 021048.695 INFO             PET0     ATM-TO-OCN: Run extro.
20220819 021048.695 INFO             PET0     OCN-TO-ATM: Run intro.
20220819 021048.696 INFO             PET0     OCN-TO-ATM: Run extro.
20220819 021048.697 INFO             PET0     ATM: Run intro.
20220819 021048.697 INFO             PET0       ------>Advancing ATM from: 2010  6  1  0  0  0   0
20220819 021048.697 INFO             PET0       ---------------------> to: 2010  6  1  0 15  0   0
20220819 021048.710 INFO             PET0     ATM: Run extro.
20220819 021048.710 INFO             PET0     esm: RunSequence event loopLevel=   1  levelMember=   1  loopIteration=   2, current time: 2010  6  1  0 15  0   0
20220819 021048.710 INFO             PET0     ATM-TO-OCN: Run intro.
20220819 021048.711 INFO             PET0     ATM-TO-OCN: Run extro.
20220819 021048.711 INFO             PET0     OCN-TO-ATM: Run intro.
20220819 021048.731 INFO             PET0     OCN-TO-ATM: Run extro.
20220819 021048.732 INFO             PET0     ATM: Run intro.
20220819 021048.732 INFO             PET0       ------>Advancing ATM from: 2010  6  1  0 15  0   0
20220819 021048.732 INFO             PET0       ---------------------> to: 2010  6  1  0 30  0   0
20220819 021048.741 INFO             PET0     ATM: Run extro.
20220819 021048.741 INFO             PET0     esm: RunSequence event loopLevel=   1  levelMember=   1  loopIteration=   3, current time: 2010  6  1  0 30  0   0
20220819 021048.741 INFO             PET0     ATM-TO-OCN: Run intro.
20220819 021048.742 INFO             PET0     ATM-TO-OCN: Run extro.
20220819 021048.742 INFO             PET0     OCN-TO-ATM: Run intro.
20220819 021048.763 INFO             PET0     OCN-TO-ATM: Run extro.
20220819 021048.763 INFO             PET0     ATM: Run intro.
20220819 021048.763 INFO             PET0       ------>Advancing ATM from: 2010  6  1  0 30  0   0
20220819 021048.763 INFO             PET0       ---------------------> to: 2010  6  1  0 45  0   0
20220819 021048.772 INFO             PET0     ATM: Run extro.
20220819 021048.772 INFO             PET0     esm: RunSequence event loopLevel=   1  levelMember=   1  loopIteration=   4, current time: 2010  6  1  0 45  0   0
20220819 021048.773 INFO             PET0     ATM-TO-OCN: Run intro.
20220819 021048.773 INFO             PET0     ATM-TO-OCN: Run extro.
20220819 021048.773 INFO             PET0     OCN-TO-ATM: Run intro.
20220819 021048.795 INFO             PET0     OCN-TO-ATM: Run extro.
20220819 021048.795 INFO             PET0     ATM: Run intro.
20220819 021048.795 INFO             PET0       ------>Advancing ATM from: 2010  6  1  0 45  0   0
20220819 021048.795 INFO             PET0       ---------------------> to: 2010  6  1  1  0  0   0
20220819 021048.805 INFO             PET0     ATM: Run extro.
20220819 021048.805 INFO             PET0   esm: end <--------- RunSequence
20220819 021048.805 INFO             PET0   <<<esm - leaving Run with current time: 2010  6  1  1  0  0   0
20220819 021048.805 INFO             PET0 esm: Run extro.
20220819 021048.805 INFO             PET0 esm: Finalize intro.
20220819 021048.805 INFO             PET0   Calling Finalize phase 1 for connectorComp: ATM-TO-OCN
20220819 021048.805 INFO             PET0   ATM-TO-OCN: Finalize intro.
20220819 021048.805 INFO             PET0   ATM-TO-OCN: Finalize extro.
20220819 021048.805 INFO             PET0   Calling Finalize phase 1 for connectorComp: OCN-TO-ATM
20220819 021048.805 INFO             PET0   OCN-TO-ATM: Finalize intro.
20220819 021048.806 INFO             PET0   OCN-TO-ATM: Finalize extro.
20220819 021048.806 INFO             PET0   Calling Finalize phase 1 for modelComp: ATM
20220819 021048.806 INFO             PET0   ATM: Finalize intro.
20220819 021048.806 INFO             PET0   ATM: Finalize extro.
20220819 021048.806 INFO             PET0   Calling Finalize phase 1 for modelComp: OCN
20220819 021048.806 INFO             PET0   Delete modelComp: ATM
20220819 021048.806 INFO             PET0   Delete Import-/Export State for modelComp: ATM
20220819 021048.806 INFO             PET0   Delete modelComp: OCN
20220819 021048.806 INFO             PET0   Delete Import-/Export State for modelComp: OCN
20220819 021048.806 INFO             PET0   Delete connectorComp: ATM-TO-OCN
20220819 021048.806 INFO             PET0   Delete connectorComp: OCN-TO-ATM
20220819 021048.806 INFO             PET0 esm: Finalize extro.
20220819 021048.806 INFO             PET0 esmApp FINISHED
20220819 021048.806 INFO             PET0 Finalizing ESMF
20220819 021047.603 INFO             PET1 !!!!!!!!!!!!!!!!!!!!!!!!!!!!!!!!!!!!!!!!!!!!!!!!!!!!!!
20220819 021047.603 INFO             PET1 !!! THE ESMF_LOG IS SET TO OUTPUT ALL LOG MESSAGES !!!
20220819 021047.603 INFO             PET1 !!!     THIS MAY CAUSE SLOWDOWN IN PERFORMANCE     !!!
20220819 021047.603 INFO             PET1 !!! FOR PRODUCTION RUNS, USE:                      !!!
20220819 021047.603 INFO             PET1 !!!                   ESMF_LOGKIND_Multi_On_Error  !!!
20220819 021047.603 INFO             PET1 !!!!!!!!!!!!!!!!!!!!!!!!!!!!!!!!!!!!!!!!!!!!!!!!!!!!!!
20220819 021047.603 INFO             PET1 Running with ESMF Version   : v8.4.0b10-5-g9613e06ff0
20220819 021047.603 INFO             PET1 ESMF library build date/time: "Aug 19 2022" "01:28:42"
20220819 021047.603 INFO             PET1 ESMF library build location : /discover/nobackup/projects/sbu/mpotts/esmf-test/intel_19.1.3_intelmpi_g_develop/esmf
20220819 021047.603 INFO             PET1 ESMF_COMM                   : intelmpi
20220819 021047.604 INFO             PET1 ESMF_MOAB                   : enabled
20220819 021047.604 INFO             PET1 ESMF_LAPACK                 : enabled
20220819 021047.604 INFO             PET1 ESMF_NETCDF                 : enabled
20220819 021047.604 INFO             PET1 ESMF_PNETCDF                : disabled
20220819 021047.604 INFO             PET1 ESMF_PIO                    : enabled
20220819 021047.604 INFO             PET1 ESMF_YAMLCPP                : enabled
20220819 021047.604 INFO             PET1 esmApp STARTING
20220819 021047.613 INFO             PET1 esm: InitializeGeneric intro.
20220819 021047.613 INFO             PET1   esm: InitializeP0 intro.
20220819 021047.613 INFO             PET1   esm: InitializeP0 extro.
20220819 021047.613 INFO             PET1   esm: InitializeIPDv02p1 intro.
20220819 021047.613 INFO             PET1     >>>esm: entered Initialize (phase=<none>) without valid internal Clock.
20220819 021047.615 INFO             PET1     esm - Creating model component ATM with petList of size 2 :
20220819 021047.615 INFO             PET1           0      1
20220819 021047.619 INFO             PET1     esm - Creating model component OCN with petList of size 2 :
20220819 021047.619 INFO             PET1           2      3
20220819 021047.619 INFO             PET1     esm - Creating connector component ATM-TO-OCN with petList of size 4 :
20220819 021047.619 INFO             PET1           0      1      2      3
20220819 021047.631 INFO             PET1     esm - Creating connector component OCN-TO-ATM with petList of size 4 :
20220819 021047.631 INFO             PET1           2      3      0      1
20220819 021047.640 INFO             PET1     esm - Creating state: modelComp 1 Import State
20220819 021047.640 INFO             PET1     esm - Creating state: modelComp 1 Export State
20220819 021047.641 INFO             PET1     esm - Creating state: modelComp 2 Import State
20220819 021047.641 INFO             PET1     esm - Creating state: modelComp 2 Export State
20220819 021047.642 INFO             PET1     ATM: InitializeP0 intro.
20220819 021047.644 INFO             PET1     ATM: InitializeP0 extro.
20220819 021047.651 INFO             PET1     ATM-TO-OCN: InitializeP0 intro.
20220819 021047.651 INFO             PET1     ATM-TO-OCN: InitializeP0 extro.
20220819 021047.653 INFO             PET1     OCN-TO-ATM: InitializeP0 intro.
20220819 021047.653 INFO             PET1     OCN-TO-ATM: InitializeP0 extro.
20220819 021047.656 INFO             PET1     esm: IInitAdvertise intro.
20220819 021047.656 INFO             PET1     esm: IInitAdvertise extro.
20220819 021047.656 INFO             PET1     ATM: InitializeIPDvXp01 intro.
20220819 021047.662 INFO             PET1     ATM: InitializeIPDvXp01 extro.
20220819 021047.673 INFO             PET1     ATM-TO-OCN: InitializeIPDv05p1 intro.
20220819 021047.688 INFO             PET1     ATM-TO-OCN: InitializeIPDv05p1 extro.
20220819 021047.689 INFO             PET1     OCN-TO-ATM: InitializeIPDv05p1 intro.
20220819 021047.695 INFO             PET1     OCN-TO-ATM: InitializeIPDv05p1 extro.
20220819 021047.695 INFO             PET1     esm: IInitAdvertiseFinish intro.
20220819 021047.695 INFO             PET1     esm: IInitAdvertiseFinish extro.
20220819 021047.696 INFO             PET1     ATM-TO-OCN: InitializeIPDv05p2a intro.
20220819 021047.710 INFO             PET1     ATM-TO-OCN: InitializeIPDv05p2a extro.
20220819 021047.710 INFO             PET1     OCN-TO-ATM: InitializeIPDv05p2a intro.
20220819 021047.717 INFO             PET1     OCN-TO-ATM: InitializeIPDv05p2a extro.
20220819 021047.717 INFO             PET1     ATM-TO-OCN: InitializeIPDv05p2b intro.
20220819 021047.731 INFO             PET1     ATM-TO-OCN: InitializeIPDv05p2b extro.
20220819 021047.732 INFO             PET1     OCN-TO-ATM: InitializeIPDv05p2b intro.
20220819 021047.738 INFO             PET1     OCN-TO-ATM: InitializeIPDv05p2b extro.
20220819 021047.738 INFO             PET1     esm: IInitModifyCplLists intro.
20220819 021047.739 INFO             PET1       Driver is in ModifyCplLists()
20220819 021047.739 INFO             PET1        Found            2  Connectors. Modifying CplList Attribute....
20220819 021047.739 INFO             PET1        Modifying cplList Attribute on ATM-TO-OCN: air_pressure_at_sea_level
20220819 021047.739 INFO             PET1        Modified: air_pressure_at_sea_level:REMAPMETHOD=redist
20220819 021047.739 INFO             PET1        Modifying cplList Attribute on ATM-TO-OCN: surface_net_downward_longwave_flux
20220819 021047.739 INFO             PET1        Modified: surface_net_downward_longwave_flux:REMAPMETHOD=bilinear:SrcTermProcessing=1:DUMPWEIGHTS=true:TermOrder=SrcSeq
20220819 021047.739 INFO             PET1        Modifying cplList Attribute on ATM-TO-OCN: surface_net_downward_shortwave_flux
20220819 021047.739 INFO             PET1        Modified: surface_net_downward_shortwave_flux:REMAPMETHOD=redist
20220819 021047.739 INFO             PET1        Modifying cplList Attribute on ATM-TO-OCN: surface_downward_heat_flux_in_air
20220819 021047.739 INFO             PET1        Modified: surface_downward_heat_flux_in_air:REMAPMETHOD=bilinear:SrcTermProcessing=1:DUMPWEIGHTS=true:TermOrder=SrcSeq
20220819 021047.739 INFO             PET1        Modifying cplList Attribute on OCN-TO-ATM: sea_surface_temperature
20220819 021047.739 INFO             PET1        Modified: sea_surface_temperature:REMAPMETHOD=bilinear:SrcTermProcessing=1:DUMPWEIGHTS=true:TermOrder=SrcSeq
20220819 021047.739 INFO             PET1     esm: IInitModifyCplLists extro.
20220819 021047.739 INFO             PET1     ATM-TO-OCN: InitializeIPDv05p3 intro.
20220819 021047.754 INFO             PET1     ATM-TO-OCN: InitializeIPDv05p3 extro.
20220819 021047.754 INFO             PET1     OCN-TO-ATM: InitializeIPDv05p3 intro.
20220819 021047.761 INFO             PET1     OCN-TO-ATM: InitializeIPDv05p3 extro.
20220819 021047.761 INFO             PET1     <<<esm: leaving Initialize (phase=<none>) with current time: 2010  6  1  0  0  0   0
20220819 021047.761 INFO             PET1   esm: InitializeIPDv02p1 extro.
20220819 021047.762 INFO             PET1   esm: InitializeIPDv02p3 intro.
20220819 021047.762 INFO             PET1     >>>esm: entered Initialize (phase=<none>) with current time: 2010  6  1  0  0  0   0
20220819 021047.762 INFO             PET1     esm: IInitCheck intro.
20220819 021047.762 INFO             PET1     esm: IInitCheck extro.
20220819 021047.762 INFO             PET1     ATM: InitializeIPDvXp04 intro.
20220819 021047.774 INFO             PET1     ATM: InitializeIPDvXp04 extro.
20220819 021047.790 INFO             PET1     ATM-TO-OCN: InitializeIPDv05p4 intro.
20220819 021047.814 INFO             PET1     ATM-TO-OCN: InitializeIPDv05p4 extro.
20220819 021047.815 INFO             PET1     OCN-TO-ATM: InitializeIPDv05p4 intro.
20220819 021047.825 INFO             PET1     OCN-TO-ATM: InitializeIPDv05p4 extro.
20220819 021047.826 INFO             PET1     ATM-TO-OCN: InitializeIPDv05p5 intro.
20220819 021047.850 INFO             PET1     ATM-TO-OCN: InitializeIPDv05p5 extro.
20220819 021047.850 INFO             PET1     OCN-TO-ATM: InitializeIPDv05p5 intro.
20220819 021047.861 INFO             PET1     OCN-TO-ATM: InitializeIPDv05p5 extro.
20220819 021047.861 INFO             PET1     esm: IInitRealize intro.
20220819 021047.861 INFO             PET1     esm: IInitRealize extro.
20220819 021047.862 INFO             PET1     ATM-TO-OCN: InitializeIPDv05p6a intro.
20220819 021047.885 INFO             PET1     ATM-TO-OCN: InitializeIPDv05p6a extro.
20220819 021047.886 INFO             PET1     OCN-TO-ATM: InitializeIPDv05p6a intro.
20220819 021047.896 INFO             PET1     OCN-TO-ATM: InitializeIPDv05p6a extro.
20220819 021047.896 INFO             PET1     ATM-TO-OCN: InitializeIPDv05p6b intro.
20220819 021048.306 INFO             PET1     ATM-TO-OCN: InitializeIPDv05p6b extro.
20220819 021048.306 INFO             PET1     OCN-TO-ATM: InitializeIPDv05p6b intro.
20220819 021048.687 INFO             PET1     OCN-TO-ATM: InitializeIPDv05p6b extro.
20220819 021048.687 INFO             PET1     ATM: InitializeIPDvXp07 intro.
20220819 021048.687 INFO             PET1     ATM: InitializeIPDvXp07 extro.
20220819 021048.690 INFO             PET1     <<<esm: leaving Initialize (phase=<none>) with current time: 2010  6  1  0  0  0   0
20220819 021048.690 INFO             PET1   esm: InitializeIPDv02p3 extro.
20220819 021048.690 INFO             PET1   esm: InitializeIPDv02p5 intro.
20220819 021048.690 INFO             PET1     >>>esm: entered Initialize (phase=<none>) with current time: 2010  6  1  0  0  0   0
20220819 021048.690 INFO             PET1     esm: this is a top level driver, no 'Updated' and 'InitializeDataComplete' info on this level.
20220819 021048.690 INFO             PET1     esm: InitializeIPDv02p5Data intro.
20220819 021048.690 INFO             PET1       esm: InternalInitializeComplete intro.
20220819 021048.690 INFO             PET1         esm: InitializeDataComplete='true'
20220819 021048.690 INFO             PET1       esm: InternalInitializeComplete extro.
20220819 021048.691 INFO             PET1       ATM: InitializeIPDv01p5 intro.
20220819 021048.691 INFO             PET1       ATM: InitializeIPDv01p5 extro.
20220819 021048.693 INFO             PET1       esm: components present that trigger loopDataDependentInitialize().
20220819 021048.694 INFO             PET1       esm: loopDataDependentInitialize intro.
20220819 021048.694 INFO             PET1         esm: component    0=esm, dataComplete (local): true
20220819 021048.694 INFO             PET1         esm: component    0=esm, dataComplete (global):  T
20220819 021048.694 INFO             PET1         esm: component    1=ATM, dataComplete (local): true
20220819 021048.694 INFO             PET1         esm: component    1=ATM, dataComplete (global):  T
20220819 021048.694 INFO             PET1         esm: component    2=OCN, dataComplete (local): true
20220819 021048.694 INFO             PET1         esm: component    2=OCN, dataComplete (global):  T
20220819 021048.694 INFO             PET1         esm: someProgress= F, allComplete= T, present(dataDepAllComplete)= T
20220819 021048.694 INFO             PET1         esm: finished resolving initialize data dependencies on this level.
20220819 021048.694 INFO             PET1       esm: loopDataDependentInitialize extro.
20220819 021048.694 INFO             PET1       esm: loopDataDependentInitialize() returned with dataDepAllComplete:  T
20220819 021048.694 INFO             PET1     esm: InitializeIPDv02p5Data extro.
20220819 021048.694 INFO             PET1     <<<esm: leaving Initialize (phase=<none>) with current time: 2010  6  1  0  0  0   0
20220819 021048.694 INFO             PET1   esm: InitializeIPDv02p5 extro.
20220819 021048.694 INFO             PET1 esm: InitializeGeneric extro.
20220819 021048.694 INFO             PET1 esm: Run intro.
20220819 021048.694 INFO             PET1   >>>esm entered Run (phase=RunPhase1) with current time: 2010  6  1  0  0  0   0
20220819 021048.694 INFO             PET1   esm: after lable_SetRunClock, current time: 2010  6  1  0  0  0   0
20220819 021048.694 INFO             PET1   esm: begin -------> RunSequence.
20220819 021048.694 INFO             PET1     esm: RunSequence event loopLevel=   1  levelMember=   1  loopIteration=   1, current time: 2010  6  1  0  0  0   0
20220819 021048.695 INFO             PET1     ATM-TO-OCN: Run intro.
20220819 021048.695 INFO             PET1     ATM-TO-OCN: Run extro.
20220819 021048.695 INFO             PET1     OCN-TO-ATM: Run intro.
20220819 021048.697 INFO             PET1     OCN-TO-ATM: Run extro.
20220819 021048.697 INFO             PET1     ATM: Run intro.
20220819 021048.697 INFO             PET1       ------>Advancing ATM from: 2010  6  1  0  0  0   0
20220819 021048.697 INFO             PET1       ---------------------> to: 2010  6  1  0 15  0   0
20220819 021048.710 INFO             PET1     ATM: Run extro.
20220819 021048.710 INFO             PET1     esm: RunSequence event loopLevel=   1  levelMember=   1  loopIteration=   2, current time: 2010  6  1  0 15  0   0
20220819 021048.710 INFO             PET1     ATM-TO-OCN: Run intro.
20220819 021048.711 INFO             PET1     ATM-TO-OCN: Run extro.
20220819 021048.711 INFO             PET1     OCN-TO-ATM: Run intro.
20220819 021048.731 INFO             PET1     OCN-TO-ATM: Run extro.
20220819 021048.732 INFO             PET1     ATM: Run intro.
20220819 021048.732 INFO             PET1       ------>Advancing ATM from: 2010  6  1  0 15  0   0
20220819 021048.732 INFO             PET1       ---------------------> to: 2010  6  1  0 30  0   0
20220819 021048.741 INFO             PET1     ATM: Run extro.
20220819 021048.741 INFO             PET1     esm: RunSequence event loopLevel=   1  levelMember=   1  loopIteration=   3, current time: 2010  6  1  0 30  0   0
20220819 021048.741 INFO             PET1     ATM-TO-OCN: Run intro.
20220819 021048.742 INFO             PET1     ATM-TO-OCN: Run extro.
20220819 021048.742 INFO             PET1     OCN-TO-ATM: Run intro.
20220819 021048.763 INFO             PET1     OCN-TO-ATM: Run extro.
20220819 021048.763 INFO             PET1     ATM: Run intro.
20220819 021048.763 INFO             PET1       ------>Advancing ATM from: 2010  6  1  0 30  0   0
20220819 021048.763 INFO             PET1       ---------------------> to: 2010  6  1  0 45  0   0
20220819 021048.772 INFO             PET1     ATM: Run extro.
20220819 021048.772 INFO             PET1     esm: RunSequence event loopLevel=   1  levelMember=   1  loopIteration=   4, current time: 2010  6  1  0 45  0   0
20220819 021048.773 INFO             PET1     ATM-TO-OCN: Run intro.
20220819 021048.773 INFO             PET1     ATM-TO-OCN: Run extro.
20220819 021048.773 INFO             PET1     OCN-TO-ATM: Run intro.
20220819 021048.795 INFO             PET1     OCN-TO-ATM: Run extro.
20220819 021048.795 INFO             PET1     ATM: Run intro.
20220819 021048.795 INFO             PET1       ------>Advancing ATM from: 2010  6  1  0 45  0   0
20220819 021048.795 INFO             PET1       ---------------------> to: 2010  6  1  1  0  0   0
20220819 021048.805 INFO             PET1     ATM: Run extro.
20220819 021048.805 INFO             PET1   esm: end <--------- RunSequence
20220819 021048.805 INFO             PET1   <<<esm - leaving Run with current time: 2010  6  1  1  0  0   0
20220819 021048.805 INFO             PET1 esm: Run extro.
20220819 021048.805 INFO             PET1 esm: Finalize intro.
20220819 021048.805 INFO             PET1   Calling Finalize phase 1 for connectorComp: ATM-TO-OCN
20220819 021048.805 INFO             PET1   ATM-TO-OCN: Finalize intro.
20220819 021048.805 INFO             PET1   ATM-TO-OCN: Finalize extro.
20220819 021048.805 INFO             PET1   Calling Finalize phase 1 for connectorComp: OCN-TO-ATM
20220819 021048.805 INFO             PET1   OCN-TO-ATM: Finalize intro.
20220819 021048.806 INFO             PET1   OCN-TO-ATM: Finalize extro.
20220819 021048.806 INFO             PET1   Calling Finalize phase 1 for modelComp: ATM
20220819 021048.806 INFO             PET1   ATM: Finalize intro.
20220819 021048.806 INFO             PET1   ATM: Finalize extro.
20220819 021048.806 INFO             PET1   Calling Finalize phase 1 for modelComp: OCN
20220819 021048.806 INFO             PET1   Delete modelComp: ATM
20220819 021048.806 INFO             PET1   Delete Import-/Export State for modelComp: ATM
20220819 021048.806 INFO             PET1   Delete modelComp: OCN
20220819 021048.806 INFO             PET1   Delete Import-/Export State for modelComp: OCN
20220819 021048.806 INFO             PET1   Delete connectorComp: ATM-TO-OCN
20220819 021048.806 INFO             PET1   Delete connectorComp: OCN-TO-ATM
20220819 021048.806 INFO             PET1 esm: Finalize extro.
20220819 021048.806 INFO             PET1 esmApp FINISHED
20220819 021048.806 INFO             PET1 Finalizing ESMF
20220819 021047.603 INFO             PET2 !!!!!!!!!!!!!!!!!!!!!!!!!!!!!!!!!!!!!!!!!!!!!!!!!!!!!!
20220819 021047.603 INFO             PET2 !!! THE ESMF_LOG IS SET TO OUTPUT ALL LOG MESSAGES !!!
20220819 021047.603 INFO             PET2 !!!     THIS MAY CAUSE SLOWDOWN IN PERFORMANCE     !!!
20220819 021047.603 INFO             PET2 !!! FOR PRODUCTION RUNS, USE:                      !!!
20220819 021047.603 INFO             PET2 !!!                   ESMF_LOGKIND_Multi_On_Error  !!!
20220819 021047.603 INFO             PET2 !!!!!!!!!!!!!!!!!!!!!!!!!!!!!!!!!!!!!!!!!!!!!!!!!!!!!!
20220819 021047.603 INFO             PET2 Running with ESMF Version   : v8.4.0b10-5-g9613e06ff0
20220819 021047.603 INFO             PET2 ESMF library build date/time: "Aug 19 2022" "01:28:42"
20220819 021047.603 INFO             PET2 ESMF library build location : /discover/nobackup/projects/sbu/mpotts/esmf-test/intel_19.1.3_intelmpi_g_develop/esmf
20220819 021047.603 INFO             PET2 ESMF_COMM                   : intelmpi
20220819 021047.604 INFO             PET2 ESMF_MOAB                   : enabled
20220819 021047.604 INFO             PET2 ESMF_LAPACK                 : enabled
20220819 021047.604 INFO             PET2 ESMF_NETCDF                 : enabled
20220819 021047.604 INFO             PET2 ESMF_PNETCDF                : disabled
20220819 021047.604 INFO             PET2 ESMF_PIO                    : enabled
20220819 021047.604 INFO             PET2 ESMF_YAMLCPP                : enabled
20220819 021047.604 INFO             PET2 esmApp STARTING
20220819 021047.614 INFO             PET2 esm: InitializeGeneric intro.
20220819 021047.614 INFO             PET2   esm: InitializeP0 intro.
20220819 021047.614 INFO             PET2   esm: InitializeP0 extro.
20220819 021047.614 INFO             PET2   esm: InitializeIPDv02p1 intro.
20220819 021047.614 INFO             PET2     >>>esm: entered Initialize (phase=<none>) without valid internal Clock.
20220819 021047.615 INFO             PET2     esm - Creating model component ATM with petList of size 2 :
20220819 021047.615 INFO             PET2           0      1
20220819 021047.619 INFO             PET2     esm - Creating model component OCN with petList of size 2 :
20220819 021047.619 INFO             PET2           2      3
20220819 021047.624 INFO             PET2     esm - Creating connector component ATM-TO-OCN with petList of size 4 :
20220819 021047.624 INFO             PET2           0      1      2      3
20220819 021047.633 INFO             PET2     esm - Creating connector component OCN-TO-ATM with petList of size 4 :
20220819 021047.633 INFO             PET2           2      3      0      1
20220819 021047.643 INFO             PET2     esm - Creating state: modelComp 1 Import State
20220819 021047.643 INFO             PET2     esm - Creating state: modelComp 1 Export State
20220819 021047.643 INFO             PET2     esm - Creating state: modelComp 2 Import State
20220819 021047.643 INFO             PET2     esm - Creating state: modelComp 2 Export State
20220819 021047.647 INFO             PET2     OCN: InitializeP0 intro.
20220819 021047.649 INFO             PET2     OCN: InitializeP0 extro.
20220819 021047.651 INFO             PET2     ATM-TO-OCN: InitializeP0 intro.
20220819 021047.652 INFO             PET2     ATM-TO-OCN: InitializeP0 extro.
20220819 021047.653 INFO             PET2     OCN-TO-ATM: InitializeP0 intro.
20220819 021047.653 INFO             PET2     OCN-TO-ATM: InitializeP0 extro.
20220819 021047.656 INFO             PET2     esm: IInitAdvertise intro.
20220819 021047.657 INFO             PET2     esm: IInitAdvertise extro.
20220819 021047.664 INFO             PET2     OCN: InitializeIPDvXp01 intro.
20220819 021047.672 INFO             PET2     OCN: InitializeIPDvXp01 extro.
20220819 021047.673 INFO             PET2     ATM-TO-OCN: InitializeIPDv05p1 intro.
20220819 021047.689 INFO             PET2     ATM-TO-OCN: InitializeIPDv05p1 extro.
20220819 021047.689 INFO             PET2     OCN-TO-ATM: InitializeIPDv05p1 intro.
20220819 021047.695 INFO             PET2     OCN-TO-ATM: InitializeIPDv05p1 extro.
20220819 021047.696 INFO             PET2     esm: IInitAdvertiseFinish intro.
20220819 021047.696 INFO             PET2     esm: IInitAdvertiseFinish extro.
20220819 021047.696 INFO             PET2     ATM-TO-OCN: InitializeIPDv05p2a intro.
20220819 021047.710 INFO             PET2     ATM-TO-OCN: InitializeIPDv05p2a extro.
20220819 021047.711 INFO             PET2     OCN-TO-ATM: InitializeIPDv05p2a intro.
20220819 021047.717 INFO             PET2     OCN-TO-ATM: InitializeIPDv05p2a extro.
20220819 021047.717 INFO             PET2     ATM-TO-OCN: InitializeIPDv05p2b intro.
20220819 021047.732 INFO             PET2     ATM-TO-OCN: InitializeIPDv05p2b extro.
20220819 021047.732 INFO             PET2     OCN-TO-ATM: InitializeIPDv05p2b intro.
20220819 021047.738 INFO             PET2     OCN-TO-ATM: InitializeIPDv05p2b extro.
20220819 021047.739 INFO             PET2     esm: IInitModifyCplLists intro.
20220819 021047.739 INFO             PET2       Driver is in ModifyCplLists()
20220819 021047.739 INFO             PET2        Found            2  Connectors. Modifying CplList Attribute....
20220819 021047.739 INFO             PET2        Modifying cplList Attribute on ATM-TO-OCN: air_pressure_at_sea_level
20220819 021047.739 INFO             PET2        Modified: air_pressure_at_sea_level:REMAPMETHOD=redist
20220819 021047.739 INFO             PET2        Modifying cplList Attribute on ATM-TO-OCN: surface_net_downward_longwave_flux
20220819 021047.739 INFO             PET2        Modified: surface_net_downward_longwave_flux:REMAPMETHOD=bilinear:SrcTermProcessing=1:DUMPWEIGHTS=true:TermOrder=SrcSeq
20220819 021047.739 INFO             PET2        Modifying cplList Attribute on ATM-TO-OCN: surface_net_downward_shortwave_flux
20220819 021047.739 INFO             PET2        Modified: surface_net_downward_shortwave_flux:REMAPMETHOD=redist
20220819 021047.739 INFO             PET2        Modifying cplList Attribute on ATM-TO-OCN: surface_downward_heat_flux_in_air
20220819 021047.739 INFO             PET2        Modified: surface_downward_heat_flux_in_air:REMAPMETHOD=bilinear:SrcTermProcessing=1:DUMPWEIGHTS=true:TermOrder=SrcSeq
20220819 021047.740 INFO             PET2        Modifying cplList Attribute on OCN-TO-ATM: sea_surface_temperature
20220819 021047.740 INFO             PET2        Modified: sea_surface_temperature:REMAPMETHOD=bilinear:SrcTermProcessing=1:DUMPWEIGHTS=true:TermOrder=SrcSeq
20220819 021047.740 INFO             PET2     esm: IInitModifyCplLists extro.
20220819 021047.740 INFO             PET2     ATM-TO-OCN: InitializeIPDv05p3 intro.
20220819 021047.755 INFO             PET2     ATM-TO-OCN: InitializeIPDv05p3 extro.
20220819 021047.755 INFO             PET2     OCN-TO-ATM: InitializeIPDv05p3 intro.
20220819 021047.762 INFO             PET2     OCN-TO-ATM: InitializeIPDv05p3 extro.
20220819 021047.762 INFO             PET2     <<<esm: leaving Initialize (phase=<none>) with current time: 2010  6  1  0  0  0   0
20220819 021047.762 INFO             PET2   esm: InitializeIPDv02p1 extro.
20220819 021047.762 INFO             PET2   esm: InitializeIPDv02p3 intro.
20220819 021047.762 INFO             PET2     >>>esm: entered Initialize (phase=<none>) with current time: 2010  6  1  0  0  0   0
20220819 021047.762 INFO             PET2     esm: IInitCheck intro.
20220819 021047.762 INFO             PET2     esm: IInitCheck extro.
20220819 021047.775 INFO             PET2     OCN: InitializeIPDvXp04 intro.
20220819 021047.789 INFO             PET2     OCN: InitializeIPDvXp04 extro.
20220819 021047.790 INFO             PET2     ATM-TO-OCN: InitializeIPDv05p4 intro.
20220819 021047.815 INFO             PET2     ATM-TO-OCN: InitializeIPDv05p4 extro.
20220819 021047.815 INFO             PET2     OCN-TO-ATM: InitializeIPDv05p4 intro.
20220819 021047.826 INFO             PET2     OCN-TO-ATM: InitializeIPDv05p4 extro.
20220819 021047.826 INFO             PET2     ATM-TO-OCN: InitializeIPDv05p5 intro.
20220819 021047.851 INFO             PET2     ATM-TO-OCN: InitializeIPDv05p5 extro.
20220819 021047.851 INFO             PET2     OCN-TO-ATM: InitializeIPDv05p5 intro.
20220819 021047.862 INFO             PET2     OCN-TO-ATM: InitializeIPDv05p5 extro.
20220819 021047.862 INFO             PET2     esm: IInitRealize intro.
20220819 021047.862 INFO             PET2     esm: IInitRealize extro.
20220819 021047.862 INFO             PET2     ATM-TO-OCN: InitializeIPDv05p6a intro.
20220819 021047.886 INFO             PET2     ATM-TO-OCN: InitializeIPDv05p6a extro.
20220819 021047.886 INFO             PET2     OCN-TO-ATM: InitializeIPDv05p6a intro.
20220819 021047.896 INFO             PET2     OCN-TO-ATM: InitializeIPDv05p6a extro.
20220819 021047.896 INFO             PET2     ATM-TO-OCN: InitializeIPDv05p6b intro.
20220819 021048.306 INFO             PET2     ATM-TO-OCN: InitializeIPDv05p6b extro.
20220819 021048.306 INFO             PET2     OCN-TO-ATM: InitializeIPDv05p6b intro.
20220819 021048.687 INFO             PET2     OCN-TO-ATM: InitializeIPDv05p6b extro.
20220819 021048.688 INFO             PET2     OCN: InitializeIPDvXp07 intro.
20220819 021048.689 INFO             PET2     OCN: InitializeIPDvXp07 extro.
20220819 021048.690 INFO             PET2     <<<esm: leaving Initialize (phase=<none>) with current time: 2010  6  1  0  0  0   0
20220819 021048.690 INFO             PET2   esm: InitializeIPDv02p3 extro.
20220819 021048.690 INFO             PET2   esm: InitializeIPDv02p5 intro.
20220819 021048.690 INFO             PET2     >>>esm: entered Initialize (phase=<none>) with current time: 2010  6  1  0  0  0   0
20220819 021048.690 INFO             PET2     esm: this is a top level driver, no 'Updated' and 'InitializeDataComplete' info on this level.
20220819 021048.690 INFO             PET2     esm: InitializeIPDv02p5Data intro.
20220819 021048.690 INFO             PET2       esm: InternalInitializeComplete intro.
20220819 021048.690 INFO             PET2         esm: InitializeDataComplete='true'
20220819 021048.691 INFO             PET2       esm: InternalInitializeComplete extro.
20220819 021048.692 INFO             PET2       OCN: InitializeIPDv01p5 intro.
20220819 021048.692 INFO             PET2       OCN: InitializeIPDv01p5 extro.
20220819 021048.693 INFO             PET2       esm: components present that trigger loopDataDependentInitialize().
20220819 021048.694 INFO             PET2       esm: loopDataDependentInitialize intro.
20220819 021048.694 INFO             PET2         esm: component    0=esm, dataComplete (local): true
20220819 021048.694 INFO             PET2         esm: component    0=esm, dataComplete (global):  T
20220819 021048.694 INFO             PET2         esm: component    1=ATM, dataComplete (local): true
20220819 021048.694 INFO             PET2         esm: component    1=ATM, dataComplete (global):  T
20220819 021048.694 INFO             PET2         esm: component    2=OCN, dataComplete (local): true
20220819 021048.694 INFO             PET2         esm: component    2=OCN, dataComplete (global):  T
20220819 021048.694 INFO             PET2         esm: someProgress= F, allComplete= T, present(dataDepAllComplete)= T
20220819 021048.694 INFO             PET2         esm: finished resolving initialize data dependencies on this level.
20220819 021048.694 INFO             PET2       esm: loopDataDependentInitialize extro.
20220819 021048.694 INFO             PET2       esm: loopDataDependentInitialize() returned with dataDepAllComplete:  T
20220819 021048.694 INFO             PET2     esm: InitializeIPDv02p5Data extro.
20220819 021048.694 INFO             PET2     <<<esm: leaving Initialize (phase=<none>) with current time: 2010  6  1  0  0  0   0
20220819 021048.694 INFO             PET2   esm: InitializeIPDv02p5 extro.
20220819 021048.694 INFO             PET2 esm: InitializeGeneric extro.
20220819 021048.694 INFO             PET2 esm: Run intro.
20220819 021048.694 INFO             PET2   >>>esm entered Run (phase=RunPhase1) with current time: 2010  6  1  0  0  0   0
20220819 021048.694 INFO             PET2   esm: after lable_SetRunClock, current time: 2010  6  1  0  0  0   0
20220819 021048.694 INFO             PET2   esm: begin -------> RunSequence.
20220819 021048.694 INFO             PET2     esm: RunSequence event loopLevel=   1  levelMember=   1  loopIteration=   1, current time: 2010  6  1  0  0  0   0
20220819 021048.695 INFO             PET2     ATM-TO-OCN: Run intro.
20220819 021048.696 INFO             PET2     ATM-TO-OCN: Run extro.
20220819 021048.696 INFO             PET2     OCN-TO-ATM: Run intro.
20220819 021048.696 INFO             PET2     OCN-TO-ATM: Run extro.
20220819 021048.696 INFO             PET2     OCN: Run intro.
20220819 021048.697 INFO             PET2       ------>Advancing OCN from: 2010  6  1  0  0  0   0
20220819 021048.697 INFO             PET2       ---------------------> to: 2010  6  1  0  5  0   0
20220819 021048.711 INFO             PET2       ------>Advancing OCN from: 2010  6  1  0  5  0   0
20220819 021048.711 INFO             PET2       ---------------------> to: 2010  6  1  0 10  0   0
20220819 021048.721 INFO             PET2       ------>Advancing OCN from: 2010  6  1  0 10  0   0
20220819 021048.721 INFO             PET2       ---------------------> to: 2010  6  1  0 15  0   0
20220819 021048.730 INFO             PET2     OCN: Run extro.
20220819 021048.730 INFO             PET2     esm: RunSequence event loopLevel=   1  levelMember=   1  loopIteration=   2, current time: 2010  6  1  0 15  0   0
20220819 021048.730 INFO             PET2     ATM-TO-OCN: Run intro.
20220819 021048.731 INFO             PET2     ATM-TO-OCN: Run extro.
20220819 021048.731 INFO             PET2     OCN-TO-ATM: Run intro.
20220819 021048.731 INFO             PET2     OCN-TO-ATM: Run extro.
20220819 021048.731 INFO             PET2     OCN: Run intro.
20220819 021048.732 INFO             PET2       ------>Advancing OCN from: 2010  6  1  0 15  0   0
20220819 021048.732 INFO             PET2       ---------------------> to: 2010  6  1  0 20  0   0
20220819 021048.742 INFO             PET2       ------>Advancing OCN from: 2010  6  1  0 20  0   0
20220819 021048.742 INFO             PET2       ---------------------> to: 2010  6  1  0 25  0   0
20220819 021048.752 INFO             PET2       ------>Advancing OCN from: 2010  6  1  0 25  0   0
20220819 021048.752 INFO             PET2       ---------------------> to: 2010  6  1  0 30  0   0
20220819 021048.761 INFO             PET2     OCN: Run extro.
20220819 021048.761 INFO             PET2     esm: RunSequence event loopLevel=   1  levelMember=   1  loopIteration=   3, current time: 2010  6  1  0 30  0   0
20220819 021048.762 INFO             PET2     ATM-TO-OCN: Run intro.
20220819 021048.762 INFO             PET2     ATM-TO-OCN: Run extro.
20220819 021048.762 INFO             PET2     OCN-TO-ATM: Run intro.
20220819 021048.763 INFO             PET2     OCN-TO-ATM: Run extro.
20220819 021048.763 INFO             PET2     OCN: Run intro.
20220819 021048.763 INFO             PET2       ------>Advancing OCN from: 2010  6  1  0 30  0   0
20220819 021048.763 INFO             PET2       ---------------------> to: 2010  6  1  0 35  0   0
20220819 021048.773 INFO             PET2       ------>Advancing OCN from: 2010  6  1  0 35  0   0
20220819 021048.773 INFO             PET2       ---------------------> to: 2010  6  1  0 40  0   0
20220819 021048.783 INFO             PET2       ------>Advancing OCN from: 2010  6  1  0 40  0   0
20220819 021048.783 INFO             PET2       ---------------------> to: 2010  6  1  0 45  0   0
20220819 021048.793 INFO             PET2     OCN: Run extro.
20220819 021048.793 INFO             PET2     esm: RunSequence event loopLevel=   1  levelMember=   1  loopIteration=   4, current time: 2010  6  1  0 45  0   0
20220819 021048.794 INFO             PET2     ATM-TO-OCN: Run intro.
20220819 021048.794 INFO             PET2     ATM-TO-OCN: Run extro.
20220819 021048.794 INFO             PET2     OCN-TO-ATM: Run intro.
20220819 021048.795 INFO             PET2     OCN-TO-ATM: Run extro.
20220819 021048.795 INFO             PET2     OCN: Run intro.
20220819 021048.795 INFO             PET2       ------>Advancing OCN from: 2010  6  1  0 45  0   0
20220819 021048.795 INFO             PET2       ---------------------> to: 2010  6  1  0 50  0   0
20220819 021048.806 INFO             PET2       ------>Advancing OCN from: 2010  6  1  0 50  0   0
20220819 021048.806 INFO             PET2       ---------------------> to: 2010  6  1  0 55  0   0
20220819 021048.816 INFO             PET2       ------>Advancing OCN from: 2010  6  1  0 55  0   0
20220819 021048.816 INFO             PET2       ---------------------> to: 2010  6  1  1  0  0   0
20220819 021048.827 INFO             PET2     OCN: Run extro.
20220819 021048.827 INFO             PET2   esm: end <--------- RunSequence
20220819 021048.827 INFO             PET2   <<<esm - leaving Run with current time: 2010  6  1  1  0  0   0
20220819 021048.827 INFO             PET2 esm: Run extro.
20220819 021048.827 INFO             PET2 esm: Finalize intro.
20220819 021048.827 INFO             PET2   Calling Finalize phase 1 for connectorComp: ATM-TO-OCN
20220819 021048.827 INFO             PET2   ATM-TO-OCN: Finalize intro.
20220819 021048.827 INFO             PET2   ATM-TO-OCN: Finalize extro.
20220819 021048.827 INFO             PET2   Calling Finalize phase 1 for connectorComp: OCN-TO-ATM
20220819 021048.827 INFO             PET2   OCN-TO-ATM: Finalize intro.
20220819 021048.828 INFO             PET2   OCN-TO-ATM: Finalize extro.
20220819 021048.828 INFO             PET2   Calling Finalize phase 1 for modelComp: ATM
20220819 021048.828 INFO             PET2   Calling Finalize phase 1 for modelComp: OCN
20220819 021048.828 INFO             PET2   OCN: Finalize intro.
20220819 021048.828 INFO             PET2   OCN: Finalize extro.
20220819 021048.828 INFO             PET2   Delete modelComp: ATM
20220819 021048.828 INFO             PET2   Delete Import-/Export State for modelComp: ATM
20220819 021048.828 INFO             PET2   Delete modelComp: OCN
20220819 021048.828 INFO             PET2   Delete Import-/Export State for modelComp: OCN
20220819 021048.828 INFO             PET2   Delete connectorComp: ATM-TO-OCN
20220819 021048.828 INFO             PET2   Delete connectorComp: OCN-TO-ATM
20220819 021048.828 INFO             PET2 esm: Finalize extro.
20220819 021048.828 INFO             PET2 esmApp FINISHED
20220819 021048.828 INFO             PET2 Finalizing ESMF
20220819 021047.603 INFO             PET3 !!!!!!!!!!!!!!!!!!!!!!!!!!!!!!!!!!!!!!!!!!!!!!!!!!!!!!
20220819 021047.603 INFO             PET3 !!! THE ESMF_LOG IS SET TO OUTPUT ALL LOG MESSAGES !!!
20220819 021047.603 INFO             PET3 !!!     THIS MAY CAUSE SLOWDOWN IN PERFORMANCE     !!!
20220819 021047.603 INFO             PET3 !!! FOR PRODUCTION RUNS, USE:                      !!!
20220819 021047.603 INFO             PET3 !!!                   ESMF_LOGKIND_Multi_On_Error  !!!
20220819 021047.603 INFO             PET3 !!!!!!!!!!!!!!!!!!!!!!!!!!!!!!!!!!!!!!!!!!!!!!!!!!!!!!
20220819 021047.603 INFO             PET3 Running with ESMF Version   : v8.4.0b10-5-g9613e06ff0
20220819 021047.603 INFO             PET3 ESMF library build date/time: "Aug 19 2022" "01:28:42"
20220819 021047.603 INFO             PET3 ESMF library build location : /discover/nobackup/projects/sbu/mpotts/esmf-test/intel_19.1.3_intelmpi_g_develop/esmf
20220819 021047.603 INFO             PET3 ESMF_COMM                   : intelmpi
20220819 021047.604 INFO             PET3 ESMF_MOAB                   : enabled
20220819 021047.604 INFO             PET3 ESMF_LAPACK                 : enabled
20220819 021047.604 INFO             PET3 ESMF_NETCDF                 : enabled
20220819 021047.604 INFO             PET3 ESMF_PNETCDF                : disabled
20220819 021047.604 INFO             PET3 ESMF_PIO                    : enabled
20220819 021047.604 INFO             PET3 ESMF_YAMLCPP                : enabled
20220819 021047.604 INFO             PET3 esmApp STARTING
20220819 021047.613 INFO             PET3 esm: InitializeGeneric intro.
20220819 021047.613 INFO             PET3   esm: InitializeP0 intro.
20220819 021047.613 INFO             PET3   esm: InitializeP0 extro.
20220819 021047.613 INFO             PET3   esm: InitializeIPDv02p1 intro.
20220819 021047.613 INFO             PET3     >>>esm: entered Initialize (phase=<none>) without valid internal Clock.
20220819 021047.615 INFO             PET3     esm - Creating model component ATM with petList of size 2 :
20220819 021047.615 INFO             PET3           0      1
20220819 021047.619 INFO             PET3     esm - Creating model component OCN with petList of size 2 :
20220819 021047.619 INFO             PET3           2      3
20220819 021047.623 INFO             PET3     esm - Creating connector component ATM-TO-OCN with petList of size 4 :
20220819 021047.623 INFO             PET3           0      1      2      3
20220819 021047.631 INFO             PET3     esm - Creating connector component OCN-TO-ATM with petList of size 4 :
20220819 021047.631 INFO             PET3           2      3      0      1
20220819 021047.641 INFO             PET3     esm - Creating state: modelComp 1 Import State
20220819 021047.641 INFO             PET3     esm - Creating state: modelComp 1 Export State
20220819 021047.641 INFO             PET3     esm - Creating state: modelComp 2 Import State
20220819 021047.641 INFO             PET3     esm - Creating state: modelComp 2 Export State
20220819 021047.647 INFO             PET3     OCN: InitializeP0 intro.
20220819 021047.649 INFO             PET3     OCN: InitializeP0 extro.
20220819 021047.651 INFO             PET3     ATM-TO-OCN: InitializeP0 intro.
20220819 021047.652 INFO             PET3     ATM-TO-OCN: InitializeP0 extro.
20220819 021047.653 INFO             PET3     OCN-TO-ATM: InitializeP0 intro.
20220819 021047.653 INFO             PET3     OCN-TO-ATM: InitializeP0 extro.
20220819 021047.656 INFO             PET3     esm: IInitAdvertise intro.
20220819 021047.656 INFO             PET3     esm: IInitAdvertise extro.
20220819 021047.664 INFO             PET3     OCN: InitializeIPDvXp01 intro.
20220819 021047.670 INFO             PET3     OCN: InitializeIPDvXp01 extro.
20220819 021047.674 INFO             PET3     ATM-TO-OCN: InitializeIPDv05p1 intro.
20220819 021047.688 INFO             PET3     ATM-TO-OCN: InitializeIPDv05p1 extro.
20220819 021047.689 INFO             PET3     OCN-TO-ATM: InitializeIPDv05p1 intro.
20220819 021047.695 INFO             PET3     OCN-TO-ATM: InitializeIPDv05p1 extro.
20220819 021047.695 INFO             PET3     esm: IInitAdvertiseFinish intro.
20220819 021047.695 INFO             PET3     esm: IInitAdvertiseFinish extro.
20220819 021047.696 INFO             PET3     ATM-TO-OCN: InitializeIPDv05p2a intro.
20220819 021047.710 INFO             PET3     ATM-TO-OCN: InitializeIPDv05p2a extro.
20220819 021047.710 INFO             PET3     OCN-TO-ATM: InitializeIPDv05p2a intro.
20220819 021047.717 INFO             PET3     OCN-TO-ATM: InitializeIPDv05p2a extro.
20220819 021047.717 INFO             PET3     ATM-TO-OCN: InitializeIPDv05p2b intro.
20220819 021047.731 INFO             PET3     ATM-TO-OCN: InitializeIPDv05p2b extro.
20220819 021047.732 INFO             PET3     OCN-TO-ATM: InitializeIPDv05p2b intro.
20220819 021047.738 INFO             PET3     OCN-TO-ATM: InitializeIPDv05p2b extro.
20220819 021047.739 INFO             PET3     esm: IInitModifyCplLists intro.
20220819 021047.739 INFO             PET3       Driver is in ModifyCplLists()
20220819 021047.739 INFO             PET3        Found            2  Connectors. Modifying CplList Attribute....
20220819 021047.739 INFO             PET3        Modifying cplList Attribute on ATM-TO-OCN: air_pressure_at_sea_level
20220819 021047.739 INFO             PET3        Modified: air_pressure_at_sea_level:REMAPMETHOD=redist
20220819 021047.739 INFO             PET3        Modifying cplList Attribute on ATM-TO-OCN: surface_net_downward_longwave_flux
20220819 021047.739 INFO             PET3        Modified: surface_net_downward_longwave_flux:REMAPMETHOD=bilinear:SrcTermProcessing=1:DUMPWEIGHTS=true:TermOrder=SrcSeq
20220819 021047.739 INFO             PET3        Modifying cplList Attribute on ATM-TO-OCN: surface_net_downward_shortwave_flux
20220819 021047.739 INFO             PET3        Modified: surface_net_downward_shortwave_flux:REMAPMETHOD=redist
20220819 021047.739 INFO             PET3        Modifying cplList Attribute on ATM-TO-OCN: surface_downward_heat_flux_in_air
20220819 021047.739 INFO             PET3        Modified: surface_downward_heat_flux_in_air:REMAPMETHOD=bilinear:SrcTermProcessing=1:DUMPWEIGHTS=true:TermOrder=SrcSeq
20220819 021047.739 INFO             PET3        Modifying cplList Attribute on OCN-TO-ATM: sea_surface_temperature
20220819 021047.739 INFO             PET3        Modified: sea_surface_temperature:REMAPMETHOD=bilinear:SrcTermProcessing=1:DUMPWEIGHTS=true:TermOrder=SrcSeq
20220819 021047.739 INFO             PET3     esm: IInitModifyCplLists extro.
20220819 021047.740 INFO             PET3     ATM-TO-OCN: InitializeIPDv05p3 intro.
20220819 021047.754 INFO             PET3     ATM-TO-OCN: InitializeIPDv05p3 extro.
20220819 021047.755 INFO             PET3     OCN-TO-ATM: InitializeIPDv05p3 intro.
20220819 021047.761 INFO             PET3     OCN-TO-ATM: InitializeIPDv05p3 extro.
20220819 021047.762 INFO             PET3     <<<esm: leaving Initialize (phase=<none>) with current time: 2010  6  1  0  0  0   0
20220819 021047.762 INFO             PET3   esm: InitializeIPDv02p1 extro.
20220819 021047.762 INFO             PET3   esm: InitializeIPDv02p3 intro.
20220819 021047.762 INFO             PET3     >>>esm: entered Initialize (phase=<none>) with current time: 2010  6  1  0  0  0   0
20220819 021047.762 INFO             PET3     esm: IInitCheck intro.
20220819 021047.762 INFO             PET3     esm: IInitCheck extro.
20220819 021047.775 INFO             PET3     OCN: InitializeIPDvXp04 intro.
20220819 021047.787 INFO             PET3     OCN: InitializeIPDvXp04 extro.
20220819 021047.790 INFO             PET3     ATM-TO-OCN: InitializeIPDv05p4 intro.
20220819 021047.815 INFO             PET3     ATM-TO-OCN: InitializeIPDv05p4 extro.
20220819 021047.815 INFO             PET3     OCN-TO-ATM: InitializeIPDv05p4 intro.
20220819 021047.826 INFO             PET3     OCN-TO-ATM: InitializeIPDv05p4 extro.
20220819 021047.826 INFO             PET3     ATM-TO-OCN: InitializeIPDv05p5 intro.
20220819 021047.850 INFO             PET3     ATM-TO-OCN: InitializeIPDv05p5 extro.
20220819 021047.851 INFO             PET3     OCN-TO-ATM: InitializeIPDv05p5 intro.
20220819 021047.861 INFO             PET3     OCN-TO-ATM: InitializeIPDv05p5 extro.
20220819 021047.862 INFO             PET3     esm: IInitRealize intro.
20220819 021047.862 INFO             PET3     esm: IInitRealize extro.
20220819 021047.862 INFO             PET3     ATM-TO-OCN: InitializeIPDv05p6a intro.
20220819 021047.885 INFO             PET3     ATM-TO-OCN: InitializeIPDv05p6a extro.
20220819 021047.886 INFO             PET3     OCN-TO-ATM: InitializeIPDv05p6a intro.
20220819 021047.896 INFO             PET3     OCN-TO-ATM: InitializeIPDv05p6a extro.
20220819 021047.896 INFO             PET3     ATM-TO-OCN: InitializeIPDv05p6b intro.
20220819 021048.306 INFO             PET3     ATM-TO-OCN: InitializeIPDv05p6b extro.
20220819 021048.306 INFO             PET3     OCN-TO-ATM: InitializeIPDv05p6b intro.
20220819 021048.687 INFO             PET3     OCN-TO-ATM: InitializeIPDv05p6b extro.
20220819 021048.688 INFO             PET3     OCN: InitializeIPDvXp07 intro.
20220819 021048.689 INFO             PET3     OCN: InitializeIPDvXp07 extro.
20220819 021048.690 INFO             PET3     <<<esm: leaving Initialize (phase=<none>) with current time: 2010  6  1  0  0  0   0
20220819 021048.690 INFO             PET3   esm: InitializeIPDv02p3 extro.
20220819 021048.690 INFO             PET3   esm: InitializeIPDv02p5 intro.
20220819 021048.690 INFO             PET3     >>>esm: entered Initialize (phase=<none>) with current time: 2010  6  1  0  0  0   0
20220819 021048.690 INFO             PET3     esm: this is a top level driver, no 'Updated' and 'InitializeDataComplete' info on this level.
20220819 021048.690 INFO             PET3     esm: InitializeIPDv02p5Data intro.
20220819 021048.690 INFO             PET3       esm: InternalInitializeComplete intro.
20220819 021048.691 INFO             PET3         esm: InitializeDataComplete='true'
20220819 021048.691 INFO             PET3       esm: InternalInitializeComplete extro.
20220819 021048.692 INFO             PET3       OCN: InitializeIPDv01p5 intro.
20220819 021048.692 INFO             PET3       OCN: InitializeIPDv01p5 extro.
20220819 021048.693 INFO             PET3       esm: components present that trigger loopDataDependentInitialize().
20220819 021048.694 INFO             PET3       esm: loopDataDependentInitialize intro.
20220819 021048.694 INFO             PET3         esm: component    0=esm, dataComplete (local): true
20220819 021048.694 INFO             PET3         esm: component    0=esm, dataComplete (global):  T
20220819 021048.694 INFO             PET3         esm: component    1=ATM, dataComplete (local): true
20220819 021048.694 INFO             PET3         esm: component    1=ATM, dataComplete (global):  T
20220819 021048.694 INFO             PET3         esm: component    2=OCN, dataComplete (local): true
20220819 021048.694 INFO             PET3         esm: component    2=OCN, dataComplete (global):  T
20220819 021048.694 INFO             PET3         esm: someProgress= F, allComplete= T, present(dataDepAllComplete)= T
20220819 021048.694 INFO             PET3         esm: finished resolving initialize data dependencies on this level.
20220819 021048.694 INFO             PET3       esm: loopDataDependentInitialize extro.
20220819 021048.694 INFO             PET3       esm: loopDataDependentInitialize() returned with dataDepAllComplete:  T
20220819 021048.694 INFO             PET3     esm: InitializeIPDv02p5Data extro.
20220819 021048.694 INFO             PET3     <<<esm: leaving Initialize (phase=<none>) with current time: 2010  6  1  0  0  0   0
20220819 021048.694 INFO             PET3   esm: InitializeIPDv02p5 extro.
20220819 021048.694 INFO             PET3 esm: InitializeGeneric extro.
20220819 021048.694 INFO             PET3 esm: Run intro.
20220819 021048.694 INFO             PET3   >>>esm entered Run (phase=RunPhase1) with current time: 2010  6  1  0  0  0   0
20220819 021048.694 INFO             PET3   esm: after lable_SetRunClock, current time: 2010  6  1  0  0  0   0
20220819 021048.694 INFO             PET3   esm: begin -------> RunSequence.
20220819 021048.694 INFO             PET3     esm: RunSequence event loopLevel=   1  levelMember=   1  loopIteration=   1, current time: 2010  6  1  0  0  0   0
20220819 021048.695 INFO             PET3     ATM-TO-OCN: Run intro.
20220819 021048.696 INFO             PET3     ATM-TO-OCN: Run extro.
20220819 021048.696 INFO             PET3     OCN-TO-ATM: Run intro.
20220819 021048.697 INFO             PET3     OCN-TO-ATM: Run extro.
20220819 021048.697 INFO             PET3     OCN: Run intro.
20220819 021048.697 INFO             PET3       ------>Advancing OCN from: 2010  6  1  0  0  0   0
20220819 021048.697 INFO             PET3       ---------------------> to: 2010  6  1  0  5  0   0
20220819 021048.711 INFO             PET3       ------>Advancing OCN from: 2010  6  1  0  5  0   0
20220819 021048.711 INFO             PET3       ---------------------> to: 2010  6  1  0 10  0   0
20220819 021048.721 INFO             PET3       ------>Advancing OCN from: 2010  6  1  0 10  0   0
20220819 021048.721 INFO             PET3       ---------------------> to: 2010  6  1  0 15  0   0
20220819 021048.730 INFO             PET3     OCN: Run extro.
20220819 021048.730 INFO             PET3     esm: RunSequence event loopLevel=   1  levelMember=   1  loopIteration=   2, current time: 2010  6  1  0 15  0   0
20220819 021048.730 INFO             PET3     ATM-TO-OCN: Run intro.
20220819 021048.731 INFO             PET3     ATM-TO-OCN: Run extro.
20220819 021048.731 INFO             PET3     OCN-TO-ATM: Run intro.
20220819 021048.731 INFO             PET3     OCN-TO-ATM: Run extro.
20220819 021048.731 INFO             PET3     OCN: Run intro.
20220819 021048.732 INFO             PET3       ------>Advancing OCN from: 2010  6  1  0 15  0   0
20220819 021048.732 INFO             PET3       ---------------------> to: 2010  6  1  0 20  0   0
20220819 021048.742 INFO             PET3       ------>Advancing OCN from: 2010  6  1  0 20  0   0
20220819 021048.742 INFO             PET3       ---------------------> to: 2010  6  1  0 25  0   0
20220819 021048.752 INFO             PET3       ------>Advancing OCN from: 2010  6  1  0 25  0   0
20220819 021048.752 INFO             PET3       ---------------------> to: 2010  6  1  0 30  0   0
20220819 021048.761 INFO             PET3     OCN: Run extro.
20220819 021048.761 INFO             PET3     esm: RunSequence event loopLevel=   1  levelMember=   1  loopIteration=   3, current time: 2010  6  1  0 30  0   0
20220819 021048.762 INFO             PET3     ATM-TO-OCN: Run intro.
20220819 021048.762 INFO             PET3     ATM-TO-OCN: Run extro.
20220819 021048.762 INFO             PET3     OCN-TO-ATM: Run intro.
20220819 021048.762 INFO             PET3     OCN-TO-ATM: Run extro.
20220819 021048.763 INFO             PET3     OCN: Run intro.
20220819 021048.763 INFO             PET3       ------>Advancing OCN from: 2010  6  1  0 30  0   0
20220819 021048.763 INFO             PET3       ---------------------> to: 2010  6  1  0 35  0   0
20220819 021048.773 INFO             PET3       ------>Advancing OCN from: 2010  6  1  0 35  0   0
20220819 021048.773 INFO             PET3       ---------------------> to: 2010  6  1  0 40  0   0
20220819 021048.783 INFO             PET3       ------>Advancing OCN from: 2010  6  1  0 40  0   0
20220819 021048.783 INFO             PET3       ---------------------> to: 2010  6  1  0 45  0   0
20220819 021048.793 INFO             PET3     OCN: Run extro.
20220819 021048.793 INFO             PET3     esm: RunSequence event loopLevel=   1  levelMember=   1  loopIteration=   4, current time: 2010  6  1  0 45  0   0
20220819 021048.794 INFO             PET3     ATM-TO-OCN: Run intro.
20220819 021048.794 INFO             PET3     ATM-TO-OCN: Run extro.
20220819 021048.794 INFO             PET3     OCN-TO-ATM: Run intro.
20220819 021048.795 INFO             PET3     OCN-TO-ATM: Run extro.
20220819 021048.795 INFO             PET3     OCN: Run intro.
20220819 021048.795 INFO             PET3       ------>Advancing OCN from: 2010  6  1  0 45  0   0
20220819 021048.795 INFO             PET3       ---------------------> to: 2010  6  1  0 50  0   0
20220819 021048.806 INFO             PET3       ------>Advancing OCN from: 2010  6  1  0 50  0   0
20220819 021048.806 INFO             PET3       ---------------------> to: 2010  6  1  0 55  0   0
20220819 021048.816 INFO             PET3       ------>Advancing OCN from: 2010  6  1  0 55  0   0
20220819 021048.816 INFO             PET3       ---------------------> to: 2010  6  1  1  0  0   0
20220819 021048.827 INFO             PET3     OCN: Run extro.
20220819 021048.827 INFO             PET3   esm: end <--------- RunSequence
20220819 021048.827 INFO             PET3   <<<esm - leaving Run with current time: 2010  6  1  1  0  0   0
20220819 021048.827 INFO             PET3 esm: Run extro.
20220819 021048.827 INFO             PET3 esm: Finalize intro.
20220819 021048.827 INFO             PET3   Calling Finalize phase 1 for connectorComp: ATM-TO-OCN
20220819 021048.827 INFO             PET3   ATM-TO-OCN: Finalize intro.
20220819 021048.827 INFO             PET3   ATM-TO-OCN: Finalize extro.
20220819 021048.827 INFO             PET3   Calling Finalize phase 1 for connectorComp: OCN-TO-ATM
20220819 021048.827 INFO             PET3   OCN-TO-ATM: Finalize intro.
20220819 021048.828 INFO             PET3   OCN-TO-ATM: Finalize extro.
20220819 021048.828 INFO             PET3   Calling Finalize phase 1 for modelComp: ATM
20220819 021048.828 INFO             PET3   Calling Finalize phase 1 for modelComp: OCN
20220819 021048.828 INFO             PET3   OCN: Finalize intro.
20220819 021048.828 INFO             PET3   OCN: Finalize extro.
20220819 021048.828 INFO             PET3   Delete modelComp: ATM
20220819 021048.828 INFO             PET3   Delete Import-/Export State for modelComp: ATM
20220819 021048.828 INFO             PET3   Delete modelComp: OCN
20220819 021048.828 INFO             PET3   Delete Import-/Export State for modelComp: OCN
20220819 021048.828 INFO             PET3   Delete connectorComp: ATM-TO-OCN
20220819 021048.828 INFO             PET3   Delete connectorComp: OCN-TO-ATM
20220819 021048.828 INFO             PET3 esm: Finalize extro.
20220819 021048.828 INFO             PET3 esmApp FINISHED
20220819 021048.828 INFO             PET3 Finalizing ESMF
