2022-08-25 05:17:17
[Orion-14-11:314473:0:314473] Caught signal 11 (Segmentation fault: address not mapped to object at address 0x4f1b591)
[Orion-14-11:314475:0:314475] Caught signal 11 (Segmentation fault: address not mapped to object at address 0x4f1b591)
[Orion-14-11:314476:0:314476] Caught signal 11 (Segmentation fault: address not mapped to object at address 0x4f1b591)
[Orion-14-11:314474:0:314474] Caught signal 11 (Segmentation fault: address not mapped to object at address 0x4f1b591)

/work/noaa/da/mpotts/sandbox/pgi_2019_openmpi_g_patch_8.3.1/esmf/src/Infrastructure/LogErr/src/ESMCI_LogErr.C: [ ESMCI::LogErr::MsgFoundError() ]
      ...
      583 {
      584     bool result=false;
      585 #ifdef ESMC_SUCCESSDEFAULT_ON
==>   586     if (rcToReturn != ESMC_NULL_POINTER) *rcToReturn=ESMF_SUCCESS;
      587 #endif
      588     if (trace) {
      589         Write(ESMC_METHOD,ESMC_LOGMSG_TRACE,

/work/noaa/da/mpotts/sandbox/pgi_2019_openmpi_g_patch_8.3.1/esmf/src/Infrastructure/LogErr/src/ESMCI_LogErr.C: [ ESMCI::LogErr::MsgFoundError() ]
      ...

      583 {
      584     bool result=false;
      585 #ifdef ESMC_SUCCESSDEFAULT_ON
==>   586     if (rcToReturn != ESMC_NULL_POINTER) *rcToReturn=ESMF_SUCCESS;
      587 #endif
      588     if (trace) {
      589         Write(ESMC_METHOD,ESMC_LOGMSG_TRACE,


/work/noaa/da/mpotts/sandbox/pgi_2019_openmpi_g_patch_8.3.1/esmf/src/Infrastructure/LogErr/src/ESMCI_LogErr.C: [ ESMCI::LogErr::MsgFoundError() ]
      ...
      583 {
      584     bool result=false;
      585 #ifdef ESMC_SUCCESSDEFAULT_ON
==>   586     if (rcToReturn != ESMC_NULL_POINTER) *rcToReturn=ESMF_SUCCESS;
      587 #endif
      588     if (trace) {
      589         Write(ESMC_METHOD,ESMC_LOGMSG_TRACE,


/work/noaa/da/mpotts/sandbox/pgi_2019_openmpi_g_patch_8.3.1/esmf/src/Infrastructure/LogErr/src/ESMCI_LogErr.C: [ ESMCI::LogErr::MsgFoundError() ]
      ...
      583 {
      584     bool result=false;
      585 #ifdef ESMC_SUCCESSDEFAULT_ON
==>   586     if (rcToReturn != ESMC_NULL_POINTER) *rcToReturn=ESMF_SUCCESS;
      587 #endif
      588     if (trace) {
      589         Write(ESMC_METHOD,ESMC_LOGMSG_TRACE,

==== backtrace (tid: 314475) ====
 0 0x00000000011cbf74 ESMCI::LogErr::MsgFoundError()  /work/noaa/da/mpotts/sandbox/pgi_2019_openmpi_g_patch_8.3.1/esmf/src/Infrastructure/LogErr/src/ESMCI_LogErr.C:586
 1 0x00000000013b32f1 ESMCI::MeshCap::meshcreatenodedistgrid()  /work/noaa/da/mpotts/sandbox/pgi_2019_openmpi_g_patch_8.3.1/esmf/src/Infrastructure/Mesh/src/ESMCI_MeshCap.C:1754
 2 0x00000000013f9717 c_esmc_meshcreatenodedistgrid_()  /work/noaa/da/mpotts/sandbox/pgi_2019_openmpi_g_patch_8.3.1/esmf/src/Infrastructure/Mesh/interface/ESMCI_Mesh_F.C:247
 3 0x00000000020cf378 esmf_meshmod_esmf_meshcreatefrompointer_()  /work/noaa/da/mpotts/sandbox/pgi_2019_openmpi_g_patch_8.3.1/esmf/src/Infrastructure/Mesh/interface/ESMF_Mesh.F90:3091
 4 0x0000000001efebb0 esmf_gridutilmod_esmf_gridtomesh_()  /work/noaa/da/mpotts/sandbox/pgi_2019_openmpi_g_patch_8.3.1/esmf/src/Infrastructure/GridUtil/interface/ESMF_GridUtil.F90:453
 5 0x0000000001da539b esmf_fieldregridmod_b_or_p_gridtomesh_()  /work/noaa/da/mpotts/sandbox/pgi_2019_openmpi_g_patch_8.3.1/esmf/src/Infrastructure/Field/src/ESMF_FieldRegrid.F90:3228
 6 0x0000000001da077b esmf_fieldregridmod_getmeshwithnodesonfieldloc_()  /work/noaa/da/mpotts/sandbox/pgi_2019_openmpi_g_patch_8.3.1/esmf/src/Infrastructure/Field/src/ESMF_FieldRegrid.F90:1346
 7 0x0000000001d9e0ca esmf_fieldregridmod_esmf_fieldregridstorenx_()  /work/noaa/da/mpotts/sandbox/pgi_2019_openmpi_g_patch_8.3.1/esmf/src/Infrastructure/Field/src/ESMF_FieldRegrid.F90:971
 8 0x0000000002537db9 nuopc_connector_fieldbundlecplstore_()  /work/noaa/da/mpotts/sandbox/pgi_2019_openmpi_g_patch_8.3.1/esmf/src/addon/NUOPC/src/NUOPC_Connector.F90:7919
 9 0x000000000250d440 nuopc_connector_initializeipdv05p6b_()  /work/noaa/da/mpotts/sandbox/pgi_2019_openmpi_g_patch_8.3.1/esmf/src/addon/NUOPC/src/NUOPC_Connector.F90:5386
10 0x0000000001049c7b ESMCI::FTable::callVFuncPtr()  /work/noaa/da/mpotts/sandbox/pgi_2019_openmpi_g_patch_8.3.1/esmf/src/Superstructure/Component/src/ESMCI_FTable.C:2167
11 0x000000000104595c ESMCI_FTableCallEntryPointVMHop()  /work/noaa/da/mpotts/sandbox/pgi_2019_openmpi_g_patch_8.3.1/esmf/src/Superstructure/Component/src/ESMCI_FTable.C:824
12 0x00000000017867cf ESMCI::VMK::enter()  /work/noaa/da/mpotts/sandbox/pgi_2019_openmpi_g_patch_8.3.1/esmf/src/Infrastructure/VM/src/ESMCI_VMKernel.C:2318
13 0x00000000017aae6d ESMCI::VM::enter()  /work/noaa/da/mpotts/sandbox/pgi_2019_openmpi_g_patch_8.3.1/esmf/src/Infrastructure/VM/src/ESMCI_VM.C:1216
14 0x0000000001045e21 c_esmc_ftablecallentrypointvm_()  /work/noaa/da/mpotts/sandbox/pgi_2019_openmpi_g_patch_8.3.1/esmf/src/Superstructure/Component/src/ESMCI_FTable.C:981
15 0x0000000001b03655 esmf_compmod_esmf_compexecute_()  /work/noaa/da/mpotts/sandbox/pgi_2019_openmpi_g_patch_8.3.1/esmf/src/Superstructure/Component/src/ESMF_Comp.F90:1222
16 0x0000000001b1e461 esmf_cplcompmod_esmf_cplcompinitialize_()  /work/noaa/da/mpotts/sandbox/pgi_2019_openmpi_g_patch_8.3.1/esmf/src/Superstructure/Component/src/ESMF_CplComp.F90:1160
17 0x000000000256ffdd nuopc_driver_loopconnectorcompss_()  /work/noaa/da/mpotts/sandbox/pgi_2019_openmpi_g_patch_8.3.1/esmf/src/addon/NUOPC/src/NUOPC_Driver.F90:2721
18 0x000000000256237a nuopc_driver_initializeipdv02p3_()  /work/noaa/da/mpotts/sandbox/pgi_2019_openmpi_g_patch_8.3.1/esmf/src/addon/NUOPC/src/NUOPC_Driver.F90:1943
19 0x0000000002542c89 nuopc_driver_initializep1_()  /work/noaa/da/mpotts/sandbox/pgi_2019_openmpi_g_patch_8.3.1/esmf/src/addon/NUOPC/src/NUOPC_Driver.F90:458
20 0x0000000001049c7b ESMCI::FTable::callVFuncPtr()  /work/noaa/da/mpotts/sandbox/pgi_2019_openmpi_g_patch_8.3.1/esmf/src/Superstructure/Component/src/ESMCI_FTable.C:2167
21 0x000000000104595c ESMCI_FTableCallEntryPointVMHop()  /work/noaa/da/mpotts/sandbox/pgi_2019_openmpi_g_patch_8.3.1/esmf/src/Superstructure/Component/src/ESMCI_FTable.C:824
22 0x00000000017867cf ESMCI::VMK::enter()  /work/noaa/da/mpotts/sandbox/pgi_2019_openmpi_g_patch_8.3.1/esmf/src/Infrastructure/VM/src/ESMCI_VMKernel.C:2318
==== backtrace (tid: 314473) ====
 0 0x00000000011cbf74 ESMCI::LogErr::MsgFoundError()  /work/noaa/da/mpotts/sandbox/pgi_2019_openmpi_g_patch_8.3.1/esmf/src/Infrastructure/LogErr/src/ESMCI_LogErr.C:586
 1 0x00000000013b32f1 ESMCI::MeshCap::meshcreatenodedistgrid()  /work/noaa/da/mpotts/sandbox/pgi_2019_openmpi_g_patch_8.3.1/esmf/src/Infrastructure/Mesh/src/ESMCI_MeshCap.C:1754
 2 0x00000000013f9717 c_esmc_meshcreatenodedistgrid_()  /work/noaa/da/mpotts/sandbox/pgi_2019_openmpi_g_patch_8.3.1/esmf/src/Infrastructure/Mesh/interface/ESMCI_Mesh_F.C:247
 3 0x00000000020cf378 esmf_meshmod_esmf_meshcreatefrompointer_()  /work/noaa/da/mpotts/sandbox/pgi_2019_openmpi_g_patch_8.3.1/esmf/src/Infrastructure/Mesh/interface/ESMF_Mesh.F90:3091
 4 0x0000000001efebb0 esmf_gridutilmod_esmf_gridtomesh_()  /work/noaa/da/mpotts/sandbox/pgi_2019_openmpi_g_patch_8.3.1/esmf/src/Infrastructure/GridUtil/interface/ESMF_GridUtil.F90:453
 5 0x0000000001da539b esmf_fieldregridmod_b_or_p_gridtomesh_()  /work/noaa/da/mpotts/sandbox/pgi_2019_openmpi_g_patch_8.3.1/esmf/src/Infrastructure/Field/src/ESMF_FieldRegrid.F90:3228
 6 0x0000000001da077b esmf_fieldregridmod_getmeshwithnodesonfieldloc_()  /work/noaa/da/mpotts/sandbox/pgi_2019_openmpi_g_patch_8.3.1/esmf/src/Infrastructure/Field/src/ESMF_FieldRegrid.F90:1346
 7 0x0000000001d9e0ca esmf_fieldregridmod_esmf_fieldregridstorenx_()  /work/noaa/da/mpotts/sandbox/pgi_2019_openmpi_g_patch_8.3.1/esmf/src/Infrastructure/Field/src/ESMF_FieldRegrid.F90:971
 8 0x0000000002537db9 nuopc_connector_fieldbundlecplstore_()  /work/noaa/da/mpotts/sandbox/pgi_2019_openmpi_g_patch_8.3.1/esmf/src/addon/NUOPC/src/NUOPC_Connector.F90:7919
 9 0x000000000250d440 nuopc_connector_initializeipdv05p6b_()  /work/noaa/da/mpotts/sandbox/pgi_2019_openmpi_g_patch_8.3.1/esmf/src/addon/NUOPC/src/NUOPC_Connector.F90:5386
10 0x0000000001049c7b ESMCI::FTable::callVFuncPtr()  /work/noaa/da/mpotts/sandbox/pgi_2019_openmpi_g_patch_8.3.1/esmf/src/Superstructure/Component/src/ESMCI_FTable.C:2167
11 0x000000000104595c ESMCI_FTableCallEntryPointVMHop()  /work/noaa/da/mpotts/sandbox/pgi_2019_openmpi_g_patch_8.3.1/esmf/src/Superstructure/Component/src/ESMCI_FTable.C:824
12 0x00000000017867cf ESMCI::VMK::enter()  /work/noaa/da/mpotts/sandbox/pgi_2019_openmpi_g_patch_8.3.1/esmf/src/Infrastructure/VM/src/ESMCI_VMKernel.C:2318
13 0x00000000017aae6d ESMCI::VM::enter()  /work/noaa/da/mpotts/sandbox/pgi_2019_openmpi_g_patch_8.3.1/esmf/src/Infrastructure/VM/src/ESMCI_VM.C:1216
14 0x0000000001045e21 c_esmc_ftablecallentrypointvm_()  /work/noaa/da/mpotts/sandbox/pgi_2019_openmpi_g_patch_8.3.1/esmf/src/Superstructure/Component/src/ESMCI_FTable.C:981
15 0x0000000001b03655 esmf_compmod_esmf_compexecute_()  /work/noaa/da/mpotts/sandbox/pgi_2019_openmpi_g_patch_8.3.1/esmf/src/Superstructure/Component/src/ESMF_Comp.F90:1222
16 0x0000000001b1e461 esmf_cplcompmod_esmf_cplcompinitialize_()  /work/noaa/da/mpotts/sandbox/pgi_2019_openmpi_g_patch_8.3.1/esmf/src/Superstructure/Component/src/ESMF_CplComp.F90:1160
17 0x000000000256ffdd nuopc_driver_loopconnectorcompss_()  /work/noaa/da/mpotts/sandbox/pgi_2019_openmpi_g_patch_8.3.1/esmf/src/addon/NUOPC/src/NUOPC_Driver.F90:2721
18 0x000000000256237a nuopc_driver_initializeipdv02p3_()  /work/noaa/da/mpotts/sandbox/pgi_2019_openmpi_g_patch_8.3.1/esmf/src/addon/NUOPC/src/NUOPC_Driver.F90:1943
19 0x0000000002542c89 nuopc_driver_initializep1_()  /work/noaa/da/mpotts/sandbox/pgi_2019_openmpi_g_patch_8.3.1/esmf/src/addon/NUOPC/src/NUOPC_Driver.F90:458
20 0x0000000001049c7b ESMCI::FTable::callVFuncPtr()  /work/noaa/da/mpotts/sandbox/pgi_2019_openmpi_g_patch_8.3.1/esmf/src/Superstructure/Component/src/ESMCI_FTable.C:2167
21 0x000000000104595c ESMCI_FTableCallEntryPointVMHop()  /work/noaa/da/mpotts/sandbox/pgi_2019_openmpi_g_patch_8.3.1/esmf/src/Superstructure/Component/src/ESMCI_FTable.C:824
22 0x00000000017867cf ESMCI::VMK::enter()  /work/noaa/da/mpotts/sandbox/pgi_2019_openmpi_g_patch_8.3.1/esmf/src/Infrastructure/VM/src/ESMCI_VMKernel.C:2318
23 0x00000000017aae6d ESMCI::VM::enter()  /work/noaa/da/mpotts/sandbox/pgi_2019_openmpi_g_patch_8.3.1/esmf/src/Infrastructure/VM/src/ESMCI_VM.C:1216
24 0x0000000001045e21 c_esmc_ftablecallentrypointvm_()  /work/noaa/da/mpotts/sandbox/pgi_2019_openmpi_g_patch_8.3.1/esmf/src/Superstructure/Component/src/ESMCI_FTable.C:981
25 0x0000000001b03655 esmf_compmod_esmf_compexecute_()  /work/noaa/da/mpotts/sandbox/pgi_2019_openmpi_g_patch_8.3.1/esmf/src/Superstructure/Component/src/ESMF_Comp.F90:1222
26 0x0000000001e09ec1 esmf_gridcompmod_esmf_gridcompinitialize_()  /work/noaa/da/mpotts/sandbox/pgi_2019_openmpi_g_patch_8.3.1/esmf/src/Superstructure/Component/src/ESMF_GridComp.F90:1407
27 0x00000000004071cf MAIN_()  /work/noaa/da/mpotts/sandbox/pgi_2019_openmpi_g_patch_8.3.1/nuopc-app-prototypes/AtmOcnMedProto/esmApp.F90:58
28 0x0000000000406ca3 main()  ???:0
29 0x0000000000022495 __libc_start_main()  ???:0
30 0x0000000000406ba9 _start()  ???:0
=================================
[Orion-14-11:314475] *** Process received signal ***
[Orion-14-11:314475] Signal: Segmentation fault (11)
[Orion-14-11:314475] Signal code:  (-6)
[Orion-14-11:314475] Failing at address: 0x20e50004cc6b
[Orion-14-11:314475] [ 0] /lib64/libpthread.so.0(+0xf5d0)[0x7f7e630345d0]
23 0x00000000017aae6d ESMCI::VM::enter()  /work/noaa/da/mpotts/sandbox/pgi_2019_openmpi_g_patch_8.3.1/esmf/src/Infrastructure/VM/src/ESMCI_VM.C:1216
24 0x0000000001045e21 c_esmc_ftablecallentrypointvm_()  /work/noaa/da/mpotts/sandbox/pgi_2019_openmpi_g_patch_8.3.1/esmf/src/Superstructure/Component/src/ESMCI_FTable.C:981
25 0x0000000001b03655 esmf_compmod_esmf_compexecute_()  /work/noaa/da/mpotts/sandbox/pgi_2019_openmpi_g_patch_8.3.1/esmf/src/Superstructure/Component/src/ESMF_Comp.F90:1222
26 0x0000000001e09ec1 esmf_gridcompmod_esmf_gridcompinitialize_()  /work/noaa/da/mpotts/sandbox/pgi_2019_openmpi_g_patch_8.3.1/esmf/src/Superstructure/Component/src/ESMF_GridComp.F90:1407
27 0x00000000004071cf MAIN_()  /work/noaa/da/mpotts/sandbox/pgi_2019_openmpi_g_patch_8.3.1/nuopc-app-prototypes/AtmOcnMedProto/esmApp.F90:58
28 0x0000000000406ca3 main()  ???:0
29 0x0000000000022495 __libc_start_main()  ???:0
30 0x0000000000406ba9 _start()  ???:0
=================================
[Orion-14-11:314473] *** Process received signal ***
[Orion-14-11:314473] Signal: Segmentation fault (11)
[Orion-14-11:314473] Signal code:  (-6)
[Orion-14-11:314473] Failing at address: 0x20e50004cc69
[Orion-14-11:314473] [ 0] /lib64/libpthread.so.0(+0xf5d0)[0x7f1ba23be5d0]
[Orion-14-11:314475] [ 1] /work/noaa/da/mpotts/sandbox/pgi_2019_openmpi_g_patch_8.3.1/esmf/DEFAULTINSTALLDIR/lib/libg/Linux.pgi.64.openmpi.default/libesmf.so(_ZN5ESMCI6LogErr13MsgFoundErrorEiPKciS2_S2_Pi+0x34)[0x7f7e604e5f74]
[Orion-14-11:314473] [ 1] /work/noaa/da/mpotts/sandbox/pgi_2019_openmpi_g_patch_8.3.1/esmf/DEFAULTINSTALLDIR/lib/libg/Linux.pgi.64.openmpi.default/libesmf.so(_ZN5ESMCI6LogErr13MsgFoundErrorEiPKciS2_S2_Pi+0x34)[0x7f1b9f86ff74]
[Orion-14-11:314475] [ 2] /work/noaa/da/mpotts/sandbox/pgi_2019_openmpi_g_patch_8.3.1/esmf/DEFAULTINSTALLDIR/lib/libg/Linux.pgi.64.openmpi.default/libesmf.so(_ZN5ESMCI7MeshCap22meshcreatenodedistgridEPi+0x81)[0x7f7e606cd2f1]
[Orion-14-11:314473] [ 2] /work/noaa/da/mpotts/sandbox/pgi_2019_openmpi_g_patch_8.3.1/esmf/DEFAULTINSTALLDIR/lib/libg/Linux.pgi.64.openmpi.default/libesmf.so(_ZN5ESMCI7MeshCap22meshcreatenodedistgridEPi+0x81)[0x7f1b9fa572f1]
[Orion-14-11:314475] [ 3] /work/noaa/da/mpotts/sandbox/pgi_2019_openmpi_g_patch_8.3.1/esmf/DEFAULTINSTALLDIR/lib/libg/Linux.pgi.64.openmpi.default/libesmf.so(c_esmc_meshcreatenodedistgrid_+0x177)[0x7f7e60713717]
[Orion-14-11:314473] [ 3] /work/noaa/da/mpotts/sandbox/pgi_2019_openmpi_g_patch_8.3.1/esmf/DEFAULTINSTALLDIR/lib/libg/Linux.pgi.64.openmpi.default/libesmf.so(c_esmc_meshcreatenodedistgrid_+0x177)[0x7f1b9fa9d717]
[Orion-14-11:314475] [ 4] /work/noaa/da/mpotts/sandbox/pgi_2019_openmpi_g_patch_8.3.1/esmf/DEFAULTINSTALLDIR/lib/libg/Linux.pgi.64.openmpi.default/libesmf.so(esmf_meshmod_esmf_meshcreatefrompointer_+0x78)[0x7f7e613e9378]
[Orion-14-11:314473] [ 4] /work/noaa/da/mpotts/sandbox/pgi_2019_openmpi_g_patch_8.3.1/esmf/DEFAULTINSTALLDIR/lib/libg/Linux.pgi.64.openmpi.default/libesmf.so(esmf_meshmod_esmf_meshcreatefrompointer_+0x78)[0x7f1ba0773378]
[Orion-14-11:314475] [ 5] /work/noaa/da/mpotts/sandbox/pgi_2019_openmpi_g_patch_8.3.1/esmf/DEFAULTINSTALLDIR/lib/libg/Linux.pgi.64.openmpi.default/libesmf.so(esmf_gridutilmod_esmf_gridtomesh_+0x550)[0x7f7e61218bb0]
[Orion-14-11:314473] [ 5] /work/noaa/da/mpotts/sandbox/pgi_2019_openmpi_g_patch_8.3.1/esmf/DEFAULTINSTALLDIR/lib/libg/Linux.pgi.64.openmpi.default/libesmf.so(esmf_gridutilmod_esmf_gridtomesh_+0x550)[0x7f1ba05a2bb0]
[Orion-14-11:314475] [ 6] /work/noaa/da/mpotts/sandbox/pgi_2019_openmpi_g_patch_8.3.1/esmf/DEFAULTINSTALLDIR/lib/libg/Linux.pgi.64.openmpi.default/libesmf.so(esmf_fieldregridmod_b_or_p_gridtomesh_+0x60b)[0x7f7e610bf39b]
[Orion-14-11:314473] [ 6] /work/noaa/da/mpotts/sandbox/pgi_2019_openmpi_g_patch_8.3.1/esmf/DEFAULTINSTALLDIR/lib/libg/Linux.pgi.64.openmpi.default/libesmf.so(esmf_fieldregridmod_b_or_p_gridtomesh_+0x60b)[0x7f1ba044939b]
[Orion-14-11:314475] [ 7] /work/noaa/da/mpotts/sandbox/pgi_2019_openmpi_g_patch_8.3.1/esmf/DEFAULTINSTALLDIR/lib/libg/Linux.pgi.64.openmpi.default/libesmf.so(esmf_fieldregridmod_getmeshwithnodesonfieldloc_+0x54b)[0x7f7e610ba77b]
[Orion-14-11:314473] [ 7] /work/noaa/da/mpotts/sandbox/pgi_2019_openmpi_g_patch_8.3.1/esmf/DEFAULTINSTALLDIR/lib/libg/Linux.pgi.64.openmpi.default/libesmf.so(esmf_fieldregridmod_getmeshwithnodesonfieldloc_+0x54b)[0x7f1ba044477b]
[Orion-14-11:314475] [ 8] /work/noaa/da/mpotts/sandbox/pgi_2019_openmpi_g_patch_8.3.1/esmf/DEFAULTINSTALLDIR/lib/libg/Linux.pgi.64.openmpi.default/libesmf.so(esmf_fieldregridmod_esmf_fieldregridstorenx_+0xffa)[0x7f7e610b80ca]
[Orion-14-11:314473] [ 8] /work/noaa/da/mpotts/sandbox/pgi_2019_openmpi_g_patch_8.3.1/esmf/DEFAULTINSTALLDIR/lib/libg/Linux.pgi.64.openmpi.default/libesmf.so(esmf_fieldregridmod_esmf_fieldregridstorenx_+0xffa)[0x7f1ba04420ca]
[Orion-14-11:314475] [ 9] /work/noaa/da/mpotts/sandbox/pgi_2019_openmpi_g_patch_8.3.1/esmf/DEFAULTINSTALLDIR/lib/libg/Linux.pgi.64.openmpi.default/libesmf.so(nuopc_connector_fieldbundlecplstore_+0x13419)[0x7f7e61851db9]
[Orion-14-11:314473] [ 9] /work/noaa/da/mpotts/sandbox/pgi_2019_openmpi_g_patch_8.3.1/esmf/DEFAULTINSTALLDIR/lib/libg/Linux.pgi.64.openmpi.default/libesmf.so(nuopc_connector_fieldbundlecplstore_+0x13419)[0x7f1ba0bdbdb9]
[Orion-14-11:314475] [10] /work/noaa/da/mpotts/sandbox/pgi_2019_openmpi_g_patch_8.3.1/esmf/DEFAULTINSTALLDIR/lib/libg/Linux.pgi.64.openmpi.default/libesmf.so(nuopc_connector_initializeipdv05p6b_+0x8f20)[0x7f7e61827440]
[Orion-14-11:314473] [10] /work/noaa/da/mpotts/sandbox/pgi_2019_openmpi_g_patch_8.3.1/esmf/DEFAULTINSTALLDIR/lib/libg/Linux.pgi.64.openmpi.default/libesmf.so(nuopc_connector_initializeipdv05p6b_+0x8f20)[0x7f1ba0bb1440]
[Orion-14-11:314475] [11] /work/noaa/da/mpotts/sandbox/pgi_2019_openmpi_g_patch_8.3.1/esmf/DEFAULTINSTALLDIR/lib/libg/Linux.pgi.64.openmpi.default/libesmf.so(_ZN5ESMCI6FTable12callVFuncPtrEPKcPNS_2VMEPi+0xceb)[0x7f7e60363c7b]
[Orion-14-11:314473] [11] /work/noaa/da/mpotts/sandbox/pgi_2019_openmpi_g_patch_8.3.1/esmf/DEFAULTINSTALLDIR/lib/libg/Linux.pgi.64.openmpi.default/libesmf.so(_ZN5ESMCI6FTable12callVFuncPtrEPKcPNS_2VMEPi+0xceb)[0x7f1b9f6edc7b]
[Orion-14-11:314475] [12] /work/noaa/da/mpotts/sandbox/pgi_2019_openmpi_g_patch_8.3.1/esmf/DEFAULTINSTALLDIR/lib/libg/Linux.pgi.64.openmpi.default/libesmf.so(ESMCI_FTableCallEntryPointVMHop+0x2ac)[0x7f7e6035f95c]
[Orion-14-11:314473] [12] /work/noaa/da/mpotts/sandbox/pgi_2019_openmpi_g_patch_8.3.1/esmf/DEFAULTINSTALLDIR/lib/libg/Linux.pgi.64.openmpi.default/libesmf.so(ESMCI_FTableCallEntryPointVMHop+0x2ac)[0x7f1b9f6e995c]
[Orion-14-11:314475] [13] /work/noaa/da/mpotts/sandbox/pgi_2019_openmpi_g_patch_8.3.1/esmf/DEFAULTINSTALLDIR/lib/libg/Linux.pgi.64.openmpi.default/libesmf.so(_ZN5ESMCI3VMK5enterEPNS_7VMKPlanEPvS3_+0xcf)[0x7f7e60aa07cf]
[Orion-14-11:314473] [13] /work/noaa/da/mpotts/sandbox/pgi_2019_openmpi_g_patch_8.3.1/esmf/DEFAULTINSTALLDIR/lib/libg/Linux.pgi.64.openmpi.default/libesmf.so(_ZN5ESMCI3VMK5enterEPNS_7VMKPlanEPvS3_+0xcf)[0x7f1b9fe2a7cf]
[Orion-14-11:314475] [14] /work/noaa/da/mpotts/sandbox/pgi_2019_openmpi_g_patch_8.3.1/esmf/DEFAULTINSTALLDIR/lib/libg/Linux.pgi.64.openmpi.default/libesmf.so(_ZN5ESMCI2VM5enterEPNS_6VMPlanEPvS3_+0xcd)[0x7f7e60ac4e6d]
[Orion-14-11:314473] [14] /work/noaa/da/mpotts/sandbox/pgi_2019_openmpi_g_patch_8.3.1/esmf/DEFAULTINSTALLDIR/lib/libg/Linux.pgi.64.openmpi.default/libesmf.so(_ZN5ESMCI2VM5enterEPNS_6VMPlanEPvS3_+0xcd)[0x7f1b9fe4ee6d]
[Orion-14-11:314475] [15] /work/noaa/da/mpotts/sandbox/pgi_2019_openmpi_g_patch_8.3.1/esmf/DEFAULTINSTALLDIR/lib/libg/Linux.pgi.64.openmpi.default/libesmf.so(c_esmc_ftablecallentrypointvm_+0x3a1)[0x7f7e6035fe21]
[Orion-14-11:314473] [15] /work/noaa/da/mpotts/sandbox/pgi_2019_openmpi_g_patch_8.3.1/esmf/DEFAULTINSTALLDIR/lib/libg/Linux.pgi.64.openmpi.default/libesmf.so(c_esmc_ftablecallentrypointvm_+0x3a1)[0x7f1b9f6e9e21]
[Orion-14-11:314475] [16] /work/noaa/da/mpotts/sandbox/pgi_2019_openmpi_g_patch_8.3.1/esmf/DEFAULTINSTALLDIR/lib/libg/Linux.pgi.64.openmpi.default/libesmf.so(esmf_compmod_esmf_compexecute_+0xb45)[0x7f7e60e1d655]
[Orion-14-11:314473] [16] /work/noaa/da/mpotts/sandbox/pgi_2019_openmpi_g_patch_8.3.1/esmf/DEFAULTINSTALLDIR/lib/libg/Linux.pgi.64.openmpi.default/libesmf.so(esmf_compmod_esmf_compexecute_+0xb45)[0x7f1ba01a7655]
[Orion-14-11:314475] [17] /work/noaa/da/mpotts/sandbox/pgi_2019_openmpi_g_patch_8.3.1/esmf/DEFAULTINSTALLDIR/lib/libg/Linux.pgi.64.openmpi.default/libesmf.so(esmf_cplcompmod_esmf_cplcompinitialize_+0x1f1)[0x7f7e60e38461]
[Orion-14-11:314473] [17] /work/noaa/da/mpotts/sandbox/pgi_2019_openmpi_g_patch_8.3.1/esmf/DEFAULTINSTALLDIR/lib/libg/Linux.pgi.64.openmpi.default/libesmf.so(esmf_cplcompmod_esmf_cplcompinitialize_+0x1f1)[0x7f1ba01c2461]
[Orion-14-11:314475] [18] /work/noaa/da/mpotts/sandbox/pgi_2019_openmpi_g_patch_8.3.1/esmf/DEFAULTINSTALLDIR/lib/libg/Linux.pgi.64.openmpi.default/libesmf.so(nuopc_driver_loopconnectorcompss_+0x18bd)[0x7f7e61889fdd]
[Orion-14-11:314473] [18] /work/noaa/da/mpotts/sandbox/pgi_2019_openmpi_g_patch_8.3.1/esmf/DEFAULTINSTALLDIR/lib/libg/Linux.pgi.64.openmpi.default/libesmf.so(nuopc_driver_loopconnectorcompss_+0x18bd)[0x7f1ba0c13fdd]
[Orion-14-11:314475] [19] /work/noaa/da/mpotts/sandbox/pgi_2019_openmpi_g_patch_8.3.1/esmf/DEFAULTINSTALLDIR/lib/libg/Linux.pgi.64.openmpi.default/libesmf.so(nuopc_driver_initializeipdv02p3_+0x50ba)[0x7f7e6187c37a]
[Orion-14-11:314473] [19] /work/noaa/da/mpotts/sandbox/pgi_2019_openmpi_g_patch_8.3.1/esmf/DEFAULTINSTALLDIR/lib/libg/Linux.pgi.64.openmpi.default/libesmf.so(nuopc_driver_initializeipdv02p3_+0x50ba)[0x7f1ba0c0637a]
[Orion-14-11:314475] [20] /work/noaa/da/mpotts/sandbox/pgi_2019_openmpi_g_patch_8.3.1/esmf/DEFAULTINSTALLDIR/lib/libg/Linux.pgi.64.openmpi.default/libesmf.so(nuopc_driver_initializep1_+0xf09)[0x7f7e6185cc89]
[Orion-14-11:314473] [20] /work/noaa/da/mpotts/sandbox/pgi_2019_openmpi_g_patch_8.3.1/esmf/DEFAULTINSTALLDIR/lib/libg/Linux.pgi.64.openmpi.default/libesmf.so(nuopc_driver_initializep1_+0xf09)[0x7f1ba0be6c89]
[Orion-14-11:314475] [21] /work/noaa/da/mpotts/sandbox/pgi_2019_openmpi_g_patch_8.3.1/esmf/DEFAULTINSTALLDIR/lib/libg/Linux.pgi.64.openmpi.default/libesmf.so(_ZN5ESMCI6FTable12callVFuncPtrEPKcPNS_2VMEPi+0xceb)[0x7f7e60363c7b]
[Orion-14-11:314473] [21] /work/noaa/da/mpotts/sandbox/pgi_2019_openmpi_g_patch_8.3.1/esmf/DEFAULTINSTALLDIR/lib/libg/Linux.pgi.64.openmpi.default/libesmf.so(_ZN5ESMCI6FTable12callVFuncPtrEPKcPNS_2VMEPi+0xceb)[0x7f1b9f6edc7b]
[Orion-14-11:314475] [22] /work/noaa/da/mpotts/sandbox/pgi_2019_openmpi_g_patch_8.3.1/esmf/DEFAULTINSTALLDIR/lib/libg/Linux.pgi.64.openmpi.default/libesmf.so(ESMCI_FTableCallEntryPointVMHop+0x2ac)[0x7f7e6035f95c]
[Orion-14-11:314473] [22] /work/noaa/da/mpotts/sandbox/pgi_2019_openmpi_g_patch_8.3.1/esmf/DEFAULTINSTALLDIR/lib/libg/Linux.pgi.64.openmpi.default/libesmf.so(ESMCI_FTableCallEntryPointVMHop+0x2ac)[0x7f1b9f6e995c]
[Orion-14-11:314473] [23] /work/noaa/da/mpotts/sandbox/pgi_2019_openmpi_g_patch_8.3.1/esmf/DEFAULTINSTALLDIR/lib/libg/Linux.pgi.64.openmpi.default/libesmf.so(_ZN5ESMCI3VMK5enterEPNS_7VMKPlanEPvS3_+0xcf)[0x7f1b9fe2a7cf]
[Orion-14-11:314475] [23] /work/noaa/da/mpotts/sandbox/pgi_2019_openmpi_g_patch_8.3.1/esmf/DEFAULTINSTALLDIR/lib/libg/Linux.pgi.64.openmpi.default/libesmf.so(_ZN5ESMCI3VMK5enterEPNS_7VMKPlanEPvS3_+0xcf)[0x7f7e60aa07cf]
[Orion-14-11:314473] [24] /work/noaa/da/mpotts/sandbox/pgi_2019_openmpi_g_patch_8.3.1/esmf/DEFAULTINSTALLDIR/lib/libg/Linux.pgi.64.openmpi.default/libesmf.so(_ZN5ESMCI2VM5enterEPNS_6VMPlanEPvS3_+0xcd)[0x7f1b9fe4ee6d]
[Orion-14-11:314475] [24] /work/noaa/da/mpotts/sandbox/pgi_2019_openmpi_g_patch_8.3.1/esmf/DEFAULTINSTALLDIR/lib/libg/Linux.pgi.64.openmpi.default/libesmf.so(_ZN5ESMCI2VM5enterEPNS_6VMPlanEPvS3_+0xcd)[0x7f7e60ac4e6d]
[Orion-14-11:314473] [25] /work/noaa/da/mpotts/sandbox/pgi_2019_openmpi_g_patch_8.3.1/esmf/DEFAULTINSTALLDIR/lib/libg/Linux.pgi.64.openmpi.default/libesmf.so(c_esmc_ftablecallentrypointvm_+0x3a1)[0x7f1b9f6e9e21]
[Orion-14-11:314475] [25] /work/noaa/da/mpotts/sandbox/pgi_2019_openmpi_g_patch_8.3.1/esmf/DEFAULTINSTALLDIR/lib/libg/Linux.pgi.64.openmpi.default/libesmf.so(c_esmc_ftablecallentrypointvm_+0x3a1)[0x7f7e6035fe21]
[Orion-14-11:314473] [26] /work/noaa/da/mpotts/sandbox/pgi_2019_openmpi_g_patch_8.3.1/esmf/DEFAULTINSTALLDIR/lib/libg/Linux.pgi.64.openmpi.default/libesmf.so(esmf_compmod_esmf_compexecute_+0xb45)[0x7f1ba01a7655]
[Orion-14-11:314475] [26] /work/noaa/da/mpotts/sandbox/pgi_2019_openmpi_g_patch_8.3.1/esmf/DEFAULTINSTALLDIR/lib/libg/Linux.pgi.64.openmpi.default/libesmf.so(esmf_compmod_esmf_compexecute_+0xb45)[0x7f7e60e1d655]
[Orion-14-11:314473] [27] /work/noaa/da/mpotts/sandbox/pgi_2019_openmpi_g_patch_8.3.1/esmf/DEFAULTINSTALLDIR/lib/libg/Linux.pgi.64.openmpi.default/libesmf.so(esmf_gridcompmod_esmf_gridcompinitialize_+0x1f1)[0x7f1ba04adec1]
[Orion-14-11:314473] [28] /work/noaa/da/mpotts/sandbox/pgi_2019_openmpi_g_patch_8.3.1/nuopc-app-prototypes/AtmOcnMedProto/./esmApp[0x4071cf]
[Orion-14-11:314473] [29] /work/noaa/da/mpotts/sandbox/pgi_2019_openmpi_g_patch_8.3.1/nuopc-app-prototypes/AtmOcnMedProto/./esmApp[0x406ca3]
[Orion-14-11:314473] *** End of error message ***
[Orion-14-11:314475] [27] /work/noaa/da/mpotts/sandbox/pgi_2019_openmpi_g_patch_8.3.1/esmf/DEFAULTINSTALLDIR/lib/libg/Linux.pgi.64.openmpi.default/libesmf.so(esmf_gridcompmod_esmf_gridcompinitialize_+0x1f1)[0x7f7e61123ec1]
[Orion-14-11:314475] [28] /work/noaa/da/mpotts/sandbox/pgi_2019_openmpi_g_patch_8.3.1/nuopc-app-prototypes/AtmOcnMedProto/./esmApp[0x4071cf]
[Orion-14-11:314475] [29] /work/noaa/da/mpotts/sandbox/pgi_2019_openmpi_g_patch_8.3.1/nuopc-app-prototypes/AtmOcnMedProto/./esmApp[0x406ca3]
[Orion-14-11:314475] *** End of error message ***
srun: error: Orion-14-11: tasks 0,2: Segmentation fault
srun: launch/slurm: _step_signal: Terminating StepId=6547907.16
slurmstepd: error: *** STEP 6547907.16 ON Orion-14-11 CANCELLED AT 2022-08-25T08:02:25 ***
srun: error: Orion-14-11: tasks 1,3: Terminated
srun: Force Terminated StepId=6547907.16
