2022-08-25 05:17:17
[Orion-14-11:316045:0:316045] Caught signal 11 (Segmentation fault: address not mapped to object at address 0x4f1b591)

/work/noaa/da/mpotts/sandbox/pgi_2019_openmpi_g_patch_8.3.1/esmf/src/Infrastructure/LogErr/src/ESMCI_LogErr.C: [ ESMCI::LogErr::MsgFoundError() ]
      ...
      583 {
      584     bool result=false;
      585 #ifdef ESMC_SUCCESSDEFAULT_ON
==>   586     if (rcToReturn != ESMC_NULL_POINTER) *rcToReturn=ESMF_SUCCESS;
      587 #endif
      588     if (trace) {
      589         Write(ESMC_METHOD,ESMC_LOGMSG_TRACE,

==== backtrace (tid: 316045) ====
 0 0x00000000011cbf74 ESMCI::LogErr::MsgFoundError()  /work/noaa/da/mpotts/sandbox/pgi_2019_openmpi_g_patch_8.3.1/esmf/src/Infrastructure/LogErr/src/ESMCI_LogErr.C:586
 1 0x00000000013b32f1 ESMCI::MeshCap::meshcreatenodedistgrid()  /work/noaa/da/mpotts/sandbox/pgi_2019_openmpi_g_patch_8.3.1/esmf/src/Infrastructure/Mesh/src/ESMCI_MeshCap.C:1754
 2 0x00000000013f9717 c_esmc_meshcreatenodedistgrid_()  /work/noaa/da/mpotts/sandbox/pgi_2019_openmpi_g_patch_8.3.1/esmf/src/Infrastructure/Mesh/interface/ESMCI_Mesh_F.C:247
 3 0x00000000020cf378 esmf_meshmod_esmf_meshcreatefrompointer_()  /work/noaa/da/mpotts/sandbox/pgi_2019_openmpi_g_patch_8.3.1/esmf/src/Infrastructure/Mesh/interface/ESMF_Mesh.F90:3091
 4 0x0000000001efebb0 esmf_gridutilmod_esmf_gridtomesh_()  /work/noaa/da/mpotts/sandbox/pgi_2019_openmpi_g_patch_8.3.1/esmf/src/Infrastructure/GridUtil/interface/ESMF_GridUtil.F90:453
 5 0x0000000001da539b esmf_fieldregridmod_b_or_p_gridtomesh_()  /work/noaa/da/mpotts/sandbox/pgi_2019_openmpi_g_patch_8.3.1/esmf/src/Infrastructure/Field/src/ESMF_FieldRegrid.F90:3228
 6 0x0000000001da077b esmf_fieldregridmod_getmeshwithnodesonfieldloc_()  /work/noaa/da/mpotts/sandbox/pgi_2019_openmpi_g_patch_8.3.1/esmf/src/Infrastructure/Field/src/ESMF_FieldRegrid.F90:1346
 7 0x0000000001d9e0ca esmf_fieldregridmod_esmf_fieldregridstorenx_()  /work/noaa/da/mpotts/sandbox/pgi_2019_openmpi_g_patch_8.3.1/esmf/src/Infrastructure/Field/src/ESMF_FieldRegrid.F90:971
 8 0x000000000041f500 ocn_realize_()  /work/noaa/da/mpotts/sandbox/pgi_2019_openmpi_g_patch_8.3.1/nuopc-app-prototypes/AtmOcnTransferGridProto/ocn.F90:819
 9 0x000000000155a852 ESMCI::MethodElement::execute()  /work/noaa/da/mpotts/sandbox/pgi_2019_openmpi_g_patch_8.3.1/esmf/src/Superstructure/Component/src/ESMCI_MethodTable.C:377
10 0x000000000155b821 ESMCI::MethodTable::execute()  /work/noaa/da/mpotts/sandbox/pgi_2019_openmpi_g_patch_8.3.1/esmf/src/Superstructure/Component/src/ESMCI_MethodTable.C:563
11 0x0000000001556bf3 c_esmc_methodtableexecuteef_()  /work/noaa/da/mpotts/sandbox/pgi_2019_openmpi_g_patch_8.3.1/esmf/src/Superstructure/Component/src/ESMCI_MethodTable.C:347
12 0x0000000001917b70 esmf_attachmethodsmod_esmf_methodgridcompexecute_()  /work/noaa/da/mpotts/sandbox/pgi_2019_openmpi_g_patch_8.3.1/esmf/src/Superstructure/AttachMethods/src/ESMF_AttachMethods.F90:1280
13 0x00000000025db56e nuopc_modelbase_initializeipdvxp04_()  /work/noaa/da/mpotts/sandbox/pgi_2019_openmpi_g_patch_8.3.1/esmf/src/addon/NUOPC/src/NUOPC_ModelBase.F90:981
14 0x0000000001049c7b ESMCI::FTable::callVFuncPtr()  /work/noaa/da/mpotts/sandbox/pgi_2019_openmpi_g_patch_8.3.1/esmf/src/Superstructure/Component/src/ESMCI_FTable.C:2167
15 0x000000000104595c ESMCI_FTableCallEntryPointVMHop()  /work/noaa/da/mpotts/sandbox/pgi_2019_openmpi_g_patch_8.3.1/esmf/src/Superstructure/Component/src/ESMCI_FTable.C:824
16 0x000000000179a0c5 _INTERNAL_107__work_noaa_da_mpotts_sandbox_pgi_2019_openmpi_g_patch_8_3_1_esmf_src_Infrastructure_VM_src_ESMCI_VMKernel_C_c2a589ef::ESMCI::enter_callback()  /work/noaa/da/mpotts/sandbox/pgi_2019_openmpi_g_patch_8.3.1/esmf/src/Infrastructure/VM/src/ESMCI_VMKernel.C:1122
17 0x00000000017869bf ESMCI::VMK::enter()  /work/noaa/da/mpotts/sandbox/pgi_2019_openmpi_g_patch_8.3.1/esmf/src/Infrastructure/VM/src/ESMCI_VMKernel.C:2433
18 0x00000000017aae6d ESMCI::VM::enter()  /work/noaa/da/mpotts/sandbox/pgi_2019_openmpi_g_patch_8.3.1/esmf/src/Infrastructure/VM/src/ESMCI_VM.C:1216
19 0x0000000001045e21 c_esmc_ftablecallentrypointvm_()  /work/noaa/da/mpotts/sandbox/pgi_2019_openmpi_g_patch_8.3.1/esmf/src/Superstructure/Component/src/ESMCI_FTable.C:981
20 0x0000000001b03655 esmf_compmod_esmf_compexecute_()  /work/noaa/da/mpotts/sandbox/pgi_2019_openmpi_g_patch_8.3.1/esmf/src/Superstructure/Component/src/ESMF_Comp.F90:1222
21 0x0000000001e09ec1 esmf_gridcompmod_esmf_gridcompinitialize_()  /work/noaa/da/mpotts/sandbox/pgi_2019_openmpi_g_patch_8.3.1/esmf/src/Superstructure/Component/src/ESMF_GridComp.F90:1407
22 0x000000000256d4f8 nuopc_driver_loopmodelcompss_()  /work/noaa/da/mpotts/sandbox/pgi_2019_openmpi_g_patch_8.3.1/esmf/src/addon/NUOPC/src/NUOPC_Driver.F90:2565
23 0x000000000255fa24 nuopc_driver_initializeipdv02p3_()  /work/noaa/da/mpotts/sandbox/pgi_2019_openmpi_g_patch_8.3.1/esmf/src/addon/NUOPC/src/NUOPC_Driver.F90:1832
24 0x0000000002542c89 nuopc_driver_initializep1_()  /work/noaa/da/mpotts/sandbox/pgi_2019_openmpi_g_patch_8.3.1/esmf/src/addon/NUOPC/src/NUOPC_Driver.F90:458
25 0x0000000001049c7b ESMCI::FTable::callVFuncPtr()  /work/noaa/da/mpotts/sandbox/pgi_2019_openmpi_g_patch_8.3.1/esmf/src/Superstructure/Component/src/ESMCI_FTable.C:2167
26 0x000000000104595c ESMCI_FTableCallEntryPointVMHop()  /work/noaa/da/mpotts/sandbox/pgi_2019_openmpi_g_patch_8.3.1/esmf/src/Superstructure/Component/src/ESMCI_FTable.C:824
27 0x00000000017867cf ESMCI::VMK::enter()  /work/noaa/da/mpotts/sandbox/pgi_2019_openmpi_g_patch_8.3.1/esmf/src/Infrastructure/VM/src/ESMCI_VMKernel.C:2318
28 0x00000000017aae6d ESMCI::VM::enter()  /work/noaa/da/mpotts/sandbox/pgi_2019_openmpi_g_patch_8.3.1/esmf/src/Infrastructure/VM/src/ESMCI_VM.C:1216
29 0x0000000001045e21 c_esmc_ftablecallentrypointvm_()  /work/noaa/da/mpotts/sandbox/pgi_2019_openmpi_g_patch_8.3.1/esmf/src/Superstructure/Component/src/ESMCI_FTable.C:981
30 0x0000000001b03655 esmf_compmod_esmf_compexecute_()  /work/noaa/da/mpotts/sandbox/pgi_2019_openmpi_g_patch_8.3.1/esmf/src/Superstructure/Component/src/ESMF_Comp.F90:1222
31 0x0000000001e09ec1 esmf_gridcompmod_esmf_gridcompinitialize_()  /work/noaa/da/mpotts/sandbox/pgi_2019_openmpi_g_patch_8.3.1/esmf/src/Superstructure/Component/src/ESMF_GridComp.F90:1407
32 0x0000000000408d1f MAIN_()  /work/noaa/da/mpotts/sandbox/pgi_2019_openmpi_g_patch_8.3.1/nuopc-app-prototypes/AtmOcnTransferGridProto/esmApp.F90:58
33 0x00000000004087f3 main()  ???:0
34 0x0000000000022495 __libc_start_main()  ???:0
35 0x00000000004086f9 _start()  ???:0
=================================
[Orion-14-11:316045] *** Process received signal ***
[Orion-14-11:316045] Signal: Segmentation fault (11)
[Orion-14-11:316045] Signal code:  (-6)
[Orion-14-11:316045] Failing at address: 0x20e50004d28d
[Orion-14-11:316045] [ 0] /lib64/libpthread.so.0(+0xf5d0)[0x7f11f71c55d0]
[Orion-14-11:316045] [ 1] /work/noaa/da/mpotts/sandbox/pgi_2019_openmpi_g_patch_8.3.1/esmf/DEFAULTINSTALLDIR/lib/libg/Linux.pgi.64.openmpi.default/libesmf.so(_ZN5ESMCI6LogErr13MsgFoundErrorEiPKciS2_S2_Pi+0x34)[0x7f11f4676f74]
[Orion-14-11:316045] [ 2] /work/noaa/da/mpotts/sandbox/pgi_2019_openmpi_g_patch_8.3.1/esmf/DEFAULTINSTALLDIR/lib/libg/Linux.pgi.64.openmpi.default/libesmf.so(_ZN5ESMCI7MeshCap22meshcreatenodedistgridEPi+0x81)[0x7f11f485e2f1]
[Orion-14-11:316045] [ 3] /work/noaa/da/mpotts/sandbox/pgi_2019_openmpi_g_patch_8.3.1/esmf/DEFAULTINSTALLDIR/lib/libg/Linux.pgi.64.openmpi.default/libesmf.so(c_esmc_meshcreatenodedistgrid_+0x177)[0x7f11f48a4717]
[Orion-14-11:316045] [ 4] /work/noaa/da/mpotts/sandbox/pgi_2019_openmpi_g_patch_8.3.1/esmf/DEFAULTINSTALLDIR/lib/libg/Linux.pgi.64.openmpi.default/libesmf.so(esmf_meshmod_esmf_meshcreatefrompointer_+0x78)[0x7f11f557a378]
[Orion-14-11:316045] [ 5] /work/noaa/da/mpotts/sandbox/pgi_2019_openmpi_g_patch_8.3.1/esmf/DEFAULTINSTALLDIR/lib/libg/Linux.pgi.64.openmpi.default/libesmf.so(esmf_gridutilmod_esmf_gridtomesh_+0x550)[0x7f11f53a9bb0]
[Orion-14-11:316045] [ 6] /work/noaa/da/mpotts/sandbox/pgi_2019_openmpi_g_patch_8.3.1/esmf/DEFAULTINSTALLDIR/lib/libg/Linux.pgi.64.openmpi.default/libesmf.so(esmf_fieldregridmod_b_or_p_gridtomesh_+0x60b)[0x7f11f525039b]
[Orion-14-11:316045] [ 7] /work/noaa/da/mpotts/sandbox/pgi_2019_openmpi_g_patch_8.3.1/esmf/DEFAULTINSTALLDIR/lib/libg/Linux.pgi.64.openmpi.default/libesmf.so(esmf_fieldregridmod_getmeshwithnodesonfieldloc_+0x54b)[0x7f11f524b77b]
[Orion-14-11:316045] [ 8] /work/noaa/da/mpotts/sandbox/pgi_2019_openmpi_g_patch_8.3.1/esmf/DEFAULTINSTALLDIR/lib/libg/Linux.pgi.64.openmpi.default/libesmf.so(esmf_fieldregridmod_esmf_fieldregridstorenx_+0xffa)[0x7f11f52490ca]
[Orion-14-11:316045] [ 9] /work/noaa/da/mpotts/sandbox/pgi_2019_openmpi_g_patch_8.3.1/nuopc-app-prototypes/AtmOcnTransferGridProto/./esmApp[0x41f500]
[Orion-14-11:316045] [10] /work/noaa/da/mpotts/sandbox/pgi_2019_openmpi_g_patch_8.3.1/esmf/DEFAULTINSTALLDIR/lib/libg/Linux.pgi.64.openmpi.default/libesmf.so(_ZNK5ESMCI13MethodElement7executeEPvPi+0x42)[0x7f11f4a05852]
[Orion-14-11:316045] [11] /work/noaa/da/mpotts/sandbox/pgi_2019_openmpi_g_patch_8.3.1/esmf/DEFAULTINSTALLDIR/lib/libg/Linux.pgi.64.openmpi.default/libesmf.so(_ZN5ESMCI11MethodTable7executeESsPvPiPb+0x221)[0x7f11f4a06821]
[Orion-14-11:316045] [12] /work/noaa/da/mpotts/sandbox/pgi_2019_openmpi_g_patch_8.3.1/esmf/DEFAULTINSTALLDIR/lib/libg/Linux.pgi.64.openmpi.default/libesmf.so(c_esmc_methodtableexecuteef_+0x193)[0x7f11f4a01bf3]
[Orion-14-11:316045] [13] /work/noaa/da/mpotts/sandbox/pgi_2019_openmpi_g_patch_8.3.1/esmf/DEFAULTINSTALLDIR/lib/libg/Linux.pgi.64.openmpi.default/libesmf.so(esmf_attachmethodsmod_esmf_methodgridcompexecute_+0x120)[0x7f11f4dc2b70]
[Orion-14-11:316045] [14] /work/noaa/da/mpotts/sandbox/pgi_2019_openmpi_g_patch_8.3.1/esmf/DEFAULTINSTALLDIR/lib/libg/Linux.pgi.64.openmpi.default/libesmf.so(nuopc_modelbase_initializeipdvxp04_+0x16de)[0x7f11f5a8656e]
[Orion-14-11:316045] [15] /work/noaa/da/mpotts/sandbox/pgi_2019_openmpi_g_patch_8.3.1/esmf/DEFAULTINSTALLDIR/lib/libg/Linux.pgi.64.openmpi.default/libesmf.so(_ZN5ESMCI6FTable12callVFuncPtrEPKcPNS_2VMEPi+0xceb)[0x7f11f44f4c7b]
[Orion-14-11:316045] [16] /work/noaa/da/mpotts/sandbox/pgi_2019_openmpi_g_patch_8.3.1/esmf/DEFAULTINSTALLDIR/lib/libg/Linux.pgi.64.openmpi.default/libesmf.so(ESMCI_FTableCallEntryPointVMHop+0x2ac)[0x7f11f44f095c]
[Orion-14-11:316045] [17] /work/noaa/da/mpotts/sandbox/pgi_2019_openmpi_g_patch_8.3.1/esmf/DEFAULTINSTALLDIR/lib/libg/Linux.pgi.64.openmpi.default/libesmf.so(+0x179a0c5)[0x7f11f4c450c5]
[Orion-14-11:316045] [18] /work/noaa/da/mpotts/sandbox/pgi_2019_openmpi_g_patch_8.3.1/esmf/DEFAULTINSTALLDIR/lib/libg/Linux.pgi.64.openmpi.default/libesmf.so(_ZN5ESMCI3VMK5enterEPNS_7VMKPlanEPvS3_+0x2bf)[0x7f11f4c319bf]
[Orion-14-11:316045] [19] /work/noaa/da/mpotts/sandbox/pgi_2019_openmpi_g_patch_8.3.1/esmf/DEFAULTINSTALLDIR/lib/libg/Linux.pgi.64.openmpi.default/libesmf.so(_ZN5ESMCI2VM5enterEPNS_6VMPlanEPvS3_+0xcd)[0x7f11f4c55e6d]
[Orion-14-11:316045] [20] /work/noaa/da/mpotts/sandbox/pgi_2019_openmpi_g_patch_8.3.1/esmf/DEFAULTINSTALLDIR/lib/libg/Linux.pgi.64.openmpi.default/libesmf.so(c_esmc_ftablecallentrypointvm_+0x3a1)[0x7f11f44f0e21]
[Orion-14-11:316045] [21] /work/noaa/da/mpotts/sandbox/pgi_2019_openmpi_g_patch_8.3.1/esmf/DEFAULTINSTALLDIR/lib/libg/Linux.pgi.64.openmpi.default/libesmf.so(esmf_compmod_esmf_compexecute_+0xb45)[0x7f11f4fae655]
[Orion-14-11:316045] [22] /work/noaa/da/mpotts/sandbox/pgi_2019_openmpi_g_patch_8.3.1/esmf/DEFAULTINSTALLDIR/lib/libg/Linux.pgi.64.openmpi.default/libesmf.so(esmf_gridcompmod_esmf_gridcompinitialize_+0x1f1)[0x7f11f52b4ec1]
[Orion-14-11:316045] [23] /work/noaa/da/mpotts/sandbox/pgi_2019_openmpi_g_patch_8.3.1/esmf/DEFAULTINSTALLDIR/lib/libg/Linux.pgi.64.openmpi.default/libesmf.so(nuopc_driver_loopmodelcompss_+0x1238)[0x7f11f5a184f8]
[Orion-14-11:316045] [24] /work/noaa/da/mpotts/sandbox/pgi_2019_openmpi_g_patch_8.3.1/esmf/DEFAULTINSTALLDIR/lib/libg/Linux.pgi.64.openmpi.default/libesmf.so(nuopc_driver_initializeipdv02p3_+0x2764)[0x7f11f5a0aa24]
[Orion-14-11:316045] [25] /work/noaa/da/mpotts/sandbox/pgi_2019_openmpi_g_patch_8.3.1/esmf/DEFAULTINSTALLDIR/lib/libg/Linux.pgi.64.openmpi.default/libesmf.so(nuopc_driver_initializep1_+0xf09)[0x7f11f59edc89]
[Orion-14-11:316045] [26] /work/noaa/da/mpotts/sandbox/pgi_2019_openmpi_g_patch_8.3.1/esmf/DEFAULTINSTALLDIR/lib/libg/Linux.pgi.64.openmpi.default/libesmf.so(_ZN5ESMCI6FTable12callVFuncPtrEPKcPNS_2VMEPi+0xceb)[0x7f11f44f4c7b]
[Orion-14-11:316045] [27] /work/noaa/da/mpotts/sandbox/pgi_2019_openmpi_g_patch_8.3.1/esmf/DEFAULTINSTALLDIR/lib/libg/Linux.pgi.64.openmpi.default/libesmf.so(ESMCI_FTableCallEntryPointVMHop+0x2ac)[0x7f11f44f095c]
[Orion-14-11:316045] [28] /work/noaa/da/mpotts/sandbox/pgi_2019_openmpi_g_patch_8.3.1/esmf/DEFAULTINSTALLDIR/lib/libg/Linux.pgi.64.openmpi.default/libesmf.so(_ZN5ESMCI3VMK5enterEPNS_7VMKPlanEPvS3_+0xcf)[0x7f11f4c317cf]
[Orion-14-11:316045] [29] /work/noaa/da/mpotts/sandbox/pgi_2019_openmpi_g_patch_8.3.1/esmf/DEFAULTINSTALLDIR/lib/libg/Linux.pgi.64.openmpi.default/libesmf.so(_ZN5ESMCI2VM5enterEPNS_6VMPlanEPvS3_+0xcd)[0x7f11f4c55e6d]
[Orion-14-11:316045] *** End of error message ***
srun: error: Orion-14-11: task 2: Segmentation fault
srun: launch/slurm: _step_signal: Terminating StepId=6547907.31
slurmstepd: error: *** STEP 6547907.31 ON Orion-14-11 CANCELLED AT 2022-08-25T08:07:11 ***
srun: error: Orion-14-11: tasks 0-1,3: Terminated
srun: Force Terminated StepId=6547907.31
