2022-08-25 05:17:17
[Orion-14-11:316813:0:316813] Caught signal 11 (Segmentation fault: address not mapped to object at address 0x4f1b591)
[Orion-14-11:316815:0:316815] Caught signal 11 (Segmentation fault: address not mapped to object at address 0x4f1b591)
[Orion-14-11:316816:0:316816] Caught signal 11 (Segmentation fault: address not mapped to object at address 0x4f1b591)
[Orion-14-11:316814:0:316814] Caught signal 11 (Segmentation fault: address not mapped to object at address 0x4f1b591)

/work/noaa/da/mpotts/sandbox/pgi_2019_openmpi_g_patch_8.3.1/esmf/src/Infrastructure/LogErr/src/ESMCI_LogErr.C: [ ESMCI::LogErr::MsgFoundError() ]
      ...
      583 {
      584     bool result=false;
      585 #ifdef ESMC_SUCCESSDEFAULT_ON
==>   586     if (rcToReturn != ESMC_NULL_POINTER) *rcToReturn=ESMF_SUCCESS;
      587 #endif
      588     if (trace) {
      589         Write(ESMC_METHOD,ESMC_LOGMSG_TRACE,


/work/noaa/da/mpotts/sandbox/pgi_2019_openmpi_g_patch_8.3.1/esmf/src/Infrastructure/LogErr/src/ESMCI_LogErr.C: [ ESMCI::LogErr::MsgFoundError() ]
      ...
      583 {
      584     bool result=false;
      585 #ifdef ESMC_SUCCESSDEFAULT_ON
==>   586     if (rcToReturn != ESMC_NULL_POINTER) *rcToReturn=ESMF_SUCCESS;
      587 #endif
      588     if (trace) {
      589         Write(ESMC_METHOD,ESMC_LOGMSG_TRACE,


/work/noaa/da/mpotts/sandbox/pgi_2019_openmpi_g_patch_8.3.1/esmf/src/Infrastructure/LogErr/src/ESMCI_LogErr.C: [ ESMCI::LogErr::MsgFoundError() ]
      ...

/work/noaa/da/mpotts/sandbox/pgi_2019_openmpi_g_patch_8.3.1/esmf/src/Infrastructure/LogErr/src/ESMCI_LogErr.C: [ ESMCI::LogErr::MsgFoundError() ]
      ...
      583 {
      584     bool result=false;
      585 #ifdef ESMC_SUCCESSDEFAULT_ON
==>   586     if (rcToReturn != ESMC_NULL_POINTER) *rcToReturn=ESMF_SUCCESS;
      587 #endif
      588     if (trace) {
      589         Write(ESMC_METHOD,ESMC_LOGMSG_TRACE,
      583 {
      584     bool result=false;
      585 #ifdef ESMC_SUCCESSDEFAULT_ON
==>   586     if (rcToReturn != ESMC_NULL_POINTER) *rcToReturn=ESMF_SUCCESS;
      587 #endif
      588     if (trace) {
      589         Write(ESMC_METHOD,ESMC_LOGMSG_TRACE,


==== backtrace (tid: 316815) ====
 0 0x00000000011cbf74 ESMCI::LogErr::MsgFoundError()  /work/noaa/da/mpotts/sandbox/pgi_2019_openmpi_g_patch_8.3.1/esmf/src/Infrastructure/LogErr/src/ESMCI_LogErr.C:586
 1 0x00000000013b32f1 ESMCI::MeshCap::meshcreatenodedistgrid()  /work/noaa/da/mpotts/sandbox/pgi_2019_openmpi_g_patch_8.3.1/esmf/src/Infrastructure/Mesh/src/ESMCI_MeshCap.C:1754
 2 0x00000000013f9717 c_esmc_meshcreatenodedistgrid_()  /work/noaa/da/mpotts/sandbox/pgi_2019_openmpi_g_patch_8.3.1/esmf/src/Infrastructure/Mesh/interface/ESMCI_Mesh_F.C:247
 3 0x00000000020cf378 esmf_meshmod_esmf_meshcreatefrompointer_()  /work/noaa/da/mpotts/sandbox/pgi_2019_openmpi_g_patch_8.3.1/esmf/src/Infrastructure/Mesh/interface/ESMF_Mesh.F90:3091
 4 0x0000000001efebb0 esmf_gridutilmod_esmf_gridtomesh_()  /work/noaa/da/mpotts/sandbox/pgi_2019_openmpi_g_patch_8.3.1/esmf/src/Infrastructure/GridUtil/interface/ESMF_GridUtil.F90:453
 5 0x0000000001da539b esmf_fieldregridmod_b_or_p_gridtomesh_()  /work/noaa/da/mpotts/sandbox/pgi_2019_openmpi_g_patch_8.3.1/esmf/src/Infrastructure/Field/src/ESMF_FieldRegrid.F90:3228
 6 0x0000000001da077b esmf_fieldregridmod_getmeshwithnodesonfieldloc_()  /work/noaa/da/mpotts/sandbox/pgi_2019_openmpi_g_patch_8.3.1/esmf/src/Infrastructure/Field/src/ESMF_FieldRegrid.F90:1346
 7 0x0000000001d9e0ca esmf_fieldregridmod_esmf_fieldregridstorenx_()  /work/noaa/da/mpotts/sandbox/pgi_2019_openmpi_g_patch_8.3.1/esmf/src/Infrastructure/Field/src/ESMF_FieldRegrid.F90:971
 8 0x0000000002537db9 nuopc_connector_fieldbundlecplstore_()  /work/noaa/da/mpotts/sandbox/pgi_2019_openmpi_g_patch_8.3.1/esmf/src/addon/NUOPC/src/NUOPC_Connector.F90:7919
 9 0x000000000250d440 nuopc_connector_initializeipdv05p6b_()  /work/noaa/da/mpotts/sandbox/pgi_2019_openmpi_g_patch_8.3.1/esmf/src/addon/NUOPC/src/NUOPC_Connector.F90:5386
10 0x0000000001049c7b ESMCI::FTable::callVFuncPtr()  /work/noaa/da/mpotts/sandbox/pgi_2019_openmpi_g_patch_8.3.1/esmf/src/Superstructure/Component/src/ESMCI_FTable.C:2167
11 0x000000000104595c ESMCI_FTableCallEntryPointVMHop()  /work/noaa/da/mpotts/sandbox/pgi_2019_openmpi_g_patch_8.3.1/esmf/src/Superstructure/Component/src/ESMCI_FTable.C:824
12 0x00000000017867cf ESMCI::VMK::enter()  /work/noaa/da/mpotts/sandbox/pgi_2019_openmpi_g_patch_8.3.1/esmf/src/Infrastructure/VM/src/ESMCI_VMKernel.C:2318
13 0x00000000017aae6d ESMCI::VM::enter()  /work/noaa/da/mpotts/sandbox/pgi_2019_openmpi_g_patch_8.3.1/esmf/src/Infrastructure/VM/src/ESMCI_VM.C:1216
14 0x0000000001045e21 c_esmc_ftablecallentrypointvm_()  /work/noaa/da/mpotts/sandbox/pgi_2019_openmpi_g_patch_8.3.1/esmf/src/Superstructure/Component/src/ESMCI_FTable.C:981
15 0x0000000001b03655 esmf_compmod_esmf_compexecute_()  /work/noaa/da/mpotts/sandbox/pgi_2019_openmpi_g_patch_8.3.1/esmf/src/Superstructure/Component/src/ESMF_Comp.F90:1222
16 0x0000000001b1e461 esmf_cplcompmod_esmf_cplcompinitialize_()  /work/noaa/da/mpotts/sandbox/pgi_2019_openmpi_g_patch_8.3.1/esmf/src/Superstructure/Component/src/ESMF_CplComp.F90:1160
17 0x000000000256ffdd nuopc_driver_loopconnectorcompss_()  /work/noaa/da/mpotts/sandbox/pgi_2019_openmpi_g_patch_8.3.1/esmf/src/addon/NUOPC/src/NUOPC_Driver.F90:2721
18 0x000000000256237a nuopc_driver_initializeipdv02p3_()  /work/noaa/da/mpotts/sandbox/pgi_2019_openmpi_g_patch_8.3.1/esmf/src/addon/NUOPC/src/NUOPC_Driver.F90:1943
19 0x0000000001049c7b ESMCI::FTable::callVFuncPtr()  /work/noaa/da/mpotts/sandbox/pgi_2019_openmpi_g_patch_8.3.1/esmf/src/Superstructure/Component/src/ESMCI_FTable.C:2167
20 0x000000000104595c ESMCI_FTableCallEntryPointVMHop()  /work/noaa/da/mpotts/sandbox/pgi_2019_openmpi_g_patch_8.3.1/esmf/src/Superstructure/Component/src/ESMCI_FTable.C:824
21 0x00000000017867cf ESMCI::VMK::enter()  /work/noaa/da/mpotts/sandbox/pgi_2019_openmpi_g_patch_8.3.1/esmf/src/Infrastructure/VM/src/ESMCI_VMKernel.C:2318
22 0x00000000017aae6d ESMCI::VM::enter()  /work/noaa/da/mpotts/sandbox/pgi_2019_openmpi_g_patch_8.3.1/esmf/src/Infrastructure/VM/src/ESMCI_VM.C:1216
23 0x0000000001045e21 c_esmc_ftablecallentrypointvm_()  /work/noaa/da/mpotts/sandbox/pgi_2019_openmpi_g_patch_8.3.1/esmf/src/Superstructure/Component/src/ESMCI_FTable.C:981
24 0x0000000001b03655 esmf_compmod_esmf_compexecute_()  /work/noaa/da/mpotts/sandbox/pgi_2019_openmpi_g_patch_8.3.1/esmf/src/Superstructure/Component/src/ESMF_Comp.F90:1222
25 0x0000000001e09ec1 esmf_gridcompmod_esmf_gridcompinitialize_()  /work/noaa/da/mpotts/sandbox/pgi_2019_openmpi_g_patch_8.3.1/esmf/src/Superstructure/Component/src/ESMF_GridComp.F90:1407
26 0x0000000000408844 MAIN_()  /work/noaa/da/mpotts/sandbox/pgi_2019_openmpi_g_patch_8.3.1/nuopc-app-prototypes/ExternalDriverAPIProto/externalApp.F90:192
27 0x0000000000407313 main()  ???:0
28 0x0000000000022495 __libc_start_main()  ???:0
29 0x0000000000407219 _start()  ???:0
=================================
[Orion-14-11:316815] *** Process received signal ***
==== backtrace (tid: 316813) ====
 0 0x00000000011cbf74 ESMCI::LogErr::MsgFoundError()  /work/noaa/da/mpotts/sandbox/pgi_2019_openmpi_g_patch_8.3.1/esmf/src/Infrastructure/LogErr/src/ESMCI_LogErr.C:586
 1 0x00000000013b32f1 ESMCI::MeshCap::meshcreatenodedistgrid()  /work/noaa/da/mpotts/sandbox/pgi_2019_openmpi_g_patch_8.3.1/esmf/src/Infrastructure/Mesh/src/ESMCI_MeshCap.C:1754
 2 0x00000000013f9717 c_esmc_meshcreatenodedistgrid_()  /work/noaa/da/mpotts/sandbox/pgi_2019_openmpi_g_patch_8.3.1/esmf/src/Infrastructure/Mesh/interface/ESMCI_Mesh_F.C:247
 3 0x00000000020cf378 esmf_meshmod_esmf_meshcreatefrompointer_()  /work/noaa/da/mpotts/sandbox/pgi_2019_openmpi_g_patch_8.3.1/esmf/src/Infrastructure/Mesh/interface/ESMF_Mesh.F90:3091
 4 0x0000000001efebb0 esmf_gridutilmod_esmf_gridtomesh_()  /work/noaa/da/mpotts/sandbox/pgi_2019_openmpi_g_patch_8.3.1/esmf/src/Infrastructure/GridUtil/interface/ESMF_GridUtil.F90:453
 5 0x0000000001da539b esmf_fieldregridmod_b_or_p_gridtomesh_()  /work/noaa/da/mpotts/sandbox/pgi_2019_openmpi_g_patch_8.3.1/esmf/src/Infrastructure/Field/src/ESMF_FieldRegrid.F90:3228
 6 0x0000000001da077b esmf_fieldregridmod_getmeshwithnodesonfieldloc_()  /work/noaa/da/mpotts/sandbox/pgi_2019_openmpi_g_patch_8.3.1/esmf/src/Infrastructure/Field/src/ESMF_FieldRegrid.F90:1346
 7 0x0000000001d9e0ca esmf_fieldregridmod_esmf_fieldregridstorenx_()  /work/noaa/da/mpotts/sandbox/pgi_2019_openmpi_g_patch_8.3.1/esmf/src/Infrastructure/Field/src/ESMF_FieldRegrid.F90:971
 8 0x0000000002537db9 nuopc_connector_fieldbundlecplstore_()  /work/noaa/da/mpotts/sandbox/pgi_2019_openmpi_g_patch_8.3.1/esmf/src/addon/NUOPC/src/NUOPC_Connector.F90:7919
 9 0x000000000250d440 nuopc_connector_initializeipdv05p6b_()  /work/noaa/da/mpotts/sandbox/pgi_2019_openmpi_g_patch_8.3.1/esmf/src/addon/NUOPC/src/NUOPC_Connector.F90:5386
10 0x0000000001049c7b ESMCI::FTable::callVFuncPtr()  /work/noaa/da/mpotts/sandbox/pgi_2019_openmpi_g_patch_8.3.1/esmf/src/Superstructure/Component/src/ESMCI_FTable.C:2167
11 0x000000000104595c ESMCI_FTableCallEntryPointVMHop()  /work/noaa/da/mpotts/sandbox/pgi_2019_openmpi_g_patch_8.3.1/esmf/src/Superstructure/Component/src/ESMCI_FTable.C:824
12 0x00000000017867cf ESMCI::VMK::enter()  /work/noaa/da/mpotts/sandbox/pgi_2019_openmpi_g_patch_8.3.1/esmf/src/Infrastructure/VM/src/ESMCI_VMKernel.C:2318
13 0x00000000017aae6d ESMCI::VM::enter()  /work/noaa/da/mpotts/sandbox/pgi_2019_openmpi_g_patch_8.3.1/esmf/src/Infrastructure/VM/src/ESMCI_VM.C:1216
14 0x0000000001045e21 c_esmc_ftablecallentrypointvm_()  /work/noaa/da/mpotts/sandbox/pgi_2019_openmpi_g_patch_8.3.1/esmf/src/Superstructure/Component/src/ESMCI_FTable.C:981
15 0x0000000001b03655 esmf_compmod_esmf_compexecute_()  /work/noaa/da/mpotts/sandbox/pgi_2019_openmpi_g_patch_8.3.1/esmf/src/Superstructure/Component/src/ESMF_Comp.F90:1222
16 0x0000000001b1e461 esmf_cplcompmod_esmf_cplcompinitialize_()  /work/noaa/da/mpotts/sandbox/pgi_2019_openmpi_g_patch_8.3.1/esmf/src/Superstructure/Component/src/ESMF_CplComp.F90:1160
17 0x000000000256ffdd nuopc_driver_loopconnectorcompss_()  /work/noaa/da/mpotts/sandbox/pgi_2019_openmpi_g_patch_8.3.1/esmf/src/addon/NUOPC/src/NUOPC_Driver.F90:2721
18 0x000000000256237a nuopc_driver_initializeipdv02p3_()  /work/noaa/da/mpotts/sandbox/pgi_2019_openmpi_g_patch_8.3.1/esmf/src/addon/NUOPC/src/NUOPC_Driver.F90:1943
19 0x0000000001049c7b ESMCI::FTable::callVFuncPtr()  /work/noaa/da/mpotts/sandbox/pgi_2019_openmpi_g_patch_8.3.1/esmf/src/Superstructure/Component/src/ESMCI_FTable.C:2167
20 0x000000000104595c ESMCI_FTableCallEntryPointVMHop()  /work/noaa/da/mpotts/sandbox/pgi_2019_openmpi_g_patch_8.3.1/esmf/src/Superstructure/Component/src/ESMCI_FTable.C:824
21 0x00000000017867cf ESMCI::VMK::enter()  /work/noaa/da/mpotts/sandbox/pgi_2019_openmpi_g_patch_8.3.1/esmf/src/Infrastructure/VM/src/ESMCI_VMKernel.C:2318
22 0x00000000017aae6d ESMCI::VM::enter()  /work/noaa/da/mpotts/sandbox/pgi_2019_openmpi_g_patch_8.3.1/esmf/src/Infrastructure/VM/src/ESMCI_VM.C:1216
[Orion-14-11:316815] Signal: Segmentation fault (11)
[Orion-14-11:316815] Signal code:  (-6)
[Orion-14-11:316815] Failing at address: 0x20e50004d58f
[Orion-14-11:316815] [ 0] /lib64/libpthread.so.0(+0xf5d0)[0x7f06c1f095d0]
23 0x0000000001045e21 c_esmc_ftablecallentrypointvm_()  /work/noaa/da/mpotts/sandbox/pgi_2019_openmpi_g_patch_8.3.1/esmf/src/Superstructure/Component/src/ESMCI_FTable.C:981
24 0x0000000001b03655 esmf_compmod_esmf_compexecute_()  /work/noaa/da/mpotts/sandbox/pgi_2019_openmpi_g_patch_8.3.1/esmf/src/Superstructure/Component/src/ESMF_Comp.F90:1222
25 0x0000000001e09ec1 esmf_gridcompmod_esmf_gridcompinitialize_()  /work/noaa/da/mpotts/sandbox/pgi_2019_openmpi_g_patch_8.3.1/esmf/src/Superstructure/Component/src/ESMF_GridComp.F90:1407
26 0x0000000000408844 MAIN_()  /work/noaa/da/mpotts/sandbox/pgi_2019_openmpi_g_patch_8.3.1/nuopc-app-prototypes/ExternalDriverAPIProto/externalApp.F90:192
27 0x0000000000407313 main()  ???:0
28 0x0000000000022495 __libc_start_main()  ???:0
29 0x0000000000407219 _start()  ???:0
=================================
[Orion-14-11:316813] *** Process received signal ***
[Orion-14-11:316813] Signal: Segmentation fault (11)
[Orion-14-11:316813] Signal code:  (-6)
[Orion-14-11:316813] Failing at address: 0x20e50004d58d
[Orion-14-11:316813] [ 0] /lib64/libpthread.so.0(+0xf5d0)[0x7f399abf75d0]
[Orion-14-11:316815] [ 1] /work/noaa/da/mpotts/sandbox/pgi_2019_openmpi_g_patch_8.3.1/esmf/DEFAULTINSTALLDIR/lib/libg/Linux.pgi.64.openmpi.default/libesmf.so(_ZN5ESMCI6LogErr13MsgFoundErrorEiPKciS2_S2_Pi+0x34)[0x7f06bf3baf74]
[Orion-14-11:316813] [ 1] /work/noaa/da/mpotts/sandbox/pgi_2019_openmpi_g_patch_8.3.1/esmf/DEFAULTINSTALLDIR/lib/libg/Linux.pgi.64.openmpi.default/libesmf.so(_ZN5ESMCI6LogErr13MsgFoundErrorEiPKciS2_S2_Pi+0x34)[0x7f39980a8f74]
[Orion-14-11:316815] [ 2] /work/noaa/da/mpotts/sandbox/pgi_2019_openmpi_g_patch_8.3.1/esmf/DEFAULTINSTALLDIR/lib/libg/Linux.pgi.64.openmpi.default/libesmf.so(_ZN5ESMCI7MeshCap22meshcreatenodedistgridEPi+0x81)[0x7f06bf5a22f1]
[Orion-14-11:316813] [ 2] /work/noaa/da/mpotts/sandbox/pgi_2019_openmpi_g_patch_8.3.1/esmf/DEFAULTINSTALLDIR/lib/libg/Linux.pgi.64.openmpi.default/libesmf.so(_ZN5ESMCI7MeshCap22meshcreatenodedistgridEPi+0x81)[0x7f39982902f1]
[Orion-14-11:316815] [ 3] /work/noaa/da/mpotts/sandbox/pgi_2019_openmpi_g_patch_8.3.1/esmf/DEFAULTINSTALLDIR/lib/libg/Linux.pgi.64.openmpi.default/libesmf.so(c_esmc_meshcreatenodedistgrid_+0x177)[0x7f06bf5e8717]
[Orion-14-11:316813] [ 3] /work/noaa/da/mpotts/sandbox/pgi_2019_openmpi_g_patch_8.3.1/esmf/DEFAULTINSTALLDIR/lib/libg/Linux.pgi.64.openmpi.default/libesmf.so(c_esmc_meshcreatenodedistgrid_+0x177)[0x7f39982d6717]
[Orion-14-11:316815] [ 4] /work/noaa/da/mpotts/sandbox/pgi_2019_openmpi_g_patch_8.3.1/esmf/DEFAULTINSTALLDIR/lib/libg/Linux.pgi.64.openmpi.default/libesmf.so(esmf_meshmod_esmf_meshcreatefrompointer_+0x78)[0x7f06c02be378]
[Orion-14-11:316813] [ 4] /work/noaa/da/mpotts/sandbox/pgi_2019_openmpi_g_patch_8.3.1/esmf/DEFAULTINSTALLDIR/lib/libg/Linux.pgi.64.openmpi.default/libesmf.so(esmf_meshmod_esmf_meshcreatefrompointer_+0x78)[0x7f3998fac378]
[Orion-14-11:316815] [ 5] /work/noaa/da/mpotts/sandbox/pgi_2019_openmpi_g_patch_8.3.1/esmf/DEFAULTINSTALLDIR/lib/libg/Linux.pgi.64.openmpi.default/libesmf.so(esmf_gridutilmod_esmf_gridtomesh_+0x550)[0x7f06c00edbb0]
[Orion-14-11:316813] [ 5] /work/noaa/da/mpotts/sandbox/pgi_2019_openmpi_g_patch_8.3.1/esmf/DEFAULTINSTALLDIR/lib/libg/Linux.pgi.64.openmpi.default/libesmf.so(esmf_gridutilmod_esmf_gridtomesh_+0x550)[0x7f3998ddbbb0]
[Orion-14-11:316815] [ 6] /work/noaa/da/mpotts/sandbox/pgi_2019_openmpi_g_patch_8.3.1/esmf/DEFAULTINSTALLDIR/lib/libg/Linux.pgi.64.openmpi.default/libesmf.so(esmf_fieldregridmod_b_or_p_gridtomesh_+0x60b)[0x7f06bff9439b]
[Orion-14-11:316813] [ 6] /work/noaa/da/mpotts/sandbox/pgi_2019_openmpi_g_patch_8.3.1/esmf/DEFAULTINSTALLDIR/lib/libg/Linux.pgi.64.openmpi.default/libesmf.so(esmf_fieldregridmod_b_or_p_gridtomesh_+0x60b)[0x7f3998c8239b]
[Orion-14-11:316815] [ 7] /work/noaa/da/mpotts/sandbox/pgi_2019_openmpi_g_patch_8.3.1/esmf/DEFAULTINSTALLDIR/lib/libg/Linux.pgi.64.openmpi.default/libesmf.so(esmf_fieldregridmod_getmeshwithnodesonfieldloc_+0x54b)[0x7f06bff8f77b]
[Orion-14-11:316813] [ 7] /work/noaa/da/mpotts/sandbox/pgi_2019_openmpi_g_patch_8.3.1/esmf/DEFAULTINSTALLDIR/lib/libg/Linux.pgi.64.openmpi.default/libesmf.so(esmf_fieldregridmod_getmeshwithnodesonfieldloc_+0x54b)[0x7f3998c7d77b]
[Orion-14-11:316815] [ 8] /work/noaa/da/mpotts/sandbox/pgi_2019_openmpi_g_patch_8.3.1/esmf/DEFAULTINSTALLDIR/lib/libg/Linux.pgi.64.openmpi.default/libesmf.so(esmf_fieldregridmod_esmf_fieldregridstorenx_+0xffa)[0x7f06bff8d0ca]
[Orion-14-11:316813] [ 8] /work/noaa/da/mpotts/sandbox/pgi_2019_openmpi_g_patch_8.3.1/esmf/DEFAULTINSTALLDIR/lib/libg/Linux.pgi.64.openmpi.default/libesmf.so(esmf_fieldregridmod_esmf_fieldregridstorenx_+0xffa)[0x7f3998c7b0ca]
[Orion-14-11:316813] [ 9] /work/noaa/da/mpotts/sandbox/pgi_2019_openmpi_g_patch_8.3.1/esmf/DEFAULTINSTALLDIR/lib/libg/Linux.pgi.64.openmpi.default/libesmf.so(nuopc_connector_fieldbundlecplstore_+0x13419)[0x7f3999414db9]
[Orion-14-11:316815] [ 9] /work/noaa/da/mpotts/sandbox/pgi_2019_openmpi_g_patch_8.3.1/esmf/DEFAULTINSTALLDIR/lib/libg/Linux.pgi.64.openmpi.default/libesmf.so(nuopc_connector_fieldbundlecplstore_+0x13419)[0x7f06c0726db9]
[Orion-14-11:316813] [10] /work/noaa/da/mpotts/sandbox/pgi_2019_openmpi_g_patch_8.3.1/esmf/DEFAULTINSTALLDIR/lib/libg/Linux.pgi.64.openmpi.default/libesmf.so(nuopc_connector_initializeipdv05p6b_+0x8f20)[0x7f39993ea440]
[Orion-14-11:316815] [10] /work/noaa/da/mpotts/sandbox/pgi_2019_openmpi_g_patch_8.3.1/esmf/DEFAULTINSTALLDIR/lib/libg/Linux.pgi.64.openmpi.default/libesmf.so(nuopc_connector_initializeipdv05p6b_+0x8f20)[0x7f06c06fc440]
[Orion-14-11:316813] [11] /work/noaa/da/mpotts/sandbox/pgi_2019_openmpi_g_patch_8.3.1/esmf/DEFAULTINSTALLDIR/lib/libg/Linux.pgi.64.openmpi.default/libesmf.so(_ZN5ESMCI6FTable12callVFuncPtrEPKcPNS_2VMEPi+0xceb)[0x7f3997f26c7b]
[Orion-14-11:316815] [11] /work/noaa/da/mpotts/sandbox/pgi_2019_openmpi_g_patch_8.3.1/esmf/DEFAULTINSTALLDIR/lib/libg/Linux.pgi.64.openmpi.default/libesmf.so(_ZN5ESMCI6FTable12callVFuncPtrEPKcPNS_2VMEPi+0xceb)[0x7f06bf238c7b]
[Orion-14-11:316813] [12] /work/noaa/da/mpotts/sandbox/pgi_2019_openmpi_g_patch_8.3.1/esmf/DEFAULTINSTALLDIR/lib/libg/Linux.pgi.64.openmpi.default/libesmf.so(ESMCI_FTableCallEntryPointVMHop+0x2ac)[0x7f3997f2295c]
[Orion-14-11:316815] [12] /work/noaa/da/mpotts/sandbox/pgi_2019_openmpi_g_patch_8.3.1/esmf/DEFAULTINSTALLDIR/lib/libg/Linux.pgi.64.openmpi.default/libesmf.so(ESMCI_FTableCallEntryPointVMHop+0x2ac)[0x7f06bf23495c]
[Orion-14-11:316813] [13] /work/noaa/da/mpotts/sandbox/pgi_2019_openmpi_g_patch_8.3.1/esmf/DEFAULTINSTALLDIR/lib/libg/Linux.pgi.64.openmpi.default/libesmf.so(_ZN5ESMCI3VMK5enterEPNS_7VMKPlanEPvS3_+0xcf)[0x7f39986637cf]
[Orion-14-11:316815] [13] /work/noaa/da/mpotts/sandbox/pgi_2019_openmpi_g_patch_8.3.1/esmf/DEFAULTINSTALLDIR/lib/libg/Linux.pgi.64.openmpi.default/libesmf.so(_ZN5ESMCI3VMK5enterEPNS_7VMKPlanEPvS3_+0xcf)[0x7f06bf9757cf]
[Orion-14-11:316813] [14] /work/noaa/da/mpotts/sandbox/pgi_2019_openmpi_g_patch_8.3.1/esmf/DEFAULTINSTALLDIR/lib/libg/Linux.pgi.64.openmpi.default/libesmf.so(_ZN5ESMCI2VM5enterEPNS_6VMPlanEPvS3_+0xcd)[0x7f3998687e6d]
[Orion-14-11:316815] [14] /work/noaa/da/mpotts/sandbox/pgi_2019_openmpi_g_patch_8.3.1/esmf/DEFAULTINSTALLDIR/lib/libg/Linux.pgi.64.openmpi.default/libesmf.so(_ZN5ESMCI2VM5enterEPNS_6VMPlanEPvS3_+0xcd)[0x7f06bf999e6d]
[Orion-14-11:316813] [15] /work/noaa/da/mpotts/sandbox/pgi_2019_openmpi_g_patch_8.3.1/esmf/DEFAULTINSTALLDIR/lib/libg/Linux.pgi.64.openmpi.default/libesmf.so(c_esmc_ftablecallentrypointvm_+0x3a1)[0x7f3997f22e21]
[Orion-14-11:316815] [15] /work/noaa/da/mpotts/sandbox/pgi_2019_openmpi_g_patch_8.3.1/esmf/DEFAULTINSTALLDIR/lib/libg/Linux.pgi.64.openmpi.default/libesmf.so(c_esmc_ftablecallentrypointvm_+0x3a1)[0x7f06bf234e21]
[Orion-14-11:316813] [16] /work/noaa/da/mpotts/sandbox/pgi_2019_openmpi_g_patch_8.3.1/esmf/DEFAULTINSTALLDIR/lib/libg/Linux.pgi.64.openmpi.default/libesmf.so(esmf_compmod_esmf_compexecute_+0xb45)[0x7f39989e0655]
[Orion-14-11:316815] [16] /work/noaa/da/mpotts/sandbox/pgi_2019_openmpi_g_patch_8.3.1/esmf/DEFAULTINSTALLDIR/lib/libg/Linux.pgi.64.openmpi.default/libesmf.so(esmf_compmod_esmf_compexecute_+0xb45)[0x7f06bfcf2655]
[Orion-14-11:316813] [17] /work/noaa/da/mpotts/sandbox/pgi_2019_openmpi_g_patch_8.3.1/esmf/DEFAULTINSTALLDIR/lib/libg/Linux.pgi.64.openmpi.default/libesmf.so(esmf_cplcompmod_esmf_cplcompinitialize_+0x1f1)[0x7f39989fb461]
[Orion-14-11:316815] [17] /work/noaa/da/mpotts/sandbox/pgi_2019_openmpi_g_patch_8.3.1/esmf/DEFAULTINSTALLDIR/lib/libg/Linux.pgi.64.openmpi.default/libesmf.so(esmf_cplcompmod_esmf_cplcompinitialize_+0x1f1)[0x7f06bfd0d461]
[Orion-14-11:316813] [18] /work/noaa/da/mpotts/sandbox/pgi_2019_openmpi_g_patch_8.3.1/esmf/DEFAULTINSTALLDIR/lib/libg/Linux.pgi.64.openmpi.default/libesmf.so(nuopc_driver_loopconnectorcompss_+0x18bd)[0x7f399944cfdd]
[Orion-14-11:316815] [18] /work/noaa/da/mpotts/sandbox/pgi_2019_openmpi_g_patch_8.3.1/esmf/DEFAULTINSTALLDIR/lib/libg/Linux.pgi.64.openmpi.default/libesmf.so(nuopc_driver_loopconnectorcompss_+0x18bd)[0x7f06c075efdd]
[Orion-14-11:316813] [19] /work/noaa/da/mpotts/sandbox/pgi_2019_openmpi_g_patch_8.3.1/esmf/DEFAULTINSTALLDIR/lib/libg/Linux.pgi.64.openmpi.default/libesmf.so(nuopc_driver_initializeipdv02p3_+0x50ba)[0x7f399943f37a]
[Orion-14-11:316815] [19] /work/noaa/da/mpotts/sandbox/pgi_2019_openmpi_g_patch_8.3.1/esmf/DEFAULTINSTALLDIR/lib/libg/Linux.pgi.64.openmpi.default/libesmf.so(nuopc_driver_initializeipdv02p3_+0x50ba)[0x7f06c075137a]
[Orion-14-11:316813] [20] /work/noaa/da/mpotts/sandbox/pgi_2019_openmpi_g_patch_8.3.1/esmf/DEFAULTINSTALLDIR/lib/libg/Linux.pgi.64.openmpi.default/libesmf.so(_ZN5ESMCI6FTable12callVFuncPtrEPKcPNS_2VMEPi+0xceb)[0x7f3997f26c7b]
[Orion-14-11:316815] [20] /work/noaa/da/mpotts/sandbox/pgi_2019_openmpi_g_patch_8.3.1/esmf/DEFAULTINSTALLDIR/lib/libg/Linux.pgi.64.openmpi.default/libesmf.so(_ZN5ESMCI6FTable12callVFuncPtrEPKcPNS_2VMEPi+0xceb)[0x7f06bf238c7b]
[Orion-14-11:316813] [21] /work/noaa/da/mpotts/sandbox/pgi_2019_openmpi_g_patch_8.3.1/esmf/DEFAULTINSTALLDIR/lib/libg/Linux.pgi.64.openmpi.default/libesmf.so(ESMCI_FTableCallEntryPointVMHop+0x2ac)[0x7f3997f2295c]
[Orion-14-11:316815] [21] /work/noaa/da/mpotts/sandbox/pgi_2019_openmpi_g_patch_8.3.1/esmf/DEFAULTINSTALLDIR/lib/libg/Linux.pgi.64.openmpi.default/libesmf.so(ESMCI_FTableCallEntryPointVMHop+0x2ac)[0x7f06bf23495c]
[Orion-14-11:316813] [22] /work/noaa/da/mpotts/sandbox/pgi_2019_openmpi_g_patch_8.3.1/esmf/DEFAULTINSTALLDIR/lib/libg/Linux.pgi.64.openmpi.default/libesmf.so(_ZN5ESMCI3VMK5enterEPNS_7VMKPlanEPvS3_+0xcf)[0x7f39986637cf]
[Orion-14-11:316815] [22] /work/noaa/da/mpotts/sandbox/pgi_2019_openmpi_g_patch_8.3.1/esmf/DEFAULTINSTALLDIR/lib/libg/Linux.pgi.64.openmpi.default/libesmf.so(_ZN5ESMCI3VMK5enterEPNS_7VMKPlanEPvS3_+0xcf)[0x7f06bf9757cf]
[Orion-14-11:316813] [23] /work/noaa/da/mpotts/sandbox/pgi_2019_openmpi_g_patch_8.3.1/esmf/DEFAULTINSTALLDIR/lib/libg/Linux.pgi.64.openmpi.default/libesmf.so(_ZN5ESMCI2VM5enterEPNS_6VMPlanEPvS3_+0xcd)[0x7f3998687e6d]
[Orion-14-11:316815] [23] /work/noaa/da/mpotts/sandbox/pgi_2019_openmpi_g_patch_8.3.1/esmf/DEFAULTINSTALLDIR/lib/libg/Linux.pgi.64.openmpi.default/libesmf.so(_ZN5ESMCI2VM5enterEPNS_6VMPlanEPvS3_+0xcd)[0x7f06bf999e6d]
[Orion-14-11:316813] [24] /work/noaa/da/mpotts/sandbox/pgi_2019_openmpi_g_patch_8.3.1/esmf/DEFAULTINSTALLDIR/lib/libg/Linux.pgi.64.openmpi.default/libesmf.so(c_esmc_ftablecallentrypointvm_+0x3a1)[0x7f3997f22e21]
[Orion-14-11:316815] [24] /work/noaa/da/mpotts/sandbox/pgi_2019_openmpi_g_patch_8.3.1/esmf/DEFAULTINSTALLDIR/lib/libg/Linux.pgi.64.openmpi.default/libesmf.so(c_esmc_ftablecallentrypointvm_+0x3a1)[0x7f06bf234e21]
[Orion-14-11:316813] [25] /work/noaa/da/mpotts/sandbox/pgi_2019_openmpi_g_patch_8.3.1/esmf/DEFAULTINSTALLDIR/lib/libg/Linux.pgi.64.openmpi.default/libesmf.so(esmf_compmod_esmf_compexecute_+0xb45)[0x7f39989e0655]
[Orion-14-11:316815] [25] /work/noaa/da/mpotts/sandbox/pgi_2019_openmpi_g_patch_8.3.1/esmf/DEFAULTINSTALLDIR/lib/libg/Linux.pgi.64.openmpi.default/libesmf.so(esmf_compmod_esmf_compexecute_+0xb45)[0x7f06bfcf2655]
[Orion-14-11:316813] [26] /work/noaa/da/mpotts/sandbox/pgi_2019_openmpi_g_patch_8.3.1/esmf/DEFAULTINSTALLDIR/lib/libg/Linux.pgi.64.openmpi.default/libesmf.so(esmf_gridcompmod_esmf_gridcompinitialize_+0x1f1)[0x7f3998ce6ec1]
[Orion-14-11:316813] [27] /work/noaa/da/mpotts/sandbox/pgi_2019_openmpi_g_patch_8.3.1/nuopc-app-prototypes/ExternalDriverAPIProto/./externalApp[0x408844]
[Orion-14-11:316813] [28] /work/noaa/da/mpotts/sandbox/pgi_2019_openmpi_g_patch_8.3.1/nuopc-app-prototypes/ExternalDriverAPIProto/./externalApp[0x407313]
[Orion-14-11:316815] [26] /work/noaa/da/mpotts/sandbox/pgi_2019_openmpi_g_patch_8.3.1/esmf/DEFAULTINSTALLDIR/lib/libg/Linux.pgi.64.openmpi.default/libesmf.so(esmf_gridcompmod_esmf_gridcompinitialize_+0x1f1)[0x7f06bfff8ec1]
[Orion-14-11:316815] [27] /work/noaa/da/mpotts/sandbox/pgi_2019_openmpi_g_patch_8.3.1/nuopc-app-prototypes/ExternalDriverAPIProto/./externalApp[0x408844]
[Orion-14-11:316815] [28] /work/noaa/da/mpotts/sandbox/pgi_2019_openmpi_g_patch_8.3.1/nuopc-app-prototypes/ExternalDriverAPIProto/./externalApp[0x407313]
[Orion-14-11:316815] [29] /lib64/libc.so.6(__libc_start_main+0xf5)[0x7f06ba63c495]
[Orion-14-11:316815] *** End of error message ***
[Orion-14-11:316813] [29] /lib64/libc.so.6(__libc_start_main+0xf5)[0x7f399332a495]
[Orion-14-11:316813] *** End of error message ***
srun: error: Orion-14-11: tasks 0,2: Segmentation fault
srun: launch/slurm: _step_signal: Terminating StepId=6547907.39
==== backtrace (tid: 316816) ====
 0 0x00000000011cbf74 ESMCI::LogErr::MsgFoundError()  /work/noaa/da/mpotts/sandbox/pgi_2019_openmpi_g_patch_8.3.1/esmf/src/Infrastructure/LogErr/src/ESMCI_LogErr.C:586
 1 0x00000000013b32f1 ESMCI::MeshCap::meshcreatenodedistgrid()  /work/noaa/da/mpotts/sandbox/pgi_2019_openmpi_g_patch_8.3.1/esmf/src/Infrastructure/Mesh/src/ESMCI_MeshCap.C:1754
 2 0x00000000013f9717 c_esmc_meshcreatenodedistgrid_()  /work/noaa/da/mpotts/sandbox/pgi_2019_openmpi_g_patch_8.3.1/esmf/src/Infrastructure/Mesh/interface/ESMCI_Mesh_F.C:247
 3 0x00000000020cf378 esmf_meshmod_esmf_meshcreatefrompointer_()  /work/noaa/da/mpotts/sandbox/pgi_2019_openmpi_g_patch_8.3.1/esmf/src/Infrastructure/Mesh/interface/ESMF_Mesh.F90:3091
 4 0x0000000001efebb0 esmf_gridutilmod_esmf_gridtomesh_()  /work/noaa/da/mpotts/sandbox/pgi_2019_openmpi_g_patch_8.3.1/esmf/src/Infrastructure/GridUtil/interface/ESMF_GridUtil.F90:453
 5 0x0000000001da539b esmf_fieldregridmod_b_or_p_gridtomesh_()  /work/noaa/da/mpotts/sandbox/pgi_2019_openmpi_g_patch_8.3.1/esmf/src/Infrastructure/Field/src/ESMF_FieldRegrid.F90:3228
 6 0x0000000001da077b esmf_fieldregridmod_getmeshwithnodesonfieldloc_()  /work/noaa/da/mpotts/sandbox/pgi_2019_openmpi_g_patch_8.3.1/esmf/src/Infrastructure/Field/src/ESMF_FieldRegrid.F90:1346
 7 0x0000000001d9e0ca esmf_fieldregridmod_esmf_fieldregridstorenx_()  /work/noaa/da/mpotts/sandbox/pgi_2019_openmpi_g_patch_8.3.1/esmf/src/Infrastructure/Field/src/ESMF_FieldRegrid.F90:971
 8 0x0000000002537db9 nuopc_connector_fieldbundlecplstore_()  /work/noaa/da/mpotts/sandbox/pgi_2019_openmpi_g_patch_8.3.1/esmf/src/addon/NUOPC/src/NUOPC_Connector.F90:7919
 9 0x000000000250d440 nuopc_connector_initializeipdv05p6b_()  /work/noaa/da/mpotts/sandbox/pgi_2019_openmpi_g_patch_8.3.1/esmf/src/addon/NUOPC/src/NUOPC_Connector.F90:5386
10 0x0000000001049c7b ESMCI::FTable::callVFuncPtr()  /work/noaa/da/mpotts/sandbox/pgi_2019_openmpi_g_patch_8.3.1/esmf/src/Superstructure/Component/src/ESMCI_FTable.C:2167
11 0x000000000104595c ESMCI_FTableCallEntryPointVMHop()  /work/noaa/da/mpotts/sandbox/pgi_2019_openmpi_g_patch_8.3.1/esmf/src/Superstructure/Component/src/ESMCI_FTable.C:824
12 0x00000000017867cf ESMCI::VMK::enter()  /work/noaa/da/mpotts/sandbox/pgi_2019_openmpi_g_patch_8.3.1/esmf/src/Infrastructure/VM/src/ESMCI_VMKernel.C:2318
13 0x00000000017aae6d ESMCI::VM::enter()  /work/noaa/da/mpotts/sandbox/pgi_2019_openmpi_g_patch_8.3.1/esmf/src/Infrastructure/VM/src/ESMCI_VM.C:1216
14 0x0000000001045e21 c_esmc_ftablecallentrypointvm_()  /work/noaa/da/mpotts/sandbox/pgi_2019_openmpi_g_patch_8.3.1/esmf/src/Superstructure/Component/src/ESMCI_FTable.C:981
15 0x0000000001b03655 esmf_compmod_esmf_compexecute_()  /work/noaa/da/mpotts/sandbox/pgi_2019_openmpi_g_patch_8.3.1/esmf/src/Superstructure/Component/src/ESMF_Comp.F90:1222
16 0x0000000001b1e461 esmf_cplcompmod_esmf_cplcompinitialize_()  /work/noaa/da/mpotts/sandbox/pgi_2019_openmpi_g_patch_8.3.1/esmf/src/Superstructure/Component/src/ESMF_CplComp.F90:1160
17 0x000000000256ffdd nuopc_driver_loopconnectorcompss_()  /work/noaa/da/mpotts/sandbox/pgi_2019_openmpi_g_patch_8.3.1/esmf/src/addon/NUOPC/src/NUOPC_Driver.F90:2721
18 0x000000000256237a nuopc_driver_initializeipdv02p3_()  /work/noaa/da/mpotts/sandbox/pgi_2019_openmpi_g_patch_8.3.1/esmf/src/addon/NUOPC/src/NUOPC_Driver.F90:1943
19 0x0000000001049c7b ESMCI::FTable::callVFuncPtr()  /work/noaa/da/mpotts/sandbox/pgi_2019_openmpi_g_patch_8.3.1/esmf/src/Superstructure/Component/src/ESMCI_FTable.C:2167
20 0x000000000104595c ESMCI_FTableCallEntryPointVMHop()  /work/noaa/da/mpotts/sandbox/pgi_2019_openmpi_g_patch_8.3.1/esmf/src/Superstructure/Component/src/ESMCI_FTable.C:824
21 0x00000000017867cf ESMCI::VMK::enter()  /work/noaa/da/mpotts/sandbox/pgi_2019_openmpi_g_patch_8.3.1/esmf/src/Infrastructure/VM/src/ESMCI_VMKernel.C:2318
22 0x00000000017aae6d ESMCI::VM::enter()  /work/noaa/da/mpotts/sandbox/pgi_2019_openmpi_g_patch_8.3.1/esmf/src/Infrastructure/VM/src/ESMCI_VM.C:1216
23 0x0000000001045e21 c_esmc_ftablecallentrypointvm_()  /work/noaa/da/mpotts/sandbox/pgi_2019_openmpi_g_patch_8.3.1/esmf/src/Superstructure/Component/src/ESMCI_FTable.C:981
24 0x0000000001b03655 esmf_compmod_esmf_compexecute_()  /work/noaa/da/mpotts/sandbox/pgi_2019_openmpi_g_patch_8.3.1/esmf/src/Superstructure/Component/src/ESMF_Comp.F90:1222
25 0x0000000001e09ec1 esmf_gridcompmod_esmf_gridcompinitialize_()  /work/noaa/da/mpotts/sandbox/pgi_2019_openmpi_g_patch_8.3.1/esmf/src/Superstructure/Component/src/ESMF_GridComp.F90:1407
26 0x0000000000408844 MAIN_()  /work/noaa/da/mpotts/sandbox/pgi_2019_openmpi_g_patch_8.3.1/nuopc-app-prototypes/ExternalDriverAPIProto/externalApp.F90:192
27 0x0000000000407313 main()  ???:0
28 0x0000000000022495 __libc_start_main()  ???:0
29 0x0000000000407219 _start()  ???:0
=================================
[Orion-14-11:316816] *** Process received signal ***
[Orion-14-11:316816] Signal: Segmentation fault (11)
[Orion-14-11:316816] Signal code:  (-6)
[Orion-14-11:316816] Failing at address: 0x20e50004d590
[Orion-14-11:316816] [ 0] /lib64/libpthread.so.0(+0xf5d0)[0x7f68edbaf5d0]
==== backtrace (tid: 316814) ====
 0 0x00000000011cbf74 ESMCI::LogErr::MsgFoundError()  /work/noaa/da/mpotts/sandbox/pgi_2019_openmpi_g_patch_8.3.1/esmf/src/Infrastructure/LogErr/src/ESMCI_LogErr.C:586
 1 0x00000000013b32f1 ESMCI::MeshCap::meshcreatenodedistgrid()  /work/noaa/da/mpotts/sandbox/pgi_2019_openmpi_g_patch_8.3.1/esmf/src/Infrastructure/Mesh/src/ESMCI_MeshCap.C:1754
 2 0x00000000013f9717 c_esmc_meshcreatenodedistgrid_()  /work/noaa/da/mpotts/sandbox/pgi_2019_openmpi_g_patch_8.3.1/esmf/src/Infrastructure/Mesh/interface/ESMCI_Mesh_F.C:247
 3 0x00000000020cf378 esmf_meshmod_esmf_meshcreatefrompointer_()  /work/noaa/da/mpotts/sandbox/pgi_2019_openmpi_g_patch_8.3.1/esmf/src/Infrastructure/Mesh/interface/ESMF_Mesh.F90:3091
 4 0x0000000001efebb0 esmf_gridutilmod_esmf_gridtomesh_()  /work/noaa/da/mpotts/sandbox/pgi_2019_openmpi_g_patch_8.3.1/esmf/src/Infrastructure/GridUtil/interface/ESMF_GridUtil.F90:453
 5 0x0000000001da539b esmf_fieldregridmod_b_or_p_gridtomesh_()  /work/noaa/da/mpotts/sandbox/pgi_2019_openmpi_g_patch_8.3.1/esmf/src/Infrastructure/Field/src/ESMF_FieldRegrid.F90:3228
 6 0x0000000001da077b esmf_fieldregridmod_getmeshwithnodesonfieldloc_()  /work/noaa/da/mpotts/sandbox/pgi_2019_openmpi_g_patch_8.3.1/esmf/src/Infrastructure/Field/src/ESMF_FieldRegrid.F90:1346
 7 0x0000000001d9e0ca esmf_fieldregridmod_esmf_fieldregridstorenx_()  /work/noaa/da/mpotts/sandbox/pgi_2019_openmpi_g_patch_8.3.1/esmf/src/Infrastructure/Field/src/ESMF_FieldRegrid.F90:971
 8 0x0000000002537db9 nuopc_connector_fieldbundlecplstore_()  /work/noaa/da/mpotts/sandbox/pgi_2019_openmpi_g_patch_8.3.1/esmf/src/addon/NUOPC/src/NUOPC_Connector.F90:7919
 9 0x000000000250d440 nuopc_connector_initializeipdv05p6b_()  /work/noaa/da/mpotts/sandbox/pgi_2019_openmpi_g_patch_8.3.1/esmf/src/addon/NUOPC/src/NUOPC_Connector.F90:5386
10 0x0000000001049c7b ESMCI::FTable::callVFuncPtr()  /work/noaa/da/mpotts/sandbox/pgi_2019_openmpi_g_patch_8.3.1/esmf/src/Superstructure/Component/src/ESMCI_FTable.C:2167
11 0x000000000104595c ESMCI_FTableCallEntryPointVMHop()  /work/noaa/da/mpotts/sandbox/pgi_2019_openmpi_g_patch_8.3.1/esmf/src/Superstructure/Component/src/ESMCI_FTable.C:824
12 0x00000000017867cf ESMCI::VMK::enter()  /work/noaa/da/mpotts/sandbox/pgi_2019_openmpi_g_patch_8.3.1/esmf/src/Infrastructure/VM/src/ESMCI_VMKernel.C:2318
13 0x00000000017aae6d ESMCI::VM::enter()  /work/noaa/da/mpotts/sandbox/pgi_2019_openmpi_g_patch_8.3.1/esmf/src/Infrastructure/VM/src/ESMCI_VM.C:1216
14 0x0000000001045e21 c_esmc_ftablecallentrypointvm_()  /work/noaa/da/mpotts/sandbox/pgi_2019_openmpi_g_patch_8.3.1/esmf/src/Superstructure/Component/src/ESMCI_FTable.C:981
15 0x0000000001b03655 esmf_compmod_esmf_compexecute_()  /work/noaa/da/mpotts/sandbox/pgi_2019_openmpi_g_patch_8.3.1/esmf/src/Superstructure/Component/src/ESMF_Comp.F90:1222
16 0x0000000001b1e461 esmf_cplcompmod_esmf_cplcompinitialize_()  /work/noaa/da/mpotts/sandbox/pgi_2019_openmpi_g_patch_8.3.1/esmf/src/Superstructure/Component/src/ESMF_CplComp.F90:1160
17 0x000000000256ffdd nuopc_driver_loopconnectorcompss_()  /work/noaa/da/mpotts/sandbox/pgi_2019_openmpi_g_patch_8.3.1/esmf/src/addon/NUOPC/src/NUOPC_Driver.F90:2721
18 0x000000000256237a nuopc_driver_initializeipdv02p3_()  /work/noaa/da/mpotts/sandbox/pgi_2019_openmpi_g_patch_8.3.1/esmf/src/addon/NUOPC/src/NUOPC_Driver.F90:1943
19 0x0000000001049c7b ESMCI::FTable::callVFuncPtr()  /work/noaa/da/mpotts/sandbox/pgi_2019_openmpi_g_patch_8.3.1/esmf/src/Superstructure/Component/src/ESMCI_FTable.C:2167
20 0x000000000104595c ESMCI_FTableCallEntryPointVMHop()  /work/noaa/da/mpotts/sandbox/pgi_2019_openmpi_g_patch_8.3.1/esmf/src/Superstructure/Component/src/ESMCI_FTable.C:824
21 0x00000000017867cf ESMCI::VMK::enter()  /work/noaa/da/mpotts/sandbox/pgi_2019_openmpi_g_patch_8.3.1/esmf/src/Infrastructure/VM/src/ESMCI_VMKernel.C:2318
22 0x00000000017aae6d ESMCI::VM::enter()  /work/noaa/da/mpotts/sandbox/pgi_2019_openmpi_g_patch_8.3.1/esmf/src/Infrastructure/VM/src/ESMCI_VM.C:1216
23 0x0000000001045e21 c_esmc_ftablecallentrypointvm_()  /work/noaa/da/mpotts/sandbox/pgi_2019_openmpi_g_patch_8.3.1/esmf/src/Superstructure/Component/src/ESMCI_FTable.C:981
24 0x0000000001b03655 esmf_compmod_esmf_compexecute_()  /work/noaa/da/mpotts/sandbox/pgi_2019_openmpi_g_patch_8.3.1/esmf/src/Superstructure/Component/src/ESMF_Comp.F90:1222
25 0x0000000001e09ec1 esmf_gridcompmod_esmf_gridcompinitialize_()  /work/noaa/da/mpotts/sandbox/pgi_2019_openmpi_g_patch_8.3.1/esmf/src/Superstructure/Component/src/ESMF_GridComp.F90:1407
26 0x0000000000408844 MAIN_()  /work/noaa/da/mpotts/sandbox/pgi_2019_openmpi_g_patch_8.3.1/nuopc-app-prototypes/ExternalDriverAPIProto/externalApp.F90:192
27 0x0000000000407313 main()  ???:0
28 0x0000000000022495 __libc_start_main()  ???:0
29 0x0000000000407219 _start()  ???:0
=================================
[Orion-14-11:316814] *** Process received signal ***
[Orion-14-11:316814] Signal: Segmentation fault (11)
[Orion-14-11:316814] Signal code:  (-6)
[Orion-14-11:316814] Failing at address: 0x20e50004d58e
[Orion-14-11:316814] [ 0] /lib64/libpthread.so.0(+0xf5d0)[0x7fd6df6e15d0]
[Orion-14-11:316816] [ 1] /work/noaa/da/mpotts/sandbox/pgi_2019_openmpi_g_patch_8.3.1/esmf/DEFAULTINSTALLDIR/lib/libg/Linux.pgi.64.openmpi.default/libesmf.so(_ZN5ESMCI6LogErr13MsgFoundErrorEiPKciS2_S2_Pi+0x34)[0x7f68eb060f74]
[Orion-14-11:316814] [ 1] /work/noaa/da/mpotts/sandbox/pgi_2019_openmpi_g_patch_8.3.1/esmf/DEFAULTINSTALLDIR/lib/libg/Linux.pgi.64.openmpi.default/libesmf.so(_ZN5ESMCI6LogErr13MsgFoundErrorEiPKciS2_S2_Pi+0x34)[0x7fd6dcb92f74]
[Orion-14-11:316816] [ 2] /work/noaa/da/mpotts/sandbox/pgi_2019_openmpi_g_patch_8.3.1/esmf/DEFAULTINSTALLDIR/lib/libg/Linux.pgi.64.openmpi.default/libesmf.so(_ZN5ESMCI7MeshCap22meshcreatenodedistgridEPi+0x81)[0x7f68eb2482f1]
[Orion-14-11:316814] [ 2] /work/noaa/da/mpotts/sandbox/pgi_2019_openmpi_g_patch_8.3.1/esmf/DEFAULTINSTALLDIR/lib/libg/Linux.pgi.64.openmpi.default/libesmf.so(_ZN5ESMCI7MeshCap22meshcreatenodedistgridEPi+0x81)[0x7fd6dcd7a2f1]
[Orion-14-11:316816] [ 3] /work/noaa/da/mpotts/sandbox/pgi_2019_openmpi_g_patch_8.3.1/esmf/DEFAULTINSTALLDIR/lib/libg/Linux.pgi.64.openmpi.default/libesmf.so(c_esmc_meshcreatenodedistgrid_+0x177)[0x7f68eb28e717]
[Orion-14-11:316816] [ 4] /work/noaa/da/mpotts/sandbox/pgi_2019_openmpi_g_patch_8.3.1/esmf/DEFAULTINSTALLDIR/lib/libg/Linux.pgi.64.openmpi.default/libesmf.so(esmf_meshmod_esmf_meshcreatefrompointer_+0x78)[0x7f68ebf64378]
[Orion-14-11:316814] [ 3] /work/noaa/da/mpotts/sandbox/pgi_2019_openmpi_g_patch_8.3.1/esmf/DEFAULTINSTALLDIR/lib/libg/Linux.pgi.64.openmpi.default/libesmf.so(c_esmc_meshcreatenodedistgrid_+0x177)[0x7fd6dcdc0717]
[Orion-14-11:316816] [ 5] /work/noaa/da/mpotts/sandbox/pgi_2019_openmpi_g_patch_8.3.1/esmf/DEFAULTINSTALLDIR/lib/libg/Linux.pgi.64.openmpi.default/libesmf.so(esmf_gridutilmod_esmf_gridtomesh_+0x550)[0x7f68ebd93bb0]
[Orion-14-11:316814] [ 4] /work/noaa/da/mpotts/sandbox/pgi_2019_openmpi_g_patch_8.3.1/esmf/DEFAULTINSTALLDIR/lib/libg/Linux.pgi.64.openmpi.default/libesmf.so(esmf_meshmod_esmf_meshcreatefrompointer_+0x78)[0x7fd6dda96378]
[Orion-14-11:316814] [ 5] /work/noaa/da/mpotts/sandbox/pgi_2019_openmpi_g_patch_8.3.1/esmf/DEFAULTINSTALLDIR/lib/libg/Linux.pgi.64.openmpi.default/libesmf.so(esmf_gridutilmod_esmf_gridtomesh_+0x550)[0x7fd6dd8c5bb0]
[Orion-14-11:316816] [ 6] /work/noaa/da/mpotts/sandbox/pgi_2019_openmpi_g_patch_8.3.1/esmf/DEFAULTINSTALLDIR/lib/libg/Linux.pgi.64.openmpi.default/libesmf.so(esmf_fieldregridmod_b_or_p_gridtomesh_+0x60b)[0x7f68ebc3a39b]
[Orion-14-11:316814] [ 6] /work/noaa/da/mpotts/sandbox/pgi_2019_openmpi_g_patch_8.3.1/esmf/DEFAULTINSTALLDIR/lib/libg/Linux.pgi.64.openmpi.default/libesmf.so(esmf_fieldregridmod_b_or_p_gridtomesh_+0x60b)[0x7fd6dd76c39b]
[Orion-14-11:316816] [ 7] /work/noaa/da/mpotts/sandbox/pgi_2019_openmpi_g_patch_8.3.1/esmf/DEFAULTINSTALLDIR/lib/libg/Linux.pgi.64.openmpi.default/libesmf.so(esmf_fieldregridmod_getmeshwithnodesonfieldloc_+0x54b)[0x7f68ebc3577b]
[Orion-14-11:316816] [ 8] /work/noaa/da/mpotts/sandbox/pgi_2019_openmpi_g_patch_8.3.1/esmf/DEFAULTINSTALLDIR/lib/libg/Linux.pgi.64.openmpi.default/libesmf.so(esmf_fieldregridmod_esmf_fieldregridstorenx_+0xffa)[0x7f68ebc330ca]
[Orion-14-11:316814] [ 7] /work/noaa/da/mpotts/sandbox/pgi_2019_openmpi_g_patch_8.3.1/esmf/DEFAULTINSTALLDIR/lib/libg/Linux.pgi.64.openmpi.default/libesmf.so(esmf_fieldregridmod_getmeshwithnodesonfieldloc_+0x54b)[0x7fd6dd76777b]
[Orion-14-11:316816] [ 9] /work/noaa/da/mpotts/sandbox/pgi_2019_openmpi_g_patch_8.3.1/esmf/DEFAULTINSTALLDIR/lib/libg/Linux.pgi.64.openmpi.default/libesmf.so(nuopc_connector_fieldbundlecplstore_+0x13419)[0x7f68ec3ccdb9]
[Orion-14-11:316814] [ 8] /work/noaa/da/mpotts/sandbox/pgi_2019_openmpi_g_patch_8.3.1/esmf/DEFAULTINSTALLDIR/lib/libg/Linux.pgi.64.openmpi.default/libesmf.so(esmf_fieldregridmod_esmf_fieldregridstorenx_+0xffa)[0x7fd6dd7650ca]
[Orion-14-11:316816] [10] /work/noaa/da/mpotts/sandbox/pgi_2019_openmpi_g_patch_8.3.1/esmf/DEFAULTINSTALLDIR/lib/libg/Linux.pgi.64.openmpi.default/libesmf.so(nuopc_connector_initializeipdv05p6b_+0x8f20)[0x7f68ec3a2440]
[Orion-14-11:316814] [ 9] /work/noaa/da/mpotts/sandbox/pgi_2019_openmpi_g_patch_8.3.1/esmf/DEFAULTINSTALLDIR/lib/libg/Linux.pgi.64.openmpi.default/libesmf.so(nuopc_connector_fieldbundlecplstore_+0x13419)[0x7fd6ddefedb9]
[Orion-14-11:316814] [10] /work/noaa/da/mpotts/sandbox/pgi_2019_openmpi_g_patch_8.3.1/esmf/DEFAULTINSTALLDIR/lib/libg/Linux.pgi.64.openmpi.default/libesmf.so(nuopc_connector_initializeipdv05p6b_+0x8f20)[0x7fd6dded4440]
[Orion-14-11:316816] [11] /work/noaa/da/mpotts/sandbox/pgi_2019_openmpi_g_patch_8.3.1/esmf/DEFAULTINSTALLDIR/lib/libg/Linux.pgi.64.openmpi.default/libesmf.so(_ZN5ESMCI6FTable12callVFuncPtrEPKcPNS_2VMEPi+0xceb)[0x7f68eaedec7b]
[Orion-14-11:316814] [11] /work/noaa/da/mpotts/sandbox/pgi_2019_openmpi_g_patch_8.3.1/esmf/DEFAULTINSTALLDIR/lib/libg/Linux.pgi.64.openmpi.default/libesmf.so(_ZN5ESMCI6FTable12callVFuncPtrEPKcPNS_2VMEPi+0xceb)[0x7fd6dca10c7b]
[Orion-14-11:316816] [12] /work/noaa/da/mpotts/sandbox/pgi_2019_openmpi_g_patch_8.3.1/esmf/DEFAULTINSTALLDIR/lib/libg/Linux.pgi.64.openmpi.default/libesmf.so(ESMCI_FTableCallEntryPointVMHop+0x2ac)[0x7f68eaeda95c]
[Orion-14-11:316814] [12] /work/noaa/da/mpotts/sandbox/pgi_2019_openmpi_g_patch_8.3.1/esmf/DEFAULTINSTALLDIR/lib/libg/Linux.pgi.64.openmpi.default/libesmf.so(ESMCI_FTableCallEntryPointVMHop+0x2ac)[0x7fd6dca0c95c]
[Orion-14-11:316816] [13] /work/noaa/da/mpotts/sandbox/pgi_2019_openmpi_g_patch_8.3.1/esmf/DEFAULTINSTALLDIR/lib/libg/Linux.pgi.64.openmpi.default/libesmf.so(_ZN5ESMCI3VMK5enterEPNS_7VMKPlanEPvS3_+0xcf)[0x7f68eb61b7cf]
[Orion-14-11:316814] [13] /work/noaa/da/mpotts/sandbox/pgi_2019_openmpi_g_patch_8.3.1/esmf/DEFAULTINSTALLDIR/lib/libg/Linux.pgi.64.openmpi.default/libesmf.so(_ZN5ESMCI3VMK5enterEPNS_7VMKPlanEPvS3_+0xcf)[0x7fd6dd14d7cf]
[Orion-14-11:316816] [14] /work/noaa/da/mpotts/sandbox/pgi_2019_openmpi_g_patch_8.3.1/esmf/DEFAULTINSTALLDIR/lib/libg/Linux.pgi.64.openmpi.default/libesmf.so(_ZN5ESMCI2VM5enterEPNS_6VMPlanEPvS3_+0xcd)[0x7f68eb63fe6d]
[Orion-14-11:316814] [14] /work/noaa/da/mpotts/sandbox/pgi_2019_openmpi_g_patch_8.3.1/esmf/DEFAULTINSTALLDIR/lib/libg/Linux.pgi.64.openmpi.default/libesmf.so(_ZN5ESMCI2VM5enterEPNS_6VMPlanEPvS3_+0xcd)[0x7fd6dd171e6d]
[Orion-14-11:316816] [15] /work/noaa/da/mpotts/sandbox/pgi_2019_openmpi_g_patch_8.3.1/esmf/DEFAULTINSTALLDIR/lib/libg/Linux.pgi.64.openmpi.default/libesmf.so(c_esmc_ftablecallentrypointvm_+0x3a1)[0x7f68eaedae21]
[Orion-14-11:316814] [15] /work/noaa/da/mpotts/sandbox/pgi_2019_openmpi_g_patch_8.3.1/esmf/DEFAULTINSTALLDIR/lib/libg/Linux.pgi.64.openmpi.default/libesmf.so(c_esmc_ftablecallentrypointvm_+0x3a1)[0x7fd6dca0ce21]
[Orion-14-11:316816] [16] /work/noaa/da/mpotts/sandbox/pgi_2019_openmpi_g_patch_8.3.1/esmf/DEFAULTINSTALLDIR/lib/libg/Linux.pgi.64.openmpi.default/libesmf.so(esmf_compmod_esmf_compexecute_+0xb45)[0x7f68eb998655]
[Orion-14-11:316814] [16] /work/noaa/da/mpotts/sandbox/pgi_2019_openmpi_g_patch_8.3.1/esmf/DEFAULTINSTALLDIR/lib/libg/Linux.pgi.64.openmpi.default/libesmf.so(esmf_compmod_esmf_compexecute_+0xb45)[0x7fd6dd4ca655]
[Orion-14-11:316816] [17] /work/noaa/da/mpotts/sandbox/pgi_2019_openmpi_g_patch_8.3.1/esmf/DEFAULTINSTALLDIR/lib/libg/Linux.pgi.64.openmpi.default/libesmf.so(esmf_cplcompmod_esmf_cplcompinitialize_+0x1f1)[0x7f68eb9b3461]
[Orion-14-11:316816] [18] /work/noaa/da/mpotts/sandbox/pgi_2019_openmpi_g_patch_8.3.1/esmf/DEFAULTINSTALLDIR/lib/libg/Linux.pgi.64.openmpi.default/libesmf.so(nuopc_driver_loopconnectorcompss_+0x18bd)[0x7f68ec404fdd]
[Orion-14-11:316814] [17] /work/noaa/da/mpotts/sandbox/pgi_2019_openmpi_g_patch_8.3.1/esmf/DEFAULTINSTALLDIR/lib/libg/Linux.pgi.64.openmpi.default/libesmf.so(esmf_cplcompmod_esmf_cplcompinitialize_+0x1f1)[0x7fd6dd4e5461]
[Orion-14-11:316816] [19] /work/noaa/da/mpotts/sandbox/pgi_2019_openmpi_g_patch_8.3.1/esmf/DEFAULTINSTALLDIR/lib/libg/Linux.pgi.64.openmpi.default/libesmf.so(nuopc_driver_initializeipdv02p3_+0x50ba)[0x7f68ec3f737a]
[Orion-14-11:316814] [18] /work/noaa/da/mpotts/sandbox/pgi_2019_openmpi_g_patch_8.3.1/esmf/DEFAULTINSTALLDIR/lib/libg/Linux.pgi.64.openmpi.default/libesmf.so(nuopc_driver_loopconnectorcompss_+0x18bd)[0x7fd6ddf36fdd]
[Orion-14-11:316814] [19] /work/noaa/da/mpotts/sandbox/pgi_2019_openmpi_g_patch_8.3.1/esmf/DEFAULTINSTALLDIR/lib/libg/Linux.pgi.64.openmpi.default/libesmf.so(nuopc_driver_initializeipdv02p3_+0x50ba)[0x7fd6ddf2937a]
[Orion-14-11:316816] [20] /work/noaa/da/mpotts/sandbox/pgi_2019_openmpi_g_patch_8.3.1/esmf/DEFAULTINSTALLDIR/lib/libg/Linux.pgi.64.openmpi.default/libesmf.so(_ZN5ESMCI6FTable12callVFuncPtrEPKcPNS_2VMEPi+0xceb)[0x7f68eaedec7b]
[Orion-14-11:316814] [20] /work/noaa/da/mpotts/sandbox/pgi_2019_openmpi_g_patch_8.3.1/esmf/DEFAULTINSTALLDIR/lib/libg/Linux.pgi.64.openmpi.default/libesmf.so(_ZN5ESMCI6FTable12callVFuncPtrEPKcPNS_2VMEPi+0xceb)[0x7fd6dca10c7b]
[Orion-14-11:316816] [21] /work/noaa/da/mpotts/sandbox/pgi_2019_openmpi_g_patch_8.3.1/esmf/DEFAULTINSTALLDIR/lib/libg/Linux.pgi.64.openmpi.default/libesmf.so(ESMCI_FTableCallEntryPointVMHop+0x2ac)[0x7f68eaeda95c]
[Orion-14-11:316814] [21] /work/noaa/da/mpotts/sandbox/pgi_2019_openmpi_g_patch_8.3.1/esmf/DEFAULTINSTALLDIR/lib/libg/Linux.pgi.64.openmpi.default/libesmf.so(ESMCI_FTableCallEntryPointVMHop+0x2ac)[0x7fd6dca0c95c]
[Orion-14-11:316816] [22] /work/noaa/da/mpotts/sandbox/pgi_2019_openmpi_g_patch_8.3.1/esmf/DEFAULTINSTALLDIR/lib/libg/Linux.pgi.64.openmpi.default/libesmf.so(_ZN5ESMCI3VMK5enterEPNS_7VMKPlanEPvS3_+0xcf)[0x7f68eb61b7cf]
[Orion-14-11:316814] [22] /work/noaa/da/mpotts/sandbox/pgi_2019_openmpi_g_patch_8.3.1/esmf/DEFAULTINSTALLDIR/lib/libg/Linux.pgi.64.openmpi.default/libesmf.so(_ZN5ESMCI3VMK5enterEPNS_7VMKPlanEPvS3_+0xcf)[0x7fd6dd14d7cf]
[Orion-14-11:316816] [23] /work/noaa/da/mpotts/sandbox/pgi_2019_openmpi_g_patch_8.3.1/esmf/DEFAULTINSTALLDIR/lib/libg/Linux.pgi.64.openmpi.default/libesmf.so(_ZN5ESMCI2VM5enterEPNS_6VMPlanEPvS3_+0xcd)[0x7f68eb63fe6d]
slurmstepd: error: *** STEP 6547907.39 ON Orion-14-11 CANCELLED AT 2022-08-25T08:10:04 ***
[Orion-14-11:316816] [24] /work/noaa/da/mpotts/sandbox/pgi_2019_openmpi_g_patch_8.3.1/esmf/DEFAULTINSTALLDIR/lib/libg/Linux.pgi.64.openmpi.default/libesmf.so(c_esmc_ftablecallentrypointvm_+0x3a1)[0x7f68eaedae21]
[Orion-14-11:316814] [23] /work/noaa/da/mpotts/sandbox/pgi_2019_openmpi_g_patch_8.3.1/esmf/DEFAULTINSTALLDIR/lib/libg/Linux.pgi.64.openmpi.default/libesmf.so(_ZN5ESMCI2VM5enterEPNS_6VMPlanEPvS3_+0xcd)[0x7fd6dd171e6d]
[Orion-14-11:316814] [24] /work/noaa/da/mpotts/sandbox/pgi_2019_openmpi_g_patch_8.3.1/esmf/DEFAULTINSTALLDIR/lib/libg/Linux.pgi.64.openmpi.default/libesmf.so(c_esmc_ftablecallentrypointvm_+0x3a1)[0x7fd6dca0ce21]
[Orion-14-11:316816] [25] /work/noaa/da/mpotts/sandbox/pgi_2019_openmpi_g_patch_8.3.1/esmf/DEFAULTINSTALLDIR/lib/libg/Linux.pgi.64.openmpi.default/libesmf.so(esmf_compmod_esmf_compexecute_+0xb45)[0x7f68eb998655]
[Orion-14-11:316816] [26] /work/noaa/da/mpotts/sandbox/pgi_2019_openmpi_g_patch_8.3.1/esmf/DEFAULTINSTALLDIR/lib/libg/Linux.pgi.64.openmpi.default/libesmf.so(esmf_gridcompmod_esmf_gridcompinitialize_+0x1f1)[0x7f68ebc9eec1]
[Orion-14-11:316816] [27] /work/noaa/da/mpotts/sandbox/pgi_2019_openmpi_g_patch_8.3.1/nuopc-app-prototypes/ExternalDriverAPIProto/./externalApp[0x408844]
[Orion-14-11:316816] [28] /work/noaa/da/mpotts/sandbox/pgi_2019_openmpi_g_patch_8.3.1/nuopc-app-prototypes/ExternalDriverAPIProto/./externalApp[0x407313]
[Orion-14-11:316814] [25] /work/noaa/da/mpotts/sandbox/pgi_2019_openmpi_g_patch_8.3.1/esmf/DEFAULTINSTALLDIR/lib/libg/Linux.pgi.64.openmpi.default/libesmf.so(esmf_compmod_esmf_compexecute_+0xb45)[0x7fd6dd4ca655]
[Orion-14-11:316816] [29] /lib64/libc.so.6(__libc_start_main+0xf5)[0x7f68e62e2495]
[Orion-14-11:316816] *** End of error message ***
srun: error: Orion-14-11: task 1: Terminated
srun: error: Orion-14-11: task 3: Segmentation fault
srun: Force Terminated StepId=6547907.39
