2022-08-25 05:17:17
[Orion-14-11:317438:0:317438] Caught signal 11 (Segmentation fault: address not mapped to object at address 0x4f1b591)
[Orion-14-11:317439:0:317439] Caught signal 11 (Segmentation fault: address not mapped to object at address 0x4f1b591)
[Orion-14-11:317440:0:317440] Caught signal 11 (Segmentation fault: address not mapped to object at address 0x4f1b591)
[Orion-14-11:317441:0:317441] Caught signal 11 (Segmentation fault: address not mapped to object at address 0x4f1b591)

/work/noaa/da/mpotts/sandbox/pgi_2019_openmpi_g_patch_8.3.1/esmf/src/Infrastructure/LogErr/src/ESMCI_LogErr.C: [ ESMCI::LogErr::MsgFoundError() ]
      ...
      583 {
      584     bool result=false;
      585 #ifdef ESMC_SUCCESSDEFAULT_ON
==>   586     if (rcToReturn != ESMC_NULL_POINTER) *rcToReturn=ESMF_SUCCESS;
      587 #endif
      588     if (trace) {
      589         Write(ESMC_METHOD,ESMC_LOGMSG_TRACE,


/work/noaa/da/mpotts/sandbox/pgi_2019_openmpi_g_patch_8.3.1/esmf/src/Infrastructure/LogErr/src/ESMCI_LogErr.C: [ ESMCI::LogErr::MsgFoundError() ]
      ...
      583 {
      584     bool result=false;
      585 #ifdef ESMC_SUCCESSDEFAULT_ON
==>   586     if (rcToReturn != ESMC_NULL_POINTER) *rcToReturn=ESMF_SUCCESS;
      587 #endif
      588     if (trace) {
      589         Write(ESMC_METHOD,ESMC_LOGMSG_TRACE,

/work/noaa/da/mpotts/sandbox/pgi_2019_openmpi_g_patch_8.3.1/esmf/src/Infrastructure/LogErr/src/ESMCI_LogErr.C: [ ESMCI::LogErr::MsgFoundError() ]
      ...

      583 {
      584     bool result=false;
      585 #ifdef ESMC_SUCCESSDEFAULT_ON
==>   586     if (rcToReturn != ESMC_NULL_POINTER) *rcToReturn=ESMF_SUCCESS;
      587 #endif
      588     if (trace) {
      589         Write(ESMC_METHOD,ESMC_LOGMSG_TRACE,

/work/noaa/da/mpotts/sandbox/pgi_2019_openmpi_g_patch_8.3.1/esmf/src/Infrastructure/LogErr/src/ESMCI_LogErr.C: [ ESMCI::LogErr::MsgFoundError() ]
      ...

      583 {
      584     bool result=false;
      585 #ifdef ESMC_SUCCESSDEFAULT_ON
==>   586     if (rcToReturn != ESMC_NULL_POINTER) *rcToReturn=ESMF_SUCCESS;
      587 #endif
      588     if (trace) {
      589         Write(ESMC_METHOD,ESMC_LOGMSG_TRACE,

==== backtrace (tid: 317438) ====
 0 0x00000000011cbf74 ESMCI::LogErr::MsgFoundError()  /work/noaa/da/mpotts/sandbox/pgi_2019_openmpi_g_patch_8.3.1/esmf/src/Infrastructure/LogErr/src/ESMCI_LogErr.C:586
 1 0x00000000013b32f1 ESMCI::MeshCap::meshcreatenodedistgrid()  /work/noaa/da/mpotts/sandbox/pgi_2019_openmpi_g_patch_8.3.1/esmf/src/Infrastructure/Mesh/src/ESMCI_MeshCap.C:1754
 2 0x00000000013f9717 c_esmc_meshcreatenodedistgrid_()  /work/noaa/da/mpotts/sandbox/pgi_2019_openmpi_g_patch_8.3.1/esmf/src/Infrastructure/Mesh/interface/ESMCI_Mesh_F.C:247
 3 0x00000000020cf378 esmf_meshmod_esmf_meshcreatefrompointer_()  /work/noaa/da/mpotts/sandbox/pgi_2019_openmpi_g_patch_8.3.1/esmf/src/Infrastructure/Mesh/interface/ESMF_Mesh.F90:3091
 4 0x0000000001efebb0 esmf_gridutilmod_esmf_gridtomesh_()  /work/noaa/da/mpotts/sandbox/pgi_2019_openmpi_g_patch_8.3.1/esmf/src/Infrastructure/GridUtil/interface/ESMF_GridUtil.F90:453
 5 0x0000000001da539b esmf_fieldregridmod_b_or_p_gridtomesh_()  /work/noaa/da/mpotts/sandbox/pgi_2019_openmpi_g_patch_8.3.1/esmf/src/Infrastructure/Field/src/ESMF_FieldRegrid.F90:3228
 6 0x0000000001da077b esmf_fieldregridmod_getmeshwithnodesonfieldloc_()  /work/noaa/da/mpotts/sandbox/pgi_2019_openmpi_g_patch_8.3.1/esmf/src/Infrastructure/Field/src/ESMF_FieldRegrid.F90:1346
 7 0x0000000001d9e0ca esmf_fieldregridmod_esmf_fieldregridstorenx_()  /work/noaa/da/mpotts/sandbox/pgi_2019_openmpi_g_patch_8.3.1/esmf/src/Infrastructure/Field/src/ESMF_FieldRegrid.F90:971
 8 0x0000000002537db9 nuopc_connector_fieldbundlecplstore_()  /work/noaa/da/mpotts/sandbox/pgi_2019_openmpi_g_patch_8.3.1/esmf/src/addon/NUOPC/src/NUOPC_Connector.F90:7919
 9 0x000000000250d440 nuopc_connector_initializeipdv05p6b_()  /work/noaa/da/mpotts/sandbox/pgi_2019_openmpi_g_patch_8.3.1/esmf/src/addon/NUOPC/src/NUOPC_Connector.F90:5386
10 0x0000000001049c7b ESMCI::FTable::callVFuncPtr()  /work/noaa/da/mpotts/sandbox/pgi_2019_openmpi_g_patch_8.3.1/esmf/src/Superstructure/Component/src/ESMCI_FTable.C:2167
11 0x000000000104595c ESMCI_FTableCallEntryPointVMHop()  /work/noaa/da/mpotts/sandbox/pgi_2019_openmpi_g_patch_8.3.1/esmf/src/Superstructure/Component/src/ESMCI_FTable.C:824
12 0x00000000017867cf ESMCI::VMK::enter()  /work/noaa/da/mpotts/sandbox/pgi_2019_openmpi_g_patch_8.3.1/esmf/src/Infrastructure/VM/src/ESMCI_VMKernel.C:2318
13 0x00000000017aae6d ESMCI::VM::enter()  /work/noaa/da/mpotts/sandbox/pgi_2019_openmpi_g_patch_8.3.1/esmf/src/Infrastructure/VM/src/ESMCI_VM.C:1216
14 0x0000000001045e21 c_esmc_ftablecallentrypointvm_()  /work/noaa/da/mpotts/sandbox/pgi_2019_openmpi_g_patch_8.3.1/esmf/src/Superstructure/Component/src/ESMCI_FTable.C:981
15 0x0000000001b03655 esmf_compmod_esmf_compexecute_()  /work/noaa/da/mpotts/sandbox/pgi_2019_openmpi_g_patch_8.3.1/esmf/src/Superstructure/Component/src/ESMF_Comp.F90:1222
16 0x0000000001b1e461 esmf_cplcompmod_esmf_cplcompinitialize_()  /work/noaa/da/mpotts/sandbox/pgi_2019_openmpi_g_patch_8.3.1/esmf/src/Superstructure/Component/src/ESMF_CplComp.F90:1160
17 0x000000000256ffdd nuopc_driver_loopconnectorcompss_()  /work/noaa/da/mpotts/sandbox/pgi_2019_openmpi_g_patch_8.3.1/esmf/src/addon/NUOPC/src/NUOPC_Driver.F90:2721
18 0x000000000256237a nuopc_driver_initializeipdv02p3_()  /work/noaa/da/mpotts/sandbox/pgi_2019_openmpi_g_patch_8.3.1/esmf/src/addon/NUOPC/src/NUOPC_Driver.F90:1943
19 0x0000000002542c89 nuopc_driver_initializep1_()  /work/noaa/da/mpotts/sandbox/pgi_2019_openmpi_g_patch_8.3.1/esmf/src/addon/NUOPC/src/NUOPC_Driver.F90:458
20 0x0000000001049c7b ESMCI::FTable::callVFuncPtr()  /work/noaa/da/mpotts/sandbox/pgi_2019_openmpi_g_patch_8.3.1/esmf/src/Superstructure/Component/src/ESMCI_FTable.C:2167
21 0x000000000104595c ESMCI_FTableCallEntryPointVMHop()  /work/noaa/da/mpotts/sandbox/pgi_2019_openmpi_g_patch_8.3.1/esmf/src/Superstructure/Component/src/ESMCI_FTable.C:824
22 0x00000000017867cf ESMCI::VMK::enter()  /work/noaa/da/mpotts/sandbox/pgi_2019_openmpi_g_patch_8.3.1/esmf/src/Infrastructure/VM/src/ESMCI_VMKernel.C:2318
23 0x00000000017aae6d ESMCI::VM::enter()  /work/noaa/da/mpotts/sandbox/pgi_2019_openmpi_g_patch_8.3.1/esmf/src/Infrastructure/VM/src/ESMCI_VM.C:1216
24 0x0000000001045e21 c_esmc_ftablecallentrypointvm_()  /work/noaa/da/mpotts/sandbox/pgi_2019_openmpi_g_patch_8.3.1/esmf/src/Superstructure/Component/src/ESMCI_FTable.C:981
25 0x0000000001b03655 esmf_compmod_esmf_compexecute_()  /work/noaa/da/mpotts/sandbox/pgi_2019_openmpi_g_patch_8.3.1/esmf/src/Superstructure/Component/src/ESMF_Comp.F90:1222
26 0x0000000001e09ec1 esmf_gridcompmod_esmf_gridcompinitialize_()  /work/noaa/da/mpotts/sandbox/pgi_2019_openmpi_g_patch_8.3.1/esmf/src/Superstructure/Component/src/ESMF_GridComp.F90:1407
27 0x0000000000407af4 MAIN_()  /work/noaa/da/mpotts/sandbox/pgi_2019_openmpi_g_patch_8.3.1/nuopc-app-prototypes/NestingSingleProto/mainApp.F90:71
28 0x0000000000407523 main()  ???:0
29 0x0000000000022495 __libc_start_main()  ???:0
30 0x0000000000407429 _start()  ???:0
=================================
[Orion-14-11:317438] *** Process received signal ***
[Orion-14-11:317438] Signal: Segmentation fault (11)
[Orion-14-11:317438] Signal code:  (-6)
[Orion-14-11:317438] Failing at address: 0x20e50004d7fe
[Orion-14-11:317438] [ 0] /lib64/libpthread.so.0(+0xf5d0)[0x7f9280e475d0]
==== backtrace (tid: 317440) ====
 0 0x00000000011cbf74 ESMCI::LogErr::MsgFoundError()  /work/noaa/da/mpotts/sandbox/pgi_2019_openmpi_g_patch_8.3.1/esmf/src/Infrastructure/LogErr/src/ESMCI_LogErr.C:586
 1 0x00000000013b32f1 ESMCI::MeshCap::meshcreatenodedistgrid()  /work/noaa/da/mpotts/sandbox/pgi_2019_openmpi_g_patch_8.3.1/esmf/src/Infrastructure/Mesh/src/ESMCI_MeshCap.C:1754
 2 0x00000000013f9717 c_esmc_meshcreatenodedistgrid_()  /work/noaa/da/mpotts/sandbox/pgi_2019_openmpi_g_patch_8.3.1/esmf/src/Infrastructure/Mesh/interface/ESMCI_Mesh_F.C:247
 3 0x00000000020cf378 esmf_meshmod_esmf_meshcreatefrompointer_()  /work/noaa/da/mpotts/sandbox/pgi_2019_openmpi_g_patch_8.3.1/esmf/src/Infrastructure/Mesh/interface/ESMF_Mesh.F90:3091
 4 0x0000000001efebb0 esmf_gridutilmod_esmf_gridtomesh_()  /work/noaa/da/mpotts/sandbox/pgi_2019_openmpi_g_patch_8.3.1/esmf/src/Infrastructure/GridUtil/interface/ESMF_GridUtil.F90:453
 5 0x0000000001da539b esmf_fieldregridmod_b_or_p_gridtomesh_()  /work/noaa/da/mpotts/sandbox/pgi_2019_openmpi_g_patch_8.3.1/esmf/src/Infrastructure/Field/src/ESMF_FieldRegrid.F90:3228
 6 0x0000000001da077b esmf_fieldregridmod_getmeshwithnodesonfieldloc_()  /work/noaa/da/mpotts/sandbox/pgi_2019_openmpi_g_patch_8.3.1/esmf/src/Infrastructure/Field/src/ESMF_FieldRegrid.F90:1346
 7 0x0000000001d9e0ca esmf_fieldregridmod_esmf_fieldregridstorenx_()  /work/noaa/da/mpotts/sandbox/pgi_2019_openmpi_g_patch_8.3.1/esmf/src/Infrastructure/Field/src/ESMF_FieldRegrid.F90:971
 8 0x0000000002537db9 nuopc_connector_fieldbundlecplstore_()  /work/noaa/da/mpotts/sandbox/pgi_2019_openmpi_g_patch_8.3.1/esmf/src/addon/NUOPC/src/NUOPC_Connector.F90:7919
 9 0x000000000250d440 nuopc_connector_initializeipdv05p6b_()  /work/noaa/da/mpotts/sandbox/pgi_2019_openmpi_g_patch_8.3.1/esmf/src/addon/NUOPC/src/NUOPC_Connector.F90:5386
10 0x0000000001049c7b ESMCI::FTable::callVFuncPtr()  /work/noaa/da/mpotts/sandbox/pgi_2019_openmpi_g_patch_8.3.1/esmf/src/Superstructure/Component/src/ESMCI_FTable.C:2167
11 0x000000000104595c ESMCI_FTableCallEntryPointVMHop()  /work/noaa/da/mpotts/sandbox/pgi_2019_openmpi_g_patch_8.3.1/esmf/src/Superstructure/Component/src/ESMCI_FTable.C:824
12 0x00000000017867cf ESMCI::VMK::enter()  /work/noaa/da/mpotts/sandbox/pgi_2019_openmpi_g_patch_8.3.1/esmf/src/Infrastructure/VM/src/ESMCI_VMKernel.C:2318
13 0x00000000017aae6d ESMCI::VM::enter()  /work/noaa/da/mpotts/sandbox/pgi_2019_openmpi_g_patch_8.3.1/esmf/src/Infrastructure/VM/src/ESMCI_VM.C:1216
14 0x0000000001045e21 c_esmc_ftablecallentrypointvm_()  /work/noaa/da/mpotts/sandbox/pgi_2019_openmpi_g_patch_8.3.1/esmf/src/Superstructure/Component/src/ESMCI_FTable.C:981
15 0x0000000001b03655 esmf_compmod_esmf_compexecute_()  /work/noaa/da/mpotts/sandbox/pgi_2019_openmpi_g_patch_8.3.1/esmf/src/Superstructure/Component/src/ESMF_Comp.F90:1222
16 0x0000000001b1e461 esmf_cplcompmod_esmf_cplcompinitialize_()  /work/noaa/da/mpotts/sandbox/pgi_2019_openmpi_g_patch_8.3.1/esmf/src/Superstructure/Component/src/ESMF_CplComp.F90:1160
17 0x000000000256ffdd nuopc_driver_loopconnectorcompss_()  /work/noaa/da/mpotts/sandbox/pgi_2019_openmpi_g_patch_8.3.1/esmf/src/addon/NUOPC/src/NUOPC_Driver.F90:2721
18 0x000000000256237a nuopc_driver_initializeipdv02p3_()  /work/noaa/da/mpotts/sandbox/pgi_2019_openmpi_g_patch_8.3.1/esmf/src/addon/NUOPC/src/NUOPC_Driver.F90:1943
19 0x0000000002542c89 nuopc_driver_initializep1_()  /work/noaa/da/mpotts/sandbox/pgi_2019_openmpi_g_patch_8.3.1/esmf/src/addon/NUOPC/src/NUOPC_Driver.F90:458
20 0x0000000001049c7b ESMCI::FTable::callVFuncPtr()  /work/noaa/da/mpotts/sandbox/pgi_2019_openmpi_g_patch_8.3.1/esmf/src/Superstructure/Component/src/ESMCI_FTable.C:2167
21 0x000000000104595c ESMCI_FTableCallEntryPointVMHop()  /work/noaa/da/mpotts/sandbox/pgi_2019_openmpi_g_patch_8.3.1/esmf/src/Superstructure/Component/src/ESMCI_FTable.C:824
22 0x00000000017867cf ESMCI::VMK::enter()  /work/noaa/da/mpotts/sandbox/pgi_2019_openmpi_g_patch_8.3.1/esmf/src/Infrastructure/VM/src/ESMCI_VMKernel.C:2318
23 0x00000000017aae6d ESMCI::VM::enter()  /work/noaa/da/mpotts/sandbox/pgi_2019_openmpi_g_patch_8.3.1/esmf/src/Infrastructure/VM/src/ESMCI_VM.C:1216
24 0x0000000001045e21 c_esmc_ftablecallentrypointvm_()  /work/noaa/da/mpotts/sandbox/pgi_2019_openmpi_g_patch_8.3.1/esmf/src/Superstructure/Component/src/ESMCI_FTable.C:981
25 0x0000000001b03655 esmf_compmod_esmf_compexecute_()  /work/noaa/da/mpotts/sandbox/pgi_2019_openmpi_g_patch_8.3.1/esmf/src/Superstructure/Component/src/ESMF_Comp.F90:1222
26 0x0000000001e09ec1 esmf_gridcompmod_esmf_gridcompinitialize_()  /work/noaa/da/mpotts/sandbox/pgi_2019_openmpi_g_patch_8.3.1/esmf/src/Superstructure/Component/src/ESMF_GridComp.F90:1407
27 0x0000000000407af4 MAIN_()  /work/noaa/da/mpotts/sandbox/pgi_2019_openmpi_g_patch_8.3.1/nuopc-app-prototypes/NestingSingleProto/mainApp.F90:71
28 0x0000000000407523 main()  ???:0
29 0x0000000000022495 __libc_start_main()  ???:0
30 0x0000000000407429 _start()  ???:0
=================================
[Orion-14-11:317440] *** Process received signal ***
[Orion-14-11:317440] Signal: Segmentation fault (11)
[Orion-14-11:317440] Signal code:  (-6)
[Orion-14-11:317440] Failing at address: 0x20e50004d800
[Orion-14-11:317438] [ 1] /work/noaa/da/mpotts/sandbox/pgi_2019_openmpi_g_patch_8.3.1/esmf/DEFAULTINSTALLDIR/lib/libg/Linux.pgi.64.openmpi.default/libesmf.so(_ZN5ESMCI6LogErr13MsgFoundErrorEiPKciS2_S2_Pi+0x34)[0x7f927e2f8f74]
[Orion-14-11:317440] [ 0] /lib64/libpthread.so.0(+0xf5d0)[0x7f68b19175d0]
[Orion-14-11:317438] [ 2] /work/noaa/da/mpotts/sandbox/pgi_2019_openmpi_g_patch_8.3.1/esmf/DEFAULTINSTALLDIR/lib/libg/Linux.pgi.64.openmpi.default/libesmf.so(_ZN5ESMCI7MeshCap22meshcreatenodedistgridEPi+0x81)[0x7f927e4e02f1]
[Orion-14-11:317440] [ 1] /work/noaa/da/mpotts/sandbox/pgi_2019_openmpi_g_patch_8.3.1/esmf/DEFAULTINSTALLDIR/lib/libg/Linux.pgi.64.openmpi.default/libesmf.so(_ZN5ESMCI6LogErr13MsgFoundErrorEiPKciS2_S2_Pi+0x34)[0x7f68aedc8f74]
[Orion-14-11:317438] [ 3] /work/noaa/da/mpotts/sandbox/pgi_2019_openmpi_g_patch_8.3.1/esmf/DEFAULTINSTALLDIR/lib/libg/Linux.pgi.64.openmpi.default/libesmf.so(c_esmc_meshcreatenodedistgrid_+0x177)[0x7f927e526717]
[Orion-14-11:317440] [ 2] /work/noaa/da/mpotts/sandbox/pgi_2019_openmpi_g_patch_8.3.1/esmf/DEFAULTINSTALLDIR/lib/libg/Linux.pgi.64.openmpi.default/libesmf.so(_ZN5ESMCI7MeshCap22meshcreatenodedistgridEPi+0x81)[0x7f68aefb02f1]
[Orion-14-11:317438] [ 4] /work/noaa/da/mpotts/sandbox/pgi_2019_openmpi_g_patch_8.3.1/esmf/DEFAULTINSTALLDIR/lib/libg/Linux.pgi.64.openmpi.default/libesmf.so(esmf_meshmod_esmf_meshcreatefrompointer_+0x78)[0x7f927f1fc378]
[Orion-14-11:317440] [ 3] /work/noaa/da/mpotts/sandbox/pgi_2019_openmpi_g_patch_8.3.1/esmf/DEFAULTINSTALLDIR/lib/libg/Linux.pgi.64.openmpi.default/libesmf.so(c_esmc_meshcreatenodedistgrid_+0x177)[0x7f68aeff6717]
[Orion-14-11:317438] [ 5] /work/noaa/da/mpotts/sandbox/pgi_2019_openmpi_g_patch_8.3.1/esmf/DEFAULTINSTALLDIR/lib/libg/Linux.pgi.64.openmpi.default/libesmf.so(esmf_gridutilmod_esmf_gridtomesh_+0x550)[0x7f927f02bbb0]
[Orion-14-11:317440] [ 4] /work/noaa/da/mpotts/sandbox/pgi_2019_openmpi_g_patch_8.3.1/esmf/DEFAULTINSTALLDIR/lib/libg/Linux.pgi.64.openmpi.default/libesmf.so(esmf_meshmod_esmf_meshcreatefrompointer_+0x78)[0x7f68afccc378]
[Orion-14-11:317438] [ 6] /work/noaa/da/mpotts/sandbox/pgi_2019_openmpi_g_patch_8.3.1/esmf/DEFAULTINSTALLDIR/lib/libg/Linux.pgi.64.openmpi.default/libesmf.so(esmf_fieldregridmod_b_or_p_gridtomesh_+0x60b)[0x7f927eed239b]
[Orion-14-11:317440] [ 5] /work/noaa/da/mpotts/sandbox/pgi_2019_openmpi_g_patch_8.3.1/esmf/DEFAULTINSTALLDIR/lib/libg/Linux.pgi.64.openmpi.default/libesmf.so(esmf_gridutilmod_esmf_gridtomesh_+0x550)[0x7f68afafbbb0]
[Orion-14-11:317438] [ 7] /work/noaa/da/mpotts/sandbox/pgi_2019_openmpi_g_patch_8.3.1/esmf/DEFAULTINSTALLDIR/lib/libg/Linux.pgi.64.openmpi.default/libesmf.so(esmf_fieldregridmod_getmeshwithnodesonfieldloc_+0x54b)[0x7f927eecd77b]
[Orion-14-11:317440] [ 6] /work/noaa/da/mpotts/sandbox/pgi_2019_openmpi_g_patch_8.3.1/esmf/DEFAULTINSTALLDIR/lib/libg/Linux.pgi.64.openmpi.default/libesmf.so(esmf_fieldregridmod_b_or_p_gridtomesh_+0x60b)[0x7f68af9a239b]
[Orion-14-11:317438] [ 8] /work/noaa/da/mpotts/sandbox/pgi_2019_openmpi_g_patch_8.3.1/esmf/DEFAULTINSTALLDIR/lib/libg/Linux.pgi.64.openmpi.default/libesmf.so(esmf_fieldregridmod_esmf_fieldregridstorenx_+0xffa)[0x7f927eecb0ca]
[Orion-14-11:317440] [ 7] /work/noaa/da/mpotts/sandbox/pgi_2019_openmpi_g_patch_8.3.1/esmf/DEFAULTINSTALLDIR/lib/libg/Linux.pgi.64.openmpi.default/libesmf.so(esmf_fieldregridmod_getmeshwithnodesonfieldloc_+0x54b)[0x7f68af99d77b]
[Orion-14-11:317438] [ 9] /work/noaa/da/mpotts/sandbox/pgi_2019_openmpi_g_patch_8.3.1/esmf/DEFAULTINSTALLDIR/lib/libg/Linux.pgi.64.openmpi.default/libesmf.so(nuopc_connector_fieldbundlecplstore_+0x13419)[0x7f927f664db9]
[Orion-14-11:317440] [ 8] /work/noaa/da/mpotts/sandbox/pgi_2019_openmpi_g_patch_8.3.1/esmf/DEFAULTINSTALLDIR/lib/libg/Linux.pgi.64.openmpi.default/libesmf.so(esmf_fieldregridmod_esmf_fieldregridstorenx_+0xffa)[0x7f68af99b0ca]
[Orion-14-11:317438] [10] /work/noaa/da/mpotts/sandbox/pgi_2019_openmpi_g_patch_8.3.1/esmf/DEFAULTINSTALLDIR/lib/libg/Linux.pgi.64.openmpi.default/libesmf.so(nuopc_connector_initializeipdv05p6b_+0x8f20)[0x7f927f63a440]
[Orion-14-11:317440] [ 9] /work/noaa/da/mpotts/sandbox/pgi_2019_openmpi_g_patch_8.3.1/esmf/DEFAULTINSTALLDIR/lib/libg/Linux.pgi.64.openmpi.default/libesmf.so(nuopc_connector_fieldbundlecplstore_+0x13419)[0x7f68b0134db9]
[Orion-14-11:317438] [11] /work/noaa/da/mpotts/sandbox/pgi_2019_openmpi_g_patch_8.3.1/esmf/DEFAULTINSTALLDIR/lib/libg/Linux.pgi.64.openmpi.default/libesmf.so(_ZN5ESMCI6FTable12callVFuncPtrEPKcPNS_2VMEPi+0xceb)[0x7f927e176c7b]
[Orion-14-11:317440] [10] /work/noaa/da/mpotts/sandbox/pgi_2019_openmpi_g_patch_8.3.1/esmf/DEFAULTINSTALLDIR/lib/libg/Linux.pgi.64.openmpi.default/libesmf.so(nuopc_connector_initializeipdv05p6b_+0x8f20)[0x7f68b010a440]
[Orion-14-11:317438] [12] /work/noaa/da/mpotts/sandbox/pgi_2019_openmpi_g_patch_8.3.1/esmf/DEFAULTINSTALLDIR/lib/libg/Linux.pgi.64.openmpi.default/libesmf.so(ESMCI_FTableCallEntryPointVMHop+0x2ac)[0x7f927e17295c]
[Orion-14-11:317440] [11] /work/noaa/da/mpotts/sandbox/pgi_2019_openmpi_g_patch_8.3.1/esmf/DEFAULTINSTALLDIR/lib/libg/Linux.pgi.64.openmpi.default/libesmf.so(_ZN5ESMCI6FTable12callVFuncPtrEPKcPNS_2VMEPi+0xceb)[0x7f68aec46c7b]
[Orion-14-11:317438] [13] /work/noaa/da/mpotts/sandbox/pgi_2019_openmpi_g_patch_8.3.1/esmf/DEFAULTINSTALLDIR/lib/libg/Linux.pgi.64.openmpi.default/libesmf.so(_ZN5ESMCI3VMK5enterEPNS_7VMKPlanEPvS3_+0xcf)[0x7f927e8b37cf]
[Orion-14-11:317440] [12] /work/noaa/da/mpotts/sandbox/pgi_2019_openmpi_g_patch_8.3.1/esmf/DEFAULTINSTALLDIR/lib/libg/Linux.pgi.64.openmpi.default/libesmf.so(ESMCI_FTableCallEntryPointVMHop+0x2ac)[0x7f68aec4295c]
[Orion-14-11:317438] [14] /work/noaa/da/mpotts/sandbox/pgi_2019_openmpi_g_patch_8.3.1/esmf/DEFAULTINSTALLDIR/lib/libg/Linux.pgi.64.openmpi.default/libesmf.so(_ZN5ESMCI2VM5enterEPNS_6VMPlanEPvS3_+0xcd)[0x7f927e8d7e6d]
[Orion-14-11:317440] [13] /work/noaa/da/mpotts/sandbox/pgi_2019_openmpi_g_patch_8.3.1/esmf/DEFAULTINSTALLDIR/lib/libg/Linux.pgi.64.openmpi.default/libesmf.so(_ZN5ESMCI3VMK5enterEPNS_7VMKPlanEPvS3_+0xcf)[0x7f68af3837cf]
[Orion-14-11:317438] [15] /work/noaa/da/mpotts/sandbox/pgi_2019_openmpi_g_patch_8.3.1/esmf/DEFAULTINSTALLDIR/lib/libg/Linux.pgi.64.openmpi.default/libesmf.so(c_esmc_ftablecallentrypointvm_+0x3a1)[0x7f927e172e21]
[Orion-14-11:317440] [14] /work/noaa/da/mpotts/sandbox/pgi_2019_openmpi_g_patch_8.3.1/esmf/DEFAULTINSTALLDIR/lib/libg/Linux.pgi.64.openmpi.default/libesmf.so(_ZN5ESMCI2VM5enterEPNS_6VMPlanEPvS3_+0xcd)[0x7f68af3a7e6d]
[Orion-14-11:317438] [16] /work/noaa/da/mpotts/sandbox/pgi_2019_openmpi_g_patch_8.3.1/esmf/DEFAULTINSTALLDIR/lib/libg/Linux.pgi.64.openmpi.default/libesmf.so(esmf_compmod_esmf_compexecute_+0xb45)[0x7f927ec30655]
[Orion-14-11:317440] [15] /work/noaa/da/mpotts/sandbox/pgi_2019_openmpi_g_patch_8.3.1/esmf/DEFAULTINSTALLDIR/lib/libg/Linux.pgi.64.openmpi.default/libesmf.so(c_esmc_ftablecallentrypointvm_+0x3a1)[0x7f68aec42e21]
[Orion-14-11:317438] [17] /work/noaa/da/mpotts/sandbox/pgi_2019_openmpi_g_patch_8.3.1/esmf/DEFAULTINSTALLDIR/lib/libg/Linux.pgi.64.openmpi.default/libesmf.so(esmf_cplcompmod_esmf_cplcompinitialize_+0x1f1)[0x7f927ec4b461]
[Orion-14-11:317440] [16] /work/noaa/da/mpotts/sandbox/pgi_2019_openmpi_g_patch_8.3.1/esmf/DEFAULTINSTALLDIR/lib/libg/Linux.pgi.64.openmpi.default/libesmf.so(esmf_compmod_esmf_compexecute_+0xb45)[0x7f68af700655]
[Orion-14-11:317438] [18] /work/noaa/da/mpotts/sandbox/pgi_2019_openmpi_g_patch_8.3.1/esmf/DEFAULTINSTALLDIR/lib/libg/Linux.pgi.64.openmpi.default/libesmf.so(nuopc_driver_loopconnectorcompss_+0x18bd)[0x7f927f69cfdd]
[Orion-14-11:317440] [17] /work/noaa/da/mpotts/sandbox/pgi_2019_openmpi_g_patch_8.3.1/esmf/DEFAULTINSTALLDIR/lib/libg/Linux.pgi.64.openmpi.default/libesmf.so(esmf_cplcompmod_esmf_cplcompinitialize_+0x1f1)[0x7f68af71b461]
[Orion-14-11:317438] [19] /work/noaa/da/mpotts/sandbox/pgi_2019_openmpi_g_patch_8.3.1/esmf/DEFAULTINSTALLDIR/lib/libg/Linux.pgi.64.openmpi.default/libesmf.so(nuopc_driver_initializeipdv02p3_+0x50ba)[0x7f927f68f37a]
[Orion-14-11:317440] [18] /work/noaa/da/mpotts/sandbox/pgi_2019_openmpi_g_patch_8.3.1/esmf/DEFAULTINSTALLDIR/lib/libg/Linux.pgi.64.openmpi.default/libesmf.so(nuopc_driver_loopconnectorcompss_+0x18bd)[0x7f68b016cfdd]
[Orion-14-11:317438] [20] /work/noaa/da/mpotts/sandbox/pgi_2019_openmpi_g_patch_8.3.1/esmf/DEFAULTINSTALLDIR/lib/libg/Linux.pgi.64.openmpi.default/libesmf.so(nuopc_driver_initializep1_+0xf09)[0x7f927f66fc89]
[Orion-14-11:317440] [19] /work/noaa/da/mpotts/sandbox/pgi_2019_openmpi_g_patch_8.3.1/esmf/DEFAULTINSTALLDIR/lib/libg/Linux.pgi.64.openmpi.default/libesmf.so(nuopc_driver_initializeipdv02p3_+0x50ba)[0x7f68b015f37a]
[Orion-14-11:317438] [21] /work/noaa/da/mpotts/sandbox/pgi_2019_openmpi_g_patch_8.3.1/esmf/DEFAULTINSTALLDIR/lib/libg/Linux.pgi.64.openmpi.default/libesmf.so(_ZN5ESMCI6FTable12callVFuncPtrEPKcPNS_2VMEPi+0xceb)[0x7f927e176c7b]
[Orion-14-11:317440] [20] /work/noaa/da/mpotts/sandbox/pgi_2019_openmpi_g_patch_8.3.1/esmf/DEFAULTINSTALLDIR/lib/libg/Linux.pgi.64.openmpi.default/libesmf.so(nuopc_driver_initializep1_+0xf09)[0x7f68b013fc89]
[Orion-14-11:317438] [22] /work/noaa/da/mpotts/sandbox/pgi_2019_openmpi_g_patch_8.3.1/esmf/DEFAULTINSTALLDIR/lib/libg/Linux.pgi.64.openmpi.default/libesmf.so(ESMCI_FTableCallEntryPointVMHop+0x2ac)[0x7f927e17295c]
[Orion-14-11:317440] [21] /work/noaa/da/mpotts/sandbox/pgi_2019_openmpi_g_patch_8.3.1/esmf/DEFAULTINSTALLDIR/lib/libg/Linux.pgi.64.openmpi.default/libesmf.so(_ZN5ESMCI6FTable12callVFuncPtrEPKcPNS_2VMEPi+0xceb)[0x7f68aec46c7b]
[Orion-14-11:317440] [22] /work/noaa/da/mpotts/sandbox/pgi_2019_openmpi_g_patch_8.3.1/esmf/DEFAULTINSTALLDIR/lib/libg/Linux.pgi.64.openmpi.default/libesmf.so(ESMCI_FTableCallEntryPointVMHop+0x2ac)[0x7f68aec4295c]
[Orion-14-11:317438] [23] /work/noaa/da/mpotts/sandbox/pgi_2019_openmpi_g_patch_8.3.1/esmf/DEFAULTINSTALLDIR/lib/libg/Linux.pgi.64.openmpi.default/libesmf.so(_ZN5ESMCI3VMK5enterEPNS_7VMKPlanEPvS3_+0xcf)[0x7f927e8b37cf]
[Orion-14-11:317440] [23] /work/noaa/da/mpotts/sandbox/pgi_2019_openmpi_g_patch_8.3.1/esmf/DEFAULTINSTALLDIR/lib/libg/Linux.pgi.64.openmpi.default/libesmf.so(_ZN5ESMCI3VMK5enterEPNS_7VMKPlanEPvS3_+0xcf)[0x7f68af3837cf]
[Orion-14-11:317438] [24] /work/noaa/da/mpotts/sandbox/pgi_2019_openmpi_g_patch_8.3.1/esmf/DEFAULTINSTALLDIR/lib/libg/Linux.pgi.64.openmpi.default/libesmf.so(_ZN5ESMCI2VM5enterEPNS_6VMPlanEPvS3_+0xcd)[0x7f927e8d7e6d]
[Orion-14-11:317438] [25] /work/noaa/da/mpotts/sandbox/pgi_2019_openmpi_g_patch_8.3.1/esmf/DEFAULTINSTALLDIR/lib/libg/Linux.pgi.64.openmpi.default/libesmf.so(c_esmc_ftablecallentrypointvm_+0x3a1)[0x7f927e172e21]
[Orion-14-11:317440] [24] /work/noaa/da/mpotts/sandbox/pgi_2019_openmpi_g_patch_8.3.1/esmf/DEFAULTINSTALLDIR/lib/libg/Linux.pgi.64.openmpi.default/libesmf.so(_ZN5ESMCI2VM5enterEPNS_6VMPlanEPvS3_+0xcd)[0x7f68af3a7e6d]
[Orion-14-11:317438] [26] /work/noaa/da/mpotts/sandbox/pgi_2019_openmpi_g_patch_8.3.1/esmf/DEFAULTINSTALLDIR/lib/libg/Linux.pgi.64.openmpi.default/libesmf.so(esmf_compmod_esmf_compexecute_+0xb45)[0x7f927ec30655]
[Orion-14-11:317440] [25] /work/noaa/da/mpotts/sandbox/pgi_2019_openmpi_g_patch_8.3.1/esmf/DEFAULTINSTALLDIR/lib/libg/Linux.pgi.64.openmpi.default/libesmf.so(c_esmc_ftablecallentrypointvm_+0x3a1)[0x7f68aec42e21]
[Orion-14-11:317438] [27] /work/noaa/da/mpotts/sandbox/pgi_2019_openmpi_g_patch_8.3.1/esmf/DEFAULTINSTALLDIR/lib/libg/Linux.pgi.64.openmpi.default/libesmf.so(esmf_gridcompmod_esmf_gridcompinitialize_+0x1f1)[0x7f927ef36ec1]
[Orion-14-11:317438] [28] /work/noaa/da/mpotts/sandbox/pgi_2019_openmpi_g_patch_8.3.1/nuopc-app-prototypes/NestingSingleProto/./mainApp[0x407af4]
[Orion-14-11:317438] [29] /work/noaa/da/mpotts/sandbox/pgi_2019_openmpi_g_patch_8.3.1/nuopc-app-prototypes/NestingSingleProto/./mainApp[0x407523]
[Orion-14-11:317438] *** End of error message ***
[Orion-14-11:317440] [26] /work/noaa/da/mpotts/sandbox/pgi_2019_openmpi_g_patch_8.3.1/esmf/DEFAULTINSTALLDIR/lib/libg/Linux.pgi.64.openmpi.default/libesmf.so(esmf_compmod_esmf_compexecute_+0xb45)[0x7f68af700655]
[Orion-14-11:317440] [27] /work/noaa/da/mpotts/sandbox/pgi_2019_openmpi_g_patch_8.3.1/esmf/DEFAULTINSTALLDIR/lib/libg/Linux.pgi.64.openmpi.default/libesmf.so(esmf_gridcompmod_esmf_gridcompinitialize_+0x1f1)[0x7f68afa06ec1]
[Orion-14-11:317440] [28] /work/noaa/da/mpotts/sandbox/pgi_2019_openmpi_g_patch_8.3.1/nuopc-app-prototypes/NestingSingleProto/./mainApp[0x407af4]
[Orion-14-11:317440] [29] /work/noaa/da/mpotts/sandbox/pgi_2019_openmpi_g_patch_8.3.1/nuopc-app-prototypes/NestingSingleProto/./mainApp[0x407523]
[Orion-14-11:317440] *** End of error message ***
==== backtrace (tid: 317441) ====
 0 0x00000000011cbf74 ESMCI::LogErr::MsgFoundError()  /work/noaa/da/mpotts/sandbox/pgi_2019_openmpi_g_patch_8.3.1/esmf/src/Infrastructure/LogErr/src/ESMCI_LogErr.C:586
 1 0x00000000013b32f1 ESMCI::MeshCap::meshcreatenodedistgrid()  /work/noaa/da/mpotts/sandbox/pgi_2019_openmpi_g_patch_8.3.1/esmf/src/Infrastructure/Mesh/src/ESMCI_MeshCap.C:1754
 2 0x00000000013f9717 c_esmc_meshcreatenodedistgrid_()  /work/noaa/da/mpotts/sandbox/pgi_2019_openmpi_g_patch_8.3.1/esmf/src/Infrastructure/Mesh/interface/ESMCI_Mesh_F.C:247
 3 0x00000000020cf378 esmf_meshmod_esmf_meshcreatefrompointer_()  /work/noaa/da/mpotts/sandbox/pgi_2019_openmpi_g_patch_8.3.1/esmf/src/Infrastructure/Mesh/interface/ESMF_Mesh.F90:3091
 4 0x0000000001efebb0 esmf_gridutilmod_esmf_gridtomesh_()  /work/noaa/da/mpotts/sandbox/pgi_2019_openmpi_g_patch_8.3.1/esmf/src/Infrastructure/GridUtil/interface/ESMF_GridUtil.F90:453
 5 0x0000000001da539b esmf_fieldregridmod_b_or_p_gridtomesh_()  /work/noaa/da/mpotts/sandbox/pgi_2019_openmpi_g_patch_8.3.1/esmf/src/Infrastructure/Field/src/ESMF_FieldRegrid.F90:3228
 6 0x0000000001da077b esmf_fieldregridmod_getmeshwithnodesonfieldloc_()  /work/noaa/da/mpotts/sandbox/pgi_2019_openmpi_g_patch_8.3.1/esmf/src/Infrastructure/Field/src/ESMF_FieldRegrid.F90:1346
 7 0x0000000001d9e0ca esmf_fieldregridmod_esmf_fieldregridstorenx_()  /work/noaa/da/mpotts/sandbox/pgi_2019_openmpi_g_patch_8.3.1/esmf/src/Infrastructure/Field/src/ESMF_FieldRegrid.F90:971
 8 0x0000000002537db9 nuopc_connector_fieldbundlecplstore_()  /work/noaa/da/mpotts/sandbox/pgi_2019_openmpi_g_patch_8.3.1/esmf/src/addon/NUOPC/src/NUOPC_Connector.F90:7919
 9 0x000000000250d440 nuopc_connector_initializeipdv05p6b_()  /work/noaa/da/mpotts/sandbox/pgi_2019_openmpi_g_patch_8.3.1/esmf/src/addon/NUOPC/src/NUOPC_Connector.F90:5386
10 0x0000000001049c7b ESMCI::FTable::callVFuncPtr()  /work/noaa/da/mpotts/sandbox/pgi_2019_openmpi_g_patch_8.3.1/esmf/src/Superstructure/Component/src/ESMCI_FTable.C:2167
11 0x000000000104595c ESMCI_FTableCallEntryPointVMHop()  /work/noaa/da/mpotts/sandbox/pgi_2019_openmpi_g_patch_8.3.1/esmf/src/Superstructure/Component/src/ESMCI_FTable.C:824
12 0x00000000017867cf ESMCI::VMK::enter()  /work/noaa/da/mpotts/sandbox/pgi_2019_openmpi_g_patch_8.3.1/esmf/src/Infrastructure/VM/src/ESMCI_VMKernel.C:2318
13 0x00000000017aae6d ESMCI::VM::enter()  /work/noaa/da/mpotts/sandbox/pgi_2019_openmpi_g_patch_8.3.1/esmf/src/Infrastructure/VM/src/ESMCI_VM.C:1216
14 0x0000000001045e21 c_esmc_ftablecallentrypointvm_()  /work/noaa/da/mpotts/sandbox/pgi_2019_openmpi_g_patch_8.3.1/esmf/src/Superstructure/Component/src/ESMCI_FTable.C:981
15 0x0000000001b03655 esmf_compmod_esmf_compexecute_()  /work/noaa/da/mpotts/sandbox/pgi_2019_openmpi_g_patch_8.3.1/esmf/src/Superstructure/Component/src/ESMF_Comp.F90:1222
16 0x0000000001b1e461 esmf_cplcompmod_esmf_cplcompinitialize_()  /work/noaa/da/mpotts/sandbox/pgi_2019_openmpi_g_patch_8.3.1/esmf/src/Superstructure/Component/src/ESMF_CplComp.F90:1160
17 0x000000000256ffdd nuopc_driver_loopconnectorcompss_()  /work/noaa/da/mpotts/sandbox/pgi_2019_openmpi_g_patch_8.3.1/esmf/src/addon/NUOPC/src/NUOPC_Driver.F90:2721
18 0x000000000256237a nuopc_driver_initializeipdv02p3_()  /work/noaa/da/mpotts/sandbox/pgi_2019_openmpi_g_patch_8.3.1/esmf/src/addon/NUOPC/src/NUOPC_Driver.F90:1943
19 0x0000000002542c89 nuopc_driver_initializep1_()  /work/noaa/da/mpotts/sandbox/pgi_2019_openmpi_g_patch_8.3.1/esmf/src/addon/NUOPC/src/NUOPC_Driver.F90:458
20 0x0000000001049c7b ESMCI::FTable::callVFuncPtr()  /work/noaa/da/mpotts/sandbox/pgi_2019_openmpi_g_patch_8.3.1/esmf/src/Superstructure/Component/src/ESMCI_FTable.C:2167
21 0x000000000104595c ESMCI_FTableCallEntryPointVMHop()  /work/noaa/da/mpotts/sandbox/pgi_2019_openmpi_g_patch_8.3.1/esmf/src/Superstructure/Component/src/ESMCI_FTable.C:824
22 0x00000000017867cf ESMCI::VMK::enter()  /work/noaa/da/mpotts/sandbox/pgi_2019_openmpi_g_patch_8.3.1/esmf/src/Infrastructure/VM/src/ESMCI_VMKernel.C:2318
23 0x00000000017aae6d ESMCI::VM::enter()  /work/noaa/da/mpotts/sandbox/pgi_2019_openmpi_g_patch_8.3.1/esmf/src/Infrastructure/VM/src/ESMCI_VM.C:1216
24 0x0000000001045e21 c_esmc_ftablecallentrypointvm_()  /work/noaa/da/mpotts/sandbox/pgi_2019_openmpi_g_patch_8.3.1/esmf/src/Superstructure/Component/src/ESMCI_FTable.C:981
25 0x0000000001b03655 esmf_compmod_esmf_compexecute_()  /work/noaa/da/mpotts/sandbox/pgi_2019_openmpi_g_patch_8.3.1/esmf/src/Superstructure/Component/src/ESMF_Comp.F90:1222
26 0x0000000001e09ec1 esmf_gridcompmod_esmf_gridcompinitialize_()  /work/noaa/da/mpotts/sandbox/pgi_2019_openmpi_g_patch_8.3.1/esmf/src/Superstructure/Component/src/ESMF_GridComp.F90:1407
27 0x0000000000407af4 MAIN_()  /work/noaa/da/mpotts/sandbox/pgi_2019_openmpi_g_patch_8.3.1/nuopc-app-prototypes/NestingSingleProto/mainApp.F90:71
28 0x0000000000407523 main()  ???:0
29 0x0000000000022495 __libc_start_main()  ???:0
30 0x0000000000407429 _start()  ???:0
=================================
[Orion-14-11:317441] *** Process received signal ***
[Orion-14-11:317441] Signal: Segmentation fault (11)
[Orion-14-11:317441] Signal code:  (-6)
[Orion-14-11:317441] Failing at address: 0x20e50004d801
[Orion-14-11:317441] [ 0] /lib64/libpthread.so.0(+0xf5d0)[0x7fefa39ad5d0]
[Orion-14-11:317441] [ 1] /work/noaa/da/mpotts/sandbox/pgi_2019_openmpi_g_patch_8.3.1/esmf/DEFAULTINSTALLDIR/lib/libg/Linux.pgi.64.openmpi.default/libesmf.so(_ZN5ESMCI6LogErr13MsgFoundErrorEiPKciS2_S2_Pi+0x34)[0x7fefa0e5ef74]
[Orion-14-11:317441] [ 2] /work/noaa/da/mpotts/sandbox/pgi_2019_openmpi_g_patch_8.3.1/esmf/DEFAULTINSTALLDIR/lib/libg/Linux.pgi.64.openmpi.default/libesmf.so(_ZN5ESMCI7MeshCap22meshcreatenodedistgridEPi+0x81)[0x7fefa10462f1]
==== backtrace (tid: 317439) ====
 0 0x00000000011cbf74 ESMCI::LogErr::MsgFoundError()  /work/noaa/da/mpotts/sandbox/pgi_2019_openmpi_g_patch_8.3.1/esmf/src/Infrastructure/LogErr/src/ESMCI_LogErr.C:586
 1 0x00000000013b32f1 ESMCI::MeshCap::meshcreatenodedistgrid()  /work/noaa/da/mpotts/sandbox/pgi_2019_openmpi_g_patch_8.3.1/esmf/src/Infrastructure/Mesh/src/ESMCI_MeshCap.C:1754
 2 0x00000000013f9717 c_esmc_meshcreatenodedistgrid_()  /work/noaa/da/mpotts/sandbox/pgi_2019_openmpi_g_patch_8.3.1/esmf/src/Infrastructure/Mesh/interface/ESMCI_Mesh_F.C:247
 3 0x00000000020cf378 esmf_meshmod_esmf_meshcreatefrompointer_()  /work/noaa/da/mpotts/sandbox/pgi_2019_openmpi_g_patch_8.3.1/esmf/src/Infrastructure/Mesh/interface/ESMF_Mesh.F90:3091
 4 0x0000000001efebb0 esmf_gridutilmod_esmf_gridtomesh_()  /work/noaa/da/mpotts/sandbox/pgi_2019_openmpi_g_patch_8.3.1/esmf/src/Infrastructure/GridUtil/interface/ESMF_GridUtil.F90:453
 5 0x0000000001da539b esmf_fieldregridmod_b_or_p_gridtomesh_()  /work/noaa/da/mpotts/sandbox/pgi_2019_openmpi_g_patch_8.3.1/esmf/src/Infrastructure/Field/src/ESMF_FieldRegrid.F90:3228
 6 0x0000000001da077b esmf_fieldregridmod_getmeshwithnodesonfieldloc_()  /work/noaa/da/mpotts/sandbox/pgi_2019_openmpi_g_patch_8.3.1/esmf/src/Infrastructure/Field/src/ESMF_FieldRegrid.F90:1346
 7 0x0000000001d9e0ca esmf_fieldregridmod_esmf_fieldregridstorenx_()  /work/noaa/da/mpotts/sandbox/pgi_2019_openmpi_g_patch_8.3.1/esmf/src/Infrastructure/Field/src/ESMF_FieldRegrid.F90:971
 8 0x0000000002537db9 nuopc_connector_fieldbundlecplstore_()  /work/noaa/da/mpotts/sandbox/pgi_2019_openmpi_g_patch_8.3.1/esmf/src/addon/NUOPC/src/NUOPC_Connector.F90:7919
 9 0x000000000250d440 nuopc_connector_initializeipdv05p6b_()  /work/noaa/da/mpotts/sandbox/pgi_2019_openmpi_g_patch_8.3.1/esmf/src/addon/NUOPC/src/NUOPC_Connector.F90:5386
10 0x0000000001049c7b ESMCI::FTable::callVFuncPtr()  /work/noaa/da/mpotts/sandbox/pgi_2019_openmpi_g_patch_8.3.1/esmf/src/Superstructure/Component/src/ESMCI_FTable.C:2167
11 0x000000000104595c ESMCI_FTableCallEntryPointVMHop()  /work/noaa/da/mpotts/sandbox/pgi_2019_openmpi_g_patch_8.3.1/esmf/src/Superstructure/Component/src/ESMCI_FTable.C:824
12 0x00000000017867cf ESMCI::VMK::enter()  /work/noaa/da/mpotts/sandbox/pgi_2019_openmpi_g_patch_8.3.1/esmf/src/Infrastructure/VM/src/ESMCI_VMKernel.C:2318
13 0x00000000017aae6d ESMCI::VM::enter()  /work/noaa/da/mpotts/sandbox/pgi_2019_openmpi_g_patch_8.3.1/esmf/src/Infrastructure/VM/src/ESMCI_VM.C:1216
14 0x0000000001045e21 c_esmc_ftablecallentrypointvm_()  /work/noaa/da/mpotts/sandbox/pgi_2019_openmpi_g_patch_8.3.1/esmf/src/Superstructure/Component/src/ESMCI_FTable.C:981
15 0x0000000001b03655 esmf_compmod_esmf_compexecute_()  /work/noaa/da/mpotts/sandbox/pgi_2019_openmpi_g_patch_8.3.1/esmf/src/Superstructure/Component/src/ESMF_Comp.F90:1222
16 0x0000000001b1e461 esmf_cplcompmod_esmf_cplcompinitialize_()  /work/noaa/da/mpotts/sandbox/pgi_2019_openmpi_g_patch_8.3.1/esmf/src/Superstructure/Component/src/ESMF_CplComp.F90:1160
17 0x000000000256ffdd nuopc_driver_loopconnectorcompss_()  /work/noaa/da/mpotts/sandbox/pgi_2019_openmpi_g_patch_8.3.1/esmf/src/addon/NUOPC/src/NUOPC_Driver.F90:2721
18 0x000000000256237a nuopc_driver_initializeipdv02p3_()  /work/noaa/da/mpotts/sandbox/pgi_2019_openmpi_g_patch_8.3.1/esmf/src/addon/NUOPC/src/NUOPC_Driver.F90:1943
19 0x0000000002542c89 nuopc_driver_initializep1_()  /work/noaa/da/mpotts/sandbox/pgi_2019_openmpi_g_patch_8.3.1/esmf/src/addon/NUOPC/src/NUOPC_Driver.F90:458
20 0x0000000001049c7b ESMCI::FTable::callVFuncPtr()  /work/noaa/da/mpotts/sandbox/pgi_2019_openmpi_g_patch_8.3.1/esmf/src/Superstructure/Component/src/ESMCI_FTable.C:2167
21 0x000000000104595c ESMCI_FTableCallEntryPointVMHop()  /work/noaa/da/mpotts/sandbox/pgi_2019_openmpi_g_patch_8.3.1/esmf/src/Superstructure/Component/src/ESMCI_FTable.C:824
22 0x00000000017867cf ESMCI::VMK::enter()  /work/noaa/da/mpotts/sandbox/pgi_2019_openmpi_g_patch_8.3.1/esmf/src/Infrastructure/VM/src/ESMCI_VMKernel.C:2318
23 0x00000000017aae6d ESMCI::VM::enter()  /work/noaa/da/mpotts/sandbox/pgi_2019_openmpi_g_patch_8.3.1/esmf/src/Infrastructure/VM/src/ESMCI_VM.C:1216
24 0x0000000001045e21 c_esmc_ftablecallentrypointvm_()  /work/noaa/da/mpotts/sandbox/pgi_2019_openmpi_g_patch_8.3.1/esmf/src/Superstructure/Component/src/ESMCI_FTable.C:981
25 0x0000000001b03655 esmf_compmod_esmf_compexecute_()  /work/noaa/da/mpotts/sandbox/pgi_2019_openmpi_g_patch_8.3.1/esmf/src/Superstructure/Component/src/ESMF_Comp.F90:1222
26 0x0000000001e09ec1 esmf_gridcompmod_esmf_gridcompinitialize_()  /work/noaa/da/mpotts/sandbox/pgi_2019_openmpi_g_patch_8.3.1/esmf/src/Superstructure/Component/src/ESMF_GridComp.F90:1407
27 0x0000000000407af4 MAIN_()  /work/noaa/da/mpotts/sandbox/pgi_2019_openmpi_g_patch_8.3.1/nuopc-app-prototypes/NestingSingleProto/mainApp.F90:71
28 0x0000000000407523 main()  ???:0
29 0x0000000000022495 __libc_start_main()  ???:0
30 0x0000000000407429 _start()  ???:0
=================================
[Orion-14-11:317439] *** Process received signal ***
[Orion-14-11:317439] Signal: Segmentation fault (11)
[Orion-14-11:317439] Signal code:  (-6)
[Orion-14-11:317439] Failing at address: 0x20e50004d7ff
[Orion-14-11:317439] [ 0] /lib64/libpthread.so.0(+0xf5d0)[0x7fa116b6f5d0]
[Orion-14-11:317441] [ 3] /work/noaa/da/mpotts/sandbox/pgi_2019_openmpi_g_patch_8.3.1/esmf/DEFAULTINSTALLDIR/lib/libg/Linux.pgi.64.openmpi.default/libesmf.so(c_esmc_meshcreatenodedistgrid_+0x177)[0x7fefa108c717]
[Orion-14-11:317441] [ 4] /work/noaa/da/mpotts/sandbox/pgi_2019_openmpi_g_patch_8.3.1/esmf/DEFAULTINSTALLDIR/lib/libg/Linux.pgi.64.openmpi.default/libesmf.so(esmf_meshmod_esmf_meshcreatefrompointer_+0x78)[0x7fefa1d62378]
[Orion-14-11:317439] [ 1] /work/noaa/da/mpotts/sandbox/pgi_2019_openmpi_g_patch_8.3.1/esmf/DEFAULTINSTALLDIR/lib/libg/Linux.pgi.64.openmpi.default/libesmf.so(_ZN5ESMCI6LogErr13MsgFoundErrorEiPKciS2_S2_Pi+0x34)[0x7fa114020f74]
[Orion-14-11:317441] [ 5] /work/noaa/da/mpotts/sandbox/pgi_2019_openmpi_g_patch_8.3.1/esmf/DEFAULTINSTALLDIR/lib/libg/Linux.pgi.64.openmpi.default/libesmf.so(esmf_gridutilmod_esmf_gridtomesh_+0x550)[0x7fefa1b91bb0]
[Orion-14-11:317439] [ 2] /work/noaa/da/mpotts/sandbox/pgi_2019_openmpi_g_patch_8.3.1/esmf/DEFAULTINSTALLDIR/lib/libg/Linux.pgi.64.openmpi.default/libesmf.so(_ZN5ESMCI7MeshCap22meshcreatenodedistgridEPi+0x81)[0x7fa1142082f1]
[Orion-14-11:317441] [ 6] /work/noaa/da/mpotts/sandbox/pgi_2019_openmpi_g_patch_8.3.1/esmf/DEFAULTINSTALLDIR/lib/libg/Linux.pgi.64.openmpi.default/libesmf.so(esmf_fieldregridmod_b_or_p_gridtomesh_+0x60b)[0x7fefa1a3839b]
[Orion-14-11:317439] [ 3] /work/noaa/da/mpotts/sandbox/pgi_2019_openmpi_g_patch_8.3.1/esmf/DEFAULTINSTALLDIR/lib/libg/Linux.pgi.64.openmpi.default/libesmf.so(c_esmc_meshcreatenodedistgrid_+0x177)[0x7fa11424e717]
[Orion-14-11:317441] [ 7] /work/noaa/da/mpotts/sandbox/pgi_2019_openmpi_g_patch_8.3.1/esmf/DEFAULTINSTALLDIR/lib/libg/Linux.pgi.64.openmpi.default/libesmf.so(esmf_fieldregridmod_getmeshwithnodesonfieldloc_+0x54b)[0x7fefa1a3377b]
[Orion-14-11:317439] [ 4] /work/noaa/da/mpotts/sandbox/pgi_2019_openmpi_g_patch_8.3.1/esmf/DEFAULTINSTALLDIR/lib/libg/Linux.pgi.64.openmpi.default/libesmf.so(esmf_meshmod_esmf_meshcreatefrompointer_+0x78)[0x7fa114f24378]
[Orion-14-11:317441] [ 8] /work/noaa/da/mpotts/sandbox/pgi_2019_openmpi_g_patch_8.3.1/esmf/DEFAULTINSTALLDIR/lib/libg/Linux.pgi.64.openmpi.default/libesmf.so(esmf_fieldregridmod_esmf_fieldregridstorenx_+0xffa)[0x7fefa1a310ca]
[Orion-14-11:317439] [ 5] /work/noaa/da/mpotts/sandbox/pgi_2019_openmpi_g_patch_8.3.1/esmf/DEFAULTINSTALLDIR/lib/libg/Linux.pgi.64.openmpi.default/libesmf.so(esmf_gridutilmod_esmf_gridtomesh_+0x550)[0x7fa114d53bb0]
[Orion-14-11:317441] [ 9] /work/noaa/da/mpotts/sandbox/pgi_2019_openmpi_g_patch_8.3.1/esmf/DEFAULTINSTALLDIR/lib/libg/Linux.pgi.64.openmpi.default/libesmf.so(nuopc_connector_fieldbundlecplstore_+0x13419)[0x7fefa21cadb9]
[Orion-14-11:317439] [ 6] /work/noaa/da/mpotts/sandbox/pgi_2019_openmpi_g_patch_8.3.1/esmf/DEFAULTINSTALLDIR/lib/libg/Linux.pgi.64.openmpi.default/libesmf.so(esmf_fieldregridmod_b_or_p_gridtomesh_+0x60b)[0x7fa114bfa39b]
[Orion-14-11:317441] [10] /work/noaa/da/mpotts/sandbox/pgi_2019_openmpi_g_patch_8.3.1/esmf/DEFAULTINSTALLDIR/lib/libg/Linux.pgi.64.openmpi.default/libesmf.so(nuopc_connector_initializeipdv05p6b_+0x8f20)[0x7fefa21a0440]
[Orion-14-11:317439] [ 7] /work/noaa/da/mpotts/sandbox/pgi_2019_openmpi_g_patch_8.3.1/esmf/DEFAULTINSTALLDIR/lib/libg/Linux.pgi.64.openmpi.default/libesmf.so(esmf_fieldregridmod_getmeshwithnodesonfieldloc_+0x54b)[0x7fa114bf577b]
[Orion-14-11:317441] [11] /work/noaa/da/mpotts/sandbox/pgi_2019_openmpi_g_patch_8.3.1/esmf/DEFAULTINSTALLDIR/lib/libg/Linux.pgi.64.openmpi.default/libesmf.so(_ZN5ESMCI6FTable12callVFuncPtrEPKcPNS_2VMEPi+0xceb)[0x7fefa0cdcc7b]
[Orion-14-11:317439] [ 8] /work/noaa/da/mpotts/sandbox/pgi_2019_openmpi_g_patch_8.3.1/esmf/DEFAULTINSTALLDIR/lib/libg/Linux.pgi.64.openmpi.default/libesmf.so(esmf_fieldregridmod_esmf_fieldregridstorenx_+0xffa)[0x7fa114bf30ca]
[Orion-14-11:317441] [12] /work/noaa/da/mpotts/sandbox/pgi_2019_openmpi_g_patch_8.3.1/esmf/DEFAULTINSTALLDIR/lib/libg/Linux.pgi.64.openmpi.default/libesmf.so(ESMCI_FTableCallEntryPointVMHop+0x2ac)[0x7fefa0cd895c]
[Orion-14-11:317439] [ 9] /work/noaa/da/mpotts/sandbox/pgi_2019_openmpi_g_patch_8.3.1/esmf/DEFAULTINSTALLDIR/lib/libg/Linux.pgi.64.openmpi.default/libesmf.so(nuopc_connector_fieldbundlecplstore_+0x13419)[0x7fa11538cdb9]
[Orion-14-11:317441] [13] /work/noaa/da/mpotts/sandbox/pgi_2019_openmpi_g_patch_8.3.1/esmf/DEFAULTINSTALLDIR/lib/libg/Linux.pgi.64.openmpi.default/libesmf.so(_ZN5ESMCI3VMK5enterEPNS_7VMKPlanEPvS3_+0xcf)[0x7fefa14197cf]
[Orion-14-11:317439] [10] /work/noaa/da/mpotts/sandbox/pgi_2019_openmpi_g_patch_8.3.1/esmf/DEFAULTINSTALLDIR/lib/libg/Linux.pgi.64.openmpi.default/libesmf.so(nuopc_connector_initializeipdv05p6b_+0x8f20)[0x7fa115362440]
[Orion-14-11:317441] [14] /work/noaa/da/mpotts/sandbox/pgi_2019_openmpi_g_patch_8.3.1/esmf/DEFAULTINSTALLDIR/lib/libg/Linux.pgi.64.openmpi.default/libesmf.so(_ZN5ESMCI2VM5enterEPNS_6VMPlanEPvS3_+0xcd)[0x7fefa143de6d]
[Orion-14-11:317439] [11] /work/noaa/da/mpotts/sandbox/pgi_2019_openmpi_g_patch_8.3.1/esmf/DEFAULTINSTALLDIR/lib/libg/Linux.pgi.64.openmpi.default/libesmf.so(_ZN5ESMCI6FTable12callVFuncPtrEPKcPNS_2VMEPi+0xceb)[0x7fa113e9ec7b]
[Orion-14-11:317441] [15] /work/noaa/da/mpotts/sandbox/pgi_2019_openmpi_g_patch_8.3.1/esmf/DEFAULTINSTALLDIR/lib/libg/Linux.pgi.64.openmpi.default/libesmf.so(c_esmc_ftablecallentrypointvm_+0x3a1)[0x7fefa0cd8e21]
[Orion-14-11:317439] [12] /work/noaa/da/mpotts/sandbox/pgi_2019_openmpi_g_patch_8.3.1/esmf/DEFAULTINSTALLDIR/lib/libg/Linux.pgi.64.openmpi.default/libesmf.so(ESMCI_FTableCallEntryPointVMHop+0x2ac)[0x7fa113e9a95c]
[Orion-14-11:317441] [16] /work/noaa/da/mpotts/sandbox/pgi_2019_openmpi_g_patch_8.3.1/esmf/DEFAULTINSTALLDIR/lib/libg/Linux.pgi.64.openmpi.default/libesmf.so(esmf_compmod_esmf_compexecute_+0xb45)[0x7fefa1796655]
[Orion-14-11:317439] [13] /work/noaa/da/mpotts/sandbox/pgi_2019_openmpi_g_patch_8.3.1/esmf/DEFAULTINSTALLDIR/lib/libg/Linux.pgi.64.openmpi.default/libesmf.so(_ZN5ESMCI3VMK5enterEPNS_7VMKPlanEPvS3_+0xcf)[0x7fa1145db7cf]
[Orion-14-11:317441] [17] /work/noaa/da/mpotts/sandbox/pgi_2019_openmpi_g_patch_8.3.1/esmf/DEFAULTINSTALLDIR/lib/libg/Linux.pgi.64.openmpi.default/libesmf.so(esmf_cplcompmod_esmf_cplcompinitialize_+0x1f1)[0x7fefa17b1461]
[Orion-14-11:317439] [14] /work/noaa/da/mpotts/sandbox/pgi_2019_openmpi_g_patch_8.3.1/esmf/DEFAULTINSTALLDIR/lib/libg/Linux.pgi.64.openmpi.default/libesmf.so(_ZN5ESMCI2VM5enterEPNS_6VMPlanEPvS3_+0xcd)[0x7fa1145ffe6d]
[Orion-14-11:317441] [18] /work/noaa/da/mpotts/sandbox/pgi_2019_openmpi_g_patch_8.3.1/esmf/DEFAULTINSTALLDIR/lib/libg/Linux.pgi.64.openmpi.default/libesmf.so(nuopc_driver_loopconnectorcompss_+0x18bd)[0x7fefa2202fdd]
[Orion-14-11:317439] [15] /work/noaa/da/mpotts/sandbox/pgi_2019_openmpi_g_patch_8.3.1/esmf/DEFAULTINSTALLDIR/lib/libg/Linux.pgi.64.openmpi.default/libesmf.so(c_esmc_ftablecallentrypointvm_+0x3a1)[0x7fa113e9ae21]
[Orion-14-11:317441] [19] /work/noaa/da/mpotts/sandbox/pgi_2019_openmpi_g_patch_8.3.1/esmf/DEFAULTINSTALLDIR/lib/libg/Linux.pgi.64.openmpi.default/libesmf.so(nuopc_driver_initializeipdv02p3_+0x50ba)[0x7fefa21f537a]
[Orion-14-11:317441] [20] /work/noaa/da/mpotts/sandbox/pgi_2019_openmpi_g_patch_8.3.1/esmf/DEFAULTINSTALLDIR/lib/libg/Linux.pgi.64.openmpi.default/libesmf.so(nuopc_driver_initializep1_+0xf09)[0x7fefa21d5c89]
[Orion-14-11:317439] [16] /work/noaa/da/mpotts/sandbox/pgi_2019_openmpi_g_patch_8.3.1/esmf/DEFAULTINSTALLDIR/lib/libg/Linux.pgi.64.openmpi.default/libesmf.so(esmf_compmod_esmf_compexecute_+0xb45)[0x7fa114958655]
[Orion-14-11:317441] [21] /work/noaa/da/mpotts/sandbox/pgi_2019_openmpi_g_patch_8.3.1/esmf/DEFAULTINSTALLDIR/lib/libg/Linux.pgi.64.openmpi.default/libesmf.so(_ZN5ESMCI6FTable12callVFuncPtrEPKcPNS_2VMEPi+0xceb)[0x7fefa0cdcc7b]
[Orion-14-11:317439] [17] /work/noaa/da/mpotts/sandbox/pgi_2019_openmpi_g_patch_8.3.1/esmf/DEFAULTINSTALLDIR/lib/libg/Linux.pgi.64.openmpi.default/libesmf.so(esmf_cplcompmod_esmf_cplcompinitialize_+0x1f1)[0x7fa114973461]
[Orion-14-11:317439] [18] /work/noaa/da/mpotts/sandbox/pgi_2019_openmpi_g_patch_8.3.1/esmf/DEFAULTINSTALLDIR/lib/libg/Linux.pgi.64.openmpi.default/libesmf.so(nuopc_driver_loopconnectorcompss_+0x18bd)[0x7fa1153c4fdd]
[Orion-14-11:317441] [22] /work/noaa/da/mpotts/sandbox/pgi_2019_openmpi_g_patch_8.3.1/esmf/DEFAULTINSTALLDIR/lib/libg/Linux.pgi.64.openmpi.default/libesmf.so(ESMCI_FTableCallEntryPointVMHop+0x2ac)[0x7fefa0cd895c]
[Orion-14-11:317439] [19] /work/noaa/da/mpotts/sandbox/pgi_2019_openmpi_g_patch_8.3.1/esmf/DEFAULTINSTALLDIR/lib/libg/Linux.pgi.64.openmpi.default/libesmf.so(nuopc_driver_initializeipdv02p3_+0x50ba)[0x7fa1153b737a]
[Orion-14-11:317441] [23] /work/noaa/da/mpotts/sandbox/pgi_2019_openmpi_g_patch_8.3.1/esmf/DEFAULTINSTALLDIR/lib/libg/Linux.pgi.64.openmpi.default/libesmf.so(_ZN5ESMCI3VMK5enterEPNS_7VMKPlanEPvS3_+0xcf)[0x7fefa14197cf]
[Orion-14-11:317439] [20] /work/noaa/da/mpotts/sandbox/pgi_2019_openmpi_g_patch_8.3.1/esmf/DEFAULTINSTALLDIR/lib/libg/Linux.pgi.64.openmpi.default/libesmf.so(nuopc_driver_initializep1_+0xf09)[0x7fa115397c89]
[Orion-14-11:317441] [24] /work/noaa/da/mpotts/sandbox/pgi_2019_openmpi_g_patch_8.3.1/esmf/DEFAULTINSTALLDIR/lib/libg/Linux.pgi.64.openmpi.default/libesmf.so(_ZN5ESMCI2VM5enterEPNS_6VMPlanEPvS3_+0xcd)[0x7fefa143de6d]
[Orion-14-11:317439] [21] /work/noaa/da/mpotts/sandbox/pgi_2019_openmpi_g_patch_8.3.1/esmf/DEFAULTINSTALLDIR/lib/libg/Linux.pgi.64.openmpi.default/libesmf.so(_ZN5ESMCI6FTable12callVFuncPtrEPKcPNS_2VMEPi+0xceb)[0x7fa113e9ec7b]
[Orion-14-11:317441] [25] /work/noaa/da/mpotts/sandbox/pgi_2019_openmpi_g_patch_8.3.1/esmf/DEFAULTINSTALLDIR/lib/libg/Linux.pgi.64.openmpi.default/libesmf.so(c_esmc_ftablecallentrypointvm_+0x3a1)[0x7fefa0cd8e21]
[Orion-14-11:317439] [22] /work/noaa/da/mpotts/sandbox/pgi_2019_openmpi_g_patch_8.3.1/esmf/DEFAULTINSTALLDIR/lib/libg/Linux.pgi.64.openmpi.default/libesmf.so(ESMCI_FTableCallEntryPointVMHop+0x2ac)[0x7fa113e9a95c]
[Orion-14-11:317441] [26] /work/noaa/da/mpotts/sandbox/pgi_2019_openmpi_g_patch_8.3.1/esmf/DEFAULTINSTALLDIR/lib/libg/Linux.pgi.64.openmpi.default/libesmf.so(esmf_compmod_esmf_compexecute_+0xb45)[0x7fefa1796655]
[Orion-14-11:317439] [23] /work/noaa/da/mpotts/sandbox/pgi_2019_openmpi_g_patch_8.3.1/esmf/DEFAULTINSTALLDIR/lib/libg/Linux.pgi.64.openmpi.default/libesmf.so(_ZN5ESMCI3VMK5enterEPNS_7VMKPlanEPvS3_+0xcf)[0x7fa1145db7cf]
[Orion-14-11:317441] [27] /work/noaa/da/mpotts/sandbox/pgi_2019_openmpi_g_patch_8.3.1/esmf/DEFAULTINSTALLDIR/lib/libg/Linux.pgi.64.openmpi.default/libesmf.so(esmf_gridcompmod_esmf_gridcompinitialize_+0x1f1)[0x7fefa1a9cec1]
[Orion-14-11:317441] [28] /work/noaa/da/mpotts/sandbox/pgi_2019_openmpi_g_patch_8.3.1/nuopc-app-prototypes/NestingSingleProto/./mainApp[0x407af4]
[Orion-14-11:317441] [29] /work/noaa/da/mpotts/sandbox/pgi_2019_openmpi_g_patch_8.3.1/nuopc-app-prototypes/NestingSingleProto/./mainApp[0x407523]
[Orion-14-11:317441] *** End of error message ***
[Orion-14-11:317439] [24] /work/noaa/da/mpotts/sandbox/pgi_2019_openmpi_g_patch_8.3.1/esmf/DEFAULTINSTALLDIR/lib/libg/Linux.pgi.64.openmpi.default/libesmf.so(_ZN5ESMCI2VM5enterEPNS_6VMPlanEPvS3_+0xcd)[0x7fa1145ffe6d]
[Orion-14-11:317439] [25] /work/noaa/da/mpotts/sandbox/pgi_2019_openmpi_g_patch_8.3.1/esmf/DEFAULTINSTALLDIR/lib/libg/Linux.pgi.64.openmpi.default/libesmf.so(c_esmc_ftablecallentrypointvm_+0x3a1)[0x7fa113e9ae21]
[Orion-14-11:317439] [26] /work/noaa/da/mpotts/sandbox/pgi_2019_openmpi_g_patch_8.3.1/esmf/DEFAULTINSTALLDIR/lib/libg/Linux.pgi.64.openmpi.default/libesmf.so(esmf_compmod_esmf_compexecute_+0xb45)[0x7fa114958655]
[Orion-14-11:317439] [27] /work/noaa/da/mpotts/sandbox/pgi_2019_openmpi_g_patch_8.3.1/esmf/DEFAULTINSTALLDIR/lib/libg/Linux.pgi.64.openmpi.default/libesmf.so(esmf_gridcompmod_esmf_gridcompinitialize_+0x1f1)[0x7fa114c5eec1]
[Orion-14-11:317439] [28] /work/noaa/da/mpotts/sandbox/pgi_2019_openmpi_g_patch_8.3.1/nuopc-app-prototypes/NestingSingleProto/./mainApp[0x407af4]
[Orion-14-11:317439] [29] /work/noaa/da/mpotts/sandbox/pgi_2019_openmpi_g_patch_8.3.1/nuopc-app-prototypes/NestingSingleProto/./mainApp[0x407523]
[Orion-14-11:317439] *** End of error message ***
srun: error: Orion-14-11: tasks 0-3: Segmentation fault
srun: launch/slurm: _step_signal: Terminating StepId=6547907.45
