2022-08-08 03:17:24
20220808 042713.567 INFO             PET0 !!!!!!!!!!!!!!!!!!!!!!!!!!!!!!!!!!!!!!!!!!!!!!!!!!!!!!
20220808 042713.568 INFO             PET0 !!! THE ESMF_LOG IS SET TO OUTPUT ALL LOG MESSAGES !!!
20220808 042713.568 INFO             PET0 !!!     THIS MAY CAUSE SLOWDOWN IN PERFORMANCE     !!!
20220808 042713.568 INFO             PET0 !!! FOR PRODUCTION RUNS, USE:                      !!!
20220808 042713.568 INFO             PET0 !!!                   ESMF_LOGKIND_Multi_On_Error  !!!
20220808 042713.568 INFO             PET0 !!!!!!!!!!!!!!!!!!!!!!!!!!!!!!!!!!!!!!!!!!!!!!!!!!!!!!
20220808 042713.568 INFO             PET0 Running with ESMF Version   : v8.3.0b17-30-g0de4558e1e
20220808 042713.568 INFO             PET0 ESMF library build date/time: "Aug  8 2022" "03:14:01"
20220808 042713.568 INFO             PET0 ESMF library build location : /scratch1/NCEPDEV/stmp2/Rocky.Dunlap/esmf-testing/pgi_19.1_mpiuni_O_feature_large-messages/esmf
20220808 042713.568 INFO             PET0 ESMF_COMM                   : mpiuni
20220808 042713.569 INFO             PET0 ESMF_MOAB                   : enabled
20220808 042713.569 INFO             PET0 ESMF_LAPACK                 : enabled
20220808 042713.569 INFO             PET0 ESMF_NETCDF                 : disabled
20220808 042713.569 INFO             PET0 ESMF_PNETCDF                : disabled
20220808 042713.569 INFO             PET0 ESMF_PIO                    : disabled
20220808 042713.569 INFO             PET0 ESMF_YAMLCPP                : enabled
20220808 042713.571 INFO             PET0 ESMF_FieldRedistStoreNF(): Just entered routine.
20220808 042713.650 DEBUG            PET0 VMK::recv():4970, size=460800 using MPIUNI channel via memcpy() in one chunk
20220808 042713.650 DEBUG            PET0 VMK::send():4482, size=460800 using MPIUNI channel via memcpy() in one chunk
20220808 042713.650 DEBUG            PET0 VMK::recv():4970, size=460800 using MPIUNI channel via memcpy() in one chunk
20220808 042713.650 DEBUG            PET0 VMK::send():4482, size=460800 using MPIUNI channel via memcpy() in one chunk
20220808 042713.651 DEBUG            PET0 VMK::recv():4970, size=460800 using MPIUNI channel via memcpy() in one chunk
20220808 042713.651 DEBUG            PET0 VMK::send():4482, size=460800 using MPIUNI channel via memcpy() in one chunk
20220808 042713.651 DEBUG            PET0 VMK::recv():4970, size=460800 using MPIUNI channel via memcpy() in one chunk
20220808 042713.651 DEBUG            PET0 VMK::send():4482, size=460800 using MPIUNI channel via memcpy() in one chunk
20220808 042713.651 DEBUG            PET0 VMK::recv():4970, size=460800 using MPIUNI channel via memcpy() in one chunk
20220808 042713.651 DEBUG            PET0 VMK::send():4482, size=460800 using MPIUNI channel via memcpy() in one chunk
20220808 042713.652 DEBUG            PET0 VMK::recv():4970, size=460800 using MPIUNI channel via memcpy() in one chunk
20220808 042713.652 DEBUG            PET0 VMK::send():4482, size=460800 using MPIUNI channel via memcpy() in one chunk
20220808 042713.652 DEBUG            PET0 VMK::recv():4970, size=460800 using MPIUNI channel via memcpy() in one chunk
20220808 042713.652 DEBUG            PET0 VMK::send():4482, size=460800 using MPIUNI channel via memcpy() in one chunk
20220808 042713.652 DEBUG            PET0 VMK::recv():4970, size=460800 using MPIUNI channel via memcpy() in one chunk
20220808 042713.652 DEBUG            PET0 VMK::send():4482, size=460800 using MPIUNI channel via memcpy() in one chunk
20220808 042713.653 DEBUG            PET0 VMK::recv():4970, size=460800 using MPIUNI channel via memcpy() in one chunk
20220808 042713.653 DEBUG            PET0 VMK::send():4482, size=460800 using MPIUNI channel via memcpy() in one chunk
20220808 042713.653 DEBUG            PET0 VMK::recv():4970, size=460800 using MPIUNI channel via memcpy() in one chunk
20220808 042713.653 DEBUG            PET0 VMK::send():4482, size=460800 using MPIUNI channel via memcpy() in one chunk
20220808 042713.657 DEBUG            PET0 VMK::recv():4970, size=460800 using MPIUNI channel via memcpy() in one chunk
20220808 042713.657 DEBUG            PET0 VMK::send():4482, size=460800 using MPIUNI channel via memcpy() in one chunk
20220808 042713.657 INFO             PET0 ESMF_FieldRedistStoreNF(): Leaving routine.
20220808 042713.667 DEBUG            PET0 VMK::recv():4970, size=460800 using MPIUNI channel via memcpy() in one chunk
20220808 042713.667 DEBUG            PET0 VMK::send():4482, size=460800 using MPIUNI channel via memcpy() in one chunk
20220808 042713.667 INFO             PET0  NUMBER_OF_PROCESSORS            1
20220808 042713.668 INFO             PET0  PASS  Example ESMF_RHandleFromFileEx, ESMF_RHandleFromFileEx.F90, line 192
20220808 042713.668 INFO             PET0 Finalizing ESMF
20220808 042713.669 DEBUG            PET0 epochFinal
