2022-08-05 10:39:04
20220805 113742.600 INFO             PET0 !!!!!!!!!!!!!!!!!!!!!!!!!!!!!!!!!!!!!!!!!!!!!!!!!!!!!!
20220805 113742.600 INFO             PET0 !!! THE ESMF_LOG IS SET TO OUTPUT ALL LOG MESSAGES !!!
20220805 113742.600 INFO             PET0 !!!     THIS MAY CAUSE SLOWDOWN IN PERFORMANCE     !!!
20220805 113742.600 INFO             PET0 !!! FOR PRODUCTION RUNS, USE:                      !!!
20220805 113742.600 INFO             PET0 !!!                   ESMF_LOGKIND_Multi_On_Error  !!!
20220805 113742.600 INFO             PET0 !!!!!!!!!!!!!!!!!!!!!!!!!!!!!!!!!!!!!!!!!!!!!!!!!!!!!!
20220805 113742.600 INFO             PET0 Running with ESMF Version   : v8.3.0b17-27-g5b5163fc0a
20220805 113742.600 INFO             PET0 ESMF library build date/time: "Aug  5 2022" "10:35:58"
20220805 113742.600 INFO             PET0 ESMF library build location : /glade/scratch/dunlap/esmf-testing/nvhpc_22.2_mpt_g_feature_large-messages/esmf
20220805 113742.600 INFO             PET0 ESMF_COMM                   : mpt
20220805 113742.600 INFO             PET0 ESMF_MOAB                   : enabled
20220805 113742.600 INFO             PET0 ESMF_LAPACK                 : enabled
20220805 113742.600 INFO             PET0 ESMF_NETCDF                 : enabled
20220805 113742.600 INFO             PET0 ESMF_PNETCDF                : disabled
20220805 113742.600 INFO             PET0 ESMF_PIO                    : enabled
20220805 113742.600 INFO             PET0 ESMF_YAMLCPP                : enabled
20220805 113742.602 DEBUG            PET0 VMK::send():4407, size=40 in 1 chunks
20220805 113742.602 DEBUG            PET0 VMK::send():4407, size=40 in 1 chunks
20220805 113742.602 DEBUG            PET0 VMK::send():4407, size=40 in 1 chunks
20220805 113742.602 DEBUG            PET0 VMK::send():4407, size=160 in 1 chunks
20220805 113742.602 DEBUG            PET0 VMK::send():4407, size=160 in 1 chunks
20220805 113742.602 DEBUG            PET0 VMK::send():4407, size=160 in 1 chunks
20220805 113742.602 DEBUG            PET0 VMK::send():4407, size=80 in 1 chunks
20220805 113742.602 DEBUG            PET0 VMK::send():4407, size=80 in 1 chunks
20220805 113742.602 DEBUG            PET0 VMK::send():4407, size=80 in 1 chunks
20220805 113742.602 DEBUG            PET0 VMK::send():4407, size=40 in 1 chunks
20220805 113742.602 DEBUG            PET0 VMK::send():4407, size=40 in 1 chunks
20220805 113742.602 DEBUG            PET0 VMK::send():4407, size=40 in 1 chunks
20220805 113742.602 DEBUG            PET0 VMK::send():4407, size=160 in 1 chunks
20220805 113742.602 DEBUG            PET0 VMK::send():4407, size=160 in 1 chunks
20220805 113742.602 DEBUG            PET0 VMK::send():4407, size=160 in 1 chunks
20220805 113742.602 DEBUG            PET0 VMK::recv():4898, size=24 in 1 chunks
20220805 113742.602 DEBUG            PET0 VMK::recv():4898, size=16 in 1 chunks
20220805 113742.602 DEBUG            PET0 VMK::recv():4898, size=16 in 1 chunks
20220805 113742.602 DEBUG            PET0 VMK::send():4407, size=16 in 1 chunks
20220805 113742.602 DEBUG            PET0 VMK::send():4407, size=24 in 1 chunks
20220805 113742.602 DEBUG            PET0 VMK::send():4407, size=16 in 1 chunks
20220805 113742.602 DEBUG            PET0 VMK::send():4407, size=200 in 1 chunks
20220805 113742.602 DEBUG            PET0 VMK::recv():4898, size=4 in 1 chunks
20220805 113742.602 DEBUG            PET0 VMK::send():4407, size=200 in 1 chunks
20220805 113742.602 DEBUG            PET0 VMK::recv():4898, size=4 in 1 chunks
20220805 113742.602 DEBUG            PET0 VMK::send():4407, size=200 in 1 chunks
20220805 113742.602 DEBUG            PET0 VMK::recv():4898, size=4 in 1 chunks
20220805 113742.603 DEBUG            PET0 VMK::recv():4898, size=440 in 1 chunks
20220805 113742.603 DEBUG            PET0 VMK::recv():4898, size=440 in 1 chunks
20220805 113742.603 DEBUG            PET0 VMK::recv():4898, size=440 in 1 chunks
20220805 113742.603 DEBUG            PET0 VMK::recv():4898, size=60 in 1 chunks
20220805 113742.603 DEBUG            PET0 VMK::recv():4898, size=40 in 1 chunks
20220805 113742.603 DEBUG            PET0 VMK::recv():4898, size=40 in 1 chunks
20220805 113742.603 DEBUG            PET0 VMK::send():4407, size=40 in 1 chunks
20220805 113742.603 DEBUG            PET0 VMK::recv():4898, size=4 in 1 chunks
20220805 113742.603 DEBUG            PET0 VMK::send():4407, size=60 in 1 chunks
20220805 113742.603 DEBUG            PET0 VMK::recv():4898, size=4 in 1 chunks
20220805 113742.603 DEBUG            PET0 VMK::send():4407, size=40 in 1 chunks
20220805 113742.603 DEBUG            PET0 VMK::recv():4898, size=4 in 1 chunks
20220805 113742.603 DEBUG            PET0 VMK::send():4407, size=4 in 1 chunks
20220805 113742.604 DEBUG            PET0 VMK::send():4407, size=4 in 1 chunks
20220805 113742.604 DEBUG            PET0 VMK::send():4407, size=4 in 1 chunks
20220805 113742.604 DEBUG            PET0 VMK::recv():4898, size=88 in 1 chunks
20220805 113742.604 DEBUG            PET0 VMK::recv():4898, size=132 in 1 chunks
20220805 113742.604 DEBUG            PET0 VMK::recv():4898, size=88 in 1 chunks
20220805 113742.604 DEBUG            PET0 VMK::send():4407, size=132 in 1 chunks
20220805 113742.604 DEBUG            PET0 VMK::send():4407, size=88 in 1 chunks
20220805 113742.604 DEBUG            PET0 VMK::send():4407, size=88 in 1 chunks
20220805 113742.605 DEBUG            PET0 VMK::recv():4898, size=40 in 1 chunks
20220805 113742.605 DEBUG            PET0 VMK::send():4407, size=40 in 1 chunks
20220805 113742.605 DEBUG            PET0 VMK::send():4407, size=40 in 1 chunks
20220805 113742.605 DEBUG            PET0 VMK::send():4407, size=40 in 1 chunks
20220805 113742.605 DEBUG            PET0 VMK::send():4407, size=40 in 1 chunks
20220805 113742.605 DEBUG            PET0 VMK::recv():4898, size=40 in 1 chunks
20220805 113742.605 DEBUG            PET0 VMK::send():4407, size=40 in 1 chunks
20220805 113742.605 DEBUG            PET0 VMK::send():4407, size=40 in 1 chunks
20220805 113742.605 DEBUG            PET0 VMK::send():4407, size=40 in 1 chunks
20220805 113742.605 DEBUG            PET0 VMK::send():4407, size=40 in 1 chunks
20220805 113742.605 DEBUG            PET0 VMK::recv():4898, size=40 in 1 chunks
20220805 113742.606 DEBUG            PET0 VMK::send():4407, size=40 in 1 chunks
20220805 113742.606 DEBUG            PET0 VMK::send():4407, size=40 in 1 chunks
20220805 113742.606 DEBUG            PET0 VMK::send():4407, size=40 in 1 chunks
20220805 113742.606 DEBUG            PET0 VMK::send():4407, size=40 in 1 chunks
20220805 113742.606 DEBUG            PET0 VMK::recv():4898, size=40 in 1 chunks
20220805 113742.606 DEBUG            PET0 VMK::send():4407, size=40 in 1 chunks
20220805 113742.606 DEBUG            PET0 VMK::send():4407, size=40 in 1 chunks
20220805 113742.606 DEBUG            PET0 VMK::send():4407, size=40 in 1 chunks
20220805 113742.606 DEBUG            PET0 VMK::send():4407, size=40 in 1 chunks
20220805 113742.606 DEBUG            PET0 VMK::recv():4898, size=40 in 1 chunks
20220805 113742.606 DEBUG            PET0 VMK::send():4407, size=40 in 1 chunks
20220805 113742.606 DEBUG            PET0 VMK::send():4407, size=40 in 1 chunks
20220805 113742.606 DEBUG            PET0 VMK::send():4407, size=40 in 1 chunks
20220805 113742.606 DEBUG            PET0 VMK::send():4407, size=40 in 1 chunks
20220805 113742.606 DEBUG            PET0 VMK::recv():4898, size=40 in 1 chunks
20220805 113742.606 DEBUG            PET0 VMK::send():4407, size=40 in 1 chunks
20220805 113742.606 DEBUG            PET0 VMK::send():4407, size=40 in 1 chunks
20220805 113742.606 DEBUG            PET0 VMK::send():4407, size=40 in 1 chunks
20220805 113742.606 DEBUG            PET0 VMK::send():4407, size=40 in 1 chunks
20220805 113742.606 DEBUG            PET0 VMK::recv():4898, size=40 in 1 chunks
20220805 113742.606 DEBUG            PET0 VMK::send():4407, size=40 in 1 chunks
20220805 113742.606 DEBUG            PET0 VMK::send():4407, size=40 in 1 chunks
20220805 113742.606 DEBUG            PET0 VMK::send():4407, size=40 in 1 chunks
20220805 113742.606 DEBUG            PET0 VMK::send():4407, size=40 in 1 chunks
20220805 113742.606 DEBUG            PET0 VMK::recv():4898, size=40 in 1 chunks
20220805 113742.606 DEBUG            PET0 VMK::send():4407, size=40 in 1 chunks
20220805 113742.606 DEBUG            PET0 VMK::send():4407, size=40 in 1 chunks
20220805 113742.606 DEBUG            PET0 VMK::send():4407, size=40 in 1 chunks
20220805 113742.606 DEBUG            PET0 VMK::send():4407, size=40 in 1 chunks
20220805 113742.608 DEBUG            PET0 VMK::recv():4898, size=40 in 1 chunks
20220805 113742.608 DEBUG            PET0 VMK::send():4407, size=40 in 1 chunks
20220805 113742.608 DEBUG            PET0 VMK::send():4407, size=40 in 1 chunks
20220805 113742.608 DEBUG            PET0 VMK::send():4407, size=40 in 1 chunks
20220805 113742.608 DEBUG            PET0 VMK::send():4407, size=40 in 1 chunks
20220805 113742.608 DEBUG            PET0 VMK::recv():4898, size=40 in 1 chunks
20220805 113742.608 DEBUG            PET0 VMK::send():4407, size=40 in 1 chunks
20220805 113742.608 DEBUG            PET0 VMK::send():4407, size=40 in 1 chunks
20220805 113742.608 DEBUG            PET0 VMK::send():4407, size=40 in 1 chunks
20220805 113742.608 DEBUG            PET0 VMK::send():4407, size=40 in 1 chunks
20220805 113742.609 DEBUG            PET0 VMK::recv():4898, size=40 in 1 chunks
20220805 113742.609 DEBUG            PET0 VMK::send():4407, size=40 in 1 chunks
20220805 113742.609 DEBUG            PET0 VMK::send():4407, size=40 in 1 chunks
20220805 113742.609 DEBUG            PET0 VMK::send():4407, size=40 in 1 chunks
20220805 113742.609 DEBUG            PET0 VMK::send():4407, size=40 in 1 chunks
20220805 113742.609 DEBUG            PET0 VMK::recv():4898, size=40 in 1 chunks
20220805 113742.609 DEBUG            PET0 VMK::send():4407, size=40 in 1 chunks
20220805 113742.609 DEBUG            PET0 VMK::send():4407, size=40 in 1 chunks
20220805 113742.609 DEBUG            PET0 VMK::send():4407, size=40 in 1 chunks
20220805 113742.609 DEBUG            PET0 VMK::send():4407, size=40 in 1 chunks
20220805 113742.609 DEBUG            PET0 VMK::recv():4898, size=40 in 1 chunks
20220805 113742.609 DEBUG            PET0 VMK::send():4407, size=40 in 1 chunks
20220805 113742.609 DEBUG            PET0 VMK::send():4407, size=40 in 1 chunks
20220805 113742.609 DEBUG            PET0 VMK::send():4407, size=40 in 1 chunks
20220805 113742.609 DEBUG            PET0 VMK::send():4407, size=40 in 1 chunks
20220805 113742.609 DEBUG            PET0 VMK::recv():4898, size=40 in 1 chunks
20220805 113742.609 DEBUG            PET0 VMK::send():4407, size=40 in 1 chunks
20220805 113742.609 DEBUG            PET0 VMK::send():4407, size=40 in 1 chunks
20220805 113742.609 DEBUG            PET0 VMK::send():4407, size=40 in 1 chunks
20220805 113742.609 DEBUG            PET0 VMK::send():4407, size=40 in 1 chunks
20220805 113742.609 DEBUG            PET0 VMK::recv():4898, size=40 in 1 chunks
20220805 113742.609 DEBUG            PET0 VMK::send():4407, size=40 in 1 chunks
20220805 113742.609 DEBUG            PET0 VMK::send():4407, size=40 in 1 chunks
20220805 113742.609 DEBUG            PET0 VMK::send():4407, size=40 in 1 chunks
20220805 113742.609 DEBUG            PET0 VMK::send():4407, size=40 in 1 chunks
20220805 113742.609 DEBUG            PET0 VMK::recv():4898, size=40 in 1 chunks
20220805 113742.609 DEBUG            PET0 VMK::send():4407, size=40 in 1 chunks
20220805 113742.609 DEBUG            PET0 VMK::send():4407, size=40 in 1 chunks
20220805 113742.609 DEBUG            PET0 VMK::send():4407, size=40 in 1 chunks
20220805 113742.609 DEBUG            PET0 VMK::send():4407, size=40 in 1 chunks
20220805 113742.609 DEBUG            PET0 VMK::recv():4898, size=40 in 1 chunks
20220805 113742.609 DEBUG            PET0 VMK::send():4407, size=40 in 1 chunks
20220805 113742.609 DEBUG            PET0 VMK::send():4407, size=40 in 1 chunks
20220805 113742.609 DEBUG            PET0 VMK::send():4407, size=40 in 1 chunks
20220805 113742.609 DEBUG            PET0 VMK::send():4407, size=40 in 1 chunks
20220805 113742.609 DEBUG            PET0 VMK::recv():4898, size=40 in 1 chunks
20220805 113742.609 DEBUG            PET0 VMK::send():4407, size=40 in 1 chunks
20220805 113742.609 DEBUG            PET0 VMK::send():4407, size=40 in 1 chunks
20220805 113742.609 DEBUG            PET0 VMK::send():4407, size=40 in 1 chunks
20220805 113742.609 DEBUG            PET0 VMK::send():4407, size=40 in 1 chunks
20220805 113742.609 DEBUG            PET0 VMK::recv():4898, size=40 in 1 chunks
20220805 113742.609 DEBUG            PET0 VMK::send():4407, size=40 in 1 chunks
20220805 113742.609 DEBUG            PET0 VMK::send():4407, size=40 in 1 chunks
20220805 113742.609 DEBUG            PET0 VMK::send():4407, size=40 in 1 chunks
20220805 113742.609 DEBUG            PET0 VMK::send():4407, size=40 in 1 chunks
20220805 113742.609 DEBUG            PET0 VMK::recv():4898, size=40 in 1 chunks
20220805 113742.609 DEBUG            PET0 VMK::send():4407, size=40 in 1 chunks
20220805 113742.609 DEBUG            PET0 VMK::send():4407, size=40 in 1 chunks
20220805 113742.609 DEBUG            PET0 VMK::send():4407, size=40 in 1 chunks
20220805 113742.609 DEBUG            PET0 VMK::send():4407, size=40 in 1 chunks
20220805 113742.609 DEBUG            PET0 VMK::recv():4898, size=40 in 1 chunks
20220805 113742.609 DEBUG            PET0 VMK::send():4407, size=40 in 1 chunks
20220805 113742.609 DEBUG            PET0 VMK::send():4407, size=40 in 1 chunks
20220805 113742.609 DEBUG            PET0 VMK::send():4407, size=40 in 1 chunks
20220805 113742.609 DEBUG            PET0 VMK::send():4407, size=40 in 1 chunks
20220805 113742.609 DEBUG            PET0 VMK::recv():4898, size=40 in 1 chunks
20220805 113742.609 DEBUG            PET0 VMK::send():4407, size=40 in 1 chunks
20220805 113742.609 DEBUG            PET0 VMK::send():4407, size=40 in 1 chunks
20220805 113742.609 DEBUG            PET0 VMK::send():4407, size=40 in 1 chunks
20220805 113742.609 DEBUG            PET0 VMK::send():4407, size=40 in 1 chunks
20220805 113742.609 DEBUG            PET0 VMK::recv():4898, size=40 in 1 chunks
20220805 113742.609 DEBUG            PET0 VMK::send():4407, size=40 in 1 chunks
20220805 113742.609 DEBUG            PET0 VMK::send():4407, size=40 in 1 chunks
20220805 113742.609 DEBUG            PET0 VMK::send():4407, size=40 in 1 chunks
20220805 113742.609 DEBUG            PET0 VMK::send():4407, size=40 in 1 chunks
20220805 113742.609 DEBUG            PET0 VMK::recv():4898, size=40 in 1 chunks
20220805 113742.609 DEBUG            PET0 VMK::send():4407, size=40 in 1 chunks
20220805 113742.609 DEBUG            PET0 VMK::send():4407, size=40 in 1 chunks
20220805 113742.609 DEBUG            PET0 VMK::send():4407, size=40 in 1 chunks
20220805 113742.609 DEBUG            PET0 VMK::send():4407, size=40 in 1 chunks
20220805 113742.609 DEBUG            PET0 VMK::recv():4898, size=40 in 1 chunks
20220805 113742.609 DEBUG            PET0 VMK::send():4407, size=40 in 1 chunks
20220805 113742.609 DEBUG            PET0 VMK::send():4407, size=40 in 1 chunks
20220805 113742.609 DEBUG            PET0 VMK::send():4407, size=40 in 1 chunks
20220805 113742.609 DEBUG            PET0 VMK::send():4407, size=40 in 1 chunks
20220805 113742.609 DEBUG            PET0 VMK::recv():4898, size=40 in 1 chunks
20220805 113742.609 DEBUG            PET0 VMK::send():4407, size=40 in 1 chunks
20220805 113742.609 DEBUG            PET0 VMK::send():4407, size=40 in 1 chunks
20220805 113742.609 DEBUG            PET0 VMK::send():4407, size=40 in 1 chunks
20220805 113742.609 DEBUG            PET0 VMK::send():4407, size=40 in 1 chunks
20220805 113742.609 DEBUG            PET0 VMK::recv():4898, size=40 in 1 chunks
20220805 113742.609 DEBUG            PET0 VMK::send():4407, size=40 in 1 chunks
20220805 113742.610 DEBUG            PET0 VMK::send():4407, size=40 in 1 chunks
20220805 113742.610 DEBUG            PET0 VMK::send():4407, size=40 in 1 chunks
20220805 113742.610 DEBUG            PET0 VMK::send():4407, size=40 in 1 chunks
20220805 113742.610 DEBUG            PET0 VMK::recv():4898, size=40 in 1 chunks
20220805 113742.610 DEBUG            PET0 VMK::send():4407, size=40 in 1 chunks
20220805 113742.610 DEBUG            PET0 VMK::send():4407, size=40 in 1 chunks
20220805 113742.610 DEBUG            PET0 VMK::send():4407, size=40 in 1 chunks
20220805 113742.610 DEBUG            PET0 VMK::send():4407, size=40 in 1 chunks
20220805 113742.610 DEBUG            PET0 VMK::recv():4898, size=40 in 1 chunks
20220805 113742.610 DEBUG            PET0 VMK::send():4407, size=40 in 1 chunks
20220805 113742.610 DEBUG            PET0 VMK::send():4407, size=40 in 1 chunks
20220805 113742.610 DEBUG            PET0 VMK::send():4407, size=40 in 1 chunks
20220805 113742.610 DEBUG            PET0 VMK::send():4407, size=40 in 1 chunks
20220805 113742.610 DEBUG            PET0 VMK::recv():4898, size=40 in 1 chunks
20220805 113742.610 DEBUG            PET0 VMK::send():4407, size=40 in 1 chunks
20220805 113742.610 DEBUG            PET0 VMK::send():4407, size=40 in 1 chunks
20220805 113742.610 DEBUG            PET0 VMK::send():4407, size=40 in 1 chunks
20220805 113742.610 DEBUG            PET0 VMK::send():4407, size=40 in 1 chunks
20220805 113742.610 DEBUG            PET0 VMK::recv():4898, size=40 in 1 chunks
20220805 113742.610 DEBUG            PET0 VMK::send():4407, size=40 in 1 chunks
20220805 113742.610 DEBUG            PET0 VMK::send():4407, size=40 in 1 chunks
20220805 113742.610 DEBUG            PET0 VMK::send():4407, size=40 in 1 chunks
20220805 113742.610 DEBUG            PET0 VMK::send():4407, size=40 in 1 chunks
20220805 113742.610 DEBUG            PET0 VMK::recv():4898, size=40 in 1 chunks
20220805 113742.610 DEBUG            PET0 VMK::send():4407, size=40 in 1 chunks
20220805 113742.610 DEBUG            PET0 VMK::send():4407, size=40 in 1 chunks
20220805 113742.610 DEBUG            PET0 VMK::send():4407, size=40 in 1 chunks
20220805 113742.610 DEBUG            PET0 VMK::send():4407, size=40 in 1 chunks
20220805 113742.610 DEBUG            PET0 VMK::recv():4898, size=12 in 1 chunks
20220805 113742.610 DEBUG            PET0 VMK::recv():4898, size=8 in 1 chunks
20220805 113742.610 DEBUG            PET0 VMK::recv():4898, size=8 in 1 chunks
20220805 113742.610 DEBUG            PET0 VMK::send():4407, size=8 in 1 chunks
20220805 113742.610 DEBUG            PET0 VMK::send():4407, size=12 in 1 chunks
20220805 113742.610 DEBUG            PET0 VMK::send():4407, size=8 in 1 chunks
20220805 113742.610 DEBUG            PET0 VMK::recv():4898, size=48 in 1 chunks
20220805 113742.610 DEBUG            PET0 VMK::recv():4898, size=32 in 1 chunks
20220805 113742.610 DEBUG            PET0 VMK::recv():4898, size=32 in 1 chunks
20220805 113742.610 DEBUG            PET0 VMK::send():4407, size=32 in 1 chunks
20220805 113742.610 DEBUG            PET0 VMK::send():4407, size=48 in 1 chunks
20220805 113742.610 DEBUG            PET0 VMK::send():4407, size=32 in 1 chunks
20220805 113742.610 DEBUG            PET0 VMK::recv():4898, size=24 in 1 chunks
20220805 113742.610 DEBUG            PET0 VMK::recv():4898, size=16 in 1 chunks
20220805 113742.610 DEBUG            PET0 VMK::recv():4898, size=16 in 1 chunks
20220805 113742.610 DEBUG            PET0 VMK::send():4407, size=16 in 1 chunks
20220805 113742.610 DEBUG            PET0 VMK::send():4407, size=24 in 1 chunks
20220805 113742.610 DEBUG            PET0 VMK::send():4407, size=16 in 1 chunks
20220805 113742.610 DEBUG            PET0 VMK::recv():4898, size=12 in 1 chunks
20220805 113742.610 DEBUG            PET0 VMK::recv():4898, size=8 in 1 chunks
20220805 113742.610 DEBUG            PET0 VMK::recv():4898, size=8 in 1 chunks
20220805 113742.610 DEBUG            PET0 VMK::send():4407, size=8 in 1 chunks
20220805 113742.610 DEBUG            PET0 VMK::send():4407, size=12 in 1 chunks
20220805 113742.610 DEBUG            PET0 VMK::send():4407, size=8 in 1 chunks
20220805 113742.610 DEBUG            PET0 VMK::recv():4898, size=48 in 1 chunks
20220805 113742.610 DEBUG            PET0 VMK::recv():4898, size=32 in 1 chunks
20220805 113742.610 DEBUG            PET0 VMK::recv():4898, size=32 in 1 chunks
20220805 113742.610 DEBUG            PET0 VMK::send():4407, size=32 in 1 chunks
20220805 113742.611 DEBUG            PET0 VMK::send():4407, size=48 in 1 chunks
20220805 113742.611 DEBUG            PET0 VMK::send():4407, size=32 in 1 chunks
20220805 113742.611 DEBUG            PET0 VMK::send():4407, size=80 in 1 chunks
20220805 113742.611 DEBUG            PET0 VMK::send():4407, size=80 in 1 chunks
20220805 113742.611 DEBUG            PET0 VMK::send():4407, size=80 in 1 chunks
20220805 113742.611 DEBUG            PET0 VMK::recv():4898, size=60 in 1 chunks
20220805 113742.611 DEBUG            PET0 VMK::recv():4898, size=40 in 1 chunks
20220805 113742.611 DEBUG            PET0 VMK::recv():4898, size=40 in 1 chunks
20220805 113742.611 DEBUG            PET0 VMK::send():4407, size=40 in 1 chunks
20220805 113742.611 DEBUG            PET0 VMK::recv():4898, size=4 in 1 chunks
20220805 113742.611 DEBUG            PET0 VMK::send():4407, size=60 in 1 chunks
20220805 113742.611 DEBUG            PET0 VMK::recv():4898, size=4 in 1 chunks
20220805 113742.611 DEBUG            PET0 VMK::send():4407, size=40 in 1 chunks
20220805 113742.611 DEBUG            PET0 VMK::recv():4898, size=4 in 1 chunks
20220805 113742.611 DEBUG            PET0 VMK::send():4407, size=4 in 1 chunks
20220805 113742.611 DEBUG            PET0 VMK::send():4407, size=4 in 1 chunks
20220805 113742.611 DEBUG            PET0 VMK::send():4407, size=4 in 1 chunks
20220805 113742.611 DEBUG            PET0 VMK::recv():4898, size=88 in 1 chunks
20220805 113742.611 DEBUG            PET0 VMK::recv():4898, size=132 in 1 chunks
20220805 113742.611 DEBUG            PET0 VMK::recv():4898, size=88 in 1 chunks
20220805 113742.611 DEBUG            PET0 VMK::send():4407, size=132 in 1 chunks
20220805 113742.611 DEBUG            PET0 VMK::send():4407, size=88 in 1 chunks
20220805 113742.611 DEBUG            PET0 VMK::send():4407, size=88 in 1 chunks
20220805 113742.611 DEBUG            PET0 VMK::send():4407, size=200 in 1 chunks
20220805 113742.611 DEBUG            PET0 VMK::recv():4898, size=4 in 1 chunks
20220805 113742.611 DEBUG            PET0 VMK::send():4407, size=200 in 1 chunks
20220805 113742.611 DEBUG            PET0 VMK::recv():4898, size=4 in 1 chunks
20220805 113742.611 DEBUG            PET0 VMK::send():4407, size=200 in 1 chunks
20220805 113742.611 DEBUG            PET0 VMK::recv():4898, size=4 in 1 chunks
20220805 113742.611 DEBUG            PET0 VMK::recv():4898, size=440 in 1 chunks
20220805 113742.611 DEBUG            PET0 VMK::recv():4898, size=440 in 1 chunks
20220805 113742.611 DEBUG            PET0 VMK::recv():4898, size=440 in 1 chunks
20220805 113742.612 DEBUG            PET0 VMK::recv():4898, size=40 in 1 chunks
20220805 113742.612 DEBUG            PET0 VMK::send():4407, size=40 in 1 chunks
20220805 113742.612 DEBUG            PET0 VMK::recv():4898, size=40 in 1 chunks
20220805 113742.612 DEBUG            PET0 VMK::recv():4898, size=40 in 1 chunks
20220805 113742.612 DEBUG            PET0 VMK::recv():4898, size=40 in 1 chunks
20220805 113742.612 DEBUG            PET0 VMK::recv():4898, size=40 in 1 chunks
20220805 113742.612 DEBUG            PET0 VMK::send():4407, size=40 in 1 chunks
20220805 113742.612 DEBUG            PET0 VMK::recv():4898, size=40 in 1 chunks
20220805 113742.612 DEBUG            PET0 VMK::recv():4898, size=40 in 1 chunks
20220805 113742.612 DEBUG            PET0 VMK::recv():4898, size=40 in 1 chunks
20220805 113742.612 DEBUG            PET0 VMK::recv():4898, size=40 in 1 chunks
20220805 113742.612 DEBUG            PET0 VMK::send():4407, size=40 in 1 chunks
20220805 113742.612 DEBUG            PET0 VMK::recv():4898, size=40 in 1 chunks
20220805 113742.612 DEBUG            PET0 VMK::recv():4898, size=40 in 1 chunks
20220805 113742.612 DEBUG            PET0 VMK::recv():4898, size=40 in 1 chunks
20220805 113742.612 DEBUG            PET0 VMK::recv():4898, size=40 in 1 chunks
20220805 113742.612 DEBUG            PET0 VMK::send():4407, size=40 in 1 chunks
20220805 113742.612 DEBUG            PET0 VMK::recv():4898, size=40 in 1 chunks
20220805 113742.612 DEBUG            PET0 VMK::recv():4898, size=40 in 1 chunks
20220805 113742.612 DEBUG            PET0 VMK::recv():4898, size=40 in 1 chunks
20220805 113742.612 DEBUG            PET0 VMK::recv():4898, size=40 in 1 chunks
20220805 113742.612 DEBUG            PET0 VMK::send():4407, size=40 in 1 chunks
20220805 113742.612 DEBUG            PET0 VMK::recv():4898, size=40 in 1 chunks
20220805 113742.612 DEBUG            PET0 VMK::recv():4898, size=40 in 1 chunks
20220805 113742.612 DEBUG            PET0 VMK::recv():4898, size=40 in 1 chunks
20220805 113742.612 DEBUG            PET0 VMK::recv():4898, size=40 in 1 chunks
20220805 113742.612 DEBUG            PET0 VMK::send():4407, size=40 in 1 chunks
20220805 113742.612 DEBUG            PET0 VMK::recv():4898, size=40 in 1 chunks
20220805 113742.612 DEBUG            PET0 VMK::recv():4898, size=40 in 1 chunks
20220805 113742.612 DEBUG            PET0 VMK::recv():4898, size=40 in 1 chunks
20220805 113742.612 DEBUG            PET0 VMK::recv():4898, size=40 in 1 chunks
20220805 113742.612 DEBUG            PET0 VMK::send():4407, size=40 in 1 chunks
20220805 113742.612 DEBUG            PET0 VMK::recv():4898, size=40 in 1 chunks
20220805 113742.612 DEBUG            PET0 VMK::recv():4898, size=40 in 1 chunks
20220805 113742.612 DEBUG            PET0 VMK::recv():4898, size=40 in 1 chunks
20220805 113742.612 DEBUG            PET0 VMK::recv():4898, size=40 in 1 chunks
20220805 113742.612 DEBUG            PET0 VMK::send():4407, size=40 in 1 chunks
20220805 113742.612 DEBUG            PET0 VMK::recv():4898, size=40 in 1 chunks
20220805 113742.612 DEBUG            PET0 VMK::recv():4898, size=40 in 1 chunks
20220805 113742.612 DEBUG            PET0 VMK::recv():4898, size=40 in 1 chunks
20220805 113742.612 DEBUG            PET0 VMK::recv():4898, size=40 in 1 chunks
20220805 113742.612 DEBUG            PET0 VMK::send():4407, size=40 in 1 chunks
20220805 113742.612 DEBUG            PET0 VMK::recv():4898, size=40 in 1 chunks
20220805 113742.612 DEBUG            PET0 VMK::recv():4898, size=40 in 1 chunks
20220805 113742.612 DEBUG            PET0 VMK::recv():4898, size=40 in 1 chunks
20220805 113742.612 DEBUG            PET0 VMK::recv():4898, size=40 in 1 chunks
20220805 113742.612 DEBUG            PET0 VMK::send():4407, size=40 in 1 chunks
20220805 113742.612 DEBUG            PET0 VMK::recv():4898, size=40 in 1 chunks
20220805 113742.612 DEBUG            PET0 VMK::recv():4898, size=40 in 1 chunks
20220805 113742.612 DEBUG            PET0 VMK::recv():4898, size=40 in 1 chunks
20220805 113742.612 DEBUG            PET0 VMK::recv():4898, size=40 in 1 chunks
20220805 113742.612 DEBUG            PET0 VMK::recv():4898, size=40 in 1 chunks
20220805 113742.612 DEBUG            PET0 VMK::send():4407, size=40 in 1 chunks
20220805 113742.612 DEBUG            PET0 VMK::recv():4898, size=40 in 1 chunks
20220805 113742.612 DEBUG            PET0 VMK::recv():4898, size=40 in 1 chunks
20220805 113742.612 DEBUG            PET0 VMK::recv():4898, size=40 in 1 chunks
20220805 113742.612 DEBUG            PET0 VMK::recv():4898, size=40 in 1 chunks
20220805 113742.612 DEBUG            PET0 VMK::send():4407, size=40 in 1 chunks
20220805 113742.612 DEBUG            PET0 VMK::recv():4898, size=40 in 1 chunks
20220805 113742.612 DEBUG            PET0 VMK::recv():4898, size=40 in 1 chunks
20220805 113742.612 DEBUG            PET0 VMK::recv():4898, size=40 in 1 chunks
20220805 113742.612 DEBUG            PET0 VMK::recv():4898, size=40 in 1 chunks
20220805 113742.612 DEBUG            PET0 VMK::send():4407, size=40 in 1 chunks
20220805 113742.612 DEBUG            PET0 VMK::recv():4898, size=40 in 1 chunks
20220805 113742.612 DEBUG            PET0 VMK::recv():4898, size=40 in 1 chunks
20220805 113742.612 DEBUG            PET0 VMK::recv():4898, size=40 in 1 chunks
20220805 113742.612 DEBUG            PET0 VMK::recv():4898, size=40 in 1 chunks
20220805 113742.612 DEBUG            PET0 VMK::send():4407, size=40 in 1 chunks
20220805 113742.612 DEBUG            PET0 VMK::recv():4898, size=40 in 1 chunks
20220805 113742.612 DEBUG            PET0 VMK::recv():4898, size=40 in 1 chunks
20220805 113742.612 DEBUG            PET0 VMK::recv():4898, size=40 in 1 chunks
20220805 113742.613 DEBUG            PET0 VMK::recv():4898, size=40 in 1 chunks
20220805 113742.613 DEBUG            PET0 VMK::send():4407, size=40 in 1 chunks
20220805 113742.613 DEBUG            PET0 VMK::recv():4898, size=40 in 1 chunks
20220805 113742.613 DEBUG            PET0 VMK::recv():4898, size=40 in 1 chunks
20220805 113742.613 DEBUG            PET0 VMK::recv():4898, size=40 in 1 chunks
20220805 113742.613 DEBUG            PET0 VMK::recv():4898, size=40 in 1 chunks
20220805 113742.613 DEBUG            PET0 VMK::send():4407, size=40 in 1 chunks
20220805 113742.613 DEBUG            PET0 VMK::recv():4898, size=40 in 1 chunks
20220805 113742.613 DEBUG            PET0 VMK::recv():4898, size=40 in 1 chunks
20220805 113742.613 DEBUG            PET0 VMK::recv():4898, size=40 in 1 chunks
20220805 113742.613 DEBUG            PET0 VMK::recv():4898, size=40 in 1 chunks
20220805 113742.613 DEBUG            PET0 VMK::send():4407, size=40 in 1 chunks
20220805 113742.613 DEBUG            PET0 VMK::recv():4898, size=40 in 1 chunks
20220805 113742.613 DEBUG            PET0 VMK::recv():4898, size=40 in 1 chunks
20220805 113742.613 DEBUG            PET0 VMK::recv():4898, size=40 in 1 chunks
20220805 113742.613 DEBUG            PET0 VMK::recv():4898, size=40 in 1 chunks
20220805 113742.613 DEBUG            PET0 VMK::send():4407, size=40 in 1 chunks
20220805 113742.613 DEBUG            PET0 VMK::recv():4898, size=40 in 1 chunks
20220805 113742.613 DEBUG            PET0 VMK::recv():4898, size=40 in 1 chunks
20220805 113742.613 DEBUG            PET0 VMK::recv():4898, size=40 in 1 chunks
20220805 113742.613 DEBUG            PET0 VMK::recv():4898, size=40 in 1 chunks
20220805 113742.613 DEBUG            PET0 VMK::send():4407, size=40 in 1 chunks
20220805 113742.613 DEBUG            PET0 VMK::recv():4898, size=40 in 1 chunks
20220805 113742.613 DEBUG            PET0 VMK::recv():4898, size=40 in 1 chunks
20220805 113742.613 DEBUG            PET0 VMK::recv():4898, size=40 in 1 chunks
20220805 113742.613 DEBUG            PET0 VMK::recv():4898, size=40 in 1 chunks
20220805 113742.613 DEBUG            PET0 VMK::send():4407, size=40 in 1 chunks
20220805 113742.613 DEBUG            PET0 VMK::recv():4898, size=40 in 1 chunks
20220805 113742.613 DEBUG            PET0 VMK::recv():4898, size=40 in 1 chunks
20220805 113742.613 DEBUG            PET0 VMK::recv():4898, size=40 in 1 chunks
20220805 113742.613 DEBUG            PET0 VMK::recv():4898, size=40 in 1 chunks
20220805 113742.613 DEBUG            PET0 VMK::recv():4898, size=40 in 1 chunks
20220805 113742.613 DEBUG            PET0 VMK::recv():4898, size=40 in 1 chunks
20220805 113742.613 DEBUG            PET0 VMK::send():4407, size=40 in 1 chunks
20220805 113742.613 DEBUG            PET0 VMK::recv():4898, size=40 in 1 chunks
20220805 113742.613 DEBUG            PET0 VMK::recv():4898, size=40 in 1 chunks
20220805 113742.613 DEBUG            PET0 VMK::recv():4898, size=40 in 1 chunks
20220805 113742.613 DEBUG            PET0 VMK::recv():4898, size=40 in 1 chunks
20220805 113742.613 DEBUG            PET0 VMK::send():4407, size=40 in 1 chunks
20220805 113742.613 DEBUG            PET0 VMK::recv():4898, size=40 in 1 chunks
20220805 113742.613 DEBUG            PET0 VMK::recv():4898, size=40 in 1 chunks
20220805 113742.613 DEBUG            PET0 VMK::recv():4898, size=40 in 1 chunks
20220805 113742.613 DEBUG            PET0 VMK::recv():4898, size=40 in 1 chunks
20220805 113742.613 DEBUG            PET0 VMK::send():4407, size=40 in 1 chunks
20220805 113742.613 DEBUG            PET0 VMK::recv():4898, size=40 in 1 chunks
20220805 113742.613 DEBUG            PET0 VMK::recv():4898, size=40 in 1 chunks
20220805 113742.613 DEBUG            PET0 VMK::recv():4898, size=40 in 1 chunks
20220805 113742.613 DEBUG            PET0 VMK::recv():4898, size=40 in 1 chunks
20220805 113742.613 DEBUG            PET0 VMK::send():4407, size=40 in 1 chunks
20220805 113742.613 DEBUG            PET0 VMK::recv():4898, size=40 in 1 chunks
20220805 113742.613 DEBUG            PET0 VMK::recv():4898, size=40 in 1 chunks
20220805 113742.613 DEBUG            PET0 VMK::recv():4898, size=40 in 1 chunks
20220805 113742.613 DEBUG            PET0 VMK::recv():4898, size=40 in 1 chunks
20220805 113742.613 DEBUG            PET0 VMK::send():4407, size=40 in 1 chunks
20220805 113742.613 DEBUG            PET0 VMK::recv():4898, size=40 in 1 chunks
20220805 113742.613 DEBUG            PET0 VMK::recv():4898, size=40 in 1 chunks
20220805 113742.613 DEBUG            PET0 VMK::recv():4898, size=40 in 1 chunks
20220805 113742.613 DEBUG            PET0 VMK::recv():4898, size=40 in 1 chunks
20220805 113742.613 DEBUG            PET0 VMK::send():4407, size=40 in 1 chunks
20220805 113742.613 DEBUG            PET0 VMK::recv():4898, size=40 in 1 chunks
20220805 113742.613 DEBUG            PET0 VMK::recv():4898, size=40 in 1 chunks
20220805 113742.613 DEBUG            PET0 VMK::recv():4898, size=40 in 1 chunks
20220805 113742.613 DEBUG            PET0 VMK::recv():4898, size=40 in 1 chunks
20220805 113742.613 DEBUG            PET0 VMK::send():4407, size=40 in 1 chunks
20220805 113742.613 DEBUG            PET0 VMK::recv():4898, size=40 in 1 chunks
20220805 113742.613 DEBUG            PET0 VMK::recv():4898, size=40 in 1 chunks
20220805 113742.613 DEBUG            PET0 VMK::recv():4898, size=40 in 1 chunks
20220805 113742.613 DEBUG            PET0 VMK::recv():4898, size=40 in 1 chunks
20220805 113742.613 DEBUG            PET0 VMK::send():4407, size=40 in 1 chunks
20220805 113742.613 DEBUG            PET0 VMK::recv():4898, size=40 in 1 chunks
20220805 113742.613 DEBUG            PET0 VMK::recv():4898, size=40 in 1 chunks
20220805 113742.613 DEBUG            PET0 VMK::recv():4898, size=40 in 1 chunks
20220805 113742.613 DEBUG            PET0 VMK::recv():4898, size=40 in 1 chunks
20220805 113742.613 DEBUG            PET0 VMK::send():4407, size=40 in 1 chunks
20220805 113742.613 DEBUG            PET0 VMK::recv():4898, size=40 in 1 chunks
20220805 113742.613 DEBUG            PET0 VMK::recv():4898, size=40 in 1 chunks
20220805 113742.613 DEBUG            PET0 VMK::recv():4898, size=40 in 1 chunks
20220805 113742.613 DEBUG            PET0 VMK::recv():4898, size=40 in 1 chunks
20220805 113742.613 DEBUG            PET0 VMK::send():4407, size=40 in 1 chunks
20220805 113742.613 DEBUG            PET0 VMK::recv():4898, size=40 in 1 chunks
20220805 113742.613 DEBUG            PET0 VMK::recv():4898, size=40 in 1 chunks
20220805 113742.614 DEBUG            PET0 VMK::recv():4898, size=40 in 1 chunks
20220805 113742.614 DEBUG            PET0 VMK::recv():4898, size=40 in 1 chunks
20220805 113742.614 DEBUG            PET0 VMK::send():4407, size=40 in 1 chunks
20220805 113742.614 DEBUG            PET0 VMK::recv():4898, size=40 in 1 chunks
20220805 113742.614 DEBUG            PET0 VMK::recv():4898, size=40 in 1 chunks
20220805 113742.614 DEBUG            PET0 VMK::recv():4898, size=40 in 1 chunks
20220805 113742.614 DEBUG            PET0 VMK::recv():4898, size=40 in 1 chunks
20220805 113742.614 DEBUG            PET0 VMK::send():4407, size=40 in 1 chunks
20220805 113742.614 INFO             PET0  NUMBER_OF_PROCESSORS            4
20220805 113742.614 INFO             PET0  PASS  Example ESMF_ArrayScatterGatherArbEx, ESMF_ArrayScatterGatherArbEx.F90, line 313
20220805 113742.614 INFO             PET0 Finalizing ESMF
20220805 113742.614 DEBUG            PET0 epochFinal
20220805 113742.599 INFO             PET1 !!!!!!!!!!!!!!!!!!!!!!!!!!!!!!!!!!!!!!!!!!!!!!!!!!!!!!
20220805 113742.599 INFO             PET1 !!! THE ESMF_LOG IS SET TO OUTPUT ALL LOG MESSAGES !!!
20220805 113742.599 INFO             PET1 !!!     THIS MAY CAUSE SLOWDOWN IN PERFORMANCE     !!!
20220805 113742.599 INFO             PET1 !!! FOR PRODUCTION RUNS, USE:                      !!!
20220805 113742.599 INFO             PET1 !!!                   ESMF_LOGKIND_Multi_On_Error  !!!
20220805 113742.599 INFO             PET1 !!!!!!!!!!!!!!!!!!!!!!!!!!!!!!!!!!!!!!!!!!!!!!!!!!!!!!
20220805 113742.599 INFO             PET1 Running with ESMF Version   : v8.3.0b17-27-g5b5163fc0a
20220805 113742.599 INFO             PET1 ESMF library build date/time: "Aug  5 2022" "10:35:58"
20220805 113742.599 INFO             PET1 ESMF library build location : /glade/scratch/dunlap/esmf-testing/nvhpc_22.2_mpt_g_feature_large-messages/esmf
20220805 113742.599 INFO             PET1 ESMF_COMM                   : mpt
20220805 113742.599 INFO             PET1 ESMF_MOAB                   : enabled
20220805 113742.599 INFO             PET1 ESMF_LAPACK                 : enabled
20220805 113742.599 INFO             PET1 ESMF_NETCDF                 : enabled
20220805 113742.599 INFO             PET1 ESMF_PNETCDF                : disabled
20220805 113742.599 INFO             PET1 ESMF_PIO                    : enabled
20220805 113742.599 INFO             PET1 ESMF_YAMLCPP                : enabled
20220805 113742.602 DEBUG            PET1 VMK::recv():4898, size=40 in 1 chunks
20220805 113742.602 DEBUG            PET1 VMK::recv():4898, size=160 in 1 chunks
20220805 113742.602 DEBUG            PET1 VMK::recv():4898, size=80 in 1 chunks
20220805 113742.602 DEBUG            PET1 VMK::recv():4898, size=40 in 1 chunks
20220805 113742.602 DEBUG            PET1 VMK::recv():4898, size=160 in 1 chunks
20220805 113742.602 DEBUG            PET1 VMK::recv():4898, size=24 in 1 chunks
20220805 113742.602 DEBUG            PET1 VMK::recv():4898, size=24 in 1 chunks
20220805 113742.602 DEBUG            PET1 VMK::recv():4898, size=16 in 1 chunks
20220805 113742.602 DEBUG            PET1 VMK::send():4407, size=24 in 1 chunks
20220805 113742.602 DEBUG            PET1 VMK::send():4407, size=16 in 1 chunks
20220805 113742.602 DEBUG            PET1 VMK::send():4407, size=24 in 1 chunks
20220805 113742.602 DEBUG            PET1 VMK::recv():4898, size=200 in 1 chunks
20220805 113742.602 DEBUG            PET1 VMK::send():4407, size=4 in 1 chunks
20220805 113742.602 DEBUG            PET1 VMK::send():4407, size=440 in 1 chunks
20220805 113742.602 DEBUG            PET1 VMK::recv():4898, size=60 in 1 chunks
20220805 113742.602 DEBUG            PET1 VMK::recv():4898, size=60 in 1 chunks
20220805 113742.602 DEBUG            PET1 VMK::recv():4898, size=40 in 1 chunks
20220805 113742.602 DEBUG            PET1 VMK::send():4407, size=60 in 1 chunks
20220805 113742.602 DEBUG            PET1 VMK::recv():4898, size=4 in 1 chunks
20220805 113742.603 DEBUG            PET1 VMK::send():4407, size=40 in 1 chunks
20220805 113742.603 DEBUG            PET1 VMK::recv():4898, size=4 in 1 chunks
20220805 113742.603 DEBUG            PET1 VMK::send():4407, size=60 in 1 chunks
20220805 113742.603 DEBUG            PET1 VMK::recv():4898, size=4 in 1 chunks
20220805 113742.603 DEBUG            PET1 VMK::send():4407, size=4 in 1 chunks
20220805 113742.603 DEBUG            PET1 VMK::send():4407, size=4 in 1 chunks
20220805 113742.603 DEBUG            PET1 VMK::send():4407, size=4 in 1 chunks
20220805 113742.604 DEBUG            PET1 VMK::recv():4898, size=132 in 1 chunks
20220805 113742.604 DEBUG            PET1 VMK::recv():4898, size=88 in 1 chunks
20220805 113742.604 DEBUG            PET1 VMK::recv():4898, size=132 in 1 chunks
20220805 113742.604 DEBUG            PET1 VMK::send():4407, size=132 in 1 chunks
20220805 113742.604 DEBUG            PET1 VMK::send():4407, size=132 in 1 chunks
20220805 113742.604 DEBUG            PET1 VMK::send():4407, size=88 in 1 chunks
20220805 113742.605 DEBUG            PET1 VMK::recv():4898, size=40 in 1 chunks
20220805 113742.605 DEBUG            PET1 VMK::recv():4898, size=40 in 1 chunks
20220805 113742.605 DEBUG            PET1 VMK::recv():4898, size=40 in 1 chunks
20220805 113742.606 DEBUG            PET1 VMK::recv():4898, size=40 in 1 chunks
20220805 113742.606 DEBUG            PET1 VMK::recv():4898, size=40 in 1 chunks
20220805 113742.606 DEBUG            PET1 VMK::recv():4898, size=40 in 1 chunks
20220805 113742.606 DEBUG            PET1 VMK::recv():4898, size=40 in 1 chunks
20220805 113742.606 DEBUG            PET1 VMK::recv():4898, size=40 in 1 chunks
20220805 113742.608 DEBUG            PET1 VMK::recv():4898, size=40 in 1 chunks
20220805 113742.608 DEBUG            PET1 VMK::recv():4898, size=40 in 1 chunks
20220805 113742.609 DEBUG            PET1 VMK::recv():4898, size=40 in 1 chunks
20220805 113742.609 DEBUG            PET1 VMK::recv():4898, size=40 in 1 chunks
20220805 113742.609 DEBUG            PET1 VMK::recv():4898, size=40 in 1 chunks
20220805 113742.609 DEBUG            PET1 VMK::recv():4898, size=40 in 1 chunks
20220805 113742.609 DEBUG            PET1 VMK::recv():4898, size=40 in 1 chunks
20220805 113742.609 DEBUG            PET1 VMK::recv():4898, size=40 in 1 chunks
20220805 113742.609 DEBUG            PET1 VMK::recv():4898, size=40 in 1 chunks
20220805 113742.609 DEBUG            PET1 VMK::recv():4898, size=40 in 1 chunks
20220805 113742.609 DEBUG            PET1 VMK::recv():4898, size=40 in 1 chunks
20220805 113742.609 DEBUG            PET1 VMK::recv():4898, size=40 in 1 chunks
20220805 113742.609 DEBUG            PET1 VMK::recv():4898, size=40 in 1 chunks
20220805 113742.609 DEBUG            PET1 VMK::recv():4898, size=40 in 1 chunks
20220805 113742.609 DEBUG            PET1 VMK::recv():4898, size=40 in 1 chunks
20220805 113742.609 DEBUG            PET1 VMK::recv():4898, size=40 in 1 chunks
20220805 113742.609 DEBUG            PET1 VMK::recv():4898, size=40 in 1 chunks
20220805 113742.609 DEBUG            PET1 VMK::recv():4898, size=40 in 1 chunks
20220805 113742.609 DEBUG            PET1 VMK::recv():4898, size=40 in 1 chunks
20220805 113742.610 DEBUG            PET1 VMK::recv():4898, size=40 in 1 chunks
20220805 113742.610 DEBUG            PET1 VMK::recv():4898, size=40 in 1 chunks
20220805 113742.610 DEBUG            PET1 VMK::recv():4898, size=40 in 1 chunks
20220805 113742.610 DEBUG            PET1 VMK::recv():4898, size=40 in 1 chunks
20220805 113742.610 DEBUG            PET1 VMK::recv():4898, size=40 in 1 chunks
20220805 113742.610 DEBUG            PET1 VMK::recv():4898, size=12 in 1 chunks
20220805 113742.610 DEBUG            PET1 VMK::recv():4898, size=12 in 1 chunks
20220805 113742.610 DEBUG            PET1 VMK::recv():4898, size=8 in 1 chunks
20220805 113742.610 DEBUG            PET1 VMK::send():4407, size=12 in 1 chunks
20220805 113742.610 DEBUG            PET1 VMK::send():4407, size=8 in 1 chunks
20220805 113742.610 DEBUG            PET1 VMK::send():4407, size=12 in 1 chunks
20220805 113742.610 DEBUG            PET1 VMK::recv():4898, size=48 in 1 chunks
20220805 113742.610 DEBUG            PET1 VMK::recv():4898, size=48 in 1 chunks
20220805 113742.610 DEBUG            PET1 VMK::recv():4898, size=32 in 1 chunks
20220805 113742.610 DEBUG            PET1 VMK::send():4407, size=48 in 1 chunks
20220805 113742.610 DEBUG            PET1 VMK::send():4407, size=32 in 1 chunks
20220805 113742.610 DEBUG            PET1 VMK::send():4407, size=48 in 1 chunks
20220805 113742.610 DEBUG            PET1 VMK::recv():4898, size=24 in 1 chunks
20220805 113742.610 DEBUG            PET1 VMK::recv():4898, size=24 in 1 chunks
20220805 113742.610 DEBUG            PET1 VMK::recv():4898, size=16 in 1 chunks
20220805 113742.610 DEBUG            PET1 VMK::send():4407, size=24 in 1 chunks
20220805 113742.610 DEBUG            PET1 VMK::send():4407, size=16 in 1 chunks
20220805 113742.610 DEBUG            PET1 VMK::send():4407, size=24 in 1 chunks
20220805 113742.610 DEBUG            PET1 VMK::recv():4898, size=12 in 1 chunks
20220805 113742.610 DEBUG            PET1 VMK::recv():4898, size=12 in 1 chunks
20220805 113742.610 DEBUG            PET1 VMK::recv():4898, size=8 in 1 chunks
20220805 113742.610 DEBUG            PET1 VMK::send():4407, size=12 in 1 chunks
20220805 113742.610 DEBUG            PET1 VMK::send():4407, size=8 in 1 chunks
20220805 113742.610 DEBUG            PET1 VMK::send():4407, size=12 in 1 chunks
20220805 113742.610 DEBUG            PET1 VMK::recv():4898, size=48 in 1 chunks
20220805 113742.610 DEBUG            PET1 VMK::recv():4898, size=48 in 1 chunks
20220805 113742.611 DEBUG            PET1 VMK::recv():4898, size=32 in 1 chunks
20220805 113742.611 DEBUG            PET1 VMK::send():4407, size=48 in 1 chunks
20220805 113742.611 DEBUG            PET1 VMK::send():4407, size=32 in 1 chunks
20220805 113742.611 DEBUG            PET1 VMK::send():4407, size=48 in 1 chunks
20220805 113742.611 DEBUG            PET1 VMK::recv():4898, size=80 in 1 chunks
20220805 113742.611 DEBUG            PET1 VMK::recv():4898, size=60 in 1 chunks
20220805 113742.611 DEBUG            PET1 VMK::recv():4898, size=60 in 1 chunks
20220805 113742.611 DEBUG            PET1 VMK::recv():4898, size=40 in 1 chunks
20220805 113742.611 DEBUG            PET1 VMK::send():4407, size=60 in 1 chunks
20220805 113742.611 DEBUG            PET1 VMK::recv():4898, size=4 in 1 chunks
20220805 113742.611 DEBUG            PET1 VMK::send():4407, size=40 in 1 chunks
20220805 113742.611 DEBUG            PET1 VMK::recv():4898, size=4 in 1 chunks
20220805 113742.611 DEBUG            PET1 VMK::send():4407, size=60 in 1 chunks
20220805 113742.611 DEBUG            PET1 VMK::recv():4898, size=4 in 1 chunks
20220805 113742.611 DEBUG            PET1 VMK::send():4407, size=4 in 1 chunks
20220805 113742.611 DEBUG            PET1 VMK::send():4407, size=4 in 1 chunks
20220805 113742.611 DEBUG            PET1 VMK::send():4407, size=4 in 1 chunks
20220805 113742.611 DEBUG            PET1 VMK::recv():4898, size=132 in 1 chunks
20220805 113742.611 DEBUG            PET1 VMK::recv():4898, size=88 in 1 chunks
20220805 113742.611 DEBUG            PET1 VMK::recv():4898, size=132 in 1 chunks
20220805 113742.611 DEBUG            PET1 VMK::send():4407, size=132 in 1 chunks
20220805 113742.611 DEBUG            PET1 VMK::send():4407, size=132 in 1 chunks
20220805 113742.611 DEBUG            PET1 VMK::send():4407, size=88 in 1 chunks
20220805 113742.611 DEBUG            PET1 VMK::recv():4898, size=200 in 1 chunks
20220805 113742.611 DEBUG            PET1 VMK::send():4407, size=4 in 1 chunks
20220805 113742.611 DEBUG            PET1 VMK::send():4407, size=440 in 1 chunks
20220805 113742.612 DEBUG            PET1 VMK::send():4407, size=40 in 1 chunks
20220805 113742.612 DEBUG            PET1 VMK::send():4407, size=40 in 1 chunks
20220805 113742.612 DEBUG            PET1 VMK::send():4407, size=40 in 1 chunks
20220805 113742.612 DEBUG            PET1 VMK::send():4407, size=40 in 1 chunks
20220805 113742.612 DEBUG            PET1 VMK::send():4407, size=40 in 1 chunks
20220805 113742.612 DEBUG            PET1 VMK::send():4407, size=40 in 1 chunks
20220805 113742.612 DEBUG            PET1 VMK::send():4407, size=40 in 1 chunks
20220805 113742.612 DEBUG            PET1 VMK::send():4407, size=40 in 1 chunks
20220805 113742.612 DEBUG            PET1 VMK::send():4407, size=40 in 1 chunks
20220805 113742.612 DEBUG            PET1 VMK::send():4407, size=40 in 1 chunks
20220805 113742.612 DEBUG            PET1 VMK::send():4407, size=40 in 1 chunks
20220805 113742.612 DEBUG            PET1 VMK::send():4407, size=40 in 1 chunks
20220805 113742.612 DEBUG            PET1 VMK::send():4407, size=40 in 1 chunks
20220805 113742.612 DEBUG            PET1 VMK::send():4407, size=40 in 1 chunks
20220805 113742.612 DEBUG            PET1 VMK::send():4407, size=40 in 1 chunks
20220805 113742.613 DEBUG            PET1 VMK::send():4407, size=40 in 1 chunks
20220805 113742.613 DEBUG            PET1 VMK::send():4407, size=40 in 1 chunks
20220805 113742.613 DEBUG            PET1 VMK::send():4407, size=40 in 1 chunks
20220805 113742.613 DEBUG            PET1 VMK::send():4407, size=40 in 1 chunks
20220805 113742.613 DEBUG            PET1 VMK::send():4407, size=40 in 1 chunks
20220805 113742.613 DEBUG            PET1 VMK::send():4407, size=40 in 1 chunks
20220805 113742.613 DEBUG            PET1 VMK::send():4407, size=40 in 1 chunks
20220805 113742.613 DEBUG            PET1 VMK::send():4407, size=40 in 1 chunks
20220805 113742.613 DEBUG            PET1 VMK::send():4407, size=40 in 1 chunks
20220805 113742.613 DEBUG            PET1 VMK::send():4407, size=40 in 1 chunks
20220805 113742.613 DEBUG            PET1 VMK::send():4407, size=40 in 1 chunks
20220805 113742.613 DEBUG            PET1 VMK::send():4407, size=40 in 1 chunks
20220805 113742.613 DEBUG            PET1 VMK::send():4407, size=40 in 1 chunks
20220805 113742.613 DEBUG            PET1 VMK::send():4407, size=40 in 1 chunks
20220805 113742.613 DEBUG            PET1 VMK::send():4407, size=40 in 1 chunks
20220805 113742.613 DEBUG            PET1 VMK::send():4407, size=40 in 1 chunks
20220805 113742.614 DEBUG            PET1 VMK::send():4407, size=40 in 1 chunks
20220805 113742.614 INFO             PET1  NUMBER_OF_PROCESSORS            4
20220805 113742.614 INFO             PET1  PASS  Example ESMF_ArrayScatterGatherArbEx, ESMF_ArrayScatterGatherArbEx.F90, line 313
20220805 113742.614 INFO             PET1 Finalizing ESMF
20220805 113742.614 DEBUG            PET1 epochFinal
20220805 113742.599 INFO             PET2 !!!!!!!!!!!!!!!!!!!!!!!!!!!!!!!!!!!!!!!!!!!!!!!!!!!!!!
20220805 113742.599 INFO             PET2 !!! THE ESMF_LOG IS SET TO OUTPUT ALL LOG MESSAGES !!!
20220805 113742.599 INFO             PET2 !!!     THIS MAY CAUSE SLOWDOWN IN PERFORMANCE     !!!
20220805 113742.599 INFO             PET2 !!! FOR PRODUCTION RUNS, USE:                      !!!
20220805 113742.599 INFO             PET2 !!!                   ESMF_LOGKIND_Multi_On_Error  !!!
20220805 113742.599 INFO             PET2 !!!!!!!!!!!!!!!!!!!!!!!!!!!!!!!!!!!!!!!!!!!!!!!!!!!!!!
20220805 113742.599 INFO             PET2 Running with ESMF Version   : v8.3.0b17-27-g5b5163fc0a
20220805 113742.599 INFO             PET2 ESMF library build date/time: "Aug  5 2022" "10:35:58"
20220805 113742.599 INFO             PET2 ESMF library build location : /glade/scratch/dunlap/esmf-testing/nvhpc_22.2_mpt_g_feature_large-messages/esmf
20220805 113742.599 INFO             PET2 ESMF_COMM                   : mpt
20220805 113742.599 INFO             PET2 ESMF_MOAB                   : enabled
20220805 113742.599 INFO             PET2 ESMF_LAPACK                 : enabled
20220805 113742.599 INFO             PET2 ESMF_NETCDF                 : enabled
20220805 113742.599 INFO             PET2 ESMF_PNETCDF                : disabled
20220805 113742.599 INFO             PET2 ESMF_PIO                    : enabled
20220805 113742.599 INFO             PET2 ESMF_YAMLCPP                : enabled
20220805 113742.602 DEBUG            PET2 VMK::recv():4898, size=40 in 1 chunks
20220805 113742.602 DEBUG            PET2 VMK::recv():4898, size=160 in 1 chunks
20220805 113742.602 DEBUG            PET2 VMK::recv():4898, size=80 in 1 chunks
20220805 113742.602 DEBUG            PET2 VMK::recv():4898, size=40 in 1 chunks
20220805 113742.602 DEBUG            PET2 VMK::recv():4898, size=160 in 1 chunks
20220805 113742.602 DEBUG            PET2 VMK::recv():4898, size=16 in 1 chunks
20220805 113742.602 DEBUG            PET2 VMK::recv():4898, size=24 in 1 chunks
20220805 113742.602 DEBUG            PET2 VMK::recv():4898, size=24 in 1 chunks
20220805 113742.602 DEBUG            PET2 VMK::send():4407, size=24 in 1 chunks
20220805 113742.602 DEBUG            PET2 VMK::send():4407, size=16 in 1 chunks
20220805 113742.602 DEBUG            PET2 VMK::send():4407, size=24 in 1 chunks
20220805 113742.602 DEBUG            PET2 VMK::recv():4898, size=200 in 1 chunks
20220805 113742.602 DEBUG            PET2 VMK::send():4407, size=4 in 1 chunks
20220805 113742.602 DEBUG            PET2 VMK::send():4407, size=440 in 1 chunks
20220805 113742.602 DEBUG            PET2 VMK::recv():4898, size=40 in 1 chunks
20220805 113742.602 DEBUG            PET2 VMK::recv():4898, size=60 in 1 chunks
20220805 113742.602 DEBUG            PET2 VMK::recv():4898, size=60 in 1 chunks
20220805 113742.602 DEBUG            PET2 VMK::send():4407, size=60 in 1 chunks
20220805 113742.602 DEBUG            PET2 VMK::recv():4898, size=4 in 1 chunks
20220805 113742.602 DEBUG            PET2 VMK::send():4407, size=40 in 1 chunks
20220805 113742.603 DEBUG            PET2 VMK::recv():4898, size=4 in 1 chunks
20220805 113742.603 DEBUG            PET2 VMK::send():4407, size=60 in 1 chunks
20220805 113742.603 DEBUG            PET2 VMK::recv():4898, size=4 in 1 chunks
20220805 113742.603 DEBUG            PET2 VMK::send():4407, size=4 in 1 chunks
20220805 113742.603 DEBUG            PET2 VMK::send():4407, size=4 in 1 chunks
20220805 113742.603 DEBUG            PET2 VMK::send():4407, size=4 in 1 chunks
20220805 113742.603 DEBUG            PET2 VMK::recv():4898, size=132 in 1 chunks
20220805 113742.604 DEBUG            PET2 VMK::recv():4898, size=88 in 1 chunks
20220805 113742.604 DEBUG            PET2 VMK::recv():4898, size=132 in 1 chunks
20220805 113742.604 DEBUG            PET2 VMK::send():4407, size=88 in 1 chunks
20220805 113742.604 DEBUG            PET2 VMK::send():4407, size=132 in 1 chunks
20220805 113742.604 DEBUG            PET2 VMK::send():4407, size=132 in 1 chunks
20220805 113742.605 DEBUG            PET2 VMK::recv():4898, size=40 in 1 chunks
20220805 113742.605 DEBUG            PET2 VMK::recv():4898, size=40 in 1 chunks
20220805 113742.605 DEBUG            PET2 VMK::recv():4898, size=40 in 1 chunks
20220805 113742.606 DEBUG            PET2 VMK::recv():4898, size=40 in 1 chunks
20220805 113742.606 DEBUG            PET2 VMK::recv():4898, size=40 in 1 chunks
20220805 113742.606 DEBUG            PET2 VMK::recv():4898, size=40 in 1 chunks
20220805 113742.606 DEBUG            PET2 VMK::recv():4898, size=40 in 1 chunks
20220805 113742.606 DEBUG            PET2 VMK::recv():4898, size=40 in 1 chunks
20220805 113742.608 DEBUG            PET2 VMK::recv():4898, size=40 in 1 chunks
20220805 113742.608 DEBUG            PET2 VMK::recv():4898, size=40 in 1 chunks
20220805 113742.609 DEBUG            PET2 VMK::recv():4898, size=40 in 1 chunks
20220805 113742.609 DEBUG            PET2 VMK::recv():4898, size=40 in 1 chunks
20220805 113742.609 DEBUG            PET2 VMK::recv():4898, size=40 in 1 chunks
20220805 113742.609 DEBUG            PET2 VMK::recv():4898, size=40 in 1 chunks
20220805 113742.609 DEBUG            PET2 VMK::recv():4898, size=40 in 1 chunks
20220805 113742.609 DEBUG            PET2 VMK::recv():4898, size=40 in 1 chunks
20220805 113742.609 DEBUG            PET2 VMK::recv():4898, size=40 in 1 chunks
20220805 113742.609 DEBUG            PET2 VMK::recv():4898, size=40 in 1 chunks
20220805 113742.609 DEBUG            PET2 VMK::recv():4898, size=40 in 1 chunks
20220805 113742.609 DEBUG            PET2 VMK::recv():4898, size=40 in 1 chunks
20220805 113742.609 DEBUG            PET2 VMK::recv():4898, size=40 in 1 chunks
20220805 113742.609 DEBUG            PET2 VMK::recv():4898, size=40 in 1 chunks
20220805 113742.609 DEBUG            PET2 VMK::recv():4898, size=40 in 1 chunks
20220805 113742.609 DEBUG            PET2 VMK::recv():4898, size=40 in 1 chunks
20220805 113742.609 DEBUG            PET2 VMK::recv():4898, size=40 in 1 chunks
20220805 113742.609 DEBUG            PET2 VMK::recv():4898, size=40 in 1 chunks
20220805 113742.609 DEBUG            PET2 VMK::recv():4898, size=40 in 1 chunks
20220805 113742.610 DEBUG            PET2 VMK::recv():4898, size=40 in 1 chunks
20220805 113742.610 DEBUG            PET2 VMK::recv():4898, size=40 in 1 chunks
20220805 113742.610 DEBUG            PET2 VMK::recv():4898, size=40 in 1 chunks
20220805 113742.610 DEBUG            PET2 VMK::recv():4898, size=40 in 1 chunks
20220805 113742.610 DEBUG            PET2 VMK::recv():4898, size=40 in 1 chunks
20220805 113742.610 DEBUG            PET2 VMK::recv():4898, size=8 in 1 chunks
20220805 113742.610 DEBUG            PET2 VMK::recv():4898, size=12 in 1 chunks
20220805 113742.610 DEBUG            PET2 VMK::recv():4898, size=12 in 1 chunks
20220805 113742.610 DEBUG            PET2 VMK::send():4407, size=12 in 1 chunks
20220805 113742.610 DEBUG            PET2 VMK::send():4407, size=8 in 1 chunks
20220805 113742.610 DEBUG            PET2 VMK::send():4407, size=12 in 1 chunks
20220805 113742.610 DEBUG            PET2 VMK::recv():4898, size=32 in 1 chunks
20220805 113742.610 DEBUG            PET2 VMK::recv():4898, size=48 in 1 chunks
20220805 113742.610 DEBUG            PET2 VMK::recv():4898, size=48 in 1 chunks
20220805 113742.610 DEBUG            PET2 VMK::send():4407, size=48 in 1 chunks
20220805 113742.610 DEBUG            PET2 VMK::send():4407, size=32 in 1 chunks
20220805 113742.610 DEBUG            PET2 VMK::send():4407, size=48 in 1 chunks
20220805 113742.610 DEBUG            PET2 VMK::recv():4898, size=16 in 1 chunks
20220805 113742.610 DEBUG            PET2 VMK::recv():4898, size=24 in 1 chunks
20220805 113742.610 DEBUG            PET2 VMK::recv():4898, size=24 in 1 chunks
20220805 113742.610 DEBUG            PET2 VMK::send():4407, size=24 in 1 chunks
20220805 113742.610 DEBUG            PET2 VMK::send():4407, size=16 in 1 chunks
20220805 113742.610 DEBUG            PET2 VMK::send():4407, size=24 in 1 chunks
20220805 113742.610 DEBUG            PET2 VMK::recv():4898, size=8 in 1 chunks
20220805 113742.610 DEBUG            PET2 VMK::recv():4898, size=12 in 1 chunks
20220805 113742.610 DEBUG            PET2 VMK::recv():4898, size=12 in 1 chunks
20220805 113742.610 DEBUG            PET2 VMK::send():4407, size=12 in 1 chunks
20220805 113742.610 DEBUG            PET2 VMK::send():4407, size=8 in 1 chunks
20220805 113742.610 DEBUG            PET2 VMK::send():4407, size=12 in 1 chunks
20220805 113742.610 DEBUG            PET2 VMK::recv():4898, size=32 in 1 chunks
20220805 113742.610 DEBUG            PET2 VMK::recv():4898, size=48 in 1 chunks
20220805 113742.611 DEBUG            PET2 VMK::recv():4898, size=48 in 1 chunks
20220805 113742.611 DEBUG            PET2 VMK::send():4407, size=48 in 1 chunks
20220805 113742.611 DEBUG            PET2 VMK::send():4407, size=32 in 1 chunks
20220805 113742.611 DEBUG            PET2 VMK::send():4407, size=48 in 1 chunks
20220805 113742.611 DEBUG            PET2 VMK::recv():4898, size=80 in 1 chunks
20220805 113742.611 DEBUG            PET2 VMK::recv():4898, size=40 in 1 chunks
20220805 113742.611 DEBUG            PET2 VMK::recv():4898, size=60 in 1 chunks
20220805 113742.611 DEBUG            PET2 VMK::recv():4898, size=60 in 1 chunks
20220805 113742.611 DEBUG            PET2 VMK::send():4407, size=60 in 1 chunks
20220805 113742.611 DEBUG            PET2 VMK::recv():4898, size=4 in 1 chunks
20220805 113742.611 DEBUG            PET2 VMK::send():4407, size=40 in 1 chunks
20220805 113742.611 DEBUG            PET2 VMK::recv():4898, size=4 in 1 chunks
20220805 113742.611 DEBUG            PET2 VMK::send():4407, size=60 in 1 chunks
20220805 113742.611 DEBUG            PET2 VMK::recv():4898, size=4 in 1 chunks
20220805 113742.611 DEBUG            PET2 VMK::send():4407, size=4 in 1 chunks
20220805 113742.611 DEBUG            PET2 VMK::send():4407, size=4 in 1 chunks
20220805 113742.611 DEBUG            PET2 VMK::send():4407, size=4 in 1 chunks
20220805 113742.611 DEBUG            PET2 VMK::recv():4898, size=132 in 1 chunks
20220805 113742.611 DEBUG            PET2 VMK::recv():4898, size=88 in 1 chunks
20220805 113742.611 DEBUG            PET2 VMK::recv():4898, size=132 in 1 chunks
20220805 113742.611 DEBUG            PET2 VMK::send():4407, size=88 in 1 chunks
20220805 113742.611 DEBUG            PET2 VMK::send():4407, size=132 in 1 chunks
20220805 113742.611 DEBUG            PET2 VMK::send():4407, size=132 in 1 chunks
20220805 113742.611 DEBUG            PET2 VMK::recv():4898, size=200 in 1 chunks
20220805 113742.611 DEBUG            PET2 VMK::send():4407, size=4 in 1 chunks
20220805 113742.611 DEBUG            PET2 VMK::send():4407, size=440 in 1 chunks
20220805 113742.612 DEBUG            PET2 VMK::send():4407, size=40 in 1 chunks
20220805 113742.612 DEBUG            PET2 VMK::send():4407, size=40 in 1 chunks
20220805 113742.612 DEBUG            PET2 VMK::send():4407, size=40 in 1 chunks
20220805 113742.612 DEBUG            PET2 VMK::send():4407, size=40 in 1 chunks
20220805 113742.612 DEBUG            PET2 VMK::send():4407, size=40 in 1 chunks
20220805 113742.612 DEBUG            PET2 VMK::send():4407, size=40 in 1 chunks
20220805 113742.612 DEBUG            PET2 VMK::send():4407, size=40 in 1 chunks
20220805 113742.612 DEBUG            PET2 VMK::send():4407, size=40 in 1 chunks
20220805 113742.612 DEBUG            PET2 VMK::send():4407, size=40 in 1 chunks
20220805 113742.612 DEBUG            PET2 VMK::send():4407, size=40 in 1 chunks
20220805 113742.612 DEBUG            PET2 VMK::send():4407, size=40 in 1 chunks
20220805 113742.612 DEBUG            PET2 VMK::send():4407, size=40 in 1 chunks
20220805 113742.612 DEBUG            PET2 VMK::send():4407, size=40 in 1 chunks
20220805 113742.612 DEBUG            PET2 VMK::send():4407, size=40 in 1 chunks
20220805 113742.612 DEBUG            PET2 VMK::send():4407, size=40 in 1 chunks
20220805 113742.613 DEBUG            PET2 VMK::send():4407, size=40 in 1 chunks
20220805 113742.613 DEBUG            PET2 VMK::send():4407, size=40 in 1 chunks
20220805 113742.613 DEBUG            PET2 VMK::send():4407, size=40 in 1 chunks
20220805 113742.613 DEBUG            PET2 VMK::send():4407, size=40 in 1 chunks
20220805 113742.613 DEBUG            PET2 VMK::send():4407, size=40 in 1 chunks
20220805 113742.613 DEBUG            PET2 VMK::send():4407, size=40 in 1 chunks
20220805 113742.613 DEBUG            PET2 VMK::send():4407, size=40 in 1 chunks
20220805 113742.613 DEBUG            PET2 VMK::send():4407, size=40 in 1 chunks
20220805 113742.613 DEBUG            PET2 VMK::send():4407, size=40 in 1 chunks
20220805 113742.613 DEBUG            PET2 VMK::send():4407, size=40 in 1 chunks
20220805 113742.613 DEBUG            PET2 VMK::send():4407, size=40 in 1 chunks
20220805 113742.613 DEBUG            PET2 VMK::send():4407, size=40 in 1 chunks
20220805 113742.613 DEBUG            PET2 VMK::send():4407, size=40 in 1 chunks
20220805 113742.613 DEBUG            PET2 VMK::send():4407, size=40 in 1 chunks
20220805 113742.613 DEBUG            PET2 VMK::send():4407, size=40 in 1 chunks
20220805 113742.613 DEBUG            PET2 VMK::send():4407, size=40 in 1 chunks
20220805 113742.613 DEBUG            PET2 VMK::send():4407, size=40 in 1 chunks
20220805 113742.614 INFO             PET2  NUMBER_OF_PROCESSORS            4
20220805 113742.614 INFO             PET2  PASS  Example ESMF_ArrayScatterGatherArbEx, ESMF_ArrayScatterGatherArbEx.F90, line 313
20220805 113742.614 INFO             PET2 Finalizing ESMF
20220805 113742.614 DEBUG            PET2 epochFinal
20220805 113742.599 INFO             PET3 !!!!!!!!!!!!!!!!!!!!!!!!!!!!!!!!!!!!!!!!!!!!!!!!!!!!!!
20220805 113742.599 INFO             PET3 !!! THE ESMF_LOG IS SET TO OUTPUT ALL LOG MESSAGES !!!
20220805 113742.599 INFO             PET3 !!!     THIS MAY CAUSE SLOWDOWN IN PERFORMANCE     !!!
20220805 113742.599 INFO             PET3 !!! FOR PRODUCTION RUNS, USE:                      !!!
20220805 113742.599 INFO             PET3 !!!                   ESMF_LOGKIND_Multi_On_Error  !!!
20220805 113742.599 INFO             PET3 !!!!!!!!!!!!!!!!!!!!!!!!!!!!!!!!!!!!!!!!!!!!!!!!!!!!!!
20220805 113742.599 INFO             PET3 Running with ESMF Version   : v8.3.0b17-27-g5b5163fc0a
20220805 113742.599 INFO             PET3 ESMF library build date/time: "Aug  5 2022" "10:35:58"
20220805 113742.599 INFO             PET3 ESMF library build location : /glade/scratch/dunlap/esmf-testing/nvhpc_22.2_mpt_g_feature_large-messages/esmf
20220805 113742.599 INFO             PET3 ESMF_COMM                   : mpt
20220805 113742.599 INFO             PET3 ESMF_MOAB                   : enabled
20220805 113742.599 INFO             PET3 ESMF_LAPACK                 : enabled
20220805 113742.599 INFO             PET3 ESMF_NETCDF                 : enabled
20220805 113742.599 INFO             PET3 ESMF_PNETCDF                : disabled
20220805 113742.599 INFO             PET3 ESMF_PIO                    : enabled
20220805 113742.599 INFO             PET3 ESMF_YAMLCPP                : enabled
20220805 113742.602 DEBUG            PET3 VMK::recv():4898, size=40 in 1 chunks
20220805 113742.602 DEBUG            PET3 VMK::recv():4898, size=160 in 1 chunks
20220805 113742.602 DEBUG            PET3 VMK::recv():4898, size=80 in 1 chunks
20220805 113742.602 DEBUG            PET3 VMK::recv():4898, size=40 in 1 chunks
20220805 113742.602 DEBUG            PET3 VMK::recv():4898, size=160 in 1 chunks
20220805 113742.602 DEBUG            PET3 VMK::recv():4898, size=16 in 1 chunks
20220805 113742.602 DEBUG            PET3 VMK::recv():4898, size=16 in 1 chunks
20220805 113742.602 DEBUG            PET3 VMK::recv():4898, size=24 in 1 chunks
20220805 113742.602 DEBUG            PET3 VMK::send():4407, size=16 in 1 chunks
20220805 113742.602 DEBUG            PET3 VMK::send():4407, size=24 in 1 chunks
20220805 113742.602 DEBUG            PET3 VMK::send():4407, size=16 in 1 chunks
20220805 113742.602 DEBUG            PET3 VMK::recv():4898, size=200 in 1 chunks
20220805 113742.602 DEBUG            PET3 VMK::send():4407, size=4 in 1 chunks
20220805 113742.602 DEBUG            PET3 VMK::send():4407, size=440 in 1 chunks
20220805 113742.602 DEBUG            PET3 VMK::recv():4898, size=40 in 1 chunks
20220805 113742.602 DEBUG            PET3 VMK::recv():4898, size=40 in 1 chunks
20220805 113742.602 DEBUG            PET3 VMK::recv():4898, size=60 in 1 chunks
20220805 113742.602 DEBUG            PET3 VMK::send():4407, size=40 in 1 chunks
20220805 113742.602 DEBUG            PET3 VMK::recv():4898, size=4 in 1 chunks
20220805 113742.602 DEBUG            PET3 VMK::send():4407, size=60 in 1 chunks
20220805 113742.602 DEBUG            PET3 VMK::recv():4898, size=4 in 1 chunks
20220805 113742.603 DEBUG            PET3 VMK::send():4407, size=40 in 1 chunks
20220805 113742.603 DEBUG            PET3 VMK::recv():4898, size=4 in 1 chunks
20220805 113742.603 DEBUG            PET3 VMK::send():4407, size=4 in 1 chunks
20220805 113742.603 DEBUG            PET3 VMK::send():4407, size=4 in 1 chunks
20220805 113742.603 DEBUG            PET3 VMK::send():4407, size=4 in 1 chunks
20220805 113742.603 DEBUG            PET3 VMK::recv():4898, size=88 in 1 chunks
20220805 113742.603 DEBUG            PET3 VMK::recv():4898, size=132 in 1 chunks
20220805 113742.604 DEBUG            PET3 VMK::recv():4898, size=88 in 1 chunks
20220805 113742.604 DEBUG            PET3 VMK::send():4407, size=88 in 1 chunks
20220805 113742.604 DEBUG            PET3 VMK::send():4407, size=88 in 1 chunks
20220805 113742.604 DEBUG            PET3 VMK::send():4407, size=132 in 1 chunks
20220805 113742.605 DEBUG            PET3 VMK::recv():4898, size=40 in 1 chunks
20220805 113742.605 DEBUG            PET3 VMK::recv():4898, size=40 in 1 chunks
20220805 113742.605 DEBUG            PET3 VMK::recv():4898, size=40 in 1 chunks
20220805 113742.606 DEBUG            PET3 VMK::recv():4898, size=40 in 1 chunks
20220805 113742.606 DEBUG            PET3 VMK::recv():4898, size=40 in 1 chunks
20220805 113742.606 DEBUG            PET3 VMK::recv():4898, size=40 in 1 chunks
20220805 113742.606 DEBUG            PET3 VMK::recv():4898, size=40 in 1 chunks
20220805 113742.606 DEBUG            PET3 VMK::recv():4898, size=40 in 1 chunks
20220805 113742.608 DEBUG            PET3 VMK::recv():4898, size=40 in 1 chunks
20220805 113742.608 DEBUG            PET3 VMK::recv():4898, size=40 in 1 chunks
20220805 113742.609 DEBUG            PET3 VMK::recv():4898, size=40 in 1 chunks
20220805 113742.609 DEBUG            PET3 VMK::recv():4898, size=40 in 1 chunks
20220805 113742.609 DEBUG            PET3 VMK::recv():4898, size=40 in 1 chunks
20220805 113742.609 DEBUG            PET3 VMK::recv():4898, size=40 in 1 chunks
20220805 113742.609 DEBUG            PET3 VMK::recv():4898, size=40 in 1 chunks
20220805 113742.609 DEBUG            PET3 VMK::recv():4898, size=40 in 1 chunks
20220805 113742.609 DEBUG            PET3 VMK::recv():4898, size=40 in 1 chunks
20220805 113742.609 DEBUG            PET3 VMK::recv():4898, size=40 in 1 chunks
20220805 113742.609 DEBUG            PET3 VMK::recv():4898, size=40 in 1 chunks
20220805 113742.609 DEBUG            PET3 VMK::recv():4898, size=40 in 1 chunks
20220805 113742.609 DEBUG            PET3 VMK::recv():4898, size=40 in 1 chunks
20220805 113742.609 DEBUG            PET3 VMK::recv():4898, size=40 in 1 chunks
20220805 113742.609 DEBUG            PET3 VMK::recv():4898, size=40 in 1 chunks
20220805 113742.609 DEBUG            PET3 VMK::recv():4898, size=40 in 1 chunks
20220805 113742.609 DEBUG            PET3 VMK::recv():4898, size=40 in 1 chunks
20220805 113742.609 DEBUG            PET3 VMK::recv():4898, size=40 in 1 chunks
20220805 113742.609 DEBUG            PET3 VMK::recv():4898, size=40 in 1 chunks
20220805 113742.610 DEBUG            PET3 VMK::recv():4898, size=40 in 1 chunks
20220805 113742.610 DEBUG            PET3 VMK::recv():4898, size=40 in 1 chunks
20220805 113742.610 DEBUG            PET3 VMK::recv():4898, size=40 in 1 chunks
20220805 113742.610 DEBUG            PET3 VMK::recv():4898, size=40 in 1 chunks
20220805 113742.610 DEBUG            PET3 VMK::recv():4898, size=40 in 1 chunks
20220805 113742.610 DEBUG            PET3 VMK::recv():4898, size=8 in 1 chunks
20220805 113742.610 DEBUG            PET3 VMK::recv():4898, size=8 in 1 chunks
20220805 113742.610 DEBUG            PET3 VMK::recv():4898, size=12 in 1 chunks
20220805 113742.610 DEBUG            PET3 VMK::send():4407, size=8 in 1 chunks
20220805 113742.610 DEBUG            PET3 VMK::send():4407, size=12 in 1 chunks
20220805 113742.610 DEBUG            PET3 VMK::send():4407, size=8 in 1 chunks
20220805 113742.610 DEBUG            PET3 VMK::recv():4898, size=32 in 1 chunks
20220805 113742.610 DEBUG            PET3 VMK::recv():4898, size=32 in 1 chunks
20220805 113742.610 DEBUG            PET3 VMK::recv():4898, size=48 in 1 chunks
20220805 113742.610 DEBUG            PET3 VMK::send():4407, size=32 in 1 chunks
20220805 113742.610 DEBUG            PET3 VMK::send():4407, size=48 in 1 chunks
20220805 113742.610 DEBUG            PET3 VMK::send():4407, size=32 in 1 chunks
20220805 113742.610 DEBUG            PET3 VMK::recv():4898, size=16 in 1 chunks
20220805 113742.610 DEBUG            PET3 VMK::recv():4898, size=16 in 1 chunks
20220805 113742.610 DEBUG            PET3 VMK::recv():4898, size=24 in 1 chunks
20220805 113742.610 DEBUG            PET3 VMK::send():4407, size=16 in 1 chunks
20220805 113742.610 DEBUG            PET3 VMK::send():4407, size=24 in 1 chunks
20220805 113742.610 DEBUG            PET3 VMK::send():4407, size=16 in 1 chunks
20220805 113742.610 DEBUG            PET3 VMK::recv():4898, size=8 in 1 chunks
20220805 113742.610 DEBUG            PET3 VMK::recv():4898, size=8 in 1 chunks
20220805 113742.610 DEBUG            PET3 VMK::recv():4898, size=12 in 1 chunks
20220805 113742.610 DEBUG            PET3 VMK::send():4407, size=8 in 1 chunks
20220805 113742.610 DEBUG            PET3 VMK::send():4407, size=12 in 1 chunks
20220805 113742.610 DEBUG            PET3 VMK::send():4407, size=8 in 1 chunks
20220805 113742.610 DEBUG            PET3 VMK::recv():4898, size=32 in 1 chunks
20220805 113742.610 DEBUG            PET3 VMK::recv():4898, size=32 in 1 chunks
20220805 113742.611 DEBUG            PET3 VMK::recv():4898, size=48 in 1 chunks
20220805 113742.611 DEBUG            PET3 VMK::send():4407, size=32 in 1 chunks
20220805 113742.611 DEBUG            PET3 VMK::send():4407, size=48 in 1 chunks
20220805 113742.611 DEBUG            PET3 VMK::send():4407, size=32 in 1 chunks
20220805 113742.611 DEBUG            PET3 VMK::recv():4898, size=80 in 1 chunks
20220805 113742.611 DEBUG            PET3 VMK::recv():4898, size=40 in 1 chunks
20220805 113742.611 DEBUG            PET3 VMK::recv():4898, size=40 in 1 chunks
20220805 113742.611 DEBUG            PET3 VMK::recv():4898, size=60 in 1 chunks
20220805 113742.611 DEBUG            PET3 VMK::send():4407, size=40 in 1 chunks
20220805 113742.611 DEBUG            PET3 VMK::recv():4898, size=4 in 1 chunks
20220805 113742.611 DEBUG            PET3 VMK::send():4407, size=60 in 1 chunks
20220805 113742.611 DEBUG            PET3 VMK::recv():4898, size=4 in 1 chunks
20220805 113742.611 DEBUG            PET3 VMK::send():4407, size=40 in 1 chunks
20220805 113742.611 DEBUG            PET3 VMK::recv():4898, size=4 in 1 chunks
20220805 113742.611 DEBUG            PET3 VMK::send():4407, size=4 in 1 chunks
20220805 113742.611 DEBUG            PET3 VMK::send():4407, size=4 in 1 chunks
20220805 113742.611 DEBUG            PET3 VMK::send():4407, size=4 in 1 chunks
20220805 113742.611 DEBUG            PET3 VMK::recv():4898, size=88 in 1 chunks
20220805 113742.611 DEBUG            PET3 VMK::recv():4898, size=132 in 1 chunks
20220805 113742.611 DEBUG            PET3 VMK::recv():4898, size=88 in 1 chunks
20220805 113742.611 DEBUG            PET3 VMK::send():4407, size=88 in 1 chunks
20220805 113742.611 DEBUG            PET3 VMK::send():4407, size=88 in 1 chunks
20220805 113742.611 DEBUG            PET3 VMK::send():4407, size=132 in 1 chunks
20220805 113742.611 DEBUG            PET3 VMK::recv():4898, size=200 in 1 chunks
20220805 113742.611 DEBUG            PET3 VMK::send():4407, size=4 in 1 chunks
20220805 113742.611 DEBUG            PET3 VMK::send():4407, size=440 in 1 chunks
20220805 113742.612 DEBUG            PET3 VMK::send():4407, size=40 in 1 chunks
20220805 113742.612 DEBUG            PET3 VMK::send():4407, size=40 in 1 chunks
20220805 113742.612 DEBUG            PET3 VMK::send():4407, size=40 in 1 chunks
20220805 113742.612 DEBUG            PET3 VMK::send():4407, size=40 in 1 chunks
20220805 113742.612 DEBUG            PET3 VMK::send():4407, size=40 in 1 chunks
20220805 113742.612 DEBUG            PET3 VMK::send():4407, size=40 in 1 chunks
20220805 113742.612 DEBUG            PET3 VMK::send():4407, size=40 in 1 chunks
20220805 113742.612 DEBUG            PET3 VMK::send():4407, size=40 in 1 chunks
20220805 113742.612 DEBUG            PET3 VMK::send():4407, size=40 in 1 chunks
20220805 113742.612 DEBUG            PET3 VMK::send():4407, size=40 in 1 chunks
20220805 113742.612 DEBUG            PET3 VMK::send():4407, size=40 in 1 chunks
20220805 113742.612 DEBUG            PET3 VMK::send():4407, size=40 in 1 chunks
20220805 113742.612 DEBUG            PET3 VMK::send():4407, size=40 in 1 chunks
20220805 113742.612 DEBUG            PET3 VMK::send():4407, size=40 in 1 chunks
20220805 113742.612 DEBUG            PET3 VMK::send():4407, size=40 in 1 chunks
20220805 113742.613 DEBUG            PET3 VMK::send():4407, size=40 in 1 chunks
20220805 113742.613 DEBUG            PET3 VMK::send():4407, size=40 in 1 chunks
20220805 113742.613 DEBUG            PET3 VMK::send():4407, size=40 in 1 chunks
20220805 113742.613 DEBUG            PET3 VMK::send():4407, size=40 in 1 chunks
20220805 113742.613 DEBUG            PET3 VMK::send():4407, size=40 in 1 chunks
20220805 113742.613 DEBUG            PET3 VMK::send():4407, size=40 in 1 chunks
20220805 113742.613 DEBUG            PET3 VMK::send():4407, size=40 in 1 chunks
20220805 113742.613 DEBUG            PET3 VMK::send():4407, size=40 in 1 chunks
20220805 113742.613 DEBUG            PET3 VMK::send():4407, size=40 in 1 chunks
20220805 113742.613 DEBUG            PET3 VMK::send():4407, size=40 in 1 chunks
20220805 113742.613 DEBUG            PET3 VMK::send():4407, size=40 in 1 chunks
20220805 113742.613 DEBUG            PET3 VMK::send():4407, size=40 in 1 chunks
20220805 113742.613 DEBUG            PET3 VMK::send():4407, size=40 in 1 chunks
20220805 113742.613 DEBUG            PET3 VMK::send():4407, size=40 in 1 chunks
20220805 113742.613 DEBUG            PET3 VMK::send():4407, size=40 in 1 chunks
20220805 113742.613 DEBUG            PET3 VMK::send():4407, size=40 in 1 chunks
20220805 113742.613 DEBUG            PET3 VMK::send():4407, size=40 in 1 chunks
20220805 113742.614 INFO             PET3  NUMBER_OF_PROCESSORS            4
20220805 113742.614 INFO             PET3  PASS  Example ESMF_ArrayScatterGatherArbEx, ESMF_ArrayScatterGatherArbEx.F90, line 313
20220805 113742.614 INFO             PET3 Finalizing ESMF
20220805 113742.614 DEBUG            PET3 epochFinal
