2022-09-10 02:47:52
20220910 032950.455 INFO             PET0 !!!!!!!!!!!!!!!!!!!!!!!!!!!!!!!!!!!!!!!!!!!!!!!!!!!!!!
20220910 032950.455 INFO             PET0 !!! THE ESMF_LOG IS SET TO OUTPUT ALL LOG MESSAGES !!!
20220910 032950.455 INFO             PET0 !!!     THIS MAY CAUSE SLOWDOWN IN PERFORMANCE     !!!
20220910 032950.455 INFO             PET0 !!! FOR PRODUCTION RUNS, USE:                      !!!
20220910 032950.455 INFO             PET0 !!!                   ESMF_LOGKIND_Multi_On_Error  !!!
20220910 032950.455 INFO             PET0 !!!!!!!!!!!!!!!!!!!!!!!!!!!!!!!!!!!!!!!!!!!!!!!!!!!!!!
20220910 032950.455 INFO             PET0 Running with ESMF Version   : v8.3.1b05
20220910 032950.455 INFO             PET0 ESMF library build date/time: "Sep 10 2022" "02:44:57"
20220910 032950.455 INFO             PET0 ESMF library build location : /glade/scratch/dunlap/esmf-testing/gfortran_7.4.0_openmpi_g_patch_8.3.1/esmf
20220910 032950.455 INFO             PET0 ESMF_COMM                   : openmpi
20220910 032950.455 INFO             PET0 ESMF_MOAB                   : enabled
20220910 032950.455 INFO             PET0 ESMF_LAPACK                 : enabled
20220910 032950.455 INFO             PET0 ESMF_NETCDF                 : enabled
20220910 032950.455 INFO             PET0 ESMF_PNETCDF                : disabled
20220910 032950.455 INFO             PET0 ESMF_PIO                    : enabled
20220910 032950.455 INFO             PET0 ESMF_YAMLCPP                : enabled
20220910 032950.456 INFO             PET0 mainApp STARTING
20220910 032950.462 INFO             PET0 driver: InitializeP1 intro.
20220910 032950.462 INFO             PET0   driver: InitializeIPDv02p1 intro.
20220910 032950.462 INFO             PET0     >>>driver: entered Initialize (phase=<none>) without valid internal Clock.
20220910 032950.463 INFO             PET0     driver - Creating model component MODEL without petList.
20220910 032950.466 INFO             PET0      GridCompIsPetLocal:  T
20220910 032950.466 INFO             PET0      VmIsCreated:  T
20220910 032950.466 INFO             PET0      valid MPI_COMM with size=           4
20220910 032950.466 INFO             PET0     driver - Creating state: modelComp 1 Import State
20220910 032950.466 INFO             PET0     driver - Creating state: modelComp 1 Export State
20220910 032950.467 INFO             PET0     MODEL: InitializeP0 intro.
20220910 032950.467 INFO             PET0       >>>MODEL: entered Initialize (phase=<none>) without valid internal Clock.
20220910 032950.469 INFO             PET0       <<<MODEL: leaving Initialize (phase=<none>) without valid internal Clock.
20220910 032950.469 INFO             PET0     MODEL: InitializeP0 extro.
20220910 032950.472 INFO             PET0     driver: IInitAdvertise intro.
20220910 032950.472 INFO             PET0     driver: IInitAdvertise extro.
20220910 032950.472 INFO             PET0     MODEL: InitializeIPDvXp01 intro.
20220910 032950.472 INFO             PET0       >>>MODEL: entered Initialize (phase=IPDvXp01) without valid internal Clock.
20220910 032950.474 INFO             PET0       <<<MODEL: leaving Initialize (phase=IPDvXp01) without valid internal Clock.
20220910 032950.474 INFO             PET0     MODEL: InitializeIPDvXp01 extro.
20220910 032950.477 INFO             PET0     driver: IInitAdvertiseFinish intro.
20220910 032950.477 INFO             PET0     driver: IInitAdvertiseFinish extro.
20220910 032950.477 INFO             PET0     driver: IInitModifyCplLists intro.
20220910 032950.477 INFO             PET0     driver: IInitModifyCplLists extro.
20220910 032950.477 INFO             PET0     <<<driver: leaving Initialize (phase=<none>) with current time:    0  1  1  0  0  0   0
20220910 032950.477 INFO             PET0   driver: InitializeIPDv02p1 extro.
20220910 032950.477 INFO             PET0   driver: InitializeIPDv02p3 intro.
20220910 032950.477 INFO             PET0     >>>driver: entered Initialize (phase=<none>) with current time:    0  1  1  0  0  0   0
20220910 032950.477 INFO             PET0     driver: IInitCheck intro.
20220910 032950.477 INFO             PET0     driver: IInitCheck extro.
20220910 032950.480 INFO             PET0     MODEL: InitializeIPDvXp04 intro.
20220910 032950.480 INFO             PET0       >>>MODEL: entered Initialize (phase=IPDvXp04) without valid internal Clock.
20220910 032950.484 INFO             PET0       After Realize: - MemInfo: [/proc/meminfo - SSI]	MemTotal:       65507008 kB
20220910 032950.484 INFO             PET0       After Realize: - MemInfo: [/proc/meminfo - SSI]	MemFree:        48759680 kB
20220910 032950.484 INFO             PET0       After Realize: - MemInfo: [/proc/meminfo - SSI]	MemAvailable:   48558288 kB
20220910 032950.484 INFO             PET0       After Realize: - MemInfo: [/proc/meminfo - SSI]	Committed_AS:   13441072 kB
20220910 032950.484 INFO             PET0       After Realize: - MemInfo: [/proc/meminfo - SSI]	CommittedPercent: 20.5185 %
20220910 032950.484 INFO             PET0       After Realize: - MemInfo: [/proc/self/status]	VmPeak:	  527748 kB
20220910 032950.484 INFO             PET0       After Realize: - MemInfo: [/proc/self/status]	VmSize:	  527748 kB
20220910 032950.484 INFO             PET0       After Realize: - MemInfo: [/proc/self/status]	VmLck:	       0 kB
20220910 032950.484 INFO             PET0       After Realize: - MemInfo: [/proc/self/status]	VmPin:	       0 kB
20220910 032950.484 INFO             PET0       After Realize: - MemInfo: [/proc/self/status]	VmHWM:	   65280 kB
20220910 032950.484 INFO             PET0       After Realize: - MemInfo: [/proc/self/status]	VmRSS:	   25872 kB
20220910 032950.484 INFO             PET0       After Realize: - MemInfo: [/proc/self/status]	VmData:	   15340 kB
20220910 032950.484 INFO             PET0       After Realize: - MemInfo: [/proc/self/status]	VmStk:	     144 kB
20220910 032950.484 INFO             PET0       After Realize: - MemInfo: [/proc/self/status]	VmExe:	     256 kB
20220910 032950.484 INFO             PET0       After Realize: - MemInfo: [/proc/self/status]	VmLib:	   71908 kB
20220910 032950.484 INFO             PET0       After Realize: - MemInfo: [/proc/self/status]	VmPTE:	     776 kB
20220910 032950.484 INFO             PET0       After Realize: - MemInfo: [/proc/self/status]	VmPMD:	      16 kB
20220910 032950.484 INFO             PET0       After Realize: - MemInfo: [/proc/self/status]	VmSwap:	       0 kB
20220910 032950.484 INFO             PET0       After Realize: - MemInfo: [/proc/self/status]	VmRSSPercent: 0.039495 %
20220910 032950.484 INFO             PET0       After Realize: - MemInfo: [malloc] Non-mmapped space allocated:                 3092480 Byte
20220910 032950.484 INFO             PET0       After Realize: - MemInfo: [malloc] Space allocated in mmapped regions:          1581056 Byte
20220910 032950.484 INFO             PET0       After Realize: - MemInfo: [malloc] Maximum total allocated space:                     0 Byte
20220910 032950.484 INFO             PET0       After Realize: - MemInfo: [malloc] Space in freed fastbin blocks:                  4160 Byte
20220910 032950.484 INFO             PET0       After Realize: - MemInfo: [malloc] Total allocated space:                       2845680 Byte
20220910 032950.484 INFO             PET0       After Realize: - MemInfo: [malloc] Total free space:                             246800 Byte
20220910 032950.484 INFO             PET0       After Realize: - MemInfo: [malloc] Top-most, releasable space:                    44512 Byte
20220910 032950.484 INFO             PET0       After Realize: - MemInfo: [malloc] Total space in use, mmap + non-mmap:         4426736 Byte
20220910 032950.484 INFO             PET0       After Realize: - MemInfo: [malloc] Total space held (mmap + non-mmap):          4673536 Byte
20220910 032950.484 INFO             PET0       After Realize: - MemInfo: [malloc] Total space used (mmap + non-mmap):          4436960 Byte
20220910 032950.484 INFO             PET0       After Realize: - MemInfo: Wall-clock time since execution start:              0.0315378 seconds
20220910 032950.484 INFO             PET0       <<<MODEL: leaving Initialize (phase=IPDvXp04) without valid internal Clock.
20220910 032950.484 INFO             PET0     MODEL: InitializeIPDvXp04 extro.
20220910 032950.487 INFO             PET0     driver: IInitRealize intro.
20220910 032950.487 INFO             PET0     driver: IInitRealize extro.
20220910 032950.487 INFO             PET0     MODEL: InitializeIPDvXp07 intro.
20220910 032950.487 INFO             PET0       >>>MODEL: entered Initialize (phase=IPDvXp07) without valid internal Clock.
20220910 032950.487 INFO             PET0       <<<MODEL: leaving Initialize (phase=IPDvXp07) with current time:    0  1  1  0  0  0   0
20220910 032950.487 INFO             PET0     MODEL: InitializeIPDvXp07 extro.
20220910 032950.489 INFO             PET0     <<<driver: leaving Initialize (phase=<none>) with current time:    0  1  1  0  0  0   0
20220910 032950.489 INFO             PET0   driver: InitializeIPDv02p3 extro.
20220910 032950.489 INFO             PET0   driver: InitializeIPDv02p5 intro.
20220910 032950.489 INFO             PET0     >>>driver: entered Initialize (phase=<none>) with current time:    0  1  1  0  0  0   0
20220910 032950.489 INFO             PET0     driver: this is a top level driver, no 'Updated' and 'InitializeDataComplete' info on this level.
20220910 032950.489 INFO             PET0     driver: InitializeIPDv02p5Data intro.
20220910 032950.489 INFO             PET0       driver: InternalInitializeComplete intro.
20220910 032950.489 INFO             PET0         driver: InitializeDataComplete='true'
20220910 032950.489 INFO             PET0       driver: InternalInitializeComplete extro.
20220910 032950.489 INFO             PET0       MODEL: InitializeIPDvXp08 intro.
20220910 032950.489 INFO             PET0         >>>MODEL: entered Initialize (phase=IPDv05p8) with current time:    0  1  1  0  0  0   0
20220910 032950.489 INFO             PET0         MODEL: InitializeDataProgress='false', InitializeDataComplete='false'
20220910 032950.489 INFO             PET0         <<<MODEL: leaving Initialize (phase=IPDv05p8) with current time:    0  1  1  0  0  0   0
20220910 032950.489 INFO             PET0       MODEL: InitializeIPDvXp08 extro.
20220910 032950.491 INFO             PET0       driver: components present that trigger loopDataDependentInitialize().
20220910 032950.491 INFO             PET0       driver: loopDataDependentInitialize intro.
20220910 032950.491 INFO             PET0         driver: component    0=driver, dataComplete (local): true
20220910 032950.491 INFO             PET0         driver: component    0=driver, dataComplete (global): T
20220910 032950.491 INFO             PET0         driver: component    1=MODEL, dataComplete (local): false
20220910 032950.491 INFO             PET0         driver: component    1=MODEL, dataComplete (global): F
20220910 032950.491 INFO             PET0         MODEL: InitializeIPDvXp08 intro.
20220910 032950.491 INFO             PET0           >>>MODEL: entered Initialize (phase=IPDv05p8) with current time:    0  1  1  0  0  0   0
20220910 032950.492 INFO             PET0           MODEL: InitializeDataProgress='true', InitializeDataComplete='true'
20220910 032950.492 INFO             PET0           <<<MODEL: leaving Initialize (phase=IPDv05p8) with current time:    0  1  1  0  0  0   0
20220910 032950.492 INFO             PET0         MODEL: InitializeIPDvXp08 extro.
20220910 032950.493 INFO             PET0         driver: component    1=MODEL, someProgress (local): true
20220910 032950.493 INFO             PET0         driver: component    1=MODEL, someProgress (global): T
20220910 032950.493 INFO             PET0         driver: someProgress=T, allComplete=F, present(dataDepAllComplete)=T
20220910 032950.493 INFO             PET0         driver: component    0=driver, dataComplete (local): true
20220910 032950.493 INFO             PET0         driver: component    0=driver, dataComplete (global): T
20220910 032950.493 INFO             PET0         driver: component    1=MODEL, dataComplete (local): true
20220910 032950.493 INFO             PET0         driver: component    1=MODEL, dataComplete (global): T
20220910 032950.493 INFO             PET0         driver: someProgress=F, allComplete=T, present(dataDepAllComplete)=T
20220910 032950.493 INFO             PET0         driver: finished resolving initialize data dependencies on this level.
20220910 032950.493 INFO             PET0       driver: loopDataDependentInitialize extro.
20220910 032950.493 INFO             PET0       driver: loopDataDependentInitialize() returned with dataDepAllComplete: T
20220910 032950.493 INFO             PET0     driver: InitializeIPDv02p5Data extro.
20220910 032950.493 INFO             PET0     <<<driver: leaving Initialize (phase=<none>) with current time:    0  1  1  0  0  0   0
20220910 032950.493 INFO             PET0   driver: InitializeIPDv02p5 extro.
20220910 032950.493 INFO             PET0 driver: InitializeP1 extro.
20220910 032950.493 INFO             PET0 driver: Run intro.
20220910 032950.493 INFO             PET0   >>>driver entered Run (phase=RunPhase1) with current time:    0  1  1  0  0  0   0
20220910 032950.493 INFO             PET0   driver: after lable_SetRunClock, current time:    0  1  1  0  0  0   0
20220910 032950.493 INFO             PET0   driver: begin -------> RunSequence.
20220910 032950.493 INFO             PET0     driver: RunSequence event loopLevel=   1  levelMember=   1  loopIteration=   1, current time:    0  1  1  0  0  0   0
20220910 032950.493 INFO             PET0     MODEL: Run intro.
20220910 032950.493 INFO             PET0       >>>MODEL: entered Run (phase=RunPhase1) with current time:    0  1  1  0  0  0   0
20220910 032950.494 INFO             PET0       MODEL: time step-loop starting, current time:    0  1  1  0  0  0   0
20220910 032950.494 INFO             PET0       thread_num=   0   currentSsiPe=   8   num_threads=   3   max_threads=   3   num_procs=  36
20220910 032950.494 INFO             PET0       thread_num=   1   currentSsiPe=  45   num_threads=   3   max_threads=   3   num_procs=  36
20220910 032950.494 INFO             PET0       thread_num=   2   currentSsiPe=  15   num_threads=   3   max_threads=   3   num_procs=  36
20220910 032950.494 INFO             PET0       ---->Advancing Model from:    0  1  1  0  0  0   0
20220910 032950.494 INFO             PET0       ---------------------> to:    0  1  1  0  0 30   0
20220910 032950.494 INFO             PET0       MODEL: time step-loop ending,   current time:    0  1  1  0  0 30   0
20220910 032950.494 INFO             PET0       <<<MODEL: leaving Run (phase=RunPhase1) with current time:    0  1  1  0  0 30   0
20220910 032950.494 INFO             PET0     MODEL: Run extro.
20220910 032950.494 INFO             PET0     driver: RunSequence event loopLevel=   1  levelMember=   1  loopIteration=   2, current time:    0  1  1  0  0 30   0
20220910 032950.494 INFO             PET0     MODEL: Run intro.
20220910 032950.494 INFO             PET0       >>>MODEL: entered Run (phase=RunPhase1) with current time:    0  1  1  0  0 30   0
20220910 032950.494 INFO             PET0       MODEL: time step-loop starting, current time:    0  1  1  0  0 30   0
20220910 032950.494 INFO             PET0       thread_num=   2   currentSsiPe=  15   num_threads=   3   max_threads=   3   num_procs=  36
20220910 032950.494 INFO             PET0       thread_num=   0   currentSsiPe=   8   num_threads=   3   max_threads=   3   num_procs=  36
20220910 032950.494 INFO             PET0       thread_num=   1   currentSsiPe=  45   num_threads=   3   max_threads=   3   num_procs=  36
20220910 032950.494 INFO             PET0       ---->Advancing Model from:    0  1  1  0  0 30   0
20220910 032950.494 INFO             PET0       ---------------------> to:    0  1  1  0  1  0   0
20220910 032950.494 INFO             PET0       MODEL: time step-loop ending,   current time:    0  1  1  0  1  0   0
20220910 032950.494 INFO             PET0       <<<MODEL: leaving Run (phase=RunPhase1) with current time:    0  1  1  0  1  0   0
20220910 032950.494 INFO             PET0     MODEL: Run extro.
20220910 032950.494 INFO             PET0     driver: RunSequence event loopLevel=   1  levelMember=   1  loopIteration=   3, current time:    0  1  1  0  1  0   0
20220910 032950.494 INFO             PET0     MODEL: Run intro.
20220910 032950.494 INFO             PET0       >>>MODEL: entered Run (phase=RunPhase1) with current time:    0  1  1  0  1  0   0
20220910 032950.494 INFO             PET0       MODEL: time step-loop starting, current time:    0  1  1  0  1  0   0
20220910 032950.494 INFO             PET0       thread_num=   2   currentSsiPe=  15   num_threads=   3   max_threads=   3   num_procs=  36
20220910 032950.494 INFO             PET0       thread_num=   0   currentSsiPe=   8   num_threads=   3   max_threads=   3   num_procs=  36
20220910 032950.494 INFO             PET0       thread_num=   1   currentSsiPe=  45   num_threads=   3   max_threads=   3   num_procs=  36
20220910 032950.495 INFO             PET0       ---->Advancing Model from:    0  1  1  0  1  0   0
20220910 032950.495 INFO             PET0       ---------------------> to:    0  1  1  0  1 30   0
20220910 032950.495 INFO             PET0       MODEL: time step-loop ending,   current time:    0  1  1  0  1 30   0
20220910 032950.495 INFO             PET0       <<<MODEL: leaving Run (phase=RunPhase1) with current time:    0  1  1  0  1 30   0
20220910 032950.495 INFO             PET0     MODEL: Run extro.
20220910 032950.495 INFO             PET0     driver: RunSequence event loopLevel=   1  levelMember=   1  loopIteration=   4, current time:    0  1  1  0  1 30   0
20220910 032950.495 INFO             PET0     MODEL: Run intro.
20220910 032950.495 INFO             PET0       >>>MODEL: entered Run (phase=RunPhase1) with current time:    0  1  1  0  1 30   0
20220910 032950.495 INFO             PET0       MODEL: time step-loop starting, current time:    0  1  1  0  1 30   0
20220910 032950.495 INFO             PET0       thread_num=   1   currentSsiPe=  45   num_threads=   3   max_threads=   3   num_procs=  36
20220910 032950.495 INFO             PET0       thread_num=   2   currentSsiPe=  15   num_threads=   3   max_threads=   3   num_procs=  36
20220910 032950.495 INFO             PET0       thread_num=   0   currentSsiPe=   8   num_threads=   3   max_threads=   3   num_procs=  36
20220910 032950.495 INFO             PET0       ---->Advancing Model from:    0  1  1  0  1 30   0
20220910 032950.495 INFO             PET0       ---------------------> to:    0  1  1  0  2  0   0
20220910 032950.495 INFO             PET0       MODEL: time step-loop ending,   current time:    0  1  1  0  2  0   0
20220910 032950.495 INFO             PET0       <<<MODEL: leaving Run (phase=RunPhase1) with current time:    0  1  1  0  2  0   0
20220910 032950.495 INFO             PET0     MODEL: Run extro.
20220910 032950.495 INFO             PET0     driver: RunSequence event loopLevel=   1  levelMember=   1  loopIteration=   5, current time:    0  1  1  0  2  0   0
20220910 032950.495 INFO             PET0     MODEL: Run intro.
20220910 032950.495 INFO             PET0       >>>MODEL: entered Run (phase=RunPhase1) with current time:    0  1  1  0  2  0   0
20220910 032950.495 INFO             PET0       MODEL: time step-loop starting, current time:    0  1  1  0  2  0   0
20220910 032950.495 INFO             PET0       thread_num=   2   currentSsiPe=  15   num_threads=   3   max_threads=   3   num_procs=  36
20220910 032950.495 INFO             PET0       thread_num=   0   currentSsiPe=   8   num_threads=   3   max_threads=   3   num_procs=  36
20220910 032950.495 INFO             PET0       thread_num=   1   currentSsiPe=  45   num_threads=   3   max_threads=   3   num_procs=  36
20220910 032950.495 INFO             PET0       ---->Advancing Model from:    0  1  1  0  2  0   0
20220910 032950.495 INFO             PET0       ---------------------> to:    0  1  1  0  2 30   0
20220910 032950.495 INFO             PET0       MODEL: time step-loop ending,   current time:    0  1  1  0  2 30   0
20220910 032950.495 INFO             PET0       <<<MODEL: leaving Run (phase=RunPhase1) with current time:    0  1  1  0  2 30   0
20220910 032950.495 INFO             PET0     MODEL: Run extro.
20220910 032950.495 INFO             PET0   driver: end <--------- RunSequence
20220910 032950.495 INFO             PET0   <<<driver - leaving Run with current time:    0  1  1  0  2 30   0
20220910 032950.495 INFO             PET0 driver: Run extro.
20220910 032950.495 INFO             PET0 driver: Finalize intro.
20220910 032950.495 INFO             PET0   Calling Finalize phase 1 for modelComp: MODEL
20220910 032950.495 INFO             PET0   MODEL: Finalize intro.
20220910 032950.495 INFO             PET0     >>>MODEL: entered Finalize (phase=FinalizePhase1) with current time:    0  1  1  0  2 30   0
20220910 032950.495 INFO             PET0     <<<MODEL: leaving Finalize (phase=FinalizePhase1) with current time:    0  1  1  0  2 30   0
20220910 032950.495 INFO             PET0   MODEL: Finalize extro.
20220910 032950.495 INFO             PET0   Delete modelComp: MODEL
20220910 032950.496 INFO             PET0   Delete Import-/Export State for modelComp: MODEL
20220910 032950.496 INFO             PET0 driver: Finalize extro.
20220910 032950.496 INFO             PET0 mainApp FINISHED
20220910 032950.496 INFO             PET0 Finalizing ESMF
20220910 032950.456 INFO             PET1 !!!!!!!!!!!!!!!!!!!!!!!!!!!!!!!!!!!!!!!!!!!!!!!!!!!!!!
20220910 032950.456 INFO             PET1 !!! THE ESMF_LOG IS SET TO OUTPUT ALL LOG MESSAGES !!!
20220910 032950.456 INFO             PET1 !!!     THIS MAY CAUSE SLOWDOWN IN PERFORMANCE     !!!
20220910 032950.456 INFO             PET1 !!! FOR PRODUCTION RUNS, USE:                      !!!
20220910 032950.456 INFO             PET1 !!!                   ESMF_LOGKIND_Multi_On_Error  !!!
20220910 032950.456 INFO             PET1 !!!!!!!!!!!!!!!!!!!!!!!!!!!!!!!!!!!!!!!!!!!!!!!!!!!!!!
20220910 032950.456 INFO             PET1 Running with ESMF Version   : v8.3.1b05
20220910 032950.456 INFO             PET1 ESMF library build date/time: "Sep 10 2022" "02:44:57"
20220910 032950.456 INFO             PET1 ESMF library build location : /glade/scratch/dunlap/esmf-testing/gfortran_7.4.0_openmpi_g_patch_8.3.1/esmf
20220910 032950.456 INFO             PET1 ESMF_COMM                   : openmpi
20220910 032950.456 INFO             PET1 ESMF_MOAB                   : enabled
20220910 032950.456 INFO             PET1 ESMF_LAPACK                 : enabled
20220910 032950.456 INFO             PET1 ESMF_NETCDF                 : enabled
20220910 032950.456 INFO             PET1 ESMF_PNETCDF                : disabled
20220910 032950.456 INFO             PET1 ESMF_PIO                    : enabled
20220910 032950.456 INFO             PET1 ESMF_YAMLCPP                : enabled
20220910 032950.456 INFO             PET1 mainApp STARTING
20220910 032950.463 INFO             PET1 driver: InitializeP1 intro.
20220910 032950.463 INFO             PET1   driver: InitializeIPDv02p1 intro.
20220910 032950.463 INFO             PET1     >>>driver: entered Initialize (phase=<none>) without valid internal Clock.
20220910 032950.463 INFO             PET1     driver - Creating model component MODEL without petList.
20220910 032950.467 INFO             PET1      GridCompIsPetLocal:  T
20220910 032950.467 INFO             PET1      VmIsCreated:  T
20220910 032950.467 INFO             PET1      valid MPI_COMM with size=           4
20220910 032950.467 INFO             PET1     driver - Creating state: modelComp 1 Import State
20220910 032950.467 INFO             PET1     driver - Creating state: modelComp 1 Export State
20220910 032950.468 INFO             PET1     MODEL: InitializeP0 intro.
20220910 032950.469 INFO             PET1       >>>MODEL: entered Initialize (phase=<none>) without valid internal Clock.
20220910 032950.470 INFO             PET1       <<<MODEL: leaving Initialize (phase=<none>) without valid internal Clock.
20220910 032950.470 INFO             PET1     MODEL: InitializeP0 extro.
20220910 032950.473 INFO             PET1     driver: IInitAdvertise intro.
20220910 032950.473 INFO             PET1     driver: IInitAdvertise extro.
20220910 032950.473 INFO             PET1     MODEL: InitializeIPDvXp01 intro.
20220910 032950.473 INFO             PET1       >>>MODEL: entered Initialize (phase=IPDvXp01) without valid internal Clock.
20220910 032950.476 INFO             PET1       <<<MODEL: leaving Initialize (phase=IPDvXp01) without valid internal Clock.
20220910 032950.476 INFO             PET1     MODEL: InitializeIPDvXp01 extro.
20220910 032950.477 INFO             PET1     driver: IInitAdvertiseFinish intro.
20220910 032950.477 INFO             PET1     driver: IInitAdvertiseFinish extro.
20220910 032950.478 INFO             PET1     driver: IInitModifyCplLists intro.
20220910 032950.478 INFO             PET1     driver: IInitModifyCplLists extro.
20220910 032950.478 INFO             PET1     <<<driver: leaving Initialize (phase=<none>) with current time:    0  1  1  0  0  0   0
20220910 032950.478 INFO             PET1   driver: InitializeIPDv02p1 extro.
20220910 032950.478 INFO             PET1   driver: InitializeIPDv02p3 intro.
20220910 032950.478 INFO             PET1     >>>driver: entered Initialize (phase=<none>) with current time:    0  1  1  0  0  0   0
20220910 032950.478 INFO             PET1     driver: IInitCheck intro.
20220910 032950.478 INFO             PET1     driver: IInitCheck extro.
20220910 032950.481 INFO             PET1     MODEL: InitializeIPDvXp04 intro.
20220910 032950.481 INFO             PET1       >>>MODEL: entered Initialize (phase=IPDvXp04) without valid internal Clock.
20220910 032950.486 INFO             PET1       After Realize: - MemInfo: [/proc/meminfo - SSI]	MemTotal:       65507008 kB
20220910 032950.486 INFO             PET1       After Realize: - MemInfo: [/proc/meminfo - SSI]	MemFree:        48759680 kB
20220910 032950.486 INFO             PET1       After Realize: - MemInfo: [/proc/meminfo - SSI]	MemAvailable:   48558288 kB
20220910 032950.486 INFO             PET1       After Realize: - MemInfo: [/proc/meminfo - SSI]	Committed_AS:   13441072 kB
20220910 032950.486 INFO             PET1       After Realize: - MemInfo: [/proc/meminfo - SSI]	CommittedPercent: 20.5185 %
20220910 032950.486 INFO             PET1       After Realize: - MemInfo: [/proc/self/status]	VmPeak:	  527748 kB
20220910 032950.486 INFO             PET1       After Realize: - MemInfo: [/proc/self/status]	VmSize:	  527748 kB
20220910 032950.486 INFO             PET1       After Realize: - MemInfo: [/proc/self/status]	VmLck:	       0 kB
20220910 032950.486 INFO             PET1       After Realize: - MemInfo: [/proc/self/status]	VmPin:	       0 kB
20220910 032950.486 INFO             PET1       After Realize: - MemInfo: [/proc/self/status]	VmHWM:	   65280 kB
20220910 032950.486 INFO             PET1       After Realize: - MemInfo: [/proc/self/status]	VmRSS:	   25836 kB
20220910 032950.486 INFO             PET1       After Realize: - MemInfo: [/proc/self/status]	VmData:	   15340 kB
20220910 032950.486 INFO             PET1       After Realize: - MemInfo: [/proc/self/status]	VmStk:	     144 kB
20220910 032950.486 INFO             PET1       After Realize: - MemInfo: [/proc/self/status]	VmExe:	     256 kB
20220910 032950.486 INFO             PET1       After Realize: - MemInfo: [/proc/self/status]	VmLib:	   71908 kB
20220910 032950.486 INFO             PET1       After Realize: - MemInfo: [/proc/self/status]	VmPTE:	     768 kB
20220910 032950.486 INFO             PET1       After Realize: - MemInfo: [/proc/self/status]	VmPMD:	      12 kB
20220910 032950.486 INFO             PET1       After Realize: - MemInfo: [/proc/self/status]	VmSwap:	       0 kB
20220910 032950.486 INFO             PET1       After Realize: - MemInfo: [/proc/self/status]	VmRSSPercent: 0.0394401 %
20220910 032950.486 INFO             PET1       After Realize: - MemInfo: [malloc] Non-mmapped space allocated:                 3092480 Byte
20220910 032950.486 INFO             PET1       After Realize: - MemInfo: [malloc] Space allocated in mmapped regions:          1581056 Byte
20220910 032950.486 INFO             PET1       After Realize: - MemInfo: [malloc] Maximum total allocated space:                     0 Byte
20220910 032950.486 INFO             PET1       After Realize: - MemInfo: [malloc] Space in freed fastbin blocks:                  3520 Byte
20220910 032950.486 INFO             PET1       After Realize: - MemInfo: [malloc] Total allocated space:                       2846560 Byte
20220910 032950.486 INFO             PET1       After Realize: - MemInfo: [malloc] Total free space:                             245920 Byte
20220910 032950.486 INFO             PET1       After Realize: - MemInfo: [malloc] Top-most, releasable space:                    43088 Byte
20220910 032950.486 INFO             PET1       After Realize: - MemInfo: [malloc] Total space in use, mmap + non-mmap:         4427616 Byte
20220910 032950.486 INFO             PET1       After Realize: - MemInfo: [malloc] Total space held (mmap + non-mmap):          4673536 Byte
20220910 032950.486 INFO             PET1       After Realize: - MemInfo: [malloc] Total space used (mmap + non-mmap):          4437840 Byte
20220910 032950.486 INFO             PET1       After Realize: - MemInfo: Wall-clock time since execution start:               0.033177 seconds
20220910 032950.486 INFO             PET1       <<<MODEL: leaving Initialize (phase=IPDvXp04) without valid internal Clock.
20220910 032950.486 INFO             PET1     MODEL: InitializeIPDvXp04 extro.
20220910 032950.487 INFO             PET1     driver: IInitRealize intro.
20220910 032950.487 INFO             PET1     driver: IInitRealize extro.
20220910 032950.488 INFO             PET1     MODEL: InitializeIPDvXp07 intro.
20220910 032950.488 INFO             PET1       >>>MODEL: entered Initialize (phase=IPDvXp07) without valid internal Clock.
20220910 032950.488 INFO             PET1       <<<MODEL: leaving Initialize (phase=IPDvXp07) with current time:    0  1  1  0  0  0   0
20220910 032950.488 INFO             PET1     MODEL: InitializeIPDvXp07 extro.
20220910 032950.489 INFO             PET1     <<<driver: leaving Initialize (phase=<none>) with current time:    0  1  1  0  0  0   0
20220910 032950.489 INFO             PET1   driver: InitializeIPDv02p3 extro.
20220910 032950.489 INFO             PET1   driver: InitializeIPDv02p5 intro.
20220910 032950.489 INFO             PET1     >>>driver: entered Initialize (phase=<none>) with current time:    0  1  1  0  0  0   0
20220910 032950.489 INFO             PET1     driver: this is a top level driver, no 'Updated' and 'InitializeDataComplete' info on this level.
20220910 032950.489 INFO             PET1     driver: InitializeIPDv02p5Data intro.
20220910 032950.489 INFO             PET1       driver: InternalInitializeComplete intro.
20220910 032950.489 INFO             PET1         driver: InitializeDataComplete='true'
20220910 032950.489 INFO             PET1       driver: InternalInitializeComplete extro.
20220910 032950.489 INFO             PET1       MODEL: InitializeIPDvXp08 intro.
20220910 032950.490 INFO             PET1         >>>MODEL: entered Initialize (phase=IPDv05p8) with current time:    0  1  1  0  0  0   0
20220910 032950.490 INFO             PET1         MODEL: InitializeDataProgress='false', InitializeDataComplete='false'
20220910 032950.490 INFO             PET1         <<<MODEL: leaving Initialize (phase=IPDv05p8) with current time:    0  1  1  0  0  0   0
20220910 032950.490 INFO             PET1       MODEL: InitializeIPDvXp08 extro.
20220910 032950.491 INFO             PET1       driver: components present that trigger loopDataDependentInitialize().
20220910 032950.491 INFO             PET1       driver: loopDataDependentInitialize intro.
20220910 032950.491 INFO             PET1         driver: component    0=driver, dataComplete (local): true
20220910 032950.491 INFO             PET1         driver: component    0=driver, dataComplete (global): T
20220910 032950.491 INFO             PET1         driver: component    1=MODEL, dataComplete (local): false
20220910 032950.491 INFO             PET1         driver: component    1=MODEL, dataComplete (global): F
20220910 032950.491 INFO             PET1         MODEL: InitializeIPDvXp08 intro.
20220910 032950.491 INFO             PET1           >>>MODEL: entered Initialize (phase=IPDv05p8) with current time:    0  1  1  0  0  0   0
20220910 032950.492 INFO             PET1           MODEL: InitializeDataProgress='true', InitializeDataComplete='true'
20220910 032950.492 INFO             PET1           <<<MODEL: leaving Initialize (phase=IPDv05p8) with current time:    0  1  1  0  0  0   0
20220910 032950.492 INFO             PET1         MODEL: InitializeIPDvXp08 extro.
20220910 032950.493 INFO             PET1         driver: component    1=MODEL, someProgress (local): true
20220910 032950.493 INFO             PET1         driver: component    1=MODEL, someProgress (global): T
20220910 032950.493 INFO             PET1         driver: someProgress=T, allComplete=F, present(dataDepAllComplete)=T
20220910 032950.493 INFO             PET1         driver: component    0=driver, dataComplete (local): true
20220910 032950.493 INFO             PET1         driver: component    0=driver, dataComplete (global): T
20220910 032950.493 INFO             PET1         driver: component    1=MODEL, dataComplete (local): true
20220910 032950.493 INFO             PET1         driver: component    1=MODEL, dataComplete (global): T
20220910 032950.493 INFO             PET1         driver: someProgress=F, allComplete=T, present(dataDepAllComplete)=T
20220910 032950.493 INFO             PET1         driver: finished resolving initialize data dependencies on this level.
20220910 032950.493 INFO             PET1       driver: loopDataDependentInitialize extro.
20220910 032950.493 INFO             PET1       driver: loopDataDependentInitialize() returned with dataDepAllComplete: T
20220910 032950.493 INFO             PET1     driver: InitializeIPDv02p5Data extro.
20220910 032950.493 INFO             PET1     <<<driver: leaving Initialize (phase=<none>) with current time:    0  1  1  0  0  0   0
20220910 032950.493 INFO             PET1   driver: InitializeIPDv02p5 extro.
20220910 032950.493 INFO             PET1 driver: InitializeP1 extro.
20220910 032950.493 INFO             PET1 driver: Run intro.
20220910 032950.493 INFO             PET1   >>>driver entered Run (phase=RunPhase1) with current time:    0  1  1  0  0  0   0
20220910 032950.493 INFO             PET1   driver: after lable_SetRunClock, current time:    0  1  1  0  0  0   0
20220910 032950.493 INFO             PET1   driver: begin -------> RunSequence.
20220910 032950.493 INFO             PET1     driver: RunSequence event loopLevel=   1  levelMember=   1  loopIteration=   1, current time:    0  1  1  0  0  0   0
20220910 032950.493 INFO             PET1     MODEL: Run intro.
20220910 032950.494 INFO             PET1       >>>MODEL: entered Run (phase=RunPhase1) with current time:    0  1  1  0  0  0   0
20220910 032950.494 INFO             PET1       MODEL: time step-loop starting, current time:    0  1  1  0  0  0   0
20220910 032950.494 INFO             PET1       thread_num=   0   currentSsiPe=  54   num_threads=   3   max_threads=   3   num_procs=  36
20220910 032950.494 INFO             PET1       thread_num=   1   currentSsiPe=  22   num_threads=   3   max_threads=   3   num_procs=  36
20220910 032950.494 INFO             PET1       thread_num=   2   currentSsiPe=  62   num_threads=   3   max_threads=   3   num_procs=  36
20220910 032950.494 INFO             PET1       ---->Advancing Model from:    0  1  1  0  0  0   0
20220910 032950.494 INFO             PET1       ---------------------> to:    0  1  1  0  0 30   0
20220910 032950.494 INFO             PET1       MODEL: time step-loop ending,   current time:    0  1  1  0  0 30   0
20220910 032950.494 INFO             PET1       <<<MODEL: leaving Run (phase=RunPhase1) with current time:    0  1  1  0  0 30   0
20220910 032950.494 INFO             PET1     MODEL: Run extro.
20220910 032950.494 INFO             PET1     driver: RunSequence event loopLevel=   1  levelMember=   1  loopIteration=   2, current time:    0  1  1  0  0 30   0
20220910 032950.494 INFO             PET1     MODEL: Run intro.
20220910 032950.494 INFO             PET1       >>>MODEL: entered Run (phase=RunPhase1) with current time:    0  1  1  0  0 30   0
20220910 032950.494 INFO             PET1       MODEL: time step-loop starting, current time:    0  1  1  0  0 30   0
20220910 032950.494 INFO             PET1       thread_num=   2   currentSsiPe=  62   num_threads=   3   max_threads=   3   num_procs=  36
20220910 032950.494 INFO             PET1       thread_num=   0   currentSsiPe=  54   num_threads=   3   max_threads=   3   num_procs=  36
20220910 032950.494 INFO             PET1       thread_num=   1   currentSsiPe=  22   num_threads=   3   max_threads=   3   num_procs=  36
20220910 032950.494 INFO             PET1       ---->Advancing Model from:    0  1  1  0  0 30   0
20220910 032950.494 INFO             PET1       ---------------------> to:    0  1  1  0  1  0   0
20220910 032950.494 INFO             PET1       MODEL: time step-loop ending,   current time:    0  1  1  0  1  0   0
20220910 032950.494 INFO             PET1       <<<MODEL: leaving Run (phase=RunPhase1) with current time:    0  1  1  0  1  0   0
20220910 032950.494 INFO             PET1     MODEL: Run extro.
20220910 032950.494 INFO             PET1     driver: RunSequence event loopLevel=   1  levelMember=   1  loopIteration=   3, current time:    0  1  1  0  1  0   0
20220910 032950.495 INFO             PET1     MODEL: Run intro.
20220910 032950.495 INFO             PET1       >>>MODEL: entered Run (phase=RunPhase1) with current time:    0  1  1  0  1  0   0
20220910 032950.495 INFO             PET1       MODEL: time step-loop starting, current time:    0  1  1  0  1  0   0
20220910 032950.495 INFO             PET1       thread_num=   2   currentSsiPe=  62   num_threads=   3   max_threads=   3   num_procs=  36
20220910 032950.495 INFO             PET1       thread_num=   1   currentSsiPe=  22   num_threads=   3   max_threads=   3   num_procs=  36
20220910 032950.495 INFO             PET1       thread_num=   0   currentSsiPe=  54   num_threads=   3   max_threads=   3   num_procs=  36
20220910 032950.495 INFO             PET1       ---->Advancing Model from:    0  1  1  0  1  0   0
20220910 032950.495 INFO             PET1       ---------------------> to:    0  1  1  0  1 30   0
20220910 032950.495 INFO             PET1       MODEL: time step-loop ending,   current time:    0  1  1  0  1 30   0
20220910 032950.495 INFO             PET1       <<<MODEL: leaving Run (phase=RunPhase1) with current time:    0  1  1  0  1 30   0
20220910 032950.495 INFO             PET1     MODEL: Run extro.
20220910 032950.495 INFO             PET1     driver: RunSequence event loopLevel=   1  levelMember=   1  loopIteration=   4, current time:    0  1  1  0  1 30   0
20220910 032950.495 INFO             PET1     MODEL: Run intro.
20220910 032950.495 INFO             PET1       >>>MODEL: entered Run (phase=RunPhase1) with current time:    0  1  1  0  1 30   0
20220910 032950.495 INFO             PET1       MODEL: time step-loop starting, current time:    0  1  1  0  1 30   0
20220910 032950.495 INFO             PET1       thread_num=   2   currentSsiPe=  62   num_threads=   3   max_threads=   3   num_procs=  36
20220910 032950.495 INFO             PET1       thread_num=   0   currentSsiPe=  54   num_threads=   3   max_threads=   3   num_procs=  36
20220910 032950.495 INFO             PET1       thread_num=   1   currentSsiPe=  22   num_threads=   3   max_threads=   3   num_procs=  36
20220910 032950.495 INFO             PET1       ---->Advancing Model from:    0  1  1  0  1 30   0
20220910 032950.495 INFO             PET1       ---------------------> to:    0  1  1  0  2  0   0
20220910 032950.495 INFO             PET1       MODEL: time step-loop ending,   current time:    0  1  1  0  2  0   0
20220910 032950.495 INFO             PET1       <<<MODEL: leaving Run (phase=RunPhase1) with current time:    0  1  1  0  2  0   0
20220910 032950.495 INFO             PET1     MODEL: Run extro.
20220910 032950.495 INFO             PET1     driver: RunSequence event loopLevel=   1  levelMember=   1  loopIteration=   5, current time:    0  1  1  0  2  0   0
20220910 032950.495 INFO             PET1     MODEL: Run intro.
20220910 032950.495 INFO             PET1       >>>MODEL: entered Run (phase=RunPhase1) with current time:    0  1  1  0  2  0   0
20220910 032950.495 INFO             PET1       MODEL: time step-loop starting, current time:    0  1  1  0  2  0   0
20220910 032950.495 INFO             PET1       thread_num=   1   currentSsiPe=  22   num_threads=   3   max_threads=   3   num_procs=  36
20220910 032950.495 INFO             PET1       thread_num=   0   currentSsiPe=  54   num_threads=   3   max_threads=   3   num_procs=  36
20220910 032950.495 INFO             PET1       thread_num=   2   currentSsiPe=  62   num_threads=   3   max_threads=   3   num_procs=  36
20220910 032950.495 INFO             PET1       ---->Advancing Model from:    0  1  1  0  2  0   0
20220910 032950.496 INFO             PET1       ---------------------> to:    0  1  1  0  2 30   0
20220910 032950.496 INFO             PET1       MODEL: time step-loop ending,   current time:    0  1  1  0  2 30   0
20220910 032950.496 INFO             PET1       <<<MODEL: leaving Run (phase=RunPhase1) with current time:    0  1  1  0  2 30   0
20220910 032950.496 INFO             PET1     MODEL: Run extro.
20220910 032950.496 INFO             PET1   driver: end <--------- RunSequence
20220910 032950.496 INFO             PET1   <<<driver - leaving Run with current time:    0  1  1  0  2 30   0
20220910 032950.496 INFO             PET1 driver: Run extro.
20220910 032950.496 INFO             PET1 driver: Finalize intro.
20220910 032950.496 INFO             PET1   Calling Finalize phase 1 for modelComp: MODEL
20220910 032950.496 INFO             PET1   MODEL: Finalize intro.
20220910 032950.496 INFO             PET1     >>>MODEL: entered Finalize (phase=FinalizePhase1) with current time:    0  1  1  0  2 30   0
20220910 032950.496 INFO             PET1     <<<MODEL: leaving Finalize (phase=FinalizePhase1) with current time:    0  1  1  0  2 30   0
20220910 032950.496 INFO             PET1   MODEL: Finalize extro.
20220910 032950.496 INFO             PET1   Delete modelComp: MODEL
20220910 032950.496 INFO             PET1   Delete Import-/Export State for modelComp: MODEL
20220910 032950.496 INFO             PET1 driver: Finalize extro.
20220910 032950.496 INFO             PET1 mainApp FINISHED
20220910 032950.496 INFO             PET1 Finalizing ESMF
20220910 032950.455 INFO             PET2 !!!!!!!!!!!!!!!!!!!!!!!!!!!!!!!!!!!!!!!!!!!!!!!!!!!!!!
20220910 032950.455 INFO             PET2 !!! THE ESMF_LOG IS SET TO OUTPUT ALL LOG MESSAGES !!!
20220910 032950.455 INFO             PET2 !!!     THIS MAY CAUSE SLOWDOWN IN PERFORMANCE     !!!
20220910 032950.455 INFO             PET2 !!! FOR PRODUCTION RUNS, USE:                      !!!
20220910 032950.455 INFO             PET2 !!!                   ESMF_LOGKIND_Multi_On_Error  !!!
20220910 032950.455 INFO             PET2 !!!!!!!!!!!!!!!!!!!!!!!!!!!!!!!!!!!!!!!!!!!!!!!!!!!!!!
20220910 032950.455 INFO             PET2 Running with ESMF Version   : v8.3.1b05
20220910 032950.455 INFO             PET2 ESMF library build date/time: "Sep 10 2022" "02:44:57"
20220910 032950.455 INFO             PET2 ESMF library build location : /glade/scratch/dunlap/esmf-testing/gfortran_7.4.0_openmpi_g_patch_8.3.1/esmf
20220910 032950.455 INFO             PET2 ESMF_COMM                   : openmpi
20220910 032950.455 INFO             PET2 ESMF_MOAB                   : enabled
20220910 032950.455 INFO             PET2 ESMF_LAPACK                 : enabled
20220910 032950.455 INFO             PET2 ESMF_NETCDF                 : enabled
20220910 032950.455 INFO             PET2 ESMF_PNETCDF                : disabled
20220910 032950.455 INFO             PET2 ESMF_PIO                    : enabled
20220910 032950.455 INFO             PET2 ESMF_YAMLCPP                : enabled
20220910 032950.456 INFO             PET2 mainApp STARTING
20220910 032950.462 INFO             PET2 driver: InitializeP1 intro.
20220910 032950.462 INFO             PET2   driver: InitializeIPDv02p1 intro.
20220910 032950.462 INFO             PET2     >>>driver: entered Initialize (phase=<none>) without valid internal Clock.
20220910 032950.463 INFO             PET2     driver - Creating model component MODEL without petList.
20220910 032950.466 INFO             PET2      GridCompIsPetLocal:  T
20220910 032950.466 INFO             PET2      VmIsCreated:  T
20220910 032950.466 INFO             PET2      valid MPI_COMM with size=           4
20220910 032950.466 INFO             PET2     driver - Creating state: modelComp 1 Import State
20220910 032950.466 INFO             PET2     driver - Creating state: modelComp 1 Export State
20220910 032950.467 INFO             PET2     MODEL: InitializeP0 intro.
20220910 032950.467 INFO             PET2       >>>MODEL: entered Initialize (phase=<none>) without valid internal Clock.
20220910 032950.469 INFO             PET2       <<<MODEL: leaving Initialize (phase=<none>) without valid internal Clock.
20220910 032950.469 INFO             PET2     MODEL: InitializeP0 extro.
20220910 032950.471 INFO             PET2     driver: IInitAdvertise intro.
20220910 032950.471 INFO             PET2     driver: IInitAdvertise extro.
20220910 032950.471 INFO             PET2     MODEL: InitializeIPDvXp01 intro.
20220910 032950.471 INFO             PET2       >>>MODEL: entered Initialize (phase=IPDvXp01) without valid internal Clock.
20220910 032950.474 INFO             PET2       <<<MODEL: leaving Initialize (phase=IPDvXp01) without valid internal Clock.
20220910 032950.474 INFO             PET2     MODEL: InitializeIPDvXp01 extro.
20220910 032950.476 INFO             PET2     driver: IInitAdvertiseFinish intro.
20220910 032950.476 INFO             PET2     driver: IInitAdvertiseFinish extro.
20220910 032950.476 INFO             PET2     driver: IInitModifyCplLists intro.
20220910 032950.476 INFO             PET2     driver: IInitModifyCplLists extro.
20220910 032950.476 INFO             PET2     <<<driver: leaving Initialize (phase=<none>) with current time:    0  1  1  0  0  0   0
20220910 032950.476 INFO             PET2   driver: InitializeIPDv02p1 extro.
20220910 032950.476 INFO             PET2   driver: InitializeIPDv02p3 intro.
20220910 032950.476 INFO             PET2     >>>driver: entered Initialize (phase=<none>) with current time:    0  1  1  0  0  0   0
20220910 032950.476 INFO             PET2     driver: IInitCheck intro.
20220910 032950.476 INFO             PET2     driver: IInitCheck extro.
20220910 032950.479 INFO             PET2     MODEL: InitializeIPDvXp04 intro.
20220910 032950.479 INFO             PET2       >>>MODEL: entered Initialize (phase=IPDvXp04) without valid internal Clock.
20220910 032950.483 INFO             PET2       After Realize: - MemInfo: [/proc/meminfo - SSI]	MemTotal:       65507008 kB
20220910 032950.483 INFO             PET2       After Realize: - MemInfo: [/proc/meminfo - SSI]	MemFree:        48759680 kB
20220910 032950.483 INFO             PET2       After Realize: - MemInfo: [/proc/meminfo - SSI]	MemAvailable:   48558288 kB
20220910 032950.483 INFO             PET2       After Realize: - MemInfo: [/proc/meminfo - SSI]	Committed_AS:   13441072 kB
20220910 032950.483 INFO             PET2       After Realize: - MemInfo: [/proc/meminfo - SSI]	CommittedPercent: 20.5185 %
20220910 032950.483 INFO             PET2       After Realize: - MemInfo: [/proc/self/status]	VmPeak:	  527788 kB
20220910 032950.483 INFO             PET2       After Realize: - MemInfo: [/proc/self/status]	VmSize:	  527788 kB
20220910 032950.483 INFO             PET2       After Realize: - MemInfo: [/proc/self/status]	VmLck:	       0 kB
20220910 032950.483 INFO             PET2       After Realize: - MemInfo: [/proc/self/status]	VmPin:	       0 kB
20220910 032950.483 INFO             PET2       After Realize: - MemInfo: [/proc/self/status]	VmHWM:	   65276 kB
20220910 032950.483 INFO             PET2       After Realize: - MemInfo: [/proc/self/status]	VmRSS:	   25864 kB
20220910 032950.483 INFO             PET2       After Realize: - MemInfo: [/proc/self/status]	VmData:	   15380 kB
20220910 032950.483 INFO             PET2       After Realize: - MemInfo: [/proc/self/status]	VmStk:	     144 kB
20220910 032950.483 INFO             PET2       After Realize: - MemInfo: [/proc/self/status]	VmExe:	     256 kB
20220910 032950.483 INFO             PET2       After Realize: - MemInfo: [/proc/self/status]	VmLib:	   71908 kB
20220910 032950.483 INFO             PET2       After Realize: - MemInfo: [/proc/self/status]	VmPTE:	     780 kB
20220910 032950.483 INFO             PET2       After Realize: - MemInfo: [/proc/self/status]	VmPMD:	      16 kB
20220910 032950.483 INFO             PET2       After Realize: - MemInfo: [/proc/self/status]	VmSwap:	       0 kB
20220910 032950.483 INFO             PET2       After Realize: - MemInfo: [/proc/self/status]	VmRSSPercent: 0.0394828 %
20220910 032950.483 INFO             PET2       After Realize: - MemInfo: [malloc] Non-mmapped space allocated:                 3133440 Byte
20220910 032950.483 INFO             PET2       After Realize: - MemInfo: [malloc] Space allocated in mmapped regions:          1581056 Byte
20220910 032950.483 INFO             PET2       After Realize: - MemInfo: [malloc] Maximum total allocated space:                     0 Byte
20220910 032950.483 INFO             PET2       After Realize: - MemInfo: [malloc] Space in freed fastbin blocks:                  2240 Byte
20220910 032950.483 INFO             PET2       After Realize: - MemInfo: [malloc] Total allocated space:                       2843536 Byte
20220910 032950.483 INFO             PET2       After Realize: - MemInfo: [malloc] Total free space:                             289904 Byte
20220910 032950.483 INFO             PET2       After Realize: - MemInfo: [malloc] Top-most, releasable space:                    88224 Byte
20220910 032950.483 INFO             PET2       After Realize: - MemInfo: [malloc] Total space in use, mmap + non-mmap:         4424592 Byte
20220910 032950.483 INFO             PET2       After Realize: - MemInfo: [malloc] Total space held (mmap + non-mmap):          4714496 Byte
20220910 032950.483 INFO             PET2       After Realize: - MemInfo: [malloc] Total space used (mmap + non-mmap):          4434816 Byte
20220910 032950.483 INFO             PET2       After Realize: - MemInfo: Wall-clock time since execution start:              0.0306082 seconds
20220910 032950.483 INFO             PET2       <<<MODEL: leaving Initialize (phase=IPDvXp04) without valid internal Clock.
20220910 032950.483 INFO             PET2     MODEL: InitializeIPDvXp04 extro.
20220910 032950.485 INFO             PET2     driver: IInitRealize intro.
20220910 032950.485 INFO             PET2     driver: IInitRealize extro.
20220910 032950.486 INFO             PET2     MODEL: InitializeIPDvXp07 intro.
20220910 032950.486 INFO             PET2       >>>MODEL: entered Initialize (phase=IPDvXp07) without valid internal Clock.
20220910 032950.486 INFO             PET2       <<<MODEL: leaving Initialize (phase=IPDvXp07) with current time:    0  1  1  0  0  0   0
20220910 032950.486 INFO             PET2     MODEL: InitializeIPDvXp07 extro.
20220910 032950.488 INFO             PET2     <<<driver: leaving Initialize (phase=<none>) with current time:    0  1  1  0  0  0   0
20220910 032950.488 INFO             PET2   driver: InitializeIPDv02p3 extro.
20220910 032950.488 INFO             PET2   driver: InitializeIPDv02p5 intro.
20220910 032950.489 INFO             PET2     >>>driver: entered Initialize (phase=<none>) with current time:    0  1  1  0  0  0   0
20220910 032950.489 INFO             PET2     driver: this is a top level driver, no 'Updated' and 'InitializeDataComplete' info on this level.
20220910 032950.489 INFO             PET2     driver: InitializeIPDv02p5Data intro.
20220910 032950.489 INFO             PET2       driver: InternalInitializeComplete intro.
20220910 032950.489 INFO             PET2         driver: InitializeDataComplete='true'
20220910 032950.489 INFO             PET2       driver: InternalInitializeComplete extro.
20220910 032950.489 INFO             PET2       MODEL: InitializeIPDvXp08 intro.
20220910 032950.489 INFO             PET2         >>>MODEL: entered Initialize (phase=IPDv05p8) with current time:    0  1  1  0  0  0   0
20220910 032950.489 INFO             PET2         MODEL: InitializeDataProgress='false', InitializeDataComplete='false'
20220910 032950.489 INFO             PET2         <<<MODEL: leaving Initialize (phase=IPDv05p8) with current time:    0  1  1  0  0  0   0
20220910 032950.489 INFO             PET2       MODEL: InitializeIPDvXp08 extro.
20220910 032950.491 INFO             PET2       driver: components present that trigger loopDataDependentInitialize().
20220910 032950.491 INFO             PET2       driver: loopDataDependentInitialize intro.
20220910 032950.491 INFO             PET2         driver: component    0=driver, dataComplete (local): true
20220910 032950.491 INFO             PET2         driver: component    0=driver, dataComplete (global): T
20220910 032950.491 INFO             PET2         driver: component    1=MODEL, dataComplete (local): false
20220910 032950.491 INFO             PET2         driver: component    1=MODEL, dataComplete (global): F
20220910 032950.491 INFO             PET2         MODEL: InitializeIPDvXp08 intro.
20220910 032950.491 INFO             PET2           >>>MODEL: entered Initialize (phase=IPDv05p8) with current time:    0  1  1  0  0  0   0
20220910 032950.492 INFO             PET2           MODEL: InitializeDataProgress='true', InitializeDataComplete='true'
20220910 032950.492 INFO             PET2           <<<MODEL: leaving Initialize (phase=IPDv05p8) with current time:    0  1  1  0  0  0   0
20220910 032950.492 INFO             PET2         MODEL: InitializeIPDvXp08 extro.
20220910 032950.493 INFO             PET2         driver: component    1=MODEL, someProgress (local): true
20220910 032950.493 INFO             PET2         driver: component    1=MODEL, someProgress (global): T
20220910 032950.493 INFO             PET2         driver: someProgress=T, allComplete=F, present(dataDepAllComplete)=T
20220910 032950.493 INFO             PET2         driver: component    0=driver, dataComplete (local): true
20220910 032950.493 INFO             PET2         driver: component    0=driver, dataComplete (global): T
20220910 032950.493 INFO             PET2         driver: component    1=MODEL, dataComplete (local): true
20220910 032950.493 INFO             PET2         driver: component    1=MODEL, dataComplete (global): T
20220910 032950.493 INFO             PET2         driver: someProgress=F, allComplete=T, present(dataDepAllComplete)=T
20220910 032950.493 INFO             PET2         driver: finished resolving initialize data dependencies on this level.
20220910 032950.493 INFO             PET2       driver: loopDataDependentInitialize extro.
20220910 032950.493 INFO             PET2       driver: loopDataDependentInitialize() returned with dataDepAllComplete: T
20220910 032950.493 INFO             PET2     driver: InitializeIPDv02p5Data extro.
20220910 032950.493 INFO             PET2     <<<driver: leaving Initialize (phase=<none>) with current time:    0  1  1  0  0  0   0
20220910 032950.493 INFO             PET2   driver: InitializeIPDv02p5 extro.
20220910 032950.493 INFO             PET2 driver: InitializeP1 extro.
20220910 032950.493 INFO             PET2 driver: Run intro.
20220910 032950.493 INFO             PET2   >>>driver entered Run (phase=RunPhase1) with current time:    0  1  1  0  0  0   0
20220910 032950.493 INFO             PET2   driver: after lable_SetRunClock, current time:    0  1  1  0  0  0   0
20220910 032950.493 INFO             PET2   driver: begin -------> RunSequence.
20220910 032950.493 INFO             PET2     driver: RunSequence event loopLevel=   1  levelMember=   1  loopIteration=   1, current time:    0  1  1  0  0  0   0
20220910 032950.493 INFO             PET2     MODEL: Run intro.
20220910 032950.493 INFO             PET2       >>>MODEL: entered Run (phase=RunPhase1) with current time:    0  1  1  0  0  0   0
20220910 032950.494 INFO             PET2       MODEL: time step-loop starting, current time:    0  1  1  0  0  0   0
20220910 032950.494 INFO             PET2       thread_num=   0   currentSsiPe=  10   num_threads=   3   max_threads=   3   num_procs=  36
20220910 032950.494 INFO             PET2       thread_num=   2   currentSsiPe=  52   num_threads=   3   max_threads=   3   num_procs=  36
20220910 032950.494 INFO             PET2       thread_num=   1   currentSsiPe=  49   num_threads=   3   max_threads=   3   num_procs=  36
20220910 032950.494 INFO             PET2       ---->Advancing Model from:    0  1  1  0  0  0   0
20220910 032950.494 INFO             PET2       ---------------------> to:    0  1  1  0  0 30   0
20220910 032950.494 INFO             PET2       MODEL: time step-loop ending,   current time:    0  1  1  0  0 30   0
20220910 032950.494 INFO             PET2       <<<MODEL: leaving Run (phase=RunPhase1) with current time:    0  1  1  0  0 30   0
20220910 032950.494 INFO             PET2     MODEL: Run extro.
20220910 032950.494 INFO             PET2     driver: RunSequence event loopLevel=   1  levelMember=   1  loopIteration=   2, current time:    0  1  1  0  0 30   0
20220910 032950.494 INFO             PET2     MODEL: Run intro.
20220910 032950.494 INFO             PET2       >>>MODEL: entered Run (phase=RunPhase1) with current time:    0  1  1  0  0 30   0
20220910 032950.494 INFO             PET2       MODEL: time step-loop starting, current time:    0  1  1  0  0 30   0
20220910 032950.494 INFO             PET2       thread_num=   2   currentSsiPe=  52   num_threads=   3   max_threads=   3   num_procs=  36
20220910 032950.494 INFO             PET2       thread_num=   0   currentSsiPe=  10   num_threads=   3   max_threads=   3   num_procs=  36
20220910 032950.494 INFO             PET2       thread_num=   1   currentSsiPe=  49   num_threads=   3   max_threads=   3   num_procs=  36
20220910 032950.494 INFO             PET2       ---->Advancing Model from:    0  1  1  0  0 30   0
20220910 032950.494 INFO             PET2       ---------------------> to:    0  1  1  0  1  0   0
20220910 032950.494 INFO             PET2       MODEL: time step-loop ending,   current time:    0  1  1  0  1  0   0
20220910 032950.494 INFO             PET2       <<<MODEL: leaving Run (phase=RunPhase1) with current time:    0  1  1  0  1  0   0
20220910 032950.494 INFO             PET2     MODEL: Run extro.
20220910 032950.494 INFO             PET2     driver: RunSequence event loopLevel=   1  levelMember=   1  loopIteration=   3, current time:    0  1  1  0  1  0   0
20220910 032950.494 INFO             PET2     MODEL: Run intro.
20220910 032950.494 INFO             PET2       >>>MODEL: entered Run (phase=RunPhase1) with current time:    0  1  1  0  1  0   0
20220910 032950.495 INFO             PET2       MODEL: time step-loop starting, current time:    0  1  1  0  1  0   0
20220910 032950.495 INFO             PET2       thread_num=   1   currentSsiPe=  49   num_threads=   3   max_threads=   3   num_procs=  36
20220910 032950.495 INFO             PET2       thread_num=   2   currentSsiPe=  52   num_threads=   3   max_threads=   3   num_procs=  36
20220910 032950.495 INFO             PET2       thread_num=   0   currentSsiPe=  10   num_threads=   3   max_threads=   3   num_procs=  36
20220910 032950.495 INFO             PET2       ---->Advancing Model from:    0  1  1  0  1  0   0
20220910 032950.495 INFO             PET2       ---------------------> to:    0  1  1  0  1 30   0
20220910 032950.495 INFO             PET2       MODEL: time step-loop ending,   current time:    0  1  1  0  1 30   0
20220910 032950.495 INFO             PET2       <<<MODEL: leaving Run (phase=RunPhase1) with current time:    0  1  1  0  1 30   0
20220910 032950.495 INFO             PET2     MODEL: Run extro.
20220910 032950.495 INFO             PET2     driver: RunSequence event loopLevel=   1  levelMember=   1  loopIteration=   4, current time:    0  1  1  0  1 30   0
20220910 032950.495 INFO             PET2     MODEL: Run intro.
20220910 032950.495 INFO             PET2       >>>MODEL: entered Run (phase=RunPhase1) with current time:    0  1  1  0  1 30   0
20220910 032950.495 INFO             PET2       MODEL: time step-loop starting, current time:    0  1  1  0  1 30   0
20220910 032950.495 INFO             PET2       thread_num=   1   currentSsiPe=  49   num_threads=   3   max_threads=   3   num_procs=  36
20220910 032950.495 INFO             PET2       thread_num=   2   currentSsiPe=  52   num_threads=   3   max_threads=   3   num_procs=  36
20220910 032950.495 INFO             PET2       thread_num=   0   currentSsiPe=  10   num_threads=   3   max_threads=   3   num_procs=  36
20220910 032950.495 INFO             PET2       ---->Advancing Model from:    0  1  1  0  1 30   0
20220910 032950.495 INFO             PET2       ---------------------> to:    0  1  1  0  2  0   0
20220910 032950.495 INFO             PET2       MODEL: time step-loop ending,   current time:    0  1  1  0  2  0   0
20220910 032950.495 INFO             PET2       <<<MODEL: leaving Run (phase=RunPhase1) with current time:    0  1  1  0  2  0   0
20220910 032950.495 INFO             PET2     MODEL: Run extro.
20220910 032950.495 INFO             PET2     driver: RunSequence event loopLevel=   1  levelMember=   1  loopIteration=   5, current time:    0  1  1  0  2  0   0
20220910 032950.495 INFO             PET2     MODEL: Run intro.
20220910 032950.495 INFO             PET2       >>>MODEL: entered Run (phase=RunPhase1) with current time:    0  1  1  0  2  0   0
20220910 032950.495 INFO             PET2       MODEL: time step-loop starting, current time:    0  1  1  0  2  0   0
20220910 032950.495 INFO             PET2       thread_num=   1   currentSsiPe=  49   num_threads=   3   max_threads=   3   num_procs=  36
20220910 032950.495 INFO             PET2       thread_num=   0   currentSsiPe=  10   num_threads=   3   max_threads=   3   num_procs=  36
20220910 032950.495 INFO             PET2       thread_num=   2   currentSsiPe=  52   num_threads=   3   max_threads=   3   num_procs=  36
20220910 032950.495 INFO             PET2       ---->Advancing Model from:    0  1  1  0  2  0   0
20220910 032950.495 INFO             PET2       ---------------------> to:    0  1  1  0  2 30   0
20220910 032950.495 INFO             PET2       MODEL: time step-loop ending,   current time:    0  1  1  0  2 30   0
20220910 032950.495 INFO             PET2       <<<MODEL: leaving Run (phase=RunPhase1) with current time:    0  1  1  0  2 30   0
20220910 032950.495 INFO             PET2     MODEL: Run extro.
20220910 032950.495 INFO             PET2   driver: end <--------- RunSequence
20220910 032950.495 INFO             PET2   <<<driver - leaving Run with current time:    0  1  1  0  2 30   0
20220910 032950.495 INFO             PET2 driver: Run extro.
20220910 032950.495 INFO             PET2 driver: Finalize intro.
20220910 032950.495 INFO             PET2   Calling Finalize phase 1 for modelComp: MODEL
20220910 032950.495 INFO             PET2   MODEL: Finalize intro.
20220910 032950.495 INFO             PET2     >>>MODEL: entered Finalize (phase=FinalizePhase1) with current time:    0  1  1  0  2 30   0
20220910 032950.496 INFO             PET2     <<<MODEL: leaving Finalize (phase=FinalizePhase1) with current time:    0  1  1  0  2 30   0
20220910 032950.496 INFO             PET2   MODEL: Finalize extro.
20220910 032950.496 INFO             PET2   Delete modelComp: MODEL
20220910 032950.496 INFO             PET2   Delete Import-/Export State for modelComp: MODEL
20220910 032950.496 INFO             PET2 driver: Finalize extro.
20220910 032950.496 INFO             PET2 mainApp FINISHED
20220910 032950.496 INFO             PET2 Finalizing ESMF
20220910 032950.456 INFO             PET3 !!!!!!!!!!!!!!!!!!!!!!!!!!!!!!!!!!!!!!!!!!!!!!!!!!!!!!
20220910 032950.456 INFO             PET3 !!! THE ESMF_LOG IS SET TO OUTPUT ALL LOG MESSAGES !!!
20220910 032950.456 INFO             PET3 !!!     THIS MAY CAUSE SLOWDOWN IN PERFORMANCE     !!!
20220910 032950.456 INFO             PET3 !!! FOR PRODUCTION RUNS, USE:                      !!!
20220910 032950.456 INFO             PET3 !!!                   ESMF_LOGKIND_Multi_On_Error  !!!
20220910 032950.456 INFO             PET3 !!!!!!!!!!!!!!!!!!!!!!!!!!!!!!!!!!!!!!!!!!!!!!!!!!!!!!
20220910 032950.456 INFO             PET3 Running with ESMF Version   : v8.3.1b05
20220910 032950.456 INFO             PET3 ESMF library build date/time: "Sep 10 2022" "02:44:57"
20220910 032950.456 INFO             PET3 ESMF library build location : /glade/scratch/dunlap/esmf-testing/gfortran_7.4.0_openmpi_g_patch_8.3.1/esmf
20220910 032950.456 INFO             PET3 ESMF_COMM                   : openmpi
20220910 032950.456 INFO             PET3 ESMF_MOAB                   : enabled
20220910 032950.456 INFO             PET3 ESMF_LAPACK                 : enabled
20220910 032950.456 INFO             PET3 ESMF_NETCDF                 : enabled
20220910 032950.456 INFO             PET3 ESMF_PNETCDF                : disabled
20220910 032950.456 INFO             PET3 ESMF_PIO                    : enabled
20220910 032950.456 INFO             PET3 ESMF_YAMLCPP                : enabled
20220910 032950.456 INFO             PET3 mainApp STARTING
20220910 032950.462 INFO             PET3 driver: InitializeP1 intro.
20220910 032950.462 INFO             PET3   driver: InitializeIPDv02p1 intro.
20220910 032950.462 INFO             PET3     >>>driver: entered Initialize (phase=<none>) without valid internal Clock.
20220910 032950.463 INFO             PET3     driver - Creating model component MODEL without petList.
20220910 032950.466 INFO             PET3      GridCompIsPetLocal:  T
20220910 032950.466 INFO             PET3      VmIsCreated:  T
20220910 032950.466 INFO             PET3      valid MPI_COMM with size=           4
20220910 032950.466 INFO             PET3     driver - Creating state: modelComp 1 Import State
20220910 032950.466 INFO             PET3     driver - Creating state: modelComp 1 Export State
20220910 032950.467 INFO             PET3     MODEL: InitializeP0 intro.
20220910 032950.467 INFO             PET3       >>>MODEL: entered Initialize (phase=<none>) without valid internal Clock.
20220910 032950.469 INFO             PET3       <<<MODEL: leaving Initialize (phase=<none>) without valid internal Clock.
20220910 032950.469 INFO             PET3     MODEL: InitializeP0 extro.
20220910 032950.472 INFO             PET3     driver: IInitAdvertise intro.
20220910 032950.472 INFO             PET3     driver: IInitAdvertise extro.
20220910 032950.472 INFO             PET3     MODEL: InitializeIPDvXp01 intro.
20220910 032950.473 INFO             PET3       >>>MODEL: entered Initialize (phase=IPDvXp01) without valid internal Clock.
20220910 032950.475 INFO             PET3       <<<MODEL: leaving Initialize (phase=IPDvXp01) without valid internal Clock.
20220910 032950.475 INFO             PET3     MODEL: InitializeIPDvXp01 extro.
20220910 032950.477 INFO             PET3     driver: IInitAdvertiseFinish intro.
20220910 032950.477 INFO             PET3     driver: IInitAdvertiseFinish extro.
20220910 032950.477 INFO             PET3     driver: IInitModifyCplLists intro.
20220910 032950.477 INFO             PET3     driver: IInitModifyCplLists extro.
20220910 032950.477 INFO             PET3     <<<driver: leaving Initialize (phase=<none>) with current time:    0  1  1  0  0  0   0
20220910 032950.477 INFO             PET3   driver: InitializeIPDv02p1 extro.
20220910 032950.477 INFO             PET3   driver: InitializeIPDv02p3 intro.
20220910 032950.478 INFO             PET3     >>>driver: entered Initialize (phase=<none>) with current time:    0  1  1  0  0  0   0
20220910 032950.478 INFO             PET3     driver: IInitCheck intro.
20220910 032950.478 INFO             PET3     driver: IInitCheck extro.
20220910 032950.480 INFO             PET3     MODEL: InitializeIPDvXp04 intro.
20220910 032950.480 INFO             PET3       >>>MODEL: entered Initialize (phase=IPDvXp04) without valid internal Clock.
20220910 032950.484 INFO             PET3       After Realize: - MemInfo: [/proc/meminfo - SSI]	MemTotal:       65507008 kB
20220910 032950.484 INFO             PET3       After Realize: - MemInfo: [/proc/meminfo - SSI]	MemFree:        48759680 kB
20220910 032950.484 INFO             PET3       After Realize: - MemInfo: [/proc/meminfo - SSI]	MemAvailable:   48558288 kB
20220910 032950.484 INFO             PET3       After Realize: - MemInfo: [/proc/meminfo - SSI]	Committed_AS:   13441072 kB
20220910 032950.484 INFO             PET3       After Realize: - MemInfo: [/proc/meminfo - SSI]	CommittedPercent: 20.5185 %
20220910 032950.484 INFO             PET3       After Realize: - MemInfo: [/proc/self/status]	VmPeak:	  527748 kB
20220910 032950.484 INFO             PET3       After Realize: - MemInfo: [/proc/self/status]	VmSize:	  527748 kB
20220910 032950.484 INFO             PET3       After Realize: - MemInfo: [/proc/self/status]	VmLck:	       0 kB
20220910 032950.485 INFO             PET3       After Realize: - MemInfo: [/proc/self/status]	VmPin:	       0 kB
20220910 032950.485 INFO             PET3       After Realize: - MemInfo: [/proc/self/status]	VmHWM:	   65276 kB
20220910 032950.485 INFO             PET3       After Realize: - MemInfo: [/proc/self/status]	VmRSS:	   25876 kB
20220910 032950.485 INFO             PET3       After Realize: - MemInfo: [/proc/self/status]	VmData:	   15340 kB
20220910 032950.485 INFO             PET3       After Realize: - MemInfo: [/proc/self/status]	VmStk:	     144 kB
20220910 032950.485 INFO             PET3       After Realize: - MemInfo: [/proc/self/status]	VmExe:	     256 kB
20220910 032950.485 INFO             PET3       After Realize: - MemInfo: [/proc/self/status]	VmLib:	   71908 kB
20220910 032950.485 INFO             PET3       After Realize: - MemInfo: [/proc/self/status]	VmPTE:	     772 kB
20220910 032950.485 INFO             PET3       After Realize: - MemInfo: [/proc/self/status]	VmPMD:	      12 kB
20220910 032950.485 INFO             PET3       After Realize: - MemInfo: [/proc/self/status]	VmSwap:	       0 kB
20220910 032950.485 INFO             PET3       After Realize: - MemInfo: [/proc/self/status]	VmRSSPercent: 0.0395011 %
20220910 032950.485 INFO             PET3       After Realize: - MemInfo: [malloc] Non-mmapped space allocated:                 3092480 Byte
20220910 032950.485 INFO             PET3       After Realize: - MemInfo: [malloc] Space allocated in mmapped regions:          1581056 Byte
20220910 032950.485 INFO             PET3       After Realize: - MemInfo: [malloc] Maximum total allocated space:                     0 Byte
20220910 032950.485 INFO             PET3       After Realize: - MemInfo: [malloc] Space in freed fastbin blocks:                  3488 Byte
20220910 032950.485 INFO             PET3       After Realize: - MemInfo: [malloc] Total allocated space:                       2843648 Byte
20220910 032950.485 INFO             PET3       After Realize: - MemInfo: [malloc] Total free space:                             248832 Byte
20220910 032950.485 INFO             PET3       After Realize: - MemInfo: [malloc] Top-most, releasable space:                    46064 Byte
20220910 032950.485 INFO             PET3       After Realize: - MemInfo: [malloc] Total space in use, mmap + non-mmap:         4424704 Byte
20220910 032950.485 INFO             PET3       After Realize: - MemInfo: [malloc] Total space held (mmap + non-mmap):          4673536 Byte
20220910 032950.485 INFO             PET3       After Realize: - MemInfo: [malloc] Total space used (mmap + non-mmap):          4434928 Byte
20220910 032950.485 INFO             PET3       After Realize: - MemInfo: Wall-clock time since execution start:              0.0319253 seconds
20220910 032950.485 INFO             PET3       <<<MODEL: leaving Initialize (phase=IPDvXp04) without valid internal Clock.
20220910 032950.485 INFO             PET3     MODEL: InitializeIPDvXp04 extro.
20220910 032950.487 INFO             PET3     driver: IInitRealize intro.
20220910 032950.487 INFO             PET3     driver: IInitRealize extro.
20220910 032950.487 INFO             PET3     MODEL: InitializeIPDvXp07 intro.
20220910 032950.487 INFO             PET3       >>>MODEL: entered Initialize (phase=IPDvXp07) without valid internal Clock.
20220910 032950.488 INFO             PET3       <<<MODEL: leaving Initialize (phase=IPDvXp07) with current time:    0  1  1  0  0  0   0
20220910 032950.488 INFO             PET3     MODEL: InitializeIPDvXp07 extro.
20220910 032950.489 INFO             PET3     <<<driver: leaving Initialize (phase=<none>) with current time:    0  1  1  0  0  0   0
20220910 032950.489 INFO             PET3   driver: InitializeIPDv02p3 extro.
20220910 032950.489 INFO             PET3   driver: InitializeIPDv02p5 intro.
20220910 032950.489 INFO             PET3     >>>driver: entered Initialize (phase=<none>) with current time:    0  1  1  0  0  0   0
20220910 032950.489 INFO             PET3     driver: this is a top level driver, no 'Updated' and 'InitializeDataComplete' info on this level.
20220910 032950.489 INFO             PET3     driver: InitializeIPDv02p5Data intro.
20220910 032950.489 INFO             PET3       driver: InternalInitializeComplete intro.
20220910 032950.489 INFO             PET3         driver: InitializeDataComplete='true'
20220910 032950.489 INFO             PET3       driver: InternalInitializeComplete extro.
20220910 032950.489 INFO             PET3       MODEL: InitializeIPDvXp08 intro.
20220910 032950.489 INFO             PET3         >>>MODEL: entered Initialize (phase=IPDv05p8) with current time:    0  1  1  0  0  0   0
20220910 032950.490 INFO             PET3         MODEL: InitializeDataProgress='false', InitializeDataComplete='false'
20220910 032950.490 INFO             PET3         <<<MODEL: leaving Initialize (phase=IPDv05p8) with current time:    0  1  1  0  0  0   0
20220910 032950.490 INFO             PET3       MODEL: InitializeIPDvXp08 extro.
20220910 032950.491 INFO             PET3       driver: components present that trigger loopDataDependentInitialize().
20220910 032950.491 INFO             PET3       driver: loopDataDependentInitialize intro.
20220910 032950.491 INFO             PET3         driver: component    0=driver, dataComplete (local): true
20220910 032950.491 INFO             PET3         driver: component    0=driver, dataComplete (global): T
20220910 032950.491 INFO             PET3         driver: component    1=MODEL, dataComplete (local): false
20220910 032950.491 INFO             PET3         driver: component    1=MODEL, dataComplete (global): F
20220910 032950.491 INFO             PET3         MODEL: InitializeIPDvXp08 intro.
20220910 032950.491 INFO             PET3           >>>MODEL: entered Initialize (phase=IPDv05p8) with current time:    0  1  1  0  0  0   0
20220910 032950.492 INFO             PET3           MODEL: InitializeDataProgress='true', InitializeDataComplete='true'
20220910 032950.492 INFO             PET3           <<<MODEL: leaving Initialize (phase=IPDv05p8) with current time:    0  1  1  0  0  0   0
20220910 032950.492 INFO             PET3         MODEL: InitializeIPDvXp08 extro.
20220910 032950.493 INFO             PET3         driver: component    1=MODEL, someProgress (local): true
20220910 032950.493 INFO             PET3         driver: component    1=MODEL, someProgress (global): T
20220910 032950.493 INFO             PET3         driver: someProgress=T, allComplete=F, present(dataDepAllComplete)=T
20220910 032950.493 INFO             PET3         driver: component    0=driver, dataComplete (local): true
20220910 032950.493 INFO             PET3         driver: component    0=driver, dataComplete (global): T
20220910 032950.493 INFO             PET3         driver: component    1=MODEL, dataComplete (local): true
20220910 032950.493 INFO             PET3         driver: component    1=MODEL, dataComplete (global): T
20220910 032950.493 INFO             PET3         driver: someProgress=F, allComplete=T, present(dataDepAllComplete)=T
20220910 032950.493 INFO             PET3         driver: finished resolving initialize data dependencies on this level.
20220910 032950.493 INFO             PET3       driver: loopDataDependentInitialize extro.
20220910 032950.493 INFO             PET3       driver: loopDataDependentInitialize() returned with dataDepAllComplete: T
20220910 032950.493 INFO             PET3     driver: InitializeIPDv02p5Data extro.
20220910 032950.493 INFO             PET3     <<<driver: leaving Initialize (phase=<none>) with current time:    0  1  1  0  0  0   0
20220910 032950.493 INFO             PET3   driver: InitializeIPDv02p5 extro.
20220910 032950.493 INFO             PET3 driver: InitializeP1 extro.
20220910 032950.493 INFO             PET3 driver: Run intro.
20220910 032950.493 INFO             PET3   >>>driver entered Run (phase=RunPhase1) with current time:    0  1  1  0  0  0   0
20220910 032950.493 INFO             PET3   driver: after lable_SetRunClock, current time:    0  1  1  0  0  0   0
20220910 032950.493 INFO             PET3   driver: begin -------> RunSequence.
20220910 032950.493 INFO             PET3     driver: RunSequence event loopLevel=   1  levelMember=   1  loopIteration=   1, current time:    0  1  1  0  0  0   0
20220910 032950.493 INFO             PET3     MODEL: Run intro.
20220910 032950.494 INFO             PET3       >>>MODEL: entered Run (phase=RunPhase1) with current time:    0  1  1  0  0  0   0
20220910 032950.494 INFO             PET3       MODEL: time step-loop starting, current time:    0  1  1  0  0  0   0
20220910 032950.494 INFO             PET3       thread_num=   0   currentSsiPe=  19   num_threads=   3   max_threads=   3   num_procs=  36
20220910 032950.494 INFO             PET3       thread_num=   2   currentSsiPe=  70   num_threads=   3   max_threads=   3   num_procs=  36
20220910 032950.494 INFO             PET3       thread_num=   1   currentSsiPe=  61   num_threads=   3   max_threads=   3   num_procs=  36
20220910 032950.494 INFO             PET3       ---->Advancing Model from:    0  1  1  0  0  0   0
20220910 032950.494 INFO             PET3       ---------------------> to:    0  1  1  0  0 30   0
20220910 032950.494 INFO             PET3       MODEL: time step-loop ending,   current time:    0  1  1  0  0 30   0
20220910 032950.494 INFO             PET3       <<<MODEL: leaving Run (phase=RunPhase1) with current time:    0  1  1  0  0 30   0
20220910 032950.494 INFO             PET3     MODEL: Run extro.
20220910 032950.494 INFO             PET3     driver: RunSequence event loopLevel=   1  levelMember=   1  loopIteration=   2, current time:    0  1  1  0  0 30   0
20220910 032950.494 INFO             PET3     MODEL: Run intro.
20220910 032950.494 INFO             PET3       >>>MODEL: entered Run (phase=RunPhase1) with current time:    0  1  1  0  0 30   0
20220910 032950.494 INFO             PET3       MODEL: time step-loop starting, current time:    0  1  1  0  0 30   0
20220910 032950.494 INFO             PET3       thread_num=   2   currentSsiPe=  70   num_threads=   3   max_threads=   3   num_procs=  36
20220910 032950.494 INFO             PET3       thread_num=   1   currentSsiPe=  61   num_threads=   3   max_threads=   3   num_procs=  36
20220910 032950.494 INFO             PET3       thread_num=   0   currentSsiPe=  19   num_threads=   3   max_threads=   3   num_procs=  36
20220910 032950.494 INFO             PET3       ---->Advancing Model from:    0  1  1  0  0 30   0
20220910 032950.494 INFO             PET3       ---------------------> to:    0  1  1  0  1  0   0
20220910 032950.494 INFO             PET3       MODEL: time step-loop ending,   current time:    0  1  1  0  1  0   0
20220910 032950.494 INFO             PET3       <<<MODEL: leaving Run (phase=RunPhase1) with current time:    0  1  1  0  1  0   0
20220910 032950.494 INFO             PET3     MODEL: Run extro.
20220910 032950.494 INFO             PET3     driver: RunSequence event loopLevel=   1  levelMember=   1  loopIteration=   3, current time:    0  1  1  0  1  0   0
20220910 032950.494 INFO             PET3     MODEL: Run intro.
20220910 032950.494 INFO             PET3       >>>MODEL: entered Run (phase=RunPhase1) with current time:    0  1  1  0  1  0   0
20220910 032950.494 INFO             PET3       MODEL: time step-loop starting, current time:    0  1  1  0  1  0   0
20220910 032950.495 INFO             PET3       thread_num=   2   currentSsiPe=  70   num_threads=   3   max_threads=   3   num_procs=  36
20220910 032950.495 INFO             PET3       thread_num=   0   currentSsiPe=  19   num_threads=   3   max_threads=   3   num_procs=  36
20220910 032950.495 INFO             PET3       thread_num=   1   currentSsiPe=  61   num_threads=   3   max_threads=   3   num_procs=  36
20220910 032950.495 INFO             PET3       ---->Advancing Model from:    0  1  1  0  1  0   0
20220910 032950.495 INFO             PET3       ---------------------> to:    0  1  1  0  1 30   0
20220910 032950.495 INFO             PET3       MODEL: time step-loop ending,   current time:    0  1  1  0  1 30   0
20220910 032950.495 INFO             PET3       <<<MODEL: leaving Run (phase=RunPhase1) with current time:    0  1  1  0  1 30   0
20220910 032950.495 INFO             PET3     MODEL: Run extro.
20220910 032950.495 INFO             PET3     driver: RunSequence event loopLevel=   1  levelMember=   1  loopIteration=   4, current time:    0  1  1  0  1 30   0
20220910 032950.495 INFO             PET3     MODEL: Run intro.
20220910 032950.495 INFO             PET3       >>>MODEL: entered Run (phase=RunPhase1) with current time:    0  1  1  0  1 30   0
20220910 032950.495 INFO             PET3       MODEL: time step-loop starting, current time:    0  1  1  0  1 30   0
20220910 032950.495 INFO             PET3       thread_num=   2   currentSsiPe=  70   num_threads=   3   max_threads=   3   num_procs=  36
20220910 032950.495 INFO             PET3       thread_num=   0   currentSsiPe=  19   num_threads=   3   max_threads=   3   num_procs=  36
20220910 032950.495 INFO             PET3       thread_num=   1   currentSsiPe=  61   num_threads=   3   max_threads=   3   num_procs=  36
20220910 032950.495 INFO             PET3       ---->Advancing Model from:    0  1  1  0  1 30   0
20220910 032950.495 INFO             PET3       ---------------------> to:    0  1  1  0  2  0   0
20220910 032950.495 INFO             PET3       MODEL: time step-loop ending,   current time:    0  1  1  0  2  0   0
20220910 032950.495 INFO             PET3       <<<MODEL: leaving Run (phase=RunPhase1) with current time:    0  1  1  0  2  0   0
20220910 032950.495 INFO             PET3     MODEL: Run extro.
20220910 032950.495 INFO             PET3     driver: RunSequence event loopLevel=   1  levelMember=   1  loopIteration=   5, current time:    0  1  1  0  2  0   0
20220910 032950.495 INFO             PET3     MODEL: Run intro.
20220910 032950.495 INFO             PET3       >>>MODEL: entered Run (phase=RunPhase1) with current time:    0  1  1  0  2  0   0
20220910 032950.495 INFO             PET3       MODEL: time step-loop starting, current time:    0  1  1  0  2  0   0
20220910 032950.495 INFO             PET3       thread_num=   2   currentSsiPe=  70   num_threads=   3   max_threads=   3   num_procs=  36
20220910 032950.495 INFO             PET3       thread_num=   0   currentSsiPe=  19   num_threads=   3   max_threads=   3   num_procs=  36
20220910 032950.495 INFO             PET3       thread_num=   1   currentSsiPe=  61   num_threads=   3   max_threads=   3   num_procs=  36
20220910 032950.495 INFO             PET3       ---->Advancing Model from:    0  1  1  0  2  0   0
20220910 032950.495 INFO             PET3       ---------------------> to:    0  1  1  0  2 30   0
20220910 032950.495 INFO             PET3       MODEL: time step-loop ending,   current time:    0  1  1  0  2 30   0
20220910 032950.495 INFO             PET3       <<<MODEL: leaving Run (phase=RunPhase1) with current time:    0  1  1  0  2 30   0
20220910 032950.495 INFO             PET3     MODEL: Run extro.
20220910 032950.495 INFO             PET3   driver: end <--------- RunSequence
20220910 032950.495 INFO             PET3   <<<driver - leaving Run with current time:    0  1  1  0  2 30   0
20220910 032950.495 INFO             PET3 driver: Run extro.
20220910 032950.495 INFO             PET3 driver: Finalize intro.
20220910 032950.495 INFO             PET3   Calling Finalize phase 1 for modelComp: MODEL
20220910 032950.495 INFO             PET3   MODEL: Finalize intro.
20220910 032950.495 INFO             PET3     >>>MODEL: entered Finalize (phase=FinalizePhase1) with current time:    0  1  1  0  2 30   0
20220910 032950.496 INFO             PET3     <<<MODEL: leaving Finalize (phase=FinalizePhase1) with current time:    0  1  1  0  2 30   0
20220910 032950.496 INFO             PET3   MODEL: Finalize extro.
20220910 032950.496 INFO             PET3   Delete modelComp: MODEL
20220910 032950.496 INFO             PET3   Delete Import-/Export State for modelComp: MODEL
20220910 032950.496 INFO             PET3 driver: Finalize extro.
20220910 032950.496 INFO             PET3 mainApp FINISHED
20220910 032950.496 INFO             PET3 Finalizing ESMF
