2022-09-21 02:38:19
20220921 032234.550 INFO             PET0 !!!!!!!!!!!!!!!!!!!!!!!!!!!!!!!!!!!!!!!!!!!!!!!!!!!!!!
20220921 032234.550 INFO             PET0 !!! THE ESMF_LOG IS SET TO OUTPUT ALL LOG MESSAGES !!!
20220921 032234.550 INFO             PET0 !!!     THIS MAY CAUSE SLOWDOWN IN PERFORMANCE     !!!
20220921 032234.550 INFO             PET0 !!! FOR PRODUCTION RUNS, USE:                      !!!
20220921 032234.550 INFO             PET0 !!!                   ESMF_LOGKIND_Multi_On_Error  !!!
20220921 032234.550 INFO             PET0 !!!!!!!!!!!!!!!!!!!!!!!!!!!!!!!!!!!!!!!!!!!!!!!!!!!!!!
20220921 032234.550 INFO             PET0 Running with ESMF Version   : v8.3.1
20220921 032234.551 INFO             PET0 ESMF library build date/time: "Sep 21 2022" "02:36:01"
20220921 032234.551 INFO             PET0 ESMF library build location : /work/noaa/da/mpotts/sandbox/intel_2020.2_intelmpi_g_v8.3.1/esmf
20220921 032234.551 INFO             PET0 ESMF_COMM                   : intelmpi
20220921 032234.552 INFO             PET0 ESMF_MOAB                   : enabled
20220921 032234.552 INFO             PET0 ESMF_LAPACK                 : enabled
20220921 032234.552 INFO             PET0 ESMF_NETCDF                 : enabled
20220921 032234.552 INFO             PET0 ESMF_PNETCDF                : disabled
20220921 032234.552 INFO             PET0 ESMF_PIO                    : enabled
20220921 032234.552 INFO             PET0 ESMF_YAMLCPP                : enabled
20220921 032234.552 INFO             PET0 esmApp STARTING
20220921 032234.571 INFO             PET0 esm: InitializeP1 intro.
20220921 032234.571 INFO             PET0   esm: InitializeIPDv02p1 intro.
20220921 032234.572 INFO             PET0     >>>esm: entered Initialize (phase=<none>) without valid internal Clock.
20220921 032234.620 INFO             PET0     esm - Creating state: modelComp 1 Import State
20220921 032234.620 INFO             PET0     esm - Creating state: modelComp 1 Export State
20220921 032234.620 INFO             PET0     esm - Creating state: modelComp 2 Import State
20220921 032234.620 INFO             PET0     esm - Creating state: modelComp 2 Export State
20220921 032234.621 INFO             PET0     esm - Creating state: modelComp 3 Import State
20220921 032234.621 INFO             PET0     esm - Creating state: modelComp 3 Export State
20220921 032234.622 INFO             PET0     ATM: InitializeP0 intro.
20220921 032234.624 INFO             PET0     ATM: InitializeP0 extro.
20220921 032234.628 INFO             PET0     LND: InitializeP0 intro.
20220921 032234.629 INFO             PET0     LND: InitializeP0 extro.
20220921 032234.630 INFO             PET0     ATM-TO-OCN: InitializeP0 intro.
20220921 032234.630 INFO             PET0     ATM-TO-OCN: InitializeP0 extro.
20220921 032234.631 INFO             PET0     ATM-TO-LND: InitializeP0 intro.
20220921 032234.631 INFO             PET0     ATM-TO-LND: InitializeP0 extro.
20220921 032234.632 INFO             PET0     OCN-TO-ATM: InitializeP0 intro.
20220921 032234.633 INFO             PET0     OCN-TO-ATM: InitializeP0 extro.
20220921 032234.634 INFO             PET0     LND-TO-ATM: InitializeP0 intro.
20220921 032234.634 INFO             PET0     LND-TO-ATM: InitializeP0 extro.
20220921 032234.644 INFO             PET0     esm: IInitAdvertise intro.
20220921 032234.644 INFO             PET0     esm: IInitAdvertise extro.
20220921 032234.644 INFO             PET0     ATM: InitializeIPDvXp01 intro.
20220921 032234.648 INFO             PET0     ATM: InitializeIPDvXp01 extro.
20220921 032234.652 INFO             PET0     LND: InitializeIPDvXp01 intro.
20220921 032234.652 INFO             PET0     LND: InitializeIPDvXp01 extro.
20220921 032234.653 INFO             PET0     ATM-TO-OCN: InitializeIPDv05p1 intro.
20220921 032234.662 INFO             PET0     ATM-TO-OCN: InitializeIPDv05p1 extro.
20220921 032234.662 INFO             PET0     ATM-TO-LND: InitializeIPDv05p1 intro.
20220921 032234.666 INFO             PET0     ATM-TO-LND: InitializeIPDv05p1 extro.
20220921 032234.666 INFO             PET0     OCN-TO-ATM: InitializeIPDv05p1 intro.
20220921 032234.670 INFO             PET0     OCN-TO-ATM: InitializeIPDv05p1 extro.
20220921 032234.670 INFO             PET0     LND-TO-ATM: InitializeIPDv05p1 intro.
20220921 032234.673 INFO             PET0     LND-TO-ATM: InitializeIPDv05p1 extro.
20220921 032234.673 INFO             PET0     esm: IInitAdvertiseFinish intro.
20220921 032234.673 INFO             PET0     esm: IInitAdvertiseFinish extro.
20220921 032234.674 INFO             PET0     ATM-TO-OCN: InitializeIPDv05p2a intro.
20220921 032234.678 INFO             PET0     ATM-TO-OCN: InitializeIPDv05p2a extro.
20220921 032234.678 INFO             PET0     ATM-TO-LND: InitializeIPDv05p2a intro.
20220921 032234.682 INFO             PET0     ATM-TO-LND: InitializeIPDv05p2a extro.
20220921 032234.682 INFO             PET0     OCN-TO-ATM: InitializeIPDv05p2a intro.
20220921 032234.686 INFO             PET0     OCN-TO-ATM: InitializeIPDv05p2a extro.
20220921 032234.686 INFO             PET0     LND-TO-ATM: InitializeIPDv05p2a intro.
20220921 032234.689 INFO             PET0     LND-TO-ATM: InitializeIPDv05p2a extro.
20220921 032234.689 INFO             PET0     ATM-TO-OCN: InitializeIPDv05p2b intro.
20220921 032234.694 INFO             PET0     ATM-TO-OCN: InitializeIPDv05p2b extro.
20220921 032234.694 INFO             PET0     ATM-TO-LND: InitializeIPDv05p2b intro.
20220921 032234.697 INFO             PET0     ATM-TO-LND: InitializeIPDv05p2b extro.
20220921 032234.698 INFO             PET0     OCN-TO-ATM: InitializeIPDv05p2b intro.
20220921 032234.701 INFO             PET0     OCN-TO-ATM: InitializeIPDv05p2b extro.
20220921 032234.701 INFO             PET0     LND-TO-ATM: InitializeIPDv05p2b intro.
20220921 032234.705 INFO             PET0     LND-TO-ATM: InitializeIPDv05p2b extro.
20220921 032234.705 INFO             PET0     esm: IInitModifyCplLists intro.
20220921 032234.705 INFO             PET0     esm: IInitModifyCplLists extro.
20220921 032234.705 INFO             PET0     ATM-TO-OCN: InitializeIPDv05p3 intro.
20220921 032234.710 INFO             PET0     ATM-TO-OCN: InitializeIPDv05p3 extro.
20220921 032234.710 INFO             PET0     ATM-TO-LND: InitializeIPDv05p3 intro.
20220921 032234.714 INFO             PET0     ATM-TO-LND: InitializeIPDv05p3 extro.
20220921 032234.714 INFO             PET0     OCN-TO-ATM: InitializeIPDv05p3 intro.
20220921 032234.718 INFO             PET0     OCN-TO-ATM: InitializeIPDv05p3 extro.
20220921 032234.718 INFO             PET0     LND-TO-ATM: InitializeIPDv05p3 intro.
20220921 032234.722 INFO             PET0     LND-TO-ATM: InitializeIPDv05p3 extro.
20220921 032234.722 INFO             PET0     <<<esm: leaving Initialize (phase=<none>) with current time: 2010  6  1  0  0  0   0
20220921 032234.722 INFO             PET0   esm: InitializeIPDv02p1 extro.
20220921 032234.722 INFO             PET0   esm: InitializeIPDv02p3 intro.
20220921 032234.722 INFO             PET0     esm: IInitCheck intro.
20220921 032234.722 INFO             PET0     esm: IInitCheck extro.
20220921 032234.722 INFO             PET0     ATM: InitializeIPDvXp04 intro.
20220921 032234.730 INFO             PET0     ATM: InitializeIPDvXp04 extro.
20220921 032234.738 INFO             PET0     LND: InitializeIPDvXp04 intro.
20220921 032234.738 INFO             PET0     LND: InitializeIPDvXp04 extro.
20220921 032234.739 INFO             PET0     ATM-TO-OCN: InitializeIPDv05p4 intro.
20220921 032234.747 INFO             PET0     ATM-TO-OCN: InitializeIPDv05p4 extro.
20220921 032234.748 INFO             PET0     ATM-TO-LND: InitializeIPDv05p4 intro.
20220921 032234.752 INFO             PET0     ATM-TO-LND: InitializeIPDv05p4 extro.
20220921 032234.752 INFO             PET0     OCN-TO-ATM: InitializeIPDv05p4 intro.
20220921 032234.757 INFO             PET0     OCN-TO-ATM: InitializeIPDv05p4 extro.
20220921 032234.757 INFO             PET0     LND-TO-ATM: InitializeIPDv05p4 intro.
20220921 032234.761 INFO             PET0     LND-TO-ATM: InitializeIPDv05p4 extro.
20220921 032234.761 INFO             PET0     ATM-TO-OCN: InitializeIPDv05p5 intro.
20220921 032234.767 INFO             PET0     ATM-TO-OCN: InitializeIPDv05p5 extro.
20220921 032234.767 INFO             PET0     ATM-TO-LND: InitializeIPDv05p5 intro.
20220921 032234.772 INFO             PET0     ATM-TO-LND: InitializeIPDv05p5 extro.
20220921 032234.772 INFO             PET0     OCN-TO-ATM: InitializeIPDv05p5 intro.
20220921 032234.776 INFO             PET0     OCN-TO-ATM: InitializeIPDv05p5 extro.
20220921 032234.777 INFO             PET0     LND-TO-ATM: InitializeIPDv05p5 intro.
20220921 032234.780 INFO             PET0     LND-TO-ATM: InitializeIPDv05p5 extro.
20220921 032234.780 INFO             PET0     esm: IInitRealize intro.
20220921 032234.780 INFO             PET0     esm: IInitRealize extro.
20220921 032234.781 INFO             PET0     ATM-TO-OCN: InitializeIPDv05p6a intro.
20220921 032234.787 INFO             PET0     ATM-TO-OCN: InitializeIPDv05p6a extro.
20220921 032234.787 INFO             PET0     ATM-TO-LND: InitializeIPDv05p6a intro.
20220921 032234.791 INFO             PET0     ATM-TO-LND: InitializeIPDv05p6a extro.
20220921 032234.791 INFO             PET0     OCN-TO-ATM: InitializeIPDv05p6a intro.
20220921 032234.795 INFO             PET0     OCN-TO-ATM: InitializeIPDv05p6a extro.
20220921 032234.795 INFO             PET0     LND-TO-ATM: InitializeIPDv05p6a intro.
20220921 032234.799 INFO             PET0     LND-TO-ATM: InitializeIPDv05p6a extro.
20220921 032234.799 INFO             PET0     ATM-TO-OCN: InitializeIPDv05p6b intro.
20220921 032234.870 INFO             PET0     ATM-TO-OCN: InitializeIPDv05p6b extro.
20220921 032234.870 INFO             PET0     ATM-TO-LND: InitializeIPDv05p6b intro.
20220921 032234.870 INFO             PET0     ATM-TO-LND: InitializeIPDv05p6b extro.
20220921 032234.871 INFO             PET0     OCN-TO-ATM: InitializeIPDv05p6b intro.
20220921 032234.930 INFO             PET0     OCN-TO-ATM: InitializeIPDv05p6b extro.
20220921 032234.930 INFO             PET0     LND-TO-ATM: InitializeIPDv05p6b intro.
20220921 032234.931 INFO             PET0     LND-TO-ATM: InitializeIPDv05p6b extro.
20220921 032234.931 INFO             PET0     ATM: InitializeIPDvXp07 intro.
20220921 032234.931 INFO             PET0     ATM: InitializeIPDvXp07 extro.
20220921 032234.933 INFO             PET0     LND: InitializeIPDvXp07 intro.
20220921 032234.933 INFO             PET0     LND: InitializeIPDvXp07 extro.
20220921 032234.934 INFO             PET0   esm: InitializeIPDv02p3 extro.
20220921 032234.934 INFO             PET0   esm: InitializeIPDv02p5 intro.
20220921 032234.934 INFO             PET0     esm: InitializeIPDv02p5Data intro.
20220921 032234.934 INFO             PET0       esm: InternalInitializeComplete intro.
20220921 032234.934 INFO             PET0       esm: InternalInitializeComplete extro.
20220921 032234.934 INFO             PET0       ATM: InitializeIPDv01p5 intro.
20220921 032234.935 INFO             PET0       ATM: InitializeIPDv01p5 extro.
20220921 032234.936 INFO             PET0       LND: InitializeIPDv01p5 intro.
20220921 032234.937 INFO             PET0       LND: InitializeIPDv01p5 extro.
20220921 032234.939 INFO             PET0       esm: loopDataDependentInitialize intro.
20220921 032234.939 INFO             PET0       esm: loopDataDependentInitialize extro.
20220921 032234.939 INFO             PET0     esm: InitializeIPDv02p5Data extro.
20220921 032234.939 INFO             PET0   esm: InitializeIPDv02p5 extro.
20220921 032234.939 INFO             PET0 esm: InitializeP1 extro.
20220921 032234.939 INFO             PET0 esm: Run intro.
20220921 032234.939 INFO             PET0   >>>esm entered Run (phase=RunPhase1) with current time: 2010  6  1  0  0  0   0
20220921 032234.939 INFO             PET0   esm: after lable_SetRunClock, current time: 2010  6  1  0  0  0   0
20220921 032234.939 INFO             PET0   esm: begin -------> RunSequence.
20220921 032234.939 INFO             PET0     esm: RunSequence event loopLevel=   1  levelMember=   1  loopIteration=   1, current time: 2010  6  1  0  0  0   0
20220921 032234.939 INFO             PET0     ATM-TO-OCN: Run intro.
20220921 032234.940 INFO             PET0     ATM-TO-OCN: Run extro.
20220921 032234.940 INFO             PET0     OCN-TO-ATM: Run intro.
20220921 032234.940 INFO             PET0     OCN-TO-ATM: Run extro.
20220921 032234.940 INFO             PET0     ATM-TO-LND: Run intro.
20220921 032234.940 INFO             PET0     ATM-TO-LND: Run extro.
20220921 032234.941 INFO             PET0     LND-TO-ATM: Run intro.
20220921 032234.941 INFO             PET0     LND-TO-ATM: Run extro.
20220921 032234.941 INFO             PET0     ATM: Run intro.
20220921 032234.941 INFO             PET0       ------>Advancing ATM from: 2010  6  1  0  0  0   0
20220921 032234.941 INFO             PET0       ---------------------> to: 2010  6  1  0 30  0   0
20220921 032234.941 INFO             PET0     ATM: Run extro.
20220921 032234.941 INFO             PET0     esm: RunSequence event loopLevel=   2  levelMember=   1  loopIteration=   1, current time: 2010  6  1  0  0  0   0
20220921 032234.941 INFO             PET0     ------>Advancing OCN from: 2010  6  1  0  0  0   0
20220921 032234.941 INFO             PET0     ---------------------> to: 2010  6  1  0  5  0   0
20220921 032234.941 INFO             PET0     ------>Advancing OCN from: 2010  6  1  0  5  0   0
20220921 032234.941 INFO             PET0     ---------------------> to: 2010  6  1  0 10  0   0
20220921 032234.941 INFO             PET0     ------>Advancing OCN from: 2010  6  1  0 10  0   0
20220921 032234.941 INFO             PET0     ---------------------> to: 2010  6  1  0 15  0   0
20220921 032234.941 INFO             PET0     ------>Advancing OCN from: 2010  6  1  0 15  0   0
20220921 032234.941 INFO             PET0     ---------------------> to: 2010  6  1  0 20  0   0
20220921 032234.942 INFO             PET0     ------>Advancing OCN from: 2010  6  1  0 20  0   0
20220921 032234.942 INFO             PET0     ---------------------> to: 2010  6  1  0 25  0   0
20220921 032234.942 INFO             PET0     ------>Advancing OCN from: 2010  6  1  0 25  0   0
20220921 032234.942 INFO             PET0     ---------------------> to: 2010  6  1  0 30  0   0
20220921 032234.942 INFO             PET0     LND: Run intro.
20220921 032234.942 INFO             PET0       ------>Advancing LND from: 2010  6  1  0  0  0   0
20220921 032234.942 INFO             PET0       ---------------------> to: 2010  6  1  0  5  0   0
20220921 032234.942 INFO             PET0       ------>Advancing LND from: 2010  6  1  0  5  0   0
20220921 032234.942 INFO             PET0       ---------------------> to: 2010  6  1  0 10  0   0
20220921 032234.942 INFO             PET0       ------>Advancing LND from: 2010  6  1  0 10  0   0
20220921 032234.942 INFO             PET0       ---------------------> to: 2010  6  1  0 15  0   0
20220921 032234.942 INFO             PET0       ------>Advancing LND from: 2010  6  1  0 15  0   0
20220921 032234.942 INFO             PET0       ---------------------> to: 2010  6  1  0 20  0   0
20220921 032234.942 INFO             PET0       ------>Advancing LND from: 2010  6  1  0 20  0   0
20220921 032234.942 INFO             PET0       ---------------------> to: 2010  6  1  0 25  0   0
20220921 032234.942 INFO             PET0       ------>Advancing LND from: 2010  6  1  0 25  0   0
20220921 032234.942 INFO             PET0       ---------------------> to: 2010  6  1  0 30  0   0
20220921 032234.942 INFO             PET0     LND: Run extro.
20220921 032234.942 INFO             PET0     esm: RunSequence event loopLevel=   1  levelMember=   1  loopIteration=   2, current time: 2010  6  1  0 30  0   0
20220921 032234.942 INFO             PET0     ATM-TO-OCN: Run intro.
20220921 032234.942 INFO             PET0     ATM-TO-OCN: Run extro.
20220921 032234.943 INFO             PET0     OCN-TO-ATM: Run intro.
20220921 032234.943 INFO             PET0     OCN-TO-ATM: Run extro.
20220921 032234.943 INFO             PET0     ATM-TO-LND: Run intro.
20220921 032234.943 INFO             PET0     ATM-TO-LND: Run extro.
20220921 032234.943 INFO             PET0     LND-TO-ATM: Run intro.
20220921 032234.943 INFO             PET0     LND-TO-ATM: Run extro.
20220921 032234.943 INFO             PET0     ATM: Run intro.
20220921 032234.943 INFO             PET0       ------>Advancing ATM from: 2010  6  1  0 30  0   0
20220921 032234.944 INFO             PET0       ---------------------> to: 2010  6  1  1  0  0   0
20220921 032234.944 INFO             PET0     ATM: Run extro.
20220921 032234.944 INFO             PET0     esm: RunSequence event loopLevel=   2  levelMember=   1  loopIteration=   1, current time: 2010  6  1  0 30  0   0
20220921 032234.944 INFO             PET0     ------>Advancing OCN from: 2010  6  1  0 30  0   0
20220921 032234.944 INFO             PET0     ---------------------> to: 2010  6  1  0 35  0   0
20220921 032234.944 INFO             PET0     ------>Advancing OCN from: 2010  6  1  0 35  0   0
20220921 032234.944 INFO             PET0     ---------------------> to: 2010  6  1  0 40  0   0
20220921 032234.944 INFO             PET0     ------>Advancing OCN from: 2010  6  1  0 40  0   0
20220921 032234.944 INFO             PET0     ---------------------> to: 2010  6  1  0 45  0   0
20220921 032234.944 INFO             PET0     ------>Advancing OCN from: 2010  6  1  0 45  0   0
20220921 032234.944 INFO             PET0     ---------------------> to: 2010  6  1  0 50  0   0
20220921 032234.944 INFO             PET0     ------>Advancing OCN from: 2010  6  1  0 50  0   0
20220921 032234.944 INFO             PET0     ---------------------> to: 2010  6  1  0 55  0   0
20220921 032234.944 INFO             PET0     ------>Advancing OCN from: 2010  6  1  0 55  0   0
20220921 032234.944 INFO             PET0     ---------------------> to: 2010  6  1  1  0  0   0
20220921 032234.944 INFO             PET0     LND: Run intro.
20220921 032234.944 INFO             PET0       ------>Advancing LND from: 2010  6  1  0 30  0   0
20220921 032234.944 INFO             PET0       ---------------------> to: 2010  6  1  0 35  0   0
20220921 032234.944 INFO             PET0       ------>Advancing LND from: 2010  6  1  0 35  0   0
20220921 032234.944 INFO             PET0       ---------------------> to: 2010  6  1  0 40  0   0
20220921 032234.944 INFO             PET0       ------>Advancing LND from: 2010  6  1  0 40  0   0
20220921 032234.945 INFO             PET0       ---------------------> to: 2010  6  1  0 45  0   0
20220921 032234.945 INFO             PET0       ------>Advancing LND from: 2010  6  1  0 45  0   0
20220921 032234.945 INFO             PET0       ---------------------> to: 2010  6  1  0 50  0   0
20220921 032234.945 INFO             PET0       ------>Advancing LND from: 2010  6  1  0 50  0   0
20220921 032234.945 INFO             PET0       ---------------------> to: 2010  6  1  0 55  0   0
20220921 032234.945 INFO             PET0       ------>Advancing LND from: 2010  6  1  0 55  0   0
20220921 032234.945 INFO             PET0       ---------------------> to: 2010  6  1  1  0  0   0
20220921 032234.945 INFO             PET0     LND: Run extro.
20220921 032234.945 INFO             PET0   esm: end <--------- RunSequence
20220921 032234.945 INFO             PET0   <<<esm - leaving Run with current time: 2010  6  1  1  0  0   0
20220921 032234.945 INFO             PET0 esm: Run extro.
20220921 032234.945 INFO             PET0 esm: Finalize intro.
20220921 032234.945 INFO             PET0   ATM-TO-OCN: Finalize intro.
20220921 032234.945 INFO             PET0   ATM-TO-OCN: Finalize extro.
20220921 032234.945 INFO             PET0   ATM-TO-LND: Finalize intro.
20220921 032234.945 INFO             PET0   ATM-TO-LND: Finalize extro.
20220921 032234.945 INFO             PET0   OCN-TO-ATM: Finalize intro.
20220921 032234.945 INFO             PET0   OCN-TO-ATM: Finalize extro.
20220921 032234.945 INFO             PET0   LND-TO-ATM: Finalize intro.
20220921 032234.945 INFO             PET0   LND-TO-ATM: Finalize extro.
20220921 032234.946 INFO             PET0   ATM: Finalize intro.
20220921 032234.946 INFO             PET0   ATM: Finalize extro.
20220921 032234.946 INFO             PET0   LND: Finalize intro.
20220921 032234.946 INFO             PET0   LND: Finalize extro.
20220921 032234.946 INFO             PET0 esm: Finalize extro.
20220921 032234.946 INFO             PET0 esmApp FINISHED
20220921 032234.946 INFO             PET0 Finalizing ESMF
20220921 032234.550 INFO             PET1 !!!!!!!!!!!!!!!!!!!!!!!!!!!!!!!!!!!!!!!!!!!!!!!!!!!!!!
20220921 032234.550 INFO             PET1 !!! THE ESMF_LOG IS SET TO OUTPUT ALL LOG MESSAGES !!!
20220921 032234.550 INFO             PET1 !!!     THIS MAY CAUSE SLOWDOWN IN PERFORMANCE     !!!
20220921 032234.550 INFO             PET1 !!! FOR PRODUCTION RUNS, USE:                      !!!
20220921 032234.550 INFO             PET1 !!!                   ESMF_LOGKIND_Multi_On_Error  !!!
20220921 032234.550 INFO             PET1 !!!!!!!!!!!!!!!!!!!!!!!!!!!!!!!!!!!!!!!!!!!!!!!!!!!!!!
20220921 032234.550 INFO             PET1 Running with ESMF Version   : v8.3.1
20220921 032234.550 INFO             PET1 ESMF library build date/time: "Sep 21 2022" "02:36:01"
20220921 032234.550 INFO             PET1 ESMF library build location : /work/noaa/da/mpotts/sandbox/intel_2020.2_intelmpi_g_v8.3.1/esmf
20220921 032234.550 INFO             PET1 ESMF_COMM                   : intelmpi
20220921 032234.551 INFO             PET1 ESMF_MOAB                   : enabled
20220921 032234.551 INFO             PET1 ESMF_LAPACK                 : enabled
20220921 032234.551 INFO             PET1 ESMF_NETCDF                 : enabled
20220921 032234.551 INFO             PET1 ESMF_PNETCDF                : disabled
20220921 032234.551 INFO             PET1 ESMF_PIO                    : enabled
20220921 032234.551 INFO             PET1 ESMF_YAMLCPP                : enabled
20220921 032234.552 INFO             PET1 esmApp STARTING
20220921 032234.571 INFO             PET1 esm: InitializeP1 intro.
20220921 032234.571 INFO             PET1   esm: InitializeIPDv02p1 intro.
20220921 032234.571 INFO             PET1     >>>esm: entered Initialize (phase=<none>) without valid internal Clock.
20220921 032234.622 INFO             PET1     esm - Creating state: modelComp 1 Import State
20220921 032234.622 INFO             PET1     esm - Creating state: modelComp 1 Export State
20220921 032234.622 INFO             PET1     esm - Creating state: modelComp 2 Import State
20220921 032234.622 INFO             PET1     esm - Creating state: modelComp 2 Export State
20220921 032234.623 INFO             PET1     esm - Creating state: modelComp 3 Import State
20220921 032234.623 INFO             PET1     esm - Creating state: modelComp 3 Export State
20220921 032234.625 INFO             PET1     ATM: InitializeP0 intro.
20220921 032234.626 INFO             PET1     ATM: InitializeP0 extro.
20220921 032234.630 INFO             PET1     LND: InitializeP0 intro.
20220921 032234.632 INFO             PET1     LND: InitializeP0 extro.
20220921 032234.633 INFO             PET1     ATM-TO-OCN: InitializeP0 intro.
20220921 032234.634 INFO             PET1     ATM-TO-OCN: InitializeP0 extro.
20220921 032234.635 INFO             PET1     ATM-TO-LND: InitializeP0 intro.
20220921 032234.635 INFO             PET1     ATM-TO-LND: InitializeP0 extro.
20220921 032234.636 INFO             PET1     OCN-TO-ATM: InitializeP0 intro.
20220921 032234.637 INFO             PET1     OCN-TO-ATM: InitializeP0 extro.
20220921 032234.638 INFO             PET1     LND-TO-ATM: InitializeP0 intro.
20220921 032234.638 INFO             PET1     LND-TO-ATM: InitializeP0 extro.
20220921 032234.644 INFO             PET1     esm: IInitAdvertise intro.
20220921 032234.644 INFO             PET1     esm: IInitAdvertise extro.
20220921 032234.644 INFO             PET1     ATM: InitializeIPDvXp01 intro.
20220921 032234.649 INFO             PET1     ATM: InitializeIPDvXp01 extro.
20220921 032234.655 INFO             PET1     LND: InitializeIPDvXp01 intro.
20220921 032234.655 INFO             PET1     LND: InitializeIPDvXp01 extro.
20220921 032234.656 INFO             PET1     ATM-TO-OCN: InitializeIPDv05p1 intro.
20220921 032234.662 INFO             PET1     ATM-TO-OCN: InitializeIPDv05p1 extro.
20220921 032234.662 INFO             PET1     ATM-TO-LND: InitializeIPDv05p1 intro.
20220921 032234.666 INFO             PET1     ATM-TO-LND: InitializeIPDv05p1 extro.
20220921 032234.666 INFO             PET1     OCN-TO-ATM: InitializeIPDv05p1 intro.
20220921 032234.670 INFO             PET1     OCN-TO-ATM: InitializeIPDv05p1 extro.
20220921 032234.670 INFO             PET1     LND-TO-ATM: InitializeIPDv05p1 intro.
20220921 032234.673 INFO             PET1     LND-TO-ATM: InitializeIPDv05p1 extro.
20220921 032234.674 INFO             PET1     esm: IInitAdvertiseFinish intro.
20220921 032234.674 INFO             PET1     esm: IInitAdvertiseFinish extro.
20220921 032234.674 INFO             PET1     ATM-TO-OCN: InitializeIPDv05p2a intro.
20220921 032234.678 INFO             PET1     ATM-TO-OCN: InitializeIPDv05p2a extro.
20220921 032234.679 INFO             PET1     ATM-TO-LND: InitializeIPDv05p2a intro.
20220921 032234.682 INFO             PET1     ATM-TO-LND: InitializeIPDv05p2a extro.
20220921 032234.682 INFO             PET1     OCN-TO-ATM: InitializeIPDv05p2a intro.
20220921 032234.686 INFO             PET1     OCN-TO-ATM: InitializeIPDv05p2a extro.
20220921 032234.686 INFO             PET1     LND-TO-ATM: InitializeIPDv05p2a intro.
20220921 032234.689 INFO             PET1     LND-TO-ATM: InitializeIPDv05p2a extro.
20220921 032234.689 INFO             PET1     ATM-TO-OCN: InitializeIPDv05p2b intro.
20220921 032234.694 INFO             PET1     ATM-TO-OCN: InitializeIPDv05p2b extro.
20220921 032234.694 INFO             PET1     ATM-TO-LND: InitializeIPDv05p2b intro.
20220921 032234.698 INFO             PET1     ATM-TO-LND: InitializeIPDv05p2b extro.
20220921 032234.698 INFO             PET1     OCN-TO-ATM: InitializeIPDv05p2b intro.
20220921 032234.701 INFO             PET1     OCN-TO-ATM: InitializeIPDv05p2b extro.
20220921 032234.702 INFO             PET1     LND-TO-ATM: InitializeIPDv05p2b intro.
20220921 032234.705 INFO             PET1     LND-TO-ATM: InitializeIPDv05p2b extro.
20220921 032234.705 INFO             PET1     esm: IInitModifyCplLists intro.
20220921 032234.705 INFO             PET1     esm: IInitModifyCplLists extro.
20220921 032234.706 INFO             PET1     ATM-TO-OCN: InitializeIPDv05p3 intro.
20220921 032234.710 INFO             PET1     ATM-TO-OCN: InitializeIPDv05p3 extro.
20220921 032234.711 INFO             PET1     ATM-TO-LND: InitializeIPDv05p3 intro.
20220921 032234.714 INFO             PET1     ATM-TO-LND: InitializeIPDv05p3 extro.
20220921 032234.714 INFO             PET1     OCN-TO-ATM: InitializeIPDv05p3 intro.
20220921 032234.718 INFO             PET1     OCN-TO-ATM: InitializeIPDv05p3 extro.
20220921 032234.719 INFO             PET1     LND-TO-ATM: InitializeIPDv05p3 intro.
20220921 032234.722 INFO             PET1     LND-TO-ATM: InitializeIPDv05p3 extro.
20220921 032234.722 INFO             PET1     <<<esm: leaving Initialize (phase=<none>) with current time: 2010  6  1  0  0  0   0
20220921 032234.722 INFO             PET1   esm: InitializeIPDv02p1 extro.
20220921 032234.722 INFO             PET1   esm: InitializeIPDv02p3 intro.
20220921 032234.722 INFO             PET1     esm: IInitCheck intro.
20220921 032234.722 INFO             PET1     esm: IInitCheck extro.
20220921 032234.723 INFO             PET1     ATM: InitializeIPDvXp04 intro.
20220921 032234.731 INFO             PET1     ATM: InitializeIPDvXp04 extro.
20220921 032234.740 INFO             PET1     LND: InitializeIPDvXp04 intro.
20220921 032234.740 INFO             PET1     LND: InitializeIPDvXp04 extro.
20220921 032234.741 INFO             PET1     ATM-TO-OCN: InitializeIPDv05p4 intro.
20220921 032234.748 INFO             PET1     ATM-TO-OCN: InitializeIPDv05p4 extro.
20220921 032234.748 INFO             PET1     ATM-TO-LND: InitializeIPDv05p4 intro.
20220921 032234.752 INFO             PET1     ATM-TO-LND: InitializeIPDv05p4 extro.
20220921 032234.752 INFO             PET1     OCN-TO-ATM: InitializeIPDv05p4 intro.
20220921 032234.757 INFO             PET1     OCN-TO-ATM: InitializeIPDv05p4 extro.
20220921 032234.757 INFO             PET1     LND-TO-ATM: InitializeIPDv05p4 intro.
20220921 032234.761 INFO             PET1     LND-TO-ATM: InitializeIPDv05p4 extro.
20220921 032234.761 INFO             PET1     ATM-TO-OCN: InitializeIPDv05p5 intro.
20220921 032234.767 INFO             PET1     ATM-TO-OCN: InitializeIPDv05p5 extro.
20220921 032234.768 INFO             PET1     ATM-TO-LND: InitializeIPDv05p5 intro.
20220921 032234.772 INFO             PET1     ATM-TO-LND: InitializeIPDv05p5 extro.
20220921 032234.772 INFO             PET1     OCN-TO-ATM: InitializeIPDv05p5 intro.
20220921 032234.777 INFO             PET1     OCN-TO-ATM: InitializeIPDv05p5 extro.
20220921 032234.777 INFO             PET1     LND-TO-ATM: InitializeIPDv05p5 intro.
20220921 032234.780 INFO             PET1     LND-TO-ATM: InitializeIPDv05p5 extro.
20220921 032234.781 INFO             PET1     esm: IInitRealize intro.
20220921 032234.781 INFO             PET1     esm: IInitRealize extro.
20220921 032234.781 INFO             PET1     ATM-TO-OCN: InitializeIPDv05p6a intro.
20220921 032234.787 INFO             PET1     ATM-TO-OCN: InitializeIPDv05p6a extro.
20220921 032234.787 INFO             PET1     ATM-TO-LND: InitializeIPDv05p6a intro.
20220921 032234.791 INFO             PET1     ATM-TO-LND: InitializeIPDv05p6a extro.
20220921 032234.791 INFO             PET1     OCN-TO-ATM: InitializeIPDv05p6a intro.
20220921 032234.795 INFO             PET1     OCN-TO-ATM: InitializeIPDv05p6a extro.
20220921 032234.796 INFO             PET1     LND-TO-ATM: InitializeIPDv05p6a intro.
20220921 032234.799 INFO             PET1     LND-TO-ATM: InitializeIPDv05p6a extro.
20220921 032234.799 INFO             PET1     ATM-TO-OCN: InitializeIPDv05p6b intro.
20220921 032234.870 INFO             PET1     ATM-TO-OCN: InitializeIPDv05p6b extro.
20220921 032234.870 INFO             PET1     ATM-TO-LND: InitializeIPDv05p6b intro.
20220921 032234.870 INFO             PET1     ATM-TO-LND: InitializeIPDv05p6b extro.
20220921 032234.871 INFO             PET1     OCN-TO-ATM: InitializeIPDv05p6b intro.
20220921 032234.930 INFO             PET1     OCN-TO-ATM: InitializeIPDv05p6b extro.
20220921 032234.930 INFO             PET1     LND-TO-ATM: InitializeIPDv05p6b intro.
20220921 032234.931 INFO             PET1     LND-TO-ATM: InitializeIPDv05p6b extro.
20220921 032234.931 INFO             PET1     ATM: InitializeIPDvXp07 intro.
20220921 032234.931 INFO             PET1     ATM: InitializeIPDvXp07 extro.
20220921 032234.934 INFO             PET1     LND: InitializeIPDvXp07 intro.
20220921 032234.934 INFO             PET1     LND: InitializeIPDvXp07 extro.
20220921 032234.935 INFO             PET1   esm: InitializeIPDv02p3 extro.
20220921 032234.935 INFO             PET1   esm: InitializeIPDv02p5 intro.
20220921 032234.935 INFO             PET1     esm: InitializeIPDv02p5Data intro.
20220921 032234.935 INFO             PET1       esm: InternalInitializeComplete intro.
20220921 032234.935 INFO             PET1       esm: InternalInitializeComplete extro.
20220921 032234.935 INFO             PET1       ATM: InitializeIPDv01p5 intro.
20220921 032234.935 INFO             PET1       ATM: InitializeIPDv01p5 extro.
20220921 032234.938 INFO             PET1       LND: InitializeIPDv01p5 intro.
20220921 032234.938 INFO             PET1       LND: InitializeIPDv01p5 extro.
20220921 032234.939 INFO             PET1       esm: loopDataDependentInitialize intro.
20220921 032234.939 INFO             PET1       esm: loopDataDependentInitialize extro.
20220921 032234.939 INFO             PET1     esm: InitializeIPDv02p5Data extro.
20220921 032234.939 INFO             PET1   esm: InitializeIPDv02p5 extro.
20220921 032234.939 INFO             PET1 esm: InitializeP1 extro.
20220921 032234.939 INFO             PET1 esm: Run intro.
20220921 032234.939 INFO             PET1   >>>esm entered Run (phase=RunPhase1) with current time: 2010  6  1  0  0  0   0
20220921 032234.939 INFO             PET1   esm: after lable_SetRunClock, current time: 2010  6  1  0  0  0   0
20220921 032234.939 INFO             PET1   esm: begin -------> RunSequence.
20220921 032234.939 INFO             PET1     esm: RunSequence event loopLevel=   1  levelMember=   1  loopIteration=   1, current time: 2010  6  1  0  0  0   0
20220921 032234.939 INFO             PET1     ATM-TO-OCN: Run intro.
20220921 032234.940 INFO             PET1     ATM-TO-OCN: Run extro.
20220921 032234.940 INFO             PET1     OCN-TO-ATM: Run intro.
20220921 032234.940 INFO             PET1     OCN-TO-ATM: Run extro.
20220921 032234.940 INFO             PET1     ATM-TO-LND: Run intro.
20220921 032234.940 INFO             PET1     ATM-TO-LND: Run extro.
20220921 032234.941 INFO             PET1     LND-TO-ATM: Run intro.
20220921 032234.941 INFO             PET1     LND-TO-ATM: Run extro.
20220921 032234.941 INFO             PET1     ATM: Run intro.
20220921 032234.941 INFO             PET1       ------>Advancing ATM from: 2010  6  1  0  0  0   0
20220921 032234.941 INFO             PET1       ---------------------> to: 2010  6  1  0 30  0   0
20220921 032234.941 INFO             PET1     ATM: Run extro.
20220921 032234.941 INFO             PET1     esm: RunSequence event loopLevel=   2  levelMember=   1  loopIteration=   1, current time: 2010  6  1  0  0  0   0
20220921 032234.941 INFO             PET1     ------>Advancing OCN from: 2010  6  1  0  0  0   0
20220921 032234.941 INFO             PET1     ---------------------> to: 2010  6  1  0  5  0   0
20220921 032234.942 INFO             PET1     ------>Advancing OCN from: 2010  6  1  0  5  0   0
20220921 032234.942 INFO             PET1     ---------------------> to: 2010  6  1  0 10  0   0
20220921 032234.942 INFO             PET1     ------>Advancing OCN from: 2010  6  1  0 10  0   0
20220921 032234.942 INFO             PET1     ---------------------> to: 2010  6  1  0 15  0   0
20220921 032234.942 INFO             PET1     ------>Advancing OCN from: 2010  6  1  0 15  0   0
20220921 032234.942 INFO             PET1     ---------------------> to: 2010  6  1  0 20  0   0
20220921 032234.942 INFO             PET1     ------>Advancing OCN from: 2010  6  1  0 20  0   0
20220921 032234.942 INFO             PET1     ---------------------> to: 2010  6  1  0 25  0   0
20220921 032234.942 INFO             PET1     ------>Advancing OCN from: 2010  6  1  0 25  0   0
20220921 032234.942 INFO             PET1     ---------------------> to: 2010  6  1  0 30  0   0
20220921 032234.942 INFO             PET1     LND: Run intro.
20220921 032234.942 INFO             PET1       ------>Advancing LND from: 2010  6  1  0  0  0   0
20220921 032234.942 INFO             PET1       ---------------------> to: 2010  6  1  0  5  0   0
20220921 032234.942 INFO             PET1       ------>Advancing LND from: 2010  6  1  0  5  0   0
20220921 032234.942 INFO             PET1       ---------------------> to: 2010  6  1  0 10  0   0
20220921 032234.942 INFO             PET1       ------>Advancing LND from: 2010  6  1  0 10  0   0
20220921 032234.942 INFO             PET1       ---------------------> to: 2010  6  1  0 15  0   0
20220921 032234.942 INFO             PET1       ------>Advancing LND from: 2010  6  1  0 15  0   0
20220921 032234.942 INFO             PET1       ---------------------> to: 2010  6  1  0 20  0   0
20220921 032234.942 INFO             PET1       ------>Advancing LND from: 2010  6  1  0 20  0   0
20220921 032234.942 INFO             PET1       ---------------------> to: 2010  6  1  0 25  0   0
20220921 032234.942 INFO             PET1       ------>Advancing LND from: 2010  6  1  0 25  0   0
20220921 032234.942 INFO             PET1       ---------------------> to: 2010  6  1  0 30  0   0
20220921 032234.942 INFO             PET1     LND: Run extro.
20220921 032234.942 INFO             PET1     esm: RunSequence event loopLevel=   1  levelMember=   1  loopIteration=   2, current time: 2010  6  1  0 30  0   0
20220921 032234.942 INFO             PET1     ATM-TO-OCN: Run intro.
20220921 032234.943 INFO             PET1     ATM-TO-OCN: Run extro.
20220921 032234.943 INFO             PET1     OCN-TO-ATM: Run intro.
20220921 032234.943 INFO             PET1     OCN-TO-ATM: Run extro.
20220921 032234.943 INFO             PET1     ATM-TO-LND: Run intro.
20220921 032234.943 INFO             PET1     ATM-TO-LND: Run extro.
20220921 032234.943 INFO             PET1     LND-TO-ATM: Run intro.
20220921 032234.943 INFO             PET1     LND-TO-ATM: Run extro.
20220921 032234.943 INFO             PET1     ATM: Run intro.
20220921 032234.944 INFO             PET1       ------>Advancing ATM from: 2010  6  1  0 30  0   0
20220921 032234.944 INFO             PET1       ---------------------> to: 2010  6  1  1  0  0   0
20220921 032234.944 INFO             PET1     ATM: Run extro.
20220921 032234.944 INFO             PET1     esm: RunSequence event loopLevel=   2  levelMember=   1  loopIteration=   1, current time: 2010  6  1  0 30  0   0
20220921 032234.944 INFO             PET1     ------>Advancing OCN from: 2010  6  1  0 30  0   0
20220921 032234.944 INFO             PET1     ---------------------> to: 2010  6  1  0 35  0   0
20220921 032234.944 INFO             PET1     ------>Advancing OCN from: 2010  6  1  0 35  0   0
20220921 032234.944 INFO             PET1     ---------------------> to: 2010  6  1  0 40  0   0
20220921 032234.944 INFO             PET1     ------>Advancing OCN from: 2010  6  1  0 40  0   0
20220921 032234.944 INFO             PET1     ---------------------> to: 2010  6  1  0 45  0   0
20220921 032234.944 INFO             PET1     ------>Advancing OCN from: 2010  6  1  0 45  0   0
20220921 032234.944 INFO             PET1     ---------------------> to: 2010  6  1  0 50  0   0
20220921 032234.944 INFO             PET1     ------>Advancing OCN from: 2010  6  1  0 50  0   0
20220921 032234.944 INFO             PET1     ---------------------> to: 2010  6  1  0 55  0   0
20220921 032234.944 INFO             PET1     ------>Advancing OCN from: 2010  6  1  0 55  0   0
20220921 032234.944 INFO             PET1     ---------------------> to: 2010  6  1  1  0  0   0
20220921 032234.944 INFO             PET1     LND: Run intro.
20220921 032234.945 INFO             PET1       ------>Advancing LND from: 2010  6  1  0 30  0   0
20220921 032234.945 INFO             PET1       ---------------------> to: 2010  6  1  0 35  0   0
20220921 032234.945 INFO             PET1       ------>Advancing LND from: 2010  6  1  0 35  0   0
20220921 032234.945 INFO             PET1       ---------------------> to: 2010  6  1  0 40  0   0
20220921 032234.945 INFO             PET1       ------>Advancing LND from: 2010  6  1  0 40  0   0
20220921 032234.945 INFO             PET1       ---------------------> to: 2010  6  1  0 45  0   0
20220921 032234.945 INFO             PET1       ------>Advancing LND from: 2010  6  1  0 45  0   0
20220921 032234.945 INFO             PET1       ---------------------> to: 2010  6  1  0 50  0   0
20220921 032234.945 INFO             PET1       ------>Advancing LND from: 2010  6  1  0 50  0   0
20220921 032234.945 INFO             PET1       ---------------------> to: 2010  6  1  0 55  0   0
20220921 032234.945 INFO             PET1       ------>Advancing LND from: 2010  6  1  0 55  0   0
20220921 032234.945 INFO             PET1       ---------------------> to: 2010  6  1  1  0  0   0
20220921 032234.945 INFO             PET1     LND: Run extro.
20220921 032234.945 INFO             PET1   esm: end <--------- RunSequence
20220921 032234.945 INFO             PET1   <<<esm - leaving Run with current time: 2010  6  1  1  0  0   0
20220921 032234.945 INFO             PET1 esm: Run extro.
20220921 032234.945 INFO             PET1 esm: Finalize intro.
20220921 032234.945 INFO             PET1   ATM-TO-OCN: Finalize intro.
20220921 032234.945 INFO             PET1   ATM-TO-OCN: Finalize extro.
20220921 032234.945 INFO             PET1   ATM-TO-LND: Finalize intro.
20220921 032234.945 INFO             PET1   ATM-TO-LND: Finalize extro.
20220921 032234.945 INFO             PET1   OCN-TO-ATM: Finalize intro.
20220921 032234.946 INFO             PET1   OCN-TO-ATM: Finalize extro.
20220921 032234.946 INFO             PET1   LND-TO-ATM: Finalize intro.
20220921 032234.946 INFO             PET1   LND-TO-ATM: Finalize extro.
20220921 032234.946 INFO             PET1   ATM: Finalize intro.
20220921 032234.946 INFO             PET1   ATM: Finalize extro.
20220921 032234.946 INFO             PET1   LND: Finalize intro.
20220921 032234.946 INFO             PET1   LND: Finalize extro.
20220921 032234.946 INFO             PET1 esm: Finalize extro.
20220921 032234.946 INFO             PET1 esmApp FINISHED
20220921 032234.946 INFO             PET1 Finalizing ESMF
20220921 032234.550 INFO             PET2 !!!!!!!!!!!!!!!!!!!!!!!!!!!!!!!!!!!!!!!!!!!!!!!!!!!!!!
20220921 032234.550 INFO             PET2 !!! THE ESMF_LOG IS SET TO OUTPUT ALL LOG MESSAGES !!!
20220921 032234.550 INFO             PET2 !!!     THIS MAY CAUSE SLOWDOWN IN PERFORMANCE     !!!
20220921 032234.550 INFO             PET2 !!! FOR PRODUCTION RUNS, USE:                      !!!
20220921 032234.550 INFO             PET2 !!!                   ESMF_LOGKIND_Multi_On_Error  !!!
20220921 032234.550 INFO             PET2 !!!!!!!!!!!!!!!!!!!!!!!!!!!!!!!!!!!!!!!!!!!!!!!!!!!!!!
20220921 032234.550 INFO             PET2 Running with ESMF Version   : v8.3.1
20220921 032234.550 INFO             PET2 ESMF library build date/time: "Sep 21 2022" "02:36:01"
20220921 032234.550 INFO             PET2 ESMF library build location : /work/noaa/da/mpotts/sandbox/intel_2020.2_intelmpi_g_v8.3.1/esmf
20220921 032234.550 INFO             PET2 ESMF_COMM                   : intelmpi
20220921 032234.552 INFO             PET2 ESMF_MOAB                   : enabled
20220921 032234.552 INFO             PET2 ESMF_LAPACK                 : enabled
20220921 032234.552 INFO             PET2 ESMF_NETCDF                 : enabled
20220921 032234.552 INFO             PET2 ESMF_PNETCDF                : disabled
20220921 032234.552 INFO             PET2 ESMF_PIO                    : enabled
20220921 032234.552 INFO             PET2 ESMF_YAMLCPP                : enabled
20220921 032234.552 INFO             PET2 esmApp STARTING
20220921 032234.572 INFO             PET2 esm: InitializeP1 intro.
20220921 032234.572 INFO             PET2   esm: InitializeIPDv02p1 intro.
20220921 032234.572 INFO             PET2     >>>esm: entered Initialize (phase=<none>) without valid internal Clock.
20220921 032234.620 INFO             PET2     esm - Creating state: modelComp 1 Import State
20220921 032234.620 INFO             PET2     esm - Creating state: modelComp 1 Export State
20220921 032234.620 INFO             PET2     esm - Creating state: modelComp 2 Import State
20220921 032234.620 INFO             PET2     esm - Creating state: modelComp 2 Export State
20220921 032234.621 INFO             PET2     esm - Creating state: modelComp 3 Import State
20220921 032234.621 INFO             PET2     esm - Creating state: modelComp 3 Export State
20220921 032234.622 INFO             PET2     ATM: InitializeP0 intro.
20220921 032234.624 INFO             PET2     ATM: InitializeP0 extro.
20220921 032234.628 INFO             PET2     LND: InitializeP0 intro.
20220921 032234.629 INFO             PET2     LND: InitializeP0 extro.
20220921 032234.630 INFO             PET2     ATM-TO-OCN: InitializeP0 intro.
20220921 032234.631 INFO             PET2     ATM-TO-OCN: InitializeP0 extro.
20220921 032234.631 INFO             PET2     ATM-TO-LND: InitializeP0 intro.
20220921 032234.632 INFO             PET2     ATM-TO-LND: InitializeP0 extro.
20220921 032234.633 INFO             PET2     OCN-TO-ATM: InitializeP0 intro.
20220921 032234.633 INFO             PET2     OCN-TO-ATM: InitializeP0 extro.
20220921 032234.634 INFO             PET2     LND-TO-ATM: InitializeP0 intro.
20220921 032234.634 INFO             PET2     LND-TO-ATM: InitializeP0 extro.
20220921 032234.644 INFO             PET2     esm: IInitAdvertise intro.
20220921 032234.644 INFO             PET2     esm: IInitAdvertise extro.
20220921 032234.644 INFO             PET2     ATM: InitializeIPDvXp01 intro.
20220921 032234.647 INFO             PET2     ATM: InitializeIPDvXp01 extro.
20220921 032234.653 INFO             PET2     LND: InitializeIPDvXp01 intro.
20220921 032234.653 INFO             PET2     LND: InitializeIPDvXp01 extro.
20220921 032234.654 INFO             PET2     ATM-TO-OCN: InitializeIPDv05p1 intro.
20220921 032234.662 INFO             PET2     ATM-TO-OCN: InitializeIPDv05p1 extro.
20220921 032234.662 INFO             PET2     ATM-TO-LND: InitializeIPDv05p1 intro.
20220921 032234.666 INFO             PET2     ATM-TO-LND: InitializeIPDv05p1 extro.
20220921 032234.666 INFO             PET2     OCN-TO-ATM: InitializeIPDv05p1 intro.
20220921 032234.670 INFO             PET2     OCN-TO-ATM: InitializeIPDv05p1 extro.
20220921 032234.670 INFO             PET2     LND-TO-ATM: InitializeIPDv05p1 intro.
20220921 032234.673 INFO             PET2     LND-TO-ATM: InitializeIPDv05p1 extro.
20220921 032234.673 INFO             PET2     esm: IInitAdvertiseFinish intro.
20220921 032234.673 INFO             PET2     esm: IInitAdvertiseFinish extro.
20220921 032234.674 INFO             PET2     ATM-TO-OCN: InitializeIPDv05p2a intro.
20220921 032234.678 INFO             PET2     ATM-TO-OCN: InitializeIPDv05p2a extro.
20220921 032234.678 INFO             PET2     ATM-TO-LND: InitializeIPDv05p2a intro.
20220921 032234.682 INFO             PET2     ATM-TO-LND: InitializeIPDv05p2a extro.
20220921 032234.682 INFO             PET2     OCN-TO-ATM: InitializeIPDv05p2a intro.
20220921 032234.686 INFO             PET2     OCN-TO-ATM: InitializeIPDv05p2a extro.
20220921 032234.686 INFO             PET2     LND-TO-ATM: InitializeIPDv05p2a intro.
20220921 032234.689 INFO             PET2     LND-TO-ATM: InitializeIPDv05p2a extro.
20220921 032234.689 INFO             PET2     ATM-TO-OCN: InitializeIPDv05p2b intro.
20220921 032234.694 INFO             PET2     ATM-TO-OCN: InitializeIPDv05p2b extro.
20220921 032234.694 INFO             PET2     ATM-TO-LND: InitializeIPDv05p2b intro.
20220921 032234.697 INFO             PET2     ATM-TO-LND: InitializeIPDv05p2b extro.
20220921 032234.698 INFO             PET2     OCN-TO-ATM: InitializeIPDv05p2b intro.
20220921 032234.701 INFO             PET2     OCN-TO-ATM: InitializeIPDv05p2b extro.
20220921 032234.701 INFO             PET2     LND-TO-ATM: InitializeIPDv05p2b intro.
20220921 032234.705 INFO             PET2     LND-TO-ATM: InitializeIPDv05p2b extro.
20220921 032234.705 INFO             PET2     esm: IInitModifyCplLists intro.
20220921 032234.705 INFO             PET2     esm: IInitModifyCplLists extro.
20220921 032234.705 INFO             PET2     ATM-TO-OCN: InitializeIPDv05p3 intro.
20220921 032234.710 INFO             PET2     ATM-TO-OCN: InitializeIPDv05p3 extro.
20220921 032234.710 INFO             PET2     ATM-TO-LND: InitializeIPDv05p3 intro.
20220921 032234.714 INFO             PET2     ATM-TO-LND: InitializeIPDv05p3 extro.
20220921 032234.714 INFO             PET2     OCN-TO-ATM: InitializeIPDv05p3 intro.
20220921 032234.718 INFO             PET2     OCN-TO-ATM: InitializeIPDv05p3 extro.
20220921 032234.718 INFO             PET2     LND-TO-ATM: InitializeIPDv05p3 intro.
20220921 032234.722 INFO             PET2     LND-TO-ATM: InitializeIPDv05p3 extro.
20220921 032234.722 INFO             PET2     <<<esm: leaving Initialize (phase=<none>) with current time: 2010  6  1  0  0  0   0
20220921 032234.722 INFO             PET2   esm: InitializeIPDv02p1 extro.
20220921 032234.722 INFO             PET2   esm: InitializeIPDv02p3 intro.
20220921 032234.722 INFO             PET2     esm: IInitCheck intro.
20220921 032234.722 INFO             PET2     esm: IInitCheck extro.
20220921 032234.722 INFO             PET2     ATM: InitializeIPDvXp04 intro.
20220921 032234.731 INFO             PET2     ATM: InitializeIPDvXp04 extro.
20220921 032234.739 INFO             PET2     LND: InitializeIPDvXp04 intro.
20220921 032234.739 INFO             PET2     LND: InitializeIPDvXp04 extro.
20220921 032234.740 INFO             PET2     ATM-TO-OCN: InitializeIPDv05p4 intro.
20220921 032234.747 INFO             PET2     ATM-TO-OCN: InitializeIPDv05p4 extro.
20220921 032234.747 INFO             PET2     ATM-TO-LND: InitializeIPDv05p4 intro.
20220921 032234.752 INFO             PET2     ATM-TO-LND: InitializeIPDv05p4 extro.
20220921 032234.752 INFO             PET2     OCN-TO-ATM: InitializeIPDv05p4 intro.
20220921 032234.757 INFO             PET2     OCN-TO-ATM: InitializeIPDv05p4 extro.
20220921 032234.757 INFO             PET2     LND-TO-ATM: InitializeIPDv05p4 intro.
20220921 032234.761 INFO             PET2     LND-TO-ATM: InitializeIPDv05p4 extro.
20220921 032234.761 INFO             PET2     ATM-TO-OCN: InitializeIPDv05p5 intro.
20220921 032234.767 INFO             PET2     ATM-TO-OCN: InitializeIPDv05p5 extro.
20220921 032234.767 INFO             PET2     ATM-TO-LND: InitializeIPDv05p5 intro.
20220921 032234.772 INFO             PET2     ATM-TO-LND: InitializeIPDv05p5 extro.
20220921 032234.772 INFO             PET2     OCN-TO-ATM: InitializeIPDv05p5 intro.
20220921 032234.776 INFO             PET2     OCN-TO-ATM: InitializeIPDv05p5 extro.
20220921 032234.777 INFO             PET2     LND-TO-ATM: InitializeIPDv05p5 intro.
20220921 032234.780 INFO             PET2     LND-TO-ATM: InitializeIPDv05p5 extro.
20220921 032234.780 INFO             PET2     esm: IInitRealize intro.
20220921 032234.780 INFO             PET2     esm: IInitRealize extro.
20220921 032234.781 INFO             PET2     ATM-TO-OCN: InitializeIPDv05p6a intro.
20220921 032234.787 INFO             PET2     ATM-TO-OCN: InitializeIPDv05p6a extro.
20220921 032234.787 INFO             PET2     ATM-TO-LND: InitializeIPDv05p6a intro.
20220921 032234.791 INFO             PET2     ATM-TO-LND: InitializeIPDv05p6a extro.
20220921 032234.791 INFO             PET2     OCN-TO-ATM: InitializeIPDv05p6a intro.
20220921 032234.795 INFO             PET2     OCN-TO-ATM: InitializeIPDv05p6a extro.
20220921 032234.795 INFO             PET2     LND-TO-ATM: InitializeIPDv05p6a intro.
20220921 032234.799 INFO             PET2     LND-TO-ATM: InitializeIPDv05p6a extro.
20220921 032234.799 INFO             PET2     ATM-TO-OCN: InitializeIPDv05p6b intro.
20220921 032234.870 INFO             PET2     ATM-TO-OCN: InitializeIPDv05p6b extro.
20220921 032234.870 INFO             PET2     ATM-TO-LND: InitializeIPDv05p6b intro.
20220921 032234.870 INFO             PET2     ATM-TO-LND: InitializeIPDv05p6b extro.
20220921 032234.871 INFO             PET2     OCN-TO-ATM: InitializeIPDv05p6b intro.
20220921 032234.930 INFO             PET2     OCN-TO-ATM: InitializeIPDv05p6b extro.
20220921 032234.930 INFO             PET2     LND-TO-ATM: InitializeIPDv05p6b intro.
20220921 032234.931 INFO             PET2     LND-TO-ATM: InitializeIPDv05p6b extro.
20220921 032234.931 INFO             PET2     ATM: InitializeIPDvXp07 intro.
20220921 032234.931 INFO             PET2     ATM: InitializeIPDvXp07 extro.
20220921 032234.933 INFO             PET2     LND: InitializeIPDvXp07 intro.
20220921 032234.934 INFO             PET2     LND: InitializeIPDvXp07 extro.
20220921 032234.934 INFO             PET2   esm: InitializeIPDv02p3 extro.
20220921 032234.934 INFO             PET2   esm: InitializeIPDv02p5 intro.
20220921 032234.934 INFO             PET2     esm: InitializeIPDv02p5Data intro.
20220921 032234.935 INFO             PET2       esm: InternalInitializeComplete intro.
20220921 032234.935 INFO             PET2       esm: InternalInitializeComplete extro.
20220921 032234.935 INFO             PET2       ATM: InitializeIPDv01p5 intro.
20220921 032234.935 INFO             PET2       ATM: InitializeIPDv01p5 extro.
20220921 032234.937 INFO             PET2       LND: InitializeIPDv01p5 intro.
20220921 032234.937 INFO             PET2       LND: InitializeIPDv01p5 extro.
20220921 032234.939 INFO             PET2       esm: loopDataDependentInitialize intro.
20220921 032234.939 INFO             PET2       esm: loopDataDependentInitialize extro.
20220921 032234.939 INFO             PET2     esm: InitializeIPDv02p5Data extro.
20220921 032234.939 INFO             PET2   esm: InitializeIPDv02p5 extro.
20220921 032234.939 INFO             PET2 esm: InitializeP1 extro.
20220921 032234.939 INFO             PET2 esm: Run intro.
20220921 032234.939 INFO             PET2   >>>esm entered Run (phase=RunPhase1) with current time: 2010  6  1  0  0  0   0
20220921 032234.939 INFO             PET2   esm: after lable_SetRunClock, current time: 2010  6  1  0  0  0   0
20220921 032234.939 INFO             PET2   esm: begin -------> RunSequence.
20220921 032234.939 INFO             PET2     esm: RunSequence event loopLevel=   1  levelMember=   1  loopIteration=   1, current time: 2010  6  1  0  0  0   0
20220921 032234.939 INFO             PET2     ATM-TO-OCN: Run intro.
20220921 032234.940 INFO             PET2     ATM-TO-OCN: Run extro.
20220921 032234.940 INFO             PET2     OCN-TO-ATM: Run intro.
20220921 032234.940 INFO             PET2     OCN-TO-ATM: Run extro.
20220921 032234.940 INFO             PET2     ATM-TO-LND: Run intro.
20220921 032234.940 INFO             PET2     ATM-TO-LND: Run extro.
20220921 032234.940 INFO             PET2     LND-TO-ATM: Run intro.
20220921 032234.941 INFO             PET2     LND-TO-ATM: Run extro.
20220921 032234.941 INFO             PET2     ATM: Run intro.
20220921 032234.941 INFO             PET2       ------>Advancing ATM from: 2010  6  1  0  0  0   0
20220921 032234.941 INFO             PET2       ---------------------> to: 2010  6  1  0 30  0   0
20220921 032234.941 INFO             PET2     ATM: Run extro.
20220921 032234.941 INFO             PET2     esm: RunSequence event loopLevel=   2  levelMember=   1  loopIteration=   1, current time: 2010  6  1  0  0  0   0
20220921 032234.941 INFO             PET2     ------>Advancing OCN from: 2010  6  1  0  0  0   0
20220921 032234.941 INFO             PET2     ---------------------> to: 2010  6  1  0  5  0   0
20220921 032234.941 INFO             PET2     ------>Advancing OCN from: 2010  6  1  0  5  0   0
20220921 032234.941 INFO             PET2     ---------------------> to: 2010  6  1  0 10  0   0
20220921 032234.941 INFO             PET2     ------>Advancing OCN from: 2010  6  1  0 10  0   0
20220921 032234.941 INFO             PET2     ---------------------> to: 2010  6  1  0 15  0   0
20220921 032234.941 INFO             PET2     ------>Advancing OCN from: 2010  6  1  0 15  0   0
20220921 032234.941 INFO             PET2     ---------------------> to: 2010  6  1  0 20  0   0
20220921 032234.941 INFO             PET2     ------>Advancing OCN from: 2010  6  1  0 20  0   0
20220921 032234.941 INFO             PET2     ---------------------> to: 2010  6  1  0 25  0   0
20220921 032234.942 INFO             PET2     ------>Advancing OCN from: 2010  6  1  0 25  0   0
20220921 032234.942 INFO             PET2     ---------------------> to: 2010  6  1  0 30  0   0
20220921 032234.942 INFO             PET2     LND: Run intro.
20220921 032234.942 INFO             PET2       ------>Advancing LND from: 2010  6  1  0  0  0   0
20220921 032234.942 INFO             PET2       ---------------------> to: 2010  6  1  0  5  0   0
20220921 032234.942 INFO             PET2       ------>Advancing LND from: 2010  6  1  0  5  0   0
20220921 032234.942 INFO             PET2       ---------------------> to: 2010  6  1  0 10  0   0
20220921 032234.942 INFO             PET2       ------>Advancing LND from: 2010  6  1  0 10  0   0
20220921 032234.942 INFO             PET2       ---------------------> to: 2010  6  1  0 15  0   0
20220921 032234.942 INFO             PET2       ------>Advancing LND from: 2010  6  1  0 15  0   0
20220921 032234.942 INFO             PET2       ---------------------> to: 2010  6  1  0 20  0   0
20220921 032234.942 INFO             PET2       ------>Advancing LND from: 2010  6  1  0 20  0   0
20220921 032234.942 INFO             PET2       ---------------------> to: 2010  6  1  0 25  0   0
20220921 032234.942 INFO             PET2       ------>Advancing LND from: 2010  6  1  0 25  0   0
20220921 032234.942 INFO             PET2       ---------------------> to: 2010  6  1  0 30  0   0
20220921 032234.942 INFO             PET2     LND: Run extro.
20220921 032234.942 INFO             PET2     esm: RunSequence event loopLevel=   1  levelMember=   1  loopIteration=   2, current time: 2010  6  1  0 30  0   0
20220921 032234.942 INFO             PET2     ATM-TO-OCN: Run intro.
20220921 032234.943 INFO             PET2     ATM-TO-OCN: Run extro.
20220921 032234.943 INFO             PET2     OCN-TO-ATM: Run intro.
20220921 032234.943 INFO             PET2     OCN-TO-ATM: Run extro.
20220921 032234.943 INFO             PET2     ATM-TO-LND: Run intro.
20220921 032234.943 INFO             PET2     ATM-TO-LND: Run extro.
20220921 032234.943 INFO             PET2     LND-TO-ATM: Run intro.
20220921 032234.943 INFO             PET2     LND-TO-ATM: Run extro.
20220921 032234.943 INFO             PET2     ATM: Run intro.
20220921 032234.943 INFO             PET2       ------>Advancing ATM from: 2010  6  1  0 30  0   0
20220921 032234.943 INFO             PET2       ---------------------> to: 2010  6  1  1  0  0   0
20220921 032234.944 INFO             PET2     ATM: Run extro.
20220921 032234.944 INFO             PET2     esm: RunSequence event loopLevel=   2  levelMember=   1  loopIteration=   1, current time: 2010  6  1  0 30  0   0
20220921 032234.944 INFO             PET2     ------>Advancing OCN from: 2010  6  1  0 30  0   0
20220921 032234.944 INFO             PET2     ---------------------> to: 2010  6  1  0 35  0   0
20220921 032234.944 INFO             PET2     ------>Advancing OCN from: 2010  6  1  0 35  0   0
20220921 032234.944 INFO             PET2     ---------------------> to: 2010  6  1  0 40  0   0
20220921 032234.944 INFO             PET2     ------>Advancing OCN from: 2010  6  1  0 40  0   0
20220921 032234.944 INFO             PET2     ---------------------> to: 2010  6  1  0 45  0   0
20220921 032234.944 INFO             PET2     ------>Advancing OCN from: 2010  6  1  0 45  0   0
20220921 032234.944 INFO             PET2     ---------------------> to: 2010  6  1  0 50  0   0
20220921 032234.944 INFO             PET2     ------>Advancing OCN from: 2010  6  1  0 50  0   0
20220921 032234.944 INFO             PET2     ---------------------> to: 2010  6  1  0 55  0   0
20220921 032234.944 INFO             PET2     ------>Advancing OCN from: 2010  6  1  0 55  0   0
20220921 032234.944 INFO             PET2     ---------------------> to: 2010  6  1  1  0  0   0
20220921 032234.944 INFO             PET2     LND: Run intro.
20220921 032234.944 INFO             PET2       ------>Advancing LND from: 2010  6  1  0 30  0   0
20220921 032234.944 INFO             PET2       ---------------------> to: 2010  6  1  0 35  0   0
20220921 032234.944 INFO             PET2       ------>Advancing LND from: 2010  6  1  0 35  0   0
20220921 032234.944 INFO             PET2       ---------------------> to: 2010  6  1  0 40  0   0
20220921 032234.944 INFO             PET2       ------>Advancing LND from: 2010  6  1  0 40  0   0
20220921 032234.944 INFO             PET2       ---------------------> to: 2010  6  1  0 45  0   0
20220921 032234.944 INFO             PET2       ------>Advancing LND from: 2010  6  1  0 45  0   0
20220921 032234.945 INFO             PET2       ---------------------> to: 2010  6  1  0 50  0   0
20220921 032234.945 INFO             PET2       ------>Advancing LND from: 2010  6  1  0 50  0   0
20220921 032234.945 INFO             PET2       ---------------------> to: 2010  6  1  0 55  0   0
20220921 032234.945 INFO             PET2       ------>Advancing LND from: 2010  6  1  0 55  0   0
20220921 032234.945 INFO             PET2       ---------------------> to: 2010  6  1  1  0  0   0
20220921 032234.945 INFO             PET2     LND: Run extro.
20220921 032234.945 INFO             PET2   esm: end <--------- RunSequence
20220921 032234.945 INFO             PET2   <<<esm - leaving Run with current time: 2010  6  1  1  0  0   0
20220921 032234.945 INFO             PET2 esm: Run extro.
20220921 032234.945 INFO             PET2 esm: Finalize intro.
20220921 032234.945 INFO             PET2   ATM-TO-OCN: Finalize intro.
20220921 032234.945 INFO             PET2   ATM-TO-OCN: Finalize extro.
20220921 032234.945 INFO             PET2   ATM-TO-LND: Finalize intro.
20220921 032234.945 INFO             PET2   ATM-TO-LND: Finalize extro.
20220921 032234.945 INFO             PET2   OCN-TO-ATM: Finalize intro.
20220921 032234.945 INFO             PET2   OCN-TO-ATM: Finalize extro.
20220921 032234.945 INFO             PET2   LND-TO-ATM: Finalize intro.
20220921 032234.945 INFO             PET2   LND-TO-ATM: Finalize extro.
20220921 032234.945 INFO             PET2   ATM: Finalize intro.
20220921 032234.945 INFO             PET2   ATM: Finalize extro.
20220921 032234.946 INFO             PET2   LND: Finalize intro.
20220921 032234.946 INFO             PET2   LND: Finalize extro.
20220921 032234.946 INFO             PET2 esm: Finalize extro.
20220921 032234.946 INFO             PET2 esmApp FINISHED
20220921 032234.946 INFO             PET2 Finalizing ESMF
20220921 032234.550 INFO             PET3 !!!!!!!!!!!!!!!!!!!!!!!!!!!!!!!!!!!!!!!!!!!!!!!!!!!!!!
20220921 032234.550 INFO             PET3 !!! THE ESMF_LOG IS SET TO OUTPUT ALL LOG MESSAGES !!!
20220921 032234.550 INFO             PET3 !!!     THIS MAY CAUSE SLOWDOWN IN PERFORMANCE     !!!
20220921 032234.550 INFO             PET3 !!! FOR PRODUCTION RUNS, USE:                      !!!
20220921 032234.550 INFO             PET3 !!!                   ESMF_LOGKIND_Multi_On_Error  !!!
20220921 032234.550 INFO             PET3 !!!!!!!!!!!!!!!!!!!!!!!!!!!!!!!!!!!!!!!!!!!!!!!!!!!!!!
20220921 032234.550 INFO             PET3 Running with ESMF Version   : v8.3.1
20220921 032234.550 INFO             PET3 ESMF library build date/time: "Sep 21 2022" "02:36:01"
20220921 032234.550 INFO             PET3 ESMF library build location : /work/noaa/da/mpotts/sandbox/intel_2020.2_intelmpi_g_v8.3.1/esmf
20220921 032234.550 INFO             PET3 ESMF_COMM                   : intelmpi
20220921 032234.551 INFO             PET3 ESMF_MOAB                   : enabled
20220921 032234.551 INFO             PET3 ESMF_LAPACK                 : enabled
20220921 032234.551 INFO             PET3 ESMF_NETCDF                 : enabled
20220921 032234.551 INFO             PET3 ESMF_PNETCDF                : disabled
20220921 032234.551 INFO             PET3 ESMF_PIO                    : enabled
20220921 032234.551 INFO             PET3 ESMF_YAMLCPP                : enabled
20220921 032234.552 INFO             PET3 esmApp STARTING
20220921 032234.571 INFO             PET3 esm: InitializeP1 intro.
20220921 032234.571 INFO             PET3   esm: InitializeIPDv02p1 intro.
20220921 032234.571 INFO             PET3     >>>esm: entered Initialize (phase=<none>) without valid internal Clock.
20220921 032234.620 INFO             PET3     esm - Creating state: modelComp 1 Import State
20220921 032234.620 INFO             PET3     esm - Creating state: modelComp 1 Export State
20220921 032234.620 INFO             PET3     esm - Creating state: modelComp 2 Import State
20220921 032234.620 INFO             PET3     esm - Creating state: modelComp 2 Export State
20220921 032234.621 INFO             PET3     esm - Creating state: modelComp 3 Import State
20220921 032234.621 INFO             PET3     esm - Creating state: modelComp 3 Export State
20220921 032234.622 INFO             PET3     ATM: InitializeP0 intro.
20220921 032234.623 INFO             PET3     ATM: InitializeP0 extro.
20220921 032234.628 INFO             PET3     LND: InitializeP0 intro.
20220921 032234.629 INFO             PET3     LND: InitializeP0 extro.
20220921 032234.630 INFO             PET3     ATM-TO-OCN: InitializeP0 intro.
20220921 032234.630 INFO             PET3     ATM-TO-OCN: InitializeP0 extro.
20220921 032234.631 INFO             PET3     ATM-TO-LND: InitializeP0 intro.
20220921 032234.632 INFO             PET3     ATM-TO-LND: InitializeP0 extro.
20220921 032234.632 INFO             PET3     OCN-TO-ATM: InitializeP0 intro.
20220921 032234.633 INFO             PET3     OCN-TO-ATM: InitializeP0 extro.
20220921 032234.634 INFO             PET3     LND-TO-ATM: InitializeP0 intro.
20220921 032234.634 INFO             PET3     LND-TO-ATM: InitializeP0 extro.
20220921 032234.644 INFO             PET3     esm: IInitAdvertise intro.
20220921 032234.644 INFO             PET3     esm: IInitAdvertise extro.
20220921 032234.644 INFO             PET3     ATM: InitializeIPDvXp01 intro.
20220921 032234.647 INFO             PET3     ATM: InitializeIPDvXp01 extro.
20220921 032234.653 INFO             PET3     LND: InitializeIPDvXp01 intro.
20220921 032234.653 INFO             PET3     LND: InitializeIPDvXp01 extro.
20220921 032234.654 INFO             PET3     ATM-TO-OCN: InitializeIPDv05p1 intro.
20220921 032234.662 INFO             PET3     ATM-TO-OCN: InitializeIPDv05p1 extro.
20220921 032234.662 INFO             PET3     ATM-TO-LND: InitializeIPDv05p1 intro.
20220921 032234.666 INFO             PET3     ATM-TO-LND: InitializeIPDv05p1 extro.
20220921 032234.666 INFO             PET3     OCN-TO-ATM: InitializeIPDv05p1 intro.
20220921 032234.670 INFO             PET3     OCN-TO-ATM: InitializeIPDv05p1 extro.
20220921 032234.670 INFO             PET3     LND-TO-ATM: InitializeIPDv05p1 intro.
20220921 032234.673 INFO             PET3     LND-TO-ATM: InitializeIPDv05p1 extro.
20220921 032234.673 INFO             PET3     esm: IInitAdvertiseFinish intro.
20220921 032234.673 INFO             PET3     esm: IInitAdvertiseFinish extro.
20220921 032234.674 INFO             PET3     ATM-TO-OCN: InitializeIPDv05p2a intro.
20220921 032234.678 INFO             PET3     ATM-TO-OCN: InitializeIPDv05p2a extro.
20220921 032234.678 INFO             PET3     ATM-TO-LND: InitializeIPDv05p2a intro.
20220921 032234.682 INFO             PET3     ATM-TO-LND: InitializeIPDv05p2a extro.
20220921 032234.682 INFO             PET3     OCN-TO-ATM: InitializeIPDv05p2a intro.
20220921 032234.686 INFO             PET3     OCN-TO-ATM: InitializeIPDv05p2a extro.
20220921 032234.686 INFO             PET3     LND-TO-ATM: InitializeIPDv05p2a intro.
20220921 032234.689 INFO             PET3     LND-TO-ATM: InitializeIPDv05p2a extro.
20220921 032234.689 INFO             PET3     ATM-TO-OCN: InitializeIPDv05p2b intro.
20220921 032234.694 INFO             PET3     ATM-TO-OCN: InitializeIPDv05p2b extro.
20220921 032234.694 INFO             PET3     ATM-TO-LND: InitializeIPDv05p2b intro.
20220921 032234.697 INFO             PET3     ATM-TO-LND: InitializeIPDv05p2b extro.
20220921 032234.698 INFO             PET3     OCN-TO-ATM: InitializeIPDv05p2b intro.
20220921 032234.701 INFO             PET3     OCN-TO-ATM: InitializeIPDv05p2b extro.
20220921 032234.701 INFO             PET3     LND-TO-ATM: InitializeIPDv05p2b intro.
20220921 032234.705 INFO             PET3     LND-TO-ATM: InitializeIPDv05p2b extro.
20220921 032234.705 INFO             PET3     esm: IInitModifyCplLists intro.
20220921 032234.705 INFO             PET3     esm: IInitModifyCplLists extro.
20220921 032234.705 INFO             PET3     ATM-TO-OCN: InitializeIPDv05p3 intro.
20220921 032234.710 INFO             PET3     ATM-TO-OCN: InitializeIPDv05p3 extro.
20220921 032234.710 INFO             PET3     ATM-TO-LND: InitializeIPDv05p3 intro.
20220921 032234.714 INFO             PET3     ATM-TO-LND: InitializeIPDv05p3 extro.
20220921 032234.714 INFO             PET3     OCN-TO-ATM: InitializeIPDv05p3 intro.
20220921 032234.718 INFO             PET3     OCN-TO-ATM: InitializeIPDv05p3 extro.
20220921 032234.718 INFO             PET3     LND-TO-ATM: InitializeIPDv05p3 intro.
20220921 032234.722 INFO             PET3     LND-TO-ATM: InitializeIPDv05p3 extro.
20220921 032234.722 INFO             PET3     <<<esm: leaving Initialize (phase=<none>) with current time: 2010  6  1  0  0  0   0
20220921 032234.722 INFO             PET3   esm: InitializeIPDv02p1 extro.
20220921 032234.722 INFO             PET3   esm: InitializeIPDv02p3 intro.
20220921 032234.722 INFO             PET3     esm: IInitCheck intro.
20220921 032234.722 INFO             PET3     esm: IInitCheck extro.
20220921 032234.722 INFO             PET3     ATM: InitializeIPDvXp04 intro.
20220921 032234.730 INFO             PET3     ATM: InitializeIPDvXp04 extro.
20220921 032234.738 INFO             PET3     LND: InitializeIPDvXp04 intro.
20220921 032234.738 INFO             PET3     LND: InitializeIPDvXp04 extro.
20220921 032234.739 INFO             PET3     ATM-TO-OCN: InitializeIPDv05p4 intro.
20220921 032234.747 INFO             PET3     ATM-TO-OCN: InitializeIPDv05p4 extro.
20220921 032234.747 INFO             PET3     ATM-TO-LND: InitializeIPDv05p4 intro.
20220921 032234.752 INFO             PET3     ATM-TO-LND: InitializeIPDv05p4 extro.
20220921 032234.752 INFO             PET3     OCN-TO-ATM: InitializeIPDv05p4 intro.
20220921 032234.757 INFO             PET3     OCN-TO-ATM: InitializeIPDv05p4 extro.
20220921 032234.757 INFO             PET3     LND-TO-ATM: InitializeIPDv05p4 intro.
20220921 032234.760 INFO             PET3     LND-TO-ATM: InitializeIPDv05p4 extro.
20220921 032234.761 INFO             PET3     ATM-TO-OCN: InitializeIPDv05p5 intro.
20220921 032234.767 INFO             PET3     ATM-TO-OCN: InitializeIPDv05p5 extro.
20220921 032234.767 INFO             PET3     ATM-TO-LND: InitializeIPDv05p5 intro.
20220921 032234.772 INFO             PET3     ATM-TO-LND: InitializeIPDv05p5 extro.
20220921 032234.772 INFO             PET3     OCN-TO-ATM: InitializeIPDv05p5 intro.
20220921 032234.776 INFO             PET3     OCN-TO-ATM: InitializeIPDv05p5 extro.
20220921 032234.776 INFO             PET3     LND-TO-ATM: InitializeIPDv05p5 intro.
20220921 032234.780 INFO             PET3     LND-TO-ATM: InitializeIPDv05p5 extro.
20220921 032234.780 INFO             PET3     esm: IInitRealize intro.
20220921 032234.780 INFO             PET3     esm: IInitRealize extro.
20220921 032234.781 INFO             PET3     ATM-TO-OCN: InitializeIPDv05p6a intro.
20220921 032234.787 INFO             PET3     ATM-TO-OCN: InitializeIPDv05p6a extro.
20220921 032234.787 INFO             PET3     ATM-TO-LND: InitializeIPDv05p6a intro.
20220921 032234.791 INFO             PET3     ATM-TO-LND: InitializeIPDv05p6a extro.
20220921 032234.791 INFO             PET3     OCN-TO-ATM: InitializeIPDv05p6a intro.
20220921 032234.795 INFO             PET3     OCN-TO-ATM: InitializeIPDv05p6a extro.
20220921 032234.795 INFO             PET3     LND-TO-ATM: InitializeIPDv05p6a intro.
20220921 032234.799 INFO             PET3     LND-TO-ATM: InitializeIPDv05p6a extro.
20220921 032234.799 INFO             PET3     ATM-TO-OCN: InitializeIPDv05p6b intro.
20220921 032234.870 INFO             PET3     ATM-TO-OCN: InitializeIPDv05p6b extro.
20220921 032234.870 INFO             PET3     ATM-TO-LND: InitializeIPDv05p6b intro.
20220921 032234.870 INFO             PET3     ATM-TO-LND: InitializeIPDv05p6b extro.
20220921 032234.871 INFO             PET3     OCN-TO-ATM: InitializeIPDv05p6b intro.
20220921 032234.930 INFO             PET3     OCN-TO-ATM: InitializeIPDv05p6b extro.
20220921 032234.930 INFO             PET3     LND-TO-ATM: InitializeIPDv05p6b intro.
20220921 032234.931 INFO             PET3     LND-TO-ATM: InitializeIPDv05p6b extro.
20220921 032234.931 INFO             PET3     ATM: InitializeIPDvXp07 intro.
20220921 032234.931 INFO             PET3     ATM: InitializeIPDvXp07 extro.
20220921 032234.933 INFO             PET3     LND: InitializeIPDvXp07 intro.
20220921 032234.933 INFO             PET3     LND: InitializeIPDvXp07 extro.
20220921 032234.934 INFO             PET3   esm: InitializeIPDv02p3 extro.
20220921 032234.934 INFO             PET3   esm: InitializeIPDv02p5 intro.
20220921 032234.934 INFO             PET3     esm: InitializeIPDv02p5Data intro.
20220921 032234.935 INFO             PET3       esm: InternalInitializeComplete intro.
20220921 032234.935 INFO             PET3       esm: InternalInitializeComplete extro.
20220921 032234.935 INFO             PET3       ATM: InitializeIPDv01p5 intro.
20220921 032234.935 INFO             PET3       ATM: InitializeIPDv01p5 extro.
20220921 032234.937 INFO             PET3       LND: InitializeIPDv01p5 intro.
20220921 032234.937 INFO             PET3       LND: InitializeIPDv01p5 extro.
20220921 032234.939 INFO             PET3       esm: loopDataDependentInitialize intro.
20220921 032234.939 INFO             PET3       esm: loopDataDependentInitialize extro.
20220921 032234.939 INFO             PET3     esm: InitializeIPDv02p5Data extro.
20220921 032234.939 INFO             PET3   esm: InitializeIPDv02p5 extro.
20220921 032234.939 INFO             PET3 esm: InitializeP1 extro.
20220921 032234.939 INFO             PET3 esm: Run intro.
20220921 032234.939 INFO             PET3   >>>esm entered Run (phase=RunPhase1) with current time: 2010  6  1  0  0  0   0
20220921 032234.939 INFO             PET3   esm: after lable_SetRunClock, current time: 2010  6  1  0  0  0   0
20220921 032234.939 INFO             PET3   esm: begin -------> RunSequence.
20220921 032234.939 INFO             PET3     esm: RunSequence event loopLevel=   1  levelMember=   1  loopIteration=   1, current time: 2010  6  1  0  0  0   0
20220921 032234.939 INFO             PET3     ATM-TO-OCN: Run intro.
20220921 032234.940 INFO             PET3     ATM-TO-OCN: Run extro.
20220921 032234.940 INFO             PET3     OCN-TO-ATM: Run intro.
20220921 032234.940 INFO             PET3     OCN-TO-ATM: Run extro.
20220921 032234.940 INFO             PET3     ATM-TO-LND: Run intro.
20220921 032234.940 INFO             PET3     ATM-TO-LND: Run extro.
20220921 032234.940 INFO             PET3     LND-TO-ATM: Run intro.
20220921 032234.940 INFO             PET3     LND-TO-ATM: Run extro.
20220921 032234.941 INFO             PET3     ATM: Run intro.
20220921 032234.941 INFO             PET3       ------>Advancing ATM from: 2010  6  1  0  0  0   0
20220921 032234.941 INFO             PET3       ---------------------> to: 2010  6  1  0 30  0   0
20220921 032234.941 INFO             PET3     ATM: Run extro.
20220921 032234.941 INFO             PET3     esm: RunSequence event loopLevel=   2  levelMember=   1  loopIteration=   1, current time: 2010  6  1  0  0  0   0
20220921 032234.941 INFO             PET3     ------>Advancing OCN from: 2010  6  1  0  0  0   0
20220921 032234.941 INFO             PET3     ---------------------> to: 2010  6  1  0  5  0   0
20220921 032234.941 INFO             PET3     ------>Advancing OCN from: 2010  6  1  0  5  0   0
20220921 032234.941 INFO             PET3     ---------------------> to: 2010  6  1  0 10  0   0
20220921 032234.941 INFO             PET3     ------>Advancing OCN from: 2010  6  1  0 10  0   0
20220921 032234.941 INFO             PET3     ---------------------> to: 2010  6  1  0 15  0   0
20220921 032234.941 INFO             PET3     ------>Advancing OCN from: 2010  6  1  0 15  0   0
20220921 032234.941 INFO             PET3     ---------------------> to: 2010  6  1  0 20  0   0
20220921 032234.941 INFO             PET3     ------>Advancing OCN from: 2010  6  1  0 20  0   0
20220921 032234.941 INFO             PET3     ---------------------> to: 2010  6  1  0 25  0   0
20220921 032234.941 INFO             PET3     ------>Advancing OCN from: 2010  6  1  0 25  0   0
20220921 032234.941 INFO             PET3     ---------------------> to: 2010  6  1  0 30  0   0
20220921 032234.942 INFO             PET3     LND: Run intro.
20220921 032234.942 INFO             PET3       ------>Advancing LND from: 2010  6  1  0  0  0   0
20220921 032234.942 INFO             PET3       ---------------------> to: 2010  6  1  0  5  0   0
20220921 032234.942 INFO             PET3       ------>Advancing LND from: 2010  6  1  0  5  0   0
20220921 032234.942 INFO             PET3       ---------------------> to: 2010  6  1  0 10  0   0
20220921 032234.942 INFO             PET3       ------>Advancing LND from: 2010  6  1  0 10  0   0
20220921 032234.942 INFO             PET3       ---------------------> to: 2010  6  1  0 15  0   0
20220921 032234.942 INFO             PET3       ------>Advancing LND from: 2010  6  1  0 15  0   0
20220921 032234.942 INFO             PET3       ---------------------> to: 2010  6  1  0 20  0   0
20220921 032234.942 INFO             PET3       ------>Advancing LND from: 2010  6  1  0 20  0   0
20220921 032234.942 INFO             PET3       ---------------------> to: 2010  6  1  0 25  0   0
20220921 032234.942 INFO             PET3       ------>Advancing LND from: 2010  6  1  0 25  0   0
20220921 032234.942 INFO             PET3       ---------------------> to: 2010  6  1  0 30  0   0
20220921 032234.942 INFO             PET3     LND: Run extro.
20220921 032234.942 INFO             PET3     esm: RunSequence event loopLevel=   1  levelMember=   1  loopIteration=   2, current time: 2010  6  1  0 30  0   0
20220921 032234.942 INFO             PET3     ATM-TO-OCN: Run intro.
20220921 032234.943 INFO             PET3     ATM-TO-OCN: Run extro.
20220921 032234.943 INFO             PET3     OCN-TO-ATM: Run intro.
20220921 032234.943 INFO             PET3     OCN-TO-ATM: Run extro.
20220921 032234.943 INFO             PET3     ATM-TO-LND: Run intro.
20220921 032234.943 INFO             PET3     ATM-TO-LND: Run extro.
20220921 032234.943 INFO             PET3     LND-TO-ATM: Run intro.
20220921 032234.943 INFO             PET3     LND-TO-ATM: Run extro.
20220921 032234.943 INFO             PET3     ATM: Run intro.
20220921 032234.943 INFO             PET3       ------>Advancing ATM from: 2010  6  1  0 30  0   0
20220921 032234.943 INFO             PET3       ---------------------> to: 2010  6  1  1  0  0   0
20220921 032234.943 INFO             PET3     ATM: Run extro.
20220921 032234.944 INFO             PET3     esm: RunSequence event loopLevel=   2  levelMember=   1  loopIteration=   1, current time: 2010  6  1  0 30  0   0
20220921 032234.944 INFO             PET3     ------>Advancing OCN from: 2010  6  1  0 30  0   0
20220921 032234.944 INFO             PET3     ---------------------> to: 2010  6  1  0 35  0   0
20220921 032234.944 INFO             PET3     ------>Advancing OCN from: 2010  6  1  0 35  0   0
20220921 032234.944 INFO             PET3     ---------------------> to: 2010  6  1  0 40  0   0
20220921 032234.944 INFO             PET3     ------>Advancing OCN from: 2010  6  1  0 40  0   0
20220921 032234.944 INFO             PET3     ---------------------> to: 2010  6  1  0 45  0   0
20220921 032234.944 INFO             PET3     ------>Advancing OCN from: 2010  6  1  0 45  0   0
20220921 032234.944 INFO             PET3     ---------------------> to: 2010  6  1  0 50  0   0
20220921 032234.944 INFO             PET3     ------>Advancing OCN from: 2010  6  1  0 50  0   0
20220921 032234.944 INFO             PET3     ---------------------> to: 2010  6  1  0 55  0   0
20220921 032234.944 INFO             PET3     ------>Advancing OCN from: 2010  6  1  0 55  0   0
20220921 032234.944 INFO             PET3     ---------------------> to: 2010  6  1  1  0  0   0
20220921 032234.944 INFO             PET3     LND: Run intro.
20220921 032234.944 INFO             PET3       ------>Advancing LND from: 2010  6  1  0 30  0   0
20220921 032234.944 INFO             PET3       ---------------------> to: 2010  6  1  0 35  0   0
20220921 032234.944 INFO             PET3       ------>Advancing LND from: 2010  6  1  0 35  0   0
20220921 032234.944 INFO             PET3       ---------------------> to: 2010  6  1  0 40  0   0
20220921 032234.944 INFO             PET3       ------>Advancing LND from: 2010  6  1  0 40  0   0
20220921 032234.944 INFO             PET3       ---------------------> to: 2010  6  1  0 45  0   0
20220921 032234.944 INFO             PET3       ------>Advancing LND from: 2010  6  1  0 45  0   0
20220921 032234.944 INFO             PET3       ---------------------> to: 2010  6  1  0 50  0   0
20220921 032234.944 INFO             PET3       ------>Advancing LND from: 2010  6  1  0 50  0   0
20220921 032234.944 INFO             PET3       ---------------------> to: 2010  6  1  0 55  0   0
20220921 032234.944 INFO             PET3       ------>Advancing LND from: 2010  6  1  0 55  0   0
20220921 032234.944 INFO             PET3       ---------------------> to: 2010  6  1  1  0  0   0
20220921 032234.945 INFO             PET3     LND: Run extro.
20220921 032234.945 INFO             PET3   esm: end <--------- RunSequence
20220921 032234.945 INFO             PET3   <<<esm - leaving Run with current time: 2010  6  1  1  0  0   0
20220921 032234.945 INFO             PET3 esm: Run extro.
20220921 032234.945 INFO             PET3 esm: Finalize intro.
20220921 032234.945 INFO             PET3   ATM-TO-OCN: Finalize intro.
20220921 032234.945 INFO             PET3   ATM-TO-OCN: Finalize extro.
20220921 032234.945 INFO             PET3   ATM-TO-LND: Finalize intro.
20220921 032234.945 INFO             PET3   ATM-TO-LND: Finalize extro.
20220921 032234.945 INFO             PET3   OCN-TO-ATM: Finalize intro.
20220921 032234.945 INFO             PET3   OCN-TO-ATM: Finalize extro.
20220921 032234.945 INFO             PET3   LND-TO-ATM: Finalize intro.
20220921 032234.945 INFO             PET3   LND-TO-ATM: Finalize extro.
20220921 032234.945 INFO             PET3   ATM: Finalize intro.
20220921 032234.945 INFO             PET3   ATM: Finalize extro.
20220921 032234.945 INFO             PET3   LND: Finalize intro.
20220921 032234.945 INFO             PET3   LND: Finalize extro.
20220921 032234.946 INFO             PET3 esm: Finalize extro.
20220921 032234.946 INFO             PET3 esmApp FINISHED
20220921 032234.946 INFO             PET3 Finalizing ESMF
