2022-08-29 03:48:08
20220829 081134.565 INFO             PET0 !!!!!!!!!!!!!!!!!!!!!!!!!!!!!!!!!!!!!!!!!!!!!!!!!!!!!!
20220829 081134.565 INFO             PET0 !!! THE ESMF_LOG IS SET TO OUTPUT ALL LOG MESSAGES !!!
20220829 081134.565 INFO             PET0 !!!     THIS MAY CAUSE SLOWDOWN IN PERFORMANCE     !!!
20220829 081134.565 INFO             PET0 !!! FOR PRODUCTION RUNS, USE:                      !!!
20220829 081134.565 INFO             PET0 !!!                   ESMF_LOGKIND_Multi_On_Error  !!!
20220829 081134.565 INFO             PET0 !!!!!!!!!!!!!!!!!!!!!!!!!!!!!!!!!!!!!!!!!!!!!!!!!!!!!!
20220829 081134.565 INFO             PET0 Running with ESMF Version   : v8.3.1b05
20220829 081134.565 INFO             PET0 ESMF library build date/time: "Aug 29 2022" "03:46:36"
20220829 081134.565 INFO             PET0 ESMF library build location : /global/cscratch1/sd/rsdunlap/esmf-testing/intel_19.1.2_mpiuni_g_patch_8.3.1/esmf
20220829 081134.565 INFO             PET0 ESMF_COMM                   : mpiuni
20220829 081134.567 INFO             PET0 ESMF_MOAB                   : enabled
20220829 081134.567 INFO             PET0 ESMF_LAPACK                 : enabled
20220829 081134.567 INFO             PET0 ESMF_NETCDF                 : enabled
20220829 081134.567 INFO             PET0 ESMF_PNETCDF                : disabled
20220829 081134.567 INFO             PET0 ESMF_PIO                    : disabled
20220829 081134.567 INFO             PET0 ESMF_YAMLCPP                : enabled
20220829 081134.573 INFO             PET0 ESMF_FieldRedistStoreNF(): Just entered routine.
20220829 081134.652 INFO             PET0 ESMF_FieldRedistStoreNF(): Leaving routine.
20220829 081134.659 INFO             PET0  NUMBER_OF_PROCESSORS           1
20220829 081134.660 INFO             PET0  PASS  Example ESMF_RHandleFromFileEx, ESMF_RHandleFromFileEx.F90, line 192
20220829 081134.660 INFO             PET0 Finalizing ESMF
