2022-08-28 02:00:44
20220828 051000.943 INFO             PET0 !!!!!!!!!!!!!!!!!!!!!!!!!!!!!!!!!!!!!!!!!!!!!!!!!!!!!!
20220828 051000.943 INFO             PET0 !!! THE ESMF_LOG IS SET TO OUTPUT ALL LOG MESSAGES !!!
20220828 051000.943 INFO             PET0 !!!     THIS MAY CAUSE SLOWDOWN IN PERFORMANCE     !!!
20220828 051000.943 INFO             PET0 !!! FOR PRODUCTION RUNS, USE:                      !!!
20220828 051000.943 INFO             PET0 !!!                   ESMF_LOGKIND_Multi_On_Error  !!!
20220828 051000.943 INFO             PET0 !!!!!!!!!!!!!!!!!!!!!!!!!!!!!!!!!!!!!!!!!!!!!!!!!!!!!!
20220828 051000.943 INFO             PET0 Running with ESMF Version   : v8.3.1b05
20220828 051000.943 INFO             PET0 ESMF library build date/time: "Aug 28 2022" "01:59:01"
20220828 051000.943 INFO             PET0 ESMF library build location : /lustre/f2/dev/Mark.Potts/esmf-test/intel_2019.5_mpiuni_g_patch_8.3.1/esmf
20220828 051000.943 INFO             PET0 ESMF_COMM                   : mpiuni
20220828 051000.944 INFO             PET0 ESMF_MOAB                   : enabled
20220828 051000.944 INFO             PET0 ESMF_LAPACK                 : enabled
20220828 051000.944 INFO             PET0 ESMF_NETCDF                 : enabled
20220828 051000.944 INFO             PET0 ESMF_PNETCDF                : disabled
20220828 051000.944 INFO             PET0 ESMF_PIO                    : disabled
20220828 051000.944 INFO             PET0 ESMF_YAMLCPP                : enabled
20220828 051000.945 INFO             PET0  NUMBER_OF_PROCESSORS           1
20220828 051000.945 INFO             PET0  PASS  Example ESMF_VMAllFullReduceEx, ESMF_VMAllFullReduceEx.F90, line 113
20220828 051000.945 INFO             PET0 Finalizing ESMF
