2022-09-02 00:45:54
20220902 022027.963 INFO             PET0 !!!!!!!!!!!!!!!!!!!!!!!!!!!!!!!!!!!!!!!!!!!!!!!!!!!!!!
20220902 022027.963 INFO             PET0 !!! THE ESMF_LOG IS SET TO OUTPUT ALL LOG MESSAGES !!!
20220902 022027.963 INFO             PET0 !!!     THIS MAY CAUSE SLOWDOWN IN PERFORMANCE     !!!
20220902 022027.963 INFO             PET0 !!! FOR PRODUCTION RUNS, USE:                      !!!
20220902 022027.963 INFO             PET0 !!!                   ESMF_LOGKIND_Multi_On_Error  !!!
20220902 022027.963 INFO             PET0 !!!!!!!!!!!!!!!!!!!!!!!!!!!!!!!!!!!!!!!!!!!!!!!!!!!!!!
20220902 022027.963 INFO             PET0 Running with ESMF Version   : v8.4.0b11-5-g9c3ff92895
20220902 022027.963 INFO             PET0 ESMF library build date/time: "Sep  2 2022" "00:44:26"
20220902 022027.963 INFO             PET0 ESMF library build location : /lustre/f2/dev/Mark.Potts/esmf-test/gfortran_8.3.0_mpi_O_develop/esmf
20220902 022027.963 INFO             PET0 ESMF_COMM                   : mpi
20220902 022027.964 INFO             PET0 ESMF_MOAB                   : enabled
20220902 022027.964 INFO             PET0 ESMF_LAPACK                 : enabled
20220902 022027.964 INFO             PET0 ESMF_NETCDF                 : enabled
20220902 022027.964 INFO             PET0 ESMF_PNETCDF                : disabled
20220902 022027.964 INFO             PET0 ESMF_PIO                    : enabled
20220902 022027.964 INFO             PET0 ESMF_YAMLCPP                : enabled
20220902 022027.966 INFO             PET0  NUMBER_OF_PROCESSORS           4
20220902 022027.967 INFO             PET0  PASS  Example ESMF_VMUserMpiCommMultiEx, ESMF_VMUserMpiCommMultiEx.F90, line 126
20220902 022027.967 INFO             PET0 Finalizing ESMF
20220902 022027.968 INFO             PET0 !!!!!!!!!!!!!!!!!!!!!!!!!!!!!!!!!!!!!!!!!!!!!!!!!!!!!!
20220902 022027.968 INFO             PET0 !!! THE ESMF_LOG IS SET TO OUTPUT ALL LOG MESSAGES !!!
20220902 022027.968 INFO             PET0 !!!     THIS MAY CAUSE SLOWDOWN IN PERFORMANCE     !!!
20220902 022027.968 INFO             PET0 !!! FOR PRODUCTION RUNS, USE:                      !!!
20220902 022027.968 INFO             PET0 !!!                   ESMF_LOGKIND_Multi_On_Error  !!!
20220902 022027.968 INFO             PET0 !!!!!!!!!!!!!!!!!!!!!!!!!!!!!!!!!!!!!!!!!!!!!!!!!!!!!!
20220902 022027.968 INFO             PET0 Running with ESMF Version   : v8.4.0b11-5-g9c3ff92895
20220902 022027.968 INFO             PET0 ESMF library build date/time: "Sep  2 2022" "00:44:26"
20220902 022027.968 INFO             PET0 ESMF library build location : /lustre/f2/dev/Mark.Potts/esmf-test/gfortran_8.3.0_mpi_O_develop/esmf
20220902 022027.968 INFO             PET0 ESMF_COMM                   : mpi
20220902 022027.968 INFO             PET0 ESMF_MOAB                   : enabled
20220902 022027.968 INFO             PET0 ESMF_LAPACK                 : enabled
20220902 022027.968 INFO             PET0 ESMF_NETCDF                 : enabled
20220902 022027.968 INFO             PET0 ESMF_PNETCDF                : disabled
20220902 022027.968 INFO             PET0 ESMF_PIO                    : enabled
20220902 022027.968 INFO             PET0 ESMF_YAMLCPP                : enabled
20220902 022027.969 INFO             PET0  NUMBER_OF_PROCESSORS           4
20220902 022027.969 INFO             PET0  PASS  Example ESMF_VMUserMpiCommMultiEx, ESMF_VMUserMpiCommMultiEx.F90, line 154
20220902 022027.969 INFO             PET0 Finalizing ESMF
20220902 022027.963 INFO             PET1 !!!!!!!!!!!!!!!!!!!!!!!!!!!!!!!!!!!!!!!!!!!!!!!!!!!!!!
20220902 022027.963 INFO             PET1 !!! THE ESMF_LOG IS SET TO OUTPUT ALL LOG MESSAGES !!!
20220902 022027.963 INFO             PET1 !!!     THIS MAY CAUSE SLOWDOWN IN PERFORMANCE     !!!
20220902 022027.963 INFO             PET1 !!! FOR PRODUCTION RUNS, USE:                      !!!
20220902 022027.963 INFO             PET1 !!!                   ESMF_LOGKIND_Multi_On_Error  !!!
20220902 022027.963 INFO             PET1 !!!!!!!!!!!!!!!!!!!!!!!!!!!!!!!!!!!!!!!!!!!!!!!!!!!!!!
20220902 022027.963 INFO             PET1 Running with ESMF Version   : v8.4.0b11-5-g9c3ff92895
20220902 022027.963 INFO             PET1 ESMF library build date/time: "Sep  2 2022" "00:44:26"
20220902 022027.963 INFO             PET1 ESMF library build location : /lustre/f2/dev/Mark.Potts/esmf-test/gfortran_8.3.0_mpi_O_develop/esmf
20220902 022027.963 INFO             PET1 ESMF_COMM                   : mpi
20220902 022027.964 INFO             PET1 ESMF_MOAB                   : enabled
20220902 022027.964 INFO             PET1 ESMF_LAPACK                 : enabled
20220902 022027.964 INFO             PET1 ESMF_NETCDF                 : enabled
20220902 022027.964 INFO             PET1 ESMF_PNETCDF                : disabled
20220902 022027.964 INFO             PET1 ESMF_PIO                    : enabled
20220902 022027.964 INFO             PET1 ESMF_YAMLCPP                : enabled
20220902 022027.966 INFO             PET1  NUMBER_OF_PROCESSORS           4
20220902 022027.967 INFO             PET1  PASS  Example ESMF_VMUserMpiCommMultiEx, ESMF_VMUserMpiCommMultiEx.F90, line 126
20220902 022027.967 INFO             PET1 Finalizing ESMF
20220902 022027.969 INFO             PET1 !!!!!!!!!!!!!!!!!!!!!!!!!!!!!!!!!!!!!!!!!!!!!!!!!!!!!!
20220902 022027.969 INFO             PET1 !!! THE ESMF_LOG IS SET TO OUTPUT ALL LOG MESSAGES !!!
20220902 022027.969 INFO             PET1 !!!     THIS MAY CAUSE SLOWDOWN IN PERFORMANCE     !!!
20220902 022027.969 INFO             PET1 !!! FOR PRODUCTION RUNS, USE:                      !!!
20220902 022027.969 INFO             PET1 !!!                   ESMF_LOGKIND_Multi_On_Error  !!!
20220902 022027.969 INFO             PET1 !!!!!!!!!!!!!!!!!!!!!!!!!!!!!!!!!!!!!!!!!!!!!!!!!!!!!!
20220902 022027.969 INFO             PET1 Running with ESMF Version   : v8.4.0b11-5-g9c3ff92895
20220902 022027.969 INFO             PET1 ESMF library build date/time: "Sep  2 2022" "00:44:26"
20220902 022027.969 INFO             PET1 ESMF library build location : /lustre/f2/dev/Mark.Potts/esmf-test/gfortran_8.3.0_mpi_O_develop/esmf
20220902 022027.969 INFO             PET1 ESMF_COMM                   : mpi
20220902 022027.969 INFO             PET1 ESMF_MOAB                   : enabled
20220902 022027.969 INFO             PET1 ESMF_LAPACK                 : enabled
20220902 022027.969 INFO             PET1 ESMF_NETCDF                 : enabled
20220902 022027.969 INFO             PET1 ESMF_PNETCDF                : disabled
20220902 022027.969 INFO             PET1 ESMF_PIO                    : enabled
20220902 022027.969 INFO             PET1 ESMF_YAMLCPP                : enabled
20220902 022027.969 INFO             PET1  NUMBER_OF_PROCESSORS           4
20220902 022027.969 INFO             PET1  PASS  Example ESMF_VMUserMpiCommMultiEx, ESMF_VMUserMpiCommMultiEx.F90, line 154
20220902 022027.969 INFO             PET1 Finalizing ESMF
