2022-09-10 02:39:24
[1662796862.213530] [Orion-25-17:273186:0]       ib_verbs.h:84   UCX  ERROR ibv_exp_query_device(mlx5_0) returned 38: No space left on device
[1662796862.220105] [Orion-25-17:273188:0]       ib_verbs.h:84   UCX  ERROR ibv_exp_query_device(mlx5_0) returned 38: No space left on device
[1662796862.221856] [Orion-25-17:273187:0]       ib_verbs.h:84   UCX  ERROR ibv_exp_query_device(mlx5_0) returned 38: No space left on device
[1662796862.221896] [Orion-25-17:273185:0]       ib_verbs.h:84   UCX  ERROR ibv_exp_query_device(mlx5_0) returned 38: No space left on device
 Somewhat of a SILLY @$^@_ label
 finalCalculation               
 Somewhat of a SILLY @$^@_ label
 finalCalculation               
 dummy output from attached method 
 Somewhat of a SILLY @$^@_ label
 finalCalculation               
 dummy output from attached method 
 Somewhat of a SILLY @$^@_ label
 finalCalculation               
 dummy output from attached method 
 dummy output from attached method 
  PASS  Example ESMF_AttachMethodsEx, ESMF_AttachMethodsEx.F90, line 292
  PASS  Example ESMF_AttachMethodsEx, ESMF_AttachMethodsEx.F90, line 292
  PASS  Example ESMF_AttachMethodsEx, ESMF_AttachMethodsEx.F90, line 292
  PASS  Example ESMF_AttachMethodsEx, ESMF_AttachMethodsEx.F90, line 292
 PASS: ESMF_AttachMethodsEx.F90
 PASS: ESMF_AttachMethodsEx.F90
 PASS: ESMF_AttachMethodsEx.F90
 PASS: ESMF_AttachMethodsEx.F90
