2022-09-20 04:29:46
20220920 045643.584 INFO             PET0 !!!!!!!!!!!!!!!!!!!!!!!!!!!!!!!!!!!!!!!!!!!!!!!!!!!!!!
20220920 045643.584 INFO             PET0 !!! THE ESMF_LOG IS SET TO OUTPUT ALL LOG MESSAGES !!!
20220920 045643.584 INFO             PET0 !!!     THIS MAY CAUSE SLOWDOWN IN PERFORMANCE     !!!
20220920 045643.584 INFO             PET0 !!! FOR PRODUCTION RUNS, USE:                      !!!
20220920 045643.584 INFO             PET0 !!!                   ESMF_LOGKIND_Multi_On_Error  !!!
20220920 045643.584 INFO             PET0 !!!!!!!!!!!!!!!!!!!!!!!!!!!!!!!!!!!!!!!!!!!!!!!!!!!!!!
20220920 045643.584 INFO             PET0 Running with ESMF Version   : v8.3.1
20220920 045643.584 INFO             PET0 ESMF library build date/time: "Sep 20 2022" "04:27:50"
20220920 045643.584 INFO             PET0 ESMF library build location : /glade/scratch/dunlap/esmf-testing/gfortran_10.1.0_mpt_O_v8.3.1/esmf
20220920 045643.584 INFO             PET0 ESMF_COMM                   : mpt
20220920 045643.585 INFO             PET0 ESMF_MOAB                   : enabled
20220920 045643.585 INFO             PET0 ESMF_LAPACK                 : enabled
20220920 045643.585 INFO             PET0 ESMF_NETCDF                 : enabled
20220920 045643.585 INFO             PET0 ESMF_PNETCDF                : disabled
20220920 045643.585 INFO             PET0 ESMF_PIO                    : enabled
20220920 045643.585 INFO             PET0 ESMF_YAMLCPP                : enabled
20220920 045643.620 DEBUG            PET0 about to destroy Grid: 0x24a6e30
20220920 045643.624 DEBUG            PET0 about to destroy Grid: 0x24aa7c0
20220920 045643.634 INFO             PET0  NUMBER_OF_PROCESSORS           4
20220920 045643.634 INFO             PET0  PASS  Example ESMF_NUOPCAtmModelEx, ESMF_NUOPCAtmModelEx.F90, line 806
20220920 045643.634 INFO             PET0 Finalizing ESMF
20220920 045643.584 INFO             PET1 !!!!!!!!!!!!!!!!!!!!!!!!!!!!!!!!!!!!!!!!!!!!!!!!!!!!!!
20220920 045643.584 INFO             PET1 !!! THE ESMF_LOG IS SET TO OUTPUT ALL LOG MESSAGES !!!
20220920 045643.584 INFO             PET1 !!!     THIS MAY CAUSE SLOWDOWN IN PERFORMANCE     !!!
20220920 045643.584 INFO             PET1 !!! FOR PRODUCTION RUNS, USE:                      !!!
20220920 045643.584 INFO             PET1 !!!                   ESMF_LOGKIND_Multi_On_Error  !!!
20220920 045643.584 INFO             PET1 !!!!!!!!!!!!!!!!!!!!!!!!!!!!!!!!!!!!!!!!!!!!!!!!!!!!!!
20220920 045643.584 INFO             PET1 Running with ESMF Version   : v8.3.1
20220920 045643.584 INFO             PET1 ESMF library build date/time: "Sep 20 2022" "04:27:50"
20220920 045643.584 INFO             PET1 ESMF library build location : /glade/scratch/dunlap/esmf-testing/gfortran_10.1.0_mpt_O_v8.3.1/esmf
20220920 045643.584 INFO             PET1 ESMF_COMM                   : mpt
20220920 045643.584 INFO             PET1 ESMF_MOAB                   : enabled
20220920 045643.584 INFO             PET1 ESMF_LAPACK                 : enabled
20220920 045643.584 INFO             PET1 ESMF_NETCDF                 : enabled
20220920 045643.584 INFO             PET1 ESMF_PNETCDF                : disabled
20220920 045643.584 INFO             PET1 ESMF_PIO                    : enabled
20220920 045643.584 INFO             PET1 ESMF_YAMLCPP                : enabled
20220920 045643.620 DEBUG            PET1 about to destroy Grid: 0x24a9450
20220920 045643.624 DEBUG            PET1 about to destroy Grid: 0x24aa8e0
20220920 045643.634 INFO             PET1  NUMBER_OF_PROCESSORS           4
20220920 045643.634 INFO             PET1  PASS  Example ESMF_NUOPCAtmModelEx, ESMF_NUOPCAtmModelEx.F90, line 806
20220920 045643.634 INFO             PET1 Finalizing ESMF
20220920 045643.584 INFO             PET2 !!!!!!!!!!!!!!!!!!!!!!!!!!!!!!!!!!!!!!!!!!!!!!!!!!!!!!
20220920 045643.584 INFO             PET2 !!! THE ESMF_LOG IS SET TO OUTPUT ALL LOG MESSAGES !!!
20220920 045643.584 INFO             PET2 !!!     THIS MAY CAUSE SLOWDOWN IN PERFORMANCE     !!!
20220920 045643.584 INFO             PET2 !!! FOR PRODUCTION RUNS, USE:                      !!!
20220920 045643.584 INFO             PET2 !!!                   ESMF_LOGKIND_Multi_On_Error  !!!
20220920 045643.584 INFO             PET2 !!!!!!!!!!!!!!!!!!!!!!!!!!!!!!!!!!!!!!!!!!!!!!!!!!!!!!
20220920 045643.584 INFO             PET2 Running with ESMF Version   : v8.3.1
20220920 045643.584 INFO             PET2 ESMF library build date/time: "Sep 20 2022" "04:27:50"
20220920 045643.584 INFO             PET2 ESMF library build location : /glade/scratch/dunlap/esmf-testing/gfortran_10.1.0_mpt_O_v8.3.1/esmf
20220920 045643.584 INFO             PET2 ESMF_COMM                   : mpt
20220920 045643.584 INFO             PET2 ESMF_MOAB                   : enabled
20220920 045643.584 INFO             PET2 ESMF_LAPACK                 : enabled
20220920 045643.584 INFO             PET2 ESMF_NETCDF                 : enabled
20220920 045643.584 INFO             PET2 ESMF_PNETCDF                : disabled
20220920 045643.584 INFO             PET2 ESMF_PIO                    : enabled
20220920 045643.584 INFO             PET2 ESMF_YAMLCPP                : enabled
20220920 045643.620 DEBUG            PET2 about to destroy Grid: 0x24a8af0
20220920 045643.624 DEBUG            PET2 about to destroy Grid: 0x24a9f80
20220920 045643.634 INFO             PET2  NUMBER_OF_PROCESSORS           4
20220920 045643.634 INFO             PET2  PASS  Example ESMF_NUOPCAtmModelEx, ESMF_NUOPCAtmModelEx.F90, line 806
20220920 045643.634 INFO             PET2 Finalizing ESMF
20220920 045643.584 INFO             PET3 !!!!!!!!!!!!!!!!!!!!!!!!!!!!!!!!!!!!!!!!!!!!!!!!!!!!!!
20220920 045643.584 INFO             PET3 !!! THE ESMF_LOG IS SET TO OUTPUT ALL LOG MESSAGES !!!
20220920 045643.584 INFO             PET3 !!!     THIS MAY CAUSE SLOWDOWN IN PERFORMANCE     !!!
20220920 045643.584 INFO             PET3 !!! FOR PRODUCTION RUNS, USE:                      !!!
20220920 045643.584 INFO             PET3 !!!                   ESMF_LOGKIND_Multi_On_Error  !!!
20220920 045643.584 INFO             PET3 !!!!!!!!!!!!!!!!!!!!!!!!!!!!!!!!!!!!!!!!!!!!!!!!!!!!!!
20220920 045643.584 INFO             PET3 Running with ESMF Version   : v8.3.1
20220920 045643.584 INFO             PET3 ESMF library build date/time: "Sep 20 2022" "04:27:50"
20220920 045643.584 INFO             PET3 ESMF library build location : /glade/scratch/dunlap/esmf-testing/gfortran_10.1.0_mpt_O_v8.3.1/esmf
20220920 045643.584 INFO             PET3 ESMF_COMM                   : mpt
20220920 045643.584 INFO             PET3 ESMF_MOAB                   : enabled
20220920 045643.584 INFO             PET3 ESMF_LAPACK                 : enabled
20220920 045643.584 INFO             PET3 ESMF_NETCDF                 : enabled
20220920 045643.584 INFO             PET3 ESMF_PNETCDF                : disabled
20220920 045643.584 INFO             PET3 ESMF_PIO                    : enabled
20220920 045643.584 INFO             PET3 ESMF_YAMLCPP                : enabled
20220920 045643.620 DEBUG            PET3 about to destroy Grid: 0x24a8c70
20220920 045643.624 DEBUG            PET3 about to destroy Grid: 0x24a9b10
20220920 045643.634 INFO             PET3  NUMBER_OF_PROCESSORS           4
20220920 045643.634 INFO             PET3  PASS  Example ESMF_NUOPCAtmModelEx, ESMF_NUOPCAtmModelEx.F90, line 806
20220920 045643.634 INFO             PET3 Finalizing ESMF
