2022-08-05 06:57:09
0: ESMF_LogWrite(): ESMF_Log not open -- cannot ESMF_LogWrite().  Log message = 
0: epochInit
1: ESMF_LogWrite(): ESMF_Log not open -- cannot ESMF_LogWrite().  Log message = 
1: epochInit
2: ESMF_LogWrite(): ESMF_Log not open -- cannot ESMF_LogWrite().  Log message = 
2: epochInit
3: ESMF_LogWrite(): ESMF_Log not open -- cannot ESMF_LogWrite().  Log message = 
3: epochInit
1: recvData for PET            1 :            0
1: recvData for PET            1 :            0
2: recvData for PET            2 :            0
2: recvData for PET            2 :            0
2: recvData for PET            2 :            0
2: recvData for PET            2 :            0
2: recvData for PET            2 :            0
2: recvData for PET            2 :            0
2: recvData for PET            2 :            0
2: recvData for PET            2 :            0
2: recvData for PET            2 :            0
2: recvData for PET            2 :            0
1: recvData for PET            1 :            0
1: recvData for PET            1 :            0
1: recvData for PET            1 :            0
1: recvData for PET            1 :            0
1: recvData for PET            1 :            0
1: recvData for PET            1 :            0
1: recvData for PET            1 :            0
1: recvData for PET            1 :            0
1: recvData for PET            1 :            0
1: recvData for PET            1 :            0
1: recvData for PET            1 :            0
1: recvData for PET            1 :            0
1: recvData for PET            1 :            0
1: recvData for PET            1 :            0
1: recvData for PET            1 :            0
1: recvData for PET            1 :            0
1: recvData for PET            1 :            0
1: recvData for PET            1 :            0
2: recvData for PET            2 :            0
2: recvData for PET            2 :            0
2: recvData for PET            2 :            0
2: recvData for PET            2 :            0
2: recvData for PET            2 :            0
2: recvData for PET            2 :            0
2: recvData for PET            2 :            0
2: recvData for PET            2 :            0
2: recvData for PET            2 :            0
2: recvData for PET            2 :            0
2: recvData for PET            2 :            0
2: recvData for PET            2 :            0
2: recvData for PET            2 :            0
2: recvData for PET            2 :            0
2: recvData for PET            2 :            0
2: recvData for PET            2 :            0
2: recvData for PET            2 :            0
1: recvData for PET            1 :            0
1: recvData for PET            1 :            0
1: recvData for PET            1 :            0
1: recvData for PET            1 :            0
1: recvData for PET            1 :            0
1: recvData for PET            1 :            0
1: recvData for PET            1 :            0
1: recvData for PET            1 :            0
1: recvData for PET            1 :            0
1: recvData for PET            1 :            0
1: recvData for PET            1 :            0
1: recvData for PET            1 :            0
2: recvData for PET            2 :            0
2: recvData for PET            2 :            0
2: recvData for PET            2 :            0
2: recvData for PET            2 :            0
2: recvData for PET            2 :            0
2: recvData for PET            2 :            0
2: recvData for PET            2 :            0
2: recvData for PET            2 :            0
2: recvData for PET            2 :            0
2: recvData for PET            2 :            0
2: recvData for PET            2 :            0
2: recvData for PET            2 :            0
1: recvData for PET            1 :            0
1: recvData for PET            1 :            0
1: recvData for PET            1 :            0
1: recvData for PET            1 :            0
1: recvData for PET            1 :            0
1: recvData for PET            1 :            0
1: recvData for PET            1 :            0
1: recvData for PET            1 :            0
2: recvData for PET            2 :            0
0: recvData for PET            0 :            0
0: recvData for PET            0 :            0
0: recvData for PET            0 :            0
1:  PASS  Example ESMF_VMHigherRankDataEx, ESMF_VMHigherRankDataEx.F90, line 140
2:  PASS  Example ESMF_VMHigherRankDataEx, ESMF_VMHigherRankDataEx.F90, line 140
3: recvData for PET            3 :            1
3: recvData for PET            3 :            2
3: recvData for PET            3 :            3
3: recvData for PET            3 :            4
3: recvData for PET            3 :            5
3: recvData for PET            3 :            6
3: recvData for PET            3 :            7
3: recvData for PET            3 :            8
3: recvData for PET            3 :            9
3: recvData for PET            3 :           10
3: recvData for PET            3 :            0
3: recvData for PET            3 :            0
3: recvData for PET            3 :            0
3: recvData for PET            3 :            0
0: recvData for PET            0 :            0
0: recvData for PET            0 :            0
0: recvData for PET            0 :            0
0: recvData for PET            0 :            0
0: recvData for PET            0 :            0
0: recvData for PET            0 :            0
0: recvData for PET            0 :            0
0: recvData for PET            0 :            0
0: recvData for PET            0 :            0
0: recvData for PET            0 :            0
0: recvData for PET            0 :            0
0: recvData for PET            0 :            0
0: recvData for PET            0 :            0
0: recvData for PET            0 :            0
0: recvData for PET            0 :            0
0: recvData for PET            0 :            0
0: recvData for PET            0 :            0
0: recvData for PET            0 :            0
0: recvData for PET            0 :            0
0: recvData for PET            0 :            0
0: recvData for PET            0 :            0
3: recvData for PET            3 :            0
3: recvData for PET            3 :            0
3: recvData for PET            3 :            0
3: recvData for PET            3 :            0
3: recvData for PET            3 :            0
3: recvData for PET            3 :            0
3: recvData for PET            3 :            0
3: recvData for PET            3 :            0
3: recvData for PET            3 :            0
3: recvData for PET            3 :            0
3: recvData for PET            3 :            0
3: recvData for PET            3 :            0
3: recvData for PET            3 :            0
3: recvData for PET            3 :            0
0: recvData for PET            0 :            0
0: recvData for PET            0 :            0
0: recvData for PET            0 :            0
0: recvData for PET            0 :            0
0: recvData for PET            0 :            0
0: recvData for PET            0 :            0
0: recvData for PET            0 :            0
0: recvData for PET            0 :            0
0: recvData for PET            0 :            0
0: recvData for PET            0 :            0
0: recvData for PET            0 :            0
3: recvData for PET            3 :            0
3: recvData for PET            3 :            0
3: recvData for PET            3 :            0
3: recvData for PET            3 :            0
3: recvData for PET            3 :            0
3: recvData for PET            3 :            0
3: recvData for PET            3 :            0
3: recvData for PET            3 :            0
3: recvData for PET            3 :            0
3: recvData for PET            3 :            0
3: recvData for PET            3 :            0
0: recvData for PET            0 :            0
0: recvData for PET            0 :            0
0: recvData for PET            0 :            0
0: recvData for PET            0 :            0
0: recvData for PET            0 :            0
3: recvData for PET            3 :            0
0:  PASS  Example ESMF_VMHigherRankDataEx, ESMF_VMHigherRankDataEx.F90, line 140
3:  PASS  Example ESMF_VMHigherRankDataEx, ESMF_VMHigherRankDataEx.F90, line 140
1: PASS: ESMF_VMHigherRankDataEx.F90
2: PASS: ESMF_VMHigherRankDataEx.F90
0: PASS: ESMF_VMHigherRankDataEx.F90
3: PASS: ESMF_VMHigherRankDataEx.F90
