2022-08-07 04:16:29
20220807 051159.368 INFO             PET0 !!!!!!!!!!!!!!!!!!!!!!!!!!!!!!!!!!!!!!!!!!!!!!!!!!!!!!
20220807 051159.368 INFO             PET0 !!! THE ESMF_LOG IS SET TO OUTPUT ALL LOG MESSAGES !!!
20220807 051159.368 INFO             PET0 !!!     THIS MAY CAUSE SLOWDOWN IN PERFORMANCE     !!!
20220807 051159.368 INFO             PET0 !!! FOR PRODUCTION RUNS, USE:                      !!!
20220807 051159.368 INFO             PET0 !!!                   ESMF_LOGKIND_Multi_On_Error  !!!
20220807 051159.368 INFO             PET0 !!!!!!!!!!!!!!!!!!!!!!!!!!!!!!!!!!!!!!!!!!!!!!!!!!!!!!
20220807 051159.368 INFO             PET0 Running with ESMF Version   : v8.3.0b17-30-g0de4558e1e
20220807 051159.368 INFO             PET0 ESMF library build date/time: "Aug  7 2022" "04:14:07"
20220807 051159.368 INFO             PET0 ESMF library build location : /lfs4/HFIP/hfv3gfs/Mark.Potts/esmf-tests/intel_2020.2_intelmpi_g_feature_large-messages/esmf
20220807 051159.368 INFO             PET0 ESMF_COMM                   : intelmpi
20220807 051159.369 INFO             PET0 ESMF_MOAB                   : enabled
20220807 051159.369 INFO             PET0 ESMF_LAPACK                 : enabled
20220807 051159.369 INFO             PET0 ESMF_NETCDF                 : enabled
20220807 051159.369 INFO             PET0 ESMF_PNETCDF                : disabled
20220807 051159.369 INFO             PET0 ESMF_PIO                    : enabled
20220807 051159.369 INFO             PET0 ESMF_YAMLCPP                : enabled
20220807 051159.372 DEBUG            PET0 VMK::recv():4898, size=7200 in 1 chunks
20220807 051159.372 DEBUG            PET0 VMK::send():4407, size=7200 in 1 chunks
20220807 051159.372 DEBUG            PET0 VMK::send():4407, size=7200 in 1 chunks
20220807 051159.373 DEBUG            PET0 VMK::send():4407, size=4800 in 1 chunks
20220807 051159.373 DEBUG            PET0 VMK::send():4407, size=4800 in 1 chunks
20220807 051159.373 DEBUG            PET0 VMK::send():4407, size=7200 in 1 chunks
20220807 051159.373 DEBUG            PET0 VMK::recv():4898, size=64 in 1 chunks
20220807 051159.373 DEBUG            PET0 VMK::recv():4898, size=64 in 1 chunks
20220807 051159.373 DEBUG            PET0 VMK::send():4407, size=64 in 1 chunks
20220807 051159.373 DEBUG            PET0 VMK::send():4407, size=64 in 1 chunks
20220807 051159.374 DEBUG            PET0 VMK::send():4407, size=64 in 1 chunks
20220807 051159.374 DEBUG            PET0 VMK::send():4407, size=64 in 1 chunks
20220807 051159.374 DEBUG            PET0 VMK::send():4407, size=64 in 1 chunks
20220807 051159.374 DEBUG            PET0 VMK::send():4407, size=64 in 1 chunks
20220807 051159.374 DEBUG            PET0 VMK::recv():4898, size=240 in 1 chunks
20220807 051159.374 DEBUG            PET0 VMK::send():4407, size=240 in 1 chunks
20220807 051159.374 DEBUG            PET0 VMK::send():4407, size=240 in 1 chunks
20220807 051159.374 DEBUG            PET0 VMK::send():4407, size=240 in 1 chunks
20220807 051159.374 DEBUG            PET0 VMK::send():4407, size=240 in 1 chunks
20220807 051159.376 DEBUG            PET0 VMK::send():4407, size=240 in 1 chunks
20220807 051159.377 DEBUG            PET0 VMK::recv():4898, size=240 in 1 chunks
20220807 051159.377 DEBUG            PET0 VMK::recv():4898, size=240 in 1 chunks
20220807 051159.377 DEBUG            PET0 VMK::recv():4898, size=240 in 1 chunks
20220807 051159.377 DEBUG            PET0 VMK::recv():4898, size=240 in 1 chunks
20220807 051159.379 DEBUG            PET0 VMK::send():4407, size=240 in 1 chunks
20220807 051159.379 DEBUG            PET0 VMK::recv():4898, size=240 in 1 chunks
20220807 051159.379 DEBUG            PET0 VMK::recv():4898, size=240 in 1 chunks
20220807 051159.379 DEBUG            PET0 VMK::recv():4898, size=240 in 1 chunks
20220807 051159.379 DEBUG            PET0 VMK::recv():4898, size=240 in 1 chunks
20220807 051159.380 INFO             PET0  NUMBER_OF_PROCESSORS           4
20220807 051159.380 INFO             PET0  PASS  Example ESMF_ArrayScatterGatherEx, ESMF_ArrayScatterGatherEx.F90, line 328
20220807 051159.380 INFO             PET0 Finalizing ESMF
20220807 051159.380 DEBUG            PET0 epochFinal
20220807 051159.368 INFO             PET1 !!!!!!!!!!!!!!!!!!!!!!!!!!!!!!!!!!!!!!!!!!!!!!!!!!!!!!
20220807 051159.368 INFO             PET1 !!! THE ESMF_LOG IS SET TO OUTPUT ALL LOG MESSAGES !!!
20220807 051159.368 INFO             PET1 !!!     THIS MAY CAUSE SLOWDOWN IN PERFORMANCE     !!!
20220807 051159.368 INFO             PET1 !!! FOR PRODUCTION RUNS, USE:                      !!!
20220807 051159.368 INFO             PET1 !!!                   ESMF_LOGKIND_Multi_On_Error  !!!
20220807 051159.368 INFO             PET1 !!!!!!!!!!!!!!!!!!!!!!!!!!!!!!!!!!!!!!!!!!!!!!!!!!!!!!
20220807 051159.368 INFO             PET1 Running with ESMF Version   : v8.3.0b17-30-g0de4558e1e
20220807 051159.368 INFO             PET1 ESMF library build date/time: "Aug  7 2022" "04:14:07"
20220807 051159.368 INFO             PET1 ESMF library build location : /lfs4/HFIP/hfv3gfs/Mark.Potts/esmf-tests/intel_2020.2_intelmpi_g_feature_large-messages/esmf
20220807 051159.368 INFO             PET1 ESMF_COMM                   : intelmpi
20220807 051159.369 INFO             PET1 ESMF_MOAB                   : enabled
20220807 051159.369 INFO             PET1 ESMF_LAPACK                 : enabled
20220807 051159.369 INFO             PET1 ESMF_NETCDF                 : enabled
20220807 051159.369 INFO             PET1 ESMF_PNETCDF                : disabled
20220807 051159.369 INFO             PET1 ESMF_PIO                    : enabled
20220807 051159.369 INFO             PET1 ESMF_YAMLCPP                : enabled
20220807 051159.372 DEBUG            PET1 VMK::recv():4898, size=7200 in 1 chunks
20220807 051159.373 DEBUG            PET1 VMK::send():4407, size=7200 in 1 chunks
20220807 051159.373 DEBUG            PET1 VMK::recv():4898, size=64 in 1 chunks
20220807 051159.373 DEBUG            PET1 VMK::recv():4898, size=64 in 1 chunks
20220807 051159.374 DEBUG            PET1 VMK::recv():4898, size=240 in 1 chunks
20220807 051159.376 DEBUG            PET1 VMK::send():4407, size=240 in 1 chunks
20220807 051159.379 DEBUG            PET1 VMK::send():4407, size=240 in 1 chunks
20220807 051159.379 INFO             PET1  NUMBER_OF_PROCESSORS           4
20220807 051159.379 INFO             PET1  PASS  Example ESMF_ArrayScatterGatherEx, ESMF_ArrayScatterGatherEx.F90, line 328
20220807 051159.379 INFO             PET1 Finalizing ESMF
20220807 051159.379 DEBUG            PET1 epochFinal
20220807 051159.368 INFO             PET2 !!!!!!!!!!!!!!!!!!!!!!!!!!!!!!!!!!!!!!!!!!!!!!!!!!!!!!
20220807 051159.368 INFO             PET2 !!! THE ESMF_LOG IS SET TO OUTPUT ALL LOG MESSAGES !!!
20220807 051159.369 INFO             PET2 !!!     THIS MAY CAUSE SLOWDOWN IN PERFORMANCE     !!!
20220807 051159.369 INFO             PET2 !!! FOR PRODUCTION RUNS, USE:                      !!!
20220807 051159.369 INFO             PET2 !!!                   ESMF_LOGKIND_Multi_On_Error  !!!
20220807 051159.369 INFO             PET2 !!!!!!!!!!!!!!!!!!!!!!!!!!!!!!!!!!!!!!!!!!!!!!!!!!!!!!
20220807 051159.369 INFO             PET2 Running with ESMF Version   : v8.3.0b17-30-g0de4558e1e
20220807 051159.369 INFO             PET2 ESMF library build date/time: "Aug  7 2022" "04:14:07"
20220807 051159.369 INFO             PET2 ESMF library build location : /lfs4/HFIP/hfv3gfs/Mark.Potts/esmf-tests/intel_2020.2_intelmpi_g_feature_large-messages/esmf
20220807 051159.369 INFO             PET2 ESMF_COMM                   : intelmpi
20220807 051159.370 INFO             PET2 ESMF_MOAB                   : enabled
20220807 051159.370 INFO             PET2 ESMF_LAPACK                 : enabled
20220807 051159.370 INFO             PET2 ESMF_NETCDF                 : enabled
20220807 051159.370 INFO             PET2 ESMF_PNETCDF                : disabled
20220807 051159.370 INFO             PET2 ESMF_PIO                    : enabled
20220807 051159.370 INFO             PET2 ESMF_YAMLCPP                : enabled
20220807 051159.372 DEBUG            PET2 VMK::recv():4898, size=4800 in 1 chunks
20220807 051159.373 DEBUG            PET2 VMK::send():4407, size=4800 in 1 chunks
20220807 051159.373 DEBUG            PET2 VMK::recv():4898, size=64 in 1 chunks
20220807 051159.374 DEBUG            PET2 VMK::recv():4898, size=240 in 1 chunks
20220807 051159.376 DEBUG            PET2 VMK::send():4407, size=240 in 1 chunks
20220807 051159.379 DEBUG            PET2 VMK::send():4407, size=240 in 1 chunks
20220807 051159.379 INFO             PET2  NUMBER_OF_PROCESSORS           4
20220807 051159.379 INFO             PET2  PASS  Example ESMF_ArrayScatterGatherEx, ESMF_ArrayScatterGatherEx.F90, line 328
20220807 051159.379 INFO             PET2 Finalizing ESMF
20220807 051159.379 DEBUG            PET2 epochFinal
20220807 051159.368 INFO             PET3 !!!!!!!!!!!!!!!!!!!!!!!!!!!!!!!!!!!!!!!!!!!!!!!!!!!!!!
20220807 051159.369 INFO             PET3 !!! THE ESMF_LOG IS SET TO OUTPUT ALL LOG MESSAGES !!!
20220807 051159.369 INFO             PET3 !!!     THIS MAY CAUSE SLOWDOWN IN PERFORMANCE     !!!
20220807 051159.369 INFO             PET3 !!! FOR PRODUCTION RUNS, USE:                      !!!
20220807 051159.369 INFO             PET3 !!!                   ESMF_LOGKIND_Multi_On_Error  !!!
20220807 051159.369 INFO             PET3 !!!!!!!!!!!!!!!!!!!!!!!!!!!!!!!!!!!!!!!!!!!!!!!!!!!!!!
20220807 051159.369 INFO             PET3 Running with ESMF Version   : v8.3.0b17-30-g0de4558e1e
20220807 051159.369 INFO             PET3 ESMF library build date/time: "Aug  7 2022" "04:14:07"
20220807 051159.369 INFO             PET3 ESMF library build location : /lfs4/HFIP/hfv3gfs/Mark.Potts/esmf-tests/intel_2020.2_intelmpi_g_feature_large-messages/esmf
20220807 051159.369 INFO             PET3 ESMF_COMM                   : intelmpi
20220807 051159.370 INFO             PET3 ESMF_MOAB                   : enabled
20220807 051159.370 INFO             PET3 ESMF_LAPACK                 : enabled
20220807 051159.370 INFO             PET3 ESMF_NETCDF                 : enabled
20220807 051159.370 INFO             PET3 ESMF_PNETCDF                : disabled
20220807 051159.370 INFO             PET3 ESMF_PIO                    : enabled
20220807 051159.370 INFO             PET3 ESMF_YAMLCPP                : enabled
20220807 051159.372 DEBUG            PET3 VMK::recv():4898, size=4800 in 1 chunks
20220807 051159.373 DEBUG            PET3 VMK::send():4407, size=4800 in 1 chunks
20220807 051159.373 DEBUG            PET3 VMK::recv():4898, size=7200 in 1 chunks
20220807 051159.373 DEBUG            PET3 VMK::recv():4898, size=7200 in 1 chunks
20220807 051159.373 DEBUG            PET3 VMK::recv():4898, size=4800 in 1 chunks
20220807 051159.373 DEBUG            PET3 VMK::recv():4898, size=4800 in 1 chunks
20220807 051159.374 DEBUG            PET3 VMK::recv():4898, size=64 in 1 chunks
20220807 051159.375 DEBUG            PET3 VMK::recv():4898, size=240 in 1 chunks
20220807 051159.376 DEBUG            PET3 VMK::send():4407, size=240 in 1 chunks
20220807 051159.379 DEBUG            PET3 VMK::send():4407, size=240 in 1 chunks
20220807 051159.379 INFO             PET3  NUMBER_OF_PROCESSORS           4
20220807 051159.379 INFO             PET3  PASS  Example ESMF_ArrayScatterGatherEx, ESMF_ArrayScatterGatherEx.F90, line 328
20220807 051159.379 INFO             PET3 Finalizing ESMF
20220807 051159.379 DEBUG            PET3 epochFinal
