2022-08-07 04:16:29
20220807 051306.911 INFO             PET0 !!!!!!!!!!!!!!!!!!!!!!!!!!!!!!!!!!!!!!!!!!!!!!!!!!!!!!
20220807 051306.911 INFO             PET0 !!! THE ESMF_LOG IS SET TO OUTPUT ALL LOG MESSAGES !!!
20220807 051306.911 INFO             PET0 !!!     THIS MAY CAUSE SLOWDOWN IN PERFORMANCE     !!!
20220807 051306.911 INFO             PET0 !!! FOR PRODUCTION RUNS, USE:                      !!!
20220807 051306.911 INFO             PET0 !!!                   ESMF_LOGKIND_Multi_On_Error  !!!
20220807 051306.911 INFO             PET0 !!!!!!!!!!!!!!!!!!!!!!!!!!!!!!!!!!!!!!!!!!!!!!!!!!!!!!
20220807 051306.911 INFO             PET0 Running with ESMF Version   : v8.3.0b17-30-g0de4558e1e
20220807 051306.911 INFO             PET0 ESMF library build date/time: "Aug  7 2022" "04:14:07"
20220807 051306.911 INFO             PET0 ESMF library build location : /lfs4/HFIP/hfv3gfs/Mark.Potts/esmf-tests/intel_2020.2_intelmpi_g_feature_large-messages/esmf
20220807 051306.911 INFO             PET0 ESMF_COMM                   : intelmpi
20220807 051306.913 INFO             PET0 ESMF_MOAB                   : enabled
20220807 051306.913 INFO             PET0 ESMF_LAPACK                 : enabled
20220807 051306.913 INFO             PET0 ESMF_NETCDF                 : enabled
20220807 051306.913 INFO             PET0 ESMF_PNETCDF                : disabled
20220807 051306.913 INFO             PET0 ESMF_PIO                    : enabled
20220807 051306.913 INFO             PET0 ESMF_YAMLCPP                : enabled
20220807 051306.927 DEBUG            PET0 VMK::recv():4970, size=32 using MPIUNI channel via memcpy() in one chunk
20220807 051306.927 DEBUG            PET0 VMK::send():4482, size=32 using MPIUNI channel via memcpy() in one chunk
20220807 051306.927 DEBUG            PET0 VMK::recv():4970, size=32 using MPIUNI channel via memcpy() in one chunk
20220807 051306.927 DEBUG            PET0 VMK::send():4482, size=32 using MPIUNI channel via memcpy() in one chunk
20220807 051306.927 DEBUG            PET0 VMK::recv():4970, size=32 using MPIUNI channel via memcpy() in one chunk
20220807 051306.927 DEBUG            PET0 VMK::send():4482, size=32 using MPIUNI channel via memcpy() in one chunk
20220807 051306.927 DEBUG            PET0 VMK::recv():4970, size=32 using MPIUNI channel via memcpy() in one chunk
20220807 051306.927 DEBUG            PET0 VMK::send():4482, size=32 using MPIUNI channel via memcpy() in one chunk
20220807 051306.927 DEBUG            PET0 VMK::recv():4970, size=32 using MPIUNI channel via memcpy() in one chunk
20220807 051306.927 DEBUG            PET0 VMK::send():4482, size=32 using MPIUNI channel via memcpy() in one chunk
20220807 051306.927 DEBUG            PET0 VMK::recv():4970, size=32 using MPIUNI channel via memcpy() in one chunk
20220807 051306.927 DEBUG            PET0 VMK::send():4482, size=32 using MPIUNI channel via memcpy() in one chunk
20220807 051306.927 DEBUG            PET0 VMK::recv():4970, size=32 using MPIUNI channel via memcpy() in one chunk
20220807 051306.927 DEBUG            PET0 VMK::send():4482, size=32 using MPIUNI channel via memcpy() in one chunk
20220807 051306.927 DEBUG            PET0 VMK::recv():4970, size=32 using MPIUNI channel via memcpy() in one chunk
20220807 051306.927 DEBUG            PET0 VMK::send():4482, size=32 using MPIUNI channel via memcpy() in one chunk
20220807 051306.927 DEBUG            PET0 VMK::recv():4970, size=32 using MPIUNI channel via memcpy() in one chunk
20220807 051306.927 DEBUG            PET0 VMK::send():4482, size=32 using MPIUNI channel via memcpy() in one chunk
20220807 051306.927 DEBUG            PET0 VMK::recv():4970, size=32 using MPIUNI channel via memcpy() in one chunk
20220807 051306.927 DEBUG            PET0 VMK::send():4482, size=32 using MPIUNI channel via memcpy() in one chunk
20220807 051306.927 DEBUG            PET0 VMK::recv():4970, size=32 using MPIUNI channel via memcpy() in one chunk
20220807 051306.927 DEBUG            PET0 VMK::send():4482, size=32 using MPIUNI channel via memcpy() in one chunk
20220807 051306.928 DEBUG            PET0 VMK::recv():4970, size=16 using MPIUNI channel via memcpy() in one chunk
20220807 051306.928 DEBUG            PET0 VMK::send():4482, size=16 using MPIUNI channel via memcpy() in one chunk
20220807 051306.928 DEBUG            PET0 VMK::recv():4970, size=16 using MPIUNI channel via memcpy() in one chunk
20220807 051306.928 DEBUG            PET0 VMK::send():4482, size=16 using MPIUNI channel via memcpy() in one chunk
20220807 051306.928 DEBUG            PET0 VMK::recv():4970, size=16 using MPIUNI channel via memcpy() in one chunk
20220807 051306.928 DEBUG            PET0 VMK::send():4482, size=16 using MPIUNI channel via memcpy() in one chunk
20220807 051306.928 DEBUG            PET0 VMK::recv():4970, size=16 using MPIUNI channel via memcpy() in one chunk
20220807 051306.928 DEBUG            PET0 VMK::send():4482, size=16 using MPIUNI channel via memcpy() in one chunk
20220807 051306.928 DEBUG            PET0 VMK::recv():4970, size=16 using MPIUNI channel via memcpy() in one chunk
20220807 051306.928 DEBUG            PET0 VMK::send():4482, size=16 using MPIUNI channel via memcpy() in one chunk
20220807 051306.928 DEBUG            PET0 VMK::recv():4970, size=16 using MPIUNI channel via memcpy() in one chunk
20220807 051306.928 DEBUG            PET0 VMK::send():4482, size=16 using MPIUNI channel via memcpy() in one chunk
20220807 051306.928 DEBUG            PET0 VMK::recv():4970, size=16 using MPIUNI channel via memcpy() in one chunk
20220807 051306.928 DEBUG            PET0 VMK::send():4482, size=16 using MPIUNI channel via memcpy() in one chunk
20220807 051306.928 DEBUG            PET0 VMK::recv():4970, size=16 using MPIUNI channel via memcpy() in one chunk
20220807 051306.928 DEBUG            PET0 VMK::send():4482, size=16 using MPIUNI channel via memcpy() in one chunk
20220807 051306.928 DEBUG            PET0 VMK::recv():4970, size=16 using MPIUNI channel via memcpy() in one chunk
20220807 051306.928 DEBUG            PET0 VMK::send():4482, size=16 using MPIUNI channel via memcpy() in one chunk
20220807 051306.929 DEBUG            PET0 VMK::recv():4970, size=16 using MPIUNI channel via memcpy() in one chunk
20220807 051306.929 DEBUG            PET0 VMK::send():4482, size=16 using MPIUNI channel via memcpy() in one chunk
20220807 051306.929 DEBUG            PET0 VMK::recv():4970, size=16 using MPIUNI channel via memcpy() in one chunk
20220807 051306.929 DEBUG            PET0 VMK::send():4482, size=16 using MPIUNI channel via memcpy() in one chunk
20220807 051306.930 DEBUG            PET0 VMK::recv():4970, size=96 using MPIUNI channel via memcpy() in one chunk
20220807 051306.930 DEBUG            PET0 VMK::send():4482, size=96 using MPIUNI channel via memcpy() in one chunk
20220807 051306.930 DEBUG            PET0 VMK::recv():4970, size=96 using MPIUNI channel via memcpy() in one chunk
20220807 051306.930 DEBUG            PET0 VMK::send():4482, size=96 using MPIUNI channel via memcpy() in one chunk
20220807 051306.930 DEBUG            PET0 VMK::recv():4970, size=96 using MPIUNI channel via memcpy() in one chunk
20220807 051306.930 DEBUG            PET0 VMK::send():4482, size=96 using MPIUNI channel via memcpy() in one chunk
20220807 051306.930 DEBUG            PET0 VMK::recv():4970, size=96 using MPIUNI channel via memcpy() in one chunk
20220807 051306.930 DEBUG            PET0 VMK::send():4482, size=96 using MPIUNI channel via memcpy() in one chunk
20220807 051306.930 DEBUG            PET0 VMK::recv():4970, size=96 using MPIUNI channel via memcpy() in one chunk
20220807 051306.930 DEBUG            PET0 VMK::send():4482, size=96 using MPIUNI channel via memcpy() in one chunk
20220807 051306.930 DEBUG            PET0 VMK::recv():4970, size=96 using MPIUNI channel via memcpy() in one chunk
20220807 051306.930 DEBUG            PET0 VMK::send():4482, size=96 using MPIUNI channel via memcpy() in one chunk
20220807 051306.930 DEBUG            PET0 VMK::recv():4970, size=96 using MPIUNI channel via memcpy() in one chunk
20220807 051306.930 DEBUG            PET0 VMK::send():4482, size=96 using MPIUNI channel via memcpy() in one chunk
20220807 051306.930 DEBUG            PET0 VMK::recv():4970, size=96 using MPIUNI channel via memcpy() in one chunk
20220807 051306.930 DEBUG            PET0 VMK::send():4482, size=96 using MPIUNI channel via memcpy() in one chunk
20220807 051306.930 DEBUG            PET0 VMK::recv():4970, size=96 using MPIUNI channel via memcpy() in one chunk
20220807 051306.930 DEBUG            PET0 VMK::send():4482, size=96 using MPIUNI channel via memcpy() in one chunk
20220807 051306.930 DEBUG            PET0 VMK::recv():4970, size=96 using MPIUNI channel via memcpy() in one chunk
20220807 051306.930 DEBUG            PET0 VMK::send():4482, size=96 using MPIUNI channel via memcpy() in one chunk
20220807 051306.930 DEBUG            PET0 VMK::recv():4970, size=96 using MPIUNI channel via memcpy() in one chunk
20220807 051306.930 DEBUG            PET0 VMK::send():4482, size=96 using MPIUNI channel via memcpy() in one chunk
20220807 051306.930 DEBUG            PET0 VMK::recv():4970, size=32 using MPIUNI channel via memcpy() in one chunk
20220807 051306.930 DEBUG            PET0 VMK::send():4482, size=32 using MPIUNI channel via memcpy() in one chunk
20220807 051306.930 DEBUG            PET0 VMK::recv():4970, size=16 using MPIUNI channel via memcpy() in one chunk
20220807 051306.930 DEBUG            PET0 VMK::send():4482, size=16 using MPIUNI channel via memcpy() in one chunk
20220807 051306.931 DEBUG            PET0 VMK::recv():4970, size=96 using MPIUNI channel via memcpy() in one chunk
20220807 051306.931 DEBUG            PET0 VMK::send():4482, size=96 using MPIUNI channel via memcpy() in one chunk
20220807 051306.931 INFO             PET0  NUMBER_OF_PROCESSORS           1
20220807 051306.931 INFO             PET0  PASS  Example ESMF_XGridSparseMatEx, ESMF_XGridSparseMatEx.F90, line 642
20220807 051306.931 INFO             PET0 Finalizing ESMF
20220807 051306.931 DEBUG            PET0 epochFinal
