2022-08-09 01:04:06
20220809 022435.757 INFO             PET0 !!!!!!!!!!!!!!!!!!!!!!!!!!!!!!!!!!!!!!!!!!!!!!!!!!!!!!
20220809 022435.757 INFO             PET0 !!! THE ESMF_LOG IS SET TO OUTPUT ALL LOG MESSAGES !!!
20220809 022435.757 INFO             PET0 !!!     THIS MAY CAUSE SLOWDOWN IN PERFORMANCE     !!!
20220809 022435.757 INFO             PET0 !!! FOR PRODUCTION RUNS, USE:                      !!!
20220809 022435.757 INFO             PET0 !!!                   ESMF_LOGKIND_Multi_On_Error  !!!
20220809 022435.757 INFO             PET0 !!!!!!!!!!!!!!!!!!!!!!!!!!!!!!!!!!!!!!!!!!!!!!!!!!!!!!
20220809 022435.757 INFO             PET0 Running with ESMF Version   : v8.3.0b17-30-g0de4558e1e
20220809 022435.757 INFO             PET0 ESMF library build date/time: "Aug  9 2022" "01:02:22"
20220809 022435.757 INFO             PET0 ESMF library build location : /lustre/f2/dev/Mark.Potts/esmf-test/gfortran_8.3.0_mpi_O_feature_large-messages/esmf
20220809 022435.757 INFO             PET0 ESMF_COMM                   : mpi
20220809 022435.758 INFO             PET0 ESMF_MOAB                   : enabled
20220809 022435.758 INFO             PET0 ESMF_LAPACK                 : enabled
20220809 022435.758 INFO             PET0 ESMF_NETCDF                 : enabled
20220809 022435.758 INFO             PET0 ESMF_PNETCDF                : disabled
20220809 022435.758 INFO             PET0 ESMF_PIO                    : enabled
20220809 022435.758 INFO             PET0 ESMF_YAMLCPP                : enabled
20220809 022435.778 DEBUG            PET0 epochInit
20220809 022435.780 ERROR            PET0 ESMF_StateAPI.cppF90:1189 ESMF_StateAddList Object being used before creation  - Bad Object
20220809 022435.833 DEBUG            PET0 epochFinal
20220809 022435.834 INFO             PET0  NUMBER_OF_PROCESSORS           4
20220809 022435.834 INFO             PET0  PASS  Example ESMF_StateReconcileEx, ESMF_StateReconcileEx.F90, line 294
20220809 022435.834 INFO             PET0 Finalizing ESMF
20220809 022435.835 DEBUG            PET0 epochFinal
20220809 022435.767 INFO             PET1 !!!!!!!!!!!!!!!!!!!!!!!!!!!!!!!!!!!!!!!!!!!!!!!!!!!!!!
20220809 022435.767 INFO             PET1 !!! THE ESMF_LOG IS SET TO OUTPUT ALL LOG MESSAGES !!!
20220809 022435.767 INFO             PET1 !!!     THIS MAY CAUSE SLOWDOWN IN PERFORMANCE     !!!
20220809 022435.767 INFO             PET1 !!! FOR PRODUCTION RUNS, USE:                      !!!
20220809 022435.767 INFO             PET1 !!!                   ESMF_LOGKIND_Multi_On_Error  !!!
20220809 022435.767 INFO             PET1 !!!!!!!!!!!!!!!!!!!!!!!!!!!!!!!!!!!!!!!!!!!!!!!!!!!!!!
20220809 022435.767 INFO             PET1 Running with ESMF Version   : v8.3.0b17-30-g0de4558e1e
20220809 022435.767 INFO             PET1 ESMF library build date/time: "Aug  9 2022" "01:02:22"
20220809 022435.767 INFO             PET1 ESMF library build location : /lustre/f2/dev/Mark.Potts/esmf-test/gfortran_8.3.0_mpi_O_feature_large-messages/esmf
20220809 022435.767 INFO             PET1 ESMF_COMM                   : mpi
20220809 022435.768 INFO             PET1 ESMF_MOAB                   : enabled
20220809 022435.768 INFO             PET1 ESMF_LAPACK                 : enabled
20220809 022435.768 INFO             PET1 ESMF_NETCDF                 : enabled
20220809 022435.768 INFO             PET1 ESMF_PNETCDF                : disabled
20220809 022435.768 INFO             PET1 ESMF_PIO                    : enabled
20220809 022435.768 INFO             PET1 ESMF_YAMLCPP                : enabled
20220809 022435.778 DEBUG            PET1 epochInit
20220809 022435.780 ERROR            PET1 ESMF_StateAPI.cppF90:1189 ESMF_StateAddList Object being used before creation  - Bad Object
20220809 022435.834 DEBUG            PET1 epochFinal
20220809 022435.834 INFO             PET1  NUMBER_OF_PROCESSORS           4
20220809 022435.834 INFO             PET1  PASS  Example ESMF_StateReconcileEx, ESMF_StateReconcileEx.F90, line 294
20220809 022435.834 INFO             PET1 Finalizing ESMF
20220809 022435.835 DEBUG            PET1 epochFinal
20220809 022435.747 INFO             PET2 !!!!!!!!!!!!!!!!!!!!!!!!!!!!!!!!!!!!!!!!!!!!!!!!!!!!!!
20220809 022435.747 INFO             PET2 !!! THE ESMF_LOG IS SET TO OUTPUT ALL LOG MESSAGES !!!
20220809 022435.747 INFO             PET2 !!!     THIS MAY CAUSE SLOWDOWN IN PERFORMANCE     !!!
20220809 022435.747 INFO             PET2 !!! FOR PRODUCTION RUNS, USE:                      !!!
20220809 022435.747 INFO             PET2 !!!                   ESMF_LOGKIND_Multi_On_Error  !!!
20220809 022435.747 INFO             PET2 !!!!!!!!!!!!!!!!!!!!!!!!!!!!!!!!!!!!!!!!!!!!!!!!!!!!!!
20220809 022435.747 INFO             PET2 Running with ESMF Version   : v8.3.0b17-30-g0de4558e1e
20220809 022435.747 INFO             PET2 ESMF library build date/time: "Aug  9 2022" "01:02:22"
20220809 022435.747 INFO             PET2 ESMF library build location : /lustre/f2/dev/Mark.Potts/esmf-test/gfortran_8.3.0_mpi_O_feature_large-messages/esmf
20220809 022435.747 INFO             PET2 ESMF_COMM                   : mpi
20220809 022435.748 INFO             PET2 ESMF_MOAB                   : enabled
20220809 022435.748 INFO             PET2 ESMF_LAPACK                 : enabled
20220809 022435.748 INFO             PET2 ESMF_NETCDF                 : enabled
20220809 022435.748 INFO             PET2 ESMF_PNETCDF                : disabled
20220809 022435.748 INFO             PET2 ESMF_PIO                    : enabled
20220809 022435.748 INFO             PET2 ESMF_YAMLCPP                : enabled
20220809 022435.779 DEBUG            PET2 epochInit
20220809 022435.780 ERROR            PET2 ESMF_StateAPI.cppF90:1189 ESMF_StateAddList Object being used before creation  - Bad Object
20220809 022435.833 DEBUG            PET2 epochFinal
20220809 022435.834 INFO             PET2  NUMBER_OF_PROCESSORS           4
20220809 022435.834 INFO             PET2  PASS  Example ESMF_StateReconcileEx, ESMF_StateReconcileEx.F90, line 294
20220809 022435.834 INFO             PET2 Finalizing ESMF
20220809 022435.835 DEBUG            PET2 epochFinal
20220809 022435.747 INFO             PET3 !!!!!!!!!!!!!!!!!!!!!!!!!!!!!!!!!!!!!!!!!!!!!!!!!!!!!!
20220809 022435.747 INFO             PET3 !!! THE ESMF_LOG IS SET TO OUTPUT ALL LOG MESSAGES !!!
20220809 022435.747 INFO             PET3 !!!     THIS MAY CAUSE SLOWDOWN IN PERFORMANCE     !!!
20220809 022435.747 INFO             PET3 !!! FOR PRODUCTION RUNS, USE:                      !!!
20220809 022435.747 INFO             PET3 !!!                   ESMF_LOGKIND_Multi_On_Error  !!!
20220809 022435.747 INFO             PET3 !!!!!!!!!!!!!!!!!!!!!!!!!!!!!!!!!!!!!!!!!!!!!!!!!!!!!!
20220809 022435.747 INFO             PET3 Running with ESMF Version   : v8.3.0b17-30-g0de4558e1e
20220809 022435.747 INFO             PET3 ESMF library build date/time: "Aug  9 2022" "01:02:22"
20220809 022435.747 INFO             PET3 ESMF library build location : /lustre/f2/dev/Mark.Potts/esmf-test/gfortran_8.3.0_mpi_O_feature_large-messages/esmf
20220809 022435.747 INFO             PET3 ESMF_COMM                   : mpi
20220809 022435.748 INFO             PET3 ESMF_MOAB                   : enabled
20220809 022435.748 INFO             PET3 ESMF_LAPACK                 : enabled
20220809 022435.748 INFO             PET3 ESMF_NETCDF                 : enabled
20220809 022435.748 INFO             PET3 ESMF_PNETCDF                : disabled
20220809 022435.748 INFO             PET3 ESMF_PIO                    : enabled
20220809 022435.748 INFO             PET3 ESMF_YAMLCPP                : enabled
20220809 022435.779 DEBUG            PET3 epochInit
20220809 022435.780 ERROR            PET3 ESMF_StateAPI.cppF90:1189 ESMF_StateAddList Object being used before creation  - Bad Object
20220809 022435.833 DEBUG            PET3 epochFinal
20220809 022435.834 INFO             PET3  NUMBER_OF_PROCESSORS           4
20220809 022435.834 INFO             PET3  PASS  Example ESMF_StateReconcileEx, ESMF_StateReconcileEx.F90, line 294
20220809 022435.834 INFO             PET3 Finalizing ESMF
20220809 022435.835 DEBUG            PET3 epochFinal
