2022-08-05 08:18:24
20220805 092000.133 INFO             PET0 !!!!!!!!!!!!!!!!!!!!!!!!!!!!!!!!!!!!!!!!!!!!!!!!!!!!!!
20220805 092000.133 INFO             PET0 !!! THE ESMF_LOG IS SET TO OUTPUT ALL LOG MESSAGES !!!
20220805 092000.133 INFO             PET0 !!!     THIS MAY CAUSE SLOWDOWN IN PERFORMANCE     !!!
20220805 092000.133 INFO             PET0 !!! FOR PRODUCTION RUNS, USE:                      !!!
20220805 092000.133 INFO             PET0 !!!                   ESMF_LOGKIND_Multi_On_Error  !!!
20220805 092000.133 INFO             PET0 !!!!!!!!!!!!!!!!!!!!!!!!!!!!!!!!!!!!!!!!!!!!!!!!!!!!!!
20220805 092000.133 INFO             PET0 Running with ESMF Version   : v8.3.0b17-27-g5b5163fc0a
20220805 092000.133 INFO             PET0 ESMF library build date/time: "Aug  5 2022" "08:12:27"
20220805 092000.133 INFO             PET0 ESMF library build location : /glade/scratch/dunlap/esmf-testing/intel_18.0.5_openmpi_g_feature_large-messages/esmf
20220805 092000.133 INFO             PET0 ESMF_COMM                   : openmpi
20220805 092000.133 INFO             PET0 ESMF_MOAB                   : enabled
20220805 092000.133 INFO             PET0 ESMF_LAPACK                 : enabled
20220805 092000.133 INFO             PET0 ESMF_NETCDF                 : enabled
20220805 092000.133 INFO             PET0 ESMF_PNETCDF                : disabled
20220805 092000.133 INFO             PET0 ESMF_PIO                    : enabled
20220805 092000.133 INFO             PET0 ESMF_YAMLCPP                : enabled
20220805 092000.133 INFO             PET0  NUMBER_OF_PROCESSORS           4
20220805 092000.133 INFO             PET0  PASS  Example ESMF_VMUserMpiCommMultiEx, ESMF_VMUserMpiCommMultiEx.F90, line 126
20220805 092000.133 INFO             PET0 Finalizing ESMF
20220805 092000.133 DEBUG            PET0 epochFinal
20220805 092000.133 INFO             PET0 !!!!!!!!!!!!!!!!!!!!!!!!!!!!!!!!!!!!!!!!!!!!!!!!!!!!!!
20220805 092000.133 INFO             PET0 !!! THE ESMF_LOG IS SET TO OUTPUT ALL LOG MESSAGES !!!
20220805 092000.133 INFO             PET0 !!!     THIS MAY CAUSE SLOWDOWN IN PERFORMANCE     !!!
20220805 092000.133 INFO             PET0 !!! FOR PRODUCTION RUNS, USE:                      !!!
20220805 092000.133 INFO             PET0 !!!                   ESMF_LOGKIND_Multi_On_Error  !!!
20220805 092000.133 INFO             PET0 !!!!!!!!!!!!!!!!!!!!!!!!!!!!!!!!!!!!!!!!!!!!!!!!!!!!!!
20220805 092000.133 INFO             PET0 Running with ESMF Version   : v8.3.0b17-27-g5b5163fc0a
20220805 092000.133 INFO             PET0 ESMF library build date/time: "Aug  5 2022" "08:12:27"
20220805 092000.133 INFO             PET0 ESMF library build location : /glade/scratch/dunlap/esmf-testing/intel_18.0.5_openmpi_g_feature_large-messages/esmf
20220805 092000.133 INFO             PET0 ESMF_COMM                   : openmpi
20220805 092000.133 INFO             PET0 ESMF_MOAB                   : enabled
20220805 092000.133 INFO             PET0 ESMF_LAPACK                 : enabled
20220805 092000.133 INFO             PET0 ESMF_NETCDF                 : enabled
20220805 092000.133 INFO             PET0 ESMF_PNETCDF                : disabled
20220805 092000.133 INFO             PET0 ESMF_PIO                    : enabled
20220805 092000.133 INFO             PET0 ESMF_YAMLCPP                : enabled
20220805 092000.134 INFO             PET0  NUMBER_OF_PROCESSORS           4
20220805 092000.134 INFO             PET0  PASS  Example ESMF_VMUserMpiCommMultiEx, ESMF_VMUserMpiCommMultiEx.F90, line 154
20220805 092000.134 INFO             PET0 Finalizing ESMF
20220805 092000.134 DEBUG            PET0 epochFinal
20220805 092000.132 INFO             PET1 !!!!!!!!!!!!!!!!!!!!!!!!!!!!!!!!!!!!!!!!!!!!!!!!!!!!!!
20220805 092000.132 INFO             PET1 !!! THE ESMF_LOG IS SET TO OUTPUT ALL LOG MESSAGES !!!
20220805 092000.132 INFO             PET1 !!!     THIS MAY CAUSE SLOWDOWN IN PERFORMANCE     !!!
20220805 092000.132 INFO             PET1 !!! FOR PRODUCTION RUNS, USE:                      !!!
20220805 092000.132 INFO             PET1 !!!                   ESMF_LOGKIND_Multi_On_Error  !!!
20220805 092000.132 INFO             PET1 !!!!!!!!!!!!!!!!!!!!!!!!!!!!!!!!!!!!!!!!!!!!!!!!!!!!!!
20220805 092000.132 INFO             PET1 Running with ESMF Version   : v8.3.0b17-27-g5b5163fc0a
20220805 092000.132 INFO             PET1 ESMF library build date/time: "Aug  5 2022" "08:12:27"
20220805 092000.132 INFO             PET1 ESMF library build location : /glade/scratch/dunlap/esmf-testing/intel_18.0.5_openmpi_g_feature_large-messages/esmf
20220805 092000.132 INFO             PET1 ESMF_COMM                   : openmpi
20220805 092000.133 INFO             PET1 ESMF_MOAB                   : enabled
20220805 092000.133 INFO             PET1 ESMF_LAPACK                 : enabled
20220805 092000.133 INFO             PET1 ESMF_NETCDF                 : enabled
20220805 092000.133 INFO             PET1 ESMF_PNETCDF                : disabled
20220805 092000.133 INFO             PET1 ESMF_PIO                    : enabled
20220805 092000.133 INFO             PET1 ESMF_YAMLCPP                : enabled
20220805 092000.133 INFO             PET1  NUMBER_OF_PROCESSORS           4
20220805 092000.133 INFO             PET1  PASS  Example ESMF_VMUserMpiCommMultiEx, ESMF_VMUserMpiCommMultiEx.F90, line 126
20220805 092000.133 INFO             PET1 Finalizing ESMF
20220805 092000.133 DEBUG            PET1 epochFinal
20220805 092000.133 INFO             PET1 !!!!!!!!!!!!!!!!!!!!!!!!!!!!!!!!!!!!!!!!!!!!!!!!!!!!!!
20220805 092000.133 INFO             PET1 !!! THE ESMF_LOG IS SET TO OUTPUT ALL LOG MESSAGES !!!
20220805 092000.133 INFO             PET1 !!!     THIS MAY CAUSE SLOWDOWN IN PERFORMANCE     !!!
20220805 092000.133 INFO             PET1 !!! FOR PRODUCTION RUNS, USE:                      !!!
20220805 092000.133 INFO             PET1 !!!                   ESMF_LOGKIND_Multi_On_Error  !!!
20220805 092000.133 INFO             PET1 !!!!!!!!!!!!!!!!!!!!!!!!!!!!!!!!!!!!!!!!!!!!!!!!!!!!!!
20220805 092000.133 INFO             PET1 Running with ESMF Version   : v8.3.0b17-27-g5b5163fc0a
20220805 092000.133 INFO             PET1 ESMF library build date/time: "Aug  5 2022" "08:12:27"
20220805 092000.133 INFO             PET1 ESMF library build location : /glade/scratch/dunlap/esmf-testing/intel_18.0.5_openmpi_g_feature_large-messages/esmf
20220805 092000.133 INFO             PET1 ESMF_COMM                   : openmpi
20220805 092000.134 INFO             PET1 ESMF_MOAB                   : enabled
20220805 092000.134 INFO             PET1 ESMF_LAPACK                 : enabled
20220805 092000.134 INFO             PET1 ESMF_NETCDF                 : enabled
20220805 092000.134 INFO             PET1 ESMF_PNETCDF                : disabled
20220805 092000.134 INFO             PET1 ESMF_PIO                    : enabled
20220805 092000.134 INFO             PET1 ESMF_YAMLCPP                : enabled
20220805 092000.134 INFO             PET1  NUMBER_OF_PROCESSORS           4
20220805 092000.134 INFO             PET1  PASS  Example ESMF_VMUserMpiCommMultiEx, ESMF_VMUserMpiCommMultiEx.F90, line 154
20220805 092000.134 INFO             PET1 Finalizing ESMF
20220805 092000.134 DEBUG            PET1 epochFinal
