2022-08-09 01:33:29
20220809 015928.623 INFO             PET0 !!!!!!!!!!!!!!!!!!!!!!!!!!!!!!!!!!!!!!!!!!!!!!!!!!!!!!
20220809 015928.623 INFO             PET0 !!! THE ESMF_LOG IS SET TO OUTPUT ALL LOG MESSAGES !!!
20220809 015928.623 INFO             PET0 !!!     THIS MAY CAUSE SLOWDOWN IN PERFORMANCE     !!!
20220809 015928.623 INFO             PET0 !!! FOR PRODUCTION RUNS, USE:                      !!!
20220809 015928.623 INFO             PET0 !!!                   ESMF_LOGKIND_Multi_On_Error  !!!
20220809 015928.623 INFO             PET0 !!!!!!!!!!!!!!!!!!!!!!!!!!!!!!!!!!!!!!!!!!!!!!!!!!!!!!
20220809 015928.623 INFO             PET0 Running with ESMF Version   : v8.3.0b17-30-g0de4558e1e
20220809 015928.623 INFO             PET0 ESMF library build date/time: "Aug  9 2022" "01:31:55"
20220809 015928.623 INFO             PET0 ESMF library build location : /discover/nobackup/projects/sbu/mpotts/esmf-test/gfortran_8.3.0_intelmpi_g_feature_large-messages/esmf
20220809 015928.623 INFO             PET0 ESMF_COMM                   : intelmpi
20220809 015928.623 INFO             PET0 ESMF_MOAB                   : enabled
20220809 015928.623 INFO             PET0 ESMF_LAPACK                 : enabled
20220809 015928.623 INFO             PET0 ESMF_NETCDF                 : disabled
20220809 015928.623 INFO             PET0 ESMF_PNETCDF                : disabled
20220809 015928.623 INFO             PET0 ESMF_PIO                    : disabled
20220809 015928.623 INFO             PET0 ESMF_YAMLCPP                : enabled
20220809 015928.624 DEBUG            PET0 epochInit
20220809 015928.700 INFO             PET0 ESMF_FieldRedistStoreNF(): Just entered routine.
20220809 015928.720 DEBUG            PET0 VMK::recv():4898, size=14400 in 1 chunks
20220809 015928.720 DEBUG            PET0 VMK::send():4407, size=14400 in 1 chunks
20220809 015928.720 DEBUG            PET0 VMK::send():4407, size=14400 in 1 chunks
20220809 015928.720 DEBUG            PET0 VMK::send():4407, size=14400 in 1 chunks
20220809 015928.722 DEBUG            PET0 VMK::recv():4898, size=72000 in 1 chunks
20220809 015928.722 DEBUG            PET0 VMK::send():4407, size=72000 in 1 chunks
20220809 015928.722 DEBUG            PET0 VMK::send():4407, size=72000 in 1 chunks
20220809 015928.722 DEBUG            PET0 VMK::send():4407, size=72000 in 1 chunks
20220809 015928.725 DEBUG            PET0 VMK::recv():4898, size=28800 in 1 chunks
20220809 015928.727 DEBUG            PET0 VMK::send():4407, size=28800 in 1 chunks
20220809 015928.729 DEBUG            PET0 VMK::send():4407, size=28800 in 1 chunks
20220809 015928.730 DEBUG            PET0 VMK::send():4407, size=28800 in 1 chunks
20220809 015928.737 DEBUG            PET0 VMK::recv():4898, size=14400 in 1 chunks
20220809 015928.737 DEBUG            PET0 VMK::send():4407, size=14400 in 1 chunks
20220809 015928.737 DEBUG            PET0 VMK::send():4407, size=14400 in 1 chunks
20220809 015928.737 DEBUG            PET0 VMK::send():4407, size=14400 in 1 chunks
20220809 015928.738 DEBUG            PET0 VMK::recv():4898, size=72000 in 1 chunks
20220809 015928.738 DEBUG            PET0 VMK::send():4407, size=72000 in 1 chunks
20220809 015928.738 DEBUG            PET0 VMK::send():4407, size=72000 in 1 chunks
20220809 015928.738 DEBUG            PET0 VMK::send():4407, size=72000 in 1 chunks
20220809 015928.741 DEBUG            PET0 VMK::recv():4898, size=57600 in 1 chunks
20220809 015928.764 DEBUG            PET0 VMK::recv():4898, size=72000 in 1 chunks
20220809 015928.766 DEBUG            PET0 VMK::send():4407, size=72000 in 1 chunks
20220809 015928.766 DEBUG            PET0 VMK::recv():4898, size=4 in 1 chunks
20220809 015928.767 DEBUG            PET0 VMK::send():4407, size=72000 in 1 chunks
20220809 015928.768 DEBUG            PET0 VMK::recv():4898, size=4 in 1 chunks
20220809 015928.769 DEBUG            PET0 VMK::send():4407, size=72000 in 1 chunks
20220809 015928.769 DEBUG            PET0 VMK::recv():4898, size=4 in 1 chunks
20220809 015928.775 DEBUG            PET0 VMK::send():4407, size=4 in 1 chunks
20220809 015928.775 DEBUG            PET0 VMK::recv():4898, size=158400 in 1 chunks
20220809 015928.775 DEBUG            PET0 VMK::recv():4898, size=158400 in 1 chunks
20220809 015928.775 DEBUG            PET0 VMK::recv():4898, size=158400 in 1 chunks
20220809 015928.776 DEBUG            PET0 VMK::send():4407, size=158400 in 1 chunks
20220809 015928.790 DEBUG            PET0 VMK::recv():4898, size=144000 in 1 chunks
20220809 015928.791 DEBUG            PET0 VMK::send():4407, size=4 in 1 chunks
20220809 015928.791 DEBUG            PET0 VMK::send():4407, size=316800 in 1 chunks
20220809 015928.910 DEBUG            PET0 VMK::send():4407, size=115200 in 1 chunks
20220809 015928.910 DEBUG            PET0 VMK::send():4407, size=115200 in 1 chunks
20220809 015928.910 DEBUG            PET0 VMK::send():4407, size=115200 in 1 chunks
20220809 015928.910 DEBUG            PET0 VMK::send():4407, size=115200 in 1 chunks
20220809 015928.911 DEBUG            PET0 VMK::send():4407, size=115200 in 1 chunks
20220809 015928.911 DEBUG            PET0 VMK::send():4407, size=115200 in 1 chunks
20220809 015928.911 DEBUG            PET0 VMK::send():4407, size=115200 in 1 chunks
20220809 015928.911 DEBUG            PET0 VMK::send():4407, size=115200 in 1 chunks
20220809 015928.912 DEBUG            PET0 VMK::send():4407, size=115200 in 1 chunks
20220809 015928.912 DEBUG            PET0 VMK::send():4407, size=115200 in 1 chunks
20220809 015928.940 DEBUG            PET0 VMK::send():4407, size=115200 in 1 chunks
20220809 015928.941 DEBUG            PET0 VMK::send():4407, size=115200 in 1 chunks
20220809 015928.941 DEBUG            PET0 VMK::send():4407, size=115200 in 1 chunks
20220809 015928.941 DEBUG            PET0 VMK::send():4407, size=115200 in 1 chunks
20220809 015928.941 DEBUG            PET0 VMK::send():4407, size=115200 in 1 chunks
20220809 015928.942 DEBUG            PET0 VMK::send():4407, size=115200 in 1 chunks
20220809 015928.942 DEBUG            PET0 VMK::send():4407, size=115200 in 1 chunks
20220809 015928.942 DEBUG            PET0 VMK::send():4407, size=115200 in 1 chunks
20220809 015928.942 DEBUG            PET0 VMK::send():4407, size=115200 in 1 chunks
20220809 015928.943 DEBUG            PET0 VMK::send():4407, size=115200 in 1 chunks
20220809 015928.971 DEBUG            PET0 VMK::send():4407, size=115200 in 1 chunks
20220809 015928.971 DEBUG            PET0 VMK::send():4407, size=115200 in 1 chunks
20220809 015928.971 DEBUG            PET0 VMK::send():4407, size=115200 in 1 chunks
20220809 015928.971 DEBUG            PET0 VMK::send():4407, size=115200 in 1 chunks
20220809 015928.972 DEBUG            PET0 VMK::send():4407, size=115200 in 1 chunks
20220809 015928.972 DEBUG            PET0 VMK::send():4407, size=115200 in 1 chunks
20220809 015928.972 DEBUG            PET0 VMK::send():4407, size=115200 in 1 chunks
20220809 015928.973 DEBUG            PET0 VMK::send():4407, size=115200 in 1 chunks
20220809 015928.973 DEBUG            PET0 VMK::send():4407, size=115200 in 1 chunks
20220809 015928.973 DEBUG            PET0 VMK::send():4407, size=115200 in 1 chunks
20220809 015929.001 DEBUG            PET0 VMK::send():4407, size=115200 in 1 chunks
20220809 015929.001 INFO             PET0 ESMF_FieldRedistStoreNF(): Leaving routine.
20220809 015929.001 DEBUG            PET0 VMK::recv():4898, size=8 in 1 chunks
20220809 015929.001 DEBUG            PET0 VMK::send():4175, size=8 in one chunk
20220809 015929.001 DEBUG            PET0 VMK::recv():4898, size=1085 in 1 chunks
20220809 015929.001 DEBUG            PET0 VMK::send():4175, size=1085 in one chunk
20220809 015929.003 DEBUG            PET0 VMK::send():4407, size=115200 in 1 chunks
20220809 015929.003 DEBUG            PET0 epochFinal
20220809 015929.003 INFO             PET0  NUMBER_OF_PROCESSORS           4
20220809 015929.003 INFO             PET0  PASS  Example ESMF_RHandleFromRHandleEx, ESMF_RHandleFromRHandleEx.F90, line 660
20220809 015929.003 INFO             PET0 Finalizing ESMF
20220809 015929.003 DEBUG            PET0 epochFinal
20220809 015928.622 INFO             PET1 !!!!!!!!!!!!!!!!!!!!!!!!!!!!!!!!!!!!!!!!!!!!!!!!!!!!!!
20220809 015928.622 INFO             PET1 !!! THE ESMF_LOG IS SET TO OUTPUT ALL LOG MESSAGES !!!
20220809 015928.622 INFO             PET1 !!!     THIS MAY CAUSE SLOWDOWN IN PERFORMANCE     !!!
20220809 015928.622 INFO             PET1 !!! FOR PRODUCTION RUNS, USE:                      !!!
20220809 015928.622 INFO             PET1 !!!                   ESMF_LOGKIND_Multi_On_Error  !!!
20220809 015928.622 INFO             PET1 !!!!!!!!!!!!!!!!!!!!!!!!!!!!!!!!!!!!!!!!!!!!!!!!!!!!!!
20220809 015928.622 INFO             PET1 Running with ESMF Version   : v8.3.0b17-30-g0de4558e1e
20220809 015928.622 INFO             PET1 ESMF library build date/time: "Aug  9 2022" "01:31:55"
20220809 015928.622 INFO             PET1 ESMF library build location : /discover/nobackup/projects/sbu/mpotts/esmf-test/gfortran_8.3.0_intelmpi_g_feature_large-messages/esmf
20220809 015928.622 INFO             PET1 ESMF_COMM                   : intelmpi
20220809 015928.622 INFO             PET1 ESMF_MOAB                   : enabled
20220809 015928.622 INFO             PET1 ESMF_LAPACK                 : enabled
20220809 015928.622 INFO             PET1 ESMF_NETCDF                 : disabled
20220809 015928.622 INFO             PET1 ESMF_PNETCDF                : disabled
20220809 015928.622 INFO             PET1 ESMF_PIO                    : disabled
20220809 015928.622 INFO             PET1 ESMF_YAMLCPP                : enabled
20220809 015928.624 DEBUG            PET1 epochInit
20220809 015928.700 INFO             PET1 ESMF_FieldRedistStoreNF(): Just entered routine.
20220809 015928.720 DEBUG            PET1 VMK::recv():4898, size=14400 in 1 chunks
20220809 015928.720 DEBUG            PET1 VMK::send():4407, size=14400 in 1 chunks
20220809 015928.720 DEBUG            PET1 VMK::send():4407, size=14400 in 1 chunks
20220809 015928.720 DEBUG            PET1 VMK::send():4407, size=14400 in 1 chunks
20220809 015928.721 DEBUG            PET1 VMK::recv():4898, size=72000 in 1 chunks
20220809 015928.722 DEBUG            PET1 VMK::send():4407, size=72000 in 1 chunks
20220809 015928.722 DEBUG            PET1 VMK::send():4407, size=72000 in 1 chunks
20220809 015928.722 DEBUG            PET1 VMK::send():4407, size=72000 in 1 chunks
20220809 015928.725 DEBUG            PET1 VMK::recv():4898, size=28800 in 1 chunks
20220809 015928.726 DEBUG            PET1 VMK::send():4407, size=28800 in 1 chunks
20220809 015928.728 DEBUG            PET1 VMK::send():4407, size=28800 in 1 chunks
20220809 015928.730 DEBUG            PET1 VMK::send():4407, size=28800 in 1 chunks
20220809 015928.737 DEBUG            PET1 VMK::recv():4898, size=14400 in 1 chunks
20220809 015928.737 DEBUG            PET1 VMK::send():4407, size=14400 in 1 chunks
20220809 015928.737 DEBUG            PET1 VMK::send():4407, size=14400 in 1 chunks
20220809 015928.737 DEBUG            PET1 VMK::send():4407, size=14400 in 1 chunks
20220809 015928.738 DEBUG            PET1 VMK::recv():4898, size=72000 in 1 chunks
20220809 015928.738 DEBUG            PET1 VMK::send():4407, size=72000 in 1 chunks
20220809 015928.738 DEBUG            PET1 VMK::send():4407, size=72000 in 1 chunks
20220809 015928.738 DEBUG            PET1 VMK::send():4407, size=72000 in 1 chunks
20220809 015928.741 DEBUG            PET1 VMK::recv():4898, size=57600 in 1 chunks
20220809 015928.764 DEBUG            PET1 VMK::recv():4898, size=72000 in 1 chunks
20220809 015928.766 DEBUG            PET1 VMK::send():4407, size=72000 in 1 chunks
20220809 015928.766 DEBUG            PET1 VMK::recv():4898, size=4 in 1 chunks
20220809 015928.767 DEBUG            PET1 VMK::send():4407, size=72000 in 1 chunks
20220809 015928.767 DEBUG            PET1 VMK::recv():4898, size=4 in 1 chunks
20220809 015928.769 DEBUG            PET1 VMK::send():4407, size=72000 in 1 chunks
20220809 015928.769 DEBUG            PET1 VMK::recv():4898, size=4 in 1 chunks
20220809 015928.775 DEBUG            PET1 VMK::send():4407, size=4 in 1 chunks
20220809 015928.775 DEBUG            PET1 VMK::recv():4898, size=158400 in 1 chunks
20220809 015928.775 DEBUG            PET1 VMK::recv():4898, size=158400 in 1 chunks
20220809 015928.775 DEBUG            PET1 VMK::recv():4898, size=158400 in 1 chunks
20220809 015928.776 DEBUG            PET1 VMK::send():4407, size=158400 in 1 chunks
20220809 015928.791 DEBUG            PET1 VMK::recv():4898, size=144000 in 1 chunks
20220809 015928.791 DEBUG            PET1 VMK::send():4407, size=4 in 1 chunks
20220809 015928.791 DEBUG            PET1 VMK::send():4407, size=316800 in 1 chunks
20220809 015928.910 DEBUG            PET1 VMK::send():4407, size=115200 in 1 chunks
20220809 015928.910 DEBUG            PET1 VMK::send():4407, size=115200 in 1 chunks
20220809 015928.910 DEBUG            PET1 VMK::send():4407, size=115200 in 1 chunks
20220809 015928.910 DEBUG            PET1 VMK::send():4407, size=115200 in 1 chunks
20220809 015928.911 DEBUG            PET1 VMK::send():4407, size=115200 in 1 chunks
20220809 015928.911 DEBUG            PET1 VMK::send():4407, size=115200 in 1 chunks
20220809 015928.911 DEBUG            PET1 VMK::send():4407, size=115200 in 1 chunks
20220809 015928.911 DEBUG            PET1 VMK::send():4407, size=115200 in 1 chunks
20220809 015928.912 DEBUG            PET1 VMK::send():4407, size=115200 in 1 chunks
20220809 015928.912 DEBUG            PET1 VMK::send():4407, size=115200 in 1 chunks
20220809 015928.940 DEBUG            PET1 VMK::send():4407, size=115200 in 1 chunks
20220809 015928.941 DEBUG            PET1 VMK::send():4407, size=115200 in 1 chunks
20220809 015928.941 DEBUG            PET1 VMK::send():4407, size=115200 in 1 chunks
20220809 015928.941 DEBUG            PET1 VMK::send():4407, size=115200 in 1 chunks
20220809 015928.941 DEBUG            PET1 VMK::send():4407, size=115200 in 1 chunks
20220809 015928.942 DEBUG            PET1 VMK::send():4407, size=115200 in 1 chunks
20220809 015928.942 DEBUG            PET1 VMK::send():4407, size=115200 in 1 chunks
20220809 015928.942 DEBUG            PET1 VMK::send():4407, size=115200 in 1 chunks
20220809 015928.942 DEBUG            PET1 VMK::send():4407, size=115200 in 1 chunks
20220809 015928.943 DEBUG            PET1 VMK::send():4407, size=115200 in 1 chunks
20220809 015928.971 DEBUG            PET1 VMK::send():4407, size=115200 in 1 chunks
20220809 015928.971 DEBUG            PET1 VMK::send():4407, size=115200 in 1 chunks
20220809 015928.971 DEBUG            PET1 VMK::send():4407, size=115200 in 1 chunks
20220809 015928.971 DEBUG            PET1 VMK::send():4407, size=115200 in 1 chunks
20220809 015928.972 DEBUG            PET1 VMK::send():4407, size=115200 in 1 chunks
20220809 015928.972 DEBUG            PET1 VMK::send():4407, size=115200 in 1 chunks
20220809 015928.972 DEBUG            PET1 VMK::send():4407, size=115200 in 1 chunks
20220809 015928.973 DEBUG            PET1 VMK::send():4407, size=115200 in 1 chunks
20220809 015928.973 DEBUG            PET1 VMK::send():4407, size=115200 in 1 chunks
20220809 015928.973 DEBUG            PET1 VMK::send():4407, size=115200 in 1 chunks
20220809 015929.001 DEBUG            PET1 VMK::send():4407, size=115200 in 1 chunks
20220809 015929.001 INFO             PET1 ESMF_FieldRedistStoreNF(): Leaving routine.
20220809 015929.001 DEBUG            PET1 VMK::recv():4898, size=8 in 1 chunks
20220809 015929.001 DEBUG            PET1 VMK::send():4175, size=8 in one chunk
20220809 015929.001 DEBUG            PET1 VMK::recv():4898, size=1085 in 1 chunks
20220809 015929.001 DEBUG            PET1 VMK::send():4175, size=1085 in one chunk
20220809 015929.003 DEBUG            PET1 VMK::send():4407, size=115200 in 1 chunks
20220809 015929.003 DEBUG            PET1 epochFinal
20220809 015929.003 INFO             PET1  NUMBER_OF_PROCESSORS           4
20220809 015929.003 INFO             PET1  PASS  Example ESMF_RHandleFromRHandleEx, ESMF_RHandleFromRHandleEx.F90, line 660
20220809 015929.003 INFO             PET1 Finalizing ESMF
20220809 015929.003 DEBUG            PET1 epochFinal
20220809 015928.622 INFO             PET2 !!!!!!!!!!!!!!!!!!!!!!!!!!!!!!!!!!!!!!!!!!!!!!!!!!!!!!
20220809 015928.622 INFO             PET2 !!! THE ESMF_LOG IS SET TO OUTPUT ALL LOG MESSAGES !!!
20220809 015928.622 INFO             PET2 !!!     THIS MAY CAUSE SLOWDOWN IN PERFORMANCE     !!!
20220809 015928.622 INFO             PET2 !!! FOR PRODUCTION RUNS, USE:                      !!!
20220809 015928.622 INFO             PET2 !!!                   ESMF_LOGKIND_Multi_On_Error  !!!
20220809 015928.622 INFO             PET2 !!!!!!!!!!!!!!!!!!!!!!!!!!!!!!!!!!!!!!!!!!!!!!!!!!!!!!
20220809 015928.622 INFO             PET2 Running with ESMF Version   : v8.3.0b17-30-g0de4558e1e
20220809 015928.622 INFO             PET2 ESMF library build date/time: "Aug  9 2022" "01:31:55"
20220809 015928.622 INFO             PET2 ESMF library build location : /discover/nobackup/projects/sbu/mpotts/esmf-test/gfortran_8.3.0_intelmpi_g_feature_large-messages/esmf
20220809 015928.622 INFO             PET2 ESMF_COMM                   : intelmpi
20220809 015928.622 INFO             PET2 ESMF_MOAB                   : enabled
20220809 015928.622 INFO             PET2 ESMF_LAPACK                 : enabled
20220809 015928.622 INFO             PET2 ESMF_NETCDF                 : disabled
20220809 015928.622 INFO             PET2 ESMF_PNETCDF                : disabled
20220809 015928.622 INFO             PET2 ESMF_PIO                    : disabled
20220809 015928.622 INFO             PET2 ESMF_YAMLCPP                : enabled
20220809 015928.623 DEBUG            PET2 epochInit
20220809 015928.700 INFO             PET2 ESMF_FieldRedistStoreNF(): Just entered routine.
20220809 015928.720 DEBUG            PET2 VMK::recv():4898, size=14400 in 1 chunks
20220809 015928.720 DEBUG            PET2 VMK::recv():4898, size=14400 in 1 chunks
20220809 015928.722 DEBUG            PET2 VMK::recv():4898, size=72000 in 1 chunks
20220809 015928.722 DEBUG            PET2 VMK::recv():4898, size=72000 in 1 chunks
20220809 015928.725 DEBUG            PET2 VMK::recv():4898, size=28800 in 1 chunks
20220809 015928.725 DEBUG            PET2 VMK::recv():4898, size=28800 in 1 chunks
20220809 015928.737 DEBUG            PET2 VMK::recv():4898, size=14400 in 1 chunks
20220809 015928.737 DEBUG            PET2 VMK::recv():4898, size=14400 in 1 chunks
20220809 015928.738 DEBUG            PET2 VMK::recv():4898, size=72000 in 1 chunks
20220809 015928.738 DEBUG            PET2 VMK::recv():4898, size=72000 in 1 chunks
20220809 015928.744 DEBUG            PET2 VMK::send():4407, size=57600 in 1 chunks
20220809 015928.748 DEBUG            PET2 VMK::send():4407, size=57600 in 1 chunks
20220809 015928.751 DEBUG            PET2 VMK::send():4407, size=57600 in 1 chunks
20220809 015928.764 DEBUG            PET2 VMK::recv():4898, size=72000 in 1 chunks
20220809 015928.764 DEBUG            PET2 VMK::recv():4898, size=72000 in 1 chunks
20220809 015928.768 DEBUG            PET2 VMK::send():4407, size=4 in 1 chunks
20220809 015928.769 DEBUG            PET2 VMK::send():4407, size=4 in 1 chunks
20220809 015928.770 DEBUG            PET2 VMK::send():4407, size=158400 in 1 chunks
20220809 015928.770 DEBUG            PET2 VMK::send():4407, size=158400 in 1 chunks
20220809 015928.774 DEBUG            PET2 VMK::send():4407, size=144000 in 1 chunks
20220809 015928.774 DEBUG            PET2 VMK::recv():4898, size=4 in 1 chunks
20220809 015928.777 DEBUG            PET2 VMK::send():4407, size=144000 in 1 chunks
20220809 015928.777 DEBUG            PET2 VMK::recv():4898, size=4 in 1 chunks
20220809 015928.781 DEBUG            PET2 VMK::send():4407, size=144000 in 1 chunks
20220809 015928.781 DEBUG            PET2 VMK::recv():4898, size=4 in 1 chunks
20220809 015928.797 DEBUG            PET2 VMK::recv():4898, size=316800 in 1 chunks
20220809 015928.797 DEBUG            PET2 VMK::recv():4898, size=316800 in 1 chunks
20220809 015928.797 DEBUG            PET2 VMK::recv():4898, size=316800 in 1 chunks
20220809 015928.910 DEBUG            PET2 VMK::recv():4898, size=115200 in 1 chunks
20220809 015928.910 DEBUG            PET2 VMK::recv():4898, size=115200 in 1 chunks
20220809 015928.910 DEBUG            PET2 VMK::recv():4898, size=115200 in 1 chunks
20220809 015928.910 DEBUG            PET2 VMK::recv():4898, size=115200 in 1 chunks
20220809 015928.910 DEBUG            PET2 VMK::recv():4898, size=115200 in 1 chunks
20220809 015928.910 DEBUG            PET2 VMK::recv():4898, size=115200 in 1 chunks
20220809 015928.910 DEBUG            PET2 VMK::recv():4898, size=115200 in 1 chunks
20220809 015928.910 DEBUG            PET2 VMK::recv():4898, size=115200 in 1 chunks
20220809 015928.911 DEBUG            PET2 VMK::recv():4898, size=115200 in 1 chunks
20220809 015928.911 DEBUG            PET2 VMK::recv():4898, size=115200 in 1 chunks
20220809 015928.911 DEBUG            PET2 VMK::recv():4898, size=115200 in 1 chunks
20220809 015928.911 DEBUG            PET2 VMK::recv():4898, size=115200 in 1 chunks
20220809 015928.911 DEBUG            PET2 VMK::recv():4898, size=115200 in 1 chunks
20220809 015928.911 DEBUG            PET2 VMK::recv():4898, size=115200 in 1 chunks
20220809 015928.911 DEBUG            PET2 VMK::recv():4898, size=115200 in 1 chunks
20220809 015928.912 DEBUG            PET2 VMK::recv():4898, size=115200 in 1 chunks
20220809 015928.912 DEBUG            PET2 VMK::recv():4898, size=115200 in 1 chunks
20220809 015928.912 DEBUG            PET2 VMK::recv():4898, size=115200 in 1 chunks
20220809 015928.912 DEBUG            PET2 VMK::recv():4898, size=115200 in 1 chunks
20220809 015928.912 DEBUG            PET2 VMK::recv():4898, size=115200 in 1 chunks
20220809 015928.940 DEBUG            PET2 VMK::recv():4898, size=115200 in 1 chunks
20220809 015928.940 DEBUG            PET2 VMK::recv():4898, size=115200 in 1 chunks
20220809 015928.940 DEBUG            PET2 VMK::recv():4898, size=115200 in 1 chunks
20220809 015928.940 DEBUG            PET2 VMK::recv():4898, size=115200 in 1 chunks
20220809 015928.941 DEBUG            PET2 VMK::recv():4898, size=115200 in 1 chunks
20220809 015928.941 DEBUG            PET2 VMK::recv():4898, size=115200 in 1 chunks
20220809 015928.941 DEBUG            PET2 VMK::recv():4898, size=115200 in 1 chunks
20220809 015928.941 DEBUG            PET2 VMK::recv():4898, size=115200 in 1 chunks
20220809 015928.941 DEBUG            PET2 VMK::recv():4898, size=115200 in 1 chunks
20220809 015928.941 DEBUG            PET2 VMK::recv():4898, size=115200 in 1 chunks
20220809 015928.942 DEBUG            PET2 VMK::recv():4898, size=115200 in 1 chunks
20220809 015928.942 DEBUG            PET2 VMK::recv():4898, size=115200 in 1 chunks
20220809 015928.942 DEBUG            PET2 VMK::recv():4898, size=115200 in 1 chunks
20220809 015928.942 DEBUG            PET2 VMK::recv():4898, size=115200 in 1 chunks
20220809 015928.942 DEBUG            PET2 VMK::recv():4898, size=115200 in 1 chunks
20220809 015928.942 DEBUG            PET2 VMK::recv():4898, size=115200 in 1 chunks
20220809 015928.942 DEBUG            PET2 VMK::recv():4898, size=115200 in 1 chunks
20220809 015928.942 DEBUG            PET2 VMK::recv():4898, size=115200 in 1 chunks
20220809 015928.943 DEBUG            PET2 VMK::recv():4898, size=115200 in 1 chunks
20220809 015928.943 DEBUG            PET2 VMK::recv():4898, size=115200 in 1 chunks
20220809 015928.971 DEBUG            PET2 VMK::recv():4898, size=115200 in 1 chunks
20220809 015928.971 DEBUG            PET2 VMK::recv():4898, size=115200 in 1 chunks
20220809 015928.971 DEBUG            PET2 VMK::recv():4898, size=115200 in 1 chunks
20220809 015928.971 DEBUG            PET2 VMK::recv():4898, size=115200 in 1 chunks
20220809 015928.971 DEBUG            PET2 VMK::recv():4898, size=115200 in 1 chunks
20220809 015928.971 DEBUG            PET2 VMK::recv():4898, size=115200 in 1 chunks
20220809 015928.971 DEBUG            PET2 VMK::recv():4898, size=115200 in 1 chunks
20220809 015928.971 DEBUG            PET2 VMK::recv():4898, size=115200 in 1 chunks
20220809 015928.972 DEBUG            PET2 VMK::recv():4898, size=115200 in 1 chunks
20220809 015928.972 DEBUG            PET2 VMK::recv():4898, size=115200 in 1 chunks
20220809 015928.972 DEBUG            PET2 VMK::recv():4898, size=115200 in 1 chunks
20220809 015928.972 DEBUG            PET2 VMK::recv():4898, size=115200 in 1 chunks
20220809 015928.972 DEBUG            PET2 VMK::recv():4898, size=115200 in 1 chunks
20220809 015928.972 DEBUG            PET2 VMK::recv():4898, size=115200 in 1 chunks
20220809 015928.973 DEBUG            PET2 VMK::recv():4898, size=115200 in 1 chunks
20220809 015928.973 DEBUG            PET2 VMK::recv():4898, size=115200 in 1 chunks
20220809 015928.973 DEBUG            PET2 VMK::recv():4898, size=115200 in 1 chunks
20220809 015928.973 DEBUG            PET2 VMK::recv():4898, size=115200 in 1 chunks
20220809 015928.973 DEBUG            PET2 VMK::recv():4898, size=115200 in 1 chunks
20220809 015928.973 DEBUG            PET2 VMK::recv():4898, size=115200 in 1 chunks
20220809 015929.001 DEBUG            PET2 VMK::recv():4898, size=115200 in 1 chunks
20220809 015929.001 DEBUG            PET2 VMK::recv():4898, size=115200 in 1 chunks
20220809 015929.001 INFO             PET2 ESMF_FieldRedistStoreNF(): Leaving routine.
20220809 015929.002 DEBUG            PET2 VMK::send():4175, size=8 in one chunk
20220809 015929.002 DEBUG            PET2 VMK::send():4175, size=1385739 in one chunk
20220809 015929.003 DEBUG            PET2 epochFinal
20220809 015929.003 INFO             PET2  NUMBER_OF_PROCESSORS           4
20220809 015929.003 INFO             PET2  PASS  Example ESMF_RHandleFromRHandleEx, ESMF_RHandleFromRHandleEx.F90, line 660
20220809 015929.003 INFO             PET2 Finalizing ESMF
20220809 015929.003 DEBUG            PET2 epochFinal
20220809 015928.622 INFO             PET3 !!!!!!!!!!!!!!!!!!!!!!!!!!!!!!!!!!!!!!!!!!!!!!!!!!!!!!
20220809 015928.622 INFO             PET3 !!! THE ESMF_LOG IS SET TO OUTPUT ALL LOG MESSAGES !!!
20220809 015928.622 INFO             PET3 !!!     THIS MAY CAUSE SLOWDOWN IN PERFORMANCE     !!!
20220809 015928.622 INFO             PET3 !!! FOR PRODUCTION RUNS, USE:                      !!!
20220809 015928.622 INFO             PET3 !!!                   ESMF_LOGKIND_Multi_On_Error  !!!
20220809 015928.622 INFO             PET3 !!!!!!!!!!!!!!!!!!!!!!!!!!!!!!!!!!!!!!!!!!!!!!!!!!!!!!
20220809 015928.622 INFO             PET3 Running with ESMF Version   : v8.3.0b17-30-g0de4558e1e
20220809 015928.622 INFO             PET3 ESMF library build date/time: "Aug  9 2022" "01:31:55"
20220809 015928.622 INFO             PET3 ESMF library build location : /discover/nobackup/projects/sbu/mpotts/esmf-test/gfortran_8.3.0_intelmpi_g_feature_large-messages/esmf
20220809 015928.622 INFO             PET3 ESMF_COMM                   : intelmpi
20220809 015928.623 INFO             PET3 ESMF_MOAB                   : enabled
20220809 015928.623 INFO             PET3 ESMF_LAPACK                 : enabled
20220809 015928.623 INFO             PET3 ESMF_NETCDF                 : disabled
20220809 015928.623 INFO             PET3 ESMF_PNETCDF                : disabled
20220809 015928.623 INFO             PET3 ESMF_PIO                    : disabled
20220809 015928.623 INFO             PET3 ESMF_YAMLCPP                : enabled
20220809 015928.623 DEBUG            PET3 epochInit
20220809 015928.700 INFO             PET3 ESMF_FieldRedistStoreNF(): Just entered routine.
20220809 015928.720 DEBUG            PET3 VMK::recv():4898, size=14400 in 1 chunks
20220809 015928.720 DEBUG            PET3 VMK::recv():4898, size=14400 in 1 chunks
20220809 015928.721 DEBUG            PET3 VMK::recv():4898, size=72000 in 1 chunks
20220809 015928.721 DEBUG            PET3 VMK::recv():4898, size=72000 in 1 chunks
20220809 015928.725 DEBUG            PET3 VMK::recv():4898, size=28800 in 1 chunks
20220809 015928.725 DEBUG            PET3 VMK::recv():4898, size=28800 in 1 chunks
20220809 015928.737 DEBUG            PET3 VMK::recv():4898, size=14400 in 1 chunks
20220809 015928.737 DEBUG            PET3 VMK::recv():4898, size=14400 in 1 chunks
20220809 015928.738 DEBUG            PET3 VMK::recv():4898, size=72000 in 1 chunks
20220809 015928.738 DEBUG            PET3 VMK::recv():4898, size=72000 in 1 chunks
20220809 015928.741 DEBUG            PET3 VMK::recv():4898, size=57600 in 1 chunks
20220809 015928.764 DEBUG            PET3 VMK::recv():4898, size=72000 in 1 chunks
20220809 015928.764 DEBUG            PET3 VMK::recv():4898, size=72000 in 1 chunks
20220809 015928.766 DEBUG            PET3 VMK::send():4407, size=4 in 1 chunks
20220809 015928.768 DEBUG            PET3 VMK::send():4407, size=4 in 1 chunks
20220809 015928.768 DEBUG            PET3 VMK::send():4407, size=158400 in 1 chunks
20220809 015928.768 DEBUG            PET3 VMK::send():4407, size=158400 in 1 chunks
20220809 015928.768 DEBUG            PET3 VMK::recv():4898, size=144000 in 1 chunks
20220809 015928.781 DEBUG            PET3 VMK::send():4407, size=4 in 1 chunks
20220809 015928.782 DEBUG            PET3 VMK::send():4407, size=316800 in 1 chunks
20220809 015929.001 INFO             PET3 ESMF_FieldRedistStoreNF(): Leaving routine.
20220809 015929.001 DEBUG            PET3 VMK::recv():4898, size=8 in 1 chunks
20220809 015929.002 DEBUG            PET3 VMK::recv():4898, size=1385739 in 1 chunks
20220809 015929.004 DEBUG            PET3 VMK::recv():4898, size=115200 in 1 chunks
20220809 015929.004 DEBUG            PET3 VMK::recv():4898, size=115200 in 1 chunks
20220809 015929.005 DEBUG            PET3 epochFinal
20220809 015929.005 INFO             PET3  NUMBER_OF_PROCESSORS           4
20220809 015929.005 INFO             PET3  PASS  Example ESMF_RHandleFromRHandleEx, ESMF_RHandleFromRHandleEx.F90, line 660
20220809 015929.005 INFO             PET3 Finalizing ESMF
20220809 015929.005 DEBUG            PET3 epochFinal
