2022-09-01 02:36:08
20220901 025739.683 INFO             PET0 !!!!!!!!!!!!!!!!!!!!!!!!!!!!!!!!!!!!!!!!!!!!!!!!!!!!!!
20220901 025739.683 INFO             PET0 !!! THE ESMF_LOG IS SET TO OUTPUT ALL LOG MESSAGES !!!
20220901 025739.683 INFO             PET0 !!!     THIS MAY CAUSE SLOWDOWN IN PERFORMANCE     !!!
20220901 025739.683 INFO             PET0 !!! FOR PRODUCTION RUNS, USE:                      !!!
20220901 025739.683 INFO             PET0 !!!                   ESMF_LOGKIND_Multi_On_Error  !!!
20220901 025739.683 INFO             PET0 !!!!!!!!!!!!!!!!!!!!!!!!!!!!!!!!!!!!!!!!!!!!!!!!!!!!!!
20220901 025739.683 INFO             PET0 Running with ESMF Version   : v8.4.0b11
20220901 025739.683 INFO             PET0 ESMF library build date/time: "Sep  1 2022" "02:35:01"
20220901 025739.683 INFO             PET0 ESMF library build location : /work/noaa/da/mpotts/sandbox/gfortran_8.3.0_mpiuni_g_develop/esmf
20220901 025739.683 INFO             PET0 ESMF_COMM                   : mpiuni
20220901 025739.684 INFO             PET0 ESMF_MOAB                   : enabled
20220901 025739.684 INFO             PET0 ESMF_LAPACK                 : enabled
20220901 025739.684 INFO             PET0 ESMF_NETCDF                 : enabled
20220901 025739.684 INFO             PET0 ESMF_PNETCDF                : disabled
20220901 025739.684 INFO             PET0 ESMF_PIO                    : disabled
20220901 025739.684 INFO             PET0 ESMF_YAMLCPP                : enabled
20220901 025739.684 INFO             PET0 ESMF Tracing Enabled
20220901 025739.684 INFO             PET0 ESMF Profiling Enabled
20220901 025739.684 INFO             PET0 ESMF Trace/Profile clock: REALTIME
20220901 025739.686 INFO             PET0  NUMBER_OF_PROCESSORS           1
20220901 025739.686 INFO             PET0  PASS  Example ESMF_TraceEx, ESMF_TraceEx.F90, line 178
20220901 025739.686 INFO             PET0 Finalizing ESMF
20220901 025739.687 INFO             PET0 **************** Region Timings *******************
20220901 025739.687 INFO             PET0 Region              Count  Total (s)   Self (s)    Mean (s)    Min (s)     Max (s)
20220901 025739.687 INFO             PET0   [ESMF]            1      0.0012      0.0012      0.0012      0.0012      0.0012
20220901 025739.687 INFO             PET0     [test] Run 1    5      0.0000      0.0000      0.0000      0.0000      0.0000
20220901 025739.687 INFO             PET0     [test] Init 1   1      0.0000      0.0000      0.0000      0.0000      0.0000
20220901 025739.687 INFO             PET0     [test] Final 1  1      0.0000      0.0000      0.0000      0.0000      0.0000
