2022-09-16 00:40:22
20220916 022224.292 INFO             PET0 !!!!!!!!!!!!!!!!!!!!!!!!!!!!!!!!!!!!!!!!!!!!!!!!!!!!!!
20220916 022224.292 INFO             PET0 !!! THE ESMF_LOG IS SET TO OUTPUT ALL LOG MESSAGES !!!
20220916 022224.292 INFO             PET0 !!!     THIS MAY CAUSE SLOWDOWN IN PERFORMANCE     !!!
20220916 022224.292 INFO             PET0 !!! FOR PRODUCTION RUNS, USE:                      !!!
20220916 022224.292 INFO             PET0 !!!                   ESMF_LOGKIND_Multi_On_Error  !!!
20220916 022224.292 INFO             PET0 !!!!!!!!!!!!!!!!!!!!!!!!!!!!!!!!!!!!!!!!!!!!!!!!!!!!!!
20220916 022224.292 INFO             PET0 Running with ESMF Version   : v8.4.0b13-86-g917d0ae52c
20220916 022224.292 INFO             PET0 ESMF library build date/time: "Sep 16 2022" "00:38:41"
20220916 022224.292 INFO             PET0 ESMF library build location : /lustre/f2/dev/Mark.Potts/esmf-test/gfortran_8.3.0_mpiuni_g_develop/esmf
20220916 022224.292 INFO             PET0 ESMF_COMM                   : mpiuni
20220916 022224.293 INFO             PET0 ESMF_MOAB                   : enabled
20220916 022224.293 INFO             PET0 ESMF_LAPACK                 : enabled
20220916 022224.293 INFO             PET0 ESMF_NETCDF                 : enabled
20220916 022224.293 INFO             PET0 ESMF_PNETCDF                : disabled
20220916 022224.293 INFO             PET0 ESMF_PIO                    : disabled
20220916 022224.293 INFO             PET0 ESMF_YAMLCPP                : enabled
20220916 022224.352 ERROR            PET0 ESMCI_Info.C:1289 Info::set(<json>) Cannot set value  - Error/Return Code 540 (ESMC_RC_CANNOT_SET) - Key '/myIntegerKey' already in map and force=false.
20220916 022224.352 ERROR            PET0 ESMCI_Info.C:1292 Info::set(<json>) Cannot set value  - Internal subroutine call returned Error
20220916 022224.352 ERROR            PET0 ESMCI_Info.C:1334 Info::set(<json>) Cannot set value  - Internal subroutine call returned Error
20220916 022224.352 ERROR            PET0 ESMCI_Info.C:1337 Info::set(<json>) Cannot set value  - Internal subroutine call returned Error
20220916 022224.352 ERROR            PET0 ESMCI_Info.C:1385 Info::set(<scalar>) Cannot set value  - Internal subroutine call returned Error
20220916 022224.352 ERROR            PET0 ESMC_InfoCDefGeneric.C:387 ESMC_InfoSetI4() Cannot set value  - Internal subroutine call returned Error
20220916 022224.352 ERROR            PET0 ESMF_Info.F90:2866 ESMF_InfoSetI4() Cannot set value  - Internal subroutine call returned Error
20220916 022224.352 INFO             PET0  NUMBER_OF_PROCESSORS           1
20220916 022224.352 INFO             PET0  PASS  Example ESMF_InfoTutorialEx, ESMF_InfoTutorialEx.F90, line 335
20220916 022224.352 INFO             PET0 Finalizing ESMF
