2022-09-17 01:17:33
20220917 013737.483 INFO             PET0 !!!!!!!!!!!!!!!!!!!!!!!!!!!!!!!!!!!!!!!!!!!!!!!!!!!!!!
20220917 013737.483 INFO             PET0 !!! THE ESMF_LOG IS SET TO OUTPUT ALL LOG MESSAGES !!!
20220917 013737.483 INFO             PET0 !!!     THIS MAY CAUSE SLOWDOWN IN PERFORMANCE     !!!
20220917 013737.483 INFO             PET0 !!! FOR PRODUCTION RUNS, USE:                      !!!
20220917 013737.483 INFO             PET0 !!!                   ESMF_LOGKIND_Multi_On_Error  !!!
20220917 013737.483 INFO             PET0 !!!!!!!!!!!!!!!!!!!!!!!!!!!!!!!!!!!!!!!!!!!!!!!!!!!!!!
20220917 013737.483 INFO             PET0 Running with ESMF Version   : v8.3.1b05-5-gff97e84dbf
20220917 013737.483 INFO             PET0 ESMF library build date/time: "Sep 17 2022" "01:16:29"
20220917 013737.483 INFO             PET0 ESMF library build location : /discover/nobackup/projects/sbu/mpotts/esmf-test/gfortran_10.1.0_intelmpi_O_patch_8.3.1/esmf
20220917 013737.483 INFO             PET0 ESMF_COMM                   : intelmpi
20220917 013737.483 INFO             PET0 ESMF_MOAB                   : enabled
20220917 013737.483 INFO             PET0 ESMF_LAPACK                 : enabled
20220917 013737.483 INFO             PET0 ESMF_NETCDF                 : disabled
20220917 013737.483 INFO             PET0 ESMF_PNETCDF                : disabled
20220917 013737.483 INFO             PET0 ESMF_PIO                    : disabled
20220917 013737.484 INFO             PET0 ESMF_YAMLCPP                : enabled
20220917 013737.484 INFO             PET0 mainApp STARTING
20220917 013737.486 INFO             PET0 driver: InitializeP1 intro.
20220917 013737.486 INFO             PET0   driver: InitializeIPDv02p1 intro.
20220917 013737.486 INFO             PET0     >>>driver: entered Initialize (phase=<none>) without valid internal Clock.
20220917 013737.486 INFO             PET0     driver - Creating model component MODEL without petList.
20220917 013737.487 INFO             PET0      GridCompIsPetLocal:  T
20220917 013737.487 INFO             PET0      VmIsCreated:  T
20220917 013737.487 INFO             PET0      valid MPI_COMM with size=           4
20220917 013737.488 INFO             PET0     driver - Creating state: modelComp 1 Import State
20220917 013737.488 INFO             PET0     driver - Creating state: modelComp 1 Export State
20220917 013737.488 INFO             PET0     MODEL: InitializeP0 intro.
20220917 013737.488 INFO             PET0       >>>MODEL: entered Initialize (phase=<none>) without valid internal Clock.
20220917 013737.488 INFO             PET0       <<<MODEL: leaving Initialize (phase=<none>) without valid internal Clock.
20220917 013737.488 INFO             PET0     MODEL: InitializeP0 extro.
20220917 013737.489 INFO             PET0     driver: IInitAdvertise intro.
20220917 013737.489 INFO             PET0     driver: IInitAdvertise extro.
20220917 013737.489 INFO             PET0     MODEL: InitializeIPDvXp01 intro.
20220917 013737.489 INFO             PET0       >>>MODEL: entered Initialize (phase=IPDvXp01) without valid internal Clock.
20220917 013737.490 INFO             PET0       <<<MODEL: leaving Initialize (phase=IPDvXp01) without valid internal Clock.
20220917 013737.490 INFO             PET0     MODEL: InitializeIPDvXp01 extro.
20220917 013737.490 INFO             PET0     driver: IInitAdvertiseFinish intro.
20220917 013737.490 INFO             PET0     driver: IInitAdvertiseFinish extro.
20220917 013737.490 INFO             PET0     driver: IInitModifyCplLists intro.
20220917 013737.490 INFO             PET0     driver: IInitModifyCplLists extro.
20220917 013737.490 INFO             PET0     <<<driver: leaving Initialize (phase=<none>) with current time:    0  1  1  0  0  0   0
20220917 013737.490 INFO             PET0   driver: InitializeIPDv02p1 extro.
20220917 013737.490 INFO             PET0   driver: InitializeIPDv02p3 intro.
20220917 013737.490 INFO             PET0     >>>driver: entered Initialize (phase=<none>) with current time:    0  1  1  0  0  0   0
20220917 013737.490 INFO             PET0     driver: IInitCheck intro.
20220917 013737.490 INFO             PET0     driver: IInitCheck extro.
20220917 013737.490 INFO             PET0     MODEL: InitializeIPDvXp04 intro.
20220917 013737.490 INFO             PET0       >>>MODEL: entered Initialize (phase=IPDvXp04) without valid internal Clock.
20220917 013737.492 INFO             PET0       After Realize: - MemInfo: [/proc/meminfo - SSI]	MemTotal:       196174516 kB
20220917 013737.492 INFO             PET0       After Realize: - MemInfo: [/proc/meminfo - SSI]	MemFree:        184027992 kB
20220917 013737.492 INFO             PET0       After Realize: - MemInfo: [/proc/meminfo - SSI]	MemAvailable:   169144156 kB
20220917 013737.492 INFO             PET0       After Realize: - MemInfo: [/proc/meminfo - SSI]	Committed_AS:    3826412 kB
20220917 013737.492 INFO             PET0       After Realize: - MemInfo: [/proc/meminfo - SSI]	CommittedPercent: 1.95051 %
20220917 013737.492 INFO             PET0       After Realize: - MemInfo: [/proc/self/status]	VmPeak:	 3684492 kB
20220917 013737.492 INFO             PET0       After Realize: - MemInfo: [/proc/self/status]	VmSize:	 3675636 kB
20220917 013737.492 INFO             PET0       After Realize: - MemInfo: [/proc/self/status]	VmLck:	       0 kB
20220917 013737.492 INFO             PET0       After Realize: - MemInfo: [/proc/self/status]	VmPin:	   82140 kB
20220917 013737.492 INFO             PET0       After Realize: - MemInfo: [/proc/self/status]	VmHWM:	  140916 kB
20220917 013737.492 INFO             PET0       After Realize: - MemInfo: [/proc/self/status]	VmRSS:	  140916 kB
20220917 013737.492 INFO             PET0       After Realize: - MemInfo: [/proc/self/status]	VmData:	  193028 kB
20220917 013737.492 INFO             PET0       After Realize: - MemInfo: [/proc/self/status]	VmStk:	     156 kB
20220917 013737.492 INFO             PET0       After Realize: - MemInfo: [/proc/self/status]	VmExe:	      24 kB
20220917 013737.492 INFO             PET0       After Realize: - MemInfo: [/proc/self/status]	VmLib:	   50968 kB
20220917 013737.492 INFO             PET0       After Realize: - MemInfo: [/proc/self/status]	VmPTE:	     692 kB
20220917 013737.492 INFO             PET0       After Realize: - MemInfo: [/proc/self/status]	VmPMD:	      40 kB
20220917 013737.492 INFO             PET0       After Realize: - MemInfo: [/proc/self/status]	VmSwap:	       0 kB
20220917 013737.492 INFO             PET0       After Realize: - MemInfo: [/proc/self/status]	VmRSSPercent: 0.071832 %
20220917 013737.492 INFO             PET0       After Realize: - MemInfo: [malloc] Non-mmapped space allocated:                 3485696 Byte
20220917 013737.492 INFO             PET0       After Realize: - MemInfo: [malloc] Space allocated in mmapped regions:         85999616 Byte
20220917 013737.492 INFO             PET0       After Realize: - MemInfo: [malloc] Maximum total allocated space:                     0 Byte
20220917 013737.492 INFO             PET0       After Realize: - MemInfo: [malloc] Space in freed fastbin blocks:                  2160 Byte
20220917 013737.492 INFO             PET0       After Realize: - MemInfo: [malloc] Total allocated space:                       3231776 Byte
20220917 013737.492 INFO             PET0       After Realize: - MemInfo: [malloc] Total free space:                             253920 Byte
20220917 013737.492 INFO             PET0       After Realize: - MemInfo: [malloc] Top-most, releasable space:                   119600 Byte
20220917 013737.492 INFO             PET0       After Realize: - MemInfo: [malloc] Total space in use, mmap + non-mmap:        89231392 Byte
20220917 013737.492 INFO             PET0       After Realize: - MemInfo: [malloc] Total space held (mmap + non-mmap):         89485312 Byte
20220917 013737.492 INFO             PET0       After Realize: - MemInfo: [malloc] Total space used (mmap + non-mmap):         89241616 Byte
20220917 013737.492 INFO             PET0       After Realize: - MemInfo: Wall-clock time since execution start:              0.0156127 seconds
20220917 013737.492 INFO             PET0       <<<MODEL: leaving Initialize (phase=IPDvXp04) without valid internal Clock.
20220917 013737.492 INFO             PET0     MODEL: InitializeIPDvXp04 extro.
20220917 013737.492 INFO             PET0     driver: IInitRealize intro.
20220917 013737.492 INFO             PET0     driver: IInitRealize extro.
20220917 013737.492 INFO             PET0     MODEL: InitializeIPDvXp07 intro.
20220917 013737.492 INFO             PET0       >>>MODEL: entered Initialize (phase=IPDvXp07) without valid internal Clock.
20220917 013737.493 INFO             PET0       <<<MODEL: leaving Initialize (phase=IPDvXp07) with current time:    0  1  1  0  0  0   0
20220917 013737.493 INFO             PET0     MODEL: InitializeIPDvXp07 extro.
20220917 013737.493 INFO             PET0     <<<driver: leaving Initialize (phase=<none>) with current time:    0  1  1  0  0  0   0
20220917 013737.493 INFO             PET0   driver: InitializeIPDv02p3 extro.
20220917 013737.493 INFO             PET0   driver: InitializeIPDv02p5 intro.
20220917 013737.493 INFO             PET0     >>>driver: entered Initialize (phase=<none>) with current time:    0  1  1  0  0  0   0
20220917 013737.493 INFO             PET0     driver: this is a top level driver, no 'Updated' and 'InitializeDataComplete' info on this level.
20220917 013737.493 INFO             PET0     driver: InitializeIPDv02p5Data intro.
20220917 013737.493 INFO             PET0       driver: InternalInitializeComplete intro.
20220917 013737.493 INFO             PET0         driver: InitializeDataComplete='true'
20220917 013737.493 INFO             PET0       driver: InternalInitializeComplete extro.
20220917 013737.493 INFO             PET0       MODEL: InitializeIPDvXp08 intro.
20220917 013737.493 INFO             PET0         >>>MODEL: entered Initialize (phase=IPDv05p8) with current time:    0  1  1  0  0  0   0
20220917 013737.493 INFO             PET0         MODEL: InitializeDataProgress='false', InitializeDataComplete='false'
20220917 013737.493 INFO             PET0         <<<MODEL: leaving Initialize (phase=IPDv05p8) with current time:    0  1  1  0  0  0   0
20220917 013737.493 INFO             PET0       MODEL: InitializeIPDvXp08 extro.
20220917 013737.493 INFO             PET0       driver: components present that trigger loopDataDependentInitialize().
20220917 013737.493 INFO             PET0       driver: loopDataDependentInitialize intro.
20220917 013737.493 INFO             PET0         driver: component    0=driver, dataComplete (local): true
20220917 013737.493 INFO             PET0         driver: component    0=driver, dataComplete (global): T
20220917 013737.493 INFO             PET0         driver: component    1=MODEL, dataComplete (local): false
20220917 013737.493 INFO             PET0         driver: component    1=MODEL, dataComplete (global): F
20220917 013737.493 INFO             PET0         MODEL: InitializeIPDvXp08 intro.
20220917 013737.493 INFO             PET0           >>>MODEL: entered Initialize (phase=IPDv05p8) with current time:    0  1  1  0  0  0   0
20220917 013737.493 INFO             PET0           MODEL: InitializeDataProgress='true', InitializeDataComplete='true'
20220917 013737.493 INFO             PET0           <<<MODEL: leaving Initialize (phase=IPDv05p8) with current time:    0  1  1  0  0  0   0
20220917 013737.493 INFO             PET0         MODEL: InitializeIPDvXp08 extro.
20220917 013737.494 INFO             PET0         driver: component    1=MODEL, someProgress (local): true
20220917 013737.494 INFO             PET0         driver: component    1=MODEL, someProgress (global): T
20220917 013737.494 INFO             PET0         driver: someProgress=T, allComplete=F, present(dataDepAllComplete)=T
20220917 013737.494 INFO             PET0         driver: component    0=driver, dataComplete (local): true
20220917 013737.494 INFO             PET0         driver: component    0=driver, dataComplete (global): T
20220917 013737.494 INFO             PET0         driver: component    1=MODEL, dataComplete (local): true
20220917 013737.494 INFO             PET0         driver: component    1=MODEL, dataComplete (global): T
20220917 013737.494 INFO             PET0         driver: someProgress=F, allComplete=T, present(dataDepAllComplete)=T
20220917 013737.494 INFO             PET0         driver: finished resolving initialize data dependencies on this level.
20220917 013737.494 INFO             PET0       driver: loopDataDependentInitialize extro.
20220917 013737.494 INFO             PET0       driver: loopDataDependentInitialize() returned with dataDepAllComplete: T
20220917 013737.494 INFO             PET0     driver: InitializeIPDv02p5Data extro.
20220917 013737.494 INFO             PET0     <<<driver: leaving Initialize (phase=<none>) with current time:    0  1  1  0  0  0   0
20220917 013737.494 INFO             PET0   driver: InitializeIPDv02p5 extro.
20220917 013737.494 INFO             PET0 driver: InitializeP1 extro.
20220917 013737.494 INFO             PET0 driver: Run intro.
20220917 013737.494 INFO             PET0   >>>driver entered Run (phase=RunPhase1) with current time:    0  1  1  0  0  0   0
20220917 013737.494 INFO             PET0   driver: after lable_SetRunClock, current time:    0  1  1  0  0  0   0
20220917 013737.494 INFO             PET0   driver: begin -------> RunSequence.
20220917 013737.494 INFO             PET0     driver: RunSequence event loopLevel=   1  levelMember=   1  loopIteration=   1, current time:    0  1  1  0  0  0   0
20220917 013737.494 INFO             PET0     MODEL: Run intro.
20220917 013737.494 INFO             PET0       >>>MODEL: entered Run (phase=RunPhase1) with current time:    0  1  1  0  0  0   0
20220917 013737.494 INFO             PET0       MODEL: time step-loop starting, current time:    0  1  1  0  0  0   0
20220917 013737.494 INFO             PET0       thread_num=   1   currentSsiPe=   2   num_threads=   3   max_threads=   3   num_procs=  11
20220917 013737.494 INFO             PET0       thread_num=   0   currentSsiPe=   0   num_threads=   3   max_threads=   3   num_procs=  11
20220917 013737.494 INFO             PET0       thread_num=   2   currentSsiPe=   3   num_threads=   3   max_threads=   3   num_procs=  11
20220917 013737.494 INFO             PET0       ---->Advancing Model from:    0  1  1  0  0  0   0
20220917 013737.494 INFO             PET0       ---------------------> to:    0  1  1  0  0 30   0
20220917 013737.494 INFO             PET0       MODEL: time step-loop ending,   current time:    0  1  1  0  0 30   0
20220917 013737.494 INFO             PET0       <<<MODEL: leaving Run (phase=RunPhase1) with current time:    0  1  1  0  0 30   0
20220917 013737.494 INFO             PET0     MODEL: Run extro.
20220917 013737.494 INFO             PET0     driver: RunSequence event loopLevel=   1  levelMember=   1  loopIteration=   2, current time:    0  1  1  0  0 30   0
20220917 013737.494 INFO             PET0     MODEL: Run intro.
20220917 013737.494 INFO             PET0       >>>MODEL: entered Run (phase=RunPhase1) with current time:    0  1  1  0  0 30   0
20220917 013737.494 INFO             PET0       MODEL: time step-loop starting, current time:    0  1  1  0  0 30   0
20220917 013737.494 INFO             PET0       thread_num=   2   currentSsiPe=   3   num_threads=   3   max_threads=   3   num_procs=  11
20220917 013737.494 INFO             PET0       thread_num=   1   currentSsiPe=   2   num_threads=   3   max_threads=   3   num_procs=  11
20220917 013737.494 INFO             PET0       thread_num=   0   currentSsiPe=   0   num_threads=   3   max_threads=   3   num_procs=  11
20220917 013737.494 INFO             PET0       ---->Advancing Model from:    0  1  1  0  0 30   0
20220917 013737.494 INFO             PET0       ---------------------> to:    0  1  1  0  1  0   0
20220917 013737.494 INFO             PET0       MODEL: time step-loop ending,   current time:    0  1  1  0  1  0   0
20220917 013737.494 INFO             PET0       <<<MODEL: leaving Run (phase=RunPhase1) with current time:    0  1  1  0  1  0   0
20220917 013737.494 INFO             PET0     MODEL: Run extro.
20220917 013737.494 INFO             PET0     driver: RunSequence event loopLevel=   1  levelMember=   1  loopIteration=   3, current time:    0  1  1  0  1  0   0
20220917 013737.494 INFO             PET0     MODEL: Run intro.
20220917 013737.494 INFO             PET0       >>>MODEL: entered Run (phase=RunPhase1) with current time:    0  1  1  0  1  0   0
20220917 013737.495 INFO             PET0       MODEL: time step-loop starting, current time:    0  1  1  0  1  0   0
20220917 013737.495 INFO             PET0       thread_num=   1   currentSsiPe=   2   num_threads=   3   max_threads=   3   num_procs=  11
20220917 013737.495 INFO             PET0       thread_num=   0   currentSsiPe=   0   num_threads=   3   max_threads=   3   num_procs=  11
20220917 013737.495 INFO             PET0       thread_num=   2   currentSsiPe=   3   num_threads=   3   max_threads=   3   num_procs=  11
20220917 013737.495 INFO             PET0       ---->Advancing Model from:    0  1  1  0  1  0   0
20220917 013737.495 INFO             PET0       ---------------------> to:    0  1  1  0  1 30   0
20220917 013737.495 INFO             PET0       MODEL: time step-loop ending,   current time:    0  1  1  0  1 30   0
20220917 013737.495 INFO             PET0       <<<MODEL: leaving Run (phase=RunPhase1) with current time:    0  1  1  0  1 30   0
20220917 013737.495 INFO             PET0     MODEL: Run extro.
20220917 013737.495 INFO             PET0     driver: RunSequence event loopLevel=   1  levelMember=   1  loopIteration=   4, current time:    0  1  1  0  1 30   0
20220917 013737.495 INFO             PET0     MODEL: Run intro.
20220917 013737.495 INFO             PET0       >>>MODEL: entered Run (phase=RunPhase1) with current time:    0  1  1  0  1 30   0
20220917 013737.495 INFO             PET0       MODEL: time step-loop starting, current time:    0  1  1  0  1 30   0
20220917 013737.495 INFO             PET0       thread_num=   1   currentSsiPe=   2   num_threads=   3   max_threads=   3   num_procs=  11
20220917 013737.495 INFO             PET0       thread_num=   0   currentSsiPe=   0   num_threads=   3   max_threads=   3   num_procs=  11
20220917 013737.495 INFO             PET0       thread_num=   2   currentSsiPe=   3   num_threads=   3   max_threads=   3   num_procs=  11
20220917 013737.495 INFO             PET0       ---->Advancing Model from:    0  1  1  0  1 30   0
20220917 013737.495 INFO             PET0       ---------------------> to:    0  1  1  0  2  0   0
20220917 013737.495 INFO             PET0       MODEL: time step-loop ending,   current time:    0  1  1  0  2  0   0
20220917 013737.495 INFO             PET0       <<<MODEL: leaving Run (phase=RunPhase1) with current time:    0  1  1  0  2  0   0
20220917 013737.495 INFO             PET0     MODEL: Run extro.
20220917 013737.495 INFO             PET0     driver: RunSequence event loopLevel=   1  levelMember=   1  loopIteration=   5, current time:    0  1  1  0  2  0   0
20220917 013737.495 INFO             PET0     MODEL: Run intro.
20220917 013737.495 INFO             PET0       >>>MODEL: entered Run (phase=RunPhase1) with current time:    0  1  1  0  2  0   0
20220917 013737.495 INFO             PET0       MODEL: time step-loop starting, current time:    0  1  1  0  2  0   0
20220917 013737.495 INFO             PET0       thread_num=   1   currentSsiPe=   2   num_threads=   3   max_threads=   3   num_procs=  11
20220917 013737.495 INFO             PET0       thread_num=   0   currentSsiPe=   0   num_threads=   3   max_threads=   3   num_procs=  11
20220917 013737.495 INFO             PET0       thread_num=   2   currentSsiPe=   3   num_threads=   3   max_threads=   3   num_procs=  11
20220917 013737.495 INFO             PET0       ---->Advancing Model from:    0  1  1  0  2  0   0
20220917 013737.495 INFO             PET0       ---------------------> to:    0  1  1  0  2 30   0
20220917 013737.495 INFO             PET0       MODEL: time step-loop ending,   current time:    0  1  1  0  2 30   0
20220917 013737.495 INFO             PET0       <<<MODEL: leaving Run (phase=RunPhase1) with current time:    0  1  1  0  2 30   0
20220917 013737.495 INFO             PET0     MODEL: Run extro.
20220917 013737.495 INFO             PET0   driver: end <--------- RunSequence
20220917 013737.495 INFO             PET0   <<<driver - leaving Run with current time:    0  1  1  0  2 30   0
20220917 013737.495 INFO             PET0 driver: Run extro.
20220917 013737.495 INFO             PET0 driver: Finalize intro.
20220917 013737.495 INFO             PET0   Calling Finalize phase 1 for modelComp: MODEL
20220917 013737.495 INFO             PET0   MODEL: Finalize intro.
20220917 013737.495 INFO             PET0     >>>MODEL: entered Finalize (phase=FinalizePhase1) with current time:    0  1  1  0  2 30   0
20220917 013737.495 INFO             PET0     <<<MODEL: leaving Finalize (phase=FinalizePhase1) with current time:    0  1  1  0  2 30   0
20220917 013737.495 INFO             PET0   MODEL: Finalize extro.
20220917 013737.495 INFO             PET0   Delete modelComp: MODEL
20220917 013737.495 INFO             PET0   Delete Import-/Export State for modelComp: MODEL
20220917 013737.495 INFO             PET0 driver: Finalize extro.
20220917 013737.495 INFO             PET0 mainApp FINISHED
20220917 013737.495 INFO             PET0 Finalizing ESMF
20220917 013737.484 INFO             PET1 !!!!!!!!!!!!!!!!!!!!!!!!!!!!!!!!!!!!!!!!!!!!!!!!!!!!!!
20220917 013737.484 INFO             PET1 !!! THE ESMF_LOG IS SET TO OUTPUT ALL LOG MESSAGES !!!
20220917 013737.484 INFO             PET1 !!!     THIS MAY CAUSE SLOWDOWN IN PERFORMANCE     !!!
20220917 013737.484 INFO             PET1 !!! FOR PRODUCTION RUNS, USE:                      !!!
20220917 013737.484 INFO             PET1 !!!                   ESMF_LOGKIND_Multi_On_Error  !!!
20220917 013737.484 INFO             PET1 !!!!!!!!!!!!!!!!!!!!!!!!!!!!!!!!!!!!!!!!!!!!!!!!!!!!!!
20220917 013737.484 INFO             PET1 Running with ESMF Version   : v8.3.1b05-5-gff97e84dbf
20220917 013737.484 INFO             PET1 ESMF library build date/time: "Sep 17 2022" "01:16:29"
20220917 013737.484 INFO             PET1 ESMF library build location : /discover/nobackup/projects/sbu/mpotts/esmf-test/gfortran_10.1.0_intelmpi_O_patch_8.3.1/esmf
20220917 013737.484 INFO             PET1 ESMF_COMM                   : intelmpi
20220917 013737.484 INFO             PET1 ESMF_MOAB                   : enabled
20220917 013737.484 INFO             PET1 ESMF_LAPACK                 : enabled
20220917 013737.484 INFO             PET1 ESMF_NETCDF                 : disabled
20220917 013737.484 INFO             PET1 ESMF_PNETCDF                : disabled
20220917 013737.484 INFO             PET1 ESMF_PIO                    : disabled
20220917 013737.484 INFO             PET1 ESMF_YAMLCPP                : enabled
20220917 013737.484 INFO             PET1 mainApp STARTING
20220917 013737.486 INFO             PET1 driver: InitializeP1 intro.
20220917 013737.486 INFO             PET1   driver: InitializeIPDv02p1 intro.
20220917 013737.486 INFO             PET1     >>>driver: entered Initialize (phase=<none>) without valid internal Clock.
20220917 013737.486 INFO             PET1     driver - Creating model component MODEL without petList.
20220917 013737.487 INFO             PET1      GridCompIsPetLocal:  T
20220917 013737.487 INFO             PET1      VmIsCreated:  T
20220917 013737.487 INFO             PET1      valid MPI_COMM with size=           4
20220917 013737.488 INFO             PET1     driver - Creating state: modelComp 1 Import State
20220917 013737.488 INFO             PET1     driver - Creating state: modelComp 1 Export State
20220917 013737.488 INFO             PET1     MODEL: InitializeP0 intro.
20220917 013737.488 INFO             PET1       >>>MODEL: entered Initialize (phase=<none>) without valid internal Clock.
20220917 013737.488 INFO             PET1       <<<MODEL: leaving Initialize (phase=<none>) without valid internal Clock.
20220917 013737.488 INFO             PET1     MODEL: InitializeP0 extro.
20220917 013737.489 INFO             PET1     driver: IInitAdvertise intro.
20220917 013737.489 INFO             PET1     driver: IInitAdvertise extro.
20220917 013737.489 INFO             PET1     MODEL: InitializeIPDvXp01 intro.
20220917 013737.489 INFO             PET1       >>>MODEL: entered Initialize (phase=IPDvXp01) without valid internal Clock.
20220917 013737.490 INFO             PET1       <<<MODEL: leaving Initialize (phase=IPDvXp01) without valid internal Clock.
20220917 013737.490 INFO             PET1     MODEL: InitializeIPDvXp01 extro.
20220917 013737.490 INFO             PET1     driver: IInitAdvertiseFinish intro.
20220917 013737.490 INFO             PET1     driver: IInitAdvertiseFinish extro.
20220917 013737.490 INFO             PET1     driver: IInitModifyCplLists intro.
20220917 013737.490 INFO             PET1     driver: IInitModifyCplLists extro.
20220917 013737.490 INFO             PET1     <<<driver: leaving Initialize (phase=<none>) with current time:    0  1  1  0  0  0   0
20220917 013737.490 INFO             PET1   driver: InitializeIPDv02p1 extro.
20220917 013737.490 INFO             PET1   driver: InitializeIPDv02p3 intro.
20220917 013737.490 INFO             PET1     >>>driver: entered Initialize (phase=<none>) with current time:    0  1  1  0  0  0   0
20220917 013737.490 INFO             PET1     driver: IInitCheck intro.
20220917 013737.490 INFO             PET1     driver: IInitCheck extro.
20220917 013737.490 INFO             PET1     MODEL: InitializeIPDvXp04 intro.
20220917 013737.490 INFO             PET1       >>>MODEL: entered Initialize (phase=IPDvXp04) without valid internal Clock.
20220917 013737.492 INFO             PET1       After Realize: - MemInfo: [/proc/meminfo - SSI]	MemTotal:       196174516 kB
20220917 013737.492 INFO             PET1       After Realize: - MemInfo: [/proc/meminfo - SSI]	MemFree:        184027992 kB
20220917 013737.492 INFO             PET1       After Realize: - MemInfo: [/proc/meminfo - SSI]	MemAvailable:   169144156 kB
20220917 013737.492 INFO             PET1       After Realize: - MemInfo: [/proc/meminfo - SSI]	Committed_AS:    3826412 kB
20220917 013737.492 INFO             PET1       After Realize: - MemInfo: [/proc/meminfo - SSI]	CommittedPercent: 1.95051 %
20220917 013737.492 INFO             PET1       After Realize: - MemInfo: [/proc/self/status]	VmPeak:	 3685012 kB
20220917 013737.492 INFO             PET1       After Realize: - MemInfo: [/proc/self/status]	VmSize:	 3663340 kB
20220917 013737.492 INFO             PET1       After Realize: - MemInfo: [/proc/self/status]	VmLck:	       0 kB
20220917 013737.492 INFO             PET1       After Realize: - MemInfo: [/proc/self/status]	VmPin:	   71900 kB
20220917 013737.492 INFO             PET1       After Realize: - MemInfo: [/proc/self/status]	VmHWM:	  132228 kB
20220917 013737.492 INFO             PET1       After Realize: - MemInfo: [/proc/self/status]	VmRSS:	  132228 kB
20220917 013737.492 INFO             PET1       After Realize: - MemInfo: [/proc/self/status]	VmData:	  180736 kB
20220917 013737.492 INFO             PET1       After Realize: - MemInfo: [/proc/self/status]	VmStk:	     152 kB
20220917 013737.492 INFO             PET1       After Realize: - MemInfo: [/proc/self/status]	VmExe:	      24 kB
20220917 013737.492 INFO             PET1       After Realize: - MemInfo: [/proc/self/status]	VmLib:	   50968 kB
20220917 013737.492 INFO             PET1       After Realize: - MemInfo: [/proc/self/status]	VmPTE:	     660 kB
20220917 013737.492 INFO             PET1       After Realize: - MemInfo: [/proc/self/status]	VmPMD:	      32 kB
20220917 013737.492 INFO             PET1       After Realize: - MemInfo: [/proc/self/status]	VmSwap:	       0 kB
20220917 013737.492 INFO             PET1       After Realize: - MemInfo: [/proc/self/status]	VmRSSPercent: 0.0674033 %
20220917 013737.492 INFO             PET1       After Realize: - MemInfo: [malloc] Non-mmapped space allocated:                 3485696 Byte
20220917 013737.492 INFO             PET1       After Realize: - MemInfo: [malloc] Space allocated in mmapped regions:         73412608 Byte
20220917 013737.492 INFO             PET1       After Realize: - MemInfo: [malloc] Maximum total allocated space:                     0 Byte
20220917 013737.492 INFO             PET1       After Realize: - MemInfo: [malloc] Space in freed fastbin blocks:                  2064 Byte
20220917 013737.492 INFO             PET1       After Realize: - MemInfo: [malloc] Total allocated space:                       3231776 Byte
20220917 013737.492 INFO             PET1       After Realize: - MemInfo: [malloc] Total free space:                             253920 Byte
20220917 013737.492 INFO             PET1       After Realize: - MemInfo: [malloc] Top-most, releasable space:                   118368 Byte
20220917 013737.492 INFO             PET1       After Realize: - MemInfo: [malloc] Total space in use, mmap + non-mmap:        76644384 Byte
20220917 013737.492 INFO             PET1       After Realize: - MemInfo: [malloc] Total space held (mmap + non-mmap):         76898304 Byte
20220917 013737.492 INFO             PET1       After Realize: - MemInfo: [malloc] Total space used (mmap + non-mmap):         76654608 Byte
20220917 013737.492 INFO             PET1       After Realize: - MemInfo: Wall-clock time since execution start:              0.0159655 seconds
20220917 013737.492 INFO             PET1       <<<MODEL: leaving Initialize (phase=IPDvXp04) without valid internal Clock.
20220917 013737.492 INFO             PET1     MODEL: InitializeIPDvXp04 extro.
20220917 013737.492 INFO             PET1     driver: IInitRealize intro.
20220917 013737.492 INFO             PET1     driver: IInitRealize extro.
20220917 013737.492 INFO             PET1     MODEL: InitializeIPDvXp07 intro.
20220917 013737.492 INFO             PET1       >>>MODEL: entered Initialize (phase=IPDvXp07) without valid internal Clock.
20220917 013737.493 INFO             PET1       <<<MODEL: leaving Initialize (phase=IPDvXp07) with current time:    0  1  1  0  0  0   0
20220917 013737.493 INFO             PET1     MODEL: InitializeIPDvXp07 extro.
20220917 013737.493 INFO             PET1     <<<driver: leaving Initialize (phase=<none>) with current time:    0  1  1  0  0  0   0
20220917 013737.493 INFO             PET1   driver: InitializeIPDv02p3 extro.
20220917 013737.493 INFO             PET1   driver: InitializeIPDv02p5 intro.
20220917 013737.493 INFO             PET1     >>>driver: entered Initialize (phase=<none>) with current time:    0  1  1  0  0  0   0
20220917 013737.493 INFO             PET1     driver: this is a top level driver, no 'Updated' and 'InitializeDataComplete' info on this level.
20220917 013737.493 INFO             PET1     driver: InitializeIPDv02p5Data intro.
20220917 013737.493 INFO             PET1       driver: InternalInitializeComplete intro.
20220917 013737.493 INFO             PET1         driver: InitializeDataComplete='true'
20220917 013737.493 INFO             PET1       driver: InternalInitializeComplete extro.
20220917 013737.493 INFO             PET1       MODEL: InitializeIPDvXp08 intro.
20220917 013737.493 INFO             PET1         >>>MODEL: entered Initialize (phase=IPDv05p8) with current time:    0  1  1  0  0  0   0
20220917 013737.493 INFO             PET1         MODEL: InitializeDataProgress='false', InitializeDataComplete='false'
20220917 013737.493 INFO             PET1         <<<MODEL: leaving Initialize (phase=IPDv05p8) with current time:    0  1  1  0  0  0   0
20220917 013737.493 INFO             PET1       MODEL: InitializeIPDvXp08 extro.
20220917 013737.493 INFO             PET1       driver: components present that trigger loopDataDependentInitialize().
20220917 013737.493 INFO             PET1       driver: loopDataDependentInitialize intro.
20220917 013737.493 INFO             PET1         driver: component    0=driver, dataComplete (local): true
20220917 013737.493 INFO             PET1         driver: component    0=driver, dataComplete (global): T
20220917 013737.493 INFO             PET1         driver: component    1=MODEL, dataComplete (local): false
20220917 013737.493 INFO             PET1         driver: component    1=MODEL, dataComplete (global): F
20220917 013737.493 INFO             PET1         MODEL: InitializeIPDvXp08 intro.
20220917 013737.493 INFO             PET1           >>>MODEL: entered Initialize (phase=IPDv05p8) with current time:    0  1  1  0  0  0   0
20220917 013737.493 INFO             PET1           MODEL: InitializeDataProgress='true', InitializeDataComplete='true'
20220917 013737.493 INFO             PET1           <<<MODEL: leaving Initialize (phase=IPDv05p8) with current time:    0  1  1  0  0  0   0
20220917 013737.493 INFO             PET1         MODEL: InitializeIPDvXp08 extro.
20220917 013737.494 INFO             PET1         driver: component    1=MODEL, someProgress (local): true
20220917 013737.494 INFO             PET1         driver: component    1=MODEL, someProgress (global): T
20220917 013737.494 INFO             PET1         driver: someProgress=T, allComplete=F, present(dataDepAllComplete)=T
20220917 013737.494 INFO             PET1         driver: component    0=driver, dataComplete (local): true
20220917 013737.494 INFO             PET1         driver: component    0=driver, dataComplete (global): T
20220917 013737.494 INFO             PET1         driver: component    1=MODEL, dataComplete (local): true
20220917 013737.494 INFO             PET1         driver: component    1=MODEL, dataComplete (global): T
20220917 013737.494 INFO             PET1         driver: someProgress=F, allComplete=T, present(dataDepAllComplete)=T
20220917 013737.494 INFO             PET1         driver: finished resolving initialize data dependencies on this level.
20220917 013737.494 INFO             PET1       driver: loopDataDependentInitialize extro.
20220917 013737.494 INFO             PET1       driver: loopDataDependentInitialize() returned with dataDepAllComplete: T
20220917 013737.494 INFO             PET1     driver: InitializeIPDv02p5Data extro.
20220917 013737.494 INFO             PET1     <<<driver: leaving Initialize (phase=<none>) with current time:    0  1  1  0  0  0   0
20220917 013737.494 INFO             PET1   driver: InitializeIPDv02p5 extro.
20220917 013737.494 INFO             PET1 driver: InitializeP1 extro.
20220917 013737.494 INFO             PET1 driver: Run intro.
20220917 013737.494 INFO             PET1   >>>driver entered Run (phase=RunPhase1) with current time:    0  1  1  0  0  0   0
20220917 013737.494 INFO             PET1   driver: after lable_SetRunClock, current time:    0  1  1  0  0  0   0
20220917 013737.494 INFO             PET1   driver: begin -------> RunSequence.
20220917 013737.494 INFO             PET1     driver: RunSequence event loopLevel=   1  levelMember=   1  loopIteration=   1, current time:    0  1  1  0  0  0   0
20220917 013737.494 INFO             PET1     MODEL: Run intro.
20220917 013737.494 INFO             PET1       >>>MODEL: entered Run (phase=RunPhase1) with current time:    0  1  1  0  0  0   0
20220917 013737.494 INFO             PET1       MODEL: time step-loop starting, current time:    0  1  1  0  0  0   0
20220917 013737.494 INFO             PET1       thread_num=   1   currentSsiPe=  13   num_threads=   3   max_threads=   3   num_procs=  11
20220917 013737.495 INFO             PET1       thread_num=   2   currentSsiPe=  17   num_threads=   3   max_threads=   3   num_procs=  11
20220917 013737.495 INFO             PET1       thread_num=   0   currentSsiPe=  11   num_threads=   3   max_threads=   3   num_procs=  11
20220917 013737.495 INFO             PET1       ---->Advancing Model from:    0  1  1  0  0  0   0
20220917 013737.495 INFO             PET1       ---------------------> to:    0  1  1  0  0 30   0
20220917 013737.495 INFO             PET1       MODEL: time step-loop ending,   current time:    0  1  1  0  0 30   0
20220917 013737.495 INFO             PET1       <<<MODEL: leaving Run (phase=RunPhase1) with current time:    0  1  1  0  0 30   0
20220917 013737.495 INFO             PET1     MODEL: Run extro.
20220917 013737.495 INFO             PET1     driver: RunSequence event loopLevel=   1  levelMember=   1  loopIteration=   2, current time:    0  1  1  0  0 30   0
20220917 013737.495 INFO             PET1     MODEL: Run intro.
20220917 013737.495 INFO             PET1       >>>MODEL: entered Run (phase=RunPhase1) with current time:    0  1  1  0  0 30   0
20220917 013737.495 INFO             PET1       MODEL: time step-loop starting, current time:    0  1  1  0  0 30   0
20220917 013737.495 INFO             PET1       thread_num=   1   currentSsiPe=  13   num_threads=   3   max_threads=   3   num_procs=  11
20220917 013737.495 INFO             PET1       thread_num=   2   currentSsiPe=  17   num_threads=   3   max_threads=   3   num_procs=  11
20220917 013737.495 INFO             PET1       thread_num=   0   currentSsiPe=  11   num_threads=   3   max_threads=   3   num_procs=  11
20220917 013737.495 INFO             PET1       ---->Advancing Model from:    0  1  1  0  0 30   0
20220917 013737.495 INFO             PET1       ---------------------> to:    0  1  1  0  1  0   0
20220917 013737.495 INFO             PET1       MODEL: time step-loop ending,   current time:    0  1  1  0  1  0   0
20220917 013737.495 INFO             PET1       <<<MODEL: leaving Run (phase=RunPhase1) with current time:    0  1  1  0  1  0   0
20220917 013737.495 INFO             PET1     MODEL: Run extro.
20220917 013737.495 INFO             PET1     driver: RunSequence event loopLevel=   1  levelMember=   1  loopIteration=   3, current time:    0  1  1  0  1  0   0
20220917 013737.495 INFO             PET1     MODEL: Run intro.
20220917 013737.495 INFO             PET1       >>>MODEL: entered Run (phase=RunPhase1) with current time:    0  1  1  0  1  0   0
20220917 013737.495 INFO             PET1       MODEL: time step-loop starting, current time:    0  1  1  0  1  0   0
20220917 013737.495 INFO             PET1       thread_num=   1   currentSsiPe=  13   num_threads=   3   max_threads=   3   num_procs=  11
20220917 013737.495 INFO             PET1       thread_num=   2   currentSsiPe=  17   num_threads=   3   max_threads=   3   num_procs=  11
20220917 013737.495 INFO             PET1       thread_num=   0   currentSsiPe=  11   num_threads=   3   max_threads=   3   num_procs=  11
20220917 013737.495 INFO             PET1       ---->Advancing Model from:    0  1  1  0  1  0   0
20220917 013737.495 INFO             PET1       ---------------------> to:    0  1  1  0  1 30   0
20220917 013737.495 INFO             PET1       MODEL: time step-loop ending,   current time:    0  1  1  0  1 30   0
20220917 013737.495 INFO             PET1       <<<MODEL: leaving Run (phase=RunPhase1) with current time:    0  1  1  0  1 30   0
20220917 013737.495 INFO             PET1     MODEL: Run extro.
20220917 013737.495 INFO             PET1     driver: RunSequence event loopLevel=   1  levelMember=   1  loopIteration=   4, current time:    0  1  1  0  1 30   0
20220917 013737.495 INFO             PET1     MODEL: Run intro.
20220917 013737.495 INFO             PET1       >>>MODEL: entered Run (phase=RunPhase1) with current time:    0  1  1  0  1 30   0
20220917 013737.495 INFO             PET1       MODEL: time step-loop starting, current time:    0  1  1  0  1 30   0
20220917 013737.495 INFO             PET1       thread_num=   2   currentSsiPe=  17   num_threads=   3   max_threads=   3   num_procs=  11
20220917 013737.495 INFO             PET1       thread_num=   1   currentSsiPe=  13   num_threads=   3   max_threads=   3   num_procs=  11
20220917 013737.495 INFO             PET1       thread_num=   0   currentSsiPe=  11   num_threads=   3   max_threads=   3   num_procs=  11
20220917 013737.495 INFO             PET1       ---->Advancing Model from:    0  1  1  0  1 30   0
20220917 013737.495 INFO             PET1       ---------------------> to:    0  1  1  0  2  0   0
20220917 013737.495 INFO             PET1       MODEL: time step-loop ending,   current time:    0  1  1  0  2  0   0
20220917 013737.495 INFO             PET1       <<<MODEL: leaving Run (phase=RunPhase1) with current time:    0  1  1  0  2  0   0
20220917 013737.495 INFO             PET1     MODEL: Run extro.
20220917 013737.495 INFO             PET1     driver: RunSequence event loopLevel=   1  levelMember=   1  loopIteration=   5, current time:    0  1  1  0  2  0   0
20220917 013737.495 INFO             PET1     MODEL: Run intro.
20220917 013737.495 INFO             PET1       >>>MODEL: entered Run (phase=RunPhase1) with current time:    0  1  1  0  2  0   0
20220917 013737.495 INFO             PET1       MODEL: time step-loop starting, current time:    0  1  1  0  2  0   0
20220917 013737.495 INFO             PET1       thread_num=   1   currentSsiPe=  13   num_threads=   3   max_threads=   3   num_procs=  11
20220917 013737.495 INFO             PET1       thread_num=   2   currentSsiPe=  17   num_threads=   3   max_threads=   3   num_procs=  11
20220917 013737.495 INFO             PET1       thread_num=   0   currentSsiPe=  11   num_threads=   3   max_threads=   3   num_procs=  11
20220917 013737.495 INFO             PET1       ---->Advancing Model from:    0  1  1  0  2  0   0
20220917 013737.495 INFO             PET1       ---------------------> to:    0  1  1  0  2 30   0
20220917 013737.495 INFO             PET1       MODEL: time step-loop ending,   current time:    0  1  1  0  2 30   0
20220917 013737.495 INFO             PET1       <<<MODEL: leaving Run (phase=RunPhase1) with current time:    0  1  1  0  2 30   0
20220917 013737.495 INFO             PET1     MODEL: Run extro.
20220917 013737.495 INFO             PET1   driver: end <--------- RunSequence
20220917 013737.495 INFO             PET1   <<<driver - leaving Run with current time:    0  1  1  0  2 30   0
20220917 013737.495 INFO             PET1 driver: Run extro.
20220917 013737.495 INFO             PET1 driver: Finalize intro.
20220917 013737.495 INFO             PET1   Calling Finalize phase 1 for modelComp: MODEL
20220917 013737.495 INFO             PET1   MODEL: Finalize intro.
20220917 013737.495 INFO             PET1     >>>MODEL: entered Finalize (phase=FinalizePhase1) with current time:    0  1  1  0  2 30   0
20220917 013737.495 INFO             PET1     <<<MODEL: leaving Finalize (phase=FinalizePhase1) with current time:    0  1  1  0  2 30   0
20220917 013737.495 INFO             PET1   MODEL: Finalize extro.
20220917 013737.495 INFO             PET1   Delete modelComp: MODEL
20220917 013737.495 INFO             PET1   Delete Import-/Export State for modelComp: MODEL
20220917 013737.495 INFO             PET1 driver: Finalize extro.
20220917 013737.495 INFO             PET1 mainApp FINISHED
20220917 013737.495 INFO             PET1 Finalizing ESMF
20220917 013737.484 INFO             PET2 !!!!!!!!!!!!!!!!!!!!!!!!!!!!!!!!!!!!!!!!!!!!!!!!!!!!!!
20220917 013737.484 INFO             PET2 !!! THE ESMF_LOG IS SET TO OUTPUT ALL LOG MESSAGES !!!
20220917 013737.484 INFO             PET2 !!!     THIS MAY CAUSE SLOWDOWN IN PERFORMANCE     !!!
20220917 013737.484 INFO             PET2 !!! FOR PRODUCTION RUNS, USE:                      !!!
20220917 013737.484 INFO             PET2 !!!                   ESMF_LOGKIND_Multi_On_Error  !!!
20220917 013737.484 INFO             PET2 !!!!!!!!!!!!!!!!!!!!!!!!!!!!!!!!!!!!!!!!!!!!!!!!!!!!!!
20220917 013737.484 INFO             PET2 Running with ESMF Version   : v8.3.1b05-5-gff97e84dbf
20220917 013737.484 INFO             PET2 ESMF library build date/time: "Sep 17 2022" "01:16:29"
20220917 013737.484 INFO             PET2 ESMF library build location : /discover/nobackup/projects/sbu/mpotts/esmf-test/gfortran_10.1.0_intelmpi_O_patch_8.3.1/esmf
20220917 013737.484 INFO             PET2 ESMF_COMM                   : intelmpi
20220917 013737.484 INFO             PET2 ESMF_MOAB                   : enabled
20220917 013737.484 INFO             PET2 ESMF_LAPACK                 : enabled
20220917 013737.484 INFO             PET2 ESMF_NETCDF                 : disabled
20220917 013737.484 INFO             PET2 ESMF_PNETCDF                : disabled
20220917 013737.484 INFO             PET2 ESMF_PIO                    : disabled
20220917 013737.484 INFO             PET2 ESMF_YAMLCPP                : enabled
20220917 013737.484 INFO             PET2 mainApp STARTING
20220917 013737.486 INFO             PET2 driver: InitializeP1 intro.
20220917 013737.486 INFO             PET2   driver: InitializeIPDv02p1 intro.
20220917 013737.486 INFO             PET2     >>>driver: entered Initialize (phase=<none>) without valid internal Clock.
20220917 013737.486 INFO             PET2     driver - Creating model component MODEL without petList.
20220917 013737.487 INFO             PET2      GridCompIsPetLocal:  T
20220917 013737.487 INFO             PET2      VmIsCreated:  T
20220917 013737.487 INFO             PET2      valid MPI_COMM with size=           4
20220917 013737.488 INFO             PET2     driver - Creating state: modelComp 1 Import State
20220917 013737.488 INFO             PET2     driver - Creating state: modelComp 1 Export State
20220917 013737.488 INFO             PET2     MODEL: InitializeP0 intro.
20220917 013737.488 INFO             PET2       >>>MODEL: entered Initialize (phase=<none>) without valid internal Clock.
20220917 013737.488 INFO             PET2       <<<MODEL: leaving Initialize (phase=<none>) without valid internal Clock.
20220917 013737.488 INFO             PET2     MODEL: InitializeP0 extro.
20220917 013737.489 INFO             PET2     driver: IInitAdvertise intro.
20220917 013737.489 INFO             PET2     driver: IInitAdvertise extro.
20220917 013737.489 INFO             PET2     MODEL: InitializeIPDvXp01 intro.
20220917 013737.489 INFO             PET2       >>>MODEL: entered Initialize (phase=IPDvXp01) without valid internal Clock.
20220917 013737.490 INFO             PET2       <<<MODEL: leaving Initialize (phase=IPDvXp01) without valid internal Clock.
20220917 013737.490 INFO             PET2     MODEL: InitializeIPDvXp01 extro.
20220917 013737.490 INFO             PET2     driver: IInitAdvertiseFinish intro.
20220917 013737.490 INFO             PET2     driver: IInitAdvertiseFinish extro.
20220917 013737.490 INFO             PET2     driver: IInitModifyCplLists intro.
20220917 013737.490 INFO             PET2     driver: IInitModifyCplLists extro.
20220917 013737.490 INFO             PET2     <<<driver: leaving Initialize (phase=<none>) with current time:    0  1  1  0  0  0   0
20220917 013737.490 INFO             PET2   driver: InitializeIPDv02p1 extro.
20220917 013737.490 INFO             PET2   driver: InitializeIPDv02p3 intro.
20220917 013737.490 INFO             PET2     >>>driver: entered Initialize (phase=<none>) with current time:    0  1  1  0  0  0   0
20220917 013737.490 INFO             PET2     driver: IInitCheck intro.
20220917 013737.490 INFO             PET2     driver: IInitCheck extro.
20220917 013737.490 INFO             PET2     MODEL: InitializeIPDvXp04 intro.
20220917 013737.490 INFO             PET2       >>>MODEL: entered Initialize (phase=IPDvXp04) without valid internal Clock.
20220917 013737.492 INFO             PET2       After Realize: - MemInfo: [/proc/meminfo - SSI]	MemTotal:       196174516 kB
20220917 013737.492 INFO             PET2       After Realize: - MemInfo: [/proc/meminfo - SSI]	MemFree:        184027992 kB
20220917 013737.492 INFO             PET2       After Realize: - MemInfo: [/proc/meminfo - SSI]	MemAvailable:   169144156 kB
20220917 013737.492 INFO             PET2       After Realize: - MemInfo: [/proc/meminfo - SSI]	Committed_AS:    3826412 kB
20220917 013737.492 INFO             PET2       After Realize: - MemInfo: [/proc/meminfo - SSI]	CommittedPercent: 1.95051 %
20220917 013737.492 INFO             PET2       After Realize: - MemInfo: [/proc/self/status]	VmPeak:	 3687064 kB
20220917 013737.492 INFO             PET2       After Realize: - MemInfo: [/proc/self/status]	VmSize:	 3679732 kB
20220917 013737.492 INFO             PET2       After Realize: - MemInfo: [/proc/self/status]	VmLck:	       0 kB
20220917 013737.492 INFO             PET2       After Realize: - MemInfo: [/proc/self/status]	VmPin:	   82140 kB
20220917 013737.492 INFO             PET2       After Realize: - MemInfo: [/proc/self/status]	VmHWM:	  140384 kB
20220917 013737.492 INFO             PET2       After Realize: - MemInfo: [/proc/self/status]	VmRSS:	  140384 kB
20220917 013737.492 INFO             PET2       After Realize: - MemInfo: [/proc/self/status]	VmData:	  197124 kB
20220917 013737.492 INFO             PET2       After Realize: - MemInfo: [/proc/self/status]	VmStk:	     156 kB
20220917 013737.492 INFO             PET2       After Realize: - MemInfo: [/proc/self/status]	VmExe:	      24 kB
20220917 013737.492 INFO             PET2       After Realize: - MemInfo: [/proc/self/status]	VmLib:	   50968 kB
20220917 013737.492 INFO             PET2       After Realize: - MemInfo: [/proc/self/status]	VmPTE:	     672 kB
20220917 013737.492 INFO             PET2       After Realize: - MemInfo: [/proc/self/status]	VmPMD:	      32 kB
20220917 013737.492 INFO             PET2       After Realize: - MemInfo: [/proc/self/status]	VmSwap:	       0 kB
20220917 013737.492 INFO             PET2       After Realize: - MemInfo: [/proc/self/status]	VmRSSPercent: 0.0715608 %
20220917 013737.492 INFO             PET2       After Realize: - MemInfo: [malloc] Non-mmapped space allocated:                 3485696 Byte
20220917 013737.492 INFO             PET2       After Realize: - MemInfo: [malloc] Space allocated in mmapped regions:         85999616 Byte
20220917 013737.492 INFO             PET2       After Realize: - MemInfo: [malloc] Maximum total allocated space:                     0 Byte
20220917 013737.492 INFO             PET2       After Realize: - MemInfo: [malloc] Space in freed fastbin blocks:                  2064 Byte
20220917 013737.492 INFO             PET2       After Realize: - MemInfo: [malloc] Total allocated space:                       3230608 Byte
20220917 013737.492 INFO             PET2       After Realize: - MemInfo: [malloc] Total free space:                             255088 Byte
20220917 013737.492 INFO             PET2       After Realize: - MemInfo: [malloc] Top-most, releasable space:                   119536 Byte
20220917 013737.492 INFO             PET2       After Realize: - MemInfo: [malloc] Total space in use, mmap + non-mmap:        89230224 Byte
20220917 013737.492 INFO             PET2       After Realize: - MemInfo: [malloc] Total space held (mmap + non-mmap):         89485312 Byte
20220917 013737.492 INFO             PET2       After Realize: - MemInfo: [malloc] Total space used (mmap + non-mmap):         89240448 Byte
20220917 013737.492 INFO             PET2       After Realize: - MemInfo: Wall-clock time since execution start:              0.0157701 seconds
20220917 013737.492 INFO             PET2       <<<MODEL: leaving Initialize (phase=IPDvXp04) without valid internal Clock.
20220917 013737.492 INFO             PET2     MODEL: InitializeIPDvXp04 extro.
20220917 013737.492 INFO             PET2     driver: IInitRealize intro.
20220917 013737.492 INFO             PET2     driver: IInitRealize extro.
20220917 013737.492 INFO             PET2     MODEL: InitializeIPDvXp07 intro.
20220917 013737.492 INFO             PET2       >>>MODEL: entered Initialize (phase=IPDvXp07) without valid internal Clock.
20220917 013737.493 INFO             PET2       <<<MODEL: leaving Initialize (phase=IPDvXp07) with current time:    0  1  1  0  0  0   0
20220917 013737.493 INFO             PET2     MODEL: InitializeIPDvXp07 extro.
20220917 013737.493 INFO             PET2     <<<driver: leaving Initialize (phase=<none>) with current time:    0  1  1  0  0  0   0
20220917 013737.493 INFO             PET2   driver: InitializeIPDv02p3 extro.
20220917 013737.493 INFO             PET2   driver: InitializeIPDv02p5 intro.
20220917 013737.493 INFO             PET2     >>>driver: entered Initialize (phase=<none>) with current time:    0  1  1  0  0  0   0
20220917 013737.493 INFO             PET2     driver: this is a top level driver, no 'Updated' and 'InitializeDataComplete' info on this level.
20220917 013737.493 INFO             PET2     driver: InitializeIPDv02p5Data intro.
20220917 013737.493 INFO             PET2       driver: InternalInitializeComplete intro.
20220917 013737.493 INFO             PET2         driver: InitializeDataComplete='true'
20220917 013737.493 INFO             PET2       driver: InternalInitializeComplete extro.
20220917 013737.493 INFO             PET2       MODEL: InitializeIPDvXp08 intro.
20220917 013737.493 INFO             PET2         >>>MODEL: entered Initialize (phase=IPDv05p8) with current time:    0  1  1  0  0  0   0
20220917 013737.493 INFO             PET2         MODEL: InitializeDataProgress='false', InitializeDataComplete='false'
20220917 013737.493 INFO             PET2         <<<MODEL: leaving Initialize (phase=IPDv05p8) with current time:    0  1  1  0  0  0   0
20220917 013737.493 INFO             PET2       MODEL: InitializeIPDvXp08 extro.
20220917 013737.493 INFO             PET2       driver: components present that trigger loopDataDependentInitialize().
20220917 013737.493 INFO             PET2       driver: loopDataDependentInitialize intro.
20220917 013737.493 INFO             PET2         driver: component    0=driver, dataComplete (local): true
20220917 013737.493 INFO             PET2         driver: component    0=driver, dataComplete (global): T
20220917 013737.493 INFO             PET2         driver: component    1=MODEL, dataComplete (local): false
20220917 013737.493 INFO             PET2         driver: component    1=MODEL, dataComplete (global): F
20220917 013737.493 INFO             PET2         MODEL: InitializeIPDvXp08 intro.
20220917 013737.493 INFO             PET2           >>>MODEL: entered Initialize (phase=IPDv05p8) with current time:    0  1  1  0  0  0   0
20220917 013737.493 INFO             PET2           MODEL: InitializeDataProgress='true', InitializeDataComplete='true'
20220917 013737.493 INFO             PET2           <<<MODEL: leaving Initialize (phase=IPDv05p8) with current time:    0  1  1  0  0  0   0
20220917 013737.493 INFO             PET2         MODEL: InitializeIPDvXp08 extro.
20220917 013737.494 INFO             PET2         driver: component    1=MODEL, someProgress (local): true
20220917 013737.494 INFO             PET2         driver: component    1=MODEL, someProgress (global): T
20220917 013737.494 INFO             PET2         driver: someProgress=T, allComplete=F, present(dataDepAllComplete)=T
20220917 013737.494 INFO             PET2         driver: component    0=driver, dataComplete (local): true
20220917 013737.494 INFO             PET2         driver: component    0=driver, dataComplete (global): T
20220917 013737.494 INFO             PET2         driver: component    1=MODEL, dataComplete (local): true
20220917 013737.494 INFO             PET2         driver: component    1=MODEL, dataComplete (global): T
20220917 013737.494 INFO             PET2         driver: someProgress=F, allComplete=T, present(dataDepAllComplete)=T
20220917 013737.494 INFO             PET2         driver: finished resolving initialize data dependencies on this level.
20220917 013737.494 INFO             PET2       driver: loopDataDependentInitialize extro.
20220917 013737.494 INFO             PET2       driver: loopDataDependentInitialize() returned with dataDepAllComplete: T
20220917 013737.494 INFO             PET2     driver: InitializeIPDv02p5Data extro.
20220917 013737.494 INFO             PET2     <<<driver: leaving Initialize (phase=<none>) with current time:    0  1  1  0  0  0   0
20220917 013737.494 INFO             PET2   driver: InitializeIPDv02p5 extro.
20220917 013737.494 INFO             PET2 driver: InitializeP1 extro.
20220917 013737.494 INFO             PET2 driver: Run intro.
20220917 013737.494 INFO             PET2   >>>driver entered Run (phase=RunPhase1) with current time:    0  1  1  0  0  0   0
20220917 013737.494 INFO             PET2   driver: after lable_SetRunClock, current time:    0  1  1  0  0  0   0
20220917 013737.494 INFO             PET2   driver: begin -------> RunSequence.
20220917 013737.494 INFO             PET2     driver: RunSequence event loopLevel=   1  levelMember=   1  loopIteration=   1, current time:    0  1  1  0  0  0   0
20220917 013737.494 INFO             PET2     MODEL: Run intro.
20220917 013737.494 INFO             PET2       >>>MODEL: entered Run (phase=RunPhase1) with current time:    0  1  1  0  0  0   0
20220917 013737.494 INFO             PET2       MODEL: time step-loop starting, current time:    0  1  1  0  0  0   0
20220917 013737.498 INFO             PET2       thread_num=   2   currentSsiPe=  23   num_threads=   3   max_threads=   3   num_procs=  11
20220917 013737.498 INFO             PET2       thread_num=   0   currentSsiPe=  22   num_threads=   3   max_threads=   3   num_procs=  11
20220917 013737.502 INFO             PET2       thread_num=   1   currentSsiPe=  23   num_threads=   3   max_threads=   3   num_procs=  11
20220917 013737.502 INFO             PET2       ---->Advancing Model from:    0  1  1  0  0  0   0
20220917 013737.502 INFO             PET2       ---------------------> to:    0  1  1  0  0 30   0
20220917 013737.502 INFO             PET2       MODEL: time step-loop ending,   current time:    0  1  1  0  0 30   0
20220917 013737.502 INFO             PET2       <<<MODEL: leaving Run (phase=RunPhase1) with current time:    0  1  1  0  0 30   0
20220917 013737.502 INFO             PET2     MODEL: Run extro.
20220917 013737.502 INFO             PET2     driver: RunSequence event loopLevel=   1  levelMember=   1  loopIteration=   2, current time:    0  1  1  0  0 30   0
20220917 013737.502 INFO             PET2     MODEL: Run intro.
20220917 013737.502 INFO             PET2       >>>MODEL: entered Run (phase=RunPhase1) with current time:    0  1  1  0  0 30   0
20220917 013737.502 INFO             PET2       MODEL: time step-loop starting, current time:    0  1  1  0  0 30   0
20220917 013737.505 INFO             PET2       thread_num=   0   currentSsiPe=  22   num_threads=   3   max_threads=   3   num_procs=  11
20220917 013737.505 INFO             PET2       thread_num=   2   currentSsiPe=  23   num_threads=   3   max_threads=   3   num_procs=  11
20220917 013737.508 INFO             PET2       thread_num=   1   currentSsiPe=  24   num_threads=   3   max_threads=   3   num_procs=  11
20220917 013737.508 INFO             PET2       ---->Advancing Model from:    0  1  1  0  0 30   0
20220917 013737.508 INFO             PET2       ---------------------> to:    0  1  1  0  1  0   0
20220917 013737.508 INFO             PET2       MODEL: time step-loop ending,   current time:    0  1  1  0  1  0   0
20220917 013737.508 INFO             PET2       <<<MODEL: leaving Run (phase=RunPhase1) with current time:    0  1  1  0  1  0   0
20220917 013737.508 INFO             PET2     MODEL: Run extro.
20220917 013737.508 INFO             PET2     driver: RunSequence event loopLevel=   1  levelMember=   1  loopIteration=   3, current time:    0  1  1  0  1  0   0
20220917 013737.508 INFO             PET2     MODEL: Run intro.
20220917 013737.508 INFO             PET2       >>>MODEL: entered Run (phase=RunPhase1) with current time:    0  1  1  0  1  0   0
20220917 013737.508 INFO             PET2       MODEL: time step-loop starting, current time:    0  1  1  0  1  0   0
20220917 013737.508 INFO             PET2       thread_num=   1   currentSsiPe=  24   num_threads=   3   max_threads=   3   num_procs=  11
20220917 013737.508 INFO             PET2       thread_num=   2   currentSsiPe=  23   num_threads=   3   max_threads=   3   num_procs=  11
20220917 013737.508 INFO             PET2       thread_num=   0   currentSsiPe=  22   num_threads=   3   max_threads=   3   num_procs=  11
20220917 013737.508 INFO             PET2       ---->Advancing Model from:    0  1  1  0  1  0   0
20220917 013737.508 INFO             PET2       ---------------------> to:    0  1  1  0  1 30   0
20220917 013737.508 INFO             PET2       MODEL: time step-loop ending,   current time:    0  1  1  0  1 30   0
20220917 013737.508 INFO             PET2       <<<MODEL: leaving Run (phase=RunPhase1) with current time:    0  1  1  0  1 30   0
20220917 013737.508 INFO             PET2     MODEL: Run extro.
20220917 013737.508 INFO             PET2     driver: RunSequence event loopLevel=   1  levelMember=   1  loopIteration=   4, current time:    0  1  1  0  1 30   0
20220917 013737.508 INFO             PET2     MODEL: Run intro.
20220917 013737.508 INFO             PET2       >>>MODEL: entered Run (phase=RunPhase1) with current time:    0  1  1  0  1 30   0
20220917 013737.508 INFO             PET2       MODEL: time step-loop starting, current time:    0  1  1  0  1 30   0
20220917 013737.508 INFO             PET2       thread_num=   2   currentSsiPe=  23   num_threads=   3   max_threads=   3   num_procs=  11
20220917 013737.508 INFO             PET2       thread_num=   1   currentSsiPe=  24   num_threads=   3   max_threads=   3   num_procs=  11
20220917 013737.508 INFO             PET2       thread_num=   0   currentSsiPe=  22   num_threads=   3   max_threads=   3   num_procs=  11
20220917 013737.508 INFO             PET2       ---->Advancing Model from:    0  1  1  0  1 30   0
20220917 013737.508 INFO             PET2       ---------------------> to:    0  1  1  0  2  0   0
20220917 013737.508 INFO             PET2       MODEL: time step-loop ending,   current time:    0  1  1  0  2  0   0
20220917 013737.508 INFO             PET2       <<<MODEL: leaving Run (phase=RunPhase1) with current time:    0  1  1  0  2  0   0
20220917 013737.508 INFO             PET2     MODEL: Run extro.
20220917 013737.508 INFO             PET2     driver: RunSequence event loopLevel=   1  levelMember=   1  loopIteration=   5, current time:    0  1  1  0  2  0   0
20220917 013737.508 INFO             PET2     MODEL: Run intro.
20220917 013737.508 INFO             PET2       >>>MODEL: entered Run (phase=RunPhase1) with current time:    0  1  1  0  2  0   0
20220917 013737.508 INFO             PET2       MODEL: time step-loop starting, current time:    0  1  1  0  2  0   0
20220917 013737.508 INFO             PET2       thread_num=   2   currentSsiPe=  23   num_threads=   3   max_threads=   3   num_procs=  11
20220917 013737.508 INFO             PET2       thread_num=   1   currentSsiPe=  24   num_threads=   3   max_threads=   3   num_procs=  11
20220917 013737.508 INFO             PET2       thread_num=   0   currentSsiPe=  22   num_threads=   3   max_threads=   3   num_procs=  11
20220917 013737.508 INFO             PET2       ---->Advancing Model from:    0  1  1  0  2  0   0
20220917 013737.508 INFO             PET2       ---------------------> to:    0  1  1  0  2 30   0
20220917 013737.508 INFO             PET2       MODEL: time step-loop ending,   current time:    0  1  1  0  2 30   0
20220917 013737.508 INFO             PET2       <<<MODEL: leaving Run (phase=RunPhase1) with current time:    0  1  1  0  2 30   0
20220917 013737.508 INFO             PET2     MODEL: Run extro.
20220917 013737.508 INFO             PET2   driver: end <--------- RunSequence
20220917 013737.508 INFO             PET2   <<<driver - leaving Run with current time:    0  1  1  0  2 30   0
20220917 013737.508 INFO             PET2 driver: Run extro.
20220917 013737.508 INFO             PET2 driver: Finalize intro.
20220917 013737.508 INFO             PET2   Calling Finalize phase 1 for modelComp: MODEL
20220917 013737.508 INFO             PET2   MODEL: Finalize intro.
20220917 013737.508 INFO             PET2     >>>MODEL: entered Finalize (phase=FinalizePhase1) with current time:    0  1  1  0  2 30   0
20220917 013737.508 INFO             PET2     <<<MODEL: leaving Finalize (phase=FinalizePhase1) with current time:    0  1  1  0  2 30   0
20220917 013737.508 INFO             PET2   MODEL: Finalize extro.
20220917 013737.508 INFO             PET2   Delete modelComp: MODEL
20220917 013737.508 INFO             PET2   Delete Import-/Export State for modelComp: MODEL
20220917 013737.508 INFO             PET2 driver: Finalize extro.
20220917 013737.508 INFO             PET2 mainApp FINISHED
20220917 013737.508 INFO             PET2 Finalizing ESMF
20220917 013737.484 INFO             PET3 !!!!!!!!!!!!!!!!!!!!!!!!!!!!!!!!!!!!!!!!!!!!!!!!!!!!!!
20220917 013737.484 INFO             PET3 !!! THE ESMF_LOG IS SET TO OUTPUT ALL LOG MESSAGES !!!
20220917 013737.484 INFO             PET3 !!!     THIS MAY CAUSE SLOWDOWN IN PERFORMANCE     !!!
20220917 013737.484 INFO             PET3 !!! FOR PRODUCTION RUNS, USE:                      !!!
20220917 013737.484 INFO             PET3 !!!                   ESMF_LOGKIND_Multi_On_Error  !!!
20220917 013737.484 INFO             PET3 !!!!!!!!!!!!!!!!!!!!!!!!!!!!!!!!!!!!!!!!!!!!!!!!!!!!!!
20220917 013737.484 INFO             PET3 Running with ESMF Version   : v8.3.1b05-5-gff97e84dbf
20220917 013737.484 INFO             PET3 ESMF library build date/time: "Sep 17 2022" "01:16:29"
20220917 013737.484 INFO             PET3 ESMF library build location : /discover/nobackup/projects/sbu/mpotts/esmf-test/gfortran_10.1.0_intelmpi_O_patch_8.3.1/esmf
20220917 013737.484 INFO             PET3 ESMF_COMM                   : intelmpi
20220917 013737.484 INFO             PET3 ESMF_MOAB                   : enabled
20220917 013737.484 INFO             PET3 ESMF_LAPACK                 : enabled
20220917 013737.484 INFO             PET3 ESMF_NETCDF                 : disabled
20220917 013737.484 INFO             PET3 ESMF_PNETCDF                : disabled
20220917 013737.484 INFO             PET3 ESMF_PIO                    : disabled
20220917 013737.484 INFO             PET3 ESMF_YAMLCPP                : enabled
20220917 013737.484 INFO             PET3 mainApp STARTING
20220917 013737.486 INFO             PET3 driver: InitializeP1 intro.
20220917 013737.486 INFO             PET3   driver: InitializeIPDv02p1 intro.
20220917 013737.486 INFO             PET3     >>>driver: entered Initialize (phase=<none>) without valid internal Clock.
20220917 013737.486 INFO             PET3     driver - Creating model component MODEL without petList.
20220917 013737.487 INFO             PET3      GridCompIsPetLocal:  T
20220917 013737.487 INFO             PET3      VmIsCreated:  T
20220917 013737.487 INFO             PET3      valid MPI_COMM with size=           4
20220917 013737.488 INFO             PET3     driver - Creating state: modelComp 1 Import State
20220917 013737.488 INFO             PET3     driver - Creating state: modelComp 1 Export State
20220917 013737.488 INFO             PET3     MODEL: InitializeP0 intro.
20220917 013737.488 INFO             PET3       >>>MODEL: entered Initialize (phase=<none>) without valid internal Clock.
20220917 013737.488 INFO             PET3       <<<MODEL: leaving Initialize (phase=<none>) without valid internal Clock.
20220917 013737.488 INFO             PET3     MODEL: InitializeP0 extro.
20220917 013737.489 INFO             PET3     driver: IInitAdvertise intro.
20220917 013737.489 INFO             PET3     driver: IInitAdvertise extro.
20220917 013737.489 INFO             PET3     MODEL: InitializeIPDvXp01 intro.
20220917 013737.489 INFO             PET3       >>>MODEL: entered Initialize (phase=IPDvXp01) without valid internal Clock.
20220917 013737.490 INFO             PET3       <<<MODEL: leaving Initialize (phase=IPDvXp01) without valid internal Clock.
20220917 013737.490 INFO             PET3     MODEL: InitializeIPDvXp01 extro.
20220917 013737.490 INFO             PET3     driver: IInitAdvertiseFinish intro.
20220917 013737.490 INFO             PET3     driver: IInitAdvertiseFinish extro.
20220917 013737.490 INFO             PET3     driver: IInitModifyCplLists intro.
20220917 013737.490 INFO             PET3     driver: IInitModifyCplLists extro.
20220917 013737.490 INFO             PET3     <<<driver: leaving Initialize (phase=<none>) with current time:    0  1  1  0  0  0   0
20220917 013737.490 INFO             PET3   driver: InitializeIPDv02p1 extro.
20220917 013737.490 INFO             PET3   driver: InitializeIPDv02p3 intro.
20220917 013737.490 INFO             PET3     >>>driver: entered Initialize (phase=<none>) with current time:    0  1  1  0  0  0   0
20220917 013737.490 INFO             PET3     driver: IInitCheck intro.
20220917 013737.490 INFO             PET3     driver: IInitCheck extro.
20220917 013737.490 INFO             PET3     MODEL: InitializeIPDvXp04 intro.
20220917 013737.490 INFO             PET3       >>>MODEL: entered Initialize (phase=IPDvXp04) without valid internal Clock.
20220917 013737.492 INFO             PET3       After Realize: - MemInfo: [/proc/meminfo - SSI]	MemTotal:       196174516 kB
20220917 013737.492 INFO             PET3       After Realize: - MemInfo: [/proc/meminfo - SSI]	MemFree:        184027992 kB
20220917 013737.492 INFO             PET3       After Realize: - MemInfo: [/proc/meminfo - SSI]	MemAvailable:   169144156 kB
20220917 013737.492 INFO             PET3       After Realize: - MemInfo: [/proc/meminfo - SSI]	Committed_AS:    3826412 kB
20220917 013737.492 INFO             PET3       After Realize: - MemInfo: [/proc/meminfo - SSI]	CommittedPercent: 1.95051 %
20220917 013737.492 INFO             PET3       After Realize: - MemInfo: [/proc/self/status]	VmPeak:	 3685016 kB
20220917 013737.492 INFO             PET3       After Realize: - MemInfo: [/proc/self/status]	VmSize:	 3675636 kB
20220917 013737.492 INFO             PET3       After Realize: - MemInfo: [/proc/self/status]	VmLck:	       0 kB
20220917 013737.492 INFO             PET3       After Realize: - MemInfo: [/proc/self/status]	VmPin:	   82140 kB
20220917 013737.492 INFO             PET3       After Realize: - MemInfo: [/proc/self/status]	VmHWM:	  164220 kB
20220917 013737.492 INFO             PET3       After Realize: - MemInfo: [/proc/self/status]	VmRSS:	  164220 kB
20220917 013737.492 INFO             PET3       After Realize: - MemInfo: [/proc/self/status]	VmData:	  193028 kB
20220917 013737.492 INFO             PET3       After Realize: - MemInfo: [/proc/self/status]	VmStk:	     156 kB
20220917 013737.492 INFO             PET3       After Realize: - MemInfo: [/proc/self/status]	VmExe:	      24 kB
20220917 013737.492 INFO             PET3       After Realize: - MemInfo: [/proc/self/status]	VmLib:	   50968 kB
20220917 013737.492 INFO             PET3       After Realize: - MemInfo: [/proc/self/status]	VmPTE:	     696 kB
20220917 013737.492 INFO             PET3       After Realize: - MemInfo: [/proc/self/status]	VmPMD:	      40 kB
20220917 013737.492 INFO             PET3       After Realize: - MemInfo: [/proc/self/status]	VmSwap:	       0 kB
20220917 013737.492 INFO             PET3       After Realize: - MemInfo: [/proc/self/status]	VmRSSPercent: 0.0837112 %
20220917 013737.492 INFO             PET3       After Realize: - MemInfo: [malloc] Non-mmapped space allocated:                 3485696 Byte
20220917 013737.492 INFO             PET3       After Realize: - MemInfo: [malloc] Space allocated in mmapped regions:         85999616 Byte
20220917 013737.492 INFO             PET3       After Realize: - MemInfo: [malloc] Maximum total allocated space:                     0 Byte
20220917 013737.492 INFO             PET3       After Realize: - MemInfo: [malloc] Space in freed fastbin blocks:                  2112 Byte
20220917 013737.492 INFO             PET3       After Realize: - MemInfo: [malloc] Total allocated space:                       3230432 Byte
20220917 013737.492 INFO             PET3       After Realize: - MemInfo: [malloc] Total free space:                             255264 Byte
20220917 013737.492 INFO             PET3       After Realize: - MemInfo: [malloc] Top-most, releasable space:                   119712 Byte
20220917 013737.492 INFO             PET3       After Realize: - MemInfo: [malloc] Total space in use, mmap + non-mmap:        89230048 Byte
20220917 013737.492 INFO             PET3       After Realize: - MemInfo: [malloc] Total space held (mmap + non-mmap):         89485312 Byte
20220917 013737.492 INFO             PET3       After Realize: - MemInfo: [malloc] Total space used (mmap + non-mmap):         89240272 Byte
20220917 013737.492 INFO             PET3       After Realize: - MemInfo: Wall-clock time since execution start:              0.0159923 seconds
20220917 013737.492 INFO             PET3       <<<MODEL: leaving Initialize (phase=IPDvXp04) without valid internal Clock.
20220917 013737.492 INFO             PET3     MODEL: InitializeIPDvXp04 extro.
20220917 013737.492 INFO             PET3     driver: IInitRealize intro.
20220917 013737.492 INFO             PET3     driver: IInitRealize extro.
20220917 013737.492 INFO             PET3     MODEL: InitializeIPDvXp07 intro.
20220917 013737.492 INFO             PET3       >>>MODEL: entered Initialize (phase=IPDvXp07) without valid internal Clock.
20220917 013737.493 INFO             PET3       <<<MODEL: leaving Initialize (phase=IPDvXp07) with current time:    0  1  1  0  0  0   0
20220917 013737.493 INFO             PET3     MODEL: InitializeIPDvXp07 extro.
20220917 013737.493 INFO             PET3     <<<driver: leaving Initialize (phase=<none>) with current time:    0  1  1  0  0  0   0
20220917 013737.493 INFO             PET3   driver: InitializeIPDv02p3 extro.
20220917 013737.493 INFO             PET3   driver: InitializeIPDv02p5 intro.
20220917 013737.493 INFO             PET3     >>>driver: entered Initialize (phase=<none>) with current time:    0  1  1  0  0  0   0
20220917 013737.493 INFO             PET3     driver: this is a top level driver, no 'Updated' and 'InitializeDataComplete' info on this level.
20220917 013737.493 INFO             PET3     driver: InitializeIPDv02p5Data intro.
20220917 013737.493 INFO             PET3       driver: InternalInitializeComplete intro.
20220917 013737.493 INFO             PET3         driver: InitializeDataComplete='true'
20220917 013737.493 INFO             PET3       driver: InternalInitializeComplete extro.
20220917 013737.493 INFO             PET3       MODEL: InitializeIPDvXp08 intro.
20220917 013737.493 INFO             PET3         >>>MODEL: entered Initialize (phase=IPDv05p8) with current time:    0  1  1  0  0  0   0
20220917 013737.493 INFO             PET3         MODEL: InitializeDataProgress='false', InitializeDataComplete='false'
20220917 013737.493 INFO             PET3         <<<MODEL: leaving Initialize (phase=IPDv05p8) with current time:    0  1  1  0  0  0   0
20220917 013737.493 INFO             PET3       MODEL: InitializeIPDvXp08 extro.
20220917 013737.493 INFO             PET3       driver: components present that trigger loopDataDependentInitialize().
20220917 013737.493 INFO             PET3       driver: loopDataDependentInitialize intro.
20220917 013737.493 INFO             PET3         driver: component    0=driver, dataComplete (local): true
20220917 013737.493 INFO             PET3         driver: component    0=driver, dataComplete (global): T
20220917 013737.493 INFO             PET3         driver: component    1=MODEL, dataComplete (local): false
20220917 013737.493 INFO             PET3         driver: component    1=MODEL, dataComplete (global): F
20220917 013737.493 INFO             PET3         MODEL: InitializeIPDvXp08 intro.
20220917 013737.493 INFO             PET3           >>>MODEL: entered Initialize (phase=IPDv05p8) with current time:    0  1  1  0  0  0   0
20220917 013737.493 INFO             PET3           MODEL: InitializeDataProgress='true', InitializeDataComplete='true'
20220917 013737.493 INFO             PET3           <<<MODEL: leaving Initialize (phase=IPDv05p8) with current time:    0  1  1  0  0  0   0
20220917 013737.493 INFO             PET3         MODEL: InitializeIPDvXp08 extro.
20220917 013737.494 INFO             PET3         driver: component    1=MODEL, someProgress (local): true
20220917 013737.494 INFO             PET3         driver: component    1=MODEL, someProgress (global): T
20220917 013737.494 INFO             PET3         driver: someProgress=T, allComplete=F, present(dataDepAllComplete)=T
20220917 013737.494 INFO             PET3         driver: component    0=driver, dataComplete (local): true
20220917 013737.494 INFO             PET3         driver: component    0=driver, dataComplete (global): T
20220917 013737.494 INFO             PET3         driver: component    1=MODEL, dataComplete (local): true
20220917 013737.494 INFO             PET3         driver: component    1=MODEL, dataComplete (global): T
20220917 013737.494 INFO             PET3         driver: someProgress=F, allComplete=T, present(dataDepAllComplete)=T
20220917 013737.494 INFO             PET3         driver: finished resolving initialize data dependencies on this level.
20220917 013737.494 INFO             PET3       driver: loopDataDependentInitialize extro.
20220917 013737.494 INFO             PET3       driver: loopDataDependentInitialize() returned with dataDepAllComplete: T
20220917 013737.494 INFO             PET3     driver: InitializeIPDv02p5Data extro.
20220917 013737.494 INFO             PET3     <<<driver: leaving Initialize (phase=<none>) with current time:    0  1  1  0  0  0   0
20220917 013737.494 INFO             PET3   driver: InitializeIPDv02p5 extro.
20220917 013737.494 INFO             PET3 driver: InitializeP1 extro.
20220917 013737.494 INFO             PET3 driver: Run intro.
20220917 013737.494 INFO             PET3   >>>driver entered Run (phase=RunPhase1) with current time:    0  1  1  0  0  0   0
20220917 013737.494 INFO             PET3   driver: after lable_SetRunClock, current time:    0  1  1  0  0  0   0
20220917 013737.494 INFO             PET3   driver: begin -------> RunSequence.
20220917 013737.494 INFO             PET3     driver: RunSequence event loopLevel=   1  levelMember=   1  loopIteration=   1, current time:    0  1  1  0  0  0   0
20220917 013737.494 INFO             PET3     MODEL: Run intro.
20220917 013737.494 INFO             PET3       >>>MODEL: entered Run (phase=RunPhase1) with current time:    0  1  1  0  0  0   0
20220917 013737.494 INFO             PET3       MODEL: time step-loop starting, current time:    0  1  1  0  0  0   0
20220917 013737.494 INFO             PET3       thread_num=   0   currentSsiPe=  33   num_threads=   3   max_threads=   3   num_procs=  11
20220917 013737.494 INFO             PET3       thread_num=   2   currentSsiPe=  35   num_threads=   3   max_threads=   3   num_procs=  11
20220917 013737.494 INFO             PET3       thread_num=   1   currentSsiPe=  34   num_threads=   3   max_threads=   3   num_procs=  11
20220917 013737.494 INFO             PET3       ---->Advancing Model from:    0  1  1  0  0  0   0
20220917 013737.494 INFO             PET3       ---------------------> to:    0  1  1  0  0 30   0
20220917 013737.494 INFO             PET3       MODEL: time step-loop ending,   current time:    0  1  1  0  0 30   0
20220917 013737.494 INFO             PET3       <<<MODEL: leaving Run (phase=RunPhase1) with current time:    0  1  1  0  0 30   0
20220917 013737.494 INFO             PET3     MODEL: Run extro.
20220917 013737.494 INFO             PET3     driver: RunSequence event loopLevel=   1  levelMember=   1  loopIteration=   2, current time:    0  1  1  0  0 30   0
20220917 013737.494 INFO             PET3     MODEL: Run intro.
20220917 013737.494 INFO             PET3       >>>MODEL: entered Run (phase=RunPhase1) with current time:    0  1  1  0  0 30   0
20220917 013737.494 INFO             PET3       MODEL: time step-loop starting, current time:    0  1  1  0  0 30   0
20220917 013737.494 INFO             PET3       thread_num=   1   currentSsiPe=  34   num_threads=   3   max_threads=   3   num_procs=  11
20220917 013737.494 INFO             PET3       thread_num=   2   currentSsiPe=  35   num_threads=   3   max_threads=   3   num_procs=  11
20220917 013737.494 INFO             PET3       thread_num=   0   currentSsiPe=  33   num_threads=   3   max_threads=   3   num_procs=  11
20220917 013737.494 INFO             PET3       ---->Advancing Model from:    0  1  1  0  0 30   0
20220917 013737.494 INFO             PET3       ---------------------> to:    0  1  1  0  1  0   0
20220917 013737.494 INFO             PET3       MODEL: time step-loop ending,   current time:    0  1  1  0  1  0   0
20220917 013737.494 INFO             PET3       <<<MODEL: leaving Run (phase=RunPhase1) with current time:    0  1  1  0  1  0   0
20220917 013737.494 INFO             PET3     MODEL: Run extro.
20220917 013737.494 INFO             PET3     driver: RunSequence event loopLevel=   1  levelMember=   1  loopIteration=   3, current time:    0  1  1  0  1  0   0
20220917 013737.494 INFO             PET3     MODEL: Run intro.
20220917 013737.495 INFO             PET3       >>>MODEL: entered Run (phase=RunPhase1) with current time:    0  1  1  0  1  0   0
20220917 013737.495 INFO             PET3       MODEL: time step-loop starting, current time:    0  1  1  0  1  0   0
20220917 013737.495 INFO             PET3       thread_num=   1   currentSsiPe=  34   num_threads=   3   max_threads=   3   num_procs=  11
20220917 013737.495 INFO             PET3       thread_num=   2   currentSsiPe=  35   num_threads=   3   max_threads=   3   num_procs=  11
20220917 013737.495 INFO             PET3       thread_num=   0   currentSsiPe=  33   num_threads=   3   max_threads=   3   num_procs=  11
20220917 013737.495 INFO             PET3       ---->Advancing Model from:    0  1  1  0  1  0   0
20220917 013737.495 INFO             PET3       ---------------------> to:    0  1  1  0  1 30   0
20220917 013737.495 INFO             PET3       MODEL: time step-loop ending,   current time:    0  1  1  0  1 30   0
20220917 013737.495 INFO             PET3       <<<MODEL: leaving Run (phase=RunPhase1) with current time:    0  1  1  0  1 30   0
20220917 013737.495 INFO             PET3     MODEL: Run extro.
20220917 013737.495 INFO             PET3     driver: RunSequence event loopLevel=   1  levelMember=   1  loopIteration=   4, current time:    0  1  1  0  1 30   0
20220917 013737.495 INFO             PET3     MODEL: Run intro.
20220917 013737.495 INFO             PET3       >>>MODEL: entered Run (phase=RunPhase1) with current time:    0  1  1  0  1 30   0
20220917 013737.495 INFO             PET3       MODEL: time step-loop starting, current time:    0  1  1  0  1 30   0
20220917 013737.495 INFO             PET3       thread_num=   1   currentSsiPe=  34   num_threads=   3   max_threads=   3   num_procs=  11
20220917 013737.495 INFO             PET3       thread_num=   2   currentSsiPe=  35   num_threads=   3   max_threads=   3   num_procs=  11
20220917 013737.495 INFO             PET3       thread_num=   0   currentSsiPe=  33   num_threads=   3   max_threads=   3   num_procs=  11
20220917 013737.495 INFO             PET3       ---->Advancing Model from:    0  1  1  0  1 30   0
20220917 013737.495 INFO             PET3       ---------------------> to:    0  1  1  0  2  0   0
20220917 013737.495 INFO             PET3       MODEL: time step-loop ending,   current time:    0  1  1  0  2  0   0
20220917 013737.495 INFO             PET3       <<<MODEL: leaving Run (phase=RunPhase1) with current time:    0  1  1  0  2  0   0
20220917 013737.495 INFO             PET3     MODEL: Run extro.
20220917 013737.495 INFO             PET3     driver: RunSequence event loopLevel=   1  levelMember=   1  loopIteration=   5, current time:    0  1  1  0  2  0   0
20220917 013737.495 INFO             PET3     MODEL: Run intro.
20220917 013737.495 INFO             PET3       >>>MODEL: entered Run (phase=RunPhase1) with current time:    0  1  1  0  2  0   0
20220917 013737.495 INFO             PET3       MODEL: time step-loop starting, current time:    0  1  1  0  2  0   0
20220917 013737.495 INFO             PET3       thread_num=   1   currentSsiPe=  34   num_threads=   3   max_threads=   3   num_procs=  11
20220917 013737.495 INFO             PET3       thread_num=   2   currentSsiPe=  35   num_threads=   3   max_threads=   3   num_procs=  11
20220917 013737.495 INFO             PET3       thread_num=   0   currentSsiPe=  33   num_threads=   3   max_threads=   3   num_procs=  11
20220917 013737.495 INFO             PET3       ---->Advancing Model from:    0  1  1  0  2  0   0
20220917 013737.495 INFO             PET3       ---------------------> to:    0  1  1  0  2 30   0
20220917 013737.495 INFO             PET3       MODEL: time step-loop ending,   current time:    0  1  1  0  2 30   0
20220917 013737.495 INFO             PET3       <<<MODEL: leaving Run (phase=RunPhase1) with current time:    0  1  1  0  2 30   0
20220917 013737.495 INFO             PET3     MODEL: Run extro.
20220917 013737.495 INFO             PET3   driver: end <--------- RunSequence
20220917 013737.495 INFO             PET3   <<<driver - leaving Run with current time:    0  1  1  0  2 30   0
20220917 013737.495 INFO             PET3 driver: Run extro.
20220917 013737.495 INFO             PET3 driver: Finalize intro.
20220917 013737.495 INFO             PET3   Calling Finalize phase 1 for modelComp: MODEL
20220917 013737.495 INFO             PET3   MODEL: Finalize intro.
20220917 013737.495 INFO             PET3     >>>MODEL: entered Finalize (phase=FinalizePhase1) with current time:    0  1  1  0  2 30   0
20220917 013737.495 INFO             PET3     <<<MODEL: leaving Finalize (phase=FinalizePhase1) with current time:    0  1  1  0  2 30   0
20220917 013737.495 INFO             PET3   MODEL: Finalize extro.
20220917 013737.495 INFO             PET3   Delete modelComp: MODEL
20220917 013737.495 INFO             PET3   Delete Import-/Export State for modelComp: MODEL
20220917 013737.495 INFO             PET3 driver: Finalize extro.
20220917 013737.495 INFO             PET3 mainApp FINISHED
20220917 013737.495 INFO             PET3 Finalizing ESMF
