2022-08-08 01:32:19
20220808 015522.060 INFO             PET0 !!!!!!!!!!!!!!!!!!!!!!!!!!!!!!!!!!!!!!!!!!!!!!!!!!!!!!
20220808 015522.060 INFO             PET0 !!! THE ESMF_LOG IS SET TO OUTPUT ALL LOG MESSAGES !!!
20220808 015522.060 INFO             PET0 !!!     THIS MAY CAUSE SLOWDOWN IN PERFORMANCE     !!!
20220808 015522.060 INFO             PET0 !!! FOR PRODUCTION RUNS, USE:                      !!!
20220808 015522.060 INFO             PET0 !!!                   ESMF_LOGKIND_Multi_On_Error  !!!
20220808 015522.060 INFO             PET0 !!!!!!!!!!!!!!!!!!!!!!!!!!!!!!!!!!!!!!!!!!!!!!!!!!!!!!
20220808 015522.060 INFO             PET0 Running with ESMF Version   : v8.3.0b17-30-g0de4558e1e
20220808 015522.060 INFO             PET0 ESMF library build date/time: "Aug  8 2022" "01:31:03"
20220808 015522.060 INFO             PET0 ESMF library build location : /discover/nobackup/projects/sbu/mpotts/esmf-test/gfortran_8.3.0_mpiuni_g_feature_large-messages/esmf
20220808 015522.060 INFO             PET0 ESMF_COMM                   : mpiuni
20220808 015522.061 INFO             PET0 ESMF_MOAB                   : enabled
20220808 015522.061 INFO             PET0 ESMF_LAPACK                 : enabled
20220808 015522.061 INFO             PET0 ESMF_NETCDF                 : disabled
20220808 015522.061 INFO             PET0 ESMF_PNETCDF                : disabled
20220808 015522.061 INFO             PET0 ESMF_PIO                    : disabled
20220808 015522.061 INFO             PET0 ESMF_YAMLCPP                : enabled
20220808 015522.061 INFO             PET0 ESMF Tracing Enabled
20220808 015522.061 INFO             PET0 ESMF Profiling Enabled
20220808 015522.061 INFO             PET0 ESMF Trace/Profile clock: REALTIME
20220808 015522.062 DEBUG            PET0 epochInit
20220808 015522.132 DEBUG            PET0 epochFinal
20220808 015522.132 INFO             PET0  NUMBER_OF_PROCESSORS           1
20220808 015522.132 INFO             PET0  PASS  Example ESMF_TraceEx, ESMF_TraceEx.F90, line 178
20220808 015522.132 INFO             PET0 Finalizing ESMF
20220808 015522.132 INFO             PET0 **************** Region Timings *******************
20220808 015522.132 INFO             PET0 Region              Count  Total (s)   Self (s)    Mean (s)    Min (s)     Max (s)
20220808 015522.132 INFO             PET0   [test] Init 1     1      0.0000      0.0000      0.0000      0.0000      0.0000
20220808 015522.132 INFO             PET0   [test] Run 1      5      0.0000      0.0000      0.0000      0.0000      0.0000
20220808 015522.132 INFO             PET0   [test] Final 1    1      0.0000      0.0000      0.0000      0.0000      0.0000
20220808 015522.133 DEBUG            PET0 epochFinal
