2022-08-06 02:39:13
20220806 030200.811 INFO             PET0 !!!!!!!!!!!!!!!!!!!!!!!!!!!!!!!!!!!!!!!!!!!!!!!!!!!!!!
20220806 030200.811 INFO             PET0 !!! THE ESMF_LOG IS SET TO OUTPUT ALL LOG MESSAGES !!!
20220806 030200.811 INFO             PET0 !!!     THIS MAY CAUSE SLOWDOWN IN PERFORMANCE     !!!
20220806 030200.811 INFO             PET0 !!! FOR PRODUCTION RUNS, USE:                      !!!
20220806 030200.811 INFO             PET0 !!!                   ESMF_LOGKIND_Multi_On_Error  !!!
20220806 030200.811 INFO             PET0 !!!!!!!!!!!!!!!!!!!!!!!!!!!!!!!!!!!!!!!!!!!!!!!!!!!!!!
20220806 030200.811 INFO             PET0 Running with ESMF Version   : v8.3.0b17-30-g0de4558
20220806 030200.811 INFO             PET0 ESMF library build date/time: "Aug  6 2022" "02:37:26"
20220806 030200.811 INFO             PET0 ESMF library build location : /work/noaa/da/mpotts/sandbox/gfortran_8.3.0_mpiuni_g_feature_large-messages/esmf
20220806 030200.811 INFO             PET0 ESMF_COMM                   : mpiuni
20220806 030200.811 INFO             PET0 ESMF_MOAB                   : enabled
20220806 030200.811 INFO             PET0 ESMF_LAPACK                 : enabled
20220806 030200.811 INFO             PET0 ESMF_NETCDF                 : enabled
20220806 030200.811 INFO             PET0 ESMF_PNETCDF                : disabled
20220806 030200.811 INFO             PET0 ESMF_PIO                    : disabled
20220806 030200.811 INFO             PET0 ESMF_YAMLCPP                : enabled
20220806 030200.812 DEBUG            PET0 epochInit
20220806 030200.816 DEBUG            PET0 epochInit
20220806 030200.819 DEBUG            PET0 epochInit
20220806 030200.823 DEBUG            PET0 epochInit
20220806 030200.877 DEBUG            PET0 VMK::recv():4970, size=8000 using MPIUNI channel via memcpy() in one chunk
20220806 030200.877 DEBUG            PET0 VMK::send():4482, size=8000 using MPIUNI channel via memcpy() in one chunk
20220806 030200.877 DEBUG            PET0 VMK::recv():4970, size=8000 using MPIUNI channel via memcpy() in one chunk
20220806 030200.877 DEBUG            PET0 VMK::send():4482, size=8000 using MPIUNI channel via memcpy() in one chunk
20220806 030200.877 DEBUG            PET0 VMK::recv():4970, size=8000 using MPIUNI channel via memcpy() in one chunk
20220806 030200.877 DEBUG            PET0 VMK::send():4482, size=8000 using MPIUNI channel via memcpy() in one chunk
20220806 030200.877 DEBUG            PET0 VMK::recv():4970, size=8000 using MPIUNI channel via memcpy() in one chunk
20220806 030200.877 DEBUG            PET0 VMK::send():4482, size=8000 using MPIUNI channel via memcpy() in one chunk
20220806 030200.877 DEBUG            PET0 VMK::recv():4970, size=8000 using MPIUNI channel via memcpy() in one chunk
20220806 030200.877 DEBUG            PET0 VMK::send():4482, size=8000 using MPIUNI channel via memcpy() in one chunk
20220806 030200.877 DEBUG            PET0 VMK::recv():4970, size=8000 using MPIUNI channel via memcpy() in one chunk
20220806 030200.877 DEBUG            PET0 VMK::send():4482, size=8000 using MPIUNI channel via memcpy() in one chunk
20220806 030200.877 DEBUG            PET0 VMK::recv():4970, size=8000 using MPIUNI channel via memcpy() in one chunk
20220806 030200.877 DEBUG            PET0 VMK::send():4482, size=8000 using MPIUNI channel via memcpy() in one chunk
20220806 030200.877 DEBUG            PET0 VMK::recv():4970, size=8000 using MPIUNI channel via memcpy() in one chunk
20220806 030200.877 DEBUG            PET0 VMK::send():4482, size=8000 using MPIUNI channel via memcpy() in one chunk
20220806 030200.877 DEBUG            PET0 VMK::recv():4970, size=8000 using MPIUNI channel via memcpy() in one chunk
20220806 030200.877 DEBUG            PET0 VMK::send():4482, size=8000 using MPIUNI channel via memcpy() in one chunk
20220806 030200.877 DEBUG            PET0 VMK::recv():4970, size=8000 using MPIUNI channel via memcpy() in one chunk
20220806 030200.877 DEBUG            PET0 VMK::send():4482, size=8000 using MPIUNI channel via memcpy() in one chunk
20220806 030200.878 DEBUG            PET0 VMK::recv():4970, size=8000 using MPIUNI channel via memcpy() in one chunk
20220806 030200.878 DEBUG            PET0 VMK::send():4482, size=8000 using MPIUNI channel via memcpy() in one chunk
20220806 030200.878 DEBUG            PET0 VMK::recv():4970, size=8000 using MPIUNI channel via memcpy() in one chunk
20220806 030200.878 DEBUG            PET0 VMK::send():4482, size=8000 using MPIUNI channel via memcpy() in one chunk
20220806 030200.878 DEBUG            PET0 VMK::recv():4970, size=8000 using MPIUNI channel via memcpy() in one chunk
20220806 030200.878 DEBUG            PET0 VMK::send():4482, size=8000 using MPIUNI channel via memcpy() in one chunk
20220806 030200.879 DEBUG            PET0 about to destroy Grid: 0x1b784d0
20220806 030200.891 DEBUG            PET0 VMK::recv():4970, size=8000 using MPIUNI channel via memcpy() in one chunk
20220806 030200.891 DEBUG            PET0 VMK::send():4482, size=8000 using MPIUNI channel via memcpy() in one chunk
20220806 030200.891 DEBUG            PET0 VMK::recv():4970, size=8000 using MPIUNI channel via memcpy() in one chunk
20220806 030200.891 DEBUG            PET0 VMK::send():4482, size=8000 using MPIUNI channel via memcpy() in one chunk
20220806 030200.891 DEBUG            PET0 VMK::recv():4970, size=8000 using MPIUNI channel via memcpy() in one chunk
20220806 030200.891 DEBUG            PET0 VMK::send():4482, size=8000 using MPIUNI channel via memcpy() in one chunk
20220806 030200.891 DEBUG            PET0 VMK::recv():4970, size=8000 using MPIUNI channel via memcpy() in one chunk
20220806 030200.891 DEBUG            PET0 VMK::send():4482, size=8000 using MPIUNI channel via memcpy() in one chunk
20220806 030200.891 DEBUG            PET0 VMK::recv():4970, size=8000 using MPIUNI channel via memcpy() in one chunk
20220806 030200.891 DEBUG            PET0 VMK::send():4482, size=8000 using MPIUNI channel via memcpy() in one chunk
20220806 030200.891 DEBUG            PET0 VMK::recv():4970, size=8000 using MPIUNI channel via memcpy() in one chunk
20220806 030200.891 DEBUG            PET0 VMK::send():4482, size=8000 using MPIUNI channel via memcpy() in one chunk
20220806 030200.891 DEBUG            PET0 VMK::recv():4970, size=8000 using MPIUNI channel via memcpy() in one chunk
20220806 030200.891 DEBUG            PET0 VMK::send():4482, size=8000 using MPIUNI channel via memcpy() in one chunk
20220806 030200.891 DEBUG            PET0 VMK::recv():4970, size=8000 using MPIUNI channel via memcpy() in one chunk
20220806 030200.891 DEBUG            PET0 VMK::send():4482, size=8000 using MPIUNI channel via memcpy() in one chunk
20220806 030200.891 DEBUG            PET0 VMK::recv():4970, size=8000 using MPIUNI channel via memcpy() in one chunk
20220806 030200.891 DEBUG            PET0 VMK::send():4482, size=8000 using MPIUNI channel via memcpy() in one chunk
20220806 030200.891 DEBUG            PET0 VMK::recv():4970, size=8000 using MPIUNI channel via memcpy() in one chunk
20220806 030200.891 DEBUG            PET0 VMK::send():4482, size=8000 using MPIUNI channel via memcpy() in one chunk
20220806 030200.891 DEBUG            PET0 VMK::recv():4970, size=8000 using MPIUNI channel via memcpy() in one chunk
20220806 030200.891 DEBUG            PET0 VMK::send():4482, size=8000 using MPIUNI channel via memcpy() in one chunk
20220806 030200.891 DEBUG            PET0 VMK::recv():4970, size=8000 using MPIUNI channel via memcpy() in one chunk
20220806 030200.891 DEBUG            PET0 VMK::send():4482, size=8000 using MPIUNI channel via memcpy() in one chunk
20220806 030200.891 DEBUG            PET0 VMK::recv():4970, size=8000 using MPIUNI channel via memcpy() in one chunk
20220806 030200.891 DEBUG            PET0 VMK::send():4482, size=8000 using MPIUNI channel via memcpy() in one chunk
20220806 030200.891 DEBUG            PET0 about to destroy Grid: 0x1b79bb0
20220806 030200.907 DEBUG            PET0 VMK::recv():4970, size=8000 using MPIUNI channel via memcpy() in one chunk
20220806 030200.907 DEBUG            PET0 VMK::send():4482, size=8000 using MPIUNI channel via memcpy() in one chunk
20220806 030200.907 DEBUG            PET0 VMK::recv():4970, size=8000 using MPIUNI channel via memcpy() in one chunk
20220806 030200.907 DEBUG            PET0 VMK::send():4482, size=8000 using MPIUNI channel via memcpy() in one chunk
20220806 030200.907 DEBUG            PET0 VMK::recv():4970, size=8000 using MPIUNI channel via memcpy() in one chunk
20220806 030200.907 DEBUG            PET0 VMK::send():4482, size=8000 using MPIUNI channel via memcpy() in one chunk
20220806 030200.907 DEBUG            PET0 VMK::recv():4970, size=8000 using MPIUNI channel via memcpy() in one chunk
20220806 030200.907 DEBUG            PET0 VMK::send():4482, size=8000 using MPIUNI channel via memcpy() in one chunk
20220806 030200.907 DEBUG            PET0 VMK::recv():4970, size=8000 using MPIUNI channel via memcpy() in one chunk
20220806 030200.907 DEBUG            PET0 VMK::send():4482, size=8000 using MPIUNI channel via memcpy() in one chunk
20220806 030200.907 DEBUG            PET0 VMK::recv():4970, size=8000 using MPIUNI channel via memcpy() in one chunk
20220806 030200.907 DEBUG            PET0 VMK::send():4482, size=8000 using MPIUNI channel via memcpy() in one chunk
20220806 030200.907 DEBUG            PET0 VMK::recv():4970, size=8000 using MPIUNI channel via memcpy() in one chunk
20220806 030200.907 DEBUG            PET0 VMK::send():4482, size=8000 using MPIUNI channel via memcpy() in one chunk
20220806 030200.907 DEBUG            PET0 VMK::recv():4970, size=8000 using MPIUNI channel via memcpy() in one chunk
20220806 030200.907 DEBUG            PET0 VMK::send():4482, size=8000 using MPIUNI channel via memcpy() in one chunk
20220806 030200.907 DEBUG            PET0 VMK::recv():4970, size=8000 using MPIUNI channel via memcpy() in one chunk
20220806 030200.907 DEBUG            PET0 VMK::send():4482, size=8000 using MPIUNI channel via memcpy() in one chunk
20220806 030200.907 DEBUG            PET0 VMK::recv():4970, size=8000 using MPIUNI channel via memcpy() in one chunk
20220806 030200.907 DEBUG            PET0 VMK::send():4482, size=8000 using MPIUNI channel via memcpy() in one chunk
20220806 030200.908 DEBUG            PET0 VMK::recv():4970, size=8000 using MPIUNI channel via memcpy() in one chunk
20220806 030200.908 DEBUG            PET0 VMK::send():4482, size=8000 using MPIUNI channel via memcpy() in one chunk
20220806 030200.918 DEBUG            PET0 VMK::recv():4970, size=8000 using MPIUNI channel via memcpy() in one chunk
20220806 030200.918 DEBUG            PET0 VMK::send():4482, size=8000 using MPIUNI channel via memcpy() in one chunk
20220806 030200.918 DEBUG            PET0 VMK::recv():4970, size=8000 using MPIUNI channel via memcpy() in one chunk
20220806 030200.918 DEBUG            PET0 VMK::send():4482, size=8000 using MPIUNI channel via memcpy() in one chunk
20220806 030200.918 DEBUG            PET0 VMK::recv():4970, size=8000 using MPIUNI channel via memcpy() in one chunk
20220806 030200.918 DEBUG            PET0 VMK::send():4482, size=8000 using MPIUNI channel via memcpy() in one chunk
20220806 030200.918 DEBUG            PET0 VMK::recv():4970, size=8000 using MPIUNI channel via memcpy() in one chunk
20220806 030200.918 DEBUG            PET0 VMK::send():4482, size=8000 using MPIUNI channel via memcpy() in one chunk
20220806 030200.918 DEBUG            PET0 VMK::recv():4970, size=8000 using MPIUNI channel via memcpy() in one chunk
20220806 030200.918 DEBUG            PET0 VMK::send():4482, size=8000 using MPIUNI channel via memcpy() in one chunk
20220806 030200.918 DEBUG            PET0 VMK::recv():4970, size=8000 using MPIUNI channel via memcpy() in one chunk
20220806 030200.918 DEBUG            PET0 VMK::send():4482, size=8000 using MPIUNI channel via memcpy() in one chunk
20220806 030200.918 DEBUG            PET0 VMK::recv():4970, size=8000 using MPIUNI channel via memcpy() in one chunk
20220806 030200.918 DEBUG            PET0 VMK::send():4482, size=8000 using MPIUNI channel via memcpy() in one chunk
20220806 030200.918 DEBUG            PET0 VMK::recv():4970, size=8000 using MPIUNI channel via memcpy() in one chunk
20220806 030200.918 DEBUG            PET0 VMK::send():4482, size=8000 using MPIUNI channel via memcpy() in one chunk
20220806 030200.918 DEBUG            PET0 VMK::recv():4970, size=8000 using MPIUNI channel via memcpy() in one chunk
20220806 030200.918 DEBUG            PET0 VMK::send():4482, size=8000 using MPIUNI channel via memcpy() in one chunk
20220806 030200.918 DEBUG            PET0 VMK::recv():4970, size=8000 using MPIUNI channel via memcpy() in one chunk
20220806 030200.918 DEBUG            PET0 VMK::send():4482, size=8000 using MPIUNI channel via memcpy() in one chunk
20220806 030200.919 DEBUG            PET0 VMK::recv():4970, size=8000 using MPIUNI channel via memcpy() in one chunk
20220806 030200.919 DEBUG            PET0 VMK::send():4482, size=8000 using MPIUNI channel via memcpy() in one chunk
20220806 030200.921 DEBUG            PET0 VMK::recv():4970, size=8000 using MPIUNI channel via memcpy() in one chunk
20220806 030200.921 DEBUG            PET0 VMK::send():4482, size=8000 using MPIUNI channel via memcpy() in one chunk
20220806 030200.921 DEBUG            PET0 VMK::recv():4970, size=40 using MPIUNI channel via memcpy() in one chunk
20220806 030200.921 DEBUG            PET0 VMK::send():4482, size=40 using MPIUNI channel via memcpy() in one chunk
20220806 030200.921 DEBUG            PET0 VMK::recv():4970, size=8000 using MPIUNI channel via memcpy() in one chunk
20220806 030200.921 DEBUG            PET0 VMK::send():4482, size=8000 using MPIUNI channel via memcpy() in one chunk
20220806 030200.921 DEBUG            PET0 VMK::recv():4970, size=40 using MPIUNI channel via memcpy() in one chunk
20220806 030200.921 DEBUG            PET0 VMK::send():4482, size=40 using MPIUNI channel via memcpy() in one chunk
20220806 030200.921 DEBUG            PET0 VMK::recv():4970, size=8000 using MPIUNI channel via memcpy() in one chunk
20220806 030200.922 DEBUG            PET0 VMK::send():4482, size=8000 using MPIUNI channel via memcpy() in one chunk
20220806 030200.922 DEBUG            PET0 VMK::recv():4970, size=40 using MPIUNI channel via memcpy() in one chunk
20220806 030200.922 DEBUG            PET0 VMK::send():4482, size=40 using MPIUNI channel via memcpy() in one chunk
20220806 030200.922 DEBUG            PET0 VMK::recv():4970, size=8000 using MPIUNI channel via memcpy() in one chunk
20220806 030200.922 DEBUG            PET0 VMK::send():4482, size=8000 using MPIUNI channel via memcpy() in one chunk
20220806 030200.922 DEBUG            PET0 VMK::recv():4970, size=40 using MPIUNI channel via memcpy() in one chunk
20220806 030200.922 DEBUG            PET0 VMK::send():4482, size=40 using MPIUNI channel via memcpy() in one chunk
20220806 030200.922 DEBUG            PET0 VMK::recv():4970, size=8000 using MPIUNI channel via memcpy() in one chunk
20220806 030200.922 DEBUG            PET0 VMK::send():4482, size=8000 using MPIUNI channel via memcpy() in one chunk
20220806 030200.922 DEBUG            PET0 VMK::recv():4970, size=40 using MPIUNI channel via memcpy() in one chunk
20220806 030200.922 DEBUG            PET0 VMK::send():4482, size=40 using MPIUNI channel via memcpy() in one chunk
20220806 030200.923 DEBUG            PET0 VMK::recv():4970, size=8000 using MPIUNI channel via memcpy() in one chunk
20220806 030200.923 DEBUG            PET0 VMK::send():4482, size=8000 using MPIUNI channel via memcpy() in one chunk
20220806 030200.923 DEBUG            PET0 VMK::recv():4970, size=40 using MPIUNI channel via memcpy() in one chunk
20220806 030200.923 DEBUG            PET0 VMK::send():4482, size=40 using MPIUNI channel via memcpy() in one chunk
20220806 030200.923 DEBUG            PET0 VMK::recv():4970, size=8000 using MPIUNI channel via memcpy() in one chunk
20220806 030200.923 DEBUG            PET0 VMK::send():4482, size=8000 using MPIUNI channel via memcpy() in one chunk
20220806 030200.923 DEBUG            PET0 VMK::recv():4970, size=8000 using MPIUNI channel via memcpy() in one chunk
20220806 030200.923 DEBUG            PET0 VMK::send():4482, size=8000 using MPIUNI channel via memcpy() in one chunk
20220806 030200.923 DEBUG            PET0 VMK::recv():4970, size=80 using MPIUNI channel via memcpy() in one chunk
20220806 030200.923 DEBUG            PET0 VMK::send():4482, size=80 using MPIUNI channel via memcpy() in one chunk
20220806 030200.923 DEBUG            PET0 epochFinal
20220806 030200.923 DEBUG            PET0 epochFinal
20220806 030200.923 DEBUG            PET0 epochFinal
20220806 030200.923 DEBUG            PET0 epochFinal
20220806 030200.923 INFO             PET0  NUMBER_OF_PROCESSORS           1
20220806 030200.923 INFO             PET0  PASS  Example ESMF_NUOPCAtmModelEx, ESMF_NUOPCAtmModelEx.F90, line 806
20220806 030200.923 INFO             PET0 Finalizing ESMF
20220806 030200.923 DEBUG            PET0 epochFinal
