2022-08-28 03:04:20
20220828 105028.520 INFO             PET0 !!!!!!!!!!!!!!!!!!!!!!!!!!!!!!!!!!!!!!!!!!!!!!!!!!!!!!
20220828 105028.520 INFO             PET0 !!! THE ESMF_LOG IS SET TO OUTPUT ALL LOG MESSAGES !!!
20220828 105028.520 INFO             PET0 !!!     THIS MAY CAUSE SLOWDOWN IN PERFORMANCE     !!!
20220828 105028.520 INFO             PET0 !!! FOR PRODUCTION RUNS, USE:                      !!!
20220828 105028.520 INFO             PET0 !!!                   ESMF_LOGKIND_Multi_On_Error  !!!
20220828 105028.520 INFO             PET0 !!!!!!!!!!!!!!!!!!!!!!!!!!!!!!!!!!!!!!!!!!!!!!!!!!!!!!
20220828 105028.520 INFO             PET0 Running with ESMF Version   : v8.4.0b11
20220828 105028.520 INFO             PET0 ESMF library build date/time: "Aug 28 2022" "03:02:48"
20220828 105028.520 INFO             PET0 ESMF library build location : /global/cscratch1/sd/rsdunlap/esmf-testing/intel_19.1.2_mpiuni_g_develop/esmf
20220828 105028.520 INFO             PET0 ESMF_COMM                   : mpiuni
20220828 105028.522 INFO             PET0 ESMF_MOAB                   : enabled
20220828 105028.522 INFO             PET0 ESMF_LAPACK                 : enabled
20220828 105028.522 INFO             PET0 ESMF_NETCDF                 : enabled
20220828 105028.522 INFO             PET0 ESMF_PNETCDF                : disabled
20220828 105028.522 INFO             PET0 ESMF_PIO                    : disabled
20220828 105028.522 INFO             PET0 ESMF_YAMLCPP                : enabled
20220828 105028.524 INFO             PET0  NUMBER_OF_PROCESSORS           1
20220828 105028.524 INFO             PET0  PASS  Example CalendarEx, ESMF_CalendarEx.F90, line 217
20220828 105028.524 INFO             PET0 Finalizing ESMF
